### HEADER for file '29@12-15.log'; Device: c0:98:e5:42:00:29; Firmware: e83318e8-dirty; Date: 2021/12/15 17:31:14; Timestamp: 1639589474
### Device booted at 2021/12/15 17:31:14; Timestamp: 1639589474
### BATTERY VOLTAGE: 3255 mV; Timestamp: 1639589475
### CHARGING STATUS: NOT PLUGGED IN and NOT CHARGING; Timestamp: 1639589475
### Device booted at 2021/12/15 17:31:15; Timestamp: 1639589475
### BATTERY VOLTAGE: 4109 mV; Timestamp: 1639589475
### CHARGING STATUS: NOT PLUGGED IN and NOT CHARGING; Timestamp: 1639589475
### Device booted at 2021/12/15 17:31:15; Timestamp: 1639589475
### BATTERY VOLTAGE: 4131 mV; Timestamp: 1639589475
### CHARGING STATUS: NOT PLUGGED IN and NOT CHARGING; Timestamp: 1639589476
### RSSI: -63, 1, 1639589476, 57
### MOTION CHANGE: STATIONARY; Timestamp: 1639589476
### RSSI: -63, 25, 1639589476, 58
### RSSI: -65, 33, 1639589477, 60
### MOTION CHANGE: IN MOTION; Timestamp: 1639589477
### RSSI: -69, 0, 1639589477, 62
### RSSI: -72, 8, 1639589477, 63
### RSSI: -79, 26, 1639589477, 65
### RSSI: -74, 17, 1639589477, 66
### RSSI: -74, 31, 1639589477, 68
### Device booted at 2021/12/15 17:31:17; Timestamp: 1639589477
### MOTION CHANGE: STATIONARY; Timestamp: 1639589477
### BATTERY VOLTAGE: 4014 mV; Timestamp: 1639589477
### CHARGING STATUS: NOT PLUGGED IN and NOT CHARGING; Timestamp: 1639589477
1639589825	c0:98:e5:42:00:2c	000258	000381	000393	000428	000430	000438	000440	000442	000462	000467	000471	000472	000474	000481	000486	000487	000488	000493	000494	000496	000500	000502	000506	000507	000517	000522	000523	000546	000554	000637	000000	002421
1639589826	c0:98:e5:42:00:2c	000257	000389	000399	000405	000414	000417	000420	000434	000434	000440	000441	000444	000450	000451	000474	000477	000488	000491	000496	000499	000499	000500	000503	000505	000522	000530	000542	000553	000556	000597	000661	002437
1639589827	c0:98:e5:42:00:2c	000217	000330	000343	000381	000387	000398	000411	000412	000413	000415	000415	000421	000425	000426	000429	000432	000436	000444	000458	000463	000466	000474	000474	000478	000486	000487	000499	000500	000508	000513	000545	002453
1639589828	c0:98:e5:42:00:2c	000248	000432	000465	000466	000468	000470	000472	000477	000480	000483	000487	000488	000491	000493	000494	000496	000498	000507	000508	000508	000509	000523	000528	000535	000538	000552	000552	000605	000611	000645	000680	002468
1639589829	c0:98:e5:42:00:2c	000228	000342	000358	000381	000389	000395	000416	000419	000423	000425	000433	000438	000442	000448	000452	000452	000460	000466	000483	000486	000489	000489	000499	000500	000508	000513	000526	000554	000558	000575	000676	002484
1639589830	c0:98:e5:42:00:2c	000235	000402	000403	000404	000408	000413	000438	000439	000444	000446	000456	000458	000461	000462	000464	000470	000471	000477	000477	000482	000484	000493	000498	000507	000509	000510	000560	000560	000620	000637	000000	002500
1639589831	c0:98:e5:42:00:2c	000208	000304	000311	000341	000358	000365	000370	000372	000374	000391	000396	000405	000410	000412	000414	000416	000419	000430	000433	000433	000435	000437	000438	000440	000447	000452	000508	000510	000562	000627	000644	002515
1639589832	c0:98:e5:42:00:2c	000207	000311	000339	000357	000360	000372	000381	000394	000399	000400	000400	000406	000409	000411	000412	000413	000415	000417	000419	000433	000434	000447	000451	000456	000456	000460	000461	000471	000483	000658	000698	002531
1639589833	c0:98:e5:42:00:2c	000244	000400	000402	000418	000434	000445	000454	000461	000469	000472	000476	000476	000477	000481	000485	000485	000491	000492	000494	000498	000511	000512	000516	000520	000523	000526	000540	000543	000568	000576	000715	002546
1639589834	c0:98:e5:42:00:2c	000259	000443	000460	000461	000462	000487	000490	000495	000498	000499	000509	000509	000510	000513	000515	000515	000523	000523	000529	000535	000539	000540	000543	000553	000556	000562	000573	000588	000627	000658	000785	002562
1639589835	c0:98:e5:42:00:2c	000246	000391	000395	000400	000418	000420	000434	000446	000446	000448	000461	000461	000479	000484	000487	000491	000493	000495	000499	000501	000502	000503	000506	000507	000510	000510	000515	000533	000598	000626	000715	002578
1639589836	c0:98:e5:42:00:2c	000263	000460	000462	000462	000482	000486	000491	000493	000499	000506	000507	000508	000519	000520	000521	000524	000528	000529	000534	000551	000555	000560	000563	000564	000567	000569	000577	000596	000620	000643	000765	002593
1639589837	c0:98:e5:42:00:2c	000229	000365	000385	000391	000394	000409	000410	000412	000414	000424	000439	000443	000447	000448	000450	000452	000464	000467	000478	000478	000486	000505	000507	000518	000528	000533	000552	000554	000564	000587	000672	002609
### MOTION CHANGE: IN MOTION; Timestamp: 1639589838
1639589838	c0:98:e5:42:00:2c	000249	000434	000445	000448	000449	000449	000453	000460	000464	000466	000470	000474	000475	000480	000487	000488	000490	000498	000501	000503	000517	000523	000528	000529	000531	000532	000536	000556	000561	000573	000692	002625
1639589839	c0:98:e5:42:00:2c	000287	000389	000414	000459	000464	000489	000493	000512	000556	000561	000563	000566	000568	000571	000571	000572	000577	000578	000581	000584	000587	000589	000599	000601	000609	000625	000663	000677	000717	000724	000784	002640
1639589840	c0:98:e5:42:00:2c	000404	000552	000559	000560	000569	000582	000591	000597	000598	000618	000624	000628	000629	000630	000634	000634	000638	000651	000652	000660	000667	000673	000688	000699	000717	000736	000738	000763	000784	000797	000842	002656
1639589841	c0:98:e5:42:00:2c	000378	000524	000588	000611	000624	000655	000690	000690	000692	000695	000699	000716	000720	000722	000746	000752	000757	000764	000764	000768	000770	000776	000781	000787	000790	000791	000798	000803	000813	000831	000901	002671
1639589842	c0:98:e5:42:00:2c	000635	000766	000808	000854	000857	000901	000909	000922	000927	000936	000941	000941	000945	000946	000947	000948	000949	000957	000971	000972	000975	000975	001000	001003	001006	001006	001034	001058	001074	001079	001140	002687
1639589843	c0:98:e5:42:00:2c	001229	001285	001326	001362	001363	001412	001435	001438	001441	001478	001481	001483	001484	001488	001491	001496	001498	001501	001512	001514	001516	001532	001535	001540	001582	001582	001585	001591	001596	001643	001658	002703
1639589844	c0:98:e5:42:00:2c	002156	002318	002354	002355	002404	002416	002435	002438	002447	002456	002464	002469	002477	002478	002478	002485	002491	002496	002497	002500	002500	002501	002506	002509	002536	002551	002586	002592	002648	002655	002973	002718
1639589845	c0:98:e5:42:00:2c	003311	003485	003537	003556	003558	003559	003567	003571	003572	003575	003584	003588	003604	003605	003622	003629	003630	003632	003636	003640	003644	003646	003653	003655	003656	003682	003696	003707	003721	003754	003853	002734
1639589846	c0:98:e5:42:00:2c	004599	004782	004832	004832	004839	004839	004839	004844	004849	004850	004851	004867	004871	004895	004903	004907	004909	004918	004923	004929	004929	004937	004942	004950	004980	005000	005013	005052	005104	005233	005688	002750
1639589847	c0:98:e5:42:00:2c	005475	005673	005707	005714	005733	005739	005742	005745	005746	005764	005765	005774	005781	005799	005818	005820	005825	005826	005832	005843	005844	005849	005881	005886	005933	005945	005966	006003	006041	006126	007016	002765
1639589848	c0:98:e5:42:00:2c	005408	005573	005621	005647	005649	005664	005669	005675	005677	005687	005690	005699	005705	005708	005708	005715	005722	005727	005728	005730	005734	005751	005758	005761	005765	005766	005767	005778	005810	005852	006033	002781
1639589849	c0:98:e5:42:00:2c	005629	005784	005812	005833	005873	005886	005888	005894	005902	005906	005910	005942	005947	005948	005949	005949	005952	005954	005954	005962	005977	005982	005983	005983	005999	006015	006027	006105	006211	006256	006385	002796
1639589850	c0:98:e5:42:00:2c	005304	005504	005507	005518	005525	005525	005530	005531	005538	005542	005545	005570	005572	005595	005595	005597	005611	005615	005619	005622	005625	005631	005633	005639	005643	005648	005650	005661	005769	005811	005965	002812
1639589851	c0:98:e5:42:00:2c	005275	005445	005450	005478	005482	005484	005492	005495	005495	005496	005510	005511	005514	005516	005519	005525	005528	005532	005532	005534	005547	005554	005564	005580	005580	005590	005615	005635	005653	005662	005727	002828
1639589852	c0:98:e5:42:00:2c	005218	005411	005422	005442	005446	005449	005452	005453	005459	005467	005475	005479	005479	005480	005502	005503	005508	005515	005521	005522	005523	005528	005546	005555	005585	005595	005601	005661	005671	005676	005700	002843
1639589853	c0:98:e5:42:00:2c	005202	005422	005426	005430	005435	005436	005439	005443	005451	005458	005459	005464	005472	005484	005487	005493	005494	005496	005497	005498	005510	005513	005513	005517	005526	005530	005547	005551	005563	005586	005645	002859
1639589854	c0:98:e5:42:00:2c	005105	005308	005324	005332	005343	005349	005351	005353	005354	005357	005358	005361	005361	005367	005368	005374	005380	005387	005401	005407	005408	005414	005415	005420	005423	005431	005443	005456	005469	005501	005581	002874
1639589855	c0:98:e5:42:00:2c	004991	005222	005230	005234	005241	005247	005248	005259	005263	005271	005276	005282	005285	005294	005294	005295	005296	005305	005309	005311	005313	005317	005325	005346	005353	005354	005379	005387	005394	005470	005480	002890
### RSSI: -72, 16, 1639589855, 2892
### RSSI: -81, 9, 1639589855, 2894
### RSSI: -74, 25, 1639589856, 2896
### RSSI: -79, 28, 1639589856, 2897
### RSSI: -76, 17, 1639589856, 2899
### RSSI: -81, 5, 1639589856, 2900
### RSSI: -72, 25, 1639589856, 2902
### RSSI: -72, 12, 1639589856, 2903
### RSSI: -84, 16, 1639589856, 2905
1639589856	c0:98:e5:42:00:2c	004899	005093	005109	005116	005116	005124	005133	005142	005145	005147	005148	005149	005152	005152	005157	005167	005169	005173	005176	005177	005179	005180	005204	005205	005208	005209	005220	005229	005265	005282	005362	002906
### RSSI: -74, 18, 1639589856, 2906
### RSSI: -80, 12, 1639589856, 2908
### RSSI: -74, 10, 1639589857, 2910
### RSSI: -80, 5, 1639589857, 2913
### RSSI: -89, 6, 1639589857, 2914
### RSSI: -78, 24, 1639589857, 2916
### RSSI: -74, 33, 1639589857, 2917
### RSSI: -73, 34, 1639589857, 2919
1639589857	c0:98:e5:42:00:2c	004879	005081	005113	005129	005132	005132	005134	005135	005143	005147	005149	005156	005158	005160	005179	005181	005182	005184	005185	005197	005214	005220	005231	005247	005256	005258	005274	005306	005429	005594	005626	002921
### RSSI: -74, 36, 1639589858, 2928
### RSSI: -75, 30, 1639589858, 2929
### RSSI: -76, 10, 1639589858, 2931
### RSSI: -74, 21, 1639589858, 2932
### RSSI: -75, 21, 1639589858, 2934
### RSSI: -72, 5, 1639589858, 2935
### RSSI: -74, 6, 1639589858, 2936
### RSSI: -74, 6, 1639589858, 2936
1639589858	c0:98:e5:42:00:2c	004960	005076	005116	005118	005121	005131	005137	005140	005146	005157	005161	005161	005171	005175	005186	005188	005189	005201	005202	005204	005208	005210	005213	005216	005217	005224	005225	005238	005245	005340	005467	002937
### RSSI: -70, 20, 1639589858, 2937
### RSSI: -72, 33, 1639589858, 2938
### RSSI: -76, 9, 1639589858, 2939
### RSSI: -73, 31, 1639589858, 2939
### RSSI: -73, 15, 1639589859, 2940
### RSSI: -73, 30, 1639589859, 2941
### RSSI: -73, 31, 1639589859, 2942
### RSSI: -76, 11, 1639589859, 2942
### RSSI: -80, 27, 1639589859, 2943
### RSSI: -78, 1, 1639589859, 2944
### RSSI: -78, 1, 1639589859, 2945
### RSSI: -74, 22, 1639589859, 2945
### RSSI: -74, 22, 1639589859, 2946
### RSSI: -77, 24, 1639589859, 2947
### RSSI: -76, 7, 1639589859, 2948
### RSSI: -78, 9, 1639589859, 2949
### RSSI: -74, 21, 1639589859, 2950
### RSSI: -82, 0, 1639589859, 2950
1639589859	c0:98:e5:42:00:2c	004908	005148	005154	005170	005173	005181	005185	005186	005189	005208	005214	005221	005228	005230	005233	005236	005245	005251	005260	005264	005268	005285	005289	005290	005312	005318	005328	005355	005401	005475	005618	002953
### RSSI: -83, 7, 1639589860, 2965
### RSSI: -84, 36, 1639589860, 2966
1639589860	c0:98:e5:42:00:2c	004857	005039	005059	005063	005070	005080	005086	005093	005105	005106	005107	005115	005123	005135	005149	005162	005172	005173	005179	005181	005185	005191	005199	005205	005233	005241	005252	005259	005260	005264	005274	002968
1639589861	c0:98:e5:42:00:2c	004456	004620	004631	004638	004646	004675	004684	004689	004692	004705	004707	004708	004711	004712	004715	004723	004725	004729	004732	004732	004742	004744	004745	004747	004755	004798	004806	004818	004850	004858	005122	002984
1639589862	c0:98:e5:42:00:2c	003705	003977	003991	003999	004005	004011	004016	004019	004026	004034	004039	004040	004044	004044	004050	004057	004063	004071	004072	004082	004082	004083	004097	004105	004120	004121	004140	004164	004182	004234	004355	002999
1639589863	c0:98:e5:42:00:2c	002563	002749	002769	002774	002776	002782	002783	002783	002783	002784	002791	002793	002808	002809	002819	002821	002828	002829	002832	002840	002840	002840	002840	002850	002856	002860	002888	002915	002939	002971	003005	003015
1639589864	c0:98:e5:42:00:2c	001504	001704	001713	001718	001720	001724	001734	001747	001749	001752	001757	001765	001773	001778	001788	001790	001792	001798	001799	001802	001805	001805	001819	001820	001824	001835	001844	001881	001881	001884	001936	003031
1639589865	c0:98:e5:42:00:2c	001289	001473	001476	001491	001493	001502	001509	001515	001516	001519	001520	001520	001524	001535	001536	001544	001545	001553	001555	001560	001569	001591	001594	001594	001594	001596	001635	001653	001655	001719	000000	003046
### RSSI: -74, 13, 1639589865, 3059
### RSSI: -79, 11, 1639589866, 3061
1639589866	c0:98:e5:42:00:2c	001409	001634	001655	001663	001675	001676	001678	001682	001697	001699	001707	001708	001710	001711	001721	001723	001731	001733	001736	001736	001737	001741	001741	001749	001764	001767	001770	001785	001830	001888	001912	003062
### RSSI: -77, 28, 1639589866, 3063
### RSSI: -78, 20, 1639589866, 3064
### RSSI: -74, 4, 1639589866, 3066
### RSSI: -75, 2, 1639589866, 3067
### RSSI: -72, 32, 1639589866, 3069
### RSSI: -73, 34, 1639589866, 3070
### RSSI: -73, 2, 1639589866, 3072
### RSSI: -77, 27, 1639589866, 3073
### RSSI: -75, 4, 1639589867, 3075
### RSSI: -76, 5, 1639589867, 3077
1639589867	c0:98:e5:42:00:2c	001317	001541	001554	001565	001583	001596	001599	001605	001614	001617	001626	001627	001629	001637	001637	001649	001649	001657	001660	001666	001667	001671	001673	001685	001690	001692	001698	001716	001766	001832	000000	003078
### RSSI: -76, 4, 1639589867, 3078
### RSSI: -79, 18, 1639589867, 3080
### RSSI: -73, 35, 1639589867, 3081
### RSSI: -77, 5, 1639589867, 3083
### RSSI: -73, 25, 1639589867, 3084
1639589868	c0:98:e5:42:00:2c	001341	001585	001589	001592	001600	001629	001635	001648	001649	001651	001651	001651	001664	001668	001668	001686	001688	001694	001698	001702	001704	001705	001706	001720	001733	001735	001737	001761	001787	001809	001847	003093
### RSSI: -85, 6, 1639589868, 3100
1639589869	c0:98:e5:42:00:2c	001370	001576	001581	001583	001597	001602	001618	001630	001631	001633	001640	001645	001646	001647	001661	001661	001663	001663	001665	001673	001687	001689	001699	001724	001736	001740	001743	001768	001769	001774	001876	003109
### RSSI: -75, 21, 1639589869, 3116
1639589870	c0:98:e5:42:00:2c	001477	001668	001683	001692	001706	001708	001710	001717	001723	001724	001734	001749	001752	001764	001767	001768	001768	001768	001770	001775	001787	001788	001799	001829	001835	001838	001842	001866	001870	001886	001992	003124
### RSSI: -83, 11, 1639589870, 3131
1639589871	c0:98:e5:42:00:2c	001612	001812	001826	001827	001834	001837	001840	001850	001854	001862	001871	001878	001878	001883	001887	001900	001900	001905	001905	001907	001917	001918	001943	001945	001951	001979	002003	002010	002022	002121	002177	003140
### RSSI: -77, 4, 1639589871, 3147
1639589872	c0:98:e5:42:00:2c	001739	001918	001927	001948	001958	001970	001979	001981	001991	002000	002002	002012	002016	002019	002021	002026	002026	002028	002028	002031	002056	002063	002066	002082	002103	002106	002108	002122	002134	002155	002350	003156
### RSSI: -73, 9, 1639589872, 3163
1639589873	c0:98:e5:42:00:2c	001776	001937	001956	001964	001966	001979	001982	001994	002018	002022	002033	002037	002037	002037	002038	002047	002052	002060	002065	002071	002071	002073	002080	002089	002105	002128	002139	002160	002175	002189	002286	003171
### RSSI: -82, 15, 1639589873, 3178
1639589874	c0:98:e5:42:00:2c	001751	001925	001932	001933	001934	001947	001962	001973	001984	001990	001990	001991	001994	001999	002001	002001	002006	002010	002011	002012	002012	002017	002019	002057	002076	002076	002095	002108	002109	002114	002187	003187
### RSSI: -71, 25, 1639589874, 3194
1639589875	c0:98:e5:42:00:2c	001832	001888	001950	001967	001969	001973	001981	001986	001987	001989	001993	001994	002004	002006	002011	002018	002048	002050	002052	002053	002077	002082	002085	002088	002117	002119	002152	002172	002173	002181	002200	003202
### RSSI: -75, 14, 1639589875, 3209
1639589876	c0:98:e5:42:00:2c	001861	002081	002099	002108	002138	002142	002146	002149	002166	002166	002169	002170	002188	002194	002201	002203	002206	002206	002215	002224	002228	002229	002231	002232	002240	002248	002268	002287	002329	002379	002998	003218
### RSSI: -71, 5, 1639589877, 3225
1639589877	c0:98:e5:42:00:2c	001827	001925	002030	002065	002075	002081	002094	002109	002115	002133	002137	002139	002142	002144	002151	002155	002156	002158	002161	002167	002171	002174	002178	002178	002182	002188	002212	002267	002283	002300	002311	003234
### RSSI: -68, 36, 1639589878, 3241
1639589878	c0:98:e5:42:00:2c	002073	002143	002201	002217	002241	002255	002268	002274	002281	002301	002301	002310	002314	002317	002317	002330	002334	002338	002340	002344	002348	002358	002360	002360	002372	002389	002407	002411	002468	002536	002981	003249
### RSSI: -72, 7, 1639589879, 3256
1639589879	c0:98:e5:42:00:2c	002605	002722	002809	002810	002815	002836	002851	002866	002874	002879	002882	002884	002899	002899	002900	002901	002910	002922	002931	002939	002951	002954	002954	002955	002957	002962	002971	002982	003008	003042	003120	003265
### RSSI: -71, 14, 1639589880, 3272
1639589880	c0:98:e5:42:00:2c	003581	003669	003677	003720	003730	003760	003763	003786	003804	003804	003809	003811	003814	003817	003825	003828	003835	003842	003842	003844	003845	003852	003859	003861	003877	003879	003879	003922	003950	003971	004267	003281
### RSSI: -75, 24, 1639589881, 3287
1639589881	c0:98:e5:42:00:2c	004686	004896	004900	004905	004927	004929	004936	004938	004940	004943	004956	004961	004963	004968	004970	004971	004975	004983	004991	004995	004997	005009	005009	005025	005046	005052	005069	005085	005107	005229	005303	003296
### RSSI: -78, 9, 1639589882, 3303
1639589882	c0:98:e5:42:00:2c	005473	005674	005687	005709	005713	005721	005728	005748	005754	005760	005773	005779	005785	005786	005791	005797	005806	005809	005817	005825	005835	005837	005839	005851	005881	005912	005923	005958	005976	006131	006186	003312
### RSSI: -83, 1, 1639589883, 3319
1639589883	c0:98:e5:42:00:2c	005547	005687	005697	005715	005721	005776	005780	005780	005787	005791	005791	005794	005795	005796	005806	005812	005822	005831	005834	005835	005848	005856	005858	005868	005875	005900	005904	005912	005936	005961	005971	003327
### RSSI: -86, 15, 1639589884, 3334
1639589884	c0:98:e5:42:00:2c	005542	005554	005584	005594	005614	005630	005636	005644	005645	005648	005679	005682	005683	005684	005691	005696	005699	005703	005714	005719	005723	005731	005739	005740	005751	005752	005775	005786	005811	006011	006015	003343
### RSSI: -76, 32, 1639589885, 3350
1639589885	c0:98:e5:42:00:2c	005271	005529	005531	005539	005540	005554	005558	005563	005564	005575	005576	005579	005579	005597	005602	005603	005612	005621	005625	005630	005635	005655	005667	005669	005673	005675	005678	005692	005701	005769	005784	003359
### RSSI: -87, 0, 1639589886, 3366
1639589886	c0:98:e5:42:00:2c	005335	005483	005498	005517	005518	005520	005524	005553	005560	005561	005570	005572	005581	005583	005587	005587	005588	005588	005591	005591	005608	005610	005611	005614	005618	005631	005668	005670	005672	005688	005797	003374
### RSSI: -90, 2, 1639589887, 3381
1639589887	c0:98:e5:42:00:2c	005260	005482	005489	005498	005502	005503	005508	005510	005516	005519	005520	005521	005524	005527	005534	005537	005538	005539	005547	005548	005549	005592	005599	005609	005624	005624	005642	005672	005741	005830	005832	003390
### RSSI: -82, 18, 1639589887, 3398
1639589888	c0:98:e5:42:00:2c	005152	005335	005339	005354	005356	005357	005361	005365	005377	005380	005381	005385	005392	005392	005393	005395	005410	005432	005433	005443	005445	005447	005452	005454	005458	005460	005472	005495	005534	005588	005931	003406
### RSSI: -72, 35, 1639589888, 3414
1639589889	c0:98:e5:42:00:2c	004985	005177	005202	005207	005219	005221	005225	005225	005226	005232	005237	005237	005246	005257	005262	005262	005264	005268	005277	005281	005294	005301	005301	005307	005324	005332	005339	005353	005460	005499	005640	003421
### RSSI: -77, 32, 1639589889, 3430
1639589890	c0:98:e5:42:00:2c	004827	005024	005044	005048	005061	005065	005074	005082	005086	005087	005092	005092	005106	005107	005113	005113	005116	005129	005130	005135	005151	005155	005168	005173	005177	005181	005195	005222	005341	005370	005474	003437
### RSSI: -79, 30, 1639589890, 3445
1639589891	c0:98:e5:42:00:2c	004840	005062	005062	005064	005069	005071	005072	005074	005074	005082	005087	005089	005094	005098	005102	005104	005105	005126	005127	005132	005138	005141	005148	005162	005168	005193	005245	005278	005304	005356	005510	003452
### RSSI: -77, 35, 1639589891, 3461
1639589892	c0:98:e5:42:00:2c	004877	004932	004966	004999	005016	005016	005026	005032	005040	005049	005053	005053	005063	005068	005068	005082	005094	005096	005099	005099	005100	005103	005118	005119	005135	005143	005148	005254	005289	005416	000000	003468
### RSSI: -79, 9, 1639589892, 3476
1639589893	c0:98:e5:42:00:2c	004816	005013	005022	005023	005025	005025	005036	005054	005056	005067	005077	005093	005095	005097	005102	005112	005118	005119	005127	005127	005137	005138	005146	005147	005152	005159	005173	005219	005445	005486	005637	003484
### RSSI: -77, 31, 1639589893, 3492
1639589894	c0:98:e5:42:00:2c	004749	004972	004980	004981	004982	004985	004990	004999	005002	005013	005015	005016	005017	005022	005026	005029	005034	005042	005049	005054	005056	005069	005091	005093	005099	005119	005147	005169	005255	005289	005534	003499
### RSSI: -82, 29, 1639589894, 3508
1639589895	c0:98:e5:42:00:2c	004307	004414	004469	004527	004535	004542	004546	004552	004553	004564	004569	004570	004571	004574	004581	004581	004590	004601	004608	004612	004616	004618	004622	004631	004638	004640	004654	004660	004693	004698	004705	003515
### RSSI: -83, 25, 1639589895, 3523
1639589896	c0:98:e5:42:00:2c	003509	003651	003702	003723	003737	003737	003739	003750	003755	003756	003764	003765	003773	003774	003783	003784	003788	003789	003796	003797	003797	003808	003816	003819	003826	003828	003832	003865	003893	003907	004086	003531
### RSSI: -89, 36, 1639589896, 3539
1639589897	c0:98:e5:42:00:2c	002393	002592	002633	002668	002670	002673	002678	002678	002679	002679	002682	002687	002695	002698	002709	002725	002731	002733	002734	002745	002753	002756	002762	002768	002774	002795	002800	002807	002841	002985	003020	003546
### RSSI: -77, 12, 1639589898, 3555
1639589898	c0:98:e5:42:00:2c	001447	001564	001611	001625	001646	001651	001653	001681	001688	001693	001698	001705	001705	001705	001707	001712	001712	001712	001726	001727	001752	001756	001759	001766	001789	001797	001801	001818	001834	001921	001991	003562
### RSSI: -70, 5, 1639589899, 3570
1639589899	c0:98:e5:42:00:2c	001289	001431	001445	001449	001455	001456	001456	001461	001464	001469	001477	001486	001487	001495	001506	001514	001524	001528	001535	001540	001545	001546	001549	001569	001569	001613	001647	001652	001686	001696	001706	003577
### RSSI: -73, 0, 1639589900, 3586
1639589900	c0:98:e5:42:00:2c	001166	001402	001419	001435	001440	001445	001447	001449	001456	001466	001467	001482	001487	001496	001502	001510	001510	001519	001522	001523	001532	001537	001540	001543	001544	001544	001551	001576	001598	001609	001618	003593
### RSSI: -73, 31, 1639589901, 3601
1639589901	c0:98:e5:42:00:2c	001295	001524	001526	001552	001567	001573	001573	001589	001589	001593	001600	001606	001607	001610	001613	001625	001635	001643	001644	001651	001667	001667	001668	001668	001670	001675	001771	001788	001869	001882	001963	003609
### RSSI: -86, 24, 1639589902, 3617
1639589902	c0:98:e5:42:00:2c	001301	001461	001513	001518	001534	001557	001561	001569	001578	001582	001582	001583	001584	001586	001587	001593	001599	001599	001602	001617	001622	001643	001647	001654	001675	001685	001695	001708	001727	001772	001825	003624
### RSSI: -86, 12, 1639589903, 3633
1639589903	c0:98:e5:42:00:2c	001438	001637	001643	001665	001670	001683	001688	001694	001695	001695	001696	001707	001719	001722	001724	001728	001741	001741	001748	001759	001768	001772	001774	001776	001784	001789	001807	001870	001894	001908	002851	003640
### RSSI: -73, 16, 1639589904, 3648
1639589904	c0:98:e5:42:00:2c	001565	001696	001728	001757	001785	001792	001808	001808	001811	001813	001825	001825	001827	001837	001837	001838	001839	001839	001844	001846	001846	001858	001860	001865	001865	001914	001914	001954	001978	002003	002061	003655
### RSSI: -76, 23, 1639589905, 3664
1639589905	c0:98:e5:42:00:2c	001548	001732	001739	001759	001762	001766	001768	001786	001787	001795	001799	001799	001803	001828	001829	001830	001835	001845	001846	001855	001856	001868	001876	001879	001886	001888	001953	001976	001982	002103	000000	003671
### RSSI: -73, 24, 1639589906, 3679
1639589906	c0:98:e5:42:00:2c	001731	001943	001944	001960	001977	001980	001986	001990	001995	002002	002012	002022	002027	002030	002033	002034	002041	002055	002055	002068	002074	002077	002132	002139	002153	002164	002167	002180	002247	002835	000000	003687
### RSSI: -83, 35, 1639589907, 3695
1639589907	c0:98:e5:42:00:2c	001612	001826	001850	001855	001880	001881	001893	001895	001903	001904	001917	001920	001928	001928	001937	001944	001944	001945	001953	001965	001976	001993	001993	002002	002009	002013	002017	002027	002028	002135	002225	003702
### RSSI: -75, 8, 1639589908, 3711
1639589908	c0:98:e5:42:00:2c	001652	001902	001925	001928	001937	001943	001948	001958	001967	001978	001978	001980	001981	001984	001990	001996	002010	002014	002022	002023	002025	002027	002030	002032	002060	002062	002071	002093	002189	002268	000000	003718
### RSSI: -77, 14, 1639589909, 3726
1639589909	c0:98:e5:42:00:2c	001687	001863	001883	001892	001929	001930	001931	001932	001938	001939	001942	001944	001945	001953	001955	001956	001956	001960	001971	001997	001999	001999	002006	002009	002012	002022	002027	002035	002042	002046	002052	003734
### RSSI: -75, 7, 1639589910, 3742
1639589910	c0:98:e5:42:00:2c	001680	001919	001920	001935	001945	001948	001954	001958	001962	001969	001970	001972	001985	001988	001992	002013	002016	002016	002019	002022	002048	002054	002060	002065	002069	002077	002089	002090	002096	002128	002128	003749
### RSSI: -70, 14, 1639589911, 3758
1639589911	c0:98:e5:42:00:2c	001772	001966	002003	002021	002028	002037	002040	002043	002043	002051	002053	002061	002063	002075	002101	002102	002107	002120	002121	002122	002135	002140	002144	002154	002170	002171	002233	002319	002346	003063	000000	003765
### RSSI: -71, 6, 1639589911, 3773
1639589912	c0:98:e5:42:00:2c	001972	002149	002160	002168	002179	002226	002237	002245	002251	002251	002254	002255	002256	002270	002282	002293	002298	002304	002308	002314	002316	002322	002325	002335	002362	002370	002374	002388	002398	002478	000000	003780
### RSSI: -69, 35, 1639589912, 3789
1639589913	c0:98:e5:42:00:2c	002211	002396	002462	002487	002506	002512	002522	002528	002537	002538	002544	002547	002551	002557	002559	002562	002582	002588	002592	002595	002600	002603	002608	002609	002610	002625	002636	002650	002662	002717	002804	003796
### RSSI: -71, 32, 1639589913, 3804
1639589914	c0:98:e5:42:00:2c	003174	003311	003316	003374	003382	003384	003387	003395	003400	003410	003420	003421	003440	003449	003453	003454	003456	003477	003481	003490	003517	003527	003530	003537	003573	003585	003600	003911	003920	003930	003994	003812
### RSSI: -75, 12, 1639589914, 3820
1639589915	c0:98:e5:42:00:2c	004235	004381	004402	004409	004425	004444	004444	004451	004453	004461	004476	004478	004488	004494	004497	004506	004518	004519	004523	004524	004529	004546	004555	004578	004595	004632	004664	004680	004685	004693	005035	003827
### RSSI: -75, 9, 1639589915, 3836
1639589916	c0:98:e5:42:00:2c	005067	005194	005194	005195	005213	005230	005232	005260	005264	005271	005277	005290	005297	005311	005311	005318	005343	005346	005372	005385	005386	005392	005395	005406	005436	005439	005452	005496	005734	005791	006756	003843
### RSSI: -86, 14, 1639589916, 3851
1639589917	c0:98:e5:42:00:2c	005512	005604	005605	005617	005625	005630	005638	005650	005667	005673	005684	005690	005695	005715	005721	005733	005736	005742	005750	005764	005789	005799	005803	005860	005891	005901	005907	005931	005969	006040	006057	003859
### RSSI: -77, 36, 1639589917, 3867
1639589918	c0:98:e5:42:00:2c	005342	005529	005541	005541	005560	005563	005566	005579	005584	005584	005588	005605	005606	005610	005610	005620	005629	005636	005639	005646	005648	005650	005651	005651	005653	005654	005658	005664	005712	005743	005790	003874
### RSSI: -78, 4, 1639589918, 3883
1639589919	c0:98:e5:42:00:2c	005296	005431	005441	005463	005477	005484	005486	005493	005541	005546	005550	005553	005555	005563	005564	005569	005574	005577	005578	005581	005591	005599	005617	005619	005625	005654	005655	005657	005679	005694	005727	003890
### RSSI: -88, 25, 1639589919, 3898
1639589920	c0:98:e5:42:00:2c	005207	005408	005426	005433	005435	005448	005457	005458	005458	005460	005461	005462	005464	005467	005470	005480	005482	005482	005494	005502	005503	005525	005527	005551	005553	005564	005564	005595	005617	005634	005689	003905
### RSSI: -75, 8, 1639589920, 3914
1639589921	c0:98:e5:42:00:2c	005237	005472	005476	005487	005490	005493	005494	005499	005500	005503	005503	005504	005507	005507	005515	005517	005518	005521	005532	005538	005541	005544	005549	005575	005588	005594	005597	005597	005648	005764	005769	003921
### RSSI: -73, 7, 1639589921, 3929
1639589922	c0:98:e5:42:00:2c	005230	005402	005424	005425	005436	005444	005467	005474	005474	005477	005488	005491	005494	005495	005511	005514	005525	005526	005532	005533	005537	005550	005551	005557	005565	005579	005688	005748	005855	005987	006192	003937
### RSSI: -79, 18, 1639589923, 3945
1639589923	c0:98:e5:42:00:2c	005170	005381	005397	005405	005408	005432	005434	005437	005443	005448	005456	005466	005480	005482	005489	005490	005507	005509	005510	005513	005513	005515	005523	005527	005544	005545	005567	005674	005704	005763	006000	003952
### RSSI: -87, 20, 1639589924, 3962
1639589924	c0:98:e5:42:00:2c	005117	005313	005316	005325	005328	005328	005334	005342	005343	005345	005361	005363	005374	005374	005375	005380	005381	005396	005398	005401	005405	005408	005409	005411	005418	005429	005442	005444	005476	005510	005522	003968
### RSSI: -81, 4, 1639589925, 3978
1639589925	c0:98:e5:42:00:2c	005103	005299	005302	005313	005316	005322	005334	005336	005336	005341	005341	005343	005352	005370	005371	005382	005385	005387	005389	005389	005395	005399	005402	005410	005411	005420	005459	005483	005505	005513	005732	003983
### RSSI: -76, 26, 1639589926, 3993
1639589926	c0:98:e5:42:00:2c	005123	005360	005382	005384	005385	005406	005408	005409	005415	005421	005427	005431	005433	005433	005435	005437	005438	005439	005446	005447	005450	005451	005455	005460	005463	005478	005479	005493	005572	005621	005744	003999
### RSSI: -72, 3, 1639589927, 4009
1639589927	c0:98:e5:42:00:2c	005131	005379	005391	005419	005425	005425	005427	005442	005454	005454	005459	005459	005460	005463	005464	005467	005467	005470	005470	005477	005481	005516	005516	005523	005526	005529	005537	005545	005555	005557	005591	004015
### RSSI: -83, 28, 1639589928, 4025
1639589928	c0:98:e5:42:00:2c	004957	005165	005175	005192	005199	005207	005208	005213	005213	005215	005221	005226	005240	005247	005253	005253	005254	005256	005258	005263	005264	005268	005273	005285	005309	005314	005363	005366	005390	005501	005581	004030
### RSSI: -82, 8, 1639589929, 4042
1639589929	c0:98:e5:42:00:2c	004628	004860	004862	004862	004867	004872	004878	004889	004900	004901	004906	004906	004915	004917	004939	004942	004954	004954	004968	004974	005013	005024	005036	005046	005056	005064	005105	005116	005159	005173	005271	004046
### RSSI: -79, 14, 1639589930, 4057
1639589930	c0:98:e5:42:00:2c	003788	003940	004006	004014	004033	004039	004045	004048	004054	004055	004057	004061	004065	004068	004073	004079	004079	004092	004097	004098	004102	004104	004115	004127	004136	004181	004186	004203	004203	004238	004325	004062
### RSSI: -81, 35, 1639589931, 4073
1639589931	c0:98:e5:42:00:2c	002809	002974	002977	002989	002995	002998	003005	003009	003017	003020	003021	003034	003038	003044	003047	003050	003051	003055	003060	003073	003075	003076	003083	003119	003120	003188	003189	003222	003259	003312	003359	004077
### RSSI: -69, 1, 1639589932, 4089
1639589932	c0:98:e5:42:00:2c	001829	001982	001996	002009	002014	002032	002037	002041	002047	002055	002059	002060	002064	002070	002070	002079	002082	002086	002087	002091	002092	002122	002137	002148	002159	002191	002196	002198	002212	002361	002373	004093
### RSSI: -75, 29, 1639589933, 4104
1639589933	c0:98:e5:42:00:2c	001327	001502	001506	001513	001518	001529	001537	001537	001542	001545	001550	001556	001557	001573	001588	001598	001600	001608	001609	001609	001610	001617	001631	001633	001635	001658	001668	001683	001691	001726	001740	004108
### RSSI: -70, 31, 1639589934, 4120
1639589934	c0:98:e5:42:00:2c	001165	001390	001400	001411	001411	001423	001457	001462	001465	001474	001475	001492	001495	001496	001499	001508	001520	001520	001523	001530	001548	001550	001555	001559	001561	001577	001582	001608	001612	001619	001671	004124
### RSSI: -83, 7, 1639589935, 4136
1639589935	c0:98:e5:42:00:2c	001166	001317	001352	001354	001364	001365	001384	001388	001390	001394	001395	001408	001412	001413	001420	001420	001429	001431	001435	001435	001436	001436	001442	001446	001459	001460	001469	001477	001488	001493	001501	004140
### RSSI: -81, 19, 1639589935, 4151
1639589936	c0:98:e5:42:00:2c	001385	001588	001619	001648	001651	001657	001661	001662	001673	001673	001677	001677	001690	001693	001695	001699	001705	001710	001711	001711	001724	001728	001741	001761	001761	001789	001807	001889	001918	001972	001982	004155
### RSSI: -85, 13, 1639589936, 4167
1639589937	c0:98:e5:42:00:2c	001410	001686	001711	001714	001730	001734	001745	001753	001753	001778	001778	001782	001782	001786	001786	001790	001792	001798	001806	001808	001808	001808	001810	001819	001832	001836	001851	001934	001952	002051	002059	004171
### RSSI: -86, 0, 1639589937, 4182
1639589938	c0:98:e5:42:00:2c	001598	001808	001822	001842	001854	001856	001861	001862	001870	001890	001892	001896	001896	001904	001913	001913	001922	001942	001952	001956	001956	001959	001959	001967	001979	001981	001986	002010	002011	002039	002069	004187
### RSSI: -80, 15, 1639589938, 4198
1639589939	c0:98:e5:42:00:2c	001780	002003	002016	002035	002045	002049	002050	002052	002063	002066	002073	002074	002082	002085	002087	002088	002097	002104	002106	002115	002121	002126	002126	002139	002176	002178	002180	002182	002210	002255	002416	004202
### RSSI: -72, 32, 1639589939, 4214
1639589940	c0:98:e5:42:00:2c	001843	002039	002059	002060	002065	002078	002087	002105	002106	002107	002107	002112	002113	002127	002131	002132	002145	002159	002164	002165	002170	002173	002176	002177	002183	002210	002221	002226	002268	002289	002343	004218
### RSSI: -78, 30, 1639589940, 4229
1639589941	c0:98:e5:42:00:2c	001693	001932	001933	001964	001974	001974	001976	001977	001977	001978	001983	001984	001987	001989	002000	002005	002022	002027	002029	002029	002041	002047	002079	002142	002150	002165	002168	002204	002220	002276	002712	004233
### RSSI: -84, 19, 1639589942, 4245
1639589942	c0:98:e5:42:00:2c	001672	001907	001924	001931	001931	001941	001946	001947	001948	001962	001964	001967	001967	001984	001984	001990	001999	001999	002010	002024	002028	002054	002056	002064	002087	002100	002102	002108	002183	002280	002305	004249
### RSSI: -73, 34, 1639589943, 4262
1639589943	c0:98:e5:42:00:2c	001672	001880	001905	001911	001917	001920	001924	001927	001934	001935	001935	001939	001946	001951	001958	001964	001979	001990	002010	002013	002016	002020	002027	002029	002043	002055	002060	002061	002062	002068	002095	004265
1639589944	c0:98:e5:42:00:2c	001632	001835	001865	001873	001876	001877	001895	001901	001903	001906	001907	001913	001922	001923	001933	001938	001944	001956	001961	001965	001967	001972	001973	001973	001978	001991	002020	002030	002134	002210	002732	004280
1639589945	c0:98:e5:42:00:2c	001734	001921	001921	001937	001948	001974	001983	001983	001995	001999	001999	002000	002002	002006	002006	002011	002018	002029	002033	002034	002043	002043	002050	002050	002059	002074	002104	002152	002181	002201	002651	004296
1639589946	c0:98:e5:42:00:2c	001981	002219	002236	002249	002252	002258	002258	002262	002263	002265	002265	002268	002269	002286	002317	002323	002332	002344	002357	002359	002367	002379	002387	002389	002392	002406	002409	002425	002430	002456	002570	004311
1639589947	c0:98:e5:42:00:2c	002255	002395	002407	002414	002415	002457	002467	002468	002471	002482	002485	002490	002507	002515	002517	002517	002519	002527	002535	002541	002544	002560	002569	002569	002572	002583	002589	002608	002654	002728	003131	004327
### RSSI: -71, 3, 1639589948, 4336
### RSSI: -73, 12, 1639589948, 4337
### RSSI: -75, 24, 1639589948, 4339
### RSSI: -71, 5, 1639589948, 4340
1639589948	c0:98:e5:42:00:2c	003036	003129	003154	003178	003190	003210	003218	003224	003225	003227	003246	003248	003261	003263	003264	003264	003275	003276	003278	003288	003297	003298	003305	003312	003320	003358	003361	003389	003456	003508	003681	004343
### RSSI: -75, 28, 1639589948, 4343
### RSSI: -76, 20, 1639589948, 4345
### RSSI: -76, 12, 1639589948, 4346
### RSSI: -73, 21, 1639589948, 4348
### RSSI: -84, 34, 1639589949, 4350
### RSSI: -76, 19, 1639589949, 4351
### RSSI: -77, 27, 1639589949, 4353
### RSSI: -73, 5, 1639589949, 4354
### RSSI: -79, 5, 1639589949, 4356
### RSSI: -76, 8, 1639589949, 4357
1639589949	c0:98:e5:42:00:2c	003923	004061	004078	004108	004110	004112	004119	004125	004137	004138	004142	004144	004168	004175	004179	004194	004199	004199	004207	004211	004220	004225	004230	004240	004243	004247	004272	004320	004384	004551	005640	004358
### RSSI: -71, 19, 1639589949, 4359
### RSSI: -77, 34, 1639589949, 4361
### RSSI: -88, 2, 1639589949, 4362
1639589950	c0:98:e5:42:00:2c	004546	004759	004785	004802	004804	004810	004813	004815	004825	004830	004846	004852	004861	004879	004889	004891	004895	004898	004898	004906	004909	004913	004916	004934	004945	004950	004955	004993	005107	005317	005378	004374
### RSSI: -80, 26, 1639589950, 4378
1639589951	c0:98:e5:42:00:2c	005242	005377	005450	005456	005458	005486	005499	005508	005521	005521	005531	005543	005544	005545	005550	005553	005553	005555	005558	005560	005569	005577	005580	005623	005634	005649	005669	005675	005699	005716	005945	004390
### RSSI: -82, 8, 1639589951, 4393
1639589952	c0:98:e5:42:00:2c	005477	005695	005696	005699	005711	005724	005736	005753	005773	005773	005778	005789	005789	005792	005793	005809	005813	005816	005821	005829	005840	005846	005855	005864	005886	005898	005899	005917	005919	005931	005945	004405
### RSSI: -84, 19, 1639589953, 4411
1639589953	c0:98:e5:42:00:2c	005404	005640	005655	005657	005667	005670	005676	005683	005689	005692	005694	005694	005699	005702	005707	005715	005716	005723	005727	005753	005755	005756	005767	005767	005773	005777	005788	005799	005826	005988	006157	004421
### RSSI: -81, 3, 1639589954, 4426
1639589954	c0:98:e5:42:00:2c	005332	005504	005513	005560	005562	005574	005581	005598	005606	005606	005610	005615	005622	005623	005627	005627	005637	005642	005643	005646	005659	005659	005671	005691	005702	005702	005703	005705	005734	005757	005838	004436
### RSSI: -82, 18, 1639589955, 4442
1639589955	c0:98:e5:42:00:2c	005265	005465	005493	005509	005512	005513	005514	005521	005530	005539	005540	005543	005544	005552	005562	005568	005575	005578	005583	005586	005588	005592	005610	005624	005633	005642	005648	005693	005820	005845	005901	004452
### RSSI: -81, 9, 1639589956, 4457
1639589956	c0:98:e5:42:00:2c	005260	005391	005412	005424	005431	005453	005465	005474	005477	005486	005505	005513	005514	005515	005518	005519	005528	005532	005537	005541	005544	005550	005567	005572	005579	005587	005639	005744	005781	005866	005949	004468
### RSSI: -78, 5, 1639589957, 4473
1639589957	c0:98:e5:42:00:2c	005195	005339	005347	005364	005375	005395	005408	005410	005419	005419	005428	005436	005442	005446	005450	005479	005485	005490	005498	005509	005514	005521	005527	005532	005537	005547	005548	005575	005639	005674	005932	004483
### RSSI: -89, 17, 1639589958, 4489
1639589958	c0:98:e5:42:00:2c	004986	005100	005124	005136	005172	005178	005183	005188	005188	005189	005191	005195	005198	005205	005209	005214	005229	005229	005231	005238	005252	005255	005266	005271	005277	005280	005293	005309	005312	005325	005665	004499
### RSSI: -74, 14, 1639589959, 4504
1639589959	c0:98:e5:42:00:2c	004884	005078	005081	005099	005113	005116	005117	005124	005146	005147	005148	005152	005152	005160	005160	005165	005168	005176	005177	005177	005185	005188	005191	005191	005214	005226	005231	005252	005295	005462	005480	004515
### RSSI: -87, 21, 1639589959, 4520
1639589960	c0:98:e5:42:00:2c	004774	005034	005081	005082	005090	005095	005101	005105	005105	005106	005106	005116	005119	005124	005127	005130	005130	005137	005138	005150	005159	005162	005167	005168	005171	005171	005193	005258	005268	005310	005442	004530
### RSSI: -78, 30, 1639589960, 4535
1639589961	c0:98:e5:42:00:2c	004758	005005	005024	005025	005027	005029	005029	005037	005038	005039	005040	005040	005043	005052	005052	005057	005062	005065	005067	005070	005070	005093	005095	005107	005111	005118	005143	005173	005174	005189	005390	004546
### RSSI: -82, 14, 1639589961, 4551
1639589962	c0:98:e5:42:00:2c	004520	004726	004728	004736	004776	004776	004776	004776	004781	004781	004782	004782	004794	004795	004795	004796	004803	004805	004821	004823	004828	004836	004840	004842	004843	004843	004845	004846	004846	004877	004909	004561
### RSSI: -78, 10, 1639589962, 4567
1639589963	c0:98:e5:42:00:2c	004141	004284	004330	004339	004353	004354	004358	004363	004368	004370	004374	004378	004384	004385	004400	004404	004406	004410	004411	004416	004422	004426	004432	004440	004441	004463	004472	004475	004482	004488	004651	004577
### RSSI: -78, 27, 1639589963, 4582
1639589964	c0:98:e5:42:00:2c	003502	003734	003751	003755	003755	003756	003756	003761	003763	003772	003772	003775	003775	003777	003789	003796	003797	003804	003832	003842	003854	003857	003858	003863	003865	003866	003871	003881	003898	003954	004119	004593
### RSSI: -71, 12, 1639589964, 4598
1639589965	c0:98:e5:42:00:2c	002804	002953	002974	002979	002985	002991	002995	003003	003004	003008	003008	003012	003014	003017	003024	003037	003038	003039	003040	003041	003044	003049	003066	003079	003084	003128	003129	003154	003170	003264	003336	004608
### RSSI: -73, 5, 1639589965, 4614
1639589966	c0:98:e5:42:00:2c	002254	002471	002481	002482	002492	002493	002510	002521	002527	002530	002533	002534	002546	002550	002553	002566	002568	002579	002580	002584	002589	002600	002602	002606	002609	002611	002623	002637	002650	002762	002763	004624
### RSSI: -78, 26, 1639589966, 4629
1639589967	c0:98:e5:42:00:2c	001739	001877	001895	001896	001924	001930	001931	001936	001937	001937	001945	001945	001956	001958	001958	001965	001970	001971	001982	001983	001988	001992	002000	002017	002030	002038	002040	002052	002069	002070	002134	004640
### RSSI: -71, 34, 1639589967, 4645
1639589968	c0:98:e5:42:00:2c	001293	001384	001397	001439	001442	001444	001455	001461	001477	001482	001487	001488	001490	001499	001511	001518	001519	001527	001530	001541	001556	001559	001561	001567	001571	001571	001588	001605	001605	001618	001694	004655
### RSSI: -73, 24, 1639589968, 4660
1639589969	c0:98:e5:42:00:2c	001222	001408	001414	001415	001430	001437	001448	001450	001454	001482	001484	001485	001495	001496	001502	001502	001507	001509	001512	001515	001541	001545	001557	001559	001587	001589	001593	001634	001652	001771	001779	004671
### RSSI: -82, 0, 1639589969, 4676
1639589970	c0:98:e5:42:00:2c	001431	001600	001607	001612	001618	001619	001625	001635	001644	001657	001680	001683	001685	001694	001696	001699	001699	001702	001702	001710	001712	001724	001728	001740	001750	001783	001784	001785	001888	001913	001918	004686
### RSSI: -85, 15, 1639589970, 4692
1639589971	c0:98:e5:42:00:2c	001476	001603	001682	001685	001697	001706	001708	001709	001710	001719	001720	001734	001734	001737	001738	001747	001748	001754	001757	001769	001774	001782	001783	001784	001785	001787	001821	001853	001875	001878	001901	004702
### RSSI: -77, 14, 1639589971, 4707
### RSSI: -74, 36, 1639589972, 4723
1639589972	c0:98:e5:42:00:2c	001784	002022	002029	002040	002045	002053	002053	002060	002064	002066	002078	002081	002097	002099	002099	002106	002107	002112	002112	002128	002129	002150	002158	002163	002165	002176	002178	002182	002183	002187	002201	004718
1639589973	c0:98:e5:42:00:2c	002003	002261	002272	002294	002297	002298	002306	002306	002308	002310	002311	002312	002313	002313	002324	002329	002339	002341	002348	002352	002353	002358	002359	002361	002381	002386	002393	002400	002409	002439	002477	004733
### RSSI: -73, 11, 1639589973, 4739
1639589974	c0:98:e5:42:00:2c	002033	002257	002273	002280	002311	002312	002322	002326	002328	002329	002337	002339	002344	002345	002349	002350	002356	002359	002361	002366	002368	002372	002384	002390	002395	002402	002403	002428	002448	002453	002471	004749
### BATTERY VOLTAGE: 4109 mV; Timestamp: 1639589974
### RSSI: -73, 29, 1639589974, 4754
1639589975	c0:98:e5:42:00:2c	001837	002033	002040	002060	002062	002065	002072	002074	002078	002084	002099	002104	002107	002108	002112	002117	002124	002124	002132	002140	002148	002153	002157	002161	002167	002171	002184	002193	002231	002255	002302	004764
### RSSI: -81, 12, 1639589976, 4770
1639589976	c0:98:e5:42:00:2c	001709	001937	001972	001975	001981	001986	002001	002003	002007	002024	002025	002038	002039	002041	002045	002046	002048	002057	002070	002074	002078	002086	002087	002089	002096	002098	002116	002143	002148	002158	002198	004780
### RSSI: -76, 12, 1639589977, 4785
1639589977	c0:98:e5:42:00:2c	001725	001932	001934	001941	001948	001956	001959	001959	001960	001963	001966	001969	001970	001974	001977	001981	001983	001990	001990	001992	001999	002000	002004	002005	002026	002029	002036	002038	002040	002066	002123	004796
### RSSI: -75, 3, 1639589978, 4801
1639589978	c0:98:e5:42:00:2c	001711	001902	001977	001992	001994	001994	001995	001997	002002	002002	002014	002015	002019	002023	002024	002028	002030	002035	002035	002039	002040	002043	002044	002049	002056	002067	002088	002102	002111	002127	002128	004811
### RSSI: -90, 26, 1639589979, 4817
1639589979	c0:98:e5:42:00:2c	001781	001992	002025	002028	002031	002035	002047	002051	002057	002061	002067	002070	002071	002071	002079	002081	002089	002093	002097	002102	002107	002115	002118	002121	002124	002150	002154	002162	002207	002224	002467	004827
### RSSI: -81, 29, 1639589980, 4832
1639589980	c0:98:e5:42:00:2c	001976	002214	002216	002225	002227	002259	002263	002270	002282	002285	002286	002289	002306	002307	002307	002319	002321	002326	002334	002337	002342	002345	002345	002348	002357	002360	002411	002474	002477	002481	002891	004843
### RSSI: -70, 18, 1639589981, 4848
1639589981	c0:98:e5:42:00:2c	002491	002592	002595	002597	002599	002632	002634	002636	002637	002642	002648	002676	002678	002690	002693	002699	002703	002707	002708	002728	002735	002751	002752	002763	002771	002777	002785	002813	002890	003111	003274	004858
### RSSI: -74, 21, 1639589982, 4863
1639589982	c0:98:e5:42:00:2c	003052	003173	003188	003190	003213	003235	003237	003244	003248	003252	003253	003253	003261	003262	003272	003284	003286	003291	003310	003324	003326	003328	003331	003336	003347	003359	003383	003408	003415	003458	003573	004874
### RSSI: -76, 17, 1639589983, 4879
1639589983	c0:98:e5:42:00:2c	003688	003928	003941	003969	003980	003982	003988	003996	004012	004013	004014	004015	004031	004036	004040	004047	004063	004066	004077	004081	004083	004086	004088	004090	004124	004152	004218	004251	004342	004408	004616	004889
### RSSI: -74, 33, 1639589984, 4895
1639589984	c0:98:e5:42:00:2c	004348	004495	004525	004533	004534	004560	004562	004567	004568	004570	004574	004581	004589	004590	004593	004602	004618	004620	004622	004622	004626	004631	004634	004640	004644	004656	004710	004717	004723	004770	004810	004905
### RSSI: -79, 27, 1639589984, 4910
1639589985	c0:98:e5:42:00:2c	004937	005061	005083	005097	005112	005127	005130	005136	005153	005199	005202	005212	005219	005219	005220	005220	005233	005234	005252	005259	005270	005274	005275	005282	005303	005304	005328	005371	005424	005543	005609	004921
### RSSI: -76, 36, 1639589985, 4926
1639589986	c0:98:e5:42:00:2c	005339	005583	005587	005595	005600	005600	005602	005606	005611	005624	005633	005648	005650	005652	005654	005660	005663	005669	005678	005688	005688	005689	005691	005696	005716	005729	005730	005767	005795	005812	006041	004936
### RSSI: -79, 23, 1639589986, 4942
1639589987	c0:98:e5:42:00:2c	005407	005624	005629	005650	005658	005666	005672	005679	005687	005694	005695	005698	005705	005713	005717	005718	005723	005723	005725	005726	005732	005740	005742	005751	005754	005762	005765	005782	005787	005792	005812	004952
### RSSI: -80, 35, 1639589987, 4957
1639589988	c0:98:e5:42:00:2c	005673	005626	005678	005696	005697	005698	005708	005718	005718	005719	005751	005752	005761	005773	005781	005785	005786	005788	005824	005826	005841	005873	005887	005904	005923	005933	005945	005994	006039	006139	006195	004968
### RSSI: -77, 3, 1639589988, 4973
1639589989	c0:98:e5:42:00:2c	005294	005491	005496	005501	005515	005525	005528	005544	005547	005548	005553	005554	005556	005562	005563	005563	005567	005570	005574	005576	005584	005608	005610	005611	005620	005638	005651	005664	005765	005890	000000	004983
### RSSI: -82, 9, 1639589989, 4988
1639589990	c0:98:e5:42:00:2c	005321	005519	005544	005584	005586	005587	005588	005605	005612	005613	005627	005637	005641	005642	005643	005643	005644	005651	005659	005660	005697	005697	005698	005699	005700	005731	005847	005862	005934	005983	006043	004999
### RSSI: -85, 27, 1639589990, 5004
1639589991	c0:98:e5:42:00:2c	005343	005551	005560	005573	005582	005595	005597	005601	005603	005605	005610	005623	005628	005632	005639	005644	005651	005652	005663	005674	005679	005685	005687	005694	005704	005748	005751	005853	005933	005936	006266	005014
### RSSI: -82, 4, 1639589991, 5020
1639589992	c0:98:e5:42:00:2c	005171	005311	005349	005372	005382	005384	005384	005413	005413	005418	005418	005429	005435	005436	005437	005439	005444	005445	005451	005453	005455	005478	005479	005491	005516	005562	005635	005637	005756	005986	006026	005030
### RSSI: -87, 33, 1639589992, 5035
1639589993	c0:98:e5:42:00:2c	005038	005198	005249	005257	005261	005263	005265	005267	005268	005269	005270	005280	005283	005283	005285	005294	005306	005313	005321	005327	005328	005335	005347	005348	005360	005367	005387	005429	005455	005598	005660	005046
### RSSI: -73, 30, 1639589993, 5051
1639589994	c0:98:e5:42:00:2c	005008	005259	005272	005273	005283	005287	005302	005302	005304	005306	005307	005309	005315	005315	005318	005319	005327	005332	005332	005339	005340	005349	005350	005359	005370	005378	005393	005408	005476	005477	005678	005061
### RSSI: -76, 22, 1639589994, 5066
1639589995	c0:98:e5:42:00:2c	004931	005141	005151	005159	005166	005172	005173	005179	005180	005188	005189	005191	005201	005204	005206	005208	005212	005214	005214	005215	005215	005217	005223	005247	005261	005262	005276	005323	005347	005400	005737	005077
### RSSI: -72, 1, 1639589995, 5082
1639589996	c0:98:e5:42:00:2c	004760	004944	004978	005001	005002	005009	005010	005011	005012	005014	005015	005016	005017	005018	005038	005038	005040	005047	005051	005053	005065	005077	005083	005086	005094	005096	005116	005164	005172	005288	005291	005092
### RSSI: -74, 23, 1639589996, 5098
1639589997	c0:98:e5:42:00:2c	004360	004611	004658	004660	004662	004666	004668	004671	004671	004673	004688	004702	004702	004720	004726	004727	004745	004748	004749	004758	004764	004766	004775	004776	004789	004793	004800	004815	004818	004979	005004	005108
### RSSI: -80, 2, 1639589997, 5113
1639589998	c0:98:e5:42:00:2c	003838	003961	003961	003966	003966	003975	003982	003987	003991	003994	003994	004005	004006	004008	004010	004029	004034	004041	004041	004064	004064	004064	004073	004076	004085	004100	004104	004153	004174	004186	004259	005124
### RSSI: -77, 18, 1639589998, 5129
1639589999	c0:98:e5:42:00:2c	002930	003122	003141	003142	003147	003149	003169	003173	003174	003177	003179	003179	003187	003188	003192	003204	003209	003212	003224	003241	003243	003243	003251	003269	003284	003286	003290	003326	003345	003475	003525	005139
### RSSI: -85, 23, 1639590000, 5145
1639590000	c0:98:e5:42:00:2c	002314	002520	002530	002540	002540	002541	002548	002550	002553	002562	002567	002568	002570	002571	002571	002591	002592	002594	002596	002598	002604	002610	002612	002639	002643	002708	002733	002738	002746	002857	002919	005155
### RSSI: -73, 0, 1639590001, 5160
1639590001	c0:98:e5:42:00:2c	001798	001996	002019	002020	002021	002028	002029	002044	002050	002053	002057	002070	002081	002088	002090	002093	002107	002113	002122	002123	002124	002128	002133	002145	002150	002158	002177	002182	002200	002257	002383	005171
### RSSI: -82, 30, 1639590002, 5176
1639590002	c0:98:e5:42:00:2c	001287	001398	001444	001452	001470	001477	001479	001493	001494	001497	001498	001504	001511	001512	001513	001522	001524	001530	001544	001545	001548	001551	001577	001582	001589	001593	001595	001605	001632	001800	000000	005186
### RSSI: -82, 34, 1639590003, 5191
1639590003	c0:98:e5:42:00:2c	001231	001467	001468	001468	001469	001483	001490	001510	001517	001519	001520	001521	001524	001526	001541	001541	001542	001550	001554	001554	001555	001557	001558	001560	001566	001584	001592	001609	001621	001670	001738	005202
### RSSI: -82, 11, 1639590004, 5207
1639590004	c0:98:e5:42:00:2c	001403	001650	001655	001658	001668	001670	001672	001684	001696	001696	001711	001714	001722	001723	001726	001728	001733	001734	001749	001758	001764	001776	001776	001781	001805	001814	001956	001964	002045	002072	002169	005217
### RSSI: -85, 33, 1639590005, 5223
1639590005	c0:98:e5:42:00:2c	001462	001705	001710	001711	001712	001721	001726	001728	001731	001732	001732	001737	001740	001753	001761	001764	001765	001767	001767	001772	001783	001794	001800	001804	001811	001845	001900	001913	001942	002003	002058	005233
### RSSI: -80, 2, 1639590006, 5238
1639590006	c0:98:e5:42:00:2c	001615	001806	001816	001846	001855	001858	001866	001870	001872	001877	001879	001879	001889	001891	001894	001894	001908	001912	001920	001920	001929	001946	001955	001958	001964	001969	002009	002021	002057	002073	002133	005249
### RSSI: -77, 17, 1639590007, 5254
### RSSI: -74, 36, 1639590008, 5270
### Device booted at 2021/12/15 17:31:16; Timestamp: 1639589476
### BATTERY VOLTAGE: 4092 mV; Timestamp: 1639589476
### CHARGING STATUS: NOT PLUGGED IN and NOT CHARGING; Timestamp: 1639589477
### Device booted at 2021/12/15 17:31:16; Timestamp: 1639589476
### BATTERY VOLTAGE: 4109 mV; Timestamp: 1639589476
### CHARGING STATUS: NOT PLUGGED IN and NOT CHARGING; Timestamp: 1639589477
### Device booted at 2021/12/15 17:31:17; Timestamp: 1639589477
### MOTION CHANGE: STATIONARY; Timestamp: 1639589477
### BATTERY VOLTAGE: 4092 mV; Timestamp: 1639589477
### CHARGING STATUS: NOT PLUGGED IN and NOT CHARGING; Timestamp: 1639589477
