### HEADER for file '2C@12-15.log'; Device: c0:98:e5:42:00:2c; Firmware: e83318e8-dirty; Date: 2021/12/15 17:08:12; Timestamp: 1639588092
### Device booted at 2021/12/15 17:08:12; Timestamp: 1639588092
### BATTERY VOLTAGE: 4031 mV; Timestamp: 1639588092
### CHARGING STATUS: NOT PLUGGED IN and NOT CHARGING; Timestamp: 1639588092
### Device booted at 2021/12/15 17:30:51; Timestamp: 1639589451
### BATTERY VOLTAGE: 4053 mV; Timestamp: 1639589451
### CHARGING STATUS: NOT PLUGGED IN and NOT CHARGING; Timestamp: 1639589451
### MOTION CHANGE: STATIONARY; Timestamp: 1639589454
### MOTION CHANGE: IN MOTION; Timestamp: 1639589457
### MOTION CHANGE: STATIONARY; Timestamp: 1639589463
### MOTION CHANGE: IN MOTION; Timestamp: 1639589507
### MOTION CHANGE: STATIONARY; Timestamp: 1639589510
### MOTION CHANGE: IN MOTION; Timestamp: 1639589518
### RSSI: -61, 1, 1639589556, 1575
### RSSI: -61, 25, 1639589556, 1576
### RSSI: -63, 33, 1639589557, 1578
### RSSI: -67, 0, 1639589557, 1579
### RSSI: -70, 8, 1639589557, 1581
### RSSI: -76, 26, 1639589557, 1583
### RSSI: -72, 17, 1639589557, 1584
### RSSI: -73, 31, 1639589557, 1586
### RSSI: -84, 17, 1639589557, 1587
### RSSI: -84, 25, 1639589557, 1589
### MOTION CHANGE: STATIONARY; Timestamp: 1639589559
### MOTION CHANGE: IN MOTION; Timestamp: 1639589563
### MOTION CHANGE: STATIONARY; Timestamp: 1639589580
### MOTION CHANGE: IN MOTION; Timestamp: 1639589588
### MOTION CHANGE: STATIONARY; Timestamp: 1639589591
1639589774	c0:98:e5:42:00:29	000265	-00039	-00034	-00031	-00026	-00023	-00007	-00005	000014	000017	000025	000028	000031	000031	000033	000039	000049	000049	000064	000066	000073	000075	000078	000085	000099	000120	000121	000130	000159	000162	000234	004883
1639589775	c0:98:e5:42:00:29	000243	-00086	-00073	-00070	-00062	-00050	-00038	-00031	-00028	-00024	-00020	-00020	-00016	-00011	-00009	-00007	-00006	-00005	000000	000000	000000	000002	000027	000034	000040	000048	000050	000067	000091	000106	000107	004898
1639589776	c0:98:e5:42:00:29	000258	-00160	-00137	-00131	-00117	-00115	-00113	-00111	-00109	-00101	-00097	-00076	-00065	-00062	-00056	-00051	-00049	-00049	-00046	-00044	-00043	-00034	-00019	-00014	-00006	000019	000021	000021	000028	000062	000133	004914
1639589777	c0:98:e5:42:00:29	000209	-00144	-00081	-00078	-00066	-00066	-00054	-00053	-00053	-00042	-00041	-00036	-00030	-00024	-00023	-00014	-00007	-00006	000000	000004	000005	000022	000027	000027	000037	000047	000061	000062	000099	000115	000223	004930
1639589778	c0:98:e5:42:00:29	000245	-00129	-00124	-00103	-00095	-00080	-00075	-00073	-00068	-00066	-00062	-00060	-00056	-00050	-00050	-00043	-00041	-00040	-00018	-00002	-00001	000001	000001	000002	000024	000026	000049	000062	000101	000134	000210	004945
1639589779	c0:98:e5:42:00:29	000275	-00007	000006	000013	000018	000024	000027	000034	000036	000042	000050	000055	000065	000066	000082	000085	000087	000092	000094	000096	000097	000101	000106	000107	000109	000117	000133	000149	000179	000205	000237	004961
1639589780	c0:98:e5:42:00:29	000274	-00204	-00203	-00194	-00183	-00180	-00177	-00169	-00159	-00150	-00137	-00130	-00128	-00126	-00122	-00120	-00116	-00116	-00110	-00101	-00094	-00090	-00084	-00084	-00075	-00070	-00046	-00030	-00022	-00016	000078	004976
1639589783	c0:98:e5:42:00:29	000224	-00169	-00169	-00152	-00144	-00141	-00133	-00133	-00120	-00096	-00094	-00092	-00091	-00085	-00084	-00079	-00079	-00070	-00066	-00047	-00044	-00039	-00037	-00033	-00025	-00008	-00006	000015	000040	000043	000046	005023
1639589784	c0:98:e5:42:00:29	000236	-00185	-00175	-00142	-00140	-00133	-00133	-00129	-00128	-00117	-00101	-00100	-00098	-00089	-00079	-00070	-00061	-00058	-00049	-00042	-00037	-00037	-00027	-00016	-00006	-00005	000000	000012	000027	000053	000119	005039
1639589785	c0:98:e5:42:00:29	000253	-00373	-00358	-00340	-00335	-00333	-00328	-00316	-00306	-00306	-00305	-00301	-00296	-00289	-00287	-00284	-00271	-00271	-00270	-00269	-00269	-00258	-00241	-00222	-00222	-00216	-00209	-00184	-00144	-00120	000000	005055
1639589786	c0:98:e5:42:00:29	000217	-00252	-00250	-00250	-00242	-00236	-00226	-00223	-00202	-00202	-00196	-00193	-00187	-00187	-00185	-00180	-00179	-00176	-00165	-00164	-00162	-00159	-00159	-00150	-00138	-00129	-00117	-00114	-00081	-00057	-00007	005070
1639589787	c0:98:e5:42:00:29	000244	-00247	-00237	-00219	-00217	-00214	-00209	-00208	-00192	-00185	-00182	-00179	-00170	-00164	-00164	-00162	-00161	-00159	-00157	-00139	-00134	-00131	-00128	-00117	-00101	-00098	-00081	-00076	-00059	-00053	-00005	005086
1639589788	c0:98:e5:42:00:29	000240	-00224	-00211	-00203	-00197	-00196	-00194	-00193	-00183	-00171	-00158	-00158	-00156	-00151	-00147	-00147	-00136	-00135	-00127	-00113	-00102	-00094	-00083	-00071	-00061	-00057	-00055	-00042	-00035	-00033	-00020	005101
1639589789	c0:98:e5:42:00:29	000218	-00120	-00099	-00097	-00096	-00067	-00062	-00061	-00054	-00050	-00033	-00025	-00022	-00018	-00004	-00001	000000	000001	000014	000017	000019	000020	000034	000035	000061	000064	000065	000069	000095	000107	000185	005117
1639589790	c0:98:e5:42:00:29	000232	-00169	-00161	-00137	-00123	-00122	-00107	-00097	-00097	-00088	-00084	-00081	-00080	-00075	-00071	-00070	-00070	-00068	-00064	-00044	-00040	-00027	-00026	-00015	-00004	000011	000038	000047	000062	000084	000116	005133
1639589791	c0:98:e5:42:00:29	000260	-00027	-00027	-00025	-00022	-00020	000000	000002	000005	000012	000021	000023	000026	000033	000035	000040	000052	000078	000080	000089	000092	000099	000113	000115	000115	000138	000153	000155	000167	000253	000267	005148
1639589792	c0:98:e5:42:00:29	000235	-00154	-00147	-00135	-00123	-00116	-00111	-00108	-00105	-00104	-00099	-00096	-00094	-00093	-00090	-00086	-00085	-00077	-00072	-00054	-00052	-00052	-00042	-00038	-00033	-00021	-00020	-00008	-00007	000006	000013	005164
1639589795	c0:98:e5:42:00:29	000234	-00070	-00059	-00056	-00050	-00023	-00011	-00006	-00001	000000	000001	000008	000008	000011	000022	000023	000025	000036	000045	000050	000060	000064	000068	000068	000072	000075	000091	000095	000105	000115	000120	005211
1639589796	c0:98:e5:42:00:29	000227	-00353	-00348	-00329	-00328	-00311	-00296	-00288	-00283	-00282	-00281	-00277	-00270	-00269	-00264	-00264	-00263	-00243	-00239	-00234	-00228	-00227	-00221	-00217	-00201	-00200	-00196	-00167	-00167	-00141	-00088	005226
1639589797	c0:98:e5:42:00:29	000243	-00180	-00173	-00171	-00153	-00150	-00147	-00133	-00118	-00112	-00107	-00106	-00102	-00100	-00098	-00095	-00094	-00075	-00072	-00057	-00055	-00045	-00044	-00024	-00021	-00017	-00013	-00010	000030	000043	000065	005242
1639589798	c0:98:e5:42:00:29	000241	-00218	-00210	-00195	-00178	-00176	-00174	-00150	-00145	-00137	-00132	-00132	-00128	-00126	-00121	-00117	-00116	-00114	-00112	-00105	-00086	-00067	-00066	-00061	-00061	-00060	-00058	-00048	-00028	000015	000020	005258
1639589799	c0:98:e5:42:00:29	000240	-00165	-00148	-00146	-00143	-00138	-00131	-00128	-00117	-00106	-00092	-00090	-00080	-00079	-00079	-00078	-00074	-00074	-00073	-00062	-00050	-00040	-00034	-00032	-00029	-00029	000000	000000	000048	000062	000091	005273
1639589800	c0:98:e5:42:00:29	000226	-00182	-00170	-00170	-00164	-00157	-00142	-00134	-00123	-00115	-00105	-00101	-00099	-00096	-00096	-00094	-00089	-00086	-00084	-00069	-00059	-00054	-00052	-00043	-00038	-00037	-00033	-00023	000019	000048	000067	005289
1639589801	c0:98:e5:42:00:29	000222	-00223	-00212	-00212	-00209	-00208	-00205	-00198	-00198	-00196	-00195	-00178	-00172	-00169	-00169	-00146	-00140	-00137	-00134	-00132	-00123	-00115	-00112	-00105	-00090	-00068	-00051	-00049	-00027	-00025	000061	005304
1639589802	c0:98:e5:42:00:29	000214	-00127	-00097	-00089	-00084	-00080	-00072	-00070	-00067	-00066	-00051	-00031	-00031	-00028	-00025	-00005	-00003	-00002	000000	000004	000009	000016	000034	000036	000045	000052	000068	000075	000092	000094	000099	005320
1639589803	c0:98:e5:42:00:29	000267	-00166	-00164	-00158	-00139	-00139	-00124	-00122	-00119	-00101	-00096	-00096	-00088	-00087	-00079	-00073	-00072	-00071	-00069	-00067	-00064	-00031	-00030	-00025	-00019	-00017	-00006	000024	000031	000057	000093	005336
1639589804	c0:98:e5:42:00:29	000259	-00011	000022	000024	000032	000035	000048	000049	000051	000053	000060	000064	000067	000069	000072	000073	000073	000086	000094	000095	000099	000130	000137	000141	000141	000160	000199	000202	000236	000268	000308	005351
1639589807	c0:98:e5:42:00:29	000223	-00230	-00180	-00179	-00174	-00170	-00170	-00150	-00146	-00144	-00143	-00129	-00124	-00122	-00115	-00110	-00109	-00093	-00090	-00089	-00082	-00081	-00077	-00062	-00050	-00040	-00028	-00006	000008	000026	000057	005398
1639589808	c0:98:e5:42:00:29	000192	-00192	-00179	-00174	-00155	-00153	-00134	-00133	-00130	-00129	-00124	-00113	-00110	-00106	-00105	-00101	-00099	-00087	-00066	-00058	-00053	-00049	-00048	-00046	-00031	-00028	-00019	-00015	000009	000068	000071	005414
1639589809	c0:98:e5:42:00:29	000281	-00034	-00024	-00018	-00015	-00004	-00003	000002	000011	000022	000025	000026	000026	000027	000029	000039	000041	000042	000046	000053	000054	000056	000060	000072	000075	000098	000111	000113	000137	000146	000226	005429
1639589810	c0:98:e5:42:00:29	000214	-00210	-00183	-00172	-00171	-00152	-00149	-00134	-00130	-00127	-00126	-00124	-00124	-00119	-00111	-00105	-00095	-00095	-00093	-00089	-00088	-00079	-00061	-00045	-00043	-00043	-00035	-00029	000017	000086	000000	005445
1639589811	c0:98:e5:42:00:29	000249	-00174	-00137	-00123	-00121	-00118	-00109	-00096	-00080	-00078	-00068	-00060	-00059	-00058	-00056	-00047	-00046	-00042	-00042	-00030	-00020	-00007	-00003	000000	000013	000015	000024	000032	000038	000045	000156	005461
1639589812	c0:98:e5:42:00:29	000192	-00264	-00258	-00253	-00241	-00220	-00212	-00205	-00202	-00198	-00191	-00184	-00182	-00177	-00169	-00168	-00168	-00167	-00164	-00157	-00156	-00151	-00138	-00136	-00128	-00119	-00115	-00110	-00104	-00092	-00033	005476
1639589813	c0:98:e5:42:00:29	000211	-00143	-00141	-00139	-00135	-00132	-00132	-00119	-00110	-00093	-00091	-00088	-00072	-00070	-00068	-00061	-00061	-00058	-00058	-00052	-00047	-00042	-00036	-00023	-00013	-00005	000017	000019	000019	000025	000108	005492
1639589814	c0:98:e5:42:00:29	000233	-00245	-00224	-00222	-00218	-00197	-00194	-00186	-00182	-00181	-00179	-00166	-00166	-00163	-00160	-00157	-00153	-00145	-00141	-00132	-00129	-00115	-00097	-00094	-00091	-00089	-00086	-00071	-00050	000001	000080	005508
1639589815	c0:98:e5:42:00:29	000200	-00160	-00160	-00157	-00142	-00136	-00135	-00118	-00115	-00109	-00108	-00108	-00104	-00096	-00080	-00079	-00075	-00072	-00070	-00063	-00054	-00052	-00046	-00022	-00015	-00002	000008	000009	000012	000103	000000	005523
### Device booted at 2021/12/15 17:30:52; Timestamp: 1639589452
### BATTERY VOLTAGE: 4209 mV; Timestamp: 1639589452
### CHARGING STATUS: NOT PLUGGED IN and NOT CHARGING; Timestamp: 1639589452
1639589862	c0:98:e5:42:00:29	003705	003273	003304	003308	003309	003310	003311	003319	003320	003321	003322	003326	003338	003340	003346	003349	003351	003352	003358	003367	003370	003375	003392	003393	003399	003406	003409	003431	003461	003469	003481	000031
1639589863	c0:98:e5:42:00:29	002563	002234	002239	002243	002244	002245	002248	002258	002268	002273	002278	002285	002286	002286	002289	002300	002305	002308	002311	002312	002314	002320	002325	002346	002366	002375	002378	002393	002406	002484	002500	000047
1639589864	c0:98:e5:42:00:29	001504	001157	001157	001167	001179	001184	001189	001195	001195	001197	001197	001201	001202	001213	001215	001216	001220	001222	001226	001227	001228	001229	001238	001255	001260	001266	001278	001301	001330	001348	001391	000063
1639589865	c0:98:e5:42:00:29	001289	000988	000990	000993	000995	001003	001014	001019	001019	001020	001027	001028	001028	001029	001034	001035	001035	001040	001043	001044	001053	001064	001064	001067	001072	001081	001118	001133	001144	001198	001216	000078
### RSSI: -72, 13, 1639589866, 91
### RSSI: -77, 11, 1639589866, 93
1639589866	c0:98:e5:42:00:29	001409	001013	001033	001037	001049	001061	001061	001067	001071	001073	001073	001077	001088	001090	001091	001091	001093	001093	001100	001109	001109	001111	001111	001116	001117	001125	001158	001164	001176	001309	001325	000094
### RSSI: -75, 28, 1639589866, 94
### RSSI: -77, 20, 1639589866, 96
### RSSI: -73, 4, 1639589866, 98
### RSSI: -73, 2, 1639589866, 99
### RSSI: -70, 32, 1639589866, 101
### RSSI: -71, 34, 1639589866, 102
### RSSI: -72, 2, 1639589866, 104
### RSSI: -74, 27, 1639589867, 105
### RSSI: -73, 4, 1639589867, 107
### RSSI: -75, 5, 1639589867, 108
1639589867	c0:98:e5:42:00:29	001317	000897	000920	000935	000940	000944	000948	000952	000958	000963	000964	000969	000974	000975	000978	000986	000987	001004	001005	001007	001013	001017	001022	001025	001047	001050	001057	001058	001104	001136	001194	000109
### RSSI: -74, 4, 1639589867, 110
### RSSI: -77, 18, 1639589867, 112
### RSSI: -71, 35, 1639589867, 113
### RSSI: -76, 5, 1639589867, 115
### RSSI: -72, 25, 1639589867, 116
1639589868	c0:98:e5:42:00:29	001341	000888	000899	000906	000908	000912	000920	000944	000961	000962	000965	000966	000971	000980	000987	000995	000995	001002	001008	001012	001015	001022	001026	001034	001042	001064	001072	001078	001103	001107	001160	000125
### RSSI: -84, 6, 1639589868, 132
### RSSI: -73, 21, 1639589869, 148
### RSSI: -81, 11, 1639589870, 163
1639589871	c0:98:e5:42:00:29	001612	001175	001227	001233	001256	001260	001271	001273	001280	001294	001299	001301	001307	001317	001321	001323	001327	001328	001333	001336	001344	001354	001361	001372	001377	001377	001419	001422	001430	001437	001534	000172
### RSSI: -75, 4, 1639589871, 179
1639589872	c0:98:e5:42:00:29	001739	001367	001374	001377	001385	001387	001390	001410	001413	001416	001420	001423	001424	001431	001443	001453	001453	001456	001460	001482	001483	001489	001489	001499	001500	001504	001515	001522	001545	001631	001728	000188
### RSSI: -71, 9, 1639589872, 194
1639589873	c0:98:e5:42:00:29	001776	001415	001423	001426	001426	001433	001437	001457	001459	001467	001477	001484	001486	001491	001494	001495	001513	001514	001525	001532	001538	001548	001552	001579	001595	001597	001606	001615	001616	001640	001693	000203
### RSSI: -80, 15, 1639589874, 210
1639589874	c0:98:e5:42:00:29	001751	001393	001417	001421	001426	001434	001444	001470	001472	001473	001473	001480	001487	001489	001491	001498	001500	001506	001518	001519	001534	001536	001537	001553	001557	001569	001571	001575	001579	001602	001664	000219
### RSSI: -69, 25, 1639589875, 226
1639589875	c0:98:e5:42:00:29	001832	001514	001531	001566	001567	001568	001577	001580	001588	001591	001599	001602	001608	001621	001622	001624	001640	001642	001644	001644	001646	001660	001661	001688	001700	001713	001733	001733	001779	001790	001808	000234
### RSSI: -73, 14, 1639589876, 241
1639589876	c0:98:e5:42:00:29	001861	001356	001408	001427	001448	001449	001462	001479	001482	001487	001487	001488	001489	001491	001512	001516	001523	001529	001531	001531	001534	001539	001557	001559	001569	001573	001577	001589	001619	001669	001679	000250
### RSSI: -69, 5, 1639589877, 257
1639589877	c0:98:e5:42:00:29	001827	001401	001412	001427	001433	001442	001442	001446	001451	001466	001474	001477	001480	001491	001494	001499	001500	001501	001501	001509	001510	001535	001536	001548	001552	001560	001569	001617	001621	001651	001703	000266
### RSSI: -66, 36, 1639589878, 272
1639589878	c0:98:e5:42:00:29	002073	001708	001720	001727	001746	001750	001774	001779	001781	001788	001797	001807	001807	001809	001812	001812	001818	001821	001837	001839	001840	001840	001842	001849	001858	001875	001877	001882	001922	001997	002032	000281
### RSSI: -71, 7, 1639589879, 288
1639589879	c0:98:e5:42:00:29	002605	002131	002190	002210	002221	002225	002230	002258	002264	002270	002276	002294	002295	002296	002302	002304	002309	002311	002322	002324	002330	002331	002350	002355	002358	002371	002377	002378	002384	002406	002425	000297
### RSSI: -68, 14, 1639589880, 304
1639589880	c0:98:e5:42:00:29	003581	003251	003268	003270	003276	003281	003284	003292	003306	003310	003311	003316	003317	003319	003324	003331	003332	003336	003337	003346	003350	003364	003365	003366	003373	003375	003384	003388	003398	003615	003729	000312
### RSSI: -73, 24, 1639589881, 319
1639589881	c0:98:e5:42:00:29	004686	004263	004294	004316	004322	004326	004338	004340	004343	004344	004354	004371	004379	004383	004391	004396	004402	004402	004403	004403	004405	004406	004410	004412	004415	004419	004425	004545	004621	004764	004806	000328
### RSSI: -77, 9, 1639589882, 335
### RSSI: -81, 1, 1639589883, 351
### RSSI: -83, 15, 1639589884, 366
1639589884	c0:98:e5:42:00:29	005542	005247	005284	005310	005318	005328	005335	005343	005343	005357	005367	005373	005376	005381	005382	005384	005391	005400	005424	005426	005431	005432	005443	005463	005465	005466	005481	005527	005586	005700	005771	000375
### RSSI: -75, 32, 1639589884, 382
1639589885	c0:98:e5:42:00:29	005271	004867	004879	004881	004890	004891	004892	004905	004913	004914	004914	004915	004916	004921	004932	004934	004936	004936	004938	004940	004943	004948	004955	004963	004965	004972	004985	004992	004992	005012	005035	000391
### RSSI: -87, 0, 1639589885, 397
1639589886	c0:98:e5:42:00:29	005335	005018	005029	005044	005051	005063	005070	005071	005071	005073	005074	005075	005077	005079	005081	005083	005085	005086	005087	005090	005093	005094	005094	005105	005128	005135	005135	005143	005147	005153	005263	000406
### RSSI: -89, 2, 1639589886, 413
1639589887	c0:98:e5:42:00:29	005260	004896	004914	004919	004927	004932	004938	004955	004956	004959	004963	004968	004972	004976	004976	004978	004991	004993	004997	005015	005017	005020	005021	005027	005054	005067	005078	005097	005166	005176	005220	000422
### RSSI: -81, 18, 1639589887, 430
1639589888	c0:98:e5:42:00:29	005152	004856	004856	004859	004862	004872	004878	004881	004886	004888	004889	004890	004894	004899	004899	004902	004911	004912	004914	004922	004931	004942	004945	004947	004951	004958	004970	004971	004988	005086	000000	000437
### RSSI: -70, 35, 1639589888, 446
1639589889	c0:98:e5:42:00:29	004985	004609	004656	004659	004680	004680	004683	004684	004685	004686	004687	004690	004691	004692	004704	004704	004710	004712	004714	004723	004728	004729	004739	004744	004748	004752	004754	004755	004773	004779	005241	000453
### RSSI: -76, 32, 1639589889, 461
1639589890	c0:98:e5:42:00:29	004827	004438	004472	004485	004489	004491	004498	004501	004504	004505	004510	004512	004518	004525	004532	004540	004540	004544	004559	004561	004561	004566	004567	004578	004581	004602	004602	004621	004639	004711	004747	000469
### RSSI: -78, 30, 1639589890, 477
1639589891	c0:98:e5:42:00:29	004840	004494	004521	004521	004522	004527	004536	004541	004541	004542	004542	004545	004562	004569	004570	004575	004577	004583	004589	004591	004608	004629	004636	004640	004654	004662	004673	004679	004703	004730	004780	000484
### RSSI: -76, 35, 1639589891, 493
1639589892	c0:98:e5:42:00:29	004877	004542	004575	004601	004620	004623	004625	004633	004644	004644	004653	004656	004657	004663	004666	004671	004673	004680	004687	004707	004716	004738	004741	004745	004749	004751	004751	004773	004796	004898	004908	000500
### RSSI: -77, 9, 1639589892, 508
1639589893	c0:98:e5:42:00:29	004816	004419	004451	004456	004458	004459	004466	004480	004486	004493	004493	004500	004502	004504	004506	004513	004521	004527	004534	004541	004542	004553	004565	004566	004580	004589	004595	004602	004662	004719	004867	000516
### RSSI: -75, 31, 1639589893, 524
### RSSI: -81, 29, 1639589895, 540
### RSSI: -81, 25, 1639589896, 555
1639589896	c0:98:e5:42:00:29	003509	003151	003176	003180	003188	003192	003199	003201	003205	003211	003213	003219	003223	003224	003230	003231	003234	003242	003265	003266	003269	003285	003287	003287	003290	003300	003318	003344	003347	003404	003481	000562
### RSSI: -87, 36, 1639589897, 571
1639589897	c0:98:e5:42:00:29	002393	001972	001987	001989	002000	002004	002008	002012	002015	002029	002037	002038	002040	002045	002057	002059	002059	002060	002062	002069	002077	002078	002084	002114	002121	002121	002137	002138	002140	002161	002291	000578
### RSSI: -75, 12, 1639589898, 586
1639589898	c0:98:e5:42:00:29	001447	001045	001101	001107	001128	001128	001133	001137	001146	001150	001156	001158	001162	001169	001176	001177	001188	001188	001191	001192	001195	001204	001210	001233	001234	001243	001250	001250	001323	001391	001445	000594
### RSSI: -68, 5, 1639589899, 602
1639589899	c0:98:e5:42:00:29	001289	000975	000982	000990	000994	001010	001023	001026	001028	001032	001037	001041	001044	001049	001052	001058	001060	001062	001065	001070	001078	001089	001099	001124	001134	001135	001146	001159	001197	001240	001248	000609
### RSSI: -72, 0, 1639589900, 618
1639589900	c0:98:e5:42:00:29	001166	000725	000761	000764	000765	000767	000771	000785	000792	000800	000801	000801	000804	000820	000822	000822	000823	000823	000835	000838	000840	000845	000847	000856	000866	000873	000874	000874	000880	000889	000913	000625
### RSSI: -72, 31, 1639589901, 633
### Device booted at 2021/12/15 17:30:51; Timestamp: 1639589451
### BATTERY VOLTAGE: 4186 mV; Timestamp: 1639589451
### CHARGING STATUS: NOT PLUGGED IN and NOT CHARGING; Timestamp: 1639589451
1639589947	c0:98:e5:42:00:29	002255	001819	001894	001907	001913	001919	001931	001958	001961	001962	001968	001978	001978	001984	001985	001988	001996	002012	002013	002016	002041	002044	002049	002049	002055	002057	002059	002124	002132	002167	002545	000054
### RSSI: -70, 3, 1639589948, 63
### RSSI: -72, 12, 1639589948, 64
### RSSI: -74, 24, 1639589948, 66
### RSSI: -70, 5, 1639589948, 67
1639589948	c0:98:e5:42:00:29	003036	002654	002674	002691	002724	002734	002746	002746	002747	002748	002754	002759	002766	002771	002800	002802	002807	002813	002819	002825	002829	002831	002838	002843	002859	002869	002872	002905	002927	003041	003477	000070
### RSSI: -73, 28, 1639589948, 71
### RSSI: -75, 20, 1639589948, 72
### RSSI: -74, 12, 1639589948, 74
### RSSI: -72, 21, 1639589949, 75
### RSSI: -83, 34, 1639589949, 77
### RSSI: -74, 19, 1639589949, 78
### RSSI: -75, 27, 1639589949, 80
### RSSI: -72, 5, 1639589949, 82
### RSSI: -77, 5, 1639589949, 83
### RSSI: -74, 8, 1639589949, 85
1639589949	c0:98:e5:42:00:29	003923	003552	003573	003578	003582	003588	003599	003606	003608	003617	003632	003638	003644	003644	003649	003650	003652	003653	003658	003663	003664	003684	003701	003710	003713	003713	003720	003771	003898	003951	004299	000086
### RSSI: -70, 19, 1639589949, 86
### RSSI: -75, 34, 1639589949, 88
### RSSI: -87, 2, 1639589949, 89
1639589950	c0:98:e5:42:00:29	004546	004111	004134	004135	004136	004142	004149	004150	004166	004167	004170	004172	004176	004178	004191	004200	004201	004202	004211	004230	004233	004239	004252	004260	004264	004272	004272	004365	004410	004676	004733	000101
### RSSI: -79, 26, 1639589951, 105
1639589951	c0:98:e5:42:00:29	005242	004807	004818	004842	004843	004860	004866	004868	004885	004890	004897	004901	004902	004907	004921	004929	004935	004943	004944	004948	004949	004960	004968	004983	005010	005018	005023	005084	005086	005101	005105	000117
### RSSI: -80, 8, 1639589952, 121
1639589952	c0:98:e5:42:00:29	005477	005031	005033	005065	005066	005072	005073	005083	005094	005095	005105	005129	005132	005134	005135	005144	005144	005145	005152	005159	005171	005171	005177	005186	005199	005202	005207	005213	005225	005253	005294	000132
### RSSI: -82, 19, 1639589953, 138
1639589953	c0:98:e5:42:00:29	005404	004995	004999	005030	005045	005055	005061	005064	005065	005084	005087	005087	005091	005093	005093	005094	005094	005098	005102	005105	005111	005115	005118	005125	005149	005154	005157	005168	005187	005196	005202	000148
### RSSI: -79, 3, 1639589954, 153
1639589954	c0:98:e5:42:00:29	005332	004962	004964	004978	004987	004998	005001	005015	005018	005024	005026	005026	005027	005029	005030	005033	005035	005036	005072	005086	005088	005088	005094	005119	005121	005126	005175	005182	005237	005291	000000	000164
### RSSI: -80, 18, 1639589955, 169
1639589955	c0:98:e5:42:00:29	005265	004844	004893	004897	004908	004914	004929	004934	004940	004942	004942	004942	004943	004944	004946	004955	004964	004968	004970	004985	005006	005010	005012	005015	005015	005043	005045	005088	005171	005201	005305	000179
### RSSI: -80, 9, 1639589956, 185
1639589956	c0:98:e5:42:00:29	005260	004912	004915	004923	004937	004942	004953	004954	004960	004961	004965	004976	004979	004984	004988	004996	004999	005016	005025	005028	005028	005029	005038	005051	005052	005072	005134	005203	005258	005395	005508	000195
### RSSI: -76, 5, 1639589956, 200
1639589957	c0:98:e5:42:00:29	005195	004802	004832	004832	004854	004862	004863	004867	004869	004869	004875	004875	004885	004894	004901	004904	004912	004919	004930	004936	004942	004946	004951	004954	004957	004970	005026	005033	005081	005131	005342	000211
### RSSI: -89, 17, 1639589957, 216
### RSSI: -73, 14, 1639589958, 231
### RSSI: -85, 21, 1639589959, 247
1639589960	c0:98:e5:42:00:29	004774	004347	004348	004362	004368	004373	004379	004379	004401	004409	004411	004413	004414	004416	004417	004418	004421	004421	004422	004441	004442	004444	004464	004472	004473	004483	004515	004534	004544	004566	004621	000257
### RSSI: -77, 30, 1639589960, 263
1639589961	c0:98:e5:42:00:29	004758	004383	004387	004390	004404	004414	004423	004431	004437	004439	004440	004443	004445	004445	004453	004457	004459	004461	004465	004488	004490	004495	004499	004503	004505	004557	004576	004600	004609	004708	000000	000273
### RSSI: -80, 14, 1639589961, 278
1639589962	c0:98:e5:42:00:29	004520	004119	004133	004162	004170	004182	004190	004198	004198	004212	004218	004229	004230	004236	004237	004240	004243	004244	004253	004253	004254	004254	004260	004265	004276	004285	004291	004299	004322	004322	004323	000289
### RSSI: -76, 10, 1639589962, 294
1639589963	c0:98:e5:42:00:29	004141	003814	003824	003840	003845	003845	003847	003849	003852	003854	003859	003866	003866	003866	003871	003873	003882	003887	003891	003894	003894	003905	003922	003934	003934	003948	003980	003990	004018	004063	004307	000304
### RSSI: -77, 27, 1639589963, 310
1639589964	c0:98:e5:42:00:29	003502	003107	003112	003121	003133	003134	003144	003145	003162	003165	003167	003173	003175	003184	003205	003208	003209	003209	003212	003216	003224	003231	003235	003241	003251	003261	003275	003304	003308	003446	003487	000320
### RSSI: -70, 12, 1639589964, 325
1639589965	c0:98:e5:42:00:29	002804	002507	002510	002523	002528	002529	002532	002533	002543	002547	002550	002551	002559	002559	002572	002572	002573	002578	002584	002604	002612	002616	002619	002634	002638	002642	002660	002687	002745	002766	002846	000335
### RSSI: -71, 5, 1639589965, 341
1639589966	c0:98:e5:42:00:29	002254	001871	001879	001890	001907	001911	001914	001915	001921	001925	001925	001926	001929	001930	001930	001936	001948	001961	001964	001970	001972	001975	001977	001990	001990	002014	002018	002035	002051	002115	002205	000351
### RSSI: -76, 26, 1639589966, 356
1639589967	c0:98:e5:42:00:29	001739	001423	001432	001433	001438	001454	001456	001469	001489	001491	001495	001499	001501	001503	001505	001510	001513	001516	001518	001537	001543	001549	001549	001554	001563	001572	001637	001638	001639	001654	001688	000367
### RSSI: -70, 34, 1639589967, 372
1639589968	c0:98:e5:42:00:29	001293	000957	000974	000990	000990	000991	001011	001015	001023	001027	001029	001031	001038	001059	001061	001066	001070	001072	001072	001081	001092	001099	001118	001128	001129	001136	001141	001166	001175	001182	001207	000382
### RSSI: -72, 24, 1639589968, 388
1639589969	c0:98:e5:42:00:29	001222	000823	000846	000853	000862	000880	000882	000887	000893	000897	000926	000929	000930	000933	000938	000940	000940	000949	000949	000951	000964	000976	000978	000984	000993	000993	001023	001031	001039	001046	001152	000398
### RSSI: -79, 0, 1639589969, 403
1639589970	c0:98:e5:42:00:29	001431	001053	001068	001087	001096	001104	001126	001127	001137	001139	001146	001147	001151	001157	001160	001164	001166	001167	001182	001189	001196	001208	001227	001232	001233	001256	001258	001270	001305	001550	000000	000414
### RSSI: -83, 15, 1639589970, 419
### RSSI: -75, 14, 1639589971, 434
### RSSI: -73, 36, 1639589973, 450
1639589973	c0:98:e5:42:00:29	002003	001570	001597	001601	001607	001619	001621	001626	001633	001635	001652	001657	001658	001666	001667	001673	001673	001680	001680	001693	001695	001698	001702	001705	001705	001705	001707	001707	001716	001738	001738	000460
### RSSI: -72, 11, 1639589974, 466
1639589974	c0:98:e5:42:00:29	002033	001601	001605	001626	001638	001647	001649	001651	001662	001663	001673	001697	001701	001703	001710	001714	001715	001724	001726	001735	001736	001741	001743	001747	001749	001751	001754	001760	001766	001769	001796	000476
### RSSI: -71, 29, 1639589975, 481
1639589975	c0:98:e5:42:00:29	001837	001490	001491	001499	001502	001503	001503	001508	001514	001522	001528	001530	001530	001531	001545	001548	001560	001563	001567	001568	001570	001578	001580	001588	001598	001610	001613	001621	001651	001678	001708	000492
### RSSI: -79, 12, 1639589976, 497
1639589976	c0:98:e5:42:00:29	001709	001279	001294	001300	001317	001323	001328	001334	001348	001350	001353	001357	001358	001367	001369	001371	001371	001381	001398	001400	001401	001402	001404	001436	001441	001463	001470	001481	001485	001553	001596	000507
### RSSI: -74, 12, 1639589977, 513
1639589977	c0:98:e5:42:00:29	001725	001389	001411	001413	001429	001430	001432	001433	001448	001448	001449	001455	001457	001459	001465	001467	001471	001473	001476	001480	001481	001485	001489	001491	001491	001495	001498	001503	001517	001532	001581	000523
### RSSI: -73, 3, 1639589978, 528
1639589978	c0:98:e5:42:00:29	001711	001322	001327	001341	001349	001355	001360	001368	001368	001373	001373	001377	001382	001385	001386	001393	001396	001407	001410	001413	001416	001417	001418	001420	001426	001431	001433	001488	001494	001494	001554	000539
### RSSI: -85, 26, 1639589979, 544
1639589979	c0:98:e5:42:00:29	001781	001396	001419	001429	001441	001445	001451	001455	001456	001459	001460	001461	001468	001473	001474	001477	001480	001482	001484	001484	001485	001486	001510	001512	001518	001519	001520	001570	001576	001742	001811	000554
### RSSI: -80, 29, 1639589980, 559
1639589980	c0:98:e5:42:00:29	001976	001538	001546	001547	001572	001572	001590	001593	001599	001601	001606	001610	001621	001625	001628	001629	001636	001644	001656	001660	001663	001664	001673	001685	001691	001702	001705	001751	001828	001848	002200	000570
### RSSI: -68, 18, 1639589980, 575
1639589981	c0:98:e5:42:00:29	002491	002143	002168	002183	002189	002198	002223	002224	002225	002229	002236	002245	002248	002253	002268	002282	002282	002288	002291	002297	002302	002319	002322	002326	002329	002344	002354	002369	002515	002673	002808	000585
### RSSI: -72, 21, 1639589981, 591
1639589982	c0:98:e5:42:00:29	003052	002663	002732	002736	002736	002765	002766	002767	002772	002775	002782	002791	002797	002804	002805	002815	002825	002826	002827	002832	002834	002839	002854	002855	002886	002887	002891	002933	002940	002997	003375	000601
### RSSI: -74, 17, 1639589982, 606
### RSSI: -72, 33, 1639589983, 622
### RSSI: -77, 27, 1639589984, 638
1639589985	c0:98:e5:42:00:29	004937	004458	004525	004527	004542	004552	004576	004585	004588	004607	004614	004621	004636	004637	004642	004644	004653	004661	004687	004710	004730	004735	004751	004756	004795	004800	004830	004901	004952	005002	005030	000648
### RSSI: -75, 36, 1639589985, 653
### RSSI: -77, 23, 1639589986, 669
### Device booted at 2021/12/15 17:30:51; Timestamp: 1639589451
### BATTERY VOLTAGE: 4170 mV; Timestamp: 1639589451
### CHARGING STATUS: NOT PLUGGED IN and NOT CHARGING; Timestamp: 1639589451
1639590029	c0:98:e5:42:00:29	004794	004313	004320	004322	004323	004331	004349	004351	004357	004363	004378	004380	004389	004389	004396	004397	004399	004401	004402	004408	004411	004430	004435	004453	004511	004513	004534	004548	004596	004736	004789	000013
1639590030	c0:98:e5:42:00:29	004888	004507	004531	004535	004550	004553	004556	004564	004570	004571	004573	004583	004584	004589	004598	004601	004604	004605	004618	004623	004628	004640	004643	004651	004651	004667	004690	004755	004768	004922	005081	000029
1639590031	c0:98:e5:42:00:29	004705	004369	004384	004399	004404	004405	004406	004409	004432	004433	004433	004435	004436	004444	004446	004449	004450	004455	004471	004475	004476	004485	004489	004512	004518	004521	004525	004551	004552	004557	004781	000045
### RSSI: -81, 23, 1639590032, 60
1639590032	c0:98:e5:42:00:29	004318	003952	003962	003981	003985	003985	003994	003997	004001	004012	004015	004020	004022	004022	004033	004044	004048	004062	004065	004076	004090	004091	004112	004113	004127	004140	004168	004173	004178	004282	004362	000060
### RSSI: -80, 34, 1639590032, 62
### RSSI: -84, 1, 1639590032, 63
### RSSI: -80, 22, 1639590032, 66
### RSSI: -82, 16, 1639590032, 68
### RSSI: -72, 26, 1639590032, 70
### RSSI: -78, 29, 1639590032, 71
### RSSI: -70, 13, 1639590032, 73
### RSSI: -85, 15, 1639590032, 74
### RSSI: -79, 32, 1639590033, 77
### RSSI: -83, 24, 1639590033, 79
### RSSI: -77, 26, 1639590033, 80
### RSSI: -70, 15, 1639590033, 82
### RSSI: -73, 24, 1639590033, 84
### RSSI: -72, 12, 1639590033, 85
### RSSI: -73, 0, 1639590033, 88
### RSSI: -78, 30, 1639590034, 90
### RSSI: -75, 9, 1639590035, 105
1639590035	c0:98:e5:42:00:29	002166	001787	001829	001830	001833	001838	001841	001842	001845	001845	001852	001856	001858	001865	001867	001871	001872	001874	001875	001880	001881	001899	001900	001911	001917	001951	001967	001975	001976	002068	002078	000107
### RSSI: -72, 23, 1639590036, 121
1639590036	c0:98:e5:42:00:29	001662	001192	001220	001238	001240	001242	001251	001262	001262	001268	001270	001274	001275	001294	001294	001294	001295	001297	001303	001307	001307	001309	001310	001312	001314	001329	001334	001342	001347	001393	001402	000123
### RSSI: -79, 12, 1639590037, 137
1639590037	c0:98:e5:42:00:29	001257	000850	000869	000876	000884	000894	000895	000905	000907	000913	000924	000924	000925	000929	000930	000936	000940	000948	000952	000954	000955	000960	000967	000967	000974	000977	000994	001001	001002	001006	001017	000138
### RSSI: -79, 21, 1639590038, 152
1639590038	c0:98:e5:42:00:29	001202	000818	000837	000843	000860	000861	000862	000863	000863	000867	000868	000876	000878	000879	000886	000887	000890	000904	000909	000909	000914	000920	000921	000926	000927	000927	000936	000944	000960	000964	001195	000154
1639590039	c0:98:e5:42:00:29	001502	001157	001160	001163	001168	001172	001172	001173	001177	001178	001178	001180	001183	001190	001196	001198	001200	001200	001206	001225	001227	001233	001236	001240	001242	001264	001272	001291	001436	001499	001504	000170
### RSSI: -80, 13, 1639590040, 184
1639590040	c0:98:e5:42:00:29	001554	001092	001111	001117	001120	001129	001136	001139	001140	001140	001152	001156	001168	001175	001183	001186	001186	001189	001195	001195	001198	001200	001202	001208	001230	001233	001245	001248	001265	001273	001309	000185
### RSSI: -75, 4, 1639590040, 190
### RSSI: -79, 20, 1639590040, 192
### RSSI: -74, 27, 1639590040, 193
### RSSI: -84, 31, 1639590041, 195
### RSSI: -80, 6, 1639590041, 196
### RSSI: -74, 16, 1639590041, 198
### RSSI: -75, 2, 1639590041, 199
### RSSI: -75, 9, 1639590041, 201
1639590041	c0:98:e5:42:00:29	001713	001303	001318	001325	001330	001337	001341	001343	001352	001358	001361	001368	001371	001382	001382	001385	001394	001395	001400	001400	001411	001417	001419	001425	001426	001429	001446	001453	001513	001516	001542	000201
### RSSI: -77, 36, 1639590042, 214
### RSSI: -78, 9, 1639590042, 216
1639590042	c0:98:e5:42:00:29	001928	001539	001541	001552	001567	001576	001579	001594	001601	001611	001617	001619	001621	001621	001626	001627	001636	001637	001638	001648	001651	001654	001655	001661	001666	001669	001681	001691	001699	001702	001714	000216
1639590043	c0:98:e5:42:00:29	002058	001643	001655	001669	001683	001687	001690	001694	001694	001695	001696	001702	001713	001716	001718	001721	001725	001725	001729	001730	001739	001741	001747	001753	001779	001786	001788	001825	001863	002129	000000	000232
1639590044	c0:98:e5:42:00:29	002092	001715	001742	001748	001752	001753	001758	001759	001768	001768	001772	001774	001775	001775	001788	001788	001788	001796	001798	001815	001815	001819	001831	001843	001852	001872	001877	001877	001882	001921	001974	000248
1639590047	c0:98:e5:42:00:29	002035	001626	001639	001647	001654	001666	001669	001677	001689	001689	001692	001695	001709	001714	001727	001733	001735	001741	001749	001750	001754	001758	001777	001785	001786	001789	001804	001812	001838	001845	001991	000295
1639590048	c0:98:e5:42:00:29	002025	001640	001643	001666	001676	001683	001692	001694	001695	001701	001701	001703	001704	001711	001718	001724	001727	001734	001736	001739	001750	001767	001771	001776	001781	001781	001797	001880	001981	002009	002046	000310
### RSSI: -74, 9, 1639590049, 322
### RSSI: -75, 36, 1639590049, 323
### RSSI: -88, 21, 1639590049, 325
1639590049	c0:98:e5:42:00:29	001906	001440	001483	001484	001504	001505	001517	001518	001536	001538	001539	001541	001546	001547	001550	001562	001566	001567	001582	001588	001589	001592	001599	001602	001607	001629	001656	001661	001681	001700	001706	000326
### RSSI: -77, 19, 1639590049, 326
### RSSI: -76, 19, 1639590049, 328
### RSSI: -74, 18, 1639590049, 329
### RSSI: -70, 13, 1639590050, 331
### RSSI: -75, 20, 1639590050, 332
### RSSI: -67, 9, 1639590050, 334
### RSSI: -76, 35, 1639590050, 336
### RSSI: -70, 16, 1639590050, 337
### RSSI: -73, 18, 1639590050, 339
### RSSI: -72, 18, 1639590050, 339
### RSSI: -72, 25, 1639590050, 340
1639590050	c0:98:e5:42:00:29	001918	001474	001500	001501	001506	001507	001512	001525	001527	001530	001549	001557	001561	001565	001565	001567	001571	001575	001582	001582	001586	001590	001592	001594	001599	001618	001624	001631	001646	001733	001816	000341
### RSSI: -72, 33, 1639590050, 342
### RSSI: -70, 36, 1639590050, 343
### RSSI: -70, 4, 1639590051, 345
### RSSI: -70, 6, 1639590051, 346
1639590051	c0:98:e5:42:00:29	001684	001366	001366	001369	001375	001393	001398	001399	001402	001410	001423	001433	001434	001449	001449	001455	001463	001468	001470	001480	001480	001481	001487	001490	001499	001503	001521	001525	001532	001575	001666	000357
### RSSI: -71, 3, 1639590052, 362
1639590052	c0:98:e5:42:00:29	000963	000567	000608	000617	000617	000618	000634	000634	000635	000641	000643	000643	000645	000645	000645	000645	000647	000665	000665	000666	000672	000673	000673	000679	000682	000682	000692	000693	000736	000747	000808	000373
### RSSI: -66, 23, 1639590053, 378
1639590053	c0:98:e5:42:00:29	000533	000206	000216	000233	000236	000240	000249	000263	000266	000271	000290	000292	000293	000294	000295	000300	000306	000309	000314	000315	000321	000323	000325	000329	000334	000341	000370	000372	000395	000405	000446	000388
### RSSI: -64, 14, 1639590054, 393
1639590054	c0:98:e5:42:00:29	000392	-00026	000005	000028	000032	000034	000038	000049	000069	000071	000072	000075	000078	000079	000081	000082	000083	000092	000092	000096	000100	000100	000103	000105	000105	000116	000119	000120	000131	000134	000184	000404
### RSSI: -63, 32, 1639590055, 409
1639590055	c0:98:e5:42:00:29	000300	-00175	-00166	-00151	-00145	-00142	-00142	-00141	-00133	-00128	-00118	-00117	-00111	-00102	-00101	-00094	-00091	-00082	-00080	-00079	-00076	-00064	-00060	-00049	-00045	-00029	-00026	-00025	-00016	-00013	000015	000420
### RSSI: -60, 17, 1639590055, 425
1639590056	c0:98:e5:42:00:29	000297	-00064	-00046	-00039	-00036	-00036	-00031	-00023	-00018	-00017	-00015	-00005	-00004	000010	000012	000012	000015	000021	000031	000033	000036	000041	000044	000060	000061	000069	000086	000086	000094	000114	000144	000435
### RSSI: -60, 14, 1639590056, 440
1639590057	c0:98:e5:42:00:29	000349	-00051	-00032	-00012	-00011	-00001	000007	000010	000013	000015	000019	000019	000020	000020	000020	000021	000022	000032	000032	000036	000044	000053	000060	000063	000069	000079	000083	000093	000119	000136	000151	000451
### RSSI: -61, 23, 1639590057, 456
### MOTION CHANGE: STATIONARY; Timestamp: 1639590057
### RSSI: -60, 1, 1639590058, 471
### RSSI: -62, 10, 1639590059, 487
1639590060	c0:98:e5:42:00:29	000285	-00103	-00084	-00080	-00079	-00075	-00075	-00057	-00048	-00043	-00035	-00029	-00028	-00027	-00024	-00020	-00007	-00005	000000	000006	000010	000012	000016	000017	000019	000022	000023	000032	000034	000039	000043	000498
### RSSI: -62, 31, 1639590060, 503
1639590061	c0:98:e5:42:00:29	000298	-00098	-00092	-00088	-00081	-00076	-00067	-00060	-00059	-00046	-00045	-00044	-00032	-00031	-00030	-00027	-00024	-00020	-00014	-00007	-00004	000004	000020	000021	000022	000023	000029	000031	000042	000061	000064	000513
### RSSI: -62, 27, 1639590061, 518
1639590062	c0:98:e5:42:00:29	000373	000043	000048	000059	000068	000082	000085	000105	000105	000109	000131	000137	000143	000146	000152	000153	000160	000161	000165	000169	000172	000176	000176	000178	000179	000181	000182	000184	000214	000231	000234	000529
### RSSI: -61, 3, 1639590062, 534
1639590063	c0:98:e5:42:00:29	000299	-00059	-00046	-00027	-00025	-00022	-00015	-00010	-00004	000002	000005	000013	000014	000021	000030	000030	000041	000041	000044	000045	000050	000058	000065	000066	000069	000069	000074	000081	000091	000098	000101	000544
### RSSI: -62, 10, 1639590063, 550
1639590064	c0:98:e5:42:00:29	000309	-00039	-00022	-00011	-00008	-00006	-00006	-00001	000000	000001	000002	000010	000012	000016	000023	000028	000030	000031	000050	000053	000054	000054	000065	000069	000069	000071	000076	000084	000085	000087	000143	000560
### RSSI: -61, 24, 1639590064, 565
1639590065	c0:98:e5:42:00:29	000311	-00092	-00054	-00034	-00029	-001639590066	c0:98:e5:42:00:29	000295	-00194	-00147	-00147	-00142	-00140	-00139	-00134	-00132	-00126	-00119	-00115	-00113	-00111	-00110	-00107	-00102	-00101	-00094	-00093	-00085	-00084	-00073	-00071	-00070	-00057	-00052	-00046	-00037	-00032	-00017	000591
1639590067	c0:98:e5:42:00:29	000321	-00003	000005	000009	000011	000013	000015	000016	000024	000026	000031	000035	000036	000036	000038	000065	000077	000081	000084	000087	000089	000091	000097	000098	000115	000121	000128	000134	000138	000141	000182	000607
### RSSI: -59, 13, 1639590067, 612
1639590068	c0:98:e5:42:00:29	000338	-00026	000003	000015	000021	000036	000045	000046	000052	000053	000066	000067	000082	000086	000088	000091	000094	000104	000106	000108	000116	000116	000117	000117	000119	000129	000130	000142	000145	000152	000160	000623
### RSSI: -58, 13, 1639590068, 628
1639590069	c0:98:e5:42:00:29	000254	-00094	-00088	-00083	-00079	-00078	-00076	-00074	-00069	-00063	-00059	-00054	-00048	-00046	-00045	-00044	-00037	-00030	-00025	-00024	-00021	-00017	-00006	-00003	000012	000020	000022	000035	000053	000070	000000	000638
### RSSI: -58, 11, 1639590069, 643
1639590070	c0:98:e5:42:00:29	000329	000012	000012	000021	000035	000040	000040	000048	000062	000068	000074	000074	000077	000084	000093	000096	000098	000100	000106	000109	000109	000118	000120	000134	000134	000137	000137	000139	000144	000164	000178	000654
### RSSI: -61, 30, 1639590070, 659
### RSSI: -62, 12, 1639590071, 674
### RSSI: -61, 13, 1639590073, 690
1639590073	c0:98:e5:42:00:29	000385	-00051	-00039	-00032	-00018	000002	000020	000023	000028	000030	000032	000035	000035	000039	000044	000051	000053	000053	000056	000056	000058	000067	000077	000081	000089	000096	000096	000107	000189	000192	000403	000701
### RSSI: -71, 20, 1639590074, 706
1639590074	c0:98:e5:42:00:29	000299	-00183	-00179	-00170	-00148	-00145	-00136	-00130	-00128	-00127	-00126	-00122	-00121	-00120	-00120	-00119	-00118	-00115	-00109	-00108	-00099	-00097	-00095	-00092	-00072	-00050	-00046	-00037	-00028	-00012	000023	000716
### RSSI: -70, 27, 1639590075, 721
1639590075	c0:98:e5:42:00:29	000322	-00026	-00021	-00015	-00009	-00004	000004	000014	000034	000038	000038	000040	000044	000044	000048	000049	000049	000056	000056	000059	000063	000079	000082	000085	000086	000087	000102	000117	000127	000156	000170	000732
### RSSI: -74, 18, 1639590076, 737
1639590076	c0:98:e5:42:00:29	000412	000046	000055	000056	000083	000088	000089	000089	000099	000112	000112	000114	000120	000123	000124	000129	000142	000143	000143	000147	000163	000170	000175	000175	000182	000185	000214	000228	000250	000261	000310	000748
### RSSI: -79, 35, 1639590077, 753
1639590077	c0:98:e5:42:00:29	000659	000303	000317	000318	000321	000339	000350	000351	000367	000380	000387	000400	000402	000403	000404	000405	000409	000422	000433	000434	000453	000458	000472	000472	000487	000495	000503	000539	000577	000586	000712	000763
### RSSI: -70, 26, 1639590078, 768
### MOTION CHANGE: IN MOTION; Timestamp: 1639590082
### MOTION CHANGE: STATIONARY; Timestamp: 1639590100
### MOTION CHANGE: IN MOTION; Timestamp: 1639590112
