1640983385.046713 ###RTT Client: ************************************************************ 
1640983385.046950 ###RTT Client: *               SEGGER Microcontroller GmbH                * 
1640983385.047763 ###RTT Client: *   Solutions for real time microcontroller applications   * 
1640983385.047806 ###RTT Client: ************************************************************ 
1640983385.047849 ###RTT Client: *                                                          * 
1640983385.047889 ###RTT Client: *       (c) 2012 - 2016  SEGGER Microcontroller GmbH       * 
1640983385.047931 ###RTT Client: *                                                          * 
1640983385.048030 ###RTT Client: *     www.segger.com     Support: support@segger.com       * 
1640983385.048073 ###RTT Client: *                                                          * 
1640983385.048117 ###RTT Client: ************************************************************ 
1640983385.048157 ###RTT Client: *                                                          * 
1640983385.048200 ###RTT Client: * SEGGER J-Link RTT Client   Compiled Jan 30 2018 18:46:58 * 
1640983385.048243 ###RTT Client: *                                                          * 
1640983385.048283 ###RTT Client: ************************************************************ 
1640983385.048326 
1640983385.048368 ###RTT Client: -----------------------------------------------
1640983385.048408 ###RTT Client: Connecting to J-Link RTT Server via localhost:9201  Connected.
1640983385.048450 SEGGER J-Link V6.30 - Real time terminal output
1640983385.048493 J-Link EDU Mini V1 compiled Oct  2 2020 17:00:40 V1.0, SN=801021851
1640983385.048533 Process: JLinkExe
1640983385.048576 ### DEBUG: Ticks: 1557, 15, 0 
1640983385.048619 1640051831 c0:98:e5:42:00:29 257 
1640983385.048659 -138 -118 -117 -104 -81 -77 -75 -67 -67 -62 -51 -48 -41 -32 -28 
1640983385.048702 -23 -16 -16 -10 2 4 10 19 22 28 28 31 73 74 131 
1640983385.048744 ### DEBUG: Ticks: 1573, 16, 0 
1640983385.048784 1640051832 c0:98:e5:42:00:29 285 
1640983385.048827 -167 -164 -163 -162 -156 -148 -138 -135 -129 -126 -125 -120 -120 -116 -115 
1640983385.048869 -100 -93 -88 -81 -73 -71 -61 -48 -37 -33 -26 -24 -4 23 36 
1640983385.048909 ### DEBUG: Ticks: 1588, 15, 0 
1640983385.048951 1640051833 c0:98:e5:42:00:29 237 
1640983385.049017 -105 -96 -93 -91 -90 -88 -87 -84 -82 -71 -68 -66 -59 -46 -44 
1640983385.049098 -38 -36 -35 -27 -24 -17 -9 0 5 19 32 63 70 75 77 
1640983385.049141 ### DEBUG: Ticks: 1604, 16, 0 
1640983385.049183 1640051834 c0:98:e5:42:00:29 269 
1640983385.049223 -56 -43 -30 -29 -28 -21 -19 -14 -12 -11 -8 -4 -3 -2 2 
1640983385.049265 5 12 14 25 46 48 65 68 80 119 125 127 144 162 188 
1640983385.049308 ### DEBUG: Ticks: 1620, 16, 0 
1640983385.049380 1640051835 c0:98:e5:42:00:29 255 
1640983385.049422 -152 -146 -143 -142 -136 -135 -135 -126 -123 -121 -120 -116 -111 -96 -94 
1640983385.049465 -93 -92 -85 -80 -62 -56 -51 -19 -17 -16 4 12 34 74 78 
1640983385.049504 ### DEBUG: Ticks: 1635, 15, 0 
1640983385.049547 1640051836 c0:98:e5:42:00:29 303 
1640983385.049590 -246 -200 -197 -190 -175 -175 -168 -164 -160 -155 -151 -142 -141 -138 -137 
1640983385.049630 -137 -135 -125 -120 -115 -112 -96 -93 -90 -77 -70 -68 -66 -41 -3 
1640983385.049672 ### DEBUG: Ticks: 1651, 16, 0 
1640983385.049714 1640051837 c0:98:e5:42:00:29 315 
1640983385.049753 -98 -74 -62 -52 -32 -29 -14 -13 -12 -9 -7 -6 -5 4 11 
1640983385.049796 14 23 26 37 38 50 69 72 73 92 95 106 120 131 159 
1640983385.049838 ### DEBUG: Ticks: 1667, 16, 0 
1640983385.049878 1640051838 c0:98:e5:42:00:29 277 
1640983385.049920 -149 -145 -141 -134 -131 -128 -125 -121 -117 -101 -93 -90 -81 -78 -61 
1640983385.049985 -60 -55 -43 -40 -32 -30 -25 -22 6 15 34 35 45 53 105 
1640983385.050029 ### DEBUG: Ticks: 1682, 15, 0 
1640983385.050071 1640051839 c0:98:e5:42:00:29 267 
1640983385.050149 -97 -75 -63 -55 -54 -49 -44 -38 -16 -14 -13 -6 -2 -2 5 
1640983385.050195 6 11 22 39 44 53 64 71 85 96 99 107 109 111 134 
1640983385.050239 ### ERROR: Failed reading SquarePoint packet length
1640983385.050281 ### DEBUG: Ticks: 1729, 47, 0 
1640983385.050321 1640051842 c0:98:e5:42:00:29 309 
1640983385.050364 -131 -129 -115 -111 -110 -105 -105 -98 -97 -78 -65 -58 -50 -43 -42 
1640983385.050404 -37 -35 -33 -31 -30 -11 -4 -1 -1 9 10 36 50 61 81 
1640983385.050446 ### DEBUG: Ticks: 1745, 16, 0 
1640983385.050488 1640051843 c0:98:e5:42:00:29 321 
1640983385.050528 -69 -69 -37 -30 -29 -27 -22 -21 -16 8 20 24 26 34 51 
1640983385.050570 53 63 66 77 87 91 93 110 111 122 122 124 153 161 167 
1640983385.050612 ### DEBUG: Ticks: 1760, 15, 0 
1640983385.050652 1640051844 c0:98:e5:42:00:29 267 
1640983385.050694 -143 -143 -129 -122 -120 -109 -88 -86 -84 -82 -81 -77 -74 -66 -64 
1640983385.050737 -64 -59 -56 -56 -51 -48 -23 -17 -15 -6 2 3 16 43 88 
1640983385.050777 ### DEBUG: Ticks: 1776, 16, 0 
1640983385.050820 1640051845 c0:98:e5:42:00:29 288 
1640983385.050862 -217 -211 -207 -195 -177 -164 -163 -146 -136 -135 -130 -129 -128 -127 -126 
1640983385.050906 -124 -122 -114 -110 -107 -98 -88 -76 -54 -48 -46 -35 -17 -9 -4 
1640983385.050945 ### DEBUG: Ticks: 1792, 16, 0 
1640983385.051012 1640051846 c0:98:e5:42:00:29 268 
1640983385.051051 -151 -143 -139 -132 -131 -127 -126 -110 -89 -88 -85 -83 -69 -68 -65 
1640983385.051091 -55 -48 -45 -41 -40 -28 -28 0 2 3 11 21 26 32 67 
1640983385.051130 ### DEBUG: Ticks: 1807, 15, 0 
1640983385.051169 1640051847 c0:98:e5:42:00:29 307 
1640983385.051246 -73 -53 -52 -52 -49 -45 -34 -22 -18 -11 -10 -5 2 9 15 
1640983385.051287 36 47 62 62 70 71 73 86 88 100 102 110 113 115 146 
1640983385.051327 ### DEBUG: Ticks: 1823, 16, 0 
1640983385.051366 1640051848 c0:98:e5:42:00:29 338 
1640983385.051406 -14 3 16 25 27 29 34 41 48 54 54 56 56 64 66 
1640983385.051464 74 80 82 100 106 108 116 117 124 128 147 151 177 209 214 
1640983385.051520 ### DEBUG: Ticks: 1838, 15, 0 
1640983385.051562 1640051849 c0:98:e5:42:00:29 284 
1640983385.051602 -291 -288 -264 -259 -251 -248 -244 -238 -236 -217 -202 -195 -190 -186 -179 
1640983385.051642 -171 -158 -145 -135 -126 -117 -113 -112 -112 -104 -101 -91 -58 -56 -34 
1640983385.051682 ### DEBUG: Ticks: 1854, 16, 0 
1640983385.051725 1640051850 c0:98:e5:42:00:29 284 
1640983385.051765 -139 -132 -115 -106 -97 -90 -87 -84 -82 -74 -68 -67 -67 -62 -58 
1640983385.051805 -56 -51 -42 -20 -5 -4 -2 0 14 37 54 65 78 114 116 
1640983385.051847 ### DEBUG: Ticks: 1870, 16, 0 
1640983385.051910 1640051851 c0:98:e5:42:00:29 304 
1640983385.051970 -74 -65 -63 -57 -52 -48 -18 1 3 6 13 15 16 19 21 
1640983385.052013 30 39 44 44 45 52 53 59 60 78 86 98 118 119 127 
1640983385.052068 ### DEBUG: Ticks: 1885, 15, 0 
1640983385.052118 1640051852 c0:98:e5:42:00:29 285 
1640983385.052168 -57 -46 -13 -7 -1 0 7 8 11 12 13 22 34 42 45 
1640983385.052208 47 50 52 55 58 60 89 105 105 108 112 120 126 156 196 
1640983385.052247 ### ERROR: Failed reading SquarePoint packet length
1640983385.052327 ### DEBUG: Ticks: 1932, 47, 0 
1640983385.052368 1640051855 c0:98:e5:42:00:29 293 
1640983385.052407 -237 -236 -234 -231 -218 -214 -209 -209 -198 -196 -195 -181 -165 -164 -159 
1640983385.052447 -156 -153 -150 -148 -135 -135 -132 -124 -120 -116 -107 -93 -92 -71 12 
1640983386.010563 ### DEBUG: Ticks: 1948, 16, 0 
1640983386.011313 1640051856 c0:98:e5:42:00:29 287 
1640983386.012196 -274 -235 -223 -205 -201 -200 -199 -196 -191 -179 -177 -169 -162 -162 -158 
1640983386.012976 -156 -151 -144 -133 -124 -122 -114 -103 -98 -97 -96 -81 -56 -42 -23 
1640983387.001801 ### ERROR: Failed reading SquarePoint packet length
1640983389.012673 ### DEBUG: Ticks: 1995, 47, 0 
1640983389.013335 1640051859 c0:98:e5:42:00:29 306 
1640983389.014238 -45 -35 -23 -18 -12 -11 10 14 15 16 22 27 32 34 41 
1640983389.015102 42 54 61 61 76 77 84 91 122 133 153 158 164 188 0 
1640983390.010163 ### DEBUG: Ticks: 2010, 15, 0 
1640983390.011150 1640051860 c0:98:e5:42:00:29 286 
1640983390.012423 -128 -110 -104 -100 -97 -92 -91 -82 -79 -71 -68 -68 -67 -58 -56 
1640983390.012569 -55 -43 -35 -18 -17 -4 6 17 38 41 51 54 69 70 112 
1640983391.007483 ### DEBUG: Ticks: 2026, 16, 0 
1640983391.007647 1640051861 c0:98:e5:42:00:29 342 
1640983391.007720 -31 3 16 31 31 39 40 43 47 60 77 78 82 92 97 
1640983391.007791 103 105 119 122 126 133 140 150 155 157 163 173 201 221 247 
1640983392.004929 ### DEBUG: Ticks: 2041, 15, 0 
1640983392.005381 1640051862 c0:98:e5:42:00:29 309 
1640983392.005848 -8 12 36 43 44 47 47 52 57 59 69 76 77 86 90 
1640983392.006457 93 97 100 102 120 134 143 143 147 157 174 182 207 212 255 
1640983393.004805 ### DEBUG: Ticks: 2057, 16, 0 
1640983393.004909 1640051863 c0:98:e5:42:00:29 266 
1640983393.004998 -203 -181 -178 -174 -173 -166 -166 -163 -159 -153 -133 -132 -131 -125 -118 
1640983393.005063 -108 -105 -92 -84 -80 -55 -47 -39 -37 -33 -11 -8 -7 14 52 
1640983394.006987 ### DEBUG: Ticks: 2073, 16, 0 
1640983394.007269 1640051864 c0:98:e5:42:00:29 297 
1640983394.007463 -54 -28 -26 -20 -17 -16 -12 -9 -4 10 19 28 36 43 46 
1640983394.007723 54 56 57 64 77 83 85 112 121 124 128 132 134 172 196 
1640983395.006860 ### DEBUG: Ticks: 2088, 15, 0 
1640983395.007120 1640051865 c0:98:e5:42:00:29 296 
1640983395.007260 -148 -133 -124 -117 -115 -104 -102 -96 -91 -76 -76 -65 -62 -54 -53 
1640983395.007412 -47 -42 -36 -33 -11 -5 -1 3 15 16 18 29 30 40 41 
1640983396.011669 ### DEBUG: Ticks: 2104, 16, 0 
1640983396.011949 1640051866 c0:98:e5:42:00:29 315 
1640983396.012179 -179 -142 -138 -135 -133 -126 -117 -112 -99 -84 -78 -78 -76 -72 -68 
1640983396.012357 -67 -67 -53 -44 -41 -40 -36 -34 -28 -25 -6 9 48 77 78 
1640983397.005991 ### DEBUG: Ticks: 2120, 16, 0 
1640983397.006303 1640051867 c0:98:e5:42:00:29 294 
1640983397.006462 -102 -96 -92 -89 -83 -82 -70 -67 -64 -61 -60 -55 -54 -37 -36 
1640983397.006679 -33 -23 -10 -5 4 4 23 28 36 50 54 55 72 88 111 
1640983398.012981 ### DEBUG: Ticks: 2135, 15, 0 
1640983398.013466 1640051868 c0:98:e5:42:00:29 290 
1640983398.014273 -191 -186 -182 -169 -150 -150 -146 -139 -137 -131 -129 -120 -114 -111 -109 
1640983398.014866 -103 -102 -99 -69 -60 -54 -54 -52 -36 -35 -15 -7 -4 23 37 
1640983399.009711 ### DEBUG: Ticks: 2151, 16, 0 
1640983399.009816 1640051869 c0:98:e5:42:00:29 283 
1640983399.010133 -194 -179 -171 -171 -168 -165 -155 -153 -148 -144 -141 -130 -129 -127 -116 
1640983399.010364 -111 -110 -109 -99 -70 -70 -63 -44 -42 -27 -23 -3 -2 59 0 
1640983400.008447 ### ERROR: Failed reading SquarePoint packet length
1640983402.005813 ### DEBUG: Ticks: 2198, 47, 0 
1640983402.006256 1640051872 c0:98:e5:42:00:29 283 
1640983402.006786 13 23 36 42 47 65 74 90 104 108 111 129 133 142 143 
1640983402.007357 145 156 156 163 169 189 191 192 193 213 222 258 268 277 0 
1640983402.404583 ### INFO: SD card flushed!
1640983403.011969 ### DEBUG: Ticks: 2213, 15, 0 
1640983403.012072 1640051873 c0:98:e5:42:00:29 265 
1640983403.014139 -149 -142 -135 -126 -116 -107 -95 -95 -93 -88 -83 -67 -65 -55 -46 
1640983403.016541 -37 -20 -20 -18 -6 -1 14 21 51 52 63 68 68 92 111 
1640983404.007636 ### DEBUG: Ticks: 2229, 16, 0 
1640983404.008253 1640051874 c0:98:e5:42:00:29 332 
1640983404.008864 -40 -16 -14 14 17 21 26 33 37 44 51 61 61 61 74 
1640983404.009552 74 81 84 97 104 111 113 125 162 172 181 195 196 207 208 
1640983405.006733 ### DEBUG: Ticks: 2245, 16, 0 
1640983405.007176 1640051875 c0:98:e5:42:00:29 266 
1640983405.007799 -86 -84 -78 -68 -68 -64 -62 -52 -51 -45 -23 -16 -13 -9 -5 
1640983405.008276 0 1 3 10 11 30 39 84 93 94 97 112 113 132 162 
1640983406.010999 ### DEBUG: Ticks: 2260, 15, 0 
1640983406.011671 1640051876 c0:98:e5:42:00:29 323 
1640983406.011896 -63 1 11 12 13 21 34 39 45 52 53 58 59 71 86 
1640983406.012074 96 108 129 139 139 146 159 161 163 170 171 182 201 209 215 
1640983407.006497 ### DEBUG: Ticks: 2276, 16, 0 
1640983407.006822 1640051877 c0:98:e5:42:00:29 377 
1640983407.007008 -8 31 41 46 60 63 70 73 82 86 99 110 111 115 122 
1640983407.007226 122 125 126 137 150 154 159 159 160 179 186 192 202 232 261 
1640983408.006301 ### DEBUG: Ticks: 2291, 15, 0 
1640983408.006609 1640051878 c0:98:e5:42:00:29 313 
1640983408.006792 -25 -13 -10 -9 -5 7 16 27 33 37 40 41 42 50 55 
1640983408.007006 62 63 95 96 98 109 109 114 114 120 121 138 142 194 221 
1640983409.005136 ### DEBUG: Ticks: 2307, 16, 0 
1640983409.005460 1640051879 c0:98:e5:42:00:29 305 
1640983409.016504 -1 10 11 12 15 15 22 22 39 66 82 84 91 94 96 
1640983409.016819 99 100 103 107 130 134 144 150 152 154 155 167 172 185 221 
1640983410.009701 ### DEBUG: Ticks: 2323, 16, 0 
1640983410.012121 1640051880 c0:98:e5:42:00:29 258 
1640983410.014340 -60 -36 -35 -34 -23 -3 -2 12 17 21 21 26 28 38 45 
1640983410.016475 48 55 55 61 62 77 79 79 84 93 108 108 109 161 197 
1640983411.011418 ### DEBUG: Ticks: 2338, 15, 0 
1640983411.011777 1640051881 c0:98:e5:42:00:29 267 
1640983411.011935 -82 -63 -54 -43 -43 -31 -29 -23 -15 0 5 8 12 14 14 
1640983411.013349 26 56 58 68 69 72 77 108 112 113 115 118 128 188 195 
1640983412.005734 ### DEBUG: Ticks: 2354, 16, 0 
1640983412.006016 1640051882 c0:98:e5:42:00:29 299 
1640983412.006225 -86 -83 -64 -55 -42 -35 -30 -29 -28 -25 -15 -15 -14 5 13 
1640983412.006404 20 38 42 42 44 48 53 62 64 67 70 76 135 148 165 
1640983413.009484 ### ERROR: Failed reading SquarePoint packet length
1640983415.006647 ### DEBUG: Ticks: 2401, 47, 0 
1640983415.006933 1640051885 c0:98:e5:42:00:29 338 
1640983415.007116 -11 -2 14 17 20 32 41 41 44 45 50 51 53 67 73 
1640983415.007368 79 87 88 90 92 94 95 98 107 114 120 143 181 207 211 
1640983416.012409 ### DEBUG: Ticks: 2416, 15, 0 
1640983416.012510 1640051886 c0:98:e5:42:00:29 351 
1640983416.012550 -20 4 6 10 10 14 16 29 34 47 56 62 100 112 113 
1640983416.012589 113 116 128 131 132 137 140 158 158 164 183 188 195 197 200 
1640983417.011300 ### DEBUG: Ticks: 2432, 16, 0 
1640983417.011404 1640051887 c0:98:e5:42:00:29 325 
1640983417.011690 -25 -24 -5 0 0 3 6 13 16 28 32 33 39 43 50 
1640983417.011928 53 70 73 85 85 87 97 99 101 103 104 105 164 213 233 
1640983418.011911 ### DEBUG: Ticks: 2448, 16, 0 
1640983418.012198 1640051888 c0:98:e5:42:00:29 249 
1640983418.012381 -98 -95 -93 -76 -72 -61 -59 -56 -55 -53 -52 -48 -20 -19 -14 
1640983418.012571 -12 -12 2 16 17 22 26 37 42 42 47 49 52 102 123 
1640983419.013307 ### DEBUG: Ticks: 2463, 15, 0 
1640983419.013506 1640051889 c0:98:e5:42:00:29 334 
1640983419.013626 -25 11 48 56 57 58 59 60 61 69 78 80 84 87 90 
1640983419.013753 91 102 108 117 120 124 127 138 146 152 157 169 205 212 214 
1640983420.009120 ### DEBUG: Ticks: 2479, 16, 0 
1640983420.009410 1640051890 c0:98:e5:42:00:29 439 
1640983420.009593 0 72 74 83 86 88 88 94 98 101 110 120 123 135 141 
1640983420.009781 143 151 155 167 180 206 211 212 227 240 244 252 281 313 427 
1640983420.401793 ### INFO: Device is now IN MOTION
1640983421.005972 ### DEBUG: Ticks: 2494, 15, 0 
1640983421.006222 1640051891 c0:98:e5:42:00:29 334 
1640983421.006378 -21 -13 -1 34 36 42 45 46 48 56 60 61 67 68 69 
1640983421.006539 70 78 79 80 96 96 105 114 124 131 137 139 144 177 214 
1640983422.013209 ### DEBUG: Ticks: 2510, 16, 0 
1640983422.013462 1640051892 c0:98:e5:42:00:29 239 
1640983422.013668 -211 -207 -197 -193 -189 -189 -180 -178 -176 -170 -161 -156 -152 -149 -148 
1640983422.013829 -144 -143 -142 -141 -139 -137 -132 -120 -109 -108 -94 -76 -73 -34 22 
1640983423.009088 ### DEBUG: Ticks: 2526, 16, 0 
1640983423.009384 1640051893 c0:98:e5:42:00:29 437 
1640983423.009629 93 108 124 124 127 133 137 137 139 139 144 145 148 152 154 
1640983423.009897 156 158 159 166 167 176 180 183 193 198 212 214 218 258 315 
1640983424.006478 ### DEBUG: Ticks: 2541, 15, 0 
1640983424.006765 1640051894 c0:98:e5:42:00:29 671 
1640983424.006970 265 281 303 307 313 319 321 328 328 329 334 341 341 343 344 
1640983424.007163 351 355 355 378 382 387 394 397 397 399 419 427 437 501 520 
1640983425.011391 ### DEBUG: Ticks: 2557, 16, 0 
1640983425.011877 1640051895 c0:98:e5:42:00:29 775 
1640983425.012073 432 435 441 443 458 462 481 486 487 491 500 501 503 504 505 
1640983425.012303 507 508 510 510 522 528 534 534 535 536 568 575 600 640 0 
1640983426.005795 ### DEBUG: Ticks: 2573, 16, 0 
1640983426.006058 1640051896 c0:98:e5:42:00:29 895 
1640983426.006258 543 563 580 588 589 596 604 604 621 622 627 629 632 632 636 
1640983426.017335 637 645 647 649 651 653 656 677 677 688 692 694 704 708 756 
1640983427.011029 ### ERROR: Failed reading SquarePoint packet length
1640983429.013843 ### DEBUG: Ticks: 2619, 46, 0 
1640983429.014095 1640051899 c0:98:e5:42:00:29 899 
1640983429.014245 547 547 566 571 576 577 583 586 587 588 596 598 604 605 606 
1640983429.014388 607 615 623 639 642 645 650 650 675 677 679 740 758 900 938 
1640983430.008181 ### DEBUG: Ticks: 2635, 16, 0 
1640983430.008475 1640051900 c0:98:e5:42:00:29 906 
1640983430.008632 521 551 557 558 559 563 566 568 568 569 570 593 606 611 612 
1640983430.008825 615 624 633 635 638 647 653 656 668 681 694 727 728 761 772 
1640983431.005733 ### DEBUG: Ticks: 2651, 16, 0 
1640983431.005991 1640051901 c0:98:e5:42:00:29 823 
1640983431.016618 447 455 471 482 486 491 492 499 501 504 504 505 508 508 514 
1640983431.016900 517 521 529 544 544 549 552 557 580 619 673 681 688 720 767 
1640983432.011968 ### DEBUG: Ticks: 2666, 15, 0 
1640983432.012257 1640051902 c0:98:e5:42:00:29 575 
1640983432.012441 186 186 196 202 206 208 230 237 240 248 248 249 253 254 257 
1640983432.012629 258 261 262 276 282 295 297 298 326 328 331 333 359 361 401 
1640983433.005579 ### DEBUG: Ticks: 2682, 16, 0 
1640983433.005878 1640051903 c0:98:e5:42:00:29 483 
1640983433.017679 110 128 134 142 149 157 165 167 179 199 205 208 211 213 221 
1640983433.017960 224 231 240 244 246 248 256 266 267 268 275 358 371 418 420 
1640983434.005381 ### DEBUG: Ticks: 2698, 16, 0 
1640983434.005636 1640051904 c0:98:e5:42:00:29 812 
1640983434.017481 520 527 529 532 543 546 546 562 567 568 572 575 575 576 591 
1640983434.017681 592 609 628 647 653 657 669 695 700 702 709 754 756 903 938 
1640983435.006177 ### DEBUG: Ticks: 2713, 15, 0 
1640983435.006385 1640051905 c0:98:e5:42:00:29 868 
1640983435.006510 460 502 510 510 516 522 528 535 537 542 546 549 574 574 583 
1640983435.006638 602 606 609 631 637 644 650 653 666 710 711 766 773 822 839 
1640983436.006939 ### DEBUG: Ticks: 2729, 16, 0 
1640983436.007243 1640051906 c0:98:e5:42:00:29 681 
1640983436.007429 274 303 312 325 340 342 345 345 348 348 355 360 363 367 368 
1640983436.007720 374 384 389 389 389 391 393 393 401 409 414 434 438 441 602 
1640983437.012927 ### DEBUG: Ticks: 2744, 15, 0 
1640983437.013211 1640051907 c0:98:e5:42:00:29 717 
1640983437.013370 338 365 365 367 398 401 402 407 407 408 413 420 422 425 435 
1640983437.013534 440 441 452 452 456 459 465 471 485 488 488 507 512 532 546 
1640983438.007753 ### DEBUG: Ticks: 2760, 16, 0 
1640983438.007971 1640051908 c0:98:e5:42:00:29 658 
1640983438.008122 258 300 313 333 335 337 346 355 368 369 372 373 375 379 385 
1640983438.008271 386 394 394 395 406 416 424 428 437 447 448 458 461 462 477 
1640983439.006762 ### DEBUG: Ticks: 2776, 16, 0 
1640983439.007010 1640051909 c0:98:e5:42:00:29 460 
1640983439.007147 96 103 104 114 118 123 126 130 132 136 154 154 167 172 181 
1640983439.007288 198 203 203 220 222 223 230 236 244 245 251 266 283 286 287 
1640983440.003904 ### ERROR: Failed reading SquarePoint packet length
1640983442.008629 ### DEBUG: Ticks: 2822, 46, 0 
1640983442.008887 1640051912 c0:98:e5:42:00:29 1002 
1640983442.009088 603 612 625 628 654 656 670 687 696 710 713 716 718 725 737 
1640983442.009241 738 738 760 763 781 786 792 794 828 840 855 861 893 895 1123 
1640983443.013918 ### DEBUG: Ticks: 2838, 16, 0 
1640983443.014665 1640051913 c0:98:e5:42:00:29 1015 
1640983443.014876 705 756 761 766 766 787 790 790 791 797 819 828 828 832 832 
1640983443.015043 840 843 848 849 864 875 890 895 921 948 978 994 1000 1067 1102 
1640983444.007115 ### DEBUG: Ticks: 2854, 16, 0 
1640983444.007404 1640051914 c0:98:e5:42:00:29 920 
1640983444.007676 504 525 546 547 559 584 584 587 590 596 596 608 616 626 630 
1640983444.007899 640 640 649 657 673 678 703 708 709 710 754 757 766 796 852 
1640983445.014155 ### DEBUG: Ticks: 2869, 15, 0 
1640983445.014442 1640051915 c0:98:e5:42:00:29 894 
1640983445.014668 521 521 531 548 550 553 568 577 586 587 590 593 599 602 604 
1640983445.014876 605 606 619 630 635 663 682 714 731 736 751 753 755 830 866 
1640983446.008182 ### DEBUG: Ticks: 2885, 16, 0 
1640983446.008456 1640051916 c0:98:e5:42:00:29 749 
1640983446.008619 351 355 368 369 370 370 409 420 438 442 447 450 455 471 479 
1640983446.008760 494 502 507 516 529 538 547 563 567 575 580 595 605 614 634 
1640983447.012084 ### DEBUG: Ticks: 2901, 16, 0 
1640983447.012310 1640051917 c0:98:e5:42:00:29 724 
1640983447.012448 392 394 419 420 421 439 442 447 465 468 472 478 479 482 487 
1640983447.012590 499 508 516 521 537 544 571 576 583 586 604 614 625 643 773 
1640983448.006278 ### DEBUG: Ticks: 2916, 15, 0 
1640983448.006531 1640051918 c0:98:e5:42:00:29 950 
1640983448.006726 505 510 510 511 532 548 554 558 559 560 561 569 570 573 575 
1640983448.006888 579 599 601 602 609 617 628 641 656 661 667 686 698 702 826 
1640983448.394779 ### INFO: SD card flushed!
1640983449.006749 ### DEBUG: Ticks: 2932, 16, 0 
1640983449.007076 1640051919 c0:98:e5:42:00:29 974 
1640983449.007260 587 606 622 626 628 638 639 640 644 644 644 645 648 653 655 
1640983449.018744 660 666 681 685 690 699 710 716 719 722 748 764 795 814 947 
1640983450.015829 ### DEBUG: Ticks: 2947, 15, 0 
1640983450.016080 1640051920 c0:98:e5:42:00:29 954 
1640983450.016281 555 574 586 588 596 598 606 609 615 615 617 618 627 634 644 
1640983450.016447 644 652 656 663 678 692 699 709 710 730 750 794 800 839 1024 
1640983450.966883 ### DEBUG: BLE START SCANNING called
1640983451.013753 ### DEBUG: Ticks: 2963, 16, 0 
1640983451.014029 1640051921 c0:98:e5:42:00:29 921 
1640983451.014240 531 549 549 559 562 572 574 575 576 587 600 603 603 606 613 
1640983451.014404 614 616 616 617 627 634 645 648 650 686 688 691 693 698 704 
1640983452.013852 ### DEBUG: Ticks: 2979, 16, 0 
1640983452.014183 1640051922 c0:98:e5:42:00:29 843 
1640983452.014368 458 491 505 509 519 521 524 524 526 529 536 537 540 542 548 
1640983452.014585 554 564 565 569 575 577 586 589 606 621 633 648 680 682 705 
1640983452.082296 ### DEBUG: BLE START SCANNING called
1640983452.104439 ### DEBUG: BLE START SCANNING called
1640983452.115160 ### DEBUG: BLE START SCANNING called
1640983453.006799 ### ERROR: Failed reading SquarePoint packet length
1640983453.201185 ### DEBUG: BLE START SCANNING called
1640983454.227475 ### DEBUG: BLE START SCANNING called
1640983454.227825 ### DEBUG: BLE START SCANNING called
1640983454.285555 ### DEBUG: BLE START SCANNING called
1640983454.298010 ### BLE EVENT: 16, INFO: BLE CONNECTED!
1640983454.300106 ### DEBUG: BLE START SCANNING called
1640983454.300384 ### RSSI: -46, 23, 1640051924 ,3014 
1640983454.300579 ### DEBUG: BLE START SCANNING called
1640983454.398678 ### RSSI: -45, 33, 1640051925 ,3016 
1640983454.398885 ### DEBUG: BLE START SCANNING called
1640983454.497509 ### RSSI: -48, 0, 1640051925 ,3018 
1640983454.497879 ### DEBUG: BLE START SCANNING called
1640983454.600595 ### RSSI: -53, 6, 1640051925 ,3019 
1640983454.600878 ### DEBUG: BLE START SCANNING called
1640983454.700865 ### RSSI: -51, 3, 1640051925 ,3021 
1640983454.701096 ### DEBUG: BLE START SCANNING called
1640983454.792754 ### RSSI: -56, 34, 1640051925 ,3022 
1640983454.804034 ### DEBUG: BLE START SCANNING called
1640983454.894755 ### RSSI: -54, 12, 1640051925 ,3024 
1640983454.895042 ### DEBUG: BLE START SCANNING called
1640983454.998576 ### RSSI: -52, 3, 1640051925 ,3025 
1640983454.998867 ### DEBUG: BLE START SCANNING called
1640983455.012308 ### DEBUG: Ticks: 3026, 47, 0 
1640983455.014077 1640051925 c0:98:e5:42:00:29 549 
1640983455.016437 131 146 171 178 198 199 203 207 209 211 212 218 219 221 223 
1640983455.016680 224 228 233 242 243 249 259 262 271 273 284 293 306 311 332 
1640983455.101186 ### RSSI: -52, 8, 1640051925 ,3027 
1640983455.101432 ### DEBUG: BLE START SCANNING called
1640983455.202549 ### RSSI: -53, 11, 1640051925 ,3028 
1640983455.202847 ### DEBUG: BLE START SCANNING called
1640983455.294520 ### RSSI: -57, 32, 1640051926 ,3030 
1640983455.294801 ### DEBUG: BLE START SCANNING called
1640983455.318224 ### addr: c0:98:e5:42:00:29 
1640983455.318524 ### on_adv_report outer RSSI: -48, time:1640051926 
1640983455.318755 ### INFO: Discovered new device: c0:98:e5:42:00:29
1640983455.318937 ### DEBUG: connected? already connected
1640983455.319301 ### DEBUG: BLE START SCANNING called
1640983455.376399 ### BLE EVENT: 16, INFO: BLE CONNECTED!
1640983455.378874 ### DEBUG: BLE START SCANNING called
1640983455.387178 ### RSSI: -50, 34, 1640051926 ,3031 
1640983455.388114 ### DEBUG: BLE START SCANNING called
1640983455.399876 ### RSSI: -49, 31, 1640051926 ,3032 
1640983455.400166 ### DEBUG: BLE START SCANNING called
1640983455.478158 ### RSSI: -52, 24, 1640051926 ,3033 
1640983455.478723 ### DEBUG: BLE START SCANNING called
1640983455.500667 ### RSSI: -54, 29, 1640051926 ,3033 
1640983455.500952 ### DEBUG: BLE START SCANNING called
1640983455.581716 ### RSSI: -55, 33, 1640051926 ,3034 
1640983455.583740 ### DEBUG: BLE START SCANNING called
1640983455.603292 ### RSSI: -49, 26, 1640051926 ,3035 
1640983455.603613 ### DEBUG: BLE START SCANNING called
1640983455.684200 ### RSSI: -53, 28, 1640051926 ,3036 
1640983455.684453 ### DEBUG: BLE START SCANNING called
1640983455.695769 ### RSSI: -54, 16, 1640051926 ,3036 
1640983455.696160 ### DEBUG: BLE START SCANNING called
1640983455.778148 ### RSSI: -55, 31, 1640051926 ,3038 
1640983455.779827 ### DEBUG: BLE START SCANNING called
1640983455.799134 ### RSSI: -55, 33, 1640051926 ,3038 
1640983455.799405 ### DEBUG: BLE START SCANNING called
1640983455.881829 ### RSSI: -55, 24, 1640051926 ,3039 
1640983455.882089 ### DEBUG: BLE START SCANNING called
1640983455.904416 ### RSSI: -60, 8, 1640051926 ,3039 
1640983455.904709 ### DEBUG: BLE START SCANNING called
1640983455.984167 ### RSSI: -52, 32, 1640051926 ,3041 
1640983455.995020 ### RSSI: -53, 11, 1640051926 ,3041 
1640983456.007075 ### DEBUG: Ticks: 3041, 15, 1 
1640983456.007352 1640051926 c0:98:e5:42:00:29 858 
1640983456.007646 471 474 482 497 503 521 523 525 533 551 553 556 558 562 565 
1640983456.008031 578 583 585 596 612 615 625 646 655 673 675 682 723 752 767 
1640983456.086756 ### RSSI: -52, 32, 1640051926 ,3042 
1640983456.097758 ### RSSI: -55, 30, 1640051926 ,3043 
1640983456.185797 ### RSSI: -55, 11, 1640051926 ,3044 
1640983456.197946 ### RSSI: -54, 27, 1640051926 ,3044 
1640983456.285768 ### RSSI: -70, 3, 1640051927 ,3045 
1640983456.297832 ### RSSI: -56, 15, 1640051927 ,3046 
1640983456.375882 ### RSSI: -56, 5, 1640051927 ,3047 
1640983456.400398 ### RSSI: -56, 27, 1640051927 ,3047 
1640983456.479227 ### RSSI: -54, 28, 1640051927 ,3049 
1640983456.500592 ### RSSI: -51, 31, 1640051927 ,3049 
1640983456.581915 ### RSSI: -62, 0, 1640051927 ,3050 
1640983456.604624 ### RSSI: -56, 4, 1640051927 ,3050 
1640983456.683732 ### RSSI: -52, 11, 1640051927 ,3052 
1640983456.695625 ### RSSI: -57, 35, 1640051927 ,3052 
1640983456.776171 ### RSSI: -57, 15, 1640051927 ,3053 
1640983456.797780 ### RSSI: -55, 28, 1640051927 ,3053 
1640983456.878032 ### RSSI: -59, 7, 1640051927 ,3055 
1640983456.899496 ### RSSI: -62, 1, 1640051927 ,3055 
1640983456.977717 ### RSSI: -54, 29, 1640051927 ,3056 
1640983457.013865 ### DEBUG: Ticks: 3057, 16, 1 
1640983457.014084 1640051927 c0:98:e5:42:00:29 1015 
1640983457.014230 603 636 640 646 649 666 679 685 687 692 697 706 710 712 719 
1640983457.014392 724 724 729 738 742 750 753 777 787 791 836 851 855 878 916 
1640983457.896321 ### RSSI: -70, 10, 1640051928 ,3071 
1640983457.976536 ### RSSI: -60, 13, 1640051928 ,3072 
1640983458.011285 ### DEBUG: Ticks: 3072, 15, 1 
1640983458.011637 1640051928 c0:98:e5:42:00:29 878 
1640983458.011809 533 545 551 554 563 572 573 573 588 592 593 597 602 605 617 
1640983458.011964 621 623 627 632 647 648 649 653 671 677 678 682 688 714 725 
1640983458.899138 ### RSSI: -51, 7, 1640051929 ,3086 
1640983458.978066 ### RSSI: -50, 2, 1640051929 ,3088 
1640983459.012031 ### DEBUG: Ticks: 3088, 16, 1 
1640983459.012225 1640051929 c0:98:e5:42:00:29 903 
1640983459.012336 527 532 569 583 586 588 589 590 594 599 607 611 622 623 634 
1640983459.012464 635 638 648 649 660 666 677 679 699 711 720 726 728 736 789 
1640983459.892748 ### RSSI: -50, 7, 1640051930 ,3102 
1640983459.981611 ### RSSI: -52, 4, 1640051930 ,3103 
1640983460.015749 ### DEBUG: Ticks: 3104, 16, 1 
1640983460.015957 1640051930 c0:98:e5:42:00:29 856 
1640983460.016081 408 412 422 444 446 458 458 462 471 472 472 478 480 488 489 
1640983460.016198 509 510 522 530 531 534 542 550 553 562 574 613 636 638 841 
1640983460.904953 ### RSSI: -52, 6, 1640051931 ,3118 
1640983460.986995 ### RSSI: -53, 32, 1640051931 ,3119 
1640983461.011037 ### DEBUG: Ticks: 3119, 15, 1 
1640983461.011288 1640051931 c0:98:e5:42:00:29 706 
1640983461.011474 336 364 390 403 405 409 411 413 418 422 422 425 433 439 446 
1640983461.011709 447 449 450 451 451 452 454 462 480 482 497 525 533 545 560 
1640983461.898850 ### RSSI: -54, 18, 1640051932 ,3133 
1640983461.977906 ### RSSI: -52, 33, 1640051932 ,3134 
1640983462.012774 ### DEBUG: Ticks: 3135, 16, 1 
1640983462.013035 1640051932 c0:98:e5:42:00:29 543 
1640983462.013218 163 174 176 179 191 199 206 208 211 217 218 220 226 233 233 
1640983462.013383 240 240 242 245 246 248 253 275 276 276 289 322 354 518 527 
1640983462.899012 ### RSSI: -51, 12, 1640051932 ,3149 
1640983462.975971 ### RSSI: -50, 11, 1640051933 ,3150 
1640983463.009531 ### DEBUG: Ticks: 3150, 15, 1 
1640983463.009746 1640051933 c0:98:e5:42:00:29 897 
1640983463.009869 461 467 494 496 507 507 507 521 536 545 546 562 565 573 574 
1640983463.010010 575 579 609 619 620 630 648 652 659 665 692 698 709 736 782 
1640983463.893068 ### RSSI: -52, 26, 1640051933 ,3164 
1640983463.985125 ### RSSI: -51, 17, 1640051934 ,3166 
1640983464.007745 ### DEBUG: Ticks: 3166, 16, 1 
1640983464.008081 1640051934 c0:98:e5:42:00:29 987 
1640983464.008455 613 625 627 636 652 658 664 671 680 689 691 692 714 720 738 
1640983464.009017 743 756 760 761 773 775 797 828 828 836 842 845 850 1012 1072 
1640983464.901936 ### RSSI: -55, 6, 1640051935 ,3180 
1640983464.984446 ### RSSI: -53, 30, 1640051935 ,3181 
1640983465.008260 ### DEBUG: Ticks: 3182, 16, 1 
1640983465.008499 1640051935 c0:98:e5:42:00:29 822 
1640983465.008644 426 459 467 470 477 481 491 491 497 498 503 513 514 528 528 
1640983465.008776 531 532 532 536 538 546 551 563 580 603 622 625 637 686 699 
1640983465.896625 ### RSSI: -48, 29, 1640051936 ,3196 
1640983465.984320 ### RSSI: -48, 29, 1640051936 ,3197 
1640983466.006621 ### ERROR: Failed reading SquarePoint packet length
1640983466.904133 ### RSSI: -47, 25, 1640051937 ,3211 
1640983466.980431 ### RSSI: -50, 35, 1640051937 ,3213 
1640983467.900428 ### RSSI: -55, 7, 1640051938 ,3227 
1640983467.979030 ### RSSI: -47, 13, 1640051938 ,3228 
1640983468.015215 ### DEBUG: Ticks: 3229, 47, 1 
1640983468.015432 1640051938 c0:98:e5:42:00:29 670 
1640983468.015608 316 319 324 325 337 341 346 351 364 369 383 387 387 391 392 
1640983468.015737 398 399 404 412 414 422 424 427 437 447 465 467 484 484 499 
1640983468.903029 ### RSSI: -63, 28, 1640051939 ,3242 
1640983468.979924 ### RSSI: -50, 35, 1640051939 ,3244 
1640983469.015367 ### DEBUG: Ticks: 3244, 15, 1 
1640983469.016263 1640051939 c0:98:e5:42:00:29 447 
1640983469.016461 25 27 42 55 67 74 82 84 88 89 108 113 113 115 116 
1640983469.016609 129 131 134 140 143 165 170 171 174 192 197 201 207 299 308 
1640983469.900149 ### RSSI: -53, 30, 1640051940 ,3258 
1640983469.977413 ### RSSI: -53, 28, 1640051940 ,3259 
1640983470.012754 ### DEBUG: Ticks: 3260, 16, 1 
1640983470.013923 1640051940 c0:98:e5:42:00:29 896 
1640983470.014113 280 386 401 407 436 439 451 458 465 505 511 516 516 521 539 
1640983470.014260 545 548 558 591 609 609 619 632 633 641 696 702 709 781 809 
1640983470.901222 ### RSSI: -61, 17, 1640051941 ,3274 
1640983470.981660 ### RSSI: -60, 7, 1640051941 ,3275 
1640983471.003764 ### DEBUG: Ticks: 3275, 15, 1 
1640983471.015853 1640051941 c0:98:e5:42:00:29 1022 
1640983471.016142 569 588 612 626 632 650 670 673 675 676 681 683 697 705 717 
1640983471.016311 728 736 737 738 749 775 775 784 799 810 878 881 891 931 959 
1640983471.984349 ### RSSI: -64, 26, 1640051942 ,3291 
1640983471.996270 ### RSSI: -61, 30, 1640051942 ,3291 
1640983472.008886 ### DEBUG: Ticks: 3291, 16, 1 
1640983472.009179 1640051942 c0:98:e5:42:00:29 1062 
1640983472.009363 714 769 772 781 784 784 790 799 824 834 835 842 843 844 846 
1640983472.009553 852 854 855 864 871 887 918 938 949 953 965 990 1023 1026 1057 
1640983472.975167 ### RSSI: -56, 0, 1640051943 ,3306 
1640983472.996840 ### RSSI: -59, 35, 1640051943 ,3307 
1640983473.009054 ### DEBUG: Ticks: 3307, 16, 1 
1640983473.009279 1640051943 c0:98:e5:42:00:29 945 
1640983473.009416 583 601 609 631 639 660 662 664 667 671 678 683 683 691 696 
1640983473.009578 705 714 720 724 724 725 734 741 754 765 792 802 855 870 887 
1640983473.978940 ### RSSI: -60, 19, 1640051944 ,3322 
1640983474.000725 ### RSSI: -64, 0, 1640051944 ,3322 
1640983474.013760 ### DEBUG: Ticks: 3322, 15, 1 
1640983474.015662 1640051944 c0:98:e5:42:00:29 977 
1640983474.016934 602 613 615 620 628 629 633 657 670 672 672 675 675 677 715 
1640983474.017158 717 718 718 722 750 750 768 781 787 803 807 830 850 889 928 
1640983474.976265 ### RSSI: -51, 28, 1640051945 ,3337 
1640983474.998563 ### RSSI: -50, 18, 1640051945 ,3338 
1640983475.012071 ### DEBUG: Ticks: 3338, 16, 1 
1640983475.013411 1640051945 c0:98:e5:42:00:29 842 
1640983475.014836 495 504 523 536 540 542 552 553 554 570 571 574 575 592 592 
1640983475.015076 610 610 615 624 626 632 642 646 696 704 714 757 789 845 1133 
1640983475.977122 ### RSSI: -51, 8, 1640051946 ,3353 
1640983475.998948 ### RSSI: -50, 20, 1640051946 ,3353 
1640983476.013400 ### DEBUG: Ticks: 3354, 16, 1 
1640983476.013650 1640051946 c0:98:e5:42:00:29 607 
1640983476.013808 250 254 279 284 298 305 311 314 315 326 337 354 358 360 360 
1640983476.013968 368 368 370 379 388 399 399 402 407 414 437 437 439 456 459 
1640983476.984845 ### RSSI: -52, 21, 1640051947 ,3369 
1640983476.996861 ### RSSI: -55, 13, 1640051947 ,3369 
1640983477.009388 ### DEBUG: Ticks: 3369, 15, 1 
1640983477.009635 1640051947 c0:98:e5:42:00:29 893 
1640983477.009793 459 509 523 524 539 539 543 545 556 569 581 583 589 597 605 
1640983477.009987 630 634 637 640 667 674 682 687 721 748 763 766 791 831 853 
1640983477.980004 ### RSSI: -49, 2, 1640051948 ,3384 
1640983478.001648 ### RSSI: -52, 29, 1640051948 ,3385 
1640983478.015424 ### DEBUG: Ticks: 3385, 16, 1 
1640983478.016756 1640051948 c0:98:e5:42:00:29 948 
1640983478.017023 572 574 578 578 602 619 622 623 630 632 637 637 641 645 646 
1640983478.017262 648 650 654 654 654 654 675 683 687 707 776 789 798 845 960 
1640983478.978217 ### RSSI: -60, 7, 1640051949 ,3400 
1640983479.003214 ### RSSI: -49, 2, 1640051949 ,3400 
1640983479.003444 ### ERROR: Failed reading SquarePoint packet length
1640983479.975397 ### RSSI: -52, 20, 1640051950 ,3416 
1640983479.997418 ### RSSI: -52, 21, 1640051950 ,3416 
1640983480.983125 ### RSSI: -54, 1, 1640051951 ,3431 
1640983480.994358 ### RSSI: -51, 12, 1640051951 ,3431 
1640983481.015371 ### DEBUG: Ticks: 3432, 47, 1 
1640983481.015709 1640051951 c0:98:e5:42:00:29 885 
1640983481.015900 469 479 507 517 518 531 532 539 546 546 551 551 555 556 557 
1640983481.020074 559 559 564 565 568 570 571 577 581 616 616 643 698 709 716 
1640983481.379157 ### INFO: SD card flushed!
1640983481.982587 ### RSSI: -49, 26, 1640051952 ,3447 
1640983481.993818 ### RSSI: -49, 27, 1640051952 ,3447 
1640983482.004404 ### DEBUG: Ticks: 3447, 15, 1 
1640983482.016071 1640051952 c0:98:e5:42:00:29 850 
1640983482.016369 500 521 526 533 535 540 540 545 552 554 559 570 591 593 600 
1640983482.016565 601 608 608 624 628 634 641 643 666 674 706 748 767 870 0 
1640983482.980626 ### RSSI: -53, 34, 1640051953 ,3462 
1640983482.993873 ### RSSI: -55, 32, 1640051953 ,3463 
1640983483.014297 ### DEBUG: Ticks: 3463, 16, 1 
1640983483.014585 1640051953 c0:98:e5:42:00:29 746 
1640983483.014771 390 402 410 413 421 423 425 433 441 442 445 446 446 457 458 
1640983483.014964 462 469 469 470 471 472 489 498 508 511 549 554 567 595 640 
1640983483.977695 ### RSSI: -46, 35, 1640051954 ,3478 
1640983484.000772 ### RSSI: -47, 30, 1640051954 ,3478 
1640983484.012434 ### DEBUG: Ticks: 3479, 16, 1 
1640983484.012623 1640051954 c0:98:e5:42:00:29 736 
1640983484.012752 406 424 442 461 466 470 481 484 490 492 497 506 509 514 520 
1640983484.012883 522 523 525 527 530 532 532 535 536 541 542 569 599 649 676 
1640983484.979135 ### RSSI: -57, 30, 1640051955 ,3494 
1640983485.001682 ### RSSI: -50, 15, 1640051955 ,3494 
1640983485.014129 ### DEBUG: Ticks: 3494, 15, 1 
1640983485.014302 1640051955 c0:98:e5:42:00:29 643 
1640983485.014393 313 343 344 350 353 360 369 388 392 395 400 400 402 404 404 
1640983485.014503 414 416 425 428 432 439 444 461 463 466 470 475 477 479 688 
1640983485.982055 ### RSSI: -56, 10, 1640051956 ,3509 
1640983485.992064 ### RSSI: -62, 16, 1640051957 ,3510 
1640983486.014942 ### DEBUG: Ticks: 3510, 16, 1 
1640983486.015212 1640051956 c0:98:e5:42:00:29 874 
1640983486.015394 394 416 424 425 425 431 437 439 441 443 443 449 459 467 477 
1640983486.015627 480 485 505 505 506 510 518 529 532 534 535 572 576 645 655 
1640983486.979295 ### RSSI: -60, 28, 1640051957 ,3525 
1640983486.991186 ### RSSI: -55, 8, 1640051957 ,3525 
1640983487.014631 ### DEBUG: Ticks: 3525, 15, 1 
1640983487.014861 1640051957 c0:98:e5:42:00:29 997 
1640983487.014984 570 596 602 606 608 613 617 622 628 630 633 641 643 649 660 
1640983487.015111 663 664 667 674 696 696 709 710 722 753 756 772 774 792 799 
1640983487.981197 ### RSSI: -53, 27, 1640051958 ,3541 
1640983487.992641 ### RSSI: -58, 10, 1640051958 ,3541 
1640983488.014349 ### DEBUG: Ticks: 3541, 16, 1 
1640983488.014636 1640051958 c0:98:e5:42:00:29 887 
1640983488.014822 533 539 542 545 555 576 581 586 587 588 595 607 607 608 614 
1640983488.015012 617 620 625 629 631 634 635 637 641 643 645 653 655 690 788 
1640983488.983824 ### RSSI: -48, 18, 1640051959 ,3556 
1640983488.993003 ### RSSI: -49, 4, 1640051959 ,3556 
1640983489.016673 ### DEBUG: Ticks: 3557, 16, 1 
1640983489.016874 1640051959 c0:98:e5:42:00:29 953 
1640983489.017033 588 596 607 614 615 626 633 634 638 641 650 656 656 656 671 
1640983489.017153 683 684 692 700 702 703 705 713 714 719 732 756 792 828 845 
1640983489.982346 ### RSSI: -47, 18, 1640051960 ,3572 
1640983489.992557 ### RSSI: -55, 21, 1640051960 ,3572 
1640983490.016151 ### DEBUG: Ticks: 3572, 15, 1 
1640983490.016778 1640051960 c0:98:e5:42:00:29 839 
1640983490.016925 462 463 463 494 499 499 508 523 525 531 533 544 545 567 568 
1640983490.017042 569 577 580 580 582 584 586 589 590 593 605 670 688 709 907 
1640983490.975471 ### RSSI: -54, 18, 1640051961 ,3587 
1640983490.997005 ### RSSI: -62, 4, 1640051961 ,3588 
1640983491.008891 ### DEBUG: Ticks: 3588, 16, 1 
1640983491.010000 1640051961 c0:98:e5:42:00:29 637 
1640983491.010242 247 261 275 279 280 291 295 301 307 310 314 315 318 318 324 
1640983491.010441 326 332 335 335 336 338 346 346 358 363 388 397 404 411 485 
1640983491.980785 ### RSSI: -52, 6, 1640051962 ,3603 
1640983491.993306 ### RSSI: -53, 12, 1640051962 ,3603 
1640983492.008036 ### ERROR: Failed reading SquarePoint packet length
1640983492.976630 ### RSSI: -53, 34, 1640051963 ,3619 
1640983492.998490 ### RSSI: -52, 12, 1640051963 ,3619 
1640983493.977452 ### RSSI: -55, 17, 1640051964 ,3634 
1640983493.999978 ### RSSI: -53, 14, 1640051964 ,3635 
1640983494.015022 ### DEBUG: Ticks: 3635, 47, 1 
1640983494.015500 1640051964 c0:98:e5:42:00:29 904 
1640983494.015755 556 557 559 574 579 585 586 589 602 624 631 635 636 642 649 
1640983494.016124 650 656 657 660 665 697 707 718 752 753 777 812 824 922 966 
1640983494.980408 ### RSSI: -53, 13, 1640051965 ,3650 
1640983494.991333 ### RSSI: -50, 25, 1640051965 ,3650 
1640983495.013217 ### DEBUG: Ticks: 3650, 15, 1 
1640983495.013410 1640051965 c0:98:e5:42:00:29 806 
1640983495.013521 445 454 455 461 471 473 481 483 484 497 501 514 519 519 523 
1640983495.013658 524 524 528 535 546 547 556 561 572 584 601 606 608 657 758 
1640983495.975484 ### RSSI: -48, 15, 1640051966 ,3665 
1640983495.995907 ### RSSI: -47, 3, 1640051966 ,3666 
1640983496.008110 ### DEBUG: Ticks: 3666, 16, 1 
1640983496.008338 1640051966 c0:98:e5:42:00:29 743 
1640983496.008485 412 416 427 429 432 439 445 449 456 457 457 462 466 466 470 
1640983496.008626 472 472 491 501 501 521 525 541 542 547 550 552 566 581 582 
1640983496.975311 ### RSSI: -49, 23, 1640051967 ,3681 
1640983496.998923 ### RSSI: -48, 21, 1640051967 ,3681 
1640983497.010387 ### DEBUG: Ticks: 3682, 16, 1 
1640983497.010685 1640051967 c0:98:e5:42:00:29 777 
1640983497.010871 466 466 468 475 490 495 495 518 526 527 535 545 548 556 558 
1640983497.011311 561 563 566 567 571 575 595 609 611 621 624 626 657 684 689 
1640983497.981120 ### RSSI: -47, 6, 1640051968 ,3697 
1640983497.992286 ### RSSI: -51, 14, 1640051968 ,3697 
1640983498.014938 ### DEBUG: Ticks: 3697, 15, 1 
1640983498.015159 1640051968 c0:98:e5:42:00:29 572 
1640983498.015298 225 247 249 259 268 272 277 277 283 290 291 292 305 313 316 
1640983498.015441 327 331 333 339 340 341 344 354 354 358 384 389 391 394 423 
1640983498.978348 ### RSSI: -46, 21, 1640051969 ,3712 
1640983499.000169 ### RSSI: -46, 3, 1640051969 ,3713 
1640983499.014985 ### DEBUG: Ticks: 3713, 16, 1 
1640983499.015476 1640051969 c0:98:e5:42:00:29 495 
1640983499.015817 78 105 106 112 115 156 164 165 171 183 191 200 205 212 218 
1640983499.015965 220 226 234 236 237 237 238 245 250 252 257 261 273 288 329 
1640983499.975625 ### RSSI: -62, 15, 1640051970 ,3728 
1640983499.996704 ### RSSI: -54, 4, 1640051970 ,3728 
1640983500.009104 ### DEBUG: Ticks: 3728, 15, 1 
1640983500.009326 1640051970 c0:98:e5:42:00:29 1026 
1640983500.009464 630 638 645 653 668 670 688 690 693 706 713 713 732 739 743 
1640983500.009624 765 777 781 787 803 812 829 850 857 872 909 921 921 926 943 
1640983500.973872 ### RSSI: -66, 3, 1640051971 ,3744 
1640983500.996368 ### RSSI: -61, 19, 1640051971 ,3744 
1640983501.007344 ### DEBUG: Ticks: 3744, 16, 1 
1640983501.007758 1640051971 c0:98:e5:42:00:29 1137 
1640983501.007944 780 783 796 803 815 822 835 837 842 870 880 891 893 896 923 
1640983501.008135 932 942 945 953 968 974 978 992 993 993 1016 1074 1101 1146 1201 
1640983501.980873 ### RSSI: -56, 1, 1640051972 ,3759 
1640983501.992654 ### RSSI: -55, 33, 1640051972 ,3759 
1640983502.014470 ### DEBUG: Ticks: 3760, 16, 1 
1640983502.014744 1640051972 c0:98:e5:42:00:29 955 
1640983502.014902 640 641 653 657 658 658 667 673 703 705 709 716 717 721 722 
1640983502.015067 723 730 734 748 752 755 763 801 816 850 852 874 902 966 993 
1640983502.974193 ### RSSI: -56, 5, 1640051973 ,3775 
1640983502.996155 ### RSSI: -55, 5, 1640051973 ,3775 
1640983503.007633 ### DEBUG: Ticks: 3775, 15, 1 
1640983503.007828 1640051973 c0:98:e5:42:00:29 944 
1640983503.007938 505 511 514 541 548 550 556 558 581 591 599 602 606 607 613 
1640983503.008052 620 623 650 669 699 700 706 710 725 737 743 750 785 842 0 
1640983503.981768 ### RSSI: -53, 29, 1640051974 ,3790 
1640983503.992584 ### RSSI: -48, 36, 1640051974 ,3791 
1640983504.016160 ### DEBUG: Ticks: 3791, 16, 1 
1640983504.016334 1640051974 c0:98:e5:42:00:29 887 
1640983504.016442 476 493 509 514 520 528 541 545 550 551 555 563 566 576 581 
1640983504.016545 588 596 599 601 606 618 631 667 672 675 686 702 718 748 799 
1640983504.979445 ### RSSI: -48, 2, 1640051975 ,3806 
1640983505.000776 ### RSSI: -48, 12, 1640051975 ,3806 
1640983505.011736 ### ERROR: Failed reading SquarePoint packet length
1640983505.977434 ### RSSI: -48, 18, 1640051976 ,3822 
1640983505.997696 ### RSSI: -76, 10, 1640051976 ,3822 
1640983506.976084 ### RSSI: -54, 36, 1640051977 ,3837 
1640983506.997439 ### RSSI: -55, 28, 1640051977 ,3838 
1640983507.007644 ### DEBUG: Ticks: 3838, 47, 1 
1640983507.009068 1640051977 c0:98:e5:42:00:29 907 
1640983507.009343 428 477 491 493 503 511 515 527 533 539 544 547 564 569 579 
1640983507.009567 579 595 604 632 645 652 654 659 663 664 675 690 702 725 745 
1640983507.981624 ### RSSI: -52, 23, 1640051978 ,3853 
1640983507.993715 ### RSSI: -52, 4, 1640051978 ,3853 
1640983508.008020 ### DEBUG: Ticks: 3853, 15, 1 
1640983508.008321 1640051978 c0:98:e5:42:00:29 868 
1640983508.008510 511 512 527 528 538 540 542 545 554 561 570 571 577 578 580 
1640983508.009043 582 588 590 599 600 603 606 608 620 638 667 694 717 825 841 
1640983508.977434 ### RSSI: -56, 32, 1640051979 ,3869 
1640983508.999221 ### RSSI: -57, 32, 1640051979 ,3869 
1640983509.010813 ### DEBUG: Ticks: 3869, 16, 1 
1640983509.011111 1640051979 c0:98:e5:42:00:29 970 
1640983509.011299 557 585 592 607 608 611 617 625 628 645 646 649 655 658 661 
1640983509.011493 661 662 680 682 695 695 703 711 715 749 781 790 795 826 988 
1640983509.979811 ### RSSI: -55, 16, 1640051980 ,3884 
1640983509.990699 ### RSSI: -55, 17, 1640051980 ,3884 
1640983510.013028 ### DEBUG: Ticks: 3885, 16, 1 
1640983510.013259 1640051980 c0:98:e5:42:00:29 1206 
1640983510.013395 940 949 978 983 999 1014 1038 1044 1052 1054 1057 1075 1075 1084 1088 
1640983510.013567 1095 1139 1140 1153 1170 1184 1196 1209 1220 1234 1247 1299 1374 1405 1410 
1640983510.978398 ### RSSI: -58, 24, 1640051981 ,3900 
1640983511.002009 ### RSSI: -50, 35, 1640051981 ,3900 
1640983511.015254 ### DEBUG: Ticks: 3900, 15, 1 
1640983511.015400 1640051981 c0:98:e5:42:00:29 877 
1640983511.015638 489 508 526 531 535 542 546 547 547 550 553 554 561 563 564 
1640983511.015940 566 567 576 579 581 589 608 617 623 627 644 660 680 692 708 
1640983511.973592 ### RSSI: -52, 5, 1640051982 ,3915 
1640983511.997098 ### RSSI: -49, 25, 1640051982 ,3916 
1640983512.008272 ### DEBUG: Ticks: 3916, 16, 1 
1640983512.009220 1640051982 c0:98:e5:42:00:29 846 
1640983512.010822 386 440 462 463 467 469 482 484 490 495 502 518 518 524 524 
1640983512.012549 528 529 533 533 536 537 540 540 552 570 573 592 607 625 692 
1640983512.978291 ### RSSI: -50, 5, 1640051983 ,3931 
1640983513.001023 ### RSSI: -50, 33, 1640051983 ,3931 
1640983513.017010 ### DEBUG: Ticks: 3932, 16, 1 
1640983513.017305 1640051983 c0:98:e5:42:00:29 784 
1640983513.017489 424 437 447 452 453 475 481 486 491 500 501 505 511 514 514 
1640983513.017682 518 519 531 534 541 542 560 561 564 569 593 638 661 702 0 
1640983513.982165 ### RSSI: -46, 32, 1640051984 ,3947 
1640983513.994361 ### RSSI: -47, 31, 1640051984 ,3947 
1640983514.016393 ### DEBUG: Ticks: 3947, 15, 1 
1640983514.016678 1640051984 c0:98:e5:42:00:29 672 
1640983514.016838 252 263 264 277 285 296 313 326 328 332 333 336 340 343 343 
1640983514.017003 343 355 359 360 362 367 370 396 400 415 477 479 553 613 717 
1640983514.976483 ### RSSI: -49, 11, 1640051985 ,3962 
1640983514.997749 ### RSSI: -55, 26, 1640051985 ,3962 
1640983515.008840 ### DEBUG: Ticks: 3963, 16, 1 
1640983515.009067 1640051985 c0:98:e5:42:00:29 590 
1640983515.009232 214 252 256 258 279 280 292 295 295 295 295 313 314 317 317 
1640983515.010224 319 325 338 339 356 357 361 363 372 374 388 394 400 406 438 
1640983515.438474 ### INFO: SD card flushed!
1640983515.974531 ### RSSI: -57, 34, 1640051986 ,3978 
1640983515.995396 ### RSSI: -55, 4, 1640051986 ,3978 
1640983516.007455 ### DEBUG: Ticks: 3978, 15, 1 
1640983516.007871 1640051986 c0:98:e5:42:00:29 963 
1640983516.008565 491 554 556 559 578 598 604 605 605 610 616 620 620 627 633 
1640983516.008753 633 633 635 636 645 648 663 672 684 710 735 763 769 770 772 
1640983516.974713 ### RSSI: -64, 2, 1640051987 ,3993 
1640983516.997247 ### RSSI: -71, 7, 1640051987 ,3994 
1640983517.010150 ### DEBUG: Ticks: 3994, 16, 1 
1640983517.012540 1640051987 c0:98:e5:42:00:29 1047 
1640983517.015727 667 668 691 706 720 728 728 739 748 749 750 766 769 791 792 
1640983517.015949 797 813 838 847 851 888 896 905 913 930 938 953 967 967 1013 
1640983517.973743 ### RSSI: -53, 34, 1640051988 ,4009 
1640983517.996843 ### RSSI: -51, 23, 1640051988 ,4009 
1640983518.006854 ### ERROR: Failed reading SquarePoint packet length
1640983518.973841 ### RSSI: -49, 21, 1640051989 ,4025 
1640983518.996097 ### RSSI: -55, 11, 1640051989 ,4025 
1640983519.973117 ### RSSI: -52, 4, 1640051990 ,4040 
1640983519.993765 ### RSSI: -50, 7, 1640051990 ,4041 
1640983520.015319 ### DEBUG: Ticks: 4041, 47, 1 
1640983520.015487 1640051990 c0:98:e5:42:00:29 775 
1640983520.015649 423 426 437 445 456 459 471 474 480 490 493 493 493 500 502 
1640983520.015737 504 504 511 521 527 535 537 540 560 562 566 619 627 669 675 
1640983520.976632 ### RSSI: -58, 34, 1640051991 ,4056 
1640983520.998174 ### RSSI: -54, 16, 1640051991 ,4056 
1640983521.010173 ### DEBUG: Ticks: 4056, 15, 1 
1640983521.010466 1640051991 c0:98:e5:42:00:29 635 
1640983521.010696 145 189 220 231 234 237 237 240 267 268 273 275 284 291 294 
1640983521.010925 297 303 309 311 315 326 341 345 360 362 370 379 402 450 484 
1640983521.972849 ### RSSI: -59, 15, 1640051992 ,4072 
1640983521.994952 ### RSSI: -57, 15, 1640051992 ,4072 
1640983522.008868 ### DEBUG: Ticks: 4072, 16, 1 
1640983522.009066 1640051992 c0:98:e5:42:00:29 601 
1640983522.009185 250 255 285 290 294 296 304 307 309 309 310 317 317 325 327 
1640983522.009301 341 343 344 364 364 378 390 395 401 407 416 417 448 516 529 
1640983522.974134 ### RSSI: -52, 28, 1640051993 ,4087 
1640983522.996611 ### RSSI: -54, 1, 1640051993 ,4087 
1640983523.009155 ### DEBUG: Ticks: 4088, 16, 1 
1640983523.009366 1640051993 c0:98:e5:42:00:29 869 
1640983523.009477 533 556 557 560 562 568 569 576 594 601 611 616 628 633 638 
1640983523.019380 641 655 673 680 681 692 714 731 734 741 755 804 902 919 923 
1640983523.977426 ### RSSI: -51, 29, 1640051994 ,4103 
1640983524.000146 ### RSSI: -51, 15, 1640051994 ,4103 
1640983524.011954 ### DEBUG: Ticks: 4103, 15, 1 
1640983524.012637 1640051994 c0:98:e5:42:00:29 937 
1640983524.012800 523 530 534 554 555 564 569 572 579 589 592 599 601 609 614 
1640983524.012928 619 634 658 663 678 693 710 710 713 728 731 782 791 801 802 
1640983524.978534 ### RSSI: -49, 19, 1640051995 ,4118 
1640983525.000105 ### RSSI: -51, 12, 1640051995 ,4119 
1640983525.011696 ### DEBUG: Ticks: 4119, 16, 1 
1640983525.011947 1640051995 c0:98:e5:42:00:29 734 
1640983525.012113 415 416 421 435 445 447 459 463 465 471 471 474 475 485 486 
1640983525.012257 491 494 503 505 507 509 519 520 538 550 559 598 699 748 785 
1640983525.979790 ### RSSI: -51, 32, 1640051996 ,4134 
1640983525.990565 ### RSSI: -47, 5, 1640051996 ,4134 
1640983526.012254 ### DEBUG: Ticks: 4135, 16, 1 
1640983526.012831 1640051996 c0:98:e5:42:00:29 708 
1640983526.013025 318 337 353 360 395 400 402 405 412 412 421 428 431 431 433 
1640983526.013237 435 440 442 447 454 471 475 480 482 499 506 517 529 531 548 
1640983526.970659 ### RSSI: -46, 11, 1640051997 ,4150 
1640983526.995002 ### RSSI: -49, 28, 1640051997 ,4150 
1640983527.015098 ### DEBUG: Ticks: 4150, 15, 1 
1640983527.015392 1640051997 c0:98:e5:42:00:29 639 
1640983527.015666 256 270 281 314 315 325 326 328 330 331 337 344 348 349 363 
1640983527.015847 364 367 372 376 380 386 386 391 391 394 395 410 410 428 535 
1640983527.971124 ### RSSI: -47, 2, 1640051998 ,4165 
1640983527.993032 ### RSSI: -46, 2, 1640051998 ,4166 
1640983528.015636 ### DEBUG: Ticks: 4166, 16, 1 
1640983528.015951 1640051998 c0:98:e5:42:00:29 557 
1640983528.016177 294 302 302 305 322 323 328 336 340 340 347 351 352 353 370 
1640983528.016343 374 398 402 416 420 428 435 435 447 457 458 472 491 539 622 
1640983528.979969 ### RSSI: -50, 21, 1640051999 ,4181 
1640983528.990808 ### RSSI: -50, 15, 1640051999 ,4181 
1640983529.015685 ### DEBUG: Ticks: 4181, 15, 1 
1640983529.015861 1640051999 c0:98:e5:42:00:29 892 
1640983529.015970 447 477 483 493 499 499 501 505 508 514 519 522 536 537 542 
1640983529.016074 542 544 548 552 552 566 567 572 573 589 594 603 609 638 688 
1640983529.975155 ### RSSI: -59, 6, 1640052000 ,4196 
1640983529.996051 ### RSSI: -58, 5, 1640052000 ,4197 
1640983530.010296 ### DEBUG: Ticks: 4197, 16, 1 
1640983530.011097 1640052000 c0:98:e5:42:00:29 982 
1640983530.011338 588 596 620 628 631 632 651 661 664 665 668 671 677 694 702 
1640983530.011680 715 721 732 749 756 761 781 795 810 826 849 880 931 940 987 
1640983530.978926 ### RSSI: -61, 14, 1640052001 ,4212 
1640983530.989139 ### RSSI: -59, 9, 1640052001 ,4212 
1640983531.013403 ### ERROR: Failed reading SquarePoint packet length
1640983531.975159 ### RSSI: -53, 27, 1640052002 ,4228 
1640983531.996266 ### RSSI: -57, 6, 1640052002 ,4228 
1640983532.978298 ### RSSI: -55, 4, 1640052003 ,4243 
1640983532.989665 ### RSSI: -50, 9, 1640052003 ,4244 
1640983533.012474 ### DEBUG: Ticks: 4244, 47, 1 
1640983533.012768 1640052003 c0:98:e5:42:00:29 908 
1640983533.012952 524 525 551 568 569 588 588 593 597 600 601 602 606 619 620 
1640983533.013128 621 625 639 653 654 673 683 705 734 737 741 754 779 805 842 
1640983533.974266 ### RSSI: -50, 32, 1640052004 ,4259 
1640983533.994527 ### RSSI: -51, 31, 1640052004 ,4259 
1640983534.006788 ### DEBUG: Ticks: 4260, 16, 1 
1640983534.018157 1640052004 c0:98:e5:42:00:29 887 
1640983534.018391 547 550 565 585 596 596 597 598 612 612 614 615 625 626 627 
1640983534.018539 629 634 636 645 670 675 675 689 735 747 750 782 788 873 1098 
1640983534.975818 ### RSSI: -50, 3, 1640052005 ,4275 
1640983534.997235 ### RSSI: -56, 34, 1640052005 ,4275 
1640983535.009453 ### DEBUG: Ticks: 4275, 15, 1 
1640983535.011754 1640052005 c0:98:e5:42:00:29 777 
1640983535.014764 324 346 366 368 378 380 384 405 414 417 423 434 439 440 449 
1640983535.014989 449 458 462 476 483 504 515 541 545 547 559 565 568 587 613 
1640983535.975976 ### RSSI: -57, 14, 1640052006 ,4290 
1640983535.998447 ### RSSI: -56, 3, 1640052006 ,4290 
1640983536.012170 ### DEBUG: Ticks: 4291, 16, 1 
1640983536.014043 1640052006 c0:98:e5:42:00:29 578 
1640983536.015279 96 120 149 161 190 191 193 206 209 212 213 215 218 218 226 
1640983536.015499 230 239 255 257 262 263 273 276 285 295 300 317 364 476 538 
1640983536.978532 ### RSSI: -50, 0, 1640052007 ,4306 
1640983536.990297 ### RSSI: -60, 9, 1640052007 ,4306 
1640983537.012240 ### DEBUG: Ticks: 4306, 15, 1 
1640983537.012409 1640052007 c0:98:e5:42:00:29 921 
1640983537.012516 467 481 486 494 494 503 504 511 511 514 515 519 529 532 538 
1640983537.012744 550 550 550 564 586 598 602 605 611 611 612 627 643 679 789 
1640983537.974423 ### RSSI: -50, 31, 1640052008 ,4321 
1640983537.996929 ### RSSI: -54, 30, 1640052008 ,4322 
1640983538.008193 ### DEBUG: Ticks: 4322, 16, 1 
1640983538.008458 1640052008 c0:98:e5:42:00:29 942 
1640983538.008614 546 561 565 565 577 583 592 593 598 599 600 602 606 609 610 
1640983538.020667 614 626 632 633 634 654 670 674 692 695 732 739 774 866 890 
1640983538.971666 ### RSSI: -53, 24, 1640052009 ,4337 
1640983538.992831 ### RSSI: -52, 29, 1640052009 ,4337 
1640983539.016632 ### DEBUG: Ticks: 4338, 16, 1 
1640983539.018212 1640052009 c0:98:e5:42:00:29 982 
1640983539.020015 612 614 615 629 637 649 661 663 665 666 670 671 675 681 690 
1640983539.020245 695 695 696 699 711 712 714 716 732 736 805 809 819 862 946 
1640983539.971967 ### RSSI: -55, 29, 1640052010 ,4353 
1640983539.994397 ### RSSI: -55, 22, 1640052010 ,4353 
1640983540.015914 ### DEBUG: Ticks: 4353, 15, 1 
1640983540.016174 1640052010 c0:98:e5:42:00:29 998 
1640983540.016344 499 538 546 565 575 576 576 582 589 590 595 601 602 602 615 
1640983540.016533 617 626 637 648 667 670 670 681 684 688 725 786 802 852 957 
1640983540.974420 ### RSSI: -54, 8, 1640052011 ,4368 
1640983540.997967 ### RSSI: -53, 22, 1640052011 ,4369 
1640983541.009421 ### DEBUG: Ticks: 4369, 16, 1 
1640983541.009685 1640052011 c0:98:e5:42:00:29 919 
1640983541.009844 526 559 563 572 574 585 613 621 624 626 633 636 638 639 643 
1640983541.009972 652 655 656 665 665 665 670 677 680 681 719 727 740 745 784 
1640983541.971070 ### RSSI: -47, 13, 1640052012 ,4384 
1640983541.992630 ### RSSI: -53, 34, 1640052012 ,4384 
1640983542.014978 ### DEBUG: Ticks: 4384, 15, 1 
1640983542.015171 1640052012 c0:98:e5:42:00:29 923 
1640983542.015304 501 514 535 559 575 583 585 586 590 590 590 591 594 596 610 
1640983542.015420 613 619 627 627 635 648 651 658 664 670 693 720 728 763 783 
1640983542.978043 ### RSSI: -52, 27, 1640052013 ,4400 
1640983542.998715 ### RSSI: -54, 10, 1640052013 ,4400 
1640983543.010349 ### DEBUG: Ticks: 4400, 16, 1 
1640983543.010618 1640052013 c0:98:e5:42:00:29 832 
1640983543.010801 455 464 487 493 503 504 509 513 514 514 522 533 533 535 537 
1640983543.010962 554 557 563 566 585 586 591 597 609 612 616 625 626 657 790 
1640983543.978121 ### RSSI: -48, 1, 1640052014 ,4415 
1640983543.989785 ### RSSI: -49, 27, 1640052014 ,4415 
1640983544.016402 ### DEBUG: Ticks: 4416, 16, 1 
1640983544.016692 1640052014 c0:98:e5:42:00:29 654 
1640983544.016877 280 312 314 319 325 334 340 342 356 361 376 377 380 388 388 
1640983544.017072 389 389 390 399 404 406 411 419 424 426 435 446 453 453 614 
1640983544.975743 ### RSSI: -40, 28, 1640052015 ,4431 
1640983544.999947 ### RSSI: -39, 12, 1640052015 ,4431 
1640983545.009797 ### ERROR: Failed reading SquarePoint packet length
1640983545.979067 ### RSSI: -43, 34, 1640052016 ,4446 
1640983545.999182 ### RSSI: -41, 20, 1640052016 ,4447 
1640983546.971785 ### RSSI: -41, 36, 1640052017 ,4462 
1640983546.993649 ### RSSI: -40, 7, 1640052017 ,4462 
1640983547.016054 ### DEBUG: Ticks: 4463, 47, 1 
1640983547.016235 1640052017 c0:98:e5:42:00:29 300 
1640983547.016336 -137 -130 -102 -87 -85 -85 -81 -78 -57 -57 -55 -55 -40 -40 -38 
1640983547.016440 -34 -33 -31 -29 -12 0 3 17 19 20 29 47 57 111 160 
1640983547.972598 ### RSSI: -41, 12, 1640052018 ,4478 
1640983547.993722 ### RSSI: -41, 33, 1640052018 ,4478 
1640983548.016308 ### DEBUG: Ticks: 4478, 15, 1 
1640983548.017879 1640052018 c0:98:e5:42:00:29 254 
1640983548.020622 -162 -116 -112 -111 -98 -93 -85 -81 -65 -64 -64 -41 -40 -37 -37 
1640983548.022784 -30 -26 -17 -14 -13 6 27 36 40 54 69 85 94 105 200 
1640983548.976996 ### RSSI: -41, 10, 1640052019 ,4493 
1640983548.997916 ### RSSI: -42, 30, 1640052019 ,4494 
1640983549.010287 ### DEBUG: Ticks: 4494, 16, 1 
1640983549.012226 1640052019 c0:98:e5:42:00:29 300 
1640983549.015906 -210 -145 -145 -120 -112 -109 -108 -105 -104 -101 -98 -96 -95 -92 -83 
1640983549.016385 -81 -60 -47 -37 -31 -26 5 16 22 24 60 101 111 128 152 
1640983549.944078 ### INFO: Device is now STATIONARY
1640983549.976718 ### RSSI: -43, 1, 1640052020 ,4509 
1640983549.998667 ### RSSI: -41, 4, 1640052020 ,4509 
1640983550.009619 ### DEBUG: Ticks: 4509, 15, 1 
1640983550.009884 1640052020 c0:98:e5:42:00:29 310 
1640983550.010059 -56 -50 -44 -42 -22 -19 -19 -15 -15 -14 -9 -6 -5 10 20 
1640983550.010267 26 26 29 54 58 69 77 93 129 136 151 158 175 209 298 
1640983550.972680 ### RSSI: -43, 36, 1640052021 ,4524 
1640983550.996212 ### RSSI: -42, 28, 1640052021 ,4525 
1640983551.008895 ### DEBUG: Ticks: 4525, 16, 1 
1640983551.009199 1640052021 c0:98:e5:42:00:29 277 
1640983551.022759 -201 -195 -157 -151 -148 -140 -136 -128 -126 -126 -126 -118 -111 -104 -98 
1640983551.023063 -94 -88 -85 -80 -57 -48 -44 -25 0 6 44 82 110 123 0 
1640983551.381077 ### INFO: SD card flushed!
