1641079644.481420 ###RTT Client: ************************************************************ 
1641079644.481966 ###RTT Client: *               SEGGER Microcontroller GmbH                * 
1641079644.482297 ###RTT Client: *   Solutions for real time microcontroller applications   * 
1641079644.482517 ###RTT Client: ************************************************************ 
1641079644.482714 ###RTT Client: *                                                          * 
1641079644.482912 ###RTT Client: *       (c) 2012 - 2016  SEGGER Microcontroller GmbH       * 
1641079644.483113 ###RTT Client: *                                                          * 
1641079644.483340 ###RTT Client: *     www.segger.com     Support: support@segger.com       * 
1641079644.483619 ###RTT Client: *                                                          * 
1641079644.483832 ###RTT Client: ************************************************************ 
1641079644.484028 ###RTT Client: *                                                          * 
1641079644.484247 ###RTT Client: * SEGGER J-Link RTT Client   Compiled Jan 30 2018 18:46:58 * 
1641079644.484763 ###RTT Client: *                                                          * 
1641079644.485025 ###RTT Client: ************************************************************ 
1641079644.485323 
1641079644.485605 ###RTT Client: -----------------------------------------------
1641079644.485809 ###RTT Client: Connecting to J-Link RTT Server via localhost:9201  Connected.
1641079644.486006 SEGGER J-Link V6.30 - Real time terminal output
1641079644.486341 J-Link EDU Mini V1 compiled Oct  2 2020 17:00:40 V1.0, SN=801021851
1641079644.486570 Process: JLinkExe
1641079644.486799 ### RSSI: -53, 25, 1640049671 ,238 
1641079644.487000 ### DEBUG: Ticks: 246, 16, 0 
1641079644.487231 1640049672 c0:98:e5:42:00:29 272 
1641079644.487762 -277 -265 -265 -253 -249 -241 -238 -237 -225 -212 -198 -196 -193 -187 -185 
1641079644.488198 -178 -168 -144 -142 -141 -125 -120 -113 -105 -94 -81 -76 -30 -15 -11 
1641079644.488462 ### RSSI: -53, 21, 1640049672 ,253 
1641079644.488818 ### DEBUG: Ticks: 261, 15, 0 
1641079644.489046 1640049673 c0:98:e5:42:00:29 309 
1641079644.489565 -388 -382 -380 -374 -362 -360 -353 -339 -336 -319 -317 -310 -296 -292 -290 
1641079644.489866 -288 -286 -286 -284 -266 -264 -258 -230 -227 -215 -204 -181 -164 -116 0 
1641079644.490241 ### RSSI: -54, 11, 1640049673 ,269 
1641079644.490599 ### DEBUG: Ticks: 277, 16, 0 
1641079644.490871 1640049674 c0:98:e5:42:00:29 265 
1641079644.491097 -424 -423 -420 -404 -387 -387 -377 -367 -346 -338 -329 -329 -327 -313 -312 
1641079644.491370 -311 -311 -300 -299 -298 -287 -281 -280 -262 -257 -248 -243 -235 -235 -211 
1641079644.491785 ### RSSI: -56, 36, 1640049675 ,285 
1641079644.492069 ### DEBUG: Ticks: 293, 16, 0 
1641079644.492337 1640049675 c0:98:e5:42:00:29 256 
1641079644.492531 -338 -305 -303 -286 -273 -265 -264 -260 -254 -250 -236 -236 -230 -226 -218 
1641079644.492579 -217 -207 -199 -185 -179 -178 -167 -164 -153 -147 -139 -130 -129 -126 -25 
1641079644.492619 ### RSSI: -53, 16, 1640049676 ,300 
1641079644.493218 ### DEBUG: Ticks: 308, 15, 0 
1641079644.493463 1640049676 c0:98:e5:42:00:29 276 
1641079644.493679 -405 -382 -369 -362 -348 -343 -333 -330 -328 -306 -306 -302 -298 -291 -291 
1641079644.494022 -291 -271 -270 -269 -249 -243 -239 -236 -226 -221 -199 -186 -177 -162 -102 
1641079644.494344 ### RSSI: -53, 22, 1640049677 ,316 
1641079644.494625 ### DEBUG: Ticks: 324, 16, 0 
1641079644.494856 1640049677 c0:98:e5:42:00:29 297 
1641079644.495069 -310 -269 -249 -221 -220 -213 -213 -201 -197 -191 -182 -182 -177 -164 -150 
1641079644.495532 -142 -134 -119 -115 -112 -98 -96 -85 -83 -83 -76 -68 -54 -41 -39 
1641079644.495837 ### RSSI: -54, 14, 1640049678 ,332 
1641079644.496164 ### DEBUG: Ticks: 340, 16, 0 
1641079644.496463 1640049678 c0:98:e5:42:00:29 245 
1641079644.496683 -450 -447 -429 -390 -382 -381 -380 -379 -370 -364 -361 -349 -343 -338 -323 
1641079644.496924 -319 -309 -309 -300 -294 -291 -284 -274 -273 -268 -253 -244 -240 -221 -156 
1641079644.497198 ### RSSI: -58, 34, 1640049679 ,347 
1641079644.497637 ### DEBUG: Ticks: 355, 15, 0 
1641079644.497866 1640049679 c0:98:e5:42:00:29 294 
1641079644.498075 -370 -357 -351 -350 -347 -343 -341 -341 -335 -327 -325 -323 -321 -308 -298 
1641079644.498324 -294 -289 -282 -282 -282 -278 -264 -260 -237 -229 -228 -225 -225 -121 0 
1641079644.498863 ### RSSI: -55, 28, 1640049680 ,363 
1641079644.499187 ### DEBUG: Ticks: 371, 16, 0 
1641079644.499431 1640049680 c0:98:e5:42:00:29 254 
1641079644.499720 -351 -350 -350 -348 -332 -328 -324 -319 -317 -274 -269 -264 -262 -259 -248 
1641079644.499946 -248 -246 -240 -239 -235 -229 -219 -198 -190 -187 -186 -169 -153 -133 -130 
1641079644.500182 ### RSSI: -53, 18, 1640049681 ,378 
1641079644.500405 ### RSSI: -53, 21, 1640049682 ,394 
1641079644.500623 ### RSSI: -53, 19, 1640049683 ,410 
1641079644.500872 ### DEBUG: Ticks: 418, 47, 0 
1641079644.501092 1640049683 c0:98:e5:42:00:29 271 
1641079644.501339 -538 -533 -511 -511 -492 -482 -463 -462 -461 -456 -455 -454 -453 -453 -452 
1641079644.501562 -448 -440 -429 -425 -413 -407 -397 -387 -387 -370 -368 -354 -353 -335 -288 
1641079644.501788 ### RSSI: -53, 24, 1640049684 ,425 
1641079644.502056 ### DEBUG: Ticks: 433, 15, 0 
1641079644.502314 1640049684 c0:98:e5:42:00:29 255 
1641079644.502539 -341 -316 -309 -306 -300 -297 -295 -287 -284 -282 -274 -270 -255 -253 -252 
1641079644.502749 -245 -237 -235 -203 -189 -180 -159 -156 -153 -150 -135 -135 -128 -108 -75 
1641079644.502970 ### RSSI: -55, 30, 1640049685 ,441 
1641079644.503244 ### DEBUG: Ticks: 449, 16, 0 
1641079644.503464 1640049685 c0:98:e5:42:00:29 266 
1641079644.503715 -357 -350 -349 -348 -325 -314 -310 -310 -301 -291 -286 -279 -267 -261 -250 
1641079644.503938 -245 -240 -236 -235 -230 -225 -215 -213 -208 -187 -175 -144 -116 -97 -68 
1641079644.504228 ### RSSI: -56, 10, 1640049686 ,457 
1641079644.504460 ### DEBUG: Ticks: 464, 15, 0 
1641079644.504667 1640049686 c0:98:e5:42:00:29 289 
1641079644.504880 -483 -425 -403 -387 -387 -384 -383 -376 -357 -357 -356 -350 -349 -345 -325 
1641079644.505098 -324 -323 -318 -316 -310 -308 -273 -272 -270 -266 -263 -255 -248 -237 -200 
1641079644.505408 ### RSSI: -57, 35, 1640049687 ,472 
1641079644.505629 ### DEBUG: Ticks: 480, 16, 0 
1641079644.505828 1640049687 c0:98:e5:42:00:29 253 
1641079644.507639 -345 -344 -335 -333 -315 -300 -274 -272 -263 -262 -261 -248 -244 -242 -238 
1641079644.507969 -235 -235 -231 -219 -215 -208 -206 -203 -200 -186 -182 -142 -134 -131 -74 
1641079644.508223 ### RSSI: -55, 31, 1640049687 ,488 
1641079644.508448 ### DEBUG: Ticks: 496, 16, 0 
1641079644.508715 1640049688 c0:98:e5:42:00:29 286 
1641079644.508955 -376 -371 -359 -352 -347 -337 -334 -333 -332 -330 -319 -318 -318 -314 -309 
1641079644.509205 -302 -300 -289 -284 -281 -272 -271 -258 -254 -248 -231 -229 -221 -212 -124 
1641079644.509434 ### RSSI: -56, 33, 1640049688 ,503 
1641079644.509641 ### DEBUG: Ticks: 511, 15, 0 
1641079644.509890 1640049689 c0:98:e5:42:00:29 318 
1641079644.510131 -523 -514 -496 -488 -483 -472 -458 -448 -447 -445 -444 -416 -412 -402 -396 
1641079644.510361 -395 -386 -382 -369 -365 -353 -352 -348 -345 -341 -316 -316 -293 -284 -254 
1641079644.510574 ### RSSI: -54, 26, 1640049689 ,519 
1641079644.510828 ### DEBUG: Ticks: 527, 16, 0 
1641079644.511052 1640049690 c0:98:e5:42:00:29 253 
1641079644.511340 -395 -362 -357 -351 -348 -347 -334 -324 -321 -311 -305 -298 -293 -284 -282 
1641079644.511414 -280 -259 -250 -249 -236 -225 -219 -215 -215 -208 -182 -179 -173 -166 -125 
1641079644.511455 ### RSSI: -53, 22, 1640049690 ,535 
1641079644.511494 ### DEBUG: Ticks: 543, 16, 0 
1641079644.512166 1640049691 c0:98:e5:42:00:29 279 
1641079644.512417 -353 -345 -344 -325 -319 -318 -309 -306 -306 -300 -286 -285 -285 -285 -284 
1641079644.512639 -278 -278 -275 -268 -258 -258 -248 -228 -224 -197 -189 -175 -163 -157 -89 
1641079644.512859 ### RSSI: -55, 28, 1640049691 ,550 
1641079644.513137 ### DEBUG: Ticks: 558, 15, 0 
1641079644.513359 1640049692 c0:98:e5:42:00:29 278 
1641079644.513570 -422 -371 -333 -328 -313 -299 -298 -294 -294 -285 -278 -260 -260 -259 -233 
1641079644.513813 -225 -224 -223 -220 -212 -212 -202 -168 -163 -161 -159 -151 -129 -118 -114 
1641079644.514080 ### RSSI: -58, 6, 1640049692 ,566 
1641079644.514366 ### DEBUG: Ticks: 574, 16, 0 
1641079644.514583 1640049693 c0:98:e5:42:00:29 293 
1641079644.514795 -207 -172 -151 -138 -137 -120 -116 -116 -111 -108 -99 -88 -84 -61 -51 
1641079644.515010 -47 -38 -30 -16 -15 -13 -3 0 1 5 16 34 35 58 62 
1641079644.515304 ### RSSI: -60, 3, 1640049693 ,581 
1641079644.515572 ### DEBUG: Ticks: 589, 15, 0 
1641079644.515810 1640049694 c0:98:e5:42:00:29 267 
1641079644.516022 -281 -268 -258 -258 -240 -233 -230 -230 -226 -222 -212 -212 -210 -210 -199 
1641079644.516318 -196 -189 -184 -169 -151 -150 -141 -132 -129 -125 -119 -109 -96 -89 8 
1641079644.516634 ### RSSI: -59, 1, 1640049694 ,599 
1641079644.516875 ### DEBUG: Ticks: 605, 16, 0 
1641079644.517137 1640049695 c0:98:e5:42:00:29 215 
1641079644.517415 -247 -216 -204 -200 -200 -187 -182 -173 -156 -153 -151 -147 -146 -130 -122 
1641079644.517778 -116 -113 -106 -103 -99 -91 -89 -52 -51 -49 -40 -28 -25 -24 7 
1641079644.562613 ### INFO: SD card flushed!
1641079644.813301 ### RSSI: -55, 28, 1640049695 ,614 
1641079645.227631 ### DEBUG: Ticks: 621, 16, 0 
1641079645.227743 1640049696 c0:98:e5:42:00:29 276 
1641079645.227794 -214 -211 -210 -178 -156 -148 -144 -142 -139 -129 -117 -112 -110 -110 -109 
1641079645.227839 -104 -101 -98 -84 -70 -65 -59 -50 -22 -20 -9 -3 0 20 23 
1641079645.809829 ### RSSI: -55, 11, 1640049697 ,630 
1641079646.220506 ### DEBUG: Ticks: 636, 15, 0 
1641079646.220934 1640049697 c0:98:e5:42:00:29 268 
1641079646.221689 -315 -286 -277 -273 -270 -243 -239 -228 -217 -212 -211 -204 -194 -193 -188 
1641079646.222384 -181 -180 -178 -161 -156 -152 -139 -130 -122 -119 -110 -93 -90 -83 -82 
1641079646.817425 ### RSSI: -55, 8, 1640049698 ,646 
1641079647.229822 ### DEBUG: Ticks: 652, 16, 0 
1641079647.231078 1640049698 c0:98:e5:42:00:29 273 
1641079647.233741 -295 -267 -245 -233 -231 -206 -205 -204 -196 -170 -164 -150 -149 -148 -143 
1641079647.234494 -143 -141 -140 -140 -132 -124 -122 -115 -114 -90 -59 -49 -48 -32 0 
1641079647.817222 ### RSSI: -53, 17, 1640049699 ,661 
1641079648.222941 ### DEBUG: Ticks: 668, 16, 0 
1641079648.223128 1640049699 c0:98:e5:42:00:29 282 
1641079648.223247 -470 -450 -444 -428 -426 -426 -408 -404 -389 -387 -383 -383 -380 -360 -352 
1641079648.223370 -347 -338 -330 -325 -323 -314 -297 -288 -288 -285 -274 -265 -223 -221 -160 
1641079648.818451 ### RSSI: -53, 17, 1640049700 ,677 
1641079649.221490 ### DEBUG: Ticks: 683, 15, 0 
1641079649.221918 1640049700 c0:98:e5:42:00:29 287 
1641079649.222665 -331 -330 -314 -303 -291 -288 -274 -272 -266 -266 -259 -255 -244 -240 -240 
1641079649.223411 -225 -225 -225 -205 -202 -196 -196 -193 -160 -157 -154 -154 -133 -98 -64 
1641079649.811462 ### RSSI: -64, 2, 1640049701 ,692 
1641079650.220807 ### DEBUG: Ticks: 699, 16, 0 
1641079650.221000 1640049701 c0:98:e5:42:00:29 306 
1641079650.231937 -282 -273 -244 -238 -234 -234 -228 -223 -220 -215 -212 -204 -202 -201 -191 
1641079650.232268 -190 -161 -159 -157 -151 -150 -149 -131 -107 -99 -90 -67 -58 -44 -4 
1641079651.228929 ### DEBUG: Ticks: 714, 15, 0 
1641079651.229137 1640049702 c0:98:e5:42:00:29 246 
1641079651.229258 -338 -320 -311 -289 -267 -266 -261 -256 -252 -245 -240 -239 -237 -233 -232 
1641079651.229383 -227 -227 -226 -197 -194 -165 -164 -154 -137 -131 -129 -121 -116 -92 -75 
1641079653.911486 ### BLE EVENT: 17, INFO: BLE DISCONNECTED!
1641079654.227681 ### DEBUG: Ticks: 761, 47, 0 
1641079654.227786 1640049705 c0:98:e5:42:00:29 298 
1641079654.227826 -515 -502 -497 -475 -474 -434 -426 -424 -420 -409 -402 -400 -396 -393 -387 
1641079654.227868 -386 -378 -360 -355 -350 -344 -329 -328 -323 -320 -293 -290 -289 -285 -211 
1641079654.863334 ### BLE EVENT: 16, INFO: BLE CONNECTED!
1641079654.863570 ### RSSI: -57, 33, 1640049706 ,771 
1641079654.972767 ### RSSI: -59, 4, 1640049706 ,773 
1641079655.063666 ### RSSI: -54, 27, 1640049706 ,774 
1641079655.164518 ### RSSI: -59, 4, 1640049706 ,776 
1641079655.220634 ### DEBUG: Ticks: 777, 16, 0 
1641079655.221074 1640049706 c0:98:e5:42:00:29 239 
1641079655.221848 -561 -546 -503 -496 -492 -484 -479 -477 -473 -470 -468 -467 -458 -452 -450 
1641079655.233643 -410 -408 -400 -396 -395 -394 -393 -390 -378 -376 -368 -365 -364 -334 -291 
1641079655.265944 ### RSSI: -57, 33, 1640049706 ,778 
1641079655.367989 ### RSSI: -56, 9, 1640049706 ,779 
1641079655.465523 ### RSSI: -53, 25, 1640049707 ,781 
1641079655.565548 ### RSSI: -62, 2, 1640049707 ,782 
1641079655.665540 ### RSSI: -53, 26, 1640049707 ,784 
1641079655.765135 ### RSSI: -54, 28, 1640049707 ,785 
1641079655.867300 ### RSSI: -52, 18, 1640049707 ,787 
1641079655.962548 ### RSSI: -57, 7, 1640049707 ,788 
1641079656.062541 ### RSSI: -54, 26, 1640049707 ,790 
1641079656.162452 ### RSSI: -54, 12, 1640049707 ,792 
1641079656.227587 ### DEBUG: Ticks: 792, 15, 0 
1641079656.227693 1640049707 c0:98:e5:42:00:29 279 
1641079656.227979 -347 -342 -323 -294 -287 -276 -270 -269 -261 -241 -241 -236 -230 -223 -219 
1641079656.228462 -210 -208 -207 -204 -189 -171 -160 -159 -150 -140 -118 -118 -103 -91 -75 
1641079656.270671 ### RSSI: -56, 10, 1640049707 ,793 
1641079656.361993 ### RSSI: -55, 30, 1640049708 ,795 
1641079656.462511 ### RSSI: -55, 14, 1640049708 ,796 
1641079657.221152 ### DEBUG: Ticks: 808, 16, 0 
1641079657.221438 1640049708 c0:98:e5:42:00:29 250 
1641079657.232685 -407 -400 -378 -365 -364 -361 -352 -351 -346 -340 -335 -324 -323 -322 -306 
1641079657.232971 -305 -301 -300 -284 -281 -279 -274 -267 -265 -254 -245 -211 -196 -185 -181 
1641079657.466163 ### RSSI: -54, 16, 1640049709 ,812 
1641079658.226493 ### DEBUG: Ticks: 824, 16, 0 
1641079658.226776 1640049709 c0:98:e5:42:00:29 242 
1641079658.226970 -210 -194 -191 -179 -164 -157 -153 -122 -121 -116 -114 -113 -112 -110 -97 
1641079658.227155 -93 -90 -76 -74 -58 -56 -56 -44 -36 -26 -14 -3 -1 60 64 
1641079658.470567 ### RSSI: -55, 14, 1640049710 ,828 
1641079659.221717 ### DEBUG: Ticks: 839, 15, 0 
1641079659.221998 1640049710 c0:98:e5:42:00:29 265 
1641079659.222179 -523 -491 -459 -452 -447 -446 -445 -437 -434 -414 -413 -410 -408 -406 -393 
1641079659.233249 -393 -388 -381 -369 -368 -360 -351 -349 -346 -331 -297 -262 -254 -237 -210 
1641079659.462435 ### RSSI: -59, 34, 1640049711 ,843 
1641079660.225329 ### DEBUG: Ticks: 855, 16, 0 
1641079660.225779 1640049711 c0:98:e5:42:00:29 284 
1641079660.226502 -288 -287 -285 -265 -248 -246 -237 -236 -225 -214 -209 -205 -192 -191 -180 
1641079660.227227 -176 -174 -173 -171 -153 -143 -133 -131 -118 -111 -109 -97 -70 -68 -21 
1641079660.470888 ### RSSI: -57, 5, 1640049711 ,859 
1641079661.222992 ### DEBUG: Ticks: 871, 16, 0 
1641079661.223295 1640049712 c0:98:e5:42:00:29 271 
1641079661.223479 -333 -317 -303 -297 -284 -268 -264 -251 -251 -248 -243 -239 -235 -216 -213 
1641079661.223768 -210 -210 -202 -194 -189 -179 -165 -158 -150 -148 -142 -123 -121 -103 0 
1641079661.466566 ### RSSI: -57, 7, 1640049712 ,874 
1641079662.223064 ### ERROR: Failed reading SquarePoint packet length
1641079662.463884 ### RSSI: -60, 3, 1640049713 ,890 
1641079663.464718 ### RSSI: -54, 16, 1640049714 ,906 
1641079664.229695 ### DEBUG: Ticks: 917, 46, 0 
1641079664.229996 1640049715 c0:98:e5:42:00:29 283 
1641079664.230178 -383 -379 -329 -327 -315 -313 -300 -291 -288 -286 -280 -274 -273 -272 -271 
1641079664.230366 -268 -251 -251 -248 -222 -217 -202 -179 -173 -162 -162 -161 -159 -137 -135 
1641079664.463347 ### RSSI: -56, 31, 1640049715 ,921 
1641079665.227376 ### DEBUG: Ticks: 933, 16, 0 
1641079665.227862 1640049716 c0:98:e5:42:00:29 302 
1641079665.228636 -401 -380 -350 -348 -337 -330 -323 -315 -309 -306 -305 -305 -304 -302 -302 
1641079665.229436 -293 -291 -291 -287 -283 -280 -246 -236 -231 -230 -212 -182 -172 -169 -135 
1641079665.467076 ### RSSI: -53, 21, 1640049716 ,937 
1641079666.229189 ### DEBUG: Ticks: 949, 16, 0 
1641079666.229664 1640049717 c0:98:e5:42:00:29 293 
1641079666.230418 -419 -419 -405 -392 -371 -368 -367 -359 -344 -343 -342 -328 -322 -322 -312 
1641079666.231144 -310 -293 -287 -279 -279 -273 -264 -255 -254 -253 -229 -214 -203 -185 -158 
1641079666.472074 ### RSSI: -55, 8, 1640049717 ,952 
1641079667.227926 ### DEBUG: Ticks: 964, 15, 0 
1641079667.228391 1640049718 c0:98:e5:42:00:29 254 
1641079667.229109 -403 -344 -341 -340 -339 -329 -326 -326 -319 -312 -284 -279 -268 -247 -247 
1641079667.229833 -246 -243 -238 -235 -229 -223 -220 -216 -214 -207 -206 -193 -175 -163 -150 
1641079667.472499 ### RSSI: -53, 21, 1640049718 ,968 
1641079668.227406 ### DEBUG: Ticks: 980, 16, 0 
1641079668.227752 1640049719 c0:98:e5:42:00:29 232 
1641079668.227945 -341 -314 -280 -278 -274 -273 -255 -232 -229 -224 -214 -212 -204 -204 -191 
1641079668.228130 -183 -182 -171 -168 -151 -145 -136 -130 -128 -117 -117 -93 -86 -75 -67 
1641079668.464574 ### RSSI: -54, 12, 1640049719 ,984 
1641079669.221646 ### DEBUG: Ticks: 996, 16, 0 
1641079669.221929 1640049720 c0:98:e5:42:00:29 279 
1641079669.222122 -363 -342 -309 -305 -299 -290 -284 -283 -282 -278 -273 -273 -267 -266 -254 
1641079669.222309 -253 -245 -242 -239 -227 -220 -215 -198 -198 -190 -129 -122 -104 -103 -87 
1641079669.462150 ### RSSI: -57, 36, 1640049720 ,999 
1641079670.220354 ### DEBUG: Ticks: 1011, 15, 0 
1641079670.220801 1640049721 c0:98:e5:42:00:29 257 
1641079670.233192 -560 -539 -536 -535 -525 -513 -509 -504 -494 -490 -490 -487 -482 -473 -460 
1641079670.233994 -459 -440 -435 -434 -434 -425 -424 -417 -406 -402 -398 -396 -346 -345 -256 
1641079670.461936 ### RSSI: -54, 21, 1640049721 ,1015 
1641079671.224433 ### DEBUG: Ticks: 1027, 16, 0 
1641079671.224739 1640049722 c0:98:e5:42:00:29 242 
1641079671.224932 -375 -344 -326 -314 -312 -301 -300 -293 -291 -286 -285 -279 -271 -271 -265 
1641079671.225140 -261 -257 -254 -253 -240 -226 -211 -209 -189 -163 -158 -149 -142 -124 -98 
1641079671.463297 ### RSSI: -55, 8, 1640049722 ,1031 
1641079672.222842 ### DEBUG: Ticks: 1042, 15, 0 
1641079672.223816 1640049723 c0:98:e5:42:00:29 297 
1641079672.224061 -387 -377 -376 -373 -364 -357 -357 -348 -348 -340 -317 -316 -313 -311 -309 
1641079672.224254 -300 -297 -287 -286 -279 -264 -241 -237 -217 -217 -216 -211 -199 -168 -159 
1641079672.467289 ### RSSI: -54, 24, 1640049723 ,1046 
1641079673.223175 ### ERROR: Failed reading SquarePoint packet length
1641079673.466535 ### RSSI: -58, 6, 1640049724 ,1062 
1641079674.464584 ### RSSI: -60, 1, 1640049725 ,1077 
1641079675.222764 ### DEBUG: Ticks: 1089, 47, 0 
1641079675.223355 1640049726 c0:98:e5:42:00:29 259 
1641079675.232654 -409 -378 -371 -368 -355 -348 -341 -340 -329 -325 -316 -309 -308 -297 -289 
1641079675.232941 -286 -283 -283 -278 -276 -275 -274 -262 -251 -242 -211 -199 -186 -177 -142 
1641079675.462693 ### RSSI: -53, 17, 1640049726 ,1093 
1641079676.222605 ### DEBUG: Ticks: 1105, 16, 0 
1641079676.222891 1640049727 c0:98:e5:42:00:29 245 
1641079676.223083 -359 -338 -326 -316 -308 -304 -292 -288 -288 -284 -284 -264 -259 -258 -242 
1641079676.223271 -241 -227 -214 -212 -205 -204 -203 -199 -159 -158 -149 -133 -126 -102 -66 
1641079676.468052 ### RSSI: -55, 8, 1640049727 ,1109 
1641079677.222807 ### DEBUG: Ticks: 1121, 16, 0 
1641079677.223108 1640049728 c0:98:e5:42:00:29 311 
1641079677.223296 -470 -462 -458 -421 -417 -409 -408 -397 -394 -386 -379 -371 -362 -353 -351 
1641079677.223486 -345 -340 -333 -326 -317 -310 -302 -279 -278 -278 -273 -265 -251 -215 0 
1641079677.468718 ### RSSI: -54, 22, 1640049728 ,1124 
1641079677.515715 ### INFO: Device is now IN MOTION
1641079678.222883 ### DEBUG: Ticks: 1136, 15, 0 
1641079678.223163 1640049729 c0:98:e5:42:00:29 217 
1641079678.223356 -339 -322 -310 -285 -284 -280 -280 -269 -265 -264 -255 -248 -240 -228 -228 
1641079678.223673 -225 -222 -216 -211 -207 -206 -204 -196 -193 -181 -170 -162 -151 -129 -126 
1641079678.470670 ### RSSI: -50, 10, 1640049730 ,1140 
1641079679.227786 ### DEBUG: Ticks: 1152, 16, 0 
1641079679.228072 1640049730 c0:98:e5:42:00:29 318 
1641079679.228257 -191 -182 -177 -175 -170 -168 -157 -150 -126 -123 -119 -105 -101 -98 -90 
1641079679.228499 -82 -78 -78 -70 -59 -53 -42 -37 -33 -14 -11 9 41 85 109 
1641079679.466793 ### RSSI: -48, 6, 1640049731 ,1156 
1641079680.223344 ### DEBUG: Ticks: 1167, 15, 0 
1641079680.223608 1640049731 c0:98:e5:42:00:29 280 
1641079680.223743 -432 -432 -428 -425 -424 -413 -407 -405 -404 -404 -384 -369 -366 -362 -356 
1641079680.223884 -351 -345 -343 -335 -311 -309 -301 -298 -297 -297 -293 -292 -290 -283 -277 
1641079680.470196 ### RSSI: -49, 25, 1640049732 ,1171 
1641079681.223441 ### DEBUG: Ticks: 1183, 16, 0 
1641079681.224236 1640049732 c0:98:e5:42:00:29 255 
1641079681.224494 -399 -399 -373 -370 -370 -369 -355 -350 -348 -342 -342 -335 -335 -328 -326 
1641079681.224634 -325 -316 -314 -313 -310 -302 -295 -285 -270 -268 -261 -261 -247 -226 -191 
1641079681.463318 ### RSSI: -51, 19, 1640049733 ,1187 
1641079682.227226 ### DEBUG: Ticks: 1199, 16, 0 
1641079682.227478 1640049733 c0:98:e5:42:00:29 328 
1641079682.227715 -126 -126 -113 -102 -84 -83 -83 -75 -72 -71 -70 -67 -54 -47 -42 
1641079682.227867 -38 -34 -18 -4 -2 -1 0 6 13 14 17 22 36 42 51 
1641079682.461836 ### RSSI: -63, 31, 1640049734 ,1202 
1641079683.230392 ### DEBUG: Ticks: 1214, 15, 0 
1641079683.230793 1640049734 c0:98:e5:42:00:29 555 
1641079683.231008 115 121 131 135 153 155 171 177 182 185 187 188 196 204 210 
1641079683.231212 217 219 220 233 243 246 247 248 263 263 268 269 274 276 277 
1641079683.468832 ### RSSI: -57, 21, 1640049735 ,1218 
1641079684.465934 ### RSSI: -60, 19, 1640049736 ,1234 
1641079685.018186 ### INFO: SD card flushed!
1641079685.018442 ### DEBUG: Ticks: 1242, 28, 0 
1641079685.018619 1640049735 c0:98:e5:42:00:29 664 
1641079685.018762 259 272 281 287 287 289 292 301 302 312 313 318 333 335 343 
1641079685.018924 350 351 357 358 364 369 370 378 380 381 381 387 397 402 487 
1641079685.219693 ### ERROR: Failed reading SquarePoint packet length
1641079685.470345 ### RSSI: -61, 8, 1640049736 ,1249 
1641079686.467741 ### RSSI: -54, 11, 1640049737 ,1265 
1641079687.226382 ### DEBUG: Ticks: 1277, 35, 0 
1641079687.226662 1640049738 c0:98:e5:42:00:29 795 
1641079687.226857 220 282 289 303 318 320 325 326 327 329 329 337 338 344 358 
1641079687.227013 358 373 378 397 401 412 412 418 420 421 424 437 437 443 487 
1641079687.464881 ### RSSI: -56, 14, 1640049738 ,1280 
1641079688.228683 ### DEBUG: Ticks: 1292, 15, 0 
1641079688.228925 1640049739 c0:98:e5:42:00:29 733 
1641079688.229093 230 256 270 275 287 292 304 304 305 307 309 316 318 330 338 
1641079688.229260 342 356 364 365 372 383 392 402 409 411 412 415 424 467 511 
1641079688.467988 ### RSSI: -54, 8, 1640049739 ,1296 
1641079689.223102 ### DEBUG: Ticks: 1308, 16, 0 
1641079689.223321 1640049740 c0:98:e5:42:00:29 756 
1641079689.223432 279 282 321 327 329 338 339 341 342 347 349 349 358 359 372 
1641079689.224431 374 382 384 394 404 417 432 433 444 450 477 478 486 490 564 
1641079689.460394 ### RSSI: -57, 29, 1640049740 ,1312 
1641079690.227485 ### DEBUG: Ticks: 1324, 16, 0 
1641079690.227827 1640049741 c0:98:e5:42:00:29 742 
1641079690.228021 249 257 272 282 283 293 293 298 300 301 309 315 319 322 327 
1641079690.228207 329 342 343 345 348 356 377 383 403 409 413 437 440 452 454 
1641079690.563608 ### RSSI: -57, 30, 1640049741 ,1329 
1641079691.226097 ### DEBUG: Ticks: 1339, 15, 0 
1641079691.226336 1640049742 c0:98:e5:42:00:29 631 
1641079691.226475 166 167 188 193 194 207 219 223 224 230 233 234 236 252 255 
1641079691.226615 260 268 270 271 274 280 281 296 299 302 323 355 364 370 387 
1641079691.560970 ### RSSI: -60, 31, 1640049742 ,1345 
1641079692.226345 ### DEBUG: Ticks: 1355, 16, 0 
1641079692.226552 1640049743 c0:98:e5:42:00:29 380 
1641079692.226675 -25 -13 3 10 11 14 37 42 45 46 46 49 57 72 74 
1641079692.226828 78 87 92 93 100 100 115 119 121 130 136 139 145 145 254 
1641079692.564838 ### RSSI: -51, 1, 1640049743 ,1360 
1641079693.228468 ### DEBUG: Ticks: 1370, 15, 0 
1641079693.228789 1640049744 c0:98:e5:42:00:29 677 
1641079693.228953 165 166 183 185 188 211 213 228 229 236 238 244 248 271 274 
1641079693.229157 286 287 289 290 293 305 313 316 318 332 369 376 381 414 425 
1641079693.567800 ### RSSI: -45, 9, 1640049744 ,1376 
1641079694.223402 ### DEBUG: Ticks: 1386, 16, 0 
1641079694.225419 1640049745 c0:98:e5:42:00:29 626 
1641079694.226535 103 105 128 135 154 176 185 185 185 186 187 191 198 205 212 
1641079694.226768 217 219 227 236 238 269 274 283 287 316 325 340 384 396 430 
1641079694.568532 ### RSSI: -47, 10, 1640049745 ,1391 
1641079695.231304 ### DEBUG: Ticks: 1402, 16, 0 
1641079695.231634 1640049746 c0:98:e5:42:00:29 708 
1641079695.231821 272 290 294 308 316 318 332 335 354 359 367 371 390 394 395 
1641079695.232524 404 405 409 416 430 433 450 456 488 502 503 538 564 566 572 
1641079695.562539 ### RSSI: -63, 0, 1640049746 ,1407 
1641079696.221328 ### ERROR: Failed reading SquarePoint packet length
1641079696.562305 ### RSSI: -49, 35, 1640049747 ,1423 
1641079697.561607 ### RSSI: -46, 20, 1640049748 ,1438 
1641079698.222026 ### DEBUG: Ticks: 1449, 47, 0 
1641079698.222267 1640049749 c0:98:e5:42:00:29 467 
1641079698.222403 53 73 80 85 89 114 116 123 126 132 135 141 142 145 160 
1641079698.222541 164 164 167 174 185 190 202 202 204 216 235 255 264 276 411 
1641079698.561017 ### RSSI: -44, 5, 1640049749 ,1454 
1641079699.225783 ### DEBUG: Ticks: 1464, 15, 0 
1641079699.226013 1640049750 c0:98:e5:42:00:29 418 
1641079699.226149 -31 2 17 20 24 31 31 35 39 44 53 54 58 69 76 
1641079699.226288 82 83 84 96 104 106 114 116 130 132 145 156 164 183 201 
1641079699.569599 ### RSSI: -52, 32, 1640049750 ,1469 
1641079700.223114 ### DEBUG: Ticks: 1480, 16, 0 
1641079700.223403 1640049751 c0:98:e5:42:00:29 749 
1641079700.223661 255 278 288 299 316 320 329 333 333 346 355 359 382 382 383 
1641079700.223853 389 389 397 431 433 448 449 451 454 462 464 475 476 488 516 
1641079700.561988 ### RSSI: -55, 25, 1640049752 ,1485 
1641079701.221266 ### DEBUG: Ticks: 1495, 15, 0 
1641079701.221548 1640049752 c0:98:e5:42:00:29 904 
1641079701.233783 422 432 435 454 457 464 467 470 473 475 477 496 504 515 526 
1641079701.234063 540 554 573 574 574 577 578 579 601 621 630 674 676 696 708 
1641079701.565233 ### RSSI: -55, 2, 1640049753 ,1501 
1641079702.227422 ### DEBUG: Ticks: 1511, 16, 0 
1641079702.227776 1640049753 c0:98:e5:42:00:29 927 
1641079702.227957 390 409 436 439 439 449 451 458 465 468 481 490 496 497 516 
1641079702.228122 523 523 524 555 564 566 570 580 634 644 666 679 682 694 762 
1641079702.567604 ### RSSI: -58, 28, 1640049754 ,1516 
1641079703.225885 ### DEBUG: Ticks: 1527, 16, 0 
1641079703.226141 1640049754 c0:98:e5:42:00:29 841 
1641079703.226295 360 364 387 388 414 417 420 421 430 436 440 447 452 453 462 
1641079703.226520 462 463 489 511 524 540 559 577 578 587 603 632 660 679 745 
1641079703.564527 ### RSSI: -54, 18, 1640049755 ,1532 
1641079704.230108 ### DEBUG: Ticks: 1542, 15, 0 
1641079704.230356 1640049755 c0:98:e5:42:00:29 845 
1641079704.230522 326 345 364 376 378 379 382 399 400 401 405 423 428 432 436 
1641079704.230680 439 439 443 461 491 493 494 518 523 524 545 553 560 580 619 
1641079704.563238 ### RSSI: -56, 8, 1640049756 ,1548 
1641079705.222579 ### DEBUG: Ticks: 1558, 16, 0 
1641079705.222868 1640049756 c0:98:e5:42:00:29 696 
1641079705.223074 281 295 297 299 303 311 314 317 332 337 338 348 365 371 375 
1641079705.223472 375 375 380 381 383 392 396 409 424 460 462 463 525 526 573 
1641079705.566234 ### RSSI: -55, 9, 1640049757 ,1563 
1641079706.230732 ### DEBUG: Ticks: 1573, 15, 0 
1641079706.231049 1640049757 c0:98:e5:42:00:29 436 
1641079706.231246 -91 -67 -55 -53 -37 -28 -26 -23 -20 -12 -4 3 8 14 18 
1641079706.231423 22 25 29 34 38 43 44 46 49 54 72 73 90 111 112 
1641079706.561597 ### RSSI: -58, 35, 1640049758 ,1579 
1641079707.225572 ### ERROR: Failed reading SquarePoint packet length
1641079707.566049 ### RSSI: -60, 32, 1640049759 ,1594 
1641079708.569499 ### RSSI: -58, 35, 1640049760 ,1610 
1641079709.222072 ### DEBUG: Ticks: 1620, 47, 0 
1641079709.222343 1640049760 c0:98:e5:42:00:29 663 
1641079709.237777 123 136 150 151 153 157 166 170 175 179 183 186 195 199 206 
1641079709.238060 212 222 226 227 232 238 243 253 254 285 309 322 329 382 467 
1641079709.563337 ### RSSI: -57, 17, 1640049760 ,1626 
1641079710.222135 ### DEBUG: Ticks: 1636, 16, 0 
1641079710.222407 1640049761 c0:98:e5:42:00:29 747 
1641079710.222627 274 308 323 327 334 338 349 353 361 378 381 385 385 386 386 
1641079710.222825 401 405 412 415 423 433 446 481 485 489 491 506 529 549 651 
1641079710.569175 ### RSSI: -60, 0, 1640049761 ,1641 
1641079711.230859 ### DEBUG: Ticks: 1652, 16, 0 
1641079711.231148 1640049762 c0:98:e5:42:00:29 693 
1641079711.231339 135 178 184 207 210 215 229 245 251 252 255 256 258 267 272 
1641079711.231618 276 280 301 312 315 315 323 342 348 377 386 396 402 471 493 
1641079711.566258 ### RSSI: -57, 0, 1640049762 ,1657 
1641079712.224441 ### DEBUG: Ticks: 1667, 15, 0 
1641079712.224685 1640049763 c0:98:e5:42:00:29 625 
1641079712.224820 121 133 151 154 159 168 169 172 181 190 191 204 215 216 217 
1641079712.224968 219 226 229 246 258 261 273 274 286 286 290 300 306 316 344 
1641079712.561433 ### RSSI: -55, 10, 1640049763 ,1673 
1641079713.229052 ### DEBUG: Ticks: 1683, 16, 0 
1641079713.229345 1640049764 c0:98:e5:42:00:29 644 
1641079713.229569 175 180 187 196 202 203 208 210 211 216 218 222 226 230 235 
1641079713.229756 240 246 264 270 274 293 308 317 340 347 359 361 364 364 478 
1641079713.569443 ### RSSI: -57, 34, 1640049764 ,1688 
1641079714.222207 ### DEBUG: Ticks: 1698, 15, 0 
1641079714.222465 1640049765 c0:98:e5:42:00:29 515 
1641079714.234339 33 35 84 88 96 96 99 103 109 153 153 153 159 165 166 
1641079714.234580 172 193 199 208 209 234 238 239 245 248 250 251 265 273 427 
1641079714.562641 ### RSSI: -68, 29, 1640049765 ,1704 
1641079715.227443 ### DEBUG: Ticks: 1714, 16, 0 
1641079715.227796 1640049766 c0:98:e5:42:00:29 400 
1641079715.227934 -14 20 26 34 35 50 57 58 62 68 82 88 90 90 96 
1641079715.228095 98 100 103 106 109 110 127 130 140 143 173 173 179 189 285 
1641079715.565888 ### RSSI: -60, 23, 1640049766 ,1719 
1641079716.222442 ### DEBUG: Ticks: 1730, 16, 0 
1641079716.222664 1640049767 c0:98:e5:42:00:29 656 
1641079716.222828 137 142 148 158 161 173 176 195 209 211 212 212 213 227 229 
1641079716.222969 232 239 245 245 247 266 279 280 285 294 306 307 356 402 403 
1641079716.562021 ### RSSI: -56, 13, 1640049767 ,1735 
1641079717.229103 ### DEBUG: Ticks: 1745, 15, 0 
1641079717.229383 1640049768 c0:98:e5:42:00:29 831 
1641079717.229575 358 380 385 393 400 417 418 429 435 444 445 465 479 480 482 
1641079717.229761 490 492 514 515 529 538 539 539 547 547 551 558 569 624 707 
1641079717.569970 ### RSSI: -57, 1, 1640049768 ,1751 
1641079718.223190 ### ERROR: Failed reading SquarePoint packet length
1641079718.566095 ### RSSI: -61, 30, 1640049769 ,1766 
1641079719.567082 ### RSSI: -58, 18, 1640049770 ,1782 
1641079720.231644 ### DEBUG: Ticks: 1792, 47, 0 
1641079720.232146 1640049771 c0:98:e5:42:00:29 778 
1641079720.232305 459 463 470 471 475 487 488 508 510 514 527 530 537 538 542 
1641079720.232455 558 566 575 577 604 610 612 616 635 661 683 692 707 709 730 
1641079720.570050 ### RSSI: -60, 9, 1640049771 ,1797 
1641079721.229159 ### DEBUG: Ticks: 1808, 16, 0 
1641079721.229445 1640049772 c0:98:e5:42:00:29 469 
1641079721.229639 -113 -107 -104 -91 -90 -88 -83 -80 -74 -73 -73 -67 -60 -60 -49 
1641079721.229824 -46 -40 -20 -9 0 20 21 51 68 73 88 89 100 101 149 
1641079721.568472 ### RSSI: -55, 27, 1640049772 ,1813 
1641079722.226868 ### DEBUG: Ticks: 1823, 15, 0 
1641079722.228102 1640049773 c0:98:e5:42:00:29 385 
1641079722.228334 -148 -103 -98 -95 -93 -88 -76 -75 -70 -69 -57 -35 -34 -27 -25 
1641079722.228503 -17 -11 4 7 16 18 20 30 41 50 58 78 89 122 135 
1641079722.567066 ### RSSI: -54, 16, 1640049773 ,1829 
1641079723.223751 ### DEBUG: Ticks: 1839, 16, 0 
1641079723.223992 1640049774 c0:98:e5:42:00:29 743 
1641079723.224185 189 216 224 232 237 238 247 248 253 259 262 284 288 294 320 
1641079723.224334 322 336 351 357 358 369 370 370 371 387 393 404 429 453 501 
1641079723.568652 ### RSSI: -47, 5, 1640049774 ,1844 
1641079724.231405 ### DEBUG: Ticks: 1855, 16, 0 
1641079724.231756 1640049775 c0:98:e5:42:00:29 676 
1641079724.231950 132 168 172 186 187 188 196 197 200 200 204 206 219 227 234 
1641079724.232558 240 254 278 279 286 294 297 300 301 307 314 315 328 356 455 
1641079724.567190 ### RSSI: -52, 7, 1640049776 ,1860 
1641079725.222357 ### DEBUG: Ticks: 1870, 15, 0 
1641079725.222584 1640049776 c0:98:e5:42:00:29 814 
1641079725.235417 269 274 283 300 302 309 311 311 318 318 321 321 334 337 347 
1641079725.235814 358 382 391 395 397 403 408 413 424 443 450 470 477 502 535 
1641079725.561392 ### RSSI: -56, 14, 1640049777 ,1876 
1641079725.594272 ### INFO: SD card flushed!
1641079726.222287 ### DEBUG: Ticks: 1886, 16, 0 
1641079726.222568 1640049777 c0:98:e5:42:00:29 622 
1641079726.235915 49 71 116 124 132 135 140 144 144 145 146 156 157 159 160 
1641079726.236213 173 178 179 187 188 194 200 216 224 226 226 238 278 280 288 
1641079726.568132 ### RSSI: -54, 1, 1640049778 ,1891 
1641079727.228481 ### DEBUG: Ticks: 1901, 15, 0 
1641079727.228777 1640049778 c0:98:e5:42:00:29 688 
1641079727.228962 204 206 218 220 227 235 249 254 259 263 264 267 268 274 283 
1641079727.229199 289 306 310 313 329 334 337 340 341 344 347 358 368 406 442 
1641079727.568341 ### RSSI: -52, 35, 1640049779 ,1907 
1641079728.225040 ### DEBUG: Ticks: 1917, 16, 0 
1641079728.225302 1640049779 c0:98:e5:42:00:29 554 
1641079728.225473 104 111 117 124 125 128 134 137 143 145 148 153 154 164 173 
1641079728.225635 179 184 190 191 194 206 213 217 221 223 226 254 288 298 299 
1641079728.564346 ### RSSI: -45, 36, 1640049780 ,1922 
1641079729.224057 ### ERROR: Failed reading SquarePoint packet length
1641079729.562898 ### RSSI: -53, 33, 1640049781 ,1938 
1641079730.566507 ### RSSI: -53, 26, 1640049782 ,1954 
1641079731.224258 ### DEBUG: Ticks: 1964, 47, 0 
1641079731.225736 1640049782 c0:98:e5:42:00:29 819 
1641079731.235047 417 422 423 424 424 424 424 425 428 439 442 450 452 467 469 
1641079731.235260 472 474 477 485 500 505 530 532 546 559 563 575 643 658 673 
1641079731.560715 ### RSSI: -54, 14, 1640049783 ,1969 
1641079732.224690 ### DEBUG: Ticks: 1980, 16, 0 
1641079732.225516 1640049783 c0:98:e5:42:00:29 955 
1641079732.225733 430 449 456 461 464 465 477 478 485 485 504 509 509 522 523 
1641079732.225880 532 553 554 555 566 573 605 625 629 652 660 715 740 742 760 
1641079732.558942 ### RSSI: -56, 14, 1640049783 ,1985 
1641079733.228565 ### DEBUG: Ticks: 1995, 15, 0 
1641079733.228799 1640049784 c0:98:e5:42:00:29 794 
1641079733.228936 248 289 292 316 324 336 341 344 359 365 367 372 375 376 387 
1641079733.229076 392 398 402 408 410 432 434 461 463 475 477 498 500 501 530 
1641079733.566507 ### RSSI: -52, 14, 1640049784 ,2000 
1641079734.229215 ### DEBUG: Ticks: 2011, 16, 0 
1641079734.229437 1640049785 c0:98:e5:42:00:29 754 
1641079734.229581 312 327 347 375 380 382 402 403 405 406 406 414 423 426 429 
1641079734.229730 434 442 443 447 455 456 468 499 510 522 554 596 624 626 674 
1641079734.563625 ### RSSI: -54, 22, 1640049785 ,2016 
1641079735.228547 ### DEBUG: Ticks: 2026, 15, 0 
1641079735.228835 1640049786 c0:98:e5:42:00:29 799 
1641079735.229029 353 398 404 410 416 417 420 425 428 428 444 445 448 459 477 
1641079735.229216 479 482 486 499 504 520 527 537 541 546 582 605 611 620 704 
1641079735.560820 ### RSSI: -57, 32, 1640049786 ,2032 
1641079736.228079 ### DEBUG: Ticks: 2042, 16, 0 
1641079736.228314 1640049787 c0:98:e5:42:00:29 488 
1641079736.228456 -31 -9 31 33 34 40 42 54 62 62 73 77 80 81 91 
1641079736.228599 93 110 117 121 128 133 138 151 154 161 165 170 171 188 230 
1641079736.566345 ### RSSI: -50, 32, 1640049787 ,2047 
1641079737.230749 ### DEBUG: Ticks: 2058, 16, 0 
1641079737.230967 1640049788 c0:98:e5:42:00:29 557 
1641079737.231088 122 145 145 146 158 164 164 186 192 194 198 221 222 230 250 
1641079737.231228 254 258 264 276 287 298 303 310 313 314 328 342 359 366 377 
1641079737.565992 ### RSSI: -63, 34, 1640049788 ,2063 
1641079738.224734 ### DEBUG: Ticks: 2073, 15, 0 
1641079738.225015 1640049789 c0:98:e5:42:00:29 653 
1641079738.225279 131 132 132 139 144 161 199 203 207 208 213 216 227 228 237 
1641079738.225443 237 237 238 240 271 276 296 334 340 350 363 363 364 365 443 
1641079738.561707 ### RSSI: -57, 20, 1640049789 ,2079 
1641079739.225569 ### DEBUG: Ticks: 2089, 16, 0 
1641079739.225861 1640049790 c0:98:e5:42:00:29 711 
1641079739.226000 220 240 244 252 260 260 267 267 274 277 286 290 293 294 306 
1641079739.227231 309 312 345 347 347 348 353 362 367 369 379 396 422 486 581 
1641079739.561481 ### RSSI: -57, 36, 1640049790 ,2094 
1641079740.229903 ### ERROR: Failed reading SquarePoint packet length
1641079740.567316 ### RSSI: -62, 26, 1640049791 ,2110 
1641079741.558372 ### RSSI: -66, 21, 1640049792 ,2125 
1641079742.223945 ### DEBUG: Ticks: 2136, 47, 0 
1641079742.224232 1640049793 c0:98:e5:42:00:29 666 
1641079742.224413 184 199 201 204 206 207 218 233 247 247 255 263 264 272 273 
1641079742.224598 280 293 299 304 338 339 346 359 363 378 381 386 396 445 486 
1641079742.567703 ### RSSI: -52, 27, 1640049793 ,2141 
1641079743.226965 ### DEBUG: Ticks: 2151, 15, 0 
1641079743.227969 1640049794 c0:98:e5:42:00:29 683 
1641079743.228148 154 159 176 184 191 199 204 220 222 222 227 231 242 245 245 
1641079743.228277 255 268 270 286 303 305 316 317 319 320 327 381 394 399 411 
1641079743.562067 ### RSSI: -52, 23, 1640049794 ,2157 
1641079744.225429 ### DEBUG: Ticks: 2167, 16, 0 
1641079744.225728 1640049795 c0:98:e5:42:00:29 507 
1641079744.225913 7 18 24 52 63 71 76 82 82 83 86 88 88 89 90 
1641079744.226104 98 106 106 109 115 124 136 138 148 150 169 179 220 236 255 
1641079744.565605 ### RSSI: -59, 34, 1640049795 ,2172 
1641079745.223825 ### DEBUG: Ticks: 2183, 16, 0 
1641079745.224119 1640049796 c0:98:e5:42:00:29 452 
1641079745.224276 -33 -3 2 4 12 25 26 30 32 34 47 84 96 97 98 
1641079745.224426 103 106 111 120 124 129 132 133 135 154 160 172 178 193 279 
1641079745.563874 ### RSSI: -68, 15, 1640049796 ,2188 
1641079746.227911 ### DEBUG: Ticks: 2198, 15, 0 
1641079746.228122 1640049797 c0:98:e5:42:00:29 618 
1641079746.228242 49 60 87 91 94 96 104 115 123 124 134 134 137 138 141 
1641079746.228365 147 157 158 170 173 177 191 201 219 230 237 262 268 326 337 
1641079746.566464 ### RSSI: -56, 5, 1640049797 ,2204 
1641079747.227003 ### DEBUG: Ticks: 2214, 16, 0 
1641079747.227245 1640049798 c0:98:e5:42:00:29 676 
1641079747.227392 138 144 155 160 195 196 200 203 204 209 211 222 233 242 245 
1641079747.227620 245 247 251 260 262 268 275 281 289 295 296 316 342 352 395 
1641079747.560954 ### RSSI: -58, 14, 1640049798 ,2219 
1641079748.232217 ### DEBUG: Ticks: 2230, 16, 0 
1641079748.232444 1640049799 c0:98:e5:42:00:29 797 
1641079748.232605 314 327 327 335 342 345 349 351 359 367 373 379 397 398 418 
1641079748.232765 426 443 444 451 455 468 480 483 488 503 511 559 560 581 582 
1641079748.558910 ### RSSI: -71, 34, 1640049800 ,2235 
1641079749.224030 ### DEBUG: Ticks: 2245, 15, 0 
1641079749.224282 1640049800 c0:98:e5:42:00:29 699 
1641079749.224439 222 233 239 240 242 261 264 265 278 284 284 288 290 291 295 
1641079749.224600 325 332 340 347 354 357 361 370 371 377 377 382 392 395 408 
1641079749.568528 ### RSSI: -61, 1, 1640049801 ,2250 
1641079750.232764 ### DEBUG: Ticks: 2261, 16, 0 
1641079750.233002 1640049801 c0:98:e5:42:00:29 690 
1641079750.233149 265 267 270 286 286 293 296 297 306 306 308 312 314 315 315 
1641079750.233296 331 332 345 355 365 368 383 398 410 417 423 439 454 504 508 
1641079750.568509 ### RSSI: -61, 31, 1640049802 ,2266 
1641079751.220061 ### ERROR: Failed reading SquarePoint packet length
1641079751.566287 ### RSSI: -55, 5, 1640049803 ,2282 
1641079752.563115 ### RSSI: -56, 10, 1640049804 ,2297 
1641079753.231681 ### DEBUG: Ticks: 2308, 47, 0 
1641079753.231944 1640049804 c0:98:e5:42:00:29 758 
1641079753.232111 242 251 257 264 294 294 295 312 312 314 325 338 341 352 367 
1641079753.232288 376 379 379 381 389 391 408 449 457 460 482 485 504 519 660 
1641079753.566890 ### RSSI: -49, 8, 1640049805 ,2313 
1641079754.228273 ### DEBUG: Ticks: 2323, 15, 0 
1641079754.228496 1640049805 c0:98:e5:42:00:29 730 
1641079754.228631 251 267 301 325 337 338 339 342 346 347 350 357 358 364 364 
1641079754.228771 374 384 388 404 411 417 428 436 444 458 464 465 491 511 555 
1641079754.567369 ### RSSI: -49, 11, 1640049806 ,2328 
1641079755.223279 ### DEBUG: Ticks: 2339, 16, 0 
1641079755.223479 1640049806 c0:98:e5:42:00:29 838 
1641079755.224007 314 361 364 371 387 404 406 408 417 418 420 422 430 436 450 
1641079755.224154 455 464 469 473 481 495 500 502 537 552 563 575 598 600 743 
1641079755.559738 ### RSSI: -61, 35, 1640049807 ,2344 
1641079756.229310 ### DEBUG: Ticks: 2354, 15, 0 
1641079756.229569 1640049807 c0:98:e5:42:00:29 717 
1641079756.229725 214 230 233 237 257 257 264 268 288 289 299 306 312 313 320 
1641079756.229888 320 322 331 339 339 349 362 398 400 417 426 432 441 446 486 
1641079756.566896 ### RSSI: -52, 6, 1640049808 ,2360 
1641079757.230975 ### DEBUG: Ticks: 2370, 16, 0 
1641079757.231247 1640049808 c0:98:e5:42:00:29 699 
1641079757.231402 203 213 220 225 227 237 238 239 259 265 266 268 269 282 287 
1641079757.231652 294 295 296 299 302 307 310 318 321 324 339 339 402 404 426 
1641079757.562975 ### RSSI: -53, 5, 1640049808 ,2375 
1641079758.225400 ### DEBUG: Ticks: 2386, 16, 0 
1641079758.225666 1640049809 c0:98:e5:42:00:29 612 
1641079758.225823 204 216 230 231 233 237 238 240 249 253 254 254 264 281 287 
1641079758.226033 290 291 291 299 301 303 310 315 315 328 350 351 378 392 409 
1641079758.564561 ### RSSI: -49, 29, 1640049809 ,2391 
1641079759.229006 ### DEBUG: Ticks: 2401, 15, 0 
1641079759.229201 1640049810 c0:98:e5:42:00:29 520 
1641079759.229311 75 96 119 123 124 134 142 148 149 177 180 189 189 194 195 
1641079759.229423 200 200 204 215 217 220 222 222 227 228 251 258 267 270 294 
1641079759.569091 ### RSSI: -48, 23, 1640049810 ,2407 
1641079760.221042 ### DEBUG: Ticks: 2417, 16, 0 
1641079760.232710 1640049811 c0:98:e5:42:00:29 489 
1641079760.232997 28 40 41 46 50 52 55 59 60 67 69 70 74 77 82 
1641079760.233190 88 89 93 95 98 122 123 141 163 179 199 228 230 351 369 
1641079760.561464 ### RSSI: -63, 12, 1640049811 ,2422 
1641079761.232268 ### DEBUG: Ticks: 2433, 16, 0 
1641079761.232514 1640049812 c0:98:e5:42:00:29 864 
1641079761.232680 302 354 411 411 417 422 427 442 446 447 455 456 460 473 485 
1641079761.232861 492 497 498 503 518 533 540 541 547 555 588 599 613 664 670 
1641079761.560656 ### RSSI: -54, 19, 1640049812 ,2438 
1641079762.226578 ### ERROR: Failed reading SquarePoint packet length
1641079762.566626 ### RSSI: -60, 22, 1640049813 ,2453 
1641079763.564605 ### RSSI: -55, 23, 1640049814 ,2469 
1641079764.223744 ### DEBUG: Ticks: 2479, 46, 0 
1641079764.224033 1640049815 c0:98:e5:42:00:29 780 
1641079764.224227 279 331 337 338 356 357 361 367 370 373 374 378 383 388 393 
1641079764.224416 400 406 408 410 411 422 438 438 439 441 503 521 524 531 543 
1641079764.557890 ### RSSI: -54, 20, 1640049815 ,2485 
1641079765.225197 ### DEBUG: Ticks: 2495, 16, 0 
1641079765.225416 1640049816 c0:98:e5:42:00:29 723 
1641079765.225546 228 248 253 253 273 281 289 304 311 312 317 330 338 341 345 
1641079765.225662 348 352 356 358 362 372 393 406 414 436 454 486 531 531 617 
1641079765.564419 ### RSSI: -53, 1, 1640049816 ,2500 
1641079766.232733 ### DEBUG: Ticks: 2511, 16, 0 
1641079766.233021 1640049817 c0:98:e5:42:00:29 597 
1641079766.233214 141 148 149 151 161 168 186 189 194 201 204 220 232 238 242 
1641079766.233898 250 256 257 272 290 296 299 300 301 378 392 410 410 520 530 
1641079766.564556 ### RSSI: -56, 19, 1640049817 ,2516 
1641079767.225085 ### DEBUG: Ticks: 2526, 15, 0 
1641079767.225307 1640049818 c0:98:e5:42:00:29 384 
1641079767.236306 -115 -110 -86 -86 -77 -76 -70 -64 -42 -42 -41 -39 -35 -34 -14 
1641079767.236549 -13 -13 -9 5 18 20 22 24 34 41 52 57 60 80 158 
1641079767.561923 ### RSSI: -54, 10, 1640049818 ,2532 
1641079767.562495 ### INFO: SD card flushed!
1641079768.229479 ### DEBUG: Ticks: 2542, 16, 0 
1641079768.229665 1640049819 c0:98:e5:42:00:29 735 
1641079768.229800 284 289 308 311 334 337 345 346 351 354 354 355 357 368 382 
1641079768.229935 397 405 434 445 447 449 455 458 467 475 480 497 566 597 608 
1641079768.565198 ### RSSI: -60, 18, 1640049819 ,2547 
1641079769.224789 ### DEBUG: Ticks: 2558, 16, 0 
1641079769.225118 1640049820 c0:98:e5:42:00:29 668 
1641079769.225274 171 187 207 216 218 231 236 240 249 250 251 255 279 280 281 
1641079769.225433 285 296 300 308 308 328 344 357 360 369 380 406 435 448 479 
1641079769.560390 ### RSSI: -60, 16, 1640049820 ,2563 
1641079770.231857 ### DEBUG: Ticks: 2573, 15, 0 
1641079770.232126 1640049821 c0:98:e5:42:00:29 681 
1641079770.232341 200 206 210 220 223 240 246 252 253 255 260 268 269 270 273 
1641079770.232494 284 288 292 293 293 326 354 371 374 388 405 407 421 437 455 
1641079770.563400 ### RSSI: -63, 3, 1640049821 ,2578 
1641079771.226769 ### DEBUG: Ticks: 2589, 16, 0 
1641079771.227068 1640049822 c0:98:e5:42:00:29 758 
1641079771.227251 223 248 249 250 282 298 317 327 332 333 340 343 348 350 352 
1641079771.227439 356 360 371 384 391 401 406 412 429 458 478 481 518 540 564 
1641079771.562800 ### RSSI: -58, 13, 1640049822 ,2594 
1641079772.224126 ### DEBUG: Ticks: 2604, 15, 0 
1641079772.224414 1640049823 c0:98:e5:42:00:29 611 
1641079772.235346 196 200 207 208 228 236 238 241 246 248 259 263 264 271 276 
1641079772.235748 284 287 288 293 303 313 318 322 332 342 382 396 403 404 405 
1641079772.560376 ### RSSI: -57, 15, 1640049824 ,2610 
1641079773.224025 ### ERROR: Failed reading SquarePoint packet length
1641079773.557545 ### RSSI: -53, 25, 1640049825 ,2625 
1641079774.564140 ### RSSI: -53, 34, 1640049826 ,2641 
1641079775.228794 ### DEBUG: Ticks: 2651, 47, 0 
1641079775.229060 1640049826 c0:98:e5:42:00:29 406 
1641079775.229214 -115 -94 -90 -87 -84 -71 -67 -65 -62 -61 -58 -50 -47 -43 -40 
1641079775.229372 -36 -21 -11 -7 -1 19 21 28 29 35 58 84 120 195 217 
1641079775.566774 ### RSSI: -55, 2, 1640049827 ,2656 
1641079776.224664 ### DEBUG: Ticks: 2667, 16, 0 
1641079776.224952 1640049827 c0:98:e5:42:00:29 598 
1641079776.225133 45 70 80 100 101 116 126 133 147 149 162 162 165 167 177 
1641079776.225318 183 189 190 200 211 221 223 248 269 269 270 290 310 343 344 
1641079776.563608 ### RSSI: -54, 14, 1640049828 ,2672 
1641079777.231327 ### DEBUG: Ticks: 2682, 15, 0 
1641079777.231623 1640049828 c0:98:e5:42:00:29 762 
1641079777.231761 354 402 434 445 445 449 460 470 472 476 491 491 500 503 520 
1641079777.231902 533 544 546 565 571 579 580 596 603 607 612 614 625 636 770 
1641079777.559681 ### RSSI: -57, 27, 1640049829 ,2688 
1641079778.230313 ### DEBUG: Ticks: 2698, 16, 0 
1641079778.230519 1640049829 c0:98:e5:42:00:29 734 
1641079778.230641 238 254 265 276 277 280 291 293 295 296 296 321 345 353 355 
1641079778.230791 355 362 362 366 370 374 392 399 426 427 455 461 464 477 562 
1641079778.558707 ### RSSI: -67, 6, 1640049830 ,2703 
1641079779.224549 ### DEBUG: Ticks: 2714, 16, 0 
1641079779.224727 1640049830 c0:98:e5:42:00:29 624 
1641079779.236150 52 60 106 107 129 130 133 135 141 142 147 161 162 169 180 
1641079779.236433 196 199 206 207 208 219 222 231 236 240 242 263 275 342 385 
1641079779.560259 ### RSSI: -54, 29, 1640049831 ,2719 
1641079780.228481 ### DEBUG: Ticks: 2729, 15, 0 
1641079780.229426 1640049831 c0:98:e5:42:00:29 719 
1641079780.229597 230 235 244 247 254 258 260 277 282 284 286 290 293 296 301 
1641079780.229724 314 318 319 320 322 336 355 367 372 375 403 417 502 536 549 
1641079780.566408 ### RSSI: -60, 0, 1640049832 ,2735 
1641079781.226946 ### DEBUG: Ticks: 2745, 16, 0 
1641079781.227199 1640049832 c0:98:e5:42:00:29 567 
1641079781.227358 -3 9 12 25 28 38 48 50 51 52 58 64 69 69 72 
1641079781.227597 73 77 79 95 98 101 102 115 142 181 184 204 229 232 258 
1641079781.557467 ### RSSI: -54, 17, 1640049832 ,2750 
1641079782.224504 ### DEBUG: Ticks: 2761, 16, 0 
1641079782.224652 1640049833 c0:98:e5:42:00:29 481 
1641079782.224700 0 33 33 66 75 81 85 88 89 96 103 105 109 110 114 
1641079782.224748 122 127 127 132 133 136 148 158 165 168 180 189 192 221 221 
1641079782.569453 ### RSSI: -55, 15, 1640049833 ,2766 
1641079783.225500 ### DEBUG: Ticks: 2776, 15, 0 
1641079783.225845 1640049834 c0:98:e5:42:00:29 655 
1641079783.226029 128 135 136 143 149 153 158 177 181 181 183 185 185 194 195 
1641079783.226238 205 214 216 223 227 247 248 251 253 269 276 361 410 453 457 
1641079783.557880 ### RSSI: -53, 20, 1640049834 ,2781 
1641079784.225490 ### ERROR: Failed reading SquarePoint packet length
1641079784.562694 ### RSSI: -49, 3, 1640049835 ,2797 
1641079785.565137 ### RSSI: -62, 20, 1640049836 ,2813 
1641079786.233368 ### DEBUG: Ticks: 2823, 47, 0 
1641079786.233623 1640049837 c0:98:e5:42:00:29 777 
1641079786.233780 278 297 299 309 313 315 324 333 333 338 338 340 349 351 351 
1641079786.233942 352 353 355 366 370 391 400 401 406 438 459 463 493 532 599 
1641079786.557674 ### RSSI: -50, 15, 1640049837 ,2828 
1641079787.235807 ### DEBUG: Ticks: 2839, 16, 0 
1641079787.236006 1640049838 c0:98:e5:42:00:29 690 
1641079787.236123 104 131 135 140 145 154 157 174 178 179 186 191 191 198 199 
1641079787.236236 200 203 206 207 219 230 243 244 245 246 252 255 255 260 262 
1641079787.562900 ### RSSI: -54, 18, 1640049838 ,2844 
1641079788.224894 ### DEBUG: Ticks: 2854, 15, 0 
1641079788.225077 1640049839 c0:98:e5:42:00:29 672 
1641079788.237550 277 284 290 298 298 299 309 310 311 313 315 322 329 330 341 
1641079788.237753 341 356 373 378 379 389 394 396 399 405 406 407 443 457 523 
1641079788.563636 ### RSSI: -53, 14, 1640049839 ,2860 
1641079789.224980 ### DEBUG: Ticks: 2870, 16, 0 
1641079789.225262 1640049840 c0:98:e5:42:00:29 507 
1641079789.235277 77 103 108 113 113 122 122 129 134 136 141 143 145 152 155 
1641079789.235698 157 164 167 171 174 176 183 185 190 190 195 211 216 260 275 
1641079789.563177 ### RSSI: -47, 35, 1640049840 ,2875 
1641079790.233288 ### DEBUG: Ticks: 2886, 16, 0 
1641079790.233585 1640049841 c0:98:e5:42:00:29 420 
1641079790.233804 -9 3 27 34 38 44 44 48 52 59 60 61 66 69 81 
1641079790.233992 81 83 90 97 97 132 136 136 138 151 170 173 194 199 243 
1641079790.566735 ### RSSI: -56, 14, 1640049841 ,2891 
1641079791.231275 ### DEBUG: Ticks: 2901, 15, 0 
1641079791.231712 1640049842 c0:98:e5:42:00:29 852 
1641079791.231934 353 396 406 421 421 427 429 441 448 453 454 458 459 460 470 
1641079791.232115 492 509 512 525 540 551 558 561 566 572 574 587 622 626 635 
1641079791.563075 ### RSSI: -53, 14, 1640049842 ,2906 
1641079792.233346 ### DEBUG: Ticks: 2917, 16, 0 
1641079792.235015 1640049843 c0:98:e5:42:00:29 1025 
1641079792.235265 571 574 575 595 598 598 606 617 618 621 629 639 648 652 654 
1641079792.235458 686 688 689 696 697 709 710 733 741 807 819 832 854 860 906 
1641079792.556090 ### RSSI: -59, 13, 1640049843 ,2922 
1641079793.224335 ### DEBUG: Ticks: 2932, 15, 0 
1641079793.224589 1640049844 c0:98:e5:42:00:29 770 
1641079793.224756 337 348 354 359 367 372 373 382 383 393 396 397 400 403 415 
1641079793.224921 420 422 426 426 440 446 496 521 524 540 547 580 613 633 651 
1641079793.563392 ### RSSI: -54, 14, 1640049844 ,2938 
1641079794.232418 ### DEBUG: Ticks: 2948, 16, 0 
1641079794.232672 1640049845 c0:98:e5:42:00:29 805 
1641079794.232827 382 392 405 423 429 432 438 440 448 466 471 472 475 478 488 
1641079794.233030 499 503 508 510 512 512 515 518 520 528 531 626 640 656 699 
1641079794.559413 ### RSSI: -53, 25, 1640049845 ,2953 
1641079795.145374 ### DEBUG: BLE START SCANNING called
1641079795.156765 ### DEBUG: BLE START SCANNING called
1641079795.179791 ### addr: c0:98:e5:42:00:29 
1641079795.179996 ### on_adv_report outer RSSI: -53, time:1640049846 
1641079795.180162 ### INFO: Discovered new device: c0:98:e5:42:00:29
1641079795.180297 ### DEBUG: connected? already connected
1641079795.180424 ### DEBUG: BLE START SCANNING called
1641079795.227018 ### ERROR: Failed reading SquarePoint packet length
1641079795.227305 ### DEBUG: BLE START SCANNING called
1641079795.238033 ### BLE EVENT: 16, INFO: BLE CONNECTED!
1641079795.238326 ### DEBUG: BLE START SCANNING called
1641079795.238508 ### RSSI: -54, 1, 1640049846 ,2964 
1641079795.238707 ### DEBUG: BLE START SCANNING called
1641079795.337294 ### RSSI: -54, 3, 1640049846 ,2965 
1641079795.337578 ### DEBUG: BLE START SCANNING called
1641079795.440408 ### RSSI: -53, 13, 1640049846 ,2967 
1641079795.440699 ### DEBUG: BLE START SCANNING called
1641079795.534953 ### RSSI: -53, 14, 1640049846 ,2969 
1641079795.535131 ### DEBUG: BLE START SCANNING called
1641079795.559326 ### RSSI: -55, 4, 1640049846 ,2969 
1641079795.559580 ### DEBUG: BLE START SCANNING called
1641079795.637127 ### RSSI: -56, 31, 1640049847 ,2970 
1641079795.637373 ### DEBUG: BLE START SCANNING called
1641079795.660486 ### RSSI: -56, 14, 1640049847 ,2970 
1641079795.660743 ### DEBUG: BLE START SCANNING called
1641079795.737658 ### RSSI: -58, 36, 1640049847 ,2972 
1641079795.737959 ### DEBUG: BLE START SCANNING called
1641079795.761365 ### RSSI: -55, 8, 1640049847 ,2972 
1641079795.761624 ### DEBUG: BLE START SCANNING called
1641079795.842111 ### RSSI: -56, 25, 1640049847 ,2973 
1641079795.842360 ### DEBUG: BLE START SCANNING called
1641079795.863668 ### RSSI: -59, 30, 1640049847 ,2974 
1641079795.863915 ### DEBUG: BLE START SCANNING called
1641079795.941757 ### RSSI: -60, 36, 1640049847 ,2975 
1641079795.943066 ### DEBUG: BLE START SCANNING called
1641079795.963341 ### RSSI: -57, 20, 1640049847 ,2975 
1641079795.963637 ### DEBUG: BLE START SCANNING called
1641079796.041630 ### RSSI: -56, 2, 1640049847 ,2976 
1641079796.041953 ### DEBUG: BLE START SCANNING called
1641079796.064639 ### RSSI: -58, 29, 1640049847 ,2977 
1641079796.065147 ### DEBUG: BLE START SCANNING called
1641079796.137342 ### RSSI: -57, 36, 1640049847 ,2978 
1641079796.139948 ### DEBUG: BLE START SCANNING called
1641079796.147019 ### DEBUG: BLE START SCANNING called
1641079796.156731 ### RSSI: -59, 20, 1640049847 ,2978 
1641079796.157011 ### DEBUG: BLE START SCANNING called
1641079796.236670 ### RSSI: -56, 30, 1640049847 ,2979 
1641079796.237273 ### DEBUG: BLE START SCANNING called
1641079796.260756 ### RSSI: -57, 3, 1640049847 ,2980 
1641079796.260996 ### DEBUG: BLE START SCANNING called
1641079796.332139 ### RSSI: -57, 9, 1640049847 ,2981 
1641079796.344070 ### DEBUG: BLE START SCANNING called
1641079796.367415 ### RSSI: -57, 11, 1640049847 ,2981 
1641079796.368005 ### DEBUG: BLE START SCANNING called
1641079796.433381 ### RSSI: -54, 31, 1640049847 ,2983 
1641079796.433652 ### DEBUG: BLE START SCANNING called
1641079796.457275 ### RSSI: -54, 23, 1640049847 ,2983 
1641079796.458461 ### DEBUG: BLE START SCANNING called
1641079796.532419 ### RSSI: -56, 7, 1640049847 ,2984 
1641079796.543821 ### DEBUG: BLE START SCANNING called
1641079796.566804 ### RSSI: -53, 25, 1640049847 ,2984 
1641079796.567081 ### DEBUG: BLE START SCANNING called
1641079796.636782 ### RSSI: -57, 14, 1640049848 ,2986 
1641079796.637041 ### DEBUG: BLE START SCANNING called
1641079796.661223 ### RSSI: -57, 4, 1640049848 ,2986 
1641079796.661657 ### DEBUG: BLE START SCANNING called
1641079796.737405 ### RSSI: -55, 14, 1640049848 ,2987 
1641079796.737811 ### DEBUG: BLE START SCANNING called
1641079796.761232 ### RSSI: -52, 33, 1640049848 ,2988 
1641079796.761495 ### DEBUG: BLE START SCANNING called
1641079796.841671 ### RSSI: -52, 36, 1640049848 ,2989 
1641079796.841877 ### DEBUG: BLE START SCANNING called
1641079797.150912 ### DEBUG: BLE START SCANNING called
1641079797.230959 ### DEBUG: Ticks: 2995, 47, 1 
1641079797.231135 1640049848 c0:98:e5:42:00:29 409 
1641079797.231238 -38 -23 -23 -8 1 14 20 24 24 33 41 47 61 69 69 
1641079797.231359 70 71 75 77 79 81 88 88 97 115 143 151 157 162 187 
1641079797.231457 ### DEBUG: BLE START SCANNING called
1641079797.761159 ### RSSI: -51, 7, 1640049849 ,3003 
1641079797.761415 ### DEBUG: BLE START SCANNING called
1641079797.842681 ### RSSI: -50, 28, 1640049849 ,3004 
1641079797.842954 ### DEBUG: BLE START SCANNING called
1641079798.153163 ### DEBUG: BLE START SCANNING called
1641079798.232893 ### DEBUG: Ticks: 3011, 16, 1 
1641079798.233136 1640049849 c0:98:e5:42:00:29 648 
1641079798.233286 161 169 171 180 219 220 231 236 240 250 256 262 275 278 286 
1641079798.233457 293 296 297 299 320 325 333 339 349 373 390 427 451 464 476 
1641079798.233588 ### DEBUG: BLE START SCANNING called
1641079798.765937 ### RSSI: -56, 13, 1640049850 ,3019 
1641079798.766221 ### DEBUG: BLE START SCANNING called
1641079798.836253 ### RSSI: -56, 21, 1640049850 ,3020 
1641079798.836586 ### DEBUG: BLE START SCANNING called
1641079799.151171 ### DEBUG: BLE START SCANNING called
1641079799.230311 ### DEBUG: Ticks: 3026, 15, 1 
1641079799.230516 1640049850 c0:98:e5:42:00:29 633 
1641079799.230886 152 158 175 178 192 193 199 212 213 214 219 223 225 239 240 
1641079799.231166 248 252 280 283 289 300 311 313 337 352 365 372 394 427 538 
1641079799.231627 ### DEBUG: BLE START SCANNING called
1641079799.759034 ### RSSI: -59, 4, 1640049851 ,3034 
1641079799.759224 ### DEBUG: BLE START SCANNING called
1641079800.236191 ### DEBUG: Ticks: 3042, 16, 1 
1641079800.236409 1640049851 c0:98:e5:42:00:29 647 
1641079800.236481 181 206 212 217 227 232 233 237 247 253 256 256 260 266 267 
1641079800.236551 268 271 274 281 292 299 319 339 343 363 395 421 425 427 537 
1641079800.759938 ### RSSI: -57, 32, 1640049852 ,3050 
1641079800.839146 ### RSSI: -58, 32, 1640049852 ,3051 
1641079801.228723 ### DEBUG: Ticks: 3057, 15, 1 
1641079801.228947 1640049852 c0:98:e5:42:00:29 750 
1641079801.237740 246 256 305 306 324 334 335 336 345 346 352 360 362 372 394 
1641079801.237928 415 422 444 445 448 456 470 481 490 496 501 509 513 518 560 
1641079801.763356 ### RSSI: -53, 5, 1640049853 ,3066 
1641079801.847146 ### RSSI: -60, 22, 1640049853 ,3067 
1641079802.222975 ### DEBUG: Ticks: 3073, 16, 1 
1641079802.235001 1640049853 c0:98:e5:42:00:29 681 
1641079802.236861 180 189 191 203 208 213 217 241 242 243 246 252 270 272 296 
1641079802.237597 298 298 306 318 320 329 332 336 339 343 351 359 391 405 453 
1641079802.761757 ### RSSI: -55, 3, 1640049854 ,3081 
1641079802.832265 ### RSSI: -53, 35, 1640049854 ,3083 
1641079803.224969 ### DEBUG: Ticks: 3089, 16, 1 
1641079803.225139 1640049854 c0:98:e5:42:00:29 650 
1641079803.237509 127 132 143 154 157 169 181 182 183 185 189 199 223 231 232 
1641079803.237717 236 239 246 254 257 257 261 274 281 294 300 314 336 350 365 
1641079803.594087 ### INFO: SD card flushed!
1641079803.759952 ### RSSI: -51, 8, 1640049855 ,3097 
1641079803.841754 ### RSSI: -51, 15, 1640049855 ,3098 
1641079804.231974 ### DEBUG: Ticks: 3104, 15, 1 
1641079804.232243 1640049855 c0:98:e5:42:00:29 498 
1641079804.232412 82 95 96 106 123 127 138 140 140 141 142 148 149 163 170 
1641079804.232577 174 176 183 209 214 221 226 240 264 266 285 288 309 361 388 
1641079804.765354 ### RSSI: -53, 8, 1640049856 ,3113 
1641079804.832961 ### RSSI: -53, 28, 1640049856 ,3114 
1641079805.232227 ### DEBUG: Ticks: 3120, 16, 1 
1641079805.232437 1640049856 c0:98:e5:42:00:29 343 
1641079805.232580 -186 -181 -164 -162 -160 -159 -149 -149 -145 -134 -134 -128 -125 -103 -93 
1641079805.232720 -91 -91 -90 -90 -88 -81 -70 -67 -66 -64 -56 -44 -29 19 60 
1641079805.760970 ### RSSI: -57, 16, 1640049856 ,3128 
1641079805.840293 ### RSSI: -58, 32, 1640049856 ,3129 
1641079806.227757 ### ERROR: Failed reading SquarePoint packet length
1641079806.765410 ### RSSI: -52, 34, 1640049857 ,3144 
1641079806.831801 ### RSSI: -59, 7, 1640049857 ,3145 
1641079807.765391 ### RSSI: -53, 13, 1640049858 ,3159 
1641079807.831570 ### RSSI: -56, 1, 1640049858 ,3161 
1641079808.228267 ### DEBUG: Ticks: 3167, 47, 1 
1641079808.228495 1640049859 c0:98:e5:42:00:29 262 
1641079808.228630 -455 -414 -407 -401 -391 -388 -378 -372 -371 -343 -338 -335 -332 -331 -329 
1641079808.228760 -314 -313 -301 -288 -279 -275 -265 -259 -249 -245 -241 -240 -239 -208 -197 
1641079808.756155 ### RSSI: -55, 3, 1640049859 ,3175 
1641079808.835778 ### RSSI: -54, 17, 1640049859 ,3176 
1641079809.226798 ### DEBUG: Ticks: 3182, 15, 1 
1641079809.227025 1640049860 c0:98:e5:42:00:29 221 
1641079809.227155 -396 -383 -374 -369 -350 -341 -334 -329 -322 -316 -308 -307 -295 -290 -284 
1641079809.227279 -278 -276 -273 -271 -242 -240 -240 -234 -231 -204 -188 -183 -163 -138 0 
1641079809.757634 ### RSSI: -54, 27, 1640049860 ,3191 
1641079809.839383 ### RSSI: -57, 1, 1640049860 ,3192 
1641079810.233287 ### DEBUG: Ticks: 3198, 16, 1 
1641079810.233492 1640049861 c0:98:e5:42:00:29 194 
1641079810.233639 -420 -406 -405 -399 -382 -369 -357 -355 -353 -349 -348 -345 -344 -329 -324 
1641079810.233766 -323 -320 -312 -290 -288 -288 -286 -274 -270 -269 -248 -217 -207 -190 -186 
1641079810.758134 ### RSSI: -54, 25, 1640049861 ,3206 
1641079810.835887 ### RSSI: -53, 34, 1640049861 ,3207 
1641079811.233116 ### DEBUG: Ticks: 3214, 16, 1 
1641079811.233313 1640049862 c0:98:e5:42:00:29 207 
1641079811.233437 -392 -379 -379 -368 -366 -361 -353 -349 -337 -330 -330 -313 -311 -310 -304 
1641079811.233580 -303 -293 -293 -289 -276 -270 -249 -242 -238 -234 -227 -200 -182 -179 -164 
