1641159999.356184 ###RTT Client: ************************************************************ 
1641159999.356339 ###RTT Client: *               SEGGER Microcontroller GmbH                * 
1641159999.356381 ###RTT Client: *   Solutions for real time microcontroller applications   * 
1641159999.356422 ###RTT Client: ************************************************************ 
1641159999.356462 ###RTT Client: *                                                          * 
1641159999.356503 ###RTT Client: *       (c) 2012 - 2016  SEGGER Microcontroller GmbH       * 
1641159999.356551 ###RTT Client: *                                                          * 
1641159999.356592 ###RTT Client: *     www.segger.com     Support: support@segger.com       * 
1641159999.356636 ###RTT Client: *                                                          * 
1641159999.356676 ###RTT Client: ************************************************************ 
1641159999.356716 ###RTT Client: *                                                          * 
1641159999.356756 ###RTT Client: * SEGGER J-Link RTT Client   Compiled Jan 30 2018 18:46:58 * 
1641159999.356796 ###RTT Client: *                                                          * 
1641159999.356835 ###RTT Client: ************************************************************ 
1641159999.356875 
1641159999.356915 ###RTT Client: -----------------------------------------------
1641159999.356958 ###RTT Client: Connecting to J-Link RTT Server via localhost:9201  Connected.
1641159999.356998 SEGGER J-Link V6.30 - Real time terminal output
1641159999.357038 J-Link EDU Mini V1 compiled Oct 22 2019 16:28:45 V1.0, SN=801021855
1641159999.357077 Process: JLinkExe
1641159999.357118 ### RSSI: -55, 31, 1640052330 ,150 
1641159999.357163 ### DEBUG: Ticks: 153, 15, 1 
1641159999.357208 1640052330 c0:98:e5:42:00:2c 246 
1641159999.357248 378 396 417 426 443 445 452 458 465 477 478 478 484 485 491 
1641159999.357294 495 512 514 526 533 538 539 540 540 544 546 549 550 555 648 
1641159999.357339 ### RSSI: -50, 19, 1640052331 ,165 
1641159999.357384 ### DEBUG: Ticks: 169, 16, 1 
1641159999.357428 1640052331 c0:98:e5:42:00:2c 249 
1641159999.357474 382 396 410 430 437 444 464 476 481 481 489 491 492 495 496 
1641159999.357519 500 509 509 512 514 527 529 531 532 541 556 592 596 605 626 
1641159999.357563 ### RSSI: -49, 2, 1640052332 ,181 
1641159999.357609 ### DEBUG: Ticks: 184, 15, 1 
1641159999.357654 1640052332 c0:98:e5:42:00:2c 239 
1641159999.357699 318 363 408 411 416 423 430 434 451 454 459 465 466 473 479 
1641159999.357744 480 488 489 492 493 495 506 507 508 518 527 544 550 561 628 
1641159999.357789 ### RSSI: -50, 6, 1640052333 ,197 
1641159999.357834 ### DEBUG: Ticks: 200, 16, 1 
1641159999.357879 1640052333 c0:98:e5:42:00:2c 232 
1641159999.357924 370 373 400 400 406 412 414 416 442 443 448 451 453 457 465 
1641159999.357969 465 473 485 496 496 502 506 509 510 513 524 540 543 570 642 
1641159999.358014 ### RSSI: -50, 15, 1640052334 ,212 
1641159999.358055 ### DEBUG: Ticks: 216, 16, 1 
1641159999.358095 1640052334 c0:98:e5:42:00:2c 280 
1641159999.358135 461 463 492 505 522 523 529 532 550 553 553 554 559 560 560 
1641159999.358180 560 564 565 565 569 570 572 577 587 587 593 610 626 657 704 
1641159999.358225 ### RSSI: -54, 36, 1640052335 ,228 
1641159999.358271 ### DEBUG: Ticks: 231, 15, 1 
1641159999.358316 1640052335 c0:98:e5:42:00:2c 254 
1641159999.358361 422 430 450 451 455 464 471 472 487 490 499 501 504 507 509 
1641159999.358407 514 521 522 545 558 559 564 571 578 582 588 607 612 698 0 
1641159999.358452 ### RSSI: -49, 12, 1640052336 ,245 
1641159999.358498 ### DEBUG: Ticks: 247, 16, 1 
1641159999.358543 1640052336 c0:98:e5:42:00:2c 224 
1641159999.358587 373 387 408 408 418 419 427 432 437 437 439 439 440 443 444 
1641159999.358632 452 465 468 477 482 483 489 493 494 506 508 539 541 555 608 
1641159999.358677 ### RSSI: -50, 19, 1640052337 ,261 
1641159999.358723 ### DEBUG: Ticks: 263, 16, 1 
1641159999.358769 1640052337 c0:98:e5:42:00:2c 238 
1641159999.358815 388 389 419 422 427 431 434 438 442 450 465 465 465 470 471 
1641159999.358864 483 486 491 497 500 502 504 508 512 514 528 539 548 582 662 
1641159999.358910 ### RSSI: -54, 28, 1640052338 ,276 
1641159999.358955 ### DEBUG: Ticks: 278, 15, 1 
1641159999.359000 1640052338 c0:98:e5:42:00:2c 247 
1641159999.359046 373 413 424 432 435 457 460 473 475 484 484 485 485 486 493 
1641159999.359086 498 502 502 515 516 521 533 534 553 554 577 581 590 605 653 
1641159999.359131 ### RSSI: -53, 25, 1640052339 ,292 
1641159999.359176 ### DEBUG: Ticks: 294, 16, 1 
1641159999.359220 1640052339 c0:98:e5:42:00:2c 216 
1641159999.359265 337 351 367 383 387 394 396 410 412 413 422 426 429 430 431 
1641159999.359311 436 448 451 454 462 476 482 494 497 498 503 512 513 534 627 
1641159999.359355 ### DEBUG: Ticks: 309, 15, 1 
1641159999.359425 1640052340 c0:98:e5:42:00:2c 211 
1641159999.359465 335 337 353 358 369 393 398 410 411 411 413 420 422 423 423 
1641159999.359505 424 436 444 447 451 455 456 465 469 474 480 481 497 513 579 
1641159999.359546 ### DEBUG: Ticks: 325, 16, 1 
1641159999.359586 1640052341 c0:98:e5:42:00:2c 230 
1641159999.359626 330 333 385 405 413 414 425 427 433 436 439 442 446 448 461 
1641159999.359666 462 480 481 482 484 485 492 511 512 519 525 527 546 558 629 
1641159999.359705 ### DEBUG: Ticks: 341, 16, 1 
1641159999.359745 1640052342 c0:98:e5:42:00:2c 245 
1641159999.359785 293 402 420 427 446 446 449 454 455 463 464 475 477 488 489 
1641159999.359825 492 500 500 501 504 511 512 513 520 527 533 539 558 579 632 
1641159999.359864 ### BLE EVENT: 17, INFO: BLE DISCONNECTED!
1641159999.359904 ### DEBUG: Ticks: 356, 15, 0 
1641159999.359944 1640052343 c0:98:e5:42:00:2c 276 
1641159999.359983 444 461 476 478 481 489 497 500 520 528 539 541 545 545 550 
1641159999.360023 555 561 566 566 575 593 599 600 601 609 610 619 622 656 711 
1641159999.360063 ### DEBUG: Ticks: 372, 16, 0 
1641159999.360102 1640052344 c0:98:e5:42:00:2c 239 
1641159999.360142 351 391 425 427 430 433 434 434 442 447 458 466 469 469 478 
1641159999.360182 481 489 491 493 516 523 524 532 539 543 545 561 577 597 630 
1641159999.360222 ### DEBUG: Ticks: 387, 15, 0 
1641159999.360261 1640052345 c0:98:e5:42:00:2c 264 
1641159999.360301 428 430 461 462 463 468 470 486 492 497 503 505 518 522 529 
1641159999.360340 530 531 532 536 539 540 549 552 564 570 571 575 579 614 665 
1641159999.360380 ### BLE EVENT: 16, INFO: BLE CONNECTED!
1641159999.360420 ### RSSI: -49, 11, 1640052346 ,400 
1641159999.360459 ### RSSI: -52, 22, 1640052346 ,401 
1641159999.360499 ### RSSI: -54, 32, 1640052346 ,403 
1641159999.360538 ### DEBUG: Ticks: 403, 16, 0 
1641159999.360578 1640052346 c0:98:e5:42:00:2c 201 
1641159999.360617 263 312 338 340 352 360 365 372 376 385 392 398 399 401 403 
1641159999.360657 404 405 416 422 426 431 436 437 439 445 457 460 493 504 554 
1641159999.360697 ### RSSI: -51, 10, 1640052346 ,404 
1641159999.360736 ### RSSI: -55, 31, 1640052347 ,406 
1641159999.360775 ### RSSI: -50, 15, 1640052347 ,408 
1641159999.360814 ### RSSI: -48, 0, 1640052347 ,409 
1641159999.360854 ### RSSI: -48, 9, 1640052347 ,411 
1641159999.432143 ### RSSI: -54, 34, 1640052347 ,412 
1641159999.524355 ### RSSI: -49, 7, 1640052347 ,414 
1641159999.631187 ### RSSI: -49, 3, 1640052347 ,415 
1641159999.735331 ### RSSI: -55, 32, 1640052347 ,417 
1641159999.829600 ### RSSI: -52, 25, 1640052347 ,419 
1641159999.841708 ### DEBUG: Ticks: 419, 16, 0 
1641159999.841998 1640052347 c0:98:e5:42:00:2c 252 
1641159999.842219 383 391 427 436 438 456 471 473 473 491 495 496 497 499 499 
1641159999.842489 510 512 515 516 532 535 549 553 559 562 565 571 576 593 643 
1641159999.934212 ### RSSI: -49, 11, 1640052348 ,420 
1641160000.025116 ### RSSI: -49, 3, 1640052348 ,422 
1641160000.131757 ### RSSI: -55, 32, 1640052348 ,423 
1641160000.226113 ### RSSI: -55, 34, 1640052348 ,425 
1641160000.839848 ### DEBUG: Ticks: 434, 15, 0 
1641160000.840127 1640052348 c0:98:e5:42:00:2c 219 
1641160000.840312 350 353 370 372 383 396 401 403 412 414 423 423 430 436 437 
1641160000.840506 439 442 448 457 463 465 481 482 485 492 493 494 526 528 638 
1641160001.235001 ### RSSI: -50, 18, 1640052349 ,440 
1641160001.843820 ### DEBUG: Ticks: 450, 16, 0 
1641160001.844107 1640052349 c0:98:e5:42:00:2c 265 
1641160001.844333 426 438 455 480 480 488 500 504 510 511 516 523 524 527 529 
1641160001.844529 531 538 539 542 545 568 570 571 574 585 591 593 640 645 695 
1641160002.230681 ### RSSI: -49, 12, 1640052349 ,456 
1641160002.842654 ### DEBUG: Ticks: 466, 16, 0 
1641160002.842926 1640052350 c0:98:e5:42:00:2c 272 
1641160002.843083 442 445 469 484 499 502 504 505 521 522 534 536 539 541 543 
1641160002.843207 547 547 547 547 554 573 578 580 584 600 613 614 619 636 676 
1641160003.230789 ### RSSI: -49, 3, 1640052350 ,472 
1641160003.839846 ### DEBUG: Ticks: 481, 15, 0 
1641160003.840014 1640052351 c0:98:e5:42:00:2c 253 
1641160003.840108 391 391 425 445 447 450 461 468 469 470 486 488 488 494 506 
1641160003.840221 506 512 516 522 526 529 529 537 539 551 552 555 560 590 646 
1641160004.229688 ### RSSI: -50, 15, 1640052351 ,487 
1641160004.843813 ### DEBUG: Ticks: 497, 16, 0 
1641160004.843985 1640052352 c0:98:e5:42:00:2c 239 
1641160004.844081 353 384 388 405 406 419 419 422 442 454 459 462 466 469 476 
1641160004.844176 482 489 490 499 499 500 509 518 526 529 535 551 561 585 622 
1641160005.228412 ### RSSI: -49, 12, 1640052352 ,503 
1641160005.837983 ### DEBUG: Ticks: 512, 15, 0 
1641160005.838254 1640052353 c0:98:e5:42:00:2c 237 
1641160005.850299 302 334 401 404 409 414 418 424 424 427 428 433 446 449 473 
1641160005.850462 476 478 478 481 487 489 493 494 501 502 510 512 525 592 604 
1641160006.232908 ### RSSI: -54, 33, 1640052353 ,518 
1641160007.749374 
1641160007.749646 ----------------------------------------------
1641160007.749851 ### WARNING: Chip experienced a reset with reason 2
1641160008.000574 ### INFO: Bluetooth address: c0:98:e5:42:00:29
1641160008.000742 ### DEBUG: Time is 00:00:00, 2000/00/00
1641160008.000834 ### INFO: Time is 00:00:00, 2000/00/00
1641160008.104173 ### INFO: Initializing SD Card...
1641160008.379429 ### INFO: Connecting to the SquarePoint module...
1641160008.379577 ### INFO: SquarePoint module connection successful
1641160008.379650 ### INFO: Battery voltage currently 4053 mV
1641160008.482452 ### INFO: SD card flushed!
1641160008.505997 ### INFO: SD card flushed!
1641160008.506130 ### DEBUG: BLE START SCANNING called
1641160008.848135 ### DEBUG: Ticks: 17, 17, 0 
1641160008.848426 1640052356 c0:98:e5:42:00:2c 261 
1641160008.848613 421 443 452 466 469 480 483 484 500 511 511 517 517 518 523 
1641160008.848813 529 531 533 540 546 571 582 583 584 588 599 622 623 671 0 
1641160008.849030 ### INFO: Switched Scheduler EUI from 00:00:00:00:00:00 to c0:98:e5:42:00:2c
1641160008.849477 ### DEBUG: BLE STOP SCANNING called
1641160009.377315 ### DEBUG: BLE START SCANNING called
1641160009.839694 ### DEBUG: Ticks: 32, 15, 0 
1641160009.839954 1640052357 c0:98:e5:42:00:2c 226 
1641160009.840020 356 366 397 404 409 417 418 423 424 442 445 447 448 452 452 
1641160009.840084 452 458 475 481 491 493 494 496 499 503 513 518 558 560 640 
1641160010.522676 ### DEBUG: BLE START SCANNING called
1641160010.647575 ### INFO: Device is now STATIONARY
1641160010.837656 ### DEBUG: Ticks: 48, 16, 0 
1641160010.837825 1640052358 c0:98:e5:42:00:2c 253 
1641160010.850788 381 391 424 447 451 452 465 472 478 485 491 500 502 504 506 
1641160010.851076 507 509 511 515 532 533 539 539 546 549 559 572 585 592 639 
1641160011.568858 ### addr: c0:98:e5:42:00:2c 
1641160011.569016 ### on_adv_report outer RSSI: -54, time:1640052358 
1641160011.569063 ### INFO: Discovered new device: c0:98:e5:42:00:2c
1641160011.569156 ### DEBUG: connected? already connected
1641160011.569202 ### DEBUG: BLE START SCANNING called
1641160011.617056 ### BLE EVENT: 16, INFO: BLE CONNECTED!
1641160011.617170 ### DEBUG: BLE START SCANNING called
1641160011.617225 ### RSSI: -50, 18, 1640052359 ,60 
1641160011.617472 ### DEBUG: BLE START SCANNING called
1641160011.715927 ### RSSI: -55, 20, 1640052359 ,62 
1641160011.716054 ### DEBUG: BLE START SCANNING called
1641160011.823321 ### RSSI: -53, 29, 1640052359 ,63 
1641160011.823518 ### DEBUG: BLE START SCANNING called
1641160011.848491 ### DEBUG: Ticks: 63, 15, 1 
1641160011.848617 1640052359 c0:98:e5:42:00:2c 224 
1641160011.848676 323 354 372 375 390 391 408 411 416 421 425 426 430 443 445 
1641160011.848733 451 454 460 462 466 471 477 485 493 494 507 510 517 523 611 
1641160011.848793 ### DEBUG: BLE START SCANNING called
1641160011.920259 ### RSSI: -48, 10, 1640052359 ,65 
1641160011.920381 ### DEBUG: BLE START SCANNING called
1641160012.115952 ### RSSI: -49, 12, 1640052359 ,68 
1641160012.116235 ### DEBUG: BLE START SCANNING called
1641160012.223701 ### RSSI: -49, 5, 1640052359 ,69 
1641160012.223871 ### DEBUG: BLE START SCANNING called
1641160012.323184 ### RSSI: -52, 26, 1640052359 ,71 
1641160012.323572 ### DEBUG: BLE START SCANNING called
1641160012.384119 ### DEBUG: BLE START SCANNING called
1641160012.420534 ### RSSI: -51, 23, 1640052359 ,72 
1641160012.420718 ### DEBUG: BLE START SCANNING called
1641160012.518683 ### RSSI: -49, 16, 1640052359 ,74 
1641160012.518973 ### DEBUG: BLE START SCANNING called
1641160012.617470 ### RSSI: -59, 29, 1640052360 ,76 
1641160012.617697 ### DEBUG: BLE START SCANNING called
1641160012.725648 ### RSSI: -49, 1, 1640052360 ,77 
1641160012.725935 ### DEBUG: BLE START SCANNING called
1641160012.824768 ### RSSI: -55, 32, 1640052360 ,79 
1641160012.825024 ### DEBUG: BLE START SCANNING called
1641160012.839354 ### DEBUG: Ticks: 79, 16, 1 
1641160012.839713 1640052360 c0:98:e5:42:00:2c 208 
1641160012.839933 257 328 351 378 392 394 394 394 396 397 398 400 407 412 416 
1641160012.851987 416 418 421 422 423 430 437 444 457 461 465 475 489 531 557 
1641160012.852149 ### DEBUG: BLE START SCANNING called
1641160012.925438 ### RSSI: -48, 0, 1640052360 ,80 
1641160012.925601 ### DEBUG: BLE START SCANNING called
1641160013.022783 ### RSSI: -51, 21, 1640052360 ,82 
1641160013.023072 ### DEBUG: BLE START SCANNING called
1641160013.121070 ### RSSI: -50, 14, 1640052360 ,83 
1641160013.121214 ### DEBUG: BLE START SCANNING called
1641160013.220862 ### RSSI: -49, 1, 1640052360 ,85 
1641160013.221125 ### DEBUG: BLE START SCANNING called
1641160013.319106 ### RSSI: -50, 0, 1640052360 ,86 
1641160013.319498 ### DEBUG: BLE START SCANNING called
1641160013.379702 ### DEBUG: BLE START SCANNING called
1641160013.840704 ### DEBUG: Ticks: 95, 16, 1 
1641160013.841005 1640052361 c0:98:e5:42:00:2c 214 
1641160013.841193 324 331 363 364 368 376 377 377 405 411 417 420 422 425 429 
1641160013.841387 430 444 446 447 450 450 469 475 477 483 483 488 498 501 597 
1641160013.841567 ### DEBUG: BLE START SCANNING called
1641160014.325580 ### RSSI: -51, 22, 1640052361 ,102 
1641160014.325802 ### DEBUG: BLE START SCANNING called
1641160014.847206 ### DEBUG: Ticks: 110, 15, 1 
1641160014.847611 1640052362 c0:98:e5:42:00:2c 259 
1641160014.847818 407 422 454 454 456 460 472 477 485 495 499 499 506 512 516 
1641160014.847915 521 526 533 536 537 543 548 550 553 557 568 571 580 585 666 
1641160015.325683 ### RSSI: -49, 12, 1640052362 ,118 
1641160015.840284 ### DEBUG: Ticks: 126, 16, 1 
1641160015.840452 1640052363 c0:98:e5:42:00:2c 250 
1641160015.840538 376 392 427 434 438 445 445 462 467 468 477 493 494 495 497 
1641160015.840978 504 509 517 531 533 535 540 547 552 556 560 563 571 586 660 
1641160016.315942 ### RSSI: -52, 24, 1640052363 ,133 
1641160016.847560 ### DEBUG: Ticks: 142, 16, 1 
1641160016.847794 1640052364 c0:98:e5:42:00:2c 248 
1641160016.847874 363 396 426 435 446 459 461 461 463 464 475 483 490 494 495 
1641160016.847946 499 505 509 514 528 532 540 540 542 548 549 553 571 576 645 
1641160017.317289 ### RSSI: -54, 29, 1640052364 ,149 
1641160017.847177 ### DEBUG: Ticks: 157, 15, 1 
1641160017.847579 1640052365 c0:98:e5:42:00:2c 233 
1641160017.847766 363 367 409 420 423 424 438 445 452 452 454 455 457 460 465 
1641160017.847986 468 470 475 476 494 496 504 507 512 512 524 541 561 572 642 
1641160018.319618 ### RSSI: -50, 18, 1640052366 ,165 
1641160018.842255 ### DEBUG: Ticks: 173, 16, 1 
1641160018.842542 1640052366 c0:98:e5:42:00:2c 240 
1641160018.842728 323 393 418 420 423 428 443 444 454 455 461 465 465 474 479 
1641160018.842923 481 483 483 483 487 490 490 493 495 509 512 525 527 553 649 
1641160019.313042 ### RSSI: -48, 1, 1640052367 ,180 
1641160019.839157 ### DEBUG: Ticks: 188, 15, 1 
1641160019.839564 1640052367 c0:98:e5:42:00:2c 254 
1641160019.851029 353 398 401 442 455 458 460 460 464 476 480 482 482 497 508 
1641160019.851336 508 512 515 517 529 532 536 543 548 550 558 570 570 573 635 
1641160020.319712 ### RSSI: -49, 11, 1640052368 ,196 
1641160020.839195 ### DEBUG: Ticks: 204, 16, 1 
1641160020.839600 1640052368 c0:98:e5:42:00:2c 213 
1641160020.839685 277 343 346 348 361 387 388 404 406 409 410 413 416 419 421 
1641160020.851685 432 438 448 455 467 478 484 487 498 499 501 515 520 543 614 
1641160021.320138 ### RSSI: -52, 24, 1640052369 ,211 
1641160021.841133 ### DEBUG: Ticks: 220, 16, 1 
1641160021.841289 1640052369 c0:98:e5:42:00:2c 235 
1641160021.841375 348 372 417 434 435 436 436 437 441 442 452 455 461 469 470 
1641160021.841464 471 474 478 482 494 496 505 518 527 543 553 575 578 615 685 
1641160022.321233 ### RSSI: -49, 16, 1640052370 ,227 
1641160022.839147 ### DEBUG: Ticks: 235, 15, 1 
1641160022.839288 1640052370 c0:98:e5:42:00:2c 219 
1641160022.839377 319 336 371 384 385 385 391 391 398 416 425 426 428 430 435 
1641160022.839538 443 446 449 450 467 475 479 480 494 501 506 508 509 509 608 
1641160023.319363 ### RSSI: -50, 18, 1640052371 ,243 
1641160023.839075 ### DEBUG: Ticks: 251, 16, 1 
1641160023.839255 1640052371 c0:98:e5:42:00:2c 227 
1641160023.839348 343 368 388 395 401 402 415 421 422 428 432 433 435 440 453 
1641160023.839553 455 455 461 463 466 473 485 500 510 510 521 528 545 556 606 
1641160024.321805 ### RSSI: -48, 5, 1640052372 ,258 
1641160024.843061 ### DEBUG: Ticks: 266, 15, 1 
1641160024.843348 1640052372 c0:98:e5:42:00:2c 280 
1641160024.843621 453 455 474 484 487 497 498 501 506 525 538 546 555 559 560 
1641160024.843843 561 566 566 568 573 574 585 587 600 601 633 652 743 749 794 
1641160025.321264 ### RSSI: -50, 30, 1640052373 ,274 
1641160025.840435 ### DEBUG: Ticks: 282, 16, 1 
1641160025.840737 1640052373 c0:98:e5:42:00:2c 300 
1641160025.840950 451 500 508 517 517 537 538 547 551 564 566 568 583 595 600 
1641160025.841165 601 609 612 617 619 639 646 654 670 673 681 693 715 718 791 
1641160026.320847 ### RSSI: -46, 34, 1640052374 ,290 
1641160026.838105 ### DEBUG: Ticks: 298, 16, 1 
1641160026.838388 1640052374 c0:98:e5:42:00:2c 266 
1641160026.849998 447 448 453 459 468 474 488 502 503 503 505 507 515 515 532 
1641160026.850282 534 537 539 548 549 549 557 558 567 568 571 608 609 621 635 
1641160027.322886 ### RSSI: -46, 1, 1640052375 ,305 
1641160027.844388 ### DEBUG: Ticks: 313, 15, 1 
1641160027.844671 1640052375 c0:98:e5:42:00:2c 293 
1641160027.844872 499 511 536 539 551 553 557 563 568 572 574 579 579 586 587 
1641160027.845070 587 591 594 597 597 606 609 611 617 620 629 648 655 687 0 
1641160028.322727 ### RSSI: -50, 0, 1640052376 ,321 
1641160028.840376 ### DEBUG: Ticks: 329, 16, 1 
1641160028.840700 1640052376 c0:98:e5:42:00:2c 402 
1641160028.840887 631 641 645 647 683 686 687 691 695 695 696 700 705 706 708 
1641160028.841079 708 709 710 718 725 726 729 735 749 750 755 767 786 799 810 
1641160029.315320 ### RSSI: -51, 9, 1640052377 ,336 
1641160029.842187 ### DEBUG: Ticks: 345, 16, 1 
1641160029.842511 1640052377 c0:98:e5:42:00:2c 502 
1641160029.842695 795 811 834 851 868 871 871 874 874 880 888 890 896 905 905 
1641160029.842886 910 918 922 925 928 932 935 949 961 963 976 989 994 995 1024 
1641160030.321822 ### RSSI: -50, 32, 1640052377 ,352 
1641160030.841318 ### DEBUG: Ticks: 360, 15, 1 
1641160030.841485 1640052378 c0:98:e5:42:00:2c 603 
1641160030.841586 908 939 949 953 954 965 981 982 983 984 984 984 987 989 998 
1641160030.841726 1000 1003 1003 1007 1018 1025 1025 1033 1044 1047 1050 1053 1106 1114 1122 
1641160031.315336 ### RSSI: -46, 22, 1640052378 ,368 
1641160031.844682 ### DEBUG: Ticks: 376, 16, 1 
1641160031.844874 1640052379 c0:98:e5:42:00:2c 715 
1641160031.844966 972 1027 1029 1032 1037 1038 1043 1047 1051 1057 1065 1070 1070 1071 1074 
1641160031.845062 1075 1079 1090 1099 1101 1102 1110 1114 1118 1122 1126 1153 1165 1186 1219 
1641160032.320138 ### RSSI: -50, 35, 1640052379 ,383 
1641160032.850047 ### DEBUG: Ticks: 391, 15, 1 
1641160032.850338 1640052380 c0:98:e5:42:00:2c 634 
1641160032.850430 965 968 993 1001 1007 1007 1009 1021 1025 1027 1049 1050 1051 1054 1056 
1641160032.850527 1064 1064 1065 1069 1076 1076 1080 1095 1097 1101 1110 1124 1127 1139 1185 
1641160033.319695 ### RSSI: -53, 5, 1640052380 ,399 
1641160033.838997 ### DEBUG: Ticks: 407, 16, 1 
1641160033.839167 1640052381 c0:98:e5:42:00:2c 652 
1641160033.839260 886 934 937 957 960 960 993 1000 1001 1008 1010 1013 1017 1019 1028 
1641160033.853301 1038 1042 1044 1044 1055 1058 1061 1076 1077 1085 1101 1104 1130 1168 1289 
1641160034.322793 ### RSSI: -64, 26, 1640052381 ,414 
1641160034.843481 ### DEBUG: Ticks: 423, 16, 1 
1641160034.843747 1640052382 c0:98:e5:42:00:2c 592 
1641160034.843933 872 873 886 888 894 926 930 933 933 937 943 957 958 960 962 
1641160034.844121 963 971 978 980 1010 1014 1018 1021 1025 1026 1048 1049 1053 1057 1141 
1641160035.321069 ### RSSI: -61, 25, 1640052382 ,430 
1641160035.847824 ### DEBUG: Ticks: 438, 15, 1 
1641160035.848109 1640052383 c0:98:e5:42:00:2c 635 
1641160035.848311 873 899 902 915 930 930 931 939 940 940 941 944 958 964 967 
1641160035.848492 973 988 992 1013 1017 1017 1020 1024 1028 1029 1036 1066 1085 1173 1255 
1641160036.318845 ### RSSI: -63, 7, 1640052383 ,446 
1641160036.846997 ### DEBUG: Ticks: 454, 16, 1 
1641160036.847298 1640052384 c0:98:e5:42:00:2c 623 
1641160036.847620 836 894 908 920 928 936 937 946 953 977 988 995 999 1002 1003 
1641160036.848580 1006 1011 1016 1019 1032 1032 1032 1047 1048 1060 1067 1095 1106 1127 1176 
1641160037.313016 ### RSSI: -62, 22, 1640052384 ,461 
1641160037.842940 ### DEBUG: Ticks: 470, 16, 1 
1641160037.843239 1640052385 c0:98:e5:42:00:2c 714 
1641160037.843535 949 985 994 1001 1001 1015 1018 1026 1047 1057 1058 1075 1075 1089 1094 
1641160037.843650 1095 1098 1101 1103 1103 1103 1111 1112 1116 1147 1160 1176 1219 1285 0 
1641160038.314639 ### RSSI: -62, 25, 1640052385 ,477 
1641160038.844778 ### DEBUG: Ticks: 485, 15, 1 
1641160038.845060 1640052386 c0:98:e5:42:00:2c 650 
1641160038.845292 806 829 831 850 852 865 893 894 896 904 906 907 907 915 915 
1641160038.845474 924 929 949 954 959 973 973 975 979 991 1000 1012 1030 1068 1220 
1641160039.314740 ### RSSI: -58, 18, 1640052386 ,493 
1641160039.840706 ### DEBUG: Ticks: 501, 16, 1 
1641160039.840948 1640052387 c0:98:e5:42:00:2c 650 
1641160039.841087 870 881 920 935 939 943 957 957 958 960 961 966 966 967 970 
1641160039.841229 990 990 994 999 1009 1012 1017 1018 1043 1053 1059 1071 1100 1115 1190 
1641160040.321166 ### RSSI: -62, 20, 1640052387 ,508 
1641160040.844377 ### DEBUG: Ticks: 516, 15, 1 
1641160040.844766 1640052388 c0:98:e5:42:00:2c 700 
1641160040.844909 946 952 981 981 992 993 1024 1025 1027 1034 1036 1036 1037 1051 1052 
1641160040.845029 1057 1058 1059 1062 1070 1072 1077 1079 1097 1097 1150 1175 1185 1240 1322 
1641160041.316304 ### RSSI: -57, 10, 1640052388 ,524 
1641160041.842070 ### DEBUG: Ticks: 532, 16, 1 
1641160041.842287 1640052389 c0:98:e5:42:00:2c 650 
1641160041.842361 887 917 958 958 964 977 985 987 997 998 1006 1019 1021 1024 1032 
1641160041.842440 1034 1043 1049 1050 1051 1057 1063 1069 1096 1113 1120 1133 1155 1166 1186 
1641160042.315925 ### RSSI: -59, 27, 1640052389 ,539 
1641160042.845089 ### DEBUG: Ticks: 548, 16, 1 
1641160042.845410 1640052390 c0:98:e5:42:00:2c 701 
1641160042.845596 937 948 999 1002 1016 1020 1042 1056 1058 1060 1066 1070 1077 1093 1094 
1641160042.845775 1094 1099 1100 1106 1113 1116 1120 1124 1133 1134 1137 1168 1186 1290 1300 
1641160043.237871 ### INFO: SD card flushed!
1641160043.317940 ### RSSI: -56, 18, 1640052391 ,555 
1641160043.843500 ### DEBUG: Ticks: 563, 15, 1 
1641160043.843786 1640052391 c0:98:e5:42:00:2c 965 
1641160043.843976 1245 1259 1266 1282 1283 1295 1295 1301 1309 1311 1316 1317 1321 1322 1322 
1641160043.844186 1331 1332 1333 1341 1344 1347 1352 1358 1360 1361 1370 1378 1387 1522 1584 
1641160044.315342 ### RSSI: -56, 2, 1640052392 ,571 
1641160044.836739 ### DEBUG: Ticks: 579, 16, 1 
1641160044.848943 1640052392 c0:98:e5:42:00:2c 1468 
1641160044.849237 1712 1721 1733 1752 1753 1766 1802 1805 1817 1818 1821 1821 1828 1829 1842 
1641160044.849422 1855 1864 1868 1874 1875 1891 1900 1901 1903 1905 1911 1912 1913 1916 1930 
1641160045.318300 ### RSSI: -60, 7, 1640052393 ,586 
1641160045.846682 ### DEBUG: Ticks: 594, 15, 1 
1641160045.846820 1640052393 c0:98:e5:42:00:2c 1917 
1641160045.846886 2197 2232 2255 2255 2260 2269 2276 2277 2284 2299 2300 2304 2311 2313 2314 
1641160045.846949 2320 2322 2323 2327 2328 2346 2350 2351 2352 2359 2359 2362 2376 2379 2418 
1641160046.321614 ### RSSI: -65, 29, 1640052394 ,602 
1641160046.841705 ### DEBUG: Ticks: 610, 16, 1 
1641160046.841997 1640052394 c0:98:e5:42:00:2c 1921 
1641160046.842183 2159 2167 2177 2188 2193 2195 2228 2231 2251 2252 2253 2256 2257 2267 2268 
1641160046.842374 2271 2275 2279 2284 2284 2304 2307 2314 2319 2327 2331 2333 2338 2352 2362 
1641160047.312510 ### RSSI: -58, 33, 1640052395 ,618 
1641160047.844007 ### DEBUG: Ticks: 626, 16, 1 
1641160047.844329 1640052395 c0:98:e5:42:00:2c 1930 
1641160047.844517 2141 2160 2160 2160 2167 2204 2204 2221 2223 2232 2235 2237 2242 2244 2246 
1641160047.844711 2253 2253 2253 2263 2265 2267 2286 2286 2293 2296 2310 2317 2333 2340 2350 
1641160048.315083 ### RSSI: -73, 3, 1640052396 ,633 
1641160048.840347 ### DEBUG: Ticks: 641, 15, 1 
1641160048.840529 1640052396 c0:98:e5:42:00:2c 1914 
1641160048.852405 2161 2170 2172 2173 2188 2228 2234 2238 2251 2258 2259 2263 2279 2279 2283 
1641160048.852642 2283 2296 2296 2302 2303 2309 2317 2324 2327 2329 2338 2340 2344 2382 2398 
1641160049.320952 ### RSSI: -58, 20, 1640052397 ,649 
1641160049.845821 ### DEBUG: Ticks: 657, 16, 1 
1641160049.846110 1640052397 c0:98:e5:42:00:2c 1661 
1641160049.846295 1991 1995 2002 2003 2003 2012 2038 2046 2053 2065 2068 2071 2074 2077 2083 
1641160049.846500 2083 2095 2096 2106 2110 2114 2116 2117 2123 2126 2161 2162 2173 2183 2197 
1641160050.316069 ### RSSI: -60, 14, 1640052398 ,664 
1641160050.842683 ### DEBUG: Ticks: 673, 16, 1 
1641160050.842970 1640052398 c0:98:e5:42:00:2c 1318 
1641160050.843161 1551 1561 1576 1578 1593 1621 1627 1630 1635 1636 1637 1638 1641 1643 1650 
1641160050.843272 1651 1653 1653 1654 1654 1664 1665 1670 1690 1692 1709 1741 1743 1754 1846 
1641160051.321390 ### RSSI: -54, 30, 1640052399 ,680 
1641160051.840562 ### DEBUG: Ticks: 688, 15, 1 
1641160051.840851 1640052399 c0:98:e5:42:00:2c 874 
1641160051.841037 1181 1185 1198 1220 1233 1239 1242 1258 1260 1269 1272 1280 1281 1290 1291 
1641160051.852380 1293 1294 1295 1297 1298 1299 1301 1302 1304 1304 1319 1354 1357 1515 1519 
1641160052.316507 ### RSSI: -60, 22, 1640052400 ,696 
1641160052.849316 ### DEBUG: Ticks: 704, 16, 1 
1641160052.849606 1640052400 c0:98:e5:42:00:2c 684 
1641160052.849793 939 957 981 1009 1015 1021 1028 1041 1043 1049 1050 1051 1058 1069 1070 
1641160052.849985 1070 1072 1072 1076 1081 1088 1090 1092 1103 1121 1132 1204 1210 1218 1312 
1641160053.321858 ### RSSI: -60, 23, 1640052401 ,711 
1641160053.843514 ### DEBUG: Ticks: 719, 15, 1 
1641160053.843686 1640052401 c0:98:e5:42:00:2c 650 
1641160053.843816 1008 1017 1024 1041 1064 1067 1069 1069 1088 1090 1097 1097 1097 1102 1123 
1641160053.843908 1128 1128 1128 1146 1149 1149 1151 1170 1179 1186 1196 1200 1231 1334 1381 
1641160054.315558 ### RSSI: -60, 14, 1640052402 ,727 
1641160054.842451 ### DEBUG: Ticks: 735, 16, 1 
1641160054.842770 1640052402 c0:98:e5:42:00:2c 704 
1641160054.842956 900 905 932 937 947 951 959 964 964 975 976 986 988 991 993 
1641160054.843149 1000 1004 1015 1020 1022 1027 1029 1046 1053 1056 1072 1101 1106 1116 1133 
1641160055.312231 ### RSSI: -76, 10, 1640052402 ,742 
1641160055.843156 ### DEBUG: Ticks: 751, 16, 1 
1641160055.843481 1640052403 c0:98:e5:42:00:2c 689 
1641160055.844235 959 974 991 998 1010 1023 1024 1025 1032 1039 1044 1048 1055 1064 1067 
1641160055.844512 1068 1070 1074 1085 1094 1101 1104 1106 1119 1150 1152 1180 1228 1244 1285 
1641160056.319033 ### RSSI: -68, 7, 1640052403 ,758 
1641160056.849657 ### DEBUG: Ticks: 766, 15, 1 
1641160056.849825 1640052404 c0:98:e5:42:00:2c 832 
1641160056.849918 1109 1140 1147 1148 1153 1169 1172 1179 1184 1202 1212 1212 1216 1223 1225 
1641160056.850014 1229 1232 1235 1241 1242 1242 1243 1261 1262 1269 1273 1277 1289 1435 1475 
1641160057.320822 ### RSSI: -53, 15, 1640052404 ,774 
1641160057.840732 ### DEBUG: Ticks: 782, 16, 1 
1641160057.840916 1640052405 c0:98:e5:42:00:2c 1253 
1641160057.841010 1494 1501 1511 1513 1522 1525 1534 1537 1542 1548 1562 1565 1567 1567 1570 
1641160057.841106 1576 1576 1583 1585 1586 1587 1604 1613 1635 1636 1658 1676 1678 1772 1809 
1641160058.322896 ### RSSI: -58, 7, 1640052405 ,789 
1641160058.850594 ### DEBUG: Ticks: 798, 16, 1 
1641160058.850879 1640052406 c0:98:e5:42:00:2c 1874 
1641160058.851078 2165 2210 2217 2219 2225 2235 2256 2262 2264 2289 2296 2297 2314 2319 2334 
1641160058.851256 2349 2352 2355 2357 2361 2367 2367 2382 2383 2396 2408 2413 2415 2420 2500 
1641160059.318630 ### RSSI: -63, 9, 1640052406 ,805 
1641160059.843349 ### DEBUG: Ticks: 813, 15, 1 
1641160059.843889 1640052407 c0:98:e5:42:00:2c 1937 
1641160059.844073 2115 2140 2148 2150 2155 2181 2181 2190 2196 2206 2209 2210 2211 2230 2231 
1641160059.844296 2231 2250 2251 2254 2254 2255 2257 2257 2258 2266 2266 2266 2299 2301 2305 
1641160060.319683 ### RSSI: -64, 18, 1640052407 ,821 
1641160060.841928 ### DEBUG: Ticks: 829, 16, 1 
1641160060.842109 1640052408 c0:98:e5:42:00:2c 2063 
1641160060.842259 2391 2394 2413 2440 2446 2461 2465 2477 2477 2479 2483 2484 2488 2494 2508 
1641160060.842390 2509 2518 2531 2531 2538 2538 2556 2561 2567 2568 2573 2583 2593 2635 2721 
1641160061.314701 ### RSSI: -64, 14, 1640052408 ,836 
1641160061.840802 ### DEBUG: Ticks: 844, 15, 1 
1641160061.841092 1640052409 c0:98:e5:42:00:2c 1902 
1641160061.851949 2192 2208 2224 2237 2241 2245 2254 2271 2281 2288 2292 2293 2306 2311 2312 
1641160061.852235 2313 2315 2322 2323 2328 2338 2342 2345 2352 2356 2357 2357 2359 2375 2385 
1641160062.313430 ### RSSI: -61, 25, 1640052409 ,852 
1641160062.842589 ### DEBUG: Ticks: 860, 16, 1 
1641160062.842882 1640052410 c0:98:e5:42:00:2c 1883 
1641160062.843067 2132 2138 2139 2171 2174 2177 2181 2187 2200 2210 2218 2223 2231 2231 2236 
1641160062.843290 2239 2241 2243 2247 2255 2258 2260 2273 2284 2289 2291 2295 2296 2299 2305 
1641160063.315517 ### RSSI: -61, 16, 1640052410 ,867 
1641160063.842678 ### DEBUG: Ticks: 876, 16, 1 
1641160063.842859 1640052411 c0:98:e5:42:00:2c 1588 
1641160063.842971 1867 1896 1909 1914 1925 1955 1960 1962 1966 1977 1977 1989 2000 2008 2012 
1641160063.843083 2016 2025 2032 2036 2042 2045 2047 2055 2060 2073 2082 2101 2101 2115 2210 
1641160064.313737 ### RSSI: -55, 21, 1640052411 ,883 
1641160064.845960 ### DEBUG: Ticks: 891, 15, 1 
1641160064.846153 1640052412 c0:98:e5:42:00:2c 1204 
1641160064.846246 1439 1509 1515 1518 1535 1536 1545 1555 1562 1565 1571 1572 1582 1584 1584 
1641160064.846348 1603 1605 1613 1615 1616 1616 1617 1631 1631 1640 1651 1652 1681 1803 1829 
1641160065.321252 ### RSSI: -58, 18, 1640052412 ,899 
1641160065.840489 ### DEBUG: Ticks: 907, 16, 1 
1641160065.840776 1640052413 c0:98:e5:42:00:2c 806 
1641160065.840977 1088 1091 1149 1154 1166 1168 1198 1199 1210 1211 1213 1213 1217 1222 1222 
1641160065.841180 1230 1232 1239 1239 1260 1267 1272 1272 1273 1276 1276 1288 1295 1431 1448 
1641160066.321030 ### RSSI: -70, 26, 1640052413 ,914 
1641160066.842370 ### DEBUG: Ticks: 923, 16, 1 
1641160066.842657 1640052414 c0:98:e5:42:00:2c 763 
1641160066.842857 961 975 991 994 1007 1016 1021 1034 1041 1044 1047 1058 1059 1060 1061 
1641160066.843273 1064 1072 1079 1079 1079 1096 1106 1120 1139 1139 1157 1173 1176 1182 1238 
1641160067.317661 ### RSSI: -61, 4, 1640052415 ,930 
1641160067.847539 ### DEBUG: Ticks: 938, 15, 1 
1641160067.847825 1640052415 c0:98:e5:42:00:2c 848 
1641160067.848026 1003 1019 1033 1042 1047 1055 1077 1079 1097 1101 1102 1112 1115 1118 1121 
1641160067.848463 1123 1126 1150 1151 1152 1152 1165 1168 1173 1198 1214 1232 1240 1313 1364 
1641160068.319239 ### RSSI: -72, 14, 1640052416 ,946 
1641160068.849687 ### DEBUG: Ticks: 954, 16, 1 
1641160068.849989 1640052416 c0:98:e5:42:00:2c 779 
1641160068.850175 1027 1044 1073 1074 1095 1097 1103 1132 1133 1137 1139 1141 1141 1142 1143 
1641160068.850369 1152 1152 1162 1170 1172 1173 1190 1200 1209 1213 1213 1230 1233 1252 1285 
1641160069.317570 ### RSSI: -71, 33, 1640052417 ,961 
1641160069.844376 ### DEBUG: Ticks: 969, 15, 1 
1641160069.844677 1640052417 c0:98:e5:42:00:2c 789 
1641160069.844862 1052 1053 1053 1054 1060 1096 1103 1104 1106 1126 1128 1129 1132 1133 1135 
1641160069.845054 1137 1139 1146 1148 1150 1153 1153 1154 1173 1176 1185 1189 1200 1306 1336 
1641160070.314869 ### RSSI: -61, 9, 1640052418 ,977 
1641160070.841027 ### DEBUG: Ticks: 985, 16, 1 
1641160070.841263 1640052418 c0:98:e5:42:00:2c 1014 
1641160070.841403 1354 1373 1374 1376 1386 1387 1391 1399 1402 1409 1413 1413 1420 1421 1421 
1641160070.841546 1423 1429 1434 1447 1448 1453 1457 1467 1479 1486 1491 1511 1513 1666 1705 
1641160071.313155 ### RSSI: -57, 4, 1640052419 ,992 
1641160071.847697 ### DEBUG: Ticks: 1001, 16, 1 
1641160071.847842 1640052419 c0:98:e5:42:00:2c 1465 
1641160071.847913 1621 1665 1667 1691 1696 1715 1717 1727 1729 1757 1760 1767 1772 1782 1788 
1641160071.848041 1793 1800 1800 1808 1808 1811 1812 1818 1822 1825 1835 1835 1847 1854 1865 
1641160072.320262 ### RSSI: -62, 7, 1640052420 ,1008 
1641160072.845291 ### DEBUG: Ticks: 1016, 15, 1 
1641160072.845416 1640052420 c0:98:e5:42:00:2c 1915 
1641160072.845480 2162 2164 2164 2164 2169 2199 2206 2213 2234 2253 2256 2258 2260 2260 2265 
1641160072.845537 2270 2274 2281 2288 2288 2291 2295 2300 2300 2303 2312 2319 2361 2373 2384 
1641160073.313334 ### RSSI: -59, 32, 1640052421 ,1024 
1641160073.840532 ### DEBUG: Ticks: 1032, 16, 1 
1641160073.840696 1640052421 c0:98:e5:42:00:2c 1938 
1641160073.840806 2224 2232 2234 2252 2261 2263 2290 2297 2309 2320 2320 2321 2331 2332 2334 
1641160073.852817 2355 2357 2359 2362 2366 2379 2381 2386 2388 2395 2402 2409 2410 2420 2455 
1641160074.321552 ### RSSI: -62, 9, 1640052422 ,1039 
1641160074.842785 ### DEBUG: Ticks: 1047, 15, 1 
1641160074.843038 1640052422 c0:98:e5:42:00:2c 1924 
1641160074.843198 2198 2219 2227 2244 2254 2260 2272 2282 2283 2288 2303 2304 2305 2306 2308 
1641160074.843365 2311 2315 2322 2334 2337 2340 2343 2359 2366 2367 2370 2374 2394 2398 2409 
1641160075.312947 ### RSSI: -60, 23, 1640052423 ,1055 
1641160075.847582 ### DEBUG: Ticks: 1063, 16, 1 
1641160075.847746 1640052423 c0:98:e5:42:00:2c 1960 
1641160075.847839 2292 2296 2299 2321 2323 2326 2335 2336 2342 2343 2353 2359 2368 2374 2381 
1641160075.847936 2393 2402 2404 2409 2409 2411 2415 2417 2427 2430 2434 2441 2460 2461 2490 
1641160076.314487 ### RSSI: -57, 33, 1640052424 ,1070 
1641160076.845417 ### DEBUG: Ticks: 1079, 16, 1 
1641160076.845702 1640052424 c0:98:e5:42:00:2c 1799 
1641160076.845887 2014 2032 2035 2049 2065 2067 2068 2074 2088 2098 2098 2116 2117 2121 2123 
1641160076.846078 2128 2133 2140 2145 2147 2152 2158 2170 2173 2178 2186 2191 2198 2201 2215 
1641160077.321942 ### RSSI: -64, 7, 1640052425 ,1086 
1641160077.848466 ### DEBUG: Ticks: 1094, 15, 1 
1641160077.848650 1640052425 c0:98:e5:42:00:2c 1417 
1641160077.848742 1662 1668 1675 1688 1710 1712 1717 1720 1721 1723 1726 1735 1744 1754 1758 
1641160077.848837 1767 1770 1771 1775 1786 1793 1798 1800 1803 1804 1816 1821 1826 1837 1840 
1641160078.234540 ### INFO: SD card flushed!
1641160078.313104 ### RSSI: -58, 10, 1640052426 ,1102 
1641160078.842200 ### DEBUG: Ticks: 1110, 16, 1 
1641160078.842485 1640052426 c0:98:e5:42:00:2c 1037 
1641160078.842669 1250 1261 1282 1282 1290 1292 1326 1327 1329 1335 1341 1344 1344 1363 1364 
1641160078.842861 1366 1374 1380 1381 1396 1400 1400 1402 1406 1410 1417 1436 1457 1570 1609 
1641160079.322834 ### RSSI: -65, 34, 1640052426 ,1117 
1641160079.847607 ### DEBUG: Ticks: 1126, 16, 1 
1641160079.847764 1640052427 c0:98:e5:42:00:2c 633 
1641160079.847845 912 947 952 959 974 979 998 1009 1015 1022 1023 1023 1026 1026 1030 
1641160079.847918 1035 1036 1044 1046 1062 1075 1080 1083 1084 1090 1093 1093 1093 1228 1230 
1641160080.311482 ### RSSI: -59, 13, 1640052427 ,1133 
1641160080.843461 ### DEBUG: Ticks: 1141, 15, 1 
1641160080.843756 1640052428 c0:98:e5:42:00:2c 629 
1641160080.843872 816 833 836 838 870 890 893 899 902 909 909 913 924 930 931 
1641160080.843963 934 940 949 958 960 964 989 997 1004 1009 1010 1010 1020 1048 1152 
1641160081.318906 ### RSSI: -56, 0, 1640052428 ,1149 
1641160081.845708 ### DEBUG: Ticks: 1157, 16, 1 
1641160081.845998 1640052429 c0:98:e5:42:00:2c 631 
1641160081.846185 878 892 901 938 939 952 952 952 959 972 973 974 980 983 994 
1641160081.846380 995 997 1004 1005 1009 1024 1025 1039 1052 1053 1054 1057 1072 1147 1165 
1641160082.320833 ### RSSI: -56, 8, 1640052429 ,1164 
1641160082.848471 ### DEBUG: Ticks: 1172, 15, 1 
1641160082.848635 1640052430 c0:98:e5:42:00:2c 624 
1641160082.848721 813 866 870 880 882 896 900 902 908 909 934 937 937 943 952 
1641160082.848916 953 957 957 958 967 969 984 987 990 991 1010 1043 1083 1121 1170 
1641160083.314115 ### RSSI: -71, 27, 1640052430 ,1180 
1641160083.842415 ### DEBUG: Ticks: 1188, 16, 1 
1641160083.842575 1640052431 c0:98:e5:42:00:2c 721 
1641160083.842631 991 1019 1021 1022 1024 1031 1035 1045 1061 1064 1065 1071 1077 1081 1090 
1641160083.842689 1098 1107 1113 1116 1124 1126 1129 1137 1138 1139 1142 1149 1180 1293 1300 
1641160084.312953 ### RSSI: -55, 17, 1640052431 ,1195 
1641160084.847639 ### DEBUG: Ticks: 1204, 16, 1 
1641160084.847812 1640052432 c0:98:e5:42:00:2c 1072 
1641160084.847905 1275 1296 1302 1303 1312 1330 1334 1351 1351 1353 1368 1371 1377 1377 1380 
1641160084.848000 1380 1381 1381 1383 1387 1393 1396 1409 1413 1436 1440 1458 1459 1467 1576 
1641160085.319604 ### RSSI: -55, 27, 1640052432 ,1211 
1641160085.848272 ### DEBUG: Ticks: 1219, 15, 1 
1641160085.848427 1640052433 c0:98:e5:42:00:2c 1596 
1641160085.848508 1883 1891 1892 1901 1904 1942 1963 1964 1972 1974 1976 1983 1984 1990 1996 
1641160085.848597 2013 2013 2013 2017 2018 2022 2032 2035 2043 2052 2074 2075 2085 2088 2103 
1641160086.317739 ### RSSI: -58, 16, 1640052433 ,1227 
1641160086.844552 ### DEBUG: Ticks: 1235, 16, 1 
1641160086.844727 1640052434 c0:98:e5:42:00:2c 1963 
1641160086.844814 2292 2308 2309 2321 2343 2343 2344 2346 2352 2352 2356 2362 2367 2375 2398 
1641160086.844902 2405 2406 2420 2422 2422 2426 2434 2461 2463 2464 2467 2473 2474 2482 2505 
1641160087.314187 ### RSSI: -63, 9, 1640052434 ,1242 
1641160087.842964 ### DEBUG: Ticks: 1251, 16, 1 
1641160087.843261 1640052435 c0:98:e5:42:00:2c 1985 
1641160087.843789 2281 2296 2300 2300 2311 2319 2322 2338 2353 2356 2360 2363 2370 2375 2379 
1641160087.844523 2384 2388 2390 2390 2392 2393 2395 2403 2412 2418 2436 2452 2454 2467 2476 
1641160088.312772 ### RSSI: -60, 27, 1640052435 ,1258 
1641160088.841674 ### DEBUG: Ticks: 1266, 15, 1 
1641160088.841842 1640052436 c0:98:e5:42:00:2c 1945 
1641160088.841934 2224 2234 2242 2244 2255 2256 2266 2270 2275 2280 2300 2304 2310 2313 2313 
1641160088.842030 2326 2328 2331 2332 2335 2347 2348 2349 2358 2369 2378 2381 2382 2420 2426 
1641160089.311643 ### RSSI: -62, 9, 1640052436 ,1274 
1641160089.849297 ### DEBUG: Ticks: 1282, 16, 1 
1641160089.849594 1640052437 c0:98:e5:42:00:2c 1948 
1641160089.849778 2220 2226 2250 2252 2255 2257 2262 2268 2276 2297 2302 2306 2310 2311 2313 
1641160089.849971 2316 2330 2341 2341 2348 2348 2349 2350 2362 2362 2376 2377 2385 2398 2399 
1641160090.317752 ### RSSI: -60, 28, 1640052437 ,1289 
1641160090.842182 ### DEBUG: Ticks: 1297, 15, 1 
1641160090.842480 1640052438 c0:98:e5:42:00:2c 1723 
1641160090.842664 1958 1994 1998 1999 1999 2021 2023 2024 2024 2037 2053 2061 2069 2074 2076 
1641160090.842856 2078 2085 2091 2095 2100 2108 2109 2120 2122 2139 2142 2150 2161 2174 0 
1641160091.311665 ### RSSI: -56, 25, 1640052439 ,1305 
1641160091.843372 ### DEBUG: Ticks: 1313, 16, 1 
1641160091.843867 1640052439 c0:98:e5:42:00:2c 1398 
1641160091.844055 1574 1602 1615 1662 1663 1683 1685 1692 1693 1699 1717 1727 1740 1745 1747 
1641160091.844248 1752 1755 1756 1760 1760 1761 1763 1765 1766 1769 1771 1777 1786 1811 1820 
1641160092.310036 ### RSSI: -62, 6, 1640052440 ,1320 
1641160092.844531 ### DEBUG: Ticks: 1329, 16, 1 
1641160092.844664 1640052440 c0:98:e5:42:00:2c 924 
1641160092.844738 1170 1190 1215 1221 1224 1239 1252 1254 1255 1255 1263 1275 1297 1297 1301 
1641160092.844804 1304 1308 1315 1317 1319 1325 1327 1328 1333 1339 1341 1355 1364 1366 1387 
1641160093.312186 ### RSSI: -66, 21, 1640052441 ,1336 
1641160093.845049 ### DEBUG: Ticks: 1344, 15, 1 
1641160093.845202 1640052441 c0:98:e5:42:00:2c 792 
1641160093.845288 1063 1088 1091 1098 1110 1125 1131 1134 1141 1144 1145 1148 1155 1158 1165 
1641160093.845375 1169 1170 1180 1194 1198 1198 1202 1205 1215 1220 1239 1289 1315 1355 1432 
1641160094.312459 ### RSSI: -61, 19, 1640052442 ,1352 
1641160094.850641 ### DEBUG: Ticks: 1360, 16, 1 
1641160094.850927 1640052442 c0:98:e5:42:00:2c 845 
1641160094.851113 1064 1066 1072 1080 1086 1099 1112 1123 1125 1127 1128 1134 1138 1140 1142 
1641160094.851310 1145 1159 1166 1169 1173 1182 1186 1192 1202 1226 1240 1263 1296 1297 1375 
1641160095.317505 ### RSSI: -58, 5, 1640052443 ,1367 
1641160095.850519 ### DEBUG: Ticks: 1375, 15, 1 
1641160095.850811 1640052443 c0:98:e5:42:00:2c 792 
1641160095.850998 1025 1039 1048 1064 1073 1074 1102 1112 1114 1115 1130 1134 1141 1146 1151 
1641160095.851206 1153 1153 1155 1160 1189 1192 1207 1213 1218 1233 1240 1257 1260 1260 1264 
1641160096.314713 ### RSSI: -61, 16, 1640052444 ,1383 
1641160096.849233 ### DEBUG: Ticks: 1391, 16, 1 
1641160096.849384 1640052444 c0:98:e5:42:00:2c 846 
1641160096.849463 1065 1069 1082 1112 1144 1146 1148 1149 1157 1165 1165 1166 1173 1177 1180 
1641160096.849545 1211 1215 1220 1226 1232 1233 1235 1235 1243 1243 1300 1344 1387 1405 1448 
1641160097.314383 ### RSSI: -65, 1, 1640052445 ,1398 
1641160097.848331 ### DEBUG: Ticks: 1407, 16, 1 
1641160097.848618 1640052445 c0:98:e5:42:00:2c 927 
1641160097.848804 1172 1179 1196 1197 1197 1201 1249 1251 1254 1255 1275 1277 1283 1285 1292 
1641160097.848995 1296 1299 1299 1299 1305 1307 1309 1310 1320 1330 1332 1340 1350 1514 1519 
1641160098.312553 ### RSSI: -55, 24, 1640052446 ,1414 
1641160098.847666 ### DEBUG: Ticks: 1422, 15, 1 
1641160098.847950 1640052446 c0:98:e5:42:00:2c 1334 
1641160098.848135 1611 1620 1622 1622 1625 1630 1644 1644 1648 1667 1676 1683 1690 1693 1695 
1641160098.848328 1695 1695 1702 1702 1705 1707 1712 1721 1730 1730 1740 1744 1761 1953 1967 
1641160099.311261 ### RSSI: -59, 28, 1640052447 ,1430 
1641160099.845792 ### DEBUG: Ticks: 1438, 16, 1 
1641160099.845948 1640052447 c0:98:e5:42:00:2c 1805 
1641160099.846034 2075 2078 2091 2092 2098 2106 2123 2128 2139 2141 2146 2152 2166 2170 2172 
1641160099.846122 2179 2189 2192 2192 2194 2195 2196 2204 2210 2217 2218 2236 2244 2251 2271 
1641160100.319691 ### RSSI: -63, 19, 1640052448 ,1445 
1641160100.845031 ### DEBUG: Ticks: 1454, 16, 1 
1641160100.845175 1640052448 c0:98:e5:42:00:2c 2025 
1641160100.845249 2319 2322 2324 2328 2348 2356 2363 2376 2376 2384 2384 2392 2407 2412 2413 
1641160100.845325 2420 2421 2421 2421 2422 2426 2426 2438 2454 2460 2470 2476 2476 2477 2483 
1641160101.315659 ### RSSI: -62, 22, 1640052449 ,1461 
1641160101.843677 ### DEBUG: Ticks: 1469, 15, 1 
1641160101.843957 1640052449 c0:98:e5:42:00:2c 2062 
1641160101.844154 2342 2343 2345 2346 2362 2373 2380 2392 2401 2402 2407 2415 2422 2428 2434 
1641160101.844351 2435 2439 2441 2443 2450 2458 2459 2461 2470 2480 2486 2496 2497 2511 2517 
1641160102.310383 ### RSSI: -61, 17, 1640052450 ,1477 
1641160102.841644 ### DEBUG: Ticks: 1485, 16, 1 
1641160102.841825 1640052450 c0:98:e5:42:00:2c 2088 
1641160102.841919 2314 2321 2329 2352 2355 2365 2368 2372 2396 2400 2404 2404 2411 2420 2427 
1641160102.842016 2427 2427 2431 2435 2441 2442 2448 2450 2454 2454 2461 2461 2483 2522 2557 
1641160103.316117 ### RSSI: -64, 12, 1640052450 ,1492 
1641160103.841607 ### DEBUG: Ticks: 1500, 15, 1 
1641160103.841774 1640052451 c0:98:e5:42:00:2c 1919 
1641160103.841865 2214 2226 2249 2252 2260 2266 2281 2284 2288 2289 2289 2300 2304 2306 2335 
1641160103.841960 2341 2341 2343 2344 2346 2354 2358 2363 2371 2373 2375 2378 2406 2410 2412 
1641160104.310817 ### RSSI: -61, 6, 1640052451 ,1508 
1641160104.843081 ### DEBUG: Ticks: 1516, 16, 1 
1641160104.843269 1640052452 c0:98:e5:42:00:2c 1665 
1641160104.843361 1950 1950 1993 1999 2002 2002 2033 2043 2045 2052 2056 2056 2057 2060 2062 
1641160104.843519 2067 2073 2078 2100 2108 2110 2120 2122 2125 2145 2159 2168 2170 2186 2304 
1641160105.315542 ### RSSI: -59, 1, 1640052452 ,1523 
1641160105.841354 ### DEBUG: Ticks: 1532, 16, 1 
1641160105.841584 1640052453 c0:98:e5:42:00:2c 1221 
1641160105.841677 1530 1543 1554 1562 1569 1570 1575 1609 1611 1622 1623 1623 1627 1654 1658 
1641160105.853861 1662 1663 1672 1680 1683 1689 1694 1700 1709 1720 1732 1736 1738 1886 1892 
1641160106.311774 ### RSSI: -59, 15, 1640052453 ,1539 
1641160106.841441 ### DEBUG: Ticks: 1547, 15, 1 
1641160106.841726 1640052454 c0:98:e5:42:00:2c 849 
1641160106.841911 1111 1113 1120 1156 1163 1176 1190 1191 1197 1227 1231 1238 1238 1245 1249 
1641160106.842105 1252 1258 1265 1265 1269 1269 1270 1274 1279 1290 1291 1291 1295 1476 1484 
1641160107.313915 ### RSSI: -62, 3, 1640052454 ,1555 
1641160107.851276 ### DEBUG: Ticks: 1563, 16, 1 
1641160107.851668 1640052455 c0:98:e5:42:00:2c 662 
1641160107.851856 897 905 920 957 966 976 979 981 981 986 992 992 996 1011 1012 
1641160107.852048 1017 1035 1050 1052 1063 1064 1076 1080 1083 1084 1093 1100 1116 1127 1159 
1641160108.316450 ### RSSI: -59, 3, 1640052455 ,1570 
1641160108.842594 ### DEBUG: Ticks: 1579, 16, 1 
1641160108.842766 1640052456 c0:98:e5:42:00:2c 716 
1641160108.842861 919 961 978 988 997 1002 1003 1013 1019 1019 1020 1023 1023 1032 1032 
1641160108.842957 1035 1040 1053 1075 1076 1089 1090 1100 1103 1121 1135 1171 1180 1251 1268 
1641160109.312971 ### RSSI: -59, 31, 1640052456 ,1586 
1641160109.841837 ### DEBUG: Ticks: 1594, 15, 1 
1641160109.842114 1640052457 c0:98:e5:42:00:2c 680 
1641160109.853682 908 929 946 955 971 973 990 991 996 1013 1015 1023 1026 1027 1036 
1641160109.853936 1041 1042 1042 1043 1050 1060 1077 1094 1101 1124 1134 1146 1170 1188 1201 
1641160110.320182 ### RSSI: -65, 29, 1640052457 ,1602 
1641160110.850770 ### DEBUG: Ticks: 1610, 16, 1 
1641160110.850939 1640052458 c0:98:e5:42:00:2c 792 
1641160110.851033 1027 1039 1054 1057 1082 1085 1085 1094 1119 1127 1130 1133 1134 1145 1152 
1641160110.851131 1152 1156 1180 1188 1192 1192 1193 1195 1198 1202 1213 1219 1222 1373 1398 
1641160111.318730 ### RSSI: -57, 19, 1640052458 ,1617 
1641160111.851715 ### DEBUG: Ticks: 1625, 15, 1 
1641160111.852011 1640052459 c0:98:e5:42:00:2c 1053 
1641160111.852200 1325 1351 1352 1353 1354 1357 1358 1376 1384 1385 1388 1392 1401 1407 1424 
1641160111.852406 1425 1426 1427 1446 1446 1448 1457 1459 1459 1480 1489 1499 1509 1655 1667 
1641160112.318970 ### RSSI: -57, 35, 1640052459 ,1633 
1641160112.842444 ### DEBUG: Ticks: 1641, 16, 1 
1641160112.842619 1640052460 c0:98:e5:42:00:2c 1634 
1641160112.842719 1877 1877 1887 1894 1902 1924 1928 1942 1970 1973 1976 2001 2005 2016 2017 
1641160112.842809 2038 2041 2053 2053 2056 2060 2060 2082 2096 2098 2124 2128 2148 2148 2249 
1641160113.251673 ### INFO: SD card flushed!
1641160113.320022 ### RSSI: -63, 28, 1640052460 ,1648 
1641160113.839570 ### DEBUG: Ticks: 1657, 16, 1 
1641160113.851211 1640052461 c0:98:e5:42:00:2c 1943 
1641160113.851573 2248 2258 2273 2274 2290 2298 2305 2307 2308 2316 2322 2325 2329 2343 2348 
1641160113.851667 2350 2367 2371 2374 2380 2383 2383 2392 2396 2404 2406 2415 2417 2422 2464 
1641160114.309316 ### RSSI: -61, 36, 1640052461 ,1664 
1641160114.847803 ### DEBUG: Ticks: 1672, 15, 1 
1641160114.847995 1640052462 c0:98:e5:42:00:2c 1967 
1641160114.848107 2237 2243 2245 2258 2265 2268 2270 2271 2278 2278 2289 2293 2296 2310 2318 
1641160114.848222 2320 2330 2332 2338 2343 2348 2363 2369 2369 2372 2374 2385 2391 2401 2417 
1641160115.317125 ### RSSI: -60, 32, 1640052463 ,1680 
1641160115.847042 ### DEBUG: Ticks: 1688, 16, 1 
1641160115.847177 1640052463 c0:98:e5:42:00:2c 2072 
1641160115.847249 2314 2330 2340 2361 2368 2371 2385 2388 2390 2393 2394 2411 2420 2431 2431 
1641160115.847313 2456 2459 2467 2472 2472 2477 2481 2484 2484 2487 2494 2499 2509 2513 2555 
1641160116.311831 ### RSSI: -64, 20, 1640052464 ,1695 
1641160116.849996 ### DEBUG: Ticks: 1704, 16, 1 
1641160116.850298 1640052464 c0:98:e5:42:00:2c 2021 
1641160116.850482 2312 2331 2337 2340 2356 2371 2374 2375 2381 2396 2401 2404 2421 2422 2425 
1641160116.850719 2426 2431 2434 2436 2439 2445 2457 2465 2475 2475 2482 2507 2520 2526 2536 
1641160117.316249 ### RSSI: -67, 2, 1640052465 ,1711 
1641160117.849896 ### DEBUG: Ticks: 1719, 15, 1 
1641160117.850193 1640052465 c0:98:e5:42:00:2c 1849 
1641160117.850379 2081 2104 2104 2104 2117 2124 2142 2160 2167 2171 2175 2181 2185 2189 2190 
1641160117.850570 2191 2192 2192 2198 2203 2211 2216 2218 2222 2223 2224 2230 2231 2237 2283 
1641160118.314591 ### RSSI: -61, 12, 1640052466 ,1726 
1641160118.847033 ### DEBUG: Ticks: 1735, 16, 1 
1641160118.847328 1640052466 c0:98:e5:42:00:2c 1522 
1641160118.847632 1807 1809 1822 1839 1846 1866 1889 1889 1893 1906 1906 1913 1923 1925 1937 
1641160118.847741 1944 1945 1948 1950 1957 1964 1965 1966 1971 1972 1983 1985 1989 2033 2038 
1641160119.314902 ### RSSI: -55, 33, 1640052467 ,1742 
1641160119.851540 ### DEBUG: Ticks: 1750, 15, 1 
1641160119.851826 1640052467 c0:98:e5:42:00:2c 1138 
1641160119.852026 1430 1430 1439 1453 1456 1469 1476 1486 1489 1495 1498 1509 1516 1527 1532 
1641160119.852242 1533 1541 1541 1550 1551 1555 1563 1565 1565 1571 1576 1587 1622 1808 1847 
1641160120.314757 ### RSSI: -63, 14, 1640052468 ,1758 
1641160120.843575 ### DEBUG: Ticks: 1766, 16, 1 
1641160120.843868 1640052468 c0:98:e5:42:00:2c 882 
1641160120.844054 1123 1155 1178 1184 1191 1196 1197 1203 1206 1224 1227 1228 1234 1239 1240 
1641160120.844248 1255 1258 1259 1261 1264 1265 1266 1278 1287 1291 1296 1303 1354 1436 1471 
1641160121.316269 ### RSSI: -59, 5, 1640052469 ,1773 
1641160121.842747 ### DEBUG: Ticks: 1782, 16, 1 
1641160121.843042 1640052469 c0:98:e5:42:00:2c 927 
1641160121.843228 1134 1142 1146 1152 1170 1185 1187 1220 1224 1232 1241 1244 1245 1249 1250 
1641160121.853055 1256 1259 1269 1270 1271 1278 1288 1288 1293 1328 1350 1356 1359 1427 1533 
1641160122.307533 ### RSSI: -61, 32, 1640052470 ,1789 
1641160122.848746 ### DEBUG: Ticks: 1797, 15, 1 
1641160122.848883 1640052470 c0:98:e5:42:00:2c 840 
1641160122.848959 1081 1087 1091 1103 1113 1129 1142 1143 1144 1151 1151 1166 1168 1171 1176 
1641160122.849034 1178 1178 1191 1193 1207 1222 1224 1233 1258 1262 1277 1279 1280 1289 1322 
1641160123.310321 ### RSSI: -63, 28, 1640052471 ,1805 
1641160123.841238 ### DEBUG: Ticks: 1813, 16, 1 
1641160123.841805 1640052471 c0:98:e5:42:00:2c 863 
1641160123.852601 1105 1115 1130 1164 1170 1173 1175 1181 1190 1199 1201 1215 1216 1231 1233 
1641160123.852796 1243 1245 1246 1250 1255 1265 1284 1297 1298 1298 1312 1328 1385 1391 1454 
1641160124.317036 ### RSSI: -66, 28, 1640052472 ,1820 
1641160124.848637 ### DEBUG: Ticks: 1828, 15, 1 
1641160124.848903 1640052472 c0:98:e5:42:00:2c 946 
1641160124.848977 1223 1226 1238 1241 1241 1246 1247 1289 1295 1297 1299 1302 1302 1311 1314 
1641160124.849053 1320 1329 1331 1340 1345 1351 1352 1356 1357 1368 1372 1381 1383 1596 1614 
1641160125.311088 ### RSSI: -55, 12, 1640052473 ,1836 
1641160125.846978 ### DEBUG: Ticks: 1844, 16, 1 
1641160125.847136 1640052473 c0:98:e5:42:00:2c 1368 
1641160125.847229 1642 1645 1647 1657 1666 1668 1687 1687 1701 1710 1711 1716 1724 1737 1737 
1641160125.847322 1746 1754 1754 1756 1761 1765 1767 1773 1773 1774 1778 1782 1845 2031 2071 
1641160126.310233 ### RSSI: -57, 29, 1640052474 ,1851 
1641160126.842444 ### DEBUG: Ticks: 1860, 16, 1 
1641160126.842745 1640052474 c0:98:e5:42:00:2c 1881 
1641160126.842959 2075 2088 2088 2116 2122 2137 2137 2145 2171 2173 2190 2197 2197 2212 2213 
1641160126.843050 2214 2215 2217 2219 2221 2229 2229 2237 2246 2247 2254 2257 2265 2272 2274 
1641160127.318709 ### RSSI: -63, 28, 1640052474 ,1867 
1641160127.850943 ### DEBUG: Ticks: 1875, 15, 1 
1641160127.851233 1640052475 c0:98:e5:42:00:2c 1978 
1641160127.851750 2232 2249 2250 2253 2256 2285 2298 2305 2308 2312 2313 2319 2330 2341 2342 
1641160127.851957 2343 2346 2355 2356 2372 2373 2374 2377 2384 2385 2386 2406 2419 2437 2451 
1641160128.317242 ### RSSI: -61, 34, 1640052475 ,1883 
1641160128.849147 ### DEBUG: Ticks: 1891, 16, 1 
1641160128.849440 1640052476 c0:98:e5:42:00:2c 1968 
1641160128.849625 2201 2217 2222 2231 2235 2242 2271 2274 2274 2275 2275 2276 2278 2289 2298 
1641160128.849833 2300 2309 2312 2321 2329 2332 2335 2341 2348 2352 2356 2357 2361 2369 2379 
1641160129.320300 ### RSSI: -61, 15, 1640052476 ,1898 
1641160129.842627 ### DEBUG: Ticks: 1907, 16, 1 
1641160129.842762 1640052477 c0:98:e5:42:00:2c 2036 
1641160129.842824 2317 2337 2354 2355 2376 2383 2395 2398 2404 2418 2419 2431 2436 2440 2444 
1641160129.842884 2447 2455 2459 2459 2472 2488 2494 2494 2495 2508 2510 2519 2520 2525 2594 
1641160130.313325 ### RSSI: -66, 8, 1640052477 ,1914 
1641160130.840841 ### ERROR: Failed reading SquarePoint packet length
1641160131.309527 ### RSSI: -61, 32, 1640052478 ,1929 
1641160132.316373 ### RSSI: -57, 8, 1640052479 ,1945 
1641160132.842419 ### DEBUG: Ticks: 1953, 46, 1 
1641160132.842670 1640052480 c0:98:e5:42:00:2c 1228 
1641160132.854274 1492 1494 1508 1524 1528 1538 1539 1540 1546 1551 1559 1561 1567 1571 1576 
1641160132.854564 1579 1580 1581 1581 1582 1591 1596 1607 1628 1629 1640 1662 1667 1667 1781 
1641160133.310433 ### RSSI: -60, 26, 1640052480 ,1961 
1641160133.849849 ### DEBUG: Ticks: 1969, 16, 1 
1641160133.850150 1640052481 c0:98:e5:42:00:2c 837 
1641160133.850337 1097 1100 1126 1140 1144 1146 1146 1156 1160 1162 1173 1181 1186 1190 1194 
1641160133.850528 1199 1208 1209 1210 1212 1213 1222 1225 1237 1241 1242 1253 1271 1448 1483 
1641160134.314691 ### RSSI: -63, 23, 1640052481 ,1976 
1641160134.843292 ### DEBUG: Ticks: 1985, 16, 1 
1641160134.843823 1640052482 c0:98:e5:42:00:2c 771 
1641160134.843923 999 1001 1004 1033 1038 1038 1053 1062 1063 1067 1067 1077 1079 1083 1087 
1641160134.844019 1096 1105 1105 1108 1116 1135 1135 1136 1172 1190 1198 1199 1200 1235 0 
1641160135.316829 ### RSSI: -63, 7, 1640052482 ,1992 
1641160135.843644 ### DEBUG: Ticks: 2000, 15, 1 
1641160135.843932 1640052483 c0:98:e5:42:00:2c 827 
1641160135.844118 1042 1070 1078 1085 1089 1098 1108 1112 1114 1125 1129 1131 1136 1148 1156 
1641160135.844340 1159 1160 1160 1160 1160 1168 1170 1186 1187 1192 1218 1224 1261 1283 1309 
1641160136.308587 ### RSSI: -72, 31, 1640052483 ,2008 
1641160136.850238 ### DEBUG: Ticks: 2016, 16, 1 
1641160136.850469 1640052484 c0:98:e5:42:00:2c 762 
1641160136.850623 944 977 989 990 995 996 1008 1014 1023 1024 1025 1025 1031 1038 1040 
1641160136.850758 1060 1061 1065 1066 1073 1080 1084 1093 1095 1097 1098 1131 1174 1177 1178 
1641160137.318022 ### RSSI: -67, 21, 1640052484 ,2023 
1641160137.845256 ### DEBUG: Ticks: 2032, 16, 1 
1641160137.845539 1640052485 c0:98:e5:42:00:2c 819 
1641160137.845740 1079 1093 1122 1140 1142 1173 1188 1191 1194 1195 1197 1199 1201 1207 1209 
1641160137.845943 1222 1225 1232 1236 1239 1244 1251 1258 1263 1272 1275 1276 1281 1434 1440 
1641160138.310427 ### RSSI: -57, 12, 1640052485 ,2039 
1641160138.844493 ### DEBUG: Ticks: 2047, 15, 1 
1641160138.844658 1640052486 c0:98:e5:42:00:2c 1018 
1641160138.844758 1236 1267 1268 1284 1286 1300 1304 1310 1318 1318 1321 1323 1328 1331 1331 
1641160138.844847 1337 1338 1340 1348 1358 1367 1375 1377 1380 1383 1390 1402 1412 1593 1648 
1641160139.314665 ### RSSI: -60, 21, 1640052486 ,2054 
1641160139.842920 ### DEBUG: Ticks: 2063, 16, 1 
1641160139.843074 1640052487 c0:98:e5:42:00:2c 1424 
1641160139.843162 1645 1655 1684 1694 1700 1701 1709 1719 1732 1746 1749 1750 1751 1752 1755 
1641160139.854020 1756 1758 1762 1766 1767 1769 1782 1785 1790 1792 1810 1818 1829 1856 1874 
1641160140.315693 ### RSSI: -63, 27, 1640052488 ,2070 
1641160140.848329 ### DEBUG: Ticks: 2078, 15, 1 
1641160140.848626 1640052488 c0:98:e5:42:00:2c 1957 
1641160140.848811 2260 2278 2280 2282 2288 2289 2301 2310 2310 2312 2328 2329 2333 2342 2347 
1641160140.849003 2359 2366 2367 2368 2374 2374 2377 2377 2390 2403 2403 2420 2423 2426 2446 
1641160141.314827 ### RSSI: -60, 30, 1640052489 ,2086 
1641160141.848113 ### DEBUG: Ticks: 2094, 16, 1 
1641160141.848345 1640052489 c0:98:e5:42:00:2c 1994 
1641160141.848446 2264 2281 2282 2285 2288 2297 2297 2314 2316 2320 2325 2328 2330 2334 2337 
1641160141.848536 2344 2349 2369 2374 2377 2383 2397 2400 2408 2410 2412 2414 2421 2425 2438 
1641160142.315729 ### RSSI: -65, 13, 1640052490 ,2101 
1641160142.853289 ### DEBUG: Ticks: 2110, 16, 1 
1641160142.853543 1640052490 c0:98:e5:42:00:2c 1993 
1641160142.853636 2219 2253 2265 2275 2293 2308 2309 2315 2325 2330 2344 2344 2346 2349 2350 
1641160142.853733 2352 2361 2365 2370 2371 2382 2383 2385 2388 2389 2407 2421 2434 2445 2446 
1641160143.319446 ### RSSI: -64, 16, 1640052491 ,2117 
1641160143.842538 ### DEBUG: Ticks: 2125, 15, 1 
1641160143.842781 1640052491 c0:98:e5:42:00:2c 2037 
1641160143.854346 2342 2342 2358 2358 2359 2359 2360 2362 2362 2364 2376 2378 2395 2396 2398 
1641160143.854514 2402 2406 2408 2413 2413 2426 2431 2432 2443 2444 2473 2475 2475 2476 2504 
1641160144.308315 ### RSSI: -68, 5, 1640052492 ,2133 
1641160144.842883 ### DEBUG: Ticks: 2141, 16, 1 
1641160144.843172 1640052492 c0:98:e5:42:00:2c 2018 
1641160144.843373 2284 2303 2311 2314 2332 2335 2341 2341 2344 2344 2346 2351 2353 2354 2363 
1641160144.843668 2379 2389 2391 2393 2396 2401 2404 2415 2419 2426 2438 2450 2457 2460 2479 
1641160145.312812 ### RSSI: -61, 19, 1640052493 ,2148 
1641160145.844491 ### DEBUG: Ticks: 2156, 15, 1 
1641160145.844793 1640052493 c0:98:e5:42:00:2c 1992 
1641160145.844978 2236 2242 2244 2250 2275 2280 2280 2282 2285 2285 2292 2295 2308 2314 2314 
1641160145.845168 2314 2316 2326 2333 2334 2336 2348 2351 2354 2364 2383 2401 2412 2415 2436 
1641160146.318114 ### RSSI: -60, 21, 1640052494 ,2164 
1641160146.845711 ### DEBUG: Ticks: 2172, 16, 1 
1641160146.845885 1640052494 c0:98:e5:42:00:2c 1761 
1641160146.845979 2090 2097 2097 2102 2110 2115 2128 2145 2145 2146 2146 2147 2153 2157 2166 
1641160146.846076 2168 2172 2197 2201 2211 2212 2226 2230 2237 2242 2251 2260 2287 2299 2318 
1641160147.308216 ### RSSI: -64, 31, 1640052495 ,2179 
1641160147.852300 ### DEBUG: Ticks: 2188, 16, 1 
1641160147.852597 1640052495 c0:98:e5:42:00:2c 1293 
1641160147.852784 1577 1584 1591 1602 1610 1622 1626 1629 1632 1636 1636 1639 1642 1652 1658 
1641160147.852977 1661 1663 1676 1679 1680 1683 1691 1699 1702 1704 1719 1723 1754 1768 1813 
1641160148.309236 ### RSSI: -61, 21, 1640052496 ,2195 
1641160148.847817 ### DEBUG: Ticks: 2203, 15, 1 
1641160148.848008 1640052496 c0:98:e5:42:00:2c 811 
1641160148.848101 1094 1103 1134 1137 1158 1181 1182 1203 1206 1207 1209 1210 1225 1226 1228 
1641160148.848197 1235 1238 1238 1240 1254 1268 1273 1278 1280 1283 1298 1316 1317 1415 1431 
1641160149.316308 ### RSSI: -53, 34, 1640052497 ,2211 
1641160149.851125 ### DEBUG: Ticks: 2219, 16, 1 
1641160149.851822 1640052497 c0:98:e5:42:00:2c 358 
1641160149.852030 598 605 619 633 642 659 661 666 671 680 682 696 699 699 715 
1641160149.852217 717 720 734 739 750 755 757 757 762 762 762 809 835 849 910 
1641160150.242093 ### INFO: SD card flushed!
1641160150.310068 ### RSSI: -52, 28, 1640052498 ,2226 
1641160150.847299 ### DEBUG: Ticks: 2235, 16, 1 
1641160150.847680 1640052498 c0:98:e5:42:00:2c 285 
1641160150.847882 411 474 507 512 513 518 527 528 529 534 548 548 552 562 566 
1641160150.848063 576 577 579 592 593 596 612 612 613 614 635 671 680 683 755 
1641160151.312987 ### RSSI: -51, 32, 1640052498 ,2242 
1641160151.850503 ### DEBUG: Ticks: 2250, 15, 1 
1641160151.850815 1640052499 c0:98:e5:42:00:2c 311 
1641160151.851015 461 537 538 558 574 579 586 590 601 608 609 612 615 620 621 
1641160151.851197 626 644 645 658 680 699 700 713 718 721 732 758 797 799 801 
1641160152.316039 ### RSSI: -54, 15, 1640052499 ,2257 
1641160152.850999 ### DEBUG: Ticks: 2266, 16, 1 
1641160152.851148 1640052500 c0:98:e5:42:00:2c 317 
1641160152.851233 499 514 558 567 578 589 603 607 610 613 628 631 632 634 635 
1641160152.851316 637 666 669 673 688 697 700 704 714 731 746 779 792 806 0 
1641160153.315963 ### RSSI: -50, 16, 1640052500 ,2273 
1641160153.851892 ### DEBUG: Ticks: 2281, 15, 1 
1641160153.852179 1640052501 c0:98:e5:42:00:2c 314 
1641160153.852380 473 512 513 569 572 587 606 608 609 613 614 615 619 620 627 
1641160153.852562 630 632 632 637 639 643 686 687 696 701 703 705 715 772 784 
1641160154.315967 ### RSSI: -52, 35, 1640052501 ,2289 
1641160154.851617 ### DEBUG: Ticks: 2297, 16, 1 
1641160154.851767 1640052502 c0:98:e5:42:00:2c 262 
1641160154.851842 403 449 450 459 461 463 472 474 486 498 506 506 516 517 519 
1641160154.851924 531 534 538 538 541 542 553 561 575 579 579 587 654 654 719 
1641160155.309713 ### RSSI: -50, 16, 1640052502 ,2304 
1641160155.849677 ### DEBUG: Ticks: 2313, 16, 1 
1641160155.849853 1640052503 c0:98:e5:42:00:2c 292 
1641160155.849940 446 457 501 513 516 517 537 540 540 551 553 556 562 579 584 
1641160155.850200 586 589 590 592 601 602 609 620 624 638 641 643 673 700 824 
1641160156.315868 ### RSSI: -51, 36, 1640052503 ,2320 
1641160156.843852 ### DEBUG: Ticks: 2328, 15, 1 
1641160156.844064 1640052504 c0:98:e5:42:00:2c 329 
1641160156.844157 514 553 581 583 587 606 610 611 612 615 642 644 650 650 654 
1641160156.844252 663 668 669 675 677 679 682 683 683 684 690 742 768 815 847 
1641160157.310571 ### RSSI: -51, 25, 1640052504 ,2336 
1641160157.845147 ### DEBUG: Ticks: 2344, 16, 1 
1641160157.845444 1640052505 c0:98:e5:42:00:2c 340 
1641160157.845630 531 567 587 614 617 618 626 635 638 640 650 660 668 672 679 
1641160157.845819 681 684 687 689 694 709 711 712 728 733 741 767 790 809 831 
1641160158.311554 ### RSSI: -52, 26, 1640052505 ,2351 
1641160158.852751 ### DEBUG: Ticks: 2360, 16, 1 
1641160158.853052 1640052506 c0:98:e5:42:00:2c 307 
1641160158.853238 487 532 548 564 571 579 584 593 595 596 597 601 606 608 612 
1641160158.853427 617 624 627 643 644 653 654 673 674 681 685 692 698 720 790 
1641160159.316178 ### RSSI: -51, 13, 1640052506 ,2367 
1641160159.852041 ### DEBUG: Ticks: 2375, 15, 1 
1641160159.852330 1640052507 c0:98:e5:42:00:2c 301 
1641160159.852517 470 471 495 504 556 560 565 567 569 571 574 584 595 598 601 
1641160159.852702 604 606 613 615 619 625 635 641 645 648 660 710 721 746 813 
