1640895266.737923 ###RTT Client: ************************************************************ 
1640895266.738447 ###RTT Client: *               SEGGER Microcontroller GmbH                * 
1640895266.738754 ###RTT Client: *   Solutions for real time microcontroller applications   * 
1640895266.738938 ###RTT Client: ************************************************************ 
1640895266.739121 ###RTT Client: *                                                          * 
1640895266.739305 ###RTT Client: *       (c) 2012 - 2016  SEGGER Microcontroller GmbH       * 
1640895266.739889 ###RTT Client: *                                                          * 
1640895266.740073 ###RTT Client: *     www.segger.com     Support: support@segger.com       * 
1640895266.740519 ###RTT Client: *                                                          * 
1640895266.741059 ###RTT Client: ************************************************************ 
1640895266.741244 ###RTT Client: *                                                          * 
1640895266.741650 ###RTT Client: * SEGGER J-Link RTT Client   Compiled Jan 30 2018 18:46:58 * 
1640895266.742079 ###RTT Client: *                                                          * 
1640895266.742442 ###RTT Client: ************************************************************ 
1640895266.742795 
1640895266.743226 ###RTT Client: -----------------------------------------------
1640895266.743570 ###RTT Client: Connecting to J-Link RTT Server via localhost:9201  Connected.
1640895266.744017 SEGGER J-Link V6.30 - Real time terminal output
1640895266.744493 J-Link EDU Mini V1 compiled Oct  2 2020 17:00:40 V1.0, SN=801021851
1640895266.744850 Process: JLinkExe
1640895266.745202 ### DEBUG: Ticks: 884, 15, 1 
1640895266.745625 1640052226 c0:98:e5:42:00:29 286 
1640895266.746048 -108 -99 -61 -56 -54 -54 -35 -14 -7 -5 0 4 10 15 20 
1640895266.746390 22 32 34 34 36 41 43 43 50 53 58 72 79 85 88 
1640895266.746745 ### RSSI: -45, 18, 1640052227 ,885 
1640895266.747101 ### ERROR: Failed reading SquarePoint packet length
1640895266.747450 ### RSSI: -45, 22, 1640052228 ,901 
1640895266.747689 ### RSSI: -51, 26, 1640052229 ,916 
1640895266.748170 ### DEBUG: Ticks: 931, 47, 1 
1640895266.748529 1640052229 c0:98:e5:42:00:29 273 
1640895266.748707 -160 -148 -142 -142 -113 -88 -82 -81 -76 -62 -61 -53 -49 -40 -39 
1640895266.749178 -35 -29 -20 -20 -16 -16 -10 -6 -2 4 6 12 25 52 98 
1640895266.749527 ### RSSI: -49, 29, 1640052229 ,932 
1640895266.749878 ### DEBUG: Ticks: 947, 16, 1 
1640895266.750303 1640052230 c0:98:e5:42:00:29 309 
1640895266.750766 -143 -130 -115 -113 -111 -102 -84 -81 -70 -64 -54 -48 -45 -42 -41 
1640895266.751218 -38 -24 -23 -20 -17 -8 -6 3 9 9 13 18 55 67 115 
1640895266.751770 ### RSSI: -45, 17, 1640052230 ,947 
1640895266.751985 ### DEBUG: Ticks: 963, 16, 1 
1640895266.752333 1640052231 c0:98:e5:42:00:29 290 
1640895266.752680 -130 -126 -111 -107 -101 -97 -92 -91 -84 -83 -79 -55 -52 -51 -43 
1640895266.753013 -43 -39 -37 -23 -20 -16 -15 -12 -10 -8 -5 10 69 100 0 
1640895266.753513 ### RSSI: -48, 28, 1640052231 ,963 
1640895266.753948 ### DEBUG: Ticks: 978, 15, 1 
1640895266.754365 1640052232 c0:98:e5:42:00:29 271 
1640895266.754833 -162 -160 -142 -140 -129 -129 -109 -107 -104 -102 -102 -97 -96 -94 -71 
1640895266.755261 -68 -53 -44 -44 -38 -34 -32 -29 -28 -20 -18 -9 2 20 0 
1640895266.755746 ### RSSI: -45, 21, 1640052232 ,979 
1640895266.756169 ### DEBUG: Ticks: 994, 16, 1 
1640895266.756514 1640052233 c0:98:e5:42:00:29 280 
1640895266.756837 -128 -127 -125 -115 -97 -97 -95 -89 -88 -60 -54 -54 -45 -39 -36 
1640895266.757170 -36 -31 -27 -26 -16 -6 -3 9 10 18 20 25 28 51 117 
1640895266.757522 ### RSSI: -49, 29, 1640052233 ,994 
1640895266.757871 ### DEBUG: Ticks: 1009, 15, 1 
1640895266.758223 1640052234 c0:98:e5:42:00:29 277 
1640895266.758616 -220 -219 -197 -188 -184 -181 -179 -177 -175 -173 -172 -169 -164 -158 -154 
1640895266.759043 -138 -134 -115 -99 -94 -90 -89 -87 -82 -78 -67 -64 -51 -50 -47 
1640895266.759467 ### RSSI: -49, 0, 1640052234 ,1010 
1640895266.760034 ### DEBUG: Ticks: 1025, 16, 1 
1640895266.760455 1640052235 c0:98:e5:42:00:29 262 
1640895266.760872 -118 -98 -94 -89 -87 -86 -85 -73 -56 -53 -51 -49 -48 -46 -44 
1640895266.761291 -43 -42 -39 -30 -29 -25 7 13 18 25 47 50 78 83 116 
1640895266.761758 ### RSSI: -44, 24, 1640052235 ,1025 
1640895266.762116 ### DEBUG: Ticks: 1041, 16, 1 
1640895266.762950 1640052236 c0:98:e5:42:00:29 312 
1640895266.763306 -195 -192 -182 -181 -172 -170 -169 -165 -161 -158 -146 -145 -139 -137 -127 
1640895266.763928 -127 -107 -103 -97 -85 -81 -79 -79 -77 -64 -63 -56 -55 -40 -38 
1640895266.764424 ### RSSI: -45, 23, 1640052236 ,1041 
1640895266.764846 ### DEBUG: Ticks: 1056, 15, 1 
1640895266.765427 1640052237 c0:98:e5:42:00:29 302 
1640895266.765786 -64 -63 -18 -11 -9 -7 5 11 21 27 29 42 60 61 64 
1640895266.765970 64 64 64 65 69 69 73 76 97 108 109 113 119 150 209 
1640895266.766147 ### RSSI: -45, 9, 1640052237 ,1057 
1640895266.766324 ### DEBUG: Ticks: 1072, 16, 1 
1640895266.766501 1640052238 c0:98:e5:42:00:29 316 
1640895266.766678 -57 -52 -20 -2 11 12 17 30 32 34 37 47 56 57 59 
1640895266.766854 66 68 86 87 91 93 101 103 104 109 123 126 130 175 185 
1640895266.767029 ### RSSI: -50, 27, 1640052238 ,1072 
1640895266.767240 ### DEBUG: Ticks: 1087, 15, 1 
1640895266.767420 1640052239 c0:98:e5:42:00:29 298 
1640895266.767644 -143 -138 -132 -126 -116 -107 -88 -85 -84 -75 -61 -57 -56 -53 -47 
1640895266.767823 -38 -35 -33 -28 -27 -10 -9 -6 -3 14 22 60 66 76 129 
1640895266.768001 ### RSSI: -45, 23, 1640052239 ,1088 
1640895266.768178 ### ERROR: Failed reading SquarePoint packet length
1640895266.768355 ### RSSI: -45, 8, 1640052240 ,1104 
1640895266.768532 ### RSSI: -47, 36, 1640052241 ,1119 
1640895266.768710 ### DEBUG: Ticks: 1134, 47, 1 
1640895266.768887 1640052242 c0:98:e5:42:00:29 291 
1640895266.769062 -134 -104 -102 -100 -99 -86 -74 -68 -62 -50 -45 -31 -30 -21 -20 
1640895266.769239 -12 -8 -3 3 4 16 20 22 23 26 33 35 74 76 79 
1640895266.769416 ### RSSI: -49, 34, 1640052242 ,1135 
1640895266.769593 ### DEBUG: Ticks: 1150, 16, 1 
1640895266.769769 1640052243 c0:98:e5:42:00:29 281 
1640895266.769945 -216 -179 -153 -133 -131 -124 -116 -113 -112 -103 -85 -84 -76 -71 -69 
1640895266.770123 -66 -62 -61 -56 -53 -50 -49 -47 -35 -11 0 17 30 31 63 
1640895266.770302 ### RSSI: -49, 32, 1640052243 ,1150 
1640895266.770498 ### DEBUG: Ticks: 1166, 16, 1 
1640895266.770696 1640052244 c0:98:e5:42:00:29 288 
1640895266.770875 -141 -133 -120 -115 -108 -104 -104 -96 -87 -83 -79 -71 -60 -53 -48 
1640895266.771072 -44 -44 -34 -32 -28 -22 -19 -16 -5 1 3 21 25 68 135 
1640895266.771269 ### RSSI: -49, 2, 1640052244 ,1166 
1640895266.771465 ### DEBUG: Ticks: 1181, 15, 1 
1640895266.771711 1640052245 c0:98:e5:42:00:29 292 
1640895266.771906 -198 -192 -192 -188 -175 -159 -144 -139 -135 -133 -128 -117 -117 -115 -112 
1640895266.772086 -110 -109 -104 -101 -100 -95 -89 -87 -68 -68 -52 -50 -50 -25 -14 
1640895266.772268 ### RSSI: -45, 25, 1640052245 ,1182 
1640895266.772470 ### DEBUG: Ticks: 1197, 16, 1 
1640895266.772651 1640052246 c0:98:e5:42:00:29 267 
1640895266.772849 -171 -116 -110 -108 -104 -98 -97 -94 -88 -87 -67 -66 -64 -61 -59 
1640895266.773031 -53 -45 -38 -19 -16 -15 -11 -6 -5 2 5 9 38 39 65 
1640895266.773228 ### RSSI: -52, 2, 1640052246 ,1197 
1640895266.773408 ### DEBUG: Ticks: 1212, 15, 1 
1640895266.773605 1640052247 c0:98:e5:42:00:29 303 
1640895266.773785 -196 -196 -170 -169 -157 -136 -136 -135 -128 -122 -118 -113 -113 -102 -99 
1640895266.774062 -97 -93 -81 -80 -79 -77 -76 -57 -53 -52 -36 -35 -22 -21 -13 
1640895266.774273 ### RSSI: -47, 7, 1640052247 ,1213 
1640895266.774453 ### DEBUG: Ticks: 1228, 16, 1 
1640895266.774646 1640052248 c0:98:e5:42:00:29 297 
1640895266.774825 -161 -142 -119 -102 -100 -91 -88 -86 -84 -74 -72 -65 -58 -53 -46 
1640895266.775022 -46 -37 -34 -30 -25 -25 -4 2 7 21 37 44 68 70 112 
1640895266.775202 ### RSSI: -49, 34, 1640052248 ,1229 
1640895266.775400 ### DEBUG: Ticks: 1244, 16, 1 
1640895266.775618 1640052249 c0:98:e5:42:00:29 320 
1640895266.775801 -146 -116 -107 -102 -98 -96 -95 -94 -86 -85 -78 -71 -61 -60 -46 
1640895266.775983 -44 -40 -36 -36 -34 -32 -29 -28 -24 -3 9 9 10 12 18 
1640895266.776159 ### RSSI: -45, 19, 1640052249 ,1244 
1640895266.776337 ### DEBUG: Ticks: 1259, 15, 1 
1640895266.776515 1640052250 c0:98:e5:42:00:29 312 
1640895266.776712 -164 -162 -159 -159 -156 -150 -147 -126 -125 -118 -114 -109 -103 -98 -95 
1640895266.776891 -91 -85 -68 -64 -62 -52 -51 -43 -37 -36 -29 -27 17 25 27 
1640895266.777087 ### RSSI: -47, 4, 1640052251 ,1260 
1640895266.777268 ### DEBUG: Ticks: 1275, 16, 1 
1640895266.777448 1640052251 c0:98:e5:42:00:29 314 
1640895266.777629 -195 -193 -152 -140 -138 -132 -129 -127 -124 -115 -111 -95 -94 -84 -80 
1640895266.777824 -78 -74 -69 -67 -66 -58 -44 -32 -32 -24 -24 -16 -14 -1 11 
1640895266.778005 ### RSSI: -44, 13, 1640052251 ,1275 
1640895266.778204 
1640895266.778385 ----------------------------------------------
1640895266.778565 ### WARNING: Chip experienced a reset with reason 2
1640895266.778762 ### INFO: Bluetooth address: c0:98:e5:42:00:2c
1640895266.778943 ### DEBUG: Time is 00:00:00, 2000/00/00
1640895266.779140 ### INFO: Time is 00:00:00, 2000/00/00
1640895266.779321 ### INFO: Initializing SD Card...
1640895266.779516 ### INFO: Connecting to the SquarePoint module...
1640895266.779741 ### INFO: SquarePoint module connection successful
1640895266.779920 ### INFO: Device is now STATIONARY
1640895266.780101 ### INFO: Battery voltage currently 4092 mV
1640895266.780299 ### INFO: SD card flushed!
1640895266.780480 ### INFO: SD card flushed!
1640895266.780675 ### DEBUG: BLE START SCANNING called
1640895266.780854 ### ERROR: Failed reading SquarePoint packet length
1640895266.781050 ### BLE EVENT: 16, INFO: BLE CONNECTED!
1640895266.781229 ### DEBUG: BLE START SCANNING called
1640895266.781410 ### RSSI: -45, 14, 1640049419 ,73 
1640895266.781588 ### DEBUG: BLE START SCANNING called
1640895266.781767 ### RSSI: -50, 35, 1640049420 ,75 
1640895266.781965 ### DEBUG: BLE START SCANNING called
1640895266.782143 ### addr: c0:98:e5:42:00:29 
1640895266.782341 ### on_adv_report outer RSSI: -45, time:1640049420 
1640895266.782521 ### INFO: Discovered new device: c0:98:e5:42:00:29
1640895266.782719 ### INFO: Switched Scheduler EUI from 00:00:00:00:00:00 to c0:98:e5:42:00:2c
1640895266.782897 ### INFO: Starting the SquarePoint module...
1640895266.783092 ### ERROR: Unable to communicate with the SquarePoint module
1640895266.783276 ### DEBUG: connected? already connected
1640895266.783473 ### DEBUG: BLE START SCANNING called
1640895266.783864 ### BLE EVENT: 16, INFO: BLE CONNECTED!
1640895266.784045 ### INFO: Starting the SquarePoint module...
1640895266.784226 ### INFO: Starting SquarePoint module as SCHEDULER with timestamp 1640049420
1640895266.784424 ### DEBUG: BLE STOP SCANNING called
1640895266.784605 ### INFO: SquarePoint module successfully started!
1640895266.784800 ### RSSI: -52, 32, 1640049420 ,77 
1640895266.784980 ### RSSI: -47, 4, 1640049420 ,78 
1640895266.785174 ### RSSI: -45, 16, 1640049420 ,79 
1640895266.785353 ### RSSI: -50, 0, 1640049420 ,80 
1640895266.785548 ### RSSI: -45, 21, 1640049420 ,80 
1640895266.785729 ### RSSI: -43, 24, 1640049420 ,81 
1640895266.785924 ### RSSI: -46, 25, 1640049420 ,82 
1640895266.786136 ### RSSI: -48, 30, 1640049420 ,84 
1640895266.786337 ### RSSI: -47, 32, 1640049420 ,85 
1640895266.786517 ### RSSI: -47, 18, 1640049420 ,87 
1640895266.786711 ### RSSI: -46, 31, 1640049420 ,88 
1640895266.786890 ### RSSI: -50, 34, 1640049421 ,90 
1640895266.787087 ### RSSI: -48, 32, 1640049421 ,91 
1640895266.787267 ### DEBUG: Ticks: 92, 92, 1 
1640895266.787444 1640052258 c0:98:e5:42:00:29 289 
1640895266.787680 -106 -104 -87 -81 -69 -69 -63 -61 -44 -44 -33 -26 -25 -23 -21 
1640895266.787861 -17 -5 0 3 14 17 27 28 38 40 41 45 69 86 115 
1640895266.788056 ### RSSI: -49, 31, 1640052258 ,93 
1640895266.788234 ### RSSI: -44, 23, 1640052258 ,94 
1640895266.788427 ### RSSI: -47, 29, 1640052258 ,96 
1640895266.788607 ### RSSI: -44, 24, 1640052258 ,97 
1640895266.788802 ### RSSI: -45, 21, 1640052258 ,98 
1640895266.788984 ### RSSI: -45, 16, 1640052258 ,99 
1640895266.789179 ### RSSI: -50, 29, 1640052258 ,101 
1640895266.789362 ### RSSI: -45, 20, 1640052258 ,102 
1640895266.789542 ### DEBUG: Ticks: 108, 16, 1 
1640895266.789738 1640052259 c0:98:e5:42:00:29 303 
1640895266.789917 -134 -90 -83 -78 -77 -70 -68 -46 -43 -38 -29 -28 -25 -18 -10 
1640895266.790112 7 9 20 27 33 35 36 43 45 56 56 78 84 86 0 
1640895266.790290 ### RSSI: -48, 36, 1640052259 ,113 
1640895266.790485 ### RSSI: -47, 6, 1640052259 ,118 
1640895266.790664 ### DEBUG: Ticks: 124, 16, 1 
1640895266.790858 1640052260 c0:98:e5:42:00:29 271 
1640895266.791040 -117 -86 -85 -74 -73 -71 -71 -66 -65 -51 -47 -42 -39 -33 -31 
1640895266.791241 -30 -30 -29 -24 -22 -13 -9 -8 -6 -1 10 10 30 43 93 
1640895266.791423 ### RSSI: -45, 8, 1640052260 ,128 
1640895266.791649 ### DEBUG: Ticks: 139, 15, 1 
1640895266.791830 1640052261 c0:98:e5:42:00:29 274 
1640895266.792011 -198 -175 -165 -165 -157 -148 -143 -141 -130 -104 -102 -100 -98 -90 -89 
1640895266.792191 -89 -82 -79 -72 -69 -66 -63 -63 -60 -51 -33 -11 1 32 95 
1640895266.792389 ### DEBUG: Ticks: 155, 16, 1 
1640895266.792568 1640052262 c0:98:e5:42:00:29 267 
1640895266.792747 -176 -162 -146 -123 -112 -100 -95 -89 -87 -87 -75 -69 -63 -61 -57 
1640895266.792928 -54 -47 -43 -26 -17 -13 -11 -9 -8 -6 14 24 26 66 118 
1640895266.793127 ### DEBUG: Ticks: 171, 16, 1 
1640895266.793308 1640052263 c0:98:e5:42:00:29 280 
1640895266.793506 -164 -160 -148 -124 -121 -119 -117 -112 -98 -91 -90 -89 -80 -80 -57 
1640895266.793685 -51 -50 -41 -41 -32 -29 -26 -21 -19 -18 -17 -14 -8 -1 84 
1640895266.793880 ### BLE EVENT: 16, INFO: BLE CONNECTED!
1640895266.794061 ### RSSI: -49, 2, 1640052263 ,174 
1640895266.794241 ### RSSI: -45, 8, 1640052263 ,175 
1640895266.794420 ### RSSI: -45, 17, 1640052263 ,177 
1640895266.794617 ### RSSI: -51, 6, 1640052263 ,178 
1640895266.794797 ### RSSI: -44, 13, 1640052264 ,180 
1640895266.794994 ### RSSI: -46, 7, 1640052264 ,182 
1640895266.795174 ### BLE EVENT: 17, INFO: BLE DISCONNECTED!
1640895266.795369 ### RSSI: -45, 15, 1640052264 ,183 
1640895266.795550 ### RSSI: -50, 34, 1640052264 ,185 
1640895266.795783 ### RSSI: -47, 5, 1640052264 ,186 
1640895266.795963 ### DEBUG: Ticks: 186, 15, 0 
1640895266.796144 1640052264 c0:98:e5:42:00:29 271 
1640895266.796325 -197 -188 -181 -171 -169 -167 -162 -155 -155 -136 -132 -113 -108 -98 -85 
1640895266.796505 -83 -83 -77 -68 -66 -61 -57 -42 -35 -31 -29 -23 3 6 14 
1640895266.796684 ### RSSI: -45, 10, 1640052264 ,188 
1640895266.796882 ### RSSI: -45, 8, 1640052264 ,189 
1640895266.797063 ### RSSI: -44, 14, 1640052264 ,191 
1640895266.797260 ### BLE EVENT: 17, INFO: BLE DISCONNECTED!
1640895266.797439 ### RSSI: -49, 29, 1640052264 ,192 
1640895266.816699 ### RSSI: -44, 14, 1640052264 ,194 
1640895266.912189 ### RSSI: -45, 18, 1640052265 ,196 
1640895267.009045 ### RSSI: -45, 21, 1640052265 ,197 
1640895267.114504 ### RSSI: -46, 12, 1640052265 ,199 
1640895267.316118 ### DEBUG: Ticks: 202, 16, 0 
1640895267.316493 1640052265 c0:98:e5:42:00:29 287 
1640895267.316650 -163 -144 -131 -128 -121 -117 -114 -102 -89 -84 -84 -81 -75 -70 -68 
1640895267.316809 -58 -50 -48 -48 -47 -41 -36 -21 -20 -18 -4 0 0 17 124 
1640895268.112510 ### RSSI: -51, 35, 1640052266 ,214 
1640895268.312770 ### DEBUG: Ticks: 217, 15, 0 
1640895268.313227 1640052266 c0:98:e5:42:00:29 264 
1640895268.313963 -169 -152 -147 -121 -100 -96 -87 -83 -82 -79 -75 -55 -53 -49 -41 
1640895268.314547 -33 -31 -30 -27 -26 -25 -17 -12 -11 2 18 26 27 33 0 
1640895269.110952 ### RSSI: -45, 23, 1640052267 ,230 
1640895269.310361 ### DEBUG: Ticks: 233, 16, 0 
1640895269.310522 1640052267 c0:98:e5:42:00:29 268 
1640895269.310630 -167 -152 -141 -138 -136 -132 -132 -125 -125 -123 -116 -103 -91 -73 -65 
1640895269.310723 -64 -60 -57 -53 -52 -52 -45 -37 -32 -18 -7 -6 1 32 83 
1640895270.117392 ### RSSI: -46, 17, 1640052268 ,246 
1640895270.316126 ### DEBUG: Ticks: 249, 16, 0 
1640895270.316971 1640052268 c0:98:e5:42:00:29 272 
1640895270.317954 -184 -180 -169 -150 -147 -113 -109 -107 -105 -104 -101 -94 -93 -87 -81 
1640895270.318713 -72 -69 -69 -61 -53 -53 -52 -47 -33 -26 -23 -21 -12 7 18 
1640895271.118655 ### RSSI: -45, 25, 1640052269 ,261 
1640895271.305972 ### ERROR: Failed reading SquarePoint packet length
1640895272.110176 ### RSSI: -45, 19, 1640052270 ,277 
1640895273.116415 ### RSSI: -45, 9, 1640052271 ,292 
1640895273.316290 ### DEBUG: Ticks: 296, 47, 0 
1640895273.316825 1640052271 c0:98:e5:42:00:29 249 
1640895273.317571 -140 -138 -84 -83 -81 -76 -67 -65 -52 -45 -42 -24 -16 -15 -12 
1640895273.318114 -11 -6 0 0 0 11 14 16 22 29 30 50 61 77 109 
1640895274.108245 ### RSSI: -46, 18, 1640052272 ,308 
1640895274.311707 ### DEBUG: Ticks: 311, 15, 0 
1640895274.311990 1640052272 c0:98:e5:42:00:29 227 
1640895274.312266 -166 -160 -145 -127 -126 -123 -116 -114 -114 -110 -109 -102 -99 -95 -85 
1640895274.312478 -77 -71 -65 -57 -49 -46 -45 -43 -39 -30 -29 -22 -2 11 69 
1640895275.109176 ### RSSI: -46, 23, 1640052273 ,324 
1640895275.310971 ### DEBUG: Ticks: 327, 16, 0 
1640895275.311240 1640052273 c0:98:e5:42:00:29 278 
1640895275.311461 -168 -164 -164 -141 -137 -125 -122 -103 -99 -98 -90 -83 -77 -75 -69 
1640895275.311761 -56 -56 -48 -34 -29 -24 -22 -19 -18 -5 0 3 9 16 18 
1640895276.116109 ### RSSI: -51, 18, 1640052274 ,339 
1640895276.312411 ### DEBUG: Ticks: 342, 15, 0 
1640895276.312717 1640052274 c0:98:e5:42:00:29 280 
1640895276.312901 -119 -78 -56 -56 -53 -50 -49 -46 -31 -25 -25 -21 -20 -19 -17 
1640895276.313121 -5 -5 -3 0 27 37 58 61 63 65 73 73 77 104 142 
1640895277.109060 ### RSSI: -45, 11, 1640052275 ,355 
1640895277.311828 ### DEBUG: Ticks: 358, 16, 0 
1640895277.312300 1640052275 c0:98:e5:42:00:29 296 
1640895277.313002 -157 -145 -141 -138 -138 -136 -136 -136 -124 -115 -106 -105 -98 -94 -91 
1640895277.313590 -80 -77 -77 -70 -68 -52 -51 -47 -30 -19 -7 -2 20 48 0 
1640895278.113487 ### RSSI: -49, 30, 1640052276 ,371 
1640895278.312336 ### DEBUG: Ticks: 374, 16, 0 
1640895278.312512 1640052276 c0:98:e5:42:00:29 299 
1640895278.312769 -181 -176 -175 -169 -168 -163 -162 -146 -145 -135 -129 -118 -114 -107 -104 
1640895278.312984 -90 -88 -81 -77 -59 -58 -47 -45 -45 -41 -29 -2 24 30 31 
1640895279.112955 ### RSSI: -50, 30, 1640052277 ,386 
1640895279.316240 ### DEBUG: Ticks: 389, 15, 0 
1640895279.316341 1640052277 c0:98:e5:42:00:29 292 
1640895279.317298 -206 -183 -183 -182 -178 -165 -162 -156 -155 -154 -154 -133 -124 -114 -111 
1640895279.317589 -108 -98 -94 -93 -86 -85 -81 -68 -65 -61 -60 -59 3 14 20 
1640895280.116823 ### RSSI: -50, 30, 1640052278 ,402 
1640895280.310055 ### DEBUG: Ticks: 405, 16, 0 
1640895280.310355 1640052278 c0:98:e5:42:00:29 309 
1640895280.322028 -112 -75 -73 -64 -54 -42 -38 -35 -22 -16 -10 -10 0 6 12 
1640895280.322354 14 15 24 25 27 29 35 36 36 44 52 78 94 117 166 
1640895281.113310 ### RSSI: -50, 32, 1640052278 ,417 
1640895281.319148 ### DEBUG: Ticks: 421, 16, 0 
1640895281.321100 1640052279 c0:98:e5:42:00:29 281 
1640895281.322289 -175 -174 -165 -137 -134 -132 -130 -126 -126 -111 -107 -91 -88 -78 -77 
1640895281.322539 -73 -71 -68 -65 -56 -49 -46 -40 -38 -37 -35 -29 -15 -14 24 
1640895282.114618 ### RSSI: -45, 15, 1640052279 ,433 
1640895282.317840 ### DEBUG: Ticks: 436, 15, 0 
1640895282.318277 1640052280 c0:98:e5:42:00:29 297 
1640895282.318983 -169 -167 -152 -151 -128 -128 -127 -123 -118 -113 -108 -98 -95 -80 -77 
1640895282.319548 -76 -68 -68 -52 -51 -49 -42 -37 -29 -23 -22 -11 -11 3 31 
1640895283.116616 ### RSSI: -47, 6, 1640052280 ,449 
1640895283.308891 ### DEBUG: Ticks: 452, 16, 0 
1640895283.321493 1640052281 c0:98:e5:42:00:29 279 
1640895283.322548 -203 -190 -160 -157 -153 -141 -137 -119 -114 -112 -111 -109 -102 -100 -97 
1640895283.322772 -92 -86 -74 -74 -70 -70 -57 -49 -48 -38 -31 -26 -16 35 85 
1640895284.118151 ### RSSI: -45, 15, 1640052281 ,464 
1640895284.307379 ### ERROR: Failed reading SquarePoint packet length
1640895285.116598 ### RSSI: -44, 16, 1640052283 ,480 
1640895286.112471 ### RSSI: -49, 1, 1640052284 ,495 
1640895286.311031 ### DEBUG: Ticks: 499, 47, 0 
1640895286.311306 1640052284 c0:98:e5:42:00:29 297 
1640895286.311461 -54 -51 -12 -11 -9 0 11 14 14 21 26 28 44 47 57 
1640895286.311762 63 75 75 76 76 85 85 88 93 109 120 120 122 123 151 
1640895287.108223 ### RSSI: -46, 26, 1640052285 ,511 
1640895287.310991 ### DEBUG: Ticks: 514, 15, 0 
1640895287.311228 1640052285 c0:98:e5:42:00:29 252 
1640895287.322580 -125 -117 -104 -84 -84 -66 -57 -55 -46 -44 -40 -32 -26 -25 -21 
1640895287.322804 -19 -14 -12 -12 -3 -1 -1 13 30 31 55 63 77 95 115 
1640895288.109563 ### RSSI: -50, 31, 1640052286 ,527 
1640895288.312807 ### DEBUG: Ticks: 530, 16, 0 
1640895288.312919 1640052286 c0:98:e5:42:00:29 285 
1640895288.313471 -213 -203 -196 -192 -184 -183 -172 -158 -153 -148 -147 -143 -143 -142 -142 
1640895288.313692 -124 -118 -108 -105 -96 -93 -91 -82 -78 -69 -63 -53 -46 -36 -2 
1640895289.107818 ### RSSI: -50, 35, 1640052287 ,542 
1640895289.309524 ### DEBUG: Ticks: 545, 15, 0 
1640895289.320580 1640052287 c0:98:e5:42:00:29 302 
1640895289.320840 -79 -69 -35 -25 -20 -14 -11 6 20 25 25 33 36 48 50 
1640895289.320996 50 52 54 56 69 75 79 79 80 89 100 106 113 113 201 
1640895290.112698 ### RSSI: -49, 28, 1640052288 ,558 
1640895290.310406 ### DEBUG: Ticks: 561, 16, 0 
1640895290.310695 1640052288 c0:98:e5:42:00:29 300 
1640895290.310876 -116 -102 -90 -88 -74 -70 -67 -59 -53 -52 -45 -37 -31 -25 -19 
1640895290.311053 -17 -14 8 11 14 15 22 25 29 43 44 59 68 86 87 
1640895291.108483 ### RSSI: -50, 32, 1640052289 ,574 
1640895291.311169 ### DEBUG: Ticks: 577, 16, 0 
1640895291.311437 1640052289 c0:98:e5:42:00:29 279 
1640895291.311575 -193 -188 -151 -137 -133 -131 -123 -115 -105 -102 -102 -100 -99 -94 -91 
1640895291.324192 -88 -66 -65 -58 -58 -52 -46 -45 -41 -41 -39 -26 -19 32 77 
1640895292.111573 ### RSSI: -49, 36, 1640052290 ,589 
1640895292.316377 ### DEBUG: Ticks: 592, 15, 0 
1640895292.316610 1640052290 c0:98:e5:42:00:29 264 
1640895292.316756 -111 -84 -73 -60 -59 -49 -47 -34 -32 -30 -28 -27 -6 -3 1 
1640895292.316897 3 5 6 14 23 29 34 34 37 55 56 70 75 81 141 
1640895292.515360 ### INFO: Device is now IN MOTION
1640895293.110106 ### RSSI: -59, 3, 1640052291 ,605 
1640895293.315242 ### DEBUG: Ticks: 608, 16, 0 
1640895293.315555 1640052291 c0:98:e5:42:00:29 319 
1640895293.315823 -48 -15 -13 -6 -4 0 10 17 19 20 20 26 27 31 34 
1640895293.315999 35 58 59 62 67 77 84 92 95 96 96 112 113 131 200 
1640895294.110688 ### RSSI: -43, 33, 1640052292 ,620 
1640895294.311251 ### DEBUG: Ticks: 624, 16, 0 
1640895294.311546 1640052292 c0:98:e5:42:00:29 326 
1640895294.323372 -60 -47 -23 -13 12 18 20 21 31 33 36 40 45 51 54 
1640895294.323773 54 56 57 66 76 103 121 121 136 142 144 159 188 226 291 
1640895294.663857 ### INFO: SD card flushed!
1640895295.107454 ### RSSI: -43, 4, 1640052293 ,636 
1640895295.312055 ### DEBUG: Ticks: 639, 15, 0 
1640895295.313645 1640052293 c0:98:e5:42:00:29 298 
1640895295.315231 -118 -93 -89 -83 -81 -80 -79 -71 -54 -49 -35 -33 -29 -28 -21 
1640895295.315459 -16 -15 -12 -11 -7 -5 0 8 13 18 28 44 44 45 96 
1640895296.112429 ### RSSI: -44, 24, 1640052294 ,652 
1640895296.315275 ### DEBUG: Ticks: 655, 16, 0 
1640895296.315491 1640052294 c0:98:e5:42:00:29 372 
1640895296.315703 51 61 90 101 102 111 124 134 136 144 148 149 151 152 157 
1640895296.315927 158 164 165 172 175 184 192 196 200 200 208 215 217 244 438 
1640895297.107837 ### RSSI: -47, 15, 1640052295 ,667 
1640895297.309583 ### ERROR: Failed reading SquarePoint packet length
1640895298.118418 ### RSSI: -51, 11, 1640052296 ,683 
1640895299.106767 ### RSSI: -60, 30, 1640052297 ,698 
1640895299.312043 ### DEBUG: Ticks: 702, 47, 0 
1640895299.312327 1640052297 c0:98:e5:42:00:29 2909 
1640895299.312539 2575 2597 2600 2601 2603 2612 2614 2615 2620 2627 2628 2635 2635 2636 2637 
1640895299.312739 2643 2644 2648 2648 2666 2684 2686 2692 2693 2694 2694 2696 2700 2735 2762 
1640895300.117479 ### RSSI: -60, 16, 1640052298 ,714 
1640895300.312666 ### DEBUG: Ticks: 717, 15, 0 
1640895300.312965 1640052298 c0:98:e5:42:00:29 4110 
1640895300.313156 3810 3811 3813 3815 3817 3820 3821 3822 3825 3829 3830 3843 3850 3851 3861 
1640895300.325158 3870 3877 3882 3883 3888 3896 3900 3905 3909 3910 3917 3930 3935 3958 4037 
1640895301.115752 ### RSSI: -60, 5, 1640052299 ,730 
1640895301.311186 ### DEBUG: Ticks: 733, 16, 0 
1640895301.311466 1640052299 c0:98:e5:42:00:29 5221 
1640895301.325748 4810 4832 4841 4847 4849 4850 4851 4863 4865 4872 4875 4885 4886 4889 4892 
1640895301.329225 4913 4917 4919 4921 4935 4941 4942 4946 4953 4955 4956 4967 4995 4999 5222 
1640895302.116740 ### RSSI: -60, 0, 1640052300 ,745 
1640895302.311780 ### DEBUG: Ticks: 749, 16, 0 
1640895302.312064 1640052300 c0:98:e5:42:00:29 5438 
1640895302.312259 5104 5118 5122 5131 5136 5139 5142 5145 5152 5154 5162 5168 5174 5185 5190 
1640895302.312468 5198 5207 5219 5223 5239 5247 5268 5280 5291 5335 5394 5490 5629 5801 0 
1640895303.113091 ### RSSI: -62, 24, 1640052301 ,761 
1640895303.319366 ### DEBUG: Ticks: 764, 15, 0 
1640895303.319724 1640052301 c0:98:e5:42:00:29 5436 
1640895303.319918 4993 4996 4998 5012 5042 5043 5049 5051 5054 5056 5062 5063 5064 5074 5082 
1640895303.320106 5085 5093 5094 5095 5107 5127 5133 5155 5155 5204 5216 5264 5350 5419 5489 
1640895304.107362 ### RSSI: -67, 23, 1640052302 ,777 
1640895304.312480 ### DEBUG: Ticks: 780, 16, 0 
1640895304.312744 1640052302 c0:98:e5:42:00:29 5512 
1640895304.312935 5140 5146 5159 5166 5172 5177 5185 5196 5199 5215 5218 5221 5238 5239 5243 
1640895304.313145 5245 5249 5254 5255 5256 5278 5290 5295 5319 5328 5342 5364 5390 5393 5583 
1640895305.107822 ### RSSI: -61, 3, 1640052302 ,792 
1640895305.312114 ### DEBUG: Ticks: 795, 15, 0 
1640895305.312379 1640052303 c0:98:e5:42:00:29 5478 
1640895305.324782 4989 5045 5055 5065 5082 5087 5088 5118 5125 5131 5134 5138 5149 5158 5163 
1640895305.325122 5166 5173 5175 5178 5183 5191 5193 5193 5198 5203 5206 5253 5264 5290 5507 
1640895306.107770 ### RSSI: -68, 0, 1640052303 ,808 
1640895306.319835 ### DEBUG: Ticks: 811, 16, 0 
1640895306.320082 1640052304 c0:98:e5:42:00:29 5466 
1640895306.320211 5048 5053 5081 5102 5124 5125 5143 5147 5156 5160 5165 5166 5166 5176 5184 
1640895306.320335 5192 5193 5196 5202 5207 5211 5216 5225 5248 5256 5259 5269 5284 5302 5351 
1640895307.107070 ### RSSI: -65, 28, 1640052304 ,823 
1640895307.312428 ### DEBUG: Ticks: 827, 16, 0 
1640895307.312649 1640052305 c0:98:e5:42:00:29 5310 
1640895307.312794 4856 4870 4896 4924 4949 4953 4969 4970 4977 4979 4982 4988 4996 4997 4999 
1640895307.312953 5002 5010 5017 5017 5026 5031 5041 5048 5055 5056 5060 5061 5064 5118 5164 
1640895308.110709 ### RSSI: -70, 25, 1640052305 ,839 
1640895308.316321 ### DEBUG: Ticks: 842, 15, 0 
1640895308.316576 1640052306 c0:98:e5:42:00:29 5205 
1640895308.316742 4729 4730 4770 4801 4806 4811 4816 4826 4828 4842 4846 4848 4852 4853 4853 
1640895308.316928 4861 4865 4866 4870 4872 4875 4877 4890 4895 4915 4925 4931 4935 4938 4951 
1640895309.113378 ### RSSI: -58, 23, 1640052307 ,855 
1640895309.315813 ### DEBUG: Ticks: 858, 16, 0 
1640895309.316073 1640052307 c0:98:e5:42:00:29 5169 
1640895309.316228 4781 4817 4823 4839 4839 4842 4844 4851 4858 4859 4873 4873 4873 4874 4880 
1640895309.316389 4885 4887 4901 4902 4912 4922 4925 4936 4948 4949 4956 4984 5019 5038 5067 
1640895310.110250 ### RSSI: -61, 36, 1640052308 ,870 
1640895310.312141 ### ERROR: Failed reading SquarePoint packet length
1640895311.113021 ### RSSI: -58, 31, 1640052309 ,886 
1640895312.111471 ### RSSI: -63, 4, 1640052310 ,902 
1640895312.320194 ### DEBUG: Ticks: 905, 47, 0 
1640895312.320448 1640052310 c0:98:e5:42:00:29 5138 
1640895312.321291 4754 4784 4785 4790 4818 4822 4827 4842 4844 4850 4851 4859 4860 4860 4864 
1640895312.321476 4870 4871 4875 4877 4879 4883 4916 4934 4943 4977 5056 5084 5107 5162 5167 
1640895313.108148 ### RSSI: -62, 4, 1640052311 ,917 
1640895313.314102 ### DEBUG: Ticks: 920, 15, 0 
1640895313.314375 1640052311 c0:98:e5:42:00:29 4941 
1640895313.314525 4481 4549 4556 4556 4558 4561 4566 4567 4579 4582 4593 4596 4597 4597 4607 
1640895313.314659 4610 4610 4617 4619 4633 4643 4655 4659 4671 4676 4717 4847 4892 4951 5047 
1640895314.105615 ### RSSI: -61, 21, 1640052312 ,933 
1640895314.320759 ### DEBUG: Ticks: 936, 16, 0 
1640895314.321008 1640052312 c0:98:e5:42:00:29 4836 
1640895314.321198 4474 4484 4495 4499 4506 4510 4517 4520 4532 4535 4550 4556 4557 4558 4566 
1640895314.321385 4567 4570 4575 4576 4587 4591 4592 4593 4595 4601 4608 4619 4844 4883 4959 
1640895315.210683 ### RSSI: -57, 8, 1640052313 ,950 
1640895315.314299 ### DEBUG: Ticks: 952, 16, 0 
1640895315.314590 1640052313 c0:98:e5:42:00:29 4508 
1640895315.314748 4150 4159 4163 4185 4186 4191 4196 4196 4198 4201 4206 4212 4217 4221 4231 
1640895315.314911 4239 4242 4252 4253 4254 4258 4269 4272 4272 4280 4282 4367 4372 4460 4491 
1640895316.211037 ### RSSI: -63, 20, 1640052314 ,966 
1640895316.311112 ### DEBUG: Ticks: 967, 15, 0 
1640895316.311969 1640052314 c0:98:e5:42:00:29 3684 
1640895316.324072 3329 3362 3373 3378 3380 3382 3383 3384 3385 3394 3395 3399 3400 3404 3407 
1640895316.324362 3409 3410 3412 3413 3416 3417 3424 3432 3436 3449 3455 3459 3469 3661 3925 
1640895317.208226 ### RSSI: -63, 16, 1640052315 ,981 
1640895317.321221 ### DEBUG: Ticks: 983, 16, 0 
1640895317.321534 1640052315 c0:98:e5:42:00:29 2593 
1640895317.321706 2294 2294 2295 2300 2303 2306 2312 2315 2318 2319 2320 2321 2324 2329 2340 
1640895317.321875 2344 2348 2348 2353 2353 2361 2382 2382 2385 2391 2395 2402 2402 2420 2841 
1640895318.207265 ### RSSI: -60, 36, 1640052316 ,997 
1640895318.318691 ### DEBUG: Ticks: 998, 15, 0 
1640895318.320079 1640052316 c0:98:e5:42:00:29 1694 
1640895318.320333 1284 1296 1300 1312 1317 1319 1320 1323 1324 1331 1333 1335 1340 1342 1349 
1640895318.320501 1351 1354 1357 1358 1360 1364 1379 1381 1382 1388 1405 1434 1435 1438 1558 
1640895318.420686 ### STOPPED, setting module to STOPPED
1640895318.420966 ### INFO: Switched Scheduler EUI from c0:98:e5:42:00:2c to 00:00:00:00:00:00
1640895318.679137 ### INFO: SD card flushed!
1640895318.679392 ### DEBUG: BLE START SCANNING called
1640895319.211139 ### RSSI: -58, 4, 1640052317 ,1012 
1640895319.211408 ### DEBUG: BLE START SCANNING called
1640895319.784264 ### DEBUG: BLE START SCANNING called
1640895320.210660 ### RSSI: -74, 26, 1640052318 ,1028 
1640895320.210996 ### DEBUG: BLE START SCANNING called
1640895320.852974 ### DEBUG: BLE START SCANNING called
1640895320.878961 ### addr: c0:98:e5:42:00:29 
1640895320.879215 ### on_adv_report outer RSSI: -55, time:1640052319 
1640895320.879379 ### INFO: Discovered new device: c0:98:e5:42:00:29
1640895320.879539 ### INFO: Switched Scheduler EUI from 00:00:00:00:00:00 to c0:98:e5:42:00:2c
1640895320.879778 ### INFO: Starting the SquarePoint module...
1640895320.879970 ### INFO: Starting SquarePoint module as SCHEDULER with timestamp 1640052319
1640895320.880158 ### DEBUG: BLE STOP SCANNING called
1640895320.880350 ### INFO: SquarePoint module successfully started!
1640895321.004685 ### DEBUG: Ticks: 1040, 42, 0 
1640895321.216046 1640052320 ### RSSI: -55, 11, 1640052320 ,1044 
1640895322.005254 ### DEBUG: Ticks: 1056, 16, 0 
1640895322.206031 1640052321 ### RSSI: -54, 36, 1640052321 ,1059 
1640895323.005090 ### DEBUG: Ticks: 1072, 16, 0 
1640895323.208233 1640052322 ### RSSI: -55, 0, 1640052322 ,1075 
1640895324.011379 ### DEBUG: Ticks: 1087, 15, 0 
1640895324.212467 1640052323 ### RSSI: -57, 4, 1640052323 ,1091 
1640895325.102749 ### DEBUG: Ticks: 1104, 17, 0 
1640895325.103033 1640052324 c0:98:e5:42:00:29 1312 
1640895325.103225 1235 1239 1252 1252 1253 1275 1282 1284 1286 1286 1288 1290 1293 1301 1308 
1640895325.103412 1316 1325 1329 1333 1338 1365 1365 1368 1375 1418 1428 1449 1462 1474 1479 
1640895325.216547 ### RSSI: -54, 8, 1640052324 ,1106 
1640895326.099746 ### DEBUG: Ticks: 1120, 16, 0 
1640895326.100012 1640052325 c0:98:e5:42:00:29 1674 
1640895326.111007 1298 1319 1335 1335 1340 1340 1340 1349 1351 1366 1377 1377 1382 1387 1389 
1640895326.111259 1391 1398 1405 1408 1434 1438 1448 1448 1455 1462 1513 1516 1520 1537 1541 
1640895326.212450 ### RSSI: -57, 25, 1640052325 ,1122 
1640895327.101675 ### DEBUG: Ticks: 1136, 16, 0 
1640895327.102369 1640052326 c0:98:e5:42:00:29 1657 
1640895327.102667 1276 1283 1284 1286 1293 1293 1295 1302 1306 1307 1311 1320 1328 1330 1342 
1640895327.102831 1349 1349 1352 1354 1356 1362 1393 1407 1411 1433 1434 1439 1465 1468 1541 
1640895327.211879 ### RSSI: -57, 4, 1640052326 ,1137 
1640895328.107007 ### DEBUG: Ticks: 1151, 15, 0 
1640895328.108045 1640052327 c0:98:e5:42:00:29 1657 
1640895328.108216 1220 1237 1239 1245 1246 1247 1253 1258 1259 1270 1284 1287 1287 1293 1295 
1640895328.108350 1296 1301 1317 1321 1326 1349 1351 1353 1359 1367 1379 1391 1404 1531 1639 
1640895328.209672 ### RSSI: -60, 31, 1640052327 ,1153 
1640895329.100305 ### DEBUG: Ticks: 1167, 16, 0 
1640895329.100609 1640052328 c0:98:e5:42:00:29 1689 
1640895329.100776 1315 1318 1322 1324 1328 1337 1356 1357 1362 1365 1367 1368 1370 1387 1400 
1640895329.100957 1400 1402 1415 1422 1423 1435 1438 1459 1465 1472 1480 1488 1504 1519 1535 
1640895329.211677 ### RSSI: -62, 8, 1640052328 ,1169 
1640895330.099450 ### DEBUG: Ticks: 1183, 16, 0 
1640895330.099790 1640052329 c0:98:e5:42:00:29 1628 
1640895330.110862 1265 1281 1283 1288 1301 1307 1311 1313 1314 1322 1327 1333 1334 1336 1338 
1640895330.111108 1343 1344 1346 1346 1356 1378 1381 1388 1394 1395 1397 1413 1424 1430 1473 
1640895330.216119 ### RSSI: -60, 21, 1640052329 ,1184 
1640895331.104387 ### DEBUG: Ticks: 1198, 15, 0 
1640895331.104603 1640052330 c0:98:e5:42:00:29 1757 
1640895331.104732 1340 1344 1357 1371 1372 1385 1387 1388 1388 1392 1393 1398 1398 1413 1418 
1640895331.104856 1420 1420 1421 1430 1431 1437 1438 1454 1473 1479 1484 1496 1572 1576 1591 
1640895331.206830 ### RSSI: -51, 28, 1640052331 ,1200 
1640895332.101074 ### DEBUG: Ticks: 1214, 16, 0 
1640895332.102174 1640052331 c0:98:e5:42:00:29 1769 
1640895332.102446 1420 1432 1436 1437 1451 1473 1473 1481 1482 1485 1495 1496 1503 1505 1511 
1640895332.102812 1522 1525 1525 1528 1530 1533 1543 1544 1545 1551 1564 1571 1574 1574 1593 
1640895332.213465 ### RSSI: -52, 27, 1640052332 ,1215 
1640895333.108790 ### DEBUG: Ticks: 1229, 15, 0 
1640895333.109008 1640052332 c0:98:e5:42:00:29 2167 
1640895333.109146 1848 1861 1864 1870 1880 1882 1885 1885 1886 1900 1900 1902 1905 1909 1914 
1640895333.109311 1915 1922 1929 1938 1941 1942 1948 1956 1965 1971 1992 2006 2018 2027 2030 
1640895333.210104 ### RSSI: -57, 3, 1640052333 ,1231 
1640895334.107801 ### DEBUG: Ticks: 1245, 16, 0 
1640895334.108060 1640052333 c0:98:e5:42:00:29 2942 
1640895334.108230 2603 2609 2610 2617 2618 2625 2626 2626 2628 2630 2631 2635 2636 2640 2647 
1640895334.108410 2650 2659 2660 2662 2668 2679 2681 2685 2701 2704 2710 2716 2724 2728 2840 
1640895334.207764 ### RSSI: -55, 31, 1640052333 ,1247 
1640895335.101696 ### DEBUG: Ticks: 1261, 16, 0 
1640895335.101910 1640052334 c0:98:e5:42:00:29 4014 
1640895335.102030 3697 3700 3700 3704 3728 3738 3739 3740 3741 3750 3756 3757 3758 3765 3769 
1640895335.102155 3773 3774 3788 3792 3800 3804 3805 3806 3811 3814 3850 3880 3893 3978 4033 
1640895335.214723 ### RSSI: -59, 1, 1640052334 ,1262 
1640895336.106612 ### DEBUG: Ticks: 1276, 15, 0 
1640895336.107169 1640052335 c0:98:e5:42:00:29 4831 
1640895336.107377 4499 4508 4514 4515 4518 4525 4527 4529 4531 4531 4533 4535 4537 4538 4541 
1640895336.107680 4541 4543 4551 4554 4554 4559 4563 4566 4589 4596 4600 4612 4612 4620 4624 
1640895336.208624 ### RSSI: -63, 25, 1640052335 ,1278 
1640895337.102727 ### DEBUG: Ticks: 1292, 16, 0 
1640895337.102960 1640052336 c0:98:e5:42:00:29 5407 
1640895337.103104 5000 5017 5022 5024 5031 5031 5041 5049 5052 5056 5058 5069 5080 5085 5090 
1640895337.103245 5093 5093 5096 5103 5112 5117 5131 5133 5146 5167 5169 5178 5202 5205 5257 
1640895337.212797 ### RSSI: -62, 17, 1640052336 ,1294 
1640895338.102822 ### DEBUG: Ticks: 1308, 16, 0 
1640895338.104303 1640052337 c0:98:e5:42:00:29 5617 
1640895338.104537 5196 5197 5207 5214 5222 5225 5249 5253 5255 5257 5264 5270 5276 5285 5286 
1640895338.104704 5288 5307 5310 5313 5314 5327 5343 5346 5346 5348 5366 5367 5468 5500 0 
1640895338.214395 ### RSSI: -61, 27, 1640052337 ,1309 
1640895339.101654 ### DEBUG: Ticks: 1323, 15, 0 
1640895339.104080 1640052338 c0:98:e5:42:00:29 5483 
1640895339.104384 5068 5120 5141 5156 5176 5184 5188 5192 5193 5194 5196 5197 5206 5208 5214 
1640895339.104607 5223 5226 5226 5226 5229 5238 5259 5263 5273 5277 5310 5330 5340 5353 5457 
1640895339.213688 ### RSSI: -65, 5, 1640052338 ,1325 
1640895340.107994 ### DEBUG: Ticks: 1339, 16, 0 
1640895340.108253 1640052339 c0:98:e5:42:00:29 5420 
1640895340.108410 4998 5032 5035 5037 5041 5044 5045 5060 5064 5067 5071 5071 5074 5082 5088 
1640895340.108572 5090 5098 5106 5106 5117 5118 5120 5122 5127 5137 5137 5143 5151 5229 5244 
1640895340.207198 ### RSSI: -64, 33, 1640052339 ,1340 
1640895341.107336 ### DEBUG: Ticks: 1354, 15, 0 
1640895341.107567 1640052340 c0:98:e5:42:00:29 5489 
1640895341.107791 4944 5078 5093 5094 5102 5110 5113 5121 5121 5122 5125 5125 5137 5138 5144 
1640895341.107954 5151 5157 5162 5169 5174 5184 5194 5203 5207 5218 5219 5228 5245 5258 5307 
1640895341.205907 ### RSSI: -65, 21, 1640052340 ,1356 
1640895342.105184 ### DEBUG: Ticks: 1370, 16, 0 
1640895342.105468 1640052341 c0:98:e5:42:00:29 5427 
1640895342.105663 4931 4983 5019 5025 5036 5038 5054 5065 5066 5067 5069 5069 5073 5078 5080 
1640895342.105850 5081 5091 5091 5094 5110 5116 5117 5129 5142 5146 5174 5220 5237 5263 5489 
1640895342.207365 ### RSSI: -65, 13, 1640052341 ,1372 
1640895343.103697 ### DEBUG: Ticks: 1386, 16, 0 
1640895343.103977 1640052342 c0:98:e5:42:00:29 5445 
1640895343.104126 5048 5061 5069 5084 5089 5095 5099 5117 5123 5124 5128 5132 5133 5137 5138 
1640895343.104268 5153 5157 5161 5167 5190 5190 5200 5200 5224 5226 5236 5250 5292 5319 5362 
1640895343.207352 ### RSSI: -60, 8, 1640052342 ,1387 
1640895344.107022 ### DEBUG: Ticks: 1401, 15, 0 
1640895344.107308 1640052343 c0:98:e5:42:00:29 5301 
1640895344.107468 4806 4833 4834 4909 4921 4925 4939 4939 4947 4949 4951 4957 4964 4979 4990 
1640895344.107719 4991 4998 4999 5000 5004 5007 5008 5015 5025 5037 5041 5049 5053 5091 5140 
1640895344.209491 ### RSSI: -68, 27, 1640052343 ,1403 
1640895345.100016 ### DEBUG: Ticks: 1417, 16, 0 
1640895345.100253 1640052344 c0:98:e5:42:00:29 5145 
1640895345.112262 4775 4807 4812 4826 4832 4837 4845 4865 4868 4869 4870 4874 4876 4876 4877 
1640895345.112516 4882 4893 4897 4905 4906 4908 4909 4914 4937 4976 5072 5089 5119 5149 0 
1640895345.211473 ### RSSI: -78, 21, 1640052344 ,1419 
1640895346.104933 ### DEBUG: Ticks: 1432, 15, 0 
1640895346.105204 1640052345 c0:98:e5:42:00:29 5240 
1640895346.105340 4843 4849 4855 4862 4877 4877 4889 4891 4896 4896 4897 4897 4897 4899 4899 
1640895346.105481 4900 4905 4906 4915 4916 4933 4933 4945 4954 4960 4982 5031 5085 5111 5264 
1640895346.204791 ### RSSI: -73, 2, 1640052345 ,1434 
1640895347.108691 ### DEBUG: Ticks: 1448, 16, 0 
1640895347.108959 1640052346 c0:98:e5:42:00:29 5113 
1640895347.109140 4732 4738 4739 4769 4778 4779 4779 4782 4788 4788 4789 4792 4794 4804 4804 
1640895347.109302 4805 4805 4811 4814 4820 4822 4836 4841 4842 4848 4859 4872 4878 4914 4920 
1640895347.208677 ### RSSI: -71, 9, 1640052346 ,1450 
1640895348.106946 ### DEBUG: Ticks: 1464, 16, 0 
1640895348.107235 1640052347 c0:98:e5:42:00:29 4842 
1640895348.107419 4433 4439 4449 4464 4479 4479 4490 4495 4497 4499 4526 4528 4530 4532 4540 
1640895348.107740 4541 4549 4550 4554 4559 4569 4578 4588 4589 4593 4613 4640 4649 4713 4785 
1640895348.205145 ### RSSI: -73, 34, 1640052347 ,1465 
1640895349.107808 ### DEBUG: Ticks: 1479, 15, 0 
1640895349.108076 1640052348 c0:98:e5:42:00:29 4511 
1640895349.108239 4150 4168 4174 4179 4179 4182 4187 4190 4203 4204 4206 4208 4208 4209 4222 
1640895349.108444 4229 4233 4238 4245 4252 4254 4258 4264 4267 4270 4293 4375 4407 4430 4525 
1640895350.106835 ### DEBUG: Ticks: 1495, 16, 0 
1640895350.107119 1640052349 c0:98:e5:42:00:29 3823 
1640895350.107313 3495 3511 3518 3529 3535 3536 3548 3549 3552 3555 3561 3565 3566 3569 3572 
1640895350.107499 3573 3574 3587 3587 3593 3601 3601 3601 3609 3609 3612 3628 3651 3768 3933 
1640895350.363448 ### BLE EVENT: 16, INFO: BLE CONNECTED!
1640895350.363730 ### RSSI: -65, 33, 1640052349 ,1499 
1640895350.460686 ### RSSI: -56, 3, 1640052350 ,1501 
1640895350.561047 ### RSSI: -67, 18, 1640052350 ,1502 
1640895350.663509 ### RSSI: -65, 9, 1640052350 ,1504 
1640895350.763137 ### RSSI: -64, 26, 1640052350 ,1505 
1640895350.861819 ### RSSI: -55, 28, 1640052350 ,1507 
1640895350.960869 ### RSSI: -63, 5, 1640052350 ,1508 
1640895351.061898 ### RSSI: -64, 13, 1640052350 ,1510 
1640895351.107886 ### DEBUG: Ticks: 1511, 16, 0 
1640895351.108137 1640052350 c0:98:e5:42:00:29 2997 
1640895351.108285 2606 2647 2660 2666 2666 2672 2674 2680 2689 2695 2696 2701 2704 2707 2708 
1640895351.108433 2708 2708 2712 2718 2727 2728 2728 2732 2733 2753 2760 2777 2906 3113 0 
1640895351.163246 ### RSSI: -61, 23, 1640052350 ,1511 
1640895351.265710 ### RSSI: -64, 20, 1640052350 ,1513 
1640895351.363816 ### RSSI: -56, 8, 1640052351 ,1515 
1640895351.455001 ### RSSI: -59, 2, 1640052351 ,1516 
1640895351.556036 ### RSSI: -67, 18, 1640052351 ,1518 
1640895351.657139 ### RSSI: -62, 7, 1640052351 ,1519 
1640895351.755707 ### RSSI: -63, 19, 1640052351 ,1521 
1640895351.856993 ### RSSI: -59, 26, 1640052351 ,1522 
1640895351.958080 ### RSSI: -64, 30, 1640052351 ,1524 
1640895352.104766 ### DEBUG: Ticks: 1526, 15, 0 
1640895352.105056 1640052351 c0:98:e5:42:00:29 2486 
1640895352.105217 2084 2110 2137 2138 2141 2144 2146 2147 2147 2148 2160 2169 2182 2184 2194 
1640895352.105378 2196 2199 2200 2202 2205 2206 2208 2219 2223 2227 2231 2257 2272 2272 2324 
1640895352.306831 ### BLE EVENT: 17, INFO: BLE DISCONNECTED!
1640895353.053921 ### RSSI: -60, 21, 1640052352 ,1541 
1640895353.101584 ### DEBUG: Ticks: 1542, 16, 0 
1640895353.101892 1640052352 c0:98:e5:42:00:29 1839 
1640895353.102088 1530 1545 1547 1557 1563 1566 1568 1569 1579 1580 1584 1586 1587 1589 1594 
1640895353.102252 1603 1612 1613 1618 1621 1626 1632 1634 1638 1658 1675 1691 1695 1698 1723 
1640895354.054529 ### RSSI: -57, 5, 1640052353 ,1557 
1640895354.098434 ### DEBUG: Ticks: 1557, 15, 0 
1640895354.109927 1640052353 c0:98:e5:42:00:29 1441 
1640895354.110143 1125 1148 1153 1180 1185 1187 1188 1191 1193 1196 1197 1198 1203 1212 1216 
1640895354.110272 1217 1218 1226 1241 1242 1243 1245 1263 1271 1282 1283 1292 1295 1351 1368 
1640895355.056397 ### RSSI: -61, 17, 1640052354 ,1572 
1640895355.102437 ### DEBUG: Ticks: 1573, 16, 0 
1640895355.102779 1640052354 c0:98:e5:42:00:29 1340 
1640895355.103025 959 975 982 983 983 985 989 994 995 1001 1007 1008 1023 1026 1030 
1640895355.103237 1031 1031 1036 1036 1047 1051 1053 1078 1094 1096 1161 1180 1183 1225 1249 
1640895356.063381 ### RSSI: -59, 13, 1640052355 ,1588 
1640895356.108732 ### DEBUG: Ticks: 1589, 16, 0 
1640895356.109000 1640052355 c0:98:e5:42:00:29 1365 
1640895356.109153 979 992 1013 1013 1018 1033 1034 1043 1045 1046 1053 1068 1070 1084 1088 
1640895356.109314 1101 1102 1103 1105 1115 1117 1127 1132 1139 1140 1152 1183 1202 1277 1948 
1640895357.059650 ### RSSI: -55, 23, 1640052356 ,1604 
1640895357.105861 ### DEBUG: Ticks: 1604, 15, 0 
1640895357.106161 1640052356 c0:98:e5:42:00:29 1554 
1640895357.106341 1196 1211 1216 1217 1220 1225 1233 1242 1246 1257 1259 1266 1269 1272 1275 
1640895357.106505 1284 1292 1298 1300 1302 1322 1338 1343 1347 1349 1381 1401 1408 1411 1460 
1640895358.061346 ### RSSI: -60, 6, 1640052357 ,1619 
1640895358.107837 ### DEBUG: Ticks: 1620, 16, 0 
1640895358.108064 1640052357 c0:98:e5:42:00:29 1797 
1640895358.108201 1401 1419 1420 1447 1461 1472 1472 1473 1477 1480 1498 1498 1499 1507 1508 
1640895358.108341 1511 1515 1522 1527 1551 1555 1559 1560 1563 1566 1570 1575 1576 1624 1694 
1640895358.487321 ### INFO: SD card flushed!
1640895359.061018 ### RSSI: -72, 36, 1640052358 ,1635 
1640895359.109145 ### DEBUG: Ticks: 1636, 16, 0 
1640895359.109417 1640052358 c0:98:e5:42:00:29 2073 
1640895359.109589 1713 1724 1753 1754 1761 1763 1771 1772 1781 1782 1787 1789 1798 1802 1805 
1640895359.109761 1805 1814 1825 1826 1828 1831 1832 1833 1835 1839 1858 1865 1873 1889 1897 
1640895360.063329 ### RSSI: -62, 32, 1640052359 ,1650 
1640895360.108815 ### DEBUG: Ticks: 1651, 15, 0 
1640895360.109103 1640052359 c0:98:e5:42:00:29 1990 
1640895360.109284 1625 1632 1657 1663 1666 1671 1681 1687 1688 1693 1705 1708 1710 1713 1714 
1640895360.109471 1716 1718 1726 1727 1740 1742 1750 1754 1757 1760 1761 1762 1779 1823 2039 
1640895361.058532 ### RSSI: -61, 20, 1640052360 ,1666 
1640895361.104028 ### DEBUG: Ticks: 1667, 16, 0 
1640895361.104337 1640052360 c0:98:e5:42:00:29 1778 
1640895361.104565 1416 1419 1428 1438 1445 1453 1463 1465 1469 1474 1482 1483 1489 1490 1492 
1640895361.104756 1492 1536 1537 1542 1550 1554 1557 1561 1568 1572 1573 1612 1620 1630 1681 
1640895362.056392 ### RSSI: -58, 18, 1640052361 ,1682 
1640895362.102676 ### DEBUG: Ticks: 1682, 15, 0 
1640895362.102911 1640052361 c0:98:e5:42:00:29 1772 
1640895362.103034 1343 1403 1406 1421 1422 1427 1433 1442 1457 1457 1466 1469 1470 1475 1476 
1640895362.103159 1477 1493 1496 1497 1498 1535 1537 1538 1544 1586 1589 1616 1620 1667 1777 
1640895363.058005 ### RSSI: -70, 26, 1640052362 ,1697 
1640895363.103023 ### DEBUG: Ticks: 1698, 16, 0 
1640895363.103253 1640052362 c0:98:e5:42:00:29 1739 
1640895363.103385 1323 1329 1339 1341 1349 1352 1354 1355 1356 1357 1359 1360 1376 1377 1379 
1640895363.103501 1383 1385 1394 1401 1401 1433 1434 1461 1465 1474 1501 1502 1516 1567 1588 
1640895364.063635 ### RSSI: -62, 33, 1640052363 ,1713 
1640895364.111314 ### DEBUG: Ticks: 1714, 16, 0 
1640895364.111520 1640052363 c0:98:e5:42:00:29 1706 
1640895364.111706 1319 1349 1354 1354 1354 1358 1372 1374 1376 1379 1385 1387 1388 1388 1390 
1640895364.111832 1401 1409 1411 1423 1434 1436 1441 1488 1497 1500 1501 1513 1520 1520 1648 
1640895365.058358 ### RSSI: -66, 14, 1640052364 ,1729 
1640895365.103526 ### DEBUG: Ticks: 1729, 15, 0 
1640895365.103890 1640052364 c0:98:e5:42:00:29 1868 
1640895365.104087 1515 1528 1529 1531 1532 1541 1545 1546 1554 1559 1569 1575 1583 1590 1594 
1640895365.104279 1595 1597 1606 1607 1647 1650 1655 1658 1662 1668 1669 1683 1742 1764 1793 
1640895366.064176 ### RSSI: -53, 3, 1640052365 ,1744 
1640895366.108145 ### DEBUG: Ticks: 1745, 16, 0 
1640895366.108427 1640052365 c0:98:e5:42:00:29 2180 
1640895366.108592 1847 1857 1870 1895 1901 1903 1908 1919 1921 1922 1927 1935 1940 1940 1941 
1640895366.108753 1943 1948 1949 1951 1956 1960 1983 1996 2004 2012 2016 2073 2101 2433 2523 
1640895367.063431 ### RSSI: -58, 35, 1640052366 ,1760 
1640895367.109076 ### DEBUG: Ticks: 1761, 16, 0 
1640895367.109307 1640052366 c0:98:e5:42:00:29 2553 
1640895367.109445 2197 2197 2217 2218 2223 2232 2232 2238 2245 2249 2250 2257 2262 2267 2268 
1640895367.109587 2269 2274 2283 2283 2289 2293 2299 2329 2341 2344 2356 2356 2369 2369 2425 
1640895368.057426 ### RSSI: -61, 24, 1640052367 ,1775 
1640895368.105817 ### DEBUG: Ticks: 1776, 15, 0 
1640895368.106142 1640052367 c0:98:e5:42:00:29 3238 
1640895368.106323 2881 2882 2888 2903 2905 2906 2909 2912 2917 2920 2923 2926 2935 2944 2946 
1640895368.106539 2946 2947 2950 2956 2959 2960 2962 2965 2971 2971 3013 3013 3046 3063 3359 
1640895369.063431 ### RSSI: -73, 17, 1640052368 ,1791 
1640895369.110202 ### DEBUG: Ticks: 1792, 16, 0 
1640895369.112751 1640052368 c0:98:e5:42:00:29 3812 
1640895369.117071 3451 3451 3454 3468 3474 3478 3481 3488 3492 3503 3507 3509 3509 3511 3511 
1640895369.121563 3514 3517 3521 3533 3541 3543 3546 3557 3560 3570 3576 3592 3639 3657 3881 
1640895370.063384 ### RSSI: -63, 27, 1640052369 ,1807 
1640895370.109550 ### DEBUG: Ticks: 1807, 15, 0 
1640895370.109817 1640052369 c0:98:e5:42:00:29 4325 
1640895370.109983 3920 3944 3951 3958 3962 3976 3978 3992 3996 3999 4001 4010 4012 4014 4015 
1640895370.110146 4022 4022 4028 4031 4034 4038 4038 4040 4043 4057 4068 4102 4138 4213 4407 
1640895371.063084 ### RSSI: -76, 33, 1640052370 ,1822 
1640895371.108944 ### DEBUG: Ticks: 1823, 16, 0 
1640895371.109193 1640052370 c0:98:e5:42:00:29 5088 
1640895371.109354 4763 4823 4856 4863 4888 4888 4889 4895 4897 4898 4905 4909 4918 4924 4936 
1640895371.109516 4938 4940 4952 4953 4970 4985 5059 5098 5103 5109 5166 5168 5173 5183 5191 
1640895372.056185 ### RSSI: -71, 24, 1640052371 ,1838 
1640895372.102540 ### DEBUG: Ticks: 1839, 16, 0 
1640895372.102801 1640052371 c0:98:e5:42:00:29 5513 
1640895372.102959 5129 5144 5146 5151 5156 5163 5173 5176 5183 5187 5188 5189 5203 5206 5208 
1640895372.103161 5212 5213 5226 5230 5230 5232 5237 5238 5239 5241 5243 5246 5295 5409 5461 
1640895373.058540 ### RSSI: -62, 4, 1640052372 ,1854 
1640895373.105923 ### DEBUG: Ticks: 1854, 15, 0 
1640895373.106212 1640052372 c0:98:e5:42:00:29 5631 
1640895373.106432 5195 5231 5255 5259 5272 5274 5276 5281 5281 5284 5287 5289 5289 5290 5292 
1640895373.106622 5297 5303 5303 5312 5320 5322 5323 5323 5328 5337 5350 5353 5385 5557 5620 
1640895374.057831 ### RSSI: -65, 32, 1640052373 ,1869 
1640895374.104839 ### DEBUG: Ticks: 1870, 16, 0 
1640895374.105098 1640052373 c0:98:e5:42:00:29 5427 
1640895374.105235 5012 5021 5034 5042 5043 5061 5062 5064 5065 5070 5071 5079 5082 5084 5092 
1640895374.105373 5096 5096 5098 5104 5104 5105 5109 5121 5129 5135 5143 5146 5171 5217 5283 
1640895375.057452 ### RSSI: -62, 36, 1640052374 ,1885 
1640895375.101891 ### DEBUG: Ticks: 1885, 15, 0 
1640895375.102084 1640052374 c0:98:e5:42:00:29 5444 
1640895375.102192 4984 5067 5076 5076 5081 5087 5091 5100 5105 5117 5123 5125 5125 5132 5140 
1640895375.102324 5143 5144 5148 5153 5154 5156 5160 5173 5180 5180 5191 5211 5214 5228 5255 
1640895376.053890 ### RSSI: -61, 16, 1640052375 ,1900 
1640895376.101474 ### DEBUG: Ticks: 1901, 16, 0 
1640895376.101653 1640052375 c0:98:e5:42:00:29 5544 
1640895376.101753 5112 5131 5144 5152 5153 5166 5183 5188 5189 5191 5199 5203 5206 5209 5214 
1640895376.113395 5232 5235 5235 5243 5244 5246 5252 5256 5275 5282 5295 5325 5333 5343 5406 
1640895377.104182 ### DEBUG: Ticks: 1917, 16, 0 
1640895377.104405 1640052376 c0:98:e5:42:00:29 5647 
1640895377.104570 5329 5339 5356 5361 5384 5392 5395 5407 5408 5410 5415 5427 5434 5435 5435 
1640895377.104710 5439 5444 5446 5448 5486 5491 5494 5499 5501 5505 5508 5517 5523 5567 5592 
1640895377.159869 ### RSSI: -63, 11, 1640052376 ,1918 
1640895378.111768 ### DEBUG: Ticks: 1932, 15, 0 
1640895378.112004 1640052377 c0:98:e5:42:00:29 5400 
1640895378.112136 4944 5001 5037 5043 5044 5048 5050 5058 5059 5060 5066 5068 5072 5072 5079 
1640895378.112394 5082 5083 5085 5110 5114 5117 5118 5126 5137 5147 5166 5179 5198 5238 5282 
1640895378.159838 ### RSSI: -65, 18, 1640052377 ,1933 
1640895379.108045 ### DEBUG: Ticks: 1948, 16, 0 
1640895379.108384 1640052378 c0:98:e5:42:00:29 5248 
1640895379.108592 4863 4874 4886 4891 4893 4896 4899 4902 4903 4914 4917 4919 4920 4933 4934 
1640895379.108836 4935 4935 4936 4949 4957 4962 4990 5000 5019 5042 5099 5114 5130 5192 5245 
1640895379.155342 ### RSSI: -74, 25, 1640052378 ,1949 
1640895380.103187 ### DEBUG: Ticks: 1964, 16, 0 
1640895380.103462 1640052379 c0:98:e5:42:00:29 5610 
1640895380.103691 5428 5437 5438 5445 5462 5478 5487 5498 5500 5508 5516 5521 5522 5540 5541 
1640895380.103863 5558 5559 5559 5561 5576 5577 5579 5595 5599 5605 5615 5654 5655 5838 6058 
1640895380.158594 ### RSSI: -61, 14, 1640052379 ,1964 
1640895381.100706 ### DEBUG: Ticks: 1979, 15, 0 
1640895381.101016 1640052380 c0:98:e5:42:00:29 5264 
1640895381.113472 4726 4779 4801 4804 4816 4824 4827 4829 4834 4835 4849 4854 4863 4877 4879 
1640895381.113789 4882 4883 4895 4902 4913 4913 4934 4936 4950 4969 4999 5015 5221 5272 5371 
1640895381.161744 ### RSSI: -65, 32, 1640052381 ,1980 
1640895382.109651 ### DEBUG: Ticks: 1995, 16, 0 
1640895382.109913 1640052381 c0:98:e5:42:00:29 4743 
1640895382.110118 4392 4420 4421 4428 4431 4435 4439 4443 4449 4450 4453 4457 4465 4466 4471 
1640895382.110285 4472 4474 4481 4496 4503 4504 4504 4517 4526 4527 4530 4534 4541 4543 4563 
1640895382.154080 ### RSSI: -72, 21, 1640052381 ,1996 
1640895383.111029 ### DEBUG: Ticks: 2010, 15, 0 
1640895383.111298 1640052382 c0:98:e5:42:00:29 4186 
1640895383.111484 3778 3819 3823 3836 3839 3845 3846 3851 3853 3854 3858 3861 3861 3867 3875 
1640895383.111765 3881 3892 3894 3896 3899 3910 3915 3921 3938 3944 3944 3948 3950 3962 4133 
1640895383.157752 ### RSSI: -67, 3, 1640052382 ,2011 
1640895384.104966 ### DEBUG: Ticks: 2026, 16, 0 
1640895384.105242 1640052383 c0:98:e5:42:00:29 3656 
1640895384.105439 3289 3312 3315 3321 3337 3342 3342 3343 3346 3348 3357 3366 3367 3374 3377 
1640895384.105659 3377 3379 3379 3384 3385 3388 3392 3394 3394 3398 3404 3409 3415 3484 3719 
1640895384.160765 ### RSSI: -69, 7, 1640052383 ,2027 
1640895384.917348  ,1964 
1640895384.917603 ### DEBUG: Ticks: 1979, 15, 0 
1640895384.917757 1640052380 c0:98:e5:42:00:29 5264 
1640895384.917917 4726 4779 4801 4804 4816 4824 4827 4829 4834 4835 4849 4854 4863 4877 4879 
1640895384.918098 4882 4883 4895 4902 4913 4913 4934 4936 4950 4969 4999 5015 5221 5272 5371 
1640895384.918258 ### RSSI: -65, 32, 1640052381 ,1980 
1640895384.918408 ### DEBUG: Ticks: 1995, 16, 0 
1640895384.918556 1640052381 c0:98:e5:42:00:29 4743 
1640895384.918714 4392 4420 4421 4428 4431 4435 4439 4443 4449 4450 4453 4457 4465 4466 4471 
1640895384.918863 4472 4474 4481 4496 4503 4504 4504 4517 4526 4527 4530 4534 4541 4543 4563 
1640895384.919012 ### RSSI: -72, 21, 1640052381 ,1996 
1640895384.919174 ### DEBUG: Ticks: 2010, 15, 0 
1640895384.919354 1640052382 c0:98:e5:42:00:29 4186 
1640895384.919503 3778 3819 3823 3836 3839 3845 3846 3851 3853 3854 3858 3861 3861 3867 3875 
1640895384.919771 3881 3892 3894 3896 3899 3910 3915 3921 3938 3944 3944 3948 3950 3962 4133 
1640895384.919949 ### RSSI: -67, 3, 1640052382 ,2011 
1640895384.920100 ### DEBUG: Ticks: 2026, 16, 0 
1640895384.920251 1640052383 c0:98:e5:42:00:29 3656 
1640895384.920414 3289 3312 3315 3321 3337 3342 3342 3343 3346 3348 3357 3366 3367 3374 3377 
1640895384.920566 3377 3379 3379 3384 3385 3388 3392 3394 3394 3398 3404 3409 3415 3484 3719 
1640895384.921378 ### RSSI: -69, 7, 1640052383 ,2027 
1640895384.930060 ### STOPPED, setting module to STOPPED
1640895384.931337 ### INFO: Switched Scheduler EUI from c0:98:e5:42:00:2c to 00:00:00:00:00:00
1640895385.157332 ### RSSI: -81, 19, 1640052384 ,2043 
1640895385.223026 ### INFO: SD card flushed!
1640895385.223325 ### DEBUG: BLE START SCANNING called
1640895386.157045 ### RSSI: -66, 23, 1640052385 ,2058 
1640895386.157333 ### DEBUG: BLE START SCANNING called
1640895386.337626 ### DEBUG: BLE START SCANNING called
1640895386.348033 ### DEBUG: BLE START SCANNING called
1640895386.359892 ### DEBUG: BLE START SCANNING called
1640895387.165522 ### RSSI: -62, 4, 1640052386 ,2074 
1640895387.166779 ### DEBUG: BLE START SCANNING called
1640895387.398537 ### DEBUG: BLE START SCANNING called
1640895387.445970 ### addr: c0:98:e5:42:00:29 
1640895387.446237 ### on_adv_report outer RSSI: -63, time:1640052386 
1640895387.446394 ### INFO: Discovered new device: c0:98:e5:42:00:29
1640895387.446580 ### INFO: Switched Scheduler EUI from 00:00:00:00:00:00 to c0:98:e5:42:00:2c
1640895387.446737 ### INFO: Starting the SquarePoint module...
1640895387.446906 ### INFO: Starting SquarePoint module as SCHEDULER with timestamp 1640052386
1640895387.447058 ### DEBUG: BLE STOP SCANNING called
1640895387.447219 ### INFO: SquarePoint module successfully started!
1640895387.571772 ### DEBUG: Ticks: 2080, 54, 0 
1640895388.153170 1640052387 ### RSSI: -65, 11, 1640052388 ,2089 
1640895389.155745 ### RSSI: -60, 17, 1640052389 ,2105 
1640895390.163061 ### RSSI: -62, 15, 1640052390 ,2121 
1640895390.572735 ### DEBUG: Ticks: 2127, 47, 0 
1640895391.153067 1640052390 ### RSSI: -64, 29, 1640052391 ,2136 
1640895391.669422 ### DEBUG: Ticks: 2144, 17, 0 
1640895391.669715 1640052391 c0:98:e5:42:00:29 1623 
1640895391.669906 1526 1545 1547 1551 1567 1571 1576 1583 1595 1611 1612 1613 1615 1618 1623 
1640895391.670094 1624 1625 1629 1632 1634 1634 1654 1657 1659 1669 1670 1673 1676 1677 2237 
1640895392.162946 ### RSSI: -56, 29, 1640052392 ,2152 
1640895392.674508 ### DEBUG: Ticks: 2160, 16, 0 
1640895392.674747 1640052392 c0:98:e5:42:00:29 2337 
1640895392.674875 1925 1927 1930 1946 1956 1960 1960 1969 1971 1972 1976 1976 1979 1993 2005 
1640895392.675003 2009 2010 2012 2018 2019 2023 2028 2028 2028 2031 2038 2044 2045 2056 2103 
1640895393.154686 ### RSSI: -68, 7, 1640052392 ,2167 
1640895393.669709 ### DEBUG: Ticks: 2175, 15, 0 
1640895393.669972 1640052393 c0:98:e5:42:00:29 2277 
1640895393.670109 1853 1886 1914 1926 1929 1932 1937 1937 1938 1943 1960 1962 1971 1974 1979 
1640895393.670274 1982 1983 1986 1990 1993 1996 2004 2006 2006 2007 2013 2015 2029 2036 2043 
1640895394.161850 ### RSSI: -55, 13, 1640052393 ,2183 
1640895394.673380 ### DEBUG: Ticks: 2191, 16, 0 
1640895394.673644 1640052394 c0:98:e5:42:00:29 2089 
1640895394.673817 1696 1697 1723 1732 1744 1747 1747 1754 1759 1774 1777 1784 1785 1794 1795 
1640895394.673985 1795 1798 1803 1804 1824 1824 1825 1826 1833 1840 1842 1848 1863 1865 1984 
1640895395.156358 ### RSSI: -58, 15, 1640052394 ,2199 
1640895395.668756 ### DEBUG: Ticks: 2207, 16, 0 
1640895395.669023 1640052395 c0:98:e5:42:00:29 1890 
1640895395.669221 1527 1536 1547 1557 1561 1565 1572 1573 1579 1581 1582 1586 1589 1604 1618 
1640895395.669453 1635 1641 1643 1644 1652 1654 1668 1669 1694 1696 1705 1711 1719 1729 1751 
1640895396.155796 ### RSSI: -60, 23, 1640052395 ,2214 
1640895396.667449 ### DEBUG: Ticks: 2222, 15, 0 
1640895396.667834 1640052396 c0:98:e5:42:00:29 1751 
1640895396.668034 1341 1387 1410 1417 1417 1428 1435 1453 1455 1464 1472 1474 1475 1478 1478 
1640895396.668223 1479 1480 1508 1521 1523 1537 1538 1561 1571 1591 1600 1616 1686 1720 1763 
1640895397.162591 ### RSSI: -70, 26, 1640052396 ,2230 
1640895397.666924 ### DEBUG: Ticks: 2238, 16, 0 
1640895397.667165 1640052397 c0:98:e5:42:00:29 1783 
1640895397.678019 1436 1448 1450 1462 1469 1475 1477 1478 1479 1480 1483 1485 1487 1490 1494 
1640895397.678300 1499 1512 1513 1543 1546 1547 1548 1554 1577 1583 1598 1610 1629 1629 1630 
1640895398.158293 ### RSSI: -59, 22, 1640052397 ,2246 
1640895398.672452 ### DEBUG: Ticks: 2254, 16, 0 
1640895398.672741 1640052398 c0:98:e5:42:00:29 1943 
1640895398.672932 1583 1614 1618 1620 1628 1629 1630 1633 1635 1639 1651 1652 1655 1660 1661 
1640895398.673097 1664 1664 1668 1672 1680 1702 1706 1730 1771 1771 1780 1789 1833 1846 1923 
1640895399.152855 ### RSSI: -75, 5, 1640052398 ,2261 
1640895399.670729 ### DEBUG: Ticks: 2269, 15, 0 
1640895399.670959 1640052399 c0:98:e5:42:00:29 2342 
1640895399.671168 2016 2020 2042 2049 2049 2058 2066 2071 2072 2076 2078 2084 2090 2103 2106 
1640895399.671328 2108 2108 2109 2113 2130 2154 2156 2172 2198 2204 2219 2236 2317 2457 2640 
1640895400.160175 ### RSSI: -53, 26, 1640052399 ,2277 
1640895400.672936 ### DEBUG: Ticks: 2285, 16, 0 
1640895400.673186 1640052400 c0:98:e5:42:00:29 2861 
1640895400.673364 2534 2539 2558 2559 2560 2567 2577 2581 2582 2583 2592 2593 2593 2607 2608 
1640895400.673508 2609 2612 2612 2615 2617 2631 2642 2643 2648 2653 2676 2691 2703 2709 2980 
1640895401.163768 ### RSSI: -55, 27, 1640052400 ,2292 
1640895401.667354 ### DEBUG: Ticks: 2300, 15, 0 
1640895401.667551 1640052401 c0:98:e5:42:00:29 3332 
1640895401.667709 3009 3011 3022 3037 3045 3046 3056 3062 3063 3063 3064 3069 3071 3076 3078 
1640895401.667838 3080 3081 3082 3090 3095 3096 3099 3113 3114 3122 3139 3145 3154 3163 3165 
1640895402.161478 ### RSSI: -60, 6, 1640052401 ,2308 
1640895402.674684 ### DEBUG: Ticks: 2316, 16, 0 
1640895402.674976 1640052402 c0:98:e5:42:00:29 3517 
1640895402.675171 3140 3153 3155 3155 3158 3163 3167 3168 3172 3176 3180 3181 3181 3182 3184 
1640895402.675357 3185 3187 3192 3196 3199 3216 3219 3221 3234 3242 3246 3251 3257 3258 3266 
1640895403.158679 ### RSSI: -78, 19, 1640052402 ,2324 
1640895403.668344 ### DEBUG: Ticks: 2332, 16, 0 
1640895403.669143 1640052403 c0:98:e5:42:00:29 3832 
1640895403.669337 3433 3451 3456 3457 3458 3463 3465 3485 3488 3490 3505 3515 3521 3524 3525 
1640895403.669488 3529 3529 3535 3546 3550 3558 3567 3576 3578 3579 3602 3609 3642 3662 0 
1640895404.162229 ### RSSI: -60, 19, 1640052403 ,2339 
1640895404.665942 ### DEBUG: Ticks: 2347, 15, 0 
1640895404.666151 1640052404 c0:98:e5:42:00:29 4322 
1640895404.666272 3927 3953 3973 3979 3989 3991 3991 3997 3998 4002 4017 4018 4025 4029 4032 
1640895404.666397 4052 4057 4061 4063 4075 4078 4079 4092 4097 4107 4108 4191 4202 4214 4244 
1640895405.162174 ### RSSI: -66, 26, 1640052405 ,2355 
1640895405.669505 ### DEBUG: Ticks: 2363, 16, 0 
1640895405.671502 1640052405 c0:98:e5:42:00:29 5066 
1640895405.675969 4679 4689 4696 4710 4736 4742 4744 4744 4747 4751 4754 4754 4765 4774 4781 
1640895405.679921 4785 4790 4795 4795 4799 4805 4819 4831 4835 4858 4863 4867 4869 5037 5087 
1640895406.158567 ### RSSI: -74, 7, 1640052406 ,2370 
1640895406.668411 ### DEBUG: Ticks: 2379, 16, 0 
1640895406.668604 1640052406 c0:98:e5:42:00:29 5455 
1640895406.668726 5029 5057 5074 5074 5075 5077 5090 5091 5093 5099 5110 5114 5129 5131 5138 
1640895406.668832 5138 5139 5139 5140 5142 5142 5146 5147 5165 5169 5180 5198 5220 5356 5396 
1640895407.153522 ### RSSI: -68, 26, 1640052407 ,2386 
1640895407.672302 ### DEBUG: Ticks: 2394, 15, 0 
1640895407.672527 1640052407 c0:98:e5:42:00:29 5601 
1640895407.672658 5110 5117 5122 5143 5147 5154 5165 5168 5181 5200 5201 5201 5202 5207 5210 
1640895407.672775 5212 5214 5216 5223 5224 5225 5226 5230 5237 5259 5295 5401 5485 5489 5530 
1640895408.153862 ### RSSI: -79, 34, 1640052408 ,2402 
1640895408.675109 ### DEBUG: Ticks: 2410, 16, 0 
1640895408.675416 1640052408 c0:98:e5:42:00:29 5445 
1640895408.675714 5028 5060 5071 5083 5084 5086 5089 5091 5092 5101 5101 5115 5119 5122 5128 
1640895408.675896 5130 5132 5133 5142 5144 5144 5144 5147 5155 5161 5168 5171 5179 5182 5293 
1640895409.161777 ### RSSI: -70, 2, 1640052409 ,2417 
1640895409.668493 ### DEBUG: Ticks: 2425, 15, 0 
1640895409.668680 1640052409 c0:98:e5:42:00:29 5589 
1640895409.668790 5215 5220 5224 5236 5249 5254 5258 5262 5263 5271 5272 5273 5275 5291 5292 
1640895409.668902 5299 5315 5341 5344 5346 5347 5349 5353 5360 5387 5392 5411 5610 5626 5687 
1640895410.155200 ### RSSI: -73, 9, 1640052410 ,2433 
1640895410.665685 ### DEBUG: Ticks: 2441, 16, 0 
1640895410.665975 1640052410 c0:98:e5:42:00:29 5657 
1640895410.680810 5238 5290 5291 5292 5301 5311 5312 5314 5318 5325 5326 5336 5337 5342 5347 
1640895410.681924 5376 5386 5391 5394 5399 5415 5425 5430 5443 5454 5477 5483 5566 5571 5618 
1640895411.159823 ### RSSI: -63, 33, 1640052411 ,2449 
1640895411.668015 ### DEBUG: Ticks: 2457, 16, 0 
1640895411.668238 1640052411 c0:98:e5:42:00:29 5620 
1640895411.668383 5230 5236 5238 5238 5239 5242 5247 5249 5251 5255 5266 5278 5279 5281 5294 
1640895411.668522 5300 5301 5309 5311 5316 5336 5336 5357 5360 5366 5375 5389 5394 5395 5619 
1640895412.161302 ### RSSI: -74, 22, 1640052412 ,2464 
1640895412.667501 ### DEBUG: Ticks: 2472, 15, 0 
1640895412.667827 1640052412 c0:98:e5:42:00:29 5436 
1640895412.667949 5005 5030 5042 5050 5054 5056 5060 5061 5064 5075 5075 5079 5083 5086 5088 
1640895412.668075 5088 5091 5091 5097 5109 5114 5117 5121 5129 5129 5155 5168 5273 5294 5303 
1640895413.157380 ### RSSI: -70, 31, 1640052413 ,2480 
1640895413.666710 ### DEBUG: Ticks: 2488, 16, 0 
1640895413.667037 1640052413 c0:98:e5:42:00:29 5243 
1640895413.667236 4738 4849 4854 4876 4882 4886 4891 4897 4901 4905 4907 4912 4912 4914 4919 
1640895413.667423 4921 4921 4921 4926 4929 4939 4946 4955 4961 5027 5033 5037 5046 5050 5094 
1640895414.159364 ### RSSI: -66, 26, 1640052414 ,2495 
1640895414.663887 ### DEBUG: Ticks: 2503, 15, 0 
1640895414.675934 1640052414 c0:98:e5:42:00:29 4973 
1640895414.676134 4591 4603 4604 4618 4619 4622 4625 4628 4636 4639 4640 4640 4641 4646 4657 
1640895414.676258 4658 4658 4658 4663 4667 4670 4673 4679 4694 4709 4713 4727 4734 4928 4938 
1640895415.153227 ### RSSI: -81, 29, 1640052415 ,2511 
1640895415.664753 ### ERROR: Failed reading SquarePoint packet length
1640895416.157222 ### RSSI: -63, 31, 1640052416 ,2527 
1640895417.155955 ### RSSI: -67, 20, 1640052417 ,2542 
1640895417.675772 ### DEBUG: Ticks: 2550, 47, 0 
1640895417.675996 1640052417 c0:98:e5:42:00:29 3449 
1640895417.676142 3094 3099 3104 3120 3124 3126 3127 3127 3128 3128 3136 3149 3167 3168 3173 
1640895417.676284 3177 3181 3181 3192 3195 3196 3201 3208 3223 3229 3233 3252 3255 3275 3374 
1640895418.159001 ### RSSI: -57, 32, 1640052417 ,2558 
1640895418.670772 ### DEBUG: Ticks: 2566, 16, 0 
1640895418.671160 1640052418 c0:98:e5:42:00:29 3286 
1640895418.671344 2949 2954 2974 2974 2979 2989 3001 3004 3005 3010 3016 3019 3019 3020 3020 
1640895418.671531 3025 3025 3037 3041 3044 3054 3058 3061 3073 3085 3088 3089 3096 3126 3281 
1640895419.153498 ### RSSI: -61, 34, 1640052418 ,2574 
1640895419.675633 ### DEBUG: Ticks: 2582, 16, 0 
1640895419.675842 1640052419 c0:98:e5:42:00:29 3112 
1640895419.675964 2735 2739 2746 2760 2764 2767 2770 2772 2775 2775 2782 2785 2786 2786 2792 
1640895419.676090 2792 2795 2796 2797 2797 2808 2822 2830 2833 2847 2851 2853 2854 2874 2917 
1640895420.154479 ### RSSI: -73, 19, 1640052419 ,2589 
1640895420.676371 ### DEBUG: Ticks: 2597, 15, 0 
1640895420.676617 1640052420 c0:98:e5:42:00:29 2930 
1640895420.676783 2557 2561 2565 2574 2575 2583 2596 2597 2600 2607 2614 2618 2622 2627 2629 
1640895420.676943 2630 2631 2636 2639 2642 2644 2645 2666 2668 2673 2676 2694 2695 2759 2786 
1640895421.159050 ### RSSI: -58, 1, 1640052420 ,2605 
1640895421.667233 ### DEBUG: Ticks: 2613, 16, 0 
1640895421.667494 1640052421 c0:98:e5:42:00:29 2526 
1640895421.678626 2166 2173 2176 2198 2199 2203 2204 2205 2205 2206 2207 2209 2213 2217 2225 
1640895421.678904 2232 2233 2233 2235 2241 2242 2242 2259 2264 2277 2297 2309 2371 2417 2433 
1640895422.151359 ### RSSI: -60, 27, 1640052421 ,2620 
1640895422.667179 ### DEBUG: Ticks: 2628, 15, 0 
1640895422.667461 1640052422 c0:98:e5:42:00:29 1905 
1640895422.667680 1543 1552 1559 1565 1567 1570 1576 1577 1595 1596 1597 1607 1608 1611 1612 
1640895422.667840 1616 1623 1631 1632 1637 1644 1645 1646 1647 1656 1661 1663 1665 1681 1719 
1640895423.155079 ### RSSI: -67, 5, 1640052422 ,2636 
1640895423.673990 ### DEBUG: Ticks: 2644, 16, 0 
1640895423.675337 1640052423 c0:98:e5:42:00:29 1631 
1640895423.677794 1262 1271 1280 1286 1290 1293 1302 1305 1312 1314 1315 1316 1327 1327 1333 
1640895423.680333 1337 1338 1343 1348 1348 1353 1374 1383 1391 1402 1403 1429 1448 1448 1532 
1640895424.155886 ### RSSI: -56, 7, 1640052423 ,2652 
1640895424.668594 ### DEBUG: Ticks: 2660, 16, 0 
1640895424.668848 1640052424 c0:98:e5:42:00:29 1868 
1640895424.669014 1465 1499 1500 1501 1506 1506 1510 1512 1513 1515 1516 1518 1522 1523 1528 
1640895424.669173 1531 1531 1548 1549 1551 1564 1567 1574 1578 1578 1587 1597 1600 1626 1676 
1640895425.258725 ### RSSI: -61, 27, 1640052424 ,2669 
1640895425.666079 ### DEBUG: Ticks: 2675, 15, 0 
1640895425.666313 1640052425 c0:98:e5:42:00:29 2335 
1640895425.678307 1883 1945 1948 1953 1970 1976 1980 1981 1992 1994 1995 1995 2000 2009 2010 
1640895425.678568 2012 2020 2026 2026 2028 2028 2037 2043 2043 2048 2063 2069 2072 2117 2141 
1640895426.257687 ### RSSI: -63, 18, 1640052425 ,2684 
1640895426.670233 ### DEBUG: Ticks: 2691, 16, 0 
1640895426.670491 1640052426 c0:98:e5:42:00:29 2402 
1640895426.670648 2076 2088 2091 2097 2098 2105 2108 2109 2115 2115 2116 2120 2123 2129 2132 
1640895426.670828 2146 2147 2147 2148 2156 2165 2166 2173 2175 2176 2178 2190 2190 2194 2265 
1640895427.252572 ### RSSI: -63, 16, 1640052427 ,2700 
1640895427.672508 ### DEBUG: Ticks: 2707, 16, 0 
1640895427.672794 1640052427 c0:98:e5:42:00:29 2391 
1640895427.672990 1981 2020 2031 2034 2037 2039 2057 2059 2061 2065 2066 2068 2073 2079 2087 
1640895427.673195 2088 2091 2093 2108 2108 2112 2112 2113 2117 2120 2125 2126 2130 2149 2187 
1640895428.027403 ### INFO: SD card flushed!
1640895428.254135 ### RSSI: -65, 31, 1640052428 ,2716 
1640895428.663888 ### ERROR: Failed reading SquarePoint packet length
1640895429.253355 ### RSSI: -62, 35, 1640052429 ,2731 
1640895430.252330 ### RSSI: -55, 5, 1640052430 ,2747 
1640895430.676004 ### DEBUG: Ticks: 2753, 46, 0 
1640895430.676261 1640052430 c0:98:e5:42:00:29 1779 
1640895430.676419 1413 1421 1434 1440 1445 1447 1457 1459 1459 1460 1467 1468 1478 1480 1481 
1640895430.676602 1486 1488 1494 1495 1500 1505 1510 1513 1514 1521 1528 1600 1622 1631 1641 
1640895431.250905 ### RSSI: -57, 25, 1640052431 ,2763 
1640895431.668574 ### DEBUG: Ticks: 2769, 16, 0 
1640895431.668837 1640052431 c0:98:e5:42:00:29 1765 
1640895431.669044 1408 1410 1412 1432 1439 1440 1447 1451 1453 1454 1457 1458 1469 1471 1493 
1640895431.669204 1495 1503 1508 1515 1527 1531 1564 1571 1585 1596 1599 1605 1610 1621 1637 
1640895432.259176 ### RSSI: -64, 9, 1640052432 ,2778 
1640895432.667803 ### DEBUG: Ticks: 2785, 16, 0 
1640895432.668053 1640052432 c0:98:e5:42:00:29 2066 
1640895432.668219 1690 1705 1717 1727 1733 1736 1748 1750 1750 1750 1760 1761 1762 1764 1773 
1640895432.668379 1779 1781 1805 1811 1820 1828 1841 1868 1881 1890 1904 1909 1912 1915 1918 
1640895433.253222 ### RSSI: -62, 1, 1640052433 ,2794 
1640895433.674519 ### DEBUG: Ticks: 2800, 15, 0 
1640895433.674780 1640052433 c0:98:e5:42:00:29 2554 
1640895433.674945 2175 2190 2199 2203 2207 2208 2223 2228 2235 2240 2243 2244 2258 2268 2273 
1640895433.675105 2274 2275 2281 2291 2292 2298 2320 2337 2358 2376 2380 2385 2403 2405 2434 
1640895434.261334 ### RSSI: -77, 32, 1640052434 ,2809 
1640895434.676214 ### DEBUG: Ticks: 2816, 16, 0 
1640895434.677308 1640052434 c0:98:e5:42:00:29 3175 
1640895434.679825 2772 2805 2852 2863 2870 2870 2880 2885 2900 2901 2903 2906 2910 2914 2914 
1640895434.680957 2916 2917 2935 2935 2936 2950 2952 2988 2988 2993 3001 3010 3012 3059 3368 
1640895435.255651 ### RSSI: -56, 2, 1640052435 ,2825 
1640895435.670036 ### DEBUG: Ticks: 2831, 15, 0 
1640895435.670323 1640052435 c0:98:e5:42:00:29 3529 
1640895435.670514 3189 3190 3201 3207 3214 3221 3223 3226 3227 3233 3233 3234 3240 3241 3241 
1640895435.670701 3243 3245 3247 3258 3265 3277 3285 3286 3286 3290 3292 3349 3357 3362 3416 
1640895436.251473 ### RSSI: -53, 10, 1640052436 ,2841 
1640895436.675210 ### DEBUG: Ticks: 2847, 16, 0 
1640895436.675412 1640052436 c0:98:e5:42:00:29 3573 
1640895436.675544 3206 3210 3212 3217 3225 3229 3235 3237 3249 3254 3255 3255 3262 3271 3275 
1640895436.675727 3278 3287 3298 3300 3304 3305 3306 3309 3323 3324 3326 3357 3379 3384 3628 
1640895437.260619 ### RSSI: -62, 20, 1640052437 ,2856 
1640895437.669160 ### DEBUG: Ticks: 2863, 16, 0 
1640895437.669390 1640052437 c0:98:e5:42:00:29 3787 
1640895437.669528 3409 3417 3419 3420 3421 3422 3452 3453 3457 3462 3465 3466 3474 3476 3481 
1640895437.669719 3487 3488 3492 3506 3526 3540 3544 3547 3572 3589 3592 3598 3612 3839 3903 
1640895438.249730 ### RSSI: -61, 32, 1640052438 ,2872 
1640895438.673532 ### DEBUG: Ticks: 2878, 15, 0 
1640895438.673794 1640052438 c0:98:e5:42:00:29 4030 
1640895438.673994 3625 3627 3648 3663 3666 3671 3674 3678 3699 3700 3700 3702 3703 3710 3711 
1640895438.674136 3715 3715 3726 3727 3728 3732 3742 3751 3756 3768 3773 3774 3790 3900 3930 
1640895439.250794 ### RSSI: -57, 36, 1640052439 ,2887 
1640895439.672508 ### DEBUG: Ticks: 2894, 16, 0 
1640895439.672805 1640052439 c0:98:e5:42:00:29 4480 
1640895439.672972 4069 4082 4098 4101 4107 4107 4126 4129 4130 4139 4140 4141 4143 4149 4158 
1640895439.673132 4160 4160 4168 4169 4181 4183 4191 4198 4203 4203 4205 4234 4257 4369 4370 
1640895440.252115 ### RSSI: -60, 31, 1640052440 ,2903 
1640895440.675249 ### DEBUG: Ticks: 2910, 16, 0 
1640895440.675497 1640052440 c0:98:e5:42:00:29 5068 
1640895440.675732 4662 4667 4669 4680 4685 4699 4701 4704 4708 4709 4721 4721 4723 4729 4731 
1640895440.675896 4733 4737 4738 4750 4757 4765 4768 4776 4783 4783 4792 4797 4831 4962 5002 
1640895441.254354 ### RSSI: -79, 30, 1640052440 ,2919 
1640895441.666937 ### ERROR: Failed reading SquarePoint packet length
1640895442.255318 ### RSSI: -70, 0, 1640052441 ,2934 
1640895443.255923 ### RSSI: -64, 32, 1640052442 ,2950 
1640895483.514902 
1640895483.515197 ----------------------------------------------
1640895483.515379 ### WARNING: Chip experienced a reset with reason 2
1640895483.515566 ### INFO: Bluetooth address: c0:98:e5:42:00:2c
1640895483.515816 ### DEBUG: Time is 00:00:00, 2000/00/00
1640895483.516023 ### INFO: Time is 00:00:00, 2000/00/00
1640895483.516215 ### INFO: Initializing SD Card...
1640895486.440391 ### INFO: Connecting to the SquarePoint module...
1640895486.440645 ### INFO: SquarePoint module connection successful
1640895486.453058 ### INFO: Battery voltage currently 4070 mV
1640895486.530674 ### INFO: SD card flushed!
1640895486.553173 ### INFO: SD card flushed!
1640895486.553470 ### DEBUG: BLE START SCANNING called
1640895487.201467 ### DEBUG: Ticks: 69, 69, 0 
1640895487.201809 1640049443 c0:98:e5:42:00:29 3502 
1640895487.201992 3029 3067 3082 3093 3096 3101 3107 3110 3110 3111 3129 3132 3138 3140 3141 
1640895487.202178 3151 3157 3164 3167 3167 3168 3170 3177 3184 3187 3190 3192 3222 3248 3549 
1640895487.202424 ### INFO: Switched Scheduler EUI from 00:00:00:00:00:00 to c0:98:e5:42:00:2c
1640895487.202606 ### DEBUG: BLE STOP SCANNING called
1640895487.441182 ### DEBUG: BLE START SCANNING called
1640895488.199792 ### DEBUG: Ticks: 85, 16, 0 
1640895488.199993 1640049444 c0:98:e5:42:00:29 3460 
1640895488.200116 3054 3061 3064 3073 3075 3080 3084 3087 3087 3092 3092 3094 3096 3096 3097 
1640895488.200233 3097 3099 3103 3104 3106 3108 3121 3131 3147 3157 3178 3187 3206 3283 3307 
1640895488.539995 ### addr: c0:98:e5:42:00:29 
1640895488.540272 ### on_adv_report outer RSSI: -80, time:1640049445 
1640895488.540430 ### INFO: Discovered new device: c0:98:e5:42:00:29
1640895488.540579 ### DEBUG: connected? already connected
1640895488.540761 ### DEBUG: BLE START SCANNING called
1640895488.595093 ### BLE EVENT: 16, INFO: BLE CONNECTED!
1640895488.595384 ### DEBUG: BLE START SCANNING called
1640895488.595564 ### RSSI: -66, 36, 1640049445 ,91 
1640895488.595796 ### DEBUG: BLE START SCANNING called
1640895488.692778 ### RSSI: -82, 28, 1640049445 ,93 
1640895488.693040 ### DEBUG: BLE START SCANNING called
1640895488.792304 ### RSSI: -63, 5, 1640049445 ,94 
1640895488.803174 ### DEBUG: BLE START SCANNING called
1640895488.900998 ### RSSI: -70, 24, 1640049445 ,96 
1640895488.901252 ### DEBUG: BLE START SCANNING called
1640895489.004344 ### RSSI: -63, 7, 1640049445 ,97 
1640895489.004739 ### DEBUG: BLE START SCANNING called
1640895489.103459 ### RSSI: -77, 10, 1640049445 ,99 
1640895489.103808 ### DEBUG: BLE START SCANNING called
1640895489.202772 ### RSSI: -72, 11, 1640049445 ,101 
1640895489.203119 ### DEBUG: Ticks: 101, 16, 1 
1640895489.203328 1640049445 c0:98:e5:42:00:29 3346 
1640895489.203517 2960 2982 2984 2988 2988 2990 2996 2999 2999 3000 3011 3014 3018 3021 3022 
1640895489.203773 3023 3025 3026 3032 3034 3052 3055 3068 3078 3082 3083 3096 3113 3179 3228 
1640895489.203975 ### DEBUG: BLE START SCANNING called
1640895489.302912 ### RSSI: -70, 13, 1640049445 ,102 
1640895489.305883 ### DEBUG: BLE START SCANNING called
1640895489.401569 ### RSSI: -76, 27, 1640049445 ,104 
1640895489.401804 ### DEBUG: BLE START SCANNING called
1640895489.445413 ### DEBUG: BLE START SCANNING called
1640895489.500711 ### RSSI: -75, 13, 1640049446 ,105 
1640895489.500904 ### DEBUG: BLE START SCANNING called
1640895489.601429 ### RSSI: -72, 19, 1640049446 ,107 
1640895489.601631 ### DEBUG: BLE START SCANNING called
1640895489.700071 ### RSSI: -60, 25, 1640049446 ,108 
1640895489.700370 ### DEBUG: BLE START SCANNING called
1640895489.801384 ### RSSI: -63, 0, 1640049446 ,110 
1640895489.803029 ### DEBUG: BLE START SCANNING called
1640895489.896810 ### RSSI: -69, 27, 1640049446 ,111 
1640895489.897120 ### DEBUG: BLE START SCANNING called
1640895489.996174 ### RSSI: -66, 34, 1640049446 ,113 
1640895489.998437 ### DEBUG: BLE START SCANNING called
1640895490.092345 ### RSSI: -58, 31, 1640049446 ,115 
1640895490.105218 ### DEBUG: BLE START SCANNING called
1640895490.203825 ### RSSI: -61, 24, 1640049446 ,116 
1640895490.205069 ### DEBUG: Ticks: 116, 15, 1 
1640895490.205296 1640049446 c0:98:e5:42:00:29 2870 
1640895490.205444 2510 2547 2571 2581 2592 2592 2595 2596 2607 2611 2620 2624 2627 2629 2629 
1640895490.205586 2630 2635 2637 2639 2639 2645 2648 2652 2657 2680 2683 2687 2711 2715 3190 
1640895490.205728 ### DEBUG: BLE START SCANNING called
1640895490.440592 ### DEBUG: BLE START SCANNING called
1640895491.205578 ### RSSI: -75, 7, 1640049447 ,132 
1640895491.205873 ### DEBUG: Ticks: 132, 16, 1 
1640895491.206056 1640049447 c0:98:e5:42:00:29 2554 
1640895491.206281 2210 2246 2251 2257 2259 2261 2263 2276 2276 2278 2279 2281 2282 2282 2289 
1640895491.206471 2294 2296 2300 2303 2307 2314 2314 2319 2342 2342 2351 2360 2374 2425 2465 
1640895491.206648 ### DEBUG: BLE START SCANNING called
1640895491.446261 ### DEBUG: BLE START SCANNING called
1640895492.196586 ### RSSI: -63, 6, 1640049448 ,147 
1640895492.206712 ### DEBUG: Ticks: 147, 15, 1 
1640895492.206887 1640049448 c0:98:e5:42:00:29 2370 
1640895492.206991 1937 1944 1951 1962 1972 1990 1990 1994 1997 2007 2007 2008 2009 2011 2014 
1640895492.207249 2014 2020 2034 2041 2060 2061 2064 2071 2074 2078 2086 2094 2105 2115 2172 
1640895492.207360 ### DEBUG: BLE START SCANNING called
