1640495613.719928 ###RTT Client: ************************************************************ 
1640495613.720164 ###RTT Client: *               SEGGER Microcontroller GmbH                * 
1640495613.720243 ###RTT Client: *   Solutions for real time microcontroller applications   * 
1640495613.720319 ###RTT Client: ************************************************************ 
1640495613.720395 ###RTT Client: *                                                          * 
1640495613.720471 ###RTT Client: *       (c) 2012 - 2016  SEGGER Microcontroller GmbH       * 
1640495613.720546 ###RTT Client: *                                                          * 
1640495613.720621 ###RTT Client: *     www.segger.com     Support: support@segger.com       * 
1640495613.720696 ###RTT Client: *                                                          * 
1640495613.720772 ###RTT Client: ************************************************************ 
1640495613.720847 ###RTT Client: *                                                          * 
1640495613.720924 ###RTT Client: * SEGGER J-Link RTT Client   Compiled Jan 30 2018 18:46:58 * 
1640495613.720999 ###RTT Client: *                                                          * 
1640495613.721074 ###RTT Client: ************************************************************ 
1640495613.721149 
1640495613.721224 ###RTT Client: -----------------------------------------------
1640495613.721300 ###RTT Client: Connecting to J-Link RTT Server via localhost:9201  Connected.
1640495613.721375 SEGGER J-Link V6.30 - Real time terminal output
1640495613.721449 J-Link EDU Mini V1 compiled Oct  2 2020 17:00:40 V1.0, SN=801021851
1640495613.721525 Process: JLinkExe
1640495613.721600 2292 2296 2336 2344 2345 2356 2356 2366 2370 2374 2382 2385 2386 2400 2407 
1640495613.721675 2408 2410 2411 2411 2415 2417 2418 2419 2426 2436 2437 2447 2465 2468 2473 
1640495613.721751 ### RSSI: -57, 16, 1640049526 ,1617 
1640495613.721825 ### DEBUG: Ticks: 1624, 16, 1 
1640495613.721900 1640049527 c0:98:e5:42:00:29 2522 
1640495613.721976 2206 2237 2278 2278 2289 2293 2310 2313 2315 2321 2321 2323 2332 2332 2340 
1640495613.722051 2350 2353 2354 2355 2358 2360 2366 2377 2378 2380 2383 2393 2420 2434 2436 
1640495613.722127 ### RSSI: -60, 19, 1640049527 ,1632 
1640495613.722202 ### DEBUG: Ticks: 1640, 16, 1 
1640495613.722277 1640049528 c0:98:e5:42:00:29 2641 
1640495613.722354 2437 2509 2510 2544 2545 2551 2556 2557 2566 2570 2578 2578 2579 2585 2590 
1640495613.722429 2603 2604 2604 2605 2607 2607 2609 2611 2612 2615 2643 2645 2667 2685 2688 
1640495613.722505 ### RSSI: -66, 4, 1640049528 ,1648 
1640495613.722581 ### DEBUG: Ticks: 1655, 15, 1 
1640495613.722656 1640049529 c0:98:e5:42:00:29 2503 
1640495613.722732 2248 2277 2287 2298 2317 2318 2318 2319 2320 2328 2329 2335 2337 2346 2347 
1640495613.722805 2350 2359 2360 2365 2369 2371 2376 2377 2377 2378 2396 2417 2421 2448 2454 
1640495613.722882 ### RSSI: -60, 19, 1640049529 ,1664 
1640495613.722956 ### DEBUG: Ticks: 1671, 16, 1 
1640495613.723031 1640049530 c0:98:e5:42:00:29 2510 
1640495613.723106 2212 2224 2261 2263 2268 2272 2283 2286 2288 2290 2296 2297 2298 2307 2318 
1640495613.723182 2320 2324 2327 2331 2331 2337 2339 2340 2347 2348 2353 2361 2396 2410 2425 
1640495613.723257 ### RSSI: -57, 12, 1640049530 ,1679 
1640495613.723333 ### DEBUG: Ticks: 1686, 15, 1 
1640495613.723407 1640049531 c0:98:e5:42:00:29 2527 
1640495613.723483 2202 2261 2287 2302 2309 2316 2318 2326 2328 2329 2335 2335 2340 2346 2355 
1640495613.723558 2356 2364 2372 2376 2376 2381 2381 2388 2398 2405 2406 2406 2410 2453 2459 
1640495613.723674 ### INFO: SD card flushed!
1640495613.723752 ### RSSI: -57, 15, 1640049532 ,1695 
1640495613.723827 ### DEBUG: Ticks: 1702, 16, 1 
1640495613.723903 1640049532 c0:98:e5:42:00:29 2481 
1640495613.723978 2203 2253 2277 2301 2308 2308 2310 2314 2316 2317 2325 2332 2334 2339 2341 
1640495613.724053 2342 2344 2346 2349 2349 2351 2352 2369 2380 2384 2389 2390 2427 2435 2448 
1640495613.724129 ### RSSI: -61, 27, 1640049533 ,1711 
1640495613.724205 ### DEBUG: Ticks: 1718, 16, 1 
1640495613.724281 1640049533 c0:98:e5:42:00:29 2534 
1640495613.724357 2321 2330 2354 2373 2375 2380 2381 2383 2393 2393 2397 2399 2415 2418 2422 
1640495613.724432 2423 2425 2433 2433 2435 2437 2440 2452 2457 2458 2463 2472 2487 2491 2499 
1640495613.724507 ### RSSI: -64, 30, 1640049534 ,1726 
1640495613.724582 ### DEBUG: Ticks: 1733, 15, 1 
1640495613.724656 1640049534 c0:98:e5:42:00:29 2571 
1640495613.724732 2320 2382 2405 2415 2418 2422 2426 2436 2436 2448 2453 2454 2469 2471 2474 
1640495613.724807 2474 2476 2480 2485 2488 2489 2491 2496 2497 2501 2508 2516 2531 2546 2550 
1640495613.724882 ### RSSI: -63, 24, 1640049535 ,1742 
1640495613.724958 ### DEBUG: Ticks: 1749, 16, 1 
1640495613.725034 1640049535 c0:98:e5:42:00:29 2549 
1640495613.725109 2308 2345 2345 2353 2370 2378 2380 2389 2389 2395 2398 2406 2414 2416 2426 
1640495613.725184 2428 2432 2433 2436 2438 2449 2449 2449 2452 2456 2466 2478 2488 2494 2504 
1640495613.725259 ### RSSI: -62, 28, 1640049536 ,1757 
1640495613.725335 ### DEBUG: Ticks: 1765, 16, 1 
1640495613.725409 1640049536 c0:98:e5:42:00:29 2522 
1640495613.725485 2211 2273 2306 2309 2311 2325 2332 2338 2343 2349 2349 2350 2357 2368 2377 
1640495613.725561 2378 2381 2388 2389 2389 2390 2396 2400 2401 2403 2405 2407 2423 2430 2438 
1640495613.725637 ### RSSI: -60, 25, 1640049537 ,1773 
1640495613.725712 ### DEBUG: Ticks: 1780, 15, 1 
1640495613.725786 1640049537 c0:98:e5:42:00:29 2523 
1640495613.725860 2225 2239 2248 2281 2297 2310 2316 2318 2319 2321 2326 2334 2335 2339 2344 
1640495613.725935 2345 2345 2354 2357 2361 2361 2362 2369 2388 2388 2389 2392 2393 2416 2417 
1640495613.726012 ### RSSI: -56, 13, 1640049538 ,1789 
1640495613.726087 ### DEBUG: Ticks: 1796, 16, 1 
1640495613.726162 1640049538 c0:98:e5:42:00:29 2572 
1640495613.726237 2297 2322 2338 2347 2361 2362 2366 2369 2379 2381 2385 2386 2394 2395 2399 
1640495613.726312 2402 2406 2407 2414 2420 2426 2428 2433 2438 2438 2441 2446 2481 2483 2485 
1640495613.726388 ### RSSI: -62, 2, 1640049539 ,1804 
1640495613.726462 ### DEBUG: Ticks: 1811, 15, 1 
1640495613.726537 1640049539 c0:98:e5:42:00:29 2507 
1640495613.726612 2272 2283 2289 2311 2331 2337 2342 2351 2353 2357 2357 2363 2371 2371 2373 
1640495613.726687 2377 2380 2382 2386 2388 2391 2391 2400 2400 2406 2420 2423 2439 2450 2454 
1640495613.726762 ### RSSI: -57, 17, 1640049540 ,1820 
1640495613.726837 ### DEBUG: Ticks: 1827, 16, 1 
1640495613.726913 1640049540 c0:98:e5:42:00:29 2525 
1640495613.726988 2286 2317 2317 2317 2348 2358 2359 2362 2367 2369 2371 2379 2380 2381 2382 
1640495613.727067 2387 2388 2396 2397 2403 2407 2410 2419 2424 2426 2434 2437 2457 2482 2495 
1640495613.727141 ### RSSI: -71, 5, 1640049541 ,1835 
1640495613.727217 ### DEBUG: Ticks: 1843, 16, 1 
1640495613.727292 1640049541 c0:98:e5:42:00:29 2514 
1640495613.727367 2267 2307 2311 2334 2346 2347 2365 2365 2373 2374 2378 2379 2380 2396 2402 
1640495613.727443 2403 2405 2406 2407 2408 2409 2411 2413 2430 2430 2435 2441 2442 2456 2466 
1640495613.727519 ### RSSI: -63, 9, 1640049542 ,1851 
1640495613.727628 ### DEBUG: Ticks: 1858, 15, 1 
1640495613.727703 1640049542 c0:98:e5:42:00:29 2547 
1640495613.727781 2308 2334 2351 2370 2385 2387 2390 2396 2397 2403 2418 2419 2424 2424 2425 
1640495613.727857 2426 2426 2430 2432 2433 2442 2448 2454 2463 2470 2474 2478 2490 2501 2510 
1640495613.727931 ### RSSI: -58, 15, 1640049543 ,1867 
1640495613.728006 ### DEBUG: Ticks: 1874, 16, 1 
1640495613.728081 1640049543 c0:98:e5:42:00:29 2529 
1640495613.728158 2270 2329 2339 2340 2350 2350 2354 2357 2357 2358 2374 2384 2386 2387 2389 
1640495613.728232 2392 2393 2402 2403 2404 2404 2407 2409 2414 2415 2426 2440 2452 2478 2492 
1640495613.728307 ### RSSI: -75, 6, 1640049544 ,1882 
1640495613.728383 ### DEBUG: Ticks: 1890, 16, 1 
1640495613.728457 1640049544 c0:98:e5:42:00:29 2528 
1640495613.728532 2287 2319 2326 2331 2336 2337 2348 2351 2368 2370 2374 2375 2388 2391 2396 
1640495613.728607 2398 2399 2404 2404 2405 2409 2414 2422 2425 2437 2451 2467 2486 2513 0 
1640495613.728681 ### RSSI: -62, 28, 1640049544 ,1898 
1640495613.728755 ### DEBUG: Ticks: 1905, 15, 1 
1640495613.728833 1640049545 c0:98:e5:42:00:29 2540 
1640495613.728909 2292 2320 2339 2344 2349 2354 2357 2370 2371 2372 2382 2387 2392 2397 2399 
1640495613.728984 2404 2407 2410 2412 2414 2415 2417 2418 2430 2433 2435 2450 2474 2477 2512 
1640495613.729060 ### RSSI: -69, 35, 1640049545 ,1914 
1640495613.729134 ### DEBUG: Ticks: 1921, 16, 1 
1640495613.729209 1640049546 c0:98:e5:42:00:29 2548 
1640495613.729283 2276 2308 2309 2327 2342 2345 2362 2362 2365 2367 2369 2371 2380 2384 2390 
1640495613.729358 2397 2397 2400 2401 2402 2402 2412 2414 2416 2429 2431 2452 2463 2476 2476 
1640495613.729433 ### RSSI: -74, 6, 1640049546 ,1929 
1640495613.729508 ### DEBUG: Ticks: 1936, 15, 1 
1640495613.729583 1640049547 c0:98:e5:42:00:29 2558 
1640495613.729659 2322 2329 2347 2355 2370 2370 2380 2386 2387 2390 2407 2410 2413 2415 2425 
1640495613.729734 2426 2432 2438 2439 2440 2443 2444 2448 2448 2450 2467 2472 2506 2521 2541 
1640495613.729809 ### RSSI: -60, 25, 1640049547 ,1945 
1640495613.729883 ### DEBUG: Ticks: 1952, 16, 1 
1640495613.729958 1640049548 c0:98:e5:42:00:29 2493 
1640495613.730033 2229 2256 2293 2298 2298 2310 2315 2316 2319 2319 2320 2327 2330 2334 2335 
1640495613.730109 2341 2352 2352 2354 2358 2360 2368 2372 2379 2380 2392 2395 2416 2422 2442 
1640495613.730185 ### RSSI: -57, 13, 1640049548 ,1960 
1640495613.730259 ### DEBUG: Ticks: 1968, 16, 1 
1640495613.730334 1640049549 c0:98:e5:42:00:29 2569 
1640495613.730410 2342 2360 2362 2373 2380 2391 2403 2409 2410 2414 2415 2418 2421 2423 2424 
1640495613.730485 2434 2435 2439 2440 2445 2454 2462 2465 2466 2479 2485 2491 2492 2503 2528 
1640495613.730561 ### RSSI: -60, 26, 1640049549 ,1976 
1640495613.730636 ### DEBUG: Ticks: 1983, 15, 1 
1640495613.730711 1640049550 c0:98:e5:42:00:29 2555 
1640495613.730787 2241 2314 2335 2345 2347 2354 2356 2361 2368 2373 2378 2380 2385 2387 2401 
1640495613.730862 2408 2410 2417 2420 2420 2422 2422 2422 2429 2434 2443 2450 2471 2471 2474 
1640495613.730937 ### RSSI: -60, 27, 1640049550 ,1992 
1640495613.731011 ### DEBUG: Ticks: 1999, 16, 1 
1640495613.731086 1640049551 c0:98:e5:42:00:29 2523 
1640495613.731161 2243 2287 2302 2317 2321 2322 2333 2338 2341 2347 2348 2359 2361 2365 2366 
1640495613.731237 2369 2369 2391 2393 2394 2395 2395 2396 2409 2426 2431 2433 2461 2475 2492 
1640495613.731312 ### RSSI: -60, 1, 1640049551 ,2007 
1640495613.731388 ### DEBUG: Ticks: 2015, 16, 1 
1640495613.731462 1640049552 c0:98:e5:42:00:29 2542 
1640495613.731537 2264 2311 2342 2347 2353 2360 2365 2367 2385 2387 2388 2393 2394 2395 2396 
1640495613.731675 2399 2407 2408 2409 2410 2410 2411 2423 2429 2432 2434 2453 2460 2491 2496 
1640495613.731752 ### RSSI: -62, 25, 1640049552 ,2023 
1640495613.731846 ### DEBUG: Ticks: 2030, 15, 1 
1640495613.731916 1640049553 c0:98:e5:42:00:29 2532 
1640495613.731987 2242 2305 2320 2325 2325 2333 2336 2342 2345 2350 2355 2359 2370 2375 2377 
1640495613.732058 2379 2380 2380 2381 2385 2388 2391 2394 2395 2402 2413 2420 2424 2437 2443 
1640495613.732129 ### RSSI: -60, 23, 1640049553 ,2039 
1640495613.732198 ### DEBUG: Ticks: 2046, 16, 1 
1640495613.732268 1640049554 c0:98:e5:42:00:29 2526 
1640495613.732339 2282 2332 2343 2362 2366 2368 2369 2373 2384 2386 2391 2396 2400 2409 2412 
1640495613.732410 2415 2419 2422 2426 2427 2429 2431 2439 2439 2451 2455 2461 2476 2500 2502 
1640495613.732481 ### RSSI: -64, 36, 1640049554 ,2054 
1640495613.732562 ### DEBUG: Ticks: 2061, 15, 1 
1640495613.732639 1640049555 c0:98:e5:42:00:29 2491 
1640495613.732710 2244 2272 2276 2283 2309 2318 2326 2328 2329 2337 2337 2343 2351 2352 2354 
1640495613.732791 2355 2359 2360 2361 2363 2371 2375 2387 2390 2396 2401 2421 2428 2444 2452 
1640495613.732861 ### RSSI: -57, 14, 1640049556 ,2070 
1640495613.732932 ### DEBUG: Ticks: 2077, 16, 1 
1640495613.733020 1640049556 c0:98:e5:42:00:29 2544 
1640495613.733091 2233 2309 2328 2335 2345 2348 2357 2358 2360 2372 2375 2379 2390 2393 2394 
1640495613.733161 2397 2399 2405 2409 2409 2412 2415 2416 2422 2422 2432 2432 2433 2482 2487 
1640495613.733232 ### RSSI: -70, 7, 1640049557 ,2085 
1640495613.733404 ### DEBUG: Ticks: 2093, 16, 1 
1640495613.733476 1640049557 c0:98:e5:42:00:29 2574 
1640495613.733547 2325 2331 2356 2370 2384 2394 2395 2395 2409 2415 2420 2425 2427 2427 2428 
1640495613.733618 2433 2441 2450 2451 2454 2455 2455 2462 2470 2472 2477 2496 2497 2513 2542 
1640495613.733699 ### RSSI: -62, 0, 1640049558 ,2101 
1640495613.733770 ### DEBUG: Ticks: 2108, 15, 1 
1640495613.733847 1640049558 c0:98:e5:42:00:29 2479 
1640495613.733919 2174 2252 2259 2265 2276 2284 2285 2289 2292 2295 2305 2307 2314 2317 2323 
1640495613.733990 2326 2333 2334 2335 2337 2341 2342 2343 2351 2353 2368 2371 2385 2395 2416 
1640495613.734068 ### RSSI: -66, 4, 1640049559 ,2117 
1640495613.734138 ### DEBUG: Ticks: 2124, 16, 1 
1640495613.734216 1640049559 c0:98:e5:42:00:29 2507 
1640495613.734286 2276 2321 2330 2338 2342 2347 2351 2354 2375 2381 2382 2383 2385 2386 2389 
1640495613.734423 2397 2399 2400 2401 2411 2412 2413 2417 2421 2432 2435 2436 2475 2480 2484 
1640495613.734495 ### RSSI: -63, 31, 1640049560 ,2132 
1640495613.734566 ### DEBUG: Ticks: 2139, 15, 1 
1640495613.734644 1640049560 c0:98:e5:42:00:29 2572 
1640495613.734715 2350 2352 2385 2407 2410 2413 2437 2439 2442 2444 2447 2450 2471 2473 2475 
1640495613.734793 2477 2478 2482 2482 2486 2492 2502 2505 2505 2507 2511 2516 2528 2539 2547 
1640495613.734864 ### RSSI: -62, 3, 1640049561 ,2148 
1640495613.734941 ### DEBUG: Ticks: 2155, 16, 1 
1640495613.735012 1640049561 c0:98:e5:42:00:29 2486 
1640495613.735083 2203 2204 2242 2265 2276 2280 2286 2287 2305 2306 2307 2314 2314 2315 2323 
1640495613.735161 2323 2325 2337 2342 2344 2345 2350 2358 2358 2362 2381 2390 2396 2402 2432 
1640495613.735232 ### RSSI: -63, 29, 1640049562 ,2163 
1640495614.173022 ### DEBUG: Ticks: 2171, 16, 1 
1640495614.173320 1640049562 c0:98:e5:42:00:29 2513 
1640495614.173517 2253 2280 2289 2296 2308 2313 2333 2334 2335 2339 2339 2350 2351 2363 2363 
1640495614.173735 2367 2367 2368 2370 2373 2375 2381 2387 2392 2405 2415 2416 2444 2449 2457 
1640495614.701255 ### RSSI: -60, 22, 1640049563 ,2179 
1640495615.172960 ### DEBUG: Ticks: 2186, 15, 1 
1640495615.173141 1640049563 c0:98:e5:42:00:29 2553 
1640495615.173248 2281 2338 2343 2350 2353 2365 2368 2369 2383 2384 2387 2394 2401 2401 2407 
1640495615.173351 2418 2421 2424 2424 2426 2428 2432 2438 2443 2446 2452 2463 2491 2503 2510 
1640495615.703773 ### RSSI: -64, 31, 1640049564 ,2195 
1640495616.167821 ### DEBUG: Ticks: 2202, 16, 1 
1640495616.168111 1640049564 c0:98:e5:42:00:29 2571 
1640495616.168306 2303 2335 2362 2366 2372 2381 2387 2387 2399 2411 2420 2421 2435 2437 2442 
1640495616.168495 2442 2444 2448 2448 2459 2459 2459 2461 2467 2468 2478 2492 2492 2512 2539 
1640495616.701542 ### RSSI: -62, 24, 1640049565 ,2210 
1640495617.172075 ### DEBUG: Ticks: 2218, 16, 1 
1640495617.172377 1640049565 c0:98:e5:42:00:29 2543 
1640495617.173482 2322 2330 2365 2366 2367 2368 2375 2379 2379 2386 2402 2409 2413 2418 2421 
1640495617.173672 2424 2429 2434 2439 2440 2443 2445 2445 2448 2454 2463 2475 2479 2488 2511 
1640495617.704886 ### RSSI: -64, 33, 1640049566 ,2226 
1640495618.167915 ### DEBUG: Ticks: 2233, 15, 1 
1640495618.168208 1640049566 c0:98:e5:42:00:29 2534 
1640495618.168407 2252 2267 2277 2296 2326 2330 2331 2334 2342 2343 2344 2349 2358 2364 2369 
1640495618.168595 2369 2371 2371 2372 2377 2384 2387 2403 2405 2411 2415 2421 2441 2446 2468 
1640495618.589926 ### INFO: SD card flushed!
1640495618.707143 ### RSSI: -57, 17, 1640049567 ,2242 
1640495619.173809 ### DEBUG: Ticks: 2249, 16, 1 
1640495619.174147 1640049567 c0:98:e5:42:00:29 2559 
1640495619.174329 2295 2298 2339 2348 2362 2382 2384 2385 2386 2394 2395 2399 2402 2410 2412 
1640495619.174518 2416 2419 2419 2421 2431 2438 2442 2442 2444 2450 2455 2459 2480 2485 2494 
1640495619.700655 ### RSSI: -72, 6, 1640049568 ,2257 
1640495620.165359 ### DEBUG: Ticks: 2264, 15, 1 
1640495620.165650 1640049568 c0:98:e5:42:00:29 2516 
1640495620.165845 2246 2318 2341 2346 2351 2358 2360 2369 2369 2370 2391 2399 2402 2403 2410 
1640495620.166033 2415 2415 2419 2419 2420 2421 2425 2428 2429 2433 2439 2457 2464 2485 2496 
1640495620.706442 ### RSSI: -70, 8, 1640049569 ,2273 
1640495621.170453 ### DEBUG: Ticks: 2280, 16, 1 
1640495621.170685 1640049569 c0:98:e5:42:00:29 2553 
1640495621.170836 2305 2335 2358 2358 2366 2367 2378 2378 2381 2383 2387 2399 2403 2413 2413 
1640495621.171113 2418 2421 2421 2423 2426 2434 2435 2440 2453 2454 2461 2475 2477 2487 2490 
1640495621.706757 ### RSSI: -61, 1, 1640049569 ,2288 
1640495622.169850 ### DEBUG: Ticks: 2296, 16, 1 
1640495622.170099 1640049570 c0:98:e5:42:00:29 2512 
1640495622.170249 2247 2250 2256 2280 2302 2304 2320 2321 2325 2328 2328 2329 2331 2332 2340 
1640495622.170434 2340 2342 2350 2352 2354 2362 2366 2371 2382 2382 2384 2389 2427 2431 2446 
1640495622.709666 ### RSSI: -72, 5, 1640049570 ,2304 
1640495623.167903 ### DEBUG: Ticks: 2311, 15, 1 
1640495623.168303 1640049571 c0:98:e5:42:00:29 2536 
1640495623.168454 2257 2322 2329 2330 2333 2345 2350 2353 2358 2368 2368 2375 2382 2387 2388 
1640495623.168735 2392 2397 2398 2400 2402 2403 2410 2417 2419 2426 2434 2435 2467 2473 2475 
1640495623.706094 ### RSSI: -57, 16, 1640049571 ,2320 
1640495624.169273 ### DEBUG: Ticks: 2327, 16, 1 
1640495624.169565 1640049572 c0:98:e5:42:00:29 2568 
1640495624.169760 2287 2327 2328 2359 2371 2373 2377 2387 2387 2391 2401 2404 2405 2408 2411 
1640495624.169945 2413 2416 2421 2422 2430 2430 2434 2439 2441 2447 2449 2458 2485 2493 2499 
1640495624.701135 ### RSSI: -62, 23, 1640049572 ,2335 
1640495625.165648 ### DEBUG: Ticks: 2343, 16, 1 
1640495625.165944 1640049573 c0:98:e5:42:00:29 2557 
1640495625.177116 2293 2330 2332 2333 2357 2360 2372 2374 2377 2387 2393 2395 2397 2398 2398 
1640495625.177372 2404 2415 2417 2420 2424 2425 2429 2433 2441 2449 2451 2453 2477 2488 2499 
1640495625.704244 ### RSSI: -62, 0, 1640049573 ,2351 
1640495626.167770 ### DEBUG: Ticks: 2358, 15, 1 
1640495626.168071 1640049574 c0:98:e5:42:00:29 2568 
1640495626.168272 2356 2380 2385 2389 2391 2393 2394 2395 2429 2430 2433 2436 2439 2440 2447 
1640495626.168461 2449 2454 2463 2464 2465 2474 2475 2477 2479 2480 2483 2499 2515 2525 2535 
1640495626.705743 ### RSSI: -67, 4, 1640049574 ,2367 
1640495627.173731 ### DEBUG: Ticks: 2374, 16, 1 
1640495627.174027 1640049575 c0:98:e5:42:00:29 2528 
1640495627.174223 2246 2271 2280 2318 2323 2333 2333 2336 2345 2345 2354 2355 2358 2360 2361 
1640495627.174414 2362 2363 2365 2372 2374 2375 2376 2381 2384 2384 2396 2398 2422 2441 2445 
1640495627.700281 ### RSSI: -61, 27, 1640049575 ,2382 
1640495628.173368 ### DEBUG: Ticks: 2389, 15, 1 
1640495628.173664 1640049576 c0:98:e5:42:00:29 2537 
1640495628.173870 2296 2315 2327 2354 2357 2366 2377 2378 2378 2380 2384 2389 2391 2393 2401 
1640495628.174074 2403 2407 2410 2410 2411 2411 2421 2428 2431 2433 2440 2446 2473 2487 2491 
1640495628.708061 ### RSSI: -60, 20, 1640049576 ,2398 
1640495629.171414 ### DEBUG: Ticks: 2405, 16, 1 
1640495629.171759 1640049577 c0:98:e5:42:00:29 2504 
1640495629.171952 2232 2308 2320 2332 2339 2342 2346 2348 2351 2356 2364 2375 2381 2383 2385 
1640495629.172145 2390 2391 2391 2392 2394 2403 2403 2416 2417 2422 2427 2428 2457 2457 2470 
1640495629.703515 ### RSSI: -57, 14, 1640049577 ,2413 
1640495630.171735 ### DEBUG: Ticks: 2421, 16, 1 
1640495630.172019 1640049578 c0:98:e5:42:00:29 2585 
1640495630.172217 2353 2370 2395 2408 2417 2438 2447 2448 2449 2455 2456 2457 2463 2464 2467 
1640495630.172413 2476 2478 2484 2491 2492 2493 2497 2499 2500 2504 2504 2532 2534 2538 2545 
1640495630.708986 ### RSSI: -57, 18, 1640049578 ,2429 
1640495631.166475 ### DEBUG: Ticks: 2436, 15, 1 
1640495631.166766 1640049579 c0:98:e5:42:00:29 2563 
1640495631.166961 2355 2375 2393 2407 2415 2423 2438 2438 2440 2440 2443 2444 2450 2451 2453 
1640495631.178177 2456 2460 2464 2473 2475 2477 2482 2482 2485 2505 2505 2509 2541 2547 2554 
1640495631.709367 ### RSSI: -57, 12, 1640049580 ,2445 
1640495632.166318 ### DEBUG: Ticks: 2452, 16, 1 
1640495632.166603 1640049580 c0:98:e5:42:00:29 2498 
1640495632.166797 2244 2267 2269 2316 2316 2319 2323 2326 2331 2336 2336 2336 2348 2350 2358 
1640495632.181278 2361 2361 2363 2364 2378 2378 2379 2387 2397 2398 2409 2409 2428 2432 2441 
1640495632.707831 ### RSSI: -73, 5, 1640049581 ,2460 
1640495633.168842 ### DEBUG: Ticks: 2467, 15, 1 
1640495633.169117 1640049581 c0:98:e5:42:00:29 2504 
1640495633.169313 2249 2306 2308 2327 2332 2336 2340 2341 2347 2369 2375 2376 2377 2383 2388 
1640495633.169504 2393 2396 2398 2400 2400 2401 2401 2401 2412 2417 2419 2420 2440 2470 2500 
1640495633.702430 ### RSSI: -60, 20, 1640049582 ,2476 
1640495634.166835 ### DEBUG: Ticks: 2483, 16, 1 
1640495634.167131 1640049582 c0:98:e5:42:00:29 2501 
1640495634.167327 2249 2309 2323 2340 2343 2345 2350 2351 2355 2365 2367 2368 2375 2380 2382 
1640495634.167515 2383 2383 2389 2392 2406 2412 2416 2417 2418 2426 2429 2437 2446 2474 2474 
1640495634.704804 ### RSSI: -70, 35, 1640049583 ,2491 
1640495635.168786 ### DEBUG: Ticks: 2499, 16, 1 
1640495635.169081 1640049583 c0:98:e5:42:00:29 2523 
1640495635.169278 2267 2278 2300 2307 2328 2330 2342 2342 2344 2346 2349 2354 2360 2363 2365 
1640495635.169465 2367 2370 2372 2377 2379 2379 2384 2386 2393 2393 2415 2426 2438 2466 2471 
1640495635.706984 ### RSSI: -62, 2, 1640049584 ,2507 
1640495636.171940 ### DEBUG: Ticks: 2514, 15, 1 
1640495636.172231 1640049584 c0:98:e5:42:00:29 2547 
1640495636.172427 2310 2324 2340 2366 2368 2383 2393 2395 2396 2403 2409 2413 2414 2415 2416 
1640495636.172613 2425 2428 2431 2433 2440 2441 2446 2447 2447 2448 2450 2472 2474 2492 2521 
1640495636.699208 ### RSSI: -59, 19, 1640049585 ,2523 
1640495637.172627 ### DEBUG: Ticks: 2530, 16, 1 
1640495637.172926 1640049585 c0:98:e5:42:00:29 2494 
1640495637.173123 2248 2266 2306 2309 2310 2312 2318 2332 2333 2337 2337 2341 2345 2352 2356 
1640495637.173311 2357 2361 2362 2364 2364 2366 2369 2371 2379 2381 2404 2414 2417 2448 2453 
1640495637.709465 ### RSSI: -56, 15, 1640049586 ,2538 
1640495638.174547 ### DEBUG: Ticks: 2546, 16, 1 
1640495638.174841 1640049586 c0:98:e5:42:00:29 2527 
1640495638.175039 2302 2311 2341 2352 2362 2367 2382 2387 2388 2393 2394 2395 2398 2404 2407 
1640495638.175226 2407 2408 2415 2416 2420 2425 2431 2432 2433 2441 2445 2448 2486 2495 2498 
1640495638.705578 ### RSSI: -71, 7, 1640049587 ,2554 
1640495639.172476 ### DEBUG: Ticks: 2561, 15, 1 
1640495639.172766 1640049587 c0:98:e5:42:00:29 2555 
1640495639.172960 2319 2331 2355 2356 2370 2374 2374 2377 2383 2387 2391 2391 2392 2402 2415 
1640495639.173148 2418 2419 2419 2424 2427 2434 2439 2445 2448 2448 2451 2478 2482 2484 2488 
1640495639.700329 ### RSSI: -61, 2, 1640049588 ,2570 
1640495640.168318 ### DEBUG: Ticks: 2577, 16, 1 
1640495640.168611 1640049588 c0:98:e5:42:00:29 2523 
1640495640.168810 2259 2265 2277 2300 2322 2323 2325 2327 2331 2336 2338 2346 2349 2353 2357 
1640495640.168999 2357 2358 2359 2367 2375 2377 2378 2390 2392 2395 2399 2401 2406 2418 2434 
1640495640.704044 ### RSSI: -62, 28, 1640049589 ,2585 
1640495641.167121 ### DEBUG: Ticks: 2592, 15, 1 
1640495641.167411 1640049589 c0:98:e5:42:00:29 2513 
1640495641.167683 2274 2302 2328 2335 2342 2342 2347 2354 2361 2363 2365 2365 2368 2370 2375 
1640495641.167876 2375 2384 2389 2389 2403 2405 2408 2417 2417 2417 2424 2450 2452 2459 2473 
1640495641.705119 ### RSSI: -56, 13, 1640049590 ,2601 
1640495642.167475 ### DEBUG: Ticks: 2608, 16, 1 
1640495642.167843 1640049590 c0:98:e5:42:00:29 2519 
1640495642.168039 2267 2285 2308 2325 2329 2330 2337 2350 2354 2354 2354 2366 2368 2373 2374 
1640495642.168229 2376 2378 2381 2386 2390 2397 2399 2400 2404 2419 2421 2433 2464 2466 2485 
1640495642.704481 ### RSSI: -57, 14, 1640049591 ,2616 
1640495643.167785 ### DEBUG: Ticks: 2624, 16, 1 
1640495643.168108 1640049591 c0:98:e5:42:00:29 2513 
1640495643.168303 2232 2256 2265 2302 2304 2308 2317 2318 2319 2324 2325 2328 2335 2337 2342 
1640495643.168490 2348 2348 2348 2362 2366 2367 2367 2371 2371 2374 2387 2398 2418 2430 2435 
1640495643.704314 ### RSSI: -63, 29, 1640049592 ,2632 
1640495644.169796 ### DEBUG: Ticks: 2639, 15, 1 
1640495644.170090 1640049592 c0:98:e5:42:00:29 2527 
1640495644.170285 2254 2292 2314 2315 2319 2319 2320 2323 2338 2341 2341 2343 2350 2360 2365 
1640495644.170473 2368 2371 2372 2373 2378 2386 2386 2387 2392 2399 2399 2403 2416 2445 2475 
1640495644.702481 ### RSSI: -57, 15, 1640049593 ,2648 
1640495645.167260 ### DEBUG: Ticks: 2655, 16, 1 
1640495645.167553 1640049593 c0:98:e5:42:00:29 2518 
1640495645.167789 2209 2288 2312 2315 2324 2334 2335 2336 2346 2356 2360 2364 2365 2368 2372 
1640495645.167983 2373 2378 2379 2384 2388 2390 2395 2398 2398 2403 2416 2422 2442 2482 2490 
1640495645.704852 ### RSSI: -64, 36, 1640049593 ,2663 
1640495646.170434 ### DEBUG: Ticks: 2671, 16, 1 
1640495646.170727 1640049594 c0:98:e5:42:00:29 2540 
1640495646.170926 2314 2316 2338 2365 2369 2379 2383 2390 2396 2400 2403 2411 2414 2422 2428 
1640495646.171159 2429 2431 2433 2436 2436 2441 2444 2454 2455 2464 2469 2472 2507 2513 2528 
1640495646.709824 ### RSSI: -61, 0, 1640049594 ,2679 
1640495647.169075 ### DEBUG: Ticks: 2686, 15, 1 
1640495647.169366 1640049595 c0:98:e5:42:00:29 2517 
1640495647.169561 2219 2254 2277 2297 2317 2317 2327 2331 2335 2335 2340 2345 2345 2351 2352 
1640495647.169748 2354 2356 2358 2358 2362 2362 2368 2379 2392 2392 2400 2408 2410 2411 2461 
1640495647.699750 ### RSSI: -57, 14, 1640049595 ,2695 
1640495648.166735 ### DEBUG: Ticks: 2702, 16, 1 
1640495648.167026 1640049596 c0:98:e5:42:00:29 2516 
1640495648.167224 2242 2289 2306 2309 2334 2336 2337 2356 2357 2358 2358 2359 2364 2365 2369 
1640495648.167412 2371 2374 2380 2394 2397 2400 2401 2404 2417 2421 2422 2433 2449 2476 2490 
1640495648.705603 ### RSSI: -61, 22, 1640049596 ,2710 
1640495649.166653 ### DEBUG: Ticks: 2717, 15, 1 
1640495649.166953 1640049597 c0:98:e5:42:00:29 2548 
1640495649.167152 2294 2312 2346 2358 2361 2361 2362 2363 2364 2367 2372 2373 2390 2390 2392 
1640495649.167341 2392 2399 2407 2410 2416 2420 2424 2425 2433 2436 2440 2461 2468 2481 2484 
1640495649.705726 ### RSSI: -57, 16, 1640049597 ,2726 
1640495650.166375 ### DEBUG: Ticks: 2733, 16, 1 
1640495650.166663 1640049598 c0:98:e5:42:00:29 2529 
1640495650.177813 2289 2322 2351 2360 2360 2367 2369 2374 2374 2385 2386 2386 2386 2394 2403 
1640495650.178059 2411 2411 2412 2413 2421 2429 2431 2440 2440 2440 2443 2446 2472 2479 2525 
1640495650.708777 ### RSSI: -70, 35, 1640049598 ,2741 
1640495651.165733 ### DEBUG: Ticks: 2749, 16, 1 
1640495651.166020 1640049599 c0:98:e5:42:00:29 2567 
1640495651.178242 2371 2373 2384 2413 2419 2421 2430 2438 2439 2441 2447 2451 2457 2457 2460 
1640495651.178486 2462 2463 2466 2477 2478 2479 2486 2493 2502 2503 2512 2518 2541 2542 2554 
1640495651.707507 ### RSSI: -57, 17, 1640049599 ,2757 
1640495652.166877 ### DEBUG: Ticks: 2764, 15, 1 
1640495652.167173 1640049600 c0:98:e5:42:00:29 2561 
1640495652.178329 2288 2344 2354 2359 2362 2377 2379 2387 2389 2393 2395 2401 2401 2405 2407 
1640495652.178574 2411 2418 2418 2426 2426 2432 2433 2436 2436 2442 2445 2453 2490 2494 2503 
1640495652.706159 ### RSSI: -65, 31, 1640049600 ,2773 
1640495652.996526 ### BLE EVENT: 16, INFO: BLE CONNECTED!
1640495652.996816 ### RSSI: -61, 21, 1640049601 ,2777 
1640495653.104122 ### RSSI: -64, 9, 1640049601 ,2779 
1640495653.170558 ### DEBUG: Ticks: 2780, 16, 1 
1640495653.170853 1640049601 c0:98:e5:42:00:29 2521 
1640495653.171052 2318 2320 2323 2334 2348 2367 2370 2371 2372 2376 2385 2387 2389 2395 2398 
1640495653.171241 2403 2404 2407 2410 2412 2418 2422 2424 2431 2441 2442 2452 2471 2480 2482 
1640495653.301560 ### RSSI: -69, 34, 1640049601 ,2782 
1640495653.505923 ### RSSI: -57, 18, 1640049601 ,2785 
1640495653.506217 ERROR: Unexpected error while mounting SD card: 1
1640495654.934000 
1640495654.934304 ----------------------------------------------
1640495654.934489 ### WARNING: Chip experienced a reset with reason 2
1640495655.176539 ### INFO: Bluetooth address: c0:98:e5:42:00:2c
1640495655.188825 ### DEBUG: Time is 00:00:00, 2000/00/00
1640495655.189342 ### INFO: Time is 00:00:00, 2000/00/00
1640495655.287743 ### INFO: Initializing SD Card...
1640495658.756536 ### INFO: Connecting to the SquarePoint module...
1640495658.757516 ### INFO: SquarePoint module connection successful
1640495658.758087 ### INFO: Device is now STATIONARY
1640495658.758293 ### INFO: Battery voltage currently 4131 mV
1640495658.897713 ### INFO: SD card flushed!
1640495658.920620 ### INFO: SD card flushed!
1640495658.921801 ### DEBUG: BLE START SCANNING called
1640495659.167424 ### DEBUG: Ticks: 66, 66, 0 
1640495659.167781 1640049607 c0:98:e5:42:00:29 2557 
1640495659.167980 2318 2327 2365 2373 2376 2389 2391 2399 2406 2406 2413 2415 2422 2423 2427 
1640495659.168506 2432 2432 2432 2435 2436 2442 2446 2457 2457 2467 2467 2482 2505 2510 2514 
1640495659.168709 ### INFO: Switched Scheduler EUI from 00:00:00:00:00:00 to c0:98:e5:42:00:2c
1640495659.179484 ### DEBUG: BLE STOP SCANNING called
1640495659.750336 ### DEBUG: BLE START SCANNING called
1640495660.163835 ### DEBUG: Ticks: 81, 15, 0 
1640495660.176237 1640049608 c0:98:e5:42:00:29 2530 
1640495660.177334 2288 2292 2320 2333 2334 2351 2354 2357 2362 2370 2373 2376 2378 2379 2384 
1640495660.178001 2389 2397 2399 2401 2404 2406 2407 2410 2411 2422 2426 2453 2453 2460 2464 
1640495660.876084 ### addr: c0:98:e5:42:00:29 
1640495660.876369 ### on_adv_report outer RSSI: -59, time:1640049609 
1640495660.876566 ### INFO: Discovered new device: c0:98:e5:42:00:29
1640495660.877073 ### DEBUG: connected? already connected
1640495660.877275 ### DEBUG: BLE START SCANNING called
1640495660.940137 ### BLE EVENT: 16, INFO: BLE CONNECTED!
1640495660.940427 ### DEBUG: BLE START SCANNING called
1640495660.940611 ### RSSI: -64, 29, 1640049609 ,93 
1640495660.940981 ### DEBUG: BLE START SCANNING called
1640495661.037766 ### RSSI: -65, 33, 1640049609 ,95 
1640495661.038057 ### DEBUG: BLE START SCANNING called
1640495661.134722 ### RSSI: -60, 25, 1640049609 ,96 
1640495661.135012 ### DEBUG: BLE START SCANNING called
1640495661.168371 ### DEBUG: Ticks: 97, 16, 1 
1640495661.168977 1640049609 c0:98:e5:42:00:29 2500 
1640495661.169185 2207 2272 2281 2317 2322 2326 2327 2329 2330 2339 2342 2353 2356 2363 2363 
1640495661.169382 2364 2370 2374 2376 2377 2378 2383 2387 2405 2410 2411 2421 2427 2463 2481 
1640495661.169587 ### DEBUG: BLE START SCANNING called
1640495661.233753 ### RSSI: -62, 24, 1640049609 ,98 
1640495661.234042 ### DEBUG: BLE START SCANNING called
1640495661.333009 ### RSSI: -62, 0, 1640049609 ,100 
1640495661.333296 ### DEBUG: BLE START SCANNING called
1640495661.435674 ### RSSI: -61, 2, 1640049609 ,101 
1640495661.435989 ### DEBUG: BLE START SCANNING called
1640495661.532611 ### RSSI: -65, 31, 1640049609 ,103 
1640495661.532874 ### DEBUG: BLE START SCANNING called
1640495661.634026 ### RSSI: -64, 36, 1640049609 ,104 
1640495661.634321 ### DEBUG: BLE START SCANNING called
1640495661.734800 ### RSSI: -65, 33, 1640049610 ,106 
1640495661.735087 ### DEBUG: BLE START SCANNING called
1640495661.756329 ### DEBUG: BLE START SCANNING called
1640495661.841953 ### RSSI: -61, 0, 1640049610 ,107 
1640495661.842252 ### DEBUG: BLE START SCANNING called
1640495661.940001 ### RSSI: -62, 29, 1640049610 ,109 
1640495661.940292 ### DEBUG: BLE START SCANNING called
1640495662.041889 ### RSSI: -62, 28, 1640049610 ,110 
1640495662.042191 ### DEBUG: BLE START SCANNING called
1640495662.140528 ### RSSI: -64, 32, 1640049610 ,112 
1640495662.140826 ### DEBUG: BLE START SCANNING called
1640495662.174286 ### DEBUG: Ticks: 113, 16, 1 
1640495662.176048 1640049610 c0:98:e5:42:00:29 2552 
1640495662.176698 2316 2334 2335 2359 2366 2377 2379 2386 2392 2392 2398 2407 2410 2413 2414 
1640495662.177212 2415 2417 2417 2417 2421 2430 2431 2434 2441 2442 2447 2464 2496 2503 2537 
1640495662.177711 ### DEBUG: BLE START SCANNING called
1640495662.238536 ### RSSI: -62, 23, 1640049610 ,114 
1640495662.238827 ### DEBUG: BLE START SCANNING called
1640495662.335908 ### RSSI: -57, 18, 1640049610 ,115 
1640495662.336208 ### DEBUG: BLE START SCANNING called
1640495662.433552 ### RSSI: -65, 33, 1640049610 ,117 
1640495662.433847 ### DEBUG: BLE START SCANNING called
1640495662.532668 ### RSSI: -65, 31, 1640049610 ,118 
1640495662.532963 ### DEBUG: BLE START SCANNING called
1640495662.747204 ### DEBUG: BLE START SCANNING called
1640495663.164021 ### DEBUG: Ticks: 128, 15, 1 
1640495663.176284 1640049611 c0:98:e5:42:00:29 2558 
1640495663.176531 2274 2318 2320 2345 2358 2363 2379 2380 2380 2385 2390 2390 2391 2404 2405 
1640495663.176779 2406 2407 2409 2417 2425 2434 2444 2445 2447 2451 2456 2457 2477 2480 2504 
1640495663.176969 ### DEBUG: BLE START SCANNING called
1640495663.543112 ### RSSI: -71, 8, 1640049611 ,134 
1640495663.543396 ### DEBUG: BLE START SCANNING called
1640495663.747553 ### DEBUG: BLE START SCANNING called
1640495664.170914 ### DEBUG: Ticks: 144, 16, 1 
1640495664.171215 1640049612 c0:98:e5:42:00:29 2521 
1640495664.171412 2243 2305 2324 2324 2336 2345 2355 2358 2363 2373 2376 2377 2381 2387 2389 
1640495664.171653 2392 2395 2399 2400 2401 2406 2409 2428 2431 2434 2436 2449 2452 2481 2515 
1640495664.171846 ### DEBUG: BLE START SCANNING called
1640495664.538722 ### RSSI: -60, 25, 1640049613 ,150 
1640495664.539014 ### DEBUG: BLE START SCANNING called
1640495665.171796 ### DEBUG: Ticks: 159, 15, 1 
1640495665.172093 1640049613 c0:98:e5:42:00:29 2565 
1640495665.172291 2319 2349 2370 2375 2385 2388 2397 2398 2409 2410 2414 2419 2423 2425 2428 
1640495665.172508 2431 2435 2441 2442 2442 2444 2448 2460 2468 2471 2486 2488 2497 2529 2530 
1640495665.539836 ### RSSI: -56, 17, 1640049614 ,165 
1640495666.174558 ### DEBUG: Ticks: 175, 16, 1 
1640495666.174856 1640049614 c0:98:e5:42:00:29 2542 
1640495666.175053 2325 2351 2383 2389 2394 2398 2402 2410 2418 2426 2436 2438 2439 2440 2445 
1640495666.175242 2448 2450 2453 2454 2457 2460 2465 2470 2474 2477 2486 2492 2504 2505 2506 
1640495666.541162 ### RSSI: -73, 5, 1640049615 ,181 
1640495667.174815 ### DEBUG: Ticks: 191, 16, 1 
1640495667.175106 1640049615 c0:98:e5:42:00:29 2513 
1640495667.175991 2266 2274 2304 2331 2341 2349 2350 2357 2362 2371 2373 2375 2377 2377 2383 
1640495667.176208 2384 2385 2388 2390 2391 2394 2408 2412 2413 2417 2421 2421 2451 2465 2475 
1640495667.541280 ### RSSI: -64, 36, 1640049616 ,196 
1640495668.174646 ### DEBUG: Ticks: 206, 15, 1 
1640495668.174947 1640049616 c0:98:e5:42:00:29 2520 
1640495668.175147 2288 2351 2355 2358 2364 2379 2391 2394 2395 2395 2398 2401 2407 2413 2420 
1640495668.175337 2420 2421 2429 2430 2430 2434 2435 2443 2455 2456 2458 2461 2493 2500 2507 
1640495668.531680 ### RSSI: -62, 0, 1640049617 ,212 
1640495669.167652 ### DEBUG: Ticks: 222, 16, 1 
1640495669.167955 1640049617 c0:98:e5:42:00:29 2535 
1640495669.168153 2284 2327 2345 2348 2368 2372 2373 2379 2383 2385 2391 2391 2401 2405 2406 
1640495669.168344 2410 2413 2413 2420 2428 2431 2433 2434 2437 2437 2447 2455 2475 2503 2513 
1640495669.538972 ### RSSI: -63, 9, 1640049618 ,228 
1640495670.171462 ### DEBUG: Ticks: 238, 16, 1 
1640495670.171801 1640049618 c0:98:e5:42:00:29 2525 
1640495670.171996 2245 2291 2293 2320 2339 2341 2341 2349 2349 2350 2353 2353 2357 2364 2371 
1640495670.172186 2373 2373 2379 2382 2387 2395 2396 2400 2417 2427 2429 2430 2448 2475 2494 
1640495670.537828 ### RSSI: -62, 24, 1640049619 ,243 
1640495671.161528 ### ERROR: Failed reading SquarePoint packet length
1640495671.537879 ### RSSI: -57, 14, 1640049620 ,259 
1640495672.535825 ### RSSI: -71, 35, 1640049621 ,274 
1640495673.170532 ### DEBUG: Ticks: 284, 46, 1 
1640495673.170822 1640049621 c0:98:e5:42:00:29 2492 
1640495673.171019 2202 2233 2273 2281 2286 2287 2296 2296 2301 2302 2304 2304 2308 2308 2326 
1640495673.171206 2327 2328 2333 2334 2336 2337 2341 2341 2356 2361 2365 2374 2406 2423 2427 
1640495673.535549 ### RSSI: -65, 30, 1640049622 ,290 
1640495674.170376 ### DEBUG: Ticks: 300, 16, 1 
1640495674.170664 1640049622 c0:98:e5:42:00:29 2540 
1640495674.170888 2332 2346 2371 2377 2385 2387 2387 2401 2406 2408 2410 2414 2417 2424 2429 
1640495674.171076 2432 2438 2441 2446 2449 2451 2454 2457 2458 2466 2467 2468 2515 2519 2535 
1640495674.539113 ### RSSI: -56, 13, 1640049622 ,306 
1640495675.173544 ### DEBUG: Ticks: 316, 16, 1 
1640495675.173843 1640049623 c0:98:e5:42:00:29 2547 
1640495675.174040 2303 2335 2342 2370 2384 2392 2393 2395 2395 2403 2406 2420 2424 2434 2438 
1640495675.174228 2440 2441 2447 2447 2449 2451 2453 2455 2470 2471 2488 2499 2502 2527 2535 
1640495675.538856 ### RSSI: -64, 29, 1640049623 ,321 
1640495676.173401 ### DEBUG: Ticks: 331, 15, 1 
1640495676.173695 1640049624 c0:98:e5:42:00:29 2555 
1640495676.173892 2353 2359 2360 2377 2407 2413 2413 2418 2423 2425 2430 2435 2448 2454 2455 
1640495676.174081 2459 2462 2463 2463 2465 2466 2468 2479 2483 2486 2489 2495 2517 2538 2576 
1640495676.538348 ### RSSI: -62, 3, 1640049624 ,337 
1640495677.174229 ### DEBUG: Ticks: 347, 16, 1 
1640495677.174516 1640049625 c0:98:e5:42:00:29 2504 
1640495677.174712 2279 2284 2326 2337 2342 2352 2354 2359 2362 2363 2364 2364 2364 2368 2380 
1640495677.174901 2381 2382 2388 2392 2395 2402 2402 2403 2408 2413 2418 2422 2446 2458 2478 
1640495677.532289 ### RSSI: -64, 36, 1640049625 ,353 
1640495678.169557 ### DEBUG: Ticks: 362, 15, 1 
1640495678.169849 1640049626 c0:98:e5:42:00:29 2531 
1640495678.170033 2287 2323 2329 2347 2347 2357 2361 2363 2374 2375 2376 2379 2381 2388 2398 
1640495678.170255 2406 2408 2409 2410 2416 2417 2423 2432 2432 2435 2442 2463 2473 2487 2515 
1640495678.535374 ### RSSI: -62, 28, 1640049626 ,368 
1640495679.171708 ### DEBUG: Ticks: 378, 16, 1 
1640495679.171994 1640049627 c0:98:e5:42:00:29 2524 
1640495679.172189 2264 2289 2312 2318 2340 2341 2347 2358 2361 2362 2364 2372 2376 2377 2378 
1640495679.172376 2396 2398 2401 2402 2407 2412 2412 2417 2418 2430 2435 2436 2448 2461 2461 
1640495679.531064 ### RSSI: -65, 30, 1640049627 ,384 
1640495680.172550 ### DEBUG: Ticks: 394, 16, 1 
1640495680.172840 1640049628 c0:98:e5:42:00:29 2576 
1640495680.173035 2385 2407 2439 2440 2450 2453 2454 2467 2467 2475 2496 2500 2506 2512 2514 
1640495680.173322 2516 2517 2520 2520 2520 2522 2529 2530 2534 2541 2550 2554 2560 2562 2582 
1640495680.538654 ### RSSI: -60, 25, 1640049628 ,399 
1640495681.167463 ### DEBUG: Ticks: 409, 15, 1 
1640495681.167802 1640049629 c0:98:e5:42:00:29 2499 
1640495681.167997 2185 2233 2241 2247 2271 2286 2287 2292 2294 2302 2303 2308 2313 2317 2323 
1640495681.168185 2325 2325 2325 2329 2331 2340 2340 2347 2349 2364 2378 2385 2389 2396 2410 
1640495681.534708 ### RSSI: -58, 11, 1640049629 ,415 
1640495682.173095 ### DEBUG: Ticks: 425, 16, 1 
1640495682.173392 1640049630 c0:98:e5:42:00:29 2511 
1640495682.173616 2291 2292 2319 2325 2334 2339 2353 2361 2365 2365 2371 2371 2380 2384 2385 
1640495682.173804 2392 2394 2396 2399 2401 2407 2412 2413 2418 2420 2421 2431 2474 2480 2482 
1640495682.530829 ### RSSI: -59, 19, 1640049630 ,431 
1640495683.171693 ### DEBUG: Ticks: 441, 16, 1 
1640495683.171981 1640049631 c0:98:e5:42:00:29 2481 
1640495683.172180 2226 2238 2255 2262 2267 2270 2273 2281 2290 2297 2307 2316 2321 2323 2324 
1640495683.172392 2326 2330 2337 2338 2339 2349 2355 2359 2369 2371 2378 2381 2392 2415 2416 
1640495683.540532 ### RSSI: -58, 19, 1640049631 ,446 
1640495684.166879 ### DEBUG: Ticks: 456, 15, 1 
1640495684.167167 1640049632 c0:98:e5:42:00:29 2545 
1640495684.181956 2281 2302 2331 2331 2348 2349 2352 2359 2366 2368 2370 2374 2379 2379 2386 
1640495684.183483 2387 2393 2395 2401 2401 2407 2407 2408 2414 2419 2419 2424 2484 2502 2516 
1640495684.535837 ### RSSI: -64, 31, 1640049632 ,462 
1640495685.169506 ### ERROR: Failed reading SquarePoint packet length
1640495685.539486 ### RSSI: -74, 6, 1640049633 ,478 
1640495686.538498 ### RSSI: -62, 0, 1640049634 ,493 
1640495687.167289 ### DEBUG: Ticks: 503, 47, 1 
1640495687.167661 1640049635 c0:98:e5:42:00:29 2513 
1640495687.167860 2233 2278 2280 2306 2315 2322 2322 2331 2332 2336 2339 2355 2355 2360 2367 
1640495687.168049 2369 2372 2376 2381 2383 2390 2395 2395 2397 2399 2402 2430 2437 2449 2460 
1640495687.531968 ### RSSI: -71, 8, 1640049635 ,509 
1640495688.166905 ### DEBUG: Ticks: 519, 16, 1 
1640495688.167192 1640049636 c0:98:e5:42:00:29 2535 
1640495688.167389 2238 2306 2320 2329 2331 2331 2339 2345 2350 2353 2354 2362 2365 2372 2380 
1640495688.167658 2383 2384 2384 2385 2391 2400 2400 2401 2415 2416 2420 2423 2449 2462 2466 
1640495688.532612 ### RSSI: -56, 15, 1640049636 ,524 
1640495689.173136 ### DEBUG: Ticks: 534, 15, 1 
1640495689.173424 1640049637 c0:98:e5:42:00:29 2550 
1640495689.173620 2337 2350 2403 2403 2407 2408 2409 2410 2413 2415 2422 2437 2450 2454 2462 
1640495689.173808 2465 2466 2468 2468 2476 2477 2481 2482 2496 2507 2507 2516 2567 2571 0 
1640495689.535289 ### RSSI: -67, 4, 1640049638 ,540 
1640495690.175979 ### DEBUG: Ticks: 550, 16, 1 
1640495690.176273 1640049638 c0:98:e5:42:00:29 2583 
1640495690.176468 2291 2359 2384 2386 2394 2395 2395 2415 2418 2419 2428 2432 2435 2445 2445 
1640495690.176654 2446 2447 2448 2449 2456 2462 2467 2475 2477 2478 2481 2487 2509 2517 2525 
1640495690.538271 ### RSSI: -70, 8, 1640049639 ,556 
1640495691.167719 ### DEBUG: Ticks: 566, 16, 1 
1640495691.168016 1640049639 c0:98:e5:42:00:29 2531 
1640495691.168211 2258 2304 2312 2333 2339 2345 2346 2357 2358 2359 2363 2371 2375 2378 2381 
1640495691.168399 2385 2387 2387 2388 2388 2388 2404 2414 2418 2421 2433 2433 2451 2471 2471 
1640495691.535759 ### RSSI: -57, 18, 1640049640 ,571 
1640495692.172699 ### DEBUG: Ticks: 581, 15, 1 
1640495692.173025 1640049640 c0:98:e5:42:00:29 2515 
1640495692.173249 2189 2270 2283 2299 2303 2305 2306 2335 2337 2338 2338 2343 2343 2349 2350 
1640495692.173442 2351 2353 2355 2363 2368 2370 2370 2380 2390 2394 2399 2405 2428 2446 2455 
1640495692.531315 ### RSSI: -57, 17, 1640049641 ,587 
1640495693.174530 ### DEBUG: Ticks: 597, 16, 1 
1640495693.174812 1640049641 c0:98:e5:42:00:29 2544 
1640495693.175007 2374 2409 2422 2430 2438 2438 2453 2458 2463 2471 2480 2488 2492 2494 2494 
1640495693.175194 2495 2500 2501 2501 2502 2510 2521 2525 2531 2532 2534 2539 2568 2581 2583 
1640495693.534593 ### RSSI: -60, 10, 1640049642 ,602 
1640495694.169216 ### DEBUG: Ticks: 612, 15, 1 
1640495694.169518 1640049642 c0:98:e5:42:00:29 2485 
1640495694.169718 2228 2230 2293 2294 2299 2307 2308 2309 2311 2315 2316 2317 2327 2332 2334 
1640495694.169907 2343 2343 2345 2347 2347 2356 2357 2368 2374 2380 2395 2396 2423 2424 0 
1640495694.535041 ### RSSI: -64, 33, 1640049643 ,618 
1640495695.175325 ### DEBUG: Ticks: 628, 16, 1 
1640495695.175667 1640049643 c0:98:e5:42:00:29 2520 
1640495695.175861 2287 2303 2308 2332 2344 2344 2347 2359 2362 2373 2374 2375 2375 2376 2388 
1640495695.176049 2389 2390 2395 2403 2405 2405 2407 2412 2417 2424 2426 2427 2446 2487 2500 
1640495695.537491 ### RSSI: -58, 11, 1640049644 ,634 
1640495696.170156 ### DEBUG: Ticks: 644, 16, 1 
1640495696.170455 1640049644 c0:98:e5:42:00:29 2487 
1640495696.170652 2189 2266 2267 2273 2281 2284 2307 2309 2311 2317 2318 2321 2324 2325 2326 
1640495696.170840 2338 2343 2345 2350 2352 2353 2356 2363 2373 2375 2375 2376 2418 2427 2456 
1640495696.538824 ### RSSI: -57, 17, 1640049645 ,649 
1640495696.603280 ### INFO: SD card flushed!
1640495697.173925 ### DEBUG: Ticks: 659, 15, 1 
1640495697.174223 1640049645 c0:98:e5:42:00:29 2551 
1640495697.174424 2310 2332 2338 2352 2359 2370 2376 2378 2378 2381 2381 2389 2393 2396 2402 
1640495697.174616 2405 2413 2417 2420 2421 2422 2432 2434 2438 2447 2447 2449 2473 2501 2502 
1640495697.529198 ### RSSI: -62, 28, 1640049646 ,665 
1640495698.172818 ### DEBUG: Ticks: 675, 16, 1 
1640495698.173111 1640049646 c0:98:e5:42:00:29 2553 
1640495698.173308 2255 2336 2350 2356 2380 2384 2384 2385 2389 2398 2401 2403 2403 2406 2416 
1640495698.173501 2425 2430 2432 2433 2435 2439 2443 2445 2448 2454 2457 2463 2492 2505 2546 
1640495698.538952 ### RSSI: -60, 25, 1640049646 ,681 
1640495699.167862 ### DEBUG: Ticks: 690, 15, 1 
1640495699.168159 1640049647 c0:98:e5:42:00:29 2590 
1640495699.168357 2322 2378 2394 2399 2410 2410 2415 2417 2418 2423 2431 2441 2441 2452 2458 
1640495699.168547 2458 2461 2461 2466 2466 2477 2481 2482 2486 2488 2501 2520 2521 2524 2526 
1640495699.539532 ### RSSI: -70, 34, 1640049647 ,696 
1640495700.162664 ### ERROR: Failed reading SquarePoint packet length
1640495700.532614 ### RSSI: -60, 1, 1640049648 ,712 
1640495701.535166 ### RSSI: -57, 15, 1640049649 ,727 
1640495702.172805 ### DEBUG: Ticks: 737, 47, 1 
1640495702.173091 1640049650 c0:98:e5:42:00:29 2557 
1640495702.173288 2361 2368 2399 2406 2407 2416 2426 2427 2434 2436 2438 2440 2446 2454 2465 
1640495702.173477 2466 2468 2476 2482 2486 2487 2490 2492 2494 2497 2501 2501 2518 2531 2536 
1640495702.529877 ### RSSI: -70, 7, 1640049650 ,743 
1640495703.170039 ### DEBUG: Ticks: 753, 16, 1 
1640495703.170328 1640049651 c0:98:e5:42:00:29 2548 
1640495703.170524 2299 2344 2360 2367 2369 2372 2387 2392 2396 2404 2406 2407 2411 2414 2415 
1640495703.170711 2425 2427 2438 2440 2440 2441 2443 2451 2452 2458 2458 2462 2503 2507 2517 
1640495703.537476 ### RSSI: -60, 1, 1640049651 ,759 
1640495704.173302 ### DEBUG: Ticks: 769, 16, 1 
1640495704.173594 1640049652 c0:98:e5:42:00:29 2537 
1640495704.173793 2243 2305 2314 2345 2349 2365 2366 2373 2376 2376 2381 2385 2388 2394 2394 
1640495704.173980 2396 2403 2412 2416 2416 2416 2424 2426 2429 2430 2435 2449 2471 2482 2483 
1640495704.534631 ### RSSI: -63, 33, 1640049652 ,774 
1640495705.169732 ### DEBUG: Ticks: 784, 15, 1 
1640495705.170056 1640049653 c0:98:e5:42:00:29 2554 
1640495705.170256 2306 2323 2374 2380 2380 2385 2396 2405 2409 2411 2415 2421 2432 2438 2439 
1640495705.170446 2439 2440 2451 2451 2456 2457 2458 2458 2459 2471 2476 2479 2480 2509 2515 
1640495705.530785 ### RSSI: -62, 0, 1640049653 ,790 
1640495706.174593 ### DEBUG: Ticks: 800, 16, 1 
1640495706.174886 1640049654 c0:98:e5:42:00:29 2509 
1640495706.175081 2295 2295 2324 2341 2346 2348 2359 2360 2361 2364 2373 2374 2376 2380 2383 
1640495706.175268 2384 2387 2390 2395 2396 2401 2414 2419 2423 2428 2431 2440 2450 2472 2472 
1640495706.530925 ### RSSI: -57, 14, 1640049654 ,806 
1640495707.169600 ### DEBUG: Ticks: 815, 15, 1 
1640495707.169891 1640049655 c0:98:e5:42:00:29 2516 
1640495707.170086 2284 2318 2332 2336 2343 2348 2363 2364 2365 2372 2384 2385 2387 2390 2391 
1640495707.170274 2394 2402 2408 2415 2415 2416 2424 2431 2431 2435 2440 2441 2476 2477 2484 
1640495707.535358 ### RSSI: -69, 35, 1640049655 ,821 
1640495708.169091 ### DEBUG: Ticks: 831, 16, 1 
1640495708.169384 1640049656 c0:98:e5:42:00:29 2513 
1640495708.169581 2283 2330 2365 2368 2377 2377 2377 2388 2389 2393 2398 2401 2402 2402 2406 
1640495708.169794 2408 2410 2417 2423 2425 2425 2425 2432 2436 2448 2457 2459 2505 2530 2543 
1640495708.535230 ### RSSI: -61, 23, 1640049656 ,837 
1640495709.169727 ### DEBUG: Ticks: 847, 16, 1 
1640495709.170022 1640049657 c0:98:e5:42:00:29 2550 
1640495709.170217 2313 2342 2360 2384 2387 2390 2396 2398 2402 2407 2413 2420 2420 2423 2424 
1640495709.170403 2429 2434 2439 2440 2444 2447 2450 2456 2459 2459 2479 2486 2487 2490 2508 
1640495709.534097 ### RSSI: -60, 27, 1640049657 ,852 
1640495710.170903 ### DEBUG: Ticks: 862, 15, 1 
1640495710.171188 1640049658 c0:98:e5:42:00:29 2528 
1640495710.171384 2235 2316 2319 2358 2360 2360 2369 2371 2378 2380 2380 2385 2390 2395 2400 
1640495710.171572 2403 2403 2403 2405 2411 2411 2416 2422 2430 2440 2447 2460 2477 2501 2529 
1640495710.528631 ### RSSI: -68, 34, 1640049658 ,868 
1640495711.175702 ### DEBUG: Ticks: 878, 16, 1 
1640495711.176004 1640049659 c0:98:e5:42:00:29 2562 
1640495711.176201 2313 2361 2366 2396 2397 2403 2405 2413 2414 2414 2417 2420 2425 2429 2430 
1640495711.176390 2444 2447 2450 2452 2452 2457 2460 2462 2466 2470 2477 2490 2512 2523 2532 
1640495711.533668 ### RSSI: -63, 20, 1640049659 ,884 
1640495712.169928 ### DEBUG: Ticks: 894, 16, 1 
1640495712.170216 1640049660 c0:98:e5:42:00:29 2524 
1640495712.170413 2282 2320 2378 2378 2381 2383 2390 2397 2405 2409 2418 2423 2428 2430 2435 
1640495712.170601 2437 2440 2442 2444 2447 2447 2452 2456 2456 2463 2465 2482 2491 2498 2512 
1640495712.532640 ### RSSI: -56, 15, 1640049660 ,899 
1640495713.169226 ### DEBUG: Ticks: 909, 15, 1 
1640495713.169519 1640049661 c0:98:e5:42:00:29 2535 
1640495713.169711 2262 2336 2339 2377 2381 2389 2390 2390 2391 2398 2399 2402 2408 2413 2419 
1640495713.169899 2425 2428 2428 2430 2431 2433 2437 2440 2443 2459 2466 2476 2483 2485 2501 
1640495713.537543 ### RSSI: -64, 29, 1640049662 ,915 
1640495714.173134 ### DEBUG: Ticks: 925, 16, 1 
1640495714.173459 1640049662 c0:98:e5:42:00:29 2529 
1640495714.173659 2218 2295 2312 2322 2327 2328 2332 2334 2341 2343 2344 2351 2359 2360 2364 
1640495714.173851 2364 2368 2372 2373 2375 2381 2385 2389 2391 2411 2412 2433 2446 2450 2470 
1640495714.536957 ### RSSI: -61, 23, 1640049663 ,930 
1640495715.163709 ### ERROR: Failed reading SquarePoint packet length
1640495715.531126 ### RSSI: -73, 6, 1640049664 ,946 
1640495716.531131 ### RSSI: -60, 22, 1640049665 ,962 
1640495717.167415 ### DEBUG: Ticks: 972, 47, 1 
1640495717.167728 1640049665 c0:98:e5:42:00:29 2559 
1640495717.167926 2333 2371 2382 2387 2396 2406 2415 2416 2418 2424 2427 2428 2432 2435 2435 
1640495717.168138 2440 2445 2451 2456 2461 2461 2463 2464 2466 2469 2477 2490 2521 2530 2556 
1640495717.530882 ### RSSI: -57, 18, 1640049666 ,977 
1640495718.176028 ### DEBUG: Ticks: 987, 15, 1 
1640495718.176322 1640049666 c0:98:e5:42:00:29 2541 
1640495718.176516 2277 2289 2331 2345 2350 2352 2361 2366 2369 2373 2373 2376 2378 2378 2385 
1640495718.176705 2390 2392 2394 2394 2394 2401 2408 2413 2418 2422 2437 2451 2460 2486 2490 
1640495718.538287 ### RSSI: -58, 11, 1640049667 ,993 
1640495719.168732 ### DEBUG: Ticks: 1003, 16, 1 
1640495719.169023 1640049667 c0:98:e5:42:00:29 2500 
1640495719.169222 2253 2258 2292 2324 2327 2334 2344 2344 2348 2351 2353 2355 2362 2363 2363 
1640495719.169413 2370 2380 2381 2388 2388 2393 2401 2403 2419 2431 2431 2434 2444 2469 2500 
1640495719.530542 ### RSSI: -64, 30, 1640049668 ,1009 
1640495720.174183 ### DEBUG: Ticks: 1019, 16, 1 
1640495720.174476 1640049668 c0:98:e5:42:00:29 2547 
1640495720.174702 2314 2322 2327 2355 2358 2384 2387 2391 2393 2397 2400 2403 2403 2420 2421 
1640495720.174891 2423 2426 2430 2435 2438 2441 2443 2446 2448 2450 2455 2478 2490 2495 2499 
1640495720.528573 ### RSSI: -57, 18, 1640049669 ,1024 
1640495721.168507 ### DEBUG: Ticks: 1034, 15, 1 
1640495721.168827 1640049669 c0:98:e5:42:00:29 2477 
1640495721.169025 2257 2278 2296 2308 2310 2314 2326 2327 2328 2331 2333 2337 2337 2340 2346 
1640495721.169215 2353 2364 2364 2367 2369 2371 2374 2379 2379 2389 2390 2402 2438 2446 2474 
1640495721.538817 ### RSSI: -74, 6, 1640049670 ,1040 
1640495722.170849 ### DEBUG: Ticks: 1050, 16, 1 
1640495722.171227 1640049670 c0:98:e5:42:00:29 2530 
1640495722.171413 2243 2290 2332 2341 2341 2346 2354 2356 2358 2368 2370 2372 2377 2379 2382 
1640495722.171659 2384 2389 2391 2391 2394 2396 2405 2412 2428 2428 2433 2452 2452 2459 2476 
1640495722.538447 ### RSSI: -73, 5, 1640049670 ,1055 
1640495723.174332 ### DEBUG: Ticks: 1065, 15, 1 
1640495723.174627 1640049671 c0:98:e5:42:00:29 2553 
1640495723.174826 2290 2314 2321 2327 2341 2348 2351 2359 2371 2372 2375 2376 2379 2380 2381 
1640495723.175040 2395 2395 2403 2412 2414 2415 2415 2424 2425 2429 2436 2448 2470 2481 2488 
1640495723.530963 ### RSSI: -66, 4, 1640049671 ,1071 
1640495724.174449 ### DEBUG: Ticks: 1081, 16, 1 
1640495724.174730 1640049672 c0:98:e5:42:00:29 2567 
1640495724.174926 2324 2341 2355 2374 2374 2378 2392 2400 2401 2401 2406 2408 2410 2417 2421 
1640495724.175113 2422 2422 2441 2443 2447 2447 2448 2455 2465 2465 2471 2475 2513 2520 2522 
1640495724.529452 ### RSSI: -77, 5, 1640049672 ,1087 
1640495725.173431 ### DEBUG: Ticks: 1097, 16, 1 
1640495725.173723 1640049673 c0:98:e5:42:00:29 2505 
1640495725.173919 2270 2335 2339 2344 2372 2373 2376 2382 2393 2395 2398 2401 2401 2404 2419 
1640495725.174107 2425 2428 2430 2431 2438 2443 2446 2450 2452 2453 2454 2456 2487 2498 2507 
1640495725.534253 ### RSSI: -58, 15, 1640049673 ,1102 
1640495726.168286 ### DEBUG: Ticks: 1112, 15, 1 
1640495726.168575 1640049674 c0:98:e5:42:00:29 2545 
1640495726.168772 2281 2322 2327 2341 2346 2360 2361 2362 2362 2379 2379 2381 2389 2392 2395 
1640495726.168959 2395 2406 2409 2412 2416 2419 2420 2422 2426 2432 2440 2448 2464 2494 2500 
1640495726.529348 ### RSSI: -63, 23, 1640049674 ,1118 
1640495727.175798 ### DEBUG: Ticks: 1128, 16, 1 
1640495727.176720 1640049675 c0:98:e5:42:00:29 2473 
1640495727.176917 2214 2282 2290 2299 2314 2330 2336 2337 2339 2345 2348 2350 2351 2363 2363 
1640495727.177096 2365 2368 2368 2370 2375 2376 2384 2384 2392 2401 2402 2406 2435 2449 2478 
1640495727.532473 ### RSSI: -60, 11, 1640049675 ,1134 
1640495728.174529 ### DEBUG: Ticks: 1143, 15, 1 
1640495728.174825 1640049676 c0:98:e5:42:00:29 2514 
1640495728.175010 2262 2325 2332 2349 2356 2358 2358 2361 2375 2379 2384 2389 2393 2400 2403 
1640495728.175199 2403 2403 2405 2410 2414 2415 2417 2424 2433 2435 2436 2457 2482 2485 2501 
1640495728.530250 ### RSSI: -63, 3, 1640049676 ,1149 
1640495729.174704 ### DEBUG: Ticks: 1159, 16, 1 
1640495729.174999 1640049677 c0:98:e5:42:00:29 2565 
1640495729.175194 2257 2332 2374 2379 2383 2383 2386 2393 2395 2398 2400 2405 2405 2412 2414 
1640495729.175383 2414 2419 2419 2423 2431 2433 2435 2440 2445 2449 2456 2463 2492 2496 2519 
1640495729.537562 ### RSSI: -62, 33, 1640049677 ,1165 
1640495730.172861 ### ERROR: Failed reading SquarePoint packet length
1640495730.533358 ### RSSI: -57, 14, 1640049678 ,1180 
1640495731.528074 ### RSSI: -58, 16, 1640049679 ,1196 
1640495732.174818 ### DEBUG: Ticks: 1206, 47, 1 
1640495732.175117 1640049680 c0:98:e5:42:00:29 2521 
1640495732.175312 2233 2311 2325 2327 2334 2335 2340 2347 2350 2360 2363 2365 2371 2373 2374 
1640495732.175497 2376 2381 2384 2384 2385 2386 2389 2393 2403 2414 2427 2434 2449 2488 2507 
1640495732.534673 ### RSSI: -57, 15, 1640049680 ,1212 
1640495733.175059 ### DEBUG: Ticks: 1222, 16, 1 
1640495733.175343 1640049681 c0:98:e5:42:00:29 2562 
1640495733.175537 2367 2397 2408 2416 2418 2420 2426 2435 2437 2438 2446 2449 2450 2461 2469 
1640495733.175776 2470 2473 2476 2484 2489 2490 2494 2495 2495 2496 2503 2509 2533 2542 2553 
1640495733.531171 ### RSSI: -71, 7, 1640049681 ,1227 
1640495734.169007 ### DEBUG: Ticks: 1237, 15, 1 
1640495734.169300 1640049682 c0:98:e5:42:00:29 2533 
1640495734.169499 2262 2333 2351 2355 2356 2371 2371 2383 2397 2399 2403 2414 2415 2417 2418 
1640495734.169691 2419 2419 2420 2423 2427 2427 2428 2428 2436 2448 2452 2458 2500 2508 2541 
1640495734.537108 ### RSSI: -61, 26, 1640049682 ,1243 
1640495735.168494 ### DEBUG: Ticks: 1253, 16, 1 
1640495735.168791 1640049683 c0:98:e5:42:00:29 2528 
1640495735.180009 2198 2202 2280 2298 2301 2304 2306 2311 2313 2316 2318 2325 2328 2333 2335 
1640495735.180254 2346 2348 2351 2355 2357 2358 2361 2365 2366 2368 2386 2394 2399 2451 2461 
1640495735.535519 ### RSSI: -57, 14, 1640049683 ,1258 
1640495736.169953 ### DEBUG: Ticks: 1268, 15, 1 
1640495736.170251 1640049684 c0:98:e5:42:00:29 2489 
1640495736.170449 2226 2289 2309 2311 2311 2316 2316 2319 2324 2329 2330 2334 2351 2352 2357 
1640495736.170636 2361 2362 2368 2371 2372 2372 2374 2381 2389 2392 2398 2411 2418 2446 2473 
1640495736.531325 ### RSSI: -58, 18, 1640049684 ,1274 
1640495737.745849 
1640495737.746147 ----------------------------------------------
1640495737.746331 ### WARNING: Chip experienced a reset with reason 2
1640495737.995010 ### INFO: Bluetooth address: c0:98:e5:42:00:2c
1640495738.005089 ### DEBUG: Time is 00:00:00, 2000/00/00
1640495738.005324 ### INFO: Time is 00:00:00, 2000/00/00
1640495738.101828 ### INFO: Initializing SD Card...
1640495741.689329 ### INFO: Connecting to the SquarePoint module...
1640495741.689632 ### INFO: SquarePoint module connection successful
1640495741.689847 ### INFO: Device is now STATIONARY
1640495741.690036 ### INFO: Battery voltage currently 4131 mV
1640495741.850291 ### INFO: SD card flushed!
1640495741.872868 ### INFO: SD card flushed!
1640495741.873196 ### DEBUG: BLE START SCANNING called
1640495742.169496 ### DEBUG: Ticks: 69, 69, 0 
1640495742.169822 1640049690 c0:98:e5:42:00:29 2563 
1640495742.170053 2338 2374 2387 2394 2401 2408 2412 2429 2430 2430 2433 2442 2443 2447 2452 
1640495742.170240 2454 2455 2459 2461 2471 2481 2482 2485 2488 2490 2497 2499 2520 2532 2533 
1640495742.170429 ### INFO: Switched Scheduler EUI from 00:00:00:00:00:00 to c0:98:e5:42:00:2c
1640495742.180457 ### DEBUG: BLE STOP SCANNING called
1640495742.687917 ### DEBUG: BLE START SCANNING called
1640495743.172243 ### DEBUG: Ticks: 84, 15, 0 
1640495743.172546 1640049691 c0:98:e5:42:00:29 2557 
1640495743.172744 2328 2357 2367 2378 2393 2400 2406 2409 2411 2423 2431 2432 2433 2433 2439 
1640495743.172932 2439 2441 2442 2445 2451 2461 2462 2464 2469 2471 2473 2477 2533 2541 2554 
1640495743.792718 ### addr: c0:98:e5:42:00:29 
1640495743.793007 ### on_adv_report outer RSSI: -60, time:1640049692 
1640495743.793202 ### INFO: Discovered new device: c0:98:e5:42:00:29
1640495743.793378 ### DEBUG: connected? already connected
1640495743.793563 ### DEBUG: BLE START SCANNING called
1640495743.848708 ### BLE EVENT: 16, INFO: BLE CONNECTED!
1640495743.848987 ### DEBUG: BLE START SCANNING called
1640495743.849170 ### RSSI: -58, 12, 1640049692 ,95 
1640495743.849357 ### DEBUG: BLE START SCANNING called
1640495744.045329 ### RSSI: -64, 23, 1640049692 ,98 
1640495744.045617 ### DEBUG: BLE START SCANNING called
1640495744.147066 ### RSSI: -64, 36, 1640049692 ,99 
1640495744.147392 ### DEBUG: BLE START SCANNING called
1640495744.169739 ### ERROR: Failed reading SquarePoint packet length
1640495744.170043 ### DEBUG: BLE START SCANNING called
1640495744.247415 ### RSSI: -61, 2, 1640049692 ,101 
1640495744.247771 ### DEBUG: BLE START SCANNING called
1640495744.345982 ### RSSI: -69, 35, 1640049692 ,103 
1640495744.346279 ### DEBUG: BLE START SCANNING called
1640495744.443786 ### RSSI: -61, 32, 1640049692 ,104 
1640495744.456510 ### DEBUG: BLE START SCANNING called
1640495744.552523 ### RSSI: -58, 18, 1640049693 ,106 
1640495744.552825 ### DEBUG: BLE START SCANNING called
1640495744.651434 ### RSSI: -60, 26, 1640049693 ,107 
1640495744.651766 ### DEBUG: BLE START SCANNING called
1640495744.694250 ### DEBUG: BLE START SCANNING called
1640495744.749222 ### RSSI: -57, 15, 1640049693 ,109 
1640495744.749517 ### DEBUG: BLE START SCANNING called
1640495744.847306 ### RSSI: -65, 29, 1640049693 ,110 
1640495744.847660 ### DEBUG: BLE START SCANNING called
1640495744.943944 ### RSSI: -59, 21, 1640049693 ,112 
1640495744.955282 ### DEBUG: BLE START SCANNING called
1640495745.051079 ### RSSI: -61, 33, 1640049693 ,114 
1640495745.051234 ### DEBUG: BLE START SCANNING called
1640495745.147929 ### RSSI: -63, 30, 1640049693 ,115 
1640495745.148037 ### DEBUG: BLE START SCANNING called
1640495745.244899 ### RSSI: -69, 35, 1640049693 ,117 
1640495745.245094 ### DEBUG: BLE START SCANNING called
1640495745.353424 ### RSSI: -62, 21, 1640049693 ,118 
1640495745.353654 ### DEBUG: BLE START SCANNING called
1640495745.451033 ### RSSI: -63, 23, 1640049694 ,120 
1640495745.451310 ### DEBUG: BLE START SCANNING called
1640495745.548991 ### RSSI: -69, 35, 1640049694 ,121 
1640495745.549287 ### DEBUG: BLE START SCANNING called
1640495745.689176 ### DEBUG: BLE START SCANNING called
1640495746.175877 ### DEBUG: Ticks: 131, 47, 1 
1640495746.176193 1640049694 c0:98:e5:42:00:29 2528 
1640495746.176389 2291 2293 2294 2319 2338 2344 2349 2354 2355 2360 2365 2375 2379 2379 2383 
1640495746.176579 2384 2385 2387 2391 2393 2399 2407 2410 2411 2414 2419 2426 2451 2483 2488 
1640495746.176770 ### DEBUG: BLE START SCANNING called
1640495746.554801 ### RSSI: -61, 22, 1640049695 ,137 
1640495746.555055 ### DEBUG: BLE START SCANNING called
1640495746.690482 ### DEBUG: BLE START SCANNING called
1640495747.174445 ### DEBUG: Ticks: 147, 16, 1 
1640495747.174737 1640049695 c0:98:e5:42:00:29 2566 
1640495747.174934 2337 2357 2369 2372 2392 2408 2411 2416 2416 2418 2429 2433 2442 2442 2442 
1640495747.175214 2446 2448 2454 2459 2463 2464 2468 2468 2469 2486 2489 2491 2511 2532 2545 
1640495747.175401 ### DEBUG: BLE START SCANNING called
1640495747.553082 ### RSSI: -60, 11, 1640049696 ,153 
1640495747.553369 ### DEBUG: BLE START SCANNING called
1640495748.168283 ### DEBUG: Ticks: 162, 15, 1 
1640495748.168578 1640049696 c0:98:e5:42:00:29 2531 
1640495748.182660 2276 2318 2333 2346 2353 2356 2361 2362 2364 2368 2385 2387 2387 2388 2391 
1640495748.186457 2391 2398 2399 2402 2412 2414 2424 2428 2429 2434 2446 2451 2464 2475 2497 
1640495748.544472 ### RSSI: -63, 30, 1640049697 ,168 
1640495749.172638 ### DEBUG: Ticks: 178, 16, 1 
1640495749.172930 1640049697 c0:98:e5:42:00:29 2547 
1640495749.173124 2323 2357 2376 2385 2397 2408 2412 2412 2415 2423 2425 2427 2428 2439 2440 
1640495749.173313 2440 2441 2454 2460 2461 2461 2466 2466 2467 2473 2476 2480 2529 2535 2541 
1640495749.550031 ### RSSI: -59, 21, 1640049698 ,184 
1640495750.174833 ### DEBUG: Ticks: 194, 16, 1 
1640495750.175129 1640049698 c0:98:e5:42:00:29 2523 
1640495750.175325 2248 2276 2300 2316 2321 2322 2323 2326 2331 2337 2347 2350 2365 2370 2374 
1640495750.175514 2375 2376 2376 2376 2377 2379 2381 2383 2388 2388 2392 2401 2413 2433 2444 
1640495750.543793 ### RSSI: -57, 13, 1640049699 ,199 
1640495751.172127 ### DEBUG: Ticks: 209, 15, 1 
1640495751.172424 1640049699 c0:98:e5:42:00:29 2515 
1640495751.173577 2276 2324 2354 2358 2359 2362 2362 2363 2368 2369 2375 2384 2385 2391 2392 
1640495751.173772 2392 2397 2402 2404 2405 2419 2420 2424 2433 2447 2453 2463 2492 2492 2510 
1640495751.550160 ### RSSI: -61, 1, 1640049700 ,215 
1640495752.171621 ### DEBUG: Ticks: 225, 16, 1 
1640495752.171918 1640049700 c0:98:e5:42:00:29 2423 
1640495752.172142 2030 2052 2061 2065 2085 2099 2104 2104 2107 2115 2117 2123 2132 2140 2143 
1640495752.172358 2148 2150 2152 2156 2158 2159 2160 2161 2164 2173 2174 2176 2206 2222 2224 
1640495752.548667 ### RSSI: -68, 35, 1640049700 ,231 
1640495753.172908 ### DEBUG: Ticks: 240, 15, 1 
1640495753.173238 1640049701 c0:98:e5:42:00:29 2552 
1640495753.173435 2270 2354 2379 2381 2396 2401 2402 2404 2410 2412 2414 2416 2416 2418 2421 
1640495753.173624 2432 2434 2437 2439 2451 2452 2454 2459 2476 2483 2483 2497 2506 2555 2563 
1640495754.172681 ### DEBUG: Ticks: 256, 16, 1 
1640495754.172971 1640049702 c0:98:e5:42:00:29 2475 
1640495754.173168 2233 2242 2262 2267 2285 2295 2300 2315 2317 2317 2318 2318 2321 2322 2326 
1640495754.173357 2331 2333 2334 2338 2353 2354 2355 2356 2363 2365 2366 2366 2398 2405 2413 
1640495755.173945 ### DEBUG: Ticks: 272, 16, 1 
1640495755.174232 1640049703 c0:98:e5:42:00:29 2567 
1640495755.174426 2335 2411 2425 2426 2426 2433 2439 2451 2456 2457 2470 2474 2476 2477 2478 
1640495755.174613 2481 2481 2484 2484 2489 2494 2495 2497 2502 2503 2508 2535 2550 2560 2565 
1640495755.712109 ### BLE EVENT: 16, INFO: BLE CONNECTED!
1640495755.712390 ### RSSI: -61, 25, 1640049703 ,280 
1640495755.819840 ### RSSI: -61, 1, 1640049703 ,282 
1640495755.918607 ### RSSI: -57, 15, 1640049703 ,283 
1640495756.008835 ### RSSI: -60, 11, 1640049704 ,285 
1640495756.111218 ### RSSI: -59, 19, 1640049704 ,286 
1640495756.168675 ### DEBUG: Ticks: 287, 15, 1 
1640495756.168971 1640049704 c0:98:e5:42:00:29 2535 
1640495756.169169 2303 2320 2348 2376 2378 2389 2403 2404 2407 2410 2410 2410 2412 2420 2426 
1640495756.169359 2430 2436 2438 2438 2444 2446 2447 2453 2460 2461 2466 2474 2479 2498 2505 
1640495756.214175 ### RSSI: -62, 3, 1640049704 ,288 
1640495756.312535 ### RSSI: -71, 7, 1640049704 ,289 
1640495756.410921 ### RSSI: -59, 21, 1640049704 ,291 
1640495756.518067 ### RSSI: -63, 30, 1640049704 ,293 
1640495756.617924 ### RSSI: -62, 33, 1640049704 ,294 
1640495756.649921 ### BLE EVENT: 17, INFO: BLE DISCONNECTED!
1640495756.714992 ### RSSI: -59, 12, 1640049704 ,296 
1640495756.814184 ### RSSI: -76, 5, 1640049704 ,297 
1640495756.913175 ### RSSI: -58, 17, 1640049704 ,299 
1640495757.014095 ### RSSI: -62, 32, 1640049705 ,300 
1640495757.114066 ### RSSI: -62, 33, 1640049705 ,302 
1640495757.171320 ### DEBUG: Ticks: 303, 16, 0 
1640495757.171671 1640049705 c0:98:e5:42:00:29 2515 
1640495757.171871 2189 2227 2279 2282 2284 2295 2300 2305 2308 2310 2316 2320 2320 2324 2330 
1640495757.172085 2331 2336 2337 2337 2338 2338 2346 2351 2371 2378 2388 2393 2416 2417 2447 
1640495757.216516 ### RSSI: -65, 34, 1640049705 ,304 
1640495757.314276 ### RSSI: -62, 3, 1640049705 ,305 
1640495758.172867 ### ERROR: Failed reading SquarePoint packet length
1640495758.312302 ### RSSI: -75, 5, 1640049706 ,321 
1640495759.412175 ### RSSI: -64, 28, 1640049707 ,338 
1640495760.169602 ### DEBUG: Ticks: 350, 47, 0 
1640495760.170600 1640049708 c0:98:e5:42:00:29 2527 
1640495760.180667 2307 2351 2381 2383 2386 2387 2388 2411 2412 2413 2414 2415 2418 2419 2424 
1640495760.180912 2433 2437 2440 2440 2441 2444 2447 2448 2463 2464 2465 2476 2499 2530 2531 
1640495760.418537 ### RSSI: -63, 9, 1640049708 ,353 
1640495761.173738 ### DEBUG: Ticks: 365, 15, 0 
1640495761.174104 1640049709 c0:98:e5:42:00:29 2555 
1640495761.174289 2265 2328 2329 2358 2367 2368 2376 2385 2385 2391 2406 2409 2410 2416 2422 
1640495761.174478 2423 2423 2424 2424 2430 2430 2432 2436 2444 2446 2446 2456 2498 2512 2516 
1640495761.416990 ### RSSI: -60, 20, 1640049709 ,369 
1640495762.170262 ### DEBUG: Ticks: 381, 16, 0 
1640495762.170555 1640049710 c0:98:e5:42:00:29 2529 
1640495762.170752 2323 2343 2343 2384 2388 2389 2390 2392 2397 2403 2414 2414 2417 2417 2418 
1640495762.170940 2421 2436 2438 2440 2444 2445 2447 2452 2455 2468 2472 2483 2491 2506 2510 
1640495762.417825 ### RSSI: -63, 23, 1640049710 ,385 
1640495763.168930 ### DEBUG: Ticks: 397, 16, 0 
1640495763.169226 1640049711 c0:98:e5:42:00:29 2526 
1640495763.180961 2248 2259 2320 2333 2334 2337 2340 2344 2345 2354 2357 2363 2366 2368 2369 
1640495763.181255 2373 2374 2376 2379 2380 2394 2395 2409 2411 2414 2424 2432 2459 2464 2491 
1640495763.416244 ### RSSI: -57, 16, 1640049711 ,400 
1640495764.169537 ### DEBUG: Ticks: 412, 15, 0 
1640495764.169829 1640049712 c0:98:e5:42:00:29 2516 
1640495764.170025 2212 2281 2302 2304 2304 2307 2314 2315 2316 2318 2319 2324 2337 2338 2338 
1640495764.170213 2347 2348 2350 2354 2356 2361 2367 2374 2377 2383 2387 2390 2412 2436 2441 
1640495764.408286 ### RSSI: -60, 20, 1640049712 ,416 
1640495765.169410 ### DEBUG: Ticks: 428, 16, 0 
1640495765.169703 1640049713 c0:98:e5:42:00:29 2522 
1640495765.169901 2308 2323 2333 2347 2375 2383 2383 2393 2399 2400 2402 2403 2404 2407 2412 
1640495765.181099 2413 2413 2413 2418 2426 2426 2429 2429 2430 2438 2447 2452 2481 2503 2504 
1640495765.411843 ### RSSI: -61, 1, 1640049713 ,432 
1640495766.171677 ### DEBUG: Ticks: 443, 15, 0 
1640495766.171964 1640049714 c0:98:e5:42:00:29 2517 
1640495766.172160 2266 2269 2339 2345 2346 2346 2364 2375 2381 2382 2383 2384 2391 2395 2398 
1640495766.172348 2399 2401 2408 2410 2418 2421 2422 2435 2438 2439 2439 2439 2442 2447 2461 
1640495766.417755 ### RSSI: -59, 19, 1640049714 ,447 
1640495767.171175 ### DEBUG: Ticks: 459, 16, 0 
1640495767.171466 1640049715 c0:98:e5:42:00:29 2549 
1640495767.172184 2307 2316 2369 2372 2376 2380 2384 2399 2401 2407 2409 2415 2417 2419 2419 
1640495767.172399 2426 2428 2429 2444 2446 2448 2450 2455 2458 2461 2475 2490 2492 2500 2503 
1640495767.408834 ### RSSI: -64, 30, 1640049715 ,463 
1640495768.173914 ### DEBUG: Ticks: 475, 16, 0 
1640495768.174204 1640049716 c0:98:e5:42:00:29 2521 
1640495768.174387 2275 2352 2352 2372 2377 2385 2390 2404 2405 2407 2409 2415 2415 2417 2421 
1640495768.174598 2429 2432 2438 2440 2441 2441 2441 2451 2451 2452 2455 2479 2488 2497 2510 
1640495768.413916 ### RSSI: -62, 32, 1640049716 ,478 
1640495769.176567 ### DEBUG: Ticks: 490, 15, 0 
1640495769.176858 1640049717 c0:98:e5:42:00:29 2508 
1640495769.177053 2260 2315 2322 2345 2346 2349 2349 2356 2360 2364 2367 2369 2370 2371 2377 
1640495769.177241 2377 2379 2382 2387 2388 2393 2399 2415 2417 2420 2423 2441 2461 2486 2486 
1640495769.411194 ### RSSI: -59, 11, 1640049717 ,494 
1640495770.173591 ### DEBUG: Ticks: 506, 16, 0 
1640495770.173883 1640049718 c0:98:e5:42:00:29 2537 
1640495770.174080 2260 2336 2338 2343 2345 2346 2347 2357 2358 2366 2368 2371 2374 2375 2379 
1640495770.174266 2382 2391 2395 2398 2408 2408 2409 2409 2416 2424 2429 2431 2458 2461 2474 
1640495770.411970 ### RSSI: -59, 19, 1640049719 ,510 
1640495771.168324 ### DEBUG: Ticks: 522, 16, 0 
1640495771.168611 1640049719 c0:98:e5:42:00:29 2565 
1640495771.180833 2301 2369 2383 2392 2392 2394 2399 2399 2401 2411 2423 2423 2423 2437 2441 
1640495771.181078 2441 2446 2453 2458 2458 2465 2465 2472 2476 2479 2486 2498 2526 2526 2535 
1640495771.411000 ### RSSI: -64, 9, 1640049720 ,525 
1640495772.171018 ### DEBUG: Ticks: 537, 15, 0 
1640495772.171312 1640049720 c0:98:e5:42:00:29 2547 
1640495772.171510 2285 2308 2362 2367 2381 2388 2404 2404 2407 2409 2411 2411 2416 2416 2420 
1640495772.171752 2423 2425 2432 2434 2444 2451 2454 2458 2463 2463 2470 2486 2503 2505 2545 
1640495772.412300 ### RSSI: -58, 16, 1640049721 ,541 
1640495773.172382 ### ERROR: Failed reading SquarePoint packet length
1640495773.413012 ### RSSI: -61, 2, 1640049722 ,557 
1640495774.409591 ### RSSI: -75, 6, 1640049723 ,572 
1640495775.169085 ### DEBUG: Ticks: 584, 47, 0 
1640495775.169369 1640049723 c0:98:e5:42:00:29 2497 
1640495775.183862 2232 2270 2281 2314 2316 2317 2318 2319 2327 2334 2334 2336 2342 2345 2351 
1640495775.188731 2353 2358 2360 2368 2371 2373 2374 2376 2382 2390 2401 2405 2444 2449 2452 
1640495775.407840 ### RSSI: -61, 26, 1640049724 ,588 
1640495776.169633 ### DEBUG: Ticks: 600, 16, 0 
1640495776.169925 1640049724 c0:98:e5:42:00:29 2520 
1640495776.170120 2298 2314 2334 2336 2337 2347 2350 2352 2358 2367 2369 2390 2393 2395 2397 
1640495776.170308 2399 2403 2405 2408 2410 2419 2419 2429 2434 2435 2436 2436 2453 2484 2502 
1640495776.412245 ### RSSI: -62, 31, 1640049724 ,603 
1640495777.171840 ### DEBUG: Ticks: 615, 15, 0 
1640495777.172128 1640049725 c0:98:e5:42:00:29 2542 
1640495777.172325 2337 2337 2382 2397 2402 2420 2422 2423 2425 2426 2431 2435 2435 2437 2444 
1640495777.172510 2450 2453 2456 2463 2466 2469 2480 2481 2481 2490 2493 2500 2528 2536 2541 
1640495777.418438 ### RSSI: -57, 15, 1640049725 ,619 
1640495778.175255 ### DEBUG: Ticks: 631, 16, 0 
1640495778.175550 1640049726 c0:98:e5:42:00:29 2544 
1640495778.175789 2304 2346 2362 2363 2367 2372 2375 2381 2382 2388 2392 2399 2399 2406 2407 
1640495778.176008 2411 2413 2419 2420 2420 2435 2444 2445 2446 2448 2448 2454 2467 2474 2474 
1640495778.408477 ### RSSI: -61, 22, 1640049726 ,635 
1640495779.175299 ### DEBUG: Ticks: 646, 15, 0 
1640495779.175640 1640049727 c0:98:e5:42:00:29 2559 
1640495779.175840 2311 2342 2375 2383 2387 2388 2401 2404 2409 2414 2416 2419 2420 2430 2431 
1640495779.176063 2433 2438 2439 2442 2444 2446 2448 2450 2450 2452 2459 2465 2500 2526 2544 
1640495779.412425 ### RSSI: -60, 20, 1640049727 ,650 
1640495779.594783 ### INFO: SD card flushed!
1640495780.169896 ### DEBUG: Ticks: 662, 16, 0 
1640495780.170274 1640049728 c0:98:e5:42:00:29 2528 
1640495780.170473 2272 2293 2310 2314 2324 2329 2341 2343 2350 2352 2362 2366 2366 2368 2369 
1640495780.184681 2371 2371 2380 2384 2387 2399 2400 2401 2425 2425 2427 2429 2430 2478 2479 
1640495780.408228 ### RSSI: -62, 33, 1640049728 ,666 
1640495781.172003 ### DEBUG: Ticks: 678, 16, 0 
1640495781.172297 1640049729 c0:98:e5:42:00:29 2532 
1640495781.172493 2300 2319 2343 2360 2365 2366 2371 2379 2382 2383 2383 2386 2393 2396 2397 
1640495781.172679 2397 2399 2401 2401 2413 2418 2425 2436 2439 2442 2445 2446 2480 2493 2507 
1640495781.408130 ### RSSI: -60, 25, 1640049729 ,681 
1640495782.170411 ### DEBUG: Ticks: 693, 15, 0 
1640495782.170706 1640049730 c0:98:e5:42:00:29 2493 
1640495782.170933 2292 2302 2310 2318 2319 2320 2326 2327 2336 2345 2349 2350 2351 2356 2359 
1640495782.171121 2368 2376 2378 2381 2385 2393 2395 2396 2396 2398 2398 2408 2434 2442 2446 
1640495782.415882 ### RSSI: -67, 8, 1640049730 ,697 
1640495783.170148 ### DEBUG: Ticks: 709, 16, 0 
1640495783.170439 1640049731 c0:98:e5:42:00:29 2526 
1640495783.170633 2291 2295 2319 2330 2351 2352 2354 2359 2359 2364 2365 2373 2377 2378 2380 
1640495783.170819 2387 2390 2392 2393 2394 2396 2400 2401 2410 2412 2417 2438 2446 2465 2482 
1640495783.408412 ### RSSI: -64, 30, 1640049731 ,713 
1640495784.171946 ### DEBUG: Ticks: 725, 16, 0 
1640495784.172269 1640049732 c0:98:e5:42:00:29 2558 
1640495784.172461 2357 2360 2394 2404 2406 2409 2418 2419 2422 2436 2436 2443 2446 2448 2457 
1640495784.172651 2460 2463 2466 2466 2475 2476 2481 2483 2486 2487 2499 2501 2516 2522 2557 
1640495784.409002 ### RSSI: -60, 22, 1640049732 ,728 
1640495785.172922 ### DEBUG: Ticks: 740, 15, 0 
1640495785.173217 1640049733 c0:98:e5:42:00:29 2554 
1640495785.173413 2299 2338 2341 2355 2356 2361 2367 2370 2370 2376 2391 2395 2399 2401 2402 
1640495785.173599 2407 2423 2424 2426 2428 2431 2431 2436 2439 2440 2449 2449 2454 2469 2495 
1640495785.409837 ### RSSI: -57, 15, 1640049733 ,744 
1640495786.174973 ### DEBUG: Ticks: 756, 16, 0 
1640495786.175271 1640049734 c0:98:e5:42:00:29 2557 
1640495786.175469 2313 2333 2350 2352 2355 2365 2371 2378 2380 2383 2385 2391 2392 2398 2400 
1640495786.175718 2402 2411 2415 2415 2419 2419 2420 2433 2438 2440 2442 2454 2464 2476 2479 
1640495786.413335 ### RSSI: -60, 10, 1640049734 ,760 
1640495787.175386 ### DEBUG: Ticks: 771, 15, 0 
1640495787.175760 1640049735 c0:98:e5:42:00:29 2539 
1640495787.175955 2352 2388 2394 2398 2404 2406 2407 2426 2426 2427 2433 2435 2437 2452 2454 
1640495787.176182 2454 2456 2458 2460 2462 2462 2467 2475 2477 2482 2483 2500 2516 2519 2521 
1640495787.413272 ### RSSI: -61, 2, 1640049735 ,775 
1640495788.168610 ### ERROR: Failed reading SquarePoint packet length
1640495788.417334 ### RSSI: -57, 15, 1640049736 ,791 
1640495790.169929 ### DEBUG: Ticks: 818, 47, 0 
1640495790.170217 1640049738 c0:98:e5:42:00:29 2577 
1640495790.170411 2334 2338 2370 2373 2378 2380 2382 2384 2392 2398 2399 2405 2406 2412 2414 
1640495790.170597 2415 2421 2424 2424 2428 2428 2440 2445 2452 2455 2458 2469 2491 2492 2504 
1640495791.173266 ### DEBUG: Ticks: 834, 16, 0 
1640495791.173549 1640049739 c0:98:e5:42:00:29 2559 
1640495791.173743 2341 2346 2376 2378 2396 2397 2403 2406 2417 2417 2424 2429 2432 2433 2435 
1640495791.173930 2436 2442 2449 2450 2453 2455 2456 2459 2461 2461 2469 2483 2510 2513 2515 
1640495792.170787 ### DEBUG: Ticks: 850, 16, 0 
1640495792.171056 1640049740 c0:98:e5:42:00:29 2575 
1640495792.171249 2373 2386 2401 2407 2407 2413 2424 2432 2439 2444 2450 2451 2451 2457 2462 
1640495792.171434 2466 2471 2474 2477 2482 2488 2489 2497 2498 2499 2514 2515 2518 2536 2562 
1640495792.513580 ### BLE EVENT: 17, INFO: BLE DISCONNECTED!
1640495793.170379 ### DEBUG: Ticks: 865, 15, 0 
1640495793.170667 1640049741 c0:98:e5:42:00:29 2582 
1640495793.170862 2358 2414 2422 2422 2430 2432 2434 2442 2444 2463 2464 2468 2469 2470 2476 
1640495793.171051 2478 2483 2483 2495 2495 2495 2496 2497 2503 2511 2529 2533 2548 2553 0 
1640495793.620551 ### BLE EVENT: 16, INFO: BLE CONNECTED!
1640495793.620860 ### RSSI: -57, 16, 1640049742 ,872 
1640495793.716525 ### RSSI: -57, 15, 1640049742 ,874 
1640495793.814371 ### RSSI: -58, 11, 1640049742 ,875 
1640495793.911827 ### RSSI: -56, 17, 1640049742 ,877 
1640495794.018118 ### RSSI: -64, 9, 1640049742 ,878 
1640495794.115949 ### RSSI: -61, 24, 1640049742 ,880 
1640495794.170164 ### DEBUG: Ticks: 881, 16, 0 
1640495794.170450 1640049742 c0:98:e5:42:00:29 2541 
1640495794.170642 2306 2315 2340 2348 2350 2355 2359 2367 2371 2375 2379 2389 2391 2395 2396 
1640495794.170829 2406 2408 2408 2411 2411 2411 2412 2420 2426 2431 2434 2453 2478 2479 2485 
1640495794.215053 ### RSSI: -59, 26, 1640049742 ,881 
1640495794.311100 ### RSSI: -74, 7, 1640049742 ,883 
1640495794.419571 ### RSSI: -59, 11, 1640049743 ,885 
1640495794.521248 ### RSSI: -60, 26, 1640049743 ,886 
1640495794.611508 ### RSSI: -59, 19, 1640049743 ,888 
1640495794.710805 ### RSSI: -69, 35, 1640049743 ,889 
1640495794.813199 ### RSSI: -57, 18, 1640049743 ,891 
1640495794.915446 ### RSSI: -58, 26, 1640049743 ,892 
1640495795.014488 ### RSSI: -69, 28, 1640049743 ,894 
1640495795.115703 ### RSSI: -64, 31, 1640049743 ,896 
1640495795.172580 ### DEBUG: Ticks: 896, 15, 0 
1640495795.172870 1640049743 c0:98:e5:42:00:29 2571 
1640495795.173067 2315 2372 2377 2384 2391 2403 2405 2407 2409 2410 2428 2430 2436 2443 2446 
1640495795.173299 2448 2448 2449 2449 2450 2452 2454 2458 2462 2465 2473 2489 2514 2521 2533 
1640495795.215975 ### RSSI: -64, 9, 1640049743 ,897 
1640495796.167017 ### DEBUG: Ticks: 912, 16, 0 
1640495796.178187 1640049744 c0:98:e5:42:00:29 2511 
1640495796.178462 2272 2331 2333 2339 2348 2358 2358 2360 2365 2370 2370 2375 2377 2385 2388 
1640495796.178671 2390 2391 2392 2394 2401 2404 2405 2407 2416 2420 2431 2470 2472 2473 2474 
1640495796.211766 ### RSSI: -60, 25, 1640049744 ,913 
1640495797.174052 ### DEBUG: Ticks: 928, 16, 0 
1640495797.174336 1640049745 c0:98:e5:42:00:29 2562 
1640495797.174531 2358 2379 2401 2407 2409 2409 2409 2413 2419 2440 2444 2446 2447 2449 2449 
1640495797.174720 2449 2452 2470 2473 2476 2478 2479 2480 2489 2489 2490 2493 2520 2540 2545 
1640495797.216628 ### RSSI: -61, 2, 1640049745 ,928 
1640495798.175912 ### DEBUG: Ticks: 943, 15, 0 
1640495798.176205 1640049746 c0:98:e5:42:00:29 2494 
1640495798.176398 2240 2253 2282 2289 2304 2305 2313 2316 2317 2319 2323 2326 2326 2332 2339 
1640495798.176584 2346 2348 2349 2354 2359 2363 2368 2368 2373 2379 2380 2392 2419 2439 2440 
1640495798.218867 ### RSSI: -57, 15, 1640049746 ,944 
1640495799.173182 ### DEBUG: Ticks: 959, 16, 0 
1640495799.173474 1640049747 c0:98:e5:42:00:29 2553 
1640495799.173668 2271 2290 2290 2323 2324 2328 2339 2343 2351 2357 2358 2361 2362 2363 2368 
1640495799.173855 2377 2379 2381 2384 2385 2392 2395 2396 2404 2406 2406 2410 2423 2465 2465 
1640495799.217846 ### RSSI: -60, 22, 1640049748 ,960 
1640495800.174406 ### DEBUG: Ticks: 975, 16, 0 
1640495800.174692 1640049748 c0:98:e5:42:00:29 2512 
1640495800.174885 2295 2319 2338 2346 2350 2351 2358 2360 2362 2364 2365 2366 2368 2378 2379 
1640495800.175070 2385 2400 2401 2401 2403 2407 2416 2422 2431 2438 2447 2448 2454 2466 2489 
1640495800.218920 ### RSSI: -75, 6, 1640049748 ,975 
1640495801.170965 ### DEBUG: Ticks: 990, 15, 0 
1640495801.171282 1640049749 c0:98:e5:42:00:29 2572 
1640495801.171479 2384 2390 2426 2431 2433 2436 2436 2440 2447 2453 2453 2455 2464 2471 2473 
1640495801.171728 2474 2475 2481 2483 2486 2496 2497 2506 2507 2509 2511 2541 2571 2571 0 
1640495801.214998 ### RSSI: -64, 33, 1640049749 ,991 
1640495802.172206 ### ERROR: Failed reading SquarePoint packet length
1640495802.216991 ### RSSI: -57, 18, 1640049750 ,1006 
1640495803.216035 ### RSSI: -65, 30, 1640049751 ,1022 
1640495804.171085 ### DEBUG: Ticks: 1037, 47, 0 
1640495804.171377 1640049752 c0:98:e5:42:00:29 2506 
1640495804.171560 2283 2315 2321 2329 2332 2345 2352 2354 2358 2359 2364 2369 2371 2372 2380 
1640495804.171801 2380 2387 2388 2390 2404 2404 2412 2419 2419 2421 2428 2433 2464 2473 2483 
1640495804.214738 ### RSSI: -60, 26, 1640049752 ,1038 
1640495805.173410 ### DEBUG: Ticks: 1053, 16, 0 
1640495805.173708 1640049753 c0:98:e5:42:00:29 2593 
1640495805.173905 2380 2391 2410 2424 2434 2437 2441 2444 2447 2451 2464 2465 2467 2469 2470 
1640495805.174095 2475 2486 2486 2489 2490 2494 2503 2508 2512 2515 2517 2532 2550 2551 2554 
1640495805.220290 ### RSSI: -64, 33, 1640049753 ,1053 
1640495806.176124 ### DEBUG: Ticks: 1068, 15, 0 
1640495806.176440 1640049754 c0:98:e5:42:00:29 2571 
1640495806.176635 2346 2353 2358 2392 2393 2401 2412 2415 2415 2416 2419 2420 2429 2430 2436 
1640495806.176821 2438 2440 2446 2448 2452 2453 2453 2457 2463 2466 2467 2468 2486 2505 2517 
1640495806.219316 ### RSSI: -57, 12, 1640049754 ,1069 
1640495807.171964 ### DEBUG: Ticks: 1084, 16, 0 
1640495807.172253 1640049755 c0:98:e5:42:00:29 2566 
1640495807.172445 2355 2356 2381 2406 2410 2413 2417 2417 2424 2430 2437 2439 2440 2442 2443 
1640495807.172632 2444 2448 2448 2451 2456 2459 2460 2461 2469 2471 2471 2472 2508 2509 2535 
1640495807.216633 ### RSSI: -59, 19, 1640049755 ,1085 
1640495808.169647 ### DEBUG: Ticks: 1099, 15, 0 
1640495808.169938 1640049756 c0:98:e5:42:00:29 2546 
1640495808.184058 2281 2282 2317 2328 2329 2341 2342 2343 2344 2350 2352 2353 2355 2358 2362 
1640495808.187740 2367 2369 2378 2379 2379 2382 2383 2394 2401 2412 2417 2422 2430 2461 2474 
1640495808.213847 ### RSSI: -60, 25, 1640049756 ,1100 
1640495809.170435 ### DEBUG: Ticks: 1115, 16, 0 
1640495809.170730 1640049757 c0:98:e5:42:00:29 2565 
1640495809.170931 2365 2391 2392 2397 2411 2415 2416 2423 2438 2441 2442 2442 2445 2445 2446 
1640495809.171120 2449 2459 2467 2471 2478 2479 2481 2488 2491 2492 2492 2501 2511 2559 2594 
1640495809.213075 ### RSSI: -63, 9, 1640049757 ,1116 
1640495810.176937 ### DEBUG: Ticks: 1131, 16, 0 
1640495810.177225 1640049758 c0:98:e5:42:00:29 2565 
1640495810.177419 2371 2375 2424 2425 2425 2431 2434 2444 2448 2456 2460 2462 2466 2468 2469 
1640495810.177634 2470 2472 2482 2487 2492 2496 2501 2501 2506 2507 2523 2526 2578 2580 2586 
1640495810.209933 ### RSSI: -72, 5, 1640049758 ,1131 
1640495811.173953 ### DEBUG: Ticks: 1146, 15, 0 
1640495811.174246 1640049759 c0:98:e5:42:00:29 2504 
1640495811.174440 2291 2332 2334 2346 2347 2351 2353 2360 2372 2373 2374 2382 2383 2386 2392 
1640495811.174633 2397 2408 2411 2412 2413 2419 2420 2422 2423 2426 2429 2435 2466 2476 2480 
1640495811.217388 ### RSSI: -64, 4, 1640049759 ,1147 
1640495812.177922 ### DEBUG: Ticks: 1162, 16, 0 
1640495812.178215 1640049760 c0:98:e5:42:00:29 2517 
1640495812.178408 2331 2338 2342 2357 2363 2370 2375 2389 2392 2403 2406 2411 2413 2415 2423 
1640495812.178594 2425 2432 2434 2441 2442 2445 2446 2449 2453 2454 2455 2464 2490 2498 2499 
1640495812.211858 ### RSSI: -65, 30, 1640049760 ,1163 
1640495813.170577 ### DEBUG: Ticks: 1178, 16, 0 
1640495813.170874 1640049761 c0:98:e5:42:00:29 2574 
1640495813.171069 2358 2369 2388 2396 2398 2412 2413 2420 2420 2421 2436 2438 2442 2445 2450 
1640495813.171263 2462 2463 2467 2476 2481 2481 2482 2482 2488 2488 2493 2501 2526 2526 2532 
1640495813.214673 ### RSSI: -60, 27, 1640049761 ,1178 
1640495814.170622 ### DEBUG: Ticks: 1193, 15, 0 
1640495814.170901 1640049762 c0:98:e5:42:00:29 2537 
1640495814.171096 2300 2322 2330 2338 2345 2350 2351 2355 2363 2376 2377 2385 2388 2392 2396 
1640495814.171285 2397 2403 2407 2413 2420 2427 2428 2432 2433 2441 2441 2447 2487 2492 2515 
1640495814.215019 ### RSSI: -57, 12, 1640049762 ,1194 
1640495815.176306 ### DEBUG: Ticks: 1209, 16, 0 
1640495815.176594 1640049763 c0:98:e5:42:00:29 2552 
1640495815.176790 2298 2369 2372 2378 2385 2389 2396 2397 2399 2408 2412 2413 2415 2418 2422 
1640495815.176976 2426 2426 2434 2437 2438 2448 2449 2452 2473 2475 2483 2484 2503 2525 2543 
1640495815.208814 ### RSSI: -73, 5, 1640049763 ,1209 
1640495816.170033 ### DEBUG: Ticks: 1224, 15, 0 
1640495816.170328 1640049764 c0:98:e5:42:00:29 2547 
1640495816.170519 2344 2365 2377 2377 2382 2386 2388 2389 2391 2402 2403 2414 2419 2433 2435 
1640495816.170705 2436 2442 2445 2447 2450 2452 2457 2459 2461 2464 2466 2489 2496 2501 2525 
1640495816.213696 ### RSSI: -62, 0, 1640049764 ,1225 
1640495817.687491 
1640495817.687830 ----------------------------------------------
1640495817.688012 ### WARNING: Chip experienced a reset with reason 2
1640495817.937830 ### INFO: Bluetooth address: c0:98:e5:42:00:2c
1640495817.938124 ### DEBUG: Time is 00:00:00, 2000/00/00
1640495817.938308 ### INFO: Time is 00:00:00, 2000/00/00
1640495818.045350 ### INFO: Initializing SD Card...
1640495821.508673 ### INFO: Connecting to the SquarePoint module...
1640495821.521902 ### INFO: SquarePoint module connection successful
1640495821.523936 ### INFO: Device is now STATIONARY
1640495821.526283 ### INFO: Battery voltage currently 4131 mV
1640495821.663107 ### INFO: SD card flushed!
1640495821.685884 ### INFO: SD card flushed!
1640495821.686187 ### DEBUG: BLE START SCANNING called
1640495822.172138 ### DEBUG: Ticks: 70, 70, 0 
1640495822.173170 1640049770 c0:98:e5:42:00:29 2544 
1640495822.173364 2355 2383 2385 2390 2391 2407 2408 2422 2430 2434 2436 2437 2439 2440 2440 
1640495822.173540 2456 2457 2460 2467 2473 2473 2477 2481 2488 2495 2499 2518 2536 2536 2548 
1640495822.173713 ### INFO: Switched Scheduler EUI from 00:00:00:00:00:00 to c0:98:e5:42:00:2c
1640495822.173885 ### DEBUG: BLE STOP SCANNING called
1640495822.516359 ### DEBUG: BLE START SCANNING called
1640495823.173000 ### DEBUG: Ticks: 85, 15, 0 
1640495823.173292 1640049771 c0:98:e5:42:00:29 2554 
1640495823.173488 2298 2332 2342 2365 2371 2372 2373 2378 2379 2393 2397 2398 2408 2413 2415 
1640495823.173699 2416 2420 2427 2431 2432 2434 2439 2442 2443 2447 2475 2476 2509 2543 0 
1640495823.616308 ### addr: c0:98:e5:42:00:29 
1640495823.616597 ### on_adv_report outer RSSI: -58, time:1640049772 
1640495823.616789 ### INFO: Discovered new device: c0:98:e5:42:00:29
1640495823.616964 ### DEBUG: connected? already connected
1640495823.617148 ### DEBUG: BLE START SCANNING called
1640495823.673674 ### BLE EVENT: 16, INFO: BLE CONNECTED!
1640495823.673965 ### DEBUG: BLE START SCANNING called
1640495823.674147 ### RSSI: -65, 33, 1640049772 ,93 
1640495823.674335 ### DEBUG: BLE START SCANNING called
1640495823.771383 ### RSSI: -61, 3, 1640049772 ,95 
1640495823.771719 ### DEBUG: BLE START SCANNING called
1640495823.868947 ### RSSI: -72, 5, 1640049772 ,96 
1640495823.869240 ### DEBUG: BLE START SCANNING called
1640495823.967320 ### RSSI: -62, 3, 1640049772 ,98 
1640495823.967667 ### DEBUG: BLE START SCANNING called
1640495824.069851 ### RSSI: -61, 26, 1640049772 ,99 
1640495824.070113 ### DEBUG: BLE START SCANNING called
1640495824.172121 ### RSSI: -67, 20, 1640049772 ,101 
1640495824.172412 ### DEBUG: Ticks: 101, 16, 1 
1640495824.172630 1640049772 c0:98:e5:42:00:29 2534 
1640495824.172818 2308 2329 2338 2352 2352 2353 2355 2359 2362 2376 2381 2383 2385 2390 2392 
1640495824.172993 2397 2402 2404 2409 2411 2413 2414 2418 2421 2432 2439 2451 2454 2458 2479 
1640495824.173179 ### DEBUG: BLE START SCANNING called
1640495824.271911 ### RSSI: -57, 18, 1640049772 ,102 
1640495824.272202 ### DEBUG: BLE START SCANNING called
1640495824.368261 ### RSSI: -66, 4, 1640049772 ,104 
1640495824.368559 ### DEBUG: BLE START SCANNING called
1640495824.465451 ### RSSI: -58, 11, 1640049773 ,105 
1640495824.476757 ### DEBUG: BLE START SCANNING called
1640495824.510193 ### DEBUG: BLE START SCANNING called
1640495825.171577 ### DEBUG: Ticks: 116, 15, 1 
1640495825.171908 1640049773 c0:98:e5:42:00:29 2536 
1640495825.172100 2328 2339 2365 2365 2374 2381 2383 2385 2396 2399 2400 2400 2403 2404 2409 
1640495825.172285 2412 2414 2428 2435 2436 2441 2441 2441 2443 2450 2470 2478 2485 2503 2522 
1640495825.172498 ### DEBUG: BLE START SCANNING called
1640495825.473071 ### RSSI: -60, 25, 1640049774 ,121 
1640495825.473355 ### DEBUG: BLE START SCANNING called
1640495825.517157 ### DEBUG: BLE START SCANNING called
1640495826.176706 ### DEBUG: Ticks: 132, 16, 1 
1640495826.176993 1640049774 c0:98:e5:42:00:29 2573 
1640495826.177188 2361 2400 2401 2405 2406 2415 2422 2428 2428 2428 2430 2437 2437 2440 2445 
1640495826.177373 2446 2453 2454 2456 2462 2462 2464 2464 2469 2482 2504 2505 2512 2517 2533 
1640495826.177561 ### DEBUG: BLE START SCANNING called
1640495826.517878 ### DEBUG: BLE START SCANNING called
1640495827.176627 ### DEBUG: Ticks: 148, 16, 1 
1640495827.176918 1640049775 c0:98:e5:42:00:29 2490 
1640495827.177113 2225 2234 2239 2251 2266 2272 2280 2280 2283 2287 2300 2302 2310 2313 2319 
1640495827.177301 2320 2323 2325 2328 2330 2334 2334 2334 2338 2346 2356 2369 2379 2381 2381 
1640495827.177488 ### DEBUG: BLE START SCANNING called
1640495828.169797 ### DEBUG: Ticks: 163, 15, 1 
1640495828.170088 1640049776 c0:98:e5:42:00:29 2591 
1640495828.182301 2362 2363 2409 2412 2415 2418 2423 2426 2438 2439 2440 2452 2458 2466 2466 
1640495828.182546 2467 2470 2477 2478 2478 2480 2485 2487 2492 2497 2501 2512 2530 2547 2571 
1640495829.096773 ### BLE EVENT: 16, INFO: BLE CONNECTED!
1640495829.097097 ### RSSI: -62, 23, 1640049777 ,178 
1640495829.175858 ### DEBUG: Ticks: 179, 16, 1 
1640495829.176130 1640049777 c0:98:e5:42:00:29 2363 
1640495829.176326 2026 2075 2089 2091 2094 2100 2109 2114 2115 2121 2127 2130 2137 2139 2141 
1640495829.176512 2142 2144 2146 2149 2151 2157 2162 2164 2172 2172 2175 2183 2203 2219 2224 
1640495829.198259 ### RSSI: -63, 9, 1640049777 ,179 
1640495829.295754 ### RSSI: -65, 4, 1640049778 ,181 
1640495829.393086 ### RSSI: -77, 6, 1640049778 ,182 
1640495829.489746 ### RSSI: -58, 12, 1640049778 ,184 
1640495829.565669 ### BLE EVENT: 17, INFO: BLE DISCONNECTED!
1640495829.587365 ### RSSI: -70, 8, 1640049778 ,185 
1640495829.696866 ### RSSI: -78, 6, 1640049778 ,187 
1640495829.797155 ### RSSI: -56, 13, 1640049778 ,189 
1640495829.895916 ### RSSI: -73, 5, 1640049778 ,190 
1640495829.993263 ### RSSI: -57, 15, 1640049778 ,192 
1640495830.091803 ### RSSI: -57, 13, 1640049778 ,193 
1640495830.170216 ### DEBUG: Ticks: 195, 16, 0 
1640495830.170504 1640049778 c0:98:e5:42:00:29 2581 
1640495830.181706 2395 2416 2419 2424 2428 2432 2440 2459 2460 2465 2472 2477 2481 2482 2482 
1640495830.181956 2483 2493 2497 2501 2506 2507 2519 2521 2521 2523 2530 2538 2541 2544 2557 
1640495830.192780 ### RSSI: -57, 16, 1640049778 ,195 
1640495830.291703 ### RSSI: -59, 26, 1640049778 ,196 
1640495830.388391 ### RSSI: -63, 36, 1640049778 ,198 
1640495830.496521 ### RSSI: -59, 19, 1640049778 ,200 
1640495830.595952 ### RSSI: -57, 16, 1640049778 ,201 
1640495830.696763 ### RSSI: -60, 1, 1640049778 ,203 
1640495831.176505 ### DEBUG: Ticks: 210, 15, 0 
1640495831.176824 1640049779 c0:98:e5:42:00:29 2535 
1640495831.177020 2317 2353 2355 2361 2363 2373 2380 2382 2388 2393 2396 2399 2405 2407 2411 
1640495831.177208 2412 2416 2419 2426 2430 2440 2443 2448 2450 2456 2462 2473 2491 2518 2522 
1640495831.692781 ### RSSI: -70, 34, 1640049779 ,218 
1640495832.175436 ### DEBUG: Ticks: 226, 16, 0 
1640495832.175837 1640049780 c0:98:e5:42:00:29 2578 
1640495832.176032 2376 2395 2406 2411 2417 2417 2419 2430 2435 2438 2441 2443 2452 2455 2460 
1640495832.176246 2462 2466 2474 2481 2482 2488 2490 2491 2493 2494 2503 2505 2516 2517 2540 
1640495832.696917 ### RSSI: -69, 34, 1640049780 ,234 
1640495833.172796 ### DEBUG: Ticks: 241, 15, 0 
1640495833.173091 1640049781 c0:98:e5:42:00:29 2544 
1640495833.173284 2357 2359 2387 2393 2394 2397 2399 2406 2414 2424 2429 2431 2436 2439 2443 
1640495833.173471 2448 2457 2458 2458 2461 2462 2465 2471 2473 2481 2483 2484 2500 2522 2540 
1640495833.689008 ### RSSI: -78, 6, 1640049781 ,249 
1640495834.176797 ### DEBUG: Ticks: 257, 16, 0 
1640495834.177090 1640049782 c0:98:e5:42:00:29 2512 
1640495834.177286 2249 2261 2305 2316 2330 2334 2337 2343 2345 2348 2348 2349 2354 2358 2363 
1640495834.177474 2364 2365 2367 2369 2371 2373 2376 2389 2393 2402 2414 2436 2441 2463 2468 
1640495834.696005 ### RSSI: -62, 23, 1640049782 ,265 
1640495835.172712 ### DEBUG: Ticks: 273, 16, 0 
1640495835.173000 1640049783 c0:98:e5:42:00:29 2540 
1640495835.173192 2328 2347 2376 2392 2392 2394 2395 2396 2400 2402 2417 2418 2421 2426 2429 
1640495835.173379 2429 2432 2441 2447 2448 2449 2453 2456 2466 2469 2469 2509 2517 2518 2538 
1640495835.694448 ### RSSI: -64, 32, 1640049783 ,281 
1640495836.176429 ### DEBUG: Ticks: 288, 15, 0 
1640495836.176726 1640049784 c0:98:e5:42:00:29 2594 
1640495836.176921 2404 2429 2453 2464 2470 2474 2475 2487 2492 2495 2498 2503 2521 2522 2524 
1640495836.177108 2526 2527 2528 2530 2531 2534 2539 2540 2541 2541 2549 2572 2573 2580 2615 
1640495836.690111 ### RSSI: -62, 23, 1640049784 ,296 
1640495837.173970 ### DEBUG: Ticks: 304, 16, 0 
1640495837.174263 1640049785 c0:98:e5:42:00:29 2574 
1640495837.174444 2374 2394 2410 2423 2430 2435 2440 2455 2459 2461 2462 2466 2469 2473 2475 
1640495837.174630 2478 2479 2480 2484 2493 2499 2499 2504 2505 2505 2506 2508 2529 2542 2546 
1640495837.696430 ### RSSI: -63, 29, 1640049785 ,312 
1640495838.169901 ### DEBUG: Ticks: 319, 15, 0 
1640495838.170189 1640049786 c0:98:e5:42:00:29 2534 
1640495838.185645 2280 2316 2359 2359 2363 2372 2374 2380 2381 2386 2390 2391 2398 2407 2408 
1640495838.189552 2409 2411 2411 2413 2414 2414 2417 2422 2432 2443 2443 2461 2481 2483 2499 
1640495838.690629 ### RSSI: -63, 29, 1640049786 ,328 
1640495839.176238 ### DEBUG: Ticks: 335, 16, 0 
1640495839.176527 1640049787 c0:98:e5:42:00:29 2518 
1640495839.176722 2307 2331 2339 2347 2355 2356 2359 2364 2366 2374 2384 2390 2390 2391 2397 
1640495839.176908 2399 2403 2408 2410 2414 2416 2417 2417 2421 2423 2433 2437 2467 2476 2487 
1640495839.693042 ### RSSI: -61, 28, 1640049787 ,343 
1640495840.176971 ### DEBUG: Ticks: 351, 16, 0 
1640495840.177271 1640049788 c0:98:e5:42:00:29 2542 
1640495840.177495 2316 2336 2341 2349 2355 2365 2368 2370 2370 2371 2371 2373 2374 2380 2400 
1640495840.177682 2400 2403 2404 2410 2411 2414 2416 2428 2434 2434 2439 2453 2463 2469 2471 
1640495840.688247 ### RSSI: -59, 26, 1640049788 ,359 
1640495841.177782 ### DEBUG: Ticks: 366, 15, 0 
1640495841.178070 1640049789 c0:98:e5:42:00:29 2564 
1640495841.178249 2364 2370 2393 2393 2403 2415 2422 2427 2427 2435 2442 2449 2457 2457 2459 
1640495841.178439 2469 2470 2477 2479 2480 2482 2486 2488 2492 2495 2519 2521 2527 2529 2540 
1640495841.695135 ### RSSI: -61, 23, 1640049789 ,374 
1640495842.177455 ### DEBUG: Ticks: 382, 16, 0 
1640495842.177745 1640049790 c0:98:e5:42:00:29 2601 
1640495842.177938 2359 2389 2393 2426 2427 2440 2444 2448 2451 2452 2455 2461 2468 2471 2476 
1640495842.178124 2479 2481 2486 2487 2491 2493 2496 2497 2501 2522 2528 2533 2559 2567 2607 
1640495842.695850 ### RSSI: -68, 34, 1640049791 ,390 
1640495843.170284 ### DEBUG: Ticks: 398, 16, 0 
1640495843.170580 1640049791 c0:98:e5:42:00:29 2552 
1640495843.170775 2333 2364 2365 2378 2386 2386 2394 2394 2402 2407 2408 2411 2417 2422 2422 
1640495843.170962 2429 2430 2430 2434 2436 2437 2438 2448 2452 2457 2463 2478 2493 2512 2512 
1640495843.696817 ### RSSI: -70, 8, 1640049792 ,406 
1640495844.175741 ### DEBUG: Ticks: 413, 15, 0 
1640495844.176029 1640049792 c0:98:e5:42:00:29 2565 
1640495844.176223 2319 2359 2366 2366 2380 2384 2385 2390 2396 2400 2413 2413 2414 2416 2419 
1640495844.176425 2424 2425 2427 2428 2430 2436 2446 2451 2455 2466 2473 2489 2503 2524 2550 
1640495844.696775 ### RSSI: -63, 29, 1640049793 ,421 
1640495845.171297 ### DEBUG: Ticks: 429, 16, 0 
1640495845.171624 1640049793 c0:98:e5:42:00:29 2563 
1640495845.171823 2355 2361 2361 2378 2382 2397 2409 2413 2414 2416 2425 2431 2441 2442 2443 
1640495845.172010 2446 2456 2456 2458 2463 2466 2468 2473 2477 2489 2492 2499 2507 2524 2525 
1640495845.693719 ### RSSI: -57, 14, 1640049794 ,437 
1640495846.173018 ### DEBUG: Ticks: 444, 15, 0 
1640495846.173303 1640049794 c0:98:e5:42:00:29 2581 
1640495846.173486 2311 2345 2352 2364 2373 2384 2389 2389 2390 2394 2395 2396 2402 2407 2409 
1640495846.173672 2416 2419 2422 2427 2429 2435 2440 2442 2443 2447 2449 2461 2478 2486 2489 
1640495846.689533 ### RSSI: -57, 17, 1640049795 ,453 
1640495847.176343 ### DEBUG: Ticks: 460, 16, 0 
1640495847.176633 1640049795 c0:98:e5:42:00:29 2537 
1640495847.176827 2315 2335 2354 2364 2368 2373 2374 2393 2393 2396 2398 2406 2418 2418 2419 
1640495847.177014 2419 2420 2423 2428 2432 2434 2436 2440 2440 2446 2450 2477 2477 2485 2487 
1640495847.691499 ### RSSI: -57, 12, 1640049796 ,468 
1640495848.178973 ### DEBUG: Ticks: 476, 16, 0 
1640495848.179259 1640049796 c0:98:e5:42:00:29 2493 
1640495848.179452 2241 2258 2284 2313 2314 2321 2331 2336 2338 2343 2348 2348 2353 2359 2362 
1640495848.179688 2364 2366 2368 2374 2376 2377 2379 2383 2388 2393 2401 2415 2445 2451 2468 
1640495848.696447 ### RSSI: -59, 25, 1640049797 ,484 
1640495849.691913 ### RSSI: -64, 31, 1640049798 ,499 
1640495850.687052 ### RSSI: -60, 10, 1640049799 ,515 
1640495851.692270 ### RSSI: -64, 32, 1640049800 ,531 
1640495852.177068 ### DEBUG: Ticks: 538, 62, 0 
1640495852.177351 1640049800 c0:98:e5:42:00:29 2534 
1640495852.177546 2275 2310 2343 2348 2351 2359 2360 2360 2361 2367 2367 2372 2376 2377 2378 
1640495852.177731 2379 2387 2391 2392 2398 2402 2408 2421 2424 2433 2443 2449 2450 2467 2501 
1640495852.686951 ### RSSI: -59, 20, 1640049801 ,546 
1640495853.176877 ### DEBUG: Ticks: 554, 16, 0 
1640495853.177163 1640049801 c0:98:e5:42:00:29 2544 
1640495853.177355 2292 2306 2331 2334 2343 2345 2350 2353 2355 2358 2361 2365 2366 2371 2377 
1640495853.177542 2380 2380 2382 2393 2393 2404 2405 2407 2408 2411 2417 2423 2433 2461 2473 
1640495853.692690 ### RSSI: -59, 25, 1640049802 ,562 
1640495854.171313 ### DEBUG: Ticks: 569, 15, 0 
1640495854.171660 1640049802 c0:98:e5:42:00:29 2535 
1640495854.171858 2352 2362 2378 2390 2391 2414 2417 2422 2423 2424 2430 2430 2434 2435 2442 
1640495854.172045 2451 2452 2454 2455 2460 2463 2469 2482 2486 2490 2492 2497 2502 2510 0 
1640495854.689718 ### RSSI: -58, 14, 1640049803 ,577 
1640495855.175215 ### DEBUG: Ticks: 585, 16, 0 
1640495855.175508 1640049803 c0:98:e5:42:00:29 2554 
1640495855.175766 2352 2353 2359 2362 2366 2383 2388 2389 2395 2400 2404 2410 2417 2417 2421 
1640495855.175955 2422 2424 2427 2427 2433 2433 2437 2439 2447 2451 2462 2488 2490 2499 2512 
1640495855.688994 ### RSSI: -58, 11, 1640049803 ,593 
