1641072647.617471 ###RTT Client: ************************************************************ 
1641072647.617624 ###RTT Client: *               SEGGER Microcontroller GmbH                * 
1641072647.617666 ###RTT Client: *   Solutions for real time microcontroller applications   * 
1641072647.617706 ###RTT Client: ************************************************************ 
1641072647.617779 ###RTT Client: *                                                          * 
1641072647.617820 ###RTT Client: *       (c) 2012 - 2016  SEGGER Microcontroller GmbH       * 
1641072647.617865 ###RTT Client: *                                                          * 
1641072647.617908 ###RTT Client: *     www.segger.com     Support: support@segger.com       * 
1641072647.617950 ###RTT Client: *                                                          * 
1641072647.618012 ###RTT Client: ************************************************************ 
1641072647.618052 ###RTT Client: *                                                          * 
1641072647.618217 ###RTT Client: * SEGGER J-Link RTT Client   Compiled Jan 30 2018 18:46:58 * 
1641072647.618258 ###RTT Client: *                                                          * 
1641072647.618297 ###RTT Client: ************************************************************ 
1641072647.618340 
1641072647.618382 ###RTT Client: -----------------------------------------------
1641072647.618425 ###RTT Client: Connecting to J-Link RTT Server via localhost:9201  Connected.
1641072647.618469 SEGGER J-Link V6.30 - Real time terminal output
1641072647.618509 J-Link EDU Mini V1 compiled Oct 22 2019 16:28:45 V1.0, SN=801021855
1641072647.618592 Process: JLinkExe
1641072647.618632 ### DEBUG: BLE START SCANNING called
1641072647.618672 ### DEBUG: Ticks: 92, 15, 1 
1641072647.618714 1640050348 c0:98:e5:42:00:2c 258 
1641072647.618755 378 389 396 399 432 436 445 447 479 480 487 491 493 501 514 
1641072647.618794 520 522 523 528 529 530 532 532 544 557 580 597 604 615 648 
1641072647.618834 ### DEBUG: BLE START SCANNING called
1641072647.618873 ### RSSI: -48, 20, 1640050348 ,100 
1641072647.618951 ### DEBUG: BLE START SCANNING called
1641072647.619005 ### DEBUG: Ticks: 108, 16, 1 
1641072647.619044 1640050349 c0:98:e5:42:00:2c 278 
1641072647.619084 444 451 456 476 483 485 491 491 505 507 514 534 537 540 551 
1641072647.619123 561 576 578 579 588 596 599 600 602 611 631 644 683 695 711 
1641072647.619203 ### RSSI: -47, 21, 1640050349 ,116 
1641072647.619242 ### DEBUG: Ticks: 123, 15, 1 
1641072647.619282 1640050350 c0:98:e5:42:00:2c 260 
1641072647.619321 388 406 407 424 426 447 451 452 459 467 474 475 478 509 520 
1641072647.619361 520 520 525 530 533 535 545 546 563 564 569 578 636 652 678 
1641072647.619401 ### RSSI: -47, 18, 1640050350 ,131 
1641072647.619440 ### DEBUG: Ticks: 139, 16, 1 
1641072647.619480 1640050351 c0:98:e5:42:00:2c 325 
1641072647.619520 480 536 557 560 562 571 583 590 623 623 628 630 630 642 644 
1641072647.619559 656 667 667 670 670 670 672 679 696 712 733 736 783 822 836 
1641072647.619599 ### RSSI: -47, 21, 1640050351 ,147 
1641072647.619642 ### DEBUG: Ticks: 155, 16, 1 
1641072647.619697 1640050352 c0:98:e5:42:00:2c 286 
1641072647.619736 424 464 474 497 527 534 535 539 544 549 550 558 558 571 571 
1641072647.619776 573 580 582 590 602 603 609 611 614 625 648 667 693 702 706 
1641072647.619878 ### RSSI: -48, 7, 1640050352 ,162 
1641072647.619918 ### DEBUG: Ticks: 170, 15, 1 
1641072647.619957 1640050353 c0:98:e5:42:00:2c 281 
1641072647.619997 382 449 465 487 501 503 509 510 523 528 547 550 551 561 562 
1641072647.620048 563 571 581 587 595 605 608 608 625 630 637 650 703 736 751 
1641072647.620108 ### RSSI: -47, 23, 1640050353 ,178 
1641072647.620161 ### DEBUG: Ticks: 186, 16, 1 
1641072647.620201 1640050354 c0:98:e5:42:00:2c 258 
1641072647.620241 428 429 432 436 466 470 473 473 475 482 488 507 507 510 512 
1641072647.620281 522 540 543 550 552 563 576 585 588 596 601 608 661 695 718 
1641072647.620321 ### RSSI: -50, 28, 1640050354 ,194 
1641072647.620360 ### DEBUG: Ticks: 202, 16, 1 
1641072647.620400 1640050355 c0:98:e5:42:00:2c 264 
1641072647.620439 398 436 457 457 461 465 470 485 493 494 501 516 518 520 524 
1641072647.620479 534 556 556 561 562 566 568 586 592 601 607 634 713 752 807 
1641072647.620573 ### RSSI: -50, 6, 1640050355 ,209 
1641072647.620613 ### DEBUG: Ticks: 217, 15, 1 
1641072647.620653 1640050356 c0:98:e5:42:00:2c 312 
1641072647.620693 489 507 520 534 555 556 558 579 586 588 595 595 610 610 623 
1641072647.620733 627 629 636 638 642 644 650 671 677 681 687 688 779 785 800 
1641072647.620773 ### RSSI: -47, 11, 1640050357 ,225 
1641072647.620816 ### DEBUG: Ticks: 233, 16, 1 
1641072647.620856 1640050357 c0:98:e5:42:00:2c 243 
1641072647.620895 382 418 429 430 442 458 460 462 462 473 475 479 482 484 484 
1641072647.620935 488 489 516 517 519 524 540 543 574 578 579 598 609 677 726 
1641072647.620975 ### RSSI: -51, 20, 1640050358 ,241 
1641072647.621027 ### DEBUG: Ticks: 248, 15, 1 
1641072647.621067 1640050358 c0:98:e5:42:00:2c 309 
1641072647.621107 504 513 525 535 559 563 567 570 577 578 598 602 607 609 618 
1641072647.621147 620 627 644 662 665 666 670 672 679 683 684 706 775 788 790 
1641072647.621187 ### RSSI: -48, 9, 1640050359 ,256 
1641072647.621272 ### DEBUG: Ticks: 264, 16, 1 
1641072647.621312 1640050359 c0:98:e5:42:00:2c 291 
1641072647.621353 419 482 488 489 502 508 517 542 546 549 551 559 560 560 578 
1641072647.621393 588 595 597 604 611 616 624 627 638 639 652 655 754 774 777 
1641072647.621434 ### RSSI: -48, 21, 1640050360 ,272 
1641072647.621474 ### DEBUG: Ticks: 280, 16, 1 
1641072647.621513 1640050360 c0:98:e5:42:00:2c 302 
1641072647.621596 507 513 513 530 533 547 553 561 566 578 580 593 596 598 600 
1641072647.621639 608 620 624 626 626 642 642 648 648 657 669 685 736 778 799 
1641072647.621680 ### RSSI: -48, 5, 1640050361 ,287 
1641072647.621720 ### DEBUG: Ticks: 295, 15, 1 
1641072647.621780 1640050361 c0:98:e5:42:00:2c 299 
1641072647.621820 498 499 500 505 518 523 556 557 562 564 566 568 572 574 598 
1641072647.621861 599 618 630 630 631 644 645 653 655 663 665 734 769 820 0 
1641072647.621904 ### RSSI: -47, 23, 1640050362 ,303 
1641072647.621945 ### DEBUG: Ticks: 311, 16, 1 
1641072647.622003 1640050362 c0:98:e5:42:00:2c 265 
1641072647.622044 374 422 427 440 465 466 476 483 487 499 504 518 518 526 527 
1641072647.622084 534 536 539 542 545 554 554 557 562 580 584 641 659 679 742 
1641072647.622124 ### RSSI: -48, 20, 1640050363 ,319 
1641072647.622268 ### DEBUG: Ticks: 326, 15, 1 
1641072647.622315 1640050363 c0:98:e5:42:00:2c 257 
1641072647.622401 407 416 430 439 448 456 458 459 466 467 471 480 487 488 512 
1641072647.622468 517 530 531 535 539 541 556 561 580 580 600 628 634 689 703 
1641072647.622508 ### RSSI: -47, 12, 1640050364 ,334 
1641072647.622589 ### DEBUG: Ticks: 342, 16, 1 
1641072647.622629 1640050364 c0:98:e5:42:00:2c 272 
1641072647.622670 412 428 439 455 473 480 488 500 510 510 524 529 534 541 544 
1641072647.622753 547 550 551 552 552 554 555 556 561 572 578 615 646 718 722 
1641072647.622793 ### RSSI: -48, 20, 1640050365 ,350 
1641072647.622833 ### DEBUG: Ticks: 358, 16, 1 
1641072647.622873 1640050365 c0:98:e5:42:00:2c 327 
1641072647.622913 446 521 541 545 559 566 570 585 593 601 606 633 636 638 649 
1641072647.622956 659 659 660 661 668 669 670 681 694 711 726 730 732 807 842 
1641072647.623014 ### RSSI: -49, 30, 1640050366 ,365 
1641072647.623055 ### DEBUG: Ticks: 373, 15, 1 
1641072647.623095 1640050366 c0:98:e5:42:00:2c 258 
1641072647.623135 395 398 412 429 430 456 464 467 468 475 488 508 510 513 516 
1641072647.623175 517 519 524 527 534 551 551 556 564 573 599 614 680 695 699 
1641072647.623214 ### RSSI: -48, 23, 1640050367 ,381 
1641072647.623254 ### DEBUG: Ticks: 389, 16, 1 
1641072647.623294 1640050367 c0:98:e5:42:00:2c 273 
1641072647.623335 414 434 447 456 457 458 467 469 478 493 499 511 531 541 545 
1641072647.623375 547 562 566 566 567 571 595 602 605 607 609 619 673 718 736 
1641072647.623461 ### RSSI: -47, 24, 1640050368 ,397 
1641072647.623501 ### DEBUG: Ticks: 405, 16, 1 
1641072647.623542 1640050368 c0:98:e5:42:00:2c 315 
1641072647.623584 495 499 507 512 527 536 568 580 581 582 585 586 591 625 630 
1641072647.623624 633 643 643 648 649 654 658 658 659 662 663 675 742 792 796 
1641072647.623664 ### RSSI: -47, 18, 1640050368 ,412 
1641072647.623704 ### DEBUG: Ticks: 420, 15, 1 
1641072647.623745 1640050369 c0:98:e5:42:00:2c 285 
1641072647.623838 438 457 467 471 474 475 496 502 518 521 527 535 538 548 559 
1641072647.623880 562 577 586 592 599 606 612 616 620 627 643 645 659 720 763 
1641072647.623920 ### RSSI: -48, 25, 1640050369 ,428 
1641072647.623960 ### DEBUG: Ticks: 436, 16, 1 
1641072647.624016 1640050370 c0:98:e5:42:00:2c 281 
1641072647.624057 462 462 463 468 472 496 502 506 534 546 550 552 553 557 561 
1641072647.624097 566 570 570 571 576 577 578 579 589 605 610 620 712 743 761 
1641072647.624183 ### RSSI: -47, 23, 1640050370 ,444 
1641072647.624227 ### DEBUG: Ticks: 451, 15, 1 
1641072647.624267 1640050371 c0:98:e5:42:00:2c 298 
1641072647.624353 480 503 516 523 528 532 533 538 567 573 589 591 592 593 594 
1641072647.624397 598 604 614 617 625 632 634 635 637 640 642 646 759 778 801 
1641072647.624438 ### RSSI: -48, 20, 1640050371 ,459 
1641072647.624540 ### DEBUG: Ticks: 467, 16, 1 
1641072647.624582 1640050372 c0:98:e5:42:00:2c 304 
1641072647.624622 467 517 518 519 530 532 544 552 564 571 571 573 583 593 600 
1641072647.624662 619 624 626 630 642 643 655 664 671 688 696 697 716 737 775 
1641072647.624702 ### RSSI: -55, 28, 1640050372 ,475 
1641072647.624742 ### DEBUG: Ticks: 483, 16, 1 
1641072647.624782 1640050373 c0:98:e5:42:00:2c 310 
1641072647.624822 479 482 514 516 521 539 540 544 558 589 592 598 602 602 614 
1641072647.624865 627 637 644 647 649 663 667 674 675 699 705 721 736 797 819 
1641072647.624905 ### RSSI: -54, 6, 1640050373 ,490 
1641072647.624945 ### DEBUG: Ticks: 498, 15, 1 
1641072647.625004 1640050374 c0:98:e5:42:00:2c 246 
1641072647.625044 360 401 423 427 440 452 460 461 462 469 471 475 478 486 488 
1641072647.625085 497 499 513 519 520 521 524 529 537 542 547 571 604 644 655 
1641072647.625224 ### RSSI: -47, 18, 1640050374 ,506 
1641072647.625274 ### DEBUG: Ticks: 514, 16, 1 
1641072647.625317 1640050375 c0:98:e5:42:00:2c 313 
1641072647.625378 445 500 529 531 539 540 540 553 562 562 567 603 603 610 624 
1641072647.625419 630 632 632 635 638 638 644 646 647 674 701 706 722 740 753 
1641072647.625459 ### RSSI: -49, 29, 1640050375 ,522 
1641072647.625499 ### DEBUG: Ticks: 530, 16, 1 
1641072647.625580 1640050376 c0:98:e5:42:00:2c 295 
1641072647.625620 467 510 510 511 513 528 530 543 559 565 577 581 583 589 590 
1641072647.625660 593 598 608 609 612 617 620 621 639 647 664 679 716 767 781 
1641072647.625700 ### RSSI: -47, 12, 1640050376 ,537 
1641072647.625754 
1641072647.625794 ----------------------------------------------
1641072647.625834 ### WARNING: Chip experienced a reset with reason 2
1641072647.625874 ### INFO: Bluetooth address: c0:98:e5:42:00:29
1641072647.625958 ### DEBUG: Time is 00:00:00, 2000/00/00
1641072647.626015 ### INFO: Time is 00:00:00, 2000/00/00
1641072647.626055 ### INFO: Initializing SD Card...
1641072647.626110 ### INFO: Connecting to the SquarePoint module...
1641072647.626152 ### INFO: SquarePoint module connection successful
1641072647.626192 ### INFO: Battery voltage currently 3992 mV
1641072647.626231 ### INFO: SD card flushed!
1641072647.626271 ### INFO: SD card flushed!
1641072647.626311 ### DEBUG: BLE START SCANNING called
1641072647.626351 ### DEBUG: Ticks: 19, 19, 0 
1641072647.626391 1640050379 c0:98:e5:42:00:2c 282 
1641072647.626431 414 460 481 481 486 501 522 528 530 541 541 545 556 558 559 
1641072647.626472 569 578 579 588 597 600 610 612 619 623 651 670 715 715 723 
1641072647.626513 ### INFO: Switched Scheduler EUI from 00:00:00:00:00:00 to c0:98:e5:42:00:2c
1641072647.626553 ### DEBUG: BLE STOP SCANNING called
1641072647.626593 ### DEBUG: BLE START SCANNING called
1641072647.626659 ### DEBUG: Ticks: 35, 16, 0 
1641072647.626699 1640050380 c0:98:e5:42:00:2c 308 
1641072647.626738 456 525 528 538 541 545 549 552 561 573 576 579 592 595 611 
1641072647.626778 621 622 637 638 642 658 661 662 664 666 689 705 721 729 843 
1641072647.626818 ### DEBUG: BLE START SCANNING called
1641072647.626857 ### DEBUG: BLE START SCANNING called
1641072647.626897 ### INFO: Device is now STATIONARY
1641072647.626936 ### DEBUG: Ticks: 51, 16, 0 
1641072647.626976 1640050381 c0:98:e5:42:00:2c 290 
1641072647.627149 440 499 504 527 530 544 546 555 558 560 565 574 576 577 581 
1641072647.627190 581 602 607 609 609 609 609 614 626 633 656 670 703 757 771 
1641072647.627230 ### DEBUG: BLE START SCANNING called
1641072647.627269 ### DEBUG: BLE START SCANNING called
1641072647.627309 ### DEBUG: Ticks: 66, 15, 0 
1641072647.627349 1640050382 c0:98:e5:42:00:2c 239 
1641072647.627389 330 407 407 416 425 426 428 430 436 437 460 464 475 475 479 
1641072647.627428 480 488 488 493 502 504 505 511 523 531 567 568 599 640 675 
1641072647.627468 ### DEBUG: BLE START SCANNING called
1641072647.627507 ### addr: c0:98:e5:42:00:2c 
1641072647.627547 ### on_adv_report outer RSSI: -49, time:1640050383 
1641072647.627586 ### INFO: Discovered new device: c0:98:e5:42:00:2c
1641072647.627627 ### DEBUG: connected? already connected
1641072647.627666 ### DEBUG: BLE START SCANNING called
1641072647.627788 ### BLE EVENT: 16, INFO: BLE CONNECTED!
1641072647.627828 ### DEBUG: BLE START SCANNING called
1641072647.627868 ### RSSI: -48, 4, 1640050383 ,77 
1641072647.627908 ### DEBUG: BLE START SCANNING called
1641072647.627949 ### RSSI: -52, 10, 1640050383 ,79 
1641072647.627989 ### DEBUG: BLE START SCANNING called
1641072647.628095 ### RSSI: -52, 10, 1640050383 ,80 
1641072647.628144 ### DEBUG: BLE START SCANNING called
1641072647.628185 ### RSSI: -49, 13, 1640050383 ,82 
1641072647.628225 ### DEBUG: Ticks: 82, 16, 1 
1641072647.628265 1640050383 c0:98:e5:42:00:2c 307 
1641072647.628306 486 498 500 512 523 530 540 546 556 560 575 599 605 607 612 
1641072647.628347 616 632 633 634 634 636 639 653 661 686 688 692 695 724 733 
1641072647.628387 ### DEBUG: BLE START SCANNING called
1641072647.628427 ### RSSI: -48, 19, 1640050383 ,83 
1641072647.628467 ### DEBUG: BLE START SCANNING called
1641072647.628508 ### RSSI: -47, 19, 1640050383 ,85 
1641072647.628548 ### DEBUG: BLE START SCANNING called
1641072647.628588 ### RSSI: -47, 11, 1640050383 ,86 
1641072647.628628 ### DEBUG: BLE START SCANNING called
1641072647.628721 ### DEBUG: BLE START SCANNING called
1641072647.628761 ### RSSI: -48, 9, 1640050383 ,88 
1641072647.628801 ### DEBUG: BLE START SCANNING called
1641072647.628841 ### RSSI: -48, 21, 1640050384 ,90 
1641072647.628882 ### DEBUG: BLE START SCANNING called
1641072647.628922 ### RSSI: -47, 12, 1640050384 ,91 
1641072647.628962 ### DEBUG: BLE START SCANNING called
1641072647.629068 ### RSSI: -49, 33, 1640050384 ,93 
1641072647.629197 ### DEBUG: BLE START SCANNING called
1641072647.629242 ### RSSI: -53, 30, 1640050384 ,94 
1641072647.629283 ### DEBUG: BLE START SCANNING called
1641072647.629323 ### RSSI: -49, 3, 1640050384 ,96 
1641072647.629384 ### DEBUG: BLE START SCANNING called
1641072647.629425 ### RSSI: -48, 15, 1640050384 ,97 
1641072647.629465 ### DEBUG: Ticks: 97, 15, 1 
1641072647.629506 1640050384 c0:98:e5:42:00:2c 269 
1641072647.629546 427 429 431 443 445 471 478 499 499 513 513 516 516 520 532 
1641072647.629586 544 551 553 563 565 568 574 579 586 589 591 602 605 642 757 
1641072647.629626 ### DEBUG: BLE START SCANNING called
1641072647.629665 ### RSSI: -49, 13, 1640050384 ,99 
1641072647.629806 ### DEBUG: BLE START SCANNING called
1641072647.629852 ### RSSI: -50, 6, 1640050384 ,101 
1641072647.629892 ### DEBUG: BLE START SCANNING called
1641072647.629932 ### RSSI: -49, 31, 1640050384 ,102 
1641072647.629972 ### DEBUG: BLE START SCANNING called
1641072647.630100 ### DEBUG: Ticks: 113, 16, 1 
1641072647.630141 1640050385 c0:98:e5:42:00:2c 273 
1641072647.630182 415 442 453 453 459 467 481 484 500 508 516 526 534 543 546 
1641072647.630254 548 551 559 559 562 578 590 595 605 610 634 651 654 656 702 
1641072647.630360 ### RSSI: -48, 1, 1640050385 ,118 
1641072647.630432 ### DEBUG: Ticks: 129, 16, 1 
1641072647.630484 1640050386 c0:98:e5:42:00:2c 286 
1641072647.630524 430 451 453 456 459 463 473 495 503 504 525 554 566 569 572 
1641072647.630564 572 576 581 584 590 595 608 612 613 626 651 657 660 664 686 
1641072647.630603 ### RSSI: -51, 6, 1640050386 ,133 
1641072647.630643 ### DEBUG: Ticks: 144, 15, 1 
1641072647.630683 1640050387 c0:98:e5:42:00:2c 272 
1641072647.630723 411 437 481 492 495 500 504 509 509 516 517 524 531 539 543 
1641072647.630775 545 548 553 574 578 579 585 605 605 617 631 639 685 698 749 
1641072647.630816 ### RSSI: -48, 8, 1640050387 ,149 
1641072647.630856 ### DEBUG: Ticks: 160, 16, 1 
1641072647.630895 1640050388 c0:98:e5:42:00:2c 326 
1641072647.630935 537 549 552 554 562 563 572 580 582 597 612 612 635 648 648 
1641072647.630974 656 657 677 679 686 686 687 688 695 701 702 728 804 808 826 
1641072647.631090 ### RSSI: -52, 7, 1640050389 ,165 
1641072647.631130 ### DEBUG: Ticks: 176, 16, 1 
1641072647.631170 1640050389 c0:98:e5:42:00:2c 272 
1641072647.631210 446 452 460 470 471 511 522 523 523 527 535 535 537 538 540 
1641072647.631249 550 564 572 574 582 593 596 603 618 619 634 644 713 725 782 
1641072647.631289 ### RSSI: -48, 7, 1640050390 ,180 
1641072647.631329 ### DEBUG: Ticks: 191, 15, 1 
1641072647.631368 1640050390 c0:98:e5:42:00:2c 315 
1641072647.631408 487 487 511 521 533 554 565 567 573 574 576 582 591 594 595 
1641072647.631448 596 600 609 615 625 637 640 640 642 648 651 659 716 765 811 
1641072647.631488 ### RSSI: -49, 0, 1640050391 ,196 
1641072647.631530 ### DEBUG: Ticks: 207, 16, 1 
1641072647.631667 1640050391 c0:98:e5:42:00:2c 327 
1641072647.631715 506 518 529 532 535 550 552 552 580 589 629 638 652 654 655 
1641072647.631755 655 657 662 664 664 665 667 672 691 695 709 729 747 787 796 
1641072647.631796 ### RSSI: -47, 13, 1640050392 ,211 
1641072647.631836 ### DEBUG: Ticks: 222, 15, 1 
1641072647.631876 1640050392 c0:98:e5:42:00:2c 315 
1641072647.631917 493 494 500 504 547 561 567 582 588 595 605 612 621 622 630 
1641072647.631957 631 638 640 655 660 661 664 664 666 673 695 710 727 754 776 
1641072647.632072 ### RSSI: -49, 10, 1640050393 ,227 
1641072647.632113 ### DEBUG: Ticks: 238, 16, 1 
1641072647.632153 1640050393 c0:98:e5:42:00:2c 274 
1641072647.632193 455 456 473 483 487 495 502 512 513 526 528 532 534 534 536 
1641072647.632310 563 566 574 576 580 591 602 604 608 627 640 655 662 758 766 
1641072647.632350 ### RSSI: -48, 10, 1640050394 ,243 
1641072647.632391 ### DEBUG: Ticks: 254, 16, 1 
1641072647.632430 1640050394 c0:98:e5:42:00:2c 276 
1641072647.632492 402 436 447 474 496 500 500 502 534 537 538 544 550 552 552 
1641072647.632533 553 554 571 574 578 584 591 594 596 600 604 606 722 725 728 
1641072647.632574 ### RSSI: -48, 18, 1640050395 ,258 
1641072647.632613 ### DEBUG: Ticks: 269, 15, 1 
1641072647.632695 1640050395 c0:98:e5:42:00:2c 320 
1641072647.632735 480 536 572 579 588 595 595 595 600 614 623 626 628 633 640 
1641072647.632775 640 644 654 661 668 682 684 684 703 710 710 722 792 837 839 
1641072647.632816 ### RSSI: -48, 3, 1640050396 ,274 
1641072647.632856 ### DEBUG: Ticks: 285, 16, 1 
1641072647.632896 1640050396 c0:98:e5:42:00:2c 291 
1641072647.632935 474 479 489 495 508 526 555 560 569 574 580 580 580 581 583 
1641072647.632976 584 585 600 604 611 614 616 637 638 652 661 681 692 743 756 
1641072647.633079 ### RSSI: -48, 17, 1640050396 ,290 
1641072647.633120 ### DEBUG: Ticks: 300, 15, 1 
1641072647.633160 1640050397 c0:98:e5:42:00:2c 291 
1641072647.633227 463 471 480 489 489 499 514 518 523 545 555 571 572 579 580 
1641072647.633266 585 589 594 601 606 612 623 625 645 646 658 691 741 772 775 
1641072647.633306 ### RSSI: -49, 22, 1640050397 ,305 
1641072647.633345 ### DEBUG: Ticks: 316, 16, 1 
1641072647.633385 1640050398 c0:98:e5:42:00:2c 318 
1641072647.633435 506 528 553 559 565 576 580 586 593 604 607 610 618 623 631 
1641072647.633478 641 645 649 649 655 656 666 672 673 676 696 706 763 774 827 
1641072647.633518 ### BLE EVENT: 16, INFO: BLE CONNECTED!
1641072647.633558 ### RSSI: -48, 1, 1640050398 ,321 
1641072647.633598 ### RSSI: -49, 25, 1640050398 ,324 
1641072647.633637 ### RSSI: -48, 14, 1640050398 ,325 
1641072647.633702 ### RSSI: -48, 8, 1640050398 ,327 
1641072647.633762 ### RSSI: -52, 35, 1640050398 ,329 
1641072647.633802 ### RSSI: -53, 14, 1640050399 ,330 
1641072647.633841 ### RSSI: -49, 31, 1640050399 ,332 
1641072647.633881 ### DEBUG: Ticks: 332, 16, 1 
1641072647.633921 1640050399 c0:98:e5:42:00:2c 311 
1641072647.633960 443 515 522 535 536 558 581 587 589 591 594 599 599 602 622 
1641072647.634159 623 625 631 638 641 643 650 661 668 679 682 689 773 816 823 
1641072647.634208 ### RSSI: -49, 5, 1640050399 ,333 
1641072647.634451 ### RSSI: -49, 36, 1640050399 ,335 
1641072647.634509 ### RSSI: -48, 20, 1640050399 ,336 
1641072647.634551 ### RSSI: -49, 33, 1640050399 ,338 
1641072647.634591 ### RSSI: -48, 24, 1640050399 ,339 
1641072647.634632 ### RSSI: -47, 19, 1640050399 ,341 
1641072647.634673 ### RSSI: -49, 36, 1640050399 ,343 
1641072647.634712 ### RSSI: -52, 28, 1640050399 ,344 
1641072647.634752 ### RSSI: -51, 18, 1640050400 ,346 
1641072647.634796 ### RSSI: -48, 24, 1640050400 ,347 
1641072647.634837 ### DEBUG: Ticks: 347, 15, 1 
1641072647.634877 1640050400 c0:98:e5:42:00:2c 253 
1641072647.634917 402 434 442 448 455 456 476 479 481 489 490 491 501 502 505 
1641072647.634957 507 511 512 521 529 542 546 551 564 575 578 591 592 676 737 
1641072647.635026 ### RSSI: -49, 35, 1640050400 ,349 
1641072647.635070 ### RSSI: -47, 16, 1640050400 ,350 
1641072647.635109 ### RSSI: -48, 14, 1640050400 ,352 
1641072647.635150 ### RSSI: -48, 24, 1640050400 ,354 
1641072647.635190 ### RSSI: -48, 3, 1640050400 ,355 
1641072647.635230 ### RSSI: -48, 36, 1640050400 ,357 
1641072647.635270 ### RSSI: -51, 14, 1640050400 ,358 
1641072647.635309 ### RSSI: -50, 22, 1640050401 ,360 
1641072647.635349 ### RSSI: -52, 3, 1640050401 ,361 
1641072647.635388 ### RSSI: -48, 14, 1640050401 ,363 
1641072647.635428 ### DEBUG: Ticks: 363, 16, 1 
1641072647.635468 1640050401 c0:98:e5:42:00:2c 292 
1641072647.635507 495 496 498 504 516 544 549 552 553 560 561 562 567 580 590 
1641072647.635547 596 599 604 608 613 615 615 623 624 653 734 737 801 0 0 
1641072647.635586 ### RSSI: -49, 33, 1640050401 ,364 
1641072647.635628 ### RSSI: -48, 1, 1640050401 ,366 
1641072647.635668 ### RSSI: -49, 27, 1640050401 ,368 
1641072647.635707 ### RSSI: -50, 33, 1640050401 ,369 
1641072647.635747 ### RSSI: -47, 9, 1640050401 ,371 
1641072647.635786 ### DEBUG: Ticks: 379, 16, 1 
1641072647.635826 1640050402 c0:98:e5:42:00:2c 231 
1641072647.635865 383 402 409 415 415 429 434 435 435 438 440 454 455 457 458 
1641072647.635914 469 470 471 473 479 480 486 503 510 543 556 568 611 658 683 
1641072647.635954 ### RSSI: -49, 22, 1640050402 ,385 
1641072647.636005 ### RSSI: -48, 15, 1640050402 ,386 
1641072647.636045 ### DEBUG: Ticks: 394, 15, 1 
1641072647.636085 1640050403 c0:98:e5:42:00:2c 233 
1641072647.636125 349 399 404 414 429 432 435 438 441 442 446 449 450 465 466 
1641072647.636405 467 467 489 499 503 515 523 527 530 553 556 559 616 649 656 
1641072647.636446 ### RSSI: -49, 36, 1640050403 ,400 
1641072647.636486 ### RSSI: -55, 23, 1640050403 ,402 
1641072647.636525 ### DEBUG: Ticks: 410, 16, 1 
1641072647.636615 1640050404 c0:98:e5:42:00:2c 324 
1641072647.636656 528 536 548 555 570 581 597 611 614 618 627 629 636 646 648 
1641072647.636700 650 651 663 664 669 670 678 678 683 692 696 705 737 786 830 
1641072647.636740 ### RSSI: -47, 12, 1640050404 ,416 
1641072647.636780 ### RSSI: -49, 27, 1640050404 ,417 
1641072647.636842 ### DEBUG: Ticks: 425, 15, 1 
1641072647.636882 1640050405 c0:98:e5:42:00:2c 282 
1641072647.636921 440 452 471 496 502 512 514 518 523 524 532 534 542 545 563 
1641072647.636961 567 572 573 578 590 591 597 600 607 622 628 628 744 763 781 
1641072647.637018 ### RSSI: -48, 5, 1640050405 ,432 
1641072647.637058 ### RSSI: -49, 6, 1640050405 ,433 
1641072647.637098 ### DEBUG: Ticks: 441, 16, 1 
1641072647.637139 1640050406 c0:98:e5:42:00:2c 307 
1641072647.637179 459 520 528 530 534 559 565 574 581 590 595 601 601 608 613 
1641072647.637219 615 633 633 641 641 644 645 653 658 662 665 685 732 801 810 
1641072647.637259 ### RSSI: -48, 24, 1640050406 ,447 
1641072647.637299 ### RSSI: -49, 31, 1640050406 ,449 
1641072647.637339 ### DEBUG: Ticks: 457, 16, 1 
1641072647.637379 1640050407 c0:98:e5:42:00:2c 258 
1641072647.637419 402 424 441 458 459 464 465 476 477 477 478 491 499 506 517 
1641072647.637459 517 518 519 520 520 521 529 530 542 550 561 574 704 715 719 
1641072647.637499 ### RSSI: -49, 2, 1640050407 ,463 
1641072647.637539 ### RSSI: -50, 34, 1640050407 ,464 
1641072647.637578 ### DEBUG: Ticks: 472, 15, 1 
1641072647.637618 1640050408 c0:98:e5:42:00:2c 294 
1641072647.637658 453 457 485 517 521 531 531 532 539 546 551 575 577 582 586 
1641072647.637700 590 607 609 610 616 624 642 646 655 676 679 679 748 798 804 
1641072647.818469 ### RSSI: -48, 7, 1640050408 ,479 
1641072647.913280 ### RSSI: -49, 33, 1640050409 ,480 
1641072649.754409 
1641072649.754522 ----------------------------------------------
1641072649.754565 ### WARNING: Chip experienced a reset with reason 2
1641072650.005217 ### INFO: Bluetooth address: c0:98:e5:42:00:29
1641072650.016920 ### DEBUG: Time is 00:00:00, 2000/00/00
1641072650.017026 ### INFO: Time is 00:00:00, 2000/00/00
1641072650.112554 ### INFO: Initializing SD Card...
1641072650.361667 ### INFO: Connecting to the SquarePoint module...
1641072650.361840 ### INFO: SquarePoint module connection successful
1641072650.361891 ### INFO: Battery voltage currently 3992 mV
1641072650.450022 ### INFO: SD card flushed!
1641072650.482131 ### INFO: SD card flushed!
1641072650.482233 ### DEBUG: BLE START SCANNING called
1641072650.482276 ### DEBUG: Ticks: 11, 11, 0 
1641072650.482315 1640050411 c0:98:e5:42:00:2c 277 
1641072650.482355 450 468 469 483 495 502 518 522 530 533 535 537 537 543 552 
1641072650.482400 558 572 583 585 592 602 616 623 643 646 650 666 667 723 765 
1641072650.482440 ### INFO: Switched Scheduler EUI from 00:00:00:00:00:00 to c0:98:e5:42:00:2c
1641072650.482501 ### DEBUG: BLE STOP SCANNING called
1641072651.360195 ### DEBUG: BLE START SCANNING called
1641072651.416630 ### DEBUG: Ticks: 25, 14, 0 
1641072651.416729 1640050412 c0:98:e5:42:00:2c 259 
1641072651.427837 405 414 435 441 464 470 474 475 482 489 500 503 510 511 519 
1641072651.427916 519 522 527 535 537 538 563 574 584 587 600 610 716 730 741 
1641072652.416704 ### DEBUG: Ticks: 41, 16, 0 
1641072652.416808 1640050413 c0:98:e5:42:00:2c 281 
1641072652.416853 438 449 449 467 484 506 516 523 523 525 526 530 534 541 561 
1641072652.416892 563 576 578 581 583 594 596 600 602 605 611 614 676 704 730 
1641072652.449284 ### DEBUG: BLE START SCANNING called
1641072652.449382 ### DEBUG: BLE START SCANNING called
1641072652.470944 ### DEBUG: BLE START SCANNING called
1641072652.481025 ### DEBUG: BLE START SCANNING called
1641072652.494068 ### DEBUG: BLE START SCANNING called
1641072652.504889 ### DEBUG: BLE START SCANNING called
1641072652.515119 ### DEBUG: BLE START SCANNING called
1641072652.656694 ### INFO: Device is now STATIONARY
1641072653.419927 ### DEBUG: Ticks: 57, 16, 0 
1641072653.420111 1640050414 c0:98:e5:42:00:2c 255 
1641072653.420200 409 414 420 433 439 452 459 464 464 467 472 486 489 495 511 
1641072653.420288 511 516 519 524 537 538 565 567 571 584 587 589 617 691 721 
1641072653.549775 ### DEBUG: BLE START SCANNING called
1641072653.560694 ### DEBUG: BLE START SCANNING called
1641072653.560854 ### DEBUG: BLE START SCANNING called
1641072653.560942 ### DEBUG: BLE START SCANNING called
1641072653.571565 ### DEBUG: BLE START SCANNING called
1641072653.583229 ### addr: c0:98:e5:42:00:2c 
1641072653.583344 ### on_adv_report outer RSSI: -53, time:1640050414 
1641072653.583432 ### INFO: Discovered new device: c0:98:e5:42:00:2c
1641072653.583516 ### DEBUG: connected? already connected
1641072653.583608 ### DEBUG: BLE START SCANNING called
1641072653.637246 ### BLE EVENT: 16, INFO: BLE CONNECTED!
1641072653.637408 ### DEBUG: BLE START SCANNING called
1641072653.637499 ### RSSI: -54, 26, 1640050415 ,60 
1641072653.637589 ### DEBUG: BLE START SCANNING called
1641072653.733557 ### RSSI: -47, 12, 1640050415 ,62 
1641072653.733796 ### DEBUG: BLE START SCANNING called
1641072653.837865 ### RSSI: -49, 32, 1640050415 ,63 
1641072653.837964 ### DEBUG: BLE START SCANNING called
1641072653.935177 ### RSSI: -48, 24, 1640050415 ,65 
1641072653.935276 ### DEBUG: BLE START SCANNING called
1641072654.034290 ### RSSI: -49, 32, 1640050415 ,66 
1641072654.034390 ### DEBUG: BLE START SCANNING called
1641072654.142141 ### RSSI: -47, 24, 1640050415 ,68 
1641072654.142281 ### DEBUG: BLE START SCANNING called
1641072654.240508 ### RSSI: -54, 0, 1640050415 ,69 
1641072654.240623 ### DEBUG: BLE START SCANNING called
1641072654.338937 ### RSSI: -52, 25, 1640050415 ,71 
1641072654.339051 ### DEBUG: BLE START SCANNING called
1641072654.360898 ### DEBUG: BLE START SCANNING called
1641072654.416430 ### DEBUG: Ticks: 72, 15, 1 
1641072654.416534 1640050415 c0:98:e5:42:00:2c 295 
1641072654.416576 454 463 465 492 492 510 511 529 542 550 556 563 578 580 590 
1641072654.416615 593 597 597 605 614 618 628 629 637 640 641 648 786 793 794 
1641072654.428471 ### DEBUG: BLE START SCANNING called
1641072654.439608 ### RSSI: -49, 0, 1640050415 ,73 
1641072654.439708 ### DEBUG: BLE START SCANNING called
1641072654.539452 ### RSSI: -52, 33, 1640050415 ,74 
1641072654.539554 ### DEBUG: BLE START SCANNING called
1641072654.640633 ### RSSI: -47, 16, 1640050416 ,76 
1641072654.640736 ### DEBUG: BLE START SCANNING called
1641072654.740954 ### RSSI: -47, 16, 1640050416 ,77 
1641072654.741056 ### DEBUG: BLE START SCANNING called
1641072654.839031 ### RSSI: -48, 4, 1640050416 ,79 
1641072654.839134 ### DEBUG: BLE START SCANNING called
1641072654.937947 ### RSSI: -49, 36, 1640050416 ,80 
1641072654.938063 ### DEBUG: BLE START SCANNING called
1641072655.038505 ### RSSI: -49, 2, 1640050416 ,82 
1641072655.038606 ### DEBUG: BLE START SCANNING called
1641072655.137611 ### RSSI: -48, 8, 1640050416 ,84 
1641072655.137712 ### DEBUG: BLE START SCANNING called
1641072655.236390 ### RSSI: -49, 12, 1640050416 ,85 
1641072655.236491 ### DEBUG: BLE START SCANNING called
1641072655.358690 ### DEBUG: BLE START SCANNING called
1641072655.425235 ### DEBUG: Ticks: 88, 16, 1 
1641072655.425335 1640050416 c0:98:e5:42:00:2c 325 
1641072655.425377 526 527 544 547 558 573 576 577 589 603 629 631 633 642 650 
1641072655.425429 653 658 658 666 670 676 678 691 692 698 700 724 792 794 821 
1641072655.425469 ### DEBUG: BLE START SCANNING called
1641072656.230830 ### RSSI: -52, 31, 1640050417 ,101 
1641072656.242000 ### DEBUG: BLE START SCANNING called
1641072656.420797 ### DEBUG: Ticks: 104, 16, 1 
1641072656.420910 1640050417 c0:98:e5:42:00:2c 287 
1641072656.420961 469 481 485 494 495 496 505 525 534 536 540 541 566 568 571 
1641072656.421009 578 580 582 591 591 600 609 615 631 637 647 653 698 746 781 
1641072657.241198 ### RSSI: -52, 22, 1640050418 ,116 
1641072657.418753 ### DEBUG: Ticks: 119, 15, 1 
1641072657.418855 1640050418 c0:98:e5:42:00:2c 321 
1641072657.418901 527 532 550 557 559 562 563 577 580 584 603 606 606 624 635 
1641072657.418945 649 649 651 667 673 674 677 678 696 708 718 724 760 776 818 
1641072658.240286 ### RSSI: -50, 5, 1640050419 ,132 
1641072658.415926 ### DEBUG: Ticks: 135, 16, 1 
1641072658.416026 1640050419 c0:98:e5:42:00:2c 315 
1641072658.416067 462 512 524 528 542 556 561 567 570 585 608 613 621 622 631 
1641072658.416110 632 639 642 647 647 651 663 667 682 683 683 712 806 837 848 
1641072659.237371 ### RSSI: -50, 10, 1640050419 ,148 
1641072659.423091 ### DEBUG: Ticks: 150, 15, 1 
1641072659.423193 1640050420 c0:98:e5:42:00:2c 325 
1641072659.423235 490 536 536 537 552 573 579 588 598 620 628 630 631 632 644 
1641072659.423279 658 658 665 667 678 682 683 703 705 708 716 728 788 816 820 
1641072660.236644 ### RSSI: -52, 34, 1640050420 ,163 
1641072660.419488 ### DEBUG: Ticks: 166, 16, 1 
1641072660.419590 1640050421 c0:98:e5:42:00:2c 301 
1641072660.419636 418 467 475 483 525 528 528 552 554 561 568 573 578 592 601 
1641072660.419681 604 607 607 614 621 624 625 626 628 633 677 696 745 780 800 
1641072661.232777 ### RSSI: -52, 33, 1640050421 ,179 
1641072661.417963 ### DEBUG: Ticks: 182, 16, 1 
1641072661.418065 1640050422 c0:98:e5:42:00:2c 248 
1641072661.418107 356 364 400 420 426 434 442 445 447 451 460 464 472 482 494 
1641072661.418147 501 506 516 520 525 538 555 556 571 580 591 601 669 674 691 
1641072662.231927 ### RSSI: -48, 19, 1640050422 ,194 
1641072662.424175 ### DEBUG: Ticks: 197, 15, 1 
1641072662.424278 1640050423 c0:98:e5:42:00:2c 312 
1641072662.424319 493 505 514 515 547 549 554 555 556 565 573 577 596 614 625 
1641072662.424359 627 630 635 645 650 650 655 658 662 672 694 734 756 788 0 
1641072663.241070 ### RSSI: -49, 9, 1640050424 ,210 
1641072663.424769 ### DEBUG: Ticks: 213, 16, 1 
1641072663.424870 1640050424 c0:98:e5:42:00:2c 327 
1641072663.424911 486 536 558 569 575 584 589 612 613 618 630 636 643 645 654 
1641072663.424955 655 662 676 677 679 687 687 691 692 702 706 717 766 793 824 
1641072664.239247 ### RSSI: -49, 13, 1640050425 ,226 
1641072664.422161 ### DEBUG: Ticks: 229, 16, 1 
1641072664.422263 1640050425 c0:98:e5:42:00:2c 276 
1641072664.422305 461 478 480 482 484 492 497 503 516 524 535 535 544 546 546 
1641072664.422349 561 576 582 584 590 597 599 601 609 610 613 645 657 723 726 
1641072665.240380 ### RSSI: -53, 2, 1640050426 ,241 
1641072665.424969 ### DEBUG: Ticks: 244, 15, 1 
1641072665.425065 1640050426 c0:98:e5:42:00:2c 262 
1641072665.425106 392 429 456 465 476 477 479 479 492 502 506 506 510 513 522 
1641072665.425150 526 541 544 550 550 561 575 584 584 585 624 634 719 734 754 
1641072666.240578 ### RSSI: -50, 26, 1640050427 ,257 
1641072666.423137 ### DEBUG: Ticks: 260, 16, 1 
1641072666.423236 1640050427 c0:98:e5:42:00:2c 287 
1641072666.423277 428 484 486 490 503 517 525 525 530 534 538 551 554 561 567 
1641072666.423321 581 581 584 586 594 601 603 607 621 626 640 647 717 721 770 
1641072667.240997 ### RSSI: -49, 13, 1640050428 ,273 
1641072667.422189 ### DEBUG: Ticks: 275, 15, 1 
1641072667.422361 1640050428 c0:98:e5:42:00:2c 285 
1641072667.422405 376 459 463 463 498 517 518 525 527 529 535 537 549 554 558 
1641072667.422445 582 583 589 590 591 597 606 609 629 639 646 657 741 742 765 
1641072668.237387 ### RSSI: -49, 8, 1640050429 ,288 
1641072668.419271 ### DEBUG: Ticks: 291, 16, 1 
1641072668.419372 1640050429 c0:98:e5:42:00:2c 263 
1641072668.419417 397 419 442 446 461 467 469 470 487 488 488 516 518 522 526 
1641072668.419456 527 532 537 537 541 543 550 569 583 592 592 593 643 647 708 
1641072669.237317 ### RSSI: -51, 36, 1640050430 ,304 
1641072669.419710 ### DEBUG: Ticks: 307, 16, 1 
1641072669.419811 1640050430 c0:98:e5:42:00:2c 263 
1641072669.419852 409 426 440 444 448 460 462 467 475 475 483 498 500 516 520 
1641072669.419904 532 534 536 552 554 555 556 559 582 595 597 601 669 695 722 
1641072670.240538 ### RSSI: -51, 7, 1640050431 ,319 
1641072670.416700 ### DEBUG: Ticks: 322, 15, 1 
1641072670.416813 1640050431 c0:98:e5:42:00:2c 315 
1641072670.429259 495 525 534 537 545 559 576 577 578 598 604 606 627 628 629 
1641072670.429373 631 631 640 640 652 654 669 670 677 689 693 707 754 803 804 
1641072671.239047 ### RSSI: -49, 19, 1640050432 ,335 
1641072671.415558 ### DEBUG: Ticks: 338, 16, 1 
1641072671.415673 1640050432 c0:98:e5:42:00:2c 289 
1641072671.427655 445 460 466 466 487 493 508 509 527 529 549 558 563 565 578 
1641072671.427765 596 602 609 614 632 634 636 641 647 658 660 704 756 784 0 
1641072672.230878 ### RSSI: -54, 24, 1640050433 ,351 
1641072672.421504 ### DEBUG: Ticks: 354, 16, 1 
1641072672.421634 1640050433 c0:98:e5:42:00:2c 272 
1641072672.421690 434 491 491 496 504 508 512 514 518 519 519 531 540 544 545 
1641072672.421793 546 553 553 567 579 599 602 604 610 621 624 645 652 689 696 
1641072672.907184 ### INFO: Device is now IN MOTION
1641072673.242600 ### RSSI: -49, 16, 1640050434 ,366 
1641072673.418894 ### DEBUG: Ticks: 369, 15, 1 
1641072673.419007 1640050434 c0:98:e5:42:00:2c 235 
1641072673.419062 315 359 379 380 381 393 397 413 426 436 451 452 462 463 470 
1641072673.419115 473 480 481 482 485 500 502 502 515 521 522 534 554 630 719 
1641072674.236014 ### RSSI: -46, 3, 1640050435 ,382 
1641072674.421965 ### DEBUG: Ticks: 385, 16, 1 
1641072674.422078 1640050435 c0:98:e5:42:00:2c 283 
1641072674.422134 446 449 466 476 483 501 501 515 515 521 527 540 560 564 567 
1641072674.422191 567 581 586 592 595 603 612 624 636 637 645 719 734 745 876 
1641072675.231782 ### RSSI: -51, 2, 1640050436 ,397 
1641072675.421102 ### DEBUG: Ticks: 400, 15, 1 
1641072675.421204 1640050436 c0:98:e5:42:00:2c 255 
1641072675.421245 413 417 442 446 451 453 479 481 482 483 491 491 493 497 508 
1641072675.421290 514 519 524 534 535 537 549 557 562 588 617 631 632 640 651 
1641072676.235072 ### RSSI: -54, 2, 1640050437 ,413 
1641072676.426352 ### DEBUG: Ticks: 416, 16, 1 
1641072676.426477 1640050437 c0:98:e5:42:00:2c 689 
1641072676.426534 962 994 1037 1043 1047 1059 1059 1065 1066 1070 1071 1079 1095 1098 1101 
1641072676.426590 1104 1105 1118 1125 1128 1133 1137 1139 1146 1151 1162 1187 1193 1279 1326 
1641072677.233774 ### RSSI: -61, 26, 1640050438 ,429 
1641072677.427553 ### DEBUG: Ticks: 432, 16, 1 
1641072677.427674 1640050438 c0:98:e5:42:00:2c 1645 
1641072677.427724 1955 1987 2007 2011 2023 2045 2053 2054 2059 2065 2078 2084 2088 2089 2100 
1641072677.427773 2106 2107 2114 2119 2122 2128 2133 2173 2175 2193 2226 2239 2247 2303 2329 
1641072678.234410 ### RSSI: -60, 0, 1640050439 ,444 
1641072678.422235 ### DEBUG: Ticks: 447, 15, 1 
1641072678.422362 1640050439 c0:98:e5:42:00:2c 2730 
1641072678.422417 2956 3001 3019 3025 3031 3033 3035 3056 3058 3062 3074 3076 3090 3103 3104 
1641072678.422466 3107 3113 3114 3115 3117 3123 3132 3132 3141 3171 3204 3217 3288 3293 3309 
1641072679.233241 ### RSSI: -63, 22, 1640050440 ,460 
1641072679.417125 ### DEBUG: Ticks: 463, 16, 1 
1641072679.417240 1640050440 c0:98:e5:42:00:2c 3908 
1641072679.417286 4168 4181 4205 4206 4221 4229 4242 4251 4253 4258 4261 4261 4265 4266 4266 
1641072679.417331 4287 4288 4288 4289 4309 4325 4337 4351 4356 4373 4382 4403 4422 4470 4475 
1641072680.241033 ### RSSI: -65, 16, 1640050441 ,476 
1641072680.418619 ### DEBUG: Ticks: 478, 15, 1 
1641072680.418724 1640050441 c0:98:e5:42:00:2c 5028 
1641072680.418766 5254 5295 5309 5317 5324 5326 5335 5341 5345 5345 5350 5351 5361 5363 5370 
1641072680.418810 5371 5387 5391 5398 5412 5413 5418 5419 5428 5486 5492 5500 5516 5539 5571 
1641072680.720312 ### STOPPED, setting module to STOPPED
1641072680.720438 ### INFO: Switched Scheduler EUI from c0:98:e5:42:00:2c to 00:00:00:00:00:00
1641072706.956005 
1641072706.956123 ----------------------------------------------
1641072706.956164 ### INFO: Bluetooth address: c0:98:e5:42:00:29
1641072706.956203 ### DEBUG: Time is 00:00:00, 2000/00/00
1641072706.956249 ### INFO: Time is 00:00:00, 2000/00/00
1641072706.956293 ### INFO: Initializing SD Card...
1641072706.956332 ### INFO: Connecting to the SquarePoint module...
1641072706.956371 ### INFO: SquarePoint module connection successful
1641072706.956410 ### INFO: Battery voltage currently 4014 mV
1641072706.956449 ### INFO: SD card flushed!
1641072706.956492 ### INFO: SD card flushed!
1641072706.956531 ### DEBUG: BLE START SCANNING called
1641072706.956571 ### DEBUG: BLE START SCANNING called
1641072706.956610 ### DEBUG: BLE START SCANNING called
1641072706.956650 ### addr: c0:98:e5:42:00:2c 
1641072706.956689 ### on_adv_report outer RSSI: -58, time:1640503229 
1641072706.956728 ### INFO: Discovered new device: c0:98:e5:42:00:2c
1641072706.956770 ### INFO: Switched Scheduler EUI from 00:00:00:00:00:00 to c0:98:e5:42:00:2c
1641072706.956809 ### INFO: Starting the SquarePoint module...
1641072706.956848 ### INFO: Starting SquarePoint module as PARTICIPANT with timestamp 1640503229
1641072706.956889 ### DEBUG: BLE STOP SCANNING called
1641072706.956927 ### INFO: SquarePoint module successfully started!
1641072706.956966 ### DEBUG: Ticks: 29, 29, 0 
1641072706.957005 1640503230 ### DEBUG: Ticks: 45, 16, 0 
1641072706.958025 1640503231 ### DEBUG: Ticks: 60, 15, 0 
1641072706.958083 1640503232 ### DEBUG: Ticks: 76, 16, 0 
1641072706.958124 1640503233 ### STOPPED, setting module to STOPPED
1641072706.958163 ### INFO: Switched Scheduler EUI from c0:98:e5:42:00:2c to 00:00:00:00:00:00
1641072706.958209 ### DEBUG: BLE START SCANNING called
1641072706.958248 ### DEBUG: BLE START SCANNING called
1641072706.958288 ### DEBUG: BLE START SCANNING called
1641072706.958327 ### DEBUG: BLE START SCANNING called
1641072706.958366 ### DEBUG: BLE START SCANNING called
1641072706.958406 ### DEBUG: BLE START SCANNING called
1641072706.958449 ### DEBUG: BLE START SCANNING called
1641072706.958492 ### addr: c0:98:e5:42:00:2c 
1641072706.958532 ### on_adv_report outer RSSI: -70, time:1640503234 
1641072706.958571 ### INFO: Discovered new device: c0:98:e5:42:00:2c
1641072706.958610 ### INFO: Switched Scheduler EUI from 00:00:00:00:00:00 to c0:98:e5:42:00:2c
1641072706.958650 ### INFO: Starting the SquarePoint module...
1641072706.958689 ### INFO: Starting SquarePoint module as PARTICIPANT with timestamp 1640503234
1641072706.958729 ### DEBUG: BLE STOP SCANNING called
1641072706.958768 ### INFO: SquarePoint module successfully started!
1641072706.958807 ### DEBUG: Ticks: 94, 18, 0 
1641072706.958846 1640503235 ### DEBUG: Ticks: 108, 14, 0 
1641072725.760509 
1641072725.760635 ----------------------------------------------
1641072725.760684 ### WARNING: Chip experienced a reset with reason 1
1641072725.760724 ### INFO: Bluetooth address: c0:98:e5:42:00:29
1641072725.760763 ### DEBUG: Time is 00:00:00, 2000/00/00
1641072725.760805 ### INFO: Time is 00:00:00, 2000/00/00
1641072725.760845 ### INFO: Initializing SD Card...
1641072725.760884 ### INFO: Connecting to the SquarePoint module...
1641072725.760923 ### INFO: SquarePoint module connection successful
1641072725.760963 ### INFO: Battery voltage currently 4031 mV
1641072725.761002 ### INFO: SD card flushed!
1641072725.761045 ### INFO: SD card flushed!
1641072725.761084 ### DEBUG: BLE START SCANNING called
1641072725.761123 ### DEBUG: BLE START SCANNING called
1641072725.761163 ### DEBUG: BLE START SCANNING called
1641072725.761203 ### DEBUG: BLE START SCANNING called
1641072725.761243 ### DEBUG: BLE START SCANNING called
1641072725.761282 ### DEBUG: BLE START SCANNING called
1641072725.761322 ### DEBUG: BLE START SCANNING called
1641072725.761361 ### addr: c0:98:e5:42:00:2c 
1641072725.761401 ### on_adv_report outer RSSI: -65, time:1640503229 
1641072725.761443 ### INFO: Discovered new device: c0:98:e5:42:00:2c
1641072725.761492 ### INFO: Switched Scheduler EUI from 00:00:00:00:00:00 to c0:98:e5:42:00:2c
1641072725.761532 ### INFO: Starting the SquarePoint module...
1641072725.762412 ### INFO: Starting SquarePoint module as PARTICIPANT with timestamp 1640503229
1641072725.762480 ### DEBUG: BLE STOP SCANNING called
1641072725.762521 ### INFO: SquarePoint module successfully started!
1641072725.762561 ### DEBUG: Ticks: 29, 29, 0 
1641072740.326301 
1641072740.326407 ----------------------------------------------
1641072740.326455 ### WARNING: Chip experienced a reset with reason 2
1641072740.326495 ### INFO: Bluetooth address: c0:98:e5:42:00:29
1641072740.326535 ### DEBUG: Time is 00:00:00, 2000/00/00
1641072740.326575 ### INFO: Time is 00:00:00, 2000/00/00
1641072740.326615 ### INFO: Initializing SD Card...
1641072740.326673 ### INFO: Connecting to the SquarePoint module...
1641072740.326717 ### INFO: SquarePoint module connection successful
1641072740.326766 ### INFO: Battery voltage currently 4070 mV
1641072740.326829 ### INFO: SD card flushed!
1641072740.326869 ### INFO: SD card flushed!
1641072740.326909 ### DEBUG: BLE START SCANNING called
1641072740.326948 ### DEBUG: Ticks: 12, 12, 0 
1641072740.327000 1640050505 c0:98:e5:42:00:2c -2147483647 
1641072740.338321 -2147483647 -2147483647 -2147483647 -2147483647 -2147483647 -2147483647 -2147483647 -2147483647 -2147483647 -2147483647 -2147483647 -2147483647 -2147483647 -2147483647 -2147483647 
1641072740.338533 -2147483647 -2147483647 -2147483647 -2147483647 -2147483647 -2147483647 -2147483647 -2147483647 -2147483647 -2147483647 -2147483647 -2147483647 -2147483647 -2147483647 -2147483647 
1641072740.338623 ### INFO: Switched Scheduler EUI from 00:00:00:00:00:00 to c0:98:e5:42:00:2c
1641072740.338680 ### DEBUG: BLE STOP SCANNING called
1641072740.338733 ### DEBUG: BLE START SCANNING called
1641072740.338782 ### STOPPED, setting module to STOPPED
1641072740.338869 ### INFO: Switched Scheduler EUI from c0:98:e5:42:00:2c to 00:00:00:00:00:00
1641072740.393377 ### INFO: SD card flushed!
1641072741.363903 ### DEBUG: BLE START SCANNING called
1641072741.378054 ### addr: c0:98:e5:42:00:2c 
1641072741.378169 ### on_adv_report outer RSSI: -70, time:1640050507 
1641072741.378220 ### INFO: Discovered new device: c0:98:e5:42:00:2c
1641072741.378271 ### INFO: Switched Scheduler EUI from 00:00:00:00:00:00 to c0:98:e5:42:00:2c
1641072741.378320 ### INFO: Starting the SquarePoint module...
1641072741.389493 ### INFO: Starting SquarePoint module as PARTICIPANT with timestamp 1640050507
1641072741.389596 ### DEBUG: BLE STOP SCANNING called
1641072741.389642 ### INFO: SquarePoint module successfully started!
1641072741.400295 ### DEBUG: Ticks: 43, 31, 0 
1641072742.405577 1640050508 ### DEBUG: Ticks: 58, 15, 0 
1641072757.805660 
1641072757.805815 ----------------------------------------------
1641072757.805861 ### WARNING: Chip experienced a reset with reason 1
1641072757.805907 ### INFO: Bluetooth address: c0:98:e5:42:00:29
1641072757.805953 ### DEBUG: Time is 00:00:00, 2000/00/00
1641072757.805998 ### INFO: Time is 00:00:00, 2000/00/00
1641072757.806043 ### INFO: Initializing SD Card...
1641072757.806089 ### INFO: Connecting to the SquarePoint module...
1641072757.806134 ### INFO: SquarePoint module connection successful
1641072757.806179 ### INFO: Battery voltage currently 4070 mV
1641072757.806224 ### INFO: SD card flushed!
1641072757.806271 ### INFO: SD card flushed!
1641072757.806314 ### DEBUG: BLE START SCANNING called
1641072757.806355 ### DEBUG: Ticks: 14, 14, 0 
1641072757.806401 1640503231 ### DEBUG: BLE STOP SCANNING called
1641072757.806446 ### DEBUG: BLE START SCANNING called
1641072757.806571 ### DEBUG: Ticks: 31, 17, 0 
1641072757.806614 1640503232 ### DEBUG: BLE START SCANNING called
1641072757.806659 ### DEBUG: BLE START SCANNING called
1641072757.806746 ### DEBUG: BLE START SCANNING called
1641072757.806794 ### DEBUG: BLE START SCANNING called
1641072757.806834 ### DEBUG: BLE START SCANNING called
1641072757.806911 ### addr: c0:98:e5:42:00:2c 
1641072757.806952 ### on_adv_report outer RSSI: -90, time:1640503232 
1641072757.806991 ### INFO: Discovered new device: c0:98:e5:42:00:2c
1641072757.807031 ### DEBUG: connected? already connected
1641072757.807340 ### DEBUG: BLE START SCANNING called
1641072757.807445 ### BLE EVENT: 16, INFO: BLE CONNECTED!
1641072757.807486 ### DEBUG: BLE START SCANNING called
1641072757.807526 ### RSSI: -82, 15, 1640503232 ,43 
1641072757.807566 ### DEBUG: BLE START SCANNING called
1641072757.850883 ### RSSI: -78, 15, 1640503233 ,45 
1641072757.850985 ### DEBUG: BLE START SCANNING called
1641072757.949279 ### DEBUG: Ticks: 47, 16, 1 
1641072757.949390 1640503233 ### DEBUG: BLE START SCANNING called
1641072757.949431 ### RSSI: -78, 35, 1640503233 ,47 
1641072757.949471 ### DEBUG: BLE START SCANNING called
1641072757.959889 ### STOPPED, setting module to STOPPED
1641072758.049711 ### RSSI: -72, 22, 1640503233 ,48 
1641072758.061763 ### INFO: SD card flushed!
1641072758.061875 ### INFO: Starting the SquarePoint module...
1641072758.061926 ### INFO: Starting SquarePoint module as PARTICIPANT with timestamp 1640503233
1641072758.061978 ### DEBUG: BLE STOP SCANNING called
1641072758.062026 ### INFO: SquarePoint module successfully started!
1641072758.084289 ### DEBUG: Ticks: 49, 2, 1 
1641072758.152585 1640503234 ### RSSI: -79, 35, 1640503234 ,50 
1641072758.250527 ### RSSI: -82, 13, 1640503234 ,51 
1641072758.351801 ### RSSI: -74, 34, 1640503234 ,53 
1641072758.550052 ### RSSI: -72, 26, 1640503234 ,56 
1641072758.648604 ### RSSI: -77, 10, 1640503234 ,58 
1641072758.747898 ### RSSI: -70, 17, 1640503234 ,59 
1641072758.845035 ### RSSI: -68, 20, 1640503235 ,61 
1641072758.945209 ### RSSI: -69, 33, 1640503235 ,62 
1641072759.046041 ### RSSI: -66, 4, 1640503235 ,64 
1641072759.144854 ### RSSI: -65, 8, 1640503235 ,65 
1641072759.254920 ### RSSI: -71, 14, 1640503235 ,67 
1641072759.345857 ### RSSI: -79, 26, 1640503235 ,68 
1641072759.453991 ### RSSI: -77, 19, 1640503235 ,70 
1641072760.451245 ### RSSI: -69, 3, 1640503236 ,86 
1641072760.670944 ### DEBUG: Ticks: 89, 40, 1 
1641072760.671050 1640050529 c0:98:e5:42:00:2c 4984 
1641072760.671091 5298 5343 5347 5349 5363 5365 5367 5370 5371 5372 5376 5381 5385 5389 5397 
1641072760.671136 5402 5403 5404 5405 5405 5408 5408 5409 5419 5420 5428 5429 5439 5455 5649 
1641072760.671180 ### INFO: Switched Scheduler EUI from 00:00:00:00:00:00 to c0:98:e5:42:00:2c
1641072761.446973 ### RSSI: -69, 23, 1640050530 ,101 
1641072779.294525 
1641072779.294647 ----------------------------------------------
1641072779.294697 ### WARNING: Chip experienced a reset with reason 1
1641072779.294746 ### INFO: Bluetooth address: c0:98:e5:42:00:29
1641072779.294802 ### DEBUG: Time is 00:00:00, 2000/00/00
1641072779.294868 ### INFO: Time is 00:00:00, 2000/00/00
1641072779.294928 ### INFO: Initializing SD Card...
1641072779.294981 ### INFO: Connecting to the SquarePoint module...
1641072779.295034 ### INFO: SquarePoint module connection successful
1641072779.295082 ### INFO: Battery voltage currently 4014 mV
1641072779.295139 ### INFO: SD card flushed!
1641072779.295195 ### INFO: SD card flushed!
1641072779.295243 ### DEBUG: BLE START SCANNING called
1641072779.295297 ### DEBUG: Ticks: 18, 18, 0 
1641072779.295351 1640050550 ### DEBUG: BLE STOP SCANNING called
1641072779.295404 ### DEBUG: Ticks: 21, 3, 0 
1641072779.307595 1640050549 ### INFO: Switched Scheduler EUI from 00:00:00:00:00:00 to c0:98:e5:42:00:2c
1641072779.307717 ### DEBUG: BLE START SCANNING called
1641072779.307770 ### DEBUG: Ticks: 38, 17, 0 
1641072779.307842 1640050550 c0:98:e5:42:00:2c 1655 
1641072779.307893 2013 2021 2022 2024 2031 2031 2031 2043 2045 2046 2047 2071 2077 2086 2096 
1641072779.307944 2104 2105 2107 2110 2117 2124 2137 2140 2145 2149 2177 2186 2214 2221 2223 
1641072779.308006 ### DEBUG: BLE START SCANNING called
1641072779.308062 ### DEBUG: BLE START SCANNING called
1641072779.308111 ### addr: c0:98:e5:42:00:2c 
1641072779.308171 ### on_adv_report outer RSSI: -60, time:1640050550 
1641072779.308220 ### INFO: Discovered new device: c0:98:e5:42:00:2c
1641072779.308269 ### DEBUG: connected? already connected
1641072779.308318 ### DEBUG: BLE START SCANNING called
1641072779.308378 ### BLE EVENT: 16, INFO: BLE CONNECTED!
1641072779.308427 ### DEBUG: BLE START SCANNING called
1641072779.308475 ### RSSI: -63, 32, 1640050550 ,44 
1641072779.308530 ### DEBUG: BLE START SCANNING called
1641072779.352187 ### RSSI: -60, 16, 1640050551 ,45 
1641072779.352306 ### DEBUG: BLE START SCANNING called
1641072779.451508 ### RSSI: -61, 13, 1640050551 ,47 
1641072779.451611 ### DEBUG: BLE START SCANNING called
1641072779.552155 ### RSSI: -61, 11, 1640050551 ,48 
1641072779.552270 ### DEBUG: BLE START SCANNING called
1641072779.652138 ### RSSI: -61, 16, 1640050551 ,50 
1641072779.652243 ### DEBUG: BLE START SCANNING called
1641072779.752046 ### RSSI: -62, 25, 1640050551 ,51 
1641072779.752162 ### DEBUG: BLE START SCANNING called
1641072779.852649 ### RSSI: -61, 2, 1640050551 ,53 
1641072779.852773 ### DEBUG: BLE START SCANNING called
1641072779.905921 ### DEBUG: Ticks: 54, 16, 1 
1641072779.906039 1640050551 c0:98:e5:42:00:2c 1893 
1641072779.906089 2162 2183 2237 2244 2244 2250 2261 2262 2275 2283 2287 2304 2304 2317 2321 
1641072779.906142 2332 2349 2362 2368 2370 2372 2376 2378 2380 2382 2385 2413 2424 2437 2438 
1641072779.906203 ### DEBUG: BLE START SCANNING called
1641072779.949766 ### RSSI: -61, 22, 1640050551 ,55 
1641072779.949883 ### DEBUG: BLE START SCANNING called
1641072780.047571 ### RSSI: -61, 3, 1640050551 ,56 
1641072780.047675 ### DEBUG: BLE START SCANNING called
1641072780.058948 ### DEBUG: BLE START SCANNING called
1641072780.148580 ### RSSI: -63, 29, 1640050551 ,58 
1641072780.148697 ### DEBUG: BLE START SCANNING called
1641072780.249760 ### RSSI: -62, 14, 1640050551 ,59 
1641072780.249862 ### DEBUG: BLE START SCANNING called
1641072780.351164 ### RSSI: -61, 16, 1640050552 ,61 
1641072780.351385 ### DEBUG: BLE START SCANNING called
1641072780.450929 ### RSSI: -62, 30, 1640050552 ,62 
1641072780.451062 ### DEBUG: BLE START SCANNING called
1641072780.550943 ### RSSI: -63, 26, 1640050552 ,64 
1641072780.551046 ### DEBUG: BLE START SCANNING called
1641072780.649597 ### RSSI: -63, 33, 1640050552 ,65 
1641072780.649706 ### DEBUG: BLE START SCANNING called
1641072780.747963 ### RSSI: -66, 25, 1640050552 ,67 
1641072780.748067 ### DEBUG: BLE START SCANNING called
1641072780.848902 ### RSSI: -64, 13, 1640050552 ,69 
1641072780.849013 ### DEBUG: BLE START SCANNING called
1641072780.904929 ### DEBUG: Ticks: 69, 15, 1 
1641072780.905034 1640050552 c0:98:e5:42:00:2c 2115 
1641072780.905075 2378 2445 2509 2517 2534 2535 2536 2541 2544 2556 2559 2580 2583 2588 2590 
1641072780.905120 2600 2603 2604 2605 2605 2616 2621 2621 2646 2647 2650 2652 2667 2717 2822 
1641072780.905165 ### DEBUG: BLE START SCANNING called
1641072781.048648 ### DEBUG: BLE START SCANNING called
1641072781.847257 ### RSSI: -60, 33, 1640050553 ,84 
1641072781.847360 ### DEBUG: BLE START SCANNING called
1641072781.904114 ### DEBUG: Ticks: 85, 16, 1 
1641072781.904228 1640050553 c0:98:e5:42:00:2c 2850 
1641072781.904278 3151 3163 3172 3189 3191 3203 3205 3208 3210 3210 3212 3213 3215 3219 3226 
1641072781.904326 3229 3231 3238 3255 3257 3259 3259 3266 3274 3285 3285 3311 3355 3381 3508 
1641072781.904375 ### DEBUG: BLE START SCANNING called
1641072782.058536 ### DEBUG: BLE START SCANNING called
1641072782.845806 ### RSSI: -63, 35, 1640050554 ,100 
1641072782.845911 ### DEBUG: BLE START SCANNING called
1641072782.901023 ### DEBUG: Ticks: 101, 16, 1 
1641072782.901139 1640050554 c0:98:e5:42:00:2c 3345 
1641072782.901252 3638 3686 3692 3699 3703 3704 3709 3711 3721 3728 3734 3734 3735 3735 3744 
1641072782.901317 3759 3771 3772 3777 3779 3785 3785 3793 3818 3826 3834 3857 3898 3951 3959 
1641072782.901366 ### DEBUG: BLE START SCANNING called
1641072783.847840 ### RSSI: -62, 26, 1640050555 ,115 
1641072783.901670 ### DEBUG: Ticks: 116, 15, 1 
1641072783.901809 1640050555 c0:98:e5:42:00:2c 3368 
1641072783.901852 3592 3602 3654 3660 3662 3662 3675 3683 3690 3692 3692 3693 3693 3698 3706 
1641072783.901901 3710 3710 3715 3716 3716 3722 3731 3735 3743 3746 3747 3750 3783 3806 3835 
1641072784.844505 ### RSSI: -64, 21, 1640050556 ,131 
1641072784.899677 ### DEBUG: Ticks: 132, 16, 1 
1641072784.899796 1640050556 c0:98:e5:42:00:2c 3564 
1641072784.899839 3888 3895 3898 3906 3929 3933 3936 3937 3939 3948 3950 3951 3970 3972 3973 
1641072784.911219 3979 3989 3991 3994 4001 4002 4020 4022 4026 4044 4049 4054 4062 4088 4179 
1641072785.842038 ### RSSI: -75, 28, 1640050557 ,147 
1641072785.901247 ### DEBUG: Ticks: 148, 16, 1 
1641072785.901355 1640050557 c0:98:e5:42:00:2c 3907 
1641072785.901396 4188 4254 4274 4279 4305 4309 4311 4315 4324 4326 4332 4335 4338 4343 4346 
1641072785.901435 4346 4349 4351 4353 4355 4358 4361 4373 4379 4398 4403 4444 4465 4515 4551 
1641072786.854142 ### RSSI: -76, 35, 1640050558 ,162 
1641072786.901129 ### DEBUG: Ticks: 163, 15, 1 
1641072786.901241 1640050558 c0:98:e5:42:00:2c 4406 
1641072786.901282 4704 4727 4752 4776 4790 4791 4793 4800 4807 4810 4811 4819 4824 4829 4831 
1641072786.901322 4831 4831 4832 4833 4848 4848 4848 4850 4853 4858 4869 4884 4967 4992 5080 
1641072787.845697 ### RSSI: -71, 27, 1640050559 ,178 
1641072787.902919 ### DEBUG: Ticks: 179, 16, 1 
1641072787.903022 1640050559 c0:98:e5:42:00:2c 4984 
1641072787.903063 5284 5288 5293 5297 5306 5338 5360 5367 5369 5380 5382 5386 5389 5397 5404 
1641072787.903105 5406 5408 5409 5411 5414 5415 5419 5421 5424 5454 5472 5514 5587 5591 5666 
1641072788.843697 ### RSSI: -75, 21, 1640050560 ,194 
1641072802.867894 
1641072802.868023 ----------------------------------------------
1641072802.868081 ### INFO: Bluetooth address: c0:98:e5:42:00:29
1641072802.868138 ### DEBUG: Time is 00:00:00, 2000/00/00
1641072802.868255 ### INFO: Time is 00:00:00, 2000/00/00
1641072802.868315 ### INFO: Initializing SD Card...
1641072802.868358 ### INFO: Connecting to the SquarePoint module...
1641072802.868398 ### INFO: SquarePoint module connection successful
1641072802.868438 ### INFO: Battery voltage currently 4031 mV
1641072802.868478 ### INFO: SD card flushed!
1641072802.868517 ### INFO: SD card flushed!
1641072802.868574 ### DEBUG: BLE START SCANNING called
1641072802.868633 ### DEBUG: BLE START SCANNING called
1641072802.868672 ### DEBUG: BLE START SCANNING called
1641072802.868712 ### DEBUG: BLE START SCANNING called
1641072802.868764 ### DEBUG: BLE START SCANNING called
1641072802.868808 ### DEBUG: BLE START SCANNING called
1641072802.868848 ### STOPPED, setting module to STOPPED
1641072802.881456 ### DEBUG: BLE START SCANNING called
1641072802.881583 ### DEBUG: BLE START SCANNING called
1641072802.881633 ### DEBUG: BLE START SCANNING called
1641072802.881682 ### DEBUG: BLE START SCANNING called
1641072802.881816 ### DEBUG: BLE START SCANNING called
1641072802.881869 ### DEBUG: BLE START SCANNING called
1641072802.881918 ### DEBUG: BLE START SCANNING called
1641072802.881975 ### DEBUG: BLE START SCANNING called
1641072802.882114 ### DEBUG: BLE START SCANNING called
1641072802.882163 ### DEBUG: BLE START SCANNING called
1641072802.882211 ### addr: c0:98:e5:42:00:2c 
1641072802.882260 ### on_adv_report outer RSSI: -70, time:1640503232 
1641072802.882313 ### INFO: Discovered new device: c0:98:e5:42:00:2c
1641072802.882365 ### INFO: Switched Scheduler EUI from 00:00:00:00:00:00 to c0:98:e5:42:00:2c
1641072802.882459 ### INFO: Starting the SquarePoint module...
1641072802.882510 ### INFO: Starting SquarePoint module as PARTICIPANT with timestamp 1640503232
1641072802.882573 ### DEBUG: BLE STOP SCANNING called
1641072802.882670 ### INFO: SquarePoint module successfully started!
1641072802.882727 ### DEBUG: Ticks: 63, 63, 0 
1641072802.882822 1640503233 ### DEBUG: Ticks: 79, 16, 0 
1641072802.882874 1640503234 ### DEBUG: Ticks: 94, 15, 0 
1641072802.882923 1640503235 ### DEBUG: Ticks: 111, 17, 0 
1641072802.882975 1640503236 ### STOPPED, setting module to STOPPED
1641072802.883373 ### INFO: Switched Scheduler EUI from c0:98:e5:42:00:2c to 00:00:00:00:00:00
1641072802.883433 ### DEBUG: BLE START SCANNING called
1641072802.883488 ### STOPPED, setting module to STOPPED
1641072802.883587 ### addr: c0:98:e5:42:00:2c 
1641072802.883642 ### on_adv_report outer RSSI: -73, time:1640503237 
1641072802.883721 ### INFO: Discovered new device: c0:98:e5:42:00:2c
1641072802.883847 ### INFO: Switched Scheduler EUI from 00:00:00:00:00:00 to c0:98:e5:42:00:2c
1641072803.538203 ### DEBUG: Ticks: 228, 15, 0 
1641072803.538322 1640050575 c0:98:e5:42:00:2c 2427 
1641072803.538373 2804 2809 2816 2817 2828 2833 2837 2838 2845 2849 2852 2853 2853 2855 2856 
1641072803.538425 2859 2861 2862 2879 2884 2898 2916 2918 2933 2934 2937 2942 2958 2960 2976 
1641072804.545419 ### DEBUG: Ticks: 244, 16, 0 
1641072804.545523 1640050576 c0:98:e5:42:00:2c 2053 
1641072804.545564 2334 2335 2346 2348 2350 2361 2362 2365 2372 2375 2377 2377 2379 2381 2384 
1641072804.545609 2389 2390 2390 2402 2403 2407 2408 2408 2410 2411 2415 2417 2418 2428 2458 
1641072805.536437 ### DEBUG: Ticks: 259, 15, 0 
1641072805.536550 1640050577 c0:98:e5:42:00:2c 1717 
1641072805.549565 2003 2012 2018 2031 2047 2067 2070 2071 2084 2086 2109 2111 2111 2118 2122 
1641072805.549688 2131 2132 2139 2142 2150 2157 2179 2186 2187 2199 2201 2222 2246 2263 2287 
1641072810.431852 
1641072810.431977 ----------------------------------------------
1641072810.432028 ### WARNING: Chip experienced a reset with reason 2
1641072810.432083 ### INFO: Bluetooth address: c0:98:e5:42:00:29
1641072810.432145 ### DEBUG: Time is 00:00:00, 2000/00/00
1641072810.432199 ### INFO: Time is 00:00:00, 2000/00/00
1641072810.432248 ### INFO: Initializing SD Card...
1641072810.432297 ### INFO: Connecting to the SquarePoint module...
1641072810.432345 ### INFO: SquarePoint module connection successful
1641072810.432393 ### INFO: Battery voltage currently 4014 mV
1641072810.432441 ### INFO: SD card flushed!
1641072810.432489 ### INFO: SD card flushed!
1641072810.432537 ### DEBUG: BLE START SCANNING called
1641072810.432579 ### STOPPED, setting module to STOPPED
1641072811.481717 ### DEBUG: BLE START SCANNING called
1641072811.502989 ### DEBUG: BLE START SCANNING called
1641072811.516289 ### addr: c0:98:e5:42:00:2c 
1641072811.516392 ### on_adv_report outer RSSI: -56, time:1640503229 
1641072811.516435 ### INFO: Discovered new device: c0:98:e5:42:00:2c
1641072811.516484 ### INFO: Starting the SquarePoint module...
1641072811.527107 ### INFO: Starting SquarePoint module as PARTICIPANT with timestamp 1640503229
1641072811.527208 ### DEBUG: BLE STOP SCANNING called
1641072811.527252 ### INFO: SquarePoint module successfully started!
1641072811.539100 ### DEBUG: Ticks: 29, 29, 0 
1641072812.601682 1640503230 ### DEBUG: Ticks: 46, 17, 0 
1641072812.601806 1640049421 ### INFO: Switched Scheduler EUI from 00:00:00:00:00:00 to c0:98:e5:42:00:2c
1641072813.693517 ### DEBUG: Ticks: 63, 17, 0 
1641072813.693632 1640049422 c0:98:e5:42:00:2c 1913 
1641072813.693674 2239 2257 2258 2259 2260 2262 2281 2286 2290 2293 2295 2295 2307 2310 2324 
1641072813.693719 2352 2353 2368 2379 2380 2386 2388 2409 2413 2417 2424 2435 2494 2673 2697 
1641072831.056603 
1641072831.056714 ----------------------------------------------
1641072831.056758 ### INFO: Bluetooth address: c0:98:e5:42:00:29
1641072831.056798 ### DEBUG: Time is 00:00:00, 2000/00/00
1641072831.056839 ### INFO: Time is 00:00:00, 2000/00/00
1641072831.056882 ### INFO: Initializing SD Card...
1641072831.056921 ### INFO: Connecting to the SquarePoint module...
1641072831.056960 ### INFO: SquarePoint module connection successful
1641072831.057000 ### INFO: Battery voltage currently 4031 mV
1641072831.057039 ### INFO: SD card flushed!
1641072831.057079 ### INFO: SD card flushed!
1641072831.057122 ### DEBUG: BLE START SCANNING called
1641072831.057162 ### DEBUG: BLE START SCANNING called
1641072831.057201 ### DEBUG: BLE START SCANNING called
1641072831.057241 ### DEBUG: BLE START SCANNING called
1641072831.057280 ### addr: c0:98:e5:42:00:2c 
1641072831.057319 ### on_adv_report outer RSSI: -67, time:1640503229 
1641072831.057358 ### INFO: Discovered new device: c0:98:e5:42:00:2c
1641072831.057400 ### INFO: Switched Scheduler EUI from 00:00:00:00:00:00 to c0:98:e5:42:00:2c
1641072831.057439 ### INFO: Starting the SquarePoint module...
1641072831.057479 ### INFO: Starting SquarePoint module as PARTICIPANT with timestamp 1640503229
1641072831.057518 ### DEBUG: BLE STOP SCANNING called
1641072831.057572 ### INFO: SquarePoint module successfully started!
1641072831.057612 ### DEBUG: Ticks: 30, 30, 0 
1641072831.058379 1640503230 ### DEBUG: Ticks: 45, 15, 0 
1641072831.058466 1640503231 ### DEBUG: Ticks: 61, 16, 0 
1641072831.058506 1640503232 ### DEBUG: Ticks: 76, 15, 0 
1641072831.058546 1640503233 ### STOPPED, setting module to STOPPED
1641072831.058611 ### INFO: Switched Scheduler EUI from c0:98:e5:42:00:2c to 00:00:00:00:00:00
1641072831.058654 ### DEBUG: BLE START SCANNING called
1641072831.058694 ### DEBUG: BLE START SCANNING called
1641072831.058733 ### DEBUG: BLE START SCANNING called
1641072831.058775 ### DEBUG: BLE START SCANNING called
1641072831.058818 ### DEBUG: BLE START SCANNING called
1641072831.058910 ### DEBUG: BLE START SCANNING called
1641072831.595436 ### DEBUG: BLE START SCANNING called
1641072831.607916 ### DEBUG: BLE START SCANNING called
1641072831.608035 ### DEBUG: BLE START SCANNING called
1641072831.629699 ### DEBUG: BLE START SCANNING called
1641072831.652713 ### DEBUG: BLE START SCANNING called
1641072832.695168 ### DEBUG: BLE START SCANNING called
1641072832.695282 ### DEBUG: BLE START SCANNING called
1641072832.706020 ### DEBUG: BLE START SCANNING called
1641072832.739597 ### DEBUG: BLE START SCANNING called
1641072856.745657 
1641072856.745845 ----------------------------------------------
1641072856.745901 ### WARNING: Chip experienced a reset with reason 1
1641072856.745950 ### INFO: Bluetooth address: c0:98:e5:42:00:29
1641072856.745999 ### DEBUG: Time is 00:00:00, 2000/00/00
1641072856.746049 ### INFO: Time is 00:00:00, 2000/00/00
1641072856.746121 ### INFO: Initializing SD Card...
1641072856.746171 ### INFO: Connecting to the SquarePoint module...
1641072856.746225 ### INFO: SquarePoint module connection successful
1641072856.746274 ### INFO: Battery voltage currently 4031 mV
1641072856.746323 ### INFO: SD card flushed!
1641072856.746388 ### INFO: SD card flushed!
1641072856.746436 ### DEBUG: BLE START SCANNING called
1641072856.746608 ### DEBUG: Ticks: 22, 22, 0 
1641072856.746659 1640049437 c0:98:e5:42:00:2c -2147483647 
1641072856.759627 -2147483647 -2147483647 -2147483647 -2147483647 -2147483647 -2147483647 -2147483647 -2147483647 -2147483647 -2147483647 -2147483647 -2147483647 -2147483647 -2147483647 -2147483647 
1641072856.759734 -2147483647 -2147483647 -2147483647 -2147483647 -2147483647 -2147483647 -2147483647 -2147483647 -2147483647 -2147483647 -2147483647 -2147483647 -2147483647 -2147483647 -2147483647 
1641072856.759781 ### INFO: Switched Scheduler EUI from 00:00:00:00:00:00 to c0:98:e5:42:00:2c
1641072856.759823 ### DEBUG: BLE STOP SCANNING called
1641072856.759866 ### DEBUG: BLE START SCANNING called
1641072856.759905 ### DEBUG: Ticks: 32, 10, 0 
1641072856.759945 1640049438 c0:98:e5:42:00:2c 300 
1641072856.759988 384 384 384 384 384 384 384 384 384 384 384 384 384 384 384 
1641072856.760027 384 384 384 384 384 384 384 384 384 384 384 384 384 384 384 
1641072856.760066 ### DEBUG: BLE START SCANNING called
1641072856.760105 ### DEBUG: BLE START SCANNING called
1641072856.760148 ### addr: c0:98:e5:42:00:2c 
1641072856.760187 ### on_adv_report outer RSSI: -72, time:1640049438 
1641072856.760226 ### INFO: Discovered new device: c0:98:e5:42:00:2c
1641072856.760267 ### DEBUG: connected? already connected
1641072856.760307 ### DEBUG: BLE START SCANNING called
1641072856.760347 ### BLE EVENT: 16, INFO: BLE CONNECTED!
1641072856.760390 ### DEBUG: BLE START SCANNING called
1641072856.760430 ### RSSI: -69, 21, 1640049438 ,44 
1641072856.760475 ### DEBUG: BLE START SCANNING called
1641072856.836126 ### RSSI: -75, 1, 1640049439 ,46 
1641072856.836226 ### DEBUG: BLE START SCANNING called
1641072856.937940 ### RSSI: -71, 33, 1640049439 ,47 
1641072856.938052 ### DEBUG: BLE START SCANNING called
1641072857.026081 ### DEBUG: Ticks: 49, 17, 1 
1641072857.026195 1640049439 c0:98:e5:42:00:2c -2147483647 
1641072857.026251 -2147483647 -2147483647 -2147483647 -2147483647 -2147483647 -2147483647 -2147483647 -2147483647 -2147483647 -2147483647 -2147483647 -2147483647 -2147483647 -2147483647 -2147483647 
1641072857.026443 -2147483647 -2147483647 -2147483647 -2147483647 -2147483647 -2147483647 -2147483647 -2147483647 -2147483647 -2147483647 -2147483647 -2147483647 -2147483647 -2147483647 -2147483647 
1641072857.026495 ### DEBUG: BLE START SCANNING called
1641072857.038305 ### RSSI: -68, 33, 1640049439 ,49 
1641072857.038409 ### DEBUG: BLE START SCANNING called
1641072857.238215 ### RSSI: -67, 25, 1640049439 ,52 
1641072857.238334 ### DEBUG: BLE START SCANNING called
1641072857.339579 ### RSSI: -73, 36, 1640049439 ,53 
1641072857.339686 ### DEBUG: BLE START SCANNING called
1641072857.527040 ### DEBUG: BLE START SCANNING called
1641072857.540002 ### RSSI: -69, 9, 1640049439 ,57 
1641072857.540113 ### DEBUG: BLE START SCANNING called
1641072857.639367 ### RSSI: -71, 3, 1640049439 ,58 
1641072857.639472 ### DEBUG: BLE START SCANNING called
1641072857.739315 ### RSSI: -74, 7, 1640049440 ,60 
1641072857.739417 ### DEBUG: BLE START SCANNING called
1641072857.843545 ### RSSI: -73, 0, 1640049440 ,61 
1641072857.843677 ### DEBUG: BLE START SCANNING called
1641072857.941258 ### RSSI: -71, 36, 1640049440 ,63 
1641072857.941367 ### DEBUG: BLE START SCANNING called
1641072858.038555 ### DEBUG: Ticks: 64, 15, 1 
1641072858.038658 1640049440 c0:98:e5:42:00:2c -2147483647 
1641072858.038703 -2147483647 -2147483647 -2147483647 -2147483647 -2147483647 -2147483647 -2147483647 -2147483647 -2147483647 -2147483647 -2147483647 -2147483647 -2147483647 -2147483647 -2147483647 
1641072858.038816 -2147483647 -2147483647 -2147483647 -2147483647 -2147483647 -2147483647 -2147483647 -2147483647 -2147483647 -2147483647 -2147483647 -2147483647 -2147483647 -2147483647 -2147483647 
1641072858.038873 ### DEBUG: BLE START SCANNING called
1641072858.038913 ### RSSI: -70, 36, 1640049440 ,64 
1641072858.038962 ### DEBUG: BLE START SCANNING called
1641072858.139173 ### RSSI: -69, 10, 1640049440 ,66 
1641072858.139294 ### DEBUG: BLE START SCANNING called
1641072858.236906 ### RSSI: -67, 26, 1640049440 ,67 
1641072858.237010 ### DEBUG: BLE START SCANNING called
1641072858.337054 ### RSSI: -68, 20, 1640049440 ,69 
1641072858.337170 ### DEBUG: BLE START SCANNING called
1641072858.437029 ### RSSI: -68, 33, 1640049440 ,71 
1641072858.437135 ### DEBUG: BLE START SCANNING called
1641072858.528557 ### DEBUG: BLE START SCANNING called
1641072858.540782 ### RSSI: -72, 25, 1640049440 ,72 
1641072858.540894 ### DEBUG: BLE START SCANNING called
1641072859.041522 ### DEBUG: Ticks: 80, 16, 1 
1641072859.041637 1640049441 c0:98:e5:42:00:2c -2147483647 
1641072859.041691 -2147483647 -2147483647 -2147483647 -2147483647 -2147483647 -2147483647 -2147483647 -2147483647 -2147483647 -2147483647 -2147483647 -2147483647 -2147483647 -2147483647 -2147483647 
1641072859.041930 -2147483647 -2147483647 -2147483647 -2147483647 -2147483647 -2147483647 -2147483647 -2147483647 -2147483647 -2147483647 -2147483647 -2147483647 -2147483647 -2147483647 -2147483647 
1641072859.041999 ### DEBUG: BLE START SCANNING called
1641072859.527796 ### DEBUG: BLE START SCANNING called
1641072859.539114 ### RSSI: -76, 1, 1640049441 ,88 
1641072859.539215 ### DEBUG: BLE START SCANNING called
1641072860.038824 ### DEBUG: Ticks: 96, 16, 1 
1641072860.038926 1640049442 c0:98:e5:42:00:2c -2147483647 
1641072860.038972 -2147483647 -2147483647 -2147483647 -2147483647 -2147483647 -2147483647 -2147483647 -2147483647 -2147483647 -2147483647 -2147483647 -2147483647 -2147483647 -2147483647 -2147483647 
1641072860.039134 -2147483647 -2147483647 -2147483647 -2147483647 -2147483647 -2147483647 -2147483647 -2147483647 -2147483647 -2147483647 -2147483647 -2147483647 -2147483647 -2147483647 -2147483647 
1641072860.039178 ### DEBUG: BLE START SCANNING called
1641072860.324570 ### DEBUG: Ticks: 100, 4, 1 
1641072860.324690 1640049443 c0:98:e5:42:00:2c 300 
1641072860.324744 384 384 384 384 384 384 384 384 384 384 384 384 384 384 384 
1641072860.324800 384 384 384 384 384 384 384 384 384 384 384 384 384 384 384 
1641072860.324858 ### DEBUG: BLE START SCANNING called
1641072860.534093 ### RSSI: -72, 24, 1640049443 ,103 
1641072861.399779 ### DEBUG: Ticks: 117, 17, 1 
1641072861.399880 1640049444 c0:98:e5:42:00:2c 5183 
1641072861.399940 5489 5526 5529 5531 5554 5559 5568 5573 5578 5585 5604 5606 5615 5615 5620 
1641072861.399980 5627 5627 5629 5636 5648 5653 5655 5655 5658 5660 5681 5692 5693 5714 5819 
1641072861.534403 ### RSSI: -73, 21, 1640049444 ,119 
1641072862.415646 ### DEBUG: Ticks: 133, 16, 1 
1641072862.415751 1640049445 c0:98:e5:42:00:2c 5190 
1641072862.415792 5508 5572 5574 5579 5580 5590 5591 5607 5608 5614 5618 5618 5626 5630 5637 
1641072862.415835 5644 5646 5648 5651 5652 5657 5679 5697 5702 5708 5708 5719 5721 5729 5765 
1641072862.535272 ### RSSI: -63, 19, 1640049446 ,135 
1641072863.406821 ### DEBUG: Ticks: 148, 15, 1 
1641072863.418816 1640049446 c0:98:e5:42:00:2c 5071 
1641072863.418928 5413 5427 5432 5433 5437 5445 5448 5455 5464 5465 5470 5471 5477 5483 5487 
1641072863.418970 5492 5498 5502 5504 5513 5517 5525 5528 5547 5548 5571 5607 5611 5639 5710 
1641072863.540840 ### RSSI: -68, 19, 1640049447 ,150 
1641072864.411365 ### DEBUG: Ticks: 164, 16, 1 
1641072864.411470 1640049447 c0:98:e5:42:00:2c 4592 
1641072864.411515 4953 4954 4956 4959 4964 4971 4971 4972 4975 4980 4987 4987 4993 5003 5008 
1641072864.411555 5010 5011 5015 5015 5031 5035 5048 5048 5052 5072 5091 5105 5127 5175 5262 
1641072864.543999 ### RSSI: -71, 28, 1640049448 ,166 
1641072865.411388 ### DEBUG: Ticks: 180, 16, 1 
1641072865.411493 1640049448 c0:98:e5:42:00:2c 3958 
1641072865.411540 4306 4307 4315 4323 4329 4333 4335 4338 4348 4350 4356 4357 4358 4360 4363 
1641072865.411581 4367 4373 4375 4387 4390 4399 4411 4439 4470 4472 4474 4501 4521 4549 4615 
1641072865.543469 ### RSSI: -72, 10, 1640049448 ,181 
1641072866.409790 ### DEBUG: Ticks: 195, 15, 1 
1641072866.409909 1640049449 c0:98:e5:42:00:2c 3300 
1641072866.409951 3671 3678 3684 3700 3708 3708 3711 3711 3714 3724 3726 3735 3735 3735 3741 
1641072866.409998 3743 3748 3749 3756 3761 3762 3763 3776 3779 3790 3800 3807 3829 3925 3976 
1641072866.543620 ### RSSI: -63, 27, 1640049449 ,197 
1641072867.412250 ### DEBUG: Ticks: 211, 16, 1 
1641072867.412500 1640049450 c0:98:e5:42:00:2c 3085 
1641072867.412565 3410 3429 3429 3432 3441 3443 3446 3455 3455 3457 3464 3467 3469 3469 3476 
1641072867.412609 3480 3483 3483 3483 3490 3495 3509 3511 3511 3525 3528 3532 3539 3553 3591 
1641072867.537198 ### RSSI: -63, 3, 1640049450 ,213 
1641072868.409586 ### DEBUG: Ticks: 226, 15, 1 
1641072868.409684 1640049451 c0:98:e5:42:00:2c 3068 
1641072868.421544 3366 3391 3402 3406 3416 3439 3442 3443 3443 3453 3466 3466 3470 3479 3481 
1641072868.421657 3481 3484 3486 3489 3524 3525 3550 3560 3564 3586 3591 3601 3614 3643 3696 
1641072868.534138 ### RSSI: -62, 36, 1640049451 ,228 
1641072869.408834 ### DEBUG: Ticks: 242, 16, 1 
1641072869.408939 1640049452 c0:98:e5:42:00:2c 3160 
1641072869.421549 3454 3478 3486 3494 3500 3505 3507 3510 3512 3522 3525 3526 3528 3529 3540 
1641072869.421655 3541 3545 3550 3552 3557 3558 3560 3569 3569 3578 3582 3582 3604 3615 3721 
1641072869.533920 ### RSSI: -70, 25, 1640049452 ,244 
1641072870.415896 ### DEBUG: Ticks: 258, 16, 1 
1641072870.416001 1640049453 c0:98:e5:42:00:2c 3152 
1641072870.416047 3390 3398 3428 3437 3453 3454 3462 3466 3479 3487 3506 3508 3509 3511 3512 
1641072870.416087 3513 3519 3529 3534 3536 3536 3537 3542 3545 3556 3556 3560 3588 3694 3717 
1641072870.538415 ### RSSI: -67, 28, 1640049453 ,260 
1641072871.409838 ### DEBUG: Ticks: 273, 15, 1 
1641072871.410040 1640049454 c0:98:e5:42:00:2c 3239 
1641072871.420994 3629 3644 3648 3667 3671 3673 3673 3674 3675 3677 3678 3678 3679 3698 3702 
1641072871.421113 3705 3705 3706 3706 3711 3721 3726 3738 3738 3741 3745 3753 3753 3755 3798 
1641072871.533538 ### RSSI: -75, 16, 1640049454 ,275 
1641072872.409419 ### DEBUG: Ticks: 289, 16, 1 
1641072872.409531 1640049455 c0:98:e5:42:00:2c 3353 
1641072872.409574 3751 3752 3756 3762 3766 3771 3772 3778 3788 3788 3789 3793 3805 3805 3807 
1641072872.409619 3807 3812 3813 3823 3825 3828 3829 3833 3837 3846 3859 3871 3879 3885 3894 
1641072872.543713 ### RSSI: -70, 0, 1640049455 ,291 
1641072873.416020 ### DEBUG: Ticks: 304, 15, 1 
1641072873.416120 1640049456 c0:98:e5:42:00:2c 3405 
1641072873.416161 3661 3688 3696 3724 3727 3730 3732 3741 3745 3749 3749 3751 3752 3754 3758 
1641072873.416205 3759 3771 3772 3776 3786 3789 3792 3806 3817 3819 3821 3827 3843 3855 3877 
1641072873.534971 ### RSSI: -72, 4, 1640049456 ,306 
1641072874.409383 ### DEBUG: Ticks: 320, 16, 1 
1641072874.409484 1640049457 c0:98:e5:42:00:2c 3383 
1641072874.422242 3617 3646 3666 3697 3701 3702 3703 3707 3709 3725 3726 3731 3745 3745 3747 
1641072874.422357 3748 3748 3750 3758 3762 3768 3775 3784 3791 3801 3834 3863 3865 3877 3928 
1641072874.541676 ### RSSI: -73, 27, 1640049457 ,322 
1641072875.413071 ### DEBUG: Ticks: 336, 16, 1 
1641072875.413182 1640049458 c0:98:e5:42:00:2c 3017 
1641072875.413225 3301 3333 3369 3370 3373 3375 3384 3390 3395 3400 3407 3408 3415 3422 3423 
1641072875.413265 3425 3427 3428 3429 3448 3473 3476 3526 3538 3539 3544 3559 3588 3707 0 
1641072875.534180 ### RSSI: -76, 32, 1640049458 ,338 
1641072876.410640 ### DEBUG: Ticks: 351, 15, 1 
1641072876.410742 1640049459 c0:98:e5:42:00:2c 2431 
1641072876.410784 2693 2721 2737 2745 2745 2750 2761 2763 2765 2770 2790 2802 2806 2809 2814 
1641072876.421229 2825 2837 2837 2838 2842 2847 2849 2852 2855 2857 2871 2880 2892 2932 3060 
1641072876.542132 ### RSSI: -73, 14, 1640049459 ,353 
1641072877.250386 ### STOPPED, setting module to STOPPED
1641072877.250486 ### INFO: Switched Scheduler EUI from c0:98:e5:42:00:2c to 00:00:00:00:00:00
1641072877.541336 ### RSSI: -67, 7, 1640049460 ,369 
1641072877.563651 ### INFO: SD card flushed!
1641072877.563769 ### DEBUG: BLE START SCANNING called
1641072877.563820 ### DEBUG: BLE START SCANNING called
1641072878.527861 ### DEBUG: BLE START SCANNING called
1641072878.539624 ### RSSI: -68, 6, 1640049461 ,385 
1641072878.539723 ### DEBUG: BLE START SCANNING called
1641072879.528324 ### DEBUG: BLE START SCANNING called
1641072879.638958 ### RSSI: -72, 20, 1640049462 ,402 
1641072879.639057 ### DEBUG: BLE START SCANNING called
1641072880.533624 ### DEBUG: BLE START SCANNING called
1641072880.635127 ### RSSI: -72, 4, 1640049463 ,417 
1641072880.635306 ### DEBUG: BLE START SCANNING called
1641072881.535492 ### DEBUG: BLE START SCANNING called
1641072881.634943 ### RSSI: -73, 5, 1640049464 ,433 
1641072881.635045 ### DEBUG: BLE START SCANNING called
1641072882.528923 ### DEBUG: BLE START SCANNING called
1641072882.640424 ### RSSI: -73, 19, 1640049465 ,449 
1641072882.640527 ### DEBUG: BLE START SCANNING called
1641072883.526299 ### DEBUG: BLE START SCANNING called
1641072883.636462 ### RSSI: -61, 34, 1640049466 ,464 
1641072883.636564 ### DEBUG: BLE START SCANNING called
1641072884.534520 ### DEBUG: BLE START SCANNING called
1641072884.644307 ### RSSI: -51, 13, 1640049468 ,480 
1641072884.644417 ### DEBUG: BLE START SCANNING called
1641072885.529916 ### DEBUG: BLE START SCANNING called
1641072885.642427 ### RSSI: -54, 21, 1640049469 ,495 
1641072885.642541 ### DEBUG: BLE START SCANNING called
1641072886.531957 ### DEBUG: BLE START SCANNING called
1641072886.639760 ### RSSI: -58, 4, 1640049470 ,511 
1641072886.639873 ### DEBUG: BLE START SCANNING called
1641072887.532650 ### DEBUG: BLE START SCANNING called
1641072887.641164 ### RSSI: -55, 2, 1640049471 ,527 
1641072887.641265 ### DEBUG: BLE START SCANNING called
1641072888.529455 ### DEBUG: BLE START SCANNING called
1641072888.641526 ### RSSI: -49, 15, 1640049472 ,542 
1641072888.641654 ### DEBUG: BLE START SCANNING called
1641072889.533979 ### DEBUG: BLE START SCANNING called
1641072889.632844 ### RSSI: -62, 22, 1640049473 ,558 
1641072889.647820 ### DEBUG: BLE START SCANNING called
1641072890.535028 ### DEBUG: BLE START SCANNING called
1641072890.643301 ### RSSI: -64, 1, 1640049474 ,574 
1641072890.643409 ### DEBUG: BLE START SCANNING called
1641072891.535237 ### DEBUG: BLE START SCANNING called
1641072891.633669 ### RSSI: -57, 1, 1640049475 ,589 
1641072891.633824 ### DEBUG: BLE START SCANNING called
1641072892.534995 ### DEBUG: BLE START SCANNING called
1641072892.635125 ### RSSI: -53, 16, 1640049476 ,605 
1641072892.635239 ### DEBUG: BLE START SCANNING called
1641072892.734400 ### RSSI: -53, 13, 1640049476 ,606 
1641072892.734515 ### DEBUG: BLE START SCANNING called
1641072893.526579 ### DEBUG: BLE START SCANNING called
1641072893.734822 ### RSSI: -53, 7, 1640049477 ,622 
1641072893.734925 ### DEBUG: BLE START SCANNING called
1641072894.527113 ### DEBUG: BLE START SCANNING called
1641072894.736962 ### RSSI: -48, 5, 1640049478 ,638 
1641072894.737081 ### DEBUG: BLE START SCANNING called
1641072895.534515 ### DEBUG: BLE START SCANNING called
1641072895.740748 ### RSSI: -47, 28, 1640049479 ,653 
1641072895.740865 ### DEBUG: BLE START SCANNING called
1641072896.527736 ### DEBUG: BLE START SCANNING called
1641072896.737409 ### RSSI: -47, 11, 1640049480 ,669 
1641072896.737561 ### DEBUG: BLE START SCANNING called
1641072897.535795 ### DEBUG: BLE START SCANNING called
1641072897.741166 ### RSSI: -47, 27, 1640049481 ,684 
1641072897.741268 ### DEBUG: BLE START SCANNING called
1641072897.864114 ### INFO: Device is now STATIONARY
1641072897.864610 ### DEBUG: BLE START SCANNING called
1641072898.529540 ### DEBUG: BLE START SCANNING called
1641072898.739555 ### RSSI: -47, 5, 1640049482 ,700 
1641072898.739658 ### DEBUG: BLE START SCANNING called
1641072899.526634 ### DEBUG: BLE START SCANNING called
1641072899.740173 ### RSSI: -47, 29, 1640049483 ,716 
1641072899.740289 ### DEBUG: BLE START SCANNING called
1641072900.535831 ### DEBUG: BLE START SCANNING called
1641072900.736954 ### RSSI: -47, 32, 1640049484 ,731 
1641072900.737142 ### DEBUG: BLE START SCANNING called
1641072901.528868 ### DEBUG: BLE START SCANNING called
1641072901.736684 ### RSSI: -48, 5, 1640049485 ,747 
1641072901.736796 ### DEBUG: BLE START SCANNING called
1641072902.533421 ### DEBUG: BLE START SCANNING called
1641072902.741044 ### RSSI: -48, 30, 1640049486 ,763 
1641072902.741162 ### DEBUG: BLE START SCANNING called
1641072903.529602 ### DEBUG: BLE START SCANNING called
1641072903.737251 ### RSSI: -47, 13, 1640049487 ,778 
1641072903.737370 ### DEBUG: BLE START SCANNING called
1641072904.531948 ### DEBUG: BLE START SCANNING called
1641072904.742275 ### RSSI: -49, 0, 1640049488 ,794 
1641072904.742379 ### DEBUG: BLE START SCANNING called
