1641686748.542821 ###RTT Client: ************************************************************ 
1641686748.542985 ###RTT Client: *               SEGGER Microcontroller GmbH                * 
1641686748.543026 ###RTT Client: *   Solutions for real time microcontroller applications   * 
1641686748.543066 ###RTT Client: ************************************************************ 
1641686748.543106 ###RTT Client: *                                                          * 
1641686748.543145 ###RTT Client: *       (c) 2012 - 2016  SEGGER Microcontroller GmbH       * 
1641686748.543185 ###RTT Client: *                                                          * 
1641686748.543224 ###RTT Client: *     www.segger.com     Support: support@segger.com       * 
1641686748.543264 ###RTT Client: *                                                          * 
1641686748.543304 ###RTT Client: ************************************************************ 
1641686748.543343 ###RTT Client: *                                                          * 
1641686748.543383 ###RTT Client: * SEGGER J-Link RTT Client   Compiled Jan 30 2018 18:46:58 * 
1641686748.543423 ###RTT Client: *                                                          * 
1641686748.543462 ###RTT Client: ************************************************************ 
1641686748.543502 
1641686748.543541 ###RTT Client: -----------------------------------------------
1641686748.543582 ###RTT Client: Connecting to J-Link RTT Server via localhost:9201  Connected.
1641686764.191572 SEGGER J-Link V6.30 - Real time terminal output
1641686764.191850 J-Link EDU Mini V1 compiled Oct 22 2019 16:28:45 V1.0, SN=801021855
1641686764.192048 Process: JLinkExe
1641686764.250923 ### DEBUG: BLE START SCANNING called
1641686764.251206 ### DEBUG: BLE START SCANNING called
1641686764.262959 ### DEBUG: BLE START SCANNING called
1641686764.286758 ### addr: c0:98:e5:42:00:2c 
1641686764.287037 ### on_adv_report outer RSSI: -45, time:1640049826 
1641686764.287224 ### INFO: Discovered new device: c0:98:e5:42:00:2c
1641686764.287432 ### DEBUG: connected? already connected
1641686764.287656 ### DEBUG: BLE START SCANNING called
1641686764.348980 ### BLE EVENT: 16, INFO: BLE CONNECTED!
1641686764.349396 ### DEBUG: BLE START SCANNING called
1641686764.349581 ### RSSI: -44, 2, 1640049826 ,49 
1641686764.349759 ### DEBUG: BLE START SCANNING called
1641686764.456612 ### RSSI: -43, 22, 1640049826 ,50 
1641686764.456904 ### DEBUG: BLE START SCANNING called
1641686764.550242 ### RSSI: -43, 21, 1640049826 ,52 
1641686764.550401 ### DEBUG: BLE START SCANNING called
1641686764.654473 ### RSSI: -46, 6, 1640049826 ,53 
1641686764.654710 ### DEBUG: BLE START SCANNING called
1641686764.750140 ### RSSI: -43, 23, 1640049826 ,55 
1641686764.750429 ### DEBUG: BLE START SCANNING called
1641686764.846817 ### RSSI: -43, 22, 1640049826 ,56 
1641686764.846997 ### DEBUG: BLE START SCANNING called
1641686764.947439 ### RSSI: -42, 26, 1640049826 ,58 
1641686764.947616 ### DEBUG: BLE START SCANNING called
1641686765.052659 ### RSSI: -44, 21, 1640049826 ,59 
1641686765.052818 ### DEBUG: BLE START SCANNING called
1641686765.149671 ### DEBUG: Ticks: 61, 16, 1 
1641686765.150001 1640049827 c0:98:e5:42:00:2c 266 
1641686765.150097 381 400 424 431 460 476 485 488 488 519 525 526 527 528 532 
1641686765.150176 535 552 556 557 568 570 584 585 588 589 595 596 616 652 742 
1641686765.150253 ### DEBUG: BLE START SCANNING called
1641686765.150328 ### RSSI: -45, 13, 1640049827 ,61 
1641686765.150416 ### DEBUG: BLE START SCANNING called
1641686765.150493 ### DEBUG: BLE START SCANNING called
1641686765.246301 ### RSSI: -42, 36, 1640049827 ,63 
1641686765.246543 ### DEBUG: BLE START SCANNING called
1641686765.357146 ### RSSI: -44, 21, 1640049827 ,64 
1641686765.357524 ### DEBUG: BLE START SCANNING called
1641686765.453300 ### RSSI: -45, 5, 1640049827 ,66 
1641686765.453534 ### DEBUG: BLE START SCANNING called
1641686765.547802 ### RSSI: -45, 4, 1640049827 ,67 
1641686765.548090 ### DEBUG: BLE START SCANNING called
1641686765.645792 ### RSSI: -44, 12, 1640049827 ,69 
1641686765.646081 ### DEBUG: BLE START SCANNING called
1641686765.752965 ### RSSI: -43, 26, 1640049827 ,70 
1641686765.753368 ### DEBUG: BLE START SCANNING called
1641686765.850535 ### RSSI: -45, 3, 1640049827 ,72 
1641686765.850699 ### DEBUG: BLE START SCANNING called
1641686765.947334 ### RSSI: -43, 35, 1640049827 ,73 
1641686765.947583 ### DEBUG: BLE START SCANNING called
1641686766.149802 ### DEBUG: Ticks: 77, 16, 1 
1641686766.150061 1640049828 c0:98:e5:42:00:2c 245 
1641686766.150218 360 404 410 410 418 429 447 452 453 453 455 465 478 485 487 
1641686766.150380 494 512 513 518 519 529 535 540 545 551 552 560 568 651 694 
1641686766.150533 ### DEBUG: BLE START SCANNING called
1641686766.150708 ### DEBUG: BLE START SCANNING called
1641686766.946080 ### RSSI: -43, 31, 1640049828 ,89 
1641686766.946269 ### DEBUG: BLE START SCANNING called
1641686767.149300 ### DEBUG: Ticks: 92, 15, 1 
1641686767.149460 1640049829 c0:98:e5:42:00:2c 315 
1641686767.149553 502 504 508 530 533 554 561 576 588 589 592 613 620 622 630 
1641686767.149698 633 634 639 646 652 670 671 677 680 690 695 708 734 785 834 
1641686767.149818 ### DEBUG: BLE START SCANNING called
1641686767.150000 ### DEBUG: BLE START SCANNING called
1641686767.952253 ### RSSI: -44, 15, 1640049830 ,105 
1641686767.952549 ### DEBUG: BLE START SCANNING called
1641686768.143450 ### DEBUG: Ticks: 108, 16, 1 
1641686768.143665 1640049830 c0:98:e5:42:00:2c 309 
1641686768.143758 435 466 494 511 525 535 543 546 549 554 577 586 589 610 611 
1641686768.143846 625 629 629 634 643 650 661 670 677 689 691 696 713 723 796 
1641686768.143954 ### DEBUG: BLE START SCANNING called
1641686768.955619 ### RSSI: -43, 19, 1640049831 ,120 
1641686769.145676 ### DEBUG: Ticks: 123, 15, 1 
1641686769.145808 1640049831 c0:98:e5:42:00:2c 271 
1641686769.145874 389 418 436 486 489 495 502 502 503 515 517 520 522 527 538 
1641686769.145948 546 555 560 563 565 573 574 575 577 580 612 615 623 724 737 
1641686769.950579 ### RSSI: -43, 30, 1640049832 ,136 
1641686770.142568 ### DEBUG: Ticks: 139, 16, 1 
1641686770.142856 1640049832 c0:98:e5:42:00:2c 321 
1641686770.143039 440 452 530 543 558 561 595 608 609 618 621 628 630 641 642 
1641686770.143228 643 645 646 650 657 671 676 692 692 712 722 724 739 747 885 
1641686770.945945 ### RSSI: -45, 7, 1640049833 ,152 
1641686771.147820 ### DEBUG: Ticks: 155, 16, 1 
1641686771.148112 1640049833 c0:98:e5:42:00:2c 281 
1641686771.148297 448 472 473 499 507 511 514 534 536 538 543 544 549 551 561 
1641686771.148486 564 564 581 582 582 593 599 614 620 621 623 631 660 709 750 
1641686771.942966 ### RSSI: -45, 5, 1640049834 ,167 
1641686772.144734 ### DEBUG: Ticks: 170, 15, 1 
1641686772.144905 1640049834 c0:98:e5:42:00:2c 276 
1641686772.144987 339 426 444 447 463 466 480 480 482 496 510 510 536 540 543 
1641686772.145367 562 571 571 571 574 585 585 587 595 597 604 620 630 644 707 
1641686772.951111 ### RSSI: -45, 4, 1640049835 ,183 
1641686773.142059 ### DEBUG: Ticks: 186, 16, 1 
1641686773.142251 1640049835 c0:98:e5:42:00:2c 297 
1641686773.142345 455 478 494 497 503 535 540 560 567 571 571 574 580 586 594 
1641686773.142441 595 596 601 601 607 611 612 623 625 641 673 683 743 839 0 
1641686773.949265 ### RSSI: -45, 30, 1640049836 ,198 
1641686774.142235 ### DEBUG: Ticks: 201, 15, 1 
1641686774.142405 1640049836 c0:98:e5:42:00:2c 197 
1641686774.142490 285 285 305 312 323 329 336 339 341 347 348 351 373 392 394 
1641686774.142654 397 398 405 417 423 424 430 446 454 456 458 458 543 558 616 
1641686774.946111 ### RSSI: -45, 3, 1640049837 ,214 
1641686775.148415 ### DEBUG: Ticks: 217, 16, 1 
1641686775.148759 1640049837 c0:98:e5:42:00:2c 269 
1641686775.149423 410 411 426 474 476 493 495 496 509 517 529 530 536 536 537 
1641686775.149623 540 550 555 556 562 564 567 574 586 600 601 608 614 614 717 
1641686775.952732 ### RSSI: -44, 13, 1640049838 ,230 
1641686776.142151 ### DEBUG: Ticks: 233, 16, 1 
1641686776.142443 1640049838 c0:98:e5:42:00:2c 219 
1641686776.142628 341 352 357 367 367 382 387 403 420 420 420 431 431 433 434 
1641686776.142830 442 444 448 452 453 454 459 466 477 483 489 508 532 565 637 
1641686776.953207 ### RSSI: -46, 0, 1640049839 ,245 
1641686777.143093 ### DEBUG: Ticks: 248, 15, 1 
1641686777.143376 1640049839 c0:98:e5:42:00:2c 212 
1641686777.143561 327 332 337 347 357 363 369 379 398 399 404 413 422 422 425 
1641686777.143763 426 427 428 428 445 447 448 449 454 460 464 467 479 615 648 
1641686777.945169 ### RSSI: -43, 31, 1640049840 ,261 
1641686778.147183 ### DEBUG: Ticks: 264, 16, 1 
1641686778.147479 1640049840 c0:98:e5:42:00:2c 271 
1641686778.147689 397 444 455 456 461 474 495 510 515 528 530 532 543 543 543 
1641686778.147880 544 555 556 563 570 578 584 585 586 587 590 602 605 670 785 
1641686778.952503 ### RSSI: -43, 27, 1640049841 ,277 
1641686779.141460 ### DEBUG: Ticks: 280, 16, 1 
1641686779.141745 1640049841 c0:98:e5:42:00:2c 244 
1641686779.141930 338 403 404 415 416 418 431 437 451 451 454 456 464 481 483 
1641686779.142145 494 499 502 520 521 523 524 544 545 546 549 559 562 616 635 
1641686779.950195 ### RSSI: -44, 12, 1640049842 ,292 
1641686780.142420 ### DEBUG: Ticks: 295, 15, 1 
1641686780.142706 1640049842 c0:98:e5:42:00:2c 277 
1641686780.142893 432 457 457 467 470 472 478 501 516 523 535 537 548 550 555 
1641686780.143319 555 556 556 562 562 563 575 575 576 578 582 598 601 606 609 
1641686780.951339 ### RSSI: -61, 31, 1640049843 ,308 
1641686781.142576 ### DEBUG: Ticks: 311, 16, 1 
1641686781.142862 1640049843 c0:98:e5:42:00:2c 312 
1641686781.143046 424 500 507 526 550 564 568 569 584 599 602 602 607 612 617 
1641686781.143257 632 634 638 643 649 652 655 665 669 710 714 727 728 738 778 
1641686781.946316 ### RSSI: -50, 14, 1640049844 ,323 
1641686782.146176 ### DEBUG: Ticks: 326, 15, 1 
1641686782.146455 1640049844 c0:98:e5:42:00:2c 235 
1641686782.146651 349 358 393 406 416 418 419 435 450 453 458 460 467 468 470 
1641686782.146868 470 470 473 476 482 495 508 513 518 522 523 523 535 545 561 
1641686782.944390 ### RSSI: -56, 25, 1640049845 ,339 
1641686783.145928 ### DEBUG: Ticks: 342, 16, 1 
1641686783.146227 1640049845 c0:98:e5:42:00:2c 232 
1641686783.146412 349 358 365 369 376 383 421 422 430 435 448 455 461 463 463 
1641686783.146839 465 469 471 472 473 482 487 488 491 499 517 519 535 539 661 
1641686783.948914 ### RSSI: -48, 5, 1640049846 ,355 
1641686784.149687 ### DEBUG: Ticks: 358, 16, 1 
1641686784.149980 1640049846 c0:98:e5:42:00:2c 337 
1641686784.150168 568 607 623 630 632 637 643 653 654 668 668 668 670 672 673 
1641686784.150356 678 678 680 698 703 704 713 721 721 725 739 753 785 792 803 
1641686784.950032 ### RSSI: -51, 15, 1640049847 ,370 
1641686785.150856 ### DEBUG: Ticks: 373, 15, 1 
1641686785.151140 1640049847 c0:98:e5:42:00:2c 542 
1641686785.151324 766 781 787 825 838 845 847 849 849 856 870 871 873 876 879 
1641686785.151767 880 886 888 893 893 893 895 906 913 917 920 924 987 989 1020 
1641686785.949736 ### RSSI: -52, 10, 1640049848 ,386 
1641686786.147874 ### DEBUG: Ticks: 389, 16, 1 
1641686786.148157 1640049848 c0:98:e5:42:00:2c 598 
1641686786.148340 896 946 951 951 960 962 968 968 983 985 987 989 990 991 997 
1641686786.148769 1004 1011 1024 1031 1033 1035 1040 1046 1050 1052 1055 1065 1075 1091 1144 
1641686786.945280 ### RSSI: -51, 17, 1640049849 ,401 
1641686787.142704 ### DEBUG: Ticks: 405, 16, 1 
1641686787.142903 1640049849 c0:98:e5:42:00:2c 743 
1641686787.142972 1073 1114 1166 1169 1177 1178 1181 1196 1197 1198 1211 1212 1214 1220 1223 
1641686787.143045 1226 1230 1231 1236 1237 1239 1241 1243 1249 1251 1260 1267 1269 1318 1323 
1641686787.952686 ### RSSI: -54, 3, 1640049849 ,417 
1641686788.141957 ### DEBUG: Ticks: 420, 15, 1 
1641686788.142250 1640049850 c0:98:e5:42:00:2c 803 
1641686788.142435 1015 1049 1108 1137 1138 1144 1152 1155 1155 1157 1160 1165 1165 1168 1171 
1641686788.154093 1174 1175 1178 1180 1183 1186 1186 1189 1191 1196 1214 1221 1248 1286 0 
1641686788.949709 ### RSSI: -53, 36, 1640049850 ,433 
1641686789.146179 ### DEBUG: Ticks: 436, 16, 1 
1641686789.146477 1640049851 c0:98:e5:42:00:2c 864 
1641686789.146820 1214 1216 1242 1243 1244 1255 1255 1268 1279 1303 1313 1317 1318 1321 1334 
1641686789.147015 1337 1340 1344 1346 1347 1350 1365 1372 1378 1385 1391 1395 1446 1476 1480 
1641686789.946829 ### RSSI: -57, 0, 1640049851 ,448 
1641686790.142601 ### DEBUG: Ticks: 451, 15, 1 
1641686790.142920 1640049852 c0:98:e5:42:00:2c 845 
1641686790.143039 1032 1107 1130 1143 1155 1172 1172 1176 1178 1185 1194 1204 1211 1212 1216 
1641686790.143138 1225 1248 1250 1260 1265 1273 1275 1276 1290 1292 1294 1304 1308 1318 1333 
1641686790.945872 ### RSSI: -54, 3, 1640049852 ,464 
1641686791.146001 ### DEBUG: Ticks: 467, 16, 1 
1641686791.146199 1640049853 c0:98:e5:42:00:2c 858 
1641686791.146311 1136 1148 1149 1163 1170 1171 1190 1193 1194 1197 1199 1210 1223 1226 1236 
1641686791.146425 1249 1249 1258 1269 1287 1290 1290 1300 1301 1318 1343 1345 1412 1554 1577 
1641686791.952393 ### RSSI: -52, 4, 1640049854 ,480 
1641686792.147937 ### DEBUG: Ticks: 483, 16, 1 
1641686792.148222 1640049854 c0:98:e5:42:00:2c 785 
1641686792.148406 1014 1070 1105 1129 1130 1147 1154 1154 1163 1174 1179 1187 1200 1201 1203 
1641686792.148626 1217 1220 1222 1225 1232 1240 1247 1262 1266 1319 1346 1348 1359 1364 1490 
1641686792.945629 ### RSSI: -53, 16, 1640049855 ,495 
1641686793.141689 ### DEBUG: Ticks: 498, 15, 1 
1641686793.141951 1640049855 c0:98:e5:42:00:2c 552 
1641686793.152959 834 839 865 870 879 885 885 906 908 908 934 934 936 937 945 
1641686793.153157 946 957 963 965 974 984 1005 1008 1026 1029 1046 1046 1082 1130 1157 
1641686793.947243 ### RSSI: -46, 17, 1640049856 ,511 
1641686794.142855 ### DEBUG: Ticks: 514, 16, 1 
1641686794.143017 1640049856 c0:98:e5:42:00:2c 401 
1641686794.143103 623 633 639 657 697 711 712 719 722 726 734 778 781 787 790 
1641686794.143296 794 816 820 823 824 828 833 841 845 871 875 895 917 926 941 
1641686794.944279 ### RSSI: -59, 15, 1640049857 ,526 
1641686795.150625 ### DEBUG: Ticks: 530, 16, 1 
1641686795.150856 1640049857 c0:98:e5:42:00:2c 534 
1641686795.150941 698 714 736 771 774 800 803 835 837 839 860 867 883 887 890 
1641686795.151023 891 901 912 920 932 942 949 952 953 967 975 980 990 1028 1084 
1641686795.951869 ### RSSI: -51, 27, 1640049858 ,542 
1641686796.146891 ### DEBUG: Ticks: 545, 15, 1 
1641686796.147183 1640049858 c0:98:e5:42:00:2c 584 
1641686796.147369 893 896 929 963 974 975 980 1004 1016 1022 1028 1038 1042 1042 1046 
1641686796.147560 1052 1071 1073 1080 1081 1097 1098 1130 1149 1155 1157 1162 1164 1203 1214 
1641686796.533850 ### INFO: SD card flushed!
1641686796.944057 ### RSSI: -55, 36, 1640049859 ,558 
1641686797.144201 ### DEBUG: Ticks: 561, 16, 1 
1641686797.144483 1640049859 c0:98:e5:42:00:2c 611 
1641686797.144616 856 864 865 884 894 897 898 898 901 915 918 932 933 943 943 
1641686797.144673 945 947 950 955 960 965 999 1015 1030 1047 1048 1059 1064 1077 1085 
1641686797.951839 ### RSSI: -53, 33, 1640049860 ,573 
1641686798.147294 ### DEBUG: Ticks: 576, 15, 1 
1641686798.147593 1640049860 c0:98:e5:42:00:2c 522 
1641686798.147777 811 847 884 885 893 893 898 911 916 916 924 935 937 938 941 
1641686798.147967 941 947 952 964 970 971 971 978 987 994 997 1017 1018 1063 1120 
1641686798.950086 ### RSSI: -67, 10, 1640049861 ,589 
1641686799.142924 ### DEBUG: Ticks: 592, 16, 1 
1641686799.143069 1640049861 c0:98:e5:42:00:2c 526 
1641686799.143127 836 837 852 854 865 890 913 913 921 925 964 966 968 974 975 
1641686799.143195 976 981 983 995 995 1010 1015 1027 1036 1043 1048 1060 1073 1075 1086 
1641686799.942961 ### RSSI: -49, 25, 1640049862 ,605 
1641686800.145618 ### DEBUG: Ticks: 608, 16, 1 
1641686800.145787 1640049862 c0:98:e5:42:00:2c 552 
1641686800.145879 716 718 726 736 754 757 758 762 765 773 774 779 780 783 783 
1641686800.146007 785 788 798 818 826 828 841 842 843 853 865 875 892 900 902 
1641686800.945689 ### RSSI: -48, 0, 1640049863 ,620 
1641686801.143838 ### DEBUG: Ticks: 623, 15, 1 
1641686801.144056 1640049863 c0:98:e5:42:00:2c 435 
1641686801.144123 593 648 652 674 702 703 708 708 718 724 750 756 763 769 781 
1641686801.144182 784 785 788 791 792 799 803 820 821 834 872 878 944 946 1104 
1641686801.946236 ### RSSI: -53, 0, 1640049864 ,636 
1641686802.144908 ### DEBUG: Ticks: 639, 16, 1 
1641686802.145103 1640049864 c0:98:e5:42:00:2c 799 
1641686802.145166 1004 1096 1101 1107 1109 1134 1152 1158 1172 1181 1186 1197 1204 1216 1222 
1641686802.145232 1225 1230 1237 1262 1275 1281 1283 1286 1292 1292 1293 1299 1324 1366 1374 
1641686802.943002 ### RSSI: -58, 6, 1640049865 ,651 
1641686803.142790 ### DEBUG: Ticks: 654, 15, 1 
1641686803.143008 1640049865 c0:98:e5:42:00:2c 777 
1641686803.143131 987 1028 1035 1097 1107 1111 1112 1114 1121 1134 1134 1134 1142 1144 1145 
1641686803.143258 1148 1156 1163 1167 1175 1175 1177 1186 1254 1264 1275 1288 1335 1377 1445 
1641686803.945158 ### RSSI: -58, 21, 1640049866 ,667 
1641686804.144512 ### DEBUG: Ticks: 670, 16, 1 
1641686804.144689 1640049866 c0:98:e5:42:00:2c 687 
1641686804.144769 975 981 997 1002 1006 1010 1017 1017 1040 1041 1043 1044 1048 1051 1059 
1641686804.144868 1060 1073 1077 1079 1079 1080 1093 1094 1098 1103 1128 1134 1165 1181 1258 
1641686804.948356 ### RSSI: -53, 27, 1640049867 ,683 
1641686805.147782 ### DEBUG: Ticks: 686, 16, 1 
1641686805.147910 1640049867 c0:98:e5:42:00:2c 882 
1641686805.147972 969 1005 1014 1041 1052 1063 1075 1077 1077 1086 1102 1103 1105 1111 1127 
1641686805.148036 1127 1133 1141 1143 1147 1156 1161 1172 1172 1191 1214 1216 1225 1237 1366 
1641686805.943585 ### RSSI: -53, 7, 1640049868 ,698 
1641686806.144093 ### DEBUG: Ticks: 701, 15, 1 
1641686806.144231 1640049868 c0:98:e5:42:00:2c 677 
1641686806.144305 942 967 976 989 1008 1016 1022 1030 1051 1052 1053 1054 1061 1062 1066 
1641686806.144372 1084 1084 1090 1091 1095 1107 1107 1118 1128 1134 1200 1205 1206 1221 1253 
1641686806.949318 ### RSSI: -48, 33, 1640049869 ,714 
1641686807.145722 ### DEBUG: Ticks: 717, 16, 1 
1641686807.145843 1640049869 c0:98:e5:42:00:2c 648 
1641686807.145907 875 937 945 965 966 971 984 997 1005 1014 1016 1020 1031 1038 1044 
1641686807.145973 1045 1048 1061 1065 1079 1081 1095 1108 1123 1135 1137 1159 1173 1183 1187 
1641686807.952448 ### RSSI: -58, 32, 1640049870 ,729 
1641686808.142818 ### DEBUG: Ticks: 733, 16, 1 
1641686808.142993 1640049870 c0:98:e5:42:00:2c 512 
1641686808.143063 713 714 758 774 781 798 804 811 817 820 824 824 831 836 844 
1641686808.143135 851 854 859 861 865 871 875 878 881 890 896 906 907 909 923 
1641686808.948793 ### RSSI: -52, 36, 1640049871 ,745 
1641686809.151283 ### DEBUG: Ticks: 748, 15, 1 
1641686809.151555 1640049871 c0:98:e5:42:00:2c 778 
1641686809.151713 972 983 994 998 1019 1021 1038 1044 1057 1062 1066 1068 1069 1090 1090 
1641686809.151876 1091 1094 1098 1119 1141 1145 1154 1167 1182 1190 1194 1217 1242 1269 1269 
1641686809.941670 ### RSSI: -55, 3, 1640049872 ,761 
1641686810.142887 ### DEBUG: Ticks: 764, 16, 1 
1641686810.143025 1640049872 c0:98:e5:42:00:2c 737 
1641686810.143099 949 962 986 1016 1031 1031 1032 1035 1040 1050 1051 1053 1058 1073 1077 
1641686810.143208 1080 1082 1091 1104 1111 1113 1113 1116 1118 1135 1139 1152 1166 1180 1202 
1641686810.949880 ### RSSI: -55, 5, 1640049873 ,776 
1641686811.143152 ### DEBUG: Ticks: 779, 15, 1 
1641686811.143443 1640049873 c0:98:e5:42:00:2c 808 
1641686811.143627 946 997 1000 1026 1028 1031 1032 1033 1038 1039 1042 1050 1051 1074 1092 
1641686811.143817 1092 1094 1097 1106 1107 1111 1113 1119 1123 1130 1153 1162 1189 1194 1279 
1641686811.945112 ### RSSI: -57, 10, 1640049874 ,792 
1641686812.148407 ### DEBUG: Ticks: 795, 16, 1 
1641686812.148627 1640049874 c0:98:e5:42:00:2c 807 
1641686812.148749 968 1008 1012 1025 1047 1050 1057 1069 1080 1086 1088 1089 1106 1113 1121 
1641686812.148878 1126 1126 1132 1140 1175 1178 1189 1197 1203 1208 1220 1262 1317 1350 1375 
1641686812.948302 ### RSSI: -62, 0, 1640049874 ,808 
1641686813.146126 ### DEBUG: Ticks: 811, 16, 1 
1641686813.146314 1640049875 c0:98:e5:42:00:2c 643 
1641686813.146412 917 929 943 948 951 961 962 963 963 965 969 980 980 983 984 
1641686813.146587 985 986 990 991 992 994 1002 1005 1015 1024 1029 1034 1054 1070 1117 
1641686813.942789 ### RSSI: -50, 36, 1640049875 ,823 
1641686814.143961 ### DEBUG: Ticks: 826, 15, 1 
1641686814.144193 1640049876 c0:98:e5:42:00:2c 776 
1641686814.144334 1057 1081 1082 1100 1100 1106 1112 1119 1124 1130 1134 1134 1148 1150 1154 
1641686814.144499 1158 1162 1177 1190 1193 1195 1199 1199 1210 1210 1215 1294 1325 1329 1409 
1641686814.944296 ### RSSI: -47, 27, 1640049876 ,839 
1641686815.145691 ### DEBUG: Ticks: 842, 16, 1 
1641686815.145929 1640049877 c0:98:e5:42:00:2c 710 
1641686815.146022 1024 1025 1056 1064 1070 1073 1074 1082 1087 1103 1105 1124 1130 1132 1137 
1641686815.146117 1151 1152 1165 1165 1173 1174 1178 1181 1215 1225 1248 1287 1300 1396 0 
1641686815.950516 ### RSSI: -55, 11, 1640049877 ,854 
1641686816.142192 ### DEBUG: Ticks: 858, 16, 1 
1641686816.142482 1640049878 c0:98:e5:42:00:2c 590 
1641686816.153925 778 784 810 811 831 831 842 846 849 852 888 892 896 900 910 
1641686816.154094 911 914 925 925 930 940 944 950 959 992 995 1021 1045 1062 1064 
1641686816.945504 ### RSSI: -61, 35, 1640049879 ,870 
1641686817.141237 ### DEBUG: Ticks: 873, 15, 1 
1641686817.141377 1640049879 c0:98:e5:42:00:2c 432 
1641686817.152073 723 728 733 740 757 760 787 793 794 795 795 804 804 828 833 
1641686817.152184 853 860 866 875 876 895 916 934 934 951 952 957 974 974 983 
1641686818.045539 ### RSSI: -57, 26, 1640049880 ,887 
1641686818.147785 ### DEBUG: Ticks: 889, 16, 1 
1641686818.148083 1640049880 c0:98:e5:42:00:2c 738 
1641686818.148266 1037 1039 1044 1077 1084 1095 1105 1105 1107 1124 1138 1145 1147 1150 1152 
1641686818.148457 1164 1171 1192 1194 1199 1203 1203 1206 1220 1232 1267 1283 1292 1293 1389 
1641686819.049712 ### RSSI: -57, 17, 1640049881 ,903 
1641686819.143245 ### DEBUG: Ticks: 904, 15, 1 
1641686819.143397 1640049881 c0:98:e5:42:00:2c 821 
1641686819.143458 1050 1081 1094 1097 1114 1129 1145 1146 1153 1178 1179 1179 1180 1193 1196 
1641686819.143522 1197 1205 1206 1210 1212 1221 1234 1244 1245 1276 1282 1283 1286 1338 1372 
1641686820.045603 ### RSSI: -51, 7, 1640049882 ,918 
1641686820.147686 ### DEBUG: Ticks: 920, 16, 1 
1641686820.147844 1640049882 c0:98:e5:42:00:2c 741 
1641686820.147930 948 999 1004 1035 1039 1057 1064 1084 1091 1094 1099 1102 1103 1106 1125 
1641686820.148011 1127 1137 1137 1153 1161 1163 1167 1175 1193 1193 1197 1202 1213 1215 1255 
1641686821.043112 ### RSSI: -56, 6, 1640049883 ,934 
1641686821.147325 ### DEBUG: Ticks: 936, 16, 1 
1641686821.147627 1640049883 c0:98:e5:42:00:2c 592 
1641686821.147817 966 981 1001 1034 1048 1049 1056 1057 1058 1075 1075 1106 1113 1130 1136 
1641686821.148020 1140 1143 1156 1172 1177 1184 1190 1198 1211 1213 1215 1250 1267 1363 1389 
1641686822.050256 ### RSSI: -53, 25, 1640049884 ,950 
1641686822.143675 ### DEBUG: Ticks: 951, 15, 1 
1641686822.143862 1640049884 c0:98:e5:42:00:2c 640 
1641686822.143956 896 898 926 928 932 936 940 962 964 968 975 976 983 989 998 
1641686822.144052 1000 1003 1005 1007 1028 1061 1070 1083 1098 1113 1114 1139 1169 1235 1254 
1641686823.048560 ### RSSI: -60, 16, 1640049885 ,965 
1641686823.141387 ### DEBUG: Ticks: 967, 16, 1 
1641686823.141547 1640049885 c0:98:e5:42:00:2c 445 
1641686823.153745 717 766 771 789 794 798 813 819 832 832 837 857 858 862 870 
1641686823.153899 870 886 894 903 916 920 937 941 987 990 1013 1023 1075 1252 0 
1641686824.042719 ### RSSI: -52, 29, 1640049886 ,981 
1641686824.147804 ### DEBUG: Ticks: 982, 15, 1 
1641686824.147989 1640049886 c0:98:e5:42:00:2c 386 
1641686824.148088 655 673 680 711 711 711 713 716 723 725 735 746 751 755 760 
1641686824.148176 773 784 798 810 814 815 817 829 829 842 844 892 894 899 908 
1641686825.044519 ### RSSI: -62, 11, 1640049887 ,997 
1641686825.147143 ### DEBUG: Ticks: 998, 16, 1 
1641686825.147441 1640049887 c0:98:e5:42:00:2c 620 
1641686825.147625 825 831 836 840 841 842 861 875 894 895 909 922 928 935 942 
1641686825.147817 945 947 961 968 981 987 994 995 1013 1023 1025 1035 1043 1054 1142 
1641686826.051181 ### RSSI: -59, 12, 1640049888 ,1012 
1641686826.143703 ### DEBUG: Ticks: 1014, 16, 1 
1641686826.143992 1640049888 c0:98:e5:42:00:2c 759 
1641686826.144177 970 979 990 996 996 1006 1007 1026 1031 1036 1044 1046 1104 1105 1110 
1641686826.144443 1112 1130 1136 1142 1144 1159 1164 1173 1200 1206 1246 1249 1254 1289 1292 
1641686827.049279 ### RSSI: -59, 22, 1640049889 ,1028 
1641686827.141999 ### DEBUG: Ticks: 1029, 15, 1 
1641686827.142136 1640049889 c0:98:e5:42:00:2c 672 
1641686827.142216 1001 1038 1044 1047 1055 1068 1072 1077 1086 1102 1106 1108 1109 1113 1131 
1641686827.142287 1134 1136 1140 1146 1149 1158 1161 1166 1168 1174 1174 1197 1206 1208 1292 
1641686828.046543 ### RSSI: -51, 24, 1640049890 ,1043 
1641686828.147691 ### DEBUG: Ticks: 1045, 16, 1 
1641686828.147971 1640049890 c0:98:e5:42:00:2c 594 
1641686828.148156 897 929 931 937 943 944 947 952 961 962 972 977 982 993 994 
1641686828.148344 996 999 1003 1008 1016 1021 1022 1030 1035 1046 1051 1075 1077 1105 1162 
1641686829.045318 ### RSSI: -56, 34, 1640049891 ,1059 
1641686829.146081 ### DEBUG: Ticks: 1061, 16, 1 
1641686829.146193 1640049891 c0:98:e5:42:00:2c 623 
1641686829.146244 862 865 894 897 904 906 910 920 921 925 931 932 935 937 948 
1641686829.146293 960 963 972 973 982 983 984 992 997 1014 1017 1025 1031 1036 1051 
1641686830.046624 ### RSSI: -57, 19, 1640049892 ,1075 
1641686830.148161 ### DEBUG: Ticks: 1076, 15, 1 
1641686830.148439 1640049892 c0:98:e5:42:00:2c 613 
1641686830.148620 833 869 877 878 887 906 909 925 926 927 947 952 954 957 974 
1641686830.148816 994 1004 1004 1006 1008 1015 1025 1032 1033 1075 1079 1081 1085 1087 1120 
1641686831.046724 ### RSSI: -49, 2, 1640049893 ,1090 
1641686831.148849 ### DEBUG: Ticks: 1092, 16, 1 
1641686831.149122 1640049893 c0:98:e5:42:00:2c 360 
1641686831.149247 572 614 641 648 649 662 668 677 683 688 700 704 708 711 716 
1641686831.149617 724 743 743 747 758 761 786 789 804 823 824 834 836 849 933 
1641686831.504856 ### INFO: SD card flushed!
1641686832.041233 ### RSSI: -57, 21, 1640049894 ,1106 
1641686832.142156 ### DEBUG: Ticks: 1107, 15, 1 
1641686832.142372 1640049894 c0:98:e5:42:00:2c 658 
1641686832.142509 933 972 980 993 1025 1029 1030 1040 1046 1047 1050 1058 1068 1070 1074 
1641686832.142652 1078 1078 1079 1084 1089 1111 1111 1114 1117 1122 1135 1140 1196 1217 1370 
1641686833.047170 ### RSSI: -55, 3, 1640049895 ,1122 
1641686833.149024 ### DEBUG: Ticks: 1123, 16, 1 
1641686833.149182 1640049895 c0:98:e5:42:00:2c 742 
1641686833.149267 960 968 973 973 1006 1010 1014 1017 1038 1040 1050 1054 1061 1066 1084 
1641686833.149355 1087 1087 1101 1116 1119 1121 1121 1143 1143 1158 1159 1221 1238 1271 1346 
1641686834.050719 ### RSSI: -58, 8, 1640049896 ,1137 
1641686834.143168 ### DEBUG: Ticks: 1139, 16, 1 
1641686834.143535 1640049896 c0:98:e5:42:00:2c 700 
1641686834.154850 952 973 999 1005 1029 1034 1040 1056 1066 1067 1072 1078 1080 1080 1084 
1641686834.155138 1111 1112 1114 1116 1118 1118 1124 1126 1140 1145 1146 1153 1154 1174 1292 
1641686835.046458 ### RSSI: -52, 4, 1640049897 ,1153 
1641686835.150635 ### DEBUG: Ticks: 1154, 15, 1 
1641686835.150758 1640049897 c0:98:e5:42:00:2c 732 
1641686835.150810 962 963 1007 1012 1027 1035 1042 1044 1047 1048 1050 1061 1078 1079 1079 
1641686835.150864 1098 1108 1119 1126 1133 1135 1140 1151 1160 1173 1175 1179 1202 1211 1360 
1641686836.049994 ### RSSI: -52, 6, 1640049898 ,1168 
1641686836.143538 ### DEBUG: Ticks: 1170, 16, 1 
1641686836.143840 1640049898 c0:98:e5:42:00:2c 704 
1641686836.144024 962 966 1008 1027 1028 1049 1050 1051 1054 1060 1077 1089 1099 1109 1113 
1641686836.144676 1122 1136 1137 1154 1166 1167 1171 1221 1226 1255 1258 1267 1294 1308 1310 
1641686837.048690 ### RSSI: -49, 29, 1640049898 ,1184 
1641686837.150965 ### DEBUG: Ticks: 1186, 16, 1 
1641686837.151180 1640049899 c0:98:e5:42:00:2c 593 
1641686837.151260 836 836 868 876 885 888 919 923 941 947 957 958 962 972 978 
1641686837.151342 982 985 992 1019 1021 1025 1026 1034 1036 1036 1041 1063 1089 1101 1117 
1641686838.041519 ### RSSI: -56, 6, 1640049900 ,1200 
1641686838.143749 ### DEBUG: Ticks: 1201, 15, 1 
1641686838.143979 1640049900 c0:98:e5:42:00:2c 482 
1641686838.144071 767 780 796 797 816 818 819 821 826 829 837 844 857 869 878 
1641686838.144121 879 890 892 893 893 899 904 905 909 912 922 934 955 976 1064 
1641686839.046594 ### RSSI: -54, 11, 1640049901 ,1215 
1641686839.152335 ### DEBUG: Ticks: 1217, 16, 1 
1641686839.152619 1640049901 c0:98:e5:42:00:2c 666 
1641686839.152857 929 949 958 969 986 1005 1013 1023 1026 1034 1047 1050 1055 1057 1059 
1641686839.153259 1060 1062 1065 1074 1075 1083 1095 1101 1117 1130 1130 1180 1185 1245 1290 
1641686840.049442 ### RSSI: -62, 32, 1640049902 ,1231 
1641686840.144600 ### DEBUG: Ticks: 1232, 15, 1 
1641686840.144813 1640049902 c0:98:e5:42:00:2c 758 
1641686840.155386 986 994 1037 1047 1058 1073 1075 1076 1090 1092 1095 1096 1097 1098 1099 
1641686840.155683 1104 1110 1113 1115 1141 1156 1164 1171 1172 1172 1187 1189 1210 1217 1222 
1641686841.041193 ### RSSI: -61, 32, 1640049903 ,1246 
1641686841.144099 ### DEBUG: Ticks: 1248, 16, 1 
1641686841.144231 1640049903 c0:98:e5:42:00:2c 739 
1641686841.144289 968 1012 1018 1020 1049 1051 1055 1064 1069 1071 1076 1078 1081 1083 1086 
1641686841.154523 1089 1091 1092 1101 1102 1103 1107 1109 1110 1112 1147 1174 1178 1193 1247 
1641686842.043290 ### RSSI: -63, 34, 1640049904 ,1262 
1641686842.144274 ### DEBUG: Ticks: 1264, 16, 1 
1641686842.144446 1640049904 c0:98:e5:42:00:2c 872 
1641686842.144541 1080 1107 1115 1122 1125 1134 1137 1141 1144 1152 1152 1154 1177 1190 1200 
1641686842.144636 1206 1207 1210 1215 1234 1275 1277 1282 1286 1307 1311 1324 1392 1414 1430 
1641686843.044374 ### RSSI: -61, 35, 1640049905 ,1278 
1641686843.144783 ### DEBUG: Ticks: 1279, 15, 1 
1641686843.144942 1640049905 c0:98:e5:42:00:2c 718 
1641686843.145092 1037 1048 1065 1077 1085 1085 1085 1088 1091 1102 1107 1110 1110 1111 1112 
1641686843.145184 1115 1117 1117 1122 1123 1128 1133 1134 1141 1142 1145 1158 1162 1216 1238 
1641686844.044137 ### RSSI: -47, 18, 1640049906 ,1293 
1641686844.144255 ### DEBUG: Ticks: 1295, 16, 1 
1641686844.144437 1640049906 c0:98:e5:42:00:2c 773 
1641686844.144537 1148 1159 1167 1168 1168 1172 1187 1202 1210 1212 1218 1221 1229 1237 1241 
1641686844.144642 1245 1256 1268 1276 1285 1286 1290 1303 1304 1306 1324 1401 1418 1424 1446 
1641686845.045937 ### RSSI: -48, 26, 1640049907 ,1309 
1641686845.148470 ### DEBUG: Ticks: 1310, 15, 1 
1641686845.148608 1640049907 c0:98:e5:42:00:2c 739 
1641686845.148677 1088 1128 1130 1139 1164 1169 1184 1186 1187 1187 1196 1199 1208 1216 1234 
1641686845.148781 1234 1241 1242 1242 1255 1261 1267 1275 1281 1284 1327 1337 1358 1398 1431 
1641686846.044901 ### RSSI: -53, 14, 1640049908 ,1325 
1641686846.145897 ### DEBUG: Ticks: 1326, 16, 1 
1641686846.146022 1640049908 c0:98:e5:42:00:2c 574 
1641686846.146173 759 787 793 812 812 813 843 845 847 848 867 872 891 898 905 
1641686846.146351 908 929 946 948 953 954 967 981 985 986 1004 1007 1048 1050 1061 
1641686847.045549 ### RSSI: -65, 7, 1640049909 ,1340 
1641686847.145724 ### DEBUG: Ticks: 1342, 16, 1 
1641686847.145850 1640049909 c0:98:e5:42:00:2c 475 
1641686847.145917 718 734 796 802 804 806 807 811 813 813 814 820 822 824 827 
1641686847.145984 834 862 863 871 877 884 884 890 906 910 965 965 967 1006 1146 
1641686848.046112 ### RSSI: -55, 22, 1640049910 ,1356 
1641686848.149932 ### DEBUG: Ticks: 1357, 15, 1 
1641686848.150080 1640049910 c0:98:e5:42:00:2c 786 
1641686848.150165 1061 1073 1079 1095 1096 1096 1102 1107 1128 1137 1143 1158 1160 1169 1178 
1641686848.150268 1189 1199 1207 1214 1222 1224 1226 1228 1230 1245 1257 1300 1302 1313 1321 
1641686849.047215 ### RSSI: -61, 4, 1640049911 ,1371 
1641686849.147504 ### DEBUG: Ticks: 1373, 16, 1 
1641686849.147824 1640049911 c0:98:e5:42:00:2c 859 
1641686849.148009 1068 1080 1083 1095 1123 1129 1132 1136 1151 1152 1157 1163 1165 1166 1173 
1641686849.148199 1194 1206 1210 1219 1222 1228 1229 1236 1250 1265 1269 1272 1293 1324 1410 
1641686850.042766 ### RSSI: -49, 21, 1640049912 ,1387 
1641686850.145434 ### DEBUG: Ticks: 1389, 16, 1 
1641686850.145702 1640049912 c0:98:e5:42:00:2c 729 
1641686850.145900 891 957 970 975 980 986 1012 1018 1023 1024 1026 1028 1030 1033 1040 
1641686850.146079 1042 1044 1046 1050 1051 1051 1056 1065 1090 1095 1106 1107 1111 1220 1346 
1641686851.039473 ### RSSI: -48, 9, 1640049913 ,1403 
1641686851.143409 ### DEBUG: Ticks: 1404, 15, 1 
1641686851.143619 1640049913 c0:98:e5:42:00:2c 773 
1641686851.155482 985 1007 1019 1037 1060 1063 1064 1080 1096 1101 1108 1114 1122 1135 1135 
1641686851.155761 1143 1143 1152 1154 1173 1175 1193 1195 1206 1216 1236 1253 1309 1329 1337 
1641686852.044851 ### RSSI: -56, 32, 1640049914 ,1418 
1641686852.147837 ### DEBUG: Ticks: 1420, 16, 1 
1641686852.148001 1640049914 c0:98:e5:42:00:2c 700 
1641686852.148092 926 932 954 977 980 984 989 1005 1013 1020 1024 1034 1041 1042 1053 
1641686852.148186 1058 1062 1095 1104 1119 1121 1124 1135 1139 1140 1160 1232 1305 1321 0 
1641686853.039708 ### RSSI: -67, 15, 1640049915 ,1434 
1641686853.151671 ### DEBUG: Ticks: 1435, 15, 1 
1641686853.151836 1640049915 c0:98:e5:42:00:2c 449 
1641686853.151929 747 764 767 770 772 792 793 804 810 812 815 834 836 840 840 
1641686853.152026 844 858 873 900 902 907 910 920 929 935 979 995 1015 1030 1146 
1641686854.041189 ### RSSI: -58, 3, 1640049916 ,1449 
1641686854.144435 ### DEBUG: Ticks: 1451, 16, 1 
1641686854.144715 1640049916 c0:98:e5:42:00:2c 412 
1641686854.144899 696 707 713 748 758 758 762 774 782 786 791 793 808 815 822 
1641686854.145188 826 830 831 839 843 852 858 864 866 899 912 925 930 944 962 
1641686855.044208 ### RSSI: -56, 6, 1640049917 ,1465 
1641686855.149730 ### DEBUG: Ticks: 1467, 16, 1 
1641686855.150019 1640049917 c0:98:e5:42:00:2c 559 
1641686855.150202 888 909 924 940 944 950 953 964 964 966 974 974 980 984 984 
1641686855.150392 1001 1005 1011 1020 1024 1035 1047 1070 1071 1078 1094 1103 1132 1158 1189 
1641686856.040865 ### RSSI: -61, 11, 1640049918 ,1481 
1641686856.146225 ### DEBUG: Ticks: 1482, 15, 1 
1641686856.146393 1640049918 c0:98:e5:42:00:2c 753 
1641686856.146472 993 1034 1045 1061 1074 1075 1079 1105 1105 1124 1132 1134 1139 1144 1145 
1641686856.146548 1150 1158 1159 1164 1172 1184 1186 1192 1194 1201 1230 1258 1270 1340 1461 
1641686857.047613 ### RSSI: -64, 1, 1640049919 ,1496 
1641686857.147204 ### DEBUG: Ticks: 1498, 16, 1 
1641686857.147328 1640049919 c0:98:e5:42:00:2c 708 
1641686857.147392 1027 1034 1035 1053 1061 1063 1066 1074 1077 1078 1081 1089 1101 1112 1115 
1641686857.147448 1128 1134 1135 1138 1148 1157 1160 1168 1184 1188 1195 1199 1203 1245 1357 
1641686858.045597 ### RSSI: -50, 21, 1640049920 ,1512 
1641686858.145151 ### DEBUG: Ticks: 1514, 16, 1 
1641686858.145282 1640049920 c0:98:e5:42:00:2c 716 
1641686858.145343 897 939 946 963 972 984 986 986 991 996 1002 1007 1012 1014 1024 
1641686858.145404 1026 1030 1058 1066 1075 1081 1096 1103 1105 1111 1114 1115 1122 1131 1147 
1641686859.049898 ### RSSI: -57, 9, 1640049921 ,1528 
1641686859.150762 ### DEBUG: Ticks: 1529, 15, 1 
1641686859.151054 1640049921 c0:98:e5:42:00:2c 586 
1641686859.151238 810 812 824 864 876 885 888 893 900 901 902 905 908 909 916 
1641686859.151426 917 922 936 937 953 955 957 972 990 995 1002 1012 1013 1013 1096 
1641686860.047065 ### RSSI: -83, 5, 1640049922 ,1543 
1641686860.149176 ### DEBUG: Ticks: 1545, 16, 1 
1641686860.149319 1640049922 c0:98:e5:42:00:2c 495 
1641686860.149389 833 840 842 853 881 881 882 892 907 911 912 914 921 924 926 
1641686860.149446 932 934 949 950 961 962 971 991 995 995 1010 1014 1020 1027 1059 
1641686861.042694 ### RSSI: -50, 6, 1640049922 ,1559 
1641686861.145894 ### DEBUG: Ticks: 1560, 15, 1 
1641686861.146186 1640049923 c0:98:e5:42:00:2c 423 
1641686861.146369 646 681 685 695 702 708 710 732 734 734 735 736 739 744 755 
1641686861.146560 758 770 770 772 772 777 787 791 792 795 797 809 820 835 842 
1641686862.047163 ### RSSI: -63, 34, 1640049923 ,1574 
1641686862.148890 ### DEBUG: Ticks: 1576, 16, 1 
1641686862.149072 1640049924 c0:98:e5:42:00:2c 554 
1641686862.149132 795 832 833 860 866 871 873 878 885 896 900 915 923 928 935 
1641686862.149184 952 956 960 972 985 987 987 1002 1011 1013 1015 1049 1057 1062 1063 
1641686863.040330 ### RSSI: -55, 18, 1640049925 ,1590 
1641686863.142847 ### DEBUG: Ticks: 1592, 16, 1 
1641686863.143132 1640049925 c0:98:e5:42:00:2c 728 
1641686863.154798 984 1023 1031 1034 1046 1069 1070 1082 1104 1115 1119 1120 1128 1129 1134 
1641686863.155087 1144 1150 1157 1174 1176 1187 1195 1222 1231 1266 1284 1312 1342 1433 1434 
1641686864.049458 ### RSSI: -57, 28, 1640049926 ,1606 
1641686864.151202 ### DEBUG: Ticks: 1607, 15, 1 
1641686864.151366 1640049926 c0:98:e5:42:00:2c 680 
1641686864.151576 1017 1035 1041 1058 1061 1073 1082 1083 1090 1094 1110 1111 1112 1128 1134 
1641686864.151663 1137 1144 1150 1153 1153 1154 1167 1191 1194 1203 1234 1239 1286 1300 1390 
1641686865.042220 ### RSSI: -59, 8, 1640049927 ,1621 
1641686865.150072 ### DEBUG: Ticks: 1623, 16, 1 
1641686865.150323 1640049927 c0:98:e5:42:00:2c 649 
1641686865.150481 937 959 959 969 986 1012 1013 1024 1026 1029 1030 1038 1044 1050 1051 
1641686865.150590 1055 1059 1066 1067 1070 1072 1077 1080 1101 1107 1130 1132 1135 1185 1264 
1641686866.039951 ### RSSI: -49, 30, 1640049928 ,1637 
1641686866.146865 ### DEBUG: Ticks: 1639, 16, 1 
1641686866.147056 1640049928 c0:98:e5:42:00:2c 717 
1641686866.147129 1023 1036 1038 1052 1052 1062 1063 1068 1072 1072 1076 1086 1097 1105 1111 
1641686866.147417 1122 1134 1134 1151 1162 1177 1187 1221 1229 1230 1234 1285 1285 1308 1334 
1641686866.498499 ### INFO: SD card flushed!
1641686867.039679 ### RSSI: -50, 6, 1640049929 ,1653 
1641686867.146829 ### DEBUG: Ticks: 1654, 15, 1 
1641686867.147022 1640049929 c0:98:e5:42:00:2c 653 
1641686867.147081 979 999 1017 1027 1035 1049 1057 1058 1064 1065 1066 1068 1069 1078 1082 
1641686867.147142 1106 1107 1138 1142 1144 1154 1156 1212 1216 1244 1265 1296 1298 1300 1309 
1641686868.047773 ### RSSI: -49, 13, 1640049930 ,1668 
1641686868.145229 ### DEBUG: Ticks: 1670, 16, 1 
1641686868.145513 1640049930 c0:98:e5:42:00:2c 523 
1641686868.145712 732 749 766 773 783 791 805 807 809 811 828 833 844 847 853 
1641686868.145917 855 857 863 883 889 902 902 909 921 940 945 949 950 985 985 
1641686869.042584 ### RSSI: -55, 6, 1640049931 ,1684 
1641686869.149141 ### DEBUG: Ticks: 1685, 15, 1 
1641686869.149431 1640049931 c0:98:e5:42:00:2c 549 
1641686869.149615 797 805 823 826 832 841 847 851 867 882 884 885 890 893 901 
1641686869.149845 910 911 928 931 941 943 948 949 961 967 988 988 1052 1060 1069 
1641686870.041271 ### RSSI: -54, 5, 1640049932 ,1699 
1641686870.144379 ### DEBUG: Ticks: 1701, 16, 1 
1641686870.144549 1640049932 c0:98:e5:42:00:2c 700 
1641686870.144632 926 934 947 961 990 991 998 1012 1021 1027 1029 1029 1034 1035 1044 
1641686870.144704 1047 1049 1054 1055 1071 1081 1088 1090 1097 1098 1099 1122 1145 1196 0 
1641686871.044389 ### RSSI: -53, 0, 1640049933 ,1715 
1641686871.144059 ### DEBUG: Ticks: 1717, 16, 1 
1641686871.144200 1640049933 c0:98:e5:42:00:2c 693 
1641686871.144482 910 965 983 998 1026 1032 1036 1038 1039 1042 1045 1051 1056 1062 1067 
1641686871.144548 1081 1083 1089 1094 1095 1099 1101 1106 1112 1120 1122 1125 1130 1146 1356 
1641686872.039678 ### RSSI: -62, 26, 1640049934 ,1731 
1641686872.143535 ### DEBUG: Ticks: 1732, 15, 1 
1641686872.143695 1640049934 c0:98:e5:42:00:2c 776 
1641686872.153694 1010 1011 1046 1100 1101 1111 1111 1114 1118 1124 1133 1141 1141 1150 1157 
1641686872.153833 1160 1160 1164 1164 1165 1167 1173 1183 1187 1187 1212 1214 1221 1240 1340 
1641686873.044209 ### RSSI: -61, 33, 1640049935 ,1746 
1641686873.151329 ### DEBUG: Ticks: 1748, 16, 1 
1641686873.151614 1640049935 c0:98:e5:42:00:2c 566 
1641686873.151822 968 1017 1045 1059 1071 1071 1090 1092 1109 1113 1123 1123 1125 1130 1130 
1641686873.152002 1134 1144 1146 1148 1149 1155 1162 1177 1179 1181 1191 1226 1237 1259 1270 
1641686874.047652 ### RSSI: -68, 25, 1640049936 ,1762 
1641686874.154013 ### DEBUG: Ticks: 1763, 15, 1 
1641686874.154220 1640049936 c0:98:e5:42:00:2c 720 
1641686874.154321 951 985 993 995 1027 1027 1045 1046 1049 1053 1055 1057 1059 1059 1068 
1641686874.154427 1068 1071 1078 1089 1100 1100 1104 1108 1110 1113 1118 1129 1170 1178 1180 
1641686875.048280 ### RSSI: -48, 35, 1640049937 ,1777 
1641686875.143819 ### DEBUG: Ticks: 1779, 16, 1 
1641686875.144001 1640049937 c0:98:e5:42:00:2c 696 
1641686875.156232 1010 1017 1044 1063 1065 1068 1086 1089 1108 1110 1110 1112 1125 1132 1132 
1641686875.156484 1137 1144 1152 1156 1176 1181 1190 1207 1208 1220 1263 1266 1300 1324 1365 
1641686876.049685 ### RSSI: -60, 31, 1640049938 ,1793 
1641686876.152448 ### DEBUG: Ticks: 1795, 16, 1 
1641686876.152747 1640049938 c0:98:e5:42:00:2c 634 
1641686876.152931 907 930 937 939 944 953 968 987 992 1006 1006 1010 1027 1033 1034 
1641686876.153696 1043 1046 1051 1053 1057 1062 1088 1089 1091 1092 1107 1131 1152 1180 1201 
1641686877.046865 ### RSSI: -54, 27, 1640049939 ,1809 
1641686877.149760 ### DEBUG: Ticks: 1810, 15, 1 
1641686877.149904 1640049939 c0:98:e5:42:00:2c 428 
1641686877.149990 672 673 682 693 707 708 712 723 730 731 739 745 753 759 760 
1641686877.150077 761 765 765 770 776 789 791 793 797 826 828 833 842 913 1084 
1641686878.045901 ### RSSI: -57, 30, 1640049940 ,1824 
1641686878.153298 ### DEBUG: Ticks: 1826, 16, 1 
1641686878.153454 1640049940 c0:98:e5:42:00:2c 698 
1641686878.153533 951 974 981 992 1024 1030 1031 1051 1060 1064 1065 1066 1074 1076 1077 
1641686878.153648 1083 1086 1093 1111 1117 1122 1122 1122 1131 1133 1193 1200 1205 1235 1258 
1641686879.048279 ### RSSI: -62, 4, 1640049941 ,1840 
1641686879.144749 ### DEBUG: Ticks: 1842, 16, 1 
1641686879.144900 1640049941 c0:98:e5:42:00:2c 739 
1641686879.144984 970 986 993 1034 1039 1054 1062 1090 1102 1116 1129 1132 1133 1144 1147 
1641686879.145138 1156 1157 1169 1180 1181 1181 1185 1197 1203 1219 1238 1246 1267 1374 1386 
1641686880.044117 ### RSSI: -52, 11, 1640049942 ,1856 
1641686880.146777 ### DEBUG: Ticks: 1857, 15, 1 
1641686880.146936 1640049942 c0:98:e5:42:00:2c 780 
1641686880.147037 980 990 1031 1032 1076 1094 1107 1121 1127 1138 1140 1143 1146 1151 1175 
1641686880.147239 1176 1177 1185 1199 1203 1209 1214 1236 1237 1238 1238 1249 1258 1265 1350 
1641686881.043131 ### RSSI: -46, 6, 1640049943 ,1871 
1641686881.150714 ### DEBUG: Ticks: 1873, 16, 1 
1641686881.150831 1640049943 c0:98:e5:42:00:2c 663 
1641686881.150885 921 927 939 954 964 968 976 1001 1010 1010 1038 1041 1058 1059 1061 
1641686881.150938 1062 1064 1073 1074 1076 1077 1090 1098 1137 1138 1147 1182 1184 1227 1251 
1641686882.038790 ### RSSI: -54, 6, 1640049944 ,1887 
1641686882.150001 ### DEBUG: Ticks: 1888, 15, 1 
1641686882.150826 1640049944 c0:98:e5:42:00:2c 725 
1641686882.152336 971 996 1050 1051 1052 1060 1062 1070 1078 1081 1082 1084 1089 1102 1105 
1641686882.153743 1120 1130 1139 1144 1144 1176 1178 1194 1195 1206 1212 1221 1255 1386 1389 
1641686883.043992 ### RSSI: -66, 36, 1640049945 ,1902 
1641686883.149610 ### DEBUG: Ticks: 1904, 16, 1 
1641686883.149818 1640049945 c0:98:e5:42:00:2c 544 
1641686883.149942 823 823 851 857 869 879 881 915 927 929 946 947 948 956 960 
1641686883.150070 974 978 980 985 1009 1024 1040 1044 1044 1055 1060 1079 1157 1430 0 
1641686884.046003 ### RSSI: -48, 20, 1640049946 ,1918 
1641686884.144494 ### DEBUG: Ticks: 1920, 16, 1 
1641686884.144652 1640049946 c0:98:e5:42:00:2c 439 
1641686884.144738 734 743 743 757 779 780 820 824 831 834 837 853 856 871 873 
1641686884.144828 874 877 883 885 885 897 912 916 922 927 933 1001 1003 1061 1135 
1641686885.042654 ### RSSI: -60, 31, 1640049946 ,1934 
1641686885.148828 ### DEBUG: Ticks: 1935, 15, 1 
1641686885.149224 1640049947 c0:98:e5:42:00:2c 465 
1641686885.149468 761 785 785 787 799 808 812 830 844 847 852 856 861 864 867 
1641686885.149663 870 876 892 902 904 906 909 922 926 931 952 958 959 993 1000 
1641686886.046274 ### RSSI: -58, 13, 1640049947 ,1949 
1641686886.150826 ### DEBUG: Ticks: 1951, 16, 1 
1641686886.151124 1640049948 c0:98:e5:42:00:2c 683 
1641686886.151311 952 990 1002 1012 1023 1028 1031 1032 1038 1042 1045 1046 1052 1052 1061 
1641686886.151831 1063 1064 1066 1078 1080 1087 1108 1120 1133 1168 1169 1199 1201 1219 1245 
1641686887.042804 ### RSSI: -62, 25, 1640049949 ,1965 
1641686887.147334 ### DEBUG: Ticks: 1967, 16, 1 
1641686887.147447 1640049949 c0:98:e5:42:00:2c 684 
1641686887.147502 974 989 990 1017 1023 1033 1034 1038 1043 1046 1046 1050 1059 1063 1065 
1641686887.147557 1066 1068 1068 1078 1090 1096 1097 1127 1150 1158 1165 1183 1217 1241 1268 
1641686888.040401 ### RSSI: -51, 22, 1640049950 ,1981 
1641686888.144347 ### DEBUG: Ticks: 1982, 15, 1 
1641686888.144625 1640049950 c0:98:e5:42:00:2c 631 
1641686888.157963 882 894 899 900 904 918 921 922 934 937 944 948 955 959 962 
1641686888.158253 964 965 965 971 978 986 992 998 1001 1002 1018 1041 1055 1101 1187 
1641686889.046211 ### RSSI: -56, 23, 1640049951 ,1996 
1641686889.144518 ### DEBUG: Ticks: 1998, 16, 1 
1641686889.144776 1640049951 c0:98:e5:42:00:2c 631 
1641686889.144956 853 889 900 924 924 924 929 948 952 954 957 966 987 989 994 
1641686889.157288 997 1011 1016 1018 1018 1022 1046 1046 1048 1067 1072 1091 1095 1097 1156 
1641686890.044606 ### RSSI: -54, 1, 1640049952 ,2012 
1641686890.142255 ### DEBUG: Ticks: 2013, 15, 1 
1641686890.153981 1640049952 c0:98:e5:42:00:2c 559 
1641686890.154273 833 837 838 869 894 902 915 920 927 929 933 939 945 945 946 
1641686890.154470 949 956 961 964 964 995 998 1001 1004 1005 1012 1018 1021 1045 1078 
1641686891.041201 ### RSSI: -46, 35, 1640049953 ,2027 
1641686891.151047 ### DEBUG: Ticks: 2029, 16, 1 
1641686891.151211 1640049953 c0:98:e5:42:00:2c 341 
1641686891.151304 612 628 632 636 638 646 650 651 652 655 665 670 671 674 676 
1641686891.151413 688 696 707 718 726 737 750 755 764 771 772 783 817 879 897 
1641686892.045979 ### RSSI: -55, 20, 1640049954 ,2043 
1641686892.151290 ### DEBUG: Ticks: 2045, 16, 1 
1641686892.151709 1640049954 c0:98:e5:42:00:2c 434 
1641686892.151896 682 708 712 723 725 739 742 743 744 746 764 767 785 785 788 
1641686892.152168 789 809 810 825 830 834 834 835 840 855 859 861 894 922 938 
1641686893.045771 ### RSSI: -57, 15, 1640049955 ,2059 
1641686893.153203 ### DEBUG: Ticks: 2060, 15, 1 
1641686893.153414 1640049955 c0:98:e5:42:00:2c 678 
1641686893.153496 885 887 930 950 952 954 957 984 986 993 996 1009 1012 1029 1031 
1641686893.153572 1032 1039 1061 1065 1066 1079 1082 1089 1141 1146 1160 1183 1206 1229 1251 
1641686894.043690 ### RSSI: -59, 23, 1640049956 ,2074 
1641686894.139778 ### RSSI: -61, 15, 1640049956 ,2076 
1641686894.152478 ### DEBUG: Ticks: 2076, 16, 1 
1641686894.152767 1640049956 c0:98:e5:42:00:2c 842 
1641686894.152949 1081 1088 1089 1096 1102 1105 1124 1133 1140 1144 1148 1148 1152 1166 1170 
1641686894.153236 1185 1188 1190 1193 1207 1230 1241 1242 1246 1256 1280 1351 1367 1379 1404 
1641686895.069406 ### BLE EVENT: 16, INFO: BLE CONNECTED!
1641686895.069690 ### RSSI: -54, 15, 1640049957 ,2090 
1641686895.138767 ### RSSI: -62, 4, 1640049957 ,2091 
1641686895.150237 ### DEBUG: Ticks: 2091, 15, 1 
1641686895.150500 1640049957 c0:98:e5:42:00:2c 638 
1641686895.150592 929 944 973 978 981 994 1003 1029 1033 1035 1053 1056 1056 1058 1065 
1641686895.150691 1065 1070 1073 1074 1076 1078 1084 1084 1121 1125 1128 1170 1187 1435 0 
1641686895.173245 ### RSSI: -58, 31, 1640049957 ,2092 
1641686895.242468 ### RSSI: -60, 35, 1640049957 ,2093 
1641686895.265125 ### RSSI: -60, 29, 1640049957 ,2093 
1641686895.347405 ### RSSI: -55, 6, 1640049957 ,2095 
1641686895.370450 ### RSSI: -59, 25, 1640049957 ,2095 
1641686895.441049 ### RSSI: -51, 24, 1640049957 ,2096 
1641686895.465561 ### RSSI: -51, 27, 1640049957 ,2097 
1641686895.547943 ### RSSI: -50, 6, 1640049957 ,2098 
1641686895.572057 ### RSSI: -49, 6, 1640049957 ,2098 
1641686895.641134 ### RSSI: -50, 7, 1640049957 ,2099 
1641686895.664524 ### RSSI: -48, 25, 1640049958 ,2100 
1641686895.746360 ### RSSI: -48, 18, 1640049958 ,2101 
1641686895.770021 ### RSSI: -49, 29, 1640049958 ,2101 
1641686895.842532 ### RSSI: -48, 11, 1640049958 ,2102 
1641686895.864071 ### RSSI: -49, 17, 1640049958 ,2103 
1641686895.946136 ### RSSI: -49, 19, 1640049958 ,2104 
1641686895.969448 ### RSSI: -50, 2, 1640049958 ,2104 
1641686896.048709 ### RSSI: -50, 10, 1640049958 ,2105 
1641686896.073716 ### RSSI: -50, 1, 1640049958 ,2106 
1641686896.146243 ### RSSI: -49, 20, 1640049958 ,2107 
1641686896.146422 ### DEBUG: Ticks: 2107, 16, 1 
1641686896.146513 1640049958 c0:98:e5:42:00:2c 700 
1641686896.146608 1011 1018 1030 1042 1043 1045 1062 1076 1077 1085 1086 1092 1092 1100 1103 
1641686896.146711 1114 1129 1132 1133 1145 1157 1168 1227 1236 1238 1291 1317 1317 1329 1336 
1641686896.169464 ### RSSI: -49, 29, 1640049958 ,2107 
1641686896.240357 ### RSSI: -49, 25, 1640049958 ,2109 
1641686896.265322 ### RSSI: -50, 14, 1640049958 ,2109 
1641686896.347075 ### RSSI: -50, 0, 1640049958 ,2110 
1641686896.370766 ### RSSI: -48, 36, 1640049958 ,2111 
1641686896.440717 ### RSSI: -48, 30, 1640049958 ,2112 
1641686896.465244 ### RSSI: -49, 10, 1640049958 ,2112 
1641686896.547257 ### RSSI: -49, 9, 1640049958 ,2113 
1641686896.570412 ### RSSI: -50, 2, 1640049958 ,2114 
1641686896.642162 ### RSSI: -48, 24, 1640049959 ,2115 
1641686896.667222 ### RSSI: -48, 19, 1640049959 ,2115 
1641686897.146298 ### DEBUG: Ticks: 2123, 16, 1 
1641686897.146486 1640049959 c0:98:e5:42:00:2c 661 
1641686897.146570 893 915 944 951 952 963 971 986 987 994 996 1021 1022 1030 1051 
1641686897.146658 1061 1066 1088 1089 1092 1095 1096 1128 1131 1138 1157 1171 1188 1206 1233 
1641686897.501655 ### INFO: SD card flushed!
1641686897.642827 ### RSSI: -50, 28, 1640049960 ,2130 
1641686897.666076 ### RSSI: -51, 34, 1640049960 ,2131 
1641686898.144850 ### DEBUG: Ticks: 2138, 15, 1 
1641686898.145098 1640049960 c0:98:e5:42:00:2c 490 
1641686898.145192 754 769 776 776 781 798 805 806 816 816 822 826 827 841 843 
1641686898.145287 844 851 853 853 854 856 858 867 869 885 893 903 913 918 956 
1641686898.645656 ### RSSI: -54, 4, 1640049961 ,2146 
1641686898.668653 ### RSSI: -54, 3, 1640049961 ,2146 
1641686899.147434 ### DEBUG: Ticks: 2154, 16, 1 
1641686899.147649 1640049961 c0:98:e5:42:00:2c 505 
1641686899.147786 714 755 768 775 787 787 790 800 814 817 831 837 852 853 856 
1641686899.147926 860 863 865 870 875 876 878 882 887 921 922 936 955 993 1035 
1641686899.647075 ### RSSI: -54, 2, 1640049962 ,2162 
1641686899.670555 ### RSSI: -56, 6, 1640049962 ,2162 
1641686900.144247 ### DEBUG: Ticks: 2170, 16, 1 
1641686900.144411 1640049962 c0:98:e5:42:00:2c 744 
1641686900.158069 1021 1060 1080 1083 1091 1093 1096 1100 1102 1113 1113 1117 1122 1133 1137 
1641686900.158360 1141 1142 1143 1154 1159 1159 1160 1179 1181 1185 1221 1223 1227 1230 1368 
1641686900.643529 ### RSSI: -55, 0, 1640049963 ,2177 
1641686900.665265 ### RSSI: -63, 27, 1640049963 ,2178 
1641686901.151118 ### DEBUG: Ticks: 2185, 15, 1 
1641686901.151287 1640049963 c0:98:e5:42:00:2c 718 
1641686901.151361 923 936 1004 1016 1017 1020 1021 1023 1028 1029 1029 1035 1041 1043 1043 
1641686901.151437 1051 1059 1059 1063 1063 1064 1086 1092 1099 1109 1126 1132 1133 1139 1180 
1641686901.641176 ### RSSI: -60, 26, 1640049964 ,2193 
1641686901.664804 ### RSSI: -56, 10, 1640049964 ,2193 
1641686902.144935 ### DEBUG: Ticks: 2201, 16, 1 
1641686902.145327 1640049964 c0:98:e5:42:00:2c 782 
1641686902.145511 1054 1097 1100 1113 1125 1126 1132 1133 1138 1139 1140 1143 1144 1157 1161 
1641686902.145701 1163 1171 1171 1176 1190 1191 1206 1218 1221 1228 1232 1236 1243 1252 1426 
1641686902.637654 ### RSSI: -56, 8, 1640049965 ,2209 
1641686902.672589 ### RSSI: -61, 21, 1640049965 ,2209 
1641686903.144926 ### DEBUG: Ticks: 2216, 15, 1 
1641686903.145334 1640049965 c0:98:e5:42:00:2c 766 
1641686903.156658 1021 1039 1050 1063 1071 1090 1093 1097 1111 1114 1114 1117 1122 1123 1132 
1641686903.156946 1138 1139 1143 1152 1152 1164 1182 1183 1190 1202 1218 1218 1232 1250 1287 
1641686903.640301 ### RSSI: -69, 18, 1640049966 ,2224 
1641686903.662815 ### RSSI: -60, 8, 1640049966 ,2225 
1641686904.151484 ### DEBUG: Ticks: 2232, 16, 1 
1641686904.151639 1640049966 c0:98:e5:42:00:2c 687 
1641686904.151704 967 977 984 993 995 1002 1009 1013 1014 1015 1020 1028 1029 1034 1037 
1641686904.151771 1039 1046 1059 1066 1074 1076 1078 1088 1088 1092 1093 1103 1107 1118 1168 
1641686904.643681 ### RSSI: -65, 26, 1640049967 ,2240 
1641686904.667398 ### RSSI: -56, 7, 1640049967 ,2240 
1641686905.152402 ### DEBUG: Ticks: 2248, 16, 1 
1641686905.152576 1640049967 c0:98:e5:42:00:2c 746 
1641686905.152667 1059 1063 1069 1072 1072 1074 1076 1076 1091 1097 1104 1105 1106 1106 1107 
1641686905.152761 1113 1116 1131 1131 1148 1150 1161 1171 1179 1185 1204 1252 1256 1275 1285 
1641686905.639638 ### RSSI: -53, 33, 1640049968 ,2255 
1641686905.672897 ### RSSI: -52, 4, 1640049968 ,2256 
1641686906.151506 ### DEBUG: Ticks: 2263, 15, 1 
1641686906.151820 1640049968 c0:98:e5:42:00:2c 714 
1641686906.152005 931 963 983 993 993 995 1008 1013 1016 1041 1045 1049 1057 1060 1066 
1641686906.152197 1066 1073 1073 1074 1079 1079 1081 1083 1093 1101 1106 1115 1124 1138 1160 
1641686906.637747 ### RSSI: -54, 2, 1640049969 ,2271 
1641686906.673901 ### RSSI: -52, 26, 1640049969 ,2271 
1641686907.152578 ### DEBUG: Ticks: 2279, 16, 1 
1641686907.152860 1640049969 c0:98:e5:42:00:2c 507 
1641686907.153446 781 789 806 822 845 851 859 872 872 873 889 895 898 904 908 
1641686907.153678 911 911 915 921 927 935 943 948 953 961 962 964 974 989 1008 
1641686907.646401 ### RSSI: -49, 30, 1640049970 ,2287 
1641686907.668779 ### RSSI: -48, 33, 1640049970 ,2287 
1641686908.147412 ### DEBUG: Ticks: 2295, 16, 1 
1641686908.147704 1640049970 c0:98:e5:42:00:2c 314 
1641686908.147889 513 533 553 562 585 592 598 598 601 603 605 607 610 616 625 
1641686908.148078 632 638 645 648 656 659 666 667 673 675 693 697 718 740 782 
1641686908.603677 ### INFO: Device is now IN MOTION
1641686908.638141 ### RSSI: -43, 2, 1640049970 ,2302 
1641686908.663302 ### RSSI: -42, 29, 1640049970 ,2303 
