1641686746.482707 ###RTT Client: ************************************************************ 
1641686746.483381 ###RTT Client: *               SEGGER Microcontroller GmbH                * 
1641686746.483645 ###RTT Client: *   Solutions for real time microcontroller applications   * 
1641686746.483889 ###RTT Client: ************************************************************ 
1641686746.484113 ###RTT Client: *                                                          * 
1641686746.484341 ###RTT Client: *       (c) 2012 - 2016  SEGGER Microcontroller GmbH       * 
1641686746.484563 ###RTT Client: *                                                          * 
1641686746.484767 ###RTT Client: *     www.segger.com     Support: support@segger.com       * 
1641686746.485066 ###RTT Client: *                                                          * 
1641686746.485289 ###RTT Client: ************************************************************ 
1641686746.485557 ###RTT Client: *                                                          * 
1641686746.485768 ###RTT Client: * SEGGER J-Link RTT Client   Compiled Jan 30 2018 18:46:58 * 
1641686746.486005 ###RTT Client: *                                                          * 
1641686746.486216 ###RTT Client: ************************************************************ 
1641686746.486449 
1641686746.486679 ###RTT Client: -----------------------------------------------
1641686746.486887 ###RTT Client: Connecting to J-Link RTT Server via localhost:9201  Connected.
1641686746.487161 SEGGER J-Link V6.30 - Real time terminal output
1641686746.487384 J-Link EDU Mini V1 compiled Oct  2 2020 17:00:40 V1.0, SN=801021851
1641686746.487611 Process: JLinkExe
1641686746.487825 ### RSSI: -42, 9, 1640049796 ,455 
1641686746.488037 ### DEBUG: Ticks: 461, 16, 1 
1641686746.488262 1640049796 c0:98:e5:42:00:29 290 
1641686746.488474 -293 -287 -286 -274 -244 -237 -224 -206 -205 -203 -202 -198 -196 -190 -183 
1641686746.488695 -178 -168 -163 -159 -153 -137 -118 -111 -103 -100 -75 -59 -55 -44 -8 
1641686746.488922 ### RSSI: -41, 13, 1640049797 ,471 
1641686746.489155 ### DEBUG: Ticks: 477, 16, 1 
1641686746.489398 1640049797 c0:98:e5:42:00:29 232 
1641686746.489620 -338 -330 -329 -314 -313 -311 -299 -299 -296 -281 -274 -272 -257 -247 -234 
1641686746.489824 -232 -226 -226 -214 -213 -213 -208 -177 -164 -157 -135 -125 -97 -73 -57 
1641686746.490026 ### RSSI: -41, 29, 1640049798 ,486 
1641686746.490237 ### DEBUG: Ticks: 492, 15, 1 
1641686746.490479 1640049798 c0:98:e5:42:00:29 298 
1641686746.490681 -489 -488 -484 -458 -457 -453 -448 -434 -429 -419 -419 -415 -402 -398 -374 
1641686746.490880 -373 -361 -355 -355 -348 -348 -346 -345 -344 -331 -329 -289 -286 -233 -204 
1641686746.491076 ### RSSI: -42, 15, 1640049799 ,502 
1641686746.491270 ### DEBUG: Ticks: 508, 16, 1 
1641686746.491483 1640049799 c0:98:e5:42:00:29 298 
1641686746.491681 -317 -314 -296 -292 -289 -287 -265 -264 -262 -254 -232 -229 -190 -188 -187 
1641686746.491879 -187 -184 -181 -173 -163 -160 -149 -146 -145 -136 -115 -115 -85 -58 -25 
1641686746.492076 ### RSSI: -44, 1, 1640049800 ,517 
1641686746.492276 ### DEBUG: Ticks: 523, 15, 1 
1641686746.492498 1640049800 c0:98:e5:42:00:29 248 
1641686746.492694 -369 -363 -359 -347 -339 -338 -327 -322 -319 -318 -308 -282 -278 -277 -269 
1641686746.492887 -268 -247 -225 -223 -222 -220 -214 -213 -209 -204 -200 -194 -169 -137 -109 
1641686746.493083 ### RSSI: -41, 18, 1640049801 ,533 
1641686746.493329 ### DEBUG: Ticks: 539, 16, 1 
1641686746.493619 1640049801 c0:98:e5:42:00:29 269 
1641686746.493850 -421 -400 -396 -387 -378 -370 -362 -355 -338 -330 -311 -308 -303 -289 -289 
1641686746.494065 -264 -260 -250 -248 -227 -225 -214 -204 -201 -201 -197 -180 -179 -167 -141 
1641686746.494270 ### RSSI: -42, 13, 1640049802 ,549 
1641686746.494478 ### DEBUG: Ticks: 555, 16, 1 
1641686746.494709 1640049802 c0:98:e5:42:00:29 293 
1641686746.494926 -344 -344 -343 -325 -320 -298 -289 -283 -272 -252 -248 -245 -241 -227 -226 
1641686746.495131 -226 -213 -213 -211 -202 -193 -186 -179 -160 -143 -138 -137 -126 -92 -65 
1641686746.495336 ### RSSI: -40, 27, 1640049802 ,564 
1641686746.495565 ### DEBUG: Ticks: 570, 15, 1 
1641686746.495801 1640049803 c0:98:e5:42:00:29 258 
1641686746.496024 -317 -302 -292 -283 -274 -263 -256 -254 -244 -242 -227 -222 -213 -200 -180 
1641686746.496240 -162 -155 -140 -137 -133 -131 -130 -113 -110 -101 -89 -88 -67 -49 -7 
1641686746.496457 ### RSSI: -43, 15, 1640049803 ,580 
1641686746.496719 ### DEBUG: Ticks: 586, 16, 1 
1641686746.496971 1640049804 c0:98:e5:42:00:29 264 
1641686746.497183 -388 -379 -362 -360 -339 -332 -322 -320 -320 -304 -299 -295 -276 -271 -264 
1641686746.497502 -264 -260 -259 -254 -254 -253 -243 -238 -236 -236 -215 -210 -200 -165 -126 
1641686746.497734 ### INFO: SD card flushed!
1641686746.497970 ### RSSI: -41, 30, 1640049804 ,595 
1641686746.498181 ### DEBUG: Ticks: 601, 15, 1 
1641686746.498393 1640049805 c0:98:e5:42:00:29 263 
1641686746.498662 -511 -508 -498 -487 -476 -464 -459 -458 -453 -433 -433 -424 -404 -387 -387 
1641686746.498885 -383 -380 -379 -377 -364 -356 -346 -345 -335 -334 -303 -285 -263 -252 -216 
1641686746.499128 ### RSSI: -40, 27, 1640049805 ,611 
1641686746.499378 ### DEBUG: Ticks: 617, 16, 1 
1641686746.499599 1640049806 c0:98:e5:42:00:29 226 
1641686746.499804 -390 -375 -363 -359 -351 -345 -314 -313 -311 -303 -288 -282 -280 -272 -264 
1641686746.500007 -263 -246 -244 -236 -234 -230 -215 -207 -203 -187 -178 -175 -169 -166 -160 
1641686746.500255 ### RSSI: -42, 15, 1640049806 ,627 
1641686746.500480 ### DEBUG: Ticks: 633, 16, 1 
1641686746.500699 1640049807 c0:98:e5:42:00:29 285 
1641686746.500917 -279 -258 -251 -249 -242 -241 -237 -236 -234 -221 -198 -196 -195 -176 -167 
1641686746.501126 -159 -158 -143 -141 -137 -127 -126 -124 -115 -109 -98 -84 -71 -67 -25 
1641686746.501383 ### RSSI: -43, 15, 1640049807 ,642 
1641686746.501599 ### DEBUG: Ticks: 648, 15, 1 
1641686746.501815 1640049808 c0:98:e5:42:00:29 239 
1641686746.502034 -389 -386 -365 -351 -337 -337 -335 -330 -327 -309 -304 -297 -290 -276 -262 
1641686746.502268 -257 -255 -248 -245 -238 -220 -213 -206 -175 -175 -175 -156 -154 -98 -98 
1641686746.755618 ### RSSI: -44, 3, 1640049808 ,658 
1641686747.141517 ### DEBUG: Ticks: 664, 16, 1 
1641686747.141989 1640049809 c0:98:e5:42:00:29 303 
1641686747.142781 -334 -334 -327 -327 -312 -294 -293 -287 -274 -263 -262 -257 -249 -246 -207 
1641686747.143640 -202 -199 -187 -184 -156 -156 -149 -148 -148 -145 -144 -136 -83 -23 -14 
1641686747.756741 ### RSSI: -41, 17, 1640049809 ,674 
1641686748.138887 ### DEBUG: Ticks: 680, 16, 1 
1641686748.139295 1640049810 c0:98:e5:42:00:29 279 
1641686748.150987 -235 -235 -230 -214 -213 -212 -194 -172 -167 -166 -148 -140 -139 -119 -119 
1641686748.151669 -118 -106 -106 -96 -95 -89 -87 -81 -77 -63 -62 -36 7 7 43 
1641686748.759515 ### RSSI: -41, 24, 1640049810 ,689 
1641686749.759036 ### RSSI: -41, 25, 1640049812 ,705 
1641686750.763179 ### RSSI: -44, 0, 1640049813 ,720 
1641686751.147026 ### DEBUG: Ticks: 726, 46, 1 
1641686751.147142 1640049813 c0:98:e5:42:00:29 210 
1641686751.147193 -265 -248 -244 -239 -238 -225 -220 -187 -185 -179 -161 -147 -144 -136 -128 
1641686751.147247 -127 -126 -110 -110 -110 -109 -101 -99 -98 -96 -92 -83 -73 27 40 
1641686751.753679 ### RSSI: -45, 2, 1640049814 ,736 
1641686752.141696 ### DEBUG: Ticks: 742, 16, 1 
1641686752.141948 1640049814 c0:98:e5:42:00:29 283 
1641686752.142114 -409 -366 -359 -358 -358 -347 -325 -323 -322 -309 -309 -306 -282 -279 -270 
1641686752.142274 -266 -262 -241 -237 -236 -234 -226 -209 -201 -200 -177 -171 -157 -149 -108 
1641686752.761921 ### RSSI: -42, 14, 1640049815 ,752 
1641686753.143824 ### DEBUG: Ticks: 758, 16, 1 
1641686753.143980 1640049815 c0:98:e5:42:00:29 243 
1641686753.144096 -313 -293 -262 -259 -253 -253 -240 -229 -210 -200 -198 -182 -181 -179 -176 
1641686753.144189 -166 -162 -157 -140 -123 -123 -119 -108 -101 -100 -92 -80 -59 -45 -27 
1641686753.763287 ### RSSI: -42, 15, 1640049816 ,767 
1641686754.146337 ### DEBUG: Ticks: 773, 15, 1 
1641686754.146559 1640049816 c0:98:e5:42:00:29 246 
1641686754.146695 -451 -447 -445 -440 -437 -426 -422 -399 -398 -390 -382 -378 -358 -356 -355 
1641686754.146834 -354 -350 -346 -330 -323 -320 -318 -315 -315 -306 -299 -291 -277 -270 -267 
1641686754.762850 ### RSSI: -41, 19, 1640049817 ,783 
1641686755.144656 ### DEBUG: Ticks: 789, 16, 1 
1641686755.144866 1640049817 c0:98:e5:42:00:29 297 
1641686755.145001 -477 -450 -428 -409 -398 -392 -389 -386 -384 -378 -372 -371 -369 -366 -331 
1641686755.145159 -331 -323 -305 -301 -300 -299 -293 -285 -283 -280 -249 -218 -212 -210 -202 
1641686755.756903 ### RSSI: -41, 12, 1640049818 ,799 
1641686756.140718 ### DEBUG: Ticks: 805, 16, 1 
1641686756.141609 1640049818 c0:98:e5:42:00:29 284 
1641686756.142324 -362 -356 -345 -325 -323 -313 -305 -305 -302 -298 -284 -262 -235 -231 -216 
1641686756.142536 -215 -213 -209 -200 -197 -195 -191 -184 -181 -178 -172 -159 -146 -95 -52 
1641686756.757742 ### RSSI: -44, 4, 1640049819 ,814 
1641686757.140473 ### DEBUG: Ticks: 820, 15, 1 
1641686757.140749 1640049819 c0:98:e5:42:00:29 276 
1641686757.140970 -301 -299 -291 -274 -270 -258 -256 -250 -229 -221 -213 -192 -185 -182 -177 
1641686757.141158 -173 -167 -166 -161 -156 -154 -145 -125 -122 -120 -103 -102 -101 -46 -29 
1641686757.755294 ### RSSI: -41, 31, 1640049820 ,830 
1641686758.144393 ### DEBUG: Ticks: 836, 16, 1 
1641686758.144708 1640049820 c0:98:e5:42:00:29 288 
1641686758.144894 -274 -261 -252 -237 -235 -234 -232 -197 -182 -173 -162 -154 -154 -154 -140 
1641686758.145103 -137 -137 -132 -131 -130 -130 -102 -97 -94 -89 -88 -83 -10 -1 0 
1641686758.759456 ### RSSI: -43, 5, 1640049821 ,845 
1641686759.140792 ### DEBUG: Ticks: 851, 15, 1 
1641686759.141058 1640049821 c0:98:e5:42:00:29 283 
1641686759.141238 -282 -270 -265 -250 -248 -239 -224 -211 -201 -177 -166 -161 -160 -153 -151 
1641686759.141557 -149 -142 -142 -128 -127 -124 -122 -104 -99 -77 -70 -49 -42 -31 -7 
1641686759.757040 ### RSSI: -44, 0, 1640049822 ,861 
1641686760.143060 ### ERROR: Failed reading SquarePoint packet length
1641686760.760249 ### RSSI: -41, 27, 1640049823 ,877 
1641686762.143518 ### DEBUG: Ticks: 898, 47, 1 
1641686762.143976 1640049824 c0:98:e5:42:00:29 242 
1641686762.144732 -352 -312 -310 -309 -308 -305 -299 -280 -277 -267 -248 -246 -246 -232 -227 
1641686762.145580 -225 -211 -210 -209 -203 -199 -188 -178 -172 -149 -148 -138 -100 -90 -59 
1641686763.148259 ### DEBUG: Ticks: 914, 16, 1 
1641686763.149055 1640049825 c0:98:e5:42:00:29 298 
1641686763.150076 -317 -297 -267 -259 -252 -243 -228 -214 -209 -190 -178 -166 -165 -155 -154 
1641686763.150797 -151 -151 -150 -139 -137 -135 -135 -127 -117 -109 -85 -49 -44 -24 0 
1641686764.140400 ### DEBUG: Ticks: 930, 16, 1 
1641686764.140498 1640049826 c0:98:e5:42:00:29 236 
1641686764.140759 -242 -221 -214 -198 -197 -194 -186 -185 -162 -157 -155 -136 -133 -132 -124 
1641686764.140956 -107 -93 -91 -85 -77 -72 -71 -70 -66 -60 -49 -37 12 16 41 
1641686764.344465 ### BLE EVENT: 16, INFO: BLE CONNECTED!
1641686764.344569 ### RSSI: -43, 2, 1640049826 ,933 
1641686764.453042 ### RSSI: -40, 22, 1640049826 ,934 
1641686764.551064 ### RSSI: -42, 21, 1640049826 ,936 
1641686764.650763 ### RSSI: -43, 6, 1640049826 ,937 
1641686764.749404 ### RSSI: -41, 23, 1640049826 ,939 
1641686764.848401 ### RSSI: -41, 22, 1640049826 ,941 
1641686764.859054 ### BLE EVENT: 17, INFO: BLE DISCONNECTED!
1641686764.950765 ### RSSI: -40, 26, 1640049826 ,942 
1641686765.049157 ### RSSI: -42, 21, 1640049826 ,944 
1641686765.148163 ### DEBUG: Ticks: 945, 15, 0 
1641686765.148449 1640049827 c0:98:e5:42:00:29 266 
1641686765.148640 -303 -293 -285 -282 -272 -271 -255 -241 -232 -229 -220 -204 -200 -182 -179 
1641686765.148826 -159 -154 -151 -147 -135 -128 -127 -117 -111 -99 -97 -94 -80 -37 -21 
1641686765.149010 ### RSSI: -43, 13, 1640049827 ,945 
1641686765.244387 ### RSSI: -39, 36, 1640049827 ,947 
1641686765.352538 ### RSSI: -42, 21, 1640049827 ,948 
1641686765.448855 ### RSSI: -43, 5, 1640049827 ,950 
1641686765.545796 ### RSSI: -44, 4, 1640049827 ,951 
1641686765.643697 ### RSSI: -42, 12, 1640049827 ,953 
1641686765.751595 ### RSSI: -40, 26, 1640049827 ,955 
1641686765.851849 ### RSSI: -44, 3, 1640049827 ,956 
1641686765.950018 ### RSSI: -40, 35, 1640049827 ,958 
1641686766.142199 ### DEBUG: Ticks: 961, 16, 0 
1641686766.142469 1640049828 c0:98:e5:42:00:29 245 
1641686766.143070 -274 -264 -246 -239 -238 -238 -228 -221 -221 -210 -195 -195 -174 -166 -162 
1641686766.143279 -160 -151 -144 -136 -129 -128 -112 -106 -82 -77 -72 -63 -53 2 10 
1641686766.954047 ### RSSI: -41, 31, 1640049828 ,973 
1641686767.143927 ### DEBUG: Ticks: 976, 15, 0 
1641686767.144212 1640049829 c0:98:e5:42:00:29 315 
1641686767.144431 -284 -253 -249 -236 -231 -230 -229 -217 -194 -183 -182 -176 -171 -155 -155 
1641686767.144619 -136 -135 -131 -125 -107 -107 -97 -76 -68 -61 -51 -46 -36 -27 14 
1641686767.952384 ### RSSI: -42, 15, 1640049829 ,989 
1641686768.141758 ### DEBUG: Ticks: 992, 16, 0 
1641686768.142029 1640049830 c0:98:e5:42:00:29 309 
1641686768.142241 -282 -255 -244 -218 -210 -206 -196 -196 -193 -186 -180 -180 -158 -153 -138 
1641686768.142515 -136 -132 -130 -125 -121 -115 -106 -103 -89 -67 -60 -42 -16 -10 42 
1641686768.951314 ### RSSI: -42, 19, 1640049831 ,1005 
1641686769.144766 ### DEBUG: Ticks: 1008, 16, 0 
1641686769.145088 1640049831 c0:98:e5:42:00:29 271 
1641686769.145269 -397 -396 -393 -357 -343 -343 -339 -330 -300 -296 -287 -285 -282 -276 -264 
1641686769.145556 -245 -241 -238 -236 -232 -230 -228 -214 -192 -181 -178 -175 -146 -116 -93 
1641686769.951319 ### RSSI: -42, 30, 1640049832 ,1020 
1641686770.141901 ### DEBUG: Ticks: 1023, 15, 0 
1641686770.142180 1640049832 c0:98:e5:42:00:29 321 
1641686770.142371 -236 -218 -209 -207 -196 -195 -195 -195 -186 -183 -180 -175 -171 -144 -138 
1641686770.143062 -121 -120 -107 -99 -98 -92 -88 -84 -80 -67 -60 -51 -43 -41 59 
1641686770.952296 ### RSSI: -43, 7, 1640049833 ,1036 
1641686771.142406 ### ERROR: Failed reading SquarePoint packet length
1641686771.944975 ### RSSI: -43, 5, 1640049834 ,1051 
1641686772.945441 ### RSSI: -44, 4, 1640049835 ,1067 
1641686773.147223 ### DEBUG: Ticks: 1070, 47, 0 
1641686773.147505 1640049835 c0:98:e5:42:00:29 297 
1641686773.147731 -363 -358 -339 -325 -323 -313 -311 -311 -304 -302 -283 -278 -267 -264 -262 
1641686773.148028 -253 -250 -231 -229 -220 -203 -201 -199 -196 -168 -156 -138 -116 -70 -65 
1641686773.951139 ### RSSI: -42, 30, 1640049836 ,1083 
1641686774.139946 ### DEBUG: Ticks: 1086, 16, 0 
1641686774.140233 1640049836 c0:98:e5:42:00:29 197 
1641686774.140452 -195 -190 -184 -179 -175 -156 -154 -131 -127 -117 -112 -110 -96 -86 -84 
1641686774.140628 -77 -53 -45 -43 -27 -22 -13 -10 5 6 21 23 31 42 46 
1641686774.943006 ### RSSI: -44, 3, 1640049837 ,1098 
1641686775.145409 ### DEBUG: Ticks: 1101, 15, 0 
1641686775.145719 1640049837 c0:98:e5:42:00:29 269 
1641686775.145912 -372 -331 -317 -317 -290 -288 -281 -275 -272 -262 -262 -262 -259 -254 -240 
1641686775.146145 -237 -228 -210 -199 -177 -177 -172 -159 -157 -157 -128 -125 -123 -109 -76 
1641686775.948637 ### RSSI: -42, 13, 1640049838 ,1114 
1641686776.142468 ### DEBUG: Ticks: 1117, 16, 0 
1641686776.142749 1640049838 c0:98:e5:42:00:29 219 
1641686776.142928 -319 -301 -292 -278 -254 -251 -237 -236 -225 -224 -208 -195 -195 -194 -175 
1641686776.143114 -164 -162 -155 -140 -127 -125 -114 -110 -107 -101 -100 -80 -65 -62 -57 
1641686776.949023 ### RSSI: -44, 0, 1640049839 ,1130 
1641686777.147901 ### DEBUG: Ticks: 1133, 16, 0 
1641686777.148179 1640049839 c0:98:e5:42:00:29 212 
1641686777.148396 -347 -343 -340 -337 -336 -323 -320 -311 -301 -297 -294 -269 -269 -266 -219 
1641686777.148607 -213 -197 -191 -187 -187 -182 -179 -178 -164 -157 -153 -153 -131 -121 -101 
1641686777.946591 ### RSSI: -41, 31, 1640049840 ,1145 
1641686778.140173 ### DEBUG: Ticks: 1148, 15, 0 
1641686778.140268 1640049840 c0:98:e5:42:00:29 271 
1641686778.151317 -344 -335 -329 -316 -313 -311 -306 -293 -287 -281 -261 -255 -251 -239 -235 
1641686778.151576 -228 -208 -207 -207 -196 -189 -182 -182 -175 -173 -170 -165 -138 -122 -52 
1641686778.945120 ### RSSI: -41, 27, 1640049841 ,1161 
1641686779.148861 ### DEBUG: Ticks: 1164, 16, 0 
1641686779.150556 1640049841 c0:98:e5:42:00:29 244 
1641686779.150817 -291 -250 -248 -246 -238 -236 -229 -214 -211 -203 -193 -186 -183 -176 -164 
1641686779.150997 -158 -151 -148 -144 -137 -134 -121 -117 -105 -95 -92 -50 -39 -6 -1 
1641686779.520575 ### INFO: Device is now IN MOTION
1641686779.944390 ### RSSI: -43, 12, 1640049842 ,1176 
1641686780.145896 ### DEBUG: Ticks: 1179, 15, 0 
1641686780.146210 1640049842 c0:98:e5:42:00:29 277 
1641686780.146394 -431 -419 -416 -415 -411 -409 -392 -385 -379 -370 -366 -361 -358 -351 -347 
1641686780.146619 -330 -316 -277 -271 -261 -255 -254 -242 -242 -227 -223 -211 -210 -184 -69 
1641686780.952561 ### RSSI: -60, 31, 1640049843 ,1192 
1641686781.144189 ### DEBUG: Ticks: 1195, 16, 0 
1641686781.144464 1640049843 c0:98:e5:42:00:29 312 
1641686781.144658 -288 -286 -284 -279 -267 -259 -251 -245 -231 -220 -214 -212 -211 -207 -200 
1641686781.144835 -200 -184 -182 -175 -173 -171 -160 -156 -153 -145 -115 -110 -100 -92 -91 
1641686781.580233 ### INFO: SD card flushed!
1641686781.952437 ### RSSI: -48, 14, 1640049844 ,1208 
1641686782.140235 ### ERROR: Failed reading SquarePoint packet length
1641686782.943446 ### RSSI: -54, 25, 1640049845 ,1223 
1641686783.948208 ### RSSI: -46, 5, 1640049846 ,1239 
1641686784.143339 ### DEBUG: Ticks: 1242, 47, 0 
1641686784.143624 1640049846 c0:98:e5:42:00:29 337 
1641686784.143842 -206 -204 -188 -184 -174 -162 -154 -146 -145 -137 -134 -133 -123 -119 -118 
1641686784.144030 -110 -106 -105 -105 -103 -100 -99 -92 -75 -72 -71 -65 -64 -30 -28 
1641686784.946967 ### RSSI: -49, 15, 1640049847 ,1254 
1641686785.140732 ### DEBUG: Ticks: 1258, 16, 0 
1641686785.141051 1640049847 c0:98:e5:42:00:29 542 
1641686785.151766 81 104 122 133 141 141 146 152 157 166 168 172 199 202 203 
1641686785.152042 209 215 225 227 231 238 239 242 244 246 249 257 277 296 302 
1641686785.952892 ### RSSI: -50, 10, 1640049848 ,1270 
1641686786.147925 ### DEBUG: Ticks: 1273, 15, 0 
1641686786.148178 1640049848 c0:98:e5:42:00:29 598 
1641686786.148332 74 112 118 118 128 131 137 140 159 169 172 174 184 189 196 
1641686786.148517 206 209 210 213 216 216 229 237 239 248 250 254 277 281 0 
1641686786.948725 ### RSSI: -49, 17, 1640049849 ,1286 
1641686787.141215 ### DEBUG: Ticks: 1289, 16, 0 
1641686787.141577 1640049849 c0:98:e5:42:00:29 743 
1641686787.141757 163 189 196 202 205 217 223 224 237 239 252 256 261 261 261 
1641686787.141944 265 265 280 282 292 300 302 304 317 322 339 357 367 369 375 
1641686787.947752 ### RSSI: -51, 3, 1640049850 ,1301 
1641686788.140720 ### DEBUG: Ticks: 1304, 15, 0 
1641686788.140956 1640049850 c0:98:e5:42:00:29 803 
1641686788.151719 321 328 382 392 392 396 406 415 420 425 427 427 429 434 434 
1641686788.151955 436 448 448 455 455 467 481 481 483 509 514 530 535 542 544 
1641686788.943177 ### RSSI: -51, 36, 1640049851 ,1317 
1641686789.146105 ### DEBUG: Ticks: 1320, 16, 0 
1641686789.146316 1640049851 c0:98:e5:42:00:29 864 
1641686789.146447 300 326 341 347 349 365 368 372 372 376 384 388 389 392 393 
1641686789.146563 395 400 404 408 412 435 440 449 466 477 493 508 511 558 643 
1641686789.947619 ### RSSI: -55, 0, 1640049851 ,1333 
1641686790.141079 ### DEBUG: Ticks: 1336, 16, 0 
1641686790.141378 1640049852 c0:98:e5:42:00:29 845 
1641686790.141535 366 368 378 384 388 401 404 410 413 431 432 438 439 460 468 
1641686790.141697 473 476 479 481 489 493 494 496 497 511 522 531 545 566 571 
1641686790.947996 ### RSSI: -52, 3, 1640049852 ,1348 
1641686791.148482 ### DEBUG: Ticks: 1351, 15, 0 
1641686791.148787 1640049853 c0:98:e5:42:00:29 858 
1641686791.148970 319 366 367 377 389 392 392 397 399 425 460 465 468 469 473 
1641686791.149161 475 476 489 494 503 510 526 534 534 540 547 557 560 588 801 
1641686791.943698 ### RSSI: -50, 4, 1640049853 ,1364 
1641686792.144844 ### DEBUG: Ticks: 1367, 16, 0 
1641686792.145084 1640049854 c0:98:e5:42:00:29 785 
1641686792.145218 267 268 291 295 299 299 309 312 317 318 339 346 348 349 355 
1641686792.145468 368 371 374 388 394 395 401 402 424 433 452 488 509 570 644 
1641686792.942363 ### RSSI: -51, 16, 1640049854 ,1379 
1641686793.136796 ### ERROR: Failed reading SquarePoint packet length
1641686793.949173 ### RSSI: -43, 17, 1640049856 ,1395 
1641686794.952018 ### RSSI: -57, 15, 1640049857 ,1411 
1641686795.147482 ### DEBUG: Ticks: 1414, 47, 0 
1641686795.147739 1640049857 c0:98:e5:42:00:29 534 
1641686795.147893 46 53 100 102 115 116 136 143 144 149 154 155 155 158 162 
1641686795.148051 195 200 207 214 214 220 220 221 250 256 264 265 298 302 352 
1641686795.948394 ### RSSI: -49, 27, 1640049858 ,1426 
1641686796.142152 ### DEBUG: Ticks: 1429, 15, 0 
1641686796.142403 1640049858 c0:98:e5:42:00:29 584 
1641686796.142556 55 59 73 74 88 99 99 101 101 112 113 115 117 118 119 
1641686796.142715 121 122 132 154 176 183 202 251 259 274 282 286 297 309 310 
1641686796.943943 ### RSSI: -53, 36, 1640049859 ,1442 
1641686797.147154 ### DEBUG: Ticks: 1445, 16, 0 
1641686797.147438 1640049859 c0:98:e5:42:00:29 611 
1641686797.147629 152 184 193 195 206 226 226 228 235 237 250 253 262 274 276 
1641686797.148455 281 289 298 298 301 311 317 328 339 341 347 359 386 403 422 
1641686797.948988 ### RSSI: -51, 33, 1640049860 ,1458 
1641686798.140329 ### DEBUG: Ticks: 1461, 16, 0 
1641686798.140613 1640049860 c0:98:e5:42:00:29 522 
1641686798.152358 11 49 57 60 62 69 74 74 78 79 80 89 92 100 103 
1641686798.152724 106 119 124 125 135 136 141 154 161 177 194 194 204 212 232 
1641686798.947369 ### RSSI: -70, 10, 1640049861 ,1473 
1641686799.148314 ### DEBUG: Ticks: 1476, 15, 0 
1641686799.148584 1640049861 c0:98:e5:42:00:29 526 
1641686799.148828 8 10 14 23 23 24 36 37 43 45 46 56 72 72 77 
1641686799.149056 77 82 83 89 100 100 107 108 111 120 129 167 171 214 280 
1641686799.947835 ### RSSI: -47, 25, 1640049862 ,1489 
1641686800.143158 ### DEBUG: Ticks: 1492, 16, 0 
1641686800.143419 1640049862 c0:98:e5:42:00:29 552 
1641686800.143575 252 254 266 279 289 291 293 294 294 295 298 299 301 307 318 
1641686800.143757 322 329 337 349 358 365 368 373 375 383 415 429 458 461 495 
1641686800.946049 ### RSSI: -47, 0, 1640049863 ,1504 
1641686801.140699 ### DEBUG: Ticks: 1507, 15, 0 
1641686801.140979 1640049863 c0:98:e5:42:00:29 435 
1641686801.141225 -52 -24 1 22 23 45 46 47 49 64 68 69 70 79 86 
1641686801.141479 90 93 115 125 132 146 159 162 177 180 181 202 216 251 283 
1641686801.950412 ### RSSI: -51, 0, 1640049864 ,1520 
1641686802.143990 ### DEBUG: Ticks: 1523, 16, 0 
1641686802.144277 1640049864 c0:98:e5:42:00:29 799 
1641686802.144456 268 275 306 306 314 315 316 321 321 338 346 357 362 366 372 
1641686802.144680 379 388 410 419 443 445 455 457 471 474 486 489 494 500 531 
1641686802.943907 ### RSSI: -55, 6, 1640049865 ,1536 
1641686803.147483 ### DEBUG: Ticks: 1539, 16, 0 
1641686803.147731 1640049865 c0:98:e5:42:00:29 777 
1641686803.147888 289 297 305 314 328 337 340 346 353 355 362 397 398 405 406 
1641686803.148361 411 413 421 422 434 436 440 442 443 459 487 543 556 597 620 
1641686803.943281 ### RSSI: -57, 21, 1640049866 ,1551 
1641686804.143732 ### ERROR: Failed reading SquarePoint packet length
1641686804.943290 ### RSSI: -52, 27, 1640049867 ,1567 
1641686805.949867 ### RSSI: -51, 7, 1640049868 ,1582 
1641686806.144640 ### DEBUG: Ticks: 1586, 47, 0 
1641686806.144856 1640049868 c0:98:e5:42:00:29 677 
1641686806.145000 149 209 217 226 231 234 238 240 244 252 254 257 265 268 278 
1641686806.145130 281 281 287 287 293 304 311 314 326 373 374 417 425 427 429 
1641686806.949108 ### RSSI: -45, 33, 1640049869 ,1598 
1641686807.150242 ### DEBUG: Ticks: 1601, 15, 0 
1641686807.150648 1640049869 c0:98:e5:42:00:29 648 
1641686807.150835 144 147 173 175 178 179 182 193 201 205 214 218 234 249 249 
1641686807.151013 257 264 279 308 311 312 324 326 333 349 358 360 378 387 391 
1641686807.946994 ### RSSI: -55, 32, 1640049870 ,1614 
1641686808.148361 ### DEBUG: Ticks: 1617, 16, 0 
1641686808.148651 1640049870 c0:98:e5:42:00:29 512 
1641686808.148833 53 54 83 95 98 104 116 121 140 145 146 152 152 163 176 
1641686808.149020 179 183 199 208 215 234 243 250 253 256 265 266 272 275 281 
1641686808.949811 ### RSSI: -50, 36, 1640049871 ,1629 
1641686809.144455 ### DEBUG: Ticks: 1632, 15, 0 
1641686809.144741 1640049871 c0:98:e5:42:00:29 778 
1641686809.144963 334 336 342 364 366 396 398 399 401 408 414 414 437 453 459 
1641686809.145151 476 482 484 491 525 536 551 569 571 573 575 588 594 605 680 
1641686809.946762 ### RSSI: -53, 3, 1640049872 ,1645 
1641686810.143294 ### DEBUG: Ticks: 1648, 16, 0 
1641686810.143579 1640049872 c0:98:e5:42:00:29 737 
1641686810.143772 309 330 331 332 336 348 352 357 359 364 372 379 388 389 395 
1641686810.143958 398 404 406 410 412 417 418 431 448 450 451 467 469 526 530 
1641686810.943601 ### RSSI: -53, 5, 1640049873 ,1661 
1641686811.150946 ### DEBUG: Ticks: 1664, 16, 0 
1641686811.151234 1640049873 c0:98:e5:42:00:29 808 
1641686811.151426 382 427 466 466 475 477 482 484 484 488 489 499 506 512 522 
1641686811.151612 526 532 542 542 544 545 554 560 576 609 616 618 633 669 687 
1641686811.945158 ### RSSI: -55, 10, 1640049874 ,1676 
1641686812.149436 ### DEBUG: Ticks: 1679, 15, 0 
1641686812.150541 1640049874 c0:98:e5:42:00:29 807 
1641686812.150783 327 375 386 387 403 412 430 437 440 442 443 462 470 472 486 
1641686812.150966 498 507 532 548 562 562 563 572 594 598 612 618 637 654 666 
1641686812.943322 ### RSSI: -61, 0, 1640049875 ,1692 
1641686813.144146 ### DEBUG: Ticks: 1695, 16, 0 
1641686813.144397 1640049875 c0:98:e5:42:00:29 643 
1641686813.144552 188 201 208 225 231 234 243 254 260 271 291 299 301 301 302 
1641686813.144711 303 306 310 310 311 311 313 314 329 330 338 340 348 352 416 
1641686813.943822 ### RSSI: -49, 36, 1640049875 ,1707 
1641686814.148679 ### DEBUG: Ticks: 1711, 16, 0 
1641686814.148965 1640049876 c0:98:e5:42:00:29 776 
1641686814.149168 320 336 342 343 345 345 353 365 377 380 380 381 383 389 394 
1641686814.149458 401 404 406 414 421 425 436 440 450 453 464 482 567 580 651 
1641686814.943366 ### RSSI: -45, 27, 1640049876 ,1723 
1641686815.137035 ### ERROR: Failed reading SquarePoint packet length
1641686815.940440 ### RSSI: -53, 11, 1640049877 ,1739 
1641686816.941978 ### RSSI: -60, 35, 1640049878 ,1754 
1641686817.145084 ### DEBUG: Ticks: 1757, 46, 0 
1641686817.145350 1640049879 c0:98:e5:42:00:29 432 
1641686817.145475 -109 -94 -78 -75 -51 -39 -34 -33 -32 -28 -26 -24 7 8 21 
1641686817.145599 22 34 42 45 47 57 57 72 77 83 88 124 137 148 232 
1641686818.042583 ### RSSI: -55, 26, 1640049880 ,1771 
1641686818.150582 ### DEBUG: Ticks: 1773, 16, 0 
1641686818.151389 1640049880 c0:98:e5:42:00:29 738 
1641686818.151599 228 237 238 248 252 261 273 286 290 297 300 302 304 312 313 
1641686818.151766 324 335 336 354 373 374 400 403 405 409 433 449 466 474 509 
1641686819.047330 ### RSSI: -56, 17, 1640049881 ,1787 
1641686819.148926 ### DEBUG: Ticks: 1789, 16, 0 
1641686819.149174 1640049881 c0:98:e5:42:00:29 821 
1641686819.149380 303 328 346 359 361 372 389 397 397 409 411 414 416 439 442 
1641686819.149553 451 452 493 494 495 498 511 516 519 520 529 530 534 575 593 
1641686820.041546 ### RSSI: -49, 7, 1640049882 ,1803 
1641686820.142361 ### DEBUG: Ticks: 1804, 15, 0 
1641686820.142567 1640049882 c0:98:e5:42:00:29 741 
1641686820.142697 225 244 254 276 296 297 301 327 327 336 340 342 348 350 354 
1641686820.142848 360 361 376 379 386 404 415 415 421 421 441 454 454 465 524 
1641686821.042815 ### RSSI: -53, 6, 1640049883 ,1818 
1641686821.146499 ### DEBUG: Ticks: 1820, 16, 0 
1641686821.146890 1640049883 c0:98:e5:42:00:29 592 
1641686821.147018 -32 -21 -17 -15 -13 -10 -9 -3 0 1 6 9 15 16 37 
1641686821.147137 55 62 64 70 72 72 96 98 101 116 121 153 159 179 188 
1641686822.046005 ### RSSI: -51, 25, 1640049884 ,1834 
1641686822.146461 ### DEBUG: Ticks: 1835, 15, 0 
1641686822.146654 1640049884 c0:98:e5:42:00:29 640 
1641686822.146753 175 194 215 225 230 233 242 242 242 247 259 261 266 272 274 
1641686822.146854 289 295 301 309 323 329 334 357 379 405 413 425 429 433 571 
1641686823.044401 ### RSSI: -57, 16, 1640049885 ,1850 
1641686823.145824 ### DEBUG: Ticks: 1851, 16, 0 
1641686823.146118 1640049885 c0:98:e5:42:00:29 445 
1641686823.146303 -67 -38 -31 -31 -23 -13 -7 -6 -5 -5 4 6 10 12 19 
1641686823.146488 21 22 33 35 40 51 58 65 65 86 110 141 143 176 209 
1641686823.573419 ### INFO: SD card flushed!
1641686824.047831 ### RSSI: -51, 29, 1640049886 ,1865 
1641686824.148666 ### DEBUG: Ticks: 1867, 16, 0 
1641686824.148986 1640049886 c0:98:e5:42:00:29 386 
1641686824.149166 -81 -78 -77 -73 -58 -51 -46 -38 -36 -35 -16 -15 -3 -1 3 
1641686824.149437 9 16 19 24 27 31 32 55 58 61 83 86 92 124 139 
1641686825.049967 ### RSSI: -61, 11, 1640049887 ,1881 
1641686825.148992 ### DEBUG: Ticks: 1882, 15, 0 
1641686825.149212 1640049887 c0:98:e5:42:00:29 620 
1641686825.149416 169 172 180 222 235 237 239 240 241 249 249 269 269 278 294 
1641686825.149558 303 321 326 332 334 335 339 357 363 368 374 389 394 421 423 
1641686826.040260 ### RSSI: -57, 12, 1640049888 ,1896 
1641686826.143600 ### ERROR: Failed reading SquarePoint packet length
1641686827.050158 ### RSSI: -56, 22, 1640049889 ,1912 
1641686828.042267 ### RSSI: -49, 24, 1640049890 ,1928 
1641686828.142897 ### DEBUG: Ticks: 1929, 47, 0 
1641686828.143147 1640049890 c0:98:e5:42:00:29 594 
1641686828.143311 104 125 130 144 145 151 151 161 161 166 167 175 178 180 192 
1641686828.143488 195 195 204 205 216 217 221 236 252 253 269 276 280 287 305 
1641686829.042428 ### RSSI: -55, 34, 1640049891 ,1943 
1641686829.145840 ### DEBUG: Ticks: 1945, 16, 0 
1641686829.146119 1640049891 c0:98:e5:42:00:29 623 
1641686829.146273 183 203 237 257 261 262 267 275 280 283 283 284 284 289 289 
1641686829.146431 296 316 317 323 332 337 338 339 346 368 371 371 428 432 436 
1641686830.043157 ### RSSI: -54, 19, 1640049892 ,1959 
1641686830.146890 ### DEBUG: Ticks: 1960, 15, 0 
1641686830.147164 1640049892 c0:98:e5:42:00:29 613 
1641686830.147352 164 165 165 179 183 193 200 215 216 216 216 220 234 236 240 
1641686830.147506 246 250 268 271 283 291 293 294 303 333 334 353 362 382 407 
1641686831.045163 ### RSSI: -48, 2, 1640049893 ,1974 
1641686831.145882 ### DEBUG: Ticks: 1976, 16, 0 
1641686831.146115 1640049893 c0:98:e5:42:00:29 360 
1641686831.146237 -153 -147 -143 -140 -125 -120 -113 -110 -106 -103 -102 -90 -85 -81 -74 
1641686831.146361 -72 -66 -52 -37 -37 -33 -29 -28 -28 -17 -13 -6 18 45 51 
1641686832.047243 ### RSSI: -56, 21, 1640049894 ,1990 
1641686832.146965 ### DEBUG: Ticks: 1992, 16, 0 
1641686832.147230 1640049894 c0:98:e5:42:00:29 658 
1641686832.147385 135 144 163 168 174 178 179 192 197 206 208 226 227 228 240 
1641686832.147543 242 250 257 259 289 298 305 309 325 340 342 343 344 423 0 
1641686833.043890 ### RSSI: -54, 3, 1640049895 ,2006 
1641686833.146737 ### DEBUG: Ticks: 2007, 15, 0 
1641686833.146961 1640049895 c0:98:e5:42:00:29 742 
1641686833.147097 268 275 308 317 327 329 332 336 352 366 369 390 393 395 399 
1641686833.147237 400 402 402 423 430 432 434 434 449 456 470 501 533 555 637 
1641686834.049892 ### RSSI: -56, 8, 1640049896 ,2021 
1641686834.142262 ### DEBUG: Ticks: 2023, 16, 0 
1641686834.142541 1640049896 c0:98:e5:42:00:29 700 
1641686834.154305 210 221 228 240 243 249 258 260 274 281 283 284 293 294 298 
1641686834.154587 309 312 318 319 322 339 344 375 383 386 414 436 448 450 517 
1641686835.044735 ### RSSI: -49, 4, 1640049897 ,2037 
1641686835.143834 ### DEBUG: Ticks: 2039, 16, 0 
1641686835.144079 1640049897 c0:98:e5:42:00:29 732 
1641686835.144234 263 278 282 296 320 338 340 350 356 364 365 368 369 371 376 
1641686835.144395 378 394 400 406 434 446 459 471 477 479 493 524 543 663 705 
1641686836.048710 ### RSSI: -50, 6, 1640049898 ,2053 
1641686836.144248 ### DEBUG: Ticks: 2054, 15, 0 
1641686836.144495 1640049898 c0:98:e5:42:00:29 704 
1641686836.144641 177 184 205 220 233 236 236 240 247 254 264 275 275 289 291 
1641686836.144781 292 298 299 304 309 335 336 345 363 380 419 430 437 466 474 
1641686837.046863 ### RSSI: -47, 29, 1640049899 ,2068 
1641686837.147461 ### ERROR: Failed reading SquarePoint packet length
1641686838.048095 ### RSSI: -55, 6, 1640049900 ,2084 
1641686839.047981 ### RSSI: -53, 11, 1640049901 ,2099 
1641686839.150411 ### DEBUG: Ticks: 2101, 47, 0 
1641686839.150662 1640049901 c0:98:e5:42:00:29 666 
1641686839.150819 122 145 177 186 200 202 206 213 227 240 240 257 258 265 269 
1641686839.151026 277 285 313 322 322 324 330 341 351 360 373 395 398 431 482 
1641686840.044438 ### RSSI: -61, 32, 1640049902 ,2115 
1641686840.145284 ### DEBUG: Ticks: 2117, 16, 0 
1641686840.145663 1640049902 c0:98:e5:42:00:29 758 
1641686840.145848 294 336 342 350 350 361 377 378 381 396 397 399 412 413 414 
1641686840.146109 416 417 418 419 420 423 424 437 443 444 456 458 466 499 519 
1641686841.047973 ### RSSI: -61, 32, 1640049903 ,2131 
1641686842.044351 ### RSSI: -61, 34, 1640049904 ,2146 
1641686843.046935 ### RSSI: -60, 35, 1640049905 ,2162 
1641686843.146592 ### DEBUG: Ticks: 2163, 46, 0 
1641686843.146879 1640049905 c0:98:e5:42:00:29 718 
1641686843.147110 222 233 239 240 244 251 256 259 262 274 283 292 308 309 322 
1641686843.147365 325 326 328 330 343 345 346 348 352 358 360 365 376 377 441 
1641686844.043473 ### RSSI: -46, 18, 1640049906 ,2178 
1641686844.144521 ### DEBUG: Ticks: 2179, 16, 0 
1641686844.144798 1640049906 c0:98:e5:42:00:29 773 
1641686844.144969 207 228 231 240 243 247 249 252 259 259 263 276 277 282 301 
1641686844.145104 305 306 306 314 328 330 337 341 348 371 396 396 479 505 556 
1641686845.039542 ### RSSI: -46, 26, 1640049907 ,2193 
1641686845.141820 ### DEBUG: Ticks: 2195, 16, 0 
1641686845.142117 1640049907 c0:98:e5:42:00:29 739 
1641686845.142311 131 145 170 178 179 180 191 202 205 212 213 221 224 236 241 
1641686845.142485 247 267 271 273 279 286 289 290 301 307 323 350 439 494 496 
1641686846.050096 ### RSSI: -57, 14, 1640049908 ,2209 
1641686846.150149 ### DEBUG: Ticks: 2210, 15, 0 
1641686846.150350 1640049908 c0:98:e5:42:00:29 574 
1641686846.150487 150 161 172 192 194 196 200 213 220 222 226 231 233 233 236 
1641686846.150601 248 258 263 268 280 286 303 325 339 340 357 363 444 444 460 
1641686847.050974 ### RSSI: -64, 7, 1640049909 ,2224 
1641686847.150569 ### DEBUG: Ticks: 2226, 16, 0 
1641686847.151988 1640049909 c0:98:e5:42:00:29 475 
1641686847.152987 -23 -12 2 37 45 63 63 75 77 78 79 79 85 88 120 
1641686847.153192 121 135 137 142 146 155 158 160 187 197 212 222 223 228 298 
1641686848.046045 ### RSSI: -54, 22, 1640049910 ,2240 
1641686848.146468 ### DEBUG: Ticks: 2242, 16, 0 
1641686848.146705 1640049910 c0:98:e5:42:00:29 786 
1641686848.146872 272 304 327 332 345 346 351 364 368 368 370 379 379 382 385 
1641686848.147042 396 411 426 430 436 446 467 473 479 492 494 506 512 531 600 
1641686849.045966 ### RSSI: -59, 4, 1640049911 ,2256 
1641686849.149812 ### DEBUG: Ticks: 2257, 15, 0 
1641686849.149986 1640049911 c0:98:e5:42:00:29 859 
1641686849.150094 370 376 419 420 430 451 453 456 463 464 464 482 489 498 530 
1641686849.150191 541 546 548 549 553 561 590 590 599 601 601 601 618 654 654 
1641686850.041741 ### RSSI: -47, 21, 1640049912 ,2271 
1641686850.147538 ### DEBUG: Ticks: 2273, 16, 0 
1641686850.147793 1640049912 c0:98:e5:42:00:29 729 
1641686850.147960 286 292 303 342 354 357 362 382 383 384 387 391 393 412 416 
1641686850.148138 419 425 426 428 451 458 463 464 471 482 483 483 535 539 562 
1641686851.039938 ### RSSI: -46, 9, 1640049913 ,2287 
1641686851.142725 ### DEBUG: Ticks: 2288, 15, 0 
1641686851.142932 1640049913 c0:98:e5:42:00:29 773 
1641686851.156734 297 309 323 335 342 346 351 351 361 377 384 386 389 396 396 
1641686851.156961 419 429 431 431 433 450 459 459 464 475 483 490 560 562 597 
1641686852.042203 ### RSSI: -53, 32, 1640049914 ,2302 
1641686852.144095 ### ERROR: Failed reading SquarePoint packet length
1641686853.045779 ### RSSI: -60, 15, 1640049915 ,2318 
1641686854.038720 ### RSSI: -50, 3, 1640049916 ,2334 
1641686854.142765 ### DEBUG: Ticks: 2335, 47, 0 
1641686854.143004 1640049916 c0:98:e5:42:00:29 412 
1641686854.143142 -79 -63 -59 -59 -56 -56 -53 -49 -39 -35 -34 -29 -29 -29 -13 
1641686854.143279 -8 3 13 34 36 36 40 54 60 63 96 99 101 128 133 
1641686855.046417 ### RSSI: -53, 6, 1640049917 ,2349 
1641686855.149275 ### DEBUG: Ticks: 2351, 16, 0 
1641686855.149512 1640049917 c0:98:e5:42:00:29 559 
1641686855.149620 -1 42 49 52 64 81 84 85 88 91 96 104 104 117 123 
1641686855.149735 132 137 140 145 171 179 186 189 201 209 210 234 234 245 258 
1641686856.043639 ### RSSI: -59, 11, 1640049918 ,2365 
1641686856.143930 ### DEBUG: Ticks: 2367, 16, 0 
1641686856.144105 1640049918 c0:98:e5:42:00:29 753 
1641686856.144217 231 265 265 278 296 296 314 322 333 347 347 348 358 358 358 
1641686856.144456 360 369 382 383 406 415 416 418 478 487 503 504 507 578 718 
1641686857.043173 ### RSSI: -63, 1, 1640049919 ,2381 
1641686857.143336 ### DEBUG: Ticks: 2382, 15, 0 
1641686857.143594 1640049919 c0:98:e5:42:00:29 708 
1641686857.143725 175 206 221 229 239 243 250 254 264 267 267 274 275 281 285 
1641686857.143848 307 314 315 328 330 331 331 342 348 362 394 398 429 437 489 
1641686858.049933 ### RSSI: -48, 21, 1640049920 ,2396 
1641686858.142087 ### DEBUG: Ticks: 2398, 16, 0 
1641686858.142258 1640049920 c0:98:e5:42:00:29 716 
1641686858.154630 307 310 313 317 317 325 334 349 353 357 371 374 375 399 406 
1641686858.154792 408 417 422 426 428 429 439 442 446 447 447 454 458 481 485 
1641686859.047469 ### RSSI: -56, 9, 1640049921 ,2412 
1641686859.149383 ### DEBUG: Ticks: 2413, 15, 0 
1641686859.149655 1640049921 c0:98:e5:42:00:29 586 
1641686859.149790 148 176 180 206 214 220 222 225 228 231 233 240 243 246 249 
1641686859.149931 266 271 285 298 302 306 317 321 328 334 334 341 347 390 413 
1641686860.047381 ### RSSI: -81, 5, 1640049922 ,2427 
1641686860.146525 ### DEBUG: Ticks: 2429, 16, 0 
1641686860.146729 1640049922 c0:98:e5:42:00:29 495 
1641686860.146957 -23 -16 0 16 18 20 21 25 33 34 43 48 53 55 58 
1641686860.147097 64 74 76 78 92 95 98 101 122 125 144 159 161 176 186 
1641686861.040188 ### RSSI: -48, 6, 1640049923 ,2443 
1641686861.142524 ### DEBUG: Ticks: 2445, 16, 0 
1641686861.142742 1640049923 c0:98:e5:42:00:29 423 
1641686861.155220 -23 -22 -1 3 16 19 31 32 40 59 69 72 75 78 91 
1641686861.155424 92 96 106 118 124 133 140 161 161 165 170 171 204 235 259 
1641686862.040890 ### RSSI: -61, 34, 1640049923 ,2459 
1641686862.139305 ### ERROR: Failed reading SquarePoint packet length
1641686863.041755 ### RSSI: -54, 18, 1640049924 ,2474 
1641686864.040674 ### RSSI: -56, 28, 1640049926 ,2490 
1641686864.144791 ### DEBUG: Ticks: 2492, 47, 0 
1641686864.144993 1640049926 c0:98:e5:42:00:29 680 
1641686864.145103 156 162 163 173 175 181 195 206 209 212 215 220 225 226 226 
1641686864.145214 227 254 257 258 262 281 286 287 308 315 374 391 408 418 473 
1641686865.043103 ### RSSI: -57, 8, 1640049927 ,2506 
1641686865.142950 ### DEBUG: Ticks: 2507, 15, 0 
1641686865.143307 1640049927 c0:98:e5:42:00:29 649 
1641686865.143517 161 195 198 200 206 209 209 212 213 233 234 234 235 236 239 
1641686865.155885 251 260 266 275 276 289 297 298 299 303 319 329 329 446 464 
1641686866.041630 ### RSSI: -48, 30, 1640049928 ,2521 
1641686866.141060 ### DEBUG: Ticks: 2523, 16, 0 
1641686866.152252 1640049928 c0:98:e5:42:00:29 717 
1641686866.152601 189 234 241 247 263 275 277 278 287 287 288 294 301 302 309 
1641686866.152797 327 330 345 354 357 359 397 412 432 434 471 483 487 498 539 
1641686867.041641 ### RSSI: -48, 6, 1640049929 ,2537 
1641686867.142462 ### DEBUG: Ticks: 2538, 15, 0 
1641686867.142792 1640049929 c0:98:e5:42:00:29 653 
1641686867.142978 97 152 157 166 179 188 194 198 200 202 203 203 204 205 211 
1641686867.143165 215 219 232 242 245 248 260 298 315 318 323 396 396 424 438 
1641686867.611740 ### INFO: SD card flushed!
1641686868.044800 ### RSSI: -47, 13, 1640049930 ,2552 
1641686868.150607 ### DEBUG: Ticks: 2554, 16, 0 
1641686868.150890 1640049930 c0:98:e5:42:00:29 523 
1641686868.151117 62 108 117 126 142 146 153 154 163 172 174 181 183 183 184 
1641686868.151282 201 203 218 218 232 233 254 256 261 277 286 290 320 331 342 
1641686869.048446 ### RSSI: -52, 6, 1640049931 ,2568 
1641686869.147661 ### DEBUG: Ticks: 2570, 16, 0 
1641686869.148000 1640049931 c0:98:e5:42:00:29 549 
1641686869.148231 96 99 102 110 124 129 142 147 151 154 162 174 191 191 192 
1641686869.148419 196 198 204 211 219 220 241 243 261 271 275 277 311 313 340 
1641686870.045969 ### RSSI: -53, 5, 1640049932 ,2584 
1641686870.147584 ### DEBUG: Ticks: 2585, 15, 0 
1641686870.147807 1640049932 c0:98:e5:42:00:29 700 
1641686870.147944 264 271 275 289 289 311 328 328 333 338 343 343 347 349 354 
1641686870.148126 359 361 362 367 371 387 391 393 398 401 406 434 465 487 580 
1641686871.047372 ### RSSI: -52, 0, 1640049933 ,2599 
1641686871.150216 ### DEBUG: Ticks: 2601, 16, 0 
1641686871.150404 1640049933 c0:98:e5:42:00:29 693 
1641686871.150510 206 217 225 240 268 270 275 280 280 286 287 293 294 300 311 
1641686871.150604 315 315 316 319 322 334 338 339 352 354 355 357 390 426 539 
1641686872.044514 ### RSSI: -60, 26, 1640049934 ,2615 
1641686872.145557 ### DEBUG: Ticks: 2616, 15, 0 
1641686872.145798 1640049934 c0:98:e5:42:00:29 776 
1641686872.145965 187 297 309 314 346 347 349 363 368 377 380 381 381 386 393 
1641686872.146114 396 400 401 401 403 403 405 405 414 415 431 435 457 480 530 
1641686873.044184 ### RSSI: -59, 33, 1640049935 ,2630 
1641686873.146115 ### DEBUG: Ticks: 2632, 16, 0 
1641686873.146322 1640049935 c0:98:e5:42:00:29 566 
1641686873.146431 -110 -108 -102 -67 -67 -62 -52 -51 -50 -50 -49 -47 -39 -24 -24 
1641686873.146542 -23 5 15 16 36 40 42 69 70 83 116 119 192 242 302 
1641686874.047313 ### RSSI: -66, 25, 1640049936 ,2646 
1641686874.146339 ### ERROR: Failed reading SquarePoint packet length
1641686875.049008 ### RSSI: -45, 35, 1640049937 ,2662 
1641686876.045413 ### RSSI: -59, 31, 1640049938 ,2677 
1641686876.148147 ### DEBUG: Ticks: 2679, 47, 0 
1641686876.148366 1640049938 c0:98:e5:42:00:29 634 
1641686876.148514 132 156 168 180 187 193 202 203 205 209 210 215 225 225 229 
1641686876.148639 233 243 244 250 254 259 275 286 302 321 331 349 360 388 442 
1641686877.040132 ### RSSI: -53, 27, 1640049939 ,2693 
1641686877.152119 ### DEBUG: Ticks: 2695, 16, 0 
1641686877.152362 1640049939 c0:98:e5:42:00:29 428 
1641686877.152484 -2 5 18 28 34 43 62 66 74 76 77 77 79 84 94 
1641686877.152611 98 111 120 142 159 160 166 171 196 204 212 212 220 221 268 
1641686878.046348 ### RSSI: -56, 30, 1640049940 ,2709 
1641686878.150062 ### DEBUG: Ticks: 2710, 15, 0 
1641686878.150287 1640049940 c0:98:e5:42:00:29 698 
1641686878.150420 167 184 187 229 230 231 254 268 279 288 290 294 301 302 312 
1641686878.150561 322 322 333 338 348 363 363 364 365 366 371 384 428 498 508 
1641686879.043398 ### RSSI: -60, 4, 1640049941 ,2724 
1641686879.143460 ### DEBUG: Ticks: 2726, 16, 0 
1641686879.143684 1640049941 c0:98:e5:42:00:29 739 
1641686879.155158 257 260 271 278 285 296 297 300 306 309 322 322 324 325 328 
1641686879.155342 328 367 377 380 384 395 405 419 446 449 451 471 474 476 600 
1641686880.046523 ### RSSI: -50, 11, 1640049942 ,2740 
1641686880.148473 ### DEBUG: Ticks: 2741, 15, 0 
1641686880.148664 1640049942 c0:98:e5:42:00:29 780 
1641686880.148774 201 216 248 253 254 277 281 291 305 312 320 337 339 369 381 
1641686880.148887 390 395 404 405 414 421 429 429 432 439 442 449 449 463 467 
1641686881.046842 ### RSSI: -45, 6, 1640049943 ,2755 
1641686881.144219 ### DEBUG: Ticks: 2757, 16, 0 
1641686881.144468 1640049943 c0:98:e5:42:00:29 663 
1641686881.155159 165 195 204 207 209 212 215 222 228 233 238 248 251 262 264 
1641686881.155397 268 297 308 320 323 326 331 334 335 345 346 361 408 417 430 
1641686882.045355 ### RSSI: -53, 6, 1640049944 ,2771 
1641686882.149024 ### DEBUG: Ticks: 2773, 16, 0 
1641686882.149282 1640049944 c0:98:e5:42:00:29 725 
1641686882.149511 233 252 257 262 271 272 281 284 290 291 303 304 310 316 337 
1641686882.149725 340 379 385 385 392 396 405 419 428 432 436 446 449 453 545 
1641686883.046195 ### RSSI: -64, 36, 1640049945 ,2787 
1641686883.146373 ### DEBUG: Ticks: 2788, 15, 0 
1641686883.146624 1640049945 c0:98:e5:42:00:29 544 
1641686883.146778 45 56 59 60 70 74 78 90 92 104 112 117 118 122 126 
1641686883.146947 130 138 143 151 170 176 178 179 182 235 243 256 283 312 322 
1641686884.040763 ### RSSI: -45, 20, 1640049946 ,2802 
1641686884.153692 ### DEBUG: Ticks: 2804, 16, 0 
1641686884.153884 1640049946 c0:98:e5:42:00:29 439 
1641686884.153994 -87 -67 -66 -59 -46 -38 -36 -30 -26 -24 -12 -8 -5 2 5 
1641686884.154120 7 13 21 23 23 26 27 31 36 44 45 49 54 73 139 
1641686885.043835 ### RSSI: -58, 31, 1640049947 ,2818 
1641686885.141588 ### ERROR: Failed reading SquarePoint packet length
1641686886.038639 ### RSSI: -56, 13, 1640049948 ,2834 
1641686887.050730 ### RSSI: -60, 25, 1640049949 ,2849 
1641686887.149073 ### DEBUG: Ticks: 2851, 47, 0 
1641686887.149370 1640049949 c0:98:e5:42:00:29 684 
1641686887.149537 225 227 241 245 253 256 261 266 271 271 282 283 288 294 302 
1641686887.149679 304 312 316 326 330 335 337 347 367 386 396 417 426 451 462 
1641686888.037205 ### RSSI: -49, 22, 1640049950 ,2865 
1641686888.150959 ### DEBUG: Ticks: 2866, 15, 0 
1641686888.152114 1640049950 c0:98:e5:42:00:29 631 
1641686888.154181 217 224 229 236 237 239 250 261 270 286 287 292 296 297 298 
1641686888.154978 303 323 327 332 346 348 356 360 362 371 376 378 403 408 495 
1641686889.042961 ### RSSI: -54, 23, 1640049951 ,2880 
1641686889.154756 ### DEBUG: Ticks: 2882, 16, 0 
1641686889.156848 1640049951 c0:98:e5:42:00:29 631 
1641686889.158107 155 159 191 205 218 227 229 247 251 253 254 257 259 259 267 
1641686889.158389 268 270 287 306 311 326 328 338 339 355 357 357 359 359 550 
1641686890.044127 ### RSSI: -51, 1, 1640049952 ,2896 
1641686890.144607 ### DEBUG: Ticks: 2898, 16, 0 
1641686890.144848 1640049952 c0:98:e5:42:00:29 559 
1641686890.156590 82 98 109 116 119 129 139 140 141 147 157 157 162 165 172 
1641686890.156817 172 172 181 184 185 195 200 210 213 230 245 300 310 320 356 
1641686891.042159 ### RSSI: -45, 35, 1640049953 ,2912 
1641686891.152363 ### DEBUG: Ticks: 2913, 15, 0 
1641686891.152626 1640049953 c0:98:e5:42:00:29 341 
1641686891.152783 -150 -136 -133 -124 -119 -114 -110 -108 -98 -94 -89 -80 -79 -73 -70 
1641686891.152941 -66 -63 -43 -38 -33 -33 -29 -28 -28 17 42 63 71 199 233 
1641686892.039981 ### RSSI: -53, 20, 1640049954 ,2927 
1641686892.152423 ### DEBUG: Ticks: 2929, 16, 0 
1641686892.152626 1640049954 c0:98:e5:42:00:29 434 
1641686892.152746 -33 -12 7 8 19 19 23 33 38 54 56 67 76 81 81 
1641686892.152875 81 88 88 90 99 101 122 125 129 156 166 173 189 213 220 
1641686892.859568 ### DEBUG: BLE START SCANNING called
1641686892.859785 ### addr: c0:98:e5:42:00:29 
1641686892.859906 ### on_adv_report outer RSSI: -53, time:1640049955 
1641686892.860052 ### INFO: Discovered new device: c0:98:e5:42:00:29
1641686892.871313 ### DEBUG: connected? already connected
1641686892.871539 ### DEBUG: BLE START SCANNING called
1641686893.038823 ### RSSI: -55, 15, 1640049955 ,2943 
1641686893.039108 ### DEBUG: BLE START SCANNING called
1641686893.149040 ### DEBUG: Ticks: 2944, 15, 1 
1641686893.149252 1640049955 c0:98:e5:42:00:29 678 
1641686893.149422 216 220 249 259 262 262 272 276 277 284 292 300 307 317 321 
1641686893.149535 331 335 338 343 352 354 359 361 376 407 423 440 491 496 499 
1641686893.149663 ### DEBUG: BLE START SCANNING called
1641686893.860463 ### DEBUG: BLE START SCANNING called
1641686894.038532 ### RSSI: -57, 23, 1640049956 ,2958 
1641686894.038733 ### DEBUG: BLE START SCANNING called
1641686894.138348 ### RSSI: -58, 15, 1640049956 ,2960 
1641686894.138535 ### DEBUG: BLE START SCANNING called
1641686894.150875 ### DEBUG: Ticks: 2960, 16, 1 
1641686894.151037 1640049956 c0:98:e5:42:00:29 842 
1641686894.151127 402 419 434 462 463 470 471 475 492 492 500 505 505 505 508 
1641686894.151220 509 512 539 544 550 560 580 600 605 664 708 778 799 802 804 
1641686894.151317 ### DEBUG: BLE START SCANNING called
1641686894.863796 ### DEBUG: BLE START SCANNING called
1641686895.071817 ### BLE EVENT: 16, INFO: BLE CONNECTED!
1641686895.072044 ### DEBUG: BLE START SCANNING called
1641686895.072175 ### RSSI: -52, 15, 1640049957 ,2975 
1641686895.072304 ### DEBUG: BLE START SCANNING called
1641686895.138330 ### RSSI: -60, 4, 1640049957 ,2976 
1641686895.138534 ### DEBUG: BLE START SCANNING called
1641686895.151044 ### DEBUG: Ticks: 2976, 16, 1 
1641686895.151253 1640049957 c0:98:e5:42:00:29 638 
1641686895.151390 127 132 137 150 157 157 157 171 171 172 173 178 202 206 208 
1641686895.151516 215 217 222 239 240 257 269 275 277 292 299 303 305 309 344 
1641686895.151678 ### DEBUG: BLE START SCANNING called
1641686895.174158 ### RSSI: -56, 31, 1640049957 ,2976 
1641686895.174382 ### DEBUG: BLE START SCANNING called
1641686895.241006 ### RSSI: -58, 35, 1640049957 ,2977 
1641686895.241259 ### DEBUG: BLE START SCANNING called
1641686895.265695 ### RSSI: -58, 29, 1640049957 ,2978 
1641686895.265908 ### DEBUG: BLE START SCANNING called
1641686895.341701 ### RSSI: -54, 6, 1640049957 ,2979 
1641686895.341928 ### DEBUG: BLE START SCANNING called
1641686895.364554 ### RSSI: -52, 25, 1640049957 ,2979 
1641686895.364770 ### DEBUG: BLE START SCANNING called
1641686895.442358 ### RSSI: -50, 24, 1640049957 ,2980 
1641686895.442684 ### DEBUG: BLE START SCANNING called
1641686895.465914 ### RSSI: -49, 27, 1640049957 ,2981 
1641686895.466195 ### DEBUG: BLE START SCANNING called
1641686895.544877 ### RSSI: -48, 6, 1640049957 ,2982 
1641686895.545098 ### DEBUG: BLE START SCANNING called
1641686895.567202 ### RSSI: -47, 6, 1640049957 ,2982 
1641686895.567421 ### DEBUG: BLE START SCANNING called
1641686895.647482 ### RSSI: -46, 7, 1640049957 ,2983 
1641686895.648888 ### DEBUG: BLE START SCANNING called
1641686895.669625 ### RSSI: -46, 25, 1640049957 ,2984 
1641686895.669866 ### DEBUG: BLE START SCANNING called
1641686895.747059 ### RSSI: -46, 18, 1640049958 ,2985 
1641686895.747263 ### DEBUG: BLE START SCANNING called
1641686895.768977 ### RSSI: -46, 29, 1640049958 ,2985 
1641686895.769207 ### DEBUG: BLE START SCANNING called
1641686895.838830 ### RSSI: -47, 11, 1640049958 ,2987 
1641686895.839077 ### DEBUG: BLE START SCANNING called
1641686895.862076 ### DEBUG: BLE START SCANNING called
1641686895.874948 ### RSSI: -48, 17, 1640049958 ,2987 
1641686895.875196 ### DEBUG: BLE START SCANNING called
1641686895.942391 ### RSSI: -47, 19, 1640049958 ,2988 
1641686895.942620 ### DEBUG: BLE START SCANNING called
1641686895.964616 ### RSSI: -47, 2, 1640049958 ,2989 
1641686895.964854 ### DEBUG: BLE START SCANNING called
1641686896.045837 ### RSSI: -48, 10, 1640049958 ,2990 
1641686896.046093 ### DEBUG: BLE START SCANNING called
1641686896.067957 ### RSSI: -49, 1, 1640049958 ,2990 
1641686896.068204 ### DEBUG: BLE START SCANNING called
1641686896.140263 ### RSSI: -47, 20, 1640049958 ,2991 
1641686896.140448 ### DEBUG: BLE START SCANNING called
1641686896.140564 ### ERROR: Failed reading SquarePoint packet length
1641686896.140675 ### DEBUG: BLE START SCANNING called
1641686896.173168 ### RSSI: -47, 29, 1640049958 ,2992 
1641686896.173437 ### DEBUG: BLE START SCANNING called
1641686896.240973 ### RSSI: -47, 25, 1640049958 ,2993 
1641686896.241220 ### DEBUG: BLE START SCANNING called
1641686896.272886 ### RSSI: -48, 14, 1640049958 ,2993 
1641686896.273062 ### DEBUG: BLE START SCANNING called
1641686896.340677 ### RSSI: -48, 0, 1640049958 ,2994 
1641686896.340870 ### DEBUG: BLE START SCANNING called
1641686896.362966 ### RSSI: -46, 36, 1640049958 ,2995 
1641686896.375184 ### DEBUG: BLE START SCANNING called
1641686896.445154 ### RSSI: -46, 30, 1640049958 ,2996 
1641686896.445486 ### DEBUG: BLE START SCANNING called
1641686896.467846 ### RSSI: -47, 10, 1640049958 ,2996 
1641686896.468136 ### DEBUG: BLE START SCANNING called
1641686896.545808 ### RSSI: -47, 9, 1640049958 ,2998 
1641686896.545956 ### DEBUG: BLE START SCANNING called
1641686896.567859 ### RSSI: -48, 2, 1640049958 ,2998 
1641686896.568054 ### DEBUG: BLE START SCANNING called
1641686896.646519 ### RSSI: -46, 24, 1640049958 ,2999 
1641686896.647319 ### DEBUG: BLE START SCANNING called
1641686896.668656 ### RSSI: -46, 19, 1640049958 ,2999 
1641686896.668863 ### DEBUG: BLE START SCANNING called
1641686896.855191 ### DEBUG: BLE START SCANNING called
1641686897.647082 ### RSSI: -49, 28, 1640049960 ,3015 
1641686897.647339 ### DEBUG: BLE START SCANNING called
1641686897.669414 ### RSSI: -48, 34, 1640049960 ,3015 
1641686897.669699 ### DEBUG: BLE START SCANNING called
1641686898.142917 ### DEBUG: Ticks: 3023, 47, 1 
1641686898.143137 1640049960 c0:98:e5:42:00:29 490 
1641686898.155938 75 77 77 88 91 97 98 104 105 105 116 131 132 135 135 
1641686898.156178 140 146 149 164 169 183 192 193 216 235 287 292 300 302 325 
1641686898.637141 ### RSSI: -51, 4, 1640049961 ,3030 
1641686898.672880 ### RSSI: -52, 3, 1640049961 ,3031 
1641686899.145562 ### DEBUG: Ticks: 3038, 15, 1 
1641686899.146288 1640049961 c0:98:e5:42:00:29 505 
1641686899.155816 57 70 73 88 99 101 118 118 121 122 124 131 139 140 148 
1641686899.156015 156 169 172 182 191 195 208 220 228 243 267 276 296 313 375 
1641686899.643213 ### RSSI: -52, 2, 1640049962 ,3046 
1641686899.665680 ### RSSI: -59, 6, 1640049962 ,3046 
1641686900.151777 ### DEBUG: Ticks: 3054, 16, 1 
1641686900.152007 1640049962 c0:98:e5:42:00:29 744 
1641686900.152115 216 252 261 286 292 297 307 309 311 311 326 332 336 341 348 
1641686900.152225 350 356 357 364 365 366 380 384 387 401 406 428 436 456 601 
1641686900.639166 ### RSSI: -53, 0, 1640049963 ,3062 
1641686900.671233 ### RSSI: -62, 27, 1640049963 ,3062 
1641686901.143295 ### DEBUG: Ticks: 3069, 15, 1 
1641686901.143604 1640049963 c0:98:e5:42:00:29 718 
1641686901.143810 287 333 354 358 359 365 366 366 369 376 376 376 376 381 387 
1641686901.143998 391 392 393 401 407 412 416 430 451 452 453 457 459 473 507 
1641686901.637452 ### RSSI: -58, 26, 1640049964 ,3077 
1641686901.671614 ### RSSI: -56, 10, 1640049964 ,3078 
1641686902.148284 ### DEBUG: Ticks: 3085, 16, 1 
1641686902.148550 1640049964 c0:98:e5:42:00:29 782 
1641686902.148686 273 301 328 331 336 365 367 367 372 388 388 394 394 399 402 
1641686902.148826 403 405 417 418 419 423 423 429 431 455 458 477 482 491 525 
1641686902.643578 ### RSSI: -54, 8, 1640049965 ,3093 
1641686902.666263 ### RSSI: -58, 21, 1640049965 ,3093 
1641686903.144457 ### DEBUG: Ticks: 3101, 16, 1 
1641686903.144657 1640049965 c0:98:e5:42:00:29 766 
1641686903.154754 291 299 302 357 358 361 362 367 378 380 385 385 386 394 397 
1641686903.155009 400 404 407 418 418 418 426 433 452 453 459 467 502 515 522 
1641686903.574564 ### INFO: SD card flushed!
1641686903.642025 ### RSSI: -68, 18, 1640049966 ,3108 
1641686903.663113 ### RSSI: -58, 8, 1640049966 ,3109 
1641686904.143782 ### DEBUG: Ticks: 3116, 15, 1 
1641686904.144003 1640049966 c0:98:e5:42:00:29 687 
1641686904.155503 225 232 259 278 279 285 287 296 296 298 317 317 320 327 334 
1641686904.155737 339 349 353 365 368 369 372 382 390 403 403 409 420 422 429 
1641686904.643005 ### RSSI: -64, 26, 1640049967 ,3124 
1641686904.665527 ### RSSI: -54, 7, 1640049967 ,3124 
1641686905.143918 ### DEBUG: Ticks: 3132, 16, 1 
1641686905.144097 1640049967 c0:98:e5:42:00:29 746 
1641686905.144203 317 320 321 324 330 330 333 347 364 369 371 376 381 382 382 
1641686905.155599 383 390 393 400 408 419 432 447 453 461 476 486 526 603 630 
1641686905.641667 ### RSSI: -51, 33, 1640049968 ,3140 
1641686905.664395 ### RSSI: -50, 4, 1640049968 ,3140 
1641686906.146881 ### DEBUG: Ticks: 3148, 16, 1 
1641686906.147112 1640049968 c0:98:e5:42:00:29 714 
1641686906.147260 263 270 283 311 317 320 323 325 326 328 330 331 346 350 362 
1641686906.147401 362 367 368 376 387 390 401 423 424 439 446 451 452 488 520 
1641686906.644268 ### RSSI: -52, 2, 1640049969 ,3155 
1641686906.665831 ### RSSI: -50, 26, 1640049969 ,3156 
1641686907.148152 ### DEBUG: Ticks: 3163, 15, 1 
1641686907.148453 1640049969 c0:98:e5:42:00:29 507 
1641686907.148614 -5 -4 22 43 63 66 75 81 83 90 93 94 101 104 104 
1641686907.148778 109 109 119 125 134 142 152 157 158 167 196 199 206 213 217 
1641686907.637424 ### RSSI: -48, 30, 1640049970 ,3171 
1641686907.671273 ### RSSI: -46, 33, 1640049970 ,3171 
1641686908.145442 ### ERROR: Failed reading SquarePoint packet length
1641686908.637617 ### RSSI: -41, 2, 1640049971 ,3187 
1641686908.670367 ### RSSI: -40, 29, 1640049971 ,3187 
1641686910.140174 ### ERROR: Failed reading SquarePoint packet length
1641686912.139721 ### ERROR: Failed reading SquarePoint packet length
1641686912.745983 ### BLE EVENT: 17, INFO: BLE DISCONNECTED!
1641686912.767651 ### BLE EVENT: 17, INFO: BLE DISCONNECTED!
1641686912.859625 ### INFO: SquarePoint communications appear to be down...restarting
1641686912.859829 ### INFO: Switched Scheduler EUI from c0:98:e5:42:00:2c to 00:00:00:00:00:00
1641686913.050587 ### INFO: SD card flushed!
1641686913.053852 ### DEBUG: BLE START SCANNING called
1641686913.152056 ### DEBUG: Ticks: 3257, 94, 0 
1641686913.152282 1640049975 ### INFO: Switched Scheduler EUI from 00:00:00:00:00:00 to c0:98:e5:42:00:2c
1641686913.152444 ### DEBUG: BLE STOP SCANNING called
1641686913.152604 ### INFO: SquarePoint communications appear to be down...restarting
1641686913.152735 ### INFO: Switched Scheduler EUI from c0:98:e5:42:00:2c to 00:00:00:00:00:00
1641686913.267311 ### STOPPED, setting module to STOPPED
1641686913.267622 ### DEBUG: BLE START SCANNING called
1641686913.832482 ### INFO: Device is now STATIONARY
1641686914.365984 ### addr: c0:98:e5:42:00:29 
1641686914.366181 ### on_adv_report outer RSSI: -41, time:1640049976 
1641686914.366296 ### INFO: Discovered new device: c0:98:e5:42:00:29
1641686914.366400 ### INFO: Starting the SquarePoint module...
1641686914.366510 ### INFO: Starting SquarePoint module as SCHEDULER with timestamp 1640049976
1641686914.366614 ### DEBUG: BLE STOP SCANNING called
1641686914.366725 ### INFO: SquarePoint module successfully started!
1641686914.488352 ### DEBUG: Ticks: 3278, 21, 0 
1641686914.488636 1640049977 ### INFO: Switched Scheduler EUI from 00:00:00:00:00:00 to c0:98:e5:42:00:2c
1641686915.588640 ### DEBUG: Ticks: 3295, 17, 0 
1641686915.588911 1640049978 c0:98:e5:42:00:29 0 
1641686915.600332 -595 -573 -572 -558 -554 -552 -546 -541 -532 -531 -526 -511 -510 -505 -504 
1641686915.600651 -499 -489 -474 -460 -450 -438 -416 -400 -387 -385 -383 -380 -365 -359 -357 
1641686916.589548 ### DEBUG: Ticks: 3311, 16, 0 
1641686916.589749 1640049979 c0:98:e5:42:00:29 243 
1641686916.589876 -484 -466 -464 -459 -456 -454 -451 -439 -434 -429 -419 -418 -412 -409 -398 
1641686916.589999 -394 -393 -380 -376 -356 -338 -334 -317 -293 -285 -284 -273 -258 -258 -258 
