1641157023.916279 ###RTT Client: ************************************************************ 
1641157023.916441 ###RTT Client: *               SEGGER Microcontroller GmbH                * 
1641157023.916482 ###RTT Client: *   Solutions for real time microcontroller applications   * 
1641157023.916523 ###RTT Client: ************************************************************ 
1641157023.916562 ###RTT Client: *                                                          * 
1641157023.916602 ###RTT Client: *       (c) 2012 - 2016  SEGGER Microcontroller GmbH       * 
1641157023.916642 ###RTT Client: *                                                          * 
1641157023.916682 ###RTT Client: *     www.segger.com     Support: support@segger.com       * 
1641157023.916722 ###RTT Client: *                                                          * 
1641157023.916865 ###RTT Client: ************************************************************ 
1641157023.916907 ###RTT Client: *                                                          * 
1641157023.916947 ###RTT Client: * SEGGER J-Link RTT Client   Compiled Jan 30 2018 18:46:58 * 
1641157023.916987 ###RTT Client: *                                                          * 
1641157023.917027 ###RTT Client: ************************************************************ 
1641157023.917067 
1641157023.917154 ###RTT Client: -----------------------------------------------
1641157023.917194 ###RTT Client: Connecting to J-Link RTT Server via localhost:9201  Connected.
1641157023.917234 SEGGER J-Link V6.30 - Real time terminal output
1641157023.917273 J-Link EDU Mini V1 compiled Oct 22 2019 16:28:45 V1.0, SN=801021855
1641157023.917313 Process: JLinkExe
1641157023.917352 ### RSSI: -54, 28, 1640049832 ,180 
1641157023.917392 ### DEBUG: Ticks: 192, 15, 1 
1641157023.917431 1640049832 c0:98:e5:42:00:2c 269 
1641157023.917471 415 431 478 486 492 496 500 507 510 510 516 520 521 528 538 
1641157023.917510 540 541 547 552 553 554 555 577 579 595 622 633 647 648 663 
1641157023.917550 ### RSSI: -46, 18, 1640049833 ,195 
1641157023.917589 ### DEBUG: Ticks: 208, 16, 1 
1641157023.917628 1640049833 c0:98:e5:42:00:2c 230 
1641157023.917668 374 384 396 403 409 412 426 435 438 440 443 454 456 456 457 
1641157023.917707 464 468 468 475 475 487 491 496 503 508 510 513 513 592 616 
1641157023.917747 ### RSSI: -54, 35, 1640049834 ,211 
1641157023.917827 ### DEBUG: Ticks: 223, 15, 1 
1641157023.917868 1640049834 c0:98:e5:42:00:2c 273 
1641157023.917907 381 430 488 492 492 497 502 504 507 518 519 524 530 540 541 
1641157023.917947 553 555 558 559 576 583 585 590 597 616 623 624 625 639 656 
1641157023.917987 ### RSSI: -49, 2, 1640049835 ,226 
1641157023.918026 ### DEBUG: Ticks: 239, 16, 1 
1641157023.918066 1640049835 c0:98:e5:42:00:2c 258 
1641157023.918106 400 414 442 447 462 471 472 487 495 496 498 502 504 507 516 
1641157023.918145 517 520 539 541 549 560 563 566 571 580 614 629 630 651 667 
1641157023.918184 ### RSSI: -49, 2, 1640049836 ,242 
1641157023.918305 ### DEBUG: Ticks: 255, 16, 1 
1641157023.918344 1640049836 c0:98:e5:42:00:2c 272 
1641157023.918384 383 425 461 469 474 488 503 506 513 515 515 523 533 538 539 
1641157023.918423 551 569 575 579 581 592 595 600 601 603 607 609 609 613 691 
1641157023.918463 ### RSSI: -55, 29, 1640049836 ,258 
1641157023.918502 ### DEBUG: Ticks: 270, 15, 1 
1641157023.918542 1640049837 c0:98:e5:42:00:2c 256 
1641157023.918581 409 418 427 466 470 477 487 491 491 493 496 506 508 510 512 
1641157023.918621 514 518 527 530 539 540 541 541 545 567 578 597 598 605 624 
1641157023.918660 ### RSSI: -50, 7, 1640049837 ,273 
1641157023.918700 ### DEBUG: Ticks: 286, 16, 1 
1641157023.918792 1640049838 c0:98:e5:42:00:2c 273 
1641157023.918832 426 427 462 474 495 499 514 514 514 521 528 530 532 545 546 
1641157023.918872 546 548 550 561 563 581 600 601 602 602 610 660 661 685 694 
1641157023.918912 ### RSSI: -50, 13, 1640049838 ,289 
1641157023.919644 ### DEBUG: Ticks: 302, 16, 1 
1641157023.919708 1640049839 c0:98:e5:42:00:2c 257 
1641157023.919748 375 424 425 430 447 452 452 489 491 492 501 502 507 508 515 
1641157023.919850 521 525 528 531 532 533 540 551 553 562 575 581 629 652 0 
1641157023.919892 ### RSSI: -51, 17, 1640049839 ,305 
1641157023.919932 ### DEBUG: Ticks: 317, 15, 1 
1641157023.919972 1640049840 c0:98:e5:42:00:2c 261 
1641157023.920012 390 393 425 433 449 456 470 470 478 489 491 501 508 515 522 
1641157023.920051 523 526 533 538 538 539 542 566 568 570 582 588 605 638 649 
1641157023.920091 ### RSSI: -52, 15, 1640049840 ,320 
1641157023.920131 ### DEBUG: Ticks: 333, 16, 1 
1641157023.920171 1640049841 c0:98:e5:42:00:2c 285 
1641157023.920210 453 474 496 508 522 533 536 546 550 555 555 555 556 563 570 
1641157023.920250 573 578 580 612 614 618 619 629 640 648 654 662 664 696 698 
1641157023.920290 ### RSSI: -49, 8, 1640049841 ,336 
1641157023.920330 ### DEBUG: Ticks: 348, 15, 1 
1641157023.920369 1640049842 c0:98:e5:42:00:2c 253 
1641157023.920409 403 408 410 447 462 464 467 469 471 490 492 493 493 496 506 
1641157023.920449 508 510 510 512 515 520 533 539 547 552 564 573 608 617 622 
1641157023.920551 ### RSSI: -48, 9, 1640049842 ,351 
1641157023.920591 ### DEBUG: Ticks: 364, 16, 1 
1641157023.920631 1640049843 c0:98:e5:42:00:2c 248 
1641157023.920670 357 402 457 469 471 472 472 474 480 481 482 493 495 496 497 
1641157023.920756 503 517 522 527 533 536 539 549 566 568 570 599 619 646 0 
1641157023.920797 ### RSSI: -50, 10, 1640049843 ,367 
1641157023.920837 ### DEBUG: Ticks: 380, 16, 1 
1641157023.920876 1640049844 c0:98:e5:42:00:2c 275 
1641157023.920916 386 457 457 485 487 495 500 501 502 517 526 533 547 547 549 
1641157023.920957 551 553 557 558 578 581 590 596 598 606 611 612 635 662 703 
1641157023.920997 ### RSSI: -54, 27, 1640049844 ,383 
1641157023.921036 ### DEBUG: Ticks: 395, 15, 1 
1641157023.921076 1640049845 c0:98:e5:42:00:2c 277 
1641157023.921116 403 481 493 495 518 520 523 528 535 536 537 537 543 553 554 
1641157023.921197 555 556 561 572 591 592 617 620 623 633 635 637 637 637 688 
1641157023.921238 ### RSSI: -51, 15, 1640049845 ,398 
1641157023.921278 ### DEBUG: Ticks: 411, 16, 1 
1641157023.921317 1640049846 c0:98:e5:42:00:2c 265 
1641157023.921357 378 432 441 450 491 493 498 502 507 507 509 522 524 526 529 
1641157023.921396 531 536 540 542 549 556 557 563 564 578 587 615 624 636 646 
1641157023.921436 ### RSSI: -50, 2, 1640049846 ,414 
1641157023.921476 ### DEBUG: Ticks: 427, 16, 1 
1641157023.921516 1640049847 c0:98:e5:42:00:2c 245 
1641157023.921594 366 388 423 439 447 455 459 459 460 475 478 487 487 488 490 
1641157023.921634 491 493 496 500 518 520 520 526 531 533 534 551 562 573 616 
1641157023.921674 ### RSSI: -54, 33, 1640049847 ,429 
1641157023.921753 ### DEBUG: Ticks: 442, 15, 1 
1641157023.921793 1640049848 c0:98:e5:42:00:2c 250 
1641157023.921832 372 406 440 448 449 452 457 466 474 484 487 496 496 499 499 
1641157023.921872 501 504 508 511 517 530 532 532 556 561 571 574 580 593 612 
1641157023.921912 ### RSSI: -49, 3, 1640049848 ,445 
1641157023.921952 ### DEBUG: Ticks: 458, 16, 1 
1641157023.921992 1640049849 c0:98:e5:42:00:2c 255 
1641157023.922031 360 430 448 457 463 464 475 475 478 495 498 500 503 504 510 
1641157023.922070 512 516 524 526 528 546 548 563 568 575 576 576 587 627 662 
1641157023.922110 ### RSSI: -50, 12, 1640049849 ,461 
1641157023.922149 ### DEBUG: Ticks: 473, 15, 1 
1641157023.922189 1640049850 c0:98:e5:42:00:2c 222 
1641157023.922229 326 343 389 410 411 423 426 427 427 434 435 441 442 444 445 
1641157023.922269 449 472 473 475 485 489 501 504 504 506 539 570 574 0 0 
1641157023.922308 ### RSSI: -50, 7, 1640049850 ,476 
1641157023.922386 ### DEBUG: Ticks: 489, 16, 1 
1641157023.922426 1640049851 c0:98:e5:42:00:2c 252 
1641157023.922465 372 426 434 438 449 457 469 486 488 492 495 496 498 503 504 
1641157023.922505 515 516 526 527 529 534 547 552 553 560 567 606 613 621 0 
1641157023.922545 ### RSSI: -49, 1, 1640049851 ,492 
1641157023.922585 ### DEBUG: Ticks: 505, 16, 1 
1641157023.922624 1640049852 c0:98:e5:42:00:2c 277 
1641157023.922664 402 450 479 485 486 500 507 526 531 535 542 543 547 549 553 
1641157023.922704 555 567 579 588 597 606 616 629 631 637 637 644 647 676 684 
1641157023.922785 ### RSSI: -52, 21, 1640049852 ,508 
1641157023.922825 ### DEBUG: Ticks: 520, 15, 1 
1641157023.922864 1640049853 c0:98:e5:42:00:2c 243 
1641157023.922904 320 403 426 432 437 437 444 446 457 468 471 473 478 481 484 
1641157023.922943 488 490 492 494 520 534 546 548 548 556 563 573 575 583 617 
1641157023.923021 ### RSSI: -52, 19, 1640049853 ,523 
1641157023.923061 ### DEBUG: Ticks: 536, 16, 1 
1641157023.923101 1640049854 c0:98:e5:42:00:2c 261 
1641157023.923141 423 425 468 468 471 474 478 492 501 503 509 509 519 521 522 
1641157023.923180 522 529 539 541 544 549 554 560 570 573 605 629 642 676 682 
1641157023.923220 ### RSSI: -53, 20, 1640049854 ,539 
1641157023.923260 ### DEBUG: Ticks: 551, 15, 1 
1641157023.923300 1640049855 c0:98:e5:42:00:2c 268 
1641157023.923339 430 430 469 488 489 499 510 512 513 513 514 514 521 522 537 
1641157023.923398 538 539 541 548 551 554 557 566 574 580 588 628 650 682 682 
1641157023.923439 ### RSSI: -54, 7, 1640049855 ,554 
1641157023.923479 
1641157023.923518 ----------------------------------------------
1641157023.923558 ### WARNING: Chip experienced a reset with reason 2
1641157023.923623  567 585 586 613 633 654 
1641157023.923663 ### INFO: Switched Scheduler EUI from 00:00:00:00:00:00 to c0:98:e5:42:00:2c
1641157023.923702 ### DEBUG: BLE START SCANNING called
1641157023.923764 ### DEBUG: Ticks: 41, 15, 0 
1641157023.923805 1640049859 c0:98:e5:42:00:2c 247 
1641157023.923845 345 419 425 447 448 450 451 471 473 477 480 490 492 493 493 
1641157023.923887 498 498 507 516 517 520 522 540 541 552 556 557 572 584 645 
1641157023.923926 ### INFO: Device is now STATIONARY
1641157023.923966 ### DEBUG: BLE START SCANNING called
1641157023.924006 ### DEBUG: BLE START SCANNING called
1641157023.924046 ### DEBUG: BLE START SCANNING called
1641157023.924086 ### DEBUG: Ticks: 57, 16, 0 
1641157023.924125 1640049860 c0:98:e5:42:00:2c 255 
1641157023.924165 396 402 415 463 474 481 485 486 490 492 494 499 505 508 510 
1641157023.924204 512 512 517 523 532 532 538 554 563 579 583 590 590 607 651 
1641157023.924244 ### addr: c0:98:e5:42:00:2c 
1641157023.924283 ### on_adv_report outer RSSI: -49, time:1640049861 
1641157023.924322 ### INFO: Discovered new device: c0:98:e5:42:00:2c
1641157023.924362 ### DEBUG: connected? already connected
1641157023.924401 ### DEBUG: BLE START SCANNING called
1641157023.924441 ### BLE EVENT: 16, INFO: BLE CONNECTED!
1641157023.924481 ### DEBUG: BLE START SCANNING called
1641157023.924521 ### RSSI: -55, 30, 1640049861 ,64 
1641157023.924561 ### DEBUG: BLE START SCANNING called
1641157023.924600 ### RSSI: -53, 26, 1640049861 ,66 
1641157023.924748 ### DEBUG: BLE START SCANNING called
1641157023.924790 ### RSSI: -49, 8, 1640049861 ,67 
1641157023.924829 ### DEBUG: BLE START SCANNING called
1641157023.924908 ### RSSI: -52, 6, 1640049861 ,70 
1641157023.924949 ### DEBUG: BLE START SCANNING called
1641157023.924989 ### RSSI: -51, 14, 1640049861 ,72 
1641157023.925028 ### DEBUG: BLE START SCANNING called
1641157023.925067 ### DEBUG: Ticks: 72, 15, 1 
1641157023.925107 1640049861 c0:98:e5:42:00:2c 260 
1641157023.925160 317 419 428 439 445 450 455 457 458 471 471 487 487 490 517 
1641157023.925201 523 524 525 530 531 549 552 564 566 573 581 581 601 618 650 
1641157023.925241 ### DEBUG: BLE START SCANNING called
1641157023.925282 ### RSSI: -49, 1, 1640049861 ,74 
1641157023.925322 ### DEBUG: BLE START SCANNING called
1641157023.925405 ### RSSI: -50, 16, 1640049862 ,75 
1641157023.925447 ### DEBUG: BLE START SCANNING called
1641157023.925487 ### RSSI: -54, 34, 1640049862 ,77 
1641157023.925526 ### DEBUG: BLE START SCANNING called
1641157023.925565 ### RSSI: -50, 6, 1640049862 ,78 
1641157023.925605 ### DEBUG: BLE START SCANNING called
1641157023.925645 ### RSSI: -53, 26, 1640049862 ,80 
1641157023.925684 ### DEBUG: BLE START SCANNING called
1641157023.925723 ### RSSI: -50, 2, 1640049862 ,81 
1641157023.925763 ### DEBUG: BLE START SCANNING called
1641157023.925803 ### RSSI: -51, 17, 1640049862 ,83 
1641157023.925843 ### DEBUG: BLE START SCANNING called
1641157023.925882 ### RSSI: -53, 23, 1640049862 ,84 
1641157023.925922 ### DEBUG: BLE START SCANNING called
1641157023.925962 ### RSSI: -51, 1, 1640049862 ,86 
1641157023.926001 ### DEBUG: BLE START SCANNING called
1641157023.926041 ### RSSI: -54, 26, 1640049862 ,88 
1641157023.926081 ### DEBUG: BLE START SCANNING called
1641157023.926120 ### DEBUG: Ticks: 88, 16, 1 
1641157023.926160 1640049862 c0:98:e5:42:00:2c 255 
1641157023.926200 382 413 430 448 456 462 465 467 483 497 500 501 503 505 510 
1641157023.926239 511 512 514 517 520 528 531 534 556 562 567 588 600 618 645 
1641157023.926279 ### DEBUG: BLE START SCANNING called
1641157023.926318 ### RSSI: -50, 12, 1640049862 ,89 
1641157023.926358 ### DEBUG: BLE START SCANNING called
1641157023.926397 ### RSSI: -49, 9, 1640049863 ,91 
1641157023.926437 ### DEBUG: BLE START SCANNING called
1641157023.926477 ### DEBUG: Ticks: 104, 16, 1 
1641157023.926516 1640049863 c0:98:e5:42:00:2c 224 
1641157023.926556 342 382 385 385 390 394 399 401 410 420 426 435 438 441 445 
1641157023.926596 453 454 462 468 474 474 486 503 504 510 517 536 539 553 571 
1641157023.926635 ### RSSI: -49, 5, 1640049864 ,106 
1641157023.926675 ### DEBUG: Ticks: 119, 15, 1 
1641157023.926714 1640049864 c0:98:e5:42:00:2c 276 
1641157023.926822 435 436 488 496 519 522 534 535 539 543 544 545 546 547 550 
1641157023.926863 554 554 557 558 583 596 600 609 610 611 625 633 668 682 713 
1641157023.926902 ### RSSI: -49, 0, 1640049865 ,122 
1641157023.926942 ### DEBUG: Ticks: 135, 16, 1 
1641157023.926982 1640049865 c0:98:e5:42:00:2c 259 
1641157023.927024 409 427 432 443 445 465 468 469 477 482 492 498 502 513 517 
1641157023.927064 519 522 523 530 536 536 544 560 562 593 595 595 599 630 632 
1641157023.927103 ### RSSI: -50, 2, 1640049865 ,138 
1641157023.927143 ### DEBUG: Ticks: 151, 16, 1 
1641157023.927182 1640049866 c0:98:e5:42:00:2c 259 
1641157023.927222 387 402 445 467 467 468 477 480 483 504 506 506 512 515 517 
1641157023.927310 520 521 521 527 533 538 549 556 558 564 579 607 608 635 670 
1641157023.927350 ### RSSI: -50, 6, 1640049866 ,153 
1641157023.927528 ### DEBUG: Ticks: 166, 15, 1 
1641157023.927572 1640049867 c0:98:e5:42:00:2c 265 
1641157023.927612 406 428 463 473 474 478 485 485 496 496 500 501 510 523 530 
1641157023.927652 531 532 538 543 549 554 558 571 572 575 581 588 603 610 634 
1641157023.927691 ### RSSI: -55, 28, 1640049867 ,169 
1641157023.927730 ### DEBUG: Ticks: 182, 16, 1 
1641157023.927770 1640049868 c0:98:e5:42:00:2c 243 
1641157023.927810 375 380 427 447 456 460 461 463 473 479 481 483 485 487 487 
1641157023.927849 488 491 504 506 506 509 510 532 540 564 564 575 580 590 607 
1641157023.927889 ### RSSI: -52, 18, 1640049868 ,184 
1641157023.927929 ### DEBUG: Ticks: 197, 15, 1 
1641157023.927969 1640049869 c0:98:e5:42:00:2c 251 
1641157023.928052 392 395 432 448 452 458 459 460 460 480 480 483 486 490 501 
1641157023.928092 503 504 507 514 529 530 531 543 554 583 587 588 591 618 669 
1641157023.928132 ### RSSI: -55, 34, 1640049869 ,200 
1641157023.928172 ### DEBUG: Ticks: 213, 16, 1 
1641157023.928259 1640049870 c0:98:e5:42:00:2c 274 
1641157023.928300 416 467 483 486 490 495 514 516 523 528 538 543 546 547 548 
1641157023.928340 551 563 563 567 580 594 599 605 605 606 625 641 656 665 714 
1641157023.928379 ### RSSI: -52, 36, 1640049870 ,216 
1641157023.928443 ### DEBUG: Ticks: 229, 16, 1 
1641157023.928483 1640049871 c0:98:e5:42:00:2c 263 
1641157023.928523 422 428 452 468 468 471 475 488 498 507 509 510 514 519 524 
1641157023.928563 530 534 538 550 552 556 565 585 602 615 628 633 637 645 682 
1641157023.928602 ### RSSI: -49, 0, 1640049871 ,231 
1641157023.928641 ### DEBUG: Ticks: 244, 15, 1 
1641157023.928681 1640049872 c0:98:e5:42:00:2c 241 
1641157023.928721 296 368 413 415 419 421 429 444 446 450 452 456 458 468 480 
1641157023.928760 485 487 490 506 510 513 528 531 539 566 576 586 591 594 670 
1641157023.928800 ### RSSI: -52, 14, 1640049872 ,247 
1641157023.928840 ### DEBUG: Ticks: 260, 16, 1 
1641157023.928879 1640049873 c0:98:e5:42:00:2c 232 
1641157023.928919 345 359 400 400 402 409 415 429 430 438 443 443 454 458 460 
1641157023.928958 469 470 473 475 478 484 496 502 514 522 526 560 600 602 624 
1641157023.928998 ### RSSI: -52, 20, 1640049873 ,263 
1641157023.929037 ### DEBUG: Ticks: 276, 16, 1 
1641157023.929076 1640049874 c0:98:e5:42:00:2c 269 
1641157023.929142 393 409 433 467 474 481 483 486 499 511 512 517 520 524 536 
1641157023.929182 541 542 544 551 551 553 554 560 560 592 618 625 637 638 661 
1641157023.929221 ### RSSI: -50, 2, 1640049874 ,278 
1641157023.929260 ### DEBUG: Ticks: 291, 15, 1 
1641157023.929300 1640049875 c0:98:e5:42:00:2c 260 
1641157023.929339 442 462 468 479 480 482 482 484 492 500 507 507 508 510 518 
1641157023.929379 523 530 533 539 548 554 558 569 571 575 579 599 617 647 669 
1641157023.929418 ### RSSI: -55, 31, 1640049875 ,294 
1641157023.929458 ### DEBUG: Ticks: 307, 16, 1 
1641157023.929498 1640049876 c0:98:e5:42:00:2c 249 
1641157023.929538 375 377 416 431 432 434 456 464 475 476 479 484 489 491 498 
1641157023.929577 499 505 508 513 513 518 519 527 554 559 565 578 593 604 649 
1641157023.929617 ### RSSI: -51, 18, 1640049876 ,309 
1641157023.929657 ### DEBUG: Ticks: 322, 15, 1 
1641157023.929696 1640049877 c0:98:e5:42:00:2c 266 
1641157023.929736 336 421 441 445 468 471 482 484 489 494 500 506 511 525 526 
1641157023.929775 540 541 544 549 552 557 566 568 570 573 576 578 593 601 650 
1641157023.929815 ### RSSI: -50, 19, 1640049877 ,325 
1641157023.929854 ### DEBUG: Ticks: 338, 16, 1 
1641157023.929894 1640049878 c0:98:e5:42:00:2c 250 
1641157023.930136 393 404 437 438 453 454 461 462 463 466 471 480 485 494 499 
1641157023.930230 502 504 505 508 517 520 521 534 541 554 556 576 602 612 615 
1641157023.930270 ### RSSI: -54, 26, 1640049878 ,341 
1641157023.930310 ### DEBUG: Ticks: 354, 16, 1 
1641157023.930349 1640049879 c0:98:e5:42:00:2c 263 
1641157023.930389 423 423 462 471 472 481 486 495 503 503 504 510 514 520 520 
1641157023.930429 532 535 542 545 552 555 577 584 586 587 593 593 602 609 628 
1641157023.930469 ### RSSI: -53, 24, 1640049879 ,356 
1641157023.930550 ### DEBUG: Ticks: 369, 15, 1 
1641157023.930590 1640049880 c0:98:e5:42:00:2c 246 
1641157023.930630 360 400 408 425 441 448 457 470 471 475 476 483 486 489 490 
1641157023.930670 497 498 512 515 517 517 519 521 525 527 574 581 589 627 641 
1641157023.930709 ### RSSI: -48, 2, 1640049880 ,372 
1641157023.930749 ### DEBUG: Ticks: 385, 16, 1 
1641157023.930789 1640049881 c0:98:e5:42:00:2c 240 
1641157023.930829 365 371 377 412 413 427 440 442 442 449 449 454 459 470 475 
1641157023.930868 486 488 496 500 503 505 507 509 527 549 559 567 596 607 642 
1641157023.930907 ### RSSI: -53, 24, 1640049881 ,387 
1641157023.930948 ### DEBUG: Ticks: 400, 15, 1 
1641157023.930988 1640049882 c0:98:e5:42:00:2c 255 
1641157023.931067 390 417 445 451 461 467 469 472 487 487 495 500 501 506 507 
1641157023.931108 514 525 527 528 544 545 555 556 557 561 573 600 607 615 634 
1641157023.931149 ### RSSI: -50, 6, 1640049882 ,403 
1641157023.931188 ### DEBUG: Ticks: 416, 16, 1 
1641157023.931228 1640049883 c0:98:e5:42:00:2c 236 
1641157023.931268 339 380 392 421 431 431 436 446 450 454 459 461 464 465 471 
1641157023.931307 474 477 478 485 500 504 517 517 519 524 557 560 572 588 607 
1641157023.931347 ### RSSI: -54, 32, 1640049883 ,419 
1641157024.100879 ### DEBUG: Ticks: 432, 16, 1 
1641157024.101088 1640049884 c0:98:e5:42:00:2c 266 
1641157024.101196 381 453 465 476 482 492 493 507 509 512 514 516 520 527 533 
1641157024.101241 534 541 553 558 560 573 576 577 577 586 588 589 607 609 618 
1641157024.263036 ### RSSI: -54, 26, 1640049884 ,434 
1641157025.103112 ### DEBUG: Ticks: 447, 15, 1 
1641157025.103217 1640049885 c0:98:e5:42:00:2c 269 
1641157025.103259 410 428 458 473 474 482 486 486 492 495 514 514 520 520 538 
1641157025.103309 540 542 550 556 558 561 564 574 595 604 617 618 621 630 659 
1641157025.263760 ### RSSI: -55, 29, 1640049886 ,450 
1641157026.106957 ### DEBUG: Ticks: 463, 16, 1 
1641157026.107081 1640049886 c0:98:e5:42:00:2c 238 
1641157026.107128 356 367 378 385 392 423 448 448 451 454 458 458 464 467 470 
1641157026.107168 482 485 485 487 497 508 519 531 532 547 564 566 580 589 605 
1641157026.268605 ### RSSI: -52, 21, 1640049887 ,466 
1641157027.098801 ### DEBUG: Ticks: 479, 16, 1 
1641157027.098918 1640049887 c0:98:e5:42:00:2c 268 
1641157027.098961 375 417 443 475 486 494 497 502 505 505 510 518 521 525 534 
1641157027.099001 540 542 543 559 564 566 568 593 597 599 601 603 613 624 684 
1641157027.271672 ### RSSI: -51, 18, 1640049888 ,481 
1641157028.099284 ### DEBUG: Ticks: 494, 15, 1 
1641157028.099498 1640049888 c0:98:e5:42:00:2c 247 
1641157028.110335 327 412 418 430 433 449 452 454 461 462 463 464 468 479 487 
1641157028.110442 501 502 512 513 516 516 519 519 529 540 540 561 575 593 595 
1641157028.263733 ### RSSI: -52, 19, 1640049889 ,497 
1641157029.106889 ### DEBUG: Ticks: 510, 16, 1 
1641157029.106993 1640049889 c0:98:e5:42:00:2c 265 
1641157029.107035 347 437 440 444 463 481 483 492 506 510 520 521 522 526 527 
1641157029.107083 536 543 545 547 548 548 554 560 571 593 602 609 609 615 655 
1641157029.270341 ### RSSI: -55, 28, 1640049889 ,512 
1641157030.106121 ### DEBUG: Ticks: 525, 15, 1 
1641157030.106230 1640049890 c0:98:e5:42:00:2c 257 
1641157030.106271 371 417 426 442 455 469 475 485 493 496 506 509 511 511 513 
1641157030.106315 516 518 525 533 547 551 552 565 581 590 590 600 601 613 638 
1641157030.270278 ### RSSI: -55, 24, 1640049890 ,528 
1641157031.099575 ### DEBUG: Ticks: 541, 16, 1 
1641157031.099678 1640049891 c0:98:e5:42:00:2c 237 
1641157031.099720 344 381 392 405 409 413 417 442 447 460 461 464 469 471 472 
1641157031.099766 479 480 483 493 502 504 514 526 529 550 564 572 590 592 620 
1641157031.263348 ### RSSI: -55, 29, 1640049891 ,544 
1641157032.103180 ### DEBUG: Ticks: 557, 16, 1 
1641157032.103284 1640049892 c0:98:e5:42:00:2c 260 
1641157032.103329 435 440 462 481 481 486 487 492 500 506 508 512 514 517 521 
1641157032.103526 521 522 539 540 553 556 564 568 570 586 587 588 663 686 0 
1641157032.266809 ### RSSI: -52, 36, 1640049892 ,559 
1641157032.266946 ERROR: Unexpected error while mounting SD card: 1
1641157034.097541 
1641157034.098200 ----------------------------------------------
1641157034.098288 ### WARNING: Chip experienced a reset with reason 2
1641157034.346108 ### INFO: Bluetooth address: c0:98:e5:42:00:29
1641157034.359033 ### DEBUG: Time is 00:00:00, 2000/00/00
1641157034.359137 ### INFO: Time is 00:00:00, 2000/00/00
1641157034.454583 ### INFO: Initializing SD Card...
1641157034.777370 ### INFO: Connecting to the SquarePoint module...
1641157034.777473 ### INFO: SquarePoint module connection successful
1641157034.777515 ### INFO: Battery voltage currently 4053 mV
1641157034.896056 ### INFO: SD card flushed!
1641157034.917373 ### INFO: SD card flushed!
1641157034.917470 ### DEBUG: BLE START SCANNING called
1641157035.101922 ### DEBUG: Ticks: 15, 15, 0 
1641157035.102024 1640049895 c0:98:e5:42:00:2c 228 
1641157035.102070 308 357 392 402 411 422 424 440 443 444 444 449 453 453 455 
1641157035.102109 457 458 459 468 469 471 476 499 528 530 539 554 555 557 595 
1641157035.102148 ### INFO: Switched Scheduler EUI from 00:00:00:00:00:00 to c0:98:e5:42:00:2c
1641157035.102193 ### DEBUG: BLE STOP SCANNING called
1641157035.770545 ### DEBUG: BLE START SCANNING called
1641157036.099464 ### DEBUG: Ticks: 31, 16, 0 
1641157036.099568 1640049896 c0:98:e5:42:00:2c 256 
1641157036.099621 357 431 439 450 460 463 472 484 498 501 502 508 511 511 511 
1641157036.099667 513 513 522 531 534 534 539 543 563 577 577 595 596 620 628 
1641157036.910137 ### DEBUG: BLE START SCANNING called
1641157036.920805 ### DEBUG: BLE START SCANNING called
1641157036.996186 ### INFO: Device is now STATIONARY
1641157037.104719 ### DEBUG: Ticks: 46, 15, 0 
1641157037.104822 1640049897 c0:98:e5:42:00:2c 259 
1641157037.104867 394 428 435 450 470 472 481 489 500 501 504 505 506 509 513 
1641157037.105033 523 524 529 535 539 541 552 563 569 581 590 591 593 674 680 
1641157037.948966 ### DEBUG: BLE START SCANNING called
1641157037.961714 ### DEBUG: BLE START SCANNING called
1641157037.961829 ### addr: c0:98:e5:42:00:2c 
1641157037.961880 ### on_adv_report outer RSSI: -53, time:1640049898 
1641157037.961929 ### INFO: Discovered new device: c0:98:e5:42:00:2c
1641157037.961981 ### DEBUG: connected? already connected
1641157037.962030 ### DEBUG: BLE START SCANNING called
1641157038.016247 ### BLE EVENT: 16, INFO: BLE CONNECTED!
1641157038.016346 ### DEBUG: BLE START SCANNING called
1641157038.027322 ### RSSI: -51, 3, 1640049898 ,61 
1641157038.027459 ### DEBUG: BLE START SCANNING called
1641157038.105450 ### DEBUG: Ticks: 62, 16, 1 
1641157038.105554 1640049898 c0:98:e5:42:00:2c 261 
1641157038.105600 361 425 452 467 478 478 489 491 495 499 500 501 508 517 520 
1641157038.105645 525 530 534 537 538 540 541 542 571 579 581 589 591 611 615 
1641157038.105685 ### DEBUG: BLE START SCANNING called
1641157038.116938 ### RSSI: -50, 16, 1640049898 ,62 
1641157038.126655 ### DEBUG: BLE START SCANNING called
1641157038.225709 ### RSSI: -46, 0, 1640049898 ,64 
1641157038.225812 ### DEBUG: BLE START SCANNING called
1641157038.323168 ### RSSI: -51, 15, 1640049898 ,65 
1641157038.323274 ### DEBUG: BLE START SCANNING called
1641157038.421307 ### RSSI: -49, 9, 1640049898 ,67 
1641157038.421410 ### DEBUG: BLE START SCANNING called
1641157038.519829 ### RSSI: -49, 10, 1640049898 ,69 
1641157038.519936 ### DEBUG: BLE START SCANNING called
1641157038.627271 ### RSSI: -54, 32, 1640049898 ,70 
1641157038.627376 ### DEBUG: BLE START SCANNING called
1641157038.725144 ### RSSI: -52, 36, 1640049898 ,72 
1641157038.725249 ### DEBUG: BLE START SCANNING called
1641157038.769707 ### DEBUG: BLE START SCANNING called
1641157038.824623 ### RSSI: -50, 4, 1640049898 ,73 
1641157038.824727 ### DEBUG: BLE START SCANNING called
1641157038.923749 ### RSSI: -50, 9, 1640049899 ,75 
1641157038.923850 ### DEBUG: BLE START SCANNING called
1641157039.022052 ### RSSI: -52, 20, 1640049899 ,76 
1641157039.022165 ### DEBUG: BLE START SCANNING called
1641157039.098778 ### DEBUG: Ticks: 78, 16, 1 
1641157039.098878 1640049899 c0:98:e5:42:00:2c 260 
1641157039.111640 337 405 439 444 445 453 457 461 462 481 504 508 516 517 517 
1641157039.111739 526 527 529 532 535 537 544 545 549 568 572 588 592 601 623 
1641157039.111785 ### DEBUG: BLE START SCANNING called
1641157039.123862 ### RSSI: -49, 17, 1640049899 ,78 
1641157039.123965 ### DEBUG: BLE START SCANNING called
1641157039.221872 ### RSSI: -50, 12, 1640049899 ,80 
1641157039.221988 ### DEBUG: BLE START SCANNING called
1641157039.320023 ### RSSI: -51, 19, 1640049899 ,81 
1641157039.320127 ### DEBUG: BLE START SCANNING called
1641157039.418029 ### RSSI: -50, 6, 1640049899 ,83 
1641157039.418131 ### DEBUG: BLE START SCANNING called
1641157039.526013 ### RSSI: -48, 8, 1640049899 ,84 
1641157039.526117 ### DEBUG: BLE START SCANNING called
1641157039.623923 ### RSSI: -50, 4, 1640049899 ,86 
1641157039.624026 ### DEBUG: BLE START SCANNING called
1641157039.775858 ### DEBUG: BLE START SCANNING called
1641157040.099924 ### DEBUG: Ticks: 93, 15, 1 
1641157040.100026 1640049900 c0:98:e5:42:00:2c 262 
1641157040.100067 380 423 437 474 482 492 498 498 499 502 505 507 512 516 517 
1641157040.100111 531 535 540 546 547 571 576 589 592 598 602 609 643 644 646 
1641157040.110648 ### DEBUG: BLE START SCANNING called
1641157040.618587 ### RSSI: -50, 16, 1640049900 ,101 
1641157040.618694 ### DEBUG: BLE START SCANNING called
1641157041.107049 ### DEBUG: Ticks: 109, 16, 1 
1641157041.107162 1640049901 c0:98:e5:42:00:2c 236 
1641157041.107203 377 381 419 427 428 432 445 452 455 460 461 462 463 470 472 
1641157041.107246 475 478 483 485 493 501 522 522 522 530 533 567 576 581 599 
1641157041.616868 ### RSSI: -52, 15, 1640049901 ,117 
1641157042.104363 ### DEBUG: Ticks: 125, 16, 1 
1641157042.104466 1640049902 c0:98:e5:42:00:2c 237 
1641157042.104512 340 399 424 425 444 444 447 449 450 454 457 460 461 465 474 
1641157042.104551 476 480 482 491 495 499 502 503 512 548 558 565 571 585 595 
1641157042.621734 ### RSSI: -52, 36, 1640049902 ,133 
1641157043.106951 ### DEBUG: Ticks: 140, 15, 1 
1641157043.107053 1640049903 c0:98:e5:42:00:2c 277 
1641157043.107094 412 419 478 479 493 496 497 500 503 507 508 522 533 535 545 
1641157043.107134 563 563 563 563 579 590 601 601 603 613 631 635 648 649 656 
1641157043.624432 ### RSSI: -50, 6, 1640049903 ,148 
1641157044.100362 ### DEBUG: Ticks: 156, 16, 1 
1641157044.100466 1640049904 c0:98:e5:42:00:2c 262 
1641157044.100591 347 430 442 454 470 489 494 497 503 507 515 515 518 521 524 
1641157044.100636 525 526 527 532 536 538 538 544 563 571 577 588 614 631 644 
1641157044.619189 ### RSSI: -51, 18, 1640049904 ,164 
1641157045.104795 ### DEBUG: Ticks: 171, 15, 1 
1641157045.104900 1640049905 c0:98:e5:42:00:2c 241 
1641157045.104941 350 373 419 437 439 446 452 452 463 466 469 477 478 479 482 
1641157045.104988 484 490 516 522 523 526 529 531 531 549 553 593 596 623 650 
1641157045.624007 ### RSSI: -54, 32, 1640049905 ,179 
1641157046.098925 ### DEBUG: Ticks: 187, 16, 1 
1641157046.099028 1640049906 c0:98:e5:42:00:2c 276 
1641157046.110680 410 418 448 495 510 510 521 521 522 524 525 538 543 551 552 
1641157046.110771 553 576 579 584 585 600 601 622 623 626 627 657 660 664 672 
1641157046.621504 ### RSSI: -49, 5, 1640049907 ,195 
1641157047.105242 ### DEBUG: Ticks: 203, 16, 1 
1641157047.105353 1640049907 c0:98:e5:42:00:2c 250 
1641157047.105394 346 415 430 445 446 453 456 457 466 475 494 497 498 500 500 
1641157047.105434 502 503 504 506 507 514 516 539 548 554 565 575 579 608 628 
1641157047.624760 ### RSSI: -49, 0, 1640049908 ,211 
1641157048.107959 ### DEBUG: Ticks: 218, 15, 1 
1641157048.108474 1640049908 c0:98:e5:42:00:2c 231 
1641157048.109234 364 386 406 419 436 441 445 446 447 448 453 454 457 458 463 
1641157048.109973 477 478 479 480 481 483 500 513 527 538 561 574 608 623 0 
1641157048.375736 ### INFO: Device is now IN MOTION
1641157048.624437 ### RSSI: -52, 20, 1640049909 ,226 
1641157049.099854 ### DEBUG: Ticks: 234, 16, 1 
1641157049.099975 1640049909 c0:98:e5:42:00:2c 250 
1641157049.111611 383 440 449 451 459 465 467 474 480 482 485 488 490 493 499 
1641157049.111721 501 502 502 504 514 516 542 558 559 561 577 585 599 626 651 
1641157049.625536 ### RSSI: -52, 14, 1640049910 ,242 
1641157050.101653 ### DEBUG: Ticks: 249, 15, 1 
1641157050.101762 1640049910 c0:98:e5:42:00:2c 299 
1641157050.101817 478 511 515 518 530 546 547 547 566 570 570 575 584 586 596 
1641157050.101866 601 618 619 620 621 623 632 641 642 645 650 658 671 686 756 
1641157050.617167 ### RSSI: -49, 4, 1640049911 ,258 
1641157051.107239 ### DEBUG: Ticks: 265, 16, 1 
1641157051.107359 1640049911 c0:98:e5:42:00:2c 234 
1641157051.107476 367 411 421 425 425 435 437 449 451 451 453 455 456 459 469 
1641157051.107532 470 471 472 472 480 485 488 502 503 516 517 535 558 574 605 
1641157051.620948 ### RSSI: -43, 11, 1640049912 ,273 
1641157052.101127 ### DEBUG: Ticks: 281, 16, 1 
1641157052.101246 1640049912 c0:98:e5:42:00:2c 289 
1641157052.101296 431 483 496 507 512 513 530 537 539 543 551 562 564 574 576 
1641157052.101345 581 584 591 599 602 607 610 611 617 640 647 657 665 697 730 
1641157052.616153 ### RSSI: -47, 36, 1640049913 ,289 
1641157053.101629 ### DEBUG: Ticks: 296, 15, 1 
1641157053.101752 1640049913 c0:98:e5:42:00:2c 530 
1641157053.101804 831 884 886 896 904 915 941 949 949 954 954 956 960 967 968 
1641157053.101856 975 975 976 980 986 988 991 996 1001 1019 1035 1037 1077 1083 1141 
1641157053.621315 ### RSSI: -53, 12, 1640049914 ,304 
1641157054.103802 ### DEBUG: Ticks: 312, 16, 1 
1641157054.103920 1640049914 c0:98:e5:42:00:2c 1341 
1641157054.103971 1559 1578 1591 1611 1616 1623 1625 1638 1648 1653 1653 1662 1664 1668 1669 
1641157054.104024 1671 1671 1675 1677 1677 1679 1682 1684 1687 1698 1703 1738 1788 1825 1826 
1641157054.618419 ### RSSI: -58, 35, 1640049915 ,320 
1641157055.106612 ### DEBUG: Ticks: 328, 16, 1 
1641157055.106725 1640049915 c0:98:e5:42:00:2c 2415 
1641157055.106780 2695 2703 2715 2725 2734 2736 2736 2737 2740 2751 2751 2753 2759 2760 2763 
1641157055.106830 2765 2768 2775 2781 2788 2789 2790 2794 2798 2804 2866 2869 2920 2953 2979 
1641157055.621980 ### RSSI: -61, 14, 1640049916 ,336 
1641157056.102160 ### DEBUG: Ticks: 343, 15, 1 
1641157056.102278 1640049916 c0:98:e5:42:00:2c 3529 
1641157056.102328 3793 3794 3806 3830 3831 3836 3840 3844 3848 3853 3857 3861 3868 3871 3875 
1641157056.102376 3883 3883 3884 3890 3901 3903 3914 3918 3921 3936 3938 3950 4021 4121 4167 
1641157056.624507 ### RSSI: -63, 27, 1640049917 ,351 
1641157057.099660 ### DEBUG: Ticks: 359, 16, 1 
1641157057.099774 1640049917 c0:98:e5:42:00:2c 4660 
1641157057.111428 4927 4932 4981 4984 4993 4996 4998 5000 5005 5005 5005 5007 5007 5008 5010 
1641157057.111548 5014 5019 5037 5040 5041 5044 5051 5055 5058 5070 5077 5083 5098 5152 5276 
1641157057.623062 ### RSSI: -62, 32, 1640049918 ,367 
1641157087.921610 
1641157087.921741 ----------------------------------------------
1641157087.921795 ### WARNING: Chip experienced a reset with reason 2
1641157087.921853 ### INFO: Bluetooth address: c0:98:e5:42:00:29
1641157087.921910 ### DEBUG: Time is 00:00:00, 2000/00/00
1641157087.921973 ### INFO: Time is 00:00:00, 2000/00/00
1641157087.922029 ### INFO: Initializing SD Card...
1641157087.922095 ### INFO: Connecting to the SquarePoint module...
1641157087.922147 ### INFO: SquarePoint module connection successful
1641157087.922204 ### INFO: Battery voltage currently 4053 mV
1641157087.932373 ### INFO: SD card flushed!
1641157087.953430 ### INFO: SD card flushed!
1641157087.953546 ### DEBUG: BLE START SCANNING called
1641157088.812431 ### STOPPED, setting module to STOPPED
1641157089.049404 ### addr: c0:98:e5:42:00:2c 
1641157089.049519 ### on_adv_report outer RSSI: -58, time:1640503229 
1641157089.049561 ### INFO: Discovered new device: c0:98:e5:42:00:2c
1641157089.049604 ### INFO: Switched Scheduler EUI from 00:00:00:00:00:00 to c0:98:e5:42:00:2c
1641157089.061287 ### INFO: Starting the SquarePoint module...
1641157089.061402 ### INFO: Starting SquarePoint module as PARTICIPANT with timestamp 1640503230
1641157089.061444 ### DEBUG: BLE STOP SCANNING called
1641157089.061484 ### INFO: SquarePoint module successfully started!
1641157089.072658 ### DEBUG: Ticks: 30, 30, 0 
1641157090.072031 1640503231 ### DEBUG: Ticks: 45, 15, 0 
1641157090.577034 1640503232 ### DEBUG: Ticks: 53, 8, 0 
1641157091.655364 1640049952 ### DEBUG: Ticks: 70, 17, 0 
1641157091.655528 1640049953 c0:98:e5:42:00:2c 3373 
1641157091.655579 3707 3717 3732 3733 3758 3762 3763 3768 3768 3777 3778 3781 3783 3787 3790 
1641157091.655640 3791 3808 3808 3813 3821 3830 3842 3842 3846 3849 3902 3904 3929 3957 3961 
1641157092.669274 ### DEBUG: Ticks: 86, 16, 0 
1641157092.669396 1640049954 c0:98:e5:42:00:2c 4457 
1641157092.669447 4783 4784 4791 4804 4812 4818 4821 4824 4825 4837 4837 4839 4841 4843 4850 
1641157092.669503 4854 4857 4859 4861 4864 4875 4876 4892 4912 4913 4935 4981 5061 5077 0 
1641157093.671893 ### DEBUG: Ticks: 102, 16, 0 
1641157093.672013 1640049955 c0:98:e5:42:00:2c 4986 
1641157093.672069 5296 5315 5331 5339 5343 5345 5350 5352 5357 5359 5359 5362 5371 5376 5383 
1641157093.672117 5386 5390 5392 5392 5392 5395 5399 5409 5411 5421 5425 5430 5433 5439 5493 
1641157116.195914 
1641157116.196028 ----------------------------------------------
1641157116.196078 ### WARNING: Chip experienced a reset with reason 2
1641157116.196127 ### INFO: Bluetooth address: c0:98:e5:42:00:29
1641157116.196182 ### DEBUG: Time is 00:00:00, 2000/00/00
1641157116.196241 ### INFO: Time is 00:00:00, 2000/00/00
1641157116.196290 ### INFO: Initializing SD Card...
1641157116.196339 ### INFO: Connecting to the SquarePoint module...
1641157116.196388 ### INFO: SquarePoint module connection successful
1641157116.196442 ### INFO: Battery voltage currently 3953 mV
1641157116.196490 ### INFO: SD card flushed!
1641157116.228640 ### INFO: SD card flushed!
1641157116.228763 ### DEBUG: BLE START SCANNING called
1641157168.677625 
1641157168.677732 ----------------------------------------------
1641157168.677773 ### INFO: Bluetooth address: c0:98:e5:42:00:29
1641157168.677819 ### DEBUG: Time is 00:00:00, 2000/00/00
1641157168.677859 ### INFO: Time is 00:00:00, 2000/00/00
1641157168.677902 ### INFO: Initializing SD Card...
1641157168.677950 ### INFO: Connecting to the SquarePoint module...
1641157168.677991 ### INFO: SquarePoint module connection successful
1641157168.678038 ### INFO: Battery voltage currently 4070 mV
1641157169.513485 
1641157169.513587 ----------------------------------------------
1641157169.513628 ### WARNING: Chip experienced a reset with reason 2
1641157169.773114 ### INFO: Bluetooth address: c0:98:e5:42:00:29
1641157169.773225 ### DEBUG: Time is 00:00:00, 2000/00/00
1641157169.773266 ### INFO: Time is 00:00:00, 2000/00/00
1641157169.873220 ### INFO: Initializing SD Card...
1641157170.229091 ### INFO: Connecting to the SquarePoint module...
1641157170.229193 ### INFO: SquarePoint module connection successful
1641157170.229234 ### INFO: Battery voltage currently 4092 mV
1641157170.374906 ### INFO: SD card flushed!
1641157170.397323 ### INFO: SD card flushed!
1641157170.397433 ### DEBUG: BLE START SCANNING called
1641157170.936077 ### STOPPED, setting module to STOPPED
1641157196.036558 
1641157196.036665 ----------------------------------------------
1641157196.036707 ### INFO: Bluetooth address: c0:98:e5:42:00:29
1641157196.036746 ### DEBUG: Time is 00:00:00, 2000/00/00
1641157196.036786 ### INFO: Time is 00:00:00, 2000/00/00
1641157196.036825 ### INFO: Initializing SD Card...
1641157196.036865 ### INFO: Connecting to the SquarePoint module...
1641157196.036915 ### INFO: SquarePoint module connection successful
1641157196.036959 ### INFO: Battery voltage currently 4053 mV
1641157196.036998 ### INFO: SD card flushed!
1641157196.037041 ### INFO: SD card flushed!
1641157196.037080 ### DEBUG: BLE START SCANNING called
1641157196.037174 ### DEBUG: BLE START SCANNING called
1641157196.037214 ### DEBUG: BLE START SCANNING called
1641157196.037254 ### DEBUG: BLE START SCANNING called
1641157196.037302 ### DEBUG: BLE START SCANNING called
1641157196.037342 ### addr: c0:98:e5:42:00:2c 
1641157196.037381 ### on_adv_report outer RSSI: -77, time:1640503230 
1641157196.049502 ### INFO: Discovered new device: c0:98:e5:42:00:2c
1641157196.049619 ### INFO: Switched Scheduler EUI from 00:00:00:00:00:00 to c0:98:e5:42:00:2c
1641157196.049673 ### INFO: Starting the SquarePoint module...
1641157196.049722 ### INFO: Starting SquarePoint module as PARTICIPANT with timestamp 1640503230
1641157196.049771 ### DEBUG: BLE STOP SCANNING called
1641157196.049818 ### INFO: SquarePoint module successfully started!
1641157196.049867 ### DEBUG: Ticks: 32, 32, 0 
1641157196.049916 1640503231 ### DEBUG: Ticks: 45, 13, 0 
1641157196.049974 1640049522 ### DEBUG: Ticks: 62, 17, 0 
1641157196.050030 1640049523 c0:98:e5:42:00:2c 3272 
1641157196.050078 3504 3511 3517 3527 3578 3594 3603 3605 3620 3623 3632 3636 3639 3639 3643 
1641157196.050128 3647 3649 3661 3666 3668 3669 3674 3678 3692 3708 3713 3719 3733 3743 3777 
1641157197.152315 
1641157197.152416 ----------------------------------------------
1641157197.152465 ### WARNING: Chip experienced a reset with reason 2
1641157197.404434 ### INFO: Bluetooth address: c0:98:e5:42:00:29
1641157197.416100 ### DEBUG: Time is 00:00:00, 2000/00/00
1641157197.416202 ### INFO: Time is 00:00:00, 2000/00/00
1641157197.513804 ### INFO: Initializing SD Card...
1641157197.881608 ### INFO: Connecting to the SquarePoint module...
1641157197.881714 ### INFO: SquarePoint module connection successful
1641157197.881755 ### INFO: Battery voltage currently 4031 mV
1641157197.958516 ...
1641157197.958887 ### INFO: Connecting to the SquarePoint module...
1641157197.958961 ### INFO: SquarePoint module connection successful
1641157197.959013 ### INFO: Battery voltage currently 4031 mV
1641157198.104176 ### ERROR: Problem writing data to the SD card!
1641157198.104295 ### INFO: SD card flushed!
1641157198.249406 ### INFO: SD card flushed!
1641157198.249516 ### DEBUG: BLE START SCANNING called
1641157198.249558 ### STOPPED, setting module to STOPPED
1641157241.052649 
1641157241.052764 ----------------------------------------------
1641157241.052805 ### WARNING: Chip experienced a reset with reason 1
1641157241.052845 ### INFO: Bluetooth address: c0:98:e5:42:00:29
1641157241.052884 ### DEBUG: Time is 00:00:00, 2000/00/00
1641157241.052924 ### INFO: Time is 00:00:00, 2000/00/00
1641157241.052964 ### INFO: Initializing SD Card...
1641157241.053004 ### INFO: Connecting to the SquarePoint module...
1641157241.053043 ### INFO: SquarePoint module connection successful
1641157241.053083 ### INFO: Battery voltage currently 3992 mV
1641157241.053131 ### INFO: SD card flushed!
1641157241.053170 ### INFO: SD card flushed!
1641157241.053244 ### DEBUG: BLE START SCANNING called
1641157241.053284 ### STOPPED, setting module to STOPPED
1641157241.678480 ### addr: c0:98:e5:42:00:2c 
1641157241.678586 ### on_adv_report outer RSSI: -72, time:1640503230 
1641157241.678627 ### INFO: Discovered new device: c0:98:e5:42:00:2c
1641157241.678667 ### INFO: Starting the SquarePoint module...
1641157241.678710 ### INFO: Starting SquarePoint module as PARTICIPANT with timestamp 1640503230
1641157241.678759 ### DEBUG: BLE STOP SCANNING called
1641157241.678799 ### INFO: SquarePoint module successfully started!
1641157241.699532 ### DEBUG: Ticks: 31, 31, 0 
1641157242.563653 1640503231 ### DEBUG: Ticks: 45, 14, 0 
1641157242.563764 1640049573 ### INFO: Switched Scheduler EUI from 00:00:00:00:00:00 to c0:98:e5:42:00:2c
1641157243.646680 ### DEBUG: Ticks: 62, 17, 0 
1641157243.646780 1640049574 c0:98:e5:42:00:2c 4066 
1641157243.646821 4426 4428 4432 4435 4441 4444 4467 4468 4478 4491 4494 4494 4495 4497 4514 
1641157243.646875 4517 4518 4519 4527 4537 4539 4551 4553 4554 4558 4559 4562 4568 4617 4620 
1641157244.244988 ### STOPPED, setting module to STOPPED
1641157244.245087 ### INFO: Switched Scheduler EUI from c0:98:e5:42:00:2c to 00:00:00:00:00:00
1641157251.388848 
1641157251.389125 ----------------------------------------------
1641157251.389189 ### WARNING: Chip experienced a reset with reason 2
1641157251.389244 ### INFO: Bluetooth address: c0:98:e5:42:00:29
1641157251.389293 ### DEBUG: Time is 00:00:00, 2000/00/00
1641157251.389438 ### INFO: Time is 00:00:00, 2000/00/00
1641157251.389488 ### INFO: Initializing SD Card...
1641157251.389537 ### INFO: Connecting to the SquarePoint module...
1641157251.389587 ### INFO: SquarePoint module connection successful
1641157251.389636 ### INFO: Battery voltage currently 4070 mV
1641157251.389685 ### INFO: SD card flushed!
1641157251.390176 ### INFO: SD card flushed!
1641157251.390338 ### DEBUG: BLE START SCANNING called
