1641513622.253770 ###RTT Client: ************************************************************ 
1641513622.253952 ###RTT Client: *               SEGGER Microcontroller GmbH                * 
1641513622.254000 ###RTT Client: *   Solutions for real time microcontroller applications   * 
1641513622.254050 ###RTT Client: ************************************************************ 
1641513622.254096 ###RTT Client: *                                                          * 
1641513622.254141 ###RTT Client: *       (c) 2012 - 2016  SEGGER Microcontroller GmbH       * 
1641513622.254221 ###RTT Client: *                                                          * 
1641513622.254314 ###RTT Client: *     www.segger.com     Support: support@segger.com       * 
1641513622.254362 ###RTT Client: *                                                          * 
1641513622.254406 ###RTT Client: ************************************************************ 
1641513622.254451 ###RTT Client: *                                                          * 
1641513622.254577 ###RTT Client: * SEGGER J-Link RTT Client   Compiled Jan 30 2018 18:46:58 * 
1641513622.254623 ###RTT Client: *                                                          * 
1641513622.254667 ###RTT Client: ************************************************************ 
1641513622.254711 
1641513622.254755 ###RTT Client: -----------------------------------------------
1641513622.254799 ###RTT Client: Connecting to J-Link RTT Server via localhost:9201  Connected.
1641513622.254843 SEGGER J-Link V6.30 - Real time terminal output
1641513622.254887 J-Link EDU Mini V1 compiled Oct  2 2020 17:00:40 V1.0, SN=801021851
1641513622.254930 Process: JLinkExe
1641513622.254974 ### DEBUG: Ticks: 4728, 47, 1 
1641513622.255019 1640051516 c0:98:e5:42:00:29 227 
1641513622.255063 -359 -352 -343 -339 -336 -336 -331 -322 -316 -309 -308 -306 -305 -297 -294 
1641513622.255107 -272 -267 -261 -261 -259 -253 -252 -245 -242 -210 -206 -195 -182 -182 -176 
1641513622.255151 ### RSSI: -47, 31, 1640051516 ,4735 
1641513622.255195 ### RSSI: -44, 0, 1640051517 ,4740 
1641513622.255271 ### INFO: Battery voltage currently 4247 mV
1641513622.255345 ### DEBUG: Ticks: 4744, 16, 1 
1641513622.255390 1640051517 c0:98:e5:42:00:29 232 
1641513622.255434 -247 -231 -229 -217 -201 -190 -182 -181 -178 -178 -178 -170 -165 -164 -160 
1641513622.255478 -148 -141 -140 -139 -119 -97 -86 -81 -79 -78 -74 -68 -54 -12 -5 
1641513622.255522 ### RSSI: -43, 5, 1640051517 ,4750 
1641513622.255565 ### RSSI: -47, 30, 1640051518 ,4756 
1641513622.255609 ### DEBUG: Ticks: 4760, 16, 1 
1641513622.255653 1640051518 c0:98:e5:42:00:29 296 
1641513622.255698 -282 -261 -229 -214 -201 -197 -181 -175 -162 -161 -159 -148 -139 -117 -109 
1641513622.255742 -107 -107 -94 -94 -85 -84 -67 -63 -62 -50 -41 -35 -24 -15 33 
1641513622.255807 ### RSSI: -43, 16, 1640051518 ,4766 
1641513622.255852 ERROR: Unexpected error while mounting SD card: 1
1641513622.255896 
1641513622.255940 ----------------------------------------------
1641513622.255984 ### WARNING: Chip experienced a reset with reason 2
1641513622.256028 ### INFO: Bluetooth address: c0:98:e5:42:00:2c
1641513622.256072 ### DEBUG: Time is 00:00:00, 2000/00/00
1641513622.256117 ### INFO: Time is 00:00:00, 2000/00/00
1641513622.256161 ### INFO: Initializing SD Card...
1641513622.256206 ### INFO: Connecting to the SquarePoint module...
1641513622.256249 ### INFO: SquarePoint module connection successful
1641513622.256293 ### INFO: Device is now STATIONARY
1641513622.256361 ### INFO: Battery voltage currently 4247 mV
1641513622.256405 ### INFO: SD card flushed!
1641513622.256449 ### INFO: SD card flushed!
1641513622.256493 ### DEBUG: BLE START SCANNING called
1641513622.256537 ### DEBUG: Ticks: 63, 63, 0 
1641513622.256580 1640051524 c0:98:e5:42:00:29 186 
1641513622.256620 -221 -194 -185 -181 -176 -172 -166 -165 -157 -155 -145 -140 -136 -133 -132 
1641513622.256658 -124 -120 -114 -112 -111 -111 -102 -100 -83 -80 -56 -33 -11 -9 12 
1641513622.256697 ### INFO: Switched Scheduler EUI from 00:00:00:00:00:00 to c0:98:e5:42:00:2c
1641513622.256737 ### DEBUG: BLE STOP SCANNING called
1641513622.256775 ### DEBUG: BLE START SCANNING called
1641513622.256814 ### DEBUG: Ticks: 78, 15, 0 
1641513622.256852 1640051525 c0:98:e5:42:00:29 245 
1641513622.256923 -300 -292 -262 -245 -233 -228 -224 -221 -219 -211 -197 -193 -164 -161 -157 
1641513622.256963 -152 -143 -142 -129 -127 -126 -121 -116 -113 -104 -99 -86 -65 -16 -11 
1641513622.257003 ### DEBUG: BLE START SCANNING called
1641513622.257041 ### DEBUG: BLE START SCANNING called
1641513622.257080 ### DEBUG: BLE START SCANNING called
1641513622.257118 ### ERROR: Failed reading SquarePoint packet length
1641513622.257157 ### addr: c0:98:e5:42:00:29 
1641513622.257196 ### on_adv_report outer RSSI: -50, time:1640051527 
1641513622.257234 ### INFO: Discovered new device: c0:98:e5:42:00:29
1641513622.257273 ### DEBUG: connected? already connected
1641513622.257311 ### DEBUG: BLE START SCANNING called
1641513622.257350 ### BLE EVENT: 16, INFO: BLE CONNECTED!
1641513622.257422 ### DEBUG: BLE START SCANNING called
1641513622.257463 ### RSSI: -48, 32, 1640051527 ,110 
1641513622.257501 ### DEBUG: BLE START SCANNING called
1641513622.257540 ### RSSI: -46, 28, 1640051527 ,112 
1641513622.257578 ### DEBUG: BLE START SCANNING called
1641513622.257617 ### RSSI: -44, 22, 1640051527 ,114 
1641513622.257655 ### DEBUG: BLE START SCANNING called
1641513622.257694 ### RSSI: -48, 33, 1640051527 ,115 
1641513622.257732 ### DEBUG: BLE START SCANNING called
1641513622.257800 ### RSSI: -42, 11, 1640051527 ,117 
1641513622.257839 ### DEBUG: BLE START SCANNING called
1641513622.257877 ### RSSI: -46, 28, 1640051527 ,118 
1641513622.257916 ### DEBUG: BLE START SCANNING called
1641513622.257954 ### RSSI: -44, 4, 1640051528 ,120 
1641513622.257992 ### DEBUG: BLE START SCANNING called
1641513622.258031 ### RSSI: -44, 6, 1640051528 ,121 
1641513622.258069 ### DEBUG: BLE START SCANNING called
1641513622.258107 ### DEBUG: BLE START SCANNING called
1641513622.258146 ### RSSI: -46, 24, 1640051528 ,123 
1641513622.258185 ### DEBUG: BLE START SCANNING called
1641513622.258223 ### RSSI: -43, 0, 1640051528 ,125 
1641513622.258261 ### DEBUG: BLE START SCANNING called
1641513622.258300 ### DEBUG: Ticks: 125, 47, 1 
1641513622.258338 1640051528 c0:98:e5:42:00:29 247 
1641513622.258377 -443 -440 -427 -411 -400 -394 -392 -390 -367 -367 -355 -354 -342 -341 -340 
1641513622.258416 -326 -313 -308 -305 -305 -303 -299 -298 -295 -286 -283 -270 -231 -231 -202 
1641513622.258482 ### DEBUG: BLE START SCANNING called
1641513622.258522 ### RSSI: -50, 35, 1640051528 ,126 
1641513622.258560 ### DEBUG: BLE START SCANNING called
1641513622.258598 ### RSSI: -45, 26, 1640051528 ,128 
1641513622.258637 ### DEBUG: BLE START SCANNING called
1641513622.258676 ### RSSI: -45, 22, 1640051528 ,129 
1641513622.258714 ### DEBUG: BLE START SCANNING called
1641513622.258753 ### RSSI: -48, 32, 1640051528 ,131 
1641513622.258791 ### DEBUG: BLE START SCANNING called
1641513622.258829 ### RSSI: -47, 29, 1640051528 ,132 
1641513622.258867 ### DEBUG: BLE START SCANNING called
1641513622.258906 ### RSSI: -43, 11, 1640051528 ,134 
1641513622.258945 ### DEBUG: BLE START SCANNING called
1641513622.258983 ### RSSI: -44, 6, 1640051529 ,135 
1641513622.259022 ### DEBUG: BLE START SCANNING called
1641513622.259061 ### DEBUG: BLE START SCANNING called
1641513622.259099 ### DEBUG: Ticks: 140, 15, 1 
1641513622.259138 1640051529 c0:98:e5:42:00:29 271 
1641513622.259176 -127 -83 -83 -83 -74 -63 -56 -54 -43 -40 -35 -33 -29 -24 -22 
1641513622.259215 -6 -4 0 2 18 23 31 38 47 55 56 61 71 98 145 
1641513622.259254 ### DEBUG: BLE START SCANNING called
1641513622.259292 ### RSSI: -49, 35, 1640051530 ,151 
1641513622.259331 ### DEBUG: BLE START SCANNING called
1641513622.259404 ### DEBUG: Ticks: 156, 16, 1 
1641513622.259443 1640051530 c0:98:e5:42:00:29 252 
1641513622.259482 -294 -291 -274 -270 -264 -263 -261 -254 -247 -246 -233 -227 -215 -211 -204 
1641513622.259545 -197 -193 -187 -186 -167 -165 -159 -150 -147 -146 -135 -109 -108 -96 -88 
1641513622.259585 ### RSSI: -44, 2, 1640051531 ,167 
1641513622.259623 ### DEBUG: Ticks: 172, 16, 1 
1641513622.259661 1640051531 c0:98:e5:42:00:29 294 
1641513622.259700 -297 -270 -267 -256 -239 -234 -230 -226 -222 -213 -211 -208 -206 -187 -183 
1641513622.259739 -172 -162 -160 -160 -158 -135 -133 -126 -122 -116 -114 -111 -106 -101 -34 
1641513622.259856 ### RSSI: -49, 34, 1640051532 ,182 
1641513622.259896 ### DEBUG: Ticks: 187, 15, 1 
1641513622.259935 1640051532 c0:98:e5:42:00:29 254 
1641513622.259983 -327 -302 -285 -267 -263 -262 -246 -244 -238 -236 -204 -189 -186 -177 -177 
1641513622.260028 -169 -166 -166 -165 -161 -151 -149 -144 -138 -133 -117 -106 -94 -86 -66 
1641513622.260071 ### RSSI: -45, 3, 1640051533 ,198 
1641513622.260117 ### DEBUG: Ticks: 203, 16, 1 
1641513622.260161 1640051533 c0:98:e5:42:00:29 250 
1641513622.260204 -316 -309 -307 -305 -302 -296 -292 -289 -279 -275 -270 -264 -259 -254 -244 
1641513622.260248 -221 -219 -215 -212 -193 -192 -185 -183 -175 -174 -172 -171 -171 -147 -130 
1641513622.260292 ### RSSI: -44, 7, 1640051534 ,214 
1641513622.260336 ### DEBUG: Ticks: 218, 15, 1 
1641513622.260380 1640051534 c0:98:e5:42:00:29 236 
1641513622.260424 -392 -358 -345 -328 -323 -313 -310 -308 -307 -298 -294 -283 -275 -274 -262 
1641513622.260467 -253 -248 -241 -226 -219 -212 -209 -204 -193 -191 -177 -175 -148 -135 -123 
1641513622.260511 ### RSSI: -49, 36, 1640051535 ,229 
1641513622.260555 ### DEBUG: Ticks: 234, 16, 1 
1641513622.260629 1640051535 c0:98:e5:42:00:29 203 
1641513622.260674 -266 -246 -236 -222 -216 -216 -215 -203 -189 -189 -186 -185 -158 -156 -134 
1641513622.260718 -127 -123 -112 -110 -109 -108 -106 -98 -97 -96 -89 -85 -83 -82 -52 
1641513622.260762 ### RSSI: -47, 30, 1640051536 ,245 
1641513622.260806 ### DEBUG: Ticks: 250, 16, 1 
1641513622.260850 1640051536 c0:98:e5:42:00:29 216 
1641513622.260894 -218 -195 -189 -171 -141 -135 -123 -108 -100 -99 -97 -96 -84 -65 -63 
1641513622.260938 -58 -56 -56 -53 -49 -37 -33 -28 -23 -10 -1 0 7 34 71 
1641513622.260982 ### RSSI: -43, 9, 1640051537 ,260 
1641513622.261025 ### DEBUG: Ticks: 265, 15, 1 
1641513622.261069 1640051537 c0:98:e5:42:00:29 254 
1641513622.261114 -262 -230 -226 -223 -214 -208 -195 -193 -193 -190 -185 -158 -153 -153 -150 
1641513622.261158 -150 -150 -148 -145 -144 -128 -127 -123 -102 -61 -59 -58 -57 -57 -37 
1641513622.261202 ### RSSI: -42, 8, 1640051538 ,276 
1641513622.261247 ### ERROR: Failed reading SquarePoint packet length
1641513622.261291 ### RSSI: -42, 11, 1640051539 ,292 
1641513622.261335 ### RSSI: -43, 9, 1640051540 ,309 
1641513622.261380 ### DEBUG: Ticks: 312, 47, 1 
1641513622.261424 1640051540 c0:98:e5:42:00:29 266 
1641513622.261468 -164 -162 -152 -151 -148 -147 -134 -129 -123 -122 -121 -118 -109 -88 -83 
1641513622.261513 -78 -77 -65 -63 -62 -61 -50 -47 -40 -39 -33 8 13 16 21 
1641513622.261557 ### RSSI: -48, 31, 1640051541 ,324 
1641513622.261601 ### DEBUG: Ticks: 328, 16, 1 
1641513622.261646 1640051541 c0:98:e5:42:00:29 271 
1641513622.261713 -247 -242 -229 -215 -210 -208 -197 -193 -188 -182 -176 -175 -172 -166 -153 
1641513622.261758 -139 -138 -137 -133 -121 -112 -110 -109 -91 -91 -88 -88 -71 -68 -56 
1641513622.261813 ### RSSI: -46, 27, 1640051542 ,340 
1641513622.261858 ### DEBUG: Ticks: 343, 15, 1 
1641513622.261902 1640051542 c0:98:e5:42:00:29 274 
1641513622.261946 -274 -257 -242 -239 -233 -217 -214 -195 -191 -183 -163 -157 -153 -143 -139 
1641513622.261985 -135 -133 -130 -126 -120 -109 -107 -103 -101 -89 -85 -82 -65 -53 -9 
1641513622.262024 ### RSSI: -43, 1, 1640051543 ,356 
1641513622.262062 ### DEBUG: Ticks: 359, 16, 1 
1641513622.262102 1640051543 c0:98:e5:42:00:29 240 
1641513622.262140 -418 -405 -398 -382 -378 -356 -356 -347 -344 -342 -338 -338 -336 -332 -317 
1641513622.262179 -306 -296 -286 -279 -275 -275 -274 -267 -258 -254 -247 -241 -238 -196 -174 
1641513622.262218 ### RSSI: -44, 14, 1640051544 ,371 
1641513622.262256 ### DEBUG: Ticks: 375, 16, 1 
1641513622.262295 1640051544 c0:98:e5:42:00:29 254 
1641513622.262334 -399 -395 -381 -378 -373 -357 -354 -349 -342 -341 -340 -321 -304 -302 -301 
1641513622.262374 -292 -282 -281 -265 -261 -258 -257 -254 -244 -242 -230 -222 -217 -186 -166 
1641513622.262413 ### RSSI: -43, 9, 1640051544 ,387 
1641513622.262452 ### DEBUG: Ticks: 390, 15, 1 
1641513622.262492 1640051545 c0:98:e5:42:00:29 269 
1641513622.262531 -326 -318 -315 -296 -293 -290 -277 -274 -262 -255 -249 -239 -229 -227 -221 
1641513622.262570 -221 -219 -216 -205 -203 -193 -191 -189 -179 -157 -141 -140 -126 -87 -80 
1641513622.262609 ### RSSI: -42, 13, 1640051545 ,403 
1641513622.262648 ### DEBUG: Ticks: 406, 16, 1 
1641513622.262687 1640051546 c0:98:e5:42:00:29 298 
1641513622.262766 -195 -164 -127 -124 -122 -117 -110 -108 -99 -99 -80 -80 -68 -63 -47 
1641513622.262809 -43 -42 -42 -40 -38 -31 -21 -21 -12 -7 -5 -3 27 71 83 
1641513622.262847 ### RSSI: -49, 34, 1640051546 ,418 
1641513622.262886 ### DEBUG: Ticks: 422, 16, 1 
1641513622.262925 1640051547 c0:98:e5:42:00:29 277 
1641513622.262964 -397 -377 -367 -366 -365 -335 -334 -332 -329 -324 -315 -299 -293 -291 -290 
1641513622.263071 -289 -283 -280 -279 -270 -270 -270 -266 -257 -252 -251 -232 -229 -215 -207 
1641513622.263117 ### RSSI: -42, 18, 1640051547 ,434 
1641513622.263161 ### DEBUG: Ticks: 437, 15, 1 
1641513622.263200 1640051548 c0:98:e5:42:00:29 235 
1641513622.263239 -513 -511 -500 -444 -442 -442 -438 -434 -433 -428 -423 -421 -421 -420 -420 
1641513622.263278 -417 -406 -401 -391 -390 -388 -384 -368 -353 -345 -341 -341 -323 -322 -318 
1641513622.263317 ### RSSI: -45, 3, 1640051548 ,449 
1641513622.263355 ### ERROR: Failed reading SquarePoint packet length
1641513622.263394 ### RSSI: -44, 14, 1640051550 ,465 
1641513622.263432 ### RSSI: -44, 18, 1640051551 ,481 
1641513622.263471 ### DEBUG: Ticks: 484, 47, 1 
1641513622.263510 1640051551 c0:98:e5:42:00:29 284 
1641513622.263550 -140 -110 -110 -96 -83 -66 -49 -42 -41 -28 -27 -26 -19 -17 -17 
1641513622.263588 -13 -5 -1 0 2 29 33 45 50 55 56 62 73 127 178 
1641513622.542390 ### RSSI: -45, 15, 1640051552 ,496 
1641513622.752421 ### DEBUG: Ticks: 500, 16, 1 
1641513622.752522 1640051552 c0:98:e5:42:00:29 231 
1641513622.762264 -298 -282 -268 -264 -233 -226 -224 -203 -193 -190 -180 -172 -171 -170 -161 
1641513622.762381 -161 -158 -155 -151 -145 -145 -137 -132 -131 -120 -119 -107 -64 -46 -14 
1641513623.539389 ### RSSI: -46, 26, 1640051553 ,512 
1641513623.755111 ### DEBUG: Ticks: 515, 15, 1 
1641513623.755218 1640051553 c0:98:e5:42:00:29 262 
1641513623.755258 -199 -154 -132 -129 -125 -125 -122 -112 -108 -107 -100 -83 -83 -83 -81 
1641513623.755296 -77 -72 -70 -68 -65 -63 -38 -38 -35 -11 -4 0 5 52 64 
1641513624.540087 ### RSSI: -48, 31, 1640051554 ,527 
1641513624.753890 ### DEBUG: Ticks: 531, 16, 1 
1641513624.754010 1640051554 c0:98:e5:42:00:29 259 
1641513624.754064 -315 -275 -269 -265 -262 -253 -248 -246 -242 -241 -240 -237 -230 -217 -210 
1641513624.754124 -208 -204 -202 -195 -191 -189 -188 -177 -171 -170 -167 -135 -121 -98 -86 
1641513625.540789 ### RSSI: -47, 30, 1640051555 ,543 
1641513625.754948 ### DEBUG: Ticks: 546, 15, 1 
1641513625.755100 1640051555 c0:98:e5:42:00:29 236 
1641513625.755196 -312 -310 -303 -301 -293 -276 -273 -268 -252 -248 -243 -236 -222 -213 -209 
1641513625.755283 -208 -204 -199 -191 -190 -188 -178 -168 -164 -163 -153 -136 -128 -102 -97 
1641513626.536354 ### RSSI: -43, 12, 1640051556 ,559 
1641513626.748887 ### DEBUG: Ticks: 562, 16, 1 
1641513626.760115 1640051556 c0:98:e5:42:00:29 304 
1641513626.760978 -296 -296 -277 -256 -232 -230 -228 -221 -221 -220 -209 -204 -197 -193 -186 
1641513626.761735 -183 -181 -164 -160 -155 -143 -143 -141 -134 -132 -129 -85 -75 -70 -47 
1641513627.539562 ### RSSI: -44, 15, 1640051557 ,574 
1641513627.753445 ### DEBUG: Ticks: 578, 16, 1 
1641513627.753852 1640051557 c0:98:e5:42:00:29 214 
1641513627.754594 -443 -434 -423 -399 -382 -355 -349 -342 -341 -329 -322 -321 -320 -312 -311 
1641513627.755343 -297 -291 -286 -285 -285 -284 -282 -278 -276 -271 -268 -251 -243 -241 -204 
1641513628.533207 ### RSSI: -47, 30, 1640051558 ,590 
1641513628.757661 ### DEBUG: Ticks: 593, 15, 1 
1641513628.757892 1640051558 c0:98:e5:42:00:29 275 
1641513628.758040 -360 -345 -330 -315 -308 -303 -286 -278 -269 -267 -263 -258 -254 -229 -224 
1641513628.758181 -217 -213 -207 -204 -202 -195 -194 -189 -174 -166 -163 -148 -132 -119 -92 
1641513629.535439 ### RSSI: -46, 27, 1640051559 ,606 
1641513629.751353 ### DEBUG: Ticks: 609, 16, 1 
1641513629.751965 1640051559 c0:98:e5:42:00:29 190 
1641513629.752874 -357 -352 -335 -317 -308 -303 -299 -289 -280 -263 -262 -262 -259 -243 -241 
1641513629.753664 -230 -228 -227 -225 -224 -218 -218 -216 -203 -195 -189 -178 -164 -148 -144 
1641513630.542084 ### RSSI: -45, 22, 1640051560 ,621 
1641513630.755101 ### ERROR: Failed reading SquarePoint packet length
1641513631.533734 ### RSSI: -44, 22, 1640051561 ,637 
1641513632.536173 ### RSSI: -45, 25, 1640051562 ,652 
1641513632.750314 ### DEBUG: Ticks: 656, 47, 1 
1641513632.750616 1640051562 c0:98:e5:42:00:29 270 
1641513632.761835 -256 -222 -208 -200 -189 -175 -171 -157 -144 -143 -136 -134 -118 -109 -106 
1641513632.762112 -102 -101 -98 -95 -92 -83 -80 -76 -70 -67 -66 -63 -63 -49 10 
1641513633.541217 ### RSSI: -43, 17, 1640051563 ,668 
1641513633.755074 ### DEBUG: Ticks: 671, 15, 1 
1641513633.755404 1640051563 c0:98:e5:42:00:29 237 
1641513633.755589 -329 -303 -297 -290 -283 -274 -265 -261 -261 -256 -238 -235 -220 -217 -211 
1641513633.755852 -206 -204 -198 -195 -194 -190 -164 -163 -162 -156 -153 -151 -117 -78 -75 
1641513634.537030 ### RSSI: -44, 21, 1640051564 ,684 
1641513634.751057 ### DEBUG: Ticks: 687, 16, 1 
1641513634.751178 1640051564 c0:98:e5:42:00:29 268 
1641513634.751233 -217 -213 -199 -192 -188 -185 -184 -179 -177 -163 -157 -156 -144 -123 -111 
1641513634.751289 -103 -102 -101 -101 -99 -79 -77 -72 -67 -66 -61 -60 -49 30 32 
1641513635.534789 ### RSSI: -45, 22, 1640051565 ,699 
1641513635.758920 ### DEBUG: Ticks: 703, 16, 1 
1641513635.759382 1640051565 c0:98:e5:42:00:29 227 
1641513635.760162 -212 -203 -201 -199 -183 -178 -168 -147 -146 -139 -138 -136 -135 -117 -111 
1641513635.760790 -109 -85 -81 -80 -80 -62 -59 -48 -39 -37 -37 -32 -25 -5 56 
1641513636.165606 ### INFO: SD card flushed!
1641513636.537588 ### RSSI: -43, 19, 1640051566 ,715 
1641513636.751541 ### DEBUG: Ticks: 718, 15, 1 
1641513636.752053 1640051566 c0:98:e5:42:00:29 286 
1641513636.752784 -349 -344 -343 -342 -332 -331 -328 -323 -321 -309 -296 -285 -284 -282 -272 
1641513636.753505 -270 -266 -254 -253 -250 -249 -244 -234 -230 -230 -219 -217 -214 -163 -161 
1641513637.540236 ### RSSI: -47, 29, 1640051567 ,731 
1641513637.754059 ### DEBUG: Ticks: 734, 16, 1 
1641513637.754351 1640051567 c0:98:e5:42:00:29 298 
1641513637.754600 -143 -77 -69 -60 -51 -43 -37 -23 -23 -22 -11 5 10 12 14 
1641513637.754790 24 29 34 36 41 43 56 61 62 70 74 74 86 107 180 
1641513638.534566 ### RSSI: -45, 26, 1640051568 ,746 
1641513638.760162 ### DEBUG: Ticks: 750, 16, 1 
1641513638.760454 1640051568 c0:98:e5:42:00:29 256 
1641513638.760648 -248 -240 -237 -233 -216 -213 -211 -207 -199 -194 -190 -184 -180 -178 -175 
1641513638.760881 -171 -170 -163 -156 -153 -138 -127 -126 -123 -117 -109 -100 -83 -64 -55 
1641513639.532605 ### RSSI: -47, 28, 1640051568 ,762 
1641513639.756273 ### DEBUG: Ticks: 765, 15, 1 
1641513639.756566 1640051569 c0:98:e5:42:00:29 240 
1641513639.756761 -356 -324 -305 -305 -289 -286 -285 -273 -268 -264 -261 -261 -259 -239 -226 
1641513639.756948 -222 -218 -216 -216 -197 -194 -184 -181 -180 -172 -169 -164 -149 -139 -98 
1641513640.755399 ### DEBUG: Ticks: 781, 16, 1 
1641513640.755729 1640051570 c0:98:e5:42:00:29 218 
1641513640.755997 -298 -282 -272 -266 -251 -242 -241 -241 -239 -227 -223 -220 -219 -212 -210 
1641513640.756185 -192 -182 -174 -172 -168 -163 -156 -155 -150 -147 -130 -126 -120 -102 -82 
1641513641.750287 ### ERROR: Failed reading SquarePoint packet length
1641513643.636463 ### BLE EVENT: 17, INFO: BLE DISCONNECTED!
1641513643.754261 ### DEBUG: Ticks: 828, 47, 0 
1641513643.754551 1640051573 c0:98:e5:42:00:29 322 
1641513643.754745 -198 -196 -178 -172 -161 -124 -122 -115 -106 -104 -98 -91 -78 -76 -69 
1641513643.754983 -66 -59 -50 -47 -34 -32 -28 -22 -21 -16 15 19 22 63 106 
1641513644.204104 ### BLE EVENT: 16, INFO: BLE CONNECTED!
1641513644.214718 ### RSSI: -48, 14, 1640051573 ,835 
1641513644.310059 ### RSSI: -43, 7, 1640051573 ,836 
1641513644.406078 ### RSSI: -41, 13, 1640051573 ,838 
1641513644.513680 ### RSSI: -44, 23, 1640051573 ,839 
1641513644.609728 ### RSSI: -44, 13, 1640051574 ,841 
1641513644.709696 ### RSSI: -47, 31, 1640051574 ,843 
1641513644.752822 ### DEBUG: Ticks: 843, 15, 0 
1641513644.753150 1640051574 c0:98:e5:42:00:29 257 
1641513644.753375 -255 -252 -244 -235 -229 -220 -220 -219 -217 -208 -208 -196 -183 -179 -175 
1641513644.753595 -174 -174 -169 -162 -158 -158 -156 -148 -124 -121 -110 -88 -87 -79 -41 
1641513644.806573 ### RSSI: -43, 19, 1640051574 ,844 
1641513644.905017 ### RSSI: -42, 9, 1640051574 ,846 
1641513645.011992 ### RSSI: -43, 2, 1640051574 ,847 
1641513645.108458 ### RSSI: -43, 17, 1640051574 ,849 
1641513645.215536 ### RSSI: -45, 26, 1640051574 ,850 
1641513645.310871 ### RSSI: -49, 35, 1640051574 ,852 
1641513645.407443 ### RSSI: -43, 11, 1640051574 ,854 
1641513645.515208 ### RSSI: -43, 8, 1640051575 ,855 
1641513645.609791 ### RSSI: -47, 31, 1640051575 ,857 
1641513645.706085 ### RSSI: -49, 35, 1640051575 ,858 
1641513645.751632 ### DEBUG: Ticks: 859, 16, 0 
1641513645.751994 1640051575 c0:98:e5:42:00:29 250 
1641513645.763250 -286 -257 -241 -218 -203 -182 -168 -163 -158 -152 -150 -150 -149 -134 -120 
1641513645.763678 -120 -111 -106 -105 -105 -102 -100 -92 -89 -72 -66 -64 -58 -30 9 
1641513645.805823 ### RSSI: -43, 18, 1640051575 ,860 
1641513646.757548 ### DEBUG: Ticks: 875, 16, 0 
1641513646.758041 1640051576 c0:98:e5:42:00:29 244 
1641513646.758785 -242 -205 -196 -194 -190 -185 -178 -173 -170 -166 -158 -155 -137 -137 -130 
1641513646.759445 -128 -127 -119 -114 -113 -112 -94 -94 -90 -79 -69 -68 -49 -34 -7 
1641513646.810452 ### RSSI: -43, 13, 1640051576 ,875 
1641513647.756504 ### DEBUG: Ticks: 890, 15, 0 
1641513647.756808 1640051577 c0:98:e5:42:00:29 238 
1641513647.757020 -257 -250 -217 -209 -196 -192 -190 -185 -175 -172 -165 -165 -163 -162 -142 
1641513647.757231 -125 -125 -120 -120 -113 -107 -107 -98 -64 -51 -49 -40 -17 -15 -9 
1641513647.810844 ### RSSI: -46, 28, 1640051577 ,891 
1641513648.647525 ### INFO: Device is now IN MOTION
1641513648.754665 ### DEBUG: Ticks: 906, 16, 0 
1641513648.754924 1640051578 c0:98:e5:42:00:29 305 
1641513648.755126 -206 -184 -169 -159 -138 -137 -135 -130 -127 -125 -115 -114 -106 -98 -79 
1641513648.755277 -75 -72 -68 -52 -50 -41 -38 -34 -25 -17 -3 0 2 17 32 
1641513648.807675 ### RSSI: -43, 7, 1640051578 ,907 
1641513649.760338 ### DEBUG: Ticks: 921, 15, 0 
1641513649.760630 1640051579 c0:98:e5:42:00:29 254 
1641513649.760844 -255 -239 -224 -218 -197 -182 -176 -175 -168 -147 -143 -138 -136 -135 -124 
1641513649.761034 -124 -124 -110 -103 -98 -61 -58 -56 -52 -46 -35 -24 -23 43 98 
1641513649.814141 ### RSSI: -50, 22, 1640051579 ,922 
1641513650.756719 ### DEBUG: Ticks: 937, 16, 0 
1641513650.756997 1640051580 c0:98:e5:42:00:29 215 
1641513650.757200 -173 -159 -156 -146 -131 -115 -95 -94 -92 -88 -82 -75 -66 -63 -50 
1641513650.757397 -24 -22 -18 -18 -16 -13 6 10 10 11 36 69 84 86 110 
1641513650.812083 ### RSSI: -45, 30, 1640051580 ,938 
1641513651.755629 ### DEBUG: Ticks: 953, 16, 0 
1641513651.756010 1640051581 c0:98:e5:42:00:29 278 
1641513651.756206 -304 -292 -282 -268 -261 -256 -252 -224 -223 -220 -215 -214 -213 -208 -188 
1641513651.756399 -187 -184 -184 -176 -165 -161 -160 -159 -153 -142 -142 -129 -83 -76 -60 
1641513651.808933 ### RSSI: -43, 10, 1640051581 ,953 
1641513652.748511 ### ERROR: Failed reading SquarePoint packet length
1641513652.812456 ### RSSI: -44, 9, 1640051582 ,969 
1641513653.807000 ### RSSI: -46, 5, 1640051583 ,985 
1641513654.759844 ### DEBUG: Ticks: 999, 46, 0 
1641513654.760143 1640051584 c0:98:e5:42:00:29 532 
1641513654.760325 92 94 95 104 109 123 128 129 142 157 166 173 181 181 190 
1641513654.760509 193 199 210 212 218 222 224 225 225 226 227 230 260 275 332 
1641513654.814042 ### RSSI: -48, 22, 1640051584 ,1000 
1641513655.751947 ### DEBUG: Ticks: 1015, 16, 0 
1641513655.752240 1640051585 c0:98:e5:42:00:29 626 
1641513655.752512 185 200 218 222 227 232 234 267 272 273 279 285 285 292 299 
1641513655.752748 300 306 310 310 313 322 324 332 332 335 361 405 441 446 457 
1641513655.806221 ### RSSI: -50, 22, 1640051585 ,1016 
1641513656.757212 ### DEBUG: Ticks: 1031, 16, 0 
1641513656.757443 1640051586 c0:98:e5:42:00:29 717 
1641513656.757581 236 256 280 282 284 305 309 318 323 325 329 330 335 339 345 
1641513656.757720 356 360 361 367 372 375 381 384 388 389 397 440 456 472 501 
1641513656.812057 ### RSSI: -49, 12, 1640051586 ,1032 
1641513657.752908 ### DEBUG: Ticks: 1046, 15, 0 
1641513657.753012 1640051587 c0:98:e5:42:00:29 629 
1641513657.753052 203 206 212 219 221 225 228 230 236 237 241 251 255 257 264 
1641513657.753091 269 279 280 281 282 299 307 309 309 313 326 331 339 351 517 
1641513657.806260 ### RSSI: -49, 5, 1640051587 ,1047 
1641513658.758140 ### DEBUG: Ticks: 1062, 16, 0 
1641513658.758433 1640051588 c0:98:e5:42:00:29 596 
1641513658.758655 35 54 65 85 92 113 116 140 151 153 155 156 161 163 164 
1641513658.758842 166 180 191 201 213 224 226 230 234 237 241 249 250 253 259 
1641513658.811128 ### RSSI: -57, 11, 1640051588 ,1063 
1641513659.754323 ### DEBUG: Ticks: 1078, 16, 0 
1641513659.755123 1640051589 c0:98:e5:42:00:29 740 
1641513659.755270 308 327 334 348 357 397 413 415 417 428 429 433 433 437 449 
1641513659.755445 450 453 473 473 477 485 504 509 510 536 543 544 545 560 583 
1641513659.808293 ### RSSI: -57, 19, 1640051589 ,1078 
1641513660.758498 ### DEBUG: Ticks: 1093, 15, 0 
1641513660.758707 1640051590 c0:98:e5:42:00:29 658 
1641513660.758829 161 196 213 236 248 258 261 266 272 272 272 274 276 283 300 
1641513660.758954 311 318 324 332 334 343 344 345 348 351 361 388 397 397 428 
1641513660.907929 ### RSSI: -65, 9, 1640051591 ,1096 
1641513661.755439 ### DEBUG: Ticks: 1109, 16, 0 
1641513661.755699 1640051591 c0:98:e5:42:00:29 617 
1641513661.755948 156 191 201 208 212 215 215 231 236 243 246 254 256 266 270 
1641513661.756100 270 282 291 314 316 316 321 324 330 331 334 340 341 352 356 
1641513661.904856 ### RSSI: -64, 21, 1640051592 ,1111 
1641513662.751867 ### DEBUG: Ticks: 1124, 15, 0 
1641513662.751969 1640051592 c0:98:e5:42:00:29 643 
1641513662.752009 53 72 89 92 121 128 128 139 149 165 167 181 184 188 188 
1641513662.752048 190 192 192 203 205 208 215 218 224 238 254 292 299 301 317 
1641513662.913368 ### RSSI: -63, 14, 1640051593 ,1127 
1641513663.746824 ### ERROR: Failed reading SquarePoint packet length
1641513663.910587 ### RSSI: -62, 8, 1640051594 ,1142 
1641513664.903843 ### RSSI: -61, 6, 1640051595 ,1158 
1641513665.751755 ### DEBUG: Ticks: 1171, 47, 0 
1641513665.752028 1640051595 c0:98:e5:42:00:29 685 
1641513665.752137 221 228 235 236 247 255 255 257 263 264 267 271 279 312 312 
1641513665.752249 323 329 332 345 347 369 396 408 413 418 450 458 476 480 497 
1641513665.903415 ### RSSI: -69, 26, 1640051595 ,1174 
1641513666.752931 ### DEBUG: Ticks: 1187, 16, 0 
1641513666.753191 1640051596 c0:98:e5:42:00:29 888 
1641513666.753347 432 469 470 471 482 485 486 499 500 511 514 515 520 523 530 
1641513666.753536 543 571 583 595 598 605 622 627 630 676 678 694 840 841 866 
1641513666.913967 ### RSSI: -55, 36, 1640051596 ,1189 
1641513667.756866 ### DEBUG: Ticks: 1203, 16, 0 
1641513667.757182 1640051597 c0:98:e5:42:00:29 1174 
1641513667.757363 782 795 798 813 820 823 829 830 844 845 849 851 858 861 862 
1641513667.757547 866 876 877 884 894 899 905 907 912 928 953 957 976 999 1108 
1641513667.906253 ### RSSI: -58, 18, 1640051597 ,1205 
1641513668.752407 ### DEBUG: Ticks: 1218, 15, 0 
1641513668.752661 1640051598 c0:98:e5:42:00:29 1882 
1641513668.752829 1374 1407 1408 1427 1434 1438 1445 1450 1452 1452 1461 1468 1478 1480 1482 
1641513668.752992 1487 1489 1500 1507 1512 1523 1524 1529 1544 1545 1572 1590 1606 1611 1779 
1641513668.903929 ### RSSI: -65, 5, 1640051598 ,1221 
1641513669.758844 ### DEBUG: Ticks: 1234, 16, 0 
1641513669.759228 1640051599 c0:98:e5:42:00:29 1958 
1641513669.759411 1545 1577 1586 1593 1600 1608 1613 1632 1637 1639 1647 1649 1653 1657 1667 
1641513669.759598 1669 1674 1675 1677 1678 1685 1688 1689 1691 1728 1731 1758 1778 1787 1788 
1641513669.909877 ### RSSI: -64, 31, 1640051599 ,1236 
1641513670.757835 ### DEBUG: Ticks: 1249, 15, 0 
1641513670.758123 1640051600 c0:98:e5:42:00:29 1975 
1641513670.758328 1595 1601 1607 1629 1633 1646 1651 1654 1655 1657 1659 1665 1667 1667 1685 
1641513670.758515 1685 1687 1692 1695 1711 1721 1723 1726 1737 1748 1753 1754 1764 1775 1778 
1641513670.908558 ### RSSI: -62, 32, 1640051600 ,1252 
1641513671.758056 ### DEBUG: Ticks: 1265, 16, 0 
1641513671.758157 1640051601 c0:98:e5:42:00:29 1933 
1641513671.758198 1465 1492 1498 1501 1504 1506 1514 1514 1526 1533 1533 1537 1544 1545 1557 
1641513671.758239 1558 1561 1583 1586 1589 1590 1594 1599 1600 1613 1616 1638 1649 1665 1667 
1641513671.908051 ### RSSI: -62, 34, 1640051601 ,1267 
1641513672.753421 ### DEBUG: Ticks: 1281, 16, 0 
1641513672.753556 1640051602 c0:98:e5:42:00:29 1864 
1641513672.753832 1500 1513 1518 1535 1539 1540 1540 1541 1541 1544 1547 1548 1550 1553 1563 
1641513672.754148 1569 1576 1580 1583 1584 1588 1606 1614 1633 1635 1640 1643 1662 1668 1692 
1641513672.913239 ### RSSI: -62, 36, 1640051602 ,1283 
1641513673.758068 ### DEBUG: Ticks: 1296, 15, 0 
1641513673.758355 1640051603 c0:98:e5:42:00:29 1508 
1641513673.758548 1015 1031 1032 1039 1040 1041 1043 1043 1051 1060 1060 1061 1068 1090 1091 
1641513673.758735 1098 1099 1102 1107 1111 1122 1125 1128 1138 1141 1148 1158 1163 1180 1347 
1641513673.907669 ### RSSI: -57, 29, 1640051603 ,1299 
1641513674.751225 ### ERROR: Failed reading SquarePoint packet length
1641513674.913238 ### RSSI: -57, 29, 1640051604 ,1314 
1641513676.011968 ### RSSI: -60, 25, 1640051605 ,1331 
1641513676.754791 ### DEBUG: Ticks: 1343, 47, 0 
1641513676.755080 1640051606 c0:98:e5:42:00:29 649 
1641513676.755273 174 194 197 238 258 259 262 265 272 285 285 289 294 297 309 
1641513676.755460 312 319 322 322 331 334 339 348 355 360 378 405 416 419 433 
1641513677.010130 ### RSSI: -63, 21, 1640051606 ,1347 
1641513677.169435 ### INFO: SD card flushed!
1641513677.759967 ### DEBUG: Ticks: 1359, 16, 0 
1641513677.760178 1640051607 c0:98:e5:42:00:29 626 
1641513677.760318 184 190 208 209 211 213 214 231 233 241 249 253 271 279 282 
1641513677.760479 286 291 297 304 307 307 318 318 336 341 344 356 360 368 475 
1641513678.005339 ### RSSI: -64, 0, 1640051607 ,1363 
1641513678.752391 ### DEBUG: Ticks: 1374, 15, 0 
1641513678.752504 1640051608 c0:98:e5:42:00:29 690 
1641513678.752565 217 234 242 249 250 261 262 263 271 274 275 281 298 301 319 
1641513678.752619 327 333 343 347 360 368 370 373 380 435 436 460 476 478 539 
1641513679.008924 ### RSSI: -62, 1, 1640051608 ,1378 
1641513679.757835 ### DEBUG: Ticks: 1390, 16, 0 
1641513679.758129 1640051609 c0:98:e5:42:00:29 774 
1641513679.758336 334 343 356 364 375 378 380 384 388 397 400 408 412 416 433 
1641513679.758525 436 447 448 448 452 452 457 463 465 484 498 586 657 667 674 
1641513680.004483 ### RSSI: -61, 13, 1640051609 ,1394 
1641513680.754662 ### DEBUG: Ticks: 1406, 16, 0 
1641513680.754918 1640051610 c0:98:e5:42:00:29 1023 
1641513680.755075 555 643 644 645 647 651 657 664 665 668 681 682 691 695 700 
1641513680.755236 704 704 708 710 714 715 719 727 749 780 802 840 849 929 934 
1641513681.011020 ### RSSI: -60, 10, 1640051611 ,1410 
1641513681.754012 ### DEBUG: Ticks: 1421, 15, 0 
1641513681.754117 1640051611 c0:98:e5:42:00:29 1546 
1641513681.754157 1135 1152 1164 1168 1191 1192 1194 1198 1198 1199 1201 1216 1216 1227 1230 
1641513681.754199 1230 1236 1255 1261 1269 1277 1291 1291 1294 1302 1304 1308 1324 1327 1340 
1641513682.012852 ### RSSI: -85, 18, 1640051612 ,1425 
1641513682.752677 ### DEBUG: Ticks: 1437, 16, 0 
1641513682.752974 1640051612 c0:98:e5:42:00:29 1944 
1641513682.753166 1565 1576 1596 1608 1610 1612 1628 1636 1638 1641 1647 1651 1653 1657 1666 
1641513682.753349 1667 1667 1684 1685 1686 1688 1694 1698 1703 1703 1710 1728 1734 1746 1763 
1641513683.008510 ### RSSI: -61, 13, 1640051613 ,1441 
1641513683.757462 ### DEBUG: Ticks: 1452, 15, 0 
1641513683.757652 1640051613 c0:98:e5:42:00:29 1864 
1641513683.757767 1348 1356 1368 1372 1387 1391 1391 1394 1395 1398 1407 1407 1408 1409 1417 
1641513683.757896 1419 1422 1430 1439 1448 1458 1458 1462 1477 1478 1483 1486 1489 1522 1532 
1641513684.007493 ### RSSI: -60, 31, 1640051614 ,1456 
1641513684.755756 ### DEBUG: Ticks: 1468, 16, 0 
1641513684.755891 1640051614 c0:98:e5:42:00:29 1801 
1641513684.755932 1260 1281 1291 1296 1302 1303 1307 1309 1312 1319 1323 1328 1330 1335 1337 
1641513684.755986 1347 1354 1357 1361 1364 1371 1378 1382 1389 1391 1394 1406 1408 1425 1429 
1641513685.002925 ### RSSI: -60, 17, 1640051615 ,1472 
1641513685.757163 ### ERROR: Failed reading SquarePoint packet length
1641513686.003447 ### RSSI: -58, 9, 1640051616 ,1488 
1641513687.002455 ### RSSI: -57, 24, 1640051617 ,1503 
1641513687.760141 ### DEBUG: Ticks: 1515, 47, 0 
1641513687.760277 1640051617 c0:98:e5:42:00:29 1333 
1641513687.760339 908 921 940 944 951 952 968 969 974 975 981 981 986 993 1007 
1641513687.760397 1010 1011 1021 1027 1029 1049 1055 1065 1067 1077 1089 1090 1103 1147 1165 
1641513688.010541 ### RSSI: -55, 9, 1640051617 ,1519 
1641513688.758095 ### DEBUG: Ticks: 1531, 16, 0 
1641513688.758982 1640051618 c0:98:e5:42:00:29 856 
1641513688.759215 446 447 463 464 469 477 477 481 486 492 492 496 500 505 516 
1641513688.759408 521 526 529 570 570 570 574 576 578 595 612 622 629 780 834 
1641513689.002706 ### RSSI: -60, 35, 1640051618 ,1534 
1641513689.753237 ### DEBUG: Ticks: 1546, 15, 0 
1641513689.753525 1640051619 c0:98:e5:42:00:29 928 
1641513689.753718 522 571 580 597 610 626 642 649 659 692 698 698 700 709 723 
1641513689.753904 725 734 748 757 766 770 784 807 816 834 840 885 893 963 999 
1641513690.011470 ### RSSI: -61, 8, 1640051619 ,1550 
1641513690.752164 ### DEBUG: Ticks: 1562, 16, 0 
1641513690.752272 1640051620 c0:98:e5:42:00:29 817 
1641513690.762922 335 367 370 412 421 428 445 446 447 449 467 472 477 478 479 
1641513690.762998 482 483 486 499 501 504 519 520 527 554 557 582 587 589 595 
1641513691.008401 ### RSSI: -58, 17, 1640051620 ,1566 
1641513691.753210 ### DEBUG: Ticks: 1577, 15, 0 
1641513691.753319 1640051621 c0:98:e5:42:00:29 821 
1641513691.753362 357 371 380 390 407 433 443 445 449 452 454 471 480 480 482 
1641513691.753404 485 492 492 494 504 504 507 523 541 547 560 585 604 618 653 
1641513692.011903 ### RSSI: -58, 7, 1640051621 ,1581 
1641513692.757823 ### DEBUG: Ticks: 1593, 16, 0 
1641513692.757936 1640051622 c0:98:e5:42:00:29 820 
1641513692.757981 383 403 411 417 435 442 442 456 462 470 473 486 497 498 499 
1641513692.758028 514 518 530 537 542 550 571 572 579 590 597 641 644 763 778 
1641513693.003860 ### RSSI: -60, 18, 1640051622 ,1597 
1641513693.749370 ### DEBUG: Ticks: 1609, 16, 0 
1641513693.761176 1640051623 c0:98:e5:42:00:29 966 
1641513693.761289 568 582 585 595 618 628 632 633 636 640 642 645 649 650 652 
1641513693.761341 653 661 661 665 668 673 684 688 692 708 740 756 766 925 935 
1641513694.009313 ### RSSI: -55, 16, 1640051623 ,1613 
1641513694.761110 ### DEBUG: Ticks: 1624, 15, 0 
1641513694.761401 1640051624 c0:98:e5:42:00:29 1350 
1641513694.761597 903 929 932 934 934 942 945 951 957 962 967 971 981 982 989 
1641513694.761783 990 995 1015 1016 1017 1017 1017 1017 1019 1050 1086 1089 1091 1142 1192 
1641513695.011221 ### RSSI: -56, 22, 1640051624 ,1628 
1641513695.752803 ### DEBUG: Ticks: 1640, 16, 0 
1641513695.753119 1640051625 c0:98:e5:42:00:29 1863 
1641513695.753315 1347 1351 1353 1357 1375 1391 1392 1402 1411 1411 1412 1412 1437 1451 1459 
1641513695.753500 1459 1461 1461 1464 1468 1470 1472 1473 1476 1484 1488 1488 1501 1505 1519 
1641513696.011579 ### RSSI: -66, 11, 1640051625 ,1644 
1641513696.747500 ### ERROR: Failed reading SquarePoint packet length
1641513697.004831 ### RSSI: -65, 21, 1640051626 ,1659 
1641513698.008755 ### RSSI: -68, 20, 1640051627 ,1675 
1641513698.758495 ### DEBUG: Ticks: 1687, 47, 0 
1641513698.758613 1640051628 c0:98:e5:42:00:29 1991 
1641513698.758666 1591 1601 1632 1648 1652 1653 1656 1665 1665 1672 1680 1682 1685 1686 1691 
1641513698.758766 1703 1709 1712 1721 1729 1731 1736 1739 1753 1760 1779 1780 1781 1792 1831 
1641513699.005208 ### RSSI: -71, 5, 1640051628 ,1691 
1641513699.754185 ### DEBUG: Ticks: 1702, 15, 0 
1641513699.754480 1640051629 c0:98:e5:42:00:29 1849 
1641513699.754672 1331 1337 1346 1353 1366 1368 1373 1375 1384 1387 1392 1400 1413 1420 1422 
1641513699.754887 1422 1437 1449 1454 1457 1469 1470 1472 1476 1477 1481 1481 1485 1500 1513 
1641513700.003471 ### RSSI: -64, 21, 1640051629 ,1706 
1641513700.752952 ### DEBUG: Ticks: 1718, 16, 0 
1641513700.753088 1640051630 c0:98:e5:42:00:29 1625 
1641513700.753148 1192 1217 1219 1220 1223 1233 1257 1262 1265 1267 1279 1280 1282 1295 1302 
1641513700.753211 1303 1306 1307 1308 1310 1324 1327 1331 1339 1347 1348 1350 1364 1365 1386 
1641513701.010719 ### RSSI: -59, 5, 1640051630 ,1722 
1641513701.752335 ### DEBUG: Ticks: 1734, 16, 0 
1641513701.752460 1640051631 c0:98:e5:42:00:29 1114 
1641513701.763210 731 744 763 763 767 767 774 775 778 792 793 801 802 808 809 
1641513701.763354 811 818 822 825 827 827 831 842 867 869 881 883 884 899 940 
1641513702.011907 ### RSSI: -58, 7, 1640051631 ,1738 
1641513702.755344 ### DEBUG: Ticks: 1749, 15, 0 
1641513702.755637 1640051632 c0:98:e5:42:00:29 826 
1641513702.755892 405 415 437 448 454 463 463 463 466 471 474 475 487 489 497 
1641513702.756117 501 508 508 530 532 533 540 553 561 569 581 594 762 768 782 
1641513703.002267 ### RSSI: -72, 32, 1640051632 ,1753 
1641513703.756537 ### DEBUG: Ticks: 1765, 16, 0 
1641513703.756827 1640051633 c0:98:e5:42:00:29 641 
1641513703.757020 228 235 257 258 258 265 269 273 276 278 286 288 292 292 296 
1641513703.757206 302 329 334 336 339 341 349 361 374 380 402 413 430 434 486 
1641513704.004302 ### RSSI: -61, 12, 1640051633 ,1769 
1641513704.754195 ### DEBUG: Ticks: 1780, 15, 0 
1641513704.754304 1640051634 c0:98:e5:42:00:29 692 
1641513704.754348 268 296 297 323 334 366 373 384 387 391 393 399 409 411 422 
1641513704.754390 423 439 448 448 451 455 466 473 489 499 508 510 515 546 0 
1641513705.011541 ### RSSI: -58, 16, 1640051634 ,1784 
1641513705.753489 ### DEBUG: Ticks: 1796, 16, 0 
1641513705.753666 1640051635 c0:98:e5:42:00:29 730 
1641513705.753765 273 281 294 317 324 333 349 355 358 364 382 384 389 402 405 
1641513705.753866 406 416 416 419 432 452 453 474 479 491 493 494 500 501 511 
1641513706.010472 ### RSSI: -60, 25, 1640051636 ,1800 
1641513706.759707 ### DEBUG: Ticks: 1812, 16, 0 
1641513706.759963 1640051636 c0:98:e5:42:00:29 673 
1641513706.760072 255 272 273 277 279 282 284 286 288 290 299 299 310 321 326 
1641513706.760183 327 330 347 350 356 357 362 364 369 406 416 457 510 532 538 
1641513707.009000 ### RSSI: -55, 13, 1640051637 ,1816 
1641513707.756689 ### ERROR: Failed reading SquarePoint packet length
1641513708.007669 ### RSSI: -56, 24, 1640051638 ,1831 
1641513709.010986 ### RSSI: -57, 28, 1640051639 ,1847 
1641513709.760640 ### DEBUG: Ticks: 1859, 47, 0 
1641513709.760797 1640051639 c0:98:e5:42:00:29 1921 
1641513709.760876 1467 1477 1483 1489 1490 1498 1499 1500 1500 1501 1504 1516 1533 1542 1544 
1641513709.760961 1547 1555 1558 1562 1568 1569 1570 1570 1581 1595 1604 1609 1632 1640 1664 
1641513710.005955 ### RSSI: -66, 4, 1640051640 ,1862 
1641513710.759667 ### DEBUG: Ticks: 1874, 15, 0 
1641513710.760473 1640051640 c0:98:e5:42:00:29 1925 
1641513710.760716 1454 1458 1458 1470 1470 1489 1504 1506 1508 1513 1519 1531 1532 1536 1543 
1641513710.760961 1546 1553 1560 1561 1562 1562 1564 1565 1570 1572 1577 1581 1607 1655 1664 
1641513711.005159 ### RSSI: -60, 29, 1640051641 ,1878 
1641513711.759925 ### DEBUG: Ticks: 1890, 16, 0 
1641513711.760046 1640051641 c0:98:e5:42:00:29 1867 
1641513711.760100 1451 1455 1458 1465 1467 1469 1476 1478 1486 1486 1490 1504 1511 1530 1530 
1641513711.760156 1532 1540 1546 1547 1558 1558 1561 1573 1579 1586 1586 1587 1596 1608 1614 
1641513712.006665 ### RSSI: -59, 31, 1640051641 ,1894 
1641513712.755234 ### DEBUG: Ticks: 1905, 15, 0 
1641513712.755404 1640051642 c0:98:e5:42:00:29 1880 
1641513712.755496 1449 1451 1465 1470 1478 1482 1491 1492 1503 1503 1512 1524 1537 1537 1541 
1641513712.755590 1542 1544 1546 1546 1546 1555 1555 1556 1559 1565 1572 1573 1590 1599 1653 
1641513713.010846 ### RSSI: -64, 6, 1640051642 ,1909 
1641513713.752569 ### DEBUG: Ticks: 1921, 16, 0 
1641513713.752676 1640051643 c0:98:e5:42:00:29 1853 
1641513713.752718 1425 1439 1455 1458 1459 1470 1478 1482 1486 1488 1493 1501 1517 1520 1522 
1641513713.752775 1524 1532 1536 1553 1553 1556 1569 1571 1572 1576 1582 1585 1587 1631 1647 
1641513714.010215 ### RSSI: -64, 8, 1640051643 ,1925 
1641513714.752698 ### DEBUG: Ticks: 1937, 16, 0 
1641513714.752858 1640051644 c0:98:e5:42:00:29 1505 
1641513714.763979 1086 1090 1099 1101 1105 1111 1116 1121 1122 1134 1134 1134 1137 1139 1147 
1641513714.764109 1156 1167 1168 1190 1193 1206 1213 1213 1222 1225 1250 1255 1272 1275 1290 
1641513715.008104 ### RSSI: -57, 19, 1640051644 ,1941 
1641513715.756215 ### DEBUG: Ticks: 1952, 15, 0 
1641513715.756504 1640051645 c0:98:e5:42:00:29 984 
1641513715.756698 456 463 464 476 486 491 492 504 506 510 510 510 511 514 515 
1641513715.756910 526 527 531 537 544 547 554 554 557 572 574 626 658 690 714 
1641513716.001391 ### RSSI: -58, 3, 1640051645 ,1956 
1641513716.752909 ### DEBUG: Ticks: 1968, 16, 0 
1641513716.753014 1640051646 c0:98:e5:42:00:29 797 
1641513716.753055 419 422 425 427 429 431 437 441 444 446 450 457 465 470 476 
1641513716.763682 488 512 515 520 521 534 540 543 544 555 582 665 701 736 819 
1641513717.010071 ### RSSI: -62, 1, 1640051646 ,1972 
1641513717.193768 ### INFO: SD card flushed!
1641513717.751222 ### DEBUG: Ticks: 1984, 16, 0 
1641513717.762341 1640051647 c0:98:e5:42:00:29 816 
1641513717.762534 350 350 366 383 420 428 449 458 463 465 465 470 484 495 498 
1641513717.762662 498 501 505 510 522 531 537 540 580 580 587 608 615 622 636 
1641513718.007180 ### RSSI: -62, 15, 1640051647 ,1987 
1641513718.754986 ### ERROR: Failed reading SquarePoint packet length
1641513719.000967 ### RSSI: -60, 30, 1640051648 ,2003 
1641513720.005197 ### RSSI: -61, 5, 1640051649 ,2019 
1641513720.754790 ### DEBUG: Ticks: 2030, 46, 0 
1641513720.754907 1640051650 c0:98:e5:42:00:29 808 
1641513720.754960 361 387 404 411 421 426 427 436 442 452 454 457 458 458 459 
1641513720.755013 463 467 468 479 481 486 490 518 591 663 669 681 691 719 788 
1641513721.010442 ### RSSI: -66, 1, 1640051650 ,2034 
1641513721.752782 ### DEBUG: Ticks: 2046, 16, 0 
1641513721.752887 1640051651 c0:98:e5:42:00:29 1147 
1641513721.752927 731 742 743 744 745 747 748 752 759 760 760 763 764 771 775 
1641513721.752966 779 781 783 788 796 809 830 843 873 882 892 899 1055 1074 0 
1641513722.008496 ### RSSI: -63, 26, 1640051651 ,2050 
1641513722.755938 ### DEBUG: Ticks: 2062, 16, 0 
1641513722.756147 1640051652 c0:98:e5:42:00:29 1600 
1641513722.756277 1142 1147 1150 1153 1178 1199 1224 1228 1240 1245 1246 1247 1250 1250 1255 
1641513722.756401 1259 1260 1262 1265 1270 1273 1281 1284 1290 1298 1310 1316 1334 1338 1371 
1641513723.005940 ### RSSI: -73, 17, 1640051652 ,2066 
1641513723.757467 ### DEBUG: Ticks: 2077, 15, 0 
1641513723.757603 1640051653 c0:98:e5:42:00:29 2016 
1641513723.757668 1572 1589 1597 1599 1600 1604 1604 1614 1625 1632 1640 1645 1662 1666 1666 
1641513723.757734 1671 1694 1696 1701 1702 1703 1704 1704 1707 1717 1723 1730 1741 1765 1780 
1641513724.002567 ### RSSI: -67, 18, 1640051653 ,2081 
1641513724.760862 ### DEBUG: Ticks: 2093, 16, 0 
1641513724.761158 1640051654 c0:98:e5:42:00:29 2024 
1641513724.761381 1557 1603 1607 1610 1636 1662 1666 1676 1681 1681 1686 1686 1686 1697 1699 
1641513724.761571 1701 1702 1703 1710 1713 1716 1739 1747 1747 1751 1751 1766 1779 1790 1798 
1641513725.006980 ### RSSI: -65, 22, 1640051654 ,2097 
1641513725.753305 ### DEBUG: Ticks: 2108, 15, 0 
1641513725.753624 1640051655 c0:98:e5:42:00:29 1965 
1641513725.753818 1530 1534 1544 1554 1561 1561 1565 1588 1591 1612 1615 1628 1629 1632 1633 
1641513725.754004 1637 1638 1642 1645 1649 1649 1651 1655 1660 1660 1671 1671 1706 1709 1714 
1641513726.002279 ### RSSI: -69, 21, 1640051655 ,2112 
1641513726.754274 ### DEBUG: Ticks: 2124, 16, 0 
1641513726.754425 1640051656 c0:98:e5:42:00:29 2022 
1641513726.754505 1624 1656 1658 1671 1677 1688 1690 1709 1719 1726 1729 1729 1729 1736 1747 
1641513726.754595 1752 1761 1763 1770 1770 1780 1784 1786 1787 1792 1820 1824 1835 1835 1852 
1641513727.010194 ### RSSI: -63, 24, 1640051656 ,2128 
1641513727.759012 ### DEBUG: Ticks: 2140, 16, 0 
1641513727.759240 1640051657 c0:98:e5:42:00:29 1855 
1641513727.759387 1387 1411 1420 1426 1440 1440 1445 1461 1461 1478 1481 1484 1485 1491 1501 
1641513727.759525 1502 1502 1505 1509 1523 1526 1527 1537 1560 1564 1570 1594 1596 1610 1761 
1641513728.005740 ### RSSI: -68, 32, 1640051657 ,2144 
1641513728.756177 ### DEBUG: Ticks: 2155, 15, 0 
1641513728.756911 1640051658 c0:98:e5:42:00:29 1582 
1641513728.757156 1138 1164 1166 1168 1169 1169 1182 1185 1188 1197 1198 1206 1220 1224 1234 
1641513728.757379 1235 1248 1259 1259 1266 1269 1271 1277 1281 1290 1297 1308 1321 1329 1345 
1641513729.004086 ### RSSI: -60, 27, 1640051658 ,2159 
1641513729.753298 ### ERROR: Failed reading SquarePoint packet length
1641513730.009623 ### RSSI: -63, 16, 1640051660 ,2175 
1641513731.001509 ### RSSI: -57, 10, 1640051661 ,2190 
1641513731.760196 ### DEBUG: Ticks: 2202, 47, 0 
1641513731.760299 1640051661 c0:98:e5:42:00:29 689 
1641513731.760339 231 243 243 246 273 288 299 302 308 315 316 321 325 327 333 
1641513731.760378 343 346 354 354 356 357 367 367 375 385 394 463 464 465 505 
1641513732.005130 ### RSSI: -64, 20, 1640051662 ,2206 
1641513732.755625 ### DEBUG: Ticks: 2218, 16, 0 
1641513732.756036 1640051662 c0:98:e5:42:00:29 660 
1641513732.756248 255 281 288 303 338 339 340 359 362 369 374 375 376 384 388 
1641513732.756434 388 390 410 410 425 426 428 436 440 451 470 474 475 480 585 
1641513733.000519 ### RSSI: -63, 14, 1640051663 ,2222 
1641513733.758374 ### DEBUG: Ticks: 2233, 15, 0 
1641513733.758554 1640051663 c0:98:e5:42:00:29 720 
1641513733.758654 268 286 293 310 312 316 316 320 327 332 347 350 355 363 368 
1641513733.758776 369 373 400 412 413 431 431 434 438 457 477 521 525 526 538 
1641513734.003511 ### RSSI: -61, 12, 1640051664 ,2237 
1641513734.760320 ### DEBUG: Ticks: 2249, 16, 0 
1641513734.760483 1640051664 c0:98:e5:42:00:29 746 
1641513734.760566 246 251 260 274 274 290 310 310 314 340 341 341 343 344 356 
1641513734.760652 356 364 365 367 382 383 393 397 415 423 498 526 531 536 593 
1641513735.006460 ### RSSI: -57, 27, 1640051665 ,2253 
1641513735.752971 ### DEBUG: Ticks: 2265, 16, 0 
1641513735.753077 1640051665 c0:98:e5:42:00:29 950 
1641513735.753126 521 532 541 555 555 560 571 571 582 584 585 585 586 591 596 
1641513735.753165 602 603 611 618 623 623 625 630 634 636 657 675 692 830 876 
1641513736.009482 ### RSSI: -56, 22, 1640051665 ,2269 
1641513736.756510 ### DEBUG: Ticks: 2280, 15, 0 
1641513736.756637 1640051666 c0:98:e5:42:00:29 1419 
1641513736.756679 989 1002 1009 1011 1029 1029 1042 1044 1045 1047 1047 1053 1054 1056 1062 
1641513736.756719 1064 1064 1065 1075 1080 1088 1095 1115 1118 1119 1127 1129 1131 1171 1182 
1641513737.001538 ### RSSI: -57, 8, 1640051666 ,2284 
1641513737.759239 ### DEBUG: Ticks: 2296, 16, 0 
1641513737.759345 1640051667 c0:98:e5:42:00:29 1816 
1641513737.759385 1391 1413 1426 1437 1445 1446 1447 1448 1450 1455 1461 1464 1470 1472 1477 
1641513737.759427 1498 1498 1506 1514 1515 1528 1537 1540 1543 1543 1544 1551 1579 1581 1599 
1641513738.004073 ### RSSI: -65, 11, 1640051667 ,2300 
1641513738.754038 ### DEBUG: Ticks: 2312, 16, 0 
1641513738.754589 1640051668 c0:98:e5:42:00:29 1922 
1641513738.754755 1480 1496 1501 1510 1515 1526 1533 1543 1547 1550 1555 1565 1568 1577 1588 
1641513738.754966 1594 1601 1608 1608 1614 1618 1618 1619 1624 1624 1627 1643 1648 1654 1655 
1641513739.009682 ### RSSI: -59, 26, 1640051668 ,2315 
1641513739.756371 ### DEBUG: Ticks: 2327, 15, 0 
1641513739.756477 1640051669 c0:98:e5:42:00:29 1930 
1641513739.756522 1476 1476 1485 1498 1505 1518 1525 1534 1536 1537 1541 1542 1551 1559 1562 
1641513739.756566 1578 1579 1580 1582 1586 1591 1601 1602 1604 1608 1610 1618 1634 1688 1690 
1641513740.001801 ### RSSI: -60, 19, 1640051669 ,2331 
1641513740.749144 ### ERROR: Failed reading SquarePoint packet length
1641513741.006192 ### RSSI: -60, 21, 1640051670 ,2347 
1641513742.009425 ### RSSI: -56, 12, 1640051671 ,2362 
1641513742.757527 ### DEBUG: Ticks: 2374, 47, 0 
1641513742.757643 1640051672 c0:98:e5:42:00:29 1373 
1641513742.757694 919 923 926 947 947 949 953 955 958 962 971 971 973 973 974 
1641513742.757745 975 975 983 985 996 1012 1021 1031 1050 1052 1054 1063 1089 1098 1099 
1641513743.005833 ### RSSI: -60, 21, 1640051672 ,2378 
1641513743.753925 ### DEBUG: Ticks: 2390, 16, 0 
1641513743.754034 1640051673 c0:98:e5:42:00:29 1064 
1641513743.754078 727 730 738 738 745 759 763 787 798 833 849 853 856 856 857 
1641513743.754122 863 866 869 870 874 877 879 880 886 888 913 949 952 983 1091 
1641513743.999087 ### RSSI: -71, 12, 1640051673 ,2394 
1641513744.757321 ### DEBUG: Ticks: 2405, 15, 0 
1641513744.757508 1640051674 c0:98:e5:42:00:29 881 
1641513744.757609 377 393 415 434 456 467 470 471 472 473 492 497 498 506 517 
1641513744.757726 522 527 536 547 551 552 573 609 625 649 652 655 663 678 709 
1641513745.002653 ### RSSI: -63, 18, 1640051674 ,2409 
1641513745.762021 ### DEBUG: Ticks: 2421, 16, 0 
1641513745.763258 1640051675 c0:98:e5:42:00:29 852 
1641513745.763474 407 433 441 444 470 470 476 480 483 497 504 505 507 512 512 
1641513745.763641 523 529 536 536 548 553 569 574 593 599 605 613 616 639 734 
1641513746.005961 ### RSSI: -67, 19, 1640051675 ,2425 
1641513746.757828 ### DEBUG: Ticks: 2437, 16, 0 
1641513746.758087 1640051676 c0:98:e5:42:00:29 854 
1641513746.758144 441 462 465 475 476 486 489 499 503 521 525 526 532 534 547 
1641513746.758204 547 549 575 578 596 599 604 606 614 620 639 670 675 684 693 
1641513747.004416 ### RSSI: -71, 4, 1640051676 ,2440 
1641513747.753027 ### DEBUG: Ticks: 2452, 15, 0 
1641513747.753130 1640051677 c0:98:e5:42:00:29 830 
1641513747.763870 293 353 360 370 375 377 385 389 396 397 421 432 433 435 436 
1641513747.763970 437 440 455 463 465 474 484 512 560 560 560 577 596 599 628 
1641513748.009166 ### RSSI: -70, 5, 1640051677 ,2456 
1641513748.757514 ### DEBUG: Ticks: 2468, 16, 0 
1641513748.757803 1640051678 c0:98:e5:42:00:29 948 
1641513748.757986 485 516 522 533 536 538 541 542 551 552 559 563 574 580 596 
1641513748.758171 600 600 607 607 623 630 636 638 664 699 699 736 852 883 885 
1641513749.003294 ### RSSI: -57, 17, 1640051678 ,2472 
1641513749.753773 ### DEBUG: Ticks: 2483, 15, 0 
1641513749.753874 1640051679 c0:98:e5:42:00:29 1298 
1641513749.753916 894 911 915 918 923 927 937 943 948 960 963 966 969 976 981 
1641513749.764565 987 991 1008 1008 1009 1011 1024 1024 1025 1036 1040 1044 1056 1203 1212 
1641513749.999811 ### RSSI: -60, 26, 1640051679 ,2487 
1641513750.757487 ### DEBUG: Ticks: 2499, 16, 0 
1641513750.757597 1640051680 c0:98:e5:42:00:29 1807 
1641513750.757640 1416 1422 1429 1447 1452 1453 1453 1464 1467 1470 1472 1481 1482 1487 1492 
1641513750.757685 1499 1504 1508 1516 1519 1531 1532 1540 1540 1553 1561 1578 1587 1593 1616 
1641513751.003906 ### RSSI: -61, 15, 1640051680 ,2503 
1641513751.749958 ### ERROR: Failed reading SquarePoint packet length
1641513752.006093 ### RSSI: -66, 13, 1640051681 ,2518 
1641513753.001922 ### RSSI: -65, 5, 1640051682 ,2534 
1641513753.754366 ### DEBUG: Ticks: 2546, 47, 0 
1641513753.754917 1640051683 c0:98:e5:42:00:29 1962 
1641513753.755017 1472 1486 1493 1495 1496 1500 1504 1512 1516 1538 1539 1540 1546 1547 1553 
1641513753.764838 1565 1573 1574 1578 1581 1583 1596 1606 1607 1608 1608 1610 1635 1642 1647 
1641513754.000439 ### RSSI: -67, 6, 1640051684 ,2550 
1641513754.758629 ### DEBUG: Ticks: 2561, 15, 0 
1641513754.758920 1640051684 c0:98:e5:42:00:29 1874 
1641513754.759113 1488 1504 1519 1528 1530 1532 1533 1539 1540 1541 1541 1543 1543 1567 1568 
1641513754.759299 1570 1574 1581 1589 1591 1615 1623 1634 1639 1642 1643 1659 1696 1700 1702 
1641513755.005290 ### RSSI: -64, 25, 1640051685 ,2565 
1641513755.753605 ### DEBUG: Ticks: 2577, 16, 0 
1641513755.753768 1640051685 c0:98:e5:42:00:29 1626 
1641513755.753858 1159 1171 1180 1190 1198 1199 1200 1200 1206 1209 1209 1224 1226 1228 1230 
1641513755.753961 1230 1239 1243 1259 1263 1266 1268 1273 1280 1281 1293 1307 1321 1328 1331 
1641513756.002323 ### RSSI: -57, 21, 1640051686 ,2581 
1641513756.761418 ### DEBUG: Ticks: 2593, 16, 0 
1641513756.761559 1640051686 c0:98:e5:42:00:29 1281 
1641513756.761626 746 783 806 807 810 817 818 820 825 825 836 839 843 844 844 
1641513756.761696 851 852 857 860 877 880 883 887 894 895 919 920 924 997 1024 
1641513757.007042 ### RSSI: -55, 8, 1640051687 ,2597 
1641513757.757856 ### DEBUG: Ticks: 2608, 15, 0 
1641513757.758014 1640051687 c0:98:e5:42:00:29 880 
1641513757.758067 442 447 452 461 461 462 464 466 469 469 476 479 479 503 509 
1641513757.758120 516 521 524 533 536 536 557 569 574 580 590 630 768 812 909 
1641513758.005055 ### RSSI: -63, 12, 1640051688 ,2612 
1641513758.756256 ### DEBUG: Ticks: 2624, 16, 0 
1641513758.756409 1640051688 c0:98:e5:42:00:29 724 
1641513758.756487 279 285 306 319 321 329 339 353 353 359 363 365 368 369 373 
1641513758.756567 378 379 381 384 407 413 417 422 455 474 476 482 489 540 541 
1641513759.002489 ### RSSI: -66, 7, 1640051689 ,2628 
1641513759.162470 ### INFO: SD card flushed!
1641513759.753507 ### DEBUG: Ticks: 2640, 16, 0 
1641513759.753721 1640051689 c0:98:e5:42:00:29 820 
1641513759.753845 397 404 421 432 440 452 453 476 484 490 491 492 498 501 501 
1641513759.753972 504 533 534 539 551 553 559 561 563 591 603 604 608 627 677 
1641513760.000433 ### RSSI: -63, 12, 1640051689 ,2643 
1641513760.760701 ### DEBUG: Ticks: 2655, 15, 0 
1641513760.760813 1640051690 c0:98:e5:42:00:29 777 
1641513760.760858 339 342 350 353 391 400 403 418 420 428 429 442 445 464 465 
1641513760.760906 465 470 474 482 493 500 515 519 523 541 547 581 583 601 605 
1641513761.006311 ### RSSI: -57, 10, 1640051690 ,2659 
1641513761.754744 ### DEBUG: Ticks: 2671, 16, 0 
1641513761.754911 1640051691 c0:98:e5:42:00:29 807 
1641513761.755002 361 372 405 411 412 415 424 426 432 459 483 488 489 491 494 
1641513761.755095 496 507 509 509 518 521 527 547 565 590 603 648 657 665 690 
1641513762.002143 ### RSSI: -59, 18, 1640051691 ,2675 
1641513762.755033 ### ERROR: Failed reading SquarePoint packet length
1641513763.001840 ### RSSI: -61, 32, 1640051692 ,2690 
1641513764.008037 ### RSSI: -66, 36, 1640051693 ,2706 
1641513764.754777 ### DEBUG: Ticks: 2718, 47, 0 
1641513764.755257 1640051694 c0:98:e5:42:00:29 1839 
1641513764.755749 1376 1422 1427 1429 1430 1430 1446 1451 1453 1456 1466 1476 1482 1487 1492 
1641513764.755871 1499 1508 1509 1516 1521 1524 1535 1538 1539 1542 1544 1581 1586 1619 0 
1641513765.001545 ### RSSI: -62, 8, 1640051694 ,2722 
1641513765.758353 ### DEBUG: Ticks: 2733, 15, 0 
1641513765.758641 1640051695 c0:98:e5:42:00:29 1939 
1641513765.758835 1497 1549 1549 1551 1555 1559 1563 1565 1572 1597 1599 1601 1601 1606 1612 
1641513765.759020 1622 1626 1631 1634 1645 1649 1651 1658 1661 1667 1676 1680 1690 1712 0 
1641513766.007903 ### RSSI: -60, 21, 1640051695 ,2737 
1641513766.759948 ### DEBUG: Ticks: 2749, 16, 0 
1641513766.760064 1640051696 c0:98:e5:42:00:29 1883 
1641513766.760114 1425 1425 1430 1442 1452 1459 1461 1466 1471 1473 1478 1482 1488 1488 1490 
1641513766.760165 1498 1502 1509 1518 1522 1525 1534 1535 1543 1547 1552 1559 1560 1607 1612 
1641513767.011976 ### RSSI: -60, 32, 1640051696 ,2753 
1641513767.754459 ### DEBUG: Ticks: 2765, 16, 0 
1641513767.754796 1640051697 c0:98:e5:42:00:29 1914 
1641513767.764839 1449 1473 1484 1486 1491 1501 1509 1512 1512 1529 1530 1530 1532 1534 1542 
1641513767.765114 1555 1555 1561 1562 1566 1568 1570 1572 1572 1578 1581 1582 1596 1599 1628 
1641513768.000825 ### RSSI: -59, 5, 1640051697 ,2768 
1641513768.761412 ### DEBUG: Ticks: 2780, 15, 0 
1641513768.761517 1640051698 c0:98:e5:42:00:29 1687 
1641513768.761557 1252 1255 1263 1268 1290 1294 1305 1305 1312 1315 1315 1316 1319 1319 1323 
1641513768.761599 1334 1349 1352 1368 1370 1380 1382 1382 1383 1388 1407 1409 1431 1435 1481 
1641513769.007077 ### RSSI: -72, 2, 1640051698 ,2784 
1641513769.755242 ### DEBUG: Ticks: 2796, 16, 0 
1641513769.755535 1640051699 c0:98:e5:42:00:29 1365 
1641513769.755719 878 901 909 909 911 924 925 933 941 943 949 960 961 970 976 
1641513769.755991 977 979 985 986 987 989 996 999 1009 1011 1031 1049 1069 1073 1119 
1641513770.004896 ### RSSI: -56, 16, 1640051699 ,2800 
1641513770.753325 ### DEBUG: Ticks: 2811, 15, 0 
1641513770.753447 1640051700 c0:98:e5:42:00:29 965 
1641513770.764106 571 578 586 599 606 608 608 609 621 633 638 642 643 648 657 
1641513770.764192 670 671 679 680 695 700 707 721 721 722 735 751 759 947 981 
1641513770.999972 ### RSSI: -59, 34, 1640051700 ,2815 
1641513771.760805 ### DEBUG: Ticks: 2827, 16, 0 
1641513771.760927 1640051701 c0:98:e5:42:00:29 777 
1641513771.760982 301 358 384 386 387 387 387 389 393 397 405 412 432 437 438 
1641513771.761038 442 461 471 472 479 485 514 520 524 548 572 580 599 664 731 
1641513772.005819 ### RSSI: -58, 17, 1640051701 ,2831 
1641513772.754858 ### DEBUG: Ticks: 2843, 16, 0 
1641513772.754965 1640051702 c0:98:e5:42:00:29 827 
1641513772.755005 354 364 387 414 423 424 439 449 453 455 456 459 462 466 469 
1641513772.755045 471 475 475 483 488 490 515 517 530 532 547 549 594 595 602 
1641513773.006141 ### RSSI: -58, 16, 1640051702 ,2846 
1641513773.754756 ### DEBUG: Ticks: 2858, 15, 0 
1641513773.756411 1640051703 c0:98:e5:42:00:29 765 
1641513773.757136 287 296 297 302 343 344 352 360 376 395 398 400 408 416 419 
1641513773.757323 419 426 427 434 435 441 445 451 461 466 501 504 506 515 650 
1641513773.999484 ### RSSI: -63, 3, 1640051703 ,2862 
1641513774.749140 ### ERROR: Failed reading SquarePoint packet length
1641513775.004512 ### RSSI: -63, 0, 1640051704 ,2878 
1641513776.006283 ### RSSI: -69, 14, 1640051705 ,2893 
1641513776.753479 ### DEBUG: Ticks: 2905, 47, 0 
1641513776.753708 1640051706 c0:98:e5:42:00:29 1116 
1641513776.753844 640 657 669 669 672 685 685 695 697 703 705 709 709 714 719 
1641513776.764875 721 724 729 731 733 748 750 753 757 798 800 811 813 941 943 
1641513777.000040 ### RSSI: -56, 29, 1640051706 ,2909 
1641513777.761651 ### DEBUG: Ticks: 2921, 16, 0 
1641513777.761844 1640051707 c0:98:e5:42:00:29 1633 
1641513777.761961 1165 1180 1184 1193 1198 1208 1220 1221 1222 1225 1229 1231 1237 1240 1243 
1641513777.762074 1253 1257 1265 1266 1270 1272 1287 1289 1293 1299 1321 1323 1346 1350 1379 
1641513777.998381 ### RSSI: -60, 5, 1640051708 ,2925 
1641513778.758344 ### DEBUG: Ticks: 2936, 15, 0 
1641513778.758634 1640051708 c0:98:e5:42:00:29 1960 
1641513778.758826 1552 1585 1585 1592 1593 1601 1609 1614 1617 1626 1628 1628 1629 1637 1640 
1641513778.759011 1651 1654 1663 1679 1679 1684 1688 1690 1695 1699 1701 1723 1730 1734 1744 
1641513779.006105 ### RSSI: -61, 14, 1640051709 ,2940 
1641513779.756006 ### DEBUG: Ticks: 2952, 16, 0 
1641513779.756175 1640051709 c0:98:e5:42:00:29 1964 
1641513779.756266 1532 1543 1553 1559 1564 1565 1573 1576 1579 1597 1597 1598 1601 1604 1605 
1641513779.756358 1610 1611 1625 1625 1627 1636 1640 1641 1643 1645 1645 1646 1651 1652 1680 
1641513780.001760 ### RSSI: -69, 6, 1640051710 ,2956 
1641513780.588752 ### DEBUG: BLE START SCANNING called
1641513780.610337 ### DEBUG: BLE START SCANNING called
1641513780.621499 ### addr: c0:98:e5:42:00:29 
1641513780.621666 ### on_adv_report outer RSSI: -66, time:1640051710 
1641513780.633776 ### INFO: Discovered new device: c0:98:e5:42:00:29
1641513780.633941 ### DEBUG: connected? already connected
1641513780.634038 ### DEBUG: BLE START SCANNING called
1641513780.677234 ### BLE EVENT: 16, INFO: BLE CONNECTED!
1641513780.677411 ### DEBUG: BLE START SCANNING called
1641513780.688340 ### RSSI: -61, 33, 1640051710 ,2966 
1641513780.688504 ### DEBUG: BLE START SCANNING called
1641513780.754256 ### DEBUG: Ticks: 2968, 16, 1 
1641513780.754740 1640051710 c0:98:e5:42:00:29 1828 
1641513780.764555 1340 1343 1353 1365 1374 1375 1376 1379 1380 1386 1395 1398 1404 1407 1410 
1641513780.764715 1415 1419 1423 1427 1434 1438 1445 1449 1453 1456 1486 1495 1510 1528 1584 
1641513780.764800 ### DEBUG: BLE START SCANNING called
1641513780.776663 ### RSSI: -62, 21, 1640051710 ,2968 
1641513780.786594 ### DEBUG: BLE START SCANNING called
1641513780.882308 ### RSSI: -59, 32, 1640051711 ,2970 
1641513780.882433 ### DEBUG: BLE START SCANNING called
1641513780.978608 ### RSSI: -63, 9, 1640051711 ,2971 
1641513780.978719 ### DEBUG: BLE START SCANNING called
1641513781.001126 ### RSSI: -60, 29, 1640051711 ,2971 
1641513781.001235 ### DEBUG: BLE START SCANNING called
1641513781.086289 ### RSSI: -59, 36, 1640051711 ,2973 
1641513781.086440 ### DEBUG: BLE START SCANNING called
1641513781.107722 ### RSSI: -60, 32, 1640051711 ,2973 
1641513781.107847 ### DEBUG: BLE START SCANNING called
1641513781.183446 ### RSSI: -64, 10, 1640051711 ,2974 
1641513781.183560 ### DEBUG: BLE START SCANNING called
1641513781.205379 ### RSSI: -68, 6, 1640051711 ,2975 
1641513781.205493 ### DEBUG: BLE START SCANNING called
1641513781.280714 ### RSSI: -61, 33, 1640051711 ,2976 
1641513781.280829 ### DEBUG: BLE START SCANNING called
1641513781.302066 ### RSSI: -71, 0, 1640051711 ,2976 
1641513781.302189 ### DEBUG: BLE START SCANNING called
1641513781.590475 ### DEBUG: BLE START SCANNING called
1641513781.761029 ### DEBUG: Ticks: 2983, 15, 1 
1641513781.761133 1640051711 c0:98:e5:42:00:29 2000 
1641513781.761174 1557 1574 1585 1589 1592 1592 1596 1611 1613 1617 1623 1624 1629 1637 1639 
1641513781.761215 1642 1645 1654 1656 1657 1661 1677 1682 1702 1710 1720 1721 1738 1754 1815 
1641513781.761254 ### DEBUG: BLE START SCANNING called
1641513782.284290 ### RSSI: -64, 8, 1640051712 ,2991 
1641513782.284403 ### DEBUG: BLE START SCANNING called
1641513782.305846 ### RSSI: -62, 28, 1640051712 ,2992 
1641513782.305953 ### DEBUG: BLE START SCANNING called
1641513782.594185 ### DEBUG: BLE START SCANNING called
1641513782.754326 ### DEBUG: Ticks: 2999, 16, 1 
1641513782.754458 1640051712 c0:98:e5:42:00:29 1916 
1641513782.754522 1437 1464 1479 1481 1482 1497 1499 1501 1502 1506 1515 1520 1530 1551 1554 
1641513782.766368 1559 1561 1564 1571 1571 1574 1578 1587 1597 1599 1603 1627 1630 1652 1720 
1641513782.766494 ### DEBUG: BLE START SCANNING called
1641513783.591714 ### DEBUG: BLE START SCANNING called
1641513783.752157 ### DEBUG: Ticks: 3014, 15, 1 
1641513783.762990 1640051713 c0:98:e5:42:00:29 1810 
1641513783.763086 1364 1378 1378 1380 1382 1407 1415 1418 1425 1430 1433 1435 1436 1437 1437 
1641513783.763129 1466 1468 1472 1474 1475 1483 1486 1487 1493 1510 1511 1515 1515 1542 1606 
1641513783.763168 ### DEBUG: BLE START SCANNING called
1641513784.594569 ### DEBUG: BLE START SCANNING called
1641513784.755578 ### DEBUG: Ticks: 3030, 16, 1 
1641513784.755737 1640051714 c0:98:e5:42:00:29 1361 
1641513784.755882 890 898 903 915 917 919 920 924 928 929 933 937 944 946 961 
1641513784.755993 963 965 970 974 976 984 989 1007 1019 1020 1036 1051 1055 1074 1078 
1641513784.756081 ### DEBUG: BLE START SCANNING called
1641513785.759863 ### DEBUG: Ticks: 3046, 16, 1 
1641513785.760016 1640051715 c0:98:e5:42:00:29 941 
1641513785.760082 520 526 533 541 550 555 567 570 570 579 579 592 594 595 597 
1641513785.760173 603 605 618 625 628 631 639 642 656 664 665 673 677 720 726 
1641513786.381323 ### BLE EVENT: 17, INFO: BLE DISCONNECTED!
1641513786.402029 ### BLE EVENT: 17, INFO: BLE DISCONNECTED!
1641513786.754100 ### ERROR: Failed reading SquarePoint packet length
1641513787.000725 ### BLE EVENT: 16, INFO: BLE CONNECTED!
1641513787.000844 ### RSSI: -54, 5, 1640051716 ,3065 
1641513787.107468 ### RSSI: -52, 4, 1640051716 ,3067 
1641513787.202590 ### RSSI: -72, 16, 1640051716 ,3068 
1641513787.299151 ### RSSI: -54, 23, 1640051716 ,3070 
1641513787.406326 ### RSSI: -58, 17, 1640051716 ,3071 
1641513787.503006 ### RSSI: -56, 19, 1640051716 ,3073 
1641513787.608586 ### RSSI: -56, 19, 1640051717 ,3075 
1641513787.704400 ### RSSI: -54, 31, 1640051717 ,3076 
1641513787.800618 ### RSSI: -71, 14, 1640051717 ,3078 
1641513787.907697 ### RSSI: -55, 28, 1640051717 ,3079 
1641513788.004098 ### RSSI: -64, 4, 1640051717 ,3081 
1641513788.100412 ### RSSI: -58, 1, 1640051717 ,3082 
1641513788.207050 ### RSSI: -55, 29, 1640051717 ,3084 
1641513788.303355 ### RSSI: -54, 26, 1640051717 ,3085 
1641513788.400063 ### RSSI: -54, 35, 1640051717 ,3087 
1641513788.506364 ### RSSI: -69, 10, 1640051717 ,3089 
1641513788.602208 ### RSSI: -61, 18, 1640051718 ,3090 
1641513788.761816 ### DEBUG: Ticks: 3093, 47, 0 
1641513788.761936 1640051718 c0:98:e5:42:00:29 285 
1641513788.761991 -196 -182 -169 -146 -144 -138 -133 -127 -118 -108 -103 -101 -98 -97 -93 
1641513788.762047 -86 -84 -81 -81 -80 -80 -69 -65 -54 -53 -23 -14 -4 20 90 
1641513789.609650 ### RSSI: -55, 34, 1640051719 ,3106 
1641513789.758921 ### DEBUG: Ticks: 3108, 15, 0 
1641513789.759925 1640051719 c0:98:e5:42:00:29 339 
1641513789.760099 -108 -94 -77 -76 -76 -73 -64 -50 -37 -33 -23 -3 0 0 7 
1641513789.760252 7 8 13 13 24 55 59 68 76 84 101 109 116 138 145 
1641513790.601449 ### RSSI: -57, 0, 1640051720 ,3121 
1641513790.761208 ### DEBUG: Ticks: 3124, 16, 0 
1641513790.761311 1640051720 c0:98:e5:42:00:29 328 
1641513790.761526 -312 -289 -280 -276 -274 -258 -249 -220 -214 -214 -206 -206 -203 -195 -192 
1641513790.761907 -190 -188 -187 -178 -170 -154 -144 -142 -139 -133 -129 -103 -97 -62 -43 
1641513791.602085 ### RSSI: -67, 7, 1640051721 ,3137 
1641513791.754867 ### DEBUG: Ticks: 3139, 15, 0 
1641513791.754990 1640051721 c0:98:e5:42:00:29 292 
1641513791.755048 -291 -283 -267 -265 -255 -253 -245 -198 -192 -184 -178 -176 -175 -173 -168 
1641513791.755107 -166 -162 -161 -155 -153 -137 -135 -134 -125 -113 -111 -100 -68 -64 -24 
1641513791.850093 ### INFO: Device is now STATIONARY
1641513792.601270 ### RSSI: -61, 17, 1640051722 ,3153 
1641513792.752810 ### DEBUG: Ticks: 3155, 16, 0 
1641513792.762867 1640051722 c0:98:e5:42:00:29 305 
1641513792.763149 -219 -214 -165 -161 -149 -147 -146 -135 -118 -110 -108 -107 -103 -101 -99 
1641513792.763341 -75 -73 -65 -60 -52 -45 -39 -31 -23 -7 10 14 30 30 85 
1641513793.607017 ### RSSI: -54, 35, 1640051723 ,3168 
1641513793.757552 ### DEBUG: Ticks: 3171, 16, 0 
1641513793.758119 1640051723 c0:98:e5:42:00:29 375 
1641513793.758448 -269 -260 -256 -256 -253 -253 -238 -233 -211 -207 -205 -203 -197 -195 -193 
1641513793.758541 -190 -184 -183 -178 -167 -158 -154 -142 -132 -124 -111 -72 -70 -64 -19 
1641513794.605940 ### RSSI: -69, 12, 1640051724 ,3184 
1641513794.755886 ### DEBUG: Ticks: 3186, 15, 0 
1641513794.756038 1640051724 c0:98:e5:42:00:29 330 
1641513794.756117 -211 -196 -191 -164 -158 -132 -126 -99 -98 -94 -92 -86 -77 -70 -69 
1641513794.756204 -61 -60 -60 -56 -44 -39 -38 -36 -36 -27 -9 4 24 33 75 
1641513795.603812 ### RSSI: -68, 7, 1640051725 ,3199 
1641513795.760003 ### DEBUG: Ticks: 3202, 16, 0 
1641513795.760111 1640051725 c0:98:e5:42:00:29 347 
1641513795.760152 -194 -179 -174 -163 -158 -157 -145 -127 -115 -114 -110 -109 -101 -100 -92 
1641513795.760195 -89 -87 -81 -73 -72 -66 -55 -41 -29 -28 -25 -3 6 11 75 
1641513796.602564 ### RSSI: -54, 27, 1640051726 ,3215 
