1640988147.880635 ###RTT Client: ************************************************************ 
1640988147.880795 ###RTT Client: *               SEGGER Microcontroller GmbH                * 
1640988147.880836 ###RTT Client: *   Solutions for real time microcontroller applications   * 
1640988147.880876 ###RTT Client: ************************************************************ 
1640988147.880916 ###RTT Client: *                                                          * 
1640988147.880955 ###RTT Client: *       (c) 2012 - 2016  SEGGER Microcontroller GmbH       * 
1640988147.880994 ###RTT Client: *                                                          * 
1640988147.881034 ###RTT Client: *     www.segger.com     Support: support@segger.com       * 
1640988147.881073 ###RTT Client: *                                                          * 
1640988147.881112 ###RTT Client: ************************************************************ 
1640988147.881151 ###RTT Client: *                                                          * 
1640988147.881191 ###RTT Client: * SEGGER J-Link RTT Client   Compiled Jan 30 2018 18:46:58 * 
1640988147.881230 ###RTT Client: *                                                          * 
1640988147.881269 ###RTT Client: ************************************************************ 
1640988147.881308 
1640988147.881347 ###RTT Client: -----------------------------------------------
1640988147.881386 ###RTT Client: Connecting to J-Link RTT Server via localhost:9201  Connected.
1640988147.881426 SEGGER J-Link V6.30 - Real time terminal output
1640988147.881465 J-Link EDU Mini V1 compiled Oct 22 2019 16:28:45 V1.0, SN=801021855
1640988147.881504 Process: JLinkExe
1640988147.881543 ### BLE EVENT: 17, INFO: BLE DISCONNECTED!
1640988147.881582 ### DEBUG: Ticks: 1237, 16, 0 
1640988147.881621 1640056412 c0:98:e5:42:00:2c 339 
1640988147.881661 459 473 512 514 521 526 530 534 535 542 549 560 560 562 567 
1640988147.881701 569 570 575 576 577 586 607 610 615 650 652 696 712 717 848 
1640988147.881768 ### DEBUG: Ticks: 1253, 16, 0 
1640988147.881808 1640056413 c0:98:e5:42:00:2c 292 
1640988147.881847 474 497 507 514 518 518 533 539 540 551 556 567 570 570 570 
1640988147.881886 575 579 579 584 591 594 598 610 619 627 629 649 652 666 680 
1640988147.881925 ### BLE EVENT: 16, INFO: BLE CONNECTED!
1640988147.881964 ### RSSI: -47, 9, 1640056413 ,1259 
1640988147.882003 ### RSSI: -50, 35, 1640056414 ,1261 
1640988147.882042 ### RSSI: -48, 13, 1640056414 ,1262 
1640988147.882081 ### RSSI: -50, 33, 1640056414 ,1264 
1640988147.882120 ### RSSI: -45, 0, 1640056414 ,1265 
1640988147.882159 ### RSSI: -47, 17, 1640056414 ,1267 
1640988147.882198 ### DEBUG: Ticks: 1268, 15, 0 
1640988147.882237 1640056414 c0:98:e5:42:00:2c 343 
1640988147.882276 476 483 492 506 524 526 531 532 539 551 561 563 573 585 589 
1640988147.882315 590 594 595 598 599 614 616 637 657 658 663 671 685 703 707 
1640988147.882354 ### RSSI: -47, 8, 1640056414 ,1268 
1640988147.882393 ### RSSI: -50, 35, 1640056414 ,1270 
1640988147.882432 ### RSSI: -50, 30, 1640056414 ,1272 
1640988147.882471 ### RSSI: -48, 15, 1640056414 ,1273 
1640988147.882510 ### RSSI: -46, 4, 1640056415 ,1275 
1640988147.882549 ### RSSI: -48, 19, 1640056415 ,1276 
1640988147.882607 ### RSSI: -48, 15, 1640056415 ,1278 
1640988147.882646 ### RSSI: -46, 2, 1640056415 ,1279 
1640988147.882685 ### RSSI: -50, 35, 1640056415 ,1281 
1640988147.882730 ### RSSI: -50, 32, 1640056415 ,1282 
1640988147.882773 ### DEBUG: Ticks: 1284, 16, 0 
1640988147.882811 1640056415 c0:98:e5:42:00:2c 336 
1640988147.882854 550 559 584 586 597 608 609 617 648 649 662 666 666 670 673 
1640988147.882893 674 674 678 678 678 680 682 683 692 693 711 722 736 759 768 
1640988147.882931 ### RSSI: -50, 26, 1640056415 ,1284 
1640988147.882974 ### DEBUG: Ticks: 1300, 16, 0 
1640988147.883012 1640056416 c0:98:e5:42:00:2c 317 
1640988147.883051 502 536 548 554 558 582 591 597 598 599 604 607 616 621 621 
1640988147.883094 623 646 647 651 652 653 656 664 667 669 678 696 696 724 842 
1640988147.883133 ### RSSI: -50, 29, 1640056416 ,1300 
1640988147.883172 ERROR: Unable to initialize the SD card!
1640988147.883213 ERROR: Unable to power on the SD Card!
1640988147.883253 ### RSSI: -46, 5, 1640056417 ,1315 
1640988147.883295 ### RSSI: -51, 24, 1640056418 ,1331 
1640988147.883334 ### RSSI: -51, 34, 1640056419 ,1347 
1640988147.883374 ### RSSI: -53, 22, 1640056420 ,1362 
1640988147.883416 ### RSSI: -50, 29, 1640056421 ,1378 
1640988147.883455 ### RSSI: -50, 10, 1640056422 ,1393 
1640988147.883495 ### RSSI: -50, 30, 1640056423 ,1409 
1640988147.883537 ### RSSI: -49, 36, 1640056425 ,1425 
1640988147.883576 ### RSSI: -52, 24, 1640056426 ,1440 
1640988147.883615 ### RSSI: -47, 13, 1640056427 ,1456 
1640988147.883654 ### RSSI: -47, 6, 1640056428 ,1471 
1640988147.883697 ### RSSI: -50, 29, 1640056429 ,1487 
1640988147.883735 ### RSSI: -48, 18, 1640056430 ,1503 
1640988147.883774 ### RSSI: -48, 12, 1640056431 ,1518 
1640988147.883819 ### RSSI: -46, 4, 1640056432 ,1534 
1640988147.883862 ### RSSI: -48, 10, 1640056433 ,1550 
1640988147.883901 ### RSSI: -50, 32, 1640056434 ,1565 
1640988147.883944 ### RSSI: -50, 26, 1640056435 ,1581 
1640988147.883987 ### RSSI: -50, 31, 1640056436 ,1596 
1640988147.884025 ### RSSI: -51, 23, 1640056437 ,1612 
1640988147.884071 ### RSSI: -47, 11, 1640056438 ,1628 
1640988147.884113 ### RSSI: -48, 15, 1640056439 ,1643 
1640988147.884152 ### RSSI: -46, 5, 1640056440 ,1659 
1640988147.884191 ### RSSI: -47, 6, 1640056441 ,1675 
1640988147.884230 ### RSSI: -48, 12, 1640056442 ,1690 
1640988147.884273 ### RSSI: -45, 1, 1640056443 ,1706 
1640988147.884312 ### RSSI: -49, 27, 1640056444 ,1721 
1640988147.884351 ### RSSI: -45, 4, 1640056445 ,1737 
1640988147.884394 ### RSSI: -45, 3, 1640056446 ,1753 
1640988147.884439 ### RSSI: -47, 8, 1640056447 ,1768 
1640988147.884483 ### RSSI: -47, 13, 1640056448 ,1784 
1640988147.884527 ### RSSI: -48, 10, 1640056449 ,1799 
1640988147.884571 ### RSSI: -46, 5, 1640056451 ,1815 
1640988147.884616 ### RSSI: -51, 18, 1640056452 ,1831 
1640988147.884661 ### RSSI: -55, 23, 1640056453 ,1846 
1640988147.884705 ### RSSI: -50, 27, 1640056454 ,1862 
1640988147.884750 ### RSSI: -47, 17, 1640056455 ,1878 
1640988147.884794 ### RSSI: -47, 9, 1640056456 ,1893 
1640988147.884839 ### RSSI: -50, 26, 1640056457 ,1909 
1640988147.884884 ### RSSI: -50, 30, 1640056458 ,1924 
1640988147.884929 ### RSSI: -50, 32, 1640056459 ,1940 
1640988147.884973 ### RSSI: -49, 20, 1640056460 ,1956 
1640988147.885018 ### RSSI: -52, 24, 1640056461 ,1971 
1640988147.885062 ### RSSI: -48, 15, 1640056462 ,1987 
1640988147.885107 ### RSSI: -47, 8, 1640056463 ,2002 
1640988147.885152 ### RSSI: -50, 28, 1640056464 ,2018 
1640988147.885197 ### RSSI: -47, 18, 1640056465 ,2034 
1640988147.885236 ### RSSI: -50, 35, 1640056466 ,2049 
1640988147.885280 ### RSSI: -51, 34, 1640056467 ,2065 
1640988147.885325 ### RSSI: -50, 32, 1640056468 ,2081 
1640988147.885369 ### RSSI: -47, 8, 1640056469 ,2096 
1640988147.885415 ### RSSI: -49, 31, 1640056470 ,2112 
1640988147.885460 ### RSSI: -50, 31, 1640056471 ,2127 
1640988147.885504 ### RSSI: -48, 12, 1640056472 ,2143 
1640988147.885549 ### RSSI: -50, 21, 1640056473 ,2159 
1640988147.885593 ### RSSI: -46, 3, 1640056474 ,2174 
1640988147.885638 ### RSSI: -47, 10, 1640056476 ,2190 
1640988147.885682 ### RSSI: -48, 10, 1640056477 ,2206 
1640988147.885741 ### RSSI: -49, 20, 1640056478 ,2221 
1640988147.885789 ### RSSI: -50, 30, 1640056479 ,2237 
1640988147.885834 ### RSSI: -48, 19, 1640056480 ,2252 
1640988147.885878 ### RSSI: -52, 22, 1640056481 ,2268 
1640988147.885922 ### RSSI: -50, 21, 1640056482 ,2284 
1640988147.885966 ### RSSI: -47, 9, 1640056483 ,2299 
1640988147.886010 ### RSSI: -50, 18, 1640056484 ,2315 
1640988147.886054 ### RSSI: -48, 10, 1640056485 ,2330 
1640988147.886097 ### RSSI: -46, 0, 1640056486 ,2346 
1640988147.886140 ### RSSI: -48, 14, 1640056487 ,2362 
1640988147.886184 ### RSSI: -48, 12, 1640056488 ,2377 
1640988147.886228 ### RSSI: -51, 25, 1640056489 ,2393 
1640988147.886272 ### RSSI: -50, 35, 1640056490 ,2409 
1640988147.886316 ### RSSI: -46, 0, 1640056491 ,2424 
1640988147.886359 ### RSSI: -47, 6, 1640056492 ,2440 
1640988147.886403 ### RSSI: -46, 4, 1640056493 ,2455 
1640988147.886448 ### RSSI: -52, 23, 1640056494 ,2471 
1640988147.886491 ### RSSI: -50, 31, 1640056495 ,2487 
1640988147.886535 ### RSSI: -45, 1, 1640056496 ,2502 
1640988147.886579 ### RSSI: -50, 30, 1640056497 ,2518 
1640988147.886622 ### RSSI: -48, 7, 1640056498 ,2534 
1640988147.886668 ### RSSI: -46, 4, 1640056499 ,2549 
1640988147.886711 ### RSSI: -49, 27, 1640056501 ,2565 
1640988147.886754 ### RSSI: -48, 2, 1640056502 ,2580 
1640988147.886799 ### RSSI: -45, 3, 1640056503 ,2596 
1640988147.886843 ### RSSI: -50, 29, 1640056504 ,2612 
1640988147.886886 ### RSSI: -47, 11, 1640056505 ,2627 
1640988147.886930 ### RSSI: -50, 31, 1640056506 ,2643 
1640988147.886974 ### RSSI: -50, 35, 1640056507 ,2658 
1640988147.887018 ### RSSI: -48, 9, 1640056508 ,2674 
1640988147.887061 ### RSSI: -45, 4, 1640056509 ,2690 
1640988147.887105 ### RSSI: -48, 14, 1640056510 ,2705 
1640988147.887148 ### RSSI: -47, 9, 1640056511 ,2721 
1640988147.887192 ### RSSI: -48, 12, 1640056512 ,2737 
1640988147.887236 ### RSSI: -47, 16, 1640056513 ,2752 
1640988147.887280 ### RSSI: -47, 17, 1640056514 ,2768 
1640988147.887324 ### RSSI: -48, 7, 1640056515 ,2783 
1640988147.887367 ### RSSI: -48, 9, 1640056516 ,2799 
1640988147.887410 ### RSSI: -45, 0, 1640056517 ,2815 
1640988147.887454 ### RSSI: -51, 11, 1640056518 ,2830 
1640988147.887498 ### RSSI: -48, 12, 1640056519 ,2846 
1640988147.887541 ### RSSI: -50, 31, 1640056520 ,2862 
1640988147.887585 ### RSSI: -50, 28, 1640056521 ,2877 
1640988147.887628 ### RSSI: -49, 28, 1640056522 ,2893 
1640988147.887672 ### RSSI: -47, 13, 1640056523 ,2908 
1640988147.887730 ### RSSI: -52, 24, 1640056524 ,2924 
1640988147.887769 ### RSSI: -47, 9, 1640056526 ,2940 
1640988147.887814 ### RSSI: -50, 31, 1640056527 ,2955 
1640988147.887858 ### RSSI: -50, 28, 1640056528 ,2971 
1640988147.887902 ### RSSI: -48, 2, 1640056529 ,2986 
1640988147.887947 ### RSSI: -49, 36, 1640056530 ,3002 
1640988147.887990 ### RSSI: -48, 15, 1640056531 ,3018 
1640988147.888034 ### RSSI: -49, 14, 1640056532 ,3033 
1640988147.888079 ### RSSI: -49, 28, 1640056533 ,3049 
1640988147.888122 ### RSSI: -47, 18, 1640056534 ,3065 
1640988147.888166 ### RSSI: -49, 20, 1640056535 ,3080 
1640988147.888210 ### RSSI: -45, 4, 1640056536 ,3096 
1640988147.888254 ### RSSI: -48, 9, 1640056537 ,3111 
1640988147.888298 ### RSSI: -47, 17, 1640056538 ,3127 
1640988147.888342 ### RSSI: -50, 26, 1640056539 ,3143 
1640988147.888387 ### RSSI: -47, 19, 1640056540 ,3158 
1640988147.888431 ### RSSI: -46, 0, 1640056541 ,3174 
1640988147.888475 ### RSSI: -48, 7, 1640056542 ,3190 
1640988147.888519 ### RSSI: -46, 0, 1640056543 ,3205 
1640988147.888563 ### RSSI: -48, 36, 1640056544 ,3221 
1640988147.888607 ### RSSI: -50, 18, 1640056545 ,3236 
1640988147.888651 ### RSSI: -47, 6, 1640056546 ,3254 
1640988147.888695 ### RSSI: -45, 3, 1640056547 ,3269 
1640988147.888739 ### RSSI: -51, 21, 1640056549 ,3285 
1640988147.888783 ### RSSI: -50, 35, 1640056550 ,3300 
1640988147.888827 ### RSSI: -50, 28, 1640056551 ,3316 
1640988147.888872 ### RSSI: -50, 28, 1640056552 ,3332 
1640988147.888916 ### RSSI: -49, 14, 1640056553 ,3347 
1640988147.888960 ### RSSI: -50, 28, 1640056554 ,3363 
1640988147.889003 ### RSSI: -48, 18, 1640056555 ,3378 
1640988147.889047 ### RSSI: -50, 33, 1640056556 ,3394 
1640988147.889092 ### RSSI: -48, 15, 1640056557 ,3410 
1640988147.889136 ### RSSI: -50, 29, 1640056558 ,3425 
1640988147.889180 ### RSSI: -48, 36, 1640056559 ,3441 
1640988147.889225 ### RSSI: -50, 30, 1640056560 ,3457 
1640988147.889279 ### RSSI: -51, 25, 1640056561 ,3472 
1640988147.889324 ### RSSI: -46, 0, 1640056562 ,3488 
1640988147.889368 ### RSSI: -45, 2, 1640056563 ,3503 
1640988147.889413 ### RSSI: -48, 15, 1640056564 ,3519 
1640988147.889457 ### RSSI: -45, 2, 1640056565 ,3535 
1640988147.889501 ### RSSI: -46, 8, 1640056566 ,3550 
1640988147.889544 ### RSSI: -47, 11, 1640056567 ,3566 
1640988147.889588 ### RSSI: -47, 9, 1640056568 ,3582 
1640988147.889631 ### RSSI: -47, 9, 1640056569 ,3597 
1640988147.889676 ### RSSI: -51, 22, 1640056570 ,3613 
1640988147.889720 ### RSSI: -47, 10, 1640056571 ,3628 
1640988147.889773 ### RSSI: -50, 26, 1640056572 ,3644 
1640988147.889818 ### RSSI: -45, 4, 1640056574 ,3660 
1640988147.889861 ### RSSI: -50, 30, 1640056575 ,3675 
1640988147.889905 ### RSSI: -48, 15, 1640056576 ,3691 
1640988147.889949 ### RSSI: -47, 9, 1640056577 ,3706 
1640988147.889992 ### RSSI: -49, 20, 1640056578 ,3722 
1640988147.890036 ### RSSI: -50, 27, 1640056579 ,3738 
1640988147.890080 ### RSSI: -47, 19, 1640056580 ,3753 
1640988147.890124 ### RSSI: -47, 13, 1640056581 ,3769 
1640988147.890168 ### RSSI: -50, 35, 1640056582 ,3785 
1640988147.890212 ### RSSI: -49, 36, 1640056583 ,3800 
1640988147.890256 ### RSSI: -50, 28, 1640056584 ,3816 
1640988147.890300 ### RSSI: -50, 27, 1640056585 ,3831 
1640988147.890344 ### RSSI: -47, 13, 1640056586 ,3847 
1640988147.890388 ### RSSI: -48, 16, 1640056587 ,3863 
1640988147.890431 ### RSSI: -45, 1, 1640056588 ,3878 
1640988147.890475 ### RSSI: -50, 26, 1640056589 ,3894 
1640988147.890519 ### RSSI: -50, 27, 1640056590 ,3910 
1640988147.890562 ### RSSI: -51, 22, 1640056591 ,3925 
1640988147.890606 ### RSSI: -51, 21, 1640056592 ,3941 
1640988147.890650 ### RSSI: -48, 16, 1640056593 ,3956 
1640988147.890694 ### RSSI: -50, 30, 1640056594 ,3972 
1640988147.890738 ### RSSI: -49, 20, 1640056595 ,3988 
1640988147.890782 ### RSSI: -50, 32, 1640056596 ,4003 
1640988147.890826 ### RSSI: -50, 35, 1640056597 ,4019 
1640988147.890870 ### RSSI: -46, 5, 1640056598 ,4034 
1640988147.890914 ### RSSI: -52, 25, 1640056600 ,4050 
1640988147.890958 ### RSSI: -50, 28, 1640056601 ,4066 
1640988147.891002 ### RSSI: -50, 29, 1640056602 ,4081 
1640988147.891046 ### RSSI: -50, 28, 1640056603 ,4097 
1640988147.891090 ### RSSI: -51, 22, 1640056604 ,4113 
1640988147.891134 ### RSSI: -48, 12, 1640056605 ,4128 
1640988147.891178 ### RSSI: -57, 34, 1640056606 ,4144 
1640988147.891222 ### RSSI: -52, 23, 1640056607 ,4159 
1640988147.891266 ### RSSI: -54, 11, 1640056608 ,4175 
1640988147.891311 ### RSSI: -48, 12, 1640056609 ,4191 
1640988147.891355 ### RSSI: -47, 9, 1640056610 ,4206 
1640988147.891398 ### RSSI: -52, 22, 1640056611 ,4222 
1640988147.891442 ### RSSI: -52, 22, 1640056612 ,4238 
1640988147.891485 ### RSSI: -53, 34, 1640056613 ,4253 
1640988147.891529 ### RSSI: -46, 5, 1640056614 ,4269 
1640988147.891573 ### RSSI: -46, 5, 1640056615 ,4284 
1640988147.891617 ### RSSI: -45, 3, 1640056616 ,4300 
1640988147.891661 ### RSSI: -50, 33, 1640056617 ,4316 
1640988147.891705 ### RSSI: -47, 6, 1640056618 ,4331 
1640988147.891748 ### RSSI: -47, 17, 1640056619 ,4347 
1640988147.891792 ### RSSI: -58, 34, 1640056620 ,4362 
1640988147.891835 ### RSSI: -47, 11, 1640056621 ,4378 
1640988147.891879 ### RSSI: -58, 34, 1640056622 ,4394 
1640988147.891923 ### RSSI: -49, 27, 1640056623 ,4409 
1640988147.891967 ### RSSI: -50, 29, 1640056625 ,4425 
1640988147.892010 ### RSSI: -51, 34, 1640056626 ,4441 
1640988147.892055 ### RSSI: -51, 24, 1640056627 ,4456 
1640988147.892099 ### RSSI: -47, 6, 1640056628 ,4472 
1640988148.667841 ### RSSI: -51, 24, 1640056629 ,4487 
1640988149.661902 ### RSSI: -46, 0, 1640056630 ,4503 
1640988150.660283 ### RSSI: -47, 14, 1640056631 ,4519 
1640988151.666189 ### RSSI: -48, 7, 1640056632 ,4534 
1640988152.662751 ### RSSI: -50, 31, 1640056633 ,4550 
1640988153.666432 ### RSSI: -48, 7, 1640056634 ,4565 
1640988154.664438 ### RSSI: -57, 34, 1640056635 ,4581 
1640988155.667843 ### RSSI: -51, 21, 1640056636 ,4597 
1640988156.660960 ### RSSI: -51, 25, 1640056637 ,4612 
1640988160.102604 
1640988160.102900 ----------------------------------------------
1640988160.103082 ### WARNING: Chip experienced a reset with reason 6
1640988160.103258 ### INFO: Bluetooth address: c0:98:e5:42:00:29
1640988160.103446 ### DEBUG: Time is 00:00:00, 2000/00/00
1640988160.103621 ### INFO: Time is 00:00:00, 2000/00/00
1640988160.103796 ### INFO: Initializing SD Card...
1640988160.103971 ### INFO: Connecting to the SquarePoint module...
1640988160.104160 ### INFO: SquarePoint module connection successful
1640988160.104337 ### INFO: Battery voltage currently 4070 mV
1640988160.104513 ### INFO: SD card flushed!
1640988160.104687 ### INFO: SD card flushed!
1640988160.104889 ### DEBUG: BLE START SCANNING called
1640988160.105066 ### DEBUG: Ticks: 11, 11, 0 
1640988160.105242 1640056631 c0:98:e5:42:00:2c 352 
1640988160.115729 516 522 533 534 558 566 568 570 571 573 595 599 603 614 616 
1640988160.116214 619 621 624 629 631 640 649 654 654 692 695 702 714 862 0 
1640988160.116453 ### INFO: Switched Scheduler EUI from 00:00:00:00:00:00 to c0:98:e5:42:00:2c
1640988160.116879 ### DEBUG: BLE STOP SCANNING called
1640988160.532391 ### DEBUG: BLE START SCANNING called
1640988160.582094 ### DEBUG: Ticks: 26, 15, 0 
1640988160.582390 1640056632 c0:98:e5:42:00:2c 318 
1640988160.582573 430 444 445 448 479 491 499 517 518 528 529 537 538 540 541 
1640988160.582762 543 553 558 560 562 568 571 585 589 590 593 595 610 627 652 
1640988161.580294 ### DEBUG: Ticks: 41, 15, 0 
1640988161.580457 1640056633 c0:98:e5:42:00:2c 313 
1640988161.580555 500 523 546 557 557 569 577 588 594 606 607 611 614 616 617 
1640988161.580651 618 619 623 624 650 655 657 660 669 671 680 695 702 729 855 
1640988161.655061 ### DEBUG: BLE START SCANNING called
1640988161.655334 ### DEBUG: BLE START SCANNING called
1640988161.655471 ### DEBUG: BLE START SCANNING called
1640988161.667265 ### addr: c0:98:e5:42:00:2c 
1640988161.667428 ### on_adv_report outer RSSI: -48, time:1640056633 
1640988161.667513 ### INFO: Discovered new device: c0:98:e5:42:00:2c
1640988161.667594 ### DEBUG: connected? already connected
1640988161.667809 ### DEBUG: BLE START SCANNING called
1640988161.713611 ### BLE EVENT: 16, INFO: BLE CONNECTED!
1640988161.713781 ### DEBUG: BLE START SCANNING called
1640988161.713844 ### RSSI: -51, 35, 1640056633 ,44 
1640988161.713917 ### DEBUG: BLE START SCANNING called
1640988161.819264 ### RSSI: -52, 23, 1640056634 ,45 
1640988161.819446 ### DEBUG: BLE START SCANNING called
1640988161.854485 ### INFO: Device is now STATIONARY
1640988161.854646 ### DEBUG: BLE START SCANNING called
1640988161.925821 ### RSSI: -51, 25, 1640056634 ,47 
1640988161.926089 ### DEBUG: BLE START SCANNING called
1640988162.017815 ### RSSI: -51, 22, 1640056634 ,48 
1640988162.018039 ### DEBUG: BLE START SCANNING called
1640988162.120633 ### RSSI: -53, 22, 1640056634 ,50 
1640988162.120799 ### DEBUG: BLE START SCANNING called
1640988162.214033 ### RSSI: -51, 33, 1640056634 ,51 
1640988162.214150 ### DEBUG: BLE START SCANNING called
1640988162.318627 ### RSSI: -47, 9, 1640056634 ,53 
1640988162.318911 ### DEBUG: BLE START SCANNING called
1640988162.422553 ### RSSI: -48, 13, 1640056634 ,54 
1640988162.422709 ### DEBUG: BLE START SCANNING called
1640988162.518951 ### RSSI: -47, 16, 1640056634 ,56 
1640988162.519096 ### DEBUG: BLE START SCANNING called
1640988162.528544 ### DEBUG: BLE START SCANNING called
1640988162.574380 ### DEBUG: Ticks: 57, 16, 1 
1640988162.574578 1640056634 c0:98:e5:42:00:2c 339 
1640988162.574722 487 500 507 509 519 527 530 531 536 543 550 557 562 580 580 
1640988162.574874 584 586 587 591 592 594 596 607 614 624 626 627 638 657 719 
1640988162.574988 ### DEBUG: BLE START SCANNING called
1640988162.622241 ### RSSI: -47, 10, 1640056634 ,58 
1640988162.622404 ### DEBUG: BLE START SCANNING called
1640988162.714036 ### RSSI: -50, 29, 1640056634 ,59 
1640988162.714195 ### DEBUG: BLE START SCANNING called
1640988162.819219 ### RSSI: -50, 26, 1640056635 ,61 
1640988162.819454 ### DEBUG: BLE START SCANNING called
1640988162.923213 ### RSSI: -50, 30, 1640056635 ,62 
1640988162.923397 ### DEBUG: BLE START SCANNING called
1640988163.018134 ### RSSI: -48, 12, 1640056635 ,64 
1640988163.018386 ### DEBUG: BLE START SCANNING called
1640988163.124046 ### RSSI: -51, 35, 1640056635 ,65 
1640988163.124202 ### DEBUG: BLE START SCANNING called
1640988163.217235 ### RSSI: -45, 2, 1640056635 ,67 
1640988163.217521 ### DEBUG: BLE START SCANNING called
1640988163.319261 ### RSSI: -46, 5, 1640056635 ,69 
1640988163.319594 ### DEBUG: BLE START SCANNING called
1640988163.531691 ### DEBUG: BLE START SCANNING called
1640988163.578085 ### DEBUG: Ticks: 73, 16, 1 
1640988163.578559 1640056635 c0:98:e5:42:00:2c 332 
1640988163.579267 467 481 484 493 509 524 526 540 542 543 551 570 573 574 580 
1640988163.579946 583 601 605 610 611 613 618 624 627 639 651 653 655 665 681 
1640988163.580399 ### DEBUG: BLE START SCANNING called
1640988164.324512 ### RSSI: -51, 35, 1640056636 ,84 
1640988164.324676 ### DEBUG: BLE START SCANNING called
1640988164.531149 ### DEBUG: BLE START SCANNING called
1640988164.578394 ### DEBUG: Ticks: 88, 15, 1 
1640988164.578561 1640056636 c0:98:e5:42:00:2c 365 
1640988164.578651 499 518 518 550 574 575 576 577 579 584 601 607 608 617 621 
1640988164.578746 622 623 626 630 634 639 641 641 644 655 675 680 706 720 883 
1640988164.578908 ### DEBUG: BLE START SCANNING called
1640988165.315590 ### RSSI: -47, 16, 1640056637 ,100 
1640988165.315792 ### DEBUG: BLE START SCANNING called
1640988165.571689 ### DEBUG: Ticks: 104, 16, 1 
1640988165.571927 1640056637 c0:98:e5:42:00:2c 328 
1640988165.583264 479 533 542 564 573 582 587 591 607 615 616 623 631 632 632 
1640988165.583406 636 637 640 646 646 651 653 661 661 698 699 704 713 715 877 
1640988166.320311 ### RSSI: -48, 6, 1640056638 ,115 
1640988166.573073 ### DEBUG: Ticks: 119, 15, 1 
1640988166.573232 1640056638 c0:98:e5:42:00:2c 394 
1640988166.573289 486 513 534 543 551 561 561 566 573 578 592 593 596 598 607 
1640988166.573342 613 613 617 621 630 638 644 652 658 660 665 680 686 707 708 
1640988167.321524 ### RSSI: -50, 29, 1640056639 ,131 
1640988167.580383 ### DEBUG: Ticks: 135, 16, 1 
1640988167.580525 1640056639 c0:98:e5:42:00:2c 345 
1640988167.580590 483 509 519 523 527 543 556 558 565 569 573 575 589 591 596 
1640988167.580656 603 604 605 610 616 620 621 632 641 643 656 665 671 673 674 
1640988168.323277 ### RSSI: -50, 20, 1640056639 ,147 
1640988168.578913 ### DEBUG: Ticks: 151, 16, 1 
1640988168.579205 1640056640 c0:98:e5:42:00:2c 359 
1640988168.579388 487 519 521 528 537 554 559 566 569 569 571 582 582 602 604 
1640988168.579577 604 610 617 620 623 624 626 642 653 671 672 685 697 705 849 
1640988169.320990 ### RSSI: -51, 10, 1640056640 ,162 
1640988169.578970 ### DEBUG: Ticks: 166, 15, 1 
1640988169.579136 1640056641 c0:98:e5:42:00:2c 304 
1640988169.579227 483 495 497 511 516 516 523 527 527 569 571 573 573 577 581 
1640988169.579321 583 584 587 593 594 611 614 629 634 649 651 651 656 694 791 
1640988170.316121 ### RSSI: -50, 21, 1640056641 ,178 
1640988170.573178 ### DEBUG: Ticks: 182, 16, 1 
1640988170.573476 1640056642 c0:98:e5:42:00:2c 371 
1640988170.573660 486 520 542 549 558 569 578 582 582 588 592 597 598 599 607 
1640988170.573959 611 618 623 626 636 638 640 641 642 652 661 665 685 691 729 
1640988171.320677 ### RSSI: -49, 27, 1640056642 ,193 
1640988171.572247 ### DEBUG: Ticks: 197, 15, 1 
1640988171.572536 1640056643 c0:98:e5:42:00:2c 308 
1640988171.572719 523 531 533 538 540 543 552 553 556 563 577 579 579 588 616 
1640988171.572909 619 620 622 624 624 625 633 634 636 641 643 653 681 692 698 
1640988172.316608 ### RSSI: -47, 7, 1640056643 ,209 
1640988172.571865 ### DEBUG: Ticks: 213, 16, 1 
1640988172.572101 1640056644 c0:98:e5:42:00:2c 353 
1640988172.583027 478 537 541 549 550 557 560 574 578 586 600 616 616 621 624 
1640988172.583252 634 635 636 640 641 643 651 655 658 665 670 698 709 726 868 
1640988173.312713 ### RSSI: -53, 26, 1640056645 ,225 
1640988173.573239 ### DEBUG: Ticks: 229, 16, 1 
1640988173.573411 1640056645 c0:98:e5:42:00:2c 315 
1640988173.573529 522 545 548 555 556 563 566 571 586 597 602 606 618 620 620 
1640988173.573720 621 621 639 647 652 671 671 673 673 674 674 675 681 716 753 
1640988174.318352 ### RSSI: -48, 6, 1640056646 ,240 
1640988175.321683 ### RSSI: -54, 10, 1640056647 ,256 
1640988176.315271 ### RSSI: -48, 11, 1640056648 ,272 
1640988176.572757 ### DEBUG: Ticks: 276, 47, 1 
1640988176.573042 1640056648 c0:98:e5:42:00:2c 345 
1640988176.573227 463 523 527 531 548 556 561 563 565 569 571 573 579 582 591 
1640988176.573441 598 608 614 622 625 625 626 630 634 649 660 661 662 679 847 
1640988177.320968 ### RSSI: -47, 7, 1640056649 ,287 
1640988177.575235 ### DEBUG: Ticks: 291, 15, 1 
1640988177.575399 1640056649 c0:98:e5:42:00:2c 339 
1640988177.575491 458 466 471 476 491 501 504 511 512 524 528 534 556 558 559 
1640988177.575588 563 572 580 582 583 597 599 608 608 614 615 615 621 650 809 
1640988178.314653 ### RSSI: -51, 25, 1640056650 ,303 
1640988178.571896 ### DEBUG: Ticks: 307, 16, 1 
1640988178.572175 1640056650 c0:98:e5:42:00:2c 299 
1640988178.572358 418 447 457 474 481 484 494 511 512 526 543 555 556 572 578 
1640988178.572558 579 589 590 593 599 607 611 613 616 617 623 642 657 688 803 
1640988179.323312 ### RSSI: -48, 19, 1640056651 ,318 
1640988179.574084 ### DEBUG: Ticks: 322, 15, 1 
1640988179.574294 1640056651 c0:98:e5:42:00:2c 312 
1640988179.574415 453 484 511 518 520 525 531 534 543 543 571 579 594 598 601 
1640988179.574585 602 612 617 618 625 627 645 646 649 652 654 682 686 725 821 
1640988180.314454 ### RSSI: -51, 25, 1640056652 ,334 
1640988181.311867 ### RSSI: -48, 15, 1640056653 ,350 
1640988182.314398 ### RSSI: -49, 36, 1640056654 ,365 
1640988182.572224 ### DEBUG: Ticks: 369, 47, 1 
1640988182.572514 1640056654 c0:98:e5:42:00:2c 309 
1640988182.582905 480 487 520 530 535 544 551 553 556 562 571 572 575 579 590 
1640988182.583069 598 602 609 611 614 614 615 625 627 642 645 646 658 664 847 
1640988183.318946 ### RSSI: -47, 7, 1640056655 ,381 
1640988183.572943 ### DEBUG: Ticks: 385, 16, 1 
1640988183.573126 1640056655 c0:98:e5:42:00:2c 314 
1640988183.573194 483 522 527 533 536 537 542 547 553 554 557 560 576 581 583 
1640988183.573272 586 598 600 606 606 621 624 631 632 636 643 654 669 690 705 
1640988184.321830 ### RSSI: -47, 19, 1640056656 ,397 
1640988184.575738 ### DEBUG: Ticks: 401, 16, 1 
1640988184.575975 1640056656 c0:98:e5:42:00:2c 387 
1640988184.576060 549 551 576 585 586 604 615 620 622 630 631 677 679 680 689 
1640988184.576147 693 695 696 699 709 709 714 719 720 725 773 775 776 809 816 
1640988185.317514 ### RSSI: -49, 36, 1640056657 ,412 
1640988185.580191 ### DEBUG: Ticks: 416, 15, 1 
1640988185.580481 1640056657 c0:98:e5:42:00:2c 299 
1640988185.580666 451 536 537 538 547 549 553 557 559 566 573 580 585 587 588 
1640988185.580854 591 592 596 604 612 616 629 640 644 654 658 659 664 680 854 
1640988186.314136 ### RSSI: -51, 21, 1640056658 ,428 
1640988186.575715 ### DEBUG: Ticks: 432, 16, 1 
1640988186.576009 1640056658 c0:98:e5:42:00:2c 351 
1640988186.576193 528 558 570 579 580 585 606 618 623 630 647 649 651 657 663 
1640988186.576398 663 669 672 677 686 688 688 695 704 708 716 783 786 788 893 
1640988187.318034 ### RSSI: -52, 22, 1640056659 ,443 
1640988187.579914 ### DEBUG: Ticks: 447, 15, 1 
1640988187.580083 1640056659 c0:98:e5:42:00:2c 388 
1640988187.580167 554 559 585 631 634 639 647 649 654 664 680 685 686 686 692 
1640988187.580257 700 701 711 715 719 724 726 728 731 739 740 781 796 802 923 
1640988188.314952 ### RSSI: -52, 23, 1640056660 ,459 
1640988189.321680 ### RSSI: -53, 22, 1640056661 ,475 
1640988190.314471 ### RSSI: -45, 1, 1640056662 ,490 
1640988190.573909 ### DEBUG: Ticks: 494, 47, 1 
1640988190.574189 1640056662 c0:98:e5:42:00:2c 392 
1640988190.574371 500 502 506 523 525 551 557 569 573 577 599 633 637 643 644 
1640988190.574570 645 646 646 648 655 657 664 672 676 684 685 701 706 721 0 
1640988191.317184 ### RSSI: -48, 19, 1640056663 ,506 
1640988191.574245 ### DEBUG: Ticks: 510, 16, 1 
1640988191.574528 1640056663 c0:98:e5:42:00:2c 372 
1640988191.574726 498 521 536 548 550 556 573 575 588 607 607 612 613 615 620 
1640988191.574925 625 625 626 629 635 638 643 646 646 666 668 671 675 689 737 
1640988192.313419 ### RSSI: -48, 6, 1640056663 ,521 
1640988192.572562 ### DEBUG: Ticks: 525, 15, 1 
1640988192.572844 1640056664 c0:98:e5:42:00:2c 309 
1640988192.573028 463 471 492 512 537 539 541 541 543 543 550 554 555 567 570 
1640988192.573194 571 572 578 583 595 598 598 599 605 608 637 637 684 827 0 
1640988193.313506 ### RSSI: -51, 23, 1640056664 ,537 
1640988193.579951 ### DEBUG: Ticks: 541, 16, 1 
1640988193.580232 1640056665 c0:98:e5:42:00:2c 382 
1640988193.580429 508 551 581 590 590 598 599 602 602 623 624 639 645 645 645 
1640988193.580640 657 664 669 672 672 673 685 692 699 700 707 716 743 745 896 
1640988194.316995 ### RSSI: -50, 33, 1640056665 ,553 
1640988194.571426 ### DEBUG: Ticks: 557, 16, 1 
1640988194.571939 1640056666 c0:98:e5:42:00:2c 283 
1640988194.583396 457 462 498 501 506 506 511 513 521 522 523 528 537 539 557 
1640988194.583684 564 565 570 580 580 585 589 595 596 609 612 617 623 631 672 
1640988195.316827 ### RSSI: -46, 13, 1640056666 ,568 
1640988195.576535 ### DEBUG: Ticks: 572, 15, 1 
1640988195.576819 1640056667 c0:98:e5:42:00:2c 344 
1640988195.577001 506 513 517 530 535 545 545 547 557 558 559 569 572 575 577 
1640988195.577419 589 592 594 596 604 607 611 613 617 617 636 642 649 661 665 
1640988196.316810 ### RSSI: -47, 9, 1640056667 ,584 
1640988196.573294 ### DEBUG: Ticks: 588, 16, 1 
1640988196.573549 1640056668 c0:98:e5:42:00:2c 371 
1640988196.573698 453 465 490 504 509 530 534 543 551 559 559 564 568 569 573 
1640988196.573858 587 590 597 597 599 604 607 608 609 610 610 614 653 689 819 
1640988197.317317 ### RSSI: -51, 33, 1640056669 ,600 
1640988198.312646 ### RSSI: -50, 21, 1640056670 ,615 
1640988199.316719 ### RSSI: -47, 16, 1640056671 ,631 
1640988199.578273 ### DEBUG: Ticks: 635, 47, 1 
1640988199.578475 1640056671 c0:98:e5:42:00:2c 301 
1640988199.578589 473 518 523 533 540 544 547 550 553 563 568 583 590 602 603 
1640988199.578679 604 606 626 627 630 634 645 646 649 651 653 657 673 689 695 
1640988200.313570 ### RSSI: -50, 27, 1640056672 ,646 
1640988201.526011 
1640988201.526298 ----------------------------------------------
1640988201.526480 ### WARNING: Chip experienced a reset with reason 2
1640988201.776225 ### INFO: Bluetooth address: c0:98:e5:42:00:29
1640988201.788168 ### DEBUG: Time is 00:00:00, 2000/00/00
1640988201.788336 ### INFO: Time is 00:00:00, 2000/00/00
1640988201.890734 ### INFO: Initializing SD Card...
1640988202.096887 ### INFO: Connecting to the SquarePoint module...
1640988202.097180 ### INFO: SquarePoint module connection successful
1640988202.097366 ### INFO: Battery voltage currently 4070 mV
1640988202.163979 ### INFO: SD card flushed!
1640988202.199042 ### INFO: SD card flushed!
1640988202.199226 ### DEBUG: BLE START SCANNING called
1640988202.575571 ### DEBUG: Ticks: 16, 16, 0 
1640988202.575814 1640056674 c0:98:e5:42:00:2c 264 
1640988202.575898 396 435 438 456 458 471 479 489 498 507 507 508 511 519 527 
1640988202.575986 531 535 536 536 538 540 549 551 566 578 579 585 588 633 800 
1640988202.576069 ### INFO: Switched Scheduler EUI from 00:00:00:00:00:00 to c0:98:e5:42:00:2c
1640988202.576156 ### DEBUG: BLE STOP SCANNING called
1640988203.098992 ### DEBUG: BLE START SCANNING called
1640988203.574448 ### DEBUG: Ticks: 31, 15, 0 
1640988203.574737 1640056675 c0:98:e5:42:00:2c 408 
1640988203.574921 542 600 603 604 608 621 621 624 646 653 679 692 697 698 705 
1640988203.575109 705 725 727 732 736 739 752 763 769 769 770 773 782 787 956 
1640988204.208019 ### DEBUG: BLE START SCANNING called
1640988204.229117 ### DEBUG: BLE START SCANNING called
1640988204.240114 ### DEBUG: BLE START SCANNING called
1640988204.425568 ### INFO: Device is now STATIONARY
1640988204.574831 ### DEBUG: Ticks: 47, 16, 0 
1640988204.575005 1640056676 c0:98:e5:42:00:2c 364 
1640988204.575084 500 528 547 557 562 567 567 571 585 595 597 601 606 632 636 
1640988204.575165 644 650 655 661 665 668 668 671 676 683 705 715 720 727 856 
1640988205.301585 ### DEBUG: BLE START SCANNING called
1640988205.572605 ### DEBUG: Ticks: 63, 16, 0 
1640988205.572895 1640056677 c0:98:e5:42:00:2c 339 
1640988205.573093 487 513 523 534 548 550 557 567 572 578 604 610 611 618 618 
1640988205.573296 620 624 632 634 635 636 637 637 638 653 661 672 688 688 868 
1640988206.376503 ### DEBUG: BLE START SCANNING called
1640988206.376813 ### DEBUG: BLE START SCANNING called
1640988206.388703 ### DEBUG: BLE START SCANNING called
1640988206.413665 ### addr: c0:98:e5:42:00:2c 
1640988206.413903 ### on_adv_report outer RSSI: -47, time:1640056678 
1640988206.413988 ### INFO: Discovered new device: c0:98:e5:42:00:2c
1640988206.414065 ### DEBUG: connected? already connected
1640988206.414141 ### DEBUG: BLE START SCANNING called
1640988206.472992 ### BLE EVENT: 16, INFO: BLE CONNECTED!
1640988206.473208 ### DEBUG: BLE START SCANNING called
1640988206.473286 ### RSSI: -51, 30, 1640056678 ,77 
1640988206.473390 ### DEBUG: BLE START SCANNING called
1640988206.581414 ### RSSI: -52, 24, 1640056678 ,78 
1640988206.581585 ### DEBUG: Ticks: 78, 15, 1 
1640988206.581662 1640056678 c0:98:e5:42:00:2c 291 
1640988206.581857 449 489 515 520 532 532 532 538 542 551 553 562 563 566 568 
1640988206.582057 570 571 571 575 591 594 604 606 614 627 637 637 649 650 664 
1640988206.582266 ### DEBUG: BLE START SCANNING called
1640988206.676879 ### RSSI: -51, 26, 1640056678 ,80 
1640988206.677168 ### DEBUG: BLE START SCANNING called
1640988206.768357 ### RSSI: -50, 32, 1640056678 ,81 
1640988206.780013 ### DEBUG: BLE START SCANNING called
1640988206.873387 ### RSSI: -50, 26, 1640056678 ,83 
1640988206.873579 ### DEBUG: BLE START SCANNING called
1640988206.968193 ### RSSI: -45, 1, 1640056678 ,85 
1640988206.980293 ### DEBUG: BLE START SCANNING called
1640988207.073448 ### RSSI: -51, 25, 1640056678 ,86 
1640988207.073680 ### DEBUG: BLE START SCANNING called
1640988207.096878 ### DEBUG: BLE START SCANNING called
1640988207.178142 ### RSSI: -50, 7, 1640056678 ,88 
1640988207.178323 ### DEBUG: BLE START SCANNING called
1640988207.271933 ### RSSI: -45, 1, 1640056678 ,89 
1640988207.272156 ### DEBUG: BLE START SCANNING called
1640988207.377714 ### RSSI: -47, 9, 1640056679 ,91 
1640988207.378086 ### DEBUG: BLE START SCANNING called
1640988207.474112 ### RSSI: -51, 30, 1640056679 ,92 
1640988207.474303 ### DEBUG: BLE START SCANNING called
1640988207.578728 ### RSSI: -51, 24, 1640056679 ,94 
1640988207.579011 ### DEBUG: Ticks: 94, 16, 1 
1640988207.579193 1640056679 c0:98:e5:42:00:2c 292 
1640988207.579404 494 500 503 509 514 518 521 535 540 545 547 550 555 574 583 
1640988207.579583 585 596 596 603 609 612 612 614 617 620 636 649 668 702 814 
1640988207.580207 ### DEBUG: BLE START SCANNING called
1640988207.673148 ### RSSI: -45, 1, 1640056679 ,95 
1640988207.673355 ### DEBUG: BLE START SCANNING called
1640988207.779415 ### RSSI: -50, 31, 1640056679 ,97 
1640988207.779587 ### DEBUG: BLE START SCANNING called
1640988207.875143 ### RSSI: -52, 23, 1640056679 ,99 
1640988207.875414 ### DEBUG: BLE START SCANNING called
1640988208.079917 ### RSSI: -47, 9, 1640056679 ,102 
1640988208.080199 ### DEBUG: BLE START SCANNING called
1640988208.171627 ### RSSI: -48, 10, 1640056679 ,103 
1640988208.581223 ### DEBUG: Ticks: 110, 16, 1 
1640988208.581392 1640056680 c0:98:e5:42:00:2c 331 
1640988208.581484 403 430 438 443 474 484 492 498 500 504 510 523 530 532 534 
1640988208.581580 545 552 557 558 558 571 571 572 579 586 607 619 622 622 793 
1640988209.171382 ### RSSI: -52, 24, 1640056680 ,119 
1640988209.581481 ### DEBUG: Ticks: 125, 15, 1 
1640988209.581873 1640056681 c0:98:e5:42:00:2c 310 
1640988209.582077 443 498 507 525 530 531 555 556 557 558 564 568 570 570 578 
1640988209.582254 581 584 584 586 590 606 611 619 637 641 652 658 659 673 815 
1640988210.168865 ### RSSI: -49, 36, 1640056681 ,134 
1640988210.575564 ### DEBUG: Ticks: 141, 16, 1 
1640988210.575846 1640056682 c0:98:e5:42:00:2c 284 
1640988210.576025 375 389 392 439 441 447 460 463 463 466 467 468 468 482 482 
1640988210.576218 484 491 498 506 517 518 519 534 540 551 552 577 577 585 737 
1640988211.171991 ### RSSI: -52, 23, 1640056683 ,150 
1640988211.572592 ### DEBUG: Ticks: 156, 15, 1 
1640988211.572873 1640056683 c0:98:e5:42:00:2c 396 
1640988211.585967 482 484 512 515 537 559 571 578 588 598 600 604 607 613 615 
1640988211.586260 617 618 621 624 626 627 633 645 653 659 681 713 713 766 873 
1640988212.176989 ### RSSI: -48, 13, 1640056684 ,166 
1640988212.581202 ### DEBUG: Ticks: 172, 16, 1 
1640988212.581484 1640056684 c0:98:e5:42:00:2c 366 
1640988212.581667 484 536 551 553 563 569 572 576 577 579 586 612 630 633 634 
1640988212.581978 643 644 645 646 648 653 654 657 663 670 674 686 698 709 724 
1640988213.168251 ### RSSI: -47, 18, 1640056685 ,181 
1640988213.574088 ### DEBUG: Ticks: 188, 16, 1 
1640988213.574370 1640056685 c0:98:e5:42:00:2c 365 
1640988213.574567 510 520 551 571 592 600 602 605 621 623 625 627 642 646 650 
1640988213.574765 654 661 661 668 680 686 687 690 701 706 706 706 720 756 789 
1640988214.176910 ### RSSI: -50, 29, 1640056686 ,197 
1640988214.579248 ### DEBUG: Ticks: 203, 15, 1 
1640988214.579544 1640056686 c0:98:e5:42:00:2c 372 
1640988214.579731 495 516 536 540 545 550 557 558 563 570 604 607 618 630 631 
1640988214.579945 636 637 637 648 655 662 665 671 675 677 678 694 706 711 724 
1640988215.175762 ### RSSI: -48, 12, 1640056687 ,213 
1640988215.576584 ### DEBUG: Ticks: 219, 16, 1 
1640988215.576864 1640056687 c0:98:e5:42:00:2c 313 
1640988215.577047 417 460 463 493 493 506 509 510 523 527 528 531 532 550 556 
1640988215.577249 559 564 583 584 584 593 596 599 602 604 607 617 621 632 655 
1640988216.179435 ### RSSI: -50, 21, 1640056688 ,228 
1640988216.573420 ### DEBUG: Ticks: 234, 15, 1 
1640988216.573595 1640056688 c0:98:e5:42:00:2c 299 
1640988216.573669 488 513 524 538 538 542 551 558 566 566 569 569 570 575 576 
1640988216.585537 584 587 593 602 602 603 605 609 633 636 639 656 658 665 842 
1640988217.168612 ### RSSI: -48, 16, 1640056689 ,244 
1640988217.572008 ### DEBUG: Ticks: 250, 16, 1 
1640988217.572288 1640056689 c0:98:e5:42:00:2c 308 
1640988217.584208 519 519 522 548 560 563 570 573 581 598 599 600 611 613 617 
1640988217.584493 618 618 621 623 638 639 643 644 649 666 669 672 678 679 723 
1640988218.174672 ### RSSI: -55, 24, 1640056690 ,259 
1640988219.168265 ### RSSI: -47, 9, 1640056691 ,275 
1640988220.172033 ### RSSI: -46, 9, 1640056692 ,291 
1640988220.574935 ### DEBUG: Ticks: 297, 47, 1 
1640988220.575229 1640056692 c0:98:e5:42:00:2c 301 
1640988220.575412 509 510 516 527 530 535 535 542 560 583 587 588 588 594 595 
1640988220.575624 612 619 623 627 634 651 660 664 674 674 675 678 687 702 728 
1640988221.169523 ### RSSI: -48, 14, 1640056693 ,306 
1640988221.576169 ### DEBUG: Ticks: 313, 16, 1 
1640988221.576351 1640056693 c0:98:e5:42:00:2c 383 
1640988221.576424 462 501 504 507 510 537 542 543 544 549 557 562 584 590 596 
1640988221.576501 598 611 612 615 616 633 634 634 637 637 656 672 673 674 0 
1640988222.168009 ### RSSI: -47, 17, 1640056694 ,322 
1640988222.572081 ### DEBUG: Ticks: 328, 15, 1 
1640988222.572366 1640056694 c0:98:e5:42:00:2c 299 
1640988222.572550 488 489 501 529 532 541 549 551 551 555 563 571 576 580 584 
1640988222.572750 599 601 603 604 608 617 619 619 640 643 649 654 656 656 798 
1640988223.272330 ### RSSI: -48, 12, 1640056695 ,339 
1640988223.576839 ### DEBUG: Ticks: 344, 16, 1 
1640988223.577121 1640056695 c0:98:e5:42:00:2c 386 
1640988223.577303 525 526 528 533 534 536 553 575 592 604 605 616 623 631 633 
1640988223.577501 633 639 650 651 660 666 667 672 678 685 687 695 711 712 724 
1640988224.274565 ### RSSI: -53, 26, 1640056696 ,355 
1640988224.573390 ### DEBUG: Ticks: 359, 15, 1 
1640988224.573680 1640056696 c0:98:e5:42:00:2c 330 
1640988224.573943 448 454 467 481 484 492 501 509 511 514 533 538 540 542 552 
1640988224.574157 555 564 576 577 585 600 601 603 604 610 621 631 636 644 812 
1640988225.267331 ### RSSI: -55, 15, 1640056697 ,370 
1640988225.579483 ### DEBUG: Ticks: 375, 16, 1 
1640988225.579647 1640056697 c0:98:e5:42:00:2c 364 
1640988225.579748 511 551 579 581 585 587 590 596 605 607 611 614 619 624 627 
1640988225.579837 632 634 636 637 648 650 656 668 673 685 697 713 718 740 878 
1640988226.273274 ### RSSI: -50, 31, 1640056697 ,386 
1640988226.572278 ### DEBUG: Ticks: 391, 16, 1 
1640988226.572444 1640056698 c0:98:e5:42:00:2c 345 
1640988226.572536 507 528 538 558 560 562 563 583 594 597 607 622 630 635 637 
1640988226.572629 639 663 673 676 677 678 678 682 690 701 702 704 724 750 755 
1640988227.275364 ### RSSI: -45, 3, 1640056698 ,402 
1640988228.266746 ### RSSI: -50, 30, 1640056699 ,417 
1640988229.268941 ### RSSI: -47, 7, 1640056700 ,433 
1640988229.577704 ### DEBUG: Ticks: 438, 47, 1 
1640988229.578100 1640056701 c0:98:e5:42:00:2c 303 
1640988229.578373 443 461 483 493 510 520 530 531 538 540 545 548 552 555 565 
1640988229.578563 570 578 589 589 594 596 606 606 614 642 651 656 663 681 832 
1640988230.267608 ### RSSI: -50, 31, 1640056701 ,448 
1640988230.575737 ### DEBUG: Ticks: 453, 15, 1 
1640988230.576031 1640056702 c0:98:e5:42:00:2c 338 
1640988230.576217 471 474 517 522 523 530 530 538 545 546 561 562 565 567 581 
1640988230.576508 587 591 599 601 613 615 619 626 632 639 641 654 654 667 690 
1640988231.270917 ### RSSI: -50, 20, 1640056702 ,464 
1640988231.579330 ### DEBUG: Ticks: 469, 16, 1 
1640988231.579615 1640056703 c0:98:e5:42:00:2c 312 
1640988231.579792 473 492 527 528 533 534 540 556 558 563 592 593 606 612 612 
1640988231.579868 639 646 659 660 661 662 662 669 683 690 707 713 723 747 750 
1640988232.270628 ### RSSI: -51, 25, 1640056704 ,480 
1640988232.575033 ### DEBUG: Ticks: 484, 15, 1 
1640988232.575311 1640056704 c0:98:e5:42:00:2c 327 
1640988232.575496 508 543 550 555 561 568 568 569 576 603 607 637 637 640 646 
1640988232.575680 652 659 659 667 671 679 682 692 692 694 696 716 726 739 748 
1640988233.268493 ### RSSI: -51, 29, 1640056705 ,495 
1640988234.272359 ### RSSI: -45, 2, 1640056706 ,511 
1640988235.269089 ### RSSI: -49, 36, 1640056707 ,527 
1640988235.573840 ### DEBUG: Ticks: 531, 47, 1 
1640988235.574123 1640056707 c0:98:e5:42:00:2c 339 
1640988235.574307 453 460 489 501 511 512 512 529 547 553 560 561 570 579 580 
1640988235.574486 585 585 588 588 590 591 622 623 629 630 633 641 655 681 688 
1640988236.274362 ### RSSI: -51, 25, 1640056708 ,542 
1640988236.572452 ### DEBUG: Ticks: 547, 16, 1 
1640988236.572605 1640056708 c0:98:e5:42:00:2c 293 
1640988236.585462 472 475 475 481 491 498 515 517 517 522 533 544 557 558 562 
1640988236.585616 564 571 573 573 584 588 596 608 608 608 610 610 625 667 669 
1640988237.276763 ### RSSI: -49, 27, 1640056709 ,558 
1640988237.580564 ### DEBUG: Ticks: 563, 16, 1 
1640988237.580869 1640056709 c0:98:e5:42:00:2c 292 
1640988237.581051 443 443 452 460 485 492 509 514 515 530 531 540 547 547 550 
1640988237.581240 560 574 578 584 586 592 605 608 617 622 631 653 657 662 664 
1640988238.268636 ### RSSI: -50, 32, 1640056710 ,573 
1640988238.578100 ### DEBUG: Ticks: 578, 15, 1 
1640988238.578390 1640056710 c0:98:e5:42:00:2c 350 
1640988238.578572 456 526 531 531 547 555 558 559 559 563 566 566 566 579 583 
1640988238.578762 594 594 604 604 605 613 626 639 647 649 651 655 696 838 0 
1640988239.276286 ### RSSI: -48, 12, 1640056711 ,589 
1640988239.582971 ### DEBUG: Ticks: 594, 16, 1 
1640988239.583162 1640056711 c0:98:e5:42:00:2c 330 
1640988239.583254 459 461 474 500 500 503 506 512 515 534 536 539 543 545 552 
1640988239.583349 557 558 564 567 569 570 572 603 603 614 615 626 636 644 652 
1640988240.272719 ### RSSI: -50, 35, 1640056712 ,605 
1640988240.577167 ### DEBUG: Ticks: 609, 15, 1 
1640988240.577360 1640056712 c0:98:e5:42:00:2c 417 
1640988240.577425 520 536 556 597 610 615 619 626 626 652 662 662 668 669 672 
1640988240.577488 676 677 678 678 682 683 684 687 689 691 723 732 758 805 925 
1640988241.266119 ### RSSI: -52, 34, 1640056713 ,620 
1640988241.572018 ### DEBUG: Ticks: 625, 16, 1 
1640988241.572179 1640056713 c0:98:e5:42:00:2c 309 
1640988241.584128 449 477 478 480 493 500 514 517 522 525 531 537 556 558 560 
1640988241.584237 560 566 569 570 574 582 589 596 607 607 607 607 619 752 0 
1640988241.931946 ### INFO: SD card flushed!
1640988242.272195 ### RSSI: -52, 24, 1640056714 ,636 
1640988242.578123 ### DEBUG: Ticks: 641, 16, 1 
1640988242.578421 1640056714 c0:98:e5:42:00:2c 308 
1640988242.578603 426 442 460 473 474 483 498 502 504 524 525 529 536 549 549 
1640988242.578791 550 568 568 569 570 573 577 578 580 581 610 637 647 651 657 
1640988243.276066 ### RSSI: -50, 20, 1640056715 ,651 
1640988243.578650 ### DEBUG: Ticks: 656, 15, 1 
1640988243.578940 1640056715 c0:98:e5:42:00:2c 337 
1640988243.579123 469 510 529 537 560 570 577 588 591 592 595 599 604 605 614 
1640988243.579311 615 619 629 638 638 639 649 652 663 665 667 680 685 687 690 
1640988244.268747 ### RSSI: -47, 6, 1640056716 ,667 
1640988244.578170 ### DEBUG: Ticks: 672, 16, 1 
1640988244.578335 1640056716 c0:98:e5:42:00:2c 387 
1640988244.578448 564 589 595 598 618 633 636 637 643 646 650 657 659 661 669 
1640988244.578971 685 687 687 691 694 698 715 716 719 747 748 748 789 813 929 
1640988245.274841 ### RSSI: -46, 9, 1640056717 ,683 
1640988246.270900 ### RSSI: -48, 11, 1640056718 ,698 
1640988247.268138 ### RSSI: -48, 13, 1640056719 ,714 
1640988247.576376 ### DEBUG: Ticks: 719, 47, 1 
1640988247.576676 1640056719 c0:98:e5:42:00:2c 314 
1640988247.576859 469 475 479 517 535 536 538 541 546 548 562 566 568 569 576 
1640988247.577048 598 600 607 610 610 612 613 647 648 662 664 669 671 687 839 
1640988248.269167 ### RSSI: -45, 31, 1640056720 ,730 
1640988248.573506 ### DEBUG: Ticks: 734, 15, 1 
1640988248.573908 1640056720 c0:98:e5:42:00:2c 305 
1640988248.574090 427 459 462 480 498 499 501 509 513 514 516 516 533 536 539 
1640988248.585717 543 551 553 568 571 574 583 590 597 603 623 629 634 674 813 
1640988249.270558 ### RSSI: -46, 5, 1640056721 ,745 
1640988249.571701 ### DEBUG: Ticks: 750, 16, 1 
1640988249.584772 1640056721 c0:98:e5:42:00:2c 378 
1640988249.585076 483 511 523 523 531 536 549 564 576 581 587 590 592 592 599 
1640988249.585260 608 612 617 622 629 631 635 648 650 686 687 692 694 700 847 
1640988250.270458 ### RSSI: -46, 3, 1640056721 ,761 
1640988250.583231 ### DEBUG: Ticks: 766, 16, 1 
1640988250.583398 1640056722 c0:98:e5:42:00:2c 345 
1640988250.583483 484 505 531 533 536 541 545 561 571 575 578 585 587 590 602 
1640988250.583565 602 602 603 608 615 615 620 622 625 628 652 653 655 664 669 
1640988251.272299 ### RSSI: -52, 24, 1640056722 ,776 
1640988251.573219 ### DEBUG: Ticks: 781, 15, 1 
1640988251.573506 1640056723 c0:98:e5:42:00:2c 330 
1640988251.585209 391 403 438 453 466 471 472 476 479 490 500 503 505 515 518 
1640988251.585491 521 536 547 558 559 565 576 583 593 594 604 640 653 694 797 
1640988252.267332 ### RSSI: -47, 7, 1640056723 ,792 
1640988252.574707 ### DEBUG: Ticks: 797, 16, 1 
1640988252.575003 1640056724 c0:98:e5:42:00:2c 320 
1640988252.575185 529 529 546 568 586 591 594 597 603 608 608 612 612 637 639 
1640988252.575371 641 651 653 656 659 665 668 671 679 697 700 719 722 731 745 
1640988253.268227 ### RSSI: -48, 12, 1640056724 ,808 
1640988253.576289 ### DEBUG: Ticks: 812, 15, 1 
1640988253.576475 1640056725 c0:98:e5:42:00:2c 279 
1640988253.576577 441 471 491 493 500 509 510 516 519 527 535 548 551 558 559 
1640988253.576674 559 571 585 586 591 592 594 607 613 618 632 639 651 663 689 
1640988254.270321 ### RSSI: -47, 18, 1640056725 ,823 
1640988254.578436 ### DEBUG: Ticks: 828, 16, 1 
1640988254.578734 1640056726 c0:98:e5:42:00:2c 407 
1640988254.578919 541 550 566 582 598 603 603 605 619 629 641 656 668 673 676 
1640988254.579125 677 683 689 691 692 705 705 710 710 720 730 750 751 764 901 
1640988255.273988 ### RSSI: -52, 23, 1640056726 ,839 
1640988255.575853 ### DEBUG: Ticks: 844, 16, 1 
1640988255.576141 1640056727 c0:98:e5:42:00:2c 345 
1640988255.576323 454 496 518 524 537 538 541 545 547 550 579 582 596 596 602 
1640988255.576523 605 606 607 611 611 612 617 625 629 631 637 659 669 691 695 
1640988256.266301 ### RSSI: -47, 7, 1640056728 ,855 
1640988256.575247 ### DEBUG: Ticks: 859, 15, 1 
1640988256.575356 1640056728 c0:98:e5:42:00:2c 355 
1640988256.575411 539 564 565 572 582 589 616 619 620 629 634 639 639 642 646 
1640988256.575472 647 652 660 664 668 683 684 706 716 717 719 730 731 751 757 
1640988257.266856 ### RSSI: -57, 22, 1640056729 ,870 
1640988257.575376 ### DEBUG: Ticks: 875, 16, 1 
1640988257.575486 1640056729 c0:98:e5:42:00:2c 362 
1640988257.575542 539 561 562 576 593 594 596 623 626 630 630 634 635 636 638 
1640988257.575590 638 639 642 659 671 672 673 683 685 687 693 696 712 735 758 
1640988258.276447 ### RSSI: -50, 29, 1640056730 ,886 
1640988258.580670 ### DEBUG: Ticks: 891, 16, 1 
1640988258.581037 1640056730 c0:98:e5:42:00:2c 362 
1640988258.581222 529 561 580 599 605 606 611 615 616 629 668 669 671 677 678 
1640988258.581413 687 687 695 698 710 718 720 725 726 753 759 761 761 784 889 
1640988259.273926 ### RSSI: -47, 10, 1640056731 ,901 
1640988259.582540 ### DEBUG: Ticks: 906, 15, 1 
1640988259.582822 1640056731 c0:98:e5:42:00:2c 338 
1640988259.583004 482 488 500 500 516 517 527 531 533 534 547 551 552 557 567 
1640988259.583209 580 580 581 593 608 616 623 629 635 635 649 681 683 689 0 
1640988260.273851 ### RSSI: -52, 24, 1640056732 ,917 
1640988260.574017 ### DEBUG: Ticks: 922, 16, 1 
1640988260.574181 1640056732 c0:98:e5:42:00:2c 284 
1640988260.574272 432 460 465 488 496 499 501 507 510 512 548 548 551 560 561 
1640988260.574360 577 582 588 588 590 593 595 596 605 608 619 630 635 639 765 
1640988261.270068 ### RSSI: -57, 31, 1640056733 ,933 
1640988261.575010 ### DEBUG: Ticks: 937, 15, 1 
1640988261.575297 1640056733 c0:98:e5:42:00:2c 348 
1640988261.575480 506 531 542 553 566 586 596 601 616 624 626 634 639 640 658 
1640988261.575712 661 662 666 668 676 681 684 684 704 716 723 723 741 741 874 
1640988262.272803 ### RSSI: -48, 19, 1640056734 ,948 
1640988263.265227 ### RSSI: -46, 0, 1640056735 ,964 
1640988264.267385 ### RSSI: -49, 31, 1640056736 ,979 
1640988264.582537 ### DEBUG: Ticks: 984, 47, 1 
1640988264.582726 1640056736 c0:98:e5:42:00:2c 313 
1640988264.582799 423 490 498 502 503 522 526 531 533 542 548 555 567 567 569 
1640988264.582876 569 572 574 584 585 592 592 594 596 610 615 630 634 649 837 
1640988265.267778 ### RSSI: -50, 21, 1640056737 ,995 
1640988265.576529 ### DEBUG: Ticks: 1000, 16, 1 
1640988265.576687 1640056737 c0:98:e5:42:00:2c 339 
1640988265.576772 486 494 499 511 529 552 566 568 576 582 596 600 601 608 608 
1640988265.576859 608 612 615 617 625 638 641 644 651 658 689 696 697 715 887 
1640988266.268971 ### RSSI: -51, 10, 1640056738 ,1011 
1640988266.575848 ### DEBUG: Ticks: 1015, 15, 1 
1640988266.575973 1640056738 c0:98:e5:42:00:2c 299 
1640988266.576032 447 496 508 530 531 533 544 544 544 552 571 584 588 595 596 
1640988266.576105 600 604 611 618 619 619 621 622 624 635 644 654 655 655 702 
1640988267.271096 ### RSSI: -45, 32, 1640056739 ,1026 
1640988267.580900 ### DEBUG: Ticks: 1031, 16, 1 
1640988267.581181 1640056739 c0:98:e5:42:00:2c 305 
1640988267.581378 421 437 463 481 484 489 521 531 544 546 568 569 572 572 584 
1640988267.581555 587 589 590 595 598 605 616 630 651 652 658 664 709 712 0 
1640988268.265489 ### RSSI: -51, 23, 1640056740 ,1042 
1640988269.273838 ### RSSI: -47, 9, 1640056741 ,1058 
1640988270.275976 ### RSSI: -51, 33, 1640056742 ,1073 
1640988271.274719 ### RSSI: -52, 23, 1640056743 ,1089 
1640988272.272795 ### RSSI: -48, 13, 1640056744 ,1104 
1640988273.097074 ### INFO: SquarePoint communications appear to be down...restarting
1640988273.097364 ### INFO: Switched Scheduler EUI from c0:98:e5:42:00:2c to 00:00:00:00:00:00
1640988273.275829 ### RSSI: -47, 18, 1640056745 ,1120 
1640988273.388083 ### INFO: SD card flushed!
1640988273.388389 ### DEBUG: BLE START SCANNING called
1640988273.581916 ### DEBUG: Ticks: 1125, 94, 1 
1640988273.582082 1640056745 c0:98:e5:42:00:2c 329 
1640988273.582168 473 516 519 541 549 550 553 557 576 580 584 600 602 603 606 
1640988273.582296 606 610 611 614 618 632 654 661 667 676 681 697 714 725 854 
1640988273.582504 ### INFO: Switched Scheduler EUI from 00:00:00:00:00:00 to c0:98:e5:42:00:2c
1640988274.275826 ### RSSI: -48, 15, 1640056745 ,1136 
1640988274.580884 ### DEBUG: Ticks: 1140, 15, 1 
1640988274.581169 1640056746 c0:98:e5:42:00:2c 339 
1640988274.581351 510 518 556 565 574 583 586 591 597 598 603 606 615 618 629 
1640988274.581538 632 635 643 646 654 661 667 667 669 676 676 701 708 754 778 
1640988275.271770 ### RSSI: -53, 23, 1640056746 ,1151 
1640988275.577980 ### DEBUG: Ticks: 1156, 16, 1 
1640988275.578171 1640056747 c0:98:e5:42:00:2c 318 
1640988275.578281 482 504 521 524 525 532 533 541 542 545 570 574 575 579 602 
1640988275.578395 604 611 612 615 623 626 631 642 652 652 660 666 697 854 0 
1640988276.266416 ### RSSI: -50, 31, 1640056747 ,1167 
1640988276.582449 ### DEBUG: Ticks: 1172, 16, 1 
1640988276.582594 1640056748 c0:98:e5:42:00:2c 348 
1640988276.582678 456 493 502 505 507 514 515 564 579 585 586 587 601 609 613 
1640988276.582786 616 616 617 618 619 621 622 623 650 656 658 660 675 722 810 
1640988277.270843 ### RSSI: -51, 29, 1640056748 ,1182 
1640988277.572371 ### DEBUG: Ticks: 1187, 15, 1 
1640988277.582414 1640056749 c0:98:e5:42:00:2c 364 
1640988277.582590 511 519 533 535 539 555 566 591 598 599 604 608 617 629 634 
1640988277.582675 636 639 641 642 648 656 661 663 672 674 682 685 693 697 861 
1640988278.264367 ### RSSI: -51, 34, 1640056749 ,1198 
1640988279.268688 ### RSSI: -48, 13, 1640056750 ,1214 
1640988280.270687 ### RSSI: -47, 9, 1640056751 ,1229 
1640988280.576511 ### DEBUG: Ticks: 1234, 47, 1 
1640988280.576806 1640056752 c0:98:e5:42:00:2c 310 
1640988280.576990 521 524 548 550 550 567 572 576 580 581 603 606 615 618 619 
1640988280.577234 624 629 629 630 641 642 657 663 668 673 674 689 695 700 840 
1640988281.270145 ### RSSI: -50, 27, 1640056753 ,1245 
1640988281.579583 ### DEBUG: Ticks: 1250, 16, 1 
1640988281.579753 1640056753 c0:98:e5:42:00:2c 334 
1640988281.579852 486 493 520 537 547 550 555 557 572 589 591 599 600 602 620 
1640988281.580088 622 622 631 632 634 637 641 664 675 685 693 701 703 717 849 
1640988282.269647 ### RSSI: -48, 12, 1640056754 ,1261 
1640988282.579320 ### DEBUG: Ticks: 1265, 15, 1 
1640988282.579527 1640056754 c0:98:e5:42:00:2c 348 
1640988282.579625 469 480 487 497 501 505 508 516 519 563 563 566 572 586 589 
1640988282.579736 592 595 596 597 606 608 609 611 611 615 622 649 654 662 848 
1640988283.265996 ### RSSI: -50, 33, 1640056755 ,1276 
1640988283.576126 ### DEBUG: Ticks: 1281, 16, 1 
1640988283.576411 1640056755 c0:98:e5:42:00:2c 385 
1640988283.576591 563 569 579 584 603 613 621 627 629 643 647 655 661 662 665 
1640988283.576692 668 671 674 676 678 679 689 695 696 696 728 733 764 784 923 
1640988284.267424 ### RSSI: -51, 26, 1640056756 ,1292 
1640988284.575617 ### DEBUG: Ticks: 1297, 16, 1 
1640988284.575913 1640056756 c0:98:e5:42:00:2c 339 
1640988284.576093 434 471 487 498 502 505 510 535 550 560 574 580 588 591 596 
1640988284.576200 598 606 609 611 616 626 633 641 641 645 646 652 661 672 714 
1640988285.264253 ### RSSI: -49, 36, 1640056757 ,1307 
1640988285.576601 ### DEBUG: Ticks: 1312, 15, 1 
1640988285.576832 1640056757 c0:98:e5:42:00:2c 301 
1640988285.577016 462 462 504 507 512 523 525 535 545 555 561 562 562 565 566 
1640988285.577196 567 578 585 591 599 599 603 608 620 623 627 637 647 663 692 
1640988286.268376 ### RSSI: -50, 30, 1640056758 ,1323 
1640988286.577294 ### DEBUG: Ticks: 1328, 16, 1 
1640988286.577456 1640056758 c0:98:e5:42:00:2c 329 
1640988286.577536 439 459 476 476 484 506 509 510 510 524 528 528 531 533 534 
1640988286.577618 547 548 553 561 562 563 581 583 587 591 594 604 614 625 627 
1640988287.265261 ### RSSI: -45, 1, 1640056759 ,1339 
1640988287.584579 ### DEBUG: Ticks: 1344, 16, 1 
1640988287.584836 1640056759 c0:98:e5:42:00:2c 320 
1640988287.585038 431 459 473 490 498 501 502 505 515 524 529 540 540 546 553 
1640988287.585160 558 560 562 570 575 575 578 581 598 612 621 622 625 629 679 
1640988288.266374 ### RSSI: -50, 21, 1640056760 ,1354 
1640988289.266562 ### RSSI: -48, 14, 1640056761 ,1370 
1640988290.269321 ### RSSI: -48, 14, 1640056762 ,1386 
1640988290.578904 ### DEBUG: Ticks: 1390, 46, 1 
1640988290.579059 1640056762 c0:98:e5:42:00:2c 336 
1640988290.579144 531 553 555 564 579 582 596 611 611 655 655 659 664 666 671 
1640988290.579345 676 684 689 699 703 709 710 710 716 722 728 734 741 757 780 
1640988291.271495 ### RSSI: -48, 11, 1640056763 ,1401 
1640988291.579924 ### DEBUG: Ticks: 1406, 16, 1 
1640988291.580203 1640056763 c0:98:e5:42:00:2c 379 
1640988291.580386 532 542 547 553 588 590 596 607 609 611 618 638 641 650 654 
1640988291.580574 657 660 660 665 669 673 680 680 686 686 686 697 725 726 753 
1640988292.267939 ### RSSI: -52, 23, 1640056764 ,1417 
1640988292.574482 ### DEBUG: Ticks: 1422, 16, 1 
1640988292.574616 1640056764 c0:98:e5:42:00:2c 324 
1640988292.574688 502 526 526 529 540 541 546 560 563 563 564 569 578 584 595 
1640988292.574758 601 605 612 615 617 621 623 624 627 649 659 672 672 685 695 
1640988293.270074 ### RSSI: -47, 7, 1640056765 ,1432 
1640988293.582789 ### DEBUG: Ticks: 1437, 15, 1 
1640988293.583080 1640056765 c0:98:e5:42:00:2c 334 
1640988293.583260 466 476 486 487 499 527 528 534 536 545 545 558 561 566 592 
1640988293.583448 594 597 597 600 606 607 610 610 612 618 619 623 643 647 675 
1640988294.271423 ### RSSI: -49, 7, 1640056766 ,1448 
1640988294.578357 ### DEBUG: Ticks: 1453, 16, 1 
1640988294.578534 1640056766 c0:98:e5:42:00:2c 325 
1640988294.578640 479 516 529 529 548 550 551 552 561 565 572 573 575 602 613 
1640988294.578737 619 626 628 628 630 640 641 641 656 663 668 676 692 693 697 
1640988295.271103 ### RSSI: -46, 2, 1640056767 ,1464 
1640988295.581508 ### DEBUG: Ticks: 1468, 15, 1 
1640988295.581690 1640056767 c0:98:e5:42:00:2c 309 
1640988295.582278 518 518 523 526 541 552 561 564 566 583 586 586 588 594 600 
1640988295.582490 610 614 618 620 627 636 638 647 658 671 682 683 684 726 872 
1640988296.263258 ### RSSI: -50, 32, 1640056768 ,1479 
1640988296.574237 ### DEBUG: Ticks: 1484, 16, 1 
1640988296.574409 1640056768 c0:98:e5:42:00:2c 301 
1640988296.574501 485 491 518 529 532 544 545 555 557 561 567 577 592 599 603 
1640988296.574594 607 610 613 613 618 626 636 637 638 638 655 685 691 858 0 
1640988297.270583 ### RSSI: -45, 1, 1640056769 ,1495 
1640988298.263373 ### RSSI: -47, 6, 1640056770 ,1510 
1640988299.269940 ### RSSI: -48, 6, 1640056771 ,1526 
1640988299.582830 ### DEBUG: Ticks: 1531, 47, 1 
1640988299.583030 1640056771 c0:98:e5:42:00:2c 309 
1640988299.583121 481 491 506 535 543 555 565 566 574 578 586 597 608 609 617 
1640988299.583215 621 623 623 624 629 631 632 634 642 645 648 667 673 685 693 
1640988300.264188 ### RSSI: -47, 18, 1640056771 ,1542 
1640988300.580317 ### DEBUG: Ticks: 1547, 16, 1 
1640988300.580599 1640056772 c0:98:e5:42:00:2c 285 
1640988300.580780 458 463 466 494 501 512 515 515 516 538 540 541 548 551 564 
1640988300.580970 578 580 582 582 584 586 597 598 611 622 627 634 638 647 669 
1640988301.274605 ### RSSI: -46, 4, 1640056772 ,1557 
1640988301.576661 ### DEBUG: Ticks: 1562, 15, 1 
1640988301.576943 1640056773 c0:98:e5:42:00:2c 292 
1640988301.577103 429 441 457 462 462 464 497 509 509 514 523 528 551 551 556 
1640988301.577285 556 558 561 561 563 572 589 593 598 603 610 626 640 643 647 
1640988302.272940 ### RSSI: -52, 34, 1640056773 ,1573 
1640988302.585342 ### DEBUG: Ticks: 1578, 16, 1 
1640988302.585639 1640056774 c0:98:e5:42:00:2c 401 
1640988302.585693 494 500 528 534 534 552 557 581 611 616 626 633 635 636 639 
1640988302.585782 645 645 646 648 649 655 667 677 679 682 692 710 730 733 846 
1640988303.264063 ### RSSI: -49, 36, 1640056774 ,1589 
1640988303.581235 ### DEBUG: Ticks: 1593, 15, 1 
1640988303.581408 1640056775 c0:98:e5:42:00:2c 359 
1640988303.581501 485 547 552 556 567 572 576 580 588 620 622 624 631 633 635 
1640988303.581591 636 654 657 661 672 677 682 684 686 700 709 709 710 717 883 
1640988304.265341 ### RSSI: -51, 21, 1640056775 ,1604 
1640988304.579739 ### DEBUG: Ticks: 1609, 16, 1 
1640988304.580024 1640056776 c0:98:e5:42:00:2c 347 
1640988304.580207 497 500 552 553 566 579 591 593 593 601 606 606 619 622 624 
1640988304.580386 631 632 634 643 648 650 652 654 655 664 668 698 707 707 737 
1640988305.266777 ### RSSI: -50, 30, 1640056777 ,1620 
1640988305.582726 ### DEBUG: Ticks: 1625, 16, 1 
1640988305.583017 1640056777 c0:98:e5:42:00:2c 341 
1640988305.583203 498 533 543 569 574 582 587 590 593 594 607 611 616 618 626 
1640988305.583393 627 630 635 636 645 650 657 661 667 674 679 711 720 735 0 
1640988306.269045 ### RSSI: -48, 12, 1640056778 ,1635 
1640988306.577036 ### DEBUG: Ticks: 1640, 15, 1 
1640988306.577269 1640056778 c0:98:e5:42:00:2c 320 
1640988306.577361 480 481 491 506 515 529 532 532 550 557 562 562 563 577 579 
1640988306.577469 580 594 596 603 605 613 617 625 626 629 632 635 645 647 800 
1640988307.267674 ### RSSI: -50, 6, 1640056779 ,1651 
1640988307.580925 ### DEBUG: Ticks: 1656, 16, 1 
1640988307.581207 1640056779 c0:98:e5:42:00:2c 310 
1640988307.581390 494 511 533 533 560 561 576 589 591 604 606 609 611 615 620 
1640988307.581581 622 636 638 642 654 664 666 677 679 687 689 691 694 707 849 
1640988308.264663 ### RSSI: -47, 9, 1640056780 ,1667 
1640988308.579990 ### DEBUG: Ticks: 1672, 16, 1 
1640988308.580271 1640056780 c0:98:e5:42:00:2c 350 
1640988308.580452 499 521 537 563 567 573 573 575 576 598 608 615 618 619 620 
1640988308.580644 628 630 632 634 640 646 650 652 668 673 679 680 685 745 830 
1640988309.271965 ### RSSI: -55, 34, 1640056781 ,1682 
1640988309.582361 ### DEBUG: Ticks: 1687, 15, 1 
1640988309.582540 1640056781 c0:98:e5:42:00:2c 330 
1640988309.582609 499 517 522 525 540 543 548 563 584 590 597 604 606 611 622 
1640988309.582675 628 638 638 641 642 649 660 671 672 674 685 687 688 832 0 
1640988310.265943 ### RSSI: -47, 18, 1640056782 ,1698 
1640988310.573090 ### DEBUG: Ticks: 1703, 16, 1 
1640988310.585456 1640056782 c0:98:e5:42:00:2c 300 
1640988310.585852 442 492 505 511 513 520 527 528 542 544 564 570 576 580 591 
1640988310.586153 592 594 599 600 602 614 618 627 632 634 638 663 665 673 817 
1640988311.266220 ### RSSI: -47, 10, 1640056783 ,1714 
1640988311.576834 ### DEBUG: Ticks: 1718, 15, 1 
1640988311.577003 1640056783 c0:98:e5:42:00:2c 284 
1640988311.577098 401 403 443 452 466 469 478 485 485 487 508 513 515 520 520 
1640988311.577193 520 525 527 530 539 539 539 551 565 567 569 586 590 619 644 
1640988312.269576 ### RSSI: -51, 27, 1640056784 ,1729 
1640988312.578268 ### DEBUG: Ticks: 1734, 16, 1 
1640988312.578563 1640056784 c0:98:e5:42:00:2c 317 
1640988312.578747 463 499 520 527 537 540 542 544 547 547 549 556 565 587 597 
1640988312.578986 606 610 619 621 624 629 636 640 655 669 679 682 688 708 848 
1640988313.268708 ### RSSI: -51, 21, 1640056785 ,1745 
1640988313.576534 ### DEBUG: Ticks: 1750, 16, 1 
1640988313.576691 1640056785 c0:98:e5:42:00:2c 308 
1640988313.576765 444 491 505 507 517 526 529 533 546 559 579 593 595 597 598 
1640988313.576836 598 603 604 607 611 626 633 638 640 641 652 663 669 801 0 
1640988313.941839 ### INFO: SD card flushed!
1640988314.272221 ### RSSI: -45, 4, 1640056786 ,1760 
1640988314.575591 ### DEBUG: Ticks: 1765, 15, 1 
1640988314.575762 1640056786 c0:98:e5:42:00:2c 377 
1640988314.575854 502 508 521 524 541 544 549 553 556 557 570 575 576 585 586 
1640988314.576005 588 615 616 616 616 622 630 630 632 659 662 675 686 688 852 
1640988315.272378 ### RSSI: -49, 27, 1640056787 ,1776 
1640988316.265986 ### RSSI: -50, 29, 1640056788 ,1792 
1640988317.264962 ### RSSI: -50, 21, 1640056789 ,1807 
1640988317.584132 ### DEBUG: Ticks: 1812, 47, 1 
1640988317.584280 1640056789 c0:98:e5:42:00:2c 266 
1640988317.584354 436 440 457 474 475 480 501 507 511 512 518 522 522 526 533 
1640988317.584430 534 546 546 558 562 564 565 568 572 587 605 620 634 644 672 
1640988318.269916 ### RSSI: -50, 32, 1640056790 ,1823 
1640988318.579458 ### DEBUG: Ticks: 1828, 16, 1 
1640988318.579592 1640056790 c0:98:e5:42:00:2c 332 
1640988318.579668 452 502 522 527 529 538 549 554 561 581 586 598 603 616 616 
1640988318.579736 635 638 638 639 640 641 647 653 654 666 678 681 696 699 718 
1640988319.261928 ### RSSI: -51, 25, 1640056791 ,1838 
1640988319.578020 ### DEBUG: Ticks: 1843, 15, 1 
1640988319.578304 1640056791 c0:98:e5:42:00:2c 332 
1640988319.578486 509 531 537 541 561 562 564 565 573 575 581 595 596 598 601 
1640988319.578675 601 604 608 614 617 620 631 651 655 656 677 678 681 705 863 
1640988320.271561 ### RSSI: -47, 8, 1640056792 ,1854 
1640988320.576776 ### DEBUG: Ticks: 1859, 16, 1 
1640988320.576920 1640056792 c0:98:e5:42:00:2c 333 
1640988320.576999 475 518 532 542 545 567 575 591 592 595 599 602 608 609 612 
1640988320.577075 614 623 626 627 633 634 636 638 648 650 655 662 678 681 690 
1640988321.268095 ### RSSI: -48, 16, 1640056793 ,1870 
1640988321.574693 ### DEBUG: Ticks: 1875, 16, 1 
1640988321.574979 1640056793 c0:98:e5:42:00:2c 342 
1640988321.586213 465 471 472 482 488 501 505 519 521 523 530 532 572 573 573 
1640988321.586499 584 586 594 598 600 601 604 606 614 615 616 623 635 638 834 
1640988322.264043 ### RSSI: -50, 29, 1640056793 ,1885 
1640988322.578534 ### DEBUG: Ticks: 1890, 15, 1 
1640988322.578691 1640056794 c0:98:e5:42:00:2c 300 
1640988322.578777 404 457 470 471 485 491 496 497 536 552 557 563 564 565 565 
1640988322.578888 570 576 580 583 588 589 590 598 607 612 617 632 633 676 793 
1640988323.268155 ### RSSI: -50, 32, 1640056794 ,1901 
1640988324.269663 ### RSSI: -47, 9, 1640056795 ,1917 
1640988325.262539 ### RSSI: -46, 5, 1640056796 ,1932 
1640988325.575921 ### DEBUG: Ticks: 1937, 47, 1 
1640988325.576150 1640056797 c0:98:e5:42:00:2c 328 
1640988325.576287 500 529 546 559 570 585 588 590 603 609 624 624 625 626 626 
1640988325.576428 635 640 649 651 652 652 662 666 672 677 702 735 743 746 868 
1640988326.262451 ### RSSI: -45, 1, 1640056797 ,1948 
1640988327.265901 ### RSSI: -50, 28, 1640056798 ,1963 
1640988328.265453 ### RSSI: -46, 2, 1640056799 ,1979 
1640988328.577990 ### DEBUG: Ticks: 1984, 47, 1 
1640988328.578273 1640056800 c0:98:e5:42:00:2c 357 
1640988328.578457 509 520 538 545 557 570 583 583 603 607 612 625 634 644 652 
1640988328.578645 656 661 663 664 665 677 685 689 695 701 711 717 718 720 735 
1640988329.273341 ### RSSI: -51, 20, 1640056801 ,1995 
1640988329.583999 ### DEBUG: Ticks: 2000, 16, 1 
1640988329.584131 1640056801 c0:98:e5:42:00:2c 334 
1640988329.584182 484 510 511 517 518 528 531 542 568 569 569 574 580 583 585 
1640988329.584231 587 591 594 596 596 597 616 623 626 626 643 659 667 686 0 
1640988330.262335 ### RSSI: -48, 11, 1640056802 ,2010 
1640988330.577124 ### DEBUG: Ticks: 2015, 15, 1 
1640988330.577351 1640056802 c0:98:e5:42:00:2c 335 
1640988330.577488 490 524 531 533 540 543 551 571 584 594 607 612 616 620 622 
1640988330.577628 626 631 635 637 638 659 664 666 675 676 685 686 717 723 726 
1640988331.262784 ### RSSI: -45, 3, 1640056803 ,2026 
1640988331.574254 ### DEBUG: Ticks: 2031, 16, 1 
1640988331.574423 1640056803 c0:98:e5:42:00:2c 276 
1640988331.586841 449 483 500 502 507 512 513 523 540 541 545 546 548 550 552 
1640988331.587094 553 564 565 571 574 576 585 596 596 597 602 613 627 629 668 
1640988332.270217 ### RSSI: -50, 27, 1640056804 ,2042 
1640988332.583658 ### DEBUG: Ticks: 2046, 15, 1 
1640988332.583948 1640056804 c0:98:e5:42:00:2c 290 
1640988332.584131 469 472 501 517 519 524 525 535 542 547 553 566 567 577 579 
1640988332.584348 583 588 589 601 603 609 613 614 614 618 620 634 645 658 846 
1640988333.268560 ### RSSI: -48, 12, 1640056805 ,2057 
1640988333.582009 ### DEBUG: Ticks: 2062, 16, 1 
1640988333.582295 1640056805 c0:98:e5:42:00:2c 344 
1640988333.582477 504 525 530 533 555 555 558 571 573 577 581 595 600 611 618 
1640988333.582721 620 625 625 629 632 638 645 651 654 662 676 685 729 862 0 
1640988334.265283 ### RSSI: -51, 25, 1640056806 ,2073 
1640988334.578824 ### DEBUG: Ticks: 2078, 16, 1 
1640988334.579080 1640056806 c0:98:e5:42:00:2c 355 
1640988334.579237 508 536 541 546 548 550 555 567 567 570 572 603 615 617 623 
1640988334.579397 625 625 631 635 643 643 648 656 667 692 717 724 728 729 882 
1640988335.263147 ### RSSI: -50, 35, 1640056807 ,2088 
1640988335.580099 ### DEBUG: Ticks: 2093, 15, 1 
1640988335.580251 1640056807 c0:98:e5:42:00:2c 363 
1640988335.580327 440 480 492 499 501 503 505 506 520 536 541 548 552 552 562 
1640988335.580390 567 569 569 574 576 581 581 592 597 602 606 616 618 681 688 
1640988336.264526 ### RSSI: -50, 30, 1640056808 ,2104 
1640988336.578265 ### DEBUG: Ticks: 2109, 16, 1 
1640988336.578408 1640056808 c0:98:e5:42:00:2c 336 
1640988336.578483 494 496 524 532 536 542 550 554 563 578 591 595 598 612 613 
1640988336.578556 617 622 625 626 636 646 649 656 657 665 666 670 677 681 705 
1640988337.270186 ### RSSI: -52, 23, 1640056809 ,2120 
1640988337.582423 ### DEBUG: Ticks: 2124, 15, 1 
1640988337.582714 1640056809 c0:98:e5:42:00:2c 276 
1640988337.582895 433 435 465 469 483 490 500 511 527 528 530 532 540 542 552 
1640988337.583129 555 556 560 561 561 562 577 589 590 597 601 602 611 649 806 
1640988338.270032 ### RSSI: -45, 1, 1640056810 ,2135 
1640988338.583585 ### DEBUG: Ticks: 2140, 16, 1 
1640988338.583861 1640056810 c0:98:e5:42:00:2c 322 
1640988338.584060 410 419 424 448 449 460 470 475 476 478 479 496 499 503 510 
1640988338.584287 519 521 534 539 549 558 561 568 570 571 575 575 575 628 629 
1640988339.267707 ### RSSI: -46, 2, 1640056811 ,2151 
1640988340.263989 ### RSSI: -50, 27, 1640056812 ,2166 
1640988341.271287 ### RSSI: -48, 13, 1640056813 ,2182 
1640988341.586552 ### DEBUG: Ticks: 2187, 47, 1 
1640988341.586677 1640056813 c0:98:e5:42:00:2c 364 
1640988341.586735 496 497 514 515 515 525 527 529 540 550 555 567 567 572 580 
1640988341.586791 586 595 604 606 608 616 618 619 619 639 639 641 653 659 666 
1640988342.262000 ### RSSI: -46, 4, 1640056814 ,2198 
1640988342.576654 ### DEBUG: Ticks: 2203, 16, 1 
1640988342.576940 1640056814 c0:98:e5:42:00:2c 376 
1640988342.577687 608 619 633 635 637 643 649 659 684 707 711 717 721 721 722 
1640988342.578417 725 726 727 728 741 746 750 753 763 785 790 800 806 807 815 
1640988343.262641 ### RSSI: -49, 36, 1640056815 ,2213 
1640988343.581834 ### DEBUG: Ticks: 2218, 15, 1 
1640988343.582114 1640056815 c0:98:e5:42:00:2c 305 
1640988343.582312 465 501 502 512 514 518 524 527 539 542 544 557 558 561 565 
1640988343.582512 565 566 567 574 582 587 596 600 604 611 621 629 658 670 813 
1640988344.265680 ### RSSI: -48, 10, 1640056816 ,2229 
1640988344.576244 ### DEBUG: Ticks: 2234, 16, 1 
1640988344.576418 1640056816 c0:98:e5:42:00:2c 316 
1640988344.576503 440 481 520 531 534 547 547 548 555 567 571 578 581 582 586 
1640988344.587662 589 591 596 600 618 621 624 625 633 636 639 664 671 690 806 
1640988345.268075 ### RSSI: -52, 23, 1640056817 ,2245 
1640988345.579041 ### DEBUG: Ticks: 2249, 15, 1 
1640988345.579582 1640056817 c0:98:e5:42:00:2c 363 
1640988345.580039 468 481 517 525 538 567 568 569 570 574 586 593 594 596 597 
1640988345.580347 604 611 611 615 616 620 620 635 644 647 649 652 666 676 851 
1640988346.271097 ### RSSI: -47, 16, 1640056818 ,2260 
1640988346.582326 ### DEBUG: Ticks: 2265, 16, 1 
1640988346.582621 1640056818 c0:98:e5:42:00:2c 268 
1640988346.582802 389 408 425 459 462 475 477 501 502 508 511 524 525 527 535 
1640988346.582991 538 540 542 550 560 566 567 578 580 590 590 592 608 614 791 
1640988347.270131 ### RSSI: -46, 5, 1640056818 ,2276 
1640988347.580635 ### DEBUG: Ticks: 2281, 16, 1 
1640988347.580841 1640056819 c0:98:e5:42:00:2c 364 
1640988347.581025 515 541 542 548 557 572 585 610 619 620 624 626 643 650 652 
1640988347.581165 653 654 656 667 669 672 683 684 684 690 706 728 736 743 765 
1640988348.269599 ### RSSI: -50, 30, 1640056819 ,2291 
1640988349.263929 ### RSSI: -52, 34, 1640056820 ,2307 
1640988350.270151 ### RSSI: -45, 7, 1640056821 ,2323 
1640988350.578898 ### DEBUG: Ticks: 2328, 47, 1 
1640988350.579194 1640056822 c0:98:e5:42:00:2c 319 
1640988350.579377 465 471 486 504 517 544 545 550 557 559 579 587 595 596 596 
1640988350.579565 599 600 603 603 604 610 615 616 623 632 633 651 654 690 847 
1640988351.261082 ### RSSI: -50, 30, 1640056822 ,2338 
1640988351.585068 ### DEBUG: Ticks: 2343, 15, 1 
1640988351.585348 1640056823 c0:98:e5:42:00:2c 335 
1640988351.585444 468 473 491 496 517 525 534 535 540 558 594 595 598 601 605 
1640988351.585538 613 616 618 618 620 625 629 630 638 650 651 657 683 688 840 
1640988352.267665 ### RSSI: -47, 8, 1640056823 ,2354 
1640988352.580689 ### DEBUG: Ticks: 2359, 16, 1 
1640988352.580841 1640056824 c0:98:e5:42:00:2c 365 
1640988352.580910 530 553 564 575 577 580 605 606 609 618 638 646 646 650 665 
1640988352.580973 666 669 670 673 676 684 696 701 705 708 725 744 770 770 0 
1640988353.268809 ### RSSI: -46, 2, 1640056825 ,2370 
1640988353.584822 ### DEBUG: Ticks: 2374, 15, 1 
1640988353.585098 1640056825 c0:98:e5:42:00:2c 296 
1640988353.585294 468 484 493 502 509 522 524 537 540 542 544 554 555 556 571 
1640988353.585492 574 576 579 582 594 595 597 611 616 617 634 642 678 700 711 
1640988354.267600 ### RSSI: -51, 10, 1640056826 ,2385 
1640988355.268077 ### RSSI: -48, 12, 1640056827 ,2401 
1640988356.259697 ### RSSI: -45, 8, 1640056828 ,2416 
1640988356.582165 ### DEBUG: Ticks: 2421, 47, 1 
1640988356.582448 1640056828 c0:98:e5:42:00:2c 317 
1640988356.582642 454 475 477 500 516 518 523 524 530 533 539 540 544 553 555 
1640988356.582842 555 559 569 571 589 591 594 596 598 598 616 622 634 664 0 
1640988357.265381 ### RSSI: -48, 13, 1640056829 ,2432 
1640988357.578782 ### DEBUG: Ticks: 2437, 16, 1 
1640988357.578970 1640056829 c0:98:e5:42:00:2c 293 
1640988357.579054 498 501 508 514 527 529 530 545 551 552 553 554 563 565 567 
1640988357.579137 578 578 582 605 606 609 609 622 628 640 649 655 655 689 816 
1640988358.264677 ### RSSI: -51, 25, 1640056830 ,2448 
1640988358.583198 ### DEBUG: Ticks: 2453, 16, 1 
1640988358.583405 1640056830 c0:98:e5:42:00:2c 317 
1640988358.583496 518 531 545 557 560 565 571 572 580 584 587 588 588 613 614 
1640988358.583585 614 617 630 632 651 653 657 663 676 676 701 717 732 737 757 
1640988359.265325 ### RSSI: -49, 36, 1640056831 ,2463 
1640988361.099531 
1640988361.099810 ----------------------------------------------
1640988361.100005 ### WARNING: Chip experienced a reset with reason 2
1640988361.340722 ### INFO: Bluetooth address: c0:98:e5:42:00:29
1640988361.352516 ### DEBUG: Time is 00:00:00, 2000/00/00
1640988361.352794 ### INFO: Time is 00:00:00, 2000/00/00
1640988361.456134 ### INFO: Initializing SD Card...
1640988361.675325 ### INFO: Connecting to the SquarePoint module...
1640988361.675486 ### INFO: SquarePoint module connection successful
1640988361.675594 ### INFO: Battery voltage currently 4014 mV
1640988361.788686 ### INFO: SD card flushed!
1640988361.822653 ### INFO: SD card flushed!
1640988361.822887 ### DEBUG: BLE START SCANNING called
1640988362.580154 ### DEBUG: Ticks: 23, 23, 0 
1640988362.580437 1640056834 c0:98:e5:42:00:2c 348 
1640988362.580646 441 466 487 490 521 524 524 526 536 547 554 561 561 569 575 
1640988362.580898 576 578 595 598 607 611 615 617 627 642 648 660 675 676 835 
1640988362.581075 ### INFO: Switched Scheduler EUI from 00:00:00:00:00:00 to c0:98:e5:42:00:2c
1640988362.581255 ### DEBUG: BLE STOP SCANNING called
1640988362.670498 ### DEBUG: BLE START SCANNING called
1640988363.583189 ### DEBUG: Ticks: 38, 15, 0 
1640988363.583344 1640056835 c0:98:e5:42:00:2c 279 
1640988363.583430 407 424 425 442 442 471 483 485 486 500 508 509 521 526 526 
1640988363.583511 527 537 540 543 543 543 551 555 581 586 604 614 614 622 654 
1640988363.767268 ### DEBUG: BLE START SCANNING called
1640988363.778860 ### DEBUG: BLE START SCANNING called
1640988363.992771 ### INFO: Device is now STATIONARY
1640988364.579589 ### DEBUG: Ticks: 54, 16, 0 
1640988364.579872 1640056836 c0:98:e5:42:00:2c 344 
1640988364.580056 478 495 502 509 526 536 558 558 559 561 564 566 572 578 585 
1640988364.580245 588 594 602 606 610 611 612 616 620 632 632 641 675 704 739 
1640988364.854567 ### DEBUG: BLE START SCANNING called
1640988364.865524 ### DEBUG: BLE START SCANNING called
1640988364.878599 ### addr: c0:98:e5:42:00:2c 
1640988364.878708 ### on_adv_report outer RSSI: -48, time:1640056836 
1640988364.878758 ### INFO: Discovered new device: c0:98:e5:42:00:2c
1640988364.878810 ### DEBUG: connected? already connected
1640988364.878858 ### DEBUG: BLE START SCANNING called
1640988364.927934 ### BLE EVENT: 16, INFO: BLE CONNECTED!
1640988364.928044 ### DEBUG: BLE START SCANNING called
1640988364.928094 ### RSSI: -51, 26, 1640056836 ,59 
1640988364.928142 ### DEBUG: BLE START SCANNING called
1640988365.036457 ### RSSI: -49, 27, 1640056837 ,61 
1640988365.036604 ### DEBUG: BLE START SCANNING called
1640988365.132261 ### RSSI: -48, 19, 1640056837 ,63 
1640988365.132417 ### DEBUG: BLE START SCANNING called
1640988365.228691 ### RSSI: -47, 6, 1640056837 ,64 
1640988365.240295 ### DEBUG: BLE START SCANNING called
1640988365.334034 ### RSSI: -48, 14, 1640056837 ,66 
1640988365.334157 ### DEBUG: BLE START SCANNING called
1640988365.427863 ### RSSI: -46, 9, 1640056837 ,67 
1640988365.440504 ### DEBUG: BLE START SCANNING called
1640988365.535508 ### RSSI: -47, 16, 1640056837 ,69 
1640988365.535753 ### DEBUG: BLE START SCANNING called
1640988365.584675 ### DEBUG: Ticks: 70, 16, 1 
1640988365.584913 1640056837 c0:98:e5:42:00:2c 324 
1640988365.585002 496 511 524 532 542 543 547 558 564 586 599 602 608 611 615 
1640988365.585083 616 629 630 632 635 635 637 638 654 659 664 664 680 689 698 
1640988365.585164 ### DEBUG: BLE START SCANNING called
1640988365.633145 ### RSSI: -47, 17, 1640056837 ,70 
1640988365.633296 ### DEBUG: BLE START SCANNING called
1640988365.682297 ### DEBUG: BLE START SCANNING called
1640988365.730121 ### RSSI: -47, 9, 1640056837 ,72 
1640988365.730245 ### DEBUG: BLE START SCANNING called
1640988365.838136 ### RSSI: -48, 12, 1640056837 ,74 
1640988365.838281 ### DEBUG: BLE START SCANNING called
1640988365.934396 ### RSSI: -51, 25, 1640056838 ,75 
1640988365.934516 ### DEBUG: BLE START SCANNING called
1640988366.028071 ### RSSI: -54, 34, 1640056838 ,77 
1640988366.038631 ### DEBUG: BLE START SCANNING called
1640988366.233531 ### RSSI: -45, 4, 1640056838 ,80 
1640988366.233669 ### DEBUG: BLE START SCANNING called
1640988366.336781 ### RSSI: -50, 35, 1640056838 ,81 
1640988366.336923 ### DEBUG: BLE START SCANNING called
1640988366.434451 ### RSSI: -47, 11, 1640056838 ,83 
1640988366.434720 ### DEBUG: BLE START SCANNING called
1640988366.527471 ### RSSI: -45, 10, 1640056838 ,84 
1640988366.539909 ### DEBUG: BLE START SCANNING called
1640988366.576470 ### DEBUG: Ticks: 85, 15, 1 
1640988366.576693 1640056838 c0:98:e5:42:00:2c 328 
1640988366.576791 483 509 525 531 532 536 536 537 543 562 580 581 584 584 602 
1640988366.576879 608 608 615 623 630 631 647 649 650 650 662 690 699 701 708 
1640988366.588275 ### DEBUG: BLE START SCANNING called
1640988366.639749 ### RSSI: -48, 10, 1640056838 ,86 
1640988366.639875 ### DEBUG: BLE START SCANNING called
1640988366.672582 ### DEBUG: BLE START SCANNING called
1640988367.579496 ### DEBUG: Ticks: 101, 16, 1 
1640988367.579782 1640056839 c0:98:e5:42:00:2c 285 
1640988367.579965 455 480 501 508 514 518 520 535 538 541 544 554 562 563 569 
1640988367.580140 571 572 572 573 575 578 596 608 615 619 621 647 650 653 675 
1640988367.580317 ### DEBUG: BLE START SCANNING called
1640988367.628528 ### RSSI: -47, 10, 1640056839 ,102 
1640988367.628817 ### DEBUG: BLE START SCANNING called
1640988368.579952 ### DEBUG: Ticks: 116, 15, 1 
1640988368.580242 1640056840 c0:98:e5:42:00:2c 355 
1640988368.580425 482 513 517 526 533 539 541 546 560 563 573 591 595 600 607 
1640988368.580617 610 613 617 623 629 633 643 645 646 655 658 662 672 680 712 
1640988368.638739 ### RSSI: -51, 26, 1640056840 ,117 
1640988369.577810 ### DEBUG: Ticks: 132, 16, 1 
1640988369.578098 1640056841 c0:98:e5:42:00:2c 354 
1640988369.578280 530 546 552 600 609 614 620 621 625 630 637 637 638 646 655 
1640988369.578470 655 655 655 662 662 667 674 684 690 694 706 711 714 726 905 
1640988369.637176 ### RSSI: -50, 29, 1640056841 ,133 
1640988370.580693 ### DEBUG: Ticks: 148, 16, 1 
1640988370.580986 1640056842 c0:98:e5:42:00:2c 335 
1640988370.581170 528 541 544 546 546 554 569 574 581 584 592 593 607 610 613 
1640988370.581390 624 627 627 643 646 651 653 655 656 665 677 692 695 696 714 
1640988370.634433 ### RSSI: -47, 7, 1640056842 ,148 
1640988371.585266 ### DEBUG: Ticks: 163, 15, 1 
1640988371.585555 1640056843 c0:98:e5:42:00:2c 316 
1640988371.585837 508 519 528 539 551 552 558 562 565 568 571 581 586 590 594 
1640988371.586194 598 609 610 615 618 628 629 638 650 667 691 695 697 708 722 
1640988371.632002 ### RSSI: -46, 4, 1640056843 ,164 
1640988372.580462 ### DEBUG: Ticks: 179, 16, 1 
1640988372.580753 1640056844 c0:98:e5:42:00:2c 300 
1640988372.580935 463 489 501 505 505 513 524 529 531 552 582 587 597 597 598 
1640988372.581124 602 606 608 608 613 615 620 621 632 632 638 648 648 667 671 
1640988372.636392 ### RSSI: -50, 32, 1640056845 ,180 
1640988373.582126 ### DEBUG: Ticks: 195, 16, 1 
1640988373.582294 1640056845 c0:98:e5:42:00:2c 338 
1640988373.582386 484 501 542 549 558 569 571 576 584 589 621 622 623 624 624 
1640988373.582474 630 642 644 651 651 652 657 660 665 672 693 702 705 709 870 
1640988373.628065 ### RSSI: -47, 16, 1640056845 ,195 
1640988374.583335 ### DEBUG: Ticks: 210, 15, 1 
1640988374.583624 1640056846 c0:98:e5:42:00:2c 328 
1640988374.583805 534 534 551 565 578 587 600 605 607 608 627 632 645 654 655 
1640988374.583992 656 664 674 683 686 694 700 713 715 715 721 722 727 789 911 
1640988374.628394 ### RSSI: -50, 31, 1640056846 ,211 
1640988375.578386 ### DEBUG: Ticks: 226, 16, 1 
1640988375.578516 1640056847 c0:98:e5:42:00:2c 305 
1640988375.578577 485 502 512 514 541 544 557 566 574 585 589 594 601 604 608 
1640988375.578641 612 615 617 617 619 631 632 633 644 656 669 671 675 723 864 
1640988375.628543 ### RSSI: -50, 33, 1640056847 ,227 
1640988376.585623 ### DEBUG: Ticks: 241, 15, 1 
1640988376.585808 1640056848 c0:98:e5:42:00:2c 311 
1640988376.585866 475 496 501 522 528 543 544 575 576 591 594 599 602 605 623 
1640988376.585926 624 625 625 626 626 628 636 644 649 651 652 663 671 686 689 
1640988376.633158 ### RSSI: -50, 20, 1640056848 ,242 
1640988377.585706 ### DEBUG: Ticks: 257, 16, 1 
1640988377.585887 1640056849 c0:98:e5:42:00:2c 333 
1640988377.585943 429 434 445 458 462 480 480 495 501 509 514 515 518 523 528 
1640988377.586088 534 536 541 541 550 558 561 568 580 582 582 590 610 610 780 
1640988377.634526 ### RSSI: -50, 26, 1640056849 ,258 
1640988378.580732 ### DEBUG: Ticks: 273, 16, 1 
1640988378.580870 1640056850 c0:98:e5:42:00:2c 300 
1640988378.580949 483 511 519 529 530 548 548 553 557 562 563 570 570 576 596 
1640988378.581026 604 609 612 614 617 622 624 625 630 632 652 656 665 671 806 
1640988378.637537 ### RSSI: -48, 11, 1640056850 ,273 
1640988379.583354 ### DEBUG: Ticks: 288, 15, 1 
1640988379.583491 1640056851 c0:98:e5:42:00:2c 250 
1640988379.583556 383 401 422 431 431 434 444 455 460 463 470 474 477 481 487 
1640988379.583619 515 516 520 520 521 525 528 546 553 560 564 573 580 582 631 
1640988379.629039 ### RSSI: -50, 28, 1640056851 ,289 
1640988380.581727 ### DEBUG: Ticks: 304, 16, 1 
1640988380.582056 1640056852 c0:98:e5:42:00:2c 335 
1640988380.582148 532 580 588 602 617 620 627 633 639 640 642 656 659 661 665 
1640988380.582314 678 683 687 687 696 697 698 698 730 735 737 752 772 816 921 
1640988380.628646 ### RSSI: -47, 6, 1640056852 ,305 
1640988381.584157 ### DEBUG: Ticks: 319, 15, 1 
1640988381.584292 1640056853 c0:98:e5:42:00:2c 341 
1640988381.584357 474 488 498 499 513 533 550 563 567 568 569 572 573 583 585 
1640988381.584424 589 590 595 599 602 604 605 616 620 640 645 652 657 661 834 
1640988381.631559 ### RSSI: -49, 27, 1640056853 ,320 
1640988382.584525 ### DEBUG: Ticks: 335, 16, 1 
1640988382.584808 1640056854 c0:98:e5:42:00:2c 345 
1640988382.584992 480 481 481 499 499 505 541 541 569 570 571 572 576 577 579 
1640988382.585374 580 587 590 592 596 602 608 614 619 622 629 646 647 720 847 
1640988382.628177 ### RSSI: -46, 3, 1640056854 ,336 
1640988383.580314 ### DEBUG: Ticks: 351, 16, 1 
1640988383.580438 1640056855 c0:98:e5:42:00:2c 329 
1640988383.580496 488 498 542 542 567 571 574 577 579 586 587 587 601 603 607 
1640988383.580552 622 625 631 634 636 640 641 643 644 649 675 678 698 704 710 
1640988383.635863 ### RSSI: -44, 3, 1640056855 ,352 
1640988384.581007 ### DEBUG: Ticks: 366, 15, 1 
1640988384.581293 1640056856 c0:98:e5:42:00:2c 341 
1640988384.581475 521 529 550 553 578 579 581 592 594 605 607 617 622 641 641 
1640988384.581882 645 648 655 658 658 661 670 681 682 683 692 700 740 740 769 
1640988384.627822 ### RSSI: -51, 33, 1640056856 ,367 
1640988385.585981 ### DEBUG: Ticks: 382, 16, 1 
1640988385.586153 1640056857 c0:98:e5:42:00:2c 317 
1640988385.586244 504 508 535 536 554 560 562 563 582 615 621 622 631 634 634 
1640988385.586333 635 641 644 653 654 655 671 672 684 686 701 712 716 728 885 
1640988385.633364 ### RSSI: -46, 2, 1640056857 ,383 
1640988386.631591 ### RSSI: -45, 4, 1640056858 ,398 
1640988387.631740 ### RSSI: -47, 8, 1640056859 ,414 
1640988388.577119 ### DEBUG: Ticks: 429, 47, 1 
1640988388.577342 1640056860 c0:98:e5:42:00:2c 307 
1640988388.577523 501 504 520 527 551 555 555 559 559 565 590 596 599 600 613 
1640988388.588631 615 618 624 629 633 636 646 647 653 672 673 681 681 704 891 
1640988388.634800 ### RSSI: -51, 26, 1640056860 ,430 
1640988389.578136 ### DEBUG: Ticks: 444, 15, 1 
1640988389.578418 1640056861 c0:98:e5:42:00:2c 307 
1640988389.578601 483 531 532 537 540 546 548 570 573 574 584 588 594 600 613 
1640988389.578814 615 619 625 625 627 634 637 648 649 661 673 674 675 675 741 
1640988389.626811 ### RSSI: -50, 33, 1640056861 ,445 
1640988390.585244 ### DEBUG: Ticks: 460, 16, 1 
1640988390.585527 1640056862 c0:98:e5:42:00:2c 314 
1640988390.585866 467 480 484 505 515 515 520 527 550 551 560 566 567 568 569 
1640988390.586051 570 580 582 591 598 604 605 605 606 615 632 633 646 661 843 
1640988390.631437 ### RSSI: -51, 25, 1640056862 ,461 
1640988391.628920 ### RSSI: -48, 14, 1640056863 ,476 
1640988392.635475 ### RSSI: -47, 15, 1640056864 ,492 
1640988393.584968 ### DEBUG: Ticks: 507, 47, 1 
1640988393.585264 1640056865 c0:98:e5:42:00:2c 322 
1640988393.585447 516 557 570 581 585 600 601 610 614 614 619 627 628 636 641 
1640988393.585634 648 656 660 665 667 676 693 710 717 718 725 749 766 776 907 
1640988393.631873 ### RSSI: -47, 17, 1640056865 ,508 
1640988394.581921 ### DEBUG: Ticks: 523, 16, 1 
1640988394.582210 1640056866 c0:98:e5:42:00:2c 363 
1640988394.582322 476 493 498 505 506 509 513 520 537 540 547 550 553 553 558 
1640988394.582437 562 563 568 588 589 591 593 596 606 607 622 643 650 656 815 
1640988394.627566 ### RSSI: -50, 27, 1640056866 ,523 
1640988395.578177 ### DEBUG: Ticks: 538, 15, 1 
1640988395.578445 1640056867 c0:98:e5:42:00:2c 369 
1640988395.578640 472 477 481 496 515 517 527 539 561 566 569 599 601 605 605 
1640988395.578817 630 635 636 636 638 639 647 652 656 663 665 673 683 691 865 
1640988395.636064 ### RSSI: -48, 13, 1640056867 ,539 
1640988396.635543 ### RSSI: -47, 16, 1640056869 ,555 
1640988397.637427 ### RSSI: -45, 2, 1640056870 ,570 
1640988398.585720 ### DEBUG: Ticks: 585, 47, 1 
1640988398.586168 1640056870 c0:98:e5:42:00:2c 266 
1640988398.586260 435 472 472 482 486 494 498 505 507 523 524 528 529 532 533 
1640988398.586354 533 537 541 541 543 549 555 566 577 580 591 598 600 650 659 
1640988398.633436 ### RSSI: -52, 34, 1640056870 ,586 
1640988399.584438 ### DEBUG: Ticks: 601, 16, 1 
1640988399.584736 1640056871 c0:98:e5:42:00:2c 324 
1640988399.584936 471 482 510 519 523 525 525 537 538 538 546 585 590 595 597 
1640988399.585116 605 606 607 608 614 616 630 640 645 674 681 693 711 712 0 
1640988399.630138 ### RSSI: -50, 31, 1640056871 ,601 
1640988400.580563 ### DEBUG: Ticks: 616, 15, 1 
1640988400.580859 1640056872 c0:98:e5:42:00:2c 391 
1640988400.581064 531 552 594 596 608 614 616 621 622 627 637 640 641 647 651 
1640988400.581484 661 663 666 684 685 685 696 699 702 702 719 724 738 740 741 
1640988400.627449 ### RSSI: -47, 15, 1640056872 ,617 
1640988401.586077 ### DEBUG: Ticks: 632, 16, 1 
1640988401.586237 1640056873 c0:98:e5:42:00:2c 332 
1640988401.586347 527 528 537 580 593 594 595 601 601 611 634 635 641 659 665 
1640988401.586522 666 667 674 674 682 691 694 699 704 705 717 738 756 764 772 
1640988401.630515 ### RSSI: -50, 35, 1640056873 ,633 
1640988401.945723 ### INFO: SD card flushed!
1640988402.581267 ### DEBUG: Ticks: 648, 16, 1 
1640988402.581501 1640056874 c0:98:e5:42:00:2c 270 
1640988402.581600 393 417 422 432 449 453 464 473 474 478 480 481 482 491 491 
1640988402.581702 492 495 502 511 517 517 525 526 537 538 542 543 564 574 580 
1640988402.627517 ### RSSI: -45, 20, 1640056874 ,648 
1640988403.581056 ### DEBUG: Ticks: 663, 15, 1 
1640988403.581351 1640056875 c0:98:e5:42:00:2c 341 
1640988403.581533 477 492 506 509 532 544 545 546 559 560 601 603 608 615 619 
1640988403.581721 620 621 624 628 636 637 639 642 647 652 655 675 681 681 709 
1640988403.628094 ### RSSI: -51, 25, 1640056875 ,664 
1640988404.580602 ### DEBUG: Ticks: 679, 16, 1 
1640988404.580784 1640056876 c0:98:e5:42:00:2c 315 
1640988404.580875 495 495 526 531 531 547 547 552 586 591 593 596 602 603 609 
1640988404.580970 612 619 630 633 635 636 636 643 668 679 680 683 691 716 845 
1640988404.626431 ### RSSI: -50, 32, 1640056876 ,680 
