### HEADER for file '29@12-14.log'; Device: c0:98:e5:42:00:29; Firmware: e83318e8-dirty; Date: 2021/12/14 23:01:52; Timestamp: 1639522912
### Device booted at 2021/12/14 23:01:52; Timestamp: 1639522912
### BATTERY VOLTAGE: 3255 mV; Timestamp: 1639522912
### CHARGING STATUS: NOT PLUGGED IN and NOT CHARGING; Timestamp: 1639522912
### Device booted at 2021/12/14 23:01:52; Timestamp: 1639522912
### BATTERY VOLTAGE: 3992 mV; Timestamp: 1639522912
### CHARGING STATUS: NOT PLUGGED IN and NOT CHARGING; Timestamp: 1639522912
### MOTION CHANGE: STATIONARY; Timestamp: 1639522913
### MOTION CHANGE: IN MOTION; Timestamp: 1639522919
1639523084	c0:98:e5:42:00:2c	000244	000408	000419	000425	000427	000430	000434	000441	000456	000466	000467	000470	000470	000478	000484	000488	000490	000492	000496	000499	000506	000509	000513	000515	000516	000523	000539	000555	000569	000569	000603	002639
1639523085	c0:98:e5:42:00:2c	000252	000434	000454	000456	000466	000467	000470	000473	000475	000478	000489	000491	000498	000499	000500	000501	000502	000503	000514	000517	000537	000541	000546	000552	000558	000561	000582	000586	000586	000619	000640	002655
1639523086	c0:98:e5:42:00:2c	000237	000387	000412	000427	000430	000431	000435	000439	000439	000456	000463	000464	000467	000468	000471	000474	000479	000482	000488	000490	000497	000501	000516	000521	000525	000533	000538	000550	000561	000591	000000	002671
1639523087	c0:98:e5:42:00:2c	000266	000439	000464	000470	000477	000479	000489	000491	000497	000505	000506	000506	000506	000523	000524	000531	000536	000540	000543	000547	000548	000555	000562	000565	000568	000579	000581	000581	000596	000642	000644	002686
1639523088	c0:98:e5:42:00:2c	000275	000464	000485	000492	000495	000498	000517	000527	000532	000533	000534	000535	000535	000548	000550	000551	000552	000566	000572	000574	000575	000580	000586	000591	000598	000609	000609	000610	000612	000651	000677	002702
1639523089	c0:98:e5:42:00:2c	000286	000424	000448	000448	000453	000455	000460	000467	000467	000469	000472	000478	000490	000507	000509	000514	000523	000523	000524	000528	000528	000549	000552	000559	000561	000575	000591	000592	000594	000612	000653	002718
1639523090	c0:98:e5:42:00:2c	000241	000390	000405	000411	000414	000418	000419	000434	000438	000451	000453	000456	000456	000461	000461	000463	000471	000472	000473	000473	000485	000491	000495	000496	000498	000501	000503	000521	000549	000565	000570	002733
1639523091	c0:98:e5:42:00:2c	000276	000457	000462	000486	000487	000492	000494	000495	000500	000505	000513	000514	000521	000524	000525	000525	000527	000534	000543	000553	000555	000556	000557	000565	000566	000581	000599	000610	000631	000644	000648	002749
1639523092	c0:98:e5:42:00:2c	000272	000438	000461	000490	000490	000490	000513	000514	000516	000522	000524	000525	000533	000533	000540	000540	000548	000548	000549	000555	000558	000562	000562	000565	000577	000590	000591	000608	000625	000634	000663	002764
1639523093	c0:98:e5:42:00:2c	000237	000386	000392	000395	000416	000425	000430	000432	000435	000440	000440	000457	000458	000469	000470	000471	000471	000474	000479	000485	000494	000495	000497	000497	000502	000519	000523	000526	000554	000558	000567	002780
1639523094	c0:98:e5:42:00:2c	000233	000403	000419	000434	000436	000445	000447	000449	000455	000456	000458	000459	000459	000460	000462	000466	000468	000474	000483	000486	000498	000500	000504	000505	000506	000508	000524	000532	000539	000561	000564	002796
1639523095	c0:98:e5:42:00:2c	000256	000422	000454	000470	000479	000482	000483	000488	000493	000495	000497	000497	000501	000501	000503	000504	000520	000522	000524	000531	000541	000541	000541	000545	000560	000574	000586	000599	000615	000636	000640	002811
1639523096	c0:98:e5:42:00:2c	000314	000455	000496	000498	000499	000505	000518	000521	000536	000538	000542	000550	000550	000551	000553	000553	000554	000558	000564	000568	000571	000572	000577	000584	000587	000598	000627	000627	000636	000652	000668	002827
1639523097	c0:98:e5:42:00:2c	000231	000382	000385	000393	000405	000413	000421	000432	000435	000438	000441	000452	000456	000460	000460	000462	000464	000467	000468	000476	000478	000480	000482	000489	000496	000526	000526	000536	000560	000563	000579	002843
1639523098	c0:98:e5:42:00:2c	000211	000335	000364	000376	000381	000385	000389	000390	000392	000394	000399	000404	000406	000409	000412	000421	000424	000440	000440	000445	000448	000449	000455	000461	000470	000481	000482	000486	000504	000521	000541	002858
1639523099	c0:98:e5:42:00:2c	000229	000346	000384	000390	000392	000396	000415	000415	000416	000423	000432	000439	000446	000446	000448	000451	000466	000469	000472	000472	000476	000478	000479	000489	000494	000502	000517	000518	000518	000532	000537	002874
1639523100	c0:98:e5:42:00:2c	000272	000413	000430	000430	000439	000443	000445	000450	000452	000457	000459	000470	000470	000472	000474	000480	000488	000495	000495	000498	000511	000515	000529	000530	000533	000536	000548	000557	000575	000577	000633	002889
### RSSI: -57, 36, 1639523101, 2904
1639523101	c0:98:e5:42:00:2c	000235	000386	000400	000406	000406	000413	000419	000426	000434	000438	000438	000446	000446	000467	000469	000469	000473	000476	000477	000481	000484	000491	000498	000499	000512	000517	000522	000528	000538	000552	000556	002905
### RSSI: -60, 0, 1639523101, 2906
### RSSI: -59, 18, 1639523101, 2907
### RSSI: -58, 21, 1639523101, 2909
### RSSI: -58, 31, 1639523102, 2911
### RSSI: -58, 22, 1639523102, 2912
### RSSI: -58, 25, 1639523102, 2914
### RSSI: -59, 8, 1639523102, 2915
### RSSI: -58, 19, 1639523102, 2917
### RSSI: -59, 15, 1639523102, 2918
### RSSI: -59, 0, 1639523102, 2920
1639523102	c0:98:e5:42:00:2c	000248	000383	000411	000421	000444	000447	000452	000462	000469	000471	000472	000478	000484	000487	000489	000489	000503	000511	000513	000514	000518	000518	000528	000530	000535	000541	000551	000571	000577	000577	000616	002921
### RSSI: -59, 20, 1639523102, 2921
### RSSI: -59, 20, 1639523102, 2923
### RSSI: -57, 36, 1639523103, 2925
### RSSI: -59, 29, 1639523103, 2926
### RSSI: -59, 5, 1639523103, 2928
### RSSI: -58, 35, 1639523103, 2929
### MOTION CHANGE: IN MOTION; Timestamp: 1639523103
1639523103	c0:98:e5:42:00:2c	000227	000386	000391	000410	000411	000412	000429	000431	000435	000436	000441	000443	000443	000445	000452	000454	000457	000460	000463	000467	000494	000495	000497	000502	000503	000513	000518	000525	000531	000545	000550	002936
### RSSI: -59, 11, 1639523103, 2939
### RSSI: -59, 7, 1639523104, 2941
### RSSI: -59, 32, 1639523104, 2942
### RSSI: -60, 7, 1639523104, 2944
### RSSI: -60, 19, 1639523104, 2945
### RSSI: -60, 6, 1639523104, 2945
### RSSI: -60, 8, 1639523104, 2946
### RSSI: -61, 13, 1639523104, 2947
### RSSI: -59, 24, 1639523104, 2948
### RSSI: -61, 18, 1639523104, 2948
### RSSI: -60, 24, 1639523104, 2950
### RSSI: -61, 34, 1639523104, 2950
### RSSI: -62, 20, 1639523104, 2951
### RSSI: -62, 35, 1639523104, 2952
1639523104	c0:98:e5:42:00:2c	000269	000452	000468	000473	000478	000485	000489	000490	000494	000508	000515	000516	000525	000525	000528	000531	000545	000554	000557	000576	000583	000584	000592	000596	000601	000602	000608	000625	000640	000658	000688	002952
### RSSI: -62, 11, 1639523104, 2953
### RSSI: -61, 8, 1639523104, 2953
### RSSI: -61, 33, 1639523104, 2954
### RSSI: -60, 22, 1639523105, 2955
### RSSI: -63, 0, 1639523105, 2956
### RSSI: -62, 11, 1639523105, 2956
### RSSI: -61, 8, 1639523105, 2957
### RSSI: -62, 34, 1639523105, 2958
### RSSI: -60, 24, 1639523105, 2959
### RSSI: -61, 31, 1639523105, 2959
### RSSI: -60, 31, 1639523105, 2960
### RSSI: -58, 27, 1639523105, 2961
### RSSI: -62, 1, 1639523105, 2962
### RSSI: -60, 33, 1639523105, 2962
### RSSI: -63, 2, 1639523105, 2964
### RSSI: -62, 15, 1639523105, 2964
1639523105	c0:98:e5:42:00:2c	000255	000438	000439	000441	000460	000473	000478	000479	000483	000486	000487	000489	000490	000494	000501	000510	000510	000524	000526	000526	000532	000537	000538	000559	000560	000566	000570	000582	000587	000634	000766	002968
### RSSI: -60, 5, 1639523106, 2979
### RSSI: -58, 29, 1639523106, 2980
1639523106	c0:98:e5:42:00:2c	000256	000433	000437	000445	000470	000476	000476	000483	000484	000485	000487	000488	000496	000500	000506	000509	000515	000517	000517	000522	000524	000527	000527	000530	000530	000533	000553	000558	000563	000589	000592	002983
### RSSI: -61, 32, 1639523107, 2995
### RSSI: -61, 3, 1639523107, 2995
1639523107	c0:98:e5:42:00:2c	000324	000486	000523	000528	000530	000531	000537	000543	000554	000556	000558	000559	000568	000570	000577	000580	000591	000596	000598	000603	000604	000604	000612	000613	000618	000619	000626	000632	000648	000652	000664	002999
### RSSI: -68, 6, 1639523108, 3010
### RSSI: -64, 24, 1639523108, 3011
1639523108	c0:98:e5:42:00:2c	000728	000953	000967	000977	000982	000989	000990	000991	001000	001001	001004	001006	001006	001009	001010	001011	001013	001015	001017	001019	001053	001063	001066	001069	001070	001071	001073	001090	001099	001101	001395	003014
### RSSI: -67, 4, 1639523109, 3026
### RSSI: -68, 13, 1639523109, 3026
1639523109	c0:98:e5:42:00:2c	000752	000943	000946	000982	000988	000991	000991	001007	001008	001008	001014	001017	001019	001022	001023	001033	001036	001052	001053	001055	001057	001060	001063	001068	001074	001077	001081	001086	001125	001130	001174	003030
### RSSI: -68, 28, 1639523109, 3042
### RSSI: -67, 14, 1639523109, 3042
1639523110	c0:98:e5:42:00:2c	000832	001030	001046	001049	001063	001066	001078	001083	001094	001098	001102	001106	001108	001113	001114	001121	001128	001132	001136	001138	001146	001152	001168	001173	001173	001177	001177	001180	001181	001214	001252	003046
### RSSI: -73, 2, 1639523110, 3057
### RSSI: -68, 26, 1639523110, 3058
1639523111	c0:98:e5:42:00:2c	000898	001088	001096	001142	001144	001146	001148	001152	001155	001157	001160	001163	001165	001167	001168	001168	001177	001191	001198	001201	001204	001210	001212	001215	001233	001237	001255	001267	001292	001321	001373	003061
### RSSI: -66, 29, 1639523111, 3073
### RSSI: -70, 0, 1639523111, 3073
1639523112	c0:98:e5:42:00:2c	000991	001222	001230	001239	001248	001254	001261	001262	001265	001266	001268	001269	001271	001274	001285	001288	001288	001291	001292	001296	001298	001301	001305	001317	001325	001358	001362	001403	001414	001441	001446	003077
### RSSI: -73, 0, 1639523112, 3089
### RSSI: -68, 26, 1639523112, 3089
1639523113	c0:98:e5:42:00:2c	000938	001079	001126	001132	001144	001169	001175	001176	001185	001187	001191	001192	001199	001203	001205	001211	001221	001223	001224	001232	001238	001239	001241	001242	001249	001255	001257	001280	001342	001362	001600	003092
### RSSI: -66, 6, 1639523113, 3104
### RSSI: -67, 16, 1639523114, 3105
1639523114	c0:98:e5:42:00:2c	000931	001159	001166	001172	001193	001194	001195	001196	001205	001210	001218	001219	001219	001220	001224	001225	001235	001236	001238	001239	001239	001240	001241	001245	001246	001254	001261	001262	001300	001315	001395	003108
### RSSI: -66, 5, 1639523115, 3120
### RSSI: -65, 31, 1639523115, 3120
1639523115	c0:98:e5:42:00:2c	000890	001121	001121	001134	001138	001154	001157	001158	001163	001166	001166	001168	001169	001170	001174	001178	001186	001187	001193	001197	001203	001205	001214	001217	001221	001231	001237	001277	001299	001328	001330	003124
### RSSI: -66, 14, 1639523116, 3135
### RSSI: -63, 21, 1639523116, 3136
1639523116	c0:98:e5:42:00:2c	000692	000879	000883	000890	000894	000894	000898	000898	000903	000905	000907	000912	000923	000923	000927	000936	000940	000960	000960	000961	000963	000964	000975	000990	001000	001027	001031	001061	001064	001091	001181	003139
### RSSI: -59, 8, 1639523117, 3151
### RSSI: -60, 3, 1639523117, 3151
1639523117	c0:98:e5:42:00:2c	000446	000563	000582	000608	000613	000625	000629	000638	000639	000651	000656	000660	000671	000674	000676	000684	000685	000687	000688	000697	000706	000710	000719	000732	000755	000756	000769	000776	000784	000828	000855	003155
### RSSI: -72, 18, 1639523118, 3167
### RSSI: -66, 8, 1639523118, 3167
1639523118	c0:98:e5:42:00:2c	000386	000579	000601	000608	000610	000610	000614	000623	000636	000638	000650	000652	000675	000677	000684	000684	000696	000697	000697	000698	000714	000719	000740	000748	000786	000802	000812	000832	000845	000848	000965	003171
### RSSI: -69, 24, 1639523119, 3182
### RSSI: -66, 14, 1639523119, 3183
1639523119	c0:98:e5:42:00:2c	000778	000950	000963	000976	000981	001000	001004	001005	001007	001024	001027	001028	001029	001033	001040	001040	001043	001060	001065	001078	001085	001112	001119	001119	001127	001131	001171	001173	001185	001188	001274	003186
### RSSI: -65, 33, 1639523120, 3198
### RSSI: -67, 18, 1639523120, 3198
1639523120	c0:98:e5:42:00:2c	000765	000921	000946	000960	000963	000986	000995	001001	001023	001024	001033	001043	001044	001047	001058	001064	001068	001071	001079	001082	001084	001100	001109	001111	001114	001133	001135	001142	001185	001256	001355	003202
### RSSI: -72, 16, 1639523121, 3213
1639523121	c0:98:e5:42:00:2c	000745	000936	000941	000941	000953	000961	000962	000968	000981	000992	001005	001008	001014	001014	001017	001020	001023	001027	001036	001039	001043	001045	001045	001052	001052	001053	001056	001066	001097	001109	000000	003217
1639523122	c0:98:e5:42:00:2c	000641	000850	000878	000879	000895	000898	000904	000907	000907	000917	000927	000930	000932	000936	000940	000942	000943	000948	000954	000959	000969	000970	000974	000977	000986	000990	000990	001017	001019	000000	000000	003233
1639523123	c0:98:e5:42:00:2c	000590	000790	000804	000807	000814	000821	000822	000822	000832	000839	000848	000849	000850	000852	000860	000861	000869	000871	000873	000878	000880	000888	000890	000905	000905	000907	000909	000914	000917	000920	000948	003249
1639523124	c0:98:e5:42:00:2c	000457	000694	000707	000711	000712	000713	000714	000724	000724	000726	000726	000736	000739	000744	000746	000751	000754	000757	000767	000767	000771	000774	000784	000785	000788	000794	000811	000815	000817	000943	000000	003264
1639523125	c0:98:e5:42:00:2c	000609	000843	000852	000877	000878	000879	000879	000883	000887	000889	000908	000911	000918	000922	000932	000933	000952	000954	000956	000962	000962	000971	000971	000972	000981	000990	001020	001026	001066	001170	001229	003280
1639523126	c0:98:e5:42:00:2c	001036	001308	001360	001372	001384	001386	001387	001394	001394	001394	001395	001413	001417	001429	001437	001437	001450	001471	001479	001482	001483	001485	001500	001503	001503	001519	001549	001557	001562	001563	003994	003296
### RSSI: -74, 15, 1639523127, 3309
### RSSI: -72, 10, 1639523127, 3310
1639523127	c0:98:e5:42:00:2c	001069	001118	001160	001169	001172	001172	001179	001190	001192	001193	001200	001209	001209	001216	001216	001221	001228	001242	001244	001246	001247	001256	001258	001270	001275	001282	001298	001362	001373	001390	001436	003311
### RSSI: -75, 6, 1639523127, 3312
### RSSI: -71, 9, 1639523127, 3313
### RSSI: -73, 5, 1639523128, 3316
### RSSI: -66, 32, 1639523128, 3318
### RSSI: -67, 20, 1639523128, 3319
### RSSI: -73, 14, 1639523128, 3321
### RSSI: -62, 26, 1639523128, 3323
### RSSI: -63, 23, 1639523128, 3324
### RSSI: -70, 18, 1639523128, 3326
1639523128	c0:98:e5:42:00:2c	000840	000935	000968	000977	000979	000989	001002	001018	001026	001028	001040	001042	001046	001050	001056	001058	001059	001061	001071	001074	001076	001079	001096	001096	001098	001103	001109	001134	001201	001265	001268	003327
### RSSI: -74, 4, 1639523128, 3327
### RSSI: -62, 27, 1639523128, 3329
### RSSI: -72, 11, 1639523129, 3330
### RSSI: -64, 28, 1639523129, 3332
### RSSI: -72, 34, 1639523129, 3334
### RSSI: -66, 34, 1639523129, 3335
1639523129	c0:98:e5:42:00:2c	000856	001031	001070	001080	001099	001101	001104	001106	001110	001116	001117	001124	001132	001135	001148	001151	001153	001156	001170	001171	001178	001183	001186	001202	001210	001215	001297	001316	001323	001378	001389	003342
### RSSI: -65, 23, 1639523130, 3351
1639523130	c0:98:e5:42:00:2c	000755	000872	000909	000951	000966	000973	000985	000990	000990	000995	000996	000997	001004	001006	001009	001018	001021	001023	001031	001036	001057	001070	001075	001084	001094	001099	001124	001140	001176	001197	001200	003358
### RSSI: -69, 3, 1639523131, 3366
1639523131	c0:98:e5:42:00:2c	000653	000731	000769	000781	000786	000800	000802	000808	000814	000817	000828	000849	000852	000861	000867	000877	000887	000889	000890	000897	000910	000917	000930	000933	000946	000954	001017	001049	001054	001072	001115	003374
### RSSI: -75, 25, 1639523132, 3382
1639523132	c0:98:e5:42:00:2c	000758	000818	000923	000957	000964	000994	001012	001015	001015	001016	001024	001026	001042	001044	001046	001049	001052	001055	001056	001057	001060	001070	001072	001072	001080	001090	001091	001117	001121	001125	001172	003389
### RSSI: -69, 11, 1639523133, 3398
1639523133	c0:98:e5:42:00:2c	001213	001402	001423	001432	001455	001461	001480	001487	001497	001506	001517	001527	001532	001567	001584	001585	001592	001609	001625	001630	001646	001656	001657	001657	001692	001720	001732	001739	001767	001782	001820	003405
### RSSI: -65, 29, 1639523133, 3413
1639523134	c0:98:e5:42:00:2c	001229	001403	001411	001413	001465	001466	001473	001491	001497	001518	001531	001537	001540	001557	001563	001595	001598	001612	001617	001621	001626	001643	001646	001649	001658	001663	001689	001708	001743	001763	001784	003420
### RSSI: -67, 0, 1639523134, 3429
1639523135	c0:98:e5:42:00:2c	001145	001359	001381	001396	001412	001416	001438	001444	001449	001450	001468	001494	001500	001505	001515	001545	001555	001561	001562	001578	001579	001606	001607	001619	001634	001636	001671	001693	001699	001734	001763	003436
### RSSI: -71, 0, 1639523135, 3444
1639523136	c0:98:e5:42:00:2c	000796	001152	001156	001169	001169	001187	001190	001220	001223	001225	001239	001241	001242	001256	001265	001269	001270	001283	001287	001288	001301	001303	001330	001344	001346	001354	001355	001362	001395	001426	001571	003452
### RSSI: -64, 27, 1639523136, 3460
1639523137	c0:98:e5:42:00:2c	000925	001123	001143	001154	001169	001173	001180	001181	001184	001195	001218	001225	001231	001232	001236	001239	001248	001249	001257	001262	001265	001269	001275	001276	001288	001294	001296	001316	001335	001379	001643	003467
### RSSI: -69, 32, 1639523137, 3476
1639523138	c0:98:e5:42:00:2c	000880	001038	001052	001067	001081	001086	001094	001100	001104	001110	001113	001114	001114	001136	001145	001153	001154	001158	001162	001165	001167	001168	001170	001171	001180	001184	001187	001188	001191	001201	001204	003483
### RSSI: -73, 16, 1639523138, 3491
1639523139	c0:98:e5:42:00:2c	000735	000873	000879	000881	000884	000892	000897	000919	000961	000962	000967	000967	000969	000979	000982	000987	000990	000991	000992	001002	001006	001007	001009	001023	001026	001031	001032	001046	001060	001072	001131	003499
### RSSI: -65, 0, 1639523139, 3507
1639523140	c0:98:e5:42:00:2c	000633	000849	000873	000875	000879	000882	000890	000895	000910	000911	000914	000916	000920	000926	000936	000936	000937	000945	000948	000949	000951	000970	000978	000992	000993	000995	000997	001008	001020	001029	001142	003514
### RSSI: -63, 4, 1639523140, 3523
1639523141	c0:98:e5:42:00:2c	000771	000992	001004	001025	001026	001031	001032	001033	001035	001036	001042	001043	001060	001061	001062	001070	001078	001080	001089	001089	001098	001106	001116	001118	001131	001137	001138	001156	001183	001196	001235	003530
### RSSI: -80, 9, 1639523141, 3538
1639523142	c0:98:e5:42:00:2c	000908	001137	001138	001139	001142	001145	001148	001166	001167	001171	001179	001180	001180	001185	001187	001209	001209	001210	001221	001227	001229	001233	001236	001237	001250	001261	001274	001283	001285	001452	000000	003545
### RSSI: -74, 3, 1639523142, 3554
1639523143	c0:98:e5:42:00:2c	000892	001120	001123	001124	001125	001128	001129	001130	001131	001133	001137	001150	001151	001152	001154	001154	001167	001170	001171	001186	001195	001199	001209	001211	001217	001225	001237	001245	001250	001254	001419	003561
### RSSI: -64, 29, 1639523143, 3569
1639523144	c0:98:e5:42:00:2c	000880	001089	001097	001103	001107	001114	001115	001115	001122	001127	001128	001133	001135	001144	001146	001147	001155	001156	001161	001166	001166	001167	001170	001183	001186	001186	001205	001207	001208	001274	001312	003577
### RSSI: -62, 22, 1639523145, 3585
1639523145	c0:98:e5:42:00:2c	000865	001068	001071	001079	001089	001099	001099	001109	001117	001120	001124	001126	001128	001130	001134	001139	001147	001151	001157	001165	001166	001171	001172	001199	001207	001215	001221	001230	001259	001283	001401	003592
### RSSI: -64, 4, 1639523146, 3601
1639523146	c0:98:e5:42:00:2c	000684	000912	000918	000926	000927	000941	000947	000964	000965	000966	000970	000974	000978	000982	000983	000984	000991	000992	000995	000996	001016	001022	001031	001032	001044	001046	001055	001100	001137	001199	001207	003608
### RSSI: -61, 19, 1639523147, 3616
1639523147	c0:98:e5:42:00:2c	000516	000669	000678	000707	000714	000722	000730	000738	000739	000749	000759	000761	000781	000784	000790	000791	000802	000809	000819	000819	000820	000822	000831	000835	000840	000848	000848	000858	000871	000894	000918	003624
### RSSI: -63, 3, 1639523148, 3632
1639523148	c0:98:e5:42:00:2c	000542	000733	000744	000750	000754	000766	000772	000777	000788	000790	000790	000799	000803	000820	000828	000829	000847	000848	000849	000850	000855	000856	000871	000880	000894	000919	000920	000930	000954	001014	001022	003639
### RSSI: -74, 8, 1639523149, 3647
1639523149	c0:98:e5:42:00:2c	000901	000975	001001	001027	001045	001052	001057	001058	001060	001063	001071	001092	001096	001098	001108	001129	001133	001135	001144	001147	001159	001162	001170	001182	001186	001222	001227	001231	001298	001337	001453	003655
### RSSI: -79, 2, 1639523150, 3663
1639523150	c0:98:e5:42:00:2c	000790	000923	000958	000972	000973	000985	001002	001013	001013	001016	001017	001022	001026	001048	001063	001068	001072	001085	001086	001088	001102	001104	001114	001115	001117	001136	001152	001184	001188	001231	001247	003670
### RSSI: -70, 30, 1639523151, 3679
1639523151	c0:98:e5:42:00:2c	000734	000995	001006	001014	001020	001031	001033	001036	001044	001048	001049	001069	001071	001082	001084	001088	001088	001091	001094	001096	001096	001103	001107	001116	001119	001132	001132	001154	001175	001189	001222	003686
### RSSI: -63, 5, 1639523152, 3694
1639523152	c0:98:e5:42:00:2c	000736	000916	000965	000975	000985	000991	000996	001001	001013	001023	001037	001040	001041	001046	001047	001049	001050	001050	001053	001054	001056	001064	001064	001066	001069	001070	001072	001076	001093	001094	001124	003702
### RSSI: -64, 14, 1639523153, 3710
1639523153	c0:98:e5:42:00:2c	000735	000925	000940	000950	000980	000985	000987	001000	001000	001003	001006	001011	001022	001028	001034	001037	001040	001042	001044	001049	001052	001061	001074	001088	001090	001093	001104	001110	001119	001120	001128	003717
### RSSI: -69, 1, 1639523154, 3726
1639523154	c0:98:e5:42:00:2c	000462	000689	000705	000720	000723	000724	000731	000738	000739	000743	000752	000761	000767	000767	000769	000780	000783	000792	000793	000796	000805	000805	000812	000831	000833	000838	000847	000852	000853	000902	000000	003733
### RSSI: -78, 2, 1639523155, 3741
1639523155	c0:98:e5:42:00:2c	000660	000755	000784	000794	000806	000810	000819	000825	000826	000829	000831	000833	000838	000840	000847	000849	000851	000868	000870	000870	000871	000882	000889	000895	000907	000907	000917	000950	000953	000962	001074	003749
### RSSI: -78, 9, 1639523156, 3757
1639523156	c0:98:e5:42:00:2c	001038	001321	001354	001368	001370	001374	001381	001382	001401	001405	001407	001410	001413	001416	001444	001447	001455	001473	001495	001499	001516	001527	001528	001536	001537	001538	001540	001542	001544	001545	001624	003764
### RSSI: -74, 33, 1639523157, 3772
1639523157	c0:98:e5:42:00:2c	000939	001156	001238	001238	001247	001249	001249	001251	001256	001259	001259	001259	001261	001261	001268	001273	001280	001289	001305	001317	001329	001348	001355	001357	001362	001373	001397	001458	001472	001479	003885	003780
### RSSI: -73, 20, 1639523157, 3788
1639523158	c0:98:e5:42:00:2c	000881	001058	001072	001087	001091	001100	001112	001120	001124	001125	001126	001136	001141	001143	001145	001149	001159	001160	001167	001167	001169	001170	001189	001211	001216	001216	001217	001218	001238	001299	001329	003795
### RSSI: -68, 34, 1639523158, 3804
1639523159	c0:98:e5:42:00:2c	000871	001032	001037	001065	001069	001073	001090	001101	001102	001102	001105	001115	001121	001123	001129	001136	001137	001143	001162	001162	001163	001168	001170	001188	001189	001192	001198	001240	001277	001353	001404	003811
### RSSI: -67, 35, 1639523159, 3819
1639523160	c0:98:e5:42:00:2c	000815	000932	000940	000950	000960	000997	001006	001010	001011	001014	001018	001020	001023	001028	001036	001042	001044	001045	001045	001052	001054	001081	001082	001095	001103	001108	001125	001163	001184	001196	001247	003827
### RSSI: -62, 30, 1639523160, 3835
1639523161	c0:98:e5:42:00:2c	000661	000791	000835	000856	000860	000872	000876	000877	000889	000901	000908	000915	000915	000915	000918	000927	000931	000938	000939	000968	000968	000986	000990	000993	001002	001018	001124	001138	001170	001176	001193	003842
### RSSI: -68, 28, 1639523161, 3851
1639523162	c0:98:e5:42:00:2c	000535	000658	000683	000732	000738	000746	000767	000769	000776	000778	000779	000780	000782	000782	000788	000790	000792	000795	000808	000809	000814	000815	000822	000826	000830	000832	000861	000861	000864	000898	000000	003858
### RSSI: -68, 5, 1639523162, 3866
1639523163	c0:98:e5:42:00:2c	000959	001144	001147	001159	001173	001185	001198	001204	001238	001248	001251	001259	001263	001286	001304	001311	001315	001315	001317	001326	001329	001348	001356	001369	001388	001395	001412	001415	001420	001468	001483	003873
### RSSI: -64, 15, 1639523163, 3882
1639523164	c0:98:e5:42:00:2c	001073	001288	001292	001302	001306	001325	001331	001339	001362	001364	001379	001379	001385	001386	001396	001415	001433	001441	001446	001474	001479	001481	001487	001499	001511	001518	001543	001586	001588	001593	000000	003889
### RSSI: -63, 35, 1639523164, 3897
1639523165	c0:98:e5:42:00:2c	001046	001258	001280	001291	001300	001313	001336	001336	001339	001341	001355	001356	001356	001370	001372	001382	001391	001400	001416	001453	001461	001464	001469	001469	001498	001501	001514	001532	001555	001595	001902	003905
### RSSI: -68, 0, 1639523165, 3913
1639523166	c0:98:e5:42:00:2c	001012	001153	001176	001195	001203	001212	001224	001228	001234	001236	001241	001265	001266	001267	001271	001279	001279	001287	001305	001312	001319	001321	001330	001335	001342	001350	001351	001375	001384	001439	001480	003920
### RSSI: -65, 36, 1639523166, 3929
1639523167	c0:98:e5:42:00:2c	000807	001019	001047	001049	001066	001070	001075	001100	001101	001109	001110	001114	001116	001119	001133	001134	001140	001147	001148	001151	001162	001183	001184	001185	001189	001193	001241	001250	001251	001276	001285	003936
### RSSI: -74, 29, 1639523167, 3944
1639523168	c0:98:e5:42:00:2c	000874	001024	001047	001074	001091	001105	001112	001115	001116	001118	001118	001123	001126	001136	001162	001164	001172	001184	001185	001187	001203	001213	001217	001218	001219	001222	001223	001224	001228	001232	001236	003952
### RSSI: -68, 4, 1639523169, 3960
1639523169	c0:98:e5:42:00:2c	000727	000907	000914	000932	000935	000940	000964	000967	000972	000983	000992	000994	000999	001005	001022	001030	001030	001035	001038	001039	001046	001055	001057	001058	001065	001083	001091	001094	001115	001122	001130	003967
### RSSI: -62, 14, 1639523170, 3975
1639523170	c0:98:e5:42:00:2c	000532	000767	000777	000793	000808	000815	000819	000820	000822	000831	000832	000833	000838	000839	000849	000855	000857	000860	000863	000864	000895	000900	000901	000902	000907	000924	000924	000937	000967	000994	001085	003983
### RSSI: -70, 17, 1639523171, 3991
1639523171	c0:98:e5:42:00:2c	000709	000948	000952	000957	000973	000975	000979	000980	000981	000983	000985	000986	000989	000990	001004	001008	001011	001014	001033	001035	001047	001048	001052	001081	001089	001108	001109	001126	001160	001235	001258	003998
### RSSI: -73, 4, 1639523172, 4007
1639523172	c0:98:e5:42:00:2c	000854	001045	001053	001053	001069	001069	001081	001105	001106	001113	001114	001114	001115	001120	001122	001131	001134	001147	001151	001154	001155	001158	001159	001159	001176	001201	001201	001214	001217	001252	001342	004014
### RSSI: -71, 7, 1639523173, 4022
1639523173	c0:98:e5:42:00:2c	000871	001095	001099	001107	001111	001113	001113	001116	001117	001118	001119	001132	001133	001134	001135	001137	001147	001154	001155	001157	001164	001170	001172	001173	001208	001215	001215	001219	001232	001275	001281	004030
### RSSI: -69, 27, 1639523174, 4038
1639523174	c0:98:e5:42:00:2c	000849	000982	001017	001035	001058	001060	001062	001063	001065	001070	001078	001080	001081	001084	001090	001093	001096	001105	001107	001110	001111	001115	001125	001145	001145	001153	001165	001167	001177	001234	001387	004045
### RSSI: -63, 23, 1639523175, 4054
1639523175	c0:98:e5:42:00:2c	000811	001008	001010	001022	001029	001046	001060	001065	001080	001085	001086	001092	001094	001094	001099	001102	001104	001105	001119	001119	001121	001122	001124	001138	001143	001161	001162	001177	001201	001313	001398	004061
### RSSI: -62, 24, 1639523176, 4069
1639523176	c0:98:e5:42:00:2c	000720	000817	000889	000891	000893	000894	000901	000902	000920	000921	000923	000945	000949	000959	000967	000968	000970	000972	000974	000974	000983	001002	001005	001011	001040	001047	001057	001058	001078	001150	001192	004077
### RSSI: -61, 4, 1639523177, 4085
1639523177	c0:98:e5:42:00:2c	000570	000685	000702	000725	000731	000745	000750	000750	000767	000767	000774	000784	000785	000794	000797	000798	000801	000803	000808	000809	000820	000830	000831	000834	000847	000849	000857	000895	000952	000955	001139	004092
### RSSI: -62, 17, 1639523178, 4100
1639523178	c0:98:e5:42:00:2c	000564	000740	000762	000777	000785	000793	000805	000805	000806	000811	000814	000818	000821	000825	000837	000838	000838	000838	000844	000848	000849	000864	000866	000871	000875	000877	000896	000934	000961	000979	001051	004108
### RSSI: -67, 28, 1639523179, 4118
1639523179	c0:98:e5:42:00:2c	000878	000996	001029	001071	001076	001081	001085	001085	001088	001090	001090	001099	001104	001116	001137	001142	001160	001165	001172	001177	001182	001186	001189	001200	001212	001238	001264	001280	001292	001332	001339	004123
### RSSI: -76, 2, 1639523180, 4133
1639523180	c0:98:e5:42:00:2c	000777	000962	000969	001024	001028	001030	001034	001044	001046	001053	001057	001060	001067	001069	001077	001078	001083	001087	001089	001091	001102	001102	001123	001150	001162	001171	001173	001182	001212	001263	001304	004139
### RSSI: -71, 32, 1639523181, 4149
1639523181	c0:98:e5:42:00:2c	000694	000959	000966	000980	000984	000986	000997	001002	001007	001008	001013	001022	001023	001026	001030	001031	001031	001036	001040	001041	001043	001044	001044	001052	001056	001057	001071	001073	001088	001091	001174	004155
### RSSI: -63, 8, 1639523181, 4164
1639523182	c0:98:e5:42:00:2c	000706	000933	000947	000948	000968	000976	000980	000985	000985	000989	000990	000996	001001	001016	001017	001024	001028	001032	001032	001041	001047	001050	001055	001059	001061	001062	001065	001072	001092	001100	001101	004170
### RSSI: -64, 20, 1639523182, 4180
1639523183	c0:98:e5:42:00:2c	000654	000826	000826	000853	000882	000882	000887	000908	000911	000911	000912	000925	000926	000928	000941	000942	000944	000947	000954	000954	000963	000965	000968	000971	000980	000983	000983	000989	000995	000998	001047	004186
### RSSI: -73, 16, 1639523183, 4196
1639523184	c0:98:e5:42:00:2c	000448	000628	000660	000661	000664	000667	000672	000673	000677	000682	000687	000690	000695	000700	000700	000703	000704	000707	000722	000723	000725	000726	000726	000727	000730	000732	000741	000744	000745	000746	000748	004201
### RSSI: -67, 31, 1639523184, 4211
1639523185	c0:98:e5:42:00:2c	000606	000792	000831	000862	000864	000870	000872	000875	000885	000885	000886	000889	000893	000897	000899	000900	000920	000923	000932	000937	000941	000941	000950	000954	000954	000969	000970	000978	001002	001032	001103	004217
### RSSI: -71, 6, 1639523185, 4227
1639523186	c0:98:e5:42:00:2c	001152	001293	001300	001315	001343	001345	001346	001352	001355	001358	001362	001388	001397	001400	001417	001429	001438	001443	001447	001448	001455	001464	001464	001465	001476	001477	001478	001491	001528	001531	004474	004233
### RSSI: -72, 23, 1639523186, 4243
1639523187	c0:98:e5:42:00:2c	000932	001071	001134	001136	001151	001160	001165	001167	001172	001174	001176	001179	001181	001181	001183	001195	001205	001209	001214	001216	001218	001230	001231	001256	001301	001315	001340	001343	001347	001373	002516	004248
### RSSI: -66, 12, 1639523187, 4258
1639523188	c0:98:e5:42:00:2c	000820	001052	001059	001063	001065	001068	001082	001105	001106	001117	001118	001128	001137	001141	001145	001147	001161	001162	001167	001170	001173	001173	001174	001179	001196	001199	001212	001222	001246	001330	001404	004264
### RSSI: -68, 2, 1639523188, 4274
1639523189	c0:98:e5:42:00:2c	000868	000993	001048	001062	001062	001066	001073	001074	001080	001097	001098	001106	001121	001121	001125	001126	001127	001128	001129	001142	001143	001151	001159	001175	001179	001189	001208	001235	001263	001283	001344	004280
### RSSI: -69, 12, 1639523189, 4289
1639523190	c0:98:e5:42:00:2c	000770	000866	000875	000889	000923	000945	000947	000954	000963	000964	000972	000980	000988	000992	001016	001026	001028	001030	001039	001043	001052	001076	001083	001108	001109	001113	001113	001135	001208	001261	001265	004295
### RSSI: -68, 15, 1639523191, 4305
1639523191	c0:98:e5:42:00:2c	000604	000727	000747	000789	000792	000796	000811	000812	000815	000815	000815	000827	000828	000836	000836	000851	000852	000861	000871	000904	000909	000911	000912	000915	000928	000934	000947	000967	001106	001114	001161	004311
### RSSI: -78, 2, 1639523192, 4322
1639523192	c0:98:e5:42:00:2c	000602	000723	000822	000878	000886	000912	000924	000941	000945	000945	000959	000963	000979	000984	000985	000988	000991	000993	000997	000998	001005	001008	001013	001031	001033	001037	001039	001052	001053	001067	001143	004326
### RSSI: -69, 18, 1639523193, 4338
1639523193	c0:98:e5:42:00:2c	001205	001343	001352	001352	001367	001395	001430	001433	001440	001441	001445	001454	001485	001496	001506	001507	001521	001526	001532	001535	001539	001575	001591	001636	001637	001644	001644	001651	001657	001693	001754	004342
### RSSI: -67, 19, 1639523194, 4353
1639523194	c0:98:e5:42:00:2c	001185	001314	001338	001359	001376	001383	001404	001427	001438	001442	001450	001456	001468	001471	001477	001513	001520	001525	001539	001562	001563	001581	001583	001592	001602	001606	001617	001654	001700	001706	001711	004358
### RSSI: -68, 7, 1639523195, 4369
1639523195	c0:98:e5:42:00:2c	001191	001353	001369	001379	001398	001403	001417	001426	001430	001436	001445	001446	001459	001486	001502	001509	001510	001515	001521	001547	001570	001600	001606	001610	001624	001639	001644	001660	001670	001675	001697	004373
### RSSI: -72, 9, 1639523196, 4385
1639523196	c0:98:e5:42:00:2c	000945	001169	001191	001196	001197	001211	001212	001239	001245	001251	001260	001262	001263	001263	001281	001304	001304	001307	001320	001321	001325	001334	001335	001341	001353	001358	001360	001363	001398	001505	003313	004389
### RSSI: -70, 17, 1639523197, 4400
1639523197	c0:98:e5:42:00:2c	000922	001105	001109	001118	001121	001133	001143	001147	001150	001158	001160	001166	001170	001184	001188	001200	001207	001207	001216	001227	001228	001229	001237	001238	001240	001246	001247	001253	001255	001264	001292	004405
### RSSI: -81, 34, 1639523198, 4416
1639523198	c0:98:e5:42:00:2c	000833	001000	001046	001048	001075	001075	001098	001102	001106	001106	001113	001122	001124	001128	001141	001150	001159	001165	001166	001169	001172	001173	001176	001177	001177	001191	001194	001194	001216	001223	001229	004420
### RSSI: -68, 1, 1639523199, 4432
1639523199	c0:98:e5:42:00:2c	000689	000894	000895	000916	000921	000941	000963	000970	000974	000987	000990	000990	000996	000999	001011	001022	001032	001034	001036	001043	001049	001052	001069	001069	001070	001079	001083	001088	001091	001096	001155	004436
### RSSI: -61, 1, 1639523200, 4447
1639523200	c0:98:e5:42:00:2c	000592	000839	000849	000851	000852	000858	000860	000880	000880	000887	000893	000901	000903	000922	000926	000927	000936	000940	000942	000944	000948	000956	000961	000963	000974	000983	000986	000991	000999	001010	001031	004451
### RSSI: -65, 33, 1639523201, 4463
1639523201	c0:98:e5:42:00:2c	000688	000922	000951	000966	000973	000976	000979	000980	000980	000988	000988	000990	000991	000994	000997	001002	001005	001013	001018	001021	001032	001042	001057	001061	001092	001105	001132	001245	001284	001302	002856	004467
### RSSI: -67, 32, 1639523202, 4478
1639523202	c0:98:e5:42:00:2c	000840	001041	001054	001058	001066	001068	001075	001075	001089	001090	001100	001103	001107	001109	001116	001117	001123	001129	001133	001135	001137	001143	001145	001173	001177	001182	001194	001224	001230	001270	001294	004483
### RSSI: -73, 17, 1639523203, 4494
1639523203	c0:98:e5:42:00:2c	000840	001083	001117	001126	001128	001133	001134	001141	001141	001144	001145	001147	001152	001153	001153	001162	001163	001165	001168	001169	001173	001177	001180	001180	001182	001202	001225	001238	001251	001277	001317	004498
### RSSI: -66, 21, 1639523204, 4510
1639523204	c0:98:e5:42:00:2c	000838	001053	001056	001084	001085	001086	001096	001097	001105	001118	001128	001132	001134	001144	001156	001158	001162	001164	001168	001178	001178	001183	001188	001196	001196	001204	001210	001227	001239	001285	001439	004514
### RSSI: -64, 20, 1639523205, 4525
1639523205	c0:98:e5:42:00:2c	000769	000978	000982	000987	000993	000995	001001	001020	001022	001025	001026	001032	001032	001040	001051	001052	001059	001060	001071	001075	001080	001089	001094	001096	001097	001121	001127	001138	001164	001296	001338	004529
### RSSI: -68, 2, 1639523205, 4541
1639523206	c0:98:e5:42:00:2c	000744	000913	000923	000945	000953	000964	000967	000968	000970	000976	000987	000988	000992	000993	000994	000999	001016	001016	001029	001043	001044	001046	001056	001059	001064	001065	001066	001069	001073	001182	001299	004545
### RSSI: -61, 24, 1639523206, 4556
1639523207	c0:98:e5:42:00:2c	000571	000715	000722	000732	000743	000764	000785	000794	000796	000804	000804	000811	000814	000815	000816	000817	000818	000834	000843	000845	000847	000849	000854	000862	000866	000871	000872	000914	000962	001000	001178	004561
### RSSI: -69, 14, 1639523207, 4572
1639523208	c0:98:e5:42:00:2c	000558	000764	000767	000782	000783	000791	000800	000804	000806	000808	000809	000809	000812	000815	000824	000830	000839	000840	000846	000847	000871	000874	000884	000888	000899	000912	000942	000976	000979	001007	000000	004576
### RSSI: -76, 10, 1639523208, 4588
1639523209	c0:98:e5:42:00:2c	000920	001024	001061	001064	001073	001075	001084	001098	001102	001107	001110	001120	001124	001128	001163	001168	001169	001174	001174	001179	001181	001186	001194	001202	001207	001209	001229	001292	001297	001357	001378	004592
### RSSI: -72, 23, 1639523209, 4603
1639523210	c0:98:e5:42:00:2c	000893	001037	001079	001079	001080	001096	001113	001115	001120	001123	001129	001144	001148	001149	001153	001153	001156	001165	001168	001199	001208	001213	001214	001219	001239	001239	001246	001247	001259	001303	001448	004608
### RSSI: -71, 22, 1639523210, 4619
1639523211	c0:98:e5:42:00:2c	000775	000981	000984	001007	001022	001026	001026	001035	001038	001039	001042	001044	001048	001051	001052	001054	001055	001055	001056	001059	001060	001060	001064	001076	001080	001086	001089	001091	001143	001151	001169	004623
### RSSI: -65, 30, 1639523212, 4635
1639523212	c0:98:e5:42:00:2c	000785	000943	000953	000958	000959	000974	000993	001001	001010	001016	001037	001038	001039	001042	001049	001057	001057	001060	001061	001064	001065	001065	001068	001071	001072	001080	001086	001091	001093	001111	001113	004639
### RSSI: -65, 17, 1639523213, 4650
1639523213	c0:98:e5:42:00:2c	000697	000907	000922	000929	000942	000943	000959	000973	000983	000983	000985	000988	000991	000992	000993	000999	001012	001017	001025	001028	001038	001040	001043	001049	001053	001066	001073	001076	001080	001088	001100	004654
### RSSI: -71, 33, 1639523214, 4666
1639523214	c0:98:e5:42:00:2c	000573	000721	000730	000731	000742	000757	000758	000760	000760	000764	000769	000771	000773	000782	000789	000809	000810	000811	000813	000823	000825	000835	000844	000846	000850	000854	000864	000898	000904	000919	001000	004670
### RSSI: -72, 9, 1639523215, 4681
1639523215	c0:98:e5:42:00:2c	000584	000780	000783	000790	000790	000797	000800	000802	000840	000842	000844	000850	000850	000852	000862	000871	000873	000874	000893	000893	000895	000903	000906	000913	000919	000922	000924	000943	001003	001069	001155	004686
### RSSI: -63, 33, 1639523216, 4697
1639523216	c0:98:e5:42:00:2c	001019	001172	001182	001257	001260	001260	001264	001265	001266	001267	001271	001282	001284	001285	001290	001293	001296	001322	001332	001348	001370	001373	001374	001383	001389	001399	001435	001441	001459	001477	001508	004701
### RSSI: -75, 16, 1639523217, 4713
### BATTERY VOLTAGE: 4131 mV; Timestamp: 1639523217
1639523217	c0:98:e5:42:00:2c	000890	001074	001077	001124	001143	001147	001155	001163	001165	001175	001177	001187	001191	001194	001195	001203	001208	001211	001219	001227	001231	001249	001259	001268	001295	001311	001316	001331	001357	001417	001428	004717
### RSSI: -72, 33, 1639523218, 4728
1639523218	c0:98:e5:42:00:2c	000815	000999	001005	001013	001016	001026	001027	001027	001042	001047	001050	001051	001059	001072	001077	001077	001078	001082	001082	001082	001092	001096	001097	001104	001108	001115	001144	001144	001178	001179	001265	004733
### RSSI: -68, 24, 1639523219, 4744
1639523219	c0:98:e5:42:00:2c	000818	000957	000964	000965	000977	001002	001003	001018	001048	001050	001058	001059	001060	001065	001067	001068	001071	001077	001082	001101	001106	001111	001111	001117	001129	001153	001160	001164	001168	001193	001242	004748
### RSSI: -72, 25, 1639523220, 4760
1639523220	c0:98:e5:42:00:2c	000810	000966	000988	001020	001033	001041	001058	001071	001081	001103	001104	001106	001107	001112	001117	001124	001133	001137	001149	001149	001150	001155	001159	001191	001197	001198	001233	001314	001382	001400	000000	004764
### RSSI: -67, 30, 1639523221, 4775
1639523221	c0:98:e5:42:00:2c	000709	000765	000809	000820	000824	000825	000831	000838	000864	000877	000880	000880	000883	000883	000893	000914	000919	000932	000936	000940	000944	000946	000959	000964	000990	001079	001117	001126	001162	001199	001255	004779
### RSSI: -71, 15, 1639523222, 4791
1639523222	c0:98:e5:42:00:2c	000522	000661	000712	000717	000758	000763	000772	000783	000784	000789	000792	000809	000813	000813	000813	000816	000817	000818	000823	000826	000826	000827	000829	000829	000830	000833	000849	000876	000881	000882	000913	004795
### RSSI: -64, 18, 1639523223, 4806
1639523223	c0:98:e5:42:00:2c	000900	001157	001192	001209	001221	001258	001275	001277	001278	001306	001307	001307	001307	001315	001325	001332	001335	001335	001338	001341	001342	001343	001346	001347	001352	001394	001402	001406	001443	001452	001462	004811
### RSSI: -65, 25, 1639523224, 4822
1639523224	c0:98:e5:42:00:2c	001088	001346	001356	001371	001371	001382	001385	001397	001398	001419	001419	001419	001434	001437	001443	001461	001468	001483	001493	001497	001509	001528	001539	001596	001598	001602	001606	001621	001653	001686	001717	004826
### RSSI: -64, 18, 1639523225, 4838
1639523225	c0:98:e5:42:00:2c	001079	001335	001346	001348	001350	001351	001370	001373	001375	001377	001392	001422	001431	001433	001454	001458	001458	001466	001489	001491	001510	001514	001516	001539	001565	001565	001593	001604	001626	001652	001683	004842
### RSSI: -69, 10, 1639523226, 4853
1639523226	c0:98:e5:42:00:2c	000987	001214	001230	001261	001268	001279	001293	001297	001303	001319	001319	001319	001331	001331	001332	001340	001340	001343	001349	001353	001367	001395	001397	001401	001414	001456	001471	001493	001512	001552	000000	004858
### RSSI: -64, 15, 1639523227, 4869
1639523227	c0:98:e5:42:00:2c	000963	001069	001077	001088	001095	001137	001138	001143	001149	001151	001152	001158	001166	001167	001171	001173	001180	001181	001189	001190	001193	001197	001216	001224	001230	001230	001252	001266	001279	001294	001492	004873
### RSSI: -65, 27, 1639523228, 4884
1639523228	c0:98:e5:42:00:2c	000789	000977	000995	001002	001009	001019	001046	001047	001055	001058	001064	001065	001075	001088	001092	001094	001097	001101	001117	001118	001121	001123	001125	001129	001133	001136	001139	001146	001160	001168	001170	004889
### RSSI: -73, 36, 1639523229, 4900
1639523229	c0:98:e5:42:00:2c	000866	000988	000998	001005	001039	001047	001057	001057	001062	001064	001084	001101	001106	001114	001123	001133	001133	001134	001140	001153	001156	001156	001163	001163	001163	001164	001165	001183	001185	001234	001247	004904
### RSSI: -64, 9, 1639523230, 4916
1639523230	c0:98:e5:42:00:2c	000640	000891	000923	000925	000929	000940	000944	000945	000952	000958	000966	000974	000979	000997	000998	000999	001016	001018	001022	001022	001031	001037	001040	001040	001044	001054	001068	001068	001102	001109	001119	004920
### RSSI: -61, 36, 1639523230, 4931
1639523231	c0:98:e5:42:00:2c	000614	000762	000792	000804	000812	000840	000848	000861	000874	000876	000877	000881	000883	000885	000894	000897	000907	000907	000910	000911	000913	000916	000918	000919	000919	000922	000924	000933	000938	000957	001010	004936
### RSSI: -74, 23, 1639523231, 4947
1639523232	c0:98:e5:42:00:2c	000858	001008	001023	001026	001055	001057	001060	001065	001067	001087	001088	001104	001104	001110	001113	001115	001120	001128	001130	001137	001149	001150	001152	001165	001165	001191	001222	001225	001235	001271	000000	004951
### RSSI: -71, 16, 1639523232, 4963
1639523233	c0:98:e5:42:00:2c	000868	001084	001097	001115	001120	001123	001130	001133	001134	001135	001147	001150	001151	001153	001154	001159	001161	001166	001200	001202	001204	001209	001214	001222	001222	001229	001234	001258	001267	001280	001364	004967
### RSSI: -69, 1, 1639523233, 4978
1639523234	c0:98:e5:42:00:2c	000909	001117	001130	001135	001139	001143	001152	001156	001157	001159	001160	001162	001165	001165	001165	001166	001168	001170	001175	001182	001183	001185	001189	001208	001210	001214	001221	001224	001233	001249	001372	004982
### RSSI: -63, 9, 1639523234, 4994
1639523235	c0:98:e5:42:00:2c	000810	000968	000971	000988	001014	001019	001020	001027	001035	001036	001038	001043	001045	001048	001051	001051	001055	001057	001060	001063	001080	001086	001093	001094	001097	001113	001115	001132	001152	001243	001364	004998
### RSSI: -64, 13, 1639523235, 5009
1639523236	c0:98:e5:42:00:2c	000722	000985	001029	001034	001047	001054	001058	001065	001070	001078	001089	001090	001097	001107	001112	001116	001121	001122	001125	001125	001127	001131	001132	001138	001138	001143	001161	001211	001242	001315	001374	005014
### RSSI: -63, 12, 1639523237, 5025
1639523237	c0:98:e5:42:00:2c	000723	000905	000911	000918	000930	000931	000934	000934	000961	000961	000972	000974	000983	000987	000990	000993	000999	001002	001003	001006	001007	001008	001013	001024	001027	001033	001055	001063	001073	001257	000000	005029
### RSSI: -61, 13, 1639523238, 5041
1639523238	c0:98:e5:42:00:2c	000529	000670	000672	000681	000712	000719	000735	000739	000741	000741	000744	000748	000758	000763	000768	000775	000779	000788	000795	000800	000800	000802	000806	000829	000833	000844	000858	000865	000924	000951	000990	005045
1639523239	c0:98:e5:42:00:2c	000613	000781	000838	000846	000853	000857	000864	000868	000869	000885	000888	000888	000888	000892	000901	000906	000907	000925	000928	000933	000943	000946	000966	000987	001030	001055	001064	001108	001205	001211	002513	005061
1639523240	c0:98:e5:42:00:2c	000891	001048	001048	001073	001074	001103	001104	001107	001115	001118	001129	001141	001144	001147	001151	001152	001166	001171	001173	001178	001180	001195	001203	001206	001258	001271	001294	001296	001303	001405	001414	005076
1639523241	c0:98:e5:42:00:2c	000842	001000	001023	001050	001053	001060	001062	001064	001065	001069	001071	001073	001084	001103	001104	001108	001111	001115	001118	001130	001134	001147	001151	001155	001174	001189	001253	001304	001319	001342	002241	005092
1639523242	c0:98:e5:42:00:2c	000755	000935	000952	000958	000976	000976	000991	000999	001007	001016	001017	001018	001020	001026	001028	001029	001029	001035	001037	001039	001041	001041	001052	001057	001058	001065	001077	001100	001116	001121	001129	005107
### RSSI: -65, 21, 1639523243, 5116
### RSSI: -63, 21, 1639523243, 5117
### RSSI: -64, 23, 1639523243, 5119
### RSSI: -64, 20, 1639523243, 5120
### RSSI: -63, 18, 1639523243, 5122
1639523243	c0:98:e5:42:00:2c	000736	000927	000934	000938	000957	000959	000982	000993	001008	001011	001016	001030	001034	001035	001035	001040	001041	001041	001042	001043	001046	001053	001060	001061	001068	001071	001078	001080	001118	001120	001158	005123
### RSSI: -64, 12, 1639523243, 5124
### RSSI: -62, 22, 1639523243, 5125
### RSSI: -66, 15, 1639523243, 5127
### RSSI: -65, 15, 1639523243, 5128
### RSSI: -65, 35, 1639523244, 5130
### RSSI: -64, 6, 1639523244, 5131
### RSSI: -62, 30, 1639523244, 5133
### RSSI: -67, 22, 1639523244, 5134
### RSSI: -64, 9, 1639523244, 5136
### RSSI: -67, 0, 1639523244, 5138
1639523244	c0:98:e5:42:00:2c	000721	000894	000906	000916	000923	000923	000924	000933	000935	000947	000958	000965	000971	000975	000978	000982	000982	000982	000983	000988	000997	001014	001016	001025	001036	001036	001036	001038	001043	001055	001105	005139
### RSSI: -64, 15, 1639523244, 5139
### RSSI: -67, 17, 1639523244, 5141
1639523245	c0:98:e5:42:00:2c	000506	000718	000737	000747	000777	000782	000789	000794	000799	000806	000813	000825	000827	000828	000834	000834	000836	000844	000846	000849	000854	000859	000863	000863	000863	000880	000894	000900	000910	000923	000952	005154
### RSSI: -81, 36, 1639523245, 5156
1639523246	c0:98:e5:42:00:2c	000625	000788	000796	000802	000805	000806	000816	000818	000819	000821	000831	000834	000843	000844	000854	000869	000880	000891	000893	000908	000911	000921	000941	000942	000950	000951	000956	000981	000989	001119	001123	005170
### RSSI: -72, 36, 1639523246, 5172
1639523247	c0:98:e5:42:00:2c	001101	001314	001336	001341	001386	001394	001396	001406	001407	001407	001410	001413	001425	001428	001444	001445	001447	001457	001477	001483	001492	001501	001502	001505	001516	001545	001569	001569	001588	001598	001659	005186
### RSSI: -79, 14, 1639523247, 5188
1639523248	c0:98:e5:42:00:2c	000853	001050	001060	001067	001119	001120	001132	001143	001144	001151	001159	001161	001165	001165	001167	001170	001171	001178	001180	001181	001184	001190	001198	001260	001263	001282	001283	001290	001300	001321	001374	005201
### RSSI: -70, 11, 1639523248, 5203
1639523249	c0:98:e5:42:00:2c	000853	001016	001016	001024	001045	001061	001065	001066	001072	001076	001079	001084	001093	001097	001098	001114	001118	001122	001130	001135	001140	001148	001148	001152	001159	001162	001164	001165	001179	001200	001260	005217
### RSSI: -73, 19, 1639523249, 5219
1639523250	c0:98:e5:42:00:2c	000859	001002	001016	001025	001044	001055	001064	001072	001074	001084	001089	001090	001096	001096	001100	001104	001105	001119	001119	001135	001142	001145	001159	001176	001177	001232	001239	001258	001325	001362	001467	005232
### RSSI: -69, 18, 1639523250, 5234
1639523251	c0:98:e5:42:00:2c	000765	000907	000912	000935	000942	000952	000979	000989	000994	000996	000998	001000	001017	001030	001035	001039	001041	001042	001043	001046	001068	001076	001078	001079	001093	001099	001117	001121	001164	001164	001192	005248
### RSSI: -77, 17, 1639523252, 5250
### RSSI: -66, 5, 1639523253, 5266
1639523252	c0:98:e5:42:00:2c	000623	000800	000844	000859	000868	000873	000890	000902	000904	000909	000912	000925	000927	000933	000944	000952	000954	000956	000972	000983	000986	000988	000990	000995	001004	001026	001103	001128	001137	001141	001144	005264
1639523253	c0:98:e5:42:00:2c	000587	000794	000804	000820	000833	000836	000845	000851	000860	000868	000870	000873	000876	000880	000882	000885	000891	000898	000901	000901	000911	000912	000914	000918	000925	000927	000929	000940	000944	000975	000991	005279
### RSSI: -70, 6, 1639523254, 5281
1639523254	c0:98:e5:42:00:2c	001033	001218	001240	001247	001261	001284	001290	001297	001300	001320	001330	001357	001369	001371	001378	001386	001396	001401	001401	001413	001421	001426	001427	001515	001519	001525	001530	001539	001557	001567	001616	005295
### RSSI: -66, 25, 1639523254, 5297
1639523255	c0:98:e5:42:00:2c	001083	001266	001293	001311	001313	001332	001350	001354	001354	001359	001369	001382	001387	001392	001400	001405	001408	001409	001432	001439	001456	001457	001471	001488	001525	001535	001577	001579	001604	001605	001655	005310
### RSSI: -72, 6, 1639523255, 5313
1639523256	c0:98:e5:42:00:2c	001084	001310	001329	001334	001335	001352	001353	001354	001369	001373	001382	001386	001397	001399	001408	001414	001425	001434	001443	001443	001457	001485	001488	001492	001501	001538	001555	001581	001609	001625	001671	005326
### RSSI: -65, 24, 1639523256, 5328
1639523257	c0:98:e5:42:00:2c	001038	001255	001273	001278	001288	001303	001305	001318	001325	001333	001348	001348	001351	001363	001368	001376	001387	001393	001398	001402	001402	001409	001420	001431	001439	001441	001445	001451	001454	001547	001568	005342
### RSSI: -62, 36, 1639523257, 5344
1639523258	c0:98:e5:42:00:2c	000827	001113	001139	001144	001165	001166	001176	001176	001178	001179	001180	001181	001182	001186	001194	001199	001199	001203	001232	001238	001244	001252	001266	001289	001296	001298	001302	001307	001311	001341	001418	005357
### RSSI: -72, 2, 1639523258, 5359
1639523259	c0:98:e5:42:00:2c	000821	001025	001051	001069	001080	001083	001094	001106	001112	001117	001125	001127	001142	001143	001143	001154	001177	001182	001206	001217	001218	001220	001221	001221	001230	001233	001237	001240	001240	001260	001321	005373
### RSSI: -73, 24, 1639523259, 5375
1639523260	c0:98:e5:42:00:2c	000805	000967	000984	001023	001025	001037	001041	001046	001049	001050	001052	001058	001062	001069	001071	001075	001096	001096	001100	001102	001106	001107	001110	001116	001123	001125	001126	001141	001154	001155	001257	005389
### RSSI: -68, 22, 1639523260, 5391
1639523261	c0:98:e5:42:00:2c	000633	000837	000873	000881	000894	000895	000910	000919	000923	000925	000933	000934	000935	000941	000943	000951	000953	000958	000963	000965	000980	000990	000994	000997	001001	001002	001006	001012	001014	001045	001112	005404
### RSSI: -61, 31, 1639523261, 5406
1639523262	c0:98:e5:42:00:2c	000542	000754	000802	000806	000807	000814	000816	000821	000822	000829	000829	000839	000845	000847	000852	000855	000857	000857	000859	000865	000867	000868	000885	000887	000887	000889	000916	000916	000919	000921	001191	005420
### RSSI: -63, 1, 1639523262, 5422
1639523263	c0:98:e5:42:00:2c	000785	001006	001013	001018	001018	001027	001028	001030	001035	001044	001055	001058	001060	001067	001070	001074	001076	001077	001079	001086	001093	001095	001114	001124	001140	001140	001152	001154	001165	001210	001213	005435
### RSSI: -70, 27, 1639523263, 5437
1639523264	c0:98:e5:42:00:2c	000866	001101	001127	001130	001140	001146	001149	001152	001158	001159	001159	001162	001172	001174	001184	001187	001188	001190	001195	001203	001206	001208	001216	001244	001247	001271	001283	001306	001311	001338	001396	005451
### RSSI: -71, 4, 1639523264, 5453
1639523265	c0:98:e5:42:00:2c	000803	000992	001011	001026	001033	001039	001043	001044	001045	001046	001050	001050	001052	001053	001054	001057	001065	001081	001084	001093	001101	001105	001105	001115	001126	001129	001136	001138	001152	001172	001299	005467
### RSSI: -67, 22, 1639523265, 5469
1639523266	c0:98:e5:42:00:2c	000772	000940	000951	000955	000960	000968	000993	000994	000996	001001	001013	001016	001016	001025	001038	001039	001047	001049	001054	001058	001070	001073	001076	001077	001086	001089	001105	001152	001159	001213	001264	005482
### RSSI: -64, 2, 1639523266, 5484
1639523267	c0:98:e5:42:00:2c	000726	000884	000908	000920	000923	000933	000937	000938	000939	000939	000942	000947	000957	000959	000964	000965	000966	000966	000985	000986	000988	000991	000994	001003	001004	001007	001016	001028	001048	001090	001162	005498
### RSSI: -61, 9, 1639523267, 5500
1639523268	c0:98:e5:42:00:2c	000620	000734	000737	000739	000753	000773	000786	000796	000798	000807	000822	000828	000831	000831	000833	000839	000847	000852	000857	000864	000870	000873	000876	000881	000889	000896	000899	000901	000960	000993	001005	005514
### RSSI: -60, 28, 1639523268, 5516
1639523269	c0:98:e5:42:00:2c	000498	000646	000654	000659	000668	000674	000683	000696	000700	000708	000710	000710	000714	000723	000725	000727	000739	000740	000742	000765	000767	000780	000784	000803	000804	000805	000808	000826	000827	000829	000906	005529
### RSSI: -69, 34, 1639523269, 5531
1639523270	c0:98:e5:42:00:2c	000781	000925	000963	001011	001014	001017	001020	001024	001026	001027	001032	001032	001036	001049	001054	001059	001074	001082	001084	001087	001094	001110	001120	001125	001138	001142	001157	001165	001176	001237	001351	005545
### RSSI: -77, 7, 1639523270, 5547
1639523271	c0:98:e5:42:00:2c	000787	000946	000947	000972	000982	000992	000992	001000	001007	001010	001011	001015	001021	001021	001045	001061	001067	001073	001074	001089	001100	001102	001108	001108	001110	001116	001118	001130	001131	001149	001167	005560
### RSSI: -78, 4, 1639523271, 5562
1639523272	c0:98:e5:42:00:2c	000703	000850	000882	000912	000938	000953	000957	000959	000963	000971	000975	000986	000990	000993	000995	000995	000996	000996	000997	001009	001009	001011	001013	001023	001052	001055	001083	001094	001113	001129	001139	005576
### RSSI: -74, 1, 1639523272, 5578
1639523273	c0:98:e5:42:00:2c	000683	000901	000922	000924	000943	000948	000948	000949	000967	000970	000977	000981	000987	000989	000989	000994	000995	001003	001008	001016	001021	001024	001024	001027	001028	001032	001042	001043	001044	001059	001068	005592
### RSSI: -65, 20, 1639523273, 5594
1639523274	c0:98:e5:42:00:2c	000684	000860	000889	000898	000904	000908	000910	000914	000915	000925	000931	000937	000938	000941	000972	000976	000978	000979	000982	000982	000984	000992	000998	000998	001003	001007	001010	001014	001016	001020	001072	005607
### RSSI: -64, 9, 1639523274, 5609
1639523275	c0:98:e5:42:00:2c	000583	000707	000735	000735	000754	000768	000782	000783	000783	000785	000791	000799	000802	000803	000809	000812	000820	000822	000824	000825	000830	000837	000842	000848	000858	000859	000868	000878	000898	000903	000000	005623
### RSSI: -74, 9, 1639523276, 5626
1639523276	c0:98:e5:42:00:2c	000522	000745	000770	000771	000778	000781	000798	000799	000803	000803	000807	000807	000815	000815	000830	000831	000836	000836	000839	000842	000843	000844	000851	000862	000863	000874	000879	000894	000936	001034	001108	005639
### RSSI: -70, 14, 1639523277, 5642
1639523277	c0:98:e5:42:00:2c	000946	001104	001141	001155	001192	001201	001214	001218	001224	001227	001228	001232	001232	001246	001256	001259	001268	001272	001285	001291	001294	001299	001303	001310	001327	001341	001353	001355	001369	001436	001494	005654
### RSSI: -83, 20, 1639523278, 5658
1639523278	c0:98:e5:42:00:2c	001045	001092	001187	001199	001233	001234	001251	001256	001260	001262	001271	001274	001276	001280	001284	001285	001296	001303	001308	001319	001326	001328	001344	001348	001354	001360	001362	001393	001411	001454	001475	005670
### RSSI: -73, 29, 1639523278, 5673
1639523279	c0:98:e5:42:00:2c	000903	001097	001106	001120	001133	001144	001154	001161	001170	001187	001187	001189	001199	001201	001202	001203	001204	001208	001211	001218	001224	001233	001235	001248	001251	001259	001270	001279	001287	001396	001399	005685
### RSSI: -69, 15, 1639523279, 5689
1639523280	c0:98:e5:42:00:2c	000780	000967	000977	001005	001007	001014	001014	001014	001048	001051	001054	001054	001057	001075	001086	001095	001096	001103	001106	001118	001118	001124	001144	001146	001146	001150	001162	001210	001237	001253	001437	005701
### RSSI: -68, 9, 1639523280, 5705
1639523281	c0:98:e5:42:00:2c	000840	000994	001022	001025	001038	001051	001059	001075	001078	001087	001087	001106	001122	001126	001127	001131	001136	001140	001143	001149	001157	001166	001172	001178	001179	001191	001200	001225	001234	001300	001309	005717
### RSSI: -70, 28, 1639523281, 5720
1639523282	c0:98:e5:42:00:2c	000707	000900	000902	000922	000923	000938	000944	000956	000958	000961	000966	000967	000972	000976	000976	000994	001001	001017	001032	001044	001054	001055	001072	001088	001127	001133	001216	001223	001239	001250	001342	005732
### RSSI: -64, 13, 1639523282, 5736
1639523283	c0:98:e5:42:00:2c	000549	000673	000675	000688	000707	000710	000729	000742	000750	000760	000764	000775	000778	000781	000784	000787	000789	000791	000791	000798	000802	000803	000809	000820	000821	000833	000837	000862	000886	000929	001035	005748
### RSSI: -79, 0, 1639523283, 5751
1639523284	c0:98:e5:42:00:2c	000788	000981	001019	001025	001036	001038	001045	001069	001079	001083	001101	001103	001120	001126	001133	001137	001138	001146	001149	001155	001166	001185	001192	001202	001207	001214	001220	001262	001328	001353	001422	005763
### RSSI: -62, 31, 1639523284, 5767
1639523285	c0:98:e5:42:00:2c	001150	001381	001402	001406	001408	001408	001412	001412	001419	001435	001470	001472	001479	001480	001482	001491	001506	001532	001536	001551	001566	001566	001569	001578	001579	001599	001633	001662	001667	001682	001715	005779
### RSSI: -66, 13, 1639523285, 5783
1639523286	c0:98:e5:42:00:2c	001101	001334	001345	001368	001384	001386	001394	001401	001404	001404	001413	001415	001428	001444	001457	001463	001465	001494	001500	001517	001531	001533	001535	001546	001555	001558	001587	001616	001640	001651	002514	005795
### RSSI: -66, 11, 1639523286, 5798
### RSSI: -70, 17, 1639523287, 5814
### Device booted at 2021/12/14 23:01:52; Timestamp: 1639522912
### BATTERY VOLTAGE: 4109 mV; Timestamp: 1639522912
### CHARGING STATUS: NOT PLUGGED IN and NOT CHARGING; Timestamp: 1639522912
### Device booted at 2021/12/14 23:01:54; Timestamp: 1639522914
### MOTION CHANGE: STATIONARY; Timestamp: 1639522914
### BATTERY VOLTAGE: 4053 mV; Timestamp: 1639522914
### CHARGING STATUS: NOT PLUGGED IN and NOT CHARGING; Timestamp: 1639522914