1641076813.176249 ###RTT Client: ************************************************************ 
1641076813.176445 ###RTT Client: *               SEGGER Microcontroller GmbH                * 
1641076813.176488 ###RTT Client: *   Solutions for real time microcontroller applications   * 
1641076813.176527 ###RTT Client: ************************************************************ 
1641076813.176566 ###RTT Client: *                                                          * 
1641076813.176605 ###RTT Client: *       (c) 2012 - 2016  SEGGER Microcontroller GmbH       * 
1641076813.176643 ###RTT Client: *                                                          * 
1641076813.176681 ###RTT Client: *     www.segger.com     Support: support@segger.com       * 
1641076813.176720 ###RTT Client: *                                                          * 
1641076813.176759 ###RTT Client: ************************************************************ 
1641076813.176798 ###RTT Client: *                                                          * 
1641076813.176837 ###RTT Client: * SEGGER J-Link RTT Client   Compiled Jan 30 2018 18:46:58 * 
1641076813.176876 ###RTT Client: *                                                          * 
1641076813.176914 ###RTT Client: ************************************************************ 
1641076813.176953 
1641076813.176991 ###RTT Client: -----------------------------------------------
1641076813.177030 ###RTT Client: Connecting to J-Link RTT Server via localhost:9201  Connected.
1641076813.177068 SEGGER J-Link V6.30 - Real time terminal output
1641076813.177107 J-Link EDU Mini V1 compiled Oct  2 2020 17:00:40 V1.0, SN=801021851
1641076813.177146 Process: JLinkExe
1641076813.177184 ### INFO: SD card flushed!
1641076813.177223 ### RSSI: -47, 24, 1640049705 ,1230 
1641076813.177262 ### DEBUG: Ticks: 1236, 15, 0 
1641076813.177300 1640049705 c0:98:e5:42:00:29 309 
1641076813.177339 -193 -191 -185 -181 -176 -173 -169 -168 -155 -135 -130 -121 -112 -104 -99 
1641076813.177378 -98 -86 -82 -82 -82 -74 -69 -64 -64 -54 -37 -30 -26 6 64 
1641076813.177417 ### RSSI: -47, 1, 1640049706 ,1245 
1641076813.177455 ### DEBUG: Ticks: 1252, 16, 0 
1641076813.177494 1640049706 c0:98:e5:42:00:29 267 
1641076813.177537 -292 -289 -283 -280 -278 -250 -233 -231 -227 -213 -210 -204 -204 -204 -200 
1641076813.177577 -180 -180 -175 -174 -168 -163 -157 -149 -145 -124 -117 -105 -103 -69 -27 
1641076813.177616 ### RSSI: -47, 1, 1640049707 ,1261 
1641076813.177655 ### ERROR: Failed reading SquarePoint packet length
1641076813.177694 ### RSSI: -46, 11, 1640049708 ,1276 
1641076813.177732 ### RSSI: -47, 16, 1640049709 ,1292 
1641076813.177771 ### DEBUG: Ticks: 1299, 47, 0 
1641076813.177809 1640049709 c0:98:e5:42:00:29 245 
1641076813.177848 -267 -267 -223 -216 -216 -210 -203 -202 -199 -197 -186 -178 -165 -156 -154 
1641076813.177887 -151 -144 -141 -138 -124 -121 -120 -115 -109 -82 -74 -59 -26 -15 -4 
1641076813.177926 ### RSSI: -47, 5, 1640049710 ,1308 
1641076813.177965 ### DEBUG: Ticks: 1314, 15, 0 
1641076813.178003 1640049710 c0:98:e5:42:00:29 316 
1641076813.178042 -309 -297 -294 -280 -256 -247 -242 -239 -234 -218 -214 -210 -201 -200 -198 
1641076813.178081 -187 -187 -184 -179 -165 -164 -150 -131 -124 -117 -116 -107 -101 -90 -49 
1641076813.178120 ### RSSI: -47, 25, 1640049711 ,1323 
1641076813.178158 ### DEBUG: Ticks: 1330, 16, 0 
1641076813.178197 1640049711 c0:98:e5:42:00:29 295 
1641076813.178239 -428 -392 -381 -377 -363 -353 -352 -351 -348 -338 -338 -334 -331 -326 -324 
1641076813.178279 -314 -304 -295 -295 -289 -284 -272 -265 -253 -234 -229 -220 -194 -184 -181 
1641076813.178317 ### RSSI: -47, 20, 1640049712 ,1339 
1641076813.178357 ### DEBUG: Ticks: 1346, 16, 0 
1641076813.178395 1640049712 c0:98:e5:42:00:29 233 
1641076813.178434 -234 -228 -227 -223 -217 -195 -182 -178 -169 -168 -166 -151 -146 -139 -136 
1641076813.178472 -135 -104 -102 -94 -91 -75 -68 -54 -46 -31 -30 -27 1 11 29 
1641076813.178515 ### RSSI: -47, 14, 1640049713 ,1355 
1641076813.178554 ### DEBUG: Ticks: 1361, 15, 0 
1641076813.178595 1640049713 c0:98:e5:42:00:29 230 
1641076813.178634 -156 -155 -153 -147 -128 -120 -111 -110 -99 -85 -81 -76 -60 -55 -44 
1641076813.178673 -44 -43 -43 -37 -32 -21 -9 3 5 7 31 31 43 91 105 
1641076813.178711 ### RSSI: -48, 29, 1640049714 ,1370 
1641076813.178750 ### DEBUG: Ticks: 1377, 16, 0 
1641076813.178788 1640049714 c0:98:e5:42:00:29 305 
1641076813.178827 -338 -331 -296 -290 -285 -272 -269 -266 -245 -244 -228 -225 -219 -210 -209 
1641076813.178867 -208 -207 -206 -193 -192 -190 -183 -176 -175 -169 -158 -130 -127 -98 -17 
1641076813.178905 ### RSSI: -47, 18, 1640049715 ,1386 
1641076813.178945 ### DEBUG: Ticks: 1392, 15, 0 
1641076813.178983 1640049715 c0:98:e5:42:00:29 288 
1641076813.179022 -323 -291 -290 -283 -278 -270 -265 -260 -248 -247 -243 -234 -229 -223 -214 
1641076813.179061 -213 -202 -200 -197 -165 -162 -156 -152 -120 -118 -108 -92 -88 -77 -27 
1641076813.179100 ### RSSI: -47, 15, 1640049716 ,1401 
1641076813.179139 ### DEBUG: Ticks: 1408, 16, 0 
1641076813.179177 1640049716 c0:98:e5:42:00:29 301 
1641076813.179216 -299 -298 -294 -289 -288 -263 -251 -250 -240 -234 -228 -222 -218 -217 -210 
1641076813.179256 -206 -202 -199 -199 -179 -169 -164 -157 -127 -126 -111 -99 -88 -80 -51 
1641076813.179295 ### RSSI: -46, 12, 1640049717 ,1417 
1641076813.179334 ### DEBUG: Ticks: 1424, 16, 0 
1641076813.179373 1640049717 c0:98:e5:42:00:29 330 
1641076813.179412 -246 -223 -189 -189 -180 -159 -147 -146 -144 -127 -119 -113 -110 -105 -101 
1641076813.179451 -89 -87 -85 -63 -62 -40 -25 -24 -3 -3 6 17 21 33 38 
1641076813.179490 ### RSSI: -47, 34, 1640049718 ,1433 
1641076813.179558 ### ERROR: Failed reading SquarePoint packet length
1641076813.179598 ### RSSI: -48, 32, 1640049719 ,1448 
1641076813.179637 ### RSSI: -47, 15, 1640049720 ,1464 
1641076813.179676 ### DEBUG: Ticks: 1471, 47, 0 
1641076813.179714 1640049720 c0:98:e5:42:00:29 282 
1641076813.179753 -449 -410 -380 -377 -374 -372 -371 -366 -356 -347 -346 -321 -319 -306 -301 
1641076813.179792 -301 -291 -290 -281 -278 -262 -246 -245 -243 -234 -232 -188 -184 -169 -156 
1641076813.179831 ### RSSI: -46, 12, 1640049720 ,1479 
1641076813.179870 ### DEBUG: Ticks: 1486, 15, 0 
1641076813.179909 1640049721 c0:98:e5:42:00:29 292 
1641076813.179948 -461 -441 -437 -437 -414 -413 -412 -386 -383 -382 -380 -370 -368 -367 -360 
1641076813.179987 -358 -352 -348 -341 -340 -321 -318 -311 -300 -299 -289 -281 -273 -226 -185 
1641076813.180026 ### RSSI: -46, 25, 1640049721 ,1495 
1641076813.180065 ### DEBUG: Ticks: 1502, 16, 0 
1641076813.182249 1640049722 c0:98:e5:42:00:29 291 
1641076813.182293 -439 -398 -396 -395 -376 -374 -371 -370 -367 -348 -345 -337 -331 -327 -324 
1641076813.182332 -312 -307 -295 -294 -290 -288 -286 -284 -284 -267 -261 -243 -234 -226 -136 
1641076813.668602 ### RSSI: -46, 12, 1640049722 ,1511 
1641076814.090914 ### DEBUG: Ticks: 1517, 15, 0 
1641076814.091019 1640049723 c0:98:e5:42:00:29 307 
1641076814.091061 -341 -335 -331 -316 -308 -299 -294 -290 -289 -288 -267 -265 -262 -261 -251 
1641076814.091102 -247 -231 -222 -209 -208 -199 -196 -195 -178 -175 -150 -141 -134 -133 -131 
1641076814.666795 ### RSSI: -46, 13, 1640049723 ,1526 
1641076815.090514 ### DEBUG: Ticks: 1533, 16, 0 
1641076815.090656 1640049724 c0:98:e5:42:00:29 273 
1641076815.102656 -394 -339 -321 -310 -308 -293 -286 -275 -275 -269 -266 -263 -254 -249 -247 
1641076815.102793 -244 -222 -220 -216 -211 -210 -209 -200 -188 -185 -158 -154 -154 -150 -72 
1641076815.670113 ### RSSI: -46, 13, 1640049724 ,1542 
1641076816.094686 ### DEBUG: Ticks: 1549, 16, 0 
1641076816.094847 1640049725 c0:98:e5:42:00:29 280 
1641076816.096148 -434 -424 -397 -389 -382 -378 -374 -365 -354 -345 -336 -330 -316 -314 -312 
1641076816.096307 -288 -287 -287 -283 -275 -267 -266 -265 -239 -222 -211 -202 -189 -186 -165 
1641076816.663670 ### RSSI: -47, 23, 1640049725 ,1558 
1641076817.099411 ### DEBUG: Ticks: 1564, 15, 0 
1641076817.099597 1640049726 c0:98:e5:42:00:29 283 
1641076817.099680 -213 -212 -209 -206 -200 -183 -172 -162 -160 -149 -131 -116 -115 -110 -108 
1641076817.099759 -106 -93 -86 -85 -81 -73 -64 -44 -30 -30 -28 -17 -9 2 31 
1641076817.665723 ### RSSI: -48, 29, 1640049726 ,1573 
1641076818.092854 ### DEBUG: Ticks: 1580, 16, 0 
1641076818.093030 1640049727 c0:98:e5:42:00:29 298 
1641076818.093082 -370 -369 -363 -326 -293 -278 -277 -272 -261 -260 -258 -254 -241 -239 -233 
1641076818.093122 -229 -227 -217 -210 -209 -203 -201 -192 -191 -189 -188 -188 -183 -159 -123 
1641076818.673795 ### RSSI: -48, 7, 1640049727 ,1589 
1641076819.100040 ### DEBUG: Ticks: 1595, 15, 0 
1641076819.100273 1640049728 c0:98:e5:42:00:29 270 
1641076819.100417 -398 -388 -347 -343 -330 -330 -326 -311 -306 -300 -295 -283 -275 -272 -258 
1641076819.100556 -257 -253 -250 -248 -240 -218 -214 -213 -211 -203 -199 -191 -179 -144 -127 
1641076819.664728 ### RSSI: -46, 19, 1640049728 ,1604 
1641076820.086737 ### ERROR: Failed reading SquarePoint packet length
1641076820.670589 ### RSSI: -49, 0, 1640049730 ,1620 
1641076821.667707 ### RSSI: -48, 34, 1640049731 ,1636 
1641076822.093420 ### DEBUG: Ticks: 1642, 47, 0 
1641076822.093702 1640049731 c0:98:e5:42:00:29 278 
1641076822.093923 -334 -317 -294 -293 -291 -275 -270 -259 -256 -242 -240 -231 -229 -229 -226 
1641076822.094109 -226 -225 -221 -220 -197 -194 -189 -182 -168 -157 -155 -148 -124 -105 -40 
1641076822.672213 ### RSSI: -46, 36, 1640049732 ,1651 
1641076823.095755 ### DEBUG: Ticks: 1658, 16, 0 
1641076823.096065 1640049732 c0:98:e5:42:00:29 287 
1641076823.096345 -520 -498 -489 -480 -471 -468 -465 -465 -458 -434 -415 -413 -410 -404 -402 
1641076823.096523 -398 -392 -391 -386 -386 -384 -373 -353 -349 -348 -337 -325 -313 -310 -225 
1641076823.665447 ### RSSI: -49, 35, 1640049733 ,1667 
1641076824.098756 ### DEBUG: Ticks: 1674, 16, 0 
1641076824.099032 1640049733 c0:98:e5:42:00:29 264 
1641076824.099214 -360 -319 -315 -311 -296 -292 -289 -286 -285 -263 -262 -255 -248 -242 -242 
1641076824.099405 -237 -222 -207 -205 -204 -193 -187 -175 -172 -165 -163 -163 -161 -147 -133 
1641076824.666447 ### RSSI: -45, 12, 1640049734 ,1683 
1641076825.100034 ### DEBUG: Ticks: 1689, 15, 0 
1641076825.100327 1640049734 c0:98:e5:42:00:29 283 
1641076825.100520 -285 -259 -257 -253 -230 -224 -201 -192 -190 -189 -178 -166 -165 -162 -151 
1641076825.100706 -142 -137 -127 -121 -118 -116 -91 -85 -68 -57 -42 -25 -5 5 15 
1641076825.672770 ### RSSI: -46, 19, 1640049735 ,1698 
1641076826.092996 ### DEBUG: Ticks: 1705, 16, 0 
1641076826.093286 1640049735 c0:98:e5:42:00:29 293 
1641076826.093469 -385 -382 -381 -380 -352 -351 -339 -333 -323 -322 -314 -311 -295 -294 -290 
1641076826.093655 -284 -273 -263 -254 -249 -242 -225 -225 -209 -203 -196 -193 -171 -168 -152 
1641076826.664136 ### RSSI: -48, 33, 1640049736 ,1714 
1641076827.100329 ### DEBUG: Ticks: 1720, 15, 0 
1641076827.100611 1640049736 c0:98:e5:42:00:29 308 
1641076827.100849 -395 -391 -376 -370 -369 -368 -355 -347 -346 -345 -333 -328 -318 -316 -314 
1641076827.101040 -293 -285 -284 -276 -249 -240 -236 -230 -227 -227 -210 -188 -182 -164 -132 
1641076827.668706 ### RSSI: -47, 15, 1640049737 ,1729 
1641076828.096584 ### DEBUG: Ticks: 1736, 16, 0 
1641076828.096897 1640049737 c0:98:e5:42:00:29 283 
1641076828.097104 -259 -245 -244 -242 -234 -222 -222 -219 -206 -202 -201 -182 -174 -167 -166 
1641076828.097293 -165 -155 -154 -144 -133 -132 -129 -125 -121 -120 -118 -105 -89 -49 1 
1641076828.666025 ### RSSI: -47, 12, 1640049738 ,1745 
1641076829.094496 ### DEBUG: Ticks: 1752, 16, 0 
1641076829.094842 1640049738 c0:98:e5:42:00:29 261 
1641076829.095022 -463 -435 -419 -413 -408 -397 -389 -385 -376 -370 -367 -359 -349 -342 -336 
1641076829.095207 -333 -325 -323 -323 -318 -318 -314 -306 -290 -286 -286 -280 -267 -241 -191 
1641076829.668013 ### RSSI: -47, 4, 1640049739 ,1761 
1641076830.098722 ### DEBUG: Ticks: 1767, 15, 0 
1641076830.099114 1640049739 c0:98:e5:42:00:29 251 
1641076830.099297 -402 -398 -372 -357 -343 -334 -329 -327 -322 -321 -311 -305 -297 -294 -289 
1641076830.099485 -285 -284 -284 -281 -267 -267 -260 -241 -235 -217 -205 -177 -170 -115 0 
1641076830.670690 ### RSSI: -47, 17, 1640049740 ,1776 
1641076831.096047 ### ERROR: Failed reading SquarePoint packet length
1641076831.667891 ### RSSI: -47, 36, 1640049741 ,1792 
1641076832.670204 ### RSSI: -51, 7, 1640049742 ,1807 
1641076833.091968 ### DEBUG: Ticks: 1814, 47, 0 
1641076833.092295 1640049742 c0:98:e5:42:00:29 287 
1641076833.103117 -164 -159 -118 -117 -115 -102 -96 -85 -82 -81 -63 -61 -60 -34 -28 
1641076833.103390 -17 -13 -10 -8 16 16 24 27 45 45 48 54 62 80 128 
1641076833.670633 ### RSSI: -47, 11, 1640049743 ,1823 
1641076834.092862 ### DEBUG: Ticks: 1830, 16, 0 
1641076834.093145 1640049743 c0:98:e5:42:00:29 232 
1641076834.093338 -299 -295 -286 -285 -271 -268 -255 -247 -217 -215 -204 -198 -197 -186 -185 
1641076834.093525 -177 -160 -158 -153 -151 -121 -119 -110 -105 -92 -91 -87 -74 -70 -52 
1641076834.668740 ### RSSI: -46, 1, 1640049743 ,1839 
1641076835.097911 ### DEBUG: Ticks: 1845, 15, 0 
1641076835.098200 1640049744 c0:98:e5:42:00:29 293 
1641076835.098381 -295 -278 -271 -268 -262 -243 -224 -222 -210 -208 -205 -201 -199 -188 -186 
1641076835.098567 -186 -181 -159 -148 -137 -136 -124 -111 -109 -109 -101 -93 -82 -61 -9 
1641076835.662488 ### RSSI: -48, 29, 1640049744 ,1854 
1641076836.092940 ### DEBUG: Ticks: 1861, 16, 0 
1641076836.093222 1640049745 c0:98:e5:42:00:29 278 
1641076836.093402 -252 -246 -239 -222 -208 -197 -192 -189 -183 -177 -177 -167 -163 -159 -158 
1641076836.093589 -150 -126 -125 -122 -120 -114 -98 -94 -84 -76 -70 -66 -19 -18 -14 
1641076836.665149 ### RSSI: -48, 6, 1640049745 ,1870 
1641076837.094790 ### DEBUG: Ticks: 1877, 16, 0 
1641076837.095064 1640049746 c0:98:e5:42:00:29 324 
1641076837.095246 -381 -372 -353 -351 -341 -341 -327 -324 -322 -313 -310 -308 -306 -306 -301 
1641076837.095611 -285 -269 -268 -268 -262 -257 -256 -249 -245 -207 -200 -186 -184 -137 -135 
1641076837.584035 ### INFO: SD card flushed!
1641076837.662261 ### RSSI: -47, 10, 1640049746 ,1886 
1641076838.095753 ### DEBUG: Ticks: 1892, 15, 0 
1641076838.096141 1640049747 c0:98:e5:42:00:29 267 
1641076838.096351 -270 -236 -233 -232 -221 -220 -212 -208 -207 -204 -200 -184 -183 -168 -165 
1641076838.096542 -158 -147 -130 -129 -129 -104 -100 -81 -77 -68 -65 -52 -44 -32 -30 
1641076838.664302 ### RSSI: -47, 3, 1640049747 ,1901 
1641076839.091656 ### DEBUG: Ticks: 1908, 16, 0 
1641076839.091950 1640049748 c0:98:e5:42:00:29 275 
1641076839.104588 -334 -318 -315 -308 -294 -291 -286 -277 -275 -262 -260 -255 -242 -239 -239 
1641076839.104948 -232 -226 -213 -211 -173 -168 -154 -125 -123 -117 -116 -113 -108 -103 -86 
1641076839.646247 ### INFO: Device is now IN MOTION
1641076839.669582 ### RSSI: -47, 18, 1640049748 ,1917 
1641076840.095570 ### DEBUG: Ticks: 1923, 15, 0 
1641076840.095845 1640049749 c0:98:e5:42:00:29 298 
1641076840.095989 -292 -282 -279 -277 -272 -265 -261 -260 -251 -250 -244 -241 -238 -238 -234 
1641076840.096166 -221 -198 -187 -181 -181 -176 -144 -131 -129 -125 -123 -117 -115 -105 -100 
1641076840.672579 ### RSSI: -49, 26, 1640049749 ,1932 
1641076841.099408 ### DEBUG: Ticks: 1939, 16, 0 
1641076841.099694 1640049750 c0:98:e5:42:00:29 343 
1641076841.099854 -231 -231 -227 -222 -221 -218 -214 -214 -210 -207 -199 -196 -190 -184 -163 
1641076841.100026 -161 -142 -137 -133 -119 -116 -114 -106 -99 -98 -87 -41 -16 18 95 
1641076841.664454 ### RSSI: -47, 25, 1640049750 ,1948 
1641076842.087759 ### ERROR: Failed reading SquarePoint packet length
1641076842.670904 ### RSSI: -45, 10, 1640049751 ,1964 
1641076843.668405 ### RSSI: -51, 2, 1640049752 ,1979 
1641076844.096314 ### DEBUG: Ticks: 1986, 47, 0 
1641076844.096604 1640049753 c0:98:e5:42:00:29 338 
1641076844.096796 -224 -224 -222 -222 -220 -201 -196 -192 -185 -182 -178 -171 -149 -142 -133 
1641076844.096983 -131 -128 -128 -119 -117 -110 -107 -107 -105 -102 -93 -88 -65 -65 -20 
1641076844.668995 ### RSSI: -53, 33, 1640049754 ,1995 
1641076845.096590 ### DEBUG: Ticks: 2002, 16, 0 
1641076845.096875 1640049754 c0:98:e5:42:00:29 354 
1641076845.097057 -92 -86 -82 -51 -50 -29 -29 -29 -22 -17 -16 -14 -6 -3 13 
1641076845.097244 14 16 16 23 30 34 34 46 55 57 65 70 98 109 119 
1641076845.665852 ### RSSI: -48, 6, 1640049755 ,2011 
1641076846.095816 ### DEBUG: Ticks: 2017, 15, 0 
1641076846.096108 1640049755 c0:98:e5:42:00:29 465 
1641076846.096321 -44 -40 -31 -19 -18 -16 -9 -2 3 7 9 20 24 26 28 
1641076846.096539 28 38 41 43 55 57 62 63 78 79 84 106 107 119 157 
1641076846.665204 ### RSSI: -49, 12, 1640049756 ,2026 
1641076847.097447 ### DEBUG: Ticks: 2033, 16, 0 
1641076847.097733 1640049756 c0:98:e5:42:00:29 530 
1641076847.097915 42 76 85 92 111 114 116 123 142 146 149 153 154 169 174 
1641076847.098123 182 183 189 190 192 196 201 211 213 217 224 228 231 273 289 
1641076847.662648 ### RSSI: -55, 31, 1640049757 ,2042 
1641076848.100187 ### DEBUG: Ticks: 2048, 15, 0 
1641076848.100433 1640049757 c0:98:e5:42:00:29 664 
1641076848.100601 169 193 202 217 218 218 222 227 234 240 241 247 248 248 250 
1641076848.100771 256 273 282 296 301 303 315 324 325 327 338 361 386 399 405 
1641076848.666381 ### RSSI: -60, 35, 1640049758 ,2057 
1641076849.096083 ### DEBUG: Ticks: 2064, 16, 0 
1641076849.096376 1640049758 c0:98:e5:42:00:29 646 
1641076849.096556 106 106 149 153 173 179 195 205 207 209 210 220 220 229 230 
1641076849.096743 231 243 252 258 258 268 275 283 291 295 300 300 303 315 332 
1641076849.661367 ### RSSI: -57, 29, 1640049759 ,2073 
1641076850.099358 ### DEBUG: Ticks: 2080, 16, 0 
1641076850.099673 1640049759 c0:98:e5:42:00:29 668 
1641076850.099839 123 138 143 157 167 172 174 184 195 197 206 206 208 221 225 
1641076850.099998 228 234 235 244 248 252 263 264 266 283 291 293 300 306 312 
1641076850.665957 ### RSSI: -56, 35, 1640049760 ,2089 
1641076851.099467 ### DEBUG: Ticks: 2095, 15, 0 
1641076851.099745 1640049760 c0:98:e5:42:00:29 636 
1641076851.099882 219 227 234 247 261 272 273 285 292 294 298 298 309 310 317 
1641076851.100025 323 331 333 340 348 351 360 365 366 373 384 410 424 434 436 
1641076851.665604 ### RSSI: -66, 7, 1640049761 ,2104 
1641076852.097701 ### DEBUG: Ticks: 2111, 16, 0 
1641076852.097896 1640049761 c0:98:e5:42:00:29 651 
1641076852.098045 141 166 173 173 174 187 192 194 199 200 214 220 221 221 231 
1641076852.098160 239 243 255 256 262 268 273 275 279 286 286 297 298 304 348 
1641076852.663125 ### RSSI: -63, 16, 1640049762 ,2120 
1641076853.090597 ### ERROR: Failed reading SquarePoint packet length
1641076853.666698 ### RSSI: -60, 24, 1640049763 ,2135 
1641076854.662243 ### RSSI: -60, 33, 1640049764 ,2151 
1641076855.095927 ### DEBUG: Ticks: 2158, 47, 0 
1641076855.096261 1640049764 c0:98:e5:42:00:29 526 
1641076855.096480 53 65 73 76 97 111 115 119 123 134 136 136 139 149 149 
1641076855.096666 163 167 175 180 182 183 183 187 195 197 204 248 252 293 294 
1641076855.661225 ### RSSI: -67, 36, 1640049765 ,2167 
1641076856.093878 ### DEBUG: Ticks: 2173, 15, 0 
1641076856.094166 1640049765 c0:98:e5:42:00:29 1014 
1641076856.094382 588 590 593 594 600 601 604 607 607 608 622 622 637 638 643 
1641076856.094836 656 660 666 687 689 692 701 711 731 747 761 808 868 922 937 
1641076856.669280 ### RSSI: -62, 3, 1640049766 ,2182 
1641076857.100561 ### DEBUG: Ticks: 2189, 16, 0 
1641076857.100795 1640049766 c0:98:e5:42:00:29 1491 
1641076857.100940 998 1015 1021 1022 1035 1039 1047 1053 1053 1061 1063 1069 1069 1071 1080 
1641076857.101125 1090 1100 1100 1103 1119 1134 1145 1146 1157 1162 1169 1170 1172 1196 1234 
1641076857.669195 ### RSSI: -55, 18, 1640049767 ,2198 
1641076858.099252 ### DEBUG: Ticks: 2205, 16, 0 
1641076858.099607 1640049767 c0:98:e5:42:00:29 1868 
1641076858.099796 1395 1435 1436 1437 1437 1444 1448 1450 1456 1460 1465 1478 1481 1491 1494 
1641076858.099957 1505 1513 1518 1520 1520 1524 1536 1541 1548 1569 1570 1570 1571 1620 1744 
1641076858.664562 ### RSSI: -55, 12, 1640049767 ,2214 
1641076859.096649 ### DEBUG: Ticks: 2220, 15, 0 
1641076859.096938 1640049768 c0:98:e5:42:00:29 1878 
1641076859.097143 1431 1436 1469 1472 1474 1475 1476 1485 1486 1487 1492 1512 1513 1517 1526 
1641076859.097333 1526 1538 1539 1548 1553 1554 1559 1562 1565 1598 1599 1605 1608 1620 1823 
1641076859.672039 ### RSSI: -54, 4, 1640049768 ,2229 
1641076860.096365 ### DEBUG: Ticks: 2236, 16, 0 
1641076860.096644 1640049769 c0:98:e5:42:00:29 1887 
1641076860.096809 1436 1444 1447 1453 1454 1456 1459 1477 1480 1484 1484 1494 1505 1505 1507 
1641076860.096969 1524 1527 1531 1540 1551 1553 1563 1565 1572 1575 1576 1581 1589 1602 1616 
1641076860.664903 ### RSSI: -55, 36, 1640049769 ,2245 
1641076861.093229 ### DEBUG: Ticks: 2252, 16, 0 
1641076861.093510 1640049770 c0:98:e5:42:00:29 1902 
1641076861.093693 1415 1437 1446 1456 1463 1464 1471 1473 1475 1478 1481 1488 1494 1499 1504 
1641076861.093905 1507 1518 1531 1531 1532 1533 1545 1548 1559 1561 1588 1593 1608 1639 1822 
1641076861.668881 ### RSSI: -53, 12, 1640049770 ,2260 
1641076862.099700 ### DEBUG: Ticks: 2267, 15, 0 
1641076862.099957 1640049771 c0:98:e5:42:00:29 1681 
1641076862.100123 1204 1225 1232 1235 1237 1251 1251 1253 1270 1273 1273 1282 1289 1293 1299 
1641076862.100284 1301 1307 1311 1355 1356 1372 1373 1380 1383 1384 1384 1388 1403 1424 1425 
1641076862.668462 ### RSSI: -58, 21, 1640049771 ,2276 
1641076863.093142 ### DEBUG: Ticks: 2283, 16, 0 
1641076863.093371 1640049772 c0:98:e5:42:00:29 1267 
1641076863.093519 807 826 830 837 861 862 862 862 863 865 871 882 883 884 885 
1641076863.093678 896 899 900 905 906 914 920 924 944 946 989 993 999 1007 1023 
1641076863.662661 ### RSSI: -52, 13, 1640049772 ,2292 
1641076864.090100 ### ERROR: Failed reading SquarePoint packet length
1641076864.669268 ### RSSI: -62, 25, 1640049773 ,2307 
1641076865.670474 ### RSSI: -52, 36, 1640049774 ,2323 
1641076866.099856 ### DEBUG: Ticks: 2330, 47, 0 
1641076866.100127 1640049775 c0:98:e5:42:00:29 501 
1641076866.100281 14 49 51 83 85 102 103 108 110 116 119 123 133 136 158 
1641076866.100440 158 160 162 166 168 169 182 191 193 197 206 244 245 286 294 
1641076866.663328 ### RSSI: -54, 21, 1640049775 ,2339 
1641076867.096666 ### DEBUG: Ticks: 2345, 15, 0 
1641076867.096924 1640049776 c0:98:e5:42:00:29 495 
1641076867.097078 43 44 47 65 75 78 93 96 98 101 101 105 116 123 124 
1641076867.097238 131 137 151 166 169 170 176 183 189 196 212 259 298 318 318 
1641076867.669539 ### RSSI: -59, 7, 1640049776 ,2354 
1641076868.099329 ### DEBUG: Ticks: 2361, 16, 0 
1641076868.099627 1640049777 c0:98:e5:42:00:29 617 
1641076868.099796 164 196 203 203 208 211 220 224 233 236 237 242 252 257 269 
1641076868.099959 272 272 277 288 305 307 308 312 315 317 341 350 351 363 373 
1641076868.669501 ### RSSI: -64, 28, 1640049778 ,2370 
1641076869.094228 ### DEBUG: Ticks: 2376, 15, 0 
1641076869.094484 1640049778 c0:98:e5:42:00:29 770 
1641076869.094638 270 311 333 341 354 364 365 367 378 380 382 383 394 396 400 
1641076869.094797 420 420 427 427 429 453 454 471 485 512 531 538 555 561 742 
1641076869.667677 ### RSSI: -51, 34, 1640049779 ,2385 
1641076870.096581 ### DEBUG: Ticks: 2392, 16, 0 
1641076870.097522 1640049779 c0:98:e5:42:00:29 1206 
1641076870.097694 805 817 819 821 822 834 835 836 838 847 856 865 865 865 866 
1641076870.097824 875 876 880 893 894 921 922 935 939 970 978 1023 1035 1043 1069 
1641076870.663155 ### RSSI: -56, 29, 1640049780 ,2401 
1641076871.100599 ### DEBUG: Ticks: 2408, 16, 0 
1641076871.100895 1640049780 c0:98:e5:42:00:29 1800 
1641076871.101051 1368 1372 1378 1379 1381 1383 1387 1390 1393 1394 1396 1408 1416 1442 1447 
1641076871.101212 1453 1454 1457 1460 1475 1481 1485 1486 1489 1519 1540 1542 1561 1589 1624 
1641076871.663974 ### RSSI: -55, 6, 1640049781 ,2417 
1641076872.098152 ### DEBUG: Ticks: 2423, 15, 0 
1641076872.098423 1640049781 c0:98:e5:42:00:29 1904 
1641076872.098590 1352 1355 1364 1369 1373 1379 1397 1398 1400 1406 1407 1412 1419 1429 1433 
1641076872.098759 1438 1438 1444 1456 1457 1469 1469 1470 1472 1475 1497 1508 1510 1519 1527 
1641076872.662355 ### RSSI: -56, 21, 1640049782 ,2432 
1641076873.102023 ### DEBUG: Ticks: 2439, 16, 0 
1641076873.102305 1640049782 c0:98:e5:42:00:29 1869 
1641076873.102528 1426 1430 1431 1441 1442 1447 1455 1458 1459 1461 1461 1474 1476 1477 1479 
1641076873.102715 1486 1507 1512 1516 1522 1527 1537 1545 1548 1550 1551 1570 1580 1589 1617 
1641076873.666859 ### RSSI: -56, 6, 1640049783 ,2448 
1641076874.100126 ### DEBUG: Ticks: 2455, 16, 0 
1641076874.100373 1640049783 c0:98:e5:42:00:29 1921 
1641076874.100518 1378 1402 1404 1407 1414 1416 1418 1428 1430 1431 1431 1432 1433 1456 1459 
1641076874.100667 1459 1467 1477 1482 1492 1498 1504 1509 1513 1515 1518 1520 1547 1549 1570 
1641076874.668057 ### RSSI: -55, 0, 1640049784 ,2463 
1641076875.088129 ### ERROR: Failed reading SquarePoint packet length
1641076875.661218 ### RSSI: -54, 3, 1640049785 ,2479 
1641076876.667265 ### RSSI: -59, 15, 1640049786 ,2495 
1641076877.097992 ### DEBUG: Ticks: 2501, 46, 0 
1641076877.098240 1640049786 c0:98:e5:42:00:29 1092 
1641076877.098394 645 647 656 666 686 698 699 700 711 714 719 719 727 728 733 
1641076877.098553 735 739 748 749 764 770 800 828 850 851 867 868 905 942 986 
1641076877.663634 ### RSSI: -61, 10, 1640049787 ,2510 
1641076878.093518 ### DEBUG: Ticks: 2517, 16, 0 
1641076878.093765 1640049787 c0:98:e5:42:00:29 791 
1641076878.093929 291 300 314 318 324 325 327 331 338 347 350 352 362 363 364 
1641076878.094091 371 375 386 391 397 398 399 409 433 441 450 461 464 496 636 
1641076878.666852 ### RSSI: -59, 29, 1640049788 ,2526 
1641076879.092463 ### DEBUG: Ticks: 2533, 16, 0 
1641076879.092709 1640049788 c0:98:e5:42:00:29 712 
1641076879.104884 349 361 362 363 380 381 390 391 401 402 403 417 422 434 435 
1641076879.105108 443 452 456 464 465 472 484 497 517 545 548 556 562 575 610 
1641076879.507661 ### INFO: SD card flushed!
1641076879.663190 ### RSSI: -58, 33, 1640049789 ,2542 
1641076880.095468 ### DEBUG: Ticks: 2548, 15, 0 
1641076880.097132 1640049789 c0:98:e5:42:00:29 715 
1641076880.098655 325 370 380 383 383 385 387 394 396 402 411 412 418 420 420 
1641076880.098886 421 423 427 447 447 450 454 456 468 472 483 484 509 519 524 
1641076880.668972 ### RSSI: -64, 23, 1640049790 ,2557 
1641076881.097709 ### DEBUG: Ticks: 2564, 16, 0 
1641076881.097998 1640049790 c0:98:e5:42:00:29 627 
1641076881.098191 181 208 237 240 257 259 263 269 270 285 287 288 289 295 300 
1641076881.098409 305 307 313 315 334 350 357 365 386 386 387 393 409 421 589 
1641076881.666268 ### RSSI: -55, 8, 1640049791 ,2573 
1641076882.097327 ### DEBUG: Ticks: 2580, 16, 0 
1641076882.098137 1640049791 c0:98:e5:42:00:29 689 
1641076882.098378 153 184 184 214 218 227 229 235 240 242 245 246 255 258 264 
1641076882.098571 265 276 280 288 293 306 310 324 344 348 359 364 387 395 569 
1641076882.668822 ### RSSI: -86, 21, 1640049791 ,2588 
1641076883.092470 ### DEBUG: Ticks: 2595, 15, 0 
1641076883.092745 1640049792 c0:98:e5:42:00:29 834 
1641076883.104623 420 429 430 438 442 442 445 447 456 471 474 476 476 480 484 
1641076883.104871 490 495 511 512 513 516 553 563 568 573 595 604 622 649 791 
1641076883.664353 ### RSSI: -53, 5, 1640049792 ,2604 
1641076884.095711 ### DEBUG: Ticks: 2611, 16, 0 
1641076884.095982 1640049793 c0:98:e5:42:00:29 1210 
1641076884.096178 707 739 749 756 756 758 765 770 772 777 786 803 807 812 821 
1641076884.096370 823 826 831 843 847 859 873 880 944 962 962 974 986 1016 1079 
1641076884.671332 ### RSSI: -54, 30, 1640049793 ,2620 
1641076885.096849 ### DEBUG: Ticks: 2626, 15, 0 
1641076885.097489 1640049794 c0:98:e5:42:00:29 1829 
1641076885.097655 1438 1442 1480 1481 1491 1493 1495 1495 1495 1499 1499 1511 1517 1527 1536 
1641076885.097814 1536 1544 1558 1570 1571 1572 1588 1592 1592 1615 1622 1626 1637 1649 1651 
1641076885.666280 ### RSSI: -54, 13, 1640049794 ,2635 
1641076886.089676 ### ERROR: Failed reading SquarePoint packet length
1641076886.664296 ### RSSI: -55, 15, 1640049795 ,2651 
1641076887.664081 ### RSSI: -55, 31, 1640049796 ,2667 
1641076888.096109 ### DEBUG: Ticks: 2673, 47, 0 
1641076888.096410 1640049797 c0:98:e5:42:00:29 1837 
1641076888.096595 1355 1365 1377 1378 1388 1397 1398 1404 1405 1407 1408 1419 1422 1431 1452 
1641076888.096787 1453 1454 1456 1458 1464 1474 1478 1484 1502 1507 1510 1532 1535 1540 1752 
1641076888.660805 ### RSSI: -54, 4, 1640049797 ,2682 
1641076889.098905 ### DEBUG: Ticks: 2689, 16, 0 
1641076889.099156 1640049798 c0:98:e5:42:00:29 1781 
1641076889.099362 1354 1365 1365 1375 1380 1382 1393 1399 1409 1410 1422 1422 1426 1436 1453 
1641076889.099599 1463 1464 1470 1486 1486 1493 1503 1506 1508 1523 1529 1534 1559 1559 1593 
1641076889.667317 ### RSSI: -53, 10, 1640049798 ,2698 
1641076890.096276 ### DEBUG: Ticks: 2704, 15, 0 
1641076890.096561 1640049799 c0:98:e5:42:00:29 1382 
1641076890.096718 858 867 885 893 894 898 905 910 912 914 919 921 925 945 962 
1641076890.096902 967 967 969 973 989 1007 1009 1011 1012 1015 1027 1046 1052 1056 1068 
1641076890.668022 ### RSSI: -51, 20, 1640049799 ,2713 
1641076891.097068 ### DEBUG: Ticks: 2720, 16, 0 
1641076891.097348 1640049800 c0:98:e5:42:00:29 949 
1641076891.097516 458 469 483 487 490 497 500 500 503 514 520 527 527 533 541 
1641076891.097686 543 545 549 554 567 570 575 599 603 603 621 629 634 697 710 
1641076891.669378 ### RSSI: -63, 16, 1640049800 ,2729 
1641076892.096617 ### DEBUG: Ticks: 2736, 16, 0 
1641076892.096933 1640049801 c0:98:e5:42:00:29 555 
1641076892.097099 47 74 83 89 90 95 96 102 102 104 107 109 110 114 134 
1641076892.097250 136 141 142 168 170 173 174 174 178 204 207 219 224 246 349 
1641076892.768486 ### RSSI: -62, 8, 1640049802 ,2746 
1641076893.098653 ### DEBUG: Ticks: 2751, 15, 0 
1641076893.098835 1640049802 c0:98:e5:42:00:29 500 
1641076893.098975 75 78 84 85 88 103 118 119 120 125 133 134 135 135 137 
1641076893.099091 143 145 146 150 157 163 165 177 182 185 197 199 236 236 248 
1641076893.763533 ### RSSI: -57, 34, 1640049803 ,2762 
1641076894.101315 ### DEBUG: Ticks: 2767, 16, 0 
1641076894.101588 1640049803 c0:98:e5:42:00:29 538 
1641076894.101781 -11 -5 4 7 40 41 49 52 59 61 71 72 75 76 83 
1641076894.101958 84 85 88 92 112 116 117 119 127 129 130 144 165 169 195 
1641076894.761466 ### RSSI: -62, 6, 1640049804 ,2777 
1641076895.093788 ### DEBUG: Ticks: 2783, 16, 0 
1641076895.094010 1640049804 c0:98:e5:42:00:29 703 
1641076895.094171 215 240 250 272 285 299 319 319 322 330 331 332 334 337 342 
1641076895.094337 360 376 384 392 395 409 413 415 418 424 444 459 466 501 600 
1641076895.768346 ### RSSI: -68, 30, 1640049805 ,2793 
1641076896.096970 ### DEBUG: Ticks: 2798, 15, 0 
1641076896.097186 1640049805 c0:98:e5:42:00:29 733 
1641076896.097322 313 314 329 335 335 335 350 350 364 369 374 382 387 388 397 
1641076896.097466 401 405 418 425 440 457 458 461 477 480 484 523 524 533 826 
1641076896.766971 ### RSSI: -50, 7, 1640049806 ,2809 
1641076897.094168 ### ERROR: Failed reading SquarePoint packet length
1641076897.765596 ### RSSI: -52, 0, 1640049807 ,2824 
1641076898.765499 ### RSSI: -55, 31, 1640049808 ,2840 
1641076899.094798 ### DEBUG: Ticks: 2845, 47, 0 
1641076899.095081 1640049808 c0:98:e5:42:00:29 2004 
1641076899.095309 1538 1548 1549 1552 1553 1562 1568 1573 1575 1577 1585 1591 1592 1595 1596 
1641076899.095595 1609 1612 1621 1630 1631 1631 1636 1645 1648 1682 1682 1686 1696 1705 1739 
1641076899.765291 ### RSSI: -57, 14, 1640049809 ,2856 
1641076900.096514 ### DEBUG: Ticks: 2861, 16, 0 
1641076900.096836 1640049809 c0:98:e5:42:00:29 1959 
1641076900.097029 1493 1496 1499 1501 1510 1510 1511 1512 1526 1526 1529 1542 1543 1545 1547 
1641076900.097216 1555 1570 1574 1577 1593 1605 1605 1612 1612 1616 1621 1624 1629 1641 1683 
1641076900.765281 ### RSSI: -55, 19, 1640049810 ,2871 
1641076901.094849 ### DEBUG: Ticks: 2876, 15, 0 
1641076901.095059 1640049810 c0:98:e5:42:00:29 1899 
1641076901.095208 1384 1414 1415 1422 1425 1449 1450 1452 1455 1458 1459 1468 1470 1479 1484 
1641076901.095368 1487 1502 1507 1509 1512 1513 1520 1523 1523 1543 1553 1555 1566 1575 1836 
1641076901.763923 ### RSSI: -56, 22, 1640049811 ,2887 
1641076902.093556 ### DEBUG: Ticks: 2892, 16, 0 
1641076902.093683 1640049811 c0:98:e5:42:00:29 1783 
1641076902.093728 1306 1319 1321 1328 1337 1341 1341 1353 1357 1363 1363 1364 1370 1372 1383 
1641076902.093784 1386 1391 1392 1397 1400 1413 1434 1438 1447 1458 1467 1471 1471 1475 1505 
1641076902.759969 ### RSSI: -53, 5, 1640049812 ,2902 
1641076903.100402 ### DEBUG: Ticks: 2908, 16, 0 
1641076903.100678 1640049812 c0:98:e5:42:00:29 1635 
1641076903.101014 1139 1149 1164 1167 1168 1174 1181 1185 1191 1193 1207 1210 1215 1222 1230 
1641076903.101171 1236 1241 1247 1253 1259 1261 1273 1285 1288 1295 1296 1296 1298 1299 1315 
1641076903.764682 ### RSSI: -58, 34, 1640049813 ,2918 
1641076904.096609 ### DEBUG: Ticks: 2923, 15, 0 
1641076904.096805 1640049813 c0:98:e5:42:00:29 1273 
1641076904.097263 866 879 884 888 909 915 915 921 923 923 925 925 926 934 935 
1641076904.098315 941 943 954 965 1001 1005 1015 1019 1060 1062 1072 1096 1129 1183 1227 
1641076904.769618 ### RSSI: -63, 14, 1640049814 ,2934 
1641076905.094737 ### DEBUG: Ticks: 2939, 16, 0 
1641076905.095016 1640049814 c0:98:e5:42:00:29 787 
1641076905.095198 304 305 308 315 318 321 328 329 332 355 365 377 390 391 399 
1641076905.095357 410 410 411 416 420 422 431 432 443 455 481 489 489 588 606 
1641076905.763823 ### RSSI: -57, 6, 1640049815 ,2949 
1641076906.100883 ### DEBUG: Ticks: 2954, 15, 0 
1641076906.101109 1640049815 c0:98:e5:42:00:29 724 
1641076906.101261 303 325 332 333 350 351 358 371 376 377 379 382 392 399 403 
1641076906.101405 409 431 441 452 458 459 488 511 519 526 533 535 572 580 632 
1641076906.706792 ### DEBUG: BLE START SCANNING called
1641076906.763693 ### RSSI: -69, 35, 1640049816 ,2965 
1641076906.763914 ### DEBUG: BLE START SCANNING called
1641076907.100822 ### DEBUG: Ticks: 2970, 16, 0 
1641076907.101100 1640049816 c0:98:e5:42:00:29 690 
1641076907.101254 161 201 220 224 231 241 248 248 250 253 260 269 278 283 288 
1641076907.101411 288 299 311 311 314 314 318 323 328 332 342 358 360 372 414 
1641076907.765685 ### RSSI: -61, 27, 1640049816 ,2980 
1641076907.765929 ### DEBUG: BLE START SCANNING called
1641076907.832478 ### DEBUG: BLE START SCANNING called
1641076907.843171 ### DEBUG: BLE START SCANNING called
1641076908.090321 ### ERROR: Failed reading SquarePoint packet length
1641076908.768522 ### RSSI: -56, 18, 1640049817 ,2996 
1641076908.768737 ### DEBUG: BLE START SCANNING called
1641076908.879663 ### addr: c0:98:e5:42:00:29 
1641076908.879911 ### on_adv_report outer RSSI: -55, time:1640049817 
1641076908.880069 ### INFO: Discovered new device: c0:98:e5:42:00:29
1641076908.892937 ### DEBUG: connected? already connected
1641076908.893197 ### DEBUG: BLE START SCANNING called
1641076908.935950 ### BLE EVENT: 16, INFO: BLE CONNECTED!
1641076908.936173 ### DEBUG: BLE START SCANNING called
1641076908.936309 ### RSSI: -60, 30, 1640049817 ,2999 
1641076908.936463 ### DEBUG: BLE START SCANNING called
1641076909.035941 ### RSSI: -57, 17, 1640049818 ,3000 
1641076909.036233 ### DEBUG: BLE START SCANNING called
1641076909.138033 ### RSSI: -64, 33, 1640049818 ,3002 
1641076909.138285 ### DEBUG: BLE START SCANNING called
1641076909.241996 ### RSSI: -68, 27, 1640049818 ,3003 
1641076909.243384 ### DEBUG: BLE START SCANNING called
1641076909.342021 ### RSSI: -65, 35, 1640049818 ,3005 
1641076909.342286 ### DEBUG: BLE START SCANNING called
1641076909.435353 ### RSSI: -65, 36, 1640049818 ,3007 
1641076909.435641 ### DEBUG: BLE START SCANNING called
1641076909.538356 ### RSSI: -68, 6, 1640049818 ,3008 
1641076909.538580 ### DEBUG: BLE START SCANNING called
1641076909.706110 ### DEBUG: BLE START SCANNING called
1641076909.762266 ### RSSI: -59, 36, 1640049818 ,3012 
1641076909.762486 ### DEBUG: BLE START SCANNING called
1641076909.861969 ### RSSI: -62, 29, 1640049818 ,3013 
1641076909.862205 ### DEBUG: BLE START SCANNING called
1641076910.099905 ### DEBUG: Ticks: 3017, 47, 1 
1641076910.100157 1640049819 c0:98:e5:42:00:29 928 
1641076910.100335 440 441 444 471 472 475 480 485 491 506 521 525 527 529 530 
1641076910.100476 531 534 537 542 542 550 557 566 577 619 650 661 674 690 815 
1641076910.100616 ### DEBUG: BLE START SCANNING called
1641076910.534397 ### RSSI: -52, 15, 1640049819 ,3024 
1641076910.534625 ### DEBUG: BLE START SCANNING called
1641076910.705688 ### DEBUG: BLE START SCANNING called
1641076911.094678 ### DEBUG: Ticks: 3033, 16, 1 
1641076911.094883 1640049820 c0:98:e5:42:00:29 1241 
1641076911.095002 757 759 759 774 782 785 788 789 798 800 803 813 814 819 835 
1641076911.095126 838 847 853 854 856 857 864 877 922 928 949 994 1038 1061 1075 
1641076911.095242 ### DEBUG: BLE START SCANNING called
1641076912.097459 ### DEBUG: Ticks: 3048, 15, 1 
1641076912.097745 1640049821 c0:98:e5:42:00:29 1721 
1641076912.097983 1222 1223 1237 1239 1239 1243 1247 1256 1257 1263 1266 1278 1285 1292 1297 
1641076912.098175 1300 1302 1315 1319 1329 1329 1330 1331 1338 1348 1363 1383 1398 1413 1419 
1641076913.101138 ### DEBUG: Ticks: 3064, 16, 1 
1641076913.101406 1640049822 c0:98:e5:42:00:29 1926 
1641076913.101614 1522 1561 1563 1571 1580 1581 1582 1588 1588 1594 1594 1596 1610 1615 1623 
1641076913.101788 1632 1636 1643 1644 1660 1660 1669 1670 1674 1678 1707 1722 1729 1750 1758 
1641076913.961213 ### BLE EVENT: 17, INFO: BLE DISCONNECTED!
1641076914.097550 ### DEBUG: Ticks: 3079, 15, 0 
1641076914.097834 1640049823 c0:98:e5:42:00:29 1920 
1641076914.098023 1502 1519 1535 1541 1543 1543 1549 1551 1572 1575 1576 1583 1584 1589 1594 
1641076914.098210 1602 1622 1624 1626 1629 1629 1630 1640 1642 1651 1660 1670 1681 1705 1732 
1641076914.559764 ### BLE EVENT: 16, INFO: BLE CONNECTED!
1641076914.559983 ### RSSI: -55, 1, 1640049823 ,3087 
1641076914.638289 ### BLE EVENT: 17, INFO: BLE DISCONNECTED!
1641076914.659837 ### RSSI: -55, 3, 1640049823 ,3088 
1641076914.760626 ### RSSI: -55, 33, 1640049824 ,3090 
1641076914.860921 ### RSSI: -55, 11, 1640049824 ,3091 
1641076914.962412 ### RSSI: -55, 15, 1640049824 ,3093 
1641076915.061973 ### RSSI: -55, 32, 1640049824 ,3094 
1641076915.095164 ### DEBUG: Ticks: 3095, 16, 0 
1641076915.095370 1640049824 c0:98:e5:42:00:29 1890 
1641076915.095499 1419 1424 1426 1428 1439 1440 1443 1447 1465 1470 1472 1485 1493 1494 1494 
1641076915.095679 1499 1509 1509 1511 1522 1541 1546 1547 1549 1554 1556 1557 1565 1582 1603 
1641076915.161605 ### RSSI: -55, 12, 1640049824 ,3096 
1641076915.264635 ### RSSI: -54, 21, 1640049824 ,3098 
1641076915.364966 ### RSSI: -55, 32, 1640049824 ,3099 
1641076915.458080 ### RSSI: -54, 13, 1640049824 ,3101 
1641076915.561153 ### RSSI: -55, 35, 1640049824 ,3102 
1641076915.668343 ### RSSI: -53, 7, 1640049824 ,3104 
1641076915.757172 ### RSSI: -53, 0, 1640049825 ,3105 
1641076915.856080 ### RSSI: -54, 33, 1640049825 ,3107 
1641076915.966466 ### RSSI: -53, 4, 1640049825 ,3108 
1641076916.065414 ### RSSI: -53, 7, 1640049825 ,3110 
1641076916.101549 ### DEBUG: Ticks: 3111, 16, 0 
1641076916.102883 1640049825 c0:98:e5:42:00:29 1786 
1641076916.103072 1353 1389 1389 1390 1392 1399 1403 1409 1418 1440 1440 1450 1452 1456 1456 
1641076916.103273 1457 1473 1477 1493 1515 1528 1530 1539 1540 1544 1545 1562 1589 1596 1610 
1641076916.158195 ### RSSI: -53, 34, 1640049825 ,3112 
1641076917.096318 ### DEBUG: Ticks: 3126, 15, 0 
1641076917.096607 1640049826 c0:98:e5:42:00:29 1417 
1641076917.096877 891 920 929 949 959 960 961 965 969 976 980 989 1000 1000 1006 
1641076917.097071 1020 1027 1028 1032 1040 1043 1045 1050 1059 1065 1074 1092 1108 1114 1122 
1641076917.162088 ### RSSI: -58, 26, 1640049826 ,3127 
1641076917.539852 ### INFO: SD card flushed!
1641076918.101163 ### DEBUG: Ticks: 3142, 16, 0 
1641076918.101375 1640049827 c0:98:e5:42:00:29 1056 
1641076918.101512 592 607 609 615 621 623 624 629 633 635 641 665 667 668 673 
1641076918.101657 687 695 702 709 710 713 715 716 723 725 760 768 883 900 955 
1641076918.157209 ### RSSI: -51, 16, 1640049827 ,3143 
1641076919.097710 ### ERROR: Failed reading SquarePoint packet length
1641076919.166914 ### RSSI: -56, 8, 1640049828 ,3158 
1641076920.164479 ### RSSI: -63, 21, 1640049829 ,3174 
1641076921.102486 ### DEBUG: Ticks: 3189, 47, 0 
1641076921.104113 1640049830 c0:98:e5:42:00:29 724 
1641076921.105328 209 236 255 257 269 280 288 293 305 313 324 327 328 336 343 
1641076921.105553 355 359 359 369 377 390 394 401 403 425 427 445 492 496 499 
1641076921.155568 ### RSSI: -59, 34, 1640049830 ,3190 
1641076922.098920 ### DEBUG: Ticks: 3204, 15, 0 
1641076922.099142 1640049831 c0:98:e5:42:00:29 693 
1641076922.099271 146 153 183 197 197 214 220 222 230 231 245 251 258 260 271 
1641076922.099395 272 277 278 290 298 300 323 333 336 365 390 390 401 409 487 
1641076922.165320 ### RSSI: -56, 8, 1640049831 ,3205 
1641076923.100117 ### DEBUG: Ticks: 3220, 16, 0 
1641076923.100391 1640049832 c0:98:e5:42:00:29 728 
1641076923.100547 119 123 133 140 141 143 149 151 172 185 187 189 190 196 201 
1641076923.100708 203 208 208 209 213 222 223 223 228 272 276 282 296 342 353 
1641076923.156348 ### RSSI: -61, 20, 1640049832 ,3221 
1641076924.099212 ### DEBUG: Ticks: 3236, 16, 0 
1641076924.099501 1640049833 c0:98:e5:42:00:29 1160 
1641076924.099766 697 705 712 716 719 721 730 730 735 737 741 762 762 772 775 
1641076924.099955 780 785 795 800 800 815 828 860 876 879 907 934 980 1031 1056 
1641076924.157159 ### RSSI: -57, 4, 1640049833 ,3237 
1641076925.097610 ### DEBUG: Ticks: 3251, 15, 0 
1641076925.097905 1640049834 c0:98:e5:42:00:29 1687 
1641076925.098060 1191 1204 1211 1214 1215 1215 1224 1246 1249 1253 1270 1280 1287 1289 1289 
1641076925.098241 1293 1310 1311 1313 1315 1318 1335 1336 1339 1341 1347 1360 1360 1382 1396 
1641076925.162601 ### RSSI: -54, 22, 1640049834 ,3252 
1641076926.100856 ### DEBUG: Ticks: 3267, 16, 0 
1641076926.101142 1640049835 c0:98:e5:42:00:29 2049 
1641076926.101350 1604 1606 1620 1635 1643 1650 1663 1666 1666 1666 1672 1678 1689 1690 1691 
1641076926.101541 1695 1696 1706 1707 1723 1734 1737 1740 1745 1748 1749 1753 1766 1786 1795 
1641076926.165079 ### RSSI: -56, 1, 1640049835 ,3268 
1641076927.102215 ### DEBUG: Ticks: 3282, 15, 0 
1641076927.102566 1640049836 c0:98:e5:42:00:29 1952 
1641076927.102722 1453 1493 1494 1496 1497 1504 1520 1524 1525 1526 1526 1533 1537 1538 1544 
1641076927.102882 1578 1582 1585 1585 1592 1593 1605 1605 1608 1608 1609 1612 1612 1641 1657 
1641076927.156800 ### RSSI: -57, 22, 1640049836 ,3283 
1641076928.096575 ### DEBUG: Ticks: 3298, 16, 0 
1641076928.096841 1640049837 c0:98:e5:42:00:29 1965 
1641076928.096977 1537 1543 1544 1546 1547 1547 1566 1568 1571 1571 1579 1581 1588 1588 1589 
1641076928.097117 1594 1608 1621 1628 1628 1642 1645 1652 1657 1659 1665 1673 1686 1691 1700 
1641076928.163259 ### RSSI: -54, 10, 1640049837 ,3299 
1641076929.095861 ### DEBUG: Ticks: 3314, 16, 0 
1641076929.096163 1640049838 c0:98:e5:42:00:29 1908 
1641076929.096358 1373 1389 1395 1395 1413 1417 1418 1419 1423 1433 1433 1444 1451 1452 1456 
1641076929.096534 1462 1462 1463 1476 1478 1481 1491 1499 1500 1513 1521 1522 1528 1538 1543 
1641076929.162629 ### RSSI: -55, 22, 1640049839 ,3315 
1641076930.089302 ### ERROR: Failed reading SquarePoint packet length
1641076930.156848 ### RSSI: -53, 5, 1640049840 ,3330 
1641076931.160339 ### RSSI: -57, 12, 1640049841 ,3346 
1641076932.094857 ### DEBUG: Ticks: 3361, 47, 0 
1641076932.095148 1640049841 c0:98:e5:42:00:29 834 
1641076932.095340 357 373 380 398 398 404 409 410 427 431 434 436 436 452 454 
1641076932.095628 461 461 467 468 471 474 476 505 516 543 570 611 627 700 739 
1641076932.168734 ### RSSI: -64, 9, 1640049841 ,3362 
1641076933.098484 ### DEBUG: Ticks: 3376, 15, 0 
1641076933.098763 1640049842 c0:98:e5:42:00:29 765 
1641076933.098923 191 236 260 296 299 309 317 322 327 329 338 344 345 352 356 
1641076933.099080 358 362 367 370 383 398 413 430 431 436 459 477 489 496 541 
1641076933.164591 ### RSSI: -60, 25, 1640049842 ,3377 
1641076934.100181 ### DEBUG: Ticks: 3392, 16, 0 
1641076934.100387 1640049843 c0:98:e5:42:00:29 736 
1641076934.100564 330 330 343 344 349 356 359 367 373 377 379 380 382 388 394 
1641076934.100707 408 409 419 433 457 458 462 477 481 482 498 507 510 521 644 
1641076934.156438 ### RSSI: -67, 33, 1640049843 ,3393 
1641076935.096020 ### DEBUG: Ticks: 3407, 15, 0 
1641076935.096237 1640049844 c0:98:e5:42:00:29 748 
1641076935.096388 355 362 374 386 393 399 404 404 405 406 408 420 435 439 442 
1641076935.096523 473 475 482 487 494 494 517 558 558 572 583 586 616 655 655 
1641076935.162561 ### RSSI: -57, 24, 1640049844 ,3408 
1641076936.094530 ### DEBUG: Ticks: 3423, 16, 0 
1641076936.094816 1640049845 c0:98:e5:42:00:29 731 
1641076936.106516 323 366 369 375 384 401 416 417 418 419 431 431 439 449 452 
1641076936.106806 452 460 463 481 482 488 489 519 523 533 552 580 597 635 707 
1641076936.161443 ### RSSI: -60, 7, 1640049845 ,3424 
1641076937.097068 ### DEBUG: Ticks: 3439, 16, 0 
1641076937.097686 1640049846 c0:98:e5:42:00:29 806 
1641076937.097890 316 329 347 357 360 366 371 375 388 391 391 395 403 407 409 
1641076937.098659 410 415 428 429 432 443 460 471 481 491 502 514 528 571 670 
1641076937.164302 ### RSSI: -59, 4, 1640049846 ,3440 
1641076938.094404 ### DEBUG: Ticks: 3454, 15, 0 
1641076938.094704 1640049847 c0:98:e5:42:00:29 1358 
1641076938.106000 875 892 904 907 914 917 917 930 931 932 939 943 951 951 952 
1641076938.106289 988 991 999 1005 1006 1006 1011 1022 1045 1055 1056 1104 1109 1138 1205 
1641076938.159875 ### RSSI: -61, 28, 1640049847 ,3455 
1641076939.098044 ### DEBUG: Ticks: 3470, 16, 0 
1641076939.098251 1640049848 c0:98:e5:42:00:29 1845 
1641076939.098372 1396 1419 1435 1443 1465 1475 1476 1481 1481 1491 1492 1508 1511 1517 1517 
1641076939.098496 1517 1525 1545 1554 1560 1569 1570 1570 1573 1591 1595 1599 1620 1622 1630 
1641076939.165419 ### RSSI: -55, 16, 1640049848 ,3471 
1641076940.102391 ### DEBUG: Ticks: 3485, 15, 0 
1641076940.102648 1640049849 c0:98:e5:42:00:29 1942 
1641076940.102851 1453 1465 1467 1471 1478 1484 1486 1507 1508 1515 1518 1527 1527 1528 1530 
1641076940.103012 1531 1531 1543 1546 1564 1584 1592 1593 1594 1600 1601 1604 1618 1629 1636 
1641076940.159680 ### RSSI: -56, 35, 1640049849 ,3486 
1641076941.095821 ### ERROR: Failed reading SquarePoint packet length
1641076941.159978 ### RSSI: -54, 24, 1640049850 ,3502 
1641076942.166290 ### RSSI: -55, 34, 1640049851 ,3518 
1641076943.098299 ### DEBUG: Ticks: 3532, 47, 0 
1641076943.098556 1640049852 c0:98:e5:42:00:29 1766 
1641076943.098823 1313 1327 1329 1346 1349 1354 1359 1363 1365 1369 1375 1386 1393 1396 1401 
1641076943.099092 1406 1415 1420 1434 1439 1444 1445 1452 1459 1462 1474 1487 1494 1521 1546 
1641076943.156075 ### RSSI: -52, 4, 1640049852 ,3533 
1641076944.099787 ### DEBUG: Ticks: 3548, 16, 0 
1641076944.100086 1640049853 c0:98:e5:42:00:29 1440 
1641076944.100237 977 989 1001 1019 1023 1025 1033 1040 1040 1041 1045 1048 1053 1057 1064 
1641076944.100411 1071 1075 1077 1104 1105 1117 1121 1131 1135 1137 1140 1148 1149 1161 1207 
1641076944.165149 ### RSSI: -60, 29, 1640049853 ,3549 
1641076945.101516 ### DEBUG: Ticks: 3564, 16, 0 
1641076945.101804 1640049854 c0:98:e5:42:00:29 1005 
1641076945.101990 619 655 664 667 669 682 684 686 687 689 693 693 694 700 701 
1641076945.102201 703 714 716 728 750 751 759 764 771 772 804 843 866 967 992 
1641076945.161512 ### RSSI: -55, 1, 1640049854 ,3565 
1641076946.100276 ### DEBUG: Ticks: 3579, 15, 0 
1641076946.100518 1640049855 c0:98:e5:42:00:29 636 
1641076946.100686 68 106 124 131 135 138 139 142 147 173 175 178 192 194 194 
1641076946.100839 209 214 215 216 216 221 231 231 237 238 259 283 289 315 335 
1641076946.156336 ### RSSI: -61, 21, 1640049855 ,3580 
1641076947.095191 ### DEBUG: Ticks: 3595, 16, 0 
1641076947.095464 1640049856 c0:98:e5:42:00:29 687 
1641076947.095703 228 229 236 268 268 275 288 290 298 300 307 309 309 310 311 
1641076947.095874 318 329 331 339 354 368 387 391 402 417 418 425 431 435 451 
1641076947.164428 ### RSSI: -60, 33, 1640049856 ,3596 
1641076948.098693 ### DEBUG: Ticks: 3610, 15, 0 
1641076948.099888 1640049857 c0:98:e5:42:00:29 678 
1641076948.100229 160 162 169 171 172 175 178 200 207 212 219 225 226 240 243 
1641076948.100410 244 252 262 276 310 321 327 330 339 350 351 360 366 371 379 
1641076949.097181 ### DEBUG: Ticks: 3626, 16, 0 
1641076949.097457 1640049858 c0:98:e5:42:00:29 693 
1641076949.097862 267 297 315 315 315 320 332 340 352 352 360 364 370 376 382 
1641076949.098071 388 393 404 409 411 417 426 427 447 485 501 503 517 527 606 
1641076950.093775 ### DEBUG: Ticks: 3642, 16, 0 
1641076950.105484 1640049859 c0:98:e5:42:00:29 795 
1641076950.105807 411 426 431 433 441 450 456 459 460 474 482 483 484 487 490 
1641076950.105990 491 501 509 512 532 540 547 556 557 557 559 576 599 622 792 
1641076951.094942 ### DEBUG: Ticks: 3657, 15, 0 
1641076951.095233 1640049860 c0:98:e5:42:00:29 1204 
1641076951.106855 684 689 698 701 701 705 714 724 730 731 737 740 742 746 746 
1641076951.107138 748 748 751 795 796 802 809 811 860 868 897 938 960 1004 1013 
1641076951.261420 ### BLE EVENT: 17, INFO: BLE DISCONNECTED!
1641076952.094120 ### ERROR: Failed reading SquarePoint packet length
1641076952.247246 ### BLE EVENT: 16, INFO: BLE CONNECTED!
1641076952.258864 ### RSSI: -53, 0, 1640049862 ,3675 
1641076952.350714 ### RSSI: -54, 1, 1640049862 ,3677 
1641076952.448872 ### RSSI: -54, 31, 1640049862 ,3678 
1641076952.556978 ### RSSI: -55, 30, 1640049862 ,3680 
1641076952.655725 ### RSSI: -54, 16, 1640049862 ,3682 
1641076952.759029 ### RSSI: -54, 19, 1640049862 ,3683 
1641076952.849005 ### RSSI: -54, 9, 1640049862 ,3685 
1641076952.953020 ### RSSI: -56, 16, 1640049862 ,3686 
1641076953.054660 ### RSSI: -55, 2, 1640049862 ,3688 
1641076953.159243 ### RSSI: -57, 6, 1640049862 ,3689 
1641076953.249892 ### RSSI: -56, 33, 1640049863 ,3691 
1641076953.350839 ### RSSI: -54, 27, 1640049863 ,3693 
1641076953.450041 ### RSSI: -55, 15, 1640049863 ,3694 
1641076953.549808 ### RSSI: -55, 28, 1640049863 ,3696 
1641076953.649976 ### RSSI: -54, 18, 1640049863 ,3697 
1641076953.750160 ### RSSI: -55, 33, 1640049863 ,3699 
1641076953.849369 ### RSSI: -54, 25, 1640049863 ,3700 
1641076954.101129 ### DEBUG: Ticks: 3704, 47, 0 
1641076954.101389 1640049863 c0:98:e5:42:00:29 1915 
1641076954.101550 1394 1412 1443 1443 1447 1450 1453 1471 1486 1488 1490 1490 1491 1495 1496 
1641076954.101709 1501 1503 1508 1510 1517 1521 1523 1526 1544 1559 1569 1578 1580 1593 1600 
1641076954.854406 ### RSSI: -55, 9, 1640049864 ,3716 
1641076955.101327 ### DEBUG: Ticks: 3720, 16, 0 
1641076955.101581 1640049864 c0:98:e5:42:00:29 2034 
1641076955.101746 1568 1594 1594 1596 1609 1624 1632 1635 1638 1652 1653 1655 1658 1667 1676 
1641076955.101904 1678 1688 1694 1694 1694 1696 1718 1720 1724 1726 1735 1745 1753 1758 1765 
1641076955.857801 ### RSSI: -54, 0, 1640049864 ,3732 
1641076956.097097 ### DEBUG: Ticks: 3735, 15, 0 
1641076956.097356 1640049865 c0:98:e5:42:00:29 1798 
1641076956.108212 1316 1322 1330 1341 1352 1353 1364 1373 1377 1377 1379 1387 1389 1391 1399 
1641076956.108420 1405 1420 1439 1444 1448 1484 1490 1493 1500 1501 1508 1512 1515 1526 1765 
1641076956.858004 ### RSSI: -54, 28, 1640049865 ,3747 
1641076957.102961 ### DEBUG: Ticks: 3751, 16, 0 
1641076957.103195 1640049866 c0:98:e5:42:00:29 1624 
1641076957.103332 1152 1206 1208 1212 1220 1220 1220 1238 1239 1240 1242 1243 1246 1252 1258 
1641076957.103465 1262 1262 1270 1305 1308 1312 1314 1320 1341 1344 1348 1349 1358 1368 1372 
1641076957.854395 ### RSSI: -64, 8, 1640049866 ,3763 
1641076958.095905 ### DEBUG: Ticks: 3767, 16, 0 
1641076958.096123 1640049867 c0:98:e5:42:00:29 1315 
1641076958.096294 879 913 915 917 947 950 953 959 960 963 972 973 975 982 988 
1641076958.108120 999 1005 1014 1015 1018 1028 1035 1038 1038 1043 1058 1157 1193 1195 1228 
1641076958.543039 ### INFO: SD card flushed!
1641076958.852442 ### RSSI: -75, 32, 1640049867 ,3778 
1641076959.098565 ### DEBUG: Ticks: 3782, 15, 0 
1641076959.098844 1640049868 c0:98:e5:42:00:29 829 
1641076959.099039 328 333 351 355 362 365 372 373 385 387 396 398 398 413 434 
1641076959.099227 441 441 447 448 449 450 451 462 463 473 475 508 532 650 655 
1641076959.853795 ### RSSI: -56, 23, 1640049868 ,3794 
1641076960.095963 ### DEBUG: Ticks: 3798, 16, 0 
1641076960.096291 1640049869 c0:98:e5:42:00:29 699 
1641076960.096472 200 216 223 226 235 236 237 240 248 249 256 261 267 267 275 
1641076960.096657 277 292 322 329 333 334 339 348 351 384 390 394 412 441 546 
1641076960.848216 ### RSSI: -65, 26, 1640049870 ,3810 
1641076961.094909 ### DEBUG: Ticks: 3814, 16, 0 
1641076961.095169 1640049870 c0:98:e5:42:00:29 763 
1641076961.095377 292 326 334 335 340 351 362 362 368 372 380 388 395 403 405 
1641076961.095610 408 415 427 436 438 463 471 472 480 487 512 512 516 535 645 
1641076961.852977 ### RSSI: -57, 3, 1640049871 ,3825 
1641076962.099033 ### DEBUG: Ticks: 3829, 15, 0 
1641076962.099200 1640049871 c0:98:e5:42:00:29 852 
1641076962.099298 396 409 427 461 464 470 477 478 478 479 491 492 494 515 515 
1641076962.099401 521 531 532 533 535 590 593 600 603 609 611 625 661 671 709 
1641076962.849758 ### RSSI: -67, 33, 1640049872 ,3841 
1641076963.096186 ### ERROR: Failed reading SquarePoint packet length
1641076963.850853 ### RSSI: -61, 29, 1640049873 ,3857 
1641076964.952262 ### RSSI: -57, 11, 1640049874 ,3874 
1641076965.102850 ### DEBUG: Ticks: 3876, 47, 0 
1641076965.105635 1640049874 c0:98:e5:42:00:29 1581 
1641076965.105796 1082 1091 1135 1137 1141 1142 1146 1152 1156 1157 1173 1181 1187 1190 1195 
1641076965.105967 1201 1210 1211 1223 1235 1236 1239 1249 1274 1280 1282 1304 1306 1311 1315 
1641076965.957154 ### RSSI: -55, 22, 1640049875 ,3889 
1641076966.099987 ### DEBUG: Ticks: 3892, 16, 0 
1641076966.100241 1640049875 c0:98:e5:42:00:29 1860 
1641076966.100413 1423 1424 1428 1434 1445 1446 1450 1456 1460 1462 1480 1483 1484 1486 1491 
1641076966.100552 1491 1499 1511 1515 1521 1526 1531 1534 1556 1557 1559 1562 1565 1607 1802 
1641076966.953056 ### RSSI: -55, 28, 1640049876 ,3905 
1641076967.097297 ### DEBUG: Ticks: 3907, 15, 0 
1641076967.097571 1640049876 c0:98:e5:42:00:29 2016 
1641076967.097760 1479 1512 1521 1532 1532 1537 1538 1554 1560 1565 1567 1574 1591 1597 1598 
1641076967.097935 1602 1607 1615 1618 1619 1620 1621 1643 1646 1647 1649 1664 1671 1696 1702 
1641076967.957482 ### RSSI: -55, 20, 1640049877 ,3921 
1641076968.096822 ### DEBUG: Ticks: 3923, 16, 0 
1641076968.097069 1640049877 c0:98:e5:42:00:29 1966 
1641076968.097196 1524 1527 1554 1559 1562 1564 1565 1580 1580 1583 1589 1591 1599 1612 1612 
1641076968.097321 1613 1614 1616 1618 1619 1622 1623 1624 1638 1655 1657 1670 1682 1693 1728 
1641076968.951391 ### RSSI: -58, 34, 1640049878 ,3936 
1641076969.095948 ### DEBUG: Ticks: 3938, 15, 0 
1641076969.096195 1640049878 c0:98:e5:42:00:29 2038 
1641076969.096344 1616 1633 1655 1673 1676 1677 1683 1694 1699 1708 1719 1726 1735 1740 1740 
1641076969.096561 1743 1743 1748 1750 1755 1765 1766 1774 1781 1782 1787 1795 1822 1826 1830 
1641076969.950285 ### RSSI: -57, 1, 1640049879 ,3952 
1641076970.103746 ### DEBUG: Ticks: 3954, 16, 0 
1641076970.104013 1640049879 c0:98:e5:42:00:29 1935 
1641076970.104171 1408 1415 1419 1424 1431 1432 1437 1438 1446 1459 1477 1478 1481 1487 1491 
1641076970.104331 1502 1502 1505 1507 1515 1519 1522 1528 1532 1533 1542 1543 1576 1610 1686 
1641076970.952291 ### RSSI: -57, 8, 1640049880 ,3967 
1641076971.096827 ### DEBUG: Ticks: 3970, 16, 0 
1641076971.096991 1640049880 c0:98:e5:42:00:29 1936 
1641076971.097081 1427 1449 1470 1479 1481 1486 1493 1505 1528 1532 1534 1539 1544 1553 1555 
1641076971.097175 1564 1572 1579 1582 1582 1590 1598 1603 1606 1609 1627 1648 1648 1656 1736 
1641076971.956332 ### RSSI: -53, 17, 1640049881 ,3983 
1641076972.109114 ### DEBUG: Ticks: 3985, 15, 0 
1641076972.109365 1640049881 c0:98:e5:42:00:29 1715 
1641076972.109530 1215 1231 1239 1250 1251 1254 1269 1276 1276 1277 1293 1294 1294 1294 1297 
1641076972.109691 1304 1305 1311 1316 1335 1340 1340 1346 1347 1352 1355 1372 1390 1396 1419 
1641076972.955821 ### RSSI: -52, 2, 1640049882 ,3999 
1641076973.103764 ### DEBUG: Ticks: 4001, 16, 0 
1641076973.104054 1640049882 c0:98:e5:42:00:29 1422 
1641076973.104248 984 989 991 1003 1014 1018 1028 1039 1040 1040 1044 1044 1055 1055 1071 
1641076973.104446 1073 1101 1102 1102 1106 1123 1144 1145 1146 1147 1152 1160 1163 1168 1238 
1641076973.957725 ### RSSI: -50, 17, 1640049883 ,4014 
1641076974.095924 ### ERROR: Failed reading SquarePoint packet length
1641076974.950047 ### RSSI: -46, 21, 1640049884 ,4030 
1641076975.955260 ### RSSI: -53, 21, 1640049885 ,4046 
1641076976.099700 ### DEBUG: Ticks: 4048, 47, 0 
1641076976.099957 1640049885 c0:98:e5:42:00:29 231 
1641076976.100122 -271 -242 -232 -232 -227 -223 -218 -215 -207 -194 -192 -156 -144 -133 -125 
1641076976.100281 -120 -119 -111 -109 -102 -94 -90 -81 -74 -72 -71 -71 -62 -50 -41 
1641076976.954397 ### RSSI: -61, 28, 1640049886 ,4061 
1641076977.095342 ### DEBUG: Ticks: 4063, 15, 0 
1641076977.095576 1640049886 c0:98:e5:42:00:29 261 
1641076977.108090 -451 -405 -382 -382 -376 -373 -369 -366 -356 -354 -353 -349 -346 -331 -324 
1641076977.108274 -312 -309 -309 -299 -290 -286 -277 -264 -232 -229 -217 -207 -201 -197 -151 
1641076977.949138 ### RSSI: -55, 21, 1640049887 ,4077 
1641076978.101815 ### DEBUG: Ticks: 4079, 16, 0 
1641076978.102094 1640049887 c0:98:e5:42:00:29 219 
1641076978.102250 -375 -373 -337 -324 -323 -321 -311 -303 -301 -294 -292 -285 -282 -277 -276 
1641076978.102411 -272 -270 -263 -259 -243 -230 -225 -194 -175 -173 -159 -149 -147 -140 -118 
1641076978.948365 ### RSSI: -55, 3, 1640049888 ,4092 
1641076979.095421 ### DEBUG: Ticks: 4095, 16, 0 
1641076979.095808 1640049888 c0:98:e5:42:00:29 254 
1641076979.107028 -465 -445 -437 -427 -419 -414 -390 -387 -374 -370 -359 -358 -358 -335 -322 
1641076979.107329 -319 -308 -304 -301 -296 -287 -283 -281 -272 -268 -247 -244 -243 -237 -232 
1641076979.667667 ### INFO: Device is now STATIONARY
1641076979.953353 ### RSSI: -54, 22, 1640049888 ,4108 
1641076980.102919 ### DEBUG: Ticks: 4110, 15, 0 
1641076980.103166 1640049889 c0:98:e5:42:00:29 258 
1641076980.103332 -465 -460 -434 -428 -422 -421 -414 -413 -413 -395 -395 -393 -387 -383 -382 
1641076980.103623 -372 -363 -354 -353 -352 -350 -325 -315 -296 -281 -277 -242 -240 -236 -213 
1641076980.949180 ### RSSI: -59, 33, 1640049889 ,4124 
1641076981.101353 ### DEBUG: Ticks: 4126, 16, 0 
1641076981.101816 1640049890 c0:98:e5:42:00:29 218 
1641076981.102540 -379 -371 -362 -343 -336 -323 -320 -307 -303 -296 -294 -294 -281 -276 -276 
1641076981.103252 -266 -259 -257 -239 -225 -224 -212 -211 -186 -173 -172 -167 -167 -147 -138 
1641076981.956312 ### RSSI: -56, 27, 1640049890 ,4139 
1641076982.098787 ### DEBUG: Ticks: 4142, 16, 0 
1641076982.099070 1640049891 c0:98:e5:42:00:29 252 
1641076982.099260 -382 -382 -356 -355 -341 -339 -329 -321 -309 -308 -302 -286 -282 -281 -277 
1641076982.099446 -275 -267 -259 -257 -242 -233 -213 -205 -194 -188 -165 -162 -153 -152 -129 
1641076982.950706 ### RSSI: -52, 13, 1640049892 ,4155 
1641076983.104771 ### DEBUG: Ticks: 4157, 15, 0 
1641076983.105061 1640049892 c0:98:e5:42:00:29 236 
1641076983.105254 -362 -328 -325 -319 -318 -296 -295 -289 -282 -274 -270 -266 -255 -238 -236 
1641076983.105441 -225 -221 -217 -204 -201 -186 -183 -169 -154 -151 -137 -132 -119 -106 -91 
