1644249429.499267 ###RTT Client: ************************************************************ 
1644249429.499431 ###RTT Client: *               SEGGER Microcontroller GmbH                * 
1644249429.499476 ###RTT Client: *   Solutions for real time microcontroller applications   * 
1644249429.499516 ###RTT Client: ************************************************************ 
1644249429.499560 ###RTT Client: *                                                          * 
1644249429.499599 ###RTT Client: *       (c) 2012 - 2016  SEGGER Microcontroller GmbH       * 
1644249429.499816 ###RTT Client: *                                                          * 
1644249429.499859 ###RTT Client: *     www.segger.com     Support: support@segger.com       * 
1644249429.499898 ###RTT Client: *                                                          * 
1644249429.499948 ###RTT Client: ************************************************************ 
1644249429.499993 ###RTT Client: *                                                          * 
1644249429.500038 ###RTT Client: * SEGGER J-Link RTT Client   Compiled Jan 30 2018 18:46:58 * 
1644249429.500083 ###RTT Client: *                                                          * 
1644249429.500128 ###RTT Client: ************************************************************ 
1644249429.500229 
1644249429.500273 ###RTT Client: -----------------------------------------------
1644249429.500317 ###RTT Client: Connecting to J-Link RTT Server via localhost:9201  Connected.
1644249429.500361 SEGGER J-Link V6.30 - Real time terminal output
1644249429.500405 J-Link EDU Mini V1 compiled Oct 22 2019 16:28:45 V1.0, SN=801021855
1644249429.500526 Process: JLinkExe
1644249429.500574 ### DEBUG: Ticks: 174, 47, 1 
1644249429.500619 1640049785 c0:98:e5:42:00:2c 3040 
1644249429.500665 3153 3156 3176 3183 3189 3194 3197 3219 3228 3231 3234 3251 3260 3268 3273 
1644249429.500712 3281 3284 3293 3295 3296 3298 3303 3309 3310 3318 3395 3443 3542 3683 3691 
1644249429.500751 ### RSSI: -72, 2, 1640049786 ,180 
1644249429.500791 ### DEBUG: Ticks: 189, 15, 1 
1644249429.500830 1640049786 c0:98:e5:42:00:2c 3090 
1644249429.500869 3195 3197 3208 3214 3223 3268 3270 3281 3292 3295 3299 3317 3326 3327 3332 
1644249429.500908 3333 3338 3343 3349 3360 3370 3377 3396 3410 3433 3451 3553 3559 3752 3761 
1644249429.500947 ### RSSI: -73, 6, 1640049787 ,195 
1644249429.501008 ### DEBUG: Ticks: 205, 16, 1 
1644249429.501050 1640049787 c0:98:e5:42:00:2c 3035 
1644249429.501089 3174 3181 3188 3188 3229 3249 3254 3258 3258 3258 3263 3270 3277 3286 3288 
1644249429.501128 3297 3300 3306 3314 3314 3318 3322 3323 3327 3401 3428 3665 3705 3724 3857 
1644249429.501167 ### RSSI: -65, 15, 1640049788 ,211 
1644249429.501207 ### DEBUG: Ticks: 220, 15, 1 
1644249429.501246 1640049788 c0:98:e5:42:00:2c 3004 
1644249429.501286 3152 3167 3171 3197 3203 3218 3228 3228 3234 3234 3258 3261 3274 3276 3276 
1644249429.501325 3281 3293 3301 3303 3311 3314 3327 3329 3332 3342 3411 3425 3711 3717 3886 
1644249429.501364 ### DEBUG: Ticks: 236, 16, 1 
1644249429.501404 1640049789 c0:98:e5:42:00:2c 3085 
1644249429.501448 3229 3232 3236 3245 3252 3272 3291 3294 3298 3325 3330 3355 3359 3374 3386 
1644249429.501492 3388 3389 3396 3413 3417 3418 3428 3435 3436 3463 3478 3499 3579 3825 3826 
1644249429.501532 ### RSSI: -69, 26, 1640049790 ,242 
1644249429.501574 ### DEBUG: Ticks: 252, 16, 1 
1644249429.501617 1640049790 c0:98:e5:42:00:2c 3101 
1644249429.501657 3203 3246 3288 3291 3293 3329 3337 3338 3354 3355 3363 3369 3391 3405 3411 
1644249429.501696 3411 3411 3435 3442 3456 3464 3470 3476 3491 3512 3549 3843 3893 3958 0 
1644249429.501736 ### RSSI: -74, 11, 1640049791 ,258 
1644249429.501775 ### DEBUG: Ticks: 267, 15, 1 
1644249429.501818 1640049791 c0:98:e5:42:00:2c 2986 
1644249429.501861 3133 3146 3166 3169 3186 3197 3207 3208 3223 3229 3232 3233 3238 3253 3258 
1644249429.501904 3269 3283 3289 3292 3293 3296 3313 3323 3337 3389 3495 3661 3702 3772 4258 
1644249429.501943 ### RSSI: -62, 18, 1640049792 ,275 
1644249429.501986 ### DEBUG: Ticks: 283, 16, 1 
1644249429.502025 1640049792 c0:98:e5:42:00:2c 3013 
1644249429.502065 3146 3183 3207 3207 3227 3238 3248 3252 3252 3256 3256 3258 3259 3279 3279 
1644249429.502104 3293 3294 3298 3314 3317 3326 3338 3340 3345 3368 3401 3415 3538 3732 3737 
1644249429.502147 ### RSSI: -65, 17, 1640049793 ,290 
1644249429.502189 ### DEBUG: Ticks: 299, 16, 1 
1644249429.502229 1640049793 c0:98:e5:42:00:2c 3061 
1644249429.502271 3142 3148 3149 3157 3171 3191 3204 3206 3211 3222 3226 3226 3262 3269 3271 
1644249429.502314 3275 3286 3287 3289 3291 3293 3297 3298 3299 3362 3412 3680 3682 3685 3872 
1644249429.502357 ### RSSI: -73, 0, 1640049794 ,306 
1644249429.502400 ### DEBUG: Ticks: 314, 15, 1 
1644249429.502443 1640049794 c0:98:e5:42:00:2c 3066 
1644249429.502485 3164 3172 3189 3214 3215 3229 3246 3254 3257 3260 3261 3264 3284 3285 3298 
1644249429.502529 3299 3299 3329 3330 3348 3348 3361 3398 3416 3437 3528 3530 3734 3755 3948 
1644249429.502572 ### RSSI: -73, 0, 1640049795 ,322 
1644249429.502615 ### DEBUG: Ticks: 330, 16, 1 
1644249429.502657 1640049795 c0:98:e5:42:00:2c 3049 
1644249429.502700 3157 3173 3175 3201 3201 3220 3229 3239 3241 3242 3246 3262 3262 3263 3272 
1644249429.502743 3284 3286 3293 3302 3311 3326 3330 3340 3356 3363 3363 3412 3534 3729 3736 
1644249429.502786 ### RSSI: -69, 2, 1640049795 ,337 
1644249429.502829 ### RSSI: -70, 3, 1640049796 ,353 
1644249429.502871 ### RSSI: -64, 20, 1640049797 ,369 
1644249429.502914 ### DEBUG: Ticks: 377, 47, 1 
1644249429.502956 1640049798 c0:98:e5:42:00:2c 3038 
1644249429.502999 3146 3153 3174 3180 3192 3211 3219 3238 3239 3243 3251 3252 3263 3267 3283 
1644249429.503042 3293 3301 3306 3309 3312 3315 3320 3321 3335 3366 3432 3697 3714 3889 3931 
1644249429.503085 ### RSSI: -72, 32, 1640049798 ,384 
1644249429.503127 ### DEBUG: Ticks: 392, 15, 1 
1644249429.503170 1640049799 c0:98:e5:42:00:2c 3007 
1644249429.503214 3141 3161 3184 3193 3194 3205 3230 3239 3248 3248 3249 3250 3256 3261 3266 
1644249429.503256 3267 3272 3274 3288 3303 3315 3315 3405 3408 3419 3511 3530 3669 3714 3818 
1644249429.503299 ### RSSI: -70, 12, 1640049799 ,400 
1644249429.503342 ### DEBUG: Ticks: 408, 16, 1 
1644249429.503384 1640049800 c0:98:e5:42:00:2c 3054 
1644249429.503428 3176 3214 3224 3227 3257 3271 3277 3307 3308 3319 3339 3346 3358 3358 3364 
1644249429.503470 3373 3375 3377 3380 3381 3383 3394 3404 3467 3484 3496 3538 3754 3817 4297 
1644249429.503513 ### RSSI: -66, 16, 1640049800 ,415 
1644249429.503556 ### DEBUG: Ticks: 423, 15, 1 
1644249429.503598 1640049801 c0:98:e5:42:00:2c 3067 
1644249429.503641 3237 3237 3246 3259 3276 3330 3331 3343 3346 3347 3350 3352 3352 3358 3372 
1644249429.503684 3374 3381 3388 3392 3407 3408 3412 3415 3438 3456 3516 3803 3832 3841 3956 
1644249429.503727 ### RSSI: -67, 28, 1640049801 ,431 
1644249429.503770 ### DEBUG: Ticks: 439, 16, 1 
1644249429.503812 1640049802 c0:98:e5:42:00:2c 3088 
1644249429.503855 3264 3270 3286 3299 3301 3306 3309 3311 3324 3347 3370 3371 3385 3389 3395 
1644249429.503898 3404 3406 3419 3434 3444 3459 3461 3476 3498 3501 3520 3546 3589 3827 3869 
1644249429.503941 ### RSSI: -79, 36, 1640049802 ,447 
1644249429.503984 ### RSSI: -69, 2, 1640049803 ,462 
1644249429.504026 ### RSSI: -65, 17, 1640049804 ,478 
1644249429.504069 ### DEBUG: Ticks: 486, 47, 1 
1644249429.504112 1640049805 c0:98:e5:42:00:2c 3078 
1644249429.504155 3172 3192 3207 3231 3247 3271 3274 3290 3292 3308 3317 3318 3318 3326 3332 
1644249429.504197 3341 3341 3357 3359 3363 3386 3396 3421 3429 3471 3530 3727 3762 3828 3905 
1644249429.504240 ### RSSI: -68, 14, 1640049805 ,494 
1644249429.504283 ### DEBUG: Ticks: 502, 16, 1 
1644249429.504325 1640049806 c0:98:e5:42:00:2c 2971 
1644249429.504368 3118 3131 3159 3161 3181 3191 3202 3206 3216 3225 3231 3236 3238 3239 3250 
1644249429.504411 3251 3255 3259 3269 3269 3281 3286 3301 3363 3370 3372 3493 3598 3670 3670 
1644249429.504454 ### RSSI: -64, 23, 1640049806 ,509 
1644249429.504497 ### DEBUG: Ticks: 517, 15, 1 
1644249429.504539 1640049807 c0:98:e5:42:00:2c 3099 
1644249429.504582 3272 3280 3308 3320 3323 3325 3330 3355 3363 3383 3383 3409 3413 3413 3439 
1644249429.504624 3443 3443 3472 3473 3474 3476 3491 3491 3516 3531 3551 3667 3845 3874 3968 
1644249429.504667 ### RSSI: -77, 29, 1640049808 ,525 
1644249429.504709 ### DEBUG: Ticks: 533, 16, 1 
1644249429.504752 1640049808 c0:98:e5:42:00:2c 3024 
1644249429.504795 3180 3189 3208 3212 3237 3250 3254 3261 3282 3285 3287 3292 3294 3296 3299 
1644249429.504838 3310 3316 3329 3330 3339 3358 3360 3362 3370 3389 3436 3669 3743 3749 3906 
1644249429.504881 ### RSSI: -72, 33, 1640049809 ,540 
1644249429.504924 ### DEBUG: Ticks: 548, 15, 1 
1644249429.504967 1640049809 c0:98:e5:42:00:2c 3026 
1644249429.505033 3181 3184 3196 3205 3211 3217 3236 3243 3245 3265 3271 3297 3303 3304 3307 
1644249429.505073 3311 3314 3321 3326 3332 3338 3343 3345 3347 3347 3385 3424 3526 3725 3729 
1644249429.505112 ### RSSI: -70, 3, 1640049810 ,556 
1644249429.505151 ### DEBUG: Ticks: 564, 16, 1 
1644249429.505197 1640049810 c0:98:e5:42:00:2c 3054 
1644249429.505241 3196 3197 3206 3210 3216 3227 3266 3274 3280 3298 3301 3303 3304 3322 3327 
1644249429.505286 3338 3344 3345 3347 3354 3356 3358 3360 3398 3418 3456 3683 3722 3754 3910 
1644249429.505330 ### RSSI: -67, 28, 1640049811 ,572 
1644249429.505374 ### DEBUG: Ticks: 580, 16, 1 
1644249429.505418 1640049811 c0:98:e5:42:00:2c 3074 
1644249429.505462 3204 3234 3246 3266 3282 3296 3318 3346 3355 3367 3373 3374 3375 3379 3381 
1644249429.505502 3383 3391 3399 3435 3439 3439 3471 3476 3487 3520 3800 3829 3867 3921 4348 
1644249429.505542 ### RSSI: -78, 1, 1640049812 ,587 
1644249429.505587 ### DEBUG: Ticks: 595, 15, 1 
1644249429.505626 1640049812 c0:98:e5:42:00:2c 3045 
1644249429.505666 3110 3126 3140 3154 3185 3190 3194 3203 3207 3233 3233 3241 3246 3249 3254 
1644249429.505706 3267 3271 3272 3283 3289 3301 3304 3326 3334 3375 3674 3697 3798 3854 4212 
1644249429.505751 ### RSSI: -74, 11, 1640049813 ,603 
1644249429.505795 ### DEBUG: Ticks: 611, 16, 1 
1644249429.505840 1640049813 c0:98:e5:42:00:2c 3047 
1644249429.505885 3123 3132 3140 3146 3150 3153 3166 3178 3220 3224 3226 3230 3231 3253 3258 
1644249429.505929 3258 3259 3270 3283 3284 3286 3289 3290 3295 3303 3377 3442 3657 3698 3701 
1644249429.505973 ### RSSI: -67, 5, 1640049814 ,618 
1644249429.506013 ### DEBUG: Ticks: 627, 16, 1 
1644249429.506057 1640049814 c0:98:e5:42:00:2c 3059 
1644249429.506101 3204 3206 3224 3231 3264 3272 3273 3286 3288 3305 3308 3314 3315 3318 3332 
1644249429.506146 3338 3362 3367 3368 3373 3376 3379 3386 3396 3420 3485 3532 3780 3802 3900 
1644249429.506191 ### RSSI: -72, 6, 1640049815 ,634 
1644249429.506234 ### DEBUG: Ticks: 642, 15, 1 
1644249429.506280 1640049815 c0:98:e5:42:00:2c 3055 
1644249429.506325 3164 3179 3195 3206 3208 3237 3241 3247 3277 3291 3303 3306 3306 3314 3319 
1644249429.506382 3325 3330 3331 3336 3341 3344 3348 3366 3371 3377 3462 3543 3711 3738 3738 
1644249429.506427 ### RSSI: -71, 33, 1640049816 ,650 
1644249429.506472 ### DEBUG: Ticks: 658, 16, 1 
1644249429.506517 1640049816 c0:98:e5:42:00:2c 3094 
1644249429.506561 3174 3191 3196 3209 3222 3245 3252 3260 3260 3265 3289 3292 3308 3312 3313 
1644249429.506606 3314 3319 3321 3323 3328 3334 3339 3340 3384 3388 3400 3541 3591 3713 3730 
1644249429.506650 ### INFO: SD card flushed!
1644249429.506695 ### RSSI: -69, 26, 1640049817 ,665 
1644249429.506740 ### DEBUG: Ticks: 673, 15, 1 
1644249429.506785 1640049817 c0:98:e5:42:00:2c 3084 
1644249429.506830 3165 3201 3210 3227 3236 3241 3248 3276 3276 3280 3284 3286 3291 3291 3298 
1644249429.506875 3310 3333 3334 3342 3344 3352 3355 3369 3407 3416 3435 3443 3709 3728 3894 
1644249429.506919 ### RSSI: -70, 3, 1640049818 ,681 
1644249429.506963 ### DEBUG: Ticks: 689, 16, 1 
1644249429.507008 1640049818 c0:98:e5:42:00:2c 3099 
1644249429.507055 3214 3296 3299 3313 3329 3336 3343 3376 3379 3395 3421 3423 3432 3432 3434 
1644249429.507094 3446 3449 3467 3482 3488 3489 3498 3502 3509 3552 3575 3576 3852 3901 3979 
1644249429.507133 ### RSSI: -71, 33, 1640049819 ,697 
1644249429.507172 ### RSSI: -78, 30, 1640049820 ,712 
1644249429.507211 ### RSSI: -70, 24, 1640049821 ,728 
1644249429.507250 ### RSSI: -78, 36, 1640049822 ,743 
1644249430.163160 ### RSSI: -75, 10, 1640049823 ,759 
1644249430.677092 ### DEBUG: Ticks: 767, 78, 1 
1644249430.677439 1640049823 c0:98:e5:42:00:2c 3031 
1644249430.677551 3166 3169 3175 3176 3203 3246 3249 3251 3255 3258 3268 3279 3281 3281 3283 
1644249430.677651 3289 3295 3299 3300 3310 3322 3324 3331 3336 3398 3443 3634 3713 3717 3870 
1644249431.164073 ### RSSI: -67, 9, 1640049823 ,775 
1644249431.676729 ### DEBUG: Ticks: 783, 16, 1 
1644249431.677118 1640049824 c0:98:e5:42:00:2c 3061 
1644249431.677320 3174 3242 3259 3266 3273 3303 3313 3328 3351 3362 3364 3368 3373 3378 3387 
1644249431.677467 3389 3392 3400 3410 3432 3438 3442 3453 3473 3481 3545 3566 3799 3809 3854 
1644249432.157729 ### RSSI: -68, 28, 1640049824 ,790 
1644249432.677836 ### DEBUG: Ticks: 798, 15, 1 
1644249432.677976 1640049825 c0:98:e5:42:00:2c 2962 
1644249432.678049 3075 3079 3093 3102 3133 3144 3147 3151 3158 3183 3189 3199 3202 3202 3203 
1644249432.678125 3204 3216 3224 3233 3242 3260 3283 3298 3327 3362 3590 3620 3637 3772 3826 
1644249433.163204 ### RSSI: -68, 5, 1640049825 ,806 
1644249433.674581 ### DEBUG: Ticks: 814, 16, 1 
1644249433.674862 1640049826 c0:98:e5:42:00:2c 3017 
1644249433.687188 3134 3145 3160 3175 3180 3180 3208 3214 3218 3230 3237 3237 3250 3252 3256 
1644249433.687464 3263 3268 3270 3271 3274 3297 3301 3344 3359 3399 3476 3662 3693 3775 0 
1644249434.160662 ### RSSI: -71, 33, 1640049826 ,821 
1644249434.676317 ### DEBUG: Ticks: 830, 16, 1 
1644249434.676596 1640049827 c0:98:e5:42:00:2c 3060 
1644249434.676779 3171 3225 3233 3235 3236 3245 3269 3271 3271 3276 3290 3306 3317 3317 3325 
1644249434.677102 3332 3336 3345 3348 3355 3358 3383 3397 3399 3427 3449 3548 3740 3748 0 
1644249435.159958 ### RSSI: -74, 31, 1640049827 ,837 
1644249435.676628 ### DEBUG: Ticks: 845, 15, 1 
1644249435.676786 1640049828 c0:98:e5:42:00:2c 3048 
1644249435.676871 3151 3159 3191 3198 3218 3220 3224 3247 3248 3254 3257 3265 3266 3270 3282 
1644249435.676957 3283 3299 3303 3303 3309 3313 3314 3353 3367 3433 3445 3703 3706 3719 3876 
1644249436.155625 ### RSSI: -67, 9, 1640049828 ,853 
1644249436.680352 ### DEBUG: Ticks: 861, 16, 1 
1644249436.680632 1640049829 c0:98:e5:42:00:2c 3007 
1644249436.680814 3118 3120 3126 3147 3163 3182 3195 3197 3198 3200 3207 3214 3218 3219 3232 
1644249436.681094 3233 3242 3245 3249 3251 3260 3263 3270 3305 3336 3351 3567 3616 3635 3798 
1644249437.162961 ### RSSI: -74, 11, 1640049829 ,868 
1644249437.682138 ### DEBUG: Ticks: 876, 15, 1 
1644249437.682321 1640049830 c0:98:e5:42:00:2c 3113 
1644249437.682403 3266 3272 3299 3318 3323 3353 3356 3359 3361 3378 3385 3388 3390 3418 3421 
1644249437.682467 3426 3442 3445 3446 3446 3455 3458 3475 3479 3501 3514 3518 3591 3837 3875 
1644249438.154333 ### RSSI: -70, 12, 1640049830 ,884 
1644249439.167100 ### RSSI: -64, 19, 1640049832 ,900 
1644249440.162178 ### RSSI: -78, 35, 1640049833 ,915 
1644249440.677940 ### DEBUG: Ticks: 923, 47, 1 
1644249440.678225 1640049833 c0:98:e5:42:00:2c 3096 
1644249440.678408 3201 3224 3241 3242 3263 3267 3270 3283 3286 3291 3309 3319 3327 3329 3335 
1644249440.678600 3337 3338 3341 3342 3348 3354 3360 3369 3400 3413 3467 3744 3745 3759 3943 
1644249441.154867 ### RSSI: -71, 33, 1640049834 ,931 
1644249441.681658 ### DEBUG: Ticks: 939, 16, 1 
1644249441.681836 1640049834 c0:98:e5:42:00:2c 3060 
1644249441.681916 3136 3167 3170 3173 3180 3189 3209 3215 3215 3238 3248 3268 3272 3278 3283 
1644249441.681997 3287 3289 3291 3295 3296 3305 3305 3307 3316 3328 3366 3716 3721 3841 4009 
1644249442.154393 ### RSSI: -74, 6, 1640049835 ,946 
1644249443.162119 ### RSSI: -72, 2, 1640049836 ,962 
1644249444.164052 ### RSSI: -64, 22, 1640049837 ,978 
1644249444.680288 ### DEBUG: Ticks: 986, 47, 1 
1644249444.680587 1640049837 c0:98:e5:42:00:2c 3050 
1644249444.680769 3108 3140 3144 3167 3191 3201 3205 3211 3221 3223 3228 3228 3242 3255 3260 
1644249444.680963 3264 3268 3286 3288 3293 3302 3307 3328 3342 3371 3379 3523 3630 3644 3874 
1644249445.158306 ### RSSI: -72, 4, 1640049838 ,993 
1644249445.684140 ### DEBUG: Ticks: 1001, 15, 1 
1644249445.684433 1640049838 c0:98:e5:42:00:2c 3068 
1644249445.684615 3147 3161 3173 3175 3178 3219 3229 3244 3256 3256 3261 3262 3268 3270 3279 
1644249445.684806 3297 3311 3317 3319 3319 3331 3336 3355 3357 3411 3472 3539 3554 3701 3722 
1644249446.258553 ### RSSI: -68, 28, 1640049839 ,1010 
1644249446.685552 ### DEBUG: Ticks: 1017, 16, 1 
1644249446.685687 1640049839 c0:98:e5:42:00:2c 3023 
1644249446.685751 3135 3138 3160 3188 3189 3211 3214 3224 3230 3232 3233 3241 3242 3261 3268 
1644249446.685818 3268 3272 3273 3277 3293 3299 3304 3339 3380 3382 3399 3669 3693 3855 4201 
1644249447.256394 ### RSSI: -65, 20, 1640049840 ,1026 
1644249447.676153 ### DEBUG: Ticks: 1033, 16, 1 
1644249447.676307 1640049840 c0:98:e5:42:00:2c 3037 
1644249447.676398 3155 3193 3199 3206 3214 3245 3264 3271 3275 3284 3290 3293 3299 3321 3322 
1644249447.676488 3325 3327 3335 3340 3342 3358 3362 3372 3387 3425 3515 3730 3763 3829 3836 
1644249448.254593 ### RSSI: -65, 15, 1640049841 ,1042 
1644249448.677051 ### DEBUG: Ticks: 1048, 15, 1 
1644249448.677351 1640049841 c0:98:e5:42:00:2c 3076 
1644249448.677549 3212 3242 3243 3257 3276 3290 3318 3329 3336 3337 3343 3348 3350 3355 3355 
1644249448.677740 3362 3364 3371 3379 3395 3397 3409 3411 3416 3463 3472 3562 3770 3812 4331 
1644249449.254853 ### RSSI: -67, 27, 1640049842 ,1057 
1644249449.679863 ### DEBUG: Ticks: 1064, 16, 1 
1644249449.680157 1640049842 c0:98:e5:42:00:2c 3089 
1644249449.680350 3175 3185 3186 3211 3239 3280 3287 3289 3297 3298 3309 3311 3317 3320 3331 
1644249449.680538 3338 3352 3353 3365 3366 3366 3375 3395 3424 3444 3470 3525 3731 3760 3822 
1644249450.264811 ### RSSI: -72, 4, 1640049843 ,1073 
1644249450.683669 ### DEBUG: Ticks: 1080, 16, 1 
1644249450.683967 1640049843 c0:98:e5:42:00:2c 3066 
1644249450.684456 3164 3171 3190 3232 3247 3255 3261 3267 3272 3282 3286 3287 3293 3294 3302 
1644249450.684647 3311 3319 3319 3320 3331 3332 3336 3345 3352 3382 3439 3509 3690 3725 3847 
1644249451.259649 ### RSSI: -65, 17, 1640049843 ,1089 
1644249451.677345 ### DEBUG: Ticks: 1095, 15, 1 
1644249451.677633 1640049844 c0:98:e5:42:00:2c 3081 
1644249451.677817 3184 3216 3224 3251 3262 3268 3276 3282 3284 3289 3313 3318 3319 3336 3340 
1644249451.677997 3349 3352 3362 3364 3365 3370 3370 3375 3390 3430 3440 3542 3583 3751 3776 
1644249452.255919 ### RSSI: -73, 3, 1640049844 ,1104 
1644249452.684268 ### DEBUG: Ticks: 1111, 16, 1 
1644249452.684591 1640049845 c0:98:e5:42:00:2c 3042 
1644249452.684796 3178 3179 3193 3198 3210 3234 3238 3247 3251 3251 3261 3267 3281 3283 3285 
1644249452.684975 3295 3297 3308 3322 3326 3329 3336 3339 3340 3373 3436 3561 3608 3699 3715 
1644249453.259822 ### RSSI: -74, 33, 1640049845 ,1120 
1644249453.685144 ### DEBUG: Ticks: 1126, 15, 1 
1644249453.685316 1640049846 c0:98:e5:42:00:2c 3018 
1644249453.685408 3086 3091 3120 3124 3134 3139 3140 3158 3164 3169 3169 3179 3186 3196 3207 
1644249453.685516 3221 3225 3228 3253 3255 3256 3263 3265 3307 3325 3357 3467 3536 3596 3614 
1644249454.260092 ### RSSI: -65, 20, 1640049846 ,1135 
1644249454.682829 ### DEBUG: Ticks: 1142, 16, 1 
1644249454.683119 1640049847 c0:98:e5:42:00:2c 3044 
1644249454.683304 3077 3123 3126 3138 3141 3168 3172 3190 3200 3221 3226 3243 3254 3256 3262 
1644249454.683542 3266 3268 3269 3270 3280 3282 3289 3297 3370 3474 3680 3707 3734 3787 3856 
1644249455.256015 ### RSSI: -68, 5, 1640049847 ,1151 
1644249455.683734 ### DEBUG: Ticks: 1158, 16, 1 
1644249455.683864 1640049848 c0:98:e5:42:00:2c 3040 
1644249455.683938 3151 3156 3157 3163 3171 3187 3201 3204 3211 3220 3236 3253 3256 3261 3270 
1644249455.684005 3270 3271 3273 3273 3277 3287 3287 3291 3316 3360 3402 3505 3659 3685 4271 
1644249456.259506 ### RSSI: -81, 29, 1640049848 ,1167 
1644249456.682747 ### DEBUG: Ticks: 1173, 15, 1 
1644249456.683025 1640049849 c0:98:e5:42:00:2c 3004 
1644249456.683207 3151 3164 3164 3164 3209 3214 3215 3227 3235 3254 3260 3261 3263 3264 3266 
1644249456.683397 3266 3273 3285 3285 3290 3305 3310 3314 3336 3349 3408 3534 3684 3702 3718 
1644249457.263272 ### RSSI: -65, 20, 1640049849 ,1182 
1644249457.682969 ### DEBUG: Ticks: 1189, 16, 1 
1644249457.683134 1640049850 c0:98:e5:42:00:2c 3067 
1644249457.683213 3197 3199 3220 3239 3245 3263 3276 3283 3290 3294 3294 3310 3311 3314 3314 
1644249457.683295 3325 3331 3344 3345 3347 3350 3362 3373 3395 3397 3437 3564 3717 3743 4319 
1644249458.355399 ### RSSI: -75, 10, 1640049850 ,1199 
1644249458.685215 ### DEBUG: Ticks: 1204, 15, 1 
1644249458.685506 1640049851 c0:98:e5:42:00:2c 3089 
1644249458.685690 3214 3223 3228 3244 3250 3269 3296 3299 3316 3320 3333 3339 3342 3346 3349 
1644249458.685888 3357 3361 3368 3370 3378 3382 3384 3408 3412 3429 3461 3540 3764 3769 3911 
1644249459.356303 ### RSSI: -68, 5, 1640049852 ,1215 
1644249459.683831 ### DEBUG: Ticks: 1220, 16, 1 
1644249459.684117 1640049852 c0:98:e5:42:00:2c 2961 
1644249459.684362 3110 3134 3142 3146 3152 3164 3171 3175 3198 3202 3205 3210 3211 3211 3223 
1644249459.684563 3228 3238 3239 3241 3241 3260 3282 3297 3308 3316 3338 3460 3488 3620 3654 
1644249460.357817 ### RSSI: -69, 8, 1640049853 ,1231 
1644249460.684114 ### DEBUG: Ticks: 1236, 16, 1 
1644249460.684397 1640049853 c0:98:e5:42:00:2c 2972 
1644249460.684582 3078 3084 3090 3101 3119 3124 3143 3153 3158 3166 3172 3175 3180 3190 3193 
1644249460.684783 3215 3215 3215 3219 3227 3233 3267 3274 3319 3328 3356 3451 3576 3632 3766 
1644249461.356845 ### RSSI: -69, 0, 1640049854 ,1246 
1644249461.679180 ### DEBUG: Ticks: 1251, 15, 1 
1644249461.679350 1640049854 c0:98:e5:42:00:2c 3049 
1644249461.679441 3161 3162 3194 3201 3206 3244 3253 3267 3268 3268 3275 3279 3294 3304 3309 
1644249461.679544 3312 3312 3315 3325 3328 3329 3341 3342 3381 3397 3434 3489 3724 3748 3817 
1644249462.361369 ### RSSI: -65, 19, 1640049855 ,1262 
1644249462.682944 ### DEBUG: Ticks: 1267, 16, 1 
1644249462.683078 1640049855 c0:98:e5:42:00:2c 3058 
1644249462.683342 3153 3177 3195 3215 3217 3247 3252 3272 3275 3278 3280 3286 3318 3321 3322 
1644249462.683527 3333 3335 3340 3348 3354 3367 3384 3395 3418 3445 3508 3537 3708 3732 3832 
1644249463.360782 ### RSSI: -72, 32, 1640049856 ,1278 
1644249464.354281 ### RSSI: -67, 27, 1640049857 ,1293 
1644249465.363619 ### RSSI: -69, 7, 1640049858 ,1309 
1644249465.682201 ### DEBUG: Ticks: 1314, 47, 1 
1644249465.682345 1640049858 c0:98:e5:42:00:2c 3090 
1644249465.682425 3245 3250 3259 3263 3268 3308 3324 3342 3344 3354 3366 3380 3382 3385 3386 
1644249465.682497 3391 3405 3407 3408 3414 3420 3423 3446 3458 3490 3492 3785 3803 3915 3980 
1644249466.362028 ### RSSI: -69, 24, 1640049859 ,1324 
1644249466.685112 ### DEBUG: Ticks: 1329, 15, 1 
1644249466.685395 1640049859 c0:98:e5:42:00:2c 3034 
1644249466.685537 3174 3181 3188 3189 3191 3220 3235 3246 3263 3274 3276 3277 3295 3296 3296 
1644249466.685632 3306 3315 3323 3325 3326 3327 3332 3336 3390 3434 3546 3722 3744 3798 3879 
1644249467.364167 ### RSSI: -65, 22, 1640049860 ,1340 
1644249467.685312 ### DEBUG: Ticks: 1345, 16, 1 
1644249467.685605 1640049860 c0:98:e5:42:00:2c 3079 
1644249467.685789 3162 3210 3218 3221 3233 3274 3288 3288 3297 3308 3328 3335 3335 3342 3347 
1644249467.685998 3353 3370 3371 3374 3385 3388 3389 3433 3485 3496 3520 3766 3795 3838 3905 
1644249468.085793 ### INFO: SD card flushed!
1644249468.360342 ### RSSI: -64, 22, 1640049861 ,1356 
1644249468.682545 ### DEBUG: Ticks: 1361, 16, 1 
1644249468.682749 1640049861 c0:98:e5:42:00:2c 3014 
1644249468.682871 3102 3109 3119 3130 3140 3154 3198 3207 3209 3211 3213 3220 3225 3229 3230 
1644249468.683000 3236 3238 3245 3253 3265 3279 3280 3312 3361 3373 3602 3672 3739 3780 3836 
1644249469.361231 ### RSSI: -73, 2, 1640049862 ,1371 
1644249469.678498 ### DEBUG: Ticks: 1376, 15, 1 
1644249469.678629 1640049862 c0:98:e5:42:00:2c 3022 
1644249469.678687 3164 3166 3168 3189 3211 3231 3245 3248 3251 3260 3267 3270 3273 3277 3279 
1644249469.678748 3282 3292 3299 3300 3304 3314 3318 3352 3353 3386 3431 3524 3671 3689 3753 
1644249470.460814 ### RSSI: -76, 31, 1640049863 ,1388 
1644249470.677140 ### DEBUG: Ticks: 1392, 16, 1 
1644249470.677305 1640049863 c0:98:e5:42:00:2c 3106 
1644249470.677384 3172 3215 3221 3221 3241 3269 3278 3279 3328 3332 3336 3342 3353 3357 3384 
1644249470.677460 3386 3390 3390 3400 3421 3424 3456 3493 3497 3516 3619 3781 3802 3904 0 
1644249471.460209 ### RSSI: -67, 16, 1640049864 ,1404 
1644249471.678212 ### DEBUG: Ticks: 1408, 16, 1 
1644249471.678558 1640049864 c0:98:e5:42:00:2c 3081 
1644249471.678763 3187 3246 3248 3260 3299 3303 3304 3330 3348 3350 3358 3360 3377 3377 3382 
1644249471.678866 3387 3390 3394 3427 3429 3431 3442 3445 3474 3485 3528 3543 3815 3835 3948 
1644249472.459240 ### RSSI: -65, 22, 1640049865 ,1420 
1644249472.680555 ### DEBUG: Ticks: 1423, 15, 1 
1644249472.680843 1640049865 c0:98:e5:42:00:2c 3059 
1644249472.681408 3124 3195 3202 3205 3225 3258 3268 3275 3284 3295 3295 3305 3311 3314 3335 
1644249472.681655 3354 3355 3358 3362 3385 3386 3388 3443 3445 3459 3575 3735 3759 3831 3896 
1644249473.463897 ### RSSI: -69, 0, 1640049866 ,1435 
1644249473.678925 ### DEBUG: Ticks: 1439, 16, 1 
1644249473.679206 1640049866 c0:98:e5:42:00:2c 3068 
1644249473.679390 3239 3243 3251 3264 3300 3311 3324 3330 3336 3341 3367 3369 3374 3378 3379 
1644249473.679597 3383 3392 3401 3407 3416 3430 3469 3474 3488 3508 3790 3827 3878 3941 4010 
1644249474.462510 ### RSSI: -67, 21, 1640049867 ,1451 
1644249474.685183 ### DEBUG: Ticks: 1454, 15, 1 
1644249474.685466 1640049867 c0:98:e5:42:00:2c 3088 
1644249474.685663 3187 3188 3216 3253 3264 3276 3288 3289 3291 3293 3304 3306 3309 3311 3318 
1644249474.686075 3336 3338 3338 3347 3356 3356 3357 3375 3379 3425 3499 3555 3744 3781 3984 
1644249475.463868 ### RSSI: -76, 6, 1640049868 ,1467 
1644249475.679661 ### DEBUG: Ticks: 1470, 16, 1 
1644249475.679882 1640049868 c0:98:e5:42:00:2c 3053 
1644249475.679975 3156 3182 3186 3195 3243 3257 3273 3295 3303 3306 3319 3322 3323 3326 3331 
1644249475.680329 3333 3334 3334 3338 3339 3340 3370 3383 3387 3426 3472 3504 3743 3752 3823 
1644249476.460500 ### RSSI: -68, 22, 1640049868 ,1482 
1644249477.458709 ### RSSI: -74, 10, 1640049869 ,1498 
1644249478.459161 ### RSSI: -77, 35, 1640049870 ,1513 
1644249479.459630 ### RSSI: -66, 14, 1640049871 ,1529 
1644249480.559328 ### RSSI: -67, 5, 1640049873 ,1546 
1644249481.203181 ### INFO: SquarePoint communications appear to be down...restarting
1644249481.203383 ### INFO: Switched Scheduler EUI from c0:98:e5:42:00:2c to 00:00:00:00:00:00
1644249481.417757 ### INFO: SD card flushed!
1644249481.417887 ### DEBUG: BLE START SCANNING called
1644249481.563604 ### RSSI: -70, 25, 1640049874 ,1562 
1644249481.563788 ### DEBUG: BLE START SCANNING called
1644249481.679018 ### DEBUG: Ticks: 1564, 94, 1 
1644249481.679143 1640049874 c0:98:e5:42:00:2c 3038 
1644249481.679210 3122 3150 3151 3159 3169 3205 3241 3242 3246 3248 3252 3257 3261 3273 3278 
1644249481.679269 3280 3283 3284 3288 3309 3318 3330 3360 3362 3424 3546 3697 3734 3867 4213 
1644249481.679403 ### INFO: Switched Scheduler EUI from 00:00:00:00:00:00 to c0:98:e5:42:00:2c
1644249482.554786 ### RSSI: -68, 7, 1640049875 ,1577 
1644249482.681770 ### DEBUG: Ticks: 1579, 15, 1 
1644249482.681937 1640049875 c0:98:e5:42:00:2c 3100 
1644249482.682028 3150 3167 3179 3204 3218 3218 3245 3253 3256 3257 3260 3266 3283 3284 3289 
1644249482.682122 3292 3293 3295 3301 3308 3321 3323 3327 3328 3346 3424 3677 3712 3735 3860 
1644249483.558649 ### RSSI: -69, 12, 1640049876 ,1593 
1644249483.683309 ### DEBUG: Ticks: 1595, 16, 1 
1644249483.683602 1640049876 c0:98:e5:42:00:2c 3074 
1644249483.683784 3261 3263 3270 3305 3306 3310 3318 3335 3336 3355 3363 3368 3372 3382 3385 
1644249483.684001 3393 3395 3399 3404 3425 3425 3476 3478 3522 3523 3600 3653 3799 3808 3832 
1644249484.563633 ### RSSI: -65, 27, 1640049877 ,1609 
1644249484.680764 ### DEBUG: Ticks: 1611, 16, 1 
1644249484.681435 1640049877 c0:98:e5:42:00:2c 3030 
1644249484.681540 3151 3152 3154 3169 3170 3212 3223 3239 3241 3241 3241 3250 3255 3263 3272 
1644249484.681651 3273 3282 3290 3296 3301 3303 3305 3321 3323 3391 3413 3423 3471 3705 3720 
1644249485.558232 ### RSSI: -66, 9, 1640049878 ,1624 
1644249485.678538 ### DEBUG: Ticks: 1626, 15, 1 
1644249485.678688 1640049878 c0:98:e5:42:00:2c 3088 
1644249485.678766 3179 3192 3213 3213 3245 3282 3288 3289 3299 3308 3315 3320 3321 3323 3335 
1644249485.678847 3340 3345 3349 3350 3368 3370 3371 3446 3447 3461 3519 3593 3745 3758 3963 
1644249486.554479 ### RSSI: -70, 4, 1640049879 ,1640 
1644249486.684973 ### DEBUG: Ticks: 1642, 16, 1 
1644249486.685185 1640049879 c0:98:e5:42:00:2c 3090 
1644249486.685263 3232 3252 3255 3282 3292 3300 3311 3326 3334 3357 3365 3388 3392 3399 3404 
1644249486.685344 3408 3413 3428 3430 3442 3454 3465 3475 3506 3535 3540 3546 3652 3844 3852 
1644249487.564083 ### RSSI: -64, 18, 1640049880 ,1656 
1644249487.683116 ### DEBUG: Ticks: 1657, 15, 1 
1644249487.683340 1640049880 c0:98:e5:42:00:2c 3023 
1644249487.683476 3156 3180 3185 3194 3203 3231 3239 3248 3250 3251 3253 3271 3276 3285 3290 
1644249487.683618 3293 3293 3295 3309 3309 3325 3328 3328 3368 3382 3405 3485 3518 3722 3755 
1644249488.564572 ### RSSI: -66, 13, 1640049881 ,1671 
1644249488.683955 ### DEBUG: Ticks: 1673, 16, 1 
1644249488.684085 1640049881 c0:98:e5:42:00:2c 3021 
1644249488.684155 3169 3174 3189 3217 3233 3234 3255 3264 3265 3266 3268 3272 3279 3298 3298 
1644249488.684218 3300 3300 3301 3317 3319 3322 3325 3331 3335 3347 3419 3719 3724 3827 3895 
1644249489.559245 ### RSSI: -68, 15, 1640049882 ,1687 
1644249489.678692 ### DEBUG: Ticks: 1689, 16, 1 
1644249489.678998 1640049882 c0:98:e5:42:00:2c 3080 
1644249489.679182 3233 3235 3248 3255 3285 3291 3305 3330 3344 3350 3363 3369 3374 3375 3377 
1644249489.679372 3377 3385 3393 3419 3439 3439 3452 3488 3516 3519 3535 3596 3806 3847 3852 
1644249490.565347 ### RSSI: -65, 22, 1640049883 ,1702 
1644249490.689412 ### DEBUG: Ticks: 1704, 15, 1 
1644249490.689566 1640049883 c0:98:e5:42:00:2c 3045 
1644249490.689656 3189 3194 3200 3206 3227 3228 3241 3287 3291 3292 3308 3319 3326 3335 3341 
1644249490.689729 3343 3344 3347 3348 3365 3370 3374 3396 3404 3459 3463 3564 3736 3746 3788 
1644249491.559331 ### RSSI: -77, 6, 1640049884 ,1718 
1644249491.680772 ### DEBUG: Ticks: 1720, 16, 1 
1644249491.680933 1640049884 c0:98:e5:42:00:2c 3071 
1644249491.681463 3193 3211 3218 3228 3255 3294 3294 3295 3301 3324 3324 3326 3339 3341 3356 
1644249491.681661 3359 3366 3370 3386 3391 3395 3403 3412 3442 3476 3492 3584 3785 3799 3872 
1644249492.562479 ### RSSI: -76, 11, 1640049885 ,1734 
1644249492.680733 ### DEBUG: Ticks: 1736, 16, 1 
1644249492.680892 1640049885 c0:98:e5:42:00:2c 3057 
1644249492.680977 3141 3199 3225 3228 3234 3255 3256 3269 3277 3282 3284 3296 3297 3302 3311 
1644249492.681140 3314 3335 3337 3338 3352 3356 3358 3396 3435 3436 3516 3557 3732 3750 4280 
1644249493.557964 ### RSSI: -65, 27, 1640049886 ,1749 
1644249493.682347 ### DEBUG: Ticks: 1751, 15, 1 
1644249493.682483 1640049886 c0:98:e5:42:00:2c 3040 
1644249493.682538 3200 3217 3220 3231 3237 3248 3261 3286 3291 3307 3311 3311 3315 3328 3333 
1644249493.682586 3349 3353 3370 3379 3385 3387 3393 3401 3429 3438 3453 3755 3782 3801 3912 
1644249494.562549 ### RSSI: -67, 24, 1640049887 ,1765 
1644249494.679681 ### DEBUG: Ticks: 1767, 16, 1 
1644249494.679840 1640049887 c0:98:e5:42:00:2c 3037 
1644249494.679924 3106 3117 3133 3145 3147 3150 3156 3180 3200 3215 3239 3244 3247 3250 3250 
1644249494.680011 3256 3260 3264 3274 3277 3297 3303 3312 3318 3373 3416 3479 3665 3666 4195 
1644249495.554221 ### RSSI: -73, 0, 1640049888 ,1780 
1644249495.686536 ### DEBUG: Ticks: 1782, 15, 1 
1644249495.686821 1640049888 c0:98:e5:42:00:2c 3081 
1644249495.687014 3229 3236 3248 3261 3268 3270 3273 3320 3328 3332 3339 3339 3342 3351 3372 
1644249495.687205 3374 3375 3377 3383 3397 3403 3407 3427 3471 3487 3497 3514 3579 3793 3801 
1644249496.555198 ### RSSI: -75, 2, 1640049889 ,1796 
1644249496.686978 ### DEBUG: Ticks: 1798, 16, 1 
1644249496.687147 1640049889 c0:98:e5:42:00:2c 3057 
1644249496.687256 3217 3228 3268 3287 3288 3295 3303 3314 3317 3319 3326 3339 3340 3349 3353 
1644249496.687356 3356 3359 3365 3365 3372 3390 3448 3452 3503 3503 3636 3778 3797 3813 0 
1644249497.683149 ### DEBUG: Ticks: 1814, 16, 1 
1644249497.683437 1640049890 c0:98:e5:42:00:2c 3072 
1644249497.683650 3275 3289 3302 3330 3336 3349 3357 3361 3384 3397 3398 3398 3410 3422 3430 
1644249497.683828 3436 3438 3442 3443 3463 3463 3475 3485 3495 3532 3568 3849 3850 3862 3981 
1644249498.559092 ### RSSI: -75, 12, 1640049891 ,1827 
1644249498.680953 ### DEBUG: Ticks: 1829, 15, 1 
1644249498.681221 1640049891 c0:98:e5:42:00:2c 3086 
1644249498.681312 3193 3260 3263 3265 3267 3297 3302 3330 3340 3345 3351 3351 3360 3385 3393 
1644249498.681414 3395 3397 3405 3410 3418 3439 3476 3499 3507 3561 3573 3614 3756 3757 3840 
1644249499.556121 ### RSSI: -73, 32, 1640049892 ,1843 
1644249499.682038 ### DEBUG: Ticks: 1845, 16, 1 
1644249499.682196 1640049892 c0:98:e5:42:00:2c 3054 
1644249499.682439 3161 3205 3210 3211 3232 3258 3259 3285 3287 3287 3300 3302 3304 3316 3317 
1644249499.682827 3321 3325 3333 3340 3385 3402 3404 3409 3450 3473 3544 3671 3701 3738 3878 
1644249500.559793 ### RSSI: -68, 16, 1640049892 ,1859 
1644249500.686523 ### DEBUG: Ticks: 1860, 15, 1 
1644249500.686692 1640049893 c0:98:e5:42:00:2c 3015 
1644249500.686777 3160 3179 3180 3207 3213 3221 3230 3238 3241 3267 3272 3275 3277 3294 3298 
1644249500.686865 3311 3311 3316 3318 3320 3320 3329 3331 3356 3376 3419 3650 3725 3856 3872 
1644249501.560520 ### RSSI: -92, 35, 1640049893 ,1874 
1644249501.685233 ### DEBUG: Ticks: 1876, 16, 1 
1644249501.685540 1640049894 c0:98:e5:42:00:2c 2994 
1644249501.685725 3030 3035 3043 3054 3070 3070 3070 3076 3079 3089 3118 3128 3130 3137 3160 
1644249501.685914 3162 3165 3168 3169 3183 3186 3190 3199 3226 3272 3350 3502 3523 3527 3777 
1644249502.555335 ### RSSI: -70, 4, 1640049895 ,1890 
1644249502.681101 ### DEBUG: Ticks: 1892, 16, 1 
1644249502.681358 1640049895 c0:98:e5:42:00:2c 3019 
1644249502.681449 3167 3186 3189 3243 3250 3252 3262 3265 3266 3276 3284 3291 3298 3321 3324 
1644249502.681543 3326 3331 3334 3340 3344 3369 3410 3431 3460 3522 3718 3736 3786 3821 3888 
1644249503.554848 ### RSSI: -67, 20, 1640049896 ,1905 
1644249504.561369 ### RSSI: -65, 27, 1640049897 ,1921 
1644249505.558472 ### RSSI: -66, 27, 1640049898 ,1937 
1644249505.682405 ### DEBUG: Ticks: 1939, 47, 1 
1644249505.682684 1640049898 c0:98:e5:42:00:2c 3012 
1644249505.682881 3117 3127 3157 3171 3187 3188 3192 3195 3196 3204 3209 3218 3227 3228 3238 
1644249505.683082 3244 3248 3251 3256 3269 3277 3278 3297 3319 3329 3407 3603 3651 3666 3813 
1644249506.680092 ### DEBUG: Ticks: 1954, 15, 1 
1644249506.680269 1640049899 c0:98:e5:42:00:2c 3059 
1644249506.680353 3164 3179 3196 3196 3206 3231 3234 3236 3254 3259 3279 3297 3298 3301 3306 
1644249506.680434 3310 3314 3321 3321 3328 3332 3332 3345 3357 3372 3423 3694 3720 3868 3897 
1644249507.563449 ### RSSI: -67, 15, 1640049900 ,1968 
1644249507.678091 ### DEBUG: Ticks: 1970, 16, 1 
1644249507.678413 1640049900 c0:98:e5:42:00:2c 3044 
1644249507.678597 3215 3242 3248 3275 3276 3289 3294 3295 3326 3331 3346 3349 3350 3358 3373 
1644249507.678771 3376 3378 3403 3419 3422 3423 3425 3446 3464 3471 3547 3562 3794 3808 3872 
1644249507.812486 ### INFO: Device is now IN MOTION
1644249508.554060 ### RSSI: -63, 28, 1640049901 ,1984 
1644249508.680896 ### DEBUG: Ticks: 1985, 15, 1 
1644249508.681293 1640049901 c0:98:e5:42:00:2c 3063 
1644249508.681478 3166 3175 3191 3208 3210 3225 3234 3234 3234 3237 3240 3245 3262 3262 3269 
1644249508.681679 3283 3285 3285 3300 3308 3310 3317 3340 3392 3419 3701 3703 3734 3873 3983 
1644249509.556191 ### RSSI: -66, 29, 1640049902 ,1999 
1644249509.686453 ### DEBUG: Ticks: 2001, 16, 1 
1644249509.686620 1640049902 c0:98:e5:42:00:2c 2992 
1644249509.686711 3122 3146 3146 3154 3162 3187 3189 3192 3192 3193 3219 3230 3237 3241 3247 
1644249509.686801 3249 3259 3268 3289 3290 3295 3318 3330 3333 3338 3424 3430 3600 3674 3700 
1644249510.487803 ### INFO: Device is now STATIONARY
1644249510.555399 ### RSSI: -64, 31, 1640049903 ,2015 
1644249510.677631 ### DEBUG: Ticks: 2017, 16, 1 
1644249510.677918 1640049903 c0:98:e5:42:00:2c 3069 
1644249510.678117 3203 3215 3238 3239 3253 3254 3266 3274 3301 3356 3358 3358 3366 3368 3375 
1644249510.678532 3376 3378 3405 3406 3419 3430 3433 3443 3474 3505 3513 3728 3786 3810 3823 
1644249511.555355 ### RSSI: -63, 25, 1640049904 ,2030 
1644249512.562703 ### RSSI: -62, 17, 1640049905 ,2046 
1644249513.552717 ### RSSI: -70, 0, 1640049906 ,2062 
1644249513.686855 ### DEBUG: Ticks: 2064, 47, 1 
1644249513.687143 1640049906 c0:98:e5:42:00:2c 3040 
1644249513.687343 3223 3234 3234 3240 3247 3261 3264 3267 3277 3295 3295 3297 3298 3308 3309 
1644249513.687858 3310 3317 3323 3325 3327 3332 3355 3366 3397 3400 3437 3462 3740 3743 3899 
1644249514.560342 ### RSSI: -67, 6, 1640049907 ,2077 
1644249514.685531 ### DEBUG: Ticks: 2079, 15, 1 
1644249514.685814 1640049907 c0:98:e5:42:00:2c 3050 
1644249514.686000 3085 3100 3148 3152 3165 3171 3184 3186 3198 3212 3218 3219 3240 3244 3250 
1644249514.686201 3251 3255 3266 3269 3280 3287 3290 3318 3323 3363 3439 3647 3665 3751 3844 
1644249515.553595 ### RSSI: -62, 26, 1640049908 ,2093 
1644249515.678389 ### DEBUG: Ticks: 2095, 16, 1 
1644249515.678673 1640049908 c0:98:e5:42:00:2c 3004 
1644249515.690099 3059 3112 3119 3124 3139 3156 3158 3160 3160 3164 3169 3170 3183 3205 3209 
1644249515.690386 3210 3217 3228 3231 3234 3239 3253 3273 3311 3355 3356 3358 3607 3623 3817 
1644249516.561866 ### RSSI: -63, 28, 1640049909 ,2108 
1644249516.683415 ### DEBUG: Ticks: 2110, 15, 1 
1644249516.683701 1640049909 c0:98:e5:42:00:2c 3078 
1644249516.683899 3201 3201 3202 3215 3226 3265 3272 3280 3281 3284 3285 3302 3304 3322 3332 
1644249516.684099 3344 3350 3353 3359 3365 3377 3390 3392 3397 3418 3466 3753 3758 3785 3906 
1644249517.560960 ### RSSI: -66, 5, 1640049910 ,2124 
1644249517.683598 ### DEBUG: Ticks: 2126, 16, 1 
1644249517.683786 1640049910 c0:98:e5:42:00:2c 3131 
1644249517.683876 3277 3322 3337 3347 3353 3354 3360 3374 3409 3485 3490 3499 3501 3506 3508 
1644249517.683964 3509 3532 3538 3540 3550 3585 3608 3610 3613 3634 3708 3852 3864 3895 3983 
1644249518.560444 ### RSSI: -65, 7, 1640049911 ,2140 
1644249518.678263 ### DEBUG: Ticks: 2142, 16, 1 
1644249518.678560 1640049911 c0:98:e5:42:00:2c 2980 
1644249518.690452 3166 3170 3170 3176 3186 3186 3203 3206 3206 3209 3236 3246 3257 3265 3266 
1644249518.690656 3269 3270 3273 3283 3301 3302 3321 3353 3378 3402 3598 3706 3726 3856 0 
1644249519.558511 ### RSSI: -65, 29, 1640049912 ,2155 
1644249519.688036 ### DEBUG: Ticks: 2157, 15, 1 
1644249519.688227 1640049912 c0:98:e5:42:00:2c 3118 
1644249519.688327 3227 3283 3290 3295 3309 3311 3321 3321 3328 3391 3403 3408 3412 3420 3422 
1644249519.688429 3424 3431 3436 3441 3462 3483 3511 3514 3560 3565 3569 3572 3818 3839 3903 
1644249520.067125 ### INFO: SD card flushed!
1644249520.562124 ### RSSI: -67, 36, 1640049913 ,2171 
1644249520.685264 ### DEBUG: Ticks: 2173, 16, 1 
1644249520.685525 1640049913 c0:98:e5:42:00:2c 3026 
1644249520.685723 3123 3137 3149 3161 3170 3173 3195 3197 3199 3218 3222 3225 3232 3233 3233 
1644249520.685859 3234 3255 3256 3259 3265 3290 3302 3303 3306 3375 3479 3481 3671 3863 0 
1644249521.560186 ### RSSI: -60, 19, 1640049914 ,2187 
1644249521.686963 ### DEBUG: Ticks: 2189, 16, 1 
1644249521.687247 1640049914 c0:98:e5:42:00:2c 3049 
1644249521.687430 3201 3229 3231 3255 3259 3266 3271 3292 3309 3311 3325 3327 3337 3339 3358 
1644249521.687648 3360 3360 3384 3386 3407 3412 3435 3444 3468 3503 3618 3632 3749 3803 3928 
1644249522.560922 ### RSSI: -71, 35, 1640049915 ,2202 
1644249522.685566 ### DEBUG: Ticks: 2204, 15, 1 
1644249522.685749 1640049915 c0:98:e5:42:00:2c 3007 
1644249522.685840 3108 3110 3117 3117 3123 3131 3141 3157 3169 3194 3196 3203 3210 3211 3226 
1644249522.685928 3227 3233 3250 3259 3259 3261 3264 3297 3357 3408 3460 3497 3618 3631 3716 
1644249523.557950 ### RSSI: -64, 32, 1640049916 ,2218 
1644249523.681371 ### DEBUG: Ticks: 2220, 16, 1 
1644249523.681661 1640049916 c0:98:e5:42:00:2c 3006 
1644249523.681822 3148 3152 3162 3175 3180 3181 3195 3201 3219 3220 3238 3241 3242 3244 3245 
1644249523.681924 3272 3273 3273 3276 3291 3292 3301 3319 3364 3402 3434 3639 3663 3684 3827 
1644249524.557487 ### RSSI: -65, 5, 1640049916 ,2233 
1644249525.561872 ### RSSI: -62, 26, 1640049917 ,2249 
1644249526.560659 ### RSSI: -62, 15, 1640049919 ,2265 
1644249526.684349 ### DEBUG: Ticks: 2267, 47, 1 
1644249526.684632 1640049919 c0:98:e5:42:00:2c 3005 
1644249526.684815 3131 3172 3179 3185 3195 3196 3208 3218 3218 3225 3227 3230 3237 3262 3270 
1644249526.685157 3271 3273 3279 3280 3286 3294 3297 3320 3328 3333 3404 3700 3710 3754 3838 
1644249527.551992 ### RSSI: -65, 24, 1640049920 ,2280 
1644249527.677796 ### DEBUG: Ticks: 2282, 15, 1 
1644249527.678077 1640049920 c0:98:e5:42:00:2c 3055 
1644249527.690349 3208 3226 3245 3245 3250 3282 3293 3300 3311 3312 3313 3326 3327 3332 3349 
1644249527.690653 3364 3368 3374 3380 3382 3402 3423 3429 3464 3480 3664 3817 3824 3917 0 
1644249528.558420 ### RSSI: -62, 20, 1640049921 ,2296 
1644249528.684074 ### DEBUG: Ticks: 2298, 16, 1 
1644249528.684275 1640049921 c0:98:e5:42:00:2c 3025 
1644249528.684374 3163 3175 3183 3189 3201 3205 3220 3220 3223 3226 3231 3235 3247 3257 3264 
1644249528.684497 3275 3287 3295 3300 3301 3317 3322 3409 3442 3443 3483 3699 3732 0 0 
1644249529.561200 ### RSSI: -65, 14, 1640049922 ,2312 
1644249529.689442 ### DEBUG: Ticks: 2313, 15, 1 
1644249529.689726 1640049922 c0:98:e5:42:00:2c 3135 
1644249529.689924 3212 3284 3294 3294 3306 3306 3317 3362 3397 3412 3418 3436 3441 3445 3457 
1644249529.690124 3457 3462 3469 3469 3474 3499 3537 3540 3565 3579 3798 3826 3829 3917 3962 
1644249530.559145 ### RSSI: -63, 31, 1640049923 ,2327 
1644249530.684925 ### DEBUG: Ticks: 2329, 16, 1 
1644249530.685471 1640049923 c0:98:e5:42:00:2c 3089 
1644249530.685679 3165 3179 3198 3212 3226 3237 3239 3241 3245 3263 3265 3268 3288 3289 3300 
1644249530.685817 3301 3303 3303 3309 3313 3314 3349 3379 3384 3456 3507 3564 3734 3734 3754 
1644249531.551303 ### RSSI: -67, 2, 1640049924 ,2343 
1644249531.679482 ### DEBUG: Ticks: 2345, 16, 1 
1644249531.679660 1640049924 c0:98:e5:42:00:2c 3032 
1644249531.679845 3070 3142 3153 3168 3185 3194 3210 3228 3235 3241 3241 3245 3252 3257 3265 
1644249531.680007 3288 3290 3296 3303 3307 3323 3326 3337 3360 3372 3392 3429 3657 3704 3736 
1644249532.556455 ### RSSI: -62, 26, 1640049925 ,2358 
1644249532.683070 ### DEBUG: Ticks: 2360, 15, 1 
1644249532.683366 1640049925 c0:98:e5:42:00:2c 2999 
1644249532.683524 3222 3224 3227 3228 3241 3249 3250 3264 3270 3284 3290 3291 3310 3323 3323 
1644249532.683756 3326 3329 3334 3350 3356 3360 3361 3370 3400 3410 3446 3608 3727 3771 3925 
1644249533.553670 ### RSSI: -68, 11, 1640049926 ,2374 
1644249533.677992 ### DEBUG: Ticks: 2376, 16, 1 
1644249533.678158 1640049926 c0:98:e5:42:00:2c 3046 
1644249533.690446 3114 3162 3165 3167 3183 3185 3193 3196 3197 3202 3212 3213 3220 3225 3232 
1644249533.690739 3242 3248 3263 3264 3268 3270 3275 3279 3355 3406 3466 3662 3667 3848 4222 
1644249534.554255 ### RSSI: -69, 12, 1640049927 ,2390 
1644249534.683686 ### DEBUG: Ticks: 2392, 16, 1 
1644249534.684186 1640049927 c0:98:e5:42:00:2c 2990 
1644249534.684293 3116 3118 3146 3152 3156 3157 3159 3168 3191 3194 3197 3200 3203 3207 3218 
1644249534.684383 3235 3250 3253 3265 3285 3291 3308 3316 3341 3346 3390 3433 3644 3669 3749 
1644249535.556894 ### RSSI: -65, 14, 1640049928 ,2405 
1644249535.684186 ### DEBUG: Ticks: 2407, 15, 1 
1644249535.684468 1640049928 c0:98:e5:42:00:2c 2982 
1644249535.684656 3116 3143 3144 3177 3190 3191 3195 3195 3200 3211 3214 3218 3231 3234 3237 
1644249535.684839 3245 3246 3249 3257 3273 3274 3296 3316 3325 3363 3516 3581 3638 3677 3700 
1644249536.561363 ### RSSI: -60, 18, 1640049929 ,2421 
1644249536.679228 ### DEBUG: Ticks: 2423, 16, 1 
1644249536.679550 1640049929 c0:98:e5:42:00:2c 3093 
1644249536.691397 3200 3209 3229 3239 3249 3254 3279 3285 3292 3295 3295 3297 3318 3325 3326 
1644249536.691558 3330 3333 3348 3355 3356 3357 3361 3390 3397 3436 3452 3586 3746 3792 3902 
1644249537.561243 ### RSSI: -67, 2, 1640049930 ,2436 
1644249537.679608 ### DEBUG: Ticks: 2438, 15, 1 
1644249537.679892 1640049930 c0:98:e5:42:00:2c 3038 
1644249537.680076 3173 3180 3186 3192 3216 3216 3218 3227 3229 3235 3245 3251 3252 3279 3290 
1644249537.680490 3301 3303 3322 3327 3328 3328 3330 3331 3351 3359 3413 3656 3698 3743 3873 
1644249538.552718 ### RSSI: -64, 17, 1640049931 ,2452 
1644249538.680458 ### DEBUG: Ticks: 2454, 16, 1 
1644249538.680635 1640049931 c0:98:e5:42:00:2c 3015 
1644249538.680726 3197 3210 3211 3217 3220 3227 3244 3255 3256 3257 3269 3287 3289 3295 3297 
1644249538.680822 3306 3309 3322 3347 3351 3357 3361 3382 3383 3396 3447 3639 3669 3740 3913 
1644249539.557149 ### RSSI: -64, 33, 1640049932 ,2468 
1644249539.681860 ### DEBUG: Ticks: 2470, 16, 1 
1644249539.682020 1640049932 c0:98:e5:42:00:2c 3108 
1644249539.682101 3229 3263 3269 3270 3291 3300 3304 3324 3354 3372 3378 3380 3398 3409 3412 
1644249539.682172 3414 3437 3438 3443 3456 3481 3516 3530 3536 3558 3611 3751 3775 3795 3882 
1644249540.553259 ### RSSI: -71, 1, 1640049933 ,2483 
1644249540.681316 ### DEBUG: Ticks: 2485, 15, 1 
1644249540.681601 1640049933 c0:98:e5:42:00:2c 2964 
1644249540.681797 3141 3187 3209 3211 3216 3217 3238 3238 3242 3251 3252 3270 3274 3282 3291 
1644249540.682091 3295 3297 3311 3318 3339 3344 3362 3362 3376 3389 3413 3441 3727 3729 3891 
1644249541.552591 ### RSSI: -73, 0, 1640049934 ,2499 
1644249541.685087 ### DEBUG: Ticks: 2501, 16, 1 
1644249541.685232 1640049934 c0:98:e5:42:00:2c 3087 
1644249541.685339 3215 3249 3267 3275 3280 3292 3295 3296 3307 3313 3320 3337 3340 3343 3343 
1644249541.685496 3355 3357 3358 3375 3384 3388 3406 3431 3514 3526 3725 3794 3811 3918 0 
1644249542.554148 ### RSSI: -62, 20, 1640049935 ,2515 
1644249542.685110 ### DEBUG: Ticks: 2517, 16, 1 
1644249542.685398 1640049935 c0:98:e5:42:00:2c 3063 
1644249542.685579 3185 3194 3218 3224 3237 3244 3255 3260 3277 3278 3285 3290 3291 3295 3299 
1644249542.685769 3313 3317 3317 3318 3321 3339 3350 3351 3398 3427 3479 3589 3717 3738 3772 
1644249543.562826 ### RSSI: -64, 13, 1640049936 ,2530 
1644249543.682385 ### DEBUG: Ticks: 2532, 15, 1 
1644249543.682540 1640049936 c0:98:e5:42:00:2c 3006 
1644249543.682934 3154 3171 3175 3180 3196 3208 3208 3218 3220 3224 3244 3248 3253 3262 3269 
1644249543.683011 3269 3276 3281 3293 3314 3318 3330 3344 3354 3410 3635 3673 3727 3740 3881 
1644249544.558213 ### RSSI: -72, 0, 1640049937 ,2546 
1644249544.679874 ### DEBUG: Ticks: 2548, 16, 1 
1644249544.680079 1640049937 c0:98:e5:42:00:2c 3085 
1644249544.691824 3208 3233 3250 3252 3258 3259 3273 3274 3293 3294 3305 3320 3326 3328 3331 
1644249544.691961 3331 3336 3346 3352 3356 3359 3391 3398 3443 3459 3480 3595 3700 3740 3827 
1644249545.651719 ### RSSI: -64, 30, 1640049938 ,2563 
1644249545.689381 ### DEBUG: Ticks: 2563, 15, 1 
1644249545.689703 1640049938 c0:98:e5:42:00:2c 3069 
1644249545.689782 3201 3245 3252 3260 3262 3276 3286 3324 3328 3328 3338 3373 3380 3381 3382 
1644249545.689859 3390 3390 3408 3424 3439 3448 3479 3481 3508 3513 3710 3761 3802 3880 3916 
1644249546.650748 ### RSSI: -62, 21, 1640049939 ,2579 
1644249546.686529 ### DEBUG: Ticks: 2579, 16, 1 
1644249546.686706 1640049939 c0:98:e5:42:00:2c 3058 
1644249546.686791 3201 3253 3256 3264 3264 3272 3279 3302 3312 3335 3341 3348 3357 3367 3374 
1644249546.686878 3386 3392 3418 3431 3434 3435 3440 3447 3466 3476 3476 3528 3545 3798 3801 
1644249547.652713 ### RSSI: -69, 6, 1640049940 ,2594 
1644249547.675669 ### DEBUG: Ticks: 2595, 16, 1 
1644249547.687649 1640049940 c0:98:e5:42:00:2c 3033 
1644249547.687820 3117 3125 3153 3168 3169 3170 3187 3195 3206 3223 3224 3234 3239 3241 3243 
1644249547.687918 3244 3251 3268 3269 3285 3290 3294 3304 3350 3404 3404 3673 3687 3753 3884 
1644249548.657896 ### RSSI: -62, 17, 1640049941 ,2610 
1644249548.680704 ### DEBUG: Ticks: 2610, 15, 1 
1644249548.680862 1640049941 c0:98:e5:42:00:2c 3070 
1644249548.680941 3195 3198 3216 3238 3252 3260 3270 3286 3287 3309 3315 3317 3326 3341 3344 
1644249548.681528 3352 3358 3365 3366 3378 3379 3398 3405 3427 3429 3464 3675 3693 3811 3909 
1644249549.659346 ### RSSI: -67, 33, 1640049942 ,2625 
1644249549.683832 ### DEBUG: Ticks: 2626, 16, 1 
1644249549.683981 1640049942 c0:98:e5:42:00:2c 3032 
1644249549.684047 3168 3200 3213 3213 3214 3219 3219 3247 3254 3256 3257 3258 3260 3270 3280 
1644249549.684286 3280 3282 3292 3297 3318 3326 3326 3337 3345 3397 3480 3506 3744 3764 0 
1644249550.657791 ### RSSI: -62, 28, 1640049943 ,2641 
1644249550.681966 ### DEBUG: Ticks: 2641, 15, 1 
1644249550.682106 1640049943 c0:98:e5:42:00:2c 3029 
1644249550.682167 3169 3176 3178 3179 3194 3216 3219 3222 3245 3256 3262 3266 3270 3275 3285 
1644249550.682230 3287 3289 3295 3305 3332 3335 3346 3350 3371 3376 3422 3565 3711 3763 3882 
1644249551.651564 ### RSSI: -71, 0, 1640049944 ,2657 
1644249551.688197 ### DEBUG: Ticks: 2657, 16, 1 
1644249551.688363 1640049944 c0:98:e5:42:00:2c 2938 
1644249551.688448 3040 3118 3134 3136 3151 3152 3156 3167 3178 3188 3193 3203 3205 3207 3208 
1644249551.688535 3211 3216 3222 3225 3227 3231 3233 3240 3244 3292 3364 3416 3418 3585 3620 
1644249552.652634 ### RSSI: -62, 17, 1640049945 ,2672 
1644249552.685695 ### DEBUG: Ticks: 2673, 16, 1 
1644249552.685875 1640049945 c0:98:e5:42:00:2c 3031 
1644249552.685967 3110 3129 3136 3138 3145 3152 3157 3159 3159 3166 3178 3208 3210 3216 3218 
1644249552.686078 3227 3232 3234 3239 3239 3241 3262 3284 3293 3344 3445 3448 3628 3675 3834 
1644249553.595418 ### BLE EVENT: 16, INFO: BLE CONNECTED!
1644249553.651976 ### RSSI: -65, 31, 1640049946 ,2688 
1644249553.697832 ### RSSI: -69, 2, 1640049946 ,2689 
1644249553.755402 ### RSSI: -69, 3, 1640049946 ,2689 
1644249553.791537 ### RSSI: -73, 10, 1640049946 ,2690 
1644249553.860082 ### RSSI: -74, 12, 1640049946 ,2691 
1644249553.895745 ### RSSI: -61, 19, 1640049946 ,2692 
1644249553.953579 ### RSSI: -60, 18, 1640049946 ,2693 
1644249553.996981 ### RSSI: -70, 2, 1640049946 ,2693 
1644249554.053608 ### RSSI: -64, 14, 1640049946 ,2694 
1644249554.100354 ### RSSI: -62, 20, 1640049946 ,2695 
1644249554.157230 ### RSSI: -61, 20, 1640049946 ,2696 
1644249554.193670 ### RSSI: -63, 22, 1640049946 ,2696 
1644249554.251450 ### RSSI: -73, 12, 1640049946 ,2697 
1644249554.294257 ### RSSI: -62, 15, 1640049946 ,2698 
1644249554.351534 ### RSSI: -63, 28, 1640049946 ,2699 
1644249554.397572 ### RSSI: -66, 5, 1640049946 ,2699 
1644249554.452462 ### RSSI: -68, 9, 1640049947 ,2700 
1644249554.495159 ### RSSI: -63, 17, 1640049947 ,2701 
1644249554.552221 ### RSSI: -65, 24, 1640049947 ,2702 
1644249554.597469 ### RSSI: -65, 7, 1640049947 ,2703 
1644249554.654035 ### RSSI: -71, 1, 1640049947 ,2704 
1644249554.696429 ### RSSI: -68, 4, 1640049947 ,2704 
1644249554.756262 ### RSSI: -62, 27, 1640049947 ,2705 
1644249554.789242 ### RSSI: -60, 18, 1640049947 ,2706 
1644249554.856349 ### RSSI: -66, 13, 1640049947 ,2707 
1644249554.891417 ### RSSI: -71, 2, 1640049947 ,2707 
1644249554.960080 ### RSSI: -65, 29, 1640049947 ,2708 
1644249556.202133 
1644249556.202414 ----------------------------------------------
1644249556.202515 ### WARNING: Chip experienced a reset with reason 2
1644249556.450215 ### INFO: Bluetooth address: c0:98:e5:42:00:29
1644249556.463560 ### DEBUG: Time is 00:00:00, 2000/00/00
1644249556.463844 ### INFO: Time is 00:00:00, 2000/00/00
1644249556.555259 ### INFO: Initializing SD Card...
1644249556.825808 ### INFO: Connecting to the SquarePoint module...
1644249556.826092 ### INFO: SquarePoint module connection successful
1644249556.826277 ### INFO: Battery voltage currently 4170 mV
1644249556.916339 ### INFO: SD card flushed!
1644249556.951772 ### INFO: SD card flushed!
1644249556.951925 ### DEBUG: BLE START SCANNING called
1644249557.684013 ### DEBUG: Ticks: 23, 23, 0 
1644249557.684510 1640049950 c0:98:e5:42:00:2c 3028 
1644249557.684696 3202 3217 3236 3240 3248 3256 3269 3272 3283 3284 3292 3293 3294 3306 3307 
1644249557.685185 3320 3327 3328 3338 3343 3353 3367 3375 3420 3462 3719 3749 3827 3832 3871 
1644249557.685387 ### INFO: Switched Scheduler EUI from 00:00:00:00:00:00 to c0:98:e5:42:00:2c
1644249557.685565 ### DEBUG: BLE STOP SCANNING called
1644249557.822020 ### DEBUG: BLE START SCANNING called
1644249558.683938 ### DEBUG: Ticks: 38, 15, 0 
1644249558.684227 1640049951 c0:98:e5:42:00:2c 3007 
1644249558.684424 3105 3128 3130 3140 3145 3156 3158 3173 3183 3183 3186 3189 3205 3207 3211 
1644249558.684618 3212 3214 3242 3246 3249 3253 3255 3293 3314 3332 3395 3411 3621 3639 3821 
1644249558.911969 ### DEBUG: BLE START SCANNING called
1644249558.955880 ### DEBUG: BLE START SCANNING called
1644249558.966631 ### DEBUG: BLE START SCANNING called
1644249558.978344 ### DEBUG: BLE START SCANNING called
1644249559.103867 ### INFO: Device is now STATIONARY
1644249559.681979 ### DEBUG: Ticks: 54, 16, 0 
1644249559.682098 1640049952 c0:98:e5:42:00:2c 3064 
1644249559.682158 3197 3215 3219 3227 3234 3267 3276 3277 3299 3300 3301 3302 3310 3325 3334 
1644249559.682218 3344 3344 3353 3380 3382 3418 3449 3458 3476 3476 3585 3760 3766 3821 3913 
1644249560.032805 ### DEBUG: BLE START SCANNING called
1644249561.107058 ### DEBUG: BLE START SCANNING called
1644249561.120036 ### DEBUG: BLE START SCANNING called
1644249561.120175 ### DEBUG: BLE START SCANNING called
1644249561.131067 ### DEBUG: BLE START SCANNING called
1644249561.142919 ### DEBUG: BLE START SCANNING called
1644249561.143081 ### addr: c0:98:e5:42:00:2c 
1644249561.143150 ### on_adv_report outer RSSI: -71, time:1640049954 
1644249561.143216 ### INFO: Discovered new device: c0:98:e5:42:00:2c
1644249561.143310 ### DEBUG: connected? already connected
1644249561.143376 ### DEBUG: BLE START SCANNING called
1644249561.201231 ### BLE EVENT: 16, INFO: BLE CONNECTED!
1644249561.201359 ### DEBUG: BLE START SCANNING called
1644249561.201421 ### RSSI: -62, 22, 1640049954 ,78 
1644249561.201483 ### DEBUG: BLE START SCANNING called
1644249561.301894 ### RSSI: -67, 33, 1640049954 ,79 
1644249561.302016 ### DEBUG: BLE START SCANNING called
1644249561.404057 ### RSSI: -72, 3, 1640049954 ,81 
1644249561.404207 ### DEBUG: BLE START SCANNING called
1644249561.504535 ### RSSI: -66, 7, 1640049954 ,82 
1644249561.504817 ### DEBUG: BLE START SCANNING called
1644249561.607695 ### RSSI: -61, 20, 1640049954 ,84 
1644249561.607859 ### DEBUG: BLE START SCANNING called
1644249561.710208 ### RSSI: -64, 32, 1640049954 ,85 
1644249561.710494 ### DEBUG: BLE START SCANNING called
1644249561.821946 ### DEBUG: BLE START SCANNING called
1644249561.900778 ### RSSI: -68, 5, 1640049954 ,89 
1644249561.900982 ### DEBUG: BLE START SCANNING called
1644249562.000390 ### RSSI: -73, 9, 1640049955 ,90 
1644249562.000550 ### DEBUG: BLE START SCANNING called
1644249562.203578 ### RSSI: -63, 17, 1640049955 ,93 
1644249562.203827 ### DEBUG: BLE START SCANNING called
1644249562.677282 ### DEBUG: Ticks: 101, 47, 1 
1644249562.688737 1640049955 c0:98:e5:42:00:2c 3080 
1644249562.688878 3163 3176 3218 3221 3238 3248 3264 3273 3277 3317 3339 3345 3349 3357 3358 
1644249562.688947 3361 3375 3378 3389 3390 3397 3433 3440 3449 3494 3562 3563 3749 3814 3894 
1644249562.689060 ### DEBUG: BLE START SCANNING called
1644249563.199302 ### RSSI: -66, 33, 1640049956 ,109 
1644249563.680056 ### DEBUG: Ticks: 116, 15, 1 
1644249563.680351 1640049956 c0:98:e5:42:00:2c 2978 
1644249563.680578 3069 3081 3107 3107 3119 3122 3124 3125 3130 3152 3154 3157 3173 3173 3182 
1644249563.692846 3182 3187 3189 3191 3204 3204 3214 3221 3238 3271 3307 3418 3591 3619 3777 
1644249564.680665 ### DEBUG: Ticks: 132, 16, 1 
1644249564.680955 1640049957 c0:98:e5:42:00:2c 3025 
1644249564.681271 3166 3167 3167 3197 3199 3212 3221 3225 3240 3246 3248 3258 3261 3272 3278 
1644249564.692254 3278 3292 3292 3293 3301 3304 3328 3335 3367 3386 3397 3690 3707 3765 3875 
1644249565.679243 ### DEBUG: Ticks: 148, 16, 1 
1644249565.679433 1640049958 c0:98:e5:42:00:2c 3001 
1644249565.679524 3174 3195 3199 3222 3228 3238 3253 3255 3255 3260 3261 3270 3288 3296 3303 
1644249565.679620 3306 3307 3319 3333 3345 3401 3401 3413 3416 3552 3641 3728 3740 3886 0 
1644249566.686595 ### DEBUG: Ticks: 163, 15, 1 
1644249566.686761 1640049959 c0:98:e5:42:00:2c 3056 
1644249566.686846 3064 3083 3121 3138 3149 3149 3154 3177 3199 3202 3204 3204 3217 3220 3224 
1644249566.686946 3224 3234 3234 3251 3257 3282 3287 3311 3325 3357 3432 3626 3671 3725 3840 
1644249567.300712 ### BLE EVENT: 17, INFO: BLE DISCONNECTED!
1644249567.688145 ### DEBUG: Ticks: 179, 16, 0 
1644249567.688447 1640049960 c0:98:e5:42:00:2c 3053 
1644249567.688631 3208 3209 3225 3226 3232 3241 3252 3268 3270 3272 3287 3304 3314 3315 3316 
1644249567.688822 3332 3339 3339 3341 3405 3426 3439 3442 3462 3540 3600 3721 3751 3763 3889 
1644249568.686385 ### DEBUG: Ticks: 194, 15, 0 
1644249568.686656 1640049961 c0:98:e5:42:00:2c 3025 
1644249568.686855 3169 3192 3193 3202 3202 3214 3232 3234 3241 3250 3258 3259 3267 3273 3279 
1644249568.687033 3284 3293 3301 3305 3305 3308 3326 3364 3389 3399 3411 3512 3683 3699 3744 
1644249569.008694 ### BLE EVENT: 16, INFO: BLE CONNECTED!
1644249569.008862 ### RSSI: -74, 10, 1640049962 ,200 
1644249569.112514 ### RSSI: -69, 35, 1640049962 ,201 
1644249569.205233 ### RSSI: -63, 15, 1640049962 ,203 
1644249569.309653 ### RSSI: -62, 25, 1640049962 ,204 
1644249569.413769 ### RSSI: -61, 20, 1640049962 ,206 
1644249569.505348 ### RSSI: -70, 11, 1640049962 ,207 
1644249569.609401 ### RSSI: -71, 12, 1640049962 ,209 
1644249569.681540 ### DEBUG: Ticks: 210, 16, 0 
1644249569.681714 1640049962 c0:98:e5:42:00:2c 3051 
1644249569.681807 3175 3186 3187 3215 3236 3244 3270 3289 3291 3304 3305 3307 3314 3322 3326 
1644249569.681902 3328 3350 3356 3364 3366 3373 3376 3383 3394 3459 3468 3584 3756 3775 3909 
1644249569.714936 ### RSSI: -67, 7, 1640049962 ,210 
1644249569.805632 ### RSSI: -71, 0, 1640049962 ,212 
1644249569.908000 ### RSSI: -61, 18, 1640049962 ,214 
1644249570.009833 ### RSSI: -62, 16, 1640049962 ,215 
1644249570.111578 ### RSSI: -67, 5, 1640049962 ,217 
1644249570.206060 ### RSSI: -68, 21, 1640049962 ,218 
1644249570.311541 ### RSSI: -66, 8, 1640049962 ,220 
1644249570.414149 ### RSSI: -70, 35, 1640049962 ,221 
1644249570.506954 ### RSSI: -61, 27, 1640049962 ,223 
1644249570.613372 ### RSSI: -70, 4, 1640049963 ,225 
1644249570.683706 ### DEBUG: Ticks: 226, 16, 0 
1644249570.683846 1640049963 c0:98:e5:42:00:2c 2994 
1644249570.683921 3008 3044 3077 3080 3101 3107 3107 3112 3118 3132 3151 3169 3176 3178 3183 
1644249570.683988 3203 3210 3212 3218 3224 3246 3260 3267 3271 3305 3410 3530 3550 3603 3722 
1644249571.605998 ### RSSI: -61, 27, 1640049964 ,240 
1644249572.612335 ### RSSI: -72, 9, 1640049965 ,256 
1644249573.607157 ### RSSI: -72, 9, 1640049966 ,271 
1644249573.679844 ### DEBUG: Ticks: 273, 47, 0 
1644249573.679994 1640049966 c0:98:e5:42:00:2c 3047 
1644249573.693320 3210 3226 3230 3237 3251 3251 3255 3262 3283 3293 3302 3308 3312 3317 3322 
1644249573.693453 3324 3327 3334 3341 3348 3353 3355 3423 3426 3496 3608 3754 3763 3781 0 
1644249574.613470 ### RSSI: -72, 2, 1640049967 ,287 
1644249574.681996 ### DEBUG: Ticks: 288, 15, 0 
1644249574.682189 1640049967 c0:98:e5:42:00:2c 3079 
1644249574.682281 3167 3219 3219 3243 3263 3271 3271 3275 3279 3295 3303 3308 3312 3327 3336 
1644249574.682376 3351 3355 3356 3370 3380 3384 3396 3401 3442 3468 3473 3756 3788 3800 3914 
1644249575.607345 ### RSSI: -63, 30, 1640049968 ,303 
1644249576.615336 ### RSSI: -61, 26, 1640049969 ,318 
1644249577.612707 ### RSSI: -73, 9, 1640049970 ,334 
1644249577.681139 ### DEBUG: Ticks: 335, 47, 0 
1644249577.681284 1640049970 c0:98:e5:42:00:2c 3088 
1644249577.681349 3189 3195 3196 3201 3215 3247 3255 3277 3305 3314 3315 3317 3328 3328 3328 
1644249577.681416 3330 3347 3373 3376 3381 3435 3449 3477 3532 3553 3593 3763 3768 3774 3895 
1644249578.612145 ### RSSI: -62, 20, 1640049971 ,349 
1644249578.681915 ### DEBUG: Ticks: 351, 16, 0 
1644249578.682072 1640049971 c0:98:e5:42:00:2c 3022 
1644249578.682164 3108 3140 3143 3161 3163 3177 3182 3187 3222 3228 3230 3232 3235 3238 3244 
1644249578.682246 3244 3245 3250 3271 3295 3306 3310 3312 3340 3374 3436 3586 3646 3697 3750 
1644249579.609510 ### RSSI: -61, 23, 1640049972 ,365 
1644249579.679887 ### DEBUG: Ticks: 366, 15, 0 
1644249579.680121 1640049972 c0:98:e5:42:00:2c 3001 
1644249579.680214 3123 3132 3161 3161 3171 3172 3178 3181 3193 3205 3212 3230 3242 3244 3245 
1644249579.680308 3247 3248 3265 3266 3275 3294 3296 3323 3333 3370 3467 3649 3649 3749 3841 
1644249580.606966 ### RSSI: -62, 28, 1640049973 ,381 
1644249581.614586 ### RSSI: -62, 27, 1640049974 ,396 
1644249582.611100 ### RSSI: -76, 10, 1640049975 ,412 
1644249582.680239 ### DEBUG: Ticks: 413, 47, 0 
1644249582.680446 1640049975 c0:98:e5:42:00:2c 3035 
1644249582.680578 3209 3219 3251 3263 3268 3268 3273 3280 3285 3296 3305 3312 3321 3321 3334 
1644249582.680713 3345 3349 3352 3371 3371 3381 3413 3422 3431 3474 3554 3582 3772 3786 3793 
1644249583.608466 ### RSSI: -63, 30, 1640049976 ,428 
1644249583.677623 ### DEBUG: Ticks: 429, 16, 0 
1644249583.690514 1640049976 c0:98:e5:42:00:2c 2995 
1644249583.690842 3140 3145 3148 3166 3171 3177 3192 3206 3208 3209 3221 3229 3233 3234 3241 
1644249583.691044 3249 3258 3261 3264 3288 3290 3311 3318 3319 3321 3389 3650 3674 3737 3831 
1644249584.607736 ### RSSI: -62, 26, 1640049977 ,443 
1644249584.689984 ### DEBUG: Ticks: 444, 15, 0 
1644249584.690154 1640049977 c0:98:e5:42:00:2c 3108 
1644249584.690248 3245 3301 3301 3305 3312 3336 3341 3357 3364 3397 3407 3414 3414 3416 3428 
1644249584.690336 3433 3437 3440 3450 3457 3469 3495 3520 3551 3553 3566 3676 3849 3882 3968 
1644249585.610688 ### RSSI: -62, 26, 1640049978 ,459 
1644249585.682521 ### DEBUG: Ticks: 460, 16, 0 
1644249585.682863 1640049978 c0:98:e5:42:00:2c 3010 
1644249585.682941 3131 3140 3155 3173 3210 3212 3213 3224 3231 3231 3241 3244 3245 3246 3249 
1644249585.683008 3266 3268 3272 3275 3290 3306 3340 3357 3365 3409 3559 3679 3693 3713 3849 
1644249586.604002 ### RSSI: -70, 35, 1640049979 ,474 
1644249587.611701 ### RSSI: -70, 2, 1640049980 ,490 
1644249588.610620 ### RSSI: -62, 25, 1640049981 ,506 
1644249588.681136 ### DEBUG: Ticks: 507, 47, 0 
1644249588.681288 1640049981 c0:98:e5:42:00:2c 3027 
1644249588.693091 3133 3134 3135 3146 3148 3155 3175 3187 3195 3207 3209 3230 3237 3237 3240 
1644249588.693359 3245 3247 3248 3251 3255 3264 3267 3308 3340 3348 3384 3477 3622 3645 3839 
1644249589.607617 ### RSSI: -60, 23, 1640049982 ,521 
1644249589.688232 ### DEBUG: Ticks: 522, 15, 0 
1644249589.688382 1640049982 c0:98:e5:42:00:2c 2977 
1644249589.688440 3126 3132 3140 3143 3177 3197 3199 3203 3207 3214 3215 3216 3239 3243 3244 
1644249589.688500 3246 3247 3253 3259 3259 3261 3269 3287 3329 3353 3379 3409 3647 3670 3848 
1644249590.607448 ### RSSI: -60, 27, 1640049983 ,537 
1644249590.678137 ### DEBUG: Ticks: 538, 16, 0 
1644249590.690109 1640049983 c0:98:e5:42:00:2c 3012 
1644249590.690264 3091 3098 3139 3151 3151 3153 3164 3175 3179 3192 3220 3224 3226 3227 3233 
1644249590.690343 3236 3240 3246 3260 3275 3283 3289 3327 3373 3421 3574 3654 3660 3769 3862 
1644249591.610529 ### RSSI: -63, 13, 1640049984 ,553 
1644249591.685282 ### DEBUG: Ticks: 554, 16, 0 
1644249591.685441 1640049984 c0:98:e5:42:00:2c 3056 
1644249591.685519 3204 3210 3219 3222 3243 3247 3263 3265 3268 3278 3283 3294 3303 3303 3312 
1644249591.685600 3316 3320 3336 3338 3342 3344 3363 3369 3411 3420 3665 3689 3735 3777 4332 
1644249592.611800 ### RSSI: -71, 1, 1640049985 ,568 
1644249592.685193 ### DEBUG: Ticks: 569, 15, 0 
1644249592.685476 1640049985 c0:98:e5:42:00:2c 3019 
1644249592.685597 3136 3177 3194 3211 3212 3214 3230 3239 3248 3255 3256 3260 3260 3263 3264 
1644249592.685695 3275 3297 3305 3329 3329 3357 3370 3380 3383 3429 3476 3630 3682 3731 3787 
1644249593.604099 ### RSSI: -74, 9, 1640049986 ,584 
1644249593.686492 ### DEBUG: Ticks: 585, 16, 0 
1644249593.686676 1640049986 c0:98:e5:42:00:2c 3015 
1644249593.686755 3136 3175 3188 3189 3190 3198 3229 3230 3238 3240 3254 3258 3258 3260 3260 
1644249593.687076 3277 3290 3297 3317 3342 3343 3365 3383 3394 3412 3435 3601 3703 3743 3882 
1644249594.605980 ### RSSI: -60, 18, 1640049986 ,599 
1644249594.681665 ### DEBUG: Ticks: 601, 16, 0 
1644249594.681823 1640049987 c0:98:e5:42:00:2c 3011 
1644249594.681887 3195 3198 3216 3230 3245 3258 3258 3259 3261 3269 3270 3272 3276 3278 3283 
1644249594.681952 3283 3292 3296 3330 3336 3337 3351 3356 3366 3408 3436 3463 3532 3738 3750 
1644249595.604604 ### RSSI: -67, 11, 1640049988 ,615 
1644249595.684898 ### DEBUG: Ticks: 616, 15, 0 
1644249595.685135 1640049988 c0:98:e5:42:00:2c 3005 
1644249595.685220 3058 3078 3080 3087 3094 3099 3119 3126 3146 3160 3171 3176 3196 3204 3205 
1644249595.685680 3209 3212 3232 3235 3250 3255 3265 3276 3304 3400 3551 3599 3722 3778 0 
1644249596.606792 ### RSSI: -65, 29, 1640049989 ,631 
1644249597.606091 ### RSSI: -68, 12, 1640049990 ,646 
1644249598.614606 ### RSSI: -63, 14, 1640049991 ,662 
1644249598.682748 ### DEBUG: Ticks: 663, 47, 0 
1644249598.683034 1640049991 c0:98:e5:42:00:2c 3034 
1644249598.683233 3143 3155 3188 3195 3198 3209 3212 3220 3227 3241 3243 3244 3257 3275 3275 
1644249598.683433 3277 3280 3284 3298 3309 3316 3333 3343 3360 3401 3505 3679 3724 3754 3872 
1644249599.604484 ### RSSI: -66, 4, 1640049992 ,677 
1644249599.681916 ### DEBUG: Ticks: 679, 16, 0 
1644249599.682085 1640049992 c0:98:e5:42:00:2c 3062 
1644249599.682191 3136 3153 3165 3168 3169 3178 3185 3209 3215 3245 3247 3248 3253 3255 3264 
1644249599.682420 3264 3269 3278 3313 3318 3332 3337 3383 3383 3483 3484 3658 3677 3765 0 
1644249600.605967 ### RSSI: -63, 31, 1640049993 ,693 
1644249600.687560 ### DEBUG: Ticks: 694, 15, 0 
1644249600.687703 1640049993 c0:98:e5:42:00:2c 2988 
1644249600.687762 3145 3158 3168 3187 3194 3201 3204 3206 3206 3219 3226 3230 3230 3236 3238 
1644249600.687831 3252 3260 3265 3283 3286 3292 3305 3318 3350 3367 3391 3652 3680 3691 3866 
1644249601.614008 ### RSSI: -61, 20, 1640049994 ,709 
1644249601.684054 ### DEBUG: Ticks: 710, 16, 0 
1644249601.684248 1640049994 c0:98:e5:42:00:2c 2991 
1644249601.684339 3112 3150 3155 3174 3181 3182 3184 3184 3188 3198 3201 3213 3234 3236 3237 
1644249601.684428 3238 3242 3248 3250 3262 3270 3273 3300 3337 3343 3348 3418 3536 3632 3666 
1644249602.057882 ### INFO: SD card flushed!
1644249602.612716 ### RSSI: -68, 2, 1640049995 ,724 
1644249602.681928 ### DEBUG: Ticks: 725, 15, 0 
1644249602.682145 1640049995 c0:98:e5:42:00:2c 2987 
1644249602.682235 3017 3062 3070 3073 3078 3084 3087 3089 3102 3119 3127 3153 3169 3175 3177 
1644249602.693480 3181 3189 3192 3200 3201 3205 3225 3236 3307 3397 3543 3563 3571 3688 3768 
1644249603.612744 ### RSSI: -65, 8, 1640049996 ,740 
1644249603.680912 ### DEBUG: Ticks: 741, 16, 0 
1644249603.681269 1640049996 c0:98:e5:42:00:2c 3037 
1644249603.681348 3187 3206 3221 3225 3254 3258 3262 3288 3289 3292 3294 3305 3312 3313 3313 
1644249603.681449 3317 3326 3327 3334 3351 3361 3373 3377 3433 3471 3482 3693 3771 3817 3909 
1644249604.612546 ### RSSI: -74, 34, 1640049997 ,756 
1644249604.681414 ### DEBUG: Ticks: 757, 16, 0 
1644249604.681594 1640049997 c0:98:e5:42:00:2c 3001 
1644249604.694683 3113 3172 3189 3190 3197 3198 3213 3215 3220 3221 3224 3235 3235 3237 3242 
1644249604.694931 3264 3273 3277 3285 3295 3297 3300 3322 3358 3421 3497 3557 3639 3692 3757 
1644249605.681585 ### DEBUG: Ticks: 772, 15, 0 
1644249605.681869 1640049998 c0:98:e5:42:00:2c 3027 
1644249605.682053 3175 3202 3210 3221 3237 3242 3248 3256 3260 3270 3271 3293 3298 3302 3304 
1644249605.682481 3305 3309 3324 3328 3332 3344 3353 3380 3384 3428 3467 3726 3729 3735 3778 
1644249605.704357 ### RSSI: -62, 17, 1640049998 ,773 
1644249606.686975 ### DEBUG: Ticks: 788, 16, 0 
1644249606.687131 1640049999 c0:98:e5:42:00:2c 3039 
1644249606.687222 3147 3175 3179 3199 3200 3221 3234 3236 3237 3246 3247 3248 3256 3258 3259 
1644249606.687303 3289 3295 3296 3299 3312 3316 3317 3328 3363 3366 3374 3418 3668 3716 3844 
1644249606.712619 ### RSSI: -72, 9, 1640049999 ,788 
1644249607.678149 ### DEBUG: Ticks: 804, 16, 0 
1644249607.691622 1640050000 c0:98:e5:42:00:2c 3005 
1644249607.691776 3113 3124 3127 3143 3154 3168 3169 3170 3177 3180 3185 3190 3194 3214 3216 
1644249607.691844 3217 3223 3225 3240 3246 3252 3264 3286 3297 3317 3324 3386 3465 3648 3655 
1644249607.704309 ### RSSI: -62, 15, 1640050000 ,804 
1644249608.706249 ### RSSI: -65, 29, 1640050001 ,820 
1644249609.704536 ### RSSI: -70, 1, 1640050002 ,835 
1644249610.687388 ### DEBUG: Ticks: 850, 46, 0 
1644249610.687683 1640050003 c0:98:e5:42:00:2c 3021 
1644249610.687868 3200 3202 3227 3245 3249 3267 3269 3270 3272 3272 3273 3282 3286 3291 3294 
1644249610.688059 3303 3309 3318 3320 3321 3339 3344 3347 3365 3378 3417 3458 3746 3751 3924 
1644249610.711033 ### RSSI: -78, 10, 1640050003 ,851 
1644249611.681430 ### DEBUG: Ticks: 866, 16, 0 
1644249611.681580 1640050004 c0:98:e5:42:00:2c 3066 
1644249611.681649 3132 3175 3185 3190 3196 3233 3235 3239 3242 3269 3274 3274 3284 3286 3288 
1644249611.681720 3295 3297 3305 3313 3317 3328 3334 3353 3414 3416 3630 3686 3716 3876 0 
1644249611.703336 ### RSSI: -64, 14, 1640050004 ,866 
1644249612.681665 ### DEBUG: Ticks: 882, 16, 0 
1644249612.681895 1640050005 c0:98:e5:42:00:2c 3057 
1644249612.681980 3176 3198 3206 3219 3227 3252 3267 3268 3278 3279 3285 3293 3294 3299 3301 
1644249612.682067 3313 3324 3341 3342 3352 3374 3385 3389 3416 3437 3462 3710 3778 3799 3881 
1644249612.705325 ### RSSI: -59, 18, 1640050005 ,882 
1644249613.680560 ### DEBUG: Ticks: 897, 15, 0 
1644249613.680799 1640050006 c0:98:e5:42:00:2c 3035 
1644249613.692396 3118 3122 3143 3147 3149 3151 3171 3189 3198 3201 3223 3223 3234 3234 3242 
1644249613.692561 3245 3249 3254 3258 3264 3277 3298 3303 3304 3388 3468 3610 3634 3637 3859 
1644249613.703352 ### RSSI: -63, 28, 1640050006 ,898 
1644249614.689587 ### DEBUG: Ticks: 913, 16, 0 
1644249614.689881 1640050007 c0:98:e5:42:00:2c 3057 
1644249614.690064 3151 3151 3193 3206 3209 3213 3224 3231 3240 3242 3251 3255 3256 3260 3263 
1644249614.690261 3272 3276 3288 3301 3322 3339 3341 3342 3345 3366 3412 3620 3683 3734 3859 
1644249614.713248 ### RSSI: -70, 12, 1640050007 ,913 
1644249615.686961 ### DEBUG: Ticks: 929, 16, 0 
1644249615.687118 1640050008 c0:98:e5:42:00:2c 2997 
1644249615.687196 3146 3162 3178 3185 3191 3193 3194 3195 3200 3200 3201 3224 3226 3230 3232 
1644249615.687277 3237 3241 3242 3253 3277 3278 3278 3288 3292 3318 3379 3410 3663 3665 3849 
1644249615.708007 ### RSSI: -78, 10, 1640050008 ,929 
1644249616.681165 ### DEBUG: Ticks: 944, 15, 0 
1644249616.681335 1640050009 c0:98:e5:42:00:2c 3083 
1644249616.681428 3237 3245 3249 3283 3296 3299 3306 3336 3339 3352 3359 3369 3382 3395 3399 
1644249616.681538 3402 3410 3412 3425 3437 3438 3446 3472 3475 3511 3522 3763 3803 3838 3965 
1644249616.703292 ### RSSI: -64, 28, 1640050010 ,945 
1644249617.681240 ### DEBUG: Ticks: 960, 16, 0 
1644249617.681403 1640050010 c0:98:e5:42:00:2c 2967 
1644249617.681483 3109 3128 3143 3146 3153 3153 3187 3189 3198 3200 3212 3215 3226 3237 3240 
1644249617.681579 3242 3244 3256 3265 3270 3279 3290 3291 3315 3342 3449 3592 3630 3649 3872 
1644249617.704529 ### RSSI: -69, 3, 1640050010 ,960 
1644249618.688540 ### DEBUG: Ticks: 975, 15, 0 
1644249618.688727 1640050011 c0:98:e5:42:00:2c 2986 
1644249618.688825 3096 3096 3101 3114 3115 3124 3134 3153 3155 3157 3161 3168 3170 3182 3188 
1644249618.688919 3193 3198 3201 3206 3207 3220 3222 3238 3243 3313 3391 3409 3584 3589 3807 
1644249618.711047 ### RSSI: -60, 19, 1640050011 ,976 
1644249619.687249 ### DEBUG: Ticks: 991, 16, 0 
1644249619.687415 1640050012 c0:98:e5:42:00:2c 3064 
1644249619.687508 3175 3202 3205 3213 3247 3254 3255 3257 3267 3272 3275 3279 3279 3281 3299 
1644249619.687639 3300 3303 3312 3319 3327 3346 3366 3403 3416 3421 3466 3725 3746 3752 3888 
1644249619.710620 ### RSSI: -64, 32, 1640050012 ,991 
1644249620.686975 ### DEBUG: Ticks: 1007, 16, 0 
1644249620.687091 1640050013 c0:98:e5:42:00:2c 3027 
1644249620.687148 3160 3193 3210 3212 3223 3233 3240 3241 3257 3263 3276 3283 3288 3293 3296 
1644249620.687331 3302 3303 3315 3316 3320 3335 3348 3405 3412 3440 3731 3734 3735 3761 3882 
1644249620.708136 ### RSSI: -61, 23, 1640050013 ,1007 
1644249621.679264 ### DEBUG: Ticks: 1022, 15, 0 
1644249621.690954 1640050014 c0:98:e5:42:00:2c 3071 
1644249621.691246 3201 3210 3213 3217 3230 3248 3269 3274 3285 3285 3291 3298 3302 3305 3309 
1644249621.691431 3318 3329 3329 3331 3341 3349 3367 3380 3391 3458 3694 3743 3751 3781 3916 
1644249621.702708 ### RSSI: -64, 31, 1640050014 ,1023 
1644249622.687800 ### DEBUG: Ticks: 1038, 16, 0 
1644249622.687975 1640050015 c0:98:e5:42:00:2c 3042 
1644249622.688067 3155 3161 3181 3191 3196 3223 3234 3235 3243 3247 3249 3252 3255 3260 3260 
1644249622.688155 3261 3270 3287 3288 3304 3316 3321 3343 3350 3404 3434 3453 3670 3714 3872 
1644249622.709849 ### RSSI: -75, 34, 1640050015 ,1038 
1644249623.679322 ### DEBUG: Ticks: 1054, 16, 0 
1644249623.690561 1640050016 c0:98:e5:42:00:2c 3027 
1644249623.690882 3151 3177 3182 3228 3228 3235 3247 3250 3250 3257 3260 3260 3263 3263 3264 
1644249623.691036 3268 3305 3306 3316 3319 3336 3349 3376 3394 3428 3573 3725 3726 3745 3882 
1644249623.702720 ### RSSI: -60, 23, 1640050016 ,1054 
1644249624.689319 ### DEBUG: Ticks: 1069, 15, 0 
1644249624.689484 1640050017 c0:98:e5:42:00:2c 3128 
1644249624.689575 3225 3276 3289 3290 3305 3308 3326 3331 3349 3381 3391 3423 3427 3430 3432 
1644249624.689670 3434 3445 3445 3448 3459 3475 3487 3509 3533 3555 3558 3609 3835 3925 3955 
1644249624.702047 ### RSSI: -62, 21, 1640050017 ,1069 
1644249625.686921 ### DEBUG: Ticks: 1085, 16, 0 
1644249625.687064 1640050018 c0:98:e5:42:00:2c 3130 
1644249625.687132 3222 3289 3307 3308 3308 3310 3337 3349 3364 3393 3398 3430 3432 3433 3434 
1644249625.687204 3437 3454 3454 3464 3471 3481 3485 3541 3554 3568 3603 3736 3827 3872 3967 
1644249625.709305 ### RSSI: -62, 15, 1640050018 ,1085 
1644249626.685922 ### DEBUG: Ticks: 1100, 15, 0 
1644249626.686091 1640050019 c0:98:e5:42:00:2c 3153 
1644249626.686184 3165 3238 3292 3295 3298 3299 3302 3306 3322 3325 3326 3415 3424 3429 3430 
1644249626.686291 3443 3444 3457 3466 3476 3479 3492 3493 3500 3541 3543 3556 3601 3840 3925 
1644249626.708497 ### RSSI: -68, 4, 1640050019 ,1101 
1644249627.680880 ### DEBUG: Ticks: 1116, 16, 0 
1644249627.681086 1640050020 c0:98:e5:42:00:2c 2991 
1644249627.681166 3089 3118 3135 3147 3151 3161 3178 3178 3194 3212 3214 3236 3238 3238 3244 
1644249627.681333 3252 3256 3266 3269 3271 3296 3321 3329 3352 3437 3580 3607 3633 3754 3858 
1644249627.704555 ### RSSI: -66, 5, 1640050020 ,1116 
1644249628.681970 ### DEBUG: Ticks: 1132, 16, 0 
1644249628.682083 1640050021 c0:98:e5:42:00:2c 3137 
1644249628.682137 3274 3318 3319 3321 3330 3350 3351 3354 3358 3370 3412 3430 3440 3445 3447 
1644249628.682185 3472 3477 3485 3495 3498 3498 3532 3591 3592 3617 3618 3710 3828 3948 3983 
1644249628.705275 ### RSSI: -62, 26, 1640050021 ,1132 
1644249629.687382 ### DEBUG: Ticks: 1147, 15, 0 
1644249629.687539 1640050022 c0:98:e5:42:00:2c 3031 
1644249629.687624 3181 3193 3194 3196 3228 3241 3246 3247 3250 3254 3260 3261 3273 3283 3290 
1644249629.687712 3291 3301 3304 3310 3312 3336 3343 3358 3381 3385 3439 3714 3738 3747 3877 
1644249629.711934 ### RSSI: -60, 23, 1640050022 ,1148 
1644249630.682548 ### DEBUG: Ticks: 1163, 16, 0 
1644249630.682728 1640050023 c0:98:e5:42:00:2c 3069 
1644249630.682829 3134 3171 3197 3211 3224 3237 3249 3253 3264 3266 3269 3276 3289 3293 3295 
1644249630.682939 3304 3305 3312 3325 3329 3336 3336 3357 3360 3430 3435 3547 3676 3745 3861 
1644249630.808884 ### RSSI: -70, 1, 1640050023 ,1165 
1644249631.679628 ### DEBUG: Ticks: 1178, 15, 0 
1644249631.691781 1640050024 c0:98:e5:42:00:2c 3035 
1644249631.692075 3199 3202 3211 3219 3226 3255 3260 3284 3287 3310 3326 3330 3333 3334 3336 
1644249631.692247 3341 3358 3360 3364 3372 3372 3414 3472 3479 3485 3497 3754 3775 3897 4352 
1644249631.805626 ### RSSI: -62, 27, 1640050024 ,1180 
1644249632.689366 ### DEBUG: Ticks: 1194, 16, 0 
1644249632.689530 1640050025 c0:98:e5:42:00:2c 3030 
1644249632.689630 3160 3196 3197 3209 3222 3237 3242 3243 3246 3246 3248 3255 3258 3275 3276 
1644249632.689719 3283 3294 3296 3301 3304 3325 3337 3357 3359 3388 3426 3706 3727 3891 4001 
1644249632.806593 ### RSSI: -70, 0, 1640050025 ,1196 
1644249633.685581 ### DEBUG: Ticks: 1210, 16, 0 
1644249633.685755 1640050026 c0:98:e5:42:00:2c 2977 
1644249633.685846 3093 3103 3103 3135 3145 3145 3151 3153 3155 3177 3180 3181 3181 3186 3187 
1644249633.685940 3206 3212 3212 3216 3218 3230 3266 3283 3291 3313 3318 3413 3600 3652 3814 
1644249633.801757 ### RSSI: -67, 7, 1640050026 ,1212 
1644249634.688012 ### DEBUG: Ticks: 1225, 15, 0 
1644249634.688202 1640050027 c0:98:e5:42:00:2c 3087 
1644249634.688294 3214 3249 3249 3261 3265 3290 3295 3308 3326 3328 3361 3364 3375 3383 3385 
1644249634.688388 3397 3419 3422 3449 3464 3482 3483 3490 3519 3595 3646 3726 3820 3834 3953 
1644249634.804720 ### RSSI: -75, 34, 1640050027 ,1227 
1644249635.687120 ### DEBUG: Ticks: 1241, 16, 0 
1644249635.687346 1640050028 c0:98:e5:42:00:2c 3076 
1644249635.687437 3263 3286 3293 3298 3302 3308 3330 3335 3356 3361 3362 3383 3397 3402 3404 
1644249635.687527 3406 3409 3413 3421 3423 3423 3446 3453 3478 3482 3538 3547 3638 3807 3878 
1644249635.802960 ### RSSI: -63, 24, 1640050028 ,1243 
1644249636.681802 ### DEBUG: Ticks: 1257, 16, 0 
1644249636.681963 1640050029 c0:98:e5:42:00:2c 3110 
1644249636.682048 3244 3259 3264 3279 3297 3325 3328 3343 3346 3357 3363 3366 3380 3385 3385 
1644249636.682135 3386 3391 3405 3408 3423 3436 3442 3509 3520 3547 3590 3781 3829 3840 3969 
1644249636.801067 ### RSSI: -60, 19, 1640050029 ,1258 
1644249637.688601 ### DEBUG: Ticks: 1272, 15, 0 
1644249637.688882 1640050030 c0:98:e5:42:00:2c 2954 
1644249637.689410 3060 3099 3105 3113 3121 3122 3124 3145 3155 3176 3177 3184 3190 3197 3203 
1644249637.689591 3208 3224 3225 3242 3253 3264 3280 3285 3290 3314 3409 3509 3566 3605 3829 
1644249637.808297 ### RSSI: -64, 32, 1640050030 ,1274 
1644249638.689516 ### DEBUG: Ticks: 1288, 16, 0 
1644249638.689689 1640050031 c0:98:e5:42:00:2c 3059 
1644249638.689781 3160 3185 3193 3223 3226 3230 3234 3237 3252 3252 3263 3264 3272 3274 3276 
1644249638.689886 3276 3276 3286 3293 3326 3329 3329 3376 3400 3429 3572 3706 3749 3886 0 
1644249638.810959 ### RSSI: -66, 36, 1640050032 ,1290 
1644249639.094726 ### INFO: SD card flushed!
1644249639.683789 ### DEBUG: Ticks: 1303, 15, 0 
1644249639.683982 1640050032 c0:98:e5:42:00:2c 3053 
1644249639.684075 3201 3229 3233 3247 3278 3279 3287 3300 3309 3312 3319 3319 3320 3320 3324 
1644249639.684171 3334 3352 3356 3369 3382 3394 3441 3460 3516 3631 3751 3756 3787 3920 0 
1644249639.806087 ### RSSI: -78, 10, 1640050033 ,1305 
1644249640.688163 ### DEBUG: Ticks: 1319, 16, 0 
1644249640.688407 1640050033 c0:98:e5:42:00:2c 3009 
1644249640.688505 3089 3131 3198 3203 3215 3229 3238 3246 3251 3257 3262 3268 3275 3282 3285 
1644249640.688594 3287 3290 3296 3297 3306 3314 3314 3346 3351 3360 3386 3435 3565 3690 3767 
1644249640.801688 ### RSSI: -78, 10, 1640050034 ,1321 
1644249641.683074 ### DEBUG: Ticks: 1335, 16, 0 
1644249641.683357 1640050034 c0:98:e5:42:00:2c 3089 
1644249641.683542 3254 3257 3280 3287 3316 3317 3320 3344 3362 3369 3370 3375 3377 3379 3381 
1644249641.683694 3389 3389 3397 3413 3414 3442 3457 3469 3477 3497 3514 3561 3842 3846 3973 
1644249641.806981 ### RSSI: -64, 32, 1640050034 ,1337 
1644249642.685910 ### DEBUG: Ticks: 1350, 15, 0 
1644249642.686235 1640050035 c0:98:e5:42:00:2c 3044 
1644249642.686339 3205 3211 3224 3245 3248 3250 3272 3277 3279 3293 3296 3301 3316 3322 3322 
1644249642.686442 3323 3332 3340 3341 3354 3367 3382 3392 3403 3409 3477 3721 3723 3781 3903 
1644249642.805650 ### RSSI: -71, 2, 1640050035 ,1352 
1644249643.682883 ### DEBUG: Ticks: 1366, 16, 0 
1644249643.683089 1640050036 c0:98:e5:42:00:2c 3066 
1644249643.683203 3146 3183 3195 3197 3199 3241 3243 3248 3255 3257 3261 3282 3294 3311 3317 
1644249643.683408 3324 3333 3343 3363 3377 3383 3395 3432 3453 3514 3588 3651 3699 3758 3861 
1644249643.906611 ### RSSI: -70, 35, 1640050036 ,1369 
1644249644.680782 ### DEBUG: Ticks: 1382, 16, 0 
1644249644.680953 1640050037 c0:98:e5:42:00:2c 3076 
1644249644.692116 3235 3239 3243 3270 3272 3301 3308 3313 3317 3321 3335 3344 3344 3369 3374 
1644249644.692271 3382 3397 3397 3401 3407 3424 3460 3473 3499 3504 3789 3790 3796 3952 4380 
1644249644.904932 ### RSSI: -63, 22, 1640050037 ,1385 
1644249645.690024 ### DEBUG: Ticks: 1397, 15, 0 
1644249645.690184 1640050038 c0:98:e5:42:00:2c 3017 
1644249645.690269 3124 3136 3160 3162 3163 3179 3190 3193 3208 3221 3222 3224 3226 3233 3236 
1644249645.690357 3237 3244 3258 3261 3267 3274 3281 3318 3364 3387 3441 3653 3680 3705 3861 
1644249645.902047 ### RSSI: -63, 26, 1640050038 ,1401 
1644249646.683664 ### DEBUG: Ticks: 1413, 16, 0 
1644249646.683843 1640050039 c0:98:e5:42:00:2c 3003 
1644249646.683943 3090 3111 3122 3122 3124 3137 3143 3144 3169 3191 3202 3203 3207 3220 3221 
1644249646.684046 3224 3226 3236 3250 3278 3291 3296 3301 3338 3451 3568 3632 3650 3747 3795 
1644249646.901366 ### RSSI: -67, 33, 1640050039 ,1416 
