1644260900.055505 ###RTT Client: ************************************************************ 
1644260900.055745 ###RTT Client: *               SEGGER Microcontroller GmbH                * 
1644260900.055823 ###RTT Client: *   Solutions for real time microcontroller applications   * 
1644260900.055899 ###RTT Client: ************************************************************ 
1644260900.055972 ###RTT Client: *                                                          * 
1644260900.056047 ###RTT Client: *       (c) 2012 - 2016  SEGGER Microcontroller GmbH       * 
1644260900.056121 ###RTT Client: *                                                          * 
1644260900.056207 ###RTT Client: *     www.segger.com     Support: support@segger.com       * 
1644260900.056281 ###RTT Client: *                                                          * 
1644260900.056354 ###RTT Client: ************************************************************ 
1644260900.056429 ###RTT Client: *                                                          * 
1644260900.056507 ###RTT Client: * SEGGER J-Link RTT Client   Compiled Jan 30 2018 18:46:58 * 
1644260900.056634 ###RTT Client: *                                                          * 
1644260900.056709 ###RTT Client: ************************************************************ 
1644260900.056782 
1644260900.056868 ###RTT Client: -----------------------------------------------
1644260900.056914 ###RTT Client: Connecting to J-Link RTT Server via localhost:9201  Connected.
1644260900.056960 SEGGER J-Link V6.30 - Real time terminal output
1644260900.057011 J-Link EDU Mini V1 compiled Oct  2 2020 17:00:40 V1.0, SN=801021851
1644260900.057057 Process: JLinkExe
1644260900.057108 ### DEBUG: Ticks: 2465, 15, 1 
1644260900.057153 1640049765 c0:98:e5:42:00:29 436 
1644260900.057198 79 80 94 104 106 107 109 110 111 112 117 143 165 165 175 
1644260900.057243 182 183 185 187 187 195 195 196 207 209 217 243 254 272 284 
1644260900.057293 ### RSSI: -47, 3, 1640049765 ,2468 
1644260900.057339 ### ERROR: Failed reading SquarePoint packet length
1644260900.057390 ### RSSI: -50, 16, 1640049766 ,2484 
1644260900.057435 ### RSSI: -50, 22, 1640049767 ,2500 
1644260900.057485 ### DEBUG: Ticks: 2512, 47, 1 
1644260900.057530 1640049768 c0:98:e5:42:00:29 429 
1644260900.057580 119 130 131 132 144 152 155 156 158 162 175 183 184 194 199 
1644260900.057629 210 213 220 226 230 237 254 263 273 276 276 277 289 311 537 
1644260900.057673 ### RSSI: -53, 11, 1640049768 ,2515 
1644260900.057718 ### DEBUG: Ticks: 2528, 16, 1 
1644260900.057763 1640049769 c0:98:e5:42:00:29 428 
1644260900.057808 88 91 121 127 129 132 150 153 158 160 170 185 189 193 199 
1644260900.057859 199 205 213 216 218 223 226 248 248 255 255 257 267 280 299 
1644260900.057905 ### RSSI: -51, 24, 1640049769 ,2532 
1644260900.057955 ### DEBUG: Ticks: 2543, 15, 1 
1644260900.058008 1640049770 c0:98:e5:42:00:29 419 
1644260900.058089 69 74 79 83 93 95 119 122 124 132 139 143 144 145 154 
1644260900.058163 156 162 167 178 196 200 200 203 209 218 223 225 230 247 255 
1644260900.058246 ### BLE EVENT: 16, INFO: BLE CONNECTED!
1644260900.058314 ### RSSI: -51, 13, 1640049770 ,2547 
1644260900.058359 ### RSSI: -51, 22, 1640049770 ,2548 
1644260900.058403 ### RSSI: -50, 36, 1640049770 ,2549 
1644260900.058453 ### RSSI: -47, 0, 1640049771 ,2550 
1644260900.058498 ### RSSI: -49, 8, 1640049771 ,2550 
1644260900.058548 ### RSSI: -53, 19, 1640049771 ,2551 
1644260900.058593 ### RSSI: -50, 14, 1640049771 ,2552 
1644260900.058644 ### RSSI: -52, 34, 1640049771 ,2553 
1644260900.058689 ### RSSI: -49, 6, 1640049771 ,2553 
1644260900.058739 ### RSSI: -51, 22, 1640049771 ,2554 
1644260900.058784 ### RSSI: -51, 24, 1640049771 ,2555 
1644260900.058834 ### RSSI: -46, 2, 1640049771 ,2556 
1644260900.058879 ### RSSI: -55, 30, 1640049771 ,2557 
1644260900.058930 ### RSSI: -55, 31, 1640049771 ,2557 
1644260900.058975 ### RSSI: -54, 31, 1640049771 ,2558 
1644260900.059025 ### RSSI: -53, 19, 1640049771 ,2559 
1644260900.059070 ### DEBUG: Ticks: 2559, 16, 1 
1644260900.059121 1640049771 c0:98:e5:42:00:29 407 
1644260900.059166 29 48 52 54 61 74 82 83 93 93 96 99 103 108 113 
1644260900.059211 119 122 129 144 147 154 154 157 167 172 195 202 203 208 255 
1644260900.059263 ### RSSI: -49, 16, 1640049771 ,2560 
1644260900.059308 ### RSSI: -53, 33, 1640049771 ,2560 
1644260900.059353 ### RSSI: -50, 14, 1640049771 ,2561 
1644260900.059403 ### RSSI: -52, 18, 1640049771 ,2563 
1644260900.059448 ### RSSI: -55, 17, 1640049771 ,2564 
1644260900.059499 ### RSSI: -48, 1, 1640049771 ,2564 
1644260900.059550 ### RSSI: -49, 27, 1640049772 ,2565 
1644260900.059595 ### RSSI: -51, 14, 1640049772 ,2566 
1644260900.059644 ### RSSI: -50, 9, 1640049772 ,2567 
1644260900.059689 ### RSSI: -55, 32, 1640049772 ,2567 
1644260900.059739 ### RSSI: -50, 25, 1640049772 ,2568 
1644260900.059784 ### RSSI: -47, 4, 1640049772 ,2569 
1644260900.059834 ### RSSI: -50, 22, 1640049772 ,2570 
1644260900.059879 ### RSSI: -54, 25, 1640049772 ,2571 
1644260900.059929 ### RSSI: -50, 6, 1640049772 ,2571 
1644260900.059974 ### RSSI: -51, 25, 1640049772 ,2572 
1644260900.060025 ### DEBUG: Ticks: 2575, 16, 1 
1644260900.060070 1640049772 c0:98:e5:42:00:29 405 
1644260900.060121 -3 2 7 9 15 16 19 33 39 57 58 85 85 86 88 
1644260900.060167 92 93 103 104 109 110 116 127 136 148 154 158 195 227 396 
1644260900.060217 ### RSSI: -50, 16, 1640049773 ,2587 
1644260900.060262 ### RSSI: -54, 31, 1640049773 ,2588 
1644260900.060312 ### DEBUG: Ticks: 2590, 15, 1 
1644260900.060357 1640049773 c0:98:e5:42:00:29 410 
1644260900.060402 93 111 111 111 118 122 126 136 137 142 144 147 148 158 166 
1644260900.060447 172 177 182 182 191 192 197 204 211 225 241 259 263 266 273 
1644260900.060492 ### RSSI: -55, 11, 1640049774 ,2603 
1644260900.060569 ### RSSI: -55, 30, 1640049774 ,2603 
1644260900.060614 ### DEBUG: Ticks: 2606, 16, 1 
1644260900.060664 1640049774 c0:98:e5:42:00:29 409 
1644260900.060710 119 137 137 141 142 143 147 155 165 167 175 179 180 182 188 
1644260900.060759 198 203 203 209 215 218 231 237 240 243 243 265 275 287 334 
1644260900.060805 ### RSSI: -52, 35, 1640049775 ,2618 
1644260900.060855 ### RSSI: -52, 21, 1640049775 ,2619 
1644260900.060900 ### DEBUG: Ticks: 2622, 16, 1 
1644260900.060949 1640049775 c0:98:e5:42:00:29 412 
1644260900.060995 27 40 47 48 50 54 54 64 65 77 79 81 88 88 95 
1644260900.061045 104 108 113 120 124 133 135 146 160 166 171 182 198 221 245 
1644260900.061091 ### RSSI: -53, 34, 1640049776 ,2634 
1644260900.061141 ### RSSI: -51, 8, 1640049776 ,2635 
1644260900.061187 ### DEBUG: Ticks: 2637, 15, 1 
1644260900.061237 1640049776 c0:98:e5:42:00:29 373 
1644260900.061282 31 37 39 52 55 73 74 78 81 81 83 94 96 101 108 
1644260900.061333 108 128 131 152 153 154 168 174 188 189 190 192 193 199 208 
1644260900.061378 ### RSSI: -53, 18, 1640049777 ,2649 
1644260900.061428 ### RSSI: -51, 13, 1640049777 ,2650 
1644260900.061473 ### DEBUG: Ticks: 2653, 16, 1 
1644260900.061518 1640049777 c0:98:e5:42:00:29 503 
1644260900.061568 54 105 110 119 133 134 134 135 143 156 161 162 165 168 192 
1644260900.061613 198 215 215 235 238 239 242 245 247 258 261 273 279 285 0 
1644260900.061663 ### RSSI: -52, 20, 1640049778 ,2665 
1644260900.061708 ### RSSI: -53, 28, 1640049778 ,2666 
1644260900.061758 ### DEBUG: Ticks: 2668, 15, 1 
1644260900.061803 1640049778 c0:98:e5:42:00:29 372 
1644260900.061854 -40 28 32 34 38 44 47 52 54 59 66 70 73 75 81 
1644260900.061899 99 102 109 110 110 115 133 146 151 154 159 171 172 194 196 
1644260900.061950 ### RSSI: -54, 30, 1640049779 ,2681 
1644260900.061995 ### RSSI: -52, 21, 1640049779 ,2681 
1644260900.062045 ### ERROR: Failed reading SquarePoint packet length
1644260900.062090 ### RSSI: -54, 32, 1640049780 ,2696 
1644260900.062140 ### RSSI: -55, 30, 1640049780 ,2697 
1644260900.062185 ### RSSI: -50, 7, 1640049781 ,2712 
1644260900.062236 ### RSSI: -54, 31, 1640049781 ,2713 
1644260900.062281 ### DEBUG: Ticks: 2715, 47, 1 
1644260900.062331 1640049781 c0:98:e5:42:00:29 415 
1644260900.062377 6 22 25 28 29 33 38 39 42 42 49 53 60 65 73 
1644260900.062427 83 89 92 113 122 123 123 126 128 146 146 169 177 207 268 
1644260900.062472 ### RSSI: -51, 21, 1640049781 ,2728 
1644260900.062523 ### RSSI: -52, 15, 1640049781 ,2728 
1644260900.062569 ### DEBUG: Ticks: 2731, 16, 1 
1644260900.062614 1640049782 c0:98:e5:42:00:29 442 
1644260900.062659 134 166 171 172 183 194 210 214 218 221 223 229 231 237 238 
1644260900.062704 238 250 266 268 272 278 279 282 284 287 302 310 324 347 348 
1644260900.062755 ### RSSI: -51, 13, 1640049782 ,2743 
1644260900.062800 ### RSSI: -54, 18, 1640049782 ,2744 
1644260900.062849 ### DEBUG: Ticks: 2746, 15, 1 
1644260900.062894 1640049783 c0:98:e5:42:00:29 490 
1644260900.062945 156 169 169 174 176 183 199 208 213 217 218 219 224 228 239 
1644260900.062991 252 254 261 273 274 275 278 283 283 285 317 329 339 341 442 
1644260900.063041 ### RSSI: -46, 2, 1640049783 ,2759 
1644260900.063086 ### RSSI: -50, 5, 1640049784 ,2760 
1644260900.063137 ### DEBUG: Ticks: 2762, 16, 1 
1644260900.063181 1640049784 c0:98:e5:42:00:29 437 
1644260900.063232 110 140 150 150 150 153 154 166 173 176 180 190 200 208 210 
1644260900.063277 225 240 245 260 261 265 268 269 282 286 296 305 314 341 374 
1644260900.063327 ### RSSI: -52, 34, 1640049784 ,2774 
1644260900.063371 ### RSSI: -51, 26, 1640049785 ,2775 
1644260900.063421 ### DEBUG: Ticks: 2778, 16, 1 
1644260900.063466 1640049785 c0:98:e5:42:00:29 425 
1644260900.063516 56 69 74 101 104 105 116 117 118 129 131 137 140 142 153 
1644260900.063561 161 166 172 174 183 185 193 201 210 232 234 245 247 265 371 
1644260900.063606 ### RSSI: -53, 19, 1640049786 ,2790 
1644260900.063658 ### RSSI: -49, 36, 1640049786 ,2791 
1644260900.063703 ### DEBUG: Ticks: 2793, 15, 1 
1644260900.063753 1640049786 c0:98:e5:42:00:29 376 
1644260900.063797 73 88 115 122 127 130 132 136 138 138 162 173 178 181 183 
1644260900.063847 185 189 190 214 215 218 225 229 246 250 263 280 280 283 288 
1644260900.063892 ### RSSI: -53, 29, 1640049787 ,2806 
1644260900.063943 ### RSSI: -55, 30, 1640049787 ,2806 
1644260900.063988 ### DEBUG: Ticks: 2809, 16, 1 
1644260900.064039 1640049787 c0:98:e5:42:00:29 424 
1644260900.064084 152 175 182 184 199 199 201 201 203 206 222 229 248 255 261 
1644260900.064134 262 262 264 274 295 295 300 304 304 307 325 327 354 365 372 
1644260900.064179 ### RSSI: -51, 25, 1640049788 ,2821 
1644260900.064229 ### RSSI: -52, 15, 1640049788 ,2822 
1644260900.064274 ### DEBUG: Ticks: 2825, 16, 1 
1644260900.064324 1640049788 c0:98:e5:42:00:29 334 
1644260900.064370 66 80 100 105 119 122 123 126 130 141 142 145 146 147 153 
1644260900.064420 154 159 164 164 184 189 205 206 228 234 238 265 270 271 280 
1644260900.064465 ### RSSI: -48, 0, 1640049789 ,2837 
1644260900.064539 ### RSSI: -53, 19, 1640049789 ,2838 
1644260900.064590 ### DEBUG: Ticks: 2840, 15, 1 
1644260900.064636 1640049789 c0:98:e5:42:00:29 474 
1644260900.064681 148 182 182 185 187 201 204 206 214 216 217 217 226 258 266 
1644260900.064726 269 272 273 274 283 294 298 309 311 327 331 352 363 387 591 
1644260900.064771 ### RSSI: -50, 5, 1640049790 ,2853 
1644260900.064816 ### RSSI: -49, 36, 1640049790 ,2853 
1644260900.064862 ### DEBUG: Ticks: 2856, 16, 1 
1644260900.064906 1640049790 c0:98:e5:42:00:29 417 
1644260900.064952 74 80 82 87 96 101 114 117 117 121 123 125 145 147 147 
1644260900.064997 153 155 158 161 163 178 181 182 191 197 208 210 223 228 238 
1644260900.065055 ### RSSI: -58, 7, 1640049791 ,2868 
1644260900.065103 ### RSSI: -51, 26, 1640049791 ,2869 
1644260900.065147 ### DEBUG: Ticks: 2871, 15, 1 
1644260900.065192 1640049791 c0:98:e5:42:00:29 451 
1644260900.065237 123 136 149 160 177 179 186 203 209 210 211 216 223 224 230 
1644260900.065282 231 258 259 265 271 272 284 292 295 308 310 321 321 326 377 
1644260900.065327 ### RSSI: -52, 12, 1640049792 ,2884 
1644260900.065371 ### RSSI: -52, 23, 1640049792 ,2885 
1644260900.065415 ### ERROR: Failed reading SquarePoint packet length
1644260900.065460 ### RSSI: -54, 30, 1640049793 ,2899 
1644260900.065505 ### RSSI: -54, 18, 1640049793 ,2900 
1644260900.065549 ### RSSI: -55, 31, 1640049794 ,2915 
1644260900.065594 ### RSSI: -52, 17, 1640049794 ,2916 
1644260900.065638 ### DEBUG: Ticks: 2918, 47, 1 
1644260900.065683 1640049794 c0:98:e5:42:00:29 451 
1644260900.065728 173 173 180 180 187 191 202 211 215 216 216 216 233 239 251 
1644260900.065774 265 269 282 288 293 296 300 311 314 317 327 344 358 425 610 
1644260900.065818 ### INFO: SD card flushed!
1644260900.065863 ### RSSI: -48, 4, 1640049795 ,2931 
1644260900.065908 ### RSSI: -52, 25, 1640049795 ,2931 
1644260900.065952 ### DEBUG: Ticks: 2934, 16, 1 
1644260900.065997 1640049795 c0:98:e5:42:00:29 425 
1644260900.066041 84 90 100 112 112 117 117 120 122 134 135 135 142 148 148 
1644260900.066085 151 152 159 181 181 189 190 194 200 202 222 231 240 247 266 
1644260900.066130 ### RSSI: -50, 26, 1640049796 ,2946 
1644260900.066175 ### RSSI: -48, 0, 1640049796 ,2947 
1644260900.066220 ### DEBUG: Ticks: 2950, 16, 1 
1644260900.066264 1640049796 c0:98:e5:42:00:29 428 
1644260900.066309 46 52 56 66 79 81 82 84 93 93 94 95 103 113 120 
1644260900.066354 129 131 134 138 140 147 150 156 186 190 191 195 201 204 221 
1644260900.066399 ### RSSI: -47, 3, 1640049797 ,2962 
1644260900.066444 ### RSSI: -49, 4, 1640049797 ,2963 
1644260900.066488 ### DEBUG: BLE START SCANNING called
1644260900.066532 ### DEBUG: Ticks: 2965, 15, 1 
1644260900.066577 1640049797 c0:98:e5:42:00:29 404 
1644260900.066622 -3 47 48 52 53 57 59 63 68 73 74 78 88 90 101 
1644260900.066667 104 122 125 131 132 132 138 141 155 188 188 189 191 198 324 
1644260900.066712 ### DEBUG: BLE START SCANNING called
1644260900.066757 ### RSSI: -49, 7, 1640049798 ,2977 
1644260900.066801 ### DEBUG: BLE START SCANNING called
1644260900.066845 ### RSSI: -55, 11, 1640049798 ,2978 
1644260900.066890 ### DEBUG: BLE START SCANNING called
1644260900.066934 ### DEBUG: BLE START SCANNING called
1644260900.066979 ### DEBUG: Ticks: 2981, 16, 1 
1644260900.067024 1640049798 c0:98:e5:42:00:29 425 
1644260900.067068 149 155 182 183 185 189 191 191 192 196 203 207 208 209 220 
1644260900.067113 223 225 231 242 248 267 275 278 283 291 293 309 310 318 369 
1644260900.067157 ### DEBUG: BLE START SCANNING called
1644260900.067202 ### RSSI: -50, 10, 1640049799 ,2993 
1644260900.067246 ### DEBUG: BLE START SCANNING called
1644260900.067291 ### RSSI: -53, 20, 1640049799 ,2994 
1644260900.067335 ### DEBUG: BLE START SCANNING called
1644260900.067379 ### DEBUG: BLE START SCANNING called
1644260900.067424 ### DEBUG: Ticks: 2996, 15, 1 
1644260900.067468 1640049799 c0:98:e5:42:00:29 330 
1644260900.067513 13 21 32 41 44 47 60 66 67 71 75 75 78 92 96 
1644260900.067557 100 104 108 108 144 145 153 171 176 178 190 191 198 210 294 
1644260900.067602 ### DEBUG: BLE START SCANNING called
1644260900.067646 ### RSSI: -53, 33, 1640049800 ,3009 
1644260900.067694 ### DEBUG: BLE START SCANNING called
1644260900.067739 ### RSSI: -51, 26, 1640049800 ,3009 
1644260900.067783 ### DEBUG: BLE START SCANNING called
1644260900.067828 ### DEBUG: BLE START SCANNING called
1644260900.067872 ### DEBUG: Ticks: 3012, 16, 1 
1644260900.067917 1640049800 c0:98:e5:42:00:29 379 
1644260900.067961 33 53 54 56 57 57 64 65 68 72 85 87 114 118 135 
1644260900.068006 141 141 142 144 152 158 172 173 185 195 202 203 212 297 438 
1644260900.068050 ### DEBUG: BLE START SCANNING called
1644260900.068095 ### RSSI: -51, 20, 1640049801 ,3024 
1644260900.068139 ### DEBUG: BLE START SCANNING called
1644260900.068184 ### RSSI: -52, 26, 1640049801 ,3025 
1644260900.068228 ### DEBUG: BLE START SCANNING called
1644260900.068273 ### DEBUG: BLE START SCANNING called
1644260900.068317 ### DEBUG: Ticks: 3028, 16, 1 
1644260900.068361 1640049801 c0:98:e5:42:00:29 324 
1644260900.068406 44 46 56 62 68 71 74 80 84 88 93 101 106 108 124 
1644260900.068450 138 138 139 151 155 156 166 175 181 183 190 203 204 214 281 
1644260900.068495 ### DEBUG: BLE START SCANNING called
1644260900.068578 ### RSSI: -50, 13, 1640049802 ,3040 
1644260900.068624 ### DEBUG: BLE START SCANNING called
1644260900.068669 ### RSSI: -54, 18, 1640049802 ,3041 
1644260900.068714 ### DEBUG: BLE START SCANNING called
1644260900.068759 ### DEBUG: Ticks: 3043, 15, 1 
1644260900.068804 1640049802 c0:98:e5:42:00:29 464 
1644260900.068849 150 156 161 162 170 178 181 184 188 194 198 199 202 203 204 
1644260900.068893 216 216 225 229 241 246 261 262 277 279 288 294 299 301 327 
1644260900.068938 ### RSSI: -53, 19, 1640049803 ,3056 
1644260900.068983 ### RSSI: -52, 22, 1640049803 ,3056 
1644260900.069027 ### DEBUG: Ticks: 3059, 16, 1 
1644260900.069073 1640049803 c0:98:e5:42:00:29 430 
1644260900.069118 104 120 130 131 134 138 144 147 154 158 158 164 169 169 171 
1644260900.069163 191 199 214 214 219 230 237 237 242 245 254 267 267 299 328 
1644260900.069208 ### RSSI: -51, 21, 1640049804 ,3071 
1644260900.069253 ### RSSI: -52, 24, 1640049804 ,3072 
1644260900.069298 ### DEBUG: Ticks: 3074, 15, 1 
1644260900.069343 1640049804 c0:98:e5:42:00:29 407 
1644260900.069388 80 85 100 110 112 123 127 127 143 154 155 159 174 184 185 
1644260900.069433 190 192 199 200 209 215 231 232 256 261 269 278 334 513 0 
1644260900.069478 ### RSSI: -50, 13, 1640049805 ,3087 
1644260900.069523 ### RSSI: -55, 32, 1640049805 ,3088 
1644260900.069568 ### ERROR: Failed reading SquarePoint packet length
1644260900.069613 ### RSSI: -50, 27, 1640049806 ,3102 
1644260900.069658 ### RSSI: -52, 23, 1640049806 ,3103 
1644260900.069703 ### RSSI: -51, 12, 1640049807 ,3118 
1644260900.069748 ### RSSI: -52, 13, 1640049807 ,3119 
1644260900.069793 ### DEBUG: Ticks: 3121, 47, 1 
1644260900.069839 1640049807 c0:98:e5:42:00:29 414 
1644260900.069884 32 56 65 66 67 89 94 97 102 103 120 126 147 148 161 
1644260900.069929 165 172 175 186 189 191 196 205 206 206 217 223 229 323 484 
1644260900.069974 ### RSSI: -52, 19, 1640049807 ,3134 
1644260900.070019 ### RSSI: -51, 35, 1640049807 ,3134 
1644260900.070063 ### DEBUG: Ticks: 3137, 16, 1 
1644260900.070108 1640049808 c0:98:e5:42:00:29 445 
1644260900.070154 86 100 104 121 123 131 142 145 145 146 149 153 153 159 165 
1644260900.070199 165 173 177 179 180 187 193 199 207 225 238 244 261 276 280 
1644260900.783974 ### RSSI: -51, 35, 1640049808 ,3149 
1644260900.830877 ### RSSI: -50, 36, 1640049809 ,3150 
1644260900.990343 ### DEBUG: Ticks: 3153, 16, 1 
1644260900.990621 1640049809 c0:98:e5:42:00:29 420 
1644260901.003497 84 85 94 104 111 117 122 124 126 127 131 135 146 152 161 
1644260901.003781 162 162 168 181 182 183 184 194 198 205 227 243 246 256 261 
1644260901.777777 ### RSSI: -50, 23, 1640049810 ,3165 
1644260901.832767 ### RSSI: -52, 15, 1640049810 ,3166 
1644260901.991540 ### DEBUG: Ticks: 3168, 15, 1 
1644260901.991825 1640049810 c0:98:e5:42:00:29 412 
1644260901.992004 107 132 138 140 145 150 160 168 168 176 180 184 187 195 195 
1644260901.992186 198 201 213 216 219 236 243 247 250 256 257 265 291 315 318 
1644260902.777733 ### RSSI: -48, 5, 1640049811 ,3181 
1644260902.834417 ### RSSI: -56, 30, 1640049811 ,3181 
1644260902.993690 ### DEBUG: Ticks: 3184, 16, 1 
1644260902.993974 1640049811 c0:98:e5:42:00:29 383 
1644260902.994152 -28 -24 3 6 14 19 19 26 27 28 32 36 38 48 64 
1644260902.994336 84 89 90 96 98 117 118 122 123 145 145 152 174 203 425 
1644260903.785271 ### RSSI: -50, 8, 1640049812 ,3196 
1644260903.831280 ### RSSI: -52, 24, 1640049812 ,3197 
1644260903.999780 ### DEBUG: Ticks: 3199, 15, 1 
1644260904.000065 1640049812 c0:98:e5:42:00:29 443 
1644260904.000243 66 75 83 88 92 108 112 126 143 145 149 158 158 159 160 
1644260904.000425 168 171 175 186 189 194 206 212 217 219 233 237 245 249 261 
1644260904.786265 ### RSSI: -50, 26, 1640049813 ,3212 
1644260904.829611 ### RSSI: -49, 3, 1640049813 ,3213 
1644260904.991450 ### DEBUG: Ticks: 3215, 16, 1 
1644260904.991727 1640049813 c0:98:e5:42:00:29 405 
1644260905.003346 37 38 60 66 68 76 83 94 94 103 103 107 131 131 145 
1644260905.003632 146 149 150 159 161 172 177 180 188 200 205 221 228 241 0 
1644260905.782537 ### RSSI: -50, 23, 1640049814 ,3227 
1644260905.830091 ### RSSI: -51, 27, 1640049814 ,3228 
1644260905.991957 ### DEBUG: Ticks: 3231, 16, 1 
1644260905.992332 1640049814 c0:98:e5:42:00:29 415 
1644260906.002893 90 104 114 114 123 128 128 130 135 142 158 161 163 163 168 
1644260906.003176 170 172 175 184 191 203 205 210 212 217 224 231 250 271 278 
1644260906.783817 ### RSSI: -54, 28, 1640049815 ,3243 
1644260906.829270 ### RSSI: -52, 17, 1640049815 ,3244 
1644260906.998111 ### DEBUG: Ticks: 3246, 15, 1 
1644260906.998390 1640049815 c0:98:e5:42:00:29 430 
1644260906.998583 117 132 142 143 151 157 157 166 172 175 178 180 188 189 190 
1644260906.998779 200 202 202 208 208 215 217 237 237 271 282 284 285 298 338 
1644260907.786029 ### RSSI: -50, 25, 1640049816 ,3259 
1644260907.830060 ### RSSI: -52, 34, 1640049816 ,3259 
1644260907.991267 ### DEBUG: Ticks: 3262, 16, 1 
1644260907.991560 1640049816 c0:98:e5:42:00:29 454 
1644260908.004081 131 134 147 151 152 152 158 178 183 187 189 201 212 225 231 
1644260908.007970 231 234 236 236 242 268 287 291 294 298 303 305 314 319 324 
1644260908.781712 ### RSSI: -48, 9, 1640049817 ,3274 
1644260908.829046 ### RSSI: -52, 8, 1640049817 ,3275 
1644260908.992654 ### DEBUG: Ticks: 3278, 16, 1 
1644260908.992947 1640049817 c0:98:e5:42:00:29 438 
1644260908.993125 111 123 143 154 155 161 167 170 174 175 187 188 188 197 201 
1644260908.993308 212 220 224 230 234 242 256 256 262 272 287 289 299 327 332 
1644260909.779156 ### RSSI: -49, 16, 1640049818 ,3290 
1644260909.835700 ### RSSI: -52, 24, 1640049818 ,3291 
1644260909.986569 ### ERROR: Failed reading SquarePoint packet length
1644260910.780631 ### RSSI: -54, 32, 1640049819 ,3305 
1644260910.828268 ### RSSI: -52, 24, 1640049819 ,3306 
1644260911.785995 ### RSSI: -50, 7, 1640049820 ,3321 
1644260911.834499 ### RSSI: -51, 26, 1640049820 ,3322 
1644260911.995834 ### DEBUG: Ticks: 3324, 46, 1 
1644260911.996107 1640049820 c0:98:e5:42:00:29 441 
1644260911.996303 84 88 130 135 137 142 144 147 161 161 177 194 196 198 198 
1644260911.996498 198 217 219 222 224 236 238 238 247 255 257 283 290 290 306 
1644260912.775829 ### RSSI: -54, 32, 1640049821 ,3337 
1644260912.831549 ### RSSI: -55, 18, 1640049821 ,3337 
1644260912.992325 ### DEBUG: Ticks: 3340, 16, 1 
1644260912.992665 1640049821 c0:98:e5:42:00:29 449 
1644260912.992846 165 169 176 178 186 188 193 196 199 202 208 209 225 226 227 
1644260912.993503 229 234 235 236 259 266 267 271 276 280 291 314 334 340 357 
1644260913.780735 ### RSSI: -52, 20, 1640049822 ,3352 
1644260913.827401 ### RSSI: -51, 16, 1640049822 ,3353 
1644260913.999137 ### DEBUG: Ticks: 3356, 16, 1 
1644260913.999416 1640049822 c0:98:e5:42:00:29 421 
1644260913.999605 99 120 125 130 135 137 149 161 163 164 164 169 172 179 183 
1644260913.999776 195 209 217 220 220 230 231 240 240 241 254 282 302 317 0 
1644260914.781390 ### RSSI: -54, 30, 1640049823 ,3368 
1644260914.836446 ### RSSI: -52, 17, 1640049823 ,3369 
1644260914.999466 ### DEBUG: Ticks: 3371, 15, 1 
1644260914.999778 1640049823 c0:98:e5:42:00:29 386 
1644260914.999958 24 27 37 50 54 60 61 61 63 66 72 75 82 94 94 
1644260915.000144 95 113 119 123 124 130 144 146 149 152 164 181 185 197 201 
1644260915.783939 ### RSSI: -48, 5, 1640049824 ,3384 
1644260915.827733 ### RSSI: -50, 15, 1640049824 ,3384 
1644260915.999796 ### DEBUG: Ticks: 3387, 16, 1 
1644260916.000089 1640049824 c0:98:e5:42:00:29 458 
1644260916.000267 148 165 172 175 186 193 198 199 203 206 215 216 223 223 245 
1644260916.000450 255 259 265 265 266 273 280 286 295 298 305 312 326 329 374 
1644260916.783560 ### RSSI: -52, 28, 1640049825 ,3399 
1644260916.828678 ### RSSI: -51, 35, 1640049825 ,3400 
1644260917.001145 ### DEBUG: Ticks: 3403, 16, 1 
1644260917.001431 1640049825 c0:98:e5:42:00:29 452 
1644260917.001622 138 138 156 165 166 172 173 173 177 181 195 197 206 208 214 
1644260917.001807 216 224 230 238 251 263 268 273 279 283 291 298 314 322 348 
1644260917.783251 ### RSSI: -53, 33, 1640049826 ,3415 
1644260917.828423 ### RSSI: -54, 18, 1640049826 ,3416 
1644260917.998181 ### DEBUG: Ticks: 3418, 15, 1 
1644260917.998472 1640049826 c0:98:e5:42:00:29 446 
1644260917.998648 114 125 134 139 140 148 157 161 168 181 190 192 193 204 208 
1644260917.998833 209 211 230 235 237 251 254 254 260 260 273 282 291 293 308 
1644260918.784160 ### RSSI: -52, 18, 1640049827 ,3430 
1644260918.828990 ### RSSI: -51, 22, 1640049827 ,3431 
1644260918.993162 ### DEBUG: Ticks: 3434, 16, 1 
1644260918.993445 1640049827 c0:98:e5:42:00:29 438 
1644260918.993624 83 100 104 104 118 124 136 141 145 145 145 149 162 162 172 
1644260918.993808 176 182 184 186 188 191 199 207 207 212 233 239 247 263 389 
1644260919.778996 ### RSSI: -53, 11, 1640049828 ,3446 
1644260919.834702 ### RSSI: -52, 25, 1640049828 ,3447 
1644260919.997251 ### DEBUG: Ticks: 3449, 15, 1 
1644260919.997539 1640049828 c0:98:e5:42:00:29 421 
1644260919.997719 48 55 73 78 81 89 90 100 102 105 117 120 127 131 140 
1644260919.997907 147 147 148 149 158 164 176 188 192 199 201 202 204 205 241 
1644260920.394758 ### INFO: SD card flushed!
1644260920.784090 ### RSSI: -50, 36, 1640049829 ,3462 
1644260920.830993 ### RSSI: -48, 2, 1640049829 ,3462 
1644260920.994847 ### DEBUG: Ticks: 3465, 16, 1 
1644260920.995137 1640049829 c0:98:e5:42:00:29 406 
1644260920.995316 55 63 67 75 82 95 110 112 113 115 118 128 129 130 139 
1644260920.995500 140 154 157 165 167 185 187 201 210 210 226 231 239 251 261 
1644260921.775950 ### RSSI: -48, 4, 1640049829 ,3477 
1644260921.834808 ### RSSI: -52, 23, 1640049829 ,3478 
1644260921.996424 ### DEBUG: Ticks: 3481, 16, 1 
1644260921.996773 1640049830 c0:98:e5:42:00:29 414 
1644260921.996952 96 96 101 109 130 132 138 140 142 153 162 167 167 175 177 
1644260921.997136 181 184 186 194 196 206 206 207 212 233 235 239 253 281 288 
1644260922.785700 ### RSSI: -50, 20, 1640049830 ,3493 
1644260922.833615 ### RSSI: -48, 2, 1640049830 ,3494 
1644260922.999167 ### ERROR: Failed reading SquarePoint packet length
1644260923.779832 ### RSSI: -54, 30, 1640049831 ,3509 
1644260923.835443 ### RSSI: -51, 6, 1640049831 ,3509 
1644260924.780052 ### RSSI: -51, 20, 1640049832 ,3524 
1644260924.930808 ### RSSI: -51, 12, 1640049833 ,3526 
1644260924.999135 ### DEBUG: Ticks: 3527, 46, 1 
1644260924.999421 1640049833 c0:98:e5:42:00:29 458 
1644260924.999600 134 160 170 172 192 194 195 197 198 199 201 208 209 218 225 
1644260924.999783 229 243 245 249 252 253 259 260 261 277 299 304 311 357 584 
1644260925.784319 ### RSSI: -49, 10, 1640049834 ,3540 
1644260925.933854 ### RSSI: -50, 15, 1640049834 ,3542 
1644260925.992426 ### DEBUG: Ticks: 3543, 16, 1 
1644260925.992772 1640049834 c0:98:e5:42:00:29 377 
1644260925.992953 14 21 21 30 33 46 55 57 58 59 64 76 77 77 102 
1644260925.993159 104 111 115 117 119 121 123 124 142 163 175 176 176 189 189 
1644260926.782365 ### RSSI: -52, 8, 1640049835 ,3555 
1644260926.929508 ### RSSI: -49, 0, 1640049835 ,3558 
1644260926.998790 ### DEBUG: Ticks: 3559, 16, 1 
1644260926.999074 1640049835 c0:98:e5:42:00:29 435 
1644260926.999263 113 117 124 132 146 148 149 151 152 161 161 177 181 197 200 
1644260926.999446 206 209 214 221 228 229 231 235 245 252 253 259 273 286 309 
1644260927.781446 ### RSSI: -51, 15, 1640049836 ,3571 
1644260927.928928 ### RSSI: -52, 18, 1640049836 ,3573 
1644260927.997363 ### DEBUG: Ticks: 3574, 15, 1 
1644260927.997650 1640049836 c0:98:e5:42:00:29 432 
1644260927.997832 74 83 97 109 111 116 116 127 128 132 135 136 137 142 150 
1644260927.998041 155 174 176 191 197 202 208 222 223 227 234 239 239 256 292 
1644260928.776079 ### RSSI: -50, 27, 1640049837 ,3587 
1644260928.934312 ### RSSI: -51, 21, 1640049837 ,3589 
1644260928.993225 ### DEBUG: Ticks: 3590, 16, 1 
1644260928.993507 1640049837 c0:98:e5:42:00:29 487 
1644260928.993695 161 189 208 216 221 225 231 235 245 247 248 251 253 254 271 
1644260928.993878 278 281 282 291 291 300 304 313 314 319 322 329 370 373 376 
1644260929.783948 ### RSSI: -50, 26, 1640049838 ,3602 
1644260929.927092 ### RSSI: -52, 12, 1640049838 ,3605 
1644260929.996286 ### DEBUG: Ticks: 3606, 16, 1 
1644260929.996620 1640049838 c0:98:e5:42:00:29 416 
1644260929.996801 59 61 73 99 113 117 122 131 134 136 138 139 148 150 164 
1644260929.996988 169 181 190 202 206 209 218 223 227 228 230 237 253 256 0 
1644260930.775603 ### RSSI: -54, 30, 1640049839 ,3618 
1644260930.926307 ### RSSI: -53, 18, 1640049839 ,3620 
1644260930.994499 ### DEBUG: Ticks: 3621, 15, 1 
1644260930.994777 1640049839 c0:98:e5:42:00:29 431 
1644260930.995000 116 123 127 128 130 139 142 145 159 159 159 162 168 181 192 
1644260930.995197 196 198 202 203 208 216 221 223 233 247 247 252 257 274 288 
1644260931.786658 ### RSSI: -52, 18, 1640049840 ,3633 
1644260931.926553 ### RSSI: -50, 13, 1640049840 ,3636 
1644260931.996277 ### DEBUG: Ticks: 3637, 16, 1 
1644260931.996624 1640049840 c0:98:e5:42:00:29 444 
1644260931.996847 98 116 121 123 137 141 143 150 154 154 157 172 178 183 187 
1644260931.997033 194 200 201 202 205 205 213 216 228 229 247 262 277 291 0 
1644260932.776504 ### RSSI: -52, 24, 1640049841 ,3649 
1644260932.927932 ### RSSI: -51, 22, 1640049841 ,3651 
1644260932.996804 ### DEBUG: Ticks: 3652, 15, 1 
1644260932.997092 1640049841 c0:98:e5:42:00:29 446 
1644260932.997270 120 125 132 147 167 178 186 191 194 194 201 202 204 207 210 
1644260932.997452 224 226 227 234 237 248 254 267 270 293 304 306 313 335 385 
1644260933.782408 ### RSSI: -50, 35, 1640049842 ,3665 
1644260933.931990 ### RSSI: -50, 6, 1640049842 ,3667 
1644260934.000769 ### DEBUG: Ticks: 3668, 16, 1 
1644260934.001056 1640049842 c0:98:e5:42:00:29 457 
1644260934.001237 186 207 212 226 226 235 235 240 252 252 252 254 261 270 273 
1644260934.001480 287 289 289 297 313 313 320 331 332 350 353 355 367 381 589 
1644260934.783723 ### RSSI: -54, 29, 1640049843 ,3680 
1644260934.932431 ### RSSI: -49, 36, 1640049843 ,3683 
1644260935.002312 ### DEBUG: Ticks: 3684, 16, 1 
1644260935.002603 1640049843 c0:98:e5:42:00:29 437 
1644260935.002781 127 133 145 152 156 168 172 182 183 187 188 189 190 204 206 
1644260935.002966 207 209 221 221 231 237 239 247 248 248 249 270 297 300 333 
1644260935.776742 ### RSSI: -50, 6, 1640049844 ,3696 
1644260935.925944 ### RSSI: -51, 35, 1640049844 ,3698 
1644260935.993343 ### ERROR: Failed reading SquarePoint packet length
1644260936.783915 ### RSSI: -50, 22, 1640049845 ,3712 
1644260936.927912 ### RSSI: -52, 25, 1640049845 ,3714 
1644260937.776807 ### RSSI: -51, 24, 1640049846 ,3727 
1644260937.926125 ### RSSI: -54, 31, 1640049846 ,3730 
1644260937.996345 ### DEBUG: Ticks: 3731, 47, 1 
1644260937.996698 1640049846 c0:98:e5:42:00:29 400 
1644260937.996876 79 91 92 104 107 119 131 132 143 148 153 155 166 168 171 
1644260937.997061 177 183 184 188 199 201 209 220 221 223 240 243 248 255 265 
1644260938.776046 ### RSSI: -52, 19, 1640049847 ,3743 
1644260938.935136 ### RSSI: -51, 27, 1640049847 ,3745 
1644260938.993625 ### DEBUG: Ticks: 3746, 15, 1 
1644260938.993912 1640049847 c0:98:e5:42:00:29 462 
1644260938.994090 153 160 186 195 200 200 200 209 213 223 226 232 232 232 232 
1644260938.994275 232 241 251 260 274 291 307 310 314 314 322 326 326 327 375 
1644260939.777636 ### RSSI: -50, 10, 1640049848 ,3758 
1644260939.926733 ### RSSI: -52, 12, 1640049848 ,3761 
1644260939.994128 ### DEBUG: Ticks: 3762, 16, 1 
1644260939.994411 1640049848 c0:98:e5:42:00:29 390 
1644260939.994590 71 73 75 83 96 99 112 117 119 119 123 126 130 133 137 
1644260939.994774 143 169 176 195 197 200 203 205 206 216 229 230 232 240 249 
1644260940.781025 ### RSSI: -50, 16, 1640049849 ,3774 
1644260940.936162 ### RSSI: -52, 28, 1640049849 ,3776 
1644260940.998623 ### DEBUG: Ticks: 3777, 15, 1 
1644260940.998907 1640049849 c0:98:e5:42:00:29 398 
1644260940.999087 74 108 112 116 126 136 137 139 146 147 150 150 156 160 161 
1644260940.999274 161 165 170 182 188 201 202 204 214 217 237 239 281 289 301 
1644260941.785229 ### RSSI: -51, 19, 1640049850 ,3790 
1644260941.926971 ### RSSI: -54, 31, 1640049850 ,3792 
1644260942.001804 ### DEBUG: Ticks: 3793, 16, 1 
1644260942.002088 1640049850 c0:98:e5:42:00:29 376 
1644260942.002269 9 44 51 54 58 60 62 62 83 84 91 94 97 98 100 
1644260942.002483 102 108 111 124 127 129 151 159 161 162 162 164 183 200 211 
1644260942.784088 ### RSSI: -54, 32, 1640049851 ,3805 
1644260942.927549 ### RSSI: -49, 2, 1640049851 ,3808 
1644260942.999996 ### DEBUG: Ticks: 3809, 16, 1 
1644260943.000306 1640049851 c0:98:e5:42:00:29 497 
1644260943.000487 123 126 137 154 154 159 164 174 187 188 194 194 205 207 207 
1644260943.000747 219 223 224 225 227 250 283 283 285 288 295 296 314 327 394 
1644260943.777266 ### RSSI: -50, 8, 1640049852 ,3821 
1644260943.924618 ### RSSI: -48, 4, 1640049852 ,3823 
1644260943.993379 ### DEBUG: Ticks: 3824, 15, 1 
1644260943.993746 1640049852 c0:98:e5:42:00:29 416 
1644260943.993925 71 81 101 113 118 120 133 135 136 144 150 153 154 154 162 
1644260943.994109 173 186 196 200 201 217 217 218 220 221 233 234 263 266 274 
1644260944.779173 ### RSSI: -53, 33, 1640049853 ,3836 
1644260944.929828 ### RSSI: -50, 16, 1640049853 ,3839 
1644260944.997415 ### DEBUG: Ticks: 3840, 16, 1 
1644260944.997698 1640049853 c0:98:e5:42:00:29 501 
1644260944.997877 38 39 58 59 66 66 72 73 76 79 80 89 105 105 109 
1644260944.998062 123 124 139 150 151 155 158 162 163 175 189 194 200 203 213 
1644260945.779096 ### RSSI: -49, 9, 1640049853 ,3852 
1644260945.926018 ### RSSI: -54, 31, 1640049853 ,3854 
1644260945.996801 ### DEBUG: Ticks: 3855, 15, 1 
1644260945.997094 1640049854 c0:98:e5:42:00:29 428 
1644260945.997273 100 109 112 126 129 148 158 158 160 160 166 167 174 179 184 
1644260945.997458 189 189 197 208 212 232 237 242 245 255 257 276 285 291 292 
1644260946.782500 ### RSSI: -51, 35, 1640049854 ,3868 
1644260946.936178 ### RSSI: -46, 5, 1640049855 ,3870 
1644260946.995662 ### DEBUG: Ticks: 3871, 16, 1 
1644260946.995947 1640049855 c0:98:e5:42:00:29 447 
1644260946.996135 169 184 186 201 208 214 214 221 227 229 229 235 238 255 258 
1644260946.996787 266 271 271 272 275 279 294 295 297 303 304 308 314 334 339 
1644260947.776349 ### RSSI: -53, 32, 1640049855 ,3883 
1644260947.937235 ### RSSI: -47, 5, 1640049856 ,3886 
1644260948.000206 ### DEBUG: Ticks: 3887, 16, 1 
1644260948.000488 1640049856 c0:98:e5:42:00:29 442 
1644260948.000768 83 107 117 133 140 142 152 156 162 163 167 174 176 178 179 
1644260948.000983 183 187 191 201 222 224 225 231 246 248 251 285 307 324 377 
1644260948.775471 ### RSSI: -54, 11, 1640049856 ,3899 
1644260948.935920 ### RSSI: -54, 30, 1640049857 ,3901 
1644260948.995464 ### ERROR: Failed reading SquarePoint packet length
1644260949.781618 ### RSSI: -52, 33, 1640049858 ,3915 
1644260949.932900 ### RSSI: -52, 23, 1640049858 ,3917 
1644260950.779543 ### RSSI: -53, 33, 1640049859 ,3930 
1644260950.934537 ### RSSI: -49, 8, 1640049859 ,3933 
1644260950.993274 ### DEBUG: Ticks: 3934, 47, 1 
1644260950.993563 1640049859 c0:98:e5:42:00:29 456 
1644260950.993744 107 136 160 161 164 167 175 185 193 196 204 210 216 235 238 
1644260950.994335 247 252 259 262 266 268 272 274 281 283 294 308 316 317 374 
1644260951.775371 ### RSSI: -51, 21, 1640049860 ,3946 
1644260951.926411 ### RSSI: -50, 13, 1640049860 ,3948 
1644260951.999159 ### DEBUG: Ticks: 3949, 15, 1 
1644260951.999446 1640049860 c0:98:e5:42:00:29 482 
1644260951.999622 182 190 201 203 206 219 221 223 234 236 242 245 246 249 253 
1644260951.999807 266 275 276 279 282 286 298 299 307 314 323 350 351 356 364 
1644260952.777873 ### RSSI: -52, 19, 1640049861 ,3961 
1644260952.934972 ### RSSI: -48, 4, 1640049861 ,3964 
1644260952.995403 ### DEBUG: Ticks: 3965, 16, 1 
1644260952.995688 1640049861 c0:98:e5:42:00:29 405 
1644260952.995868 40 53 57 58 68 76 77 78 88 89 94 104 106 107 110 
1644260952.996053 113 124 126 126 134 152 156 158 167 177 178 184 203 204 234 
1644260953.783585 ### RSSI: -49, 8, 1640049862 ,3977 
1644260953.931306 ### RSSI: -50, 6, 1640049862 ,3979 
1644260953.993043 ### DEBUG: Ticks: 3980, 15, 1 
1644260953.993328 1640049862 c0:98:e5:42:00:29 387 
1644260953.993507 -41 -38 -31 -15 -8 -1 3 9 28 29 34 42 44 48 49 
1644260953.993690 58 62 69 71 100 108 117 119 121 122 124 145 154 177 298 
1644260954.778324 ### RSSI: -53, 31, 1640049863 ,3993 
1644260954.924728 ### RSSI: -50, 15, 1640049863 ,3995 
1644260954.994837 ### DEBUG: Ticks: 3996, 16, 1 
1644260954.995114 1640049863 c0:98:e5:42:00:29 422 
1644260954.995307 115 134 143 143 145 159 160 164 165 167 170 176 179 183 192 
1644260954.995504 198 206 219 229 231 235 238 238 249 264 268 283 288 294 297 
1644260955.774561 ### RSSI: -49, 8, 1640049864 ,4008 
1644260955.931986 ### RSSI: -51, 25, 1640049864 ,4011 
1644260955.993295 ### DEBUG: Ticks: 4012, 16, 1 
1644260955.993576 1640049864 c0:98:e5:42:00:29 413 
1644260956.005039 93 97 107 113 118 119 121 125 135 140 149 149 154 160 163 
1644260956.005319 167 168 176 183 208 213 215 218 225 261 264 267 274 286 376 
1644260956.437458 ### INFO: SD card flushed!
1644260956.779578 ### RSSI: -53, 19, 1640049865 ,4024 
1644260956.929010 ### RSSI: -50, 14, 1640049865 ,4026 
1644260956.995756 ### DEBUG: Ticks: 4027, 15, 1 
1644260956.996071 1640049865 c0:98:e5:42:00:29 381 
1644260956.996250 35 57 70 81 85 93 95 97 101 103 109 110 117 118 118 
1644260956.996993 122 137 137 141 162 162 177 185 188 202 202 204 223 224 261 
1644260957.779258 ### RSSI: -48, 5, 1640049866 ,4040 
1644260957.935089 ### RSSI: -50, 6, 1640049866 ,4042 
1644260957.993962 ### DEBUG: Ticks: 4043, 16, 1 
1644260957.994247 1640049866 c0:98:e5:42:00:29 366 
1644260957.994426 -6 -5 12 22 27 31 36 38 51 59 63 66 66 68 70 
1644260957.994609 96 101 104 109 116 123 140 141 145 150 156 172 180 197 0 
1644260958.774029 ### RSSI: -53, 11, 1640049867 ,4055 
1644260959.003868 ### DEBUG: Ticks: 4059, 16, 1 
1644260959.004150 1640049867 c0:98:e5:42:00:29 414 
1644260959.004328 129 138 138 139 141 163 165 169 169 174 186 197 200 214 215 
1644260959.004565 217 231 234 234 243 245 245 254 257 264 266 287 288 293 294 
1644260959.026961 ### RSSI: -51, 21, 1640049867 ,4059 
1644260959.774582 ### RSSI: -51, 24, 1640049868 ,4071 
1644260960.001831 ### DEBUG: Ticks: 4074, 15, 1 
1644260960.002113 1640049868 c0:98:e5:42:00:29 444 
1644260960.002292 91 122 124 129 142 145 150 152 156 165 177 178 180 191 193 
1644260960.002477 195 217 221 223 223 236 240 252 253 255 280 285 296 300 304 
1644260960.024781 ### RSSI: -50, 10, 1640049868 ,4075 
1644260960.778775 ### RSSI: -53, 19, 1640049869 ,4086 
1644260960.998593 ### DEBUG: Ticks: 4090, 16, 1 
1644260960.998877 1640049869 c0:98:e5:42:00:29 528 
1644260960.999055 82 102 112 115 116 120 143 144 144 144 147 154 158 158 164 
1644260960.999238 184 184 187 190 198 204 210 230 231 235 239 254 256 271 271 
1644260961.036410 ### RSSI: -43, 4, 1640049869 ,4090 
1644260961.777259 ### RSSI: -50, 35, 1640049870 ,4102 
1644260961.992978 ### ERROR: Failed reading SquarePoint packet length
1644260962.027984 ### RSSI: -53, 18, 1640049870 ,4106 
1644260962.774194 ### RSSI: -48, 4, 1640049871 ,4118 
1644260963.024817 ### RSSI: -50, 13, 1640049871 ,4122 
1644260963.783190 ### RSSI: -54, 32, 1640049872 ,4133 
1644260963.999244 ### DEBUG: Ticks: 4137, 47, 1 
1644260963.999530 1640049872 c0:98:e5:42:00:29 483 
1644260963.999711 167 193 201 204 207 209 234 245 248 252 257 258 259 263 266 
1644260963.999895 278 290 300 311 317 317 325 349 350 351 357 389 389 417 473 
1644260964.033997 ### RSSI: -50, 13, 1640049872 ,4137 
1644260964.778753 ### RSSI: -51, 20, 1640049873 ,4149 
1644260964.998412 ### DEBUG: Ticks: 4152, 15, 1 
1644260964.998698 1640049873 c0:98:e5:42:00:29 424 
1644260964.998875 76 82 90 93 94 95 96 96 106 114 121 138 138 140 141 
1644260964.999055 143 147 155 190 194 198 198 211 221 240 240 244 254 263 285 
1644260965.034179 ### RSSI: -53, 11, 1640049873 ,4153 
1644260965.778752 ### RSSI: -50, 24, 1640049874 ,4164 
1644260965.997326 ### DEBUG: Ticks: 4168, 16, 1 
1644260965.997615 1640049874 c0:98:e5:42:00:29 444 
1644260965.997793 174 188 191 193 196 205 208 216 223 226 232 240 240 242 243 
1644260965.997976 253 266 270 271 276 278 288 298 299 316 318 337 344 353 0 
1644260966.033539 ### RSSI: -52, 19, 1640049874 ,4168 
1644260966.780977 ### RSSI: -54, 33, 1640049875 ,4180 
1644260966.996903 ### DEBUG: Ticks: 4184, 16, 1 
1644260966.997189 1640049875 c0:98:e5:42:00:29 502 
1644260966.997368 21 53 56 59 75 76 82 86 96 106 107 116 116 119 126 
1644260966.997582 130 132 132 136 138 148 155 163 179 181 194 202 206 214 236 
1644260967.033788 ### RSSI: -51, 19, 1640049875 ,4184 
1644260967.784821 ### RSSI: -46, 1, 1640049876 ,4196 
1644260967.993986 ### DEBUG: Ticks: 4199, 15, 1 
1644260967.994277 1640049876 c0:98:e5:42:00:29 425 
1644260967.994456 79 110 123 124 136 144 156 157 160 166 167 177 179 179 181 
1644260967.994638 192 195 203 223 226 229 239 243 246 258 263 276 276 293 295 
1644260968.028863 ### RSSI: -51, 20, 1640049877 ,4200 
1644260968.779338 ### RSSI: -50, 13, 1640049877 ,4211 
1644260968.997230 ### DEBUG: Ticks: 4215, 16, 1 
1644260968.997692 1640049877 c0:98:e5:42:00:29 351 
1644260968.997873 75 83 86 91 92 95 97 100 102 102 103 110 112 124 142 
1644260968.998044 144 156 156 157 163 163 171 183 189 189 208 209 233 239 252 
1644260969.032680 ### RSSI: -50, 25, 1640049877 ,4215 
1644260969.776363 ### RSSI: -49, 10, 1640049877 ,4227 
1644260969.998305 ### DEBUG: Ticks: 4230, 15, 1 
1644260969.998589 1640049878 c0:98:e5:42:00:29 398 
1644260969.998768 100 102 103 119 135 136 141 142 145 145 151 154 157 167 171 
1644260969.998951 177 189 191 194 195 197 200 216 220 232 233 247 250 259 264 
1644260970.030037 ### RSSI: -51, 35, 1640049878 ,4231 
1644260970.773366 ### RSSI: -51, 24, 1640049878 ,4243 
1644260971.000994 ### DEBUG: Ticks: 4246, 16, 1 
1644260971.001275 1640049879 c0:98:e5:42:00:29 384 
1644260971.001466 101 109 111 114 115 118 126 131 139 147 148 158 164 192 193 
1644260971.001650 194 200 201 206 207 214 215 218 230 245 246 248 260 262 269 
1644260971.035044 ### RSSI: -50, 17, 1640049879 ,4247 
1644260971.775256 ### RSSI: -46, 3, 1640049879 ,4258 
1644260972.002241 ### DEBUG: Ticks: 4262, 16, 1 
1644260972.002527 1640049880 c0:98:e5:42:00:29 401 
1644260972.002715 72 73 89 95 99 99 105 107 115 118 120 131 132 135 157 
1644260972.002897 158 163 171 177 178 195 196 204 215 219 224 232 257 265 272 
1644260972.024650 ### RSSI: -46, 1, 1640049880 ,4262 
1644260972.780793 ### RSSI: -47, 0, 1640049880 ,4274 
1644260973.002314 ### DEBUG: Ticks: 4277, 15, 1 
1644260973.002607 1640049881 c0:98:e5:42:00:29 410 
1644260973.002787 21 29 39 41 67 68 72 84 85 92 95 99 105 106 112 
1644260973.002994 120 127 129 133 141 150 161 175 186 206 207 217 228 231 484 
1644260973.023945 ### RSSI: -52, 18, 1640049881 ,4278 
1644260973.776594 ### RSSI: -54, 33, 1640049881 ,4289 
1644260973.997202 ### DEBUG: Ticks: 4293, 16, 1 
1644260973.997486 1640049882 c0:98:e5:42:00:29 524 
1644260973.997665 76 81 107 109 110 126 135 146 148 152 154 156 158 162 165 
1644260973.997848 166 176 183 184 191 195 197 204 223 225 247 254 277 281 285 
1644260974.031937 ### RSSI: -51, 35, 1640049882 ,4293 
1644260974.780501 ### RSSI: -50, 27, 1640049883 ,4305 
1644260974.998049 ### ERROR: Failed reading SquarePoint packet length
1644260975.032303 ### RSSI: -52, 19, 1640049883 ,4309 
1644260975.776589 ### RSSI: -49, 7, 1640049884 ,4321 
1644260976.029150 ### RSSI: -55, 32, 1640049884 ,4325 
1644260976.778074 ### RSSI: -46, 2, 1640049885 ,4336 
1644260976.996625 ### DEBUG: Ticks: 4340, 47, 1 
1644260976.996906 1640049885 c0:98:e5:42:00:29 397 
1644260976.997083 18 55 69 74 80 80 88 89 91 92 96 103 104 104 117 
1644260976.997268 128 131 134 142 145 146 155 158 176 186 189 197 211 215 217 
1644260977.031103 ### RSSI: -51, 35, 1640049885 ,4340 
1644260977.776803 ### RSSI: -51, 21, 1640049886 ,4352 
1644260977.997679 ### DEBUG: Ticks: 4355, 15, 1 
1644260977.997963 1640049886 c0:98:e5:42:00:29 469 
1644260977.998153 169 173 178 187 188 191 193 201 211 214 223 226 227 236 238 
1644260977.998338 244 258 267 268 269 271 290 290 302 310 312 320 323 328 417 
1644260978.031323 ### RSSI: -55, 32, 1640049886 ,4356 
1644260978.780755 ### RSSI: -51, 23, 1640049887 ,4368 
1644260979.002245 ### DEBUG: Ticks: 4371, 16, 1 
1644260979.002529 1640049887 c0:98:e5:42:00:29 427 
1644260979.002707 65 72 107 108 112 114 115 129 131 132 136 143 146 146 160 
1644260979.002922 163 176 182 184 193 194 203 211 223 225 229 245 254 254 277 
1644260979.026714 ### RSSI: -51, 23, 1640049887 ,4371 
1644260979.771699 ### RSSI: -48, 4, 1640049888 ,4383 
1644260979.995027 ### DEBUG: Ticks: 4387, 16, 1 
1644260979.995311 1640049888 c0:98:e5:42:00:29 383 
1644260979.995490 46 62 65 66 68 76 91 92 110 127 137 141 144 144 145 
1644260979.995672 160 165 168 171 178 179 179 184 201 207 215 227 227 240 263 
1644260980.029703 ### RSSI: -54, 33, 1640049888 ,4387 
1644260980.778761 ### RSSI: -50, 22, 1640049889 ,4399 
1644260980.994716 ### DEBUG: Ticks: 4402, 15, 1 
1644260980.995002 1640049889 c0:98:e5:42:00:29 408 
1644260981.006409 67 79 107 118 119 122 143 148 150 151 152 154 154 155 160 
1644260981.006691 165 166 172 183 191 192 201 206 212 220 223 231 252 261 262 
1644260981.029295 ### RSSI: -55, 30, 1640049889 ,4403 
1644260981.773011 ### RSSI: -50, 24, 1640049890 ,4414 
1644260981.993769 ### DEBUG: Ticks: 4418, 16, 1 
1644260981.994050 1640049890 c0:98:e5:42:00:29 466 
1644260982.007110 117 152 159 165 169 174 175 177 177 185 193 194 201 210 226 
1644260982.007397 227 227 228 235 247 253 254 255 260 279 284 293 303 311 322 
1644260982.030107 ### RSSI: -54, 31, 1640049890 ,4418 
1644260982.778300 ### RSSI: -51, 17, 1640049891 ,4430 
1644260982.997965 ### DEBUG: Ticks: 4433, 15, 1 
1644260982.998252 1640049891 c0:98:e5:42:00:29 520 
1644260982.998430 212 214 214 225 239 254 259 261 263 273 276 276 292 293 298 
1644260982.998614 302 315 322 322 331 335 336 338 347 367 370 385 390 391 609 
1644260983.032777 ### RSSI: -55, 32, 1640049891 ,4434 
1644260983.778779 ### RSSI: -55, 32, 1640049892 ,4446 
1644260984.000672 ### DEBUG: Ticks: 4449, 16, 1 
1644260984.000957 1640049892 c0:98:e5:42:00:29 433 
1644260984.001146 157 169 171 173 176 178 182 191 192 194 205 207 212 216 218 
1644260984.001331 222 225 231 235 248 248 257 259 263 268 294 319 322 333 338 
1644260984.024249 ### RSSI: -54, 11, 1640049892 ,4450 
1644260984.779373 ### RSSI: -49, 7, 1640049893 ,4461 
1644260984.997677 ### DEBUG: Ticks: 4465, 16, 1 
1644260984.997967 1640049893 c0:98:e5:42:00:29 464 
1644260984.998144 180 182 188 192 201 213 214 215 221 222 222 225 228 231 237 
1644260984.998327 240 256 281 287 296 304 307 309 320 323 324 327 328 332 338 
1644260985.031278 ### RSSI: -46, 3, 1640049893 ,4465 
1644260985.781739 ### RSSI: -50, 14, 1640049894 ,4477 
1644260985.998407 ### DEBUG: Ticks: 4480, 15, 1 
1644260985.998687 1640049894 c0:98:e5:42:00:29 467 
1644260985.998876 108 130 145 156 158 168 175 176 176 177 182 188 197 200 214 
1644260985.999058 218 219 234 236 239 254 260 262 269 281 285 286 289 289 295 
1644260986.030849 ### RSSI: -52, 18, 1640049894 ,4481 
1644260986.779798 ### RSSI: -48, 5, 1640049895 ,4492 
1644260986.997875 ### ERROR: Failed reading SquarePoint packet length
1644260987.029259 ### RSSI: -49, 9, 1640049895 ,4496 
1644260987.781018 ### RSSI: -51, 20, 1640049896 ,4508 
1644260988.026343 ### RSSI: -50, 27, 1640049896 ,4512 
1644260988.777045 ### RSSI: -53, 11, 1640049897 ,4524 
1644260988.993219 ### DEBUG: Ticks: 4527, 47, 1 
1644260988.993496 1640049897 c0:98:e5:42:00:29 517 
1644260989.006269 96 99 102 107 116 121 122 129 133 143 146 151 152 155 156 
1644260989.006569 163 167 171 172 174 179 182 190 207 213 222 249 250 261 265 
1644260989.029603 ### RSSI: -46, 1, 1640049897 ,4528 
1644260989.779637 ### RSSI: -52, 34, 1640049898 ,4539 
1644260989.992863 ### DEBUG: Ticks: 4543, 16, 1 
1644260989.993149 1640049898 c0:98:e5:42:00:29 424 
1644260990.005306 32 57 62 83 90 101 102 107 112 126 134 139 143 145 148 
1644260990.005590 148 150 152 155 167 178 190 196 203 223 227 234 238 251 470 
1644260990.029107 ### RSSI: -54, 11, 1640049898 ,4543 
1644260990.992783 ### DEBUG: Ticks: 4558, 15, 1 
1644260990.993065 1640049899 c0:98:e5:42:00:29 451 
1644260991.005977 164 185 186 204 204 211 211 213 213 213 216 225 228 234 239 
1644260991.006253 241 244 262 265 267 277 283 298 308 321 326 326 344 356 385 
1644260991.027143 ### RSSI: -50, 10, 1640049899 ,4559 
1644260991.772837 ### RSSI: -49, 16, 1640049900 ,4571 
1644260991.999400 ### DEBUG: Ticks: 4574, 16, 1 
1644260991.999682 1640049900 c0:98:e5:42:00:29 536 
1644260991.999859 84 105 107 122 128 130 134 136 157 160 161 164 183 195 197 
1644260992.000040 206 223 230 238 242 244 244 245 247 265 266 274 274 280 299 
1644260992.023462 ### RSSI: -51, 14, 1640049900 ,4574 
1644260992.378357 ### INFO: SD card flushed!
1644260992.775380 ### RSSI: -50, 36, 1640049901 ,4586 
1644260993.000486 ### DEBUG: Ticks: 4590, 16, 1 
1644260993.001255 1640049901 c0:98:e5:42:00:29 370 
1644260993.001444 19 43 60 75 76 85 89 90 93 95 107 109 113 115 116 
1644260993.001621 120 131 144 150 157 162 164 168 177 181 194 208 210 235 295 
1644260993.022541 ### RSSI: -50, 36, 1640049901 ,4590 
1644260993.779523 ### RSSI: -50, 10, 1640049901 ,4602 
1644260993.997473 ### DEBUG: Ticks: 4605, 15, 1 
1644260993.997755 1640049902 c0:98:e5:42:00:29 454 
1644260993.997944 184 189 193 198 202 203 204 216 225 229 231 237 242 246 255 
1644260993.998120 257 259 261 273 273 280 289 291 304 322 324 328 340 341 377 
1644260994.031571 ### RSSI: -52, 28, 1640049902 ,4606 
1644260994.773840 ### RSSI: -51, 7, 1640049902 ,4617 
1644260995.002763 ### DEBUG: Ticks: 4621, 16, 1 
1644260995.003047 1640049903 c0:98:e5:42:00:29 357 
1644260995.003224 67 69 75 83 85 90 91 92 96 105 107 115 116 123 138 
1644260995.003406 145 149 158 165 171 175 180 181 183 186 202 207 209 252 263 
1644260995.024346 ### RSSI: -50, 27, 1640049903 ,4621 
1644260995.770879 ### RSSI: -51, 24, 1640049903 ,4633 
1644260995.998167 ### DEBUG: Ticks: 4636, 15, 1 
1644260995.998455 1640049904 c0:98:e5:42:00:29 433 
1644260995.998633 70 113 124 140 144 144 144 145 149 163 164 164 169 170 174 
1644260995.998817 175 177 188 209 218 220 232 238 244 250 257 261 264 265 278 
1644260996.032733 ### RSSI: -50, 17, 1640049904 ,4637 
1644260996.779069 ### RSSI: -48, 5, 1640049904 ,4649 
1644260996.993337 ### DEBUG: Ticks: 4652, 16, 1 
1644260996.993623 1640049905 c0:98:e5:42:00:29 390 
1644260997.005227 125 125 131 138 139 140 143 144 146 151 155 163 164 172 174 
1644260997.005514 185 187 192 206 206 217 219 229 238 243 251 251 255 268 288 
1644260997.027714 ### RSSI: -49, 27, 1640049905 ,4653 
1644260997.772378 ### RSSI: -52, 18, 1640049905 ,4664 
1644260998.001855 ### DEBUG: Ticks: 4668, 16, 1 
1644260998.002136 1640049906 c0:98:e5:42:00:29 402 
1644260998.002316 70 82 85 94 100 100 102 109 110 114 115 121 126 138 139 
1644260998.002500 149 152 153 167 176 183 191 192 203 207 226 227 231 237 245 
1644260998.023762 ### RSSI: -50, 16, 1640049906 ,4668 
1644260998.782453 ### RSSI: -46, 1, 1640049907 ,4680 
1644260998.988599 ### ERROR: Failed reading SquarePoint packet length
1644260999.023537 ### RSSI: -48, 4, 1640049907 ,4684 
1644260999.772935 ### RSSI: -54, 32, 1640049908 ,4696 
1644261000.032021 ### RSSI: -47, 2, 1640049908 ,4699 
1644261000.775369 ### RSSI: -54, 7, 1640049909 ,4711 
1644261000.997826 ### DEBUG: Ticks: 4715, 47, 1 
1644261000.998109 1640049909 c0:98:e5:42:00:29 395 
1644261000.998288 94 101 118 136 137 139 150 152 155 158 160 166 175 179 183 
1644261000.998472 196 199 202 208 212 215 215 226 249 250 255 258 287 291 300 
1644261001.023191 ### RSSI: -54, 32, 1640049909 ,4715 
1644261001.774965 ### RSSI: -55, 10, 1640049910 ,4727 
1644261002.002029 ### DEBUG: Ticks: 4730, 15, 1 
1644261002.002318 1640049910 c0:98:e5:42:00:29 373 
1644261002.002496 110 134 134 160 168 169 186 186 189 212 214 220 220 223 225 
1644261002.002679 230 240 241 244 245 251 253 255 268 287 288 297 302 304 541 
1644261002.024481 ### RSSI: -50, 27, 1640049910 ,4731 
1644261002.781086 ### RSSI: -50, 13, 1640049911 ,4742 
1644261002.974488 ### INFO: Battery voltage currently 4170 mV
1644261002.996870 ### DEBUG: Ticks: 4746, 16, 1 
1644261002.997155 1640049911 c0:98:e5:42:00:29 466 
1644261002.997334 91 97 107 124 128 143 145 154 158 169 174 180 186 188 194 
1644261002.997931 204 212 218 226 227 229 231 242 242 253 266 282 282 291 0 
1644261003.030614 ### RSSI: -42, 1, 1640049911 ,4746 
1644261003.780586 ### RSSI: -53, 29, 1640049912 ,4758 
1644261003.997269 ### DEBUG: Ticks: 4761, 15, 1 
1644261003.997558 1640049912 c0:98:e5:42:00:29 457 
1644261003.997748 169 191 217 238 246 251 252 267 268 268 268 269 280 281 290 
1644261003.997935 290 306 312 316 324 327 328 333 335 351 353 362 370 387 387 
1644261004.032178 ### RSSI: -47, 2, 1640049912 ,4762 
1644261004.780472 ### RSSI: -46, 2, 1640049913 ,4774 
1644261004.979839 ### INFO: BLE scanning window and interval have been set to their 300-second disconnected values
1644261004.980127 ### DEBUG: BLE STOP SCANNING called
1644261004.995402 ### DEBUG: Ticks: 4777, 16, 1 
1644261004.995682 1640049913 c0:98:e5:42:00:29 460 
1644261005.007975 164 169 192 200 201 205 207 212 214 224 242 242 242 252 264 
1644261005.008256 265 274 288 290 293 294 297 298 303 318 332 338 345 392 0 
1644261005.030937 ### RSSI: -53, 29, 1640049913 ,4778 
1644261005.775637 ### RSSI: -50, 36, 1640049914 ,4789 
1644261006.004195 ### DEBUG: Ticks: 4793, 16, 1 
1644261006.004477 1640049914 c0:98:e5:42:00:29 437 
1644261006.004743 121 138 144 163 172 178 182 192 194 197 200 202 214 216 219 
1644261006.004938 220 224 227 230 231 241 259 268 277 282 285 295 303 318 327 
1644261006.027328 ### RSSI: -51, 14, 1640049914 ,4793 
1644261006.773818 ### RSSI: -51, 21, 1640049915 ,4805 
1644261006.997000 ### DEBUG: Ticks: 4808, 15, 1 
1644261006.997283 1640049915 c0:98:e5:42:00:29 410 
1644261006.997460 27 49 57 59 71 76 77 90 93 94 95 98 99 114 119 
1644261006.997642 128 129 141 144 158 163 167 168 189 201 203 205 220 225 298 
1644261007.032832 ### RSSI: -51, 20, 1640049915 ,4809 
1644261007.993643 ### DEBUG: Ticks: 4824, 16, 1 
1644261007.993924 1640049916 c0:98:e5:42:00:29 394 
1644261008.006010 87 89 94 105 115 116 120 126 131 133 136 138 140 145 153 
1644261008.006294 158 172 177 178 181 183 185 189 202 208 212 239 247 265 287 
1644261008.029726 ### RSSI: -51, 20, 1640049916 ,4824 
1644261008.773049 ### RSSI: -52, 18, 1640049917 ,4836 
1644261008.999938 ### DEBUG: Ticks: 4840, 16, 1 
1644261009.000223 1640049917 c0:98:e5:42:00:29 391 
1644261009.000401 25 29 34 46 52 53 64 72 78 83 86 90 91 108 109 
1644261009.000657 112 118 119 120 124 134 155 160 163 169 180 187 199 207 216 
1644261009.023960 ### RSSI: -52, 19, 1640049917 ,4840 
1644261009.772011 ### RSSI: -51, 22, 1640049918 ,4852 
1644261010.001690 ### DEBUG: Ticks: 4855, 15, 1 
1644261010.001975 1640049918 c0:98:e5:42:00:29 396 
1644261010.002153 66 77 78 90 94 100 101 118 119 121 130 136 150 154 160 
1644261010.002339 165 166 167 176 190 201 205 212 229 231 232 235 239 270 485 
1644261010.024022 ### RSSI: -50, 36, 1640049918 ,4856 
1644261010.770866 ### RSSI: -47, 3, 1640049919 ,4867 
1644261010.998740 ### ERROR: Failed reading SquarePoint packet length
1644261011.023488 ### RSSI: -52, 34, 1640049919 ,4871 
1644261011.771740 ### RSSI: -53, 34, 1640049920 ,4883 
1644261012.026850 ### RSSI: -50, 36, 1640049920 ,4887 
1644261012.775738 ### RSSI: -52, 35, 1640049921 ,4899 
1644261013.000979 ### DEBUG: Ticks: 4902, 47, 1 
1644261013.001267 1640049921 c0:98:e5:42:00:29 462 
1644261013.001446 95 104 122 143 144 159 163 175 183 190 190 191 196 204 210 
1644261013.001630 212 213 213 221 233 236 241 246 266 279 290 294 300 328 333 
1644261013.024746 ### RSSI: -55, 32, 1640049921 ,4902 
1644261013.779863 ### RSSI: -48, 4, 1640049922 ,4914 
1644261014.004196 ### DEBUG: Ticks: 4918, 16, 1 
1644261014.004481 1640049922 c0:98:e5:42:00:29 451 
1644261014.004721 75 80 126 140 148 150 154 160 161 170 172 181 183 186 187 
1644261014.004910 191 224 242 243 244 248 257 258 260 276 285 286 287 291 324 
1644261014.028599 ### RSSI: -55, 32, 1640049922 ,4918 
1644261014.770739 ### RSSI: -47, 0, 1640049923 ,4930 
1644261014.994261 ### DEBUG: Ticks: 4933, 15, 1 
1644261014.994542 1640049923 c0:98:e5:42:00:29 415 
1644261015.005893 56 82 87 88 89 91 91 106 106 109 123 128 129 135 144 
1644261015.006174 158 169 174 179 180 186 186 205 206 210 220 221 228 299 0 
1644261015.030670 ### RSSI: -50, 27, 1640049923 ,4934 
1644261015.771074 ### RSSI: -46, 3, 1640049924 ,4945 
1644261016.000277 ### DEBUG: Ticks: 4949, 16, 1 
1644261016.000637 1640049924 c0:98:e5:42:00:29 411 
1644261016.000815 58 59 69 73 75 91 93 99 108 113 122 124 129 135 136 
1644261016.001002 160 165 167 167 167 171 175 177 189 192 194 220 222 245 252 
1644261016.024101 ### RSSI: -50, 6, 1640049924 ,4949 
1644261016.773763 ### RSSI: -51, 21, 1640049925 ,4961 
1644261017.002488 ### DEBUG: Ticks: 4965, 16, 1 
1644261017.002771 1640049925 c0:98:e5:42:00:29 414 
1644261017.002951 99 104 108 125 127 130 138 138 142 148 149 150 153 169 172 
1644261017.003132 179 180 185 189 200 208 215 229 236 237 246 263 264 267 280 
1644261017.024426 ### RSSI: -52, 26, 1640049925 ,4965 
1644261017.779522 ### RSSI: -51, 12, 1640049925 ,4977 
1644261017.996282 ### DEBUG: Ticks: 4980, 15, 1 
1644261017.996632 1640049926 c0:98:e5:42:00:29 450 
1644261017.996822 105 112 114 117 122 128 132 134 135 137 142 145 146 156 158 
1644261017.997005 171 176 192 196 197 200 202 215 216 217 217 218 222 235 257 
1644261018.027807 ### RSSI: -49, 8, 1640049926 ,4981 
1644261018.775769 ### RSSI: -47, 3, 1640049926 ,4992 
1644261018.998851 ### DEBUG: Ticks: 4996, 16, 1 
1644261018.999132 1640049927 c0:98:e5:42:00:29 456 
1644261018.999311 45 45 59 85 89 96 100 100 101 104 106 118 121 124 139 
1644261018.999494 141 156 157 157 165 168 177 182 185 197 211 212 228 237 254 
1644261019.021866 ### RSSI: -50, 6, 1640049927 ,4996 
1644261019.771688 ### RSSI: -47, 4, 1640049927 ,5008 
1644261019.996343 ### DEBUG: Ticks: 5011, 15, 1 
1644261019.996704 1640049928 c0:98:e5:42:00:29 384 
1644261019.996884 38 78 80 80 82 87 87 91 98 101 103 113 115 117 118 
1644261019.997068 127 148 148 150 152 157 164 185 188 188 200 202 206 230 265 
1644261020.023224 ### RSSI: -50, 10, 1640049928 ,5012 
1644261020.773856 ### RSSI: -50, 10, 1640049928 ,5024 
1644261021.005175 ### DEBUG: Ticks: 5027, 16, 1 
1644261021.005454 1640049929 c0:98:e5:42:00:29 474 
1644261021.005643 153 172 182 185 185 191 193 193 199 200 216 218 221 229 236 
1644261021.005825 245 245 246 249 258 260 267 275 286 289 292 339 339 345 376 
1644261021.026868 ### RSSI: -51, 23, 1640049929 ,5027 
1644261021.771171 ### RSSI: -46, 1, 1640049929 ,5039 
1644261022.003014 ### DEBUG: Ticks: 5043, 16, 1 
1644261022.003296 1640049930 c0:98:e5:42:00:29 468 
1644261022.003491 79 86 88 99 102 106 106 106 116 118 128 138 146 162 167 
1644261022.003663 171 175 196 197 204 212 219 221 228 229 238 246 246 247 271 
1644261022.025097 ### RSSI: -50, 27, 1640049930 ,5043 
1644261022.771264 ### RSSI: -49, 9, 1640049931 ,5055 
1644261023.003407 ### DEBUG: Ticks: 5058, 15, 1 
1644261023.005174 1640049931 c0:98:e5:42:00:29 447 
1644261023.005431 108 113 117 133 134 136 143 152 156 159 162 165 166 176 192 
1644261023.005623 202 205 207 212 229 231 232 232 235 245 249 282 294 294 0 
1644261023.026109 ### RSSI: -53, 33, 1640049931 ,5059 
1644261023.773501 ### RSSI: -49, 8, 1640049932 ,5070 
1644261023.994799 ### ERROR: Failed reading SquarePoint packet length
1644261024.029444 ### RSSI: -49, 8, 1640049932 ,5074 
1644261024.780446 ### RSSI: -52, 28, 1640049933 ,5086 
1644261025.025899 ### RSSI: -52, 7, 1640049933 ,5090 
1644261025.777711 ### RSSI: -45, 2, 1640049934 ,5102 
1644261025.994353 ### DEBUG: Ticks: 5105, 47, 1 
1644261025.994636 1640049934 c0:98:e5:42:00:29 403 
1644261025.994815 41 53 65 74 86 90 93 98 102 103 105 107 107 109 115 
1644261025.995001 138 147 151 154 156 168 186 189 189 192 201 204 210 243 452 
1644261026.028805 ### RSSI: -50, 14, 1640049934 ,5106 
1644261026.775441 ### RSSI: -54, 32, 1640049935 ,5117 
1644261026.998027 ### DEBUG: Ticks: 5121, 16, 1 
1644261026.998309 1640049935 c0:98:e5:42:00:29 421 
1644261026.998487 53 70 74 80 91 100 104 105 107 109 112 123 138 145 151 
1644261026.998672 151 153 160 172 181 182 184 185 212 213 214 233 240 244 256 
1644261027.022366 ### RSSI: -54, 14, 1640049935 ,5121 
1644261027.772666 ### RSSI: -50, 17, 1640049936 ,5133 
1644261028.002031 ### DEBUG: Ticks: 5136, 15, 1 
1644261028.002312 1640049936 c0:98:e5:42:00:29 396 
1644261028.002491 108 123 151 176 177 184 184 190 194 194 198 199 200 200 212 
1644261028.002676 219 234 234 242 242 243 244 249 273 283 298 298 300 300 323 
1644261028.025808 ### RSSI: -53, 34, 1640049936 ,5137 
1644261028.425403 ### INFO: SD card flushed!
1644261028.771402 ### RSSI: -54, 35, 1640049937 ,5148 
1644261029.004155 ### DEBUG: Ticks: 5152, 16, 1 
1644261029.004448 1640049937 c0:98:e5:42:00:29 410 
1644261029.004705 61 78 95 96 98 100 110 111 119 125 126 130 134 137 159 
1644261029.004891 178 183 186 198 200 209 228 229 235 246 258 272 276 277 493 
1644261029.027611 ### RSSI: -53, 33, 1640049937 ,5152 
1644261029.774108 ### RSSI: -53, 11, 1640049938 ,5164 
1644261029.997211 ### DEBUG: Ticks: 5168, 16, 1 
1644261029.997494 1640049938 c0:98:e5:42:00:29 406 
1644261029.997671 99 99 100 115 121 122 135 140 141 142 142 155 155 157 159 
1644261029.997854 162 163 168 191 195 203 208 218 221 225 238 248 254 265 302 
1644261030.031913 ### RSSI: -50, 27, 1640049938 ,5168 
1644261030.776724 ### RSSI: -50, 23, 1640049939 ,5180 
1644261030.994730 ### DEBUG: Ticks: 5183, 15, 1 
1644261030.995013 1640049939 c0:98:e5:42:00:29 399 
1644261030.995202 121 127 143 148 152 155 157 167 173 176 184 184 185 188 194 
1644261030.995386 196 206 208 213 217 222 263 269 269 270 271 280 286 292 307 
1644261031.028199 ### RSSI: -55, 31, 1640049939 ,5184 
1644261031.771141 ### RSSI: -54, 20, 1640049940 ,5195 
1644261032.000821 ### DEBUG: Ticks: 5199, 16, 1 
1644261032.001114 1640049940 c0:98:e5:42:00:29 456 
1644261032.001294 133 136 137 172 178 179 182 190 191 195 201 202 202 212 218 
1644261032.001477 230 235 236 238 257 267 270 276 301 310 311 312 317 320 373 
1644261032.023764 ### RSSI: -42, 10, 1640049940 ,5199 
1644261032.780104 ### RSSI: -50, 13, 1640049941 ,5211 
1644261032.997937 ### DEBUG: Ticks: 5214, 15, 1 
1644261032.998225 1640049941 c0:98:e5:42:00:29 461 
1644261032.998401 98 99 103 108 118 126 131 136 139 142 151 159 159 168 169 
1644261032.998584 172 177 200 201 201 203 206 224 236 237 240 244 249 254 292 
1644261033.023285 ### RSSI: -50, 27, 1640049941 ,5215 
1644261033.771415 ### RSSI: -56, 35, 1640049942 ,5227 
1644261033.992817 ### DEBUG: Ticks: 5230, 16, 1 
1644261034.006165 1640049942 c0:98:e5:42:00:29 442 
1644261034.006461 92 105 119 125 127 129 136 138 139 149 154 158 162 168 175 
1644261034.006653 187 187 199 207 210 211 217 221 222 225 228 242 245 284 302 
1644261034.028392 ### RSSI: -49, 6, 1640049942 ,5230 
1644261034.780796 ### RSSI: -53, 11, 1640049943 ,5242 
1644261034.997187 ### DEBUG: Ticks: 5246, 16, 1 
1644261034.997467 1640049943 c0:98:e5:42:00:29 408 
1644261034.997645 78 81 84 92 101 109 109 112 112 113 117 118 125 128 150 
1644261034.997829 158 158 163 168 171 171 171 171 184 186 188 194 215 258 271 
1644261035.031066 ### RSSI: -52, 19, 1640049943 ,5246 
1644261035.773583 ### RSSI: -50, 13, 1640049944 ,5258 
1644261035.996888 ### DEBUG: Ticks: 5261, 15, 1 
1644261035.997182 1640049944 c0:98:e5:42:00:29 487 
1644261035.997360 159 168 180 203 218 225 225 243 253 253 260 262 267 274 281 
1644261035.997542 283 283 286 288 290 295 311 321 323 325 328 337 349 358 393 
1644261036.021517 ### RSSI: -49, 7, 1640049944 ,5262 
1644261036.775806 ### RSSI: -46, 2, 1640049945 ,5273 
1644261036.998092 ### ERROR: Failed reading SquarePoint packet length
1644261037.022613 ### RSSI: -52, 21, 1640049945 ,5277 
1644261037.775892 ### RSSI: -50, 13, 1640049946 ,5289 
1644261038.031261 ### RSSI: -54, 31, 1640049946 ,5293 
1644261038.776707 ### RSSI: -51, 28, 1640049947 ,5305 
1644261038.996271 ### DEBUG: Ticks: 5308, 47, 1 
1644261038.996622 1640049947 c0:98:e5:42:00:29 386 
1644261038.996801 109 119 120 123 130 137 139 148 152 153 154 157 158 173 183 
1644261038.996984 195 198 198 199 205 206 223 227 232 240 243 243 246 252 283 
1644261039.028962 ### RSSI: -50, 8, 1640049947 ,5309 
1644261039.769927 ### RSSI: -51, 14, 1640049948 ,5320 
1644261040.000607 ### DEBUG: Ticks: 5324, 16, 1 
1644261040.000903 1640049948 c0:98:e5:42:00:29 379 
1644261040.001084 40 42 65 67 67 72 72 73 74 90 96 97 101 108 120 
1644261040.001272 125 131 140 143 165 168 174 177 183 194 198 205 217 220 234 
1644261040.023671 ### RSSI: -47, 2, 1640049948 ,5324 
1644261040.775248 ### RSSI: -54, 32, 1640049949 ,5336 
1644261040.999534 ### DEBUG: Ticks: 5339, 15, 1 
1644261040.999822 1640049949 c0:98:e5:42:00:29 494 
1644261041.000013 113 135 136 137 146 161 163 169 177 178 185 189 189 201 203 
1644261041.000197 205 205 211 227 239 252 258 263 274 276 280 285 296 320 325 
1644261041.021531 ### RSSI: -50, 27, 1640049950 ,5340 
1644261041.869326 ### RSSI: -51, 19, 1640049950 ,5353 
1644261042.001717 ### DEBUG: Ticks: 5355, 16, 1 
1644261042.002002 1640049950 c0:98:e5:42:00:29 454 
1644261042.002180 68 79 92 98 105 109 109 112 115 125 140 141 149 162 173 
1644261042.002366 175 177 181 181 186 190 211 218 222 225 227 233 249 266 272 
1644261042.026532 ### RSSI: -50, 17, 1640049950 ,5355 
1644261042.870766 ### RSSI: -52, 29, 1640049950 ,5369 
1644261042.997653 ### DEBUG: Ticks: 5371, 16, 1 
1644261042.997930 1640049951 c0:98:e5:42:00:29 446 
1644261042.998123 98 103 106 122 130 136 136 140 144 145 154 156 162 182 189 
1644261042.998295 191 197 203 211 213 224 226 237 238 246 253 262 263 281 299 
1644261043.033050 ### RSSI: -46, 1, 1640049951 ,5371 
1644261043.868479 ### RSSI: -50, 26, 1640049951 ,5384 
1644261043.996742 ### DEBUG: Ticks: 5386, 15, 1 
1644261043.997029 1640049952 c0:98:e5:42:00:29 425 
1644261043.997218 87 110 114 114 116 118 142 147 158 161 167 169 178 179 182 
1644261043.997403 185 190 210 216 219 221 228 234 235 238 252 270 279 291 297 
1644261044.123507 ### RSSI: -51, 25, 1640049952 ,5388 
1644261044.876863 ### RSSI: -51, 28, 1640049953 ,5400 
1644261045.003768 ### DEBUG: Ticks: 5402, 16, 1 
1644261045.004681 1640049953 c0:98:e5:42:00:29 458 
1644261045.004869 114 172 179 189 191 195 197 202 206 212 213 213 221 234 245 
1644261045.005042 252 253 256 257 258 261 274 279 282 288 296 304 321 324 329 
1644261045.128121 ### RSSI: -49, 8, 1640049953 ,5404 
1644261045.870676 ### RSSI: -49, 5, 1640049954 ,5416 
1644261045.996604 ### DEBUG: Ticks: 5417, 15, 1 
1644261045.996888 1640049954 c0:98:e5:42:00:29 516 
1644261045.997064 59 60 66 69 76 80 86 95 99 117 119 120 121 124 131 
1644261045.997249 133 137 140 163 171 178 179 185 191 201 207 214 235 249 256 
1644261046.122361 ### RSSI: -50, 36, 1640049954 ,5419 
1644261046.875347 ### RSSI: -49, 5, 1640049955 ,5431 
1644261047.002938 ### DEBUG: Ticks: 5433, 16, 1 
1644261047.003224 1640049955 c0:98:e5:42:00:29 496 
1644261047.003405 157 185 190 198 199 201 203 211 216 217 219 229 231 237 257 
1644261047.003589 266 273 274 276 282 282 284 293 301 310 326 330 332 342 352 
1644261047.130803 ### RSSI: -50, 10, 1640049955 ,5435 
1644261047.875549 ### RSSI: -53, 18, 1640049956 ,5447 
1644261048.001603 ### DEBUG: Ticks: 5449, 16, 1 
1644261048.001890 1640049956 c0:98:e5:42:00:29 404 
1644261048.002081 119 127 145 146 148 152 154 159 173 174 182 182 184 185 205 
1644261048.002264 210 211 214 215 219 221 222 240 262 270 288 292 298 303 306 
1644261048.124866 ### RSSI: -50, 27, 1640049956 ,5451 
1644261048.872768 ### RSSI: -51, 13, 1640049957 ,5462 
1644261048.997561 ### ERROR: Failed reading SquarePoint packet length
1644261049.123823 ### RSSI: -49, 9, 1640049957 ,5466 
1644261049.869973 ### RSSI: -52, 20, 1640049958 ,5478 
1644261050.122332 ### RSSI: -49, 5, 1640049958 ,5482 
1644261050.868640 ### RSSI: -52, 10, 1640049959 ,5494 
1644261051.000453 ### DEBUG: Ticks: 5496, 47, 1 
1644261051.000811 1640049959 c0:98:e5:42:00:29 484 
1644261051.001004 27 41 42 54 56 56 59 73 76 80 80 82 93 93 95 
1644261051.001177 108 113 114 116 117 118 121 134 140 171 173 176 179 200 205 
1644261051.131994 ### RSSI: -50, 7, 1640049959 ,5498 
1644261051.873133 ### RSSI: -50, 27, 1640049960 ,5509 
1644261051.996867 ### DEBUG: Ticks: 5511, 15, 1 
1644261051.997156 1640049960 c0:98:e5:42:00:29 535 
1644261051.997334 86 98 101 119 123 125 133 142 150 151 162 165 167 179 179 
1644261051.997519 180 184 190 196 204 205 207 207 218 228 250 256 257 258 329 
1644261052.230867 ### RSSI: -53, 34, 1640049960 ,5515 
1644261052.868131 ### RSSI: -56, 11, 1640049961 ,5525 
1644261052.999738 ### DEBUG: Ticks: 5527, 16, 1 
1644261053.000025 1640049961 c0:98:e5:42:00:29 436 
1644261053.000202 148 154 159 161 169 170 173 175 182 195 195 199 202 202 211 
1644261053.000384 223 234 251 258 263 263 265 267 273 275 289 290 294 303 580 
1644261053.228252 ### RSSI: -48, 0, 1640049961 ,5530 
1644261053.868162 ### RSSI: -47, 1, 1640049962 ,5540 
1644261053.996087 ### DEBUG: Ticks: 5542, 15, 1 
1644261053.996375 1640049962 c0:98:e5:42:00:29 468 
1644261053.996608 122 144 156 162 166 180 184 187 192 194 199 204 209 223 223 
1644261053.996796 238 239 241 245 254 270 271 276 277 278 291 302 318 319 406 
1644261054.227780 ### RSSI: -46, 3, 1640049962 ,5546 
1644261054.873304 ### RSSI: -51, 25, 1640049963 ,5556 
1644261055.001855 ### DEBUG: Ticks: 5558, 16, 1 
1644261055.002144 1640049963 c0:98:e5:42:00:29 403 
1644261055.002323 0 3 21 44 50 51 52 63 67 71 76 84 87 105 113 
1644261055.002507 115 120 129 141 144 147 148 159 165 171 174 174 180 194 243 
1644261055.223596 ### RSSI: -50, 13, 1640049963 ,5562 
1644261055.876026 ### RSSI: -52, 18, 1640049964 ,5572 
1644261056.005153 ### DEBUG: Ticks: 5574, 16, 1 
1644261056.005443 1640049964 c0:98:e5:42:00:29 429 
1644261056.005623 118 126 129 131 142 143 144 152 159 163 163 167 168 172 178 
1644261056.005807 180 190 195 207 211 214 232 238 244 249 254 280 297 301 313 
1644261056.224109 ### RSSI: -52, 24, 1640049964 ,5577 
1644261056.869231 ### RSSI: -56, 11, 1640049965 ,5587 
1644261056.996758 ### DEBUG: Ticks: 5589, 15, 1 
1644261056.997038 1640049965 c0:98:e5:42:00:29 427 
1644261056.997218 67 82 87 101 102 105 106 115 119 121 128 136 137 140 157 
1644261056.997401 159 179 181 183 189 191 194 209 214 229 229 235 249 256 273 
1644261057.226001 ### RSSI: -46, 1, 1640049965 ,5593 
1644261057.871895 ### RSSI: -51, 7, 1640049966 ,5603 
1644261058.001141 ### DEBUG: Ticks: 5605, 16, 1 
1644261058.003225 1640049966 c0:98:e5:42:00:29 366 
1644261058.006122 28 36 39 41 52 71 71 77 81 82 93 99 105 108 110 
1644261058.009778 126 129 143 146 146 148 151 157 158 181 186 187 223 243 284 
1644261058.229399 ### RSSI: -54, 31, 1640049966 ,5608 
1644261058.879610 ### RSSI: -56, 11, 1640049967 ,5619 
1644261059.005162 ### DEBUG: Ticks: 5621, 16, 1 
1644261059.005458 1640049967 c0:98:e5:42:00:29 450 
1644261059.005638 129 130 130 140 144 148 148 155 157 166 166 173 174 181 184 
1644261059.005821 196 202 212 219 224 228 230 236 245 248 251 266 268 285 287 
1644261059.219319 ### RSSI: -52, 12, 1640049967 ,5624 
1644261059.878799 ### RSSI: -48, 3, 1640049968 ,5634 
1644261060.003881 ### DEBUG: Ticks: 5636, 15, 1 
1644261060.004169 1640049968 c0:98:e5:42:00:29 512 
1644261060.004361 107 129 136 136 159 163 166 177 180 181 184 195 203 204 209 
1644261060.004611 216 222 232 233 233 238 243 250 252 255 276 297 305 320 329 
1644261060.223035 ### RSSI: -51, 20, 1640049969 ,5640 
1644261060.873307 ### RSSI: -57, 17, 1640049969 ,5650 
1644261060.999741 ### DEBUG: Ticks: 5652, 16, 1 
1644261061.000026 1640049969 c0:98:e5:42:00:29 449 
1644261061.000205 256 256 258 265 270 270 272 279 282 288 295 296 301 307 310 
1644261061.000390 340 345 351 356 357 359 366 366 378 391 397 439 446 446 467 
1644261061.226353 ### RSSI: -50, 10, 1640049970 ,5655 
1644261061.867330 ### RSSI: -50, 35, 1640049970 ,5665 
1644261061.994147 ### ERROR: Failed reading SquarePoint packet length
1644261062.221326 ### RSSI: -50, 36, 1640049971 ,5671 
1644261062.872667 ### RSSI: -57, 11, 1640049971 ,5681 
1644261063.224150 ### RSSI: -50, 5, 1640049972 ,5687 
1644261063.870638 ### RSSI: -49, 4, 1640049972 ,5697 
1644261063.996878 ### DEBUG: Ticks: 5699, 47, 1 
1644261063.997155 1640049972 c0:98:e5:42:00:29 427 
1644261064.008888 64 111 114 115 117 118 119 127 129 133 137 141 147 147 165 
1644261064.010602 180 186 197 199 206 207 207 215 222 231 231 232 244 247 264 
1644261064.226546 ### RSSI: -54, 11, 1640049973 ,5702 
1644261064.386686 ### INFO: SD card flushed!
1644261064.868137 ### RSSI: -51, 13, 1640049973 ,5712 
1644261064.996796 ### DEBUG: Ticks: 5714, 15, 1 
1644261064.997082 1640049973 c0:98:e5:42:00:29 433 
1644261064.997262 76 82 109 110 111 127 128 131 136 136 145 145 148 157 165 
1644261065.008726 170 172 173 183 186 189 190 192 203 216 227 245 250 253 260 
1644261065.221809 ### RSSI: -49, 5, 1640049974 ,5718 
1644261065.875782 ### RSSI: -50, 27, 1640049974 ,5728 
1644261066.002991 ### DEBUG: Ticks: 5730, 16, 1 
1644261066.003273 1640049974 c0:98:e5:42:00:29 435 
1644261066.003463 129 150 151 163 163 182 187 188 189 205 206 207 207 217 220 
1644261066.003645 221 241 258 259 262 263 265 270 287 298 306 311 313 335 0 
1644261066.220861 ### RSSI: -48, 0, 1640049974 ,5733 
1644261066.874046 ### RSSI: -47, 2, 1640049974 ,5744 
1644261066.996348 ### DEBUG: Ticks: 5746, 16, 1 
1644261066.996713 1640049975 c0:98:e5:42:00:29 413 
1644261067.009141 145 146 147 151 153 162 170 175 176 177 182 185 186 190 191 
1644261067.009428 197 202 216 220 240 247 251 259 262 268 274 276 283 285 309 
1644261067.226470 ### RSSI: -50, 17, 1640049975 ,5749 
1644261067.876026 ### RSSI: -50, 36, 1640049975 ,5759 
1644261067.996894 ### DEBUG: Ticks: 5761, 15, 1 
1644261067.997180 1640049976 c0:98:e5:42:00:29 407 
1644261067.997357 5 13 14 21 27 38 38 44 62 69 74 77 78 79 79 
1644261067.997540 94 96 103 112 121 126 132 134 138 144 156 162 176 188 207 
1644261068.221541 ### RSSI: -51, 23, 1640049976 ,5765 
1644261068.874386 ### RSSI: -53, 18, 1640049977 ,5775 
1644261068.997611 ### DEBUG: Ticks: 5777, 16, 1 
1644261068.997903 1640049977 c0:98:e5:42:00:29 431 
1644261068.998082 47 58 59 66 68 89 91 100 110 121 122 123 131 138 145 
1644261068.998266 146 165 168 178 184 186 192 198 199 202 211 211 217 221 227 
1644261069.225472 ### RSSI: -54, 31, 1640049977 ,5780 
1644261069.877459 ### RSSI: -50, 35, 1640049978 ,5790 
1644261069.999556 ### DEBUG: Ticks: 5792, 15, 1 
1644261069.999854 1640049978 c0:98:e5:42:00:29 351 
1644261070.000032 20 21 36 37 56 57 63 73 75 76 77 79 86 97 109 
1644261070.000215 109 111 127 128 129 140 144 145 151 157 159 174 176 178 182 
1644261070.220032 ### RSSI: -51, 24, 1640049978 ,5796 
1644261070.867985 ### RSSI: -52, 21, 1640049979 ,5806 
1644261071.002913 ### DEBUG: Ticks: 5808, 16, 1 
1644261071.003219 1640049979 c0:98:e5:42:00:29 446 
1644261071.003399 80 82 84 88 116 121 129 132 134 135 138 149 155 158 168 
1644261071.003583 171 180 201 203 205 218 220 222 226 230 239 250 261 269 279 
1644261071.230216 ### RSSI: -51, 23, 1640049979 ,5812 
1644261071.875448 ### RSSI: -52, 34, 1640049980 ,5822 
1644261072.003892 ### DEBUG: Ticks: 5824, 16, 1 
1644261072.004182 1640049980 c0:98:e5:42:00:29 330 
1644261072.004363 10 34 35 46 47 49 65 72 83 85 88 89 96 98 104 
1644261072.004643 108 108 123 130 142 142 144 169 180 183 185 193 197 200 209 
1644261072.227716 ### RSSI: -51, 20, 1640049980 ,5827 
1644261072.873937 ### RSSI: -53, 32, 1640049981 ,5837 
1644261073.000269 ### DEBUG: Ticks: 5839, 15, 1 
1644261073.000623 1640049981 c0:98:e5:42:00:29 466 
1644261073.000806 96 97 110 113 139 150 151 154 158 176 179 180 186 190 202 
1644261073.000992 208 212 219 226 228 229 255 260 267 279 279 290 297 303 308 
1644261073.221649 ### RSSI: -51, 24, 1640049981 ,5843 
1644261073.877949 ### RSSI: -50, 36, 1640049982 ,5853 
1644261073.971417 ### DEBUG: BLE START SCANNING called
1644261073.997278 ### DEBUG: Ticks: 5855, 16, 1 
1644261073.997559 1640049982 c0:98:e5:42:00:29 442 
1644261074.008101 105 109 120 124 129 144 144 151 151 157 157 158 159 188 192 
1644261074.008411 195 196 211 223 225 226 232 237 238 238 279 279 282 283 329 
1644261074.008679 ### DEBUG: BLE START SCANNING called
1644261074.230629 ### RSSI: -46, 5, 1640049982 ,5858 
1644261074.230911 ### DEBUG: BLE START SCANNING called
1644261074.873617 ### RSSI: -48, 3, 1640049983 ,5868 
1644261074.873900 ### DEBUG: BLE START SCANNING called
1644261074.970494 ### DEBUG: BLE START SCANNING called
1644261074.997234 ### ERROR: Failed reading SquarePoint packet length
1644261074.997512 ### DEBUG: BLE START SCANNING called
1644261075.226749 ### RSSI: -50, 25, 1640049983 ,5874 
1644261075.227028 ### DEBUG: BLE START SCANNING called
1644261075.875435 ### RSSI: -52, 18, 1640049984 ,5884 
1644261075.875719 ### DEBUG: BLE START SCANNING called
1644261075.970381 ### DEBUG: BLE START SCANNING called
1644261076.226761 ### RSSI: -50, 27, 1640049984 ,5890 
1644261076.227040 ### DEBUG: BLE START SCANNING called
1644261076.870924 ### RSSI: -52, 24, 1640049985 ,5900 
1644261076.871205 ### DEBUG: BLE START SCANNING called
1644261076.968622 ### DEBUG: BLE START SCANNING called
1644261077.005733 ### DEBUG: Ticks: 5902, 47, 1 
1644261077.006015 1640049985 c0:98:e5:42:00:29 423 
1644261077.006192 75 76 84 100 101 108 111 112 122 125 138 151 164 170 180 
1644261077.006378 180 182 182 189 201 212 222 230 237 239 243 250 259 0 0 
1644261077.006574 ### DEBUG: BLE START SCANNING called
1644261077.220894 ### RSSI: -51, 22, 1640049985 ,5905 
1644261077.221176 ### DEBUG: BLE START SCANNING called
1644261077.877779 ### RSSI: -50, 35, 1640049986 ,5915 
1644261077.878059 ### DEBUG: BLE START SCANNING called
1644261077.978406 ### DEBUG: BLE START SCANNING called
1644261078.001948 ### DEBUG: Ticks: 5917, 15, 1 
1644261078.002245 1640049986 c0:98:e5:42:00:29 394 
1644261078.002425 110 134 139 139 143 148 158 161 162 162 174 175 179 183 184 
1644261078.002633 197 206 216 223 230 232 233 236 255 269 281 283 288 352 521 
1644261078.002807 ### DEBUG: BLE START SCANNING called
1644261078.219898 ### RSSI: -54, 11, 1640049986 ,5921 
1644261078.220177 ### DEBUG: BLE START SCANNING called
1644261078.871735 ### RSSI: -51, 25, 1640049987 ,5931 
1644261078.872021 ### DEBUG: BLE START SCANNING called
1644261079.001852 ### DEBUG: Ticks: 5933, 16, 1 
1644261079.002136 1640049987 c0:98:e5:42:00:29 430 
1644261079.002318 128 129 135 151 164 166 168 168 174 176 176 180 181 182 186 
1644261079.002527 190 209 213 221 224 244 247 248 255 263 276 282 292 300 303 
1644261079.222370 ### RSSI: -47, 2, 1640049987 ,5936 
1644261079.874550 ### RSSI: -51, 17, 1640049988 ,5947 
1644261080.008022 ### DEBUG: Ticks: 5949, 16, 1 
1644261080.008315 1640049988 c0:98:e5:42:00:29 342 
1644261080.008493 -36 -8 6 10 13 14 20 31 31 33 38 41 42 45 49 
1644261080.008750 62 65 74 79 84 88 90 95 106 121 125 157 158 159 177 
1644261080.222386 ### RSSI: -50, 27, 1640049988 ,5952 
1644261080.874057 ### RSSI: -52, 15, 1640049989 ,5962 
1644261081.000070 ### DEBUG: Ticks: 5964, 15, 1 
1644261081.000358 1640049989 c0:98:e5:42:00:29 430 
1644261081.000607 100 120 129 130 136 140 146 147 171 175 177 188 189 194 200 
1644261081.000794 201 201 225 231 232 234 244 246 252 254 256 263 280 285 301 
1644261081.222368 ### RSSI: -50, 25, 1640049989 ,5968 
1644261081.873730 ### RSSI: -52, 28, 1640049990 ,5978 
1644261082.006590 ### DEBUG: Ticks: 5980, 16, 1 
1644261082.006880 1640049990 c0:98:e5:42:00:29 434 
1644261082.007060 57 80 90 97 101 110 117 119 120 127 133 140 151 155 162 
1644261082.007242 167 175 190 194 196 205 207 211 220 224 239 242 255 256 266 
1644261082.225659 ### RSSI: -50, 17, 1640049990 ,5983 
1644261082.877000 ### RSSI: -49, 36, 1640049991 ,5993 
1644261082.997053 ### DEBUG: Ticks: 5995, 15, 1 
1644261082.997338 1640049991 c0:98:e5:42:00:29 357 
1644261083.008214 87 111 112 142 152 156 157 162 163 164 166 166 172 189 189 
1644261083.008498 191 196 198 227 232 233 255 257 258 264 285 289 290 294 308 
1644261083.226467 ### RSSI: -52, 18, 1640049991 ,5999 
1644261084.003684 ### DEBUG: Ticks: 6011, 16, 1 
1644261084.004012 1640049992 c0:98:e5:42:00:29 387 
1644261084.004194 106 124 135 138 144 151 151 162 162 163 164 173 180 181 185 
1644261084.004399 198 199 200 226 228 235 238 243 246 249 255 274 281 282 284 
1644261084.230062 ### RSSI: -51, 21, 1640049993 ,6015 
1644261084.975432 ### RSSI: -47, 0, 1640049993 ,6026 
1644261085.002556 ### DEBUG: Ticks: 6027, 16, 1 
1644261085.002829 1640049993 c0:98:e5:42:00:29 413 
1644261085.003020 93 101 120 142 143 152 158 162 165 182 183 196 210 220 222 
1644261085.003223 233 236 237 245 246 262 268 270 275 277 278 291 304 306 0 
1644261085.227288 ### RSSI: -52, 18, 1640049994 ,6030 
1644261085.969387 ### RSSI: -47, 0, 1640049994 ,6042 
1644261086.004456 ### DEBUG: Ticks: 6042, 15, 1 
1644261086.004805 1640049994 c0:98:e5:42:00:29 435 
1644261086.004990 155 169 179 186 189 190 192 198 211 216 222 223 227 229 239 
1644261086.005175 242 246 254 262 272 283 301 302 313 317 319 325 330 340 355 
1644261086.228440 ### RSSI: -50, 16, 1640049995 ,6046 
1644261086.967798 ### RSSI: -50, 24, 1640049995 ,6057 
1644261086.991347 ### ERROR: Failed reading SquarePoint packet length
1644261087.227142 ### RSSI: -51, 20, 1640049996 ,6061 
1644261087.970473 ### RSSI: -50, 24, 1640049996 ,6073 
1644261088.222079 ### RSSI: -53, 33, 1640049997 ,6077 
1644261088.967293 ### RSSI: -47, 0, 1640049997 ,6089 
1644261089.000387 ### DEBUG: Ticks: 6089, 47, 1 
1644261089.000731 1640049997 c0:98:e5:42:00:29 526 
1644261089.000922 253 254 280 282 285 297 302 303 311 312 322 323 324 332 348 
1644261089.001106 361 365 371 375 375 377 381 401 406 408 421 429 435 436 466 
1644261089.220463 ### RSSI: -50, 6, 1640049998 ,6093 
1644261089.971724 ### RSSI: -52, 12, 1640049998 ,6104 
1644261090.006408 ### DEBUG: Ticks: 6105, 16, 1 
1644261090.006699 1640049998 c0:98:e5:42:00:29 386 
1644261090.006876 145 149 177 182 182 184 189 190 197 197 200 206 214 221 222 
1644261090.007059 228 232 237 252 253 254 255 266 272 276 283 298 312 322 390 
1644261090.218378 ### RSSI: -48, 5, 1640049998 ,6108 
1644261090.966383 ### RSSI: -52, 34, 1640049999 ,6120 
1644261091.002683 ### DEBUG: Ticks: 6120, 15, 1 
1644261091.002971 1640049999 c0:98:e5:42:00:29 409 
1644261091.003151 106 109 115 129 132 135 145 160 161 163 170 189 203 206 214 
1644261091.003339 216 221 227 228 229 230 234 235 256 271 272 278 286 295 311 
1644261091.218426 ### RSSI: -49, 36, 1640049999 ,6124 
1644261091.974217 ### RSSI: -56, 34, 1640050000 ,6136 
1644261091.998560 ### DEBUG: Ticks: 6136, 16, 1 
1644261091.998852 1640050000 c0:98:e5:42:00:29 359 
1644261091.999033 112 117 120 124 141 143 150 159 159 161 162 163 164 164 166 
1644261091.999239 174 204 208 213 223 224 229 236 236 239 260 272 293 304 0 
1644261092.225865 ### RSSI: -47, 2, 1640050000 ,6140 
1644261092.969389 ### RSSI: -53, 33, 1640050001 ,6151 
1644261093.002509 ### DEBUG: Ticks: 6152, 16, 1 
1644261093.002795 1640050001 c0:98:e5:42:00:29 379 
1644261093.002973 18 33 49 52 58 62 64 69 70 72 76 89 94 97 100 
1644261093.003158 101 111 122 129 136 146 150 179 185 187 193 197 201 230 0 
1644261093.218682 ### RSSI: -50, 16, 1640050001 ,6155 
1644261093.976404 ### RSSI: -50, 13, 1640050002 ,6167 
1644261094.000341 ### DEBUG: Ticks: 6167, 15, 1 
1644261094.000678 1640050002 c0:98:e5:42:00:29 458 
1644261094.000868 160 182 196 204 209 212 218 225 227 229 244 246 249 256 263 
1644261094.001052 269 271 274 284 285 290 316 320 323 324 330 339 379 397 603 
1644261094.226975 ### RSSI: -51, 24, 1640050002 ,6171 
1644261094.969757 ### RSSI: -51, 23, 1640050003 ,6182 
1644261095.003438 ### DEBUG: Ticks: 6183, 16, 1 
1644261095.003721 1640050003 c0:98:e5:42:00:29 396 
1644261095.003911 100 110 115 130 138 140 146 149 149 155 159 162 163 179 182 
1644261095.004097 183 191 197 205 210 215 223 227 243 250 260 270 274 277 289 
1644261095.227307 ### RSSI: -47, 5, 1640050003 ,6186 
1644261095.976359 ### RSSI: -54, 11, 1640050004 ,6198 
1644261096.000429 ### DEBUG: Ticks: 6198, 15, 1 
1644261096.000752 1640050004 c0:98:e5:42:00:29 391 
1644261096.000946 60 68 86 104 105 111 112 116 118 120 129 129 131 147 148 
1644261096.001149 153 153 162 177 180 193 197 201 219 223 246 248 251 346 462 
1644261096.221400 ### RSSI: -50, 9, 1640050004 ,6202 
1644261096.966285 ### RSSI: -51, 13, 1640050005 ,6214 
1644261097.002210 ### DEBUG: Ticks: 6214, 16, 1 
1644261097.002496 1640050005 c0:98:e5:42:00:29 437 
1644261097.002674 151 162 163 171 171 172 175 177 181 199 204 209 210 212 212 
1644261097.002857 227 241 245 248 251 256 260 262 267 269 271 280 303 339 340 
1644261097.224415 ### RSSI: -46, 3, 1640050005 ,6218 
1644261097.974283 ### RSSI: -46, 1, 1640050006 ,6229 
1644261097.997010 ### DEBUG: Ticks: 6230, 16, 1 
1644261097.997302 1640050006 c0:98:e5:42:00:29 445 
1644261097.997482 153 171 171 173 189 190 190 199 201 204 218 221 231 239 240 
1644261097.997665 252 256 263 263 277 282 286 292 294 310 316 335 339 350 581 
1644261098.226589 ### RSSI: -48, 4, 1640050006 ,6233 
1644261098.966507 ### RSSI: -50, 27, 1640050007 ,6245 
1644261099.968760 
1644261099.969050 ----------------------------------------------
1644261099.969228 ### WARNING: Chip experienced a reset with reason 2
1644261100.223512 ### INFO: Bluetooth address: c0:98:e5:42:00:2c
1644261100.223799 ### DEBUG: Time is 00:00:00, 2000/00/00
1644261100.223976 ### INFO: Time is 00:00:00, 2000/00/00
1644261100.327126 ### INFO: Initializing SD Card...
1644261102.211222 ### INFO: Connecting to the SquarePoint module...
1644261102.211508 ### INFO: SquarePoint module connection successful
1644261102.211697 ### INFO: Battery voltage currently 4186 mV
1644261102.314587 ### INFO: SD card flushed!
1644261102.338544 ### INFO: SD card flushed!
1644261102.338822 ### DEBUG: BLE START SCANNING called
1644261102.887559 ### INFO: Device is now STATIONARY
1644261103.005034 ### DEBUG: Ticks: 47, 47, 0 
1644261103.005314 1640050011 c0:98:e5:42:00:29 408 
1644261103.005493 106 138 143 143 154 172 174 181 188 189 192 196 198 199 220 
1644261103.005677 225 229 236 236 244 245 254 270 274 274 279 279 287 327 331 
1644261103.005860 ### INFO: Switched Scheduler EUI from 00:00:00:00:00:00 to c0:98:e5:42:00:2c
1644261103.006032 ### DEBUG: BLE STOP SCANNING called
1644261103.212670 ### DEBUG: BLE START SCANNING called
1644261103.997237 ### DEBUG: Ticks: 62, 15, 0 
1644261103.997518 1640050012 c0:98:e5:42:00:29 452 
1644261103.997699 76 96 109 133 137 143 159 160 168 168 169 173 180 185 194 
1644261103.997884 203 206 209 220 222 224 229 245 245 247 252 253 270 293 296 
1644261104.308008 ### DEBUG: BLE START SCANNING called
1644261104.320409 ### DEBUG: BLE START SCANNING called
1644261104.344024 ### addr: c0:98:e5:42:00:29 
1644261104.344405 ### on_adv_report outer RSSI: -52, time:1640050012 
1644261104.344678 ### INFO: Discovered new device: c0:98:e5:42:00:29
1644261104.356798 ### DEBUG: connected? already connected
1644261104.357078 ### DEBUG: BLE START SCANNING called
1644261105.003959 ### DEBUG: Ticks: 78, 16, 1 
1644261105.004238 1640050013 c0:98:e5:42:00:29 456 
1644261105.004433 107 119 125 130 137 149 150 154 155 157 166 170 176 195 203 
1644261105.004678 205 207 216 217 224 224 232 233 238 239 251 281 284 292 304 
1644261105.004849 ### DEBUG: BLE START SCANNING called
1644261105.213649 ### DEBUG: BLE START SCANNING called
1644261105.442745 ### BLE EVENT: 16, INFO: BLE CONNECTED!
1644261105.443038 ### DEBUG: BLE START SCANNING called
1644261105.443215 ### RSSI: -49, 6, 1640050013 ,85 
1644261105.443385 ### DEBUG: BLE START SCANNING called
1644261105.544924 ### RSSI: -51, 13, 1640050013 ,86 
1644261105.545209 ### DEBUG: BLE START SCANNING called
1644261105.638638 ### RSSI: -53, 33, 1640050013 ,88 
1644261105.638921 ### DEBUG: BLE START SCANNING called
1644261105.745837 ### RSSI: -52, 21, 1640050014 ,90 
1644261105.746119 ### DEBUG: BLE START SCANNING called
1644261105.837368 ### RSSI: -51, 13, 1640050014 ,91 
1644261105.837651 ### DEBUG: BLE START SCANNING called
1644261105.941182 ### RSSI: -53, 29, 1640050014 ,93 
1644261105.941459 ### DEBUG: BLE START SCANNING called
1644261105.999289 ### DEBUG: Ticks: 94, 16, 1 
1644261105.999572 1640050014 c0:98:e5:42:00:29 553 
1644261105.999762 119 120 124 134 135 139 146 151 161 168 173 183 183 200 202 
1644261105.999944 202 203 213 226 234 243 243 245 255 270 275 286 300 300 543 
1644261106.000115 ### DEBUG: BLE START SCANNING called
1644261106.046659 ### RSSI: -50, 26, 1640050014 ,94 
1644261106.046940 ### DEBUG: BLE START SCANNING called
1644261106.140687 ### RSSI: -54, 31, 1640050014 ,96 
1644261106.140979 ### DEBUG: BLE START SCANNING called
1644261106.210657 ### DEBUG: BLE START SCANNING called
1644261106.236866 ### RSSI: -49, 6, 1640050014 ,97 
1644261106.237150 ### DEBUG: BLE START SCANNING called
1644261106.341782 ### RSSI: -51, 24, 1640050014 ,99 
1644261106.342069 ### DEBUG: BLE START SCANNING called
1644261106.435218 ### RSSI: -51, 12, 1640050014 ,100 
1644261106.445780 ### DEBUG: BLE START SCANNING called
1644261106.542314 ### RSSI: -51, 35, 1640050014 ,102 
1644261106.542598 ### DEBUG: BLE START SCANNING called
1644261106.635898 ### RSSI: -52, 21, 1640050014 ,104 
1644261106.636207 ### DEBUG: BLE START SCANNING called
1644261106.740997 ### RSSI: -54, 11, 1640050015 ,105 
1644261106.741280 ### DEBUG: BLE START SCANNING called
1644261106.846546 ### RSSI: -51, 20, 1640050015 ,107 
1644261106.846834 ### DEBUG: BLE START SCANNING called
1644261106.939525 ### RSSI: -53, 5, 1640050015 ,108 
1644261106.939817 ### DEBUG: BLE START SCANNING called
1644261106.997451 ### DEBUG: Ticks: 109, 15, 1 
1644261106.997733 1640050015 c0:98:e5:42:00:29 499 
1644261106.997914 50 64 67 72 86 87 89 97 100 105 106 110 113 116 126 
1644261106.998098 133 138 146 150 171 172 172 177 178 186 189 214 215 222 225 
1644261107.011026 ### DEBUG: BLE START SCANNING called
1644261107.048092 ### RSSI: -50, 26, 1640050015 ,110 
1644261107.048374 ### DEBUG: BLE START SCANNING called
1644261107.213956 ### DEBUG: BLE START SCANNING called
1644261107.996724 ### DEBUG: Ticks: 125, 16, 1 
1644261107.997001 1640050016 c0:98:e5:42:00:29 413 
1644261108.009598 61 74 77 86 92 96 104 107 108 129 130 138 146 151 157 
1644261108.009884 159 162 167 177 188 198 198 201 220 226 227 229 248 254 263 
1644261108.010075 ### DEBUG: BLE START SCANNING called
1644261108.034325 ### RSSI: -52, 18, 1640050016 ,125 
1644261108.046045 ### DEBUG: BLE START SCANNING called
1644261109.006435 ### DEBUG: Ticks: 140, 15, 1 
1644261109.006722 1640050017 c0:98:e5:42:00:29 460 
1644261109.006900 145 151 168 177 181 184 186 206 209 210 212 214 218 218 219 
1644261109.007084 222 229 246 262 265 266 267 268 273 301 302 309 332 333 420 
1644261109.040443 ### RSSI: -51, 23, 1640050017 ,141 
1644261109.997232 ### DEBUG: Ticks: 156, 16, 1 
1644261109.997516 1640050018 c0:98:e5:42:00:29 400 
1644261109.997695 3 18 22 29 29 53 56 60 75 76 88 96 97 109 119 
1644261109.997875 120 121 123 134 139 145 152 153 157 171 177 185 213 213 450 
1644261110.043624 ### RSSI: -54, 11, 1640050018 ,157 
1644261111.000442 ### DEBUG: Ticks: 172, 16, 1 
1644261111.000789 1640050019 c0:98:e5:42:00:29 417 
1644261111.000968 42 61 66 76 77 92 99 105 120 123 125 130 133 134 135 
1644261111.001153 140 151 174 178 181 182 183 192 192 196 207 213 244 248 253 
1644261111.036671 ### RSSI: -52, 29, 1640050019 ,172 
1644261112.006314 ### DEBUG: Ticks: 187, 15, 1 
1644261112.006595 1640050020 c0:98:e5:42:00:29 386 
1644261112.006772 -4 10 21 27 38 47 52 63 66 73 77 83 90 99 111 
1644261112.006955 112 130 130 132 135 141 143 156 163 165 167 186 192 209 219 
1644261112.039562 ### RSSI: -46, 2, 1640050020 ,188 
