1644249427.614510 ###RTT Client: ************************************************************ 
1644249427.614749 ###RTT Client: *               SEGGER Microcontroller GmbH                * 
1644249427.614827 ###RTT Client: *   Solutions for real time microcontroller applications   * 
1644249427.614903 ###RTT Client: ************************************************************ 
1644249427.614977 ###RTT Client: *                                                          * 
1644249427.615051 ###RTT Client: *       (c) 2012 - 2016  SEGGER Microcontroller GmbH       * 
1644249427.615127 ###RTT Client: *                                                          * 
1644249427.615202 ###RTT Client: *     www.segger.com     Support: support@segger.com       * 
1644249427.615277 ###RTT Client: *                                                          * 
1644249427.615351 ###RTT Client: ************************************************************ 
1644249427.615426 ###RTT Client: *                                                          * 
1644249427.615500 ###RTT Client: * SEGGER J-Link RTT Client   Compiled Jan 30 2018 18:46:58 * 
1644249427.615573 ###RTT Client: *                                                          * 
1644249427.615649 ###RTT Client: ************************************************************ 
1644249427.615723 
1644249427.615798 ###RTT Client: -----------------------------------------------
1644249427.615872 ###RTT Client: Connecting to J-Link RTT Server via localhost:9201  Connected.
1644249427.615947 SEGGER J-Link V6.30 - Real time terminal output
1644249427.616024 J-Link EDU Mini V1 compiled Oct  2 2020 17:00:40 V1.0, SN=801021851
1644249427.616099 Process: JLinkExe
1644249427.616173 ### RSSI: -72, 36, 1640049768 ,179 
1644249427.616248 ### RSSI: -75, 0, 1640049769 ,194 
1644249427.616322 ### DEBUG: Ticks: 197, 47, 1 
1644249427.616396 1640049770 c0:98:e5:42:00:29 3098 
1644249427.616470 2677 2721 2738 2745 2801 2809 2812 2821 2830 2832 2833 2840 2844 2847 2856 
1644249427.616597 2860 2862 2863 2870 2878 2895 2918 2923 2947 2963 3030 3062 3217 3255 3412 
1644249427.616671 ### RSSI: -69, 31, 1640049771 ,210 
1644249427.616745 ### DEBUG: Ticks: 213, 16, 1 
1644249427.616820 1640049771 c0:98:e5:42:00:29 3064 
1644249427.616894 2633 2642 2660 2660 2703 2727 2732 2733 2737 2755 2759 2760 2765 2769 2773 
1644249427.616968 2782 2787 2791 2798 2800 2801 2810 2816 2869 2882 2921 2989 3167 3173 3327 
1644249427.617043 ### RSSI: -72, 36, 1640049772 ,225 
1644249427.617116 ### DEBUG: Ticks: 229, 16, 1 
1644249427.617191 1640049772 c0:98:e5:42:00:29 3056 
1644249427.617266 2597 2619 2634 2662 2678 2682 2694 2705 2710 2711 2713 2716 2725 2726 2731 
1644249427.617340 2733 2740 2743 2745 2750 2753 2763 2779 2782 2792 2850 3115 3168 3251 3313 
1644249427.617414 ### DEBUG: Ticks: 244, 15, 1 
1644249427.617488 1640049773 c0:98:e5:42:00:29 2997 
1644249427.617562 2581 2595 2596 2617 2625 2658 2665 2667 2667 2674 2677 2682 2683 2694 2696 
1644249427.617636 2706 2706 2717 2724 2727 2729 2751 2764 2765 2768 2808 2908 2930 3096 3119 
1644249427.617710 ### DEBUG: Ticks: 260, 16, 1 
1644249427.617784 1640049774 c0:98:e5:42:00:29 3088 
1644249427.617857 2639 2653 2682 2684 2706 2741 2753 2755 2757 2764 2767 2770 2777 2779 2790 
1644249427.617931 2792 2796 2797 2798 2798 2801 2818 2836 2857 2886 2901 2982 3156 3185 3356 
1644249427.618005 ### DEBUG: Ticks: 275, 15, 1 
1644249427.618080 1640049775 c0:98:e5:42:00:29 3063 
1644249427.618154 2625 2670 2681 2690 2711 2717 2721 2721 2727 2729 2736 2738 2741 2749 2751 
1644249427.618228 2760 2765 2779 2780 2783 2796 2799 2804 2805 2815 2884 3017 3153 3216 3224 
1644249427.618302 ### BLE EVENT: 17, INFO: BLE DISCONNECTED!
1644249427.618376 ### DEBUG: Ticks: 291, 16, 0 
1644249427.618449 1640049776 c0:98:e5:42:00:29 3084 
1644249427.618524 2636 2660 2666 2668 2705 2736 2741 2744 2747 2759 2764 2771 2777 2779 2785 
1644249427.618597 2794 2809 2811 2837 2842 2853 2889 2898 2906 3020 3034 3136 3185 3350 0 
1644249427.618671 ### DEBUG: Ticks: 307, 16, 0 
1644249427.618745 1640049777 c0:98:e5:42:00:29 3046 
1644249427.618819 2698 2712 2728 2740 2741 2755 2762 2778 2787 2788 2791 2792 2798 2800 2802 
1644249427.618893 2804 2806 2819 2822 2836 2841 2849 2858 2865 2886 2901 2934 3074 3206 3262 
1644249427.618966 ### BLE EVENT: 16, INFO: BLE CONNECTED!
1644249427.619039 ### RSSI: -77, 36, 1640049778 ,319 
1644249427.619112 ### RSSI: -69, 6, 1640049778 ,320 
1644249427.619186 ### RSSI: -75, 29, 1640049778 ,322 
1644249427.619260 ### DEBUG: Ticks: 322, 15, 0 
1644249427.619334 1640049778 c0:98:e5:42:00:29 3109 
1644249427.619408 2661 2664 2679 2693 2722 2744 2755 2755 2756 2761 2764 2766 2771 2776 2789 
1644249427.619482 2791 2799 2800 2804 2811 2813 2823 2837 2878 2907 2996 2999 3181 3201 3359 
1644249427.619555 ### RSSI: -69, 25, 1640049778 ,324 
1644249427.619629 ### RSSI: -69, 25, 1640049778 ,325 
1644249427.619703 ### RSSI: -67, 24, 1640049778 ,327 
1644249427.619777 ### RSSI: -71, 10, 1640049778 ,328 
1644249427.619854 ### RSSI: -65, 27, 1640049779 ,330 
1644249427.619928 ### RSSI: -62, 22, 1640049779 ,331 
1644249427.620001 ### RSSI: -66, 14, 1640049779 ,333 
1644249427.620075 ### RSSI: -67, 7, 1640049779 ,335 
1644249427.620150 ### RSSI: -63, 18, 1640049779 ,336 
1644249427.620223 ### RSSI: -69, 25, 1640049779 ,338 
1644249427.620297 ### DEBUG: Ticks: 338, 16, 0 
1644249427.620370 1640049779 c0:98:e5:42:00:29 3016 
1644249427.620444 2675 2678 2682 2683 2706 2738 2745 2763 2765 2765 2768 2773 2783 2784 2785 
1644249427.620557 2790 2792 2799 2803 2821 2834 2837 2852 2858 2876 2927 2977 3001 3184 3208 
1644249427.620632 ### RSSI: -69, 4, 1640049779 ,339 
1644249427.620706 ### RSSI: -70, 33, 1640049779 ,341 
1644249427.620780 ### RSSI: -64, 15, 1640049779 ,342 
1644249427.620853 ### RSSI: -64, 21, 1640049779 ,344 
1644249427.620927 ### DEBUG: Ticks: 353, 15, 0 
1644249427.621001 1640049780 c0:98:e5:42:00:29 3022 
1644249427.621075 2595 2611 2630 2630 2670 2677 2679 2686 2691 2700 2709 2709 2712 2717 2719 
1644249427.621149 2719 2726 2729 2729 2745 2748 2757 2808 2818 2841 2935 2963 2982 3083 3144 
1644249427.621222 ### RSSI: -63, 18, 1640049781 ,360 
1644249427.621295 ### ERROR: Failed reading SquarePoint packet length
1644249427.621370 ### RSSI: -64, 15, 1640049782 ,375 
1644249427.621443 ### RSSI: -74, 29, 1640049783 ,391 
1644249427.621517 ### DEBUG: Ticks: 400, 47, 0 
1644249427.621591 1640049783 c0:98:e5:42:00:29 3015 
1644249427.621666 2652 2666 2680 2697 2732 2742 2752 2756 2759 2760 2766 2778 2779 2781 2784 
1644249427.621740 2788 2790 2791 2796 2798 2800 2813 2835 2840 2855 2902 2947 2985 3179 3226 
1644249427.621814 ### RSSI: -65, 13, 1640049784 ,406 
1644249427.621888 ### DEBUG: Ticks: 416, 16, 0 
1644249427.621962 1640049784 c0:98:e5:42:00:29 3057 
1644249427.622036 2605 2608 2624 2657 2676 2682 2689 2692 2697 2708 2708 2713 2720 2730 2733 
1644249427.622110 2750 2756 2760 2764 2765 2780 2780 2784 2811 2824 2852 2939 3135 3151 3263 
1644249427.622184 ### RSSI: -67, 27, 1640049785 ,422 
1644249427.622258 ### DEBUG: Ticks: 432, 16, 0 
1644249427.622331 1640049785 c0:98:e5:42:00:29 3040 
1644249427.622406 2663 2670 2711 2715 2762 2766 2767 2775 2777 2779 2781 2789 2790 2795 2801 
1644249427.622480 2807 2809 2814 2816 2828 2844 2857 2894 2923 2926 2978 3015 3084 3156 3211 
1644249427.622553 ### RSSI: -70, 2, 1640049786 ,438 
1644249427.622628 ### DEBUG: Ticks: 447, 15, 0 
1644249427.622702 1640049786 c0:98:e5:42:00:29 3090 
1644249427.622775 2692 2732 2736 2745 2767 2786 2803 2817 2822 2827 2832 2838 2843 2844 2846 
1644249427.622849 2850 2854 2865 2869 2891 2893 2901 2925 2929 2961 2967 3090 3216 3269 3416 
1644249427.622924 ### RSSI: -71, 6, 1640049787 ,453 
1644249427.622998 ### DEBUG: Ticks: 463, 16, 0 
1644249427.623072 1640049787 c0:98:e5:42:00:29 3035 
1644249427.623147 2647 2673 2691 2696 2700 2737 2739 2740 2754 2756 2759 2769 2772 2775 2778 
1644249427.623221 2779 2790 2792 2798 2807 2830 2835 2836 2880 2887 2894 3023 3028 3156 3172 
1644249427.623294 ### RSSI: -63, 15, 1640049788 ,469 
1644249427.623368 ### DEBUG: Ticks: 478, 15, 0 
1644249427.623442 1640049788 c0:98:e5:42:00:29 3004 
1644249427.623516 2609 2610 2623 2626 2672 2685 2686 2687 2690 2693 2698 2699 2711 2713 2727 
1644249427.623591 2736 2743 2751 2753 2763 2778 2785 2790 2805 2815 2836 2983 2996 3132 3132 
1644249427.623665 ### RSSI: -72, 11, 1640049789 ,484 
1644249427.623738 ### DEBUG: Ticks: 494, 16, 0 
1644249427.623812 1640049789 c0:98:e5:42:00:29 3085 
1644249427.623886 2643 2660 2662 2669 2693 2718 2726 2731 2737 2749 2757 2758 2762 2770 2779 
1644249427.623960 2790 2796 2801 2816 2835 2836 2844 2845 2847 2886 2893 3002 3165 3169 3339 
1644249427.624033 ### RSSI: -68, 26, 1640049790 ,500 
1644249427.624107 ### DEBUG: Ticks: 510, 16, 0 
1644249427.624180 1640049790 c0:98:e5:42:00:29 3101 
1644249427.624254 2654 2692 2703 2704 2727 2743 2752 2757 2766 2773 2775 2780 2783 2786 2787 
1644249427.624328 2798 2798 2801 2808 2811 2817 2823 2840 2859 2866 2906 2913 3000 3171 3234 
1644249427.624401 ### RSSI: -72, 11, 1640049790 ,516 
1644249427.624476 ### DEBUG: Ticks: 525, 15, 0 
1644249427.624605 1640049791 c0:98:e5:42:00:29 2986 
1644249427.624674 2578 2578 2600 2616 2654 2663 2670 2679 2679 2692 2692 2698 2700 2705 2710 
1644249427.624743 2711 2712 2713 2718 2744 2756 2770 2774 2790 2821 2825 2953 2963 3103 3107 
1644249427.624813 ### RSSI: -64, 18, 1640049791 ,533 
1644249427.624883 ### DEBUG: Ticks: 541, 16, 0 
1644249427.624952 1640049792 c0:98:e5:42:00:29 3013 
1644249427.625023 2617 2622 2630 2640 2674 2680 2696 2704 2709 2723 2724 2730 2733 2735 2738 
1644249427.625093 2745 2755 2771 2792 2801 2803 2809 2809 2832 2840 2849 2961 2972 3113 3153 
1644249427.625162 ### RSSI: -63, 17, 1640049792 ,548 
1644249427.625231 ### DEBUG: Ticks: 557, 16, 0 
1644249427.625300 1640049793 c0:98:e5:42:00:29 3061 
1644249427.625368 2716 2728 2755 2763 2791 2791 2792 2822 2832 2833 2838 2839 2847 2848 2850 
1644249427.625437 2860 2869 2876 2884 2884 2922 2930 2959 2969 2987 3074 3202 3275 3407 0 
1644249427.625506 ### RSSI: -71, 0, 1640049793 ,564 
1644249427.625575 ### ERROR: Failed reading SquarePoint packet length
1644249427.625643 ### RSSI: -71, 0, 1640049794 ,580 
1644249427.625713 ### RSSI: -68, 2, 1640049795 ,595 
1644249427.625781 ### DEBUG: Ticks: 603, 46, 0 
1644249427.625850 1640049796 c0:98:e5:42:00:29 3049 
1644249427.625920 2618 2619 2644 2653 2698 2710 2715 2723 2730 2736 2739 2746 2749 2752 2758 
1644249427.625989 2762 2769 2774 2775 2794 2794 2798 2815 2836 2843 2857 2990 3162 3179 3265 
1644249427.626057 ### RSSI: -68, 3, 1640049796 ,611 
1644249427.626126 ### DEBUG: Ticks: 619, 16, 0 
1644249427.626195 1640049797 c0:98:e5:42:00:29 3140 
1644249427.626264 2679 2700 2714 2716 2739 2742 2749 2780 2783 2788 2794 2800 2809 2819 2823 
1644249427.626333 2829 2830 2830 2834 2837 2841 2842 2851 2856 2886 2939 3004 3022 3195 3249 
1644249427.626402 ### RSSI: -62, 20, 1640049797 ,627 
1644249427.626472 ### DEBUG: Ticks: 635, 16, 0 
1644249427.626557 1640049798 c0:98:e5:42:00:29 3038 
1644249427.626628 2638 2660 2668 2695 2734 2739 2751 2755 2759 2761 2775 2775 2779 2780 2781 
1644249427.626698 2798 2810 2811 2818 2818 2830 2869 2884 2903 2916 3003 3057 3145 3197 3306 
1644249427.626768 ### INFO: SD card flushed!
1644249427.626837 ### RSSI: -70, 32, 1640049798 ,642 
1644249427.626907 ### DEBUG: Ticks: 650, 15, 0 
1644249427.626976 1640049799 c0:98:e5:42:00:29 3007 
1644249427.627046 2611 2645 2648 2651 2689 2691 2695 2701 2710 2715 2722 2727 2730 2746 2748 
1644249427.627114 2748 2749 2750 2755 2768 2771 2775 2791 2793 2811 2838 2945 3127 3162 3313 
1644249427.627184 ### RSSI: -68, 12, 1640049799 ,658 
1644249427.627253 ### DEBUG: Ticks: 666, 16, 0 
1644249427.627321 1640049800 c0:98:e5:42:00:29 3054 
1644249427.627389 2597 2618 2624 2642 2686 2692 2695 2701 2703 2710 2714 2718 2722 2736 2740 
1644249427.627459 2741 2749 2758 2760 2764 2765 2767 2772 2778 2782 2811 2851 2939 3131 3180 
1644249427.627528 ### RSSI: -64, 16, 1640049800 ,673 
1644249427.627597 ### DEBUG: Ticks: 682, 16, 0 
1644249427.627665 1640049801 c0:98:e5:42:00:29 3067 
1644249427.627735 2615 2640 2652 2690 2703 2710 2716 2731 2735 2735 2743 2743 2746 2747 2761 
1644249427.627804 2761 2764 2783 2794 2796 2806 2806 2823 2848 2869 3015 3026 3031 3130 3176 
1644249427.627873 ### RSSI: -65, 28, 1640049801 ,689 
1644249427.627941 ### DEBUG: Ticks: 697, 15, 0 
1644249427.628011 1640049802 c0:98:e5:42:00:29 3088 
1644249427.628080 2648 2671 2677 2700 2742 2743 2744 2754 2756 2759 2770 2776 2776 2778 2778 
1644249427.628149 2778 2789 2797 2805 2815 2820 2823 2856 2870 2890 2911 2985 2989 3188 3223 
1644249427.628218 ### RSSI: -77, 36, 1640049803 ,705 
1644249427.628288 ### DEBUG: Ticks: 713, 16, 0 
1644249427.628357 1640049803 c0:98:e5:42:00:29 3032 
1644249427.628426 2656 2671 2688 2706 2717 2764 2765 2770 2780 2781 2785 2786 2792 2794 2798 
1644249427.628494 2802 2805 2805 2812 2829 2842 2860 2867 2870 2872 2912 3025 3026 3195 3230 
1644249427.628599 ### RSSI: -68, 2, 1640049804 ,720 
1644249427.628668 ### DEBUG: Ticks: 728, 15, 0 
1644249427.628737 1640049804 c0:98:e5:42:00:29 3086 
1644249427.628807 2595 2630 2642 2649 2697 2697 2700 2701 2708 2712 2712 2728 2737 2746 2755 
1644249427.628875 2757 2761 2761 2764 2766 2769 2772 2791 2792 2847 2848 2858 2906 3131 3138 
1644249427.628944 ### RSSI: -63, 17, 1640049805 ,736 
1644249427.629013 ### DEBUG: Ticks: 744, 16, 0 
1644249427.629082 1640049805 c0:98:e5:42:00:29 3078 
1644249427.629151 2662 2670 2670 2704 2751 2752 2777 2785 2788 2788 2798 2801 2806 2812 2820 
1644249427.629220 2820 2825 2828 2842 2860 2868 2873 2880 2882 2932 3021 3185 3241 3293 3374 
1644249427.629289 ### RSSI: -65, 14, 1640049806 ,752 
1644249427.629357 ### DEBUG: Ticks: 760, 16, 0 
1644249427.629427 1640049806 c0:98:e5:42:00:29 2971 
1644249427.629496 2584 2587 2590 2608 2648 2651 2659 2660 2660 2669 2677 2681 2682 2686 2692 
1644249427.629565 2693 2698 2699 2710 2721 2726 2727 2731 2768 2781 2781 2942 2953 3042 3059 
1644249427.629634 ### RSSI: -63, 23, 1640049807 ,767 
1644249427.629702 ### ERROR: Failed reading SquarePoint packet length
1644249427.629771 ### RSSI: -75, 29, 1640049808 ,783 
1644249427.629840 ### RSSI: -69, 33, 1640049809 ,798 
1644249427.629909 ### DEBUG: Ticks: 806, 46, 0 
1644249427.629977 1640049809 c0:98:e5:42:00:29 3026 
1644249427.630046 2618 2644 2647 2657 2676 2706 2707 2707 2712 2714 2715 2718 2721 2733 2743 
1644249427.630115 2743 2748 2755 2773 2773 2775 2780 2781 2826 2856 2856 2948 2976 3148 3156 
1644249427.630183 ### RSSI: -68, 3, 1640049810 ,814 
1644249427.630252 ### DEBUG: Ticks: 822, 16, 0 
1644249427.630321 1640049810 c0:98:e5:42:00:29 3054 
1644249427.630390 2640 2650 2662 2670 2718 2728 2740 2741 2757 2768 2770 2771 2774 2775 2775 
1644249427.630459 2779 2804 2814 2815 2817 2818 2822 2858 2861 2914 2914 2919 3010 3199 3235 
1644249427.630528 ### RSSI: -65, 28, 1640049811 ,830 
1644249427.630597 ### DEBUG: Ticks: 838, 16, 0 
1644249427.630666 1640049811 c0:98:e5:42:00:29 3074 
1644249427.630735 2604 2630 2647 2656 2690 2722 2723 2726 2727 2731 2738 2746 2763 2764 2765 
1644249427.630803 2767 2773 2774 2777 2777 2796 2807 2809 2820 2827 2868 2884 2984 3158 3181 
1644249427.630872 ### RSSI: -77, 1, 1640049812 ,845 
1644249427.630941 ### DEBUG: Ticks: 853, 15, 0 
1644249427.631010 1640049812 c0:98:e5:42:00:29 3045 
1644249427.631082 2710 2725 2731 2733 2738 2770 2799 2801 2802 2810 2813 2813 2814 2816 2829 
1644249427.631151 2834 2838 2848 2858 2859 2875 2881 2894 2903 2903 2938 3068 3075 3232 3277 
1644249427.631220 ### RSSI: -72, 11, 1640049813 ,861 
1644249427.631290 ### DEBUG: Ticks: 869, 16, 0 
1644249427.631358 1640049813 c0:98:e5:42:00:29 3047 
1644249427.631427 2721 2721 2726 2737 2756 2765 2777 2795 2799 2801 2812 2814 2814 2819 2834 
1644249427.631496 2840 2853 2854 2857 2863 2881 2887 2907 2927 3076 3114 3184 3221 3338 3419 
1644249427.631565 ### RSSI: -64, 5, 1640049814 ,876 
1644249427.631633 ### DEBUG: Ticks: 885, 16, 0 
1644249427.631702 1640049814 c0:98:e5:42:00:29 3059 
1644249427.631771 2638 2683 2688 2703 2738 2740 2751 2753 2756 2756 2757 2768 2778 2780 2784 
1644249427.631840 2784 2790 2794 2794 2818 2823 2834 2840 2847 2885 3004 3020 3119 3149 3185 
1644249427.631909 ### RSSI: -71, 6, 1640049814 ,892 
1644249427.631977 ### DEBUG: Ticks: 900, 15, 0 
1644249427.632046 1640049815 c0:98:e5:42:00:29 3055 
1644249427.632115 2676 2679 2688 2711 2743 2743 2752 2756 2761 2761 2766 2769 2777 2782 2788 
1644249427.632184 2789 2793 2798 2803 2805 2814 2836 2845 2848 2868 2905 2969 3037 3186 3204 
1644249427.632254 ### RSSI: -69, 33, 1640049815 ,908 
1644249427.632323 ### DEBUG: Ticks: 916, 16, 0 
1644249427.632390 1640049816 c0:98:e5:42:00:29 3094 
1644249427.632459 2732 2734 2750 2754 2781 2799 2830 2832 2832 2836 2842 2856 2857 2871 2874 
1644249427.632580 2877 2877 2881 2887 2888 2915 2945 2955 2969 2974 3082 3089 3241 3287 3435 
1644249427.632651 ### RSSI: -67, 26, 1640049816 ,923 
1644249427.632719 ### DEBUG: Ticks: 931, 15, 0 
1644249427.632788 1640049817 c0:98:e5:42:00:29 3084 
1644249427.632858 2734 2753 2761 2766 2813 2816 2818 2820 2833 2834 2838 2838 2847 2864 2864 
1644249427.632927 2866 2872 2877 2878 2889 2926 2929 2933 2946 2969 2983 3098 3247 3313 3416 
1644249427.632995 ### RSSI: -69, 3, 1640049817 ,939 
1644249427.633064 ### DEBUG: Ticks: 947, 16, 0 
1644249427.633132 1640049818 c0:98:e5:42:00:29 3099 
1644249427.633202 2631 2653 2658 2675 2702 2706 2720 2729 2730 2738 2740 2742 2743 2748 2751 
1644249427.633270 2768 2770 2771 2778 2781 2785 2793 2796 2816 2833 2853 2946 3117 3122 3144 
1644249427.633339 ### RSSI: -69, 33, 1640049818 ,955 
1644249427.633408 ### ERROR: Failed reading SquarePoint packet length
1644249427.633476 ### RSSI: -76, 30, 1640049819 ,970 
1644249428.163954 ### RSSI: -68, 24, 1640049820 ,986 
1644249428.679747 ### DEBUG: Ticks: 994, 47, 0 
1644249428.680039 1640049821 c0:98:e5:42:00:29 3008 
1644249428.680234 2656 2680 2698 2699 2740 2742 2755 2756 2757 2760 2761 2771 2780 2782 2788 
1644249428.680417 2790 2792 2793 2797 2801 2815 2824 2858 2874 2880 2891 2900 2971 3165 3201 
1644249429.161213 ### RSSI: -76, 36, 1640049821 ,1001 
1644249429.678546 ### DEBUG: Ticks: 1010, 16, 0 
1644249429.678814 1640049822 c0:98:e5:42:00:29 2999 
1644249429.679001 2606 2655 2661 2687 2709 2722 2724 2730 2733 2740 2743 2743 2744 2744 2751 
1644249429.679184 2756 2770 2771 2776 2794 2808 2817 2823 2873 2883 2947 3022 3137 3184 3289 
1644249430.161975 ### RSSI: -73, 10, 1640049822 ,1017 
1644249430.679936 ### DEBUG: Ticks: 1025, 15, 0 
1644249430.680234 1640049823 c0:98:e5:42:00:29 3031 
1644249430.680448 2622 2662 2676 2686 2716 2735 2737 2739 2742 2751 2758 2767 2768 2774 2775 
1644249430.680695 2777 2779 2788 2789 2794 2798 2835 2835 2838 2856 2880 2974 3169 3175 3176 
1644249431.163921 ### RSSI: -65, 9, 1640049823 ,1033 
1644249431.680354 ### DEBUG: Ticks: 1041, 16, 0 
1644249431.680722 1640049824 c0:98:e5:42:00:29 3061 
1644249431.680915 2620 2621 2626 2631 2656 2676 2676 2690 2700 2704 2715 2725 2727 2733 2733 
1644249431.681100 2737 2740 2750 2752 2754 2776 2789 2794 2800 2825 2907 2911 3087 3109 3297 
1644249432.165284 ### RSSI: -67, 28, 1640049824 ,1048 
1644249432.680014 ### DEBUG: Ticks: 1056, 15, 0 
1644249432.680283 1640049825 c0:98:e5:42:00:29 2962 
1644249432.680475 2596 2605 2621 2627 2643 2667 2689 2691 2694 2695 2707 2711 2711 2712 2721 
1644249432.680913 2722 2734 2736 2740 2743 2745 2757 2763 2773 2789 2814 2924 3060 3101 3111 
1644249433.155257 ### RSSI: -66, 5, 1640049825 ,1064 
1644249433.683075 ### DEBUG: Ticks: 1072, 16, 0 
1644249433.683370 1640049826 c0:98:e5:42:00:29 3017 
1644249433.683563 2664 2675 2700 2713 2735 2738 2747 2748 2758 2762 2762 2764 2767 2773 2779 
1644249433.683751 2780 2782 2787 2791 2807 2825 2833 2841 2869 2872 2881 2920 3024 3187 3242 
1644249434.158167 ### RSSI: -69, 33, 1640049827 ,1080 
1644249434.674531 ### DEBUG: Ticks: 1088, 16, 0 
1644249434.674801 1640049827 c0:98:e5:42:00:29 3060 
1644249434.686086 2667 2679 2696 2724 2762 2763 2772 2773 2774 2777 2777 2780 2784 2790 2793 
1644249434.686332 2797 2802 2803 2816 2829 2851 2857 2857 2882 2895 2931 2939 3011 3206 3249 
1644249435.161688 ### RSSI: -72, 31, 1640049828 ,1095 
1644249435.677928 ### DEBUG: Ticks: 1103, 15, 0 
1644249435.678201 1640049828 c0:98:e5:42:00:29 3048 
1644249435.678395 2679 2698 2710 2715 2766 2781 2782 2786 2787 2788 2792 2793 2800 2810 2811 
1644249435.678580 2818 2829 2831 2831 2848 2849 2877 2882 2897 2919 3028 3100 3159 3203 3221 
1644249436.162123 ### RSSI: -65, 9, 1640049829 ,1111 
1644249436.682220 ### DEBUG: Ticks: 1119, 16, 0 
1644249436.682486 1640049829 c0:98:e5:42:00:29 3007 
1644249436.682678 2643 2678 2679 2700 2735 2737 2738 2747 2752 2754 2755 2769 2773 2779 2780 
1644249436.682864 2784 2785 2791 2796 2809 2815 2842 2844 2869 2897 2900 2995 3166 3205 3262 
1644249437.157568 ### RSSI: -73, 11, 1640049830 ,1126 
1644249437.675224 ### DEBUG: Ticks: 1134, 15, 0 
1644249437.675497 1640049830 c0:98:e5:42:00:29 3113 
1644249437.675689 2681 2686 2700 2726 2771 2773 2784 2784 2785 2789 2791 2796 2799 2801 2803 
1644249437.675875 2803 2805 2831 2831 2838 2860 2876 2899 2925 3016 3043 3209 3232 3310 3343 
1644249438.162884 ### RSSI: -69, 12, 1640049831 ,1142 
1644249438.678028 ### DEBUG: Ticks: 1150, 16, 0 
1644249438.678293 1640049831 c0:98:e5:42:00:29 3023 
1644249438.678485 2656 2661 2696 2719 2731 2733 2750 2752 2773 2790 2794 2794 2794 2801 2803 
1644249438.678669 2813 2820 2822 2843 2862 2869 2872 2883 2907 3064 3087 3188 3214 3306 3376 
1644249439.163206 ### RSSI: -62, 19, 1640049832 ,1158 
1644249439.677542 ### ERROR: Failed reading SquarePoint packet length
1644249440.160407 ### RSSI: -76, 35, 1640049833 ,1173 
1644249441.159100 ### RSSI: -70, 33, 1640049834 ,1189 
1644249441.676501 ### DEBUG: Ticks: 1197, 47, 0 
1644249441.676813 1640049834 c0:98:e5:42:00:29 3060 
1644249441.677003 2677 2693 2694 2738 2745 2755 2776 2783 2790 2798 2803 2815 2818 2833 2835 
1644249441.677189 2835 2836 2838 2865 2866 2870 2878 2880 2888 2913 2923 2969 3063 3206 3263 
1644249442.160058 ### RSSI: -72, 6, 1640049835 ,1204 
1644249442.676155 ### DEBUG: Ticks: 1213, 16, 0 
1644249442.676429 1640049835 c0:98:e5:42:00:29 3134 
1644249442.676693 2675 2702 2703 2708 2747 2762 2769 2775 2779 2780 2792 2797 2800 2808 2817 
1644249442.676878 2820 2822 2825 2827 2832 2840 2870 2883 2905 2934 2964 3166 3217 3309 3357 
1644249443.162444 ### RSSI: -71, 2, 1640049836 ,1220 
1644249443.682309 ### DEBUG: Ticks: 1228, 15, 0 
1644249443.682567 1640049836 c0:98:e5:42:00:29 3066 
1644249443.682760 2669 2685 2710 2711 2717 2743 2754 2781 2790 2790 2792 2798 2812 2813 2814 
1644249443.682943 2824 2827 2827 2832 2849 2855 2861 2861 2863 2925 2937 3048 3205 3223 3350 
1644249444.157079 ### RSSI: -63, 22, 1640049837 ,1236 
1644249444.676565 ### DEBUG: Ticks: 1244, 16, 0 
1644249444.676829 1640049837 c0:98:e5:42:00:29 3050 
1644249444.677022 2696 2702 2721 2731 2743 2776 2800 2808 2810 2810 2811 2812 2818 2819 2836 
1644249444.677206 2840 2840 2841 2848 2856 2861 2865 2897 2915 2918 3048 3051 3227 3237 3278 
1644249445.163095 ### RSSI: -70, 4, 1640049838 ,1251 
1644249445.680767 ### DEBUG: Ticks: 1259, 15, 0 
1644249445.681033 1640049838 c0:98:e5:42:00:29 3068 
1644249445.681225 2716 2726 2731 2756 2766 2767 2807 2808 2809 2826 2827 2830 2846 2846 2848 
1644249445.681407 2848 2855 2856 2870 2874 2875 2881 2890 2921 2936 2992 2992 3114 3208 3222 
1644249446.070403 ### INFO: SD card flushed!
1644249446.258406 ### RSSI: -69, 28, 1640049839 ,1269 
1644249446.679749 ### DEBUG: Ticks: 1275, 16, 0 
1644249446.680035 1640049839 c0:98:e5:42:00:29 3023 
1644249446.680226 2633 2658 2673 2676 2710 2719 2741 2741 2742 2748 2764 2772 2778 2778 2778 
1644249446.680411 2781 2785 2786 2799 2806 2816 2823 2835 2847 2869 2954 3009 3065 3147 3181 
1644249447.261093 ### RSSI: -63, 20, 1640049839 ,1284 
1644249447.681841 ### DEBUG: Ticks: 1291, 16, 0 
1644249447.682183 1640049840 c0:98:e5:42:00:29 3037 
1644249447.682363 2616 2634 2645 2658 2697 2707 2717 2720 2725 2725 2730 2735 2748 2749 2750 
1644249447.682549 2754 2757 2765 2773 2775 2786 2792 2804 2814 2822 2858 2865 2994 3160 3243 
1644249448.254692 ### RSSI: -63, 15, 1640049840 ,1300 
1644249448.675943 ### DEBUG: Ticks: 1306, 15, 0 
1644249448.676205 1640049841 c0:98:e5:42:00:29 3076 
1644249448.676423 2662 2683 2706 2723 2747 2752 2754 2757 2757 2762 2764 2765 2778 2780 2792 
1644249448.676683 2798 2808 2812 2818 2831 2835 2847 2848 2870 2888 2891 2914 3004 3176 3209 
1644249449.258344 ### RSSI: -65, 27, 1640049841 ,1315 
1644249449.680853 ### DEBUG: Ticks: 1322, 16, 0 
1644249449.681107 1640049842 c0:98:e5:42:00:29 3089 
1644249449.681298 2714 2715 2723 2751 2778 2779 2793 2800 2802 2806 2818 2821 2822 2837 2839 
1644249449.681481 2850 2852 2860 2863 2869 2870 2883 2888 2910 2932 2940 2949 3038 3208 3246 
1644249450.255094 ### RSSI: -70, 4, 1640049842 ,1331 
1644249450.676357 ### DEBUG: Ticks: 1338, 16, 0 
1644249450.676687 1640049843 c0:98:e5:42:00:29 3066 
1644249450.676881 2691 2698 2710 2718 2748 2762 2769 2787 2791 2798 2805 2814 2818 2823 2826 
1644249450.677066 2829 2830 2836 2839 2847 2869 2874 2888 2896 2921 2953 3000 3058 3184 3241 
1644249451.263328 ### RSSI: -63, 17, 1640049843 ,1347 
1644249451.675740 ### DEBUG: Ticks: 1353, 15, 0 
1644249451.675993 1640049844 c0:98:e5:42:00:29 3081 
1644249451.688239 2699 2708 2716 2728 2766 2769 2776 2777 2786 2794 2800 2811 2811 2818 2818 
1644249451.688481 2819 2824 2835 2841 2856 2857 2867 2897 2900 2917 2949 3085 3207 3278 3420 
1644249452.260431 ### RSSI: -71, 3, 1640049844 ,1362 
1644249452.671418 ### ERROR: Failed reading SquarePoint packet length
1644249453.257746 ### RSSI: -73, 33, 1640049845 ,1378 
1644249454.263787 ### RSSI: -63, 20, 1640049846 ,1393 
1644249454.673593 ### DEBUG: Ticks: 1400, 47, 0 
1644249454.684724 1640049847 c0:98:e5:42:00:29 3044 
1644249454.684966 2668 2684 2708 2753 2773 2777 2783 2793 2795 2796 2801 2803 2807 2815 2822 
1644249454.685207 2826 2826 2840 2844 2847 2850 2851 2886 2891 2898 2938 3045 3052 3202 3223 
1644249455.257459 ### RSSI: -66, 5, 1640049847 ,1409 
1644249455.676454 ### DEBUG: Ticks: 1416, 16, 0 
1644249455.676826 1640049848 c0:98:e5:42:00:29 3040 
1644249455.677022 2681 2685 2700 2710 2758 2763 2766 2775 2779 2788 2792 2802 2802 2811 2811 
1644249455.677208 2812 2818 2829 2834 2844 2849 2855 2884 2887 2893 2905 2966 3161 3220 3371 
1644249456.260634 ### RSSI: -80, 29, 1640049849 ,1425 
1644249456.677036 ### DEBUG: Ticks: 1431, 15, 0 
1644249456.677312 1640049849 c0:98:e5:42:00:29 3004 
1644249456.677507 2622 2624 2658 2670 2692 2709 2728 2728 2728 2732 2735 2736 2739 2740 2742 
1644249456.677693 2745 2747 2750 2762 2765 2767 2767 2818 2855 2873 2968 3000 3144 3175 3314 
1644249457.261773 ### RSSI: -63, 20, 1640049850 ,1440 
1644249457.677468 ### DEBUG: Ticks: 1447, 16, 0 
1644249457.677749 1640049850 c0:98:e5:42:00:29 3067 
1644249457.677940 2680 2694 2696 2717 2741 2760 2770 2774 2777 2779 2788 2794 2794 2815 2816 
1644249457.678124 2819 2832 2843 2862 2862 2862 2880 2883 2899 2934 3181 3261 3359 3408 0 
1644249458.362953 ### RSSI: -73, 10, 1640049851 ,1458 
1644249458.680952 ### DEBUG: Ticks: 1463, 16, 0 
1644249458.681248 1640049851 c0:98:e5:42:00:29 3089 
1644249458.681441 2660 2714 2723 2728 2749 2778 2779 2781 2782 2783 2802 2817 2818 2822 2826 
1644249458.681628 2827 2829 2835 2842 2866 2871 2878 2886 2908 2910 2945 3048 3205 3269 3386 
1644249459.355927 ### RSSI: -67, 5, 1640049852 ,1473 
1644249459.679383 ### DEBUG: Ticks: 1478, 15, 0 
1644249459.679653 1640049852 c0:98:e5:42:00:29 2961 
1644249459.679849 2604 2619 2621 2647 2651 2654 2670 2671 2678 2683 2685 2686 2691 2693 2697 
1644249459.680035 2698 2706 2709 2728 2730 2735 2748 2751 2795 2822 2831 2904 3117 3142 3246 
1644249460.353881 ### RSSI: -67, 8, 1640049853 ,1489 
1644249460.676053 ### DEBUG: Ticks: 1494, 16, 0 
1644249460.676321 1640049853 c0:98:e5:42:00:29 2972 
1644249460.676562 2622 2628 2638 2644 2689 2689 2704 2704 2712 2716 2725 2726 2733 2739 2739 
1644249460.676753 2743 2750 2750 2760 2763 2766 2771 2773 2792 2853 2878 2911 2989 3101 3199 
1644249461.361504 ### RSSI: -68, 0, 1640049854 ,1504 
1644249461.676051 ### DEBUG: Ticks: 1509, 15, 0 
1644249461.676317 1640049854 c0:98:e5:42:00:29 3049 
1644249461.687484 2671 2673 2675 2688 2727 2729 2731 2735 2738 2740 2751 2752 2779 2783 2788 
1644249461.687729 2791 2796 2800 2803 2806 2816 2842 2848 2887 2889 2891 3004 3009 3188 3198 
1644249462.362679 ### RSSI: -63, 19, 1640049855 ,1520 
1644249462.676034 ### DEBUG: Ticks: 1525, 16, 0 
1644249462.676297 1640049855 c0:98:e5:42:00:29 3058 
1644249462.687579 2659 2664 2665 2694 2718 2733 2734 2741 2754 2757 2764 2765 2766 2772 2787 
1644249462.687840 2791 2796 2798 2812 2827 2833 2838 2846 2847 2875 2886 2971 3054 3151 3234 
1644249463.363434 ### RSSI: -71, 32, 1640049856 ,1536 
1644249463.676990 ### DEBUG: Ticks: 1541, 16, 0 
1644249463.677261 1640049856 c0:98:e5:42:00:29 3108 
1644249463.677456 2676 2686 2696 2705 2724 2738 2760 2766 2767 2772 2778 2784 2794 2806 2810 
1644249463.687589 2810 2812 2816 2827 2834 2834 2838 2863 2868 2882 2899 3013 3083 3184 3189 
1644249464.362708 ### RSSI: -64, 27, 1640049857 ,1551 
1644249464.676206 ### DEBUG: Ticks: 1556, 15, 0 
1644249464.676487 1640049857 c0:98:e5:42:00:29 3013 
1644249464.686819 2626 2640 2651 2673 2674 2709 2712 2714 2733 2737 2742 2755 2760 2767 2768 
1644249464.687071 2771 2774 2774 2778 2781 2789 2802 2839 2883 2888 2996 3138 3198 3300 3367 
1644249465.362286 ### RSSI: -67, 7, 1640049858 ,1567 
1644249465.673522 ### ERROR: Failed reading SquarePoint packet length
1644249466.363104 ### RSSI: -67, 24, 1640049859 ,1582 
1644249467.356900 ### RSSI: -63, 22, 1640049860 ,1598 
1644249467.681859 ### DEBUG: Ticks: 1603, 47, 0 
1644249467.682145 1640049860 c0:98:e5:42:00:29 3079 
1644249467.682337 2637 2680 2707 2708 2743 2778 2778 2779 2784 2796 2797 2798 2798 2807 2809 
1644249467.682524 2810 2814 2821 2832 2834 2839 2844 2859 2899 2919 2930 3043 3182 3218 3376 
1644249468.357017 ### RSSI: -63, 22, 1640049861 ,1614 
1644249468.683971 ### DEBUG: Ticks: 1619, 16, 0 
1644249468.684216 1640049861 c0:98:e5:42:00:29 3014 
1644249468.684407 2683 2696 2697 2700 2717 2753 2758 2765 2766 2769 2776 2787 2790 2792 2793 
1644249468.684734 2797 2799 2806 2809 2844 2845 2870 2877 2889 2895 2896 2998 3061 3156 3225 
1644249469.356246 ### RSSI: -72, 2, 1640049862 ,1629 
1644249469.680283 ### DEBUG: Ticks: 1634, 15, 0 
1644249469.680589 1640049862 c0:98:e5:42:00:29 3022 
1644249469.680783 2654 2656 2659 2660 2711 2719 2720 2724 2724 2729 2739 2748 2751 2754 2759 
1644249469.680968 2770 2776 2778 2786 2791 2803 2805 2807 2846 2863 2873 2971 3129 3138 3167 
1644249470.456779 ### RSSI: -75, 31, 1640049863 ,1647 
1644249470.678395 ### DEBUG: Ticks: 1650, 16, 0 
1644249470.678680 1640049863 c0:98:e5:42:00:29 3106 
1644249470.678861 2685 2725 2732 2738 2774 2780 2788 2797 2799 2801 2819 2820 2820 2823 2825 
1644249470.679047 2831 2835 2838 2847 2879 2910 2911 2918 2926 2971 3026 3092 3130 3182 3279 
1644249471.453240 ### RSSI: -66, 16, 1640049863 ,1662 
1644249471.684103 ### DEBUG: Ticks: 1666, 16, 0 
1644249471.684369 1640049864 c0:98:e5:42:00:29 3081 
1644249471.684626 2645 2677 2679 2719 2719 2721 2752 2755 2760 2763 2763 2767 2768 2777 2777 
1644249471.684813 2780 2781 2785 2785 2790 2800 2812 2831 2839 2840 2858 2903 3155 3202 3387 
1644249472.460319 ### RSSI: -64, 22, 1640049864 ,1678 
1644249472.677971 ### DEBUG: Ticks: 1681, 15, 0 
1644249472.678236 1640049865 c0:98:e5:42:00:29 3059 
1644249472.678427 2648 2651 2677 2698 2731 2745 2751 2751 2753 2762 2764 2765 2774 2774 2774 
1644249472.678610 2777 2788 2789 2792 2800 2808 2830 2845 2847 2858 2882 2970 3026 3155 3232 
1644249473.455423 ### RSSI: -68, 0, 1640049865 ,1693 
1644249473.677315 ### DEBUG: Ticks: 1697, 16, 0 
1644249473.677607 1640049866 c0:98:e5:42:00:29 3068 
1644249473.677831 2589 2616 2621 2649 2691 2703 2712 2715 2721 2731 2739 2747 2752 2753 2756 
1644249473.678018 2756 2760 2774 2792 2803 2807 2809 2817 2829 2836 2861 2981 2982 3145 3158 
1644249474.453495 ### RSSI: -65, 21, 1640049866 ,1709 
1644249474.679997 ### DEBUG: Ticks: 1712, 15, 0 
1644249474.680266 1640049867 c0:98:e5:42:00:29 3088 
1644249474.680460 2727 2748 2748 2763 2804 2806 2810 2813 2816 2824 2829 2837 2837 2843 2846 
1644249474.680694 2854 2858 2863 2863 2863 2878 2895 2896 2911 2955 2961 3052 3127 3230 3307 
1644249475.454552 ### RSSI: -74, 6, 1640049868 ,1725 
1644249475.681044 ### DEBUG: Ticks: 1728, 16, 0 
1644249475.681300 1640049868 c0:98:e5:42:00:29 3053 
1644249475.681494 2644 2653 2658 2675 2727 2729 2730 2730 2753 2755 2761 2766 2769 2770 2771 
1644249475.681682 2777 2777 2795 2804 2815 2821 2828 2832 2885 2896 2898 2904 3003 3162 3225 
1644249476.460661 ### RSSI: -66, 22, 1640049869 ,1740 
1644249476.681321 ### DEBUG: Ticks: 1744, 16, 0 
1644249476.681588 1640049869 c0:98:e5:42:00:29 2966 
1644249476.681782 2582 2610 2619 2635 2658 2676 2689 2691 2695 2696 2696 2699 2701 2703 2707 
1644249476.681998 2714 2716 2718 2725 2740 2743 2744 2752 2779 2789 2789 2830 2929 3118 3154 
1644249477.461876 ### RSSI: -72, 10, 1640049870 ,1756 
1644249477.679594 ### DEBUG: Ticks: 1759, 15, 0 
1644249477.679890 1640049870 c0:98:e5:42:00:29 3045 
1644249477.680085 2621 2636 2637 2676 2700 2730 2732 2736 2746 2748 2752 2756 2758 2760 2776 
1644249477.680273 2783 2784 2787 2795 2796 2801 2807 2830 2834 2867 2927 2976 3146 3198 3275 
1644249478.455086 ### RSSI: -75, 35, 1640049871 ,1771 
1644249478.680502 ### ERROR: Failed reading SquarePoint packet length
1644249479.453017 ### RSSI: -64, 14, 1640049872 ,1787 
1644249480.561412 ### RSSI: -65, 5, 1640049873 ,1804 
1644249480.682127 ### DEBUG: Ticks: 1806, 47, 0 
1644249480.682423 1640049873 c0:98:e5:42:00:29 3038 
1644249480.682616 2668 2670 2681 2696 2705 2737 2756 2763 2769 2776 2777 2778 2779 2786 2787 
1644249480.682803 2798 2807 2811 2814 2815 2830 2846 2853 2884 2893 2998 3047 3183 3200 3366 
1644249481.554367 ### RSSI: -68, 25, 1640049874 ,1820 
1644249481.683201 ### DEBUG: Ticks: 1822, 16, 0 
1644249481.683468 1640049874 c0:98:e5:42:00:29 3038 
1644249481.683699 2673 2693 2698 2705 2709 2744 2749 2750 2761 2765 2767 2772 2786 2793 2796 
1644249481.683885 2799 2800 2802 2805 2821 2826 2832 2844 2909 2920 2921 2996 3191 3202 3382 
1644249482.558390 ### RSSI: -68, 7, 1640049875 ,1835 
1644249482.680687 ### DEBUG: Ticks: 1837, 15, 0 
1644249482.680945 1640049875 c0:98:e5:42:00:29 3100 
1644249482.681136 2781 2797 2798 2808 2838 2855 2863 2871 2878 2880 2882 2891 2898 2900 2907 
1644249482.681320 2914 2915 2916 2916 2933 2946 2955 2972 2979 2992 3018 3081 3237 3271 3339 
1644249483.555179 ### RSSI: -67, 12, 1640049876 ,1851 
1644249483.675890 ### DEBUG: Ticks: 1853, 16, 0 
1644249483.676160 1640049876 c0:98:e5:42:00:29 3074 
1644249483.687367 2658 2669 2670 2670 2711 2714 2714 2721 2722 2722 2751 2752 2754 2755 2757 
1644249483.687610 2761 2771 2780 2809 2819 2820 2826 2827 2872 2874 2989 3026 3100 3164 3212 
1644249484.554200 ### RSSI: -63, 27, 1640049877 ,1867 
1644249484.684440 ### DEBUG: Ticks: 1869, 16, 0 
1644249484.684782 1640049877 c0:98:e5:42:00:29 3030 
1644249484.684974 2648 2667 2669 2705 2729 2748 2754 2756 2758 2761 2767 2767 2773 2775 2788 
1644249484.685160 2790 2794 2798 2799 2807 2815 2836 2846 2848 2860 2874 3010 3182 3196 0 
1644249485.562745 ### RSSI: -64, 9, 1640049878 ,1882 
1644249485.682710 ### DEBUG: Ticks: 1884, 15, 0 
1644249485.682983 1640049878 c0:98:e5:42:00:29 3088 
1644249485.683174 2690 2698 2704 2713 2728 2777 2780 2785 2808 2809 2814 2819 2820 2822 2834 
1644249485.683359 2845 2846 2850 2873 2876 2877 2877 2891 2924 2930 3038 3118 3154 3231 3280 
1644249486.060792 ### INFO: SD card flushed!
1644249486.557401 ### RSSI: -70, 4, 1640049879 ,1898 
1644249486.679737 ### DEBUG: Ticks: 1900, 16, 0 
1644249486.679996 1640049879 c0:98:e5:42:00:29 3090 
1644249486.680188 2602 2638 2665 2682 2729 2734 2748 2753 2753 2755 2762 2772 2772 2773 2775 
1644249486.680372 2775 2789 2797 2800 2812 2829 2834 2841 2842 2875 2890 3027 3069 3167 3200 
1644249487.553226 ### RSSI: -63, 18, 1640049880 ,1914 
1644249487.683834 ### DEBUG: Ticks: 1915, 15, 0 
1644249487.684097 1640049880 c0:98:e5:42:00:29 3023 
1644249487.684288 2630 2638 2654 2675 2684 2715 2722 2727 2731 2733 2734 2741 2752 2753 2753 
1644249487.684473 2757 2762 2766 2774 2778 2788 2800 2802 2815 2856 2880 2998 3135 3184 3339 
1644249488.560091 ### RSSI: -64, 13, 1640049881 ,1929 
1644249488.680153 ### DEBUG: Ticks: 1931, 16, 0 
1644249488.680422 1640049881 c0:98:e5:42:00:29 3021 
1644249488.680675 2637 2645 2650 2654 2693 2699 2701 2709 2716 2721 2728 2736 2739 2741 2742 
1644249488.680861 2745 2745 2749 2757 2760 2785 2790 2792 2815 2821 2857 2886 3000 3152 3159 
1644249489.559025 ### RSSI: -65, 15, 1640049882 ,1945 
1644249489.678409 ### DEBUG: Ticks: 1947, 16, 0 
1644249489.678687 1640049882 c0:98:e5:42:00:29 3080 
1644249489.678906 2629 2663 2664 2675 2702 2743 2748 2754 2757 2758 2761 2771 2775 2783 2783 
1644249489.679117 2786 2794 2796 2801 2810 2815 2819 2820 2846 2856 2887 3180 3184 3346 3373 
1644249490.561818 ### RSSI: -64, 22, 1640049883 ,1960 
1644249490.679392 ### DEBUG: Ticks: 1962, 15, 0 
1644249490.679678 1640049883 c0:98:e5:42:00:29 3045 
1644249490.679872 2626 2661 2664 2673 2703 2723 2732 2734 2734 2735 2743 2743 2744 2746 2747 
1644249490.680057 2749 2769 2769 2791 2800 2809 2811 2836 2880 2887 2989 3149 3173 3241 3292 
1644249491.561559 ### RSSI: -75, 6, 1640049884 ,1976 
1644249491.680286 ### ERROR: Failed reading SquarePoint packet length
1644249492.562695 ### RSSI: -74, 11, 1640049885 ,1992 
1644249493.557468 ### RSSI: -64, 27, 1640049886 ,2007 
1644249493.679215 ### DEBUG: Ticks: 2009, 47, 0 
1644249493.679462 1640049886 c0:98:e5:42:00:29 3040 
1644249493.679655 2618 2625 2636 2638 2683 2684 2692 2692 2708 2709 2711 2722 2728 2730 2731 
1644249493.679843 2748 2749 2753 2753 2766 2777 2793 2801 2838 2846 2877 2987 3036 3112 3176 
1644249494.554194 ### RSSI: -64, 24, 1640049887 ,2023 
1644249494.676810 ### DEBUG: Ticks: 2025, 16, 0 
1644249494.677077 1640049887 c0:98:e5:42:00:29 3037 
1644249494.689348 2702 2705 2707 2717 2743 2760 2774 2779 2782 2791 2796 2798 2812 2820 2821 
1644249494.689583 2829 2830 2831 2837 2855 2872 2876 2903 2916 2918 3032 3206 3268 3383 0 
1644249495.554242 ### RSSI: -74, 0, 1640049887 ,2039 
1644249495.676933 ### DEBUG: Ticks: 2040, 15, 0 
1644249495.677198 1640049888 c0:98:e5:42:00:29 3081 
1644249495.688355 2667 2676 2680 2706 2733 2744 2762 2765 2768 2768 2774 2777 2781 2782 2789 
1644249495.688676 2792 2813 2818 2830 2834 2849 2852 2873 2874 2915 2924 3018 3129 3164 3226 
1644249496.553615 ### RSSI: -73, 2, 1640049888 ,2054 
1644249496.683015 ### DEBUG: Ticks: 2056, 16, 0 
1644249496.683273 1640049889 c0:98:e5:42:00:29 3057 
1644249496.683465 2628 2656 2659 2671 2709 2711 2721 2724 2731 2733 2740 2745 2746 2748 2755 
1644249496.683650 2769 2772 2782 2782 2788 2792 2800 2803 2825 2858 2888 3001 3069 3131 3187 
1644249497.556915 ### RSSI: -82, 1, 1640049890 ,2070 
1644249497.678036 ### DEBUG: Ticks: 2072, 16, 0 
1644249497.678304 1640049890 c0:98:e5:42:00:29 3072 
1644249497.678498 2594 2611 2612 2617 2644 2672 2673 2680 2683 2694 2695 2704 2706 2710 2710 
1644249497.678685 2713 2721 2732 2733 2747 2755 2761 2773 2778 2780 2828 2991 3118 3126 3134 
1644249498.561943 ### RSSI: -74, 12, 1640049891 ,2085 
1644249498.682257 ### DEBUG: Ticks: 2087, 15, 0 
1644249498.682498 1640049891 c0:98:e5:42:00:29 3086 
1644249498.682689 2641 2673 2673 2679 2718 2729 2735 2743 2755 2757 2759 2759 2763 2770 2776 
1644249498.682873 2782 2783 2784 2786 2788 2795 2820 2844 2848 2851 2897 2984 3161 3183 3291 
1644249499.560873 ### RSSI: -72, 32, 1640049892 ,2101 
1644249499.681861 ### DEBUG: Ticks: 2103, 16, 0 
1644249499.682563 1640049892 c0:98:e5:42:00:29 3054 
1644249499.683291 2648 2653 2684 2687 2705 2727 2735 2740 2748 2758 2767 2772 2781 2784 2786 
1644249499.683499 2793 2795 2805 2813 2830 2839 2842 2844 2880 2882 2886 2897 2998 3167 3195 
1644249500.560867 ### RSSI: -67, 16, 1640049893 ,2117 
1644249500.679959 ### DEBUG: Ticks: 2119, 16, 0 
1644249500.680250 1640049893 c0:98:e5:42:00:29 3015 
1644249500.680441 2584 2591 2608 2615 2685 2688 2689 2692 2694 2696 2698 2713 2716 2721 2725 
1644249500.680693 2729 2734 2743 2749 2764 2764 2769 2828 2836 2839 2917 2973 3090 3126 3217 
1644249501.561717 ### RSSI: -89, 35, 1640049894 ,2132 
1644249501.685561 ### DEBUG: Ticks: 2134, 15, 0 
1644249501.685823 1640049894 c0:98:e5:42:00:29 2994 
1644249501.686012 2688 2698 2703 2729 2770 2771 2802 2809 2814 2817 2821 2822 2824 2826 2826 
1644249501.686195 2828 2836 2844 2850 2872 2888 2890 2895 2909 2958 2964 3041 3238 3241 3299 
1644249502.561343 ### RSSI: -68, 4, 1640049895 ,2148 
1644249502.685150 ### DEBUG: Ticks: 2150, 16, 0 
1644249502.685483 1640049895 c0:98:e5:42:00:29 3019 
1644249502.685677 2573 2609 2612 2634 2660 2667 2671 2675 2679 2684 2685 2688 2689 2698 2703 
1644249502.685862 2724 2724 2726 2727 2733 2739 2741 2756 2782 2792 2821 2958 3078 3145 3269 
1644249503.562207 ### RSSI: -65, 20, 1640049896 ,2163 
1644249503.674403 ### DEBUG: Ticks: 2165, 15, 0 
1644249503.686682 1640049896 c0:98:e5:42:00:29 3010 
1644249503.687020 2659 2682 2694 2705 2709 2710 2715 2748 2750 2767 2772 2782 2789 2790 2793 
1644249503.687268 2796 2798 2802 2808 2813 2820 2849 2864 2869 2899 2969 3016 3144 3176 3228 
1644249504.559784 ### RSSI: -65, 27, 1640049897 ,2179 
1644249504.677652 ### ERROR: Failed reading SquarePoint packet length
1644249505.552136 ### RSSI: -65, 27, 1640049898 ,2195 
1644249506.552362 ### RSSI: -69, 28, 1640049899 ,2210 
1644249506.682093 ### DEBUG: Ticks: 2212, 47, 0 
1644249506.682338 1640049899 c0:98:e5:42:00:29 3059 
1644249506.682531 2659 2709 2714 2724 2733 2743 2753 2754 2760 2772 2790 2798 2804 2805 2807 
1644249506.682716 2813 2814 2819 2825 2859 2865 2874 2888 2907 2920 3003 3098 3195 3227 3346 
1644249507.554647 ### RSSI: -65, 15, 1640049900 ,2226 
1644249507.684363 ### DEBUG: Ticks: 2228, 16, 0 
1644249507.684680 1640049900 c0:98:e5:42:00:29 3044 
1644249507.684875 2553 2613 2616 2634 2636 2639 2640 2656 2660 2667 2680 2691 2700 2705 2712 
1644249507.685060 2717 2721 2723 2732 2734 2741 2741 2744 2755 2792 2824 2941 3088 3127 3284 
1644249508.561142 ### RSSI: -61, 28, 1640049901 ,2242 
1644249508.680845 ### DEBUG: Ticks: 2244, 16, 0 
1644249508.681090 1640049901 c0:98:e5:42:00:29 3063 
1644249508.681284 2719 2730 2742 2743 2792 2802 2810 2811 2812 2820 2835 2842 2849 2850 2850 
1644249508.681472 2855 2856 2857 2865 2870 2904 2923 2937 2990 3053 3191 3201 3286 3323 0 
1644249509.560327 ### RSSI: -64, 29, 1640049902 ,2257 
1644249509.682403 ### DEBUG: Ticks: 2259, 15, 0 
1644249509.682659 1640049902 c0:98:e5:42:00:29 2992 
1644249509.682850 2622 2627 2636 2644 2644 2687 2700 2704 2719 2722 2725 2726 2733 2735 2736 
1644249509.683036 2739 2744 2754 2764 2765 2768 2775 2785 2799 2809 2859 2862 2913 3145 3176 
1644249510.553787 ### RSSI: -63, 31, 1640049903 ,2273 
1644249510.683555 ### DEBUG: Ticks: 2275, 16, 0 
1644249510.683799 1640049903 c0:98:e5:42:00:29 3069 
1644249510.683991 2598 2630 2638 2649 2662 2684 2712 2714 2722 2728 2737 2738 2742 2751 2763 
1644249510.684177 2763 2766 2767 2779 2784 2784 2784 2819 2821 2846 2996 3045 3118 3205 3241 
1644249511.553113 ### RSSI: -62, 25, 1640049904 ,2288 
1644249511.682614 ### DEBUG: Ticks: 2290, 15, 0 
1644249511.682868 1640049904 c0:98:e5:42:00:29 3139 
1644249511.683058 2722 2724 2724 2739 2740 2763 2766 2779 2780 2801 2809 2815 2825 2826 2834 
1644249511.683243 2834 2841 2856 2859 2865 2876 2892 2931 2936 3056 3125 3128 3214 3283 3298 
1644249512.560208 ### RSSI: -61, 17, 1640049905 ,2304 
1644249512.679027 ### DEBUG: Ticks: 2306, 16, 0 
1644249512.679271 1640049905 c0:98:e5:42:00:29 3127 
1644249512.679463 2693 2702 2712 2750 2761 2771 2774 2804 2822 2837 2838 2839 2846 2859 2860 
1644249512.679678 2863 2865 2874 2882 2882 2892 2894 2925 2965 2969 2969 3206 3225 3287 3299 
1644249513.554974 ### RSSI: -68, 0, 1640049906 ,2320 
1644249513.679332 ### DEBUG: Ticks: 2322, 16, 0 
1644249513.679598 1640049906 c0:98:e5:42:00:29 3040 
1644249513.679790 2650 2663 2669 2681 2723 2727 2732 2737 2739 2756 2761 2767 2769 2769 2771 
1644249513.680007 2771 2781 2789 2790 2800 2816 2818 2830 2845 2862 2907 2988 2996 3167 3218 
1644249514.558904 ### RSSI: -65, 6, 1640049907 ,2335 
1644249514.683179 ### DEBUG: Ticks: 2337, 15, 0 
1644249514.683429 1640049907 c0:98:e5:42:00:29 3050 
1644249514.683653 2701 2725 2730 2761 2772 2795 2798 2814 2817 2822 2827 2831 2838 2844 2850 
1644249514.684204 2851 2861 2863 2885 2889 2890 2896 2908 2920 2954 2961 2962 3239 3290 3334 
1644249515.558070 ### RSSI: -61, 26, 1640049908 ,2351 
1644249515.679493 ### DEBUG: Ticks: 2353, 16, 0 
1644249515.679743 1640049908 c0:98:e5:42:00:29 3004 
1644249515.679933 2702 2705 2719 2732 2737 2739 2767 2769 2770 2775 2777 2785 2787 2793 2799 
1644249515.680116 2802 2809 2828 2830 2830 2837 2854 2888 2895 2904 2952 3003 3023 3150 3237 
1644249516.559996 ### RSSI: -61, 28, 1640049909 ,2367 
1644249516.680883 ### DEBUG: Ticks: 2368, 15, 0 
1644249516.681127 1640049909 c0:98:e5:42:00:29 3078 
1644249516.681317 2706 2711 2713 2717 2730 2733 2749 2781 2793 2798 2799 2804 2812 2816 2816 
1644249516.681502 2820 2820 2829 2832 2838 2852 2878 2883 2918 2933 2937 2989 3207 3244 3355 
1644249517.551864 ### RSSI: -63, 5, 1640049910 ,2382 
1644249517.672854 ### ERROR: Failed reading SquarePoint packet length
1644249518.551429 ### RSSI: -63, 7, 1640049911 ,2398 
1644249519.556333 ### RSSI: -63, 29, 1640049912 ,2413 
1644249519.678486 ### DEBUG: Ticks: 2415, 47, 0 
1644249519.678755 1640049912 c0:98:e5:42:00:29 3118 
1644249519.678948 2702 2715 2716 2732 2734 2752 2760 2764 2778 2786 2787 2789 2806 2806 2812 
1644249519.679135 2815 2817 2836 2838 2856 2858 2887 2895 2929 2933 2936 3043 3092 3179 3252 
1644249520.559428 ### RSSI: -65, 36, 1640049912 ,2429 
1644249520.683785 ### DEBUG: Ticks: 2431, 16, 0 
1644249520.684051 1640049913 c0:98:e5:42:00:29 3026 
1644249520.684242 2605 2699 2703 2705 2715 2727 2764 2783 2787 2789 2795 2797 2802 2808 2818 
1644249520.684428 2820 2822 2832 2834 2844 2860 2870 2884 2899 2902 2944 3127 3219 3285 3298 
1644249521.560288 ### RSSI: -59, 19, 1640049914 ,2445 
1644249521.680094 ### DEBUG: Ticks: 2447, 16, 0 
1644249521.680346 1640049914 c0:98:e5:42:00:29 3049 
1644249521.680606 2554 2600 2606 2624 2624 2704 2706 2707 2710 2713 2715 2720 2721 2723 2728 
1644249521.680793 2751 2756 2760 2761 2767 2772 2785 2808 2843 2850 3031 3066 3114 3187 3212 
1644249522.558549 ### RSSI: -69, 35, 1640049915 ,2460 
1644249522.678799 ### DEBUG: Ticks: 2462, 15, 0 
1644249522.679039 1640049915 c0:98:e5:42:00:29 3007 
1644249522.679230 2640 2667 2670 2671 2681 2693 2706 2740 2754 2772 2774 2776 2780 2782 2788 
1644249522.679415 2789 2797 2801 2808 2812 2827 2836 2901 2910 3028 3062 3090 3147 3210 3242 
1644249523.559355 ### RSSI: -63, 32, 1640049916 ,2476 
1644249523.678364 ### DEBUG: Ticks: 2478, 16, 0 
1644249523.678617 1640049916 c0:98:e5:42:00:29 3006 
1644249523.678811 2640 2661 2666 2674 2683 2725 2735 2737 2738 2743 2744 2752 2752 2754 2754 
1644249523.690003 2755 2756 2764 2767 2790 2814 2820 2820 2849 2857 2902 2967 3156 3194 3231 
1644249524.561143 ### RSSI: -64, 5, 1640049917 ,2491 
1644249524.685480 ### DEBUG: Ticks: 2493, 15, 0 
1644249524.685730 1640049917 c0:98:e5:42:00:29 3041 
1644249524.685923 2598 2609 2649 2652 2677 2679 2684 2696 2701 2701 2712 2716 2717 2727 2738 
1644249524.686107 2741 2750 2755 2761 2775 2782 2792 2812 2858 2871 2923 3051 3135 3176 3187 
1644249525.553741 ### RSSI: -61, 26, 1640049918 ,2507 
1644249525.677847 ### DEBUG: Ticks: 2509, 16, 0 
1644249525.678108 1640049918 c0:98:e5:42:00:29 3145 
1644249525.678301 2760 2783 2788 2825 2850 2850 2858 2861 2871 2876 2878 2883 2891 2891 2896 
1644249525.678486 2899 2905 2909 2909 2912 2957 3003 3003 3033 3044 3123 3187 3267 3330 3344 
1644249526.061032 ### INFO: SD card flushed!
1644249526.555396 ### RSSI: -61, 15, 1640049919 ,2523 
1644249526.679576 ### DEBUG: Ticks: 2525, 16, 0 
1644249526.679831 1640049919 c0:98:e5:42:00:29 3005 
1644249526.680025 2616 2650 2659 2665 2667 2689 2694 2703 2704 2714 2723 2728 2735 2735 2737 
1644249526.680213 2745 2746 2749 2754 2760 2795 2805 2851 2857 2866 2882 2943 3131 3190 3312 
1644249527.553196 ### RSSI: -64, 24, 1640049920 ,2538 
1644249527.683020 ### DEBUG: Ticks: 2540, 15, 0 
1644249527.683291 1640049920 c0:98:e5:42:00:29 3055 
1644249527.683483 2554 2659 2665 2669 2676 2676 2703 2703 2717 2727 2734 2740 2750 2757 2762 
1644249527.683668 2762 2781 2782 2784 2786 2796 2799 2814 2821 2837 2872 2885 3049 3162 3215 
1644249528.558597 ### RSSI: -61, 20, 1640049921 ,2554 
1644249528.678651 ### DEBUG: Ticks: 2556, 16, 0 
1644249528.678915 1640049921 c0:98:e5:42:00:29 3025 
1644249528.679109 2676 2689 2708 2709 2710 2746 2752 2753 2754 2763 2765 2769 2770 2777 2788 
1644249528.689335 2793 2797 2798 2809 2815 2820 2827 2844 2854 2874 2881 2920 2996 3163 3239 
1644249529.552121 ### RSSI: -62, 14, 1640049922 ,2570 
1644249529.682121 ### DEBUG: Ticks: 2572, 16, 0 
1644249529.682385 1640049922 c0:98:e5:42:00:29 3135 
1644249529.682578 2646 2690 2721 2727 2728 2781 2784 2784 2785 2788 2788 2788 2794 2802 2810 
1644249529.682764 2819 2822 2827 2828 2841 2864 2865 2886 2889 2903 2947 3046 3186 3231 3281 
1644249530.553131 ### RSSI: -62, 31, 1640049923 ,2585 
1644249530.681442 ### DEBUG: Ticks: 2587, 15, 0 
1644249530.681707 1640049923 c0:98:e5:42:00:29 3089 
1644249530.681901 2723 2744 2758 2761 2761 2773 2806 2830 2846 2852 2854 2866 2867 2868 2874 
1644249530.682088 2884 2885 2886 2901 2907 2908 2915 2927 2958 2962 2993 3041 3068 3231 3322 
1644249531.553737 ### RSSI: -65, 2, 1640049924 ,2601 
1644249531.682126 ### ERROR: Failed reading SquarePoint packet length
1644249532.554810 ### RSSI: -60, 26, 1640049925 ,2616 
1644249533.552954 ### RSSI: -67, 11, 1640049926 ,2632 
1644249533.681965 ### DEBUG: Ticks: 2634, 47, 0 
1644249533.682231 1640049926 c0:98:e5:42:00:29 3046 
1644249533.682423 2710 2727 2737 2739 2749 2784 2797 2806 2809 2809 2816 2819 2843 2846 2855 
1644249533.682607 2856 2856 2860 2870 2888 2900 2920 2928 2938 2972 3028 3156 3218 3297 3384 
1644249534.560001 ### RSSI: -68, 12, 1640049927 ,2648 
1644249534.679040 ### DEBUG: Ticks: 2650, 16, 0 
1644249534.679302 1640049927 c0:98:e5:42:00:29 2990 
1644249534.679481 2632 2639 2658 2675 2688 2720 2723 2723 2726 2727 2730 2738 2749 2751 2754 
1644249534.679665 2756 2764 2772 2774 2782 2804 2805 2812 2822 2837 2859 2888 2927 3133 3194 
1644249535.557434 ### RSSI: -63, 14, 1640049928 ,2663 
1644249535.677634 ### DEBUG: Ticks: 2665, 15, 0 
1644249535.677902 1640049928 c0:98:e5:42:00:29 2982 
1644249535.689083 2608 2616 2640 2641 2655 2659 2670 2675 2692 2697 2706 2713 2714 2715 2720 
1644249535.689330 2727 2728 2735 2738 2752 2759 2763 2774 2792 2837 2925 2987 3087 3143 3194 
1644249536.556286 ### RSSI: -59, 18, 1640049929 ,2679 
1644249536.685038 ### DEBUG: Ticks: 2681, 16, 0 
1644249536.685313 1640049929 c0:98:e5:42:00:29 3093 
1644249536.685507 2644 2713 2728 2750 2768 2783 2784 2798 2828 2834 2842 2850 2856 2856 2857 
1644249536.685691 2859 2861 2867 2868 2868 2871 2878 2891 2908 2921 2923 2970 2977 3224 3300 
1644249537.555637 ### RSSI: -65, 2, 1640049930 ,2695 
1644249537.678768 ### DEBUG: Ticks: 2696, 15, 0 
1644249537.679008 1640049930 c0:98:e5:42:00:29 3038 
1644249537.679201 2655 2668 2688 2696 2702 2713 2737 2743 2753 2762 2765 2765 2775 2777 2780 
1644249537.679385 2783 2788 2791 2792 2823 2832 2833 2842 2855 2864 2919 3016 3049 3136 3209 
1644249538.552311 ### RSSI: -62, 17, 1640049931 ,2710 
1644249538.678774 ### DEBUG: Ticks: 2712, 16, 0 
1644249538.679013 1640049931 c0:98:e5:42:00:29 3015 
1644249538.679205 2624 2632 2637 2637 2648 2652 2672 2680 2693 2694 2707 2711 2713 2727 2729 
1644249538.679417 2731 2740 2742 2748 2750 2778 2784 2799 2815 2857 2953 2959 2983 3067 3132 
1644249539.555567 ### RSSI: -63, 33, 1640049932 ,2726 
1644249539.679876 ### DEBUG: Ticks: 2728, 16, 0 
1644249539.680125 1640049932 c0:98:e5:42:00:29 3108 
1644249539.680317 2686 2700 2714 2719 2735 2740 2747 2752 2775 2782 2789 2789 2796 2796 2801 
1644249539.680503 2805 2817 2820 2824 2834 2845 2862 2866 2887 2925 2937 3073 3209 3249 3369 
1644249540.556725 ### RSSI: -69, 1, 1640049933 ,2741 
1644249540.686593 ### DEBUG: Ticks: 2743, 15, 0 
1644249540.686866 1640049933 c0:98:e5:42:00:29 2964 
1644249540.687062 2479 2540 2542 2558 2572 2603 2607 2607 2608 2615 2616 2627 2629 2633 2635 
1644249540.687248 2638 2650 2652 2654 2664 2674 2686 2688 2740 2748 2748 2900 3006 3082 0 
1644249541.553101 ### RSSI: -72, 0, 1640049934 ,2757 
1644249541.682860 ### DEBUG: Ticks: 2759, 16, 0 
1644249541.683131 1640049934 c0:98:e5:42:00:29 3087 
1644249541.683323 2692 2713 2729 2741 2743 2785 2788 2792 2799 2799 2808 2811 2815 2829 2829 
1644249541.683509 2836 2844 2847 2853 2860 2874 2895 2899 2915 2925 2949 3193 3264 3279 3370 
1644249542.559837 ### RSSI: -61, 20, 1640049935 ,2773 
1644249542.678721 ### DEBUG: Ticks: 2775, 16, 0 
1644249542.679608 1640049935 c0:98:e5:42:00:29 3063 
1644249542.680022 2703 2720 2728 2736 2775 2776 2779 2784 2790 2791 2791 2795 2812 2813 2820 
1644249542.680351 2823 2826 2828 2835 2840 2846 2881 2884 2905 2937 2957 3066 3077 3191 3227 
1644249543.557371 ### RSSI: -62, 13, 1640049935 ,2788 
1644249543.675343 ### DEBUG: Ticks: 2790, 15, 0 
1644249543.686536 1640049936 c0:98:e5:42:00:29 3006 
1644249543.686807 2598 2658 2661 2661 2678 2707 2711 2716 2724 2727 2733 2736 2737 2739 2744 
1644249543.687006 2744 2752 2759 2762 2779 2790 2798 2799 2821 2850 2875 2883 3066 3116 3180 
1644249544.554339 ### RSSI: -71, 0, 1640049936 ,2804 
1644249544.683405 ### DEBUG: Ticks: 2806, 16, 0 
1644249544.683681 1640049937 c0:98:e5:42:00:29 3085 
1644249544.683874 2715 2724 2729 2749 2752 2761 2797 2805 2813 2813 2818 2819 2823 2833 2837 
1644249544.684167 2842 2842 2845 2848 2850 2897 2898 2921 2961 2963 3056 3063 3183 3241 3306 
1644249545.657556 ### RSSI: -62, 30, 1640049938 ,2821 
1644249545.679875 ### ERROR: Failed reading SquarePoint packet length
1644249546.655913 ### RSSI: -61, 21, 1640049939 ,2837 
1644249547.650611 ### RSSI: -66, 6, 1640049940 ,2852 
1644249547.683753 ### DEBUG: Ticks: 2853, 47, 0 
1644249547.684015 1640049940 c0:98:e5:42:00:29 3033 
1644249547.684236 2683 2690 2705 2711 2711 2737 2749 2778 2783 2785 2793 2818 2819 2823 2824 
1644249547.684423 2824 2828 2854 2855 2861 2863 2883 2889 2920 2925 2956 3181 3247 3266 3294 
1644249548.657475 ### RSSI: -61, 17, 1640049941 ,2868 
1644249548.679633 ### DEBUG: Ticks: 2868, 15, 0 
1644249548.679893 1640049941 c0:98:e5:42:00:29 3070 
1644249548.680085 2686 2701 2707 2707 2711 2747 2754 2766 2766 2774 2776 2779 2788 2790 2791 
1644249548.680271 2795 2799 2802 2807 2808 2849 2884 2899 2899 2927 2930 3004 3178 3258 3263 
1644249549.654499 ### RSSI: -65, 33, 1640049942 ,2884 
1644249549.675547 ### DEBUG: Ticks: 2884, 16, 0 
1644249549.686717 1640049942 c0:98:e5:42:00:29 3032 
1644249549.686964 2610 2661 2662 2673 2674 2719 2721 2724 2739 2745 2746 2758 2770 2771 2774 
1644249549.687183 2795 2796 2796 2798 2818 2818 2823 2824 2828 2881 2887 2889 2891 3165 3225 
1644249550.650882 ### RSSI: -61, 28, 1640049943 ,2899 
1644249550.684203 ### DEBUG: Ticks: 2900, 16, 0 
1644249550.684467 1640049943 c0:98:e5:42:00:29 3029 
1644249550.684729 2619 2685 2694 2699 2700 2706 2707 2728 2744 2744 2756 2757 2767 2768 2771 
1644249550.684929 2774 2776 2788 2791 2794 2806 2811 2838 2839 2853 2860 2922 2934 3148 3236 
1644249551.658211 ### RSSI: -70, 0, 1640049944 ,2915 
1644249551.680337 ### DEBUG: Ticks: 2915, 15, 0 
1644249551.680649 1640049944 c0:98:e5:42:00:29 2938 
1644249551.680842 2540 2542 2547 2580 2587 2613 2622 2637 2646 2651 2655 2658 2658 2660 2667 
1644249551.681085 2667 2669 2674 2679 2684 2688 2688 2711 2723 2731 2791 2874 3054 3117 3134 
1644249552.656130 ### RSSI: -61, 17, 1640049945 ,2930 
1644249552.679398 ### DEBUG: Ticks: 2931, 16, 0 
1644249552.679683 1640049945 c0:98:e5:42:00:29 3031 
1644249552.679880 2686 2708 2713 2713 2763 2765 2793 2794 2798 2804 2808 2823 2830 2831 2836 
1644249552.680066 2846 2854 2863 2866 2875 2907 2909 2915 2926 3155 3163 3239 3268 3278 3391 
1644249553.493695 ### DEBUG: BLE START SCANNING called
1644249553.514768 ### DEBUG: BLE START SCANNING called
1644249553.536906 ### addr: c0:98:e5:42:00:29 
1644249553.537152 ### on_adv_report outer RSSI: -71, time:1640049946 
1644249553.537343 ### INFO: Discovered new device: c0:98:e5:42:00:29
1644249553.537555 ### DEBUG: connected? already connected
1644249553.537730 ### DEBUG: BLE START SCANNING called
1644249553.591518 ### BLE EVENT: 16, INFO: BLE CONNECTED!
1644249553.591786 ### DEBUG: BLE START SCANNING called
1644249553.656852 ### RSSI: -63, 31, 1640049946 ,2946 
1644249553.657106 ### DEBUG: BLE START SCANNING called
1644249553.679095 ### DEBUG: Ticks: 2946, 15, 1 
1644249553.679352 1640049946 c0:98:e5:42:00:29 3059 
1644249553.679543 2573 2600 2608 2613 2615 2647 2647 2656 2661 2662 2670 2677 2679 2686 2695 
1644249553.680298 2697 2697 2708 2718 2726 2740 2747 2749 2757 2783 2807 2823 2921 3074 3140 
1644249553.691004 ### DEBUG: BLE START SCANNING called
1644249553.691259 ### RSSI: -68, 2, 1640049946 ,2947 
1644249553.691814 ### DEBUG: BLE START SCANNING called
1644249553.756319 ### RSSI: -67, 3, 1640049946 ,2948 
1644249553.756623 ### DEBUG: BLE START SCANNING called
1644249553.799525 ### RSSI: -72, 10, 1640049946 ,2948 
1644249553.799787 ### DEBUG: BLE START SCANNING called
1644249553.853656 ### RSSI: -73, 12, 1640049946 ,2949 
1644249553.853910 ### DEBUG: BLE START SCANNING called
1644249553.897989 ### RSSI: -60, 19, 1640049946 ,2950 
1644249553.898241 ### DEBUG: BLE START SCANNING called
1644249553.952160 ### RSSI: -57, 18, 1640049946 ,2951 
1644249553.952412 ### DEBUG: BLE START SCANNING called
1644249553.996405 ### RSSI: -69, 2, 1640049946 ,2951 
1644249553.996880 ### DEBUG: BLE START SCANNING called
1644249554.050755 ### RSSI: -62, 14, 1640049946 ,2952 
1644249554.051119 ### DEBUG: BLE START SCANNING called
1644249554.094027 ### RSSI: -58, 20, 1640049946 ,2953 
1644249554.094284 ### DEBUG: BLE START SCANNING called
1644249554.159158 ### RSSI: -60, 20, 1640049946 ,2954 
1644249554.159414 ### DEBUG: BLE START SCANNING called
1644249554.191408 ### RSSI: -62, 22, 1640049946 ,2954 
1644249554.191693 ### DEBUG: BLE START SCANNING called
1644249554.255660 ### RSSI: -71, 12, 1640049947 ,2955 
1644249554.255908 ### DEBUG: BLE START SCANNING called
1644249554.299084 ### RSSI: -60, 15, 1640049947 ,2956 
1644249554.299349 ### DEBUG: BLE START SCANNING called
1644249554.353279 ### RSSI: -64, 28, 1640049947 ,2957 
1644249554.353530 ### DEBUG: BLE START SCANNING called
1644249554.396574 ### RSSI: -65, 5, 1640049947 ,2958 
1644249554.396951 ### DEBUG: BLE START SCANNING called
1644249554.450769 ### RSSI: -66, 9, 1640049947 ,2958 
1644249554.451026 ### DEBUG: BLE START SCANNING called
1644249554.494065 ### DEBUG: BLE START SCANNING called
1644249554.494352 ### RSSI: -63, 17, 1640049947 ,2959 
1644249554.494533 ### DEBUG: BLE START SCANNING called
1644249554.559404 ### RSSI: -63, 24, 1640049947 ,2960 
1644249554.559991 ### DEBUG: BLE START SCANNING called
1644249554.591684 ### RSSI: -64, 7, 1640049947 ,2961 
1644249554.591949 ### DEBUG: BLE START SCANNING called
1644249554.656957 ### RSSI: -69, 1, 1640049947 ,2962 
1644249554.657210 ### DEBUG: BLE START SCANNING called
1644249554.679443 ### DEBUG: Ticks: 2962, 16, 1 
1644249554.679927 1640049947 c0:98:e5:42:00:29 3030 
1644249554.680228 2660 2698 2702 2708 2712 2749 2754 2760 2768 2769 2770 2778 2790 2792 2795 
1644249554.680437 2804 2814 2817 2817 2840 2852 2857 2873 2906 2922 2933 2935 3001 3192 3271 
1644249554.691456 ### DEBUG: BLE START SCANNING called
1644249554.691921 ### RSSI: -67, 4, 1640049947 ,2962 
1644249554.692120 ### DEBUG: BLE START SCANNING called
1644249554.692313 ### RSSI: -67, 4, 1640049947 ,2962 
1644249554.692568 ### DEBUG: BLE START SCANNING called
1644249554.756178 ### RSSI: -60, 27, 1640049947 ,2963 
1644249554.756834 ### DEBUG: BLE START SCANNING called
1644249554.799595 ### RSSI: -58, 18, 1640049947 ,2964 
1644249554.799878 ### DEBUG: BLE START SCANNING called
1644249554.853051 ### RSSI: -64, 13, 1640049947 ,2965 
1644249554.853307 ### DEBUG: BLE START SCANNING called
1644249554.897333 ### RSSI: -70, 2, 1640049947 ,2965 
1644249554.897555 ### DEBUG: BLE START SCANNING called
1644249554.952172 ### RSSI: -63, 29, 1640049947 ,2966 
1644249554.952387 ### DEBUG: BLE START SCANNING called
1644249554.995141 ### RSSI: -61, 17, 1640049947 ,2967 
1644249554.995343 ### DEBUG: BLE START SCANNING called
1644249555.049798 ### RSSI: -60, 20, 1640049947 ,2968 
1644249555.050012 ### DEBUG: BLE START SCANNING called
1644249555.095651 ### RSSI: -68, 3, 1640049947 ,2968 
1644249555.095908 ### DEBUG: BLE START SCANNING called
1644249555.159808 ### RSSI: -62, 32, 1640049947 ,2969 
1644249555.160058 ### DEBUG: BLE START SCANNING called
1644249555.490968 ### DEBUG: BLE START SCANNING called
1644249555.685874 ### DEBUG: Ticks: 2978, 16, 1 
1644249555.686159 1640049948 c0:98:e5:42:00:29 3031 
1644249555.686337 2688 2700 2708 2758 2760 2785 2796 2798 2821 2823 2829 2834 2834 2839 2841 
1644249555.686523 2849 2854 2859 2864 2891 2893 2895 2920 2925 2946 3224 3239 3245 3294 3405 
1644249555.686697 ### DEBUG: BLE START SCANNING called
1644249556.096082 ### RSSI: -68, 10, 1640049948 ,2984 
1644249556.096349 ### DEBUG: BLE START SCANNING called
1644249556.150717 ### RSSI: -70, 12, 1640049949 ,2985 
1644249556.150972 ### DEBUG: BLE START SCANNING called
1644249556.493747 ### DEBUG: BLE START SCANNING called
1644249556.677443 ### DEBUG: Ticks: 2993, 15, 1 
1644249556.677742 1640049949 c0:98:e5:42:00:29 3006 
1644249556.688915 2668 2697 2721 2730 2742 2749 2755 2774 2785 2785 2790 2791 2793 2795 2797 
1644249556.689179 2801 2803 2805 2808 2814 2833 2858 2859 2862 2872 2901 2990 3107 3178 3237 
1644249556.689374 ### DEBUG: BLE START SCANNING called
1644249557.497352 ### DEBUG: BLE START SCANNING called
1644249557.681243 ### DEBUG: Ticks: 3009, 16, 1 
1644249557.681513 1640049950 c0:98:e5:42:00:29 3028 
1644249557.681707 2591 2619 2627 2639 2665 2684 2688 2688 2712 2732 2736 2740 2740 2741 2742 
1644249557.681892 2747 2757 2762 2763 2767 2768 2784 2797 2807 2837 2865 3001 3102 3119 3194 
1644249557.682075 ### DEBUG: BLE START SCANNING called
1644249558.678344 ### ERROR: Failed reading SquarePoint packet length
1644249560.192336 ### BLE EVENT: 17, INFO: BLE DISCONNECTED!
1644249560.257813 ### BLE EVENT: 17, INFO: BLE DISCONNECTED!
1644249560.685621 ### DEBUG: Ticks: 3056, 47, 0 
1644249560.685912 1640049953 c0:98:e5:42:00:29 2994 
1644249560.686107 2627 2649 2654 2662 2665 2691 2703 2705 2712 2714 2735 2735 2746 2748 2751 
1644249560.686292 2757 2760 2764 2781 2790 2793 2800 2804 2819 2827 2842 3099 3120 3183 3384 
1644249561.202988 ### BLE EVENT: 16, INFO: BLE CONNECTED!
1644249561.203260 ### RSSI: -61, 22, 1640049954 ,3064 
1644249561.299211 ### RSSI: -65, 33, 1640049954 ,3065 
1644249561.407160 ### RSSI: -70, 3, 1640049954 ,3067 
1644249561.503034 ### RSSI: -64, 7, 1640049954 ,3069 
1644249561.598928 ### RSSI: -60, 20, 1640049954 ,3070 
1644249561.685925 ### DEBUG: Ticks: 3071, 15, 0 
1644249561.686190 1640049954 c0:98:e5:42:00:29 3017 
1644249561.686380 2622 2640 2694 2696 2705 2722 2733 2741 2751 2754 2760 2766 2767 2770 2777 
1644249561.686567 2780 2781 2787 2795 2799 2825 2828 2837 2853 2863 2885 2907 3148 3221 3250 
1644249561.706518 ### RSSI: -63, 32, 1640049954 ,3072 
1644249561.899230 ### RSSI: -69, 5, 1640049955 ,3075 
1644249563.494843 
1644249563.495121 ----------------------------------------------
1644249563.495314 ### WARNING: Chip experienced a reset with reason 2
1644249563.740898 ### INFO: Bluetooth address: c0:98:e5:42:00:2c
1644249563.753247 ### DEBUG: Time is 00:00:00, 2000/00/00
1644249563.753495 ### INFO: Time is 00:00:00, 2000/00/00
1644249563.849240 ### INFO: Initializing SD Card...
1644249566.839725 ### INFO: Connecting to the SquarePoint module...
1644249566.840016 ### INFO: SquarePoint module connection successful
1644249566.840199 ### INFO: Device is now STATIONARY
1644249566.840383 ### INFO: Battery voltage currently 4186 mV
1644249566.925034 ### INFO: SD card flushed!
1644249566.958184 ### INFO: SD card flushed!
1644249566.958439 ### DEBUG: BLE START SCANNING called
1644249567.679550 ### DEBUG: Ticks: 65, 65, 0 
1644249567.679812 1640049960 c0:98:e5:42:00:29 3053 
1644249567.689959 2603 2651 2673 2690 2694 2730 2731 2735 2743 2746 2755 2762 2767 2768 2778 
1644249567.690212 2787 2792 2814 2816 2817 2826 2854 2882 2902 2904 2904 3085 3159 3227 3259 
1644249567.690441 ### INFO: Switched Scheduler EUI from 00:00:00:00:00:00 to c0:98:e5:42:00:2c
1644249567.690626 ### DEBUG: BLE STOP SCANNING called
1644249567.840168 ### DEBUG: BLE START SCANNING called
1644249568.686701 ### DEBUG: Ticks: 81, 16, 0 
1644249568.686989 1640049961 c0:98:e5:42:00:29 3025 
1644249568.687183 2637 2648 2654 2662 2684 2703 2731 2735 2739 2741 2746 2755 2758 2766 2767 
1644249568.687370 2773 2775 2775 2782 2804 2823 2847 2868 2884 2976 3083 3089 3132 3201 3237 
1644249568.943618 ### addr: c0:98:e5:42:00:29 
1644249568.954853 ### on_adv_report outer RSSI: -70, time:1640049961 
1644249568.955123 ### INFO: Discovered new device: c0:98:e5:42:00:29
1644249568.955314 ### DEBUG: connected? already connected
1644249568.955488 ### DEBUG: BLE START SCANNING called
1644249569.008232 ### BLE EVENT: 16, INFO: BLE CONNECTED!
1644249569.008492 ### DEBUG: BLE START SCANNING called
1644249569.008719 ### RSSI: -73, 10, 1640049961 ,86 
1644249569.008907 ### DEBUG: BLE START SCANNING called
1644249569.106613 ### RSSI: -68, 35, 1640049961 ,87 
1644249569.106864 ### DEBUG: BLE START SCANNING called
1644249569.214729 ### RSSI: -61, 15, 1640049961 ,89 
1644249569.214981 ### DEBUG: BLE START SCANNING called
1644249569.311946 ### RSSI: -61, 25, 1640049962 ,90 
1644249569.312192 ### DEBUG: BLE START SCANNING called
1644249569.407906 ### RSSI: -59, 20, 1640049962 ,92 
1644249569.408150 ### DEBUG: BLE START SCANNING called
1644249569.505028 ### RSSI: -67, 11, 1640049962 ,93 
1644249569.515170 ### DEBUG: BLE START SCANNING called
1644249569.612139 ### RSSI: -69, 12, 1640049962 ,95 
1644249569.612388 ### DEBUG: BLE START SCANNING called
1644249569.676212 ### DEBUG: Ticks: 96, 15, 1 
1644249569.687405 1640049962 c0:98:e5:42:00:29 3051 
1644249569.687650 2659 2662 2670 2687 2700 2703 2739 2750 2756 2757 2758 2758 2768 2769 2772 
1644249569.687876 2781 2785 2788 2793 2807 2847 2883 2887 2891 2986 3035 3114 3125 3213 3247 
1644249569.688060 ### DEBUG: BLE START SCANNING called
1644249569.709126 ### RSSI: -65, 7, 1640049962 ,97 
1644249569.709366 ### DEBUG: BLE START SCANNING called
1644249569.807207 ### RSSI: -70, 0, 1640049962 ,98 
1644249569.807456 ### DEBUG: BLE START SCANNING called
1644249569.839402 ### DEBUG: BLE START SCANNING called
1644249569.914328 ### RSSI: -57, 18, 1640049962 ,100 
1644249569.914576 ### DEBUG: BLE START SCANNING called
1644249570.011493 ### RSSI: -60, 16, 1640049962 ,101 
1644249570.011740 ### DEBUG: BLE START SCANNING called
1644249570.109680 ### RSSI: -66, 5, 1640049962 ,103 
1644249570.109932 ### DEBUG: BLE START SCANNING called
1644249570.206871 ### RSSI: -60, 21, 1640049962 ,104 
1644249570.207118 ### DEBUG: BLE START SCANNING called
1644249570.315000 ### RSSI: -64, 8, 1640049963 ,106 
1644249570.315245 ### DEBUG: BLE START SCANNING called
1644249570.412046 ### RSSI: -68, 35, 1640049963 ,108 
1644249570.412294 ### DEBUG: BLE START SCANNING called
1644249570.509137 ### RSSI: -58, 27, 1640049963 ,109 
1644249570.509390 ### DEBUG: BLE START SCANNING called
1644249570.606293 ### RSSI: -68, 4, 1640049963 ,111 
1644249570.606536 ### DEBUG: BLE START SCANNING called
1644249570.681380 ### DEBUG: Ticks: 112, 16, 1 
1644249570.681624 1640049963 c0:98:e5:42:00:29 2994 
1644249570.681817 2677 2678 2691 2705 2706 2723 2731 2734 2758 2761 2765 2775 2784 2790 2795 
1644249570.682004 2797 2802 2803 2806 2807 2817 2817 2869 2893 2894 2937 2973 3088 3164 3210 
1644249570.682215 ### DEBUG: BLE START SCANNING called
1644249570.841706 ### DEBUG: BLE START SCANNING called
1644249571.607528 ### RSSI: -58, 27, 1640049964 ,126 
1644249571.607782 ### DEBUG: BLE START SCANNING called
1644249571.684729 ### DEBUG: Ticks: 127, 15, 1 
1644249571.684967 1640049964 c0:98:e5:42:00:29 3054 
1644249571.685159 2659 2662 2677 2696 2702 2717 2736 2746 2748 2762 2767 2769 2775 2782 2784 
1644249571.685343 2785 2787 2798 2801 2802 2818 2833 2864 2881 2892 2894 2998 3034 3166 3231 
1644249571.685530 ### DEBUG: BLE START SCANNING called
1644249571.845157 ### DEBUG: BLE START SCANNING called
1644249572.608876 ### RSSI: -70, 9, 1640049965 ,142 
1644249572.609157 ### DEBUG: BLE START SCANNING called
1644249572.675654 ### ERROR: Failed reading SquarePoint packet length
1644249572.675899 ### DEBUG: BLE START SCANNING called
1644249573.611403 ### RSSI: -70, 9, 1640049966 ,157 
1644249574.611377 ### RSSI: -71, 2, 1640049967 ,173 
1644249574.686642 ### DEBUG: Ticks: 174, 47, 1 
1644249574.686896 1640049967 c0:98:e5:42:00:29 3079 
1644249574.687091 2682 2698 2706 2719 2729 2735 2770 2777 2779 2786 2787 2802 2811 2812 2816 
1644249574.687580 2817 2824 2825 2829 2834 2843 2872 2895 2899 2910 2996 3105 3178 3222 3351 
1644249575.608850 ### RSSI: -62, 30, 1640049968 ,189 
1644249575.683806 ### DEBUG: Ticks: 190, 16, 1 
1644249575.684059 1640049968 c0:98:e5:42:00:29 3059 
1644249575.684253 2711 2715 2718 2723 2726 2761 2789 2793 2799 2799 2807 2821 2831 2837 2838 
1644249575.684439 2839 2844 2844 2848 2859 2865 2875 2902 2935 2944 2961 3019 3141 3219 3283 
1644249576.609974 ### RSSI: -60, 26, 1640049969 ,204 
1644249576.686814 ### DEBUG: Ticks: 205, 15, 1 
1644249576.687069 1640049969 c0:98:e5:42:00:29 3017 
1644249576.687263 2666 2681 2683 2693 2730 2733 2741 2746 2753 2765 2771 2777 2779 2786 2798 
1644249576.687450 2806 2808 2809 2810 2813 2816 2822 2891 2893 2901 2921 3011 3080 3172 3262 
1644249577.608233 ### RSSI: -70, 9, 1640049970 ,220 
1644249577.684184 ### DEBUG: Ticks: 221, 16, 1 
1644249577.684434 1640049970 c0:98:e5:42:00:29 3088 
1644249577.684703 2729 2732 2735 2737 2742 2753 2795 2798 2806 2818 2823 2825 2829 2830 2841 
1644249577.684914 2856 2856 2859 2862 2864 2872 2875 2927 2946 2947 2958 3133 3162 3207 3300 
1644249578.612503 ### RSSI: -59, 20, 1640049971 ,236 
1644249578.679621 ### DEBUG: Ticks: 237, 16, 1 
1644249578.679860 1640049971 c0:98:e5:42:00:29 3022 
1644249578.691035 2705 2716 2726 2730 2745 2753 2755 2761 2769 2774 2778 2789 2797 2799 2800 
1644249578.691275 2801 2805 2816 2816 2843 2853 2872 2877 2879 2883 2940 2975 3149 3227 3236 
1644249579.609507 ### RSSI: -59, 23, 1640049972 ,251 
1644249579.684432 ### DEBUG: Ticks: 252, 15, 1 
1644249579.684727 1640049972 c0:98:e5:42:00:29 3001 
1644249579.684921 2645 2659 2660 2664 2670 2697 2719 2735 2736 2739 2739 2745 2745 2752 2753 
1644249579.685130 2760 2765 2768 2775 2779 2792 2810 2842 2860 2862 2880 2998 3114 3207 3212 
1644249580.612830 ### RSSI: -60, 28, 1640049973 ,267 
1644249580.676994 ### DEBUG: Ticks: 268, 16, 1 
1644249580.688163 1640049973 c0:98:e5:42:00:29 3025 
1644249580.688403 2573 2621 2632 2643 2668 2670 2704 2707 2719 2722 2725 2736 2737 2739 2749 
1644249580.688714 2756 2757 2758 2768 2776 2780 2785 2787 2803 2819 2820 2846 2913 3121 3196 
1644249581.608789 ### RSSI: -60, 27, 1640049974 ,282 
1644249581.683660 ### DEBUG: Ticks: 284, 16, 1 
1644249581.683897 1640049974 c0:98:e5:42:00:29 3001 
1644249581.684088 2650 2700 2702 2715 2726 2728 2741 2753 2766 2770 2770 2778 2781 2788 2788 
1644249581.684275 2790 2794 2817 2820 2847 2850 2858 2867 2876 2901 2929 2965 3159 3226 3435 
1644249582.610132 ### RSSI: -74, 10, 1640049975 ,298 
1644249582.686597 ### DEBUG: Ticks: 299, 15, 1 
1644249582.686832 1640049975 c0:98:e5:42:00:29 3035 
1644249582.687022 2541 2602 2612 2629 2637 2685 2691 2693 2697 2699 2713 2719 2722 2729 2731 
1644249582.687208 2750 2752 2753 2758 2772 2773 2787 2807 2817 2823 2836 2850 3114 3187 0 
1644249583.604069 ### RSSI: -62, 30, 1640049976 ,314 
1644249583.680885 ### DEBUG: Ticks: 315, 16, 1 
1644249583.681149 1640049976 c0:98:e5:42:00:29 2995 
1644249583.681344 2620 2627 2637 2657 2668 2686 2720 2722 2727 2736 2739 2741 2743 2745 2746 
1644249583.681879 2747 2751 2763 2775 2779 2796 2805 2822 2834 2866 2933 3011 3111 3130 3236 
1644249584.612761 ### RSSI: -61, 26, 1640049976 ,329 
1644249584.680039 ### DEBUG: Ticks: 330, 15, 1 
1644249584.680297 1640049977 c0:98:e5:42:00:29 3108 
1644249584.680491 2675 2676 2688 2694 2695 2731 2750 2751 2751 2762 2767 2768 2769 2782 2786 
1644249584.680761 2787 2791 2796 2810 2811 2848 2858 2863 2889 3001 3061 3106 3140 3225 3253 
1644249585.610825 ### RSSI: -60, 26, 1640049978 ,345 
1644249585.686711 ### DEBUG: Ticks: 346, 16, 1 
1644249585.686977 1640049978 c0:98:e5:42:00:29 3010 
1644249585.687172 2633 2649 2666 2670 2696 2701 2734 2738 2743 2745 2747 2748 2755 2764 2764 
1644249585.687359 2766 2769 2773 2776 2790 2804 2830 2848 2865 2879 3038 3111 3172 3268 0 
1644249586.612754 ### RSSI: -68, 35, 1640049979 ,361 
1644249586.677944 ### ERROR: Failed reading SquarePoint packet length
1644249587.603288 ### RSSI: -67, 2, 1640049980 ,376 
1644249588.606332 ### RSSI: -60, 25, 1640049981 ,392 
1644249588.682506 ### DEBUG: Ticks: 393, 47, 1 
1644249588.682767 1640049981 c0:98:e5:42:00:29 3027 
1644249588.682961 2680 2685 2694 2710 2725 2747 2759 2765 2774 2796 2796 2804 2805 2807 2810 
1644249588.683149 2816 2817 2817 2820 2825 2841 2888 2909 2913 2918 3044 3087 3153 3160 3257 
1644249589.608945 ### RSSI: -58, 23, 1640049982 ,407 
1644249589.685129 ### DEBUG: Ticks: 409, 16, 1 
1644249589.685392 1640049982 c0:98:e5:42:00:29 2977 
1644249589.685586 2515 2575 2588 2624 2629 2652 2658 2673 2675 2696 2699 2701 2701 2701 2705 
1644249589.685773 2716 2721 2722 2730 2737 2742 2772 2773 2782 2783 2785 2855 3129 3187 3224 
1644249590.607404 ### RSSI: -60, 27, 1640049983 ,423 
1644249590.683422 ### DEBUG: Ticks: 424, 15, 1 
1644249590.683694 1640049983 c0:98:e5:42:00:29 3012 
1644249590.683888 2642 2654 2654 2697 2721 2748 2748 2768 2779 2779 2780 2784 2784 2787 2789 
1644249590.684087 2791 2797 2802 2805 2805 2832 2858 2885 2887 2907 2908 2996 3161 3209 3271 
1644249591.606130 ### RSSI: -61, 13, 1640049984 ,439 
1644249591.681050 ### DEBUG: Ticks: 440, 16, 1 
1644249591.681330 1640049984 c0:98:e5:42:00:29 3056 
1644249591.681524 2635 2677 2683 2701 2733 2733 2750 2757 2757 2768 2770 2780 2782 2797 2798 
1644249591.681709 2799 2807 2811 2813 2826 2834 2846 2859 2880 2919 3001 3066 3149 3248 3259 
1644249592.604754 ### RSSI: -70, 1, 1640049985 ,454 
1644249592.679729 ### DEBUG: Ticks: 455, 15, 1 
1644249592.679989 1640049985 c0:98:e5:42:00:29 3019 
1644249592.680178 2569 2674 2679 2679 2693 2735 2739 2741 2745 2748 2752 2755 2765 2769 2770 
1644249592.680364 2770 2780 2781 2788 2798 2805 2813 2840 2860 2865 2867 2893 2903 3152 3206 
1644249593.604048 ### RSSI: -72, 9, 1640049986 ,470 
1644249593.681112 ### DEBUG: Ticks: 471, 16, 1 
1644249593.681361 1640049986 c0:98:e5:42:00:29 3015 
1644249593.681555 2598 2636 2665 2686 2697 2711 2715 2732 2735 2736 2749 2749 2751 2755 2762 
1644249593.681738 2765 2766 2769 2771 2784 2788 2793 2827 2828 2846 2848 2868 2899 3164 3178 
1644249594.603259 ### RSSI: -58, 18, 1640049987 ,485 
1644249594.682622 ### DEBUG: Ticks: 487, 16, 1 
1644249594.682861 1640049987 c0:98:e5:42:00:29 3011 
1644249594.683053 2612 2644 2646 2672 2685 2702 2714 2719 2721 2731 2731 2733 2738 2739 2739 
1644249594.683269 2742 2748 2763 2768 2771 2795 2798 2811 2816 2816 2867 2994 3140 3170 3193 
1644249595.606230 ### RSSI: -65, 11, 1640049988 ,501 
1644249595.685546 ### DEBUG: Ticks: 502, 15, 1 
1644249595.685789 1640049988 c0:98:e5:42:00:29 3005 
1644249595.685979 2702 2704 2709 2714 2715 2733 2736 2750 2757 2779 2783 2791 2796 2803 2803 
1644249595.686163 2807 2816 2820 2828 2833 2839 2883 2891 2910 2929 2949 3000 3114 3162 3225 
1644249596.608570 ### RSSI: -63, 29, 1640049989 ,517 
1644249596.687841 ### DEBUG: Ticks: 518, 16, 1 
1644249596.688085 1640049989 c0:98:e5:42:00:29 3032 
1644249596.688278 2658 2686 2691 2708 2719 2726 2744 2749 2750 2755 2758 2759 2771 2773 2775 
1644249596.688464 2783 2795 2800 2808 2810 2814 2846 2854 2873 2883 2967 3067 3158 3190 3231 
1644249597.611219 ### RSSI: -66, 12, 1640049990 ,532 
1644249597.680634 ### DEBUG: Ticks: 533, 15, 1 
1644249597.680880 1640049990 c0:98:e5:42:00:29 3092 
1644249597.681071 2595 2652 2655 2658 2662 2675 2688 2699 2708 2709 2719 2727 2730 2731 2741 
1644249597.681303 2752 2759 2765 2781 2786 2795 2799 2807 2808 2877 2881 2970 3061 3155 3214 
1644249598.602215 ### RSSI: -62, 14, 1640049991 ,548 
1644249598.683228 ### DEBUG: Ticks: 549, 16, 1 
1644249598.683477 1640049991 c0:98:e5:42:00:29 3034 
1644249598.683671 2650 2676 2685 2688 2727 2742 2747 2753 2763 2770 2770 2776 2778 2782 2791 
1644249598.684282 2794 2801 2802 2811 2814 2826 2868 2869 2877 2897 2904 3038 3078 3168 3245 
1644249599.605407 ### RSSI: -64, 4, 1640049992 ,564 
1644249599.682524 ### ERROR: Failed reading SquarePoint packet length
1644249600.607540 ### RSSI: -62, 31, 1640049993 ,579 
1644249601.603788 ### RSSI: -59, 20, 1640049994 ,595 
1644249601.680826 ### DEBUG: Ticks: 596, 47, 1 
1644249601.681119 1640049994 c0:98:e5:42:00:29 2991 
1644249601.681315 2608 2633 2637 2651 2659 2670 2682 2692 2715 2717 2723 2726 2731 2737 2742 
1644249601.681504 2749 2759 2773 2782 2782 2808 2844 2855 2861 2994 3015 3115 3189 3234 3286 
1644249602.611957 ### RSSI: -66, 2, 1640049995 ,610 
1644249602.688049 ### DEBUG: Ticks: 612, 16, 1 
1644249602.688330 1640049995 c0:98:e5:42:00:29 2987 
1644249602.688582 2657 2669 2683 2700 2711 2742 2768 2773 2775 2784 2786 2787 2789 2791 2794 
1644249602.688773 2798 2805 2809 2819 2822 2838 2868 2878 2878 2899 2927 3183 3215 3373 3795 
1644249603.609023 ### RSSI: -63, 8, 1640049996 ,626 
1644249603.683996 ### DEBUG: Ticks: 627, 15, 1 
1644249603.684267 1640049996 c0:98:e5:42:00:29 3037 
1644249603.685067 2626 2626 2653 2653 2656 2715 2729 2733 2734 2735 2739 2746 2747 2754 2758 
1644249603.685413 2760 2762 2772 2784 2788 2792 2794 2809 2817 2826 2832 2875 2931 3124 3202 
1644249604.605470 ### RSSI: -72, 34, 1640049997 ,642 
1644249604.680433 ### DEBUG: Ticks: 643, 16, 1 
1644249604.680754 1640049997 c0:98:e5:42:00:29 3001 
1644249604.680948 2605 2642 2648 2665 2692 2692 2707 2709 2712 2715 2719 2726 2732 2742 2747 
1644249604.681136 2751 2752 2758 2761 2769 2773 2804 2806 2809 2814 2855 2955 3051 3146 3210 
1644249605.687585 ### DEBUG: Ticks: 658, 15, 1 
1644249605.687857 1640049998 c0:98:e5:42:00:29 3027 
1644249605.688048 2601 2638 2638 2649 2690 2704 2710 2710 2717 2718 2732 2741 2743 2745 2749 
1644249605.688231 2752 2759 2760 2770 2783 2785 2803 2806 2813 2815 2823 2855 3122 3200 3333 
1644249605.709304 ### RSSI: -60, 17, 1640049998 ,659 
1644249606.684605 ### DEBUG: Ticks: 674, 16, 1 
1644249606.684878 1640049999 c0:98:e5:42:00:29 3039 
1644249606.685072 2592 2690 2711 2718 2719 2726 2755 2755 2765 2783 2785 2785 2789 2796 2801 
1644249606.685282 2807 2809 2811 2829 2829 2851 2861 2867 2875 2902 2912 3115 3192 3228 3302 
1644249606.706255 ### RSSI: -71, 9, 1640049999 ,674 
1644249607.071147 ### INFO: SD card flushed!
1644249607.680313 ### DEBUG: Ticks: 690, 16, 1 
1644249607.680641 1640050000 c0:98:e5:42:00:29 3005 
1644249607.680838 2642 2645 2649 2675 2715 2737 2744 2746 2751 2753 2764 2770 2772 2786 2794 
1644249607.681023 2794 2795 2797 2800 2810 2827 2846 2848 2862 2863 2891 3155 3221 3347 3403 
1644249607.702035 ### RSSI: -61, 15, 1640050000 ,690 
1644249608.679760 ### DEBUG: Ticks: 705, 15, 1 
1644249608.680048 1640050001 c0:98:e5:42:00:29 2999 
1644249608.691203 2624 2628 2636 2639 2645 2664 2667 2687 2688 2698 2702 2703 2708 2715 2719 
1644249608.691457 2739 2741 2746 2750 2766 2778 2789 2800 2801 2816 2837 2856 3094 3164 3326 
1644249608.702640 ### RSSI: -64, 29, 1640050001 ,706 
1644249609.679679 ### DEBUG: Ticks: 721, 16, 1 
1644249609.679967 1640050002 c0:98:e5:42:00:29 3054 
1644249609.691109 2632 2640 2646 2704 2724 2735 2741 2748 2759 2771 2776 2777 2780 2782 2784 
1644249609.691356 2788 2793 2799 2799 2823 2832 2850 2856 2864 2878 2916 2991 3091 3146 3201 
1644249609.702550 ### RSSI: -69, 1, 1640050002 ,721 
1644249610.687509 ### DEBUG: Ticks: 737, 16, 1 
1644249610.687786 1640050003 c0:98:e5:42:00:29 3021 
1644249610.687977 2609 2619 2636 2654 2707 2708 2715 2722 2725 2728 2728 2730 2730 2732 2743 
1644249610.688161 2745 2747 2749 2760 2763 2794 2806 2820 2836 2854 2859 2921 3128 3169 3238 
1644249610.709245 ### RSSI: -76, 10, 1640050003 ,737 
1644249611.683956 ### DEBUG: Ticks: 752, 15, 1 
1644249611.684251 1640050004 c0:98:e5:42:00:29 3066 
1644249611.684443 2711 2724 2741 2743 2763 2774 2777 2793 2804 2811 2831 2832 2837 2842 2843 
1644249611.684689 2845 2851 2857 2863 2866 2876 2876 2928 2957 2960 2988 3053 3183 3254 3317 
1644249611.705604 ### RSSI: -62, 14, 1640050004 ,753 
1644249612.684341 ### ERROR: Failed reading SquarePoint packet length
1644249612.706517 ### RSSI: -58, 18, 1640050005 ,768 
1644249613.709333 ### RSSI: -61, 28, 1640050006 ,784 
1644249614.680494 ### DEBUG: Ticks: 799, 47, 1 
1644249614.680890 1640050007 c0:98:e5:42:00:29 3057 
1644249614.691969 2682 2722 2734 2746 2749 2777 2790 2792 2795 2796 2805 2833 2836 2840 2846 
1644249614.692206 2848 2858 2859 2865 2866 2885 2909 2910 2912 2945 2966 3014 3074 3220 3294 
1644249614.703396 ### RSSI: -68, 12, 1640050007 ,799 
1644249615.685556 ### DEBUG: Ticks: 815, 16, 1 
1644249615.685850 1640050008 c0:98:e5:42:00:29 2997 
1644249615.686044 2610 2618 2639 2656 2680 2703 2713 2715 2726 2732 2746 2747 2756 2758 2760 
1644249615.686231 2762 2768 2779 2783 2785 2791 2798 2801 2825 2830 2871 2935 3127 3170 3218 
1644249615.707196 ### RSSI: -76, 10, 1640050008 ,815 
1644249616.686100 ### DEBUG: Ticks: 830, 15, 1 
1644249616.686386 1640050009 c0:98:e5:42:00:29 3083 
1644249616.686583 2624 2651 2661 2663 2669 2714 2734 2739 2740 2740 2753 2761 2764 2764 2766 
1644249616.686769 2769 2776 2776 2782 2791 2801 2805 2818 2830 2872 2875 2898 2906 3137 3211 
1644249616.708871 ### RSSI: -61, 28, 1640050009 ,831 
1644249617.686673 ### DEBUG: Ticks: 846, 16, 1 
1644249617.686956 1640050010 c0:98:e5:42:00:29 2967 
1644249617.687151 2577 2579 2613 2614 2654 2655 2669 2678 2680 2687 2688 2688 2691 2693 2693 
1644249617.687335 2696 2705 2714 2737 2750 2752 2765 2768 2793 2843 2886 2901 3097 3120 3154 
1644249617.708338 ### RSSI: -67, 3, 1640050010 ,846 
1644249618.686411 ### DEBUG: Ticks: 862, 16, 1 
1644249618.686733 1640050011 c0:98:e5:42:00:29 2986 
1644249618.686927 2623 2648 2655 2686 2717 2731 2754 2755 2757 2768 2772 2773 2774 2777 2781 
1644249618.687112 2783 2785 2786 2806 2812 2815 2820 2843 2878 2892 2914 3043 3114 3156 3239 
1644249618.708081 ### RSSI: -58, 19, 1640050011 ,862 
1644249619.680313 ### DEBUG: Ticks: 877, 15, 1 
1644249619.680641 1640050012 c0:98:e5:42:00:29 3064 
1644249619.693051 2618 2685 2712 2737 2743 2765 2770 2774 2793 2800 2804 2806 2811 2820 2826 
1644249619.693296 2832 2840 2840 2844 2848 2877 2890 2896 2900 2908 2932 2956 3187 3266 3309 
1644249619.703354 ### RSSI: -62, 32, 1640050012 ,878 
1644249620.685407 ### DEBUG: Ticks: 893, 16, 1 
1644249620.685713 1640050013 c0:98:e5:42:00:29 3027 
1644249620.685933 2622 2647 2655 2661 2708 2709 2736 2737 2738 2743 2744 2746 2749 2755 2755 
1644249620.686120 2758 2759 2760 2762 2775 2779 2784 2818 2819 2841 2842 2892 2943 3119 3173 
1644249620.707081 ### RSSI: -58, 23, 1640050013 ,893 
1644249621.683978 ### DEBUG: Ticks: 908, 15, 1 
1644249621.684252 1640050014 c0:98:e5:42:00:29 3071 
1644249621.684434 2695 2701 2719 2747 2757 2782 2782 2789 2793 2800 2807 2814 2820 2822 2829 
1644249621.684680 2830 2831 2850 2868 2886 2886 2896 2935 2943 2945 2950 3208 3256 3299 3413 
1644249621.706341 ### RSSI: -63, 31, 1640050014 ,909 
1644249622.682250 ### DEBUG: Ticks: 924, 16, 1 
1644249622.682526 1640050015 c0:98:e5:42:00:29 3042 
1644249622.682718 2689 2695 2715 2716 2740 2762 2769 2778 2796 2799 2803 2806 2809 2814 2818 
1644249622.682902 2833 2840 2844 2846 2852 2870 2885 2899 2926 2941 2945 3030 3159 3210 3253 
1644249622.703839 ### RSSI: -74, 34, 1640050015 ,924 
1644249623.681128 ### DEBUG: Ticks: 940, 16, 1 
1644249623.681403 1640050016 c0:98:e5:42:00:29 3027 
1644249623.681593 2664 2665 2666 2673 2685 2722 2725 2740 2757 2760 2768 2772 2772 2786 2788 
1644249623.681781 2789 2789 2791 2795 2827 2836 2843 2843 2856 2889 2994 3129 3173 3234 3250 
1644249623.702607 ### RSSI: -58, 23, 1640050016 ,940 
1644249624.689033 ### DEBUG: Ticks: 955, 15, 1 
1644249624.689323 1640050017 c0:98:e5:42:00:29 3128 
1644249624.689514 2634 2691 2700 2720 2736 2757 2768 2772 2791 2791 2809 2810 2815 2816 2823 
1644249624.689698 2826 2834 2839 2840 2842 2848 2864 2896 2902 2914 2938 2949 3126 3195 3238 
1644249624.710795 ### RSSI: -60, 21, 1640050017 ,956 
1644249625.685455 ### DEBUG: Ticks: 971, 16, 1 
1644249625.685735 1640050018 c0:98:e5:42:00:29 3130 
1644249625.685930 2664 2692 2696 2702 2741 2759 2767 2773 2780 2805 2808 2813 2815 2816 2819 
1644249625.686116 2832 2837 2847 2853 2860 2867 2899 2902 2920 3046 3119 3155 3174 3252 3275 
1644249625.707144 ### RSSI: -61, 15, 1640050018 ,971 
1644249626.683608 ### ERROR: Failed reading SquarePoint packet length
1644249626.704704 ### RSSI: -67, 4, 1640050019 ,987 
1644249627.702472 ### RSSI: -64, 5, 1640050020 ,1002 
1644249628.687802 ### DEBUG: Ticks: 1018, 47, 1 
1644249628.688165 1640050021 c0:98:e5:42:00:29 3137 
1644249628.688348 2693 2700 2705 2709 2712 2753 2770 2774 2776 2776 2784 2800 2800 2801 2812 
1644249628.688597 2818 2824 2826 2827 2835 2839 2872 2882 2896 2897 2947 2984 3026 3183 3254 
1644249628.709460 ### RSSI: -61, 26, 1640050021 ,1018 
1644249629.685041 ### DEBUG: Ticks: 1033, 15, 1 
1644249629.685343 1640050022 c0:98:e5:42:00:29 3031 
1644249629.685536 2617 2637 2657 2674 2687 2696 2709 2721 2730 2733 2745 2746 2750 2755 2772 
1644249629.685726 2773 2775 2776 2777 2780 2796 2802 2824 2831 2836 2896 2944 3069 3127 3175 
1644249629.706091 ### RSSI: -59, 23, 1640050022 ,1034 
1644249630.681142 ### DEBUG: Ticks: 1049, 16, 1 
1644249630.681423 1640050023 c0:98:e5:42:00:29 3069 
1644249630.681616 2679 2711 2728 2762 2762 2765 2772 2795 2795 2801 2811 2816 2821 2828 2840 
1644249630.681803 2841 2842 2844 2844 2857 2860 2885 2929 2933 2946 2963 3054 3127 3217 3303 
1644249630.810000 ### RSSI: -69, 1, 1640050024 ,1051 
1644249631.680452 ### DEBUG: Ticks: 1065, 16, 1 
1644249631.680781 1640050024 c0:98:e5:42:00:29 3035 
1644249631.680976 2519 2614 2622 2630 2652 2693 2700 2704 2706 2714 2714 2719 2719 2724 2729 
1644249631.692217 2735 2737 2738 2742 2744 2754 2767 2785 2796 2804 2848 2856 3093 3167 3232 
1644249631.811066 ### RSSI: -60, 27, 1640050024 ,1066 
1644249632.681884 ### DEBUG: Ticks: 1080, 15, 1 
1644249632.682157 1640050025 c0:98:e5:42:00:29 3030 
1644249632.682350 2669 2669 2677 2699 2728 2733 2737 2746 2752 2760 2771 2773 2776 2778 2780 
1644249632.682536 2782 2790 2793 2806 2807 2826 2850 2853 2853 2871 2893 2901 3100 3150 3201 
1644249632.809185 ### RSSI: -68, 0, 1640050025 ,1082 
1644249633.680211 ### DEBUG: Ticks: 1096, 16, 1 
1644249633.680483 1640050026 c0:98:e5:42:00:29 2977 
1644249633.691735 2625 2645 2659 2668 2680 2700 2700 2719 2720 2728 2737 2746 2747 2751 2753 
1644249633.691976 2763 2781 2783 2799 2800 2804 2838 2844 2878 2976 3043 3070 3134 3178 3216 
1644249633.809873 ### RSSI: -65, 7, 1640050026 ,1098 
1644249634.687560 ### DEBUG: Ticks: 1111, 15, 1 
1644249634.687827 1640050027 c0:98:e5:42:00:29 3087 
1644249634.688021 2668 2672 2691 2702 2703 2732 2736 2743 2745 2751 2763 2774 2777 2782 2783 
1644249634.688207 2786 2789 2795 2799 2804 2811 2841 2847 2854 2911 2995 3041 3135 3231 3231 
1644249634.806024 ### RSSI: -74, 34, 1640050027 ,1113 
1644249635.687101 ### DEBUG: Ticks: 1127, 16, 1 
1644249635.687377 1640050028 c0:98:e5:42:00:29 3076 
1644249635.687599 2609 2626 2636 2656 2673 2690 2691 2708 2714 2723 2725 2733 2733 2742 2746 
1644249635.687786 2750 2766 2767 2779 2782 2794 2796 2824 2832 2846 2860 2886 2924 3123 3165 
1644249635.804501 ### RSSI: -61, 24, 1640050028 ,1129 
1644249636.683946 ### DEBUG: Ticks: 1143, 16, 1 
1644249636.684207 1640050029 c0:98:e5:42:00:29 3110 
1644249636.684396 2653 2707 2728 2730 2745 2763 2763 2775 2777 2777 2796 2810 2810 2813 2832 
1644249636.684678 2838 2838 2841 2843 2850 2853 2866 2895 2916 2923 2932 3054 3129 3185 3261 
1644249636.806977 ### RSSI: -59, 19, 1640050029 ,1145 
1644249637.687107 ### DEBUG: Ticks: 1158, 15, 1 
1644249637.687360 1640050030 c0:98:e5:42:00:29 2954 
1644249637.687552 2569 2596 2616 2624 2632 2635 2645 2656 2657 2666 2686 2693 2695 2702 2703 
1644249637.687738 2705 2713 2716 2727 2728 2738 2739 2768 2772 2827 2930 2964 3101 3153 3180 
1644249637.807567 ### RSSI: -62, 32, 1640050030 ,1160 
1644249638.687833 ### DEBUG: Ticks: 1174, 16, 1 
1644249638.688120 1640050031 c0:98:e5:42:00:29 3059 
1644249638.688312 2696 2707 2730 2732 2737 2778 2786 2790 2792 2800 2812 2818 2833 2839 2842 
1644249638.688573 2845 2850 2851 2860 2866 2879 2880 2881 2885 2921 2925 2945 2963 3223 3312 
1644249638.800301 ### RSSI: -66, 36, 1640050031 ,1176 
1644249639.681963 ### ERROR: Failed reading SquarePoint packet length
1644249639.800046 ### RSSI: -76, 10, 1640050032 ,1191 
1644249640.801243 ### RSSI: -77, 10, 1640050033 ,1207 
1644249641.680830 ### DEBUG: Ticks: 1221, 47, 1 
1644249641.681147 1640050034 c0:98:e5:42:00:29 3089 
1644249641.692301 2653 2688 2689 2700 2700 2745 2755 2763 2763 2766 2771 2780 2787 2792 2793 
1644249641.692618 2795 2797 2804 2806 2829 2830 2852 2870 2902 2910 3059 3090 3151 3247 3303 
1644249641.804935 ### RSSI: -62, 32, 1640050034 ,1223 
1644249642.682829 ### DEBUG: Ticks: 1236, 15, 1 
1644249642.683103 1640050035 c0:98:e5:42:00:29 3044 
1644249642.683297 2600 2638 2672 2672 2690 2711 2730 2731 2732 2733 2733 2740 2751 2755 2766 
1644249642.683482 2768 2771 2774 2774 2777 2807 2811 2812 2834 2844 2870 2874 3041 3133 3197 
1644249642.805868 ### RSSI: -70, 2, 1640050035 ,1238 
1644249643.684065 ### DEBUG: Ticks: 1252, 16, 1 
1644249643.684344 1640050036 c0:98:e5:42:00:29 3066 
1644249643.684590 2640 2674 2689 2700 2728 2757 2762 2764 2786 2801 2804 2805 2808 2812 2812 
1644249643.684777 2813 2814 2815 2817 2827 2846 2849 2859 2903 2912 2939 2940 2973 3201 3251 
1644249643.901266 ### RSSI: -68, 35, 1640050036 ,1255 
1644249644.689216 ### DEBUG: Ticks: 1268, 16, 1 
1644249644.689494 1640050037 c0:98:e5:42:00:29 3076 
1644249644.689684 2658 2658 2678 2684 2718 2721 2722 2733 2735 2738 2740 2747 2763 2764 2767 
1644249644.689869 2781 2786 2794 2798 2800 2811 2828 2833 2869 2876 2994 3068 3140 3229 3239 
1644249644.906563 ### RSSI: -61, 22, 1640050037 ,1271 
1644249645.689896 ### DEBUG: Ticks: 1283, 15, 1 
1644249645.690167 1640050038 c0:98:e5:42:00:29 3017 
1644249645.690359 2669 2674 2699 2702 2703 2708 2763 2767 2768 2774 2780 2784 2789 2797 2797 
1644249645.690544 2802 2806 2809 2817 2820 2821 2830 2853 2870 2879 2891 2927 3029 3186 3233 
1644249645.905046 ### RSSI: -60, 26, 1640050038 ,1287 
1644249646.685135 ### DEBUG: Ticks: 1299, 16, 1 
1644249646.685423 1640050039 c0:98:e5:42:00:29 3003 
1644249646.685616 2610 2656 2665 2668 2709 2718 2742 2752 2758 2760 2764 2772 2774 2783 2784 
1644249646.685801 2785 2794 2805 2811 2813 2818 2828 2843 2871 2872 2907 2910 3158 3249 3262 
1644249646.909256 ### RSSI: -66, 33, 1640050039 ,1302 
