1640894209.734980 ###RTT Client: ************************************************************ 
1640894209.735164 ###RTT Client: *               SEGGER Microcontroller GmbH                * 
1640894209.735212 ###RTT Client: *   Solutions for real time microcontroller applications   * 
1640894209.735284 ###RTT Client: ************************************************************ 
1640894209.735324 ###RTT Client: *                                                          * 
1640894209.735367 ###RTT Client: *       (c) 2012 - 2016  SEGGER Microcontroller GmbH       * 
1640894209.735410 ###RTT Client: *                                                          * 
1640894209.735453 ###RTT Client: *     www.segger.com     Support: support@segger.com       * 
1640894209.735725 ###RTT Client: *                                                          * 
1640894209.735780 ###RTT Client: ************************************************************ 
1640894209.735821 ###RTT Client: *                                                          * 
1640894209.735901 ###RTT Client: * SEGGER J-Link RTT Client   Compiled Jan 30 2018 18:46:58 * 
1640894209.735946 ###RTT Client: *                                                          * 
1640894209.735989 ###RTT Client: ************************************************************ 
1640894209.736032 
1640894209.736074 ###RTT Client: -----------------------------------------------
1640894209.736133 ###RTT Client: Connecting to J-Link RTT Server via localhost:9201  Connected.
1640894209.736178 SEGGER J-Link V6.30 - Real time terminal output
1640894209.736220 J-Link EDU Mini V1 compiled Oct 22 2019 16:28:45 V1.0, SN=801021855
1640894209.736263 Process: JLinkExe
1640894209.736305 ### RSSI: -48, 10, 1640051175 ,287 
1640894209.736400 ### DEBUG: Ticks: 299, 15, 1 
1640894209.736449 1640051175 c0:98:e5:42:00:2c 299 
1640894209.736492 467 483 490 524 537 542 550 551 577 590 590 590 592 593 597 
1640894209.736907 599 602 603 615 616 620 627 632 634 640 647 648 655 662 680 
1640894209.736972 ### RSSI: -49, 33, 1640051176 ,302 
1640894209.737017 ### RSSI: -47, 11, 1640051176 ,303 
1640894209.737060 ### DEBUG: Ticks: 315, 16, 1 
1640894209.737103 1640051176 c0:98:e5:42:00:2c 332 
1640894209.737145 500 533 536 558 570 572 573 578 580 581 591 591 592 599 604 
1640894209.737189 606 614 631 632 639 640 643 644 645 645 658 671 675 679 745 
1640894209.737233 ### RSSI: -44, 22, 1640051176 ,317 
1640894209.737352 ### RSSI: -47, 23, 1640051176 ,318 
1640894209.737401 ### DEBUG: Ticks: 330, 15, 1 
1640894209.737445 1640051177 c0:98:e5:42:00:2c 302 
1640894209.737489 446 457 495 496 506 511 519 539 548 549 552 557 559 565 570 
1640894209.737555 572 572 575 575 577 579 610 611 615 618 654 658 665 674 676 
1640894209.737598 ### RSSI: -46, 23, 1640051177 ,333 
1640894209.737641 ### RSSI: -46, 12, 1640051177 ,334 
1640894209.737684 ### DEBUG: Ticks: 346, 16, 1 
1640894209.737728 1640051178 c0:98:e5:42:00:2c 298 
1640894209.737770 486 487 497 540 541 550 559 559 562 564 570 576 593 596 597 
1640894209.737814 601 604 605 605 620 633 640 649 650 654 666 669 679 683 0 
1640894209.737858 ### RSSI: -50, 32, 1640051178 ,349 
1640894209.738017 ### RSSI: -48, 8, 1640051178 ,349 
1640894209.738073 ### DEBUG: Ticks: 362, 16, 1 
1640894209.738117 1640051179 c0:98:e5:42:00:2c 310 
1640894209.738231 496 514 539 554 573 577 579 579 590 594 601 613 613 617 620 
1640894209.738275 623 629 631 631 633 636 647 668 675 680 684 686 695 711 712 
1640894209.738318 ### RSSI: -47, 15, 1640051179 ,364 
1640894209.738362 ### RSSI: -46, 16, 1640051179 ,365 
1640894209.738405 ### DEBUG: Ticks: 377, 15, 1 
1640894209.738447 1640051180 c0:98:e5:42:00:2c 294 
1640894209.738492 491 497 498 521 523 532 533 543 547 553 557 557 573 576 581 
1640894209.738554 595 598 602 603 603 611 617 617 617 621 625 626 628 632 661 
1640894209.738597 ### RSSI: -47, 9, 1640051180 ,380 
1640894209.738639 ### RSSI: -47, 27, 1640051180 ,381 
1640894209.738736 ### DEBUG: Ticks: 393, 16, 1 
1640894209.738781 1640051181 c0:98:e5:42:00:2c 306 
1640894209.738823 474 497 525 530 537 566 568 578 578 588 589 592 595 606 612 
1640894209.738867 613 615 622 627 634 642 644 658 676 677 686 703 711 746 746 
1640894209.738907 ### RSSI: -50, 28, 1640051181 ,396 
1640894209.739038 ### RSSI: -48, 10, 1640051181 ,396 
1640894209.739132 ### DEBUG: Ticks: 409, 16, 1 
1640894209.739278 1640051182 c0:98:e5:42:00:2c 268 
1640894209.739405 403 418 447 459 490 493 500 505 515 519 521 523 523 524 533 
1640894209.739519 542 546 546 550 552 560 564 572 583 594 595 603 609 617 633 
1640894209.739616 ### RSSI: -48, 8, 1640051182 ,411 
1640894209.739708 ### RSSI: -51, 2, 1640051182 ,412 
1640894209.739798 ### DEBUG: Ticks: 424, 15, 1 
1640894209.739891 1640051183 c0:98:e5:42:00:2c 286 
1640894209.739984 446 478 488 503 520 523 524 530 539 544 555 562 567 570 571 
1640894209.740077 575 576 585 586 595 597 598 599 600 605 615 638 649 649 659 
1640894209.740172 ### RSSI: -53, 2, 1640051183 ,427 
1640894209.740266 ### RSSI: -46, 13, 1640051183 ,428 
1640894209.740526 ### DEBUG: Ticks: 440, 16, 1 
1640894209.740698 1640051184 c0:98:e5:42:00:2c 283 
1640894209.740796 426 473 473 512 521 527 538 546 549 550 554 556 561 563 565 
1640894209.740888 567 569 576 577 590 596 615 626 627 630 631 637 662 663 713 
1640894209.740980 ### RSSI: -46, 15, 1640051184 ,442 
1640894209.741074 ### RSSI: -50, 1, 1640051184 ,443 
1640894209.741231 ### DEBUG: Ticks: 455, 15, 1 
1640894209.741327 1640051185 c0:98:e5:42:00:2c 290 
1640894209.741479 479 485 504 510 533 540 546 551 552 567 568 570 572 576 581 
1640894209.741638 592 601 610 613 615 619 622 631 637 637 656 667 669 684 0 
1640894209.741732 ### RSSI: -49, 7, 1640051185 ,458 
1640894209.741826 ### RSSI: -47, 20, 1640051185 ,459 
1640894209.741918 ### DEBUG: Ticks: 471, 16, 1 
1640894209.742008 1640051186 c0:98:e5:42:00:2c 303 
1640894209.742099 446 473 512 520 520 548 551 560 568 584 585 593 593 601 605 
1640894209.742194 608 613 614 621 629 630 631 638 642 643 655 662 673 713 719 
1640894209.742287 ### RSSI: -49, 36, 1640051186 ,474 
1640894209.742438 
1640894209.742543 ----------------------------------------------
1640894209.742628 ### WARNING: Chip experienced a reset with reason 2
1640894209.742712 ### INFO: Bluetooth address: c0:98:e5:42:00:29
1640894209.742795 ### DEBUG: Time is 00:00:00, 2000/00/00
1640894209.742879 ### INFO: Time is 00:00:00, 2000/00/00
1640894209.742964 ### INFO: Initializing SD Card...
1640894209.743048 ### INFO: Connecting to the SquarePoint module...
1640894209.743131 ### INFO: SquarePoint module connection successful
1640894209.743216 ### INFO: Battery voltage currently 4053 mV
1640894209.743330 ### INFO: SD card flushed!
1640894209.743552 ### INFO: SD card flushed!
1640894209.743656 ### DEBUG: BLE START SCANNING called
1640894209.743751 ### DEBUG: Ticks: 9, 9, 0 
1640894209.743846 1640051188 c0:98:e5:42:00:2c 297 
1640894209.743940 465 478 508 546 549 555 566 567 576 580 582 583 589 590 591 
1640894209.744104 599 599 614 619 623 633 634 645 646 648 656 664 667 668 680 
1640894209.744203 ### INFO: Switched Scheduler EUI from 00:00:00:00:00:00 to c0:98:e5:42:00:2c
1640894209.744297 ### DEBUG: BLE STOP SCANNING called
1640894209.744387 ### DEBUG: BLE START SCANNING called
1640894209.744480 ### DEBUG: Ticks: 24, 15, 0 
1640894209.744631 1640051189 c0:98:e5:42:00:2c 282 
1640894209.744734 430 442 467 496 497 514 529 541 541 548 555 559 562 562 563 
1640894209.744828 565 567 570 570 574 586 589 590 595 610 619 624 664 678 695 
1640894209.744920 ### DEBUG: Ticks: 40, 16, 0 
1640894209.745012 1640051190 c0:98:e5:42:00:2c 311 
1640894209.745106 481 487 496 504 513 537 542 548 553 555 559 562 565 572 578 
1640894209.745198 580 587 589 592 596 598 601 605 609 624 629 650 654 674 707 
1640894209.745291 ### DEBUG: BLE START SCANNING called
1640894209.745384 ### DEBUG: BLE START SCANNING called
1640894209.745475 ### INFO: Device is now STATIONARY
1640894209.745588 ### DEBUG: Ticks: 56, 16, 0 
1640894209.745682 1640051191 c0:98:e5:42:00:2c 306 
1640894209.745777 414 471 485 503 521 525 526 526 531 532 534 547 549 555 559 
1640894209.745871 562 573 574 575 589 619 625 625 626 626 628 628 632 675 684 
1640894209.745986 ### DEBUG: BLE START SCANNING called
1640894209.746081 ### DEBUG: BLE START SCANNING called
1640894209.746174 ### DEBUG: Ticks: 71, 15, 0 
1640894209.746267 1640051192 c0:98:e5:42:00:2c 318 
1640894209.746361 454 469 519 520 520 540 549 557 557 561 561 567 569 571 578 
1640894209.746573 588 592 593 598 614 622 623 627 632 633 636 648 659 673 709 
1640894209.746674 ### addr: c0:98:e5:42:00:2c 
1640894209.746767 ### on_adv_report outer RSSI: -52, time:1640051192 
1640894209.746858 ### INFO: Discovered new device: c0:98:e5:42:00:2c
1640894209.746952 ### DEBUG: connected? already connected
1640894209.747108 ### DEBUG: BLE START SCANNING called
1640894209.747208 ### BLE EVENT: 16, INFO: BLE CONNECTED!
1640894209.747360 ### DEBUG: BLE START SCANNING called
1640894209.747457 ### RSSI: -49, 8, 1640051193 ,75 
1640894209.747562 ### DEBUG: BLE START SCANNING called
1640894209.747649 ### RSSI: -54, 34, 1640051193 ,77 
1640894209.747734 ### DEBUG: BLE START SCANNING called
1640894209.747828 ### RSSI: -48, 26, 1640051193 ,79 
1640894209.747912 ### DEBUG: BLE START SCANNING called
1640894209.747995 ### RSSI: -49, 7, 1640051193 ,80 
1640894209.748080 ### DEBUG: BLE START SCANNING called
1640894209.748164 ### RSSI: -51, 30, 1640051193 ,82 
1640894209.748248 ### DEBUG: BLE START SCANNING called
1640894209.748332 ### RSSI: -48, 27, 1640051193 ,83 
1640894209.748418 ### DEBUG: BLE START SCANNING called
1640894209.748521 ### RSSI: -53, 0, 1640051193 ,85 
1640894209.748963 ### DEBUG: BLE START SCANNING called
1640894209.749200 ### DEBUG: BLE START SCANNING called
1640894209.749317 ### RSSI: -49, 10, 1640051193 ,86 
1640894209.749413 ### DEBUG: BLE START SCANNING called
1640894209.749540 ### DEBUG: Ticks: 87, 16, 1 
1640894209.749783 1640051193 c0:98:e5:42:00:2c 290 
1640894209.749880 445 457 505 522 537 540 540 544 549 567 570 571 578 578 581 
1640894209.749973 581 584 590 597 600 602 606 615 621 624 627 631 635 658 697 
1640894209.750066 ### DEBUG: BLE START SCANNING called
1640894209.750156 ### RSSI: -49, 7, 1640051193 ,88 
1640894209.750436 ### DEBUG: BLE START SCANNING called
1640894209.750689 ### RSSI: -50, 36, 1640051194 ,90 
1640894209.750796 ### DEBUG: BLE START SCANNING called
1640894209.750889 ### RSSI: -50, 32, 1640051194 ,91 
1640894209.750983 ### DEBUG: BLE START SCANNING called
1640894209.751140 ### RSSI: -47, 10, 1640051194 ,93 
1640894209.751257 ### DEBUG: BLE START SCANNING called
1640894209.751356 ### RSSI: -46, 22, 1640051194 ,94 
1640894209.751448 ### DEBUG: BLE START SCANNING called
1640894209.751616 ### RSSI: -50, 33, 1640051194 ,96 
1640894209.751720 ### DEBUG: BLE START SCANNING called
1640894209.751811 ### RSSI: -49, 13, 1640051194 ,97 
1640894209.751903 ### DEBUG: BLE START SCANNING called
1640894209.751996 ### RSSI: -48, 9, 1640051194 ,99 
1640894209.752209 ### DEBUG: BLE START SCANNING called
1640894209.752321 ### RSSI: -49, 26, 1640051194 ,100 
1640894209.752444 ### DEBUG: BLE START SCANNING called
1640894209.752625 ### DEBUG: Ticks: 102, 15, 1 
1640894209.752793 1640051194 c0:98:e5:42:00:2c 296 
1640894209.752889 478 484 527 531 540 544 556 560 562 565 565 567 569 582 587 
1640894209.752982 597 597 601 601 606 608 629 630 631 638 645 647 648 664 693 
1640894209.753074 ### RSSI: -51, 33, 1640051195 ,116 
1640894209.753228 ### DEBUG: Ticks: 118, 16, 1 
1640894209.753330 1640051195 c0:98:e5:42:00:2c 300 
1640894209.753423 427 504 515 522 552 559 568 579 581 583 592 593 594 599 601 
1640894209.753537 601 607 609 626 635 638 659 672 679 680 680 684 687 714 714 
1640894209.753761 ### RSSI: -52, 31, 1640051196 ,132 
1640894209.753863 ### DEBUG: Ticks: 134, 16, 1 
1640894209.753956 1640051196 c0:98:e5:42:00:2c 290 
1640894209.754049 430 451 482 489 505 514 514 518 521 523 546 552 553 555 555 
1640894209.754141 558 559 562 563 569 584 587 597 610 617 618 621 625 642 647 
1640894209.754300 ### RSSI: -51, 33, 1640051197 ,147 
1640894209.754456 ### DEBUG: Ticks: 149, 15, 1 
1640894209.754724 1640051197 c0:98:e5:42:00:2c 282 
1640894209.754857 441 451 469 487 490 514 522 533 536 545 548 553 556 562 564 
1640894209.754994 564 571 575 578 580 600 603 604 607 614 622 626 628 638 663 
1640894209.755183 ### RSSI: -46, 18, 1640051198 ,163 
1640894209.755401 ### DEBUG: Ticks: 165, 16, 1 
1640894209.755619 1640051198 c0:98:e5:42:00:2c 326 
1640894209.755730 474 484 511 512 535 547 547 568 569 570 581 584 585 587 592 
1640894209.755828 594 602 605 619 623 628 630 630 642 651 660 671 681 681 695 
1640894209.755924 ### RSSI: -47, 14, 1640051198 ,179 
1640894209.756019 ### DEBUG: Ticks: 181, 16, 1 
1640894209.756111 1640051199 c0:98:e5:42:00:2c 294 
1640894209.756203 500 503 505 515 519 521 538 541 556 562 569 569 569 581 587 
1640894209.756295 592 592 595 598 604 608 609 613 620 620 627 644 654 654 655 
1640894209.756388 ### RSSI: -48, 9, 1640051199 ,194 
1640894209.756482 ### DEBUG: Ticks: 196, 15, 1 
1640894209.756943 1640051200 c0:98:e5:42:00:2c 281 
1640894209.757060 467 474 496 499 515 522 530 533 543 547 549 550 555 556 558 
1640894209.757158 567 569 569 578 581 588 608 617 619 625 636 646 668 672 698 
1640894210.510432 ### RSSI: -52, 32, 1640051201 ,210 
1640894210.652707 ### DEBUG: Ticks: 212, 16, 1 
1640894210.652889 1640051201 c0:98:e5:42:00:2c 293 
1640894210.652979 438 487 493 519 535 535 537 554 561 563 564 570 577 582 582 
1640894210.653068 590 590 591 597 607 614 621 627 638 650 653 670 674 679 759 
1640894211.517257 ### RSSI: -51, 1, 1640051202 ,225 
1640894211.649579 ### DEBUG: Ticks: 227, 15, 1 
1640894211.649697 1640051202 c0:98:e5:42:00:2c 266 
1640894211.649754 432 436 466 469 470 503 507 508 511 512 518 520 524 528 533 
1640894211.649804 536 539 545 553 558 559 585 587 598 602 614 615 630 632 0 
1640894212.516221 ### RSSI: -52, 3, 1640051203 ,241 
1640894212.644983 ### DEBUG: Ticks: 243, 16, 1 
1640894212.645086 1640051203 c0:98:e5:42:00:2c 285 
1640894212.645128 470 482 487 497 537 538 540 541 547 549 551 556 564 566 570 
1640894212.656101 571 577 579 582 595 605 605 624 629 632 638 646 649 653 682 
1640894213.512781 ### RSSI: -49, 10, 1640051204 ,257 
1640894214.515885 ### RSSI: -52, 2, 1640051205 ,272 
1640894215.512894 ### RSSI: -51, 36, 1640051206 ,288 
1640894215.652600 ### DEBUG: Ticks: 290, 47, 1 
1640894215.652701 1640051206 c0:98:e5:42:00:2c 292 
1640894215.652742 487 495 518 523 530 548 558 559 561 577 578 578 581 582 584 
1640894215.652782 586 587 589 595 609 612 617 618 620 622 630 643 646 649 651 
1640894216.511406 ### RSSI: -49, 14, 1640051207 ,303 
1640894216.644833 ### DEBUG: Ticks: 306, 16, 1 
1640894216.644938 1640051207 c0:98:e5:42:00:2c 295 
1640894216.656518 415 484 502 508 534 554 559 562 563 564 572 575 582 586 586 
1640894216.656623 594 597 617 622 624 645 650 654 660 665 665 669 673 681 693 
1640894217.510882 ### RSSI: -47, 22, 1640051208 ,319 
1640894217.651009 ### DEBUG: Ticks: 321, 15, 1 
1640894217.651111 1640051208 c0:98:e5:42:00:2c 304 
1640894217.651156 490 511 527 544 545 562 572 579 587 588 589 599 608 608 611 
1640894217.651196 612 620 624 645 654 656 662 665 670 686 688 716 717 0 0 
1640894218.515550 ### RSSI: -48, 22, 1640051209 ,335 
1640894218.646648 ### DEBUG: Ticks: 337, 16, 1 
1640894218.646752 1640051209 c0:98:e5:42:00:2c 302 
1640894218.646793 494 522 525 531 558 558 560 565 567 570 571 581 583 599 601 
1640894218.646832 608 613 617 619 621 625 625 629 643 654 657 673 676 698 765 
1640894219.512883 ### RSSI: -53, 30, 1640051210 ,350 
1640894219.644686 ### DEBUG: Ticks: 352, 15, 1 
1640894219.644791 1640051210 c0:98:e5:42:00:2c 273 
1640894219.656731 433 456 493 501 509 513 518 526 529 530 530 536 541 541 547 
1640894219.656813 547 551 552 557 557 558 561 564 565 566 597 601 640 650 667 
1640894220.513986 ### RSSI: -48, 15, 1640051211 ,366 
1640894220.646223 ### DEBUG: Ticks: 368, 16, 1 
1640894220.646327 1640051211 c0:98:e5:42:00:2c 290 
1640894220.646369 425 452 471 495 504 505 535 541 542 547 550 560 563 566 580 
1640894220.646417 581 582 588 592 600 606 607 618 630 639 654 655 663 695 698 
1640894221.510534 ### RSSI: -50, 14, 1640051212 ,382 
1640894221.652156 ### DEBUG: Ticks: 384, 16, 1 
1640894221.652252 1640051212 c0:98:e5:42:00:2c 265 
1640894221.652293 376 433 442 475 478 478 487 488 499 507 518 518 519 530 531 
1640894221.652337 540 555 556 572 573 580 581 598 601 602 603 608 624 642 0 
1640894222.516072 ### RSSI: -46, 17, 1640051213 ,397 
1640894222.646296 ### DEBUG: Ticks: 399, 15, 1 
1640894222.646413 1640051213 c0:98:e5:42:00:2c 306 
1640894222.646465 463 471 518 566 567 576 577 580 583 589 590 595 607 608 610 
1640894222.646519 615 629 632 634 636 644 644 650 671 678 687 703 707 718 727 
1640894223.515484 ### RSSI: -53, 35, 1640051214 ,413 
1640894223.648121 ### DEBUG: Ticks: 415, 16, 1 
1640894223.648218 1640051214 c0:98:e5:42:00:2c 274 
1640894223.648260 422 444 449 470 479 485 494 495 513 515 527 533 537 545 548 
1640894223.648301 551 552 557 564 567 567 580 581 586 592 597 597 610 625 632 
1640894224.509280 ### RSSI: -48, 22, 1640051215 ,428 
1640894224.652207 ### DEBUG: Ticks: 431, 16, 1 
1640894224.652311 1640051215 c0:98:e5:42:00:2c 325 
1640894224.652359 517 542 569 571 592 596 598 600 607 610 616 617 620 622 634 
1640894224.652415 635 635 636 639 645 652 654 662 674 678 702 705 726 748 754 
1640894225.510780 ### RSSI: -53, 3, 1640051216 ,444 
1640894225.653059 ### DEBUG: Ticks: 446, 15, 1 
1640894225.653163 1640051216 c0:98:e5:42:00:2c 294 
1640894225.653204 442 485 488 517 532 541 545 560 565 567 571 575 582 582 585 
1640894225.653243 593 597 619 620 621 621 624 628 634 636 637 665 679 679 681 
1640894226.519168 ### RSSI: -50, 7, 1640051217 ,460 
1640894226.651623 ### DEBUG: Ticks: 462, 16, 1 
1640894226.651731 1640051217 c0:98:e5:42:00:2c 286 
1640894226.651785 424 463 466 500 505 518 521 521 524 527 555 556 563 569 571 
1640894226.651835 574 577 579 579 581 590 591 595 603 610 622 623 646 656 664 
1640894227.517756 ### RSSI: -49, 9, 1640051218 ,475 
1640894227.648730 ### DEBUG: Ticks: 477, 15, 1 
1640894227.648828 1640051218 c0:98:e5:42:00:2c 282 
1640894227.648874 459 499 499 511 511 516 523 523 534 534 544 551 560 560 562 
1640894227.648915 567 570 574 579 586 595 605 607 614 621 626 628 633 666 668 
1640894228.510074 ### RSSI: -52, 4, 1640051219 ,491 
1640894228.648628 ### DEBUG: Ticks: 493, 16, 1 
1640894228.648729 1640051219 c0:98:e5:42:00:2c 287 
1640894228.648771 475 486 491 496 503 510 513 534 535 540 551 565 568 570 573 
1640894228.648811 576 577 590 593 597 602 605 611 615 616 624 657 662 665 718 
1640894229.516764 ### RSSI: -46, 19, 1640051220 ,507 
1640894230.509421 ### RSSI: -48, 11, 1640051221 ,522 
1640894231.516588 ### RSSI: -47, 17, 1640051222 ,538 
1640894231.651701 ### DEBUG: Ticks: 540, 47, 1 
1640894231.651802 1640051222 c0:98:e5:42:00:2c 317 
1640894231.651843 492 498 507 531 541 543 558 568 578 585 585 586 596 604 608 
1640894231.651885 609 610 621 625 634 642 644 648 651 652 656 667 687 695 706 
1640894232.509251 ### RSSI: -51, 35, 1640051222 ,553 
1640894232.652631 ### DEBUG: Ticks: 555, 15, 1 
1640894232.652731 1640051223 c0:98:e5:42:00:2c 342 
1640894232.652771 520 531 584 587 588 590 594 603 606 606 607 616 618 620 649 
1640894232.652815 652 654 656 660 668 670 677 680 689 692 699 714 730 741 744 
1640894233.511110 ### RSSI: -47, 23, 1640051223 ,569 
1640894233.646039 ### DEBUG: Ticks: 571, 16, 1 
1640894233.646449 1640051224 c0:98:e5:42:00:2c 322 
1640894233.656475 483 483 505 513 520 526 534 535 545 578 586 588 589 593 594 
1640894233.656581 598 606 608 612 620 623 628 630 632 632 642 659 697 713 749 
1640894234.516416 ### RSSI: -51, 1, 1640051225 ,585 
1640894234.650214 ### DEBUG: Ticks: 587, 16, 1 
1640894234.650334 1640051225 c0:98:e5:42:00:2c 342 
1640894234.650375 535 550 580 585 588 591 600 601 621 624 629 639 646 648 656 
1640894234.650416 657 669 670 680 684 687 707 708 713 725 737 738 745 749 780 
1640894234.996074 ### INFO: SD card flushed!
1640894235.511896 ### RSSI: -47, 24, 1640051226 ,600 
1640894235.650023 ### DEBUG: Ticks: 602, 15, 1 
1640894235.650482 1640051226 c0:98:e5:42:00:2c 283 
1640894235.650551 433 473 490 491 510 512 527 543 553 554 557 559 563 565 567 
1640894235.650605 568 570 574 574 593 602 604 607 612 629 631 662 662 664 695 
1640894236.510359 ### RSSI: -51, 33, 1640051227 ,616 
1640894236.646871 ### DEBUG: Ticks: 618, 16, 1 
1640894236.646983 1640051227 c0:98:e5:42:00:2c 289 
1640894236.647032 453 473 483 484 515 520 533 537 541 541 546 558 562 574 578 
1640894236.647072 579 582 583 590 591 608 616 617 617 626 629 646 667 679 690 
1640894237.330600 ### INFO: Device is now IN MOTION
1640894237.511062 ### RSSI: -57, 29, 1640051228 ,631 
1640894238.514048 ### RSSI: -48, 27, 1640051229 ,647 
1640894239.514164 ### RSSI: -46, 35, 1640051230 ,663 
1640894239.649960 ### DEBUG: Ticks: 665, 47, 1 
1640894239.650073 1640051230 c0:98:e5:42:00:2c 249 
1640894239.650128 404 408 414 422 429 447 448 465 467 468 469 479 482 482 483 
1640894239.650177 484 485 485 501 515 518 521 533 552 552 555 567 591 594 785 
1640894240.512951 ### RSSI: -49, 6, 1640051231 ,678 
1640894240.649425 ### DEBUG: Ticks: 680, 15, 1 
1640894240.649540 1640051231 c0:98:e5:42:00:2c 414 
1640894240.649591 630 645 652 652 661 661 661 670 678 680 680 684 685 696 696 
1640894240.649640 698 699 703 706 708 715 717 738 741 755 760 774 785 867 0 
1640894241.650861 ### DEBUG: Ticks: 696, 16, 1 
1640894241.650962 1640051232 c0:98:e5:42:00:2c 1070 
1640894241.651003 1233 1270 1282 1289 1292 1302 1313 1316 1316 1336 1337 1337 1344 1347 1349 
1640894241.651047 1355 1363 1369 1385 1386 1394 1394 1397 1397 1405 1407 1409 1409 1427 1499 
1640894242.651809 ### DEBUG: Ticks: 712, 16, 1 
1640894242.651940 1640051233 c0:98:e5:42:00:2c 2026 
1640894242.651992 2248 2249 2276 2277 2288 2289 2299 2307 2309 2310 2313 2315 2318 2318 2322 
1640894242.652043 2324 2328 2331 2334 2338 2339 2339 2340 2341 2345 2345 2351 2370 2441 2480 
1640894243.648028 ### DEBUG: Ticks: 727, 15, 1 
1640894243.648234 1640051234 c0:98:e5:42:00:2c 3194 
1640894243.648280 3372 3391 3415 3420 3423 3425 3428 3431 3438 3448 3451 3452 3454 3459 3460 
1640894243.648321 3461 3464 3465 3467 3480 3485 3499 3505 3509 3512 3517 3530 3552 3586 0 
1640894244.609788 ### BLE EVENT: 17, INFO: BLE DISCONNECTED!
1640894244.654619 ### DEBUG: Ticks: 743, 16, 0 
1640894244.654721 1640051235 c0:98:e5:42:00:2c 4437 
1640894244.654762 4662 4664 4673 4680 4688 4694 4706 4708 4711 4711 4713 4715 4715 4716 4732 
1640894244.654802 4734 4737 4739 4746 4751 4751 4753 4760 4762 4772 4777 4791 4821 4859 4931 
1640894245.654731 ### DEBUG: Ticks: 759, 16, 0 
1640894245.654849 1640051236 c0:98:e5:42:00:2c 5425 
1640894245.654905 5585 5595 5604 5605 5606 5621 5635 5644 5647 5661 5667 5669 5670 5671 5672 
1640894245.654953 5673 5674 5676 5676 5680 5681 5685 5689 5696 5717 5718 5724 5839 5947 0 
1640894246.646173 ### DEBUG: Ticks: 774, 15, 0 
1640894246.646290 1640051237 c0:98:e5:42:00:2c 5448 
1640894246.646345 5608 5614 5621 5623 5625 5628 5629 5631 5632 5641 5646 5652 5655 5660 5665 
1640894246.646394 5666 5666 5667 5667 5671 5677 5681 5684 5684 5693 5708 5807 5910 5985 7463 
1640894246.893801 ### BLE EVENT: 16, INFO: BLE CONNECTED!
1640894246.893921 ### RSSI: -62, 27, 1640051237 ,778 
1640894246.995965 ### RSSI: -62, 18, 1640051238 ,780 
1640894247.093778 ### RSSI: -71, 31, 1640051238 ,781 
1640894247.195213 ### RSSI: -57, 5, 1640051238 ,783 
1640894247.292879 ### RSSI: -65, 35, 1640051238 ,784 
1640894247.396778 ### RSSI: -64, 35, 1640051238 ,786 
1640894247.497830 ### RSSI: -68, 31, 1640051238 ,787 
1640894247.597672 ### RSSI: -59, 13, 1640051238 ,789 
1640894247.654260 ### DEBUG: Ticks: 790, 16, 0 
1640894247.654371 1640051238 c0:98:e5:42:00:2c 5441 
1640894247.654427 5672 5692 5697 5704 5722 5726 5736 5736 5738 5742 5744 5776 5780 5781 5788 
1640894247.654486 5791 5797 5798 5805 5819 5827 5829 5830 5835 5850 5989 6071 6082 6090 6117 
1640894247.688643 ### RSSI: -73, 22, 1640051238 ,790 
1640894247.790391 ### RSSI: -67, 20, 1640051238 ,792 
1640894247.892729 ### RSSI: -73, 30, 1640051238 ,794 
1640894247.992833 ### RSSI: -63, 16, 1640051239 ,795 
1640894248.093449 ### RSSI: -81, 0, 1640051239 ,797 
1640894248.193841 ### RSSI: -63, 16, 1640051239 ,798 
1640894248.292141 ### RSSI: -73, 2, 1640051239 ,800 
1640894248.390562 ### RSSI: -69, 33, 1640051239 ,801 
1640894248.594811 ### RSSI: -68, 10, 1640051239 ,805 
1640894248.652359 ### DEBUG: Ticks: 805, 15, 0 
1640894248.652480 1640051239 c0:98:e5:42:00:2c 5485 
1640894248.652531 5663 5697 5703 5704 5711 5725 5732 5741 5746 5749 5752 5753 5757 5764 5772 
1640894248.652779 5777 5780 5790 5791 5794 5795 5800 5814 5817 5839 5845 5848 5877 5935 5949 
1640894249.588907 ### RSSI: -68, 30, 1640051240 ,820 
1640894249.646425 ### DEBUG: Ticks: 821, 16, 0 
1640894249.646547 1640051240 c0:98:e5:42:00:2c 5449 
1640894249.646608 5546 5628 5645 5650 5651 5658 5665 5665 5674 5689 5699 5701 5705 5708 5720 
1640894249.646667 5733 5738 5738 5741 5748 5756 5761 5763 5768 5774 5800 5831 5846 5880 6354 
1640894250.591732 ### RSSI: -66, 0, 1640051241 ,836 
1640894250.647444 ### DEBUG: Ticks: 837, 16, 0 
1640894250.647563 1640051241 c0:98:e5:42:00:2c 5391 
1640894250.647624 5589 5590 5615 5619 5619 5640 5644 5647 5663 5669 5670 5671 5675 5681 5682 
1640894250.647684 5693 5700 5701 5719 5736 5738 5744 5745 5747 5752 5796 5814 5820 5895 6157 
1640894251.595826 ### RSSI: -64, 4, 1640051242 ,851 
1640894251.653121 ### DEBUG: Ticks: 852, 15, 0 
1640894251.653241 1640051242 c0:98:e5:42:00:2c 5323 
1640894251.653291 5380 5484 5488 5523 5524 5532 5569 5573 5576 5582 5584 5585 5585 5593 5594 
1640894251.653340 5597 5607 5610 5621 5622 5631 5635 5641 5649 5670 5692 5696 5733 5735 5754 
1640894252.591893 ### RSSI: -72, 36, 1640051243 ,867 
1640894252.648848 ### DEBUG: Ticks: 868, 16, 0 
1640894252.648961 1640051243 c0:98:e5:42:00:2c 5204 
1640894252.649016 5406 5468 5488 5491 5522 5527 5528 5532 5535 5539 5539 5548 5548 5553 5558 
1640894252.649065 5561 5562 5563 5564 5564 5571 5579 5585 5605 5610 5617 5617 5636 5657 5681 
1640894253.597251 ### RSSI: -62, 31, 1640051244 ,883 
1640894253.651946 ### DEBUG: Ticks: 883, 15, 0 
1640894253.652047 1640051244 c0:98:e5:42:00:2c 5143 
1640894253.652088 5259 5345 5359 5407 5408 5410 5420 5424 5435 5438 5442 5445 5449 5450 5451 
1640894253.652136 5461 5467 5473 5481 5482 5498 5499 5507 5512 5522 5556 5560 5596 5620 5787 
1640894254.597848 ### RSSI: -63, 34, 1640051245 ,898 
1640894254.651856 ### DEBUG: Ticks: 899, 16, 0 
1640894254.651958 1640051245 c0:98:e5:42:00:2c 4984 
1640894254.651999 5102 5157 5194 5215 5229 5229 5244 5247 5250 5253 5253 5256 5257 5261 5261 
1640894254.652038 5261 5267 5283 5287 5288 5288 5294 5300 5304 5309 5322 5335 5389 5394 5434 
1640894255.592541 ### RSSI: -67, 21, 1640051246 ,914 
1640894255.649586 ### DEBUG: Ticks: 915, 16, 0 
1640894255.649707 1640051246 c0:98:e5:42:00:2c 4998 
1640894255.649762 5231 5246 5249 5254 5258 5260 5261 5284 5286 5294 5299 5312 5313 5313 5323 
1640894255.649811 5327 5330 5330 5330 5345 5359 5359 5359 5366 5366 5370 5374 5482 5500 5531 
1640894256.595117 ### RSSI: -62, 13, 1640051246 ,929 
1640894256.652663 ### DEBUG: Ticks: 930, 15, 0 
1640894256.652777 1640051247 c0:98:e5:42:00:2c 4994 
1640894256.652855 5165 5167 5182 5192 5200 5214 5214 5221 5223 5226 5239 5249 5251 5259 5271 
1640894256.652905 5272 5273 5275 5282 5283 5284 5293 5303 5348 5356 5359 5403 5412 5451 5562 
1640894257.595949 ### RSSI: -75, 12, 1640051248 ,945 
1640894257.653252 ### DEBUG: Ticks: 946, 16, 0 
1640894257.653356 1640051248 c0:98:e5:42:00:2c 5007 
1640894257.653397 4960 5073 5074 5093 5097 5099 5100 5110 5111 5118 5137 5137 5138 5146 5150 
1640894257.653437 5150 5156 5161 5163 5168 5172 5173 5179 5201 5214 5214 5215 5252 5364 5369 
1640894258.594094 ### RSSI: -66, 18, 1640051249 ,961 
1640894258.649003 ### DEBUG: Ticks: 962, 16, 0 
1640894258.649107 1640051249 c0:98:e5:42:00:2c 4768 
1640894258.649149 4981 4989 4995 5001 5004 5011 5024 5024 5027 5027 5030 5034 5036 5039 5043 
1640894258.649196 5051 5056 5057 5059 5065 5073 5080 5087 5123 5132 5153 5189 5355 5394 5431 
1640894259.587082 ### RSSI: -62, 34, 1640051250 ,976 
1640894259.647417 ### DEBUG: Ticks: 977, 15, 0 
1640894259.647533 1640051250 c0:98:e5:42:00:2c 4467 
1640894259.647584 4639 4651 4652 4669 4683 4702 4703 4704 4713 4720 4721 4727 4729 4735 4736 
1640894259.659034 4737 4740 4741 4743 4751 4752 4756 4758 4778 4780 4784 4793 4890 4957 5064 
1640894260.650178 ### DEBUG: Ticks: 993, 16, 0 
1640894260.650292 1640051251 c0:98:e5:42:00:2c 3677 
1640894260.650334 3851 3880 3894 3896 3899 3900 3900 3902 3903 3909 3918 3920 3924 3926 3926 
1640894260.650385 3929 3932 3932 3941 3942 3946 3950 3960 3980 3989 4012 4064 4135 4412 4531 
1640894260.695606 ### RSSI: -68, 16, 1640051251 ,993 
1640894261.646356 ### DEBUG: Ticks: 1008, 15, 0 
1640894261.646524 1640051252 c0:98:e5:42:00:2c 2552 
1640894261.646616 2723 2743 2752 2754 2765 2766 2769 2770 2777 2778 2780 2786 2796 2809 2809 
1640894261.646710 2809 2811 2812 2813 2820 2821 2825 2831 2835 2845 2871 2898 2922 2975 3383 
1640894261.692185 ### RSSI: -65, 11, 1640051252 ,1009 
1640894262.647542 ### DEBUG: Ticks: 1024, 16, 0 
1640894262.647663 1640051253 c0:98:e5:42:00:2c 1520 
1640894262.647717 1649 1686 1688 1688 1695 1703 1706 1710 1711 1714 1722 1730 1732 1733 1734 
1640894262.647772 1743 1744 1746 1747 1747 1749 1750 1753 1758 1760 1780 1790 1802 1813 2193 
1640894262.694066 ### RSSI: -58, 27, 1640051253 ,1025 
1640894263.646684 ### DEBUG: Ticks: 1040, 16, 0 
1640894263.646801 1640051254 c0:98:e5:42:00:2c 1225 
1640894263.646843 1490 1497 1506 1513 1519 1529 1531 1532 1533 1541 1545 1548 1554 1556 1558 
1640894263.646882 1558 1559 1561 1573 1574 1585 1588 1597 1599 1600 1615 1651 1658 1704 1769 
1640894263.690154 ### RSSI: -58, 25, 1640051254 ,1040 
1640894264.649932 ### DEBUG: Ticks: 1055, 15, 0 
1640894264.650034 1640051255 c0:98:e5:42:00:2c 1346 
1640894264.650079 1503 1548 1587 1589 1595 1600 1603 1605 1616 1616 1617 1617 1619 1620 1624 
1640894264.650118 1634 1634 1634 1655 1677 1683 1688 1689 1692 1700 1705 1712 1719 1772 1810 
1640894264.694874 ### RSSI: -69, 4, 1640051255 ,1056 
1640894265.649261 ### DEBUG: Ticks: 1071, 16, 0 
1640894265.649366 1640051256 c0:98:e5:42:00:2c 1479 
1640894265.649407 1696 1734 1739 1741 1774 1779 1794 1795 1829 1829 1840 1842 1847 1849 1850 
1640894265.649447 1857 1857 1857 1861 1882 1899 1963 1991 1994 2000 2007 2008 2030 2033 2653 
1640894265.693884 ### RSSI: -56, 19, 1640051256 ,1072 
1640894266.656924 ### DEBUG: Ticks: 1087, 16, 0 
1640894266.657060 1640051257 c0:98:e5:42:00:2c 1462 
1640894266.657110 1634 1676 1677 1692 1693 1694 1708 1710 1716 1723 1732 1748 1763 1764 1766 
1640894266.657159 1768 1769 1773 1776 1782 1782 1783 1791 1792 1795 1815 1822 1825 1844 2473 
1640894266.691400 ### RSSI: -61, 7, 1640051257 ,1087 
1640894267.646457 ### DEBUG: Ticks: 1102, 15, 0 
1640894267.646558 1640051258 c0:98:e5:42:00:2c 1494 
1640894267.646602 1620 1696 1720 1722 1723 1727 1731 1746 1749 1752 1759 1766 1769 1773 1774 
1640894267.646642 1775 1779 1788 1791 1791 1800 1845 1847 1850 1851 1856 1872 1931 1975 2016 
1640894267.691483 ### RSSI: -53, 1, 1640051258 ,1103 
1640894268.652476 ### DEBUG: Ticks: 1118, 16, 0 
1640894268.652591 1640051259 c0:98:e5:42:00:2c 1605 
1640894268.652642 1684 1770 1775 1791 1800 1810 1811 1816 1816 1825 1829 1833 1836 1848 1848 
1640894268.652691 1852 1853 1854 1856 1872 1883 1891 1895 1937 1955 1956 1972 1974 2013 2036 
1640894268.695804 ### RSSI: -61, 6, 1640051259 ,1118 
1640894269.648440 ### DEBUG: Ticks: 1133, 15, 0 
1640894269.648701 1640051260 c0:98:e5:42:00:2c 1661 
1640894269.648750 1828 1833 1840 1847 1867 1871 1875 1875 1877 1892 1903 1908 1909 1915 1917 
1640894269.648790 1927 1940 1946 1949 1956 1961 1986 1988 1992 2006 2036 2038 2050 2061 2172 
1640894269.693645 ### RSSI: -57, 32, 1640051260 ,1134 
1640894270.648169 ### DEBUG: Ticks: 1149, 16, 0 
1640894270.648294 1640051261 c0:98:e5:42:00:2c 1798 
1640894270.648346 1916 1973 1978 1985 1995 1995 1998 2000 2000 2003 2008 2021 2028 2030 2047 
1640894270.648404 2052 2055 2058 2065 2065 2090 2118 2121 2138 2139 2152 2153 2154 2221 2305 
1640894270.691148 ### RSSI: -61, 11, 1640051261 ,1150 
1640894270.994960 ### INFO: SD card flushed!
1640894271.648877 ### DEBUG: Ticks: 1165, 16, 0 
1640894271.648996 1640051262 c0:98:e5:42:00:2c 1689 
1640894271.649046 1900 1912 1915 1947 1951 1957 1961 1962 1963 1966 1972 1974 1989 1993 1994 
1640894271.649099 1999 2001 2005 2009 2014 2035 2042 2050 2052 2065 2068 2076 2091 2099 2198 
1640894271.694886 ### RSSI: -60, 16, 1640051262 ,1165 
1640894272.654120 ### DEBUG: Ticks: 1180, 15, 0 
1640894272.654237 1640051263 c0:98:e5:42:00:2c 1760 
1640894272.654292 1877 1891 1904 1907 1918 1935 1936 1937 1939 1945 1953 1958 1967 1967 1969 
1640894272.654341 1976 1977 1982 1985 1994 2003 2019 2019 2023 2025 2035 2052 2068 2224 2745 
1640894272.687515 ### RSSI: -64, 15, 1640051263 ,1181 
1640894273.646866 ### DEBUG: Ticks: 1196, 16, 0 
1640894273.646971 1640051264 c0:98:e5:42:00:2c 1710 
1640894273.647012 1859 1880 1927 1942 1953 1954 1959 1970 1976 1977 1978 1979 1983 1984 1985 
1640894273.647051 1986 2003 2005 2014 2018 2024 2036 2051 2055 2059 2077 2084 2104 2137 2334 
1640894273.694102 ### RSSI: -61, 17, 1640051264 ,1197 
1640894274.652898 ### DEBUG: Ticks: 1212, 16, 0 
1640894274.653022 1640051265 c0:98:e5:42:00:2c 1680 
1640894274.653077 1860 1865 1893 1904 1907 1911 1916 1930 1943 1945 1948 1948 1950 1951 1952 
1640894274.653126 1957 1964 1967 1969 1971 1972 1976 1980 1988 1989 1991 1991 2022 2030 2073 
1640894274.695131 ### RSSI: -53, 2, 1640051265 ,1212 
1640894275.653573 ### DEBUG: Ticks: 1227, 15, 0 
1640894275.653678 1640051266 c0:98:e5:42:00:2c 1727 
1640894275.653719 1874 1892 1901 1905 1905 1909 1921 1930 1937 1937 1937 1943 1949 1957 1963 
1640894275.653778 1969 1971 1974 1976 1977 1991 1998 2004 2008 2016 2058 2065 2104 2105 2164 
1640894275.687002 ### RSSI: -53, 18, 1640051266 ,1228 
1640894276.651443 ### DEBUG: Ticks: 1243, 16, 0 
1640894276.651548 1640051267 c0:98:e5:42:00:2c 1772 
1640894276.651589 2000 2008 2025 2026 2038 2042 2044 2048 2049 2055 2065 2069 2070 2075 2076 
1640894276.651629 2081 2097 2098 2100 2106 2111 2116 2123 2138 2149 2164 2171 2178 2179 2207 
1640894276.696101 ### RSSI: -55, 18, 1640051267 ,1243 
1640894277.647352 ### DEBUG: Ticks: 1258, 15, 0 
1640894277.647455 1640051268 c0:98:e5:42:00:2c 2165 
1640894277.647500 2383 2389 2408 2412 2419 2421 2424 2425 2436 2440 2450 2453 2453 2455 2460 
1640894277.659561 2462 2463 2463 2474 2475 2477 2478 2487 2489 2497 2498 2506 2508 2535 2547 
1640894277.693219 ### RSSI: -64, 25, 1640051268 ,1259 
1640894278.655089 ### DEBUG: Ticks: 1274, 16, 0 
1640894278.655187 1640051269 c0:98:e5:42:00:2c 2936 
1640894278.655236 3151 3152 3164 3169 3175 3179 3192 3195 3195 3198 3202 3203 3205 3211 3212 
1640894278.655307 3213 3213 3214 3214 3215 3217 3233 3234 3241 3241 3243 3275 3279 3297 3324 
1640894278.688718 ### RSSI: -63, 5, 1640051270 ,1275 
1640894279.647354 ### DEBUG: Ticks: 1290, 16, 0 
1640894279.647467 1640051270 c0:98:e5:42:00:2c 4028 
1640894279.647511 4180 4223 4236 4238 4249 4257 4257 4260 4262 4263 4263 4267 4271 4275 4277 
1640894279.647559 4286 4287 4289 4294 4298 4298 4303 4304 4339 4372 4380 4402 4429 4495 4539 
1640894279.691523 ### RSSI: -65, 29, 1640051270 ,1290 
1640894280.650513 ### DEBUG: Ticks: 1305, 15, 0 
1640894280.650624 1640051271 c0:98:e5:42:00:2c 4808 
1640894280.650665 5006 5018 5026 5036 5037 5039 5050 5056 5059 5064 5064 5068 5069 5073 5080 
1640894280.650709 5081 5084 5086 5095 5098 5102 5106 5113 5123 5124 5141 5151 5155 5161 5172 
1640894280.696969 ### RSSI: -60, 32, 1640051271 ,1306 
1640894281.648252 ### DEBUG: Ticks: 1321, 16, 0 
1640894281.648357 1640051272 c0:98:e5:42:00:2c 5666 
1640894281.648403 5883 5901 5911 5912 5927 5955 5964 5975 6008 6020 6039 6082 6115 6142 6182 
1640894281.648443 6198 6221 6227 6232 6235 6266 6295 6324 6325 6341 6367 6378 6386 6458 6857 
1640894281.694257 ### RSSI: -65, 35, 1640051272 ,1321 
1640894282.646577 ### DEBUG: Ticks: 1336, 15, 0 
1640894282.646691 1640051273 c0:98:e5:42:00:2c 5585 
1640894282.658950 5835 5837 5849 5854 5862 5862 5868 5878 5910 5914 5917 5919 5924 5935 5936 
1640894282.659052 5944 5945 5954 5961 5961 5962 5963 5984 5991 6009 6011 6021 6023 6130 6179 
1640894282.692409 ### RSSI: -65, 8, 1640051273 ,1337 
1640894283.652596 ### DEBUG: Ticks: 1352, 16, 0 
1640894283.652792 1640051274 c0:98:e5:42:00:2c 5411 
1640894283.652842 5567 5610 5633 5661 5664 5672 5681 5684 5692 5704 5706 5708 5710 5712 5713 
1640894283.652891 5719 5723 5729 5730 5739 5751 5751 5752 5758 5789 5803 5807 5831 5876 6060 
1640894283.696416 ### RSSI: -63, 27, 1640051274 ,1353 
1640894284.649051 ### DEBUG: Ticks: 1368, 16, 0 
1640894284.649170 1640051275 c0:98:e5:42:00:2c 5384 
1640894284.649220 5604 5659 5670 5677 5682 5683 5695 5695 5699 5700 5702 5703 5710 5716 5720 
1640894284.649273 5732 5733 5744 5749 5756 5766 5769 5773 5774 5774 5782 5787 5789 5842 5845 
1640894284.694313 ### RSSI: -75, 15, 1640051275 ,1368 
1640894285.655052 ### DEBUG: Ticks: 1383, 15, 0 
1640894285.655166 1640051276 c0:98:e5:42:00:2c 5534 
1640894285.655216 5615 5669 5737 5745 5763 5771 5790 5790 5792 5811 5819 5821 5823 5839 5840 
1640894285.655342 5845 5848 5849 5853 5854 5856 5857 5876 5876 5913 5952 5961 5962 6008 6017 
1640894285.687661 ### RSSI: -66, 3, 1640051276 ,1384 
1640894286.655689 ### DEBUG: Ticks: 1399, 16, 0 
1640894286.655807 1640051277 c0:98:e5:42:00:2c 5402 
1640894286.655862 5532 5558 5573 5636 5654 5655 5671 5673 5683 5696 5698 5710 5718 5722 5726 
1640894286.655935 5728 5728 5744 5745 5746 5746 5747 5748 5751 5773 5776 5785 5809 5857 5924 
1640894286.690692 ### RSSI: -67, 33, 1640051277 ,1400 
1640894287.655763 ### DEBUG: Ticks: 1415, 16, 0 
1640894287.655903 1640051278 c0:98:e5:42:00:2c 5424 
1640894287.655955 5590 5600 5626 5636 5656 5660 5662 5679 5684 5692 5698 5703 5711 5713 5721 
1640894287.656003 5728 5728 5736 5743 5744 5747 5755 5763 5783 5790 5800 5825 5846 5853 5922 
1640894287.692329 ### RSSI: -66, 30, 1640051278 ,1415 
1640894288.646826 ### DEBUG: Ticks: 1430, 15, 0 
1640894288.646939 1640051279 c0:98:e5:42:00:2c 5327 
1640894288.658734 5423 5431 5482 5533 5541 5543 5553 5568 5601 5604 5608 5615 5617 5622 5623 
1640894288.658839 5627 5632 5641 5669 5672 5676 5684 5684 5690 5707 5723 5724 5744 5818 5915 
1640894288.693902 ### RSSI: -67, 2, 1640051279 ,1431 
1640894289.652946 ### DEBUG: Ticks: 1446, 16, 0 
1640894289.653062 1640051280 c0:98:e5:42:00:2c 5262 
1640894289.653114 5511 5529 5529 5536 5573 5590 5596 5599 5606 5610 5612 5614 5615 5615 5616 
1640894289.653166 5633 5639 5647 5651 5653 5665 5668 5671 5689 5727 5765 5792 5808 5852 5873 
1640894289.687171 ### RSSI: -79, 29, 1640051280 ,1446 
1640894290.651903 ### DEBUG: Ticks: 1461, 15, 0 
1640894290.652028 1640051281 c0:98:e5:42:00:2c 5201 
1640894290.652081 5464 5471 5479 5486 5488 5493 5493 5500 5509 5511 5518 5521 5523 5537 5540 
1640894290.652137 5544 5549 5552 5556 5563 5565 5575 5589 5601 5619 5643 5650 5682 5802 0 
1640894290.685634 ### RSSI: -76, 6, 1640051281 ,1462 
1640894291.647653 ### DEBUG: Ticks: 1477, 16, 0 
1640894291.647760 1640051282 c0:98:e5:42:00:2c 5125 
1640894291.647801 5333 5339 5341 5350 5356 5365 5366 5373 5374 5375 5379 5380 5385 5392 5396 
1640894291.647840 5400 5404 5404 5422 5426 5429 5432 5436 5436 5442 5444 5452 5477 5483 5484 
1640894291.693933 ### RSSI: -66, 28, 1640051282 ,1478 
1640894292.652508 ### DEBUG: Ticks: 1493, 16, 0 
1640894292.652624 1640051283 c0:98:e5:42:00:2c 4904 
1640894292.652674 5041 5101 5125 5129 5133 5143 5147 5147 5158 5160 5161 5177 5177 5181 5183 
1640894292.652729 5188 5199 5201 5213 5214 5216 5220 5228 5249 5260 5291 5310 5396 5410 5471 
1640894292.686206 ### RSSI: -74, 34, 1640051283 ,1493 
1640894293.652764 ### DEBUG: Ticks: 1508, 15, 0 
1640894293.652875 1640051284 c0:98:e5:42:00:2c 4585 
1640894293.652917 4731 4796 4821 4823 4833 4834 4843 4843 4845 4852 4862 4869 4870 4875 4878 
1640894293.652961 4883 4886 4888 4890 4893 4897 4899 4901 4928 4932 4947 4958 4963 5145 5165 
1640894293.686559 ### RSSI: -67, 25, 1640051284 ,1509 
1640894294.648374 ### DEBUG: Ticks: 1524, 16, 0 
1640894294.648477 1640051285 c0:98:e5:42:00:2c 3955 
1640894294.648518 4179 4184 4209 4212 4224 4226 4231 4235 4238 4238 4240 4242 4245 4245 4247 
1640894294.659384 4252 4254 4254 4259 4264 4271 4282 4282 4298 4306 4306 4317 4322 4432 4592 
1640894294.695328 ### RSSI: -63, 35, 1640051285 ,1525 
1640894295.655198 ### DEBUG: Ticks: 1540, 16, 0 
1640894295.655352 1640051286 c0:98:e5:42:00:2c 3051 
1640894295.655394 3268 3269 3278 3288 3291 3317 3327 3328 3328 3331 3333 3334 3342 3342 3347 
1640894295.655434 3350 3352 3354 3358 3361 3362 3365 3366 3371 3378 3382 3382 3405 3441 3955 
1640894295.787298 ### RSSI: -58, 10, 1640051286 ,1542 
1640894296.647311 ### DEBUG: Ticks: 1555, 15, 0 
1640894296.647416 1640051287 c0:98:e5:42:00:2c 2434 
1640894296.647465 2594 2623 2625 2632 2633 2634 2642 2652 2655 2657 2658 2660 2664 2664 2665 
1640894296.647513 2666 2666 2670 2679 2685 2685 2689 2695 2708 2712 2718 2734 2771 2896 0 
1640894296.792100 ### RSSI: -72, 13, 1640051287 ,1557 
1640894297.655463 ### DEBUG: Ticks: 1571, 16, 0 
1640894297.655569 1640051288 c0:98:e5:42:00:2c 1861 
1640894297.655610 2100 2101 2101 2103 2104 2110 2112 2113 2119 2124 2127 2132 2133 2134 2142 
1640894297.655658 2146 2147 2148 2156 2156 2161 2164 2170 2175 2189 2225 2226 2231 2282 2293 
1640894297.793285 ### RSSI: -63, 18, 1640051288 ,1573 
1640894298.655221 ### DEBUG: Ticks: 1586, 15, 0 
1640894298.655375 1640051289 c0:98:e5:42:00:2c 1410 
1640894298.655417 1599 1623 1632 1664 1670 1674 1678 1679 1684 1686 1688 1692 1700 1702 1704 
1640894298.655460 1705 1708 1708 1711 1712 1722 1732 1734 1740 1743 1745 1753 1762 1762 1780 
1640894298.792345 ### RSSI: -60, 19, 1640051289 ,1589 
1640894299.652771 ### DEBUG: Ticks: 1602, 16, 0 
1640894299.652887 1640051290 c0:98:e5:42:00:2c 1428 
1640894299.652938 1618 1627 1645 1646 1648 1652 1659 1663 1663 1673 1681 1682 1685 1687 1689 
1640894299.652997 1692 1693 1693 1694 1700 1700 1703 1719 1748 1756 1774 1787 1823 1873 1899 
1640894299.789331 ### RSSI: -65, 32, 1640051290 ,1604 
1640894300.657523 ### DEBUG: Ticks: 1618, 16, 0 
1640894300.657645 1640051291 c0:98:e5:42:00:2c 1352 
1640894300.657701 1514 1555 1568 1575 1581 1586 1590 1590 1599 1600 1605 1609 1611 1615 1615 
1640894300.657760 1619 1625 1627 1647 1647 1652 1656 1663 1664 1676 1683 1703 1707 1762 1868 
1640894300.791719 ### RSSI: -60, 30, 1640051292 ,1620 
1640894301.786846 ### RSSI: -77, 16, 1640051293 ,1635 
1640894302.791305 ### RSSI: -62, 16, 1640051294 ,1651 
1640894303.651824 ### DEBUG: Ticks: 1664, 46, 0 
1640894303.651935 1640051294 c0:98:e5:42:00:2c 2023 
1640894303.651990 2183 2258 2270 2288 2289 2294 2297 2297 2305 2308 2312 2316 2320 2325 2327 
1640894303.652040 2328 2329 2333 2335 2337 2340 2341 2342 2348 2359 2361 2372 2393 2423 2451 
1640894303.785755 ### RSSI: -66, 34, 1640051295 ,1667 
1640894304.648462 ### DEBUG: Ticks: 1680, 16, 0 
1640894304.648582 1640051295 c0:98:e5:42:00:2c 2008 
1640894304.648633 2169 2199 2204 2208 2221 2222 2222 2225 2229 2233 2233 2235 2236 2247 2262 
1640894304.648687 2262 2263 2270 2275 2276 2286 2289 2293 2307 2310 2311 2355 2370 2385 2443 
1640894304.793989 ### RSSI: -64, 24, 1640051295 ,1682 
1640894305.649896 ### DEBUG: Ticks: 1696, 16, 0 
1640894305.649998 1640051296 c0:98:e5:42:00:2c 1761 
1640894305.650044 1933 1976 1982 2000 2005 2009 2011 2018 2027 2030 2033 2036 2044 2048 2048 
1640894305.650090 2049 2049 2049 2052 2067 2073 2074 2096 2099 2109 2126 2155 2158 2177 2204 
1640894305.796105 ### RSSI: -58, 12, 1640051296 ,1698 
1640894306.653585 ### DEBUG: Ticks: 1711, 15, 0 
1640894306.653688 1640051297 c0:98:e5:42:00:2c 1733 
1640894306.653729 1849 1984 1987 1988 1999 2002 2003 2010 2016 2025 2031 2033 2033 2033 2036 
1640894306.653768 2039 2039 2057 2060 2069 2070 2106 2121 2132 2149 2159 2173 2258 2296 2354 
1640894306.788575 ### RSSI: -57, 7, 1640051297 ,1714 
1640894307.655927 ### DEBUG: Ticks: 1727, 16, 0 
1640894307.656056 1640051298 c0:98:e5:42:00:2c 1672 
1640894307.656106 1886 1887 1895 1906 1925 1928 1931 1936 1937 1945 1946 1965 1966 1967 1970 
1640894307.656159 1977 1990 2010 2011 2019 2023 2029 2030 2031 2045 2047 2059 2070 2097 2099 
1640894307.792151 ### RSSI: -65, 22, 1640051298 ,1729 
1640894307.988855 ### INFO: SD card flushed!
1640894308.785713 ### RSSI: -65, 11, 1640051299 ,1745 
1640894309.787013 ### RSSI: -59, 15, 1640051300 ,1760 
1640894310.651774 ### DEBUG: Ticks: 1774, 47, 0 
1640894310.651878 1640051301 c0:98:e5:42:00:2c 2062 
1640894310.651944 2322 2329 2330 2346 2348 2350 2356 2359 2361 2363 2368 2371 2372 2372 2374 
1640894310.651991 2383 2384 2389 2389 2390 2394 2405 2414 2422 2434 2435 2449 2460 2515 2905 
1640894310.785693 ### RSSI: -52, 18, 1640051301 ,1776 
1640894311.649221 ### DEBUG: Ticks: 1789, 15, 0 
1640894311.649416 1640051302 c0:98:e5:42:00:2c 2416 
1640894311.649470 2596 2638 2639 2646 2648 2652 2670 2670 2684 2686 2690 2692 2693 2696 2698 
1640894311.649543 2699 2704 2705 2706 2709 2719 2720 2749 2753 2760 2772 2772 2781 2787 2802 
1640894311.792600 ### RSSI: -56, 33, 1640051302 ,1792 
1640894312.647669 ### DEBUG: Ticks: 1805, 16, 0 
1640894312.647770 1640051303 c0:98:e5:42:00:2c 3074 
1640894312.647811 3269 3295 3300 3307 3310 3313 3317 3328 3338 3340 3342 3343 3348 3349 3352 
1640894312.647853 3357 3360 3360 3365 3367 3370 3373 3390 3390 3411 3414 3433 3452 3724 4377 
1640894312.792303 ### RSSI: -66, 17, 1640051303 ,1807 
1640894313.656834 ### DEBUG: Ticks: 1821, 16, 0 
1640894313.656941 1640051304 c0:98:e5:42:00:2c 3734 
1640894313.656982 3914 3916 3937 3940 3942 3943 3946 3954 3957 3960 3969 3973 3973 3975 3975 
1640894313.657023 3978 3979 3984 3985 3986 3987 3989 3990 3996 4003 4004 4009 4043 4057 4061 
1640894313.793062 ### RSSI: -65, 5, 1640051304 ,1823 
1640894314.651038 ### DEBUG: Ticks: 1836, 15, 0 
1640894314.651201 1640051305 c0:98:e5:42:00:2c 4173 
1640894314.651272 4404 4417 4451 4456 4465 4467 4470 4480 4480 4481 4485 4486 4486 4495 4496 
1640894314.651316 4498 4499 4501 4510 4515 4515 4517 4529 4534 4541 4548 4554 4563 4933 5020 
1640894314.788792 ### RSSI: -61, 33, 1640051305 ,1838 
1640894315.783934 ### RSSI: -65, 33, 1640051306 ,1854 
1640894316.785064 ### RSSI: -63, 33, 1640051307 ,1870 
1640894317.648748 ### DEBUG: Ticks: 1883, 47, 0 
1640894317.648854 1640051308 c0:98:e5:42:00:2c 5562 
1640894317.648900 5768 5775 5806 5814 5839 5852 5854 5856 5857 5862 5868 5868 5878 5879 5879 
1640894317.648943 5880 5886 5888 5894 5895 5904 5911 5913 5917 5936 5941 5953 5964 6081 6130 
1640894317.786174 ### RSSI: -78, 11, 1640051308 ,1885 
1640894318.650263 ### DEBUG: Ticks: 1899, 16, 0 
1640894318.650371 1640051309 c0:98:e5:42:00:2c 5402 
1640894318.650416 5545 5592 5654 5656 5672 5673 5676 5680 5681 5682 5683 5689 5689 5690 5691 
1640894318.650455 5695 5697 5700 5701 5707 5709 5715 5717 5724 5725 5731 5733 5826 5829 0 
1640894318.793498 ### RSSI: -63, 13, 1640051309 ,1901 
1640894319.652701 ### DEBUG: Ticks: 1914, 15, 0 
1640894319.652836 1640051310 c0:98:e5:42:00:2c 5449 
1640894319.652888 5598 5617 5672 5672 5696 5697 5697 5697 5706 5707 5710 5717 5719 5734 5745 
1640894319.652937 5761 5762 5773 5773 5777 5778 5784 5786 5798 5806 5821 5825 5829 5834 5858 
1640894319.788094 ### RSSI: -68, 32, 1640051310 ,1917 
1640894320.653059 ### DEBUG: Ticks: 1930, 16, 0 
1640894320.653166 1640051311 c0:98:e5:42:00:2c 5580 
1640894320.653207 5737 5744 5787 5816 5821 5830 5830 5834 5839 5843 5861 5868 5874 5878 5881 
1640894320.653252 5890 5893 5897 5914 5916 5916 5924 5940 5951 5953 5984 5997 6012 6077 6088 
1640894320.786958 ### RSSI: -72, 1, 1640051311 ,1932 
1640894321.650832 ### DEBUG: Ticks: 1946, 16, 0 
1640894321.650948 1640051312 c0:98:e5:42:00:2c 5671 
1640894321.651003 5807 5896 5903 5925 5942 5946 5959 5965 5973 5977 5982 5985 5988 5994 6008 
1640894321.651052 6020 6021 6040 6050 6051 6057 6062 6074 6089 6116 6148 6165 6172 6181 6391 
1640894321.783976 ### RSSI: -68, 24, 1640051312 ,1948 
1640894322.792066 ### RSSI: -70, 7, 1640051313 ,1963 
1640894323.793892 ### RSSI: -67, 1, 1640051314 ,1979 
1640894324.648475 ### DEBUG: Ticks: 1992, 46, 0 
1640894324.648583 1640051315 c0:98:e5:42:00:2c 5655 
1640894324.648628 5612 5631 5633 5635 5638 5685 5687 5729 5736 5745 5759 5766 5775 5792 5824 
1640894324.659956 5828 5831 5840 5850 5859 5885 5934 5934 5939 5957 5966 5981 5998 6213 6260 
1640894324.794710 ### RSSI: -69, 28, 1640051316 ,1995 
1640894325.655106 ### DEBUG: Ticks: 2008, 16, 0 
1640894325.655220 1640051316 c0:98:e5:42:00:2c 5105 
1640894325.655591 5901 5914 5919 5943 5966 5968 5973 5974 5975 5981 5986 5988 5988 5991 5992 
1640894325.655721 5993 6000 6001 6002 6005 6009 6012 6018 6034 6034 6041 6042 6058 6076 6309 
1640894325.788205 ### RSSI: -70, 1, 1640051317 ,2010 
1640894326.655068 ### DEBUG: Ticks: 2024, 16, 0 
1640894326.655187 1640051317 c0:98:e5:42:00:2c 4865 
1640894326.655277 5108 5162 5164 5164 5171 5177 5177 5196 5219 5220 5221 5225 5226 5227 5230 
1640894326.655333 5233 5236 5242 5242 5243 5245 5248 5254 5254 5265 5268 5281 5289 5295 5345 
1640894327.652843 ### DEBUG: Ticks: 2039, 15, 0 
1640894327.652946 1640051318 c0:98:e5:42:00:2c 4466 
1640894327.652992 4597 4597 4624 4632 4647 4650 4656 4663 4664 4664 4693 4696 4696 4697 4700 
1640894327.653040 4701 4702 4704 4715 4718 4718 4720 4722 4722 4743 4754 4808 4822 4852 0 
1640894328.656037 ### DEBUG: Ticks: 2055, 16, 0 
1640894328.656140 1640051319 c0:98:e5:42:00:2c 3818 
1640894328.656182 3987 3993 3994 4002 4014 4014 4027 4042 4044 4045 4055 4057 4060 4069 4069 
1640894328.656222 4070 4071 4071 4076 4076 4077 4079 4090 4092 4092 4094 4143 4300 4417 0 
1640894329.649278 ### DEBUG: Ticks: 2071, 16, 0 
1640894329.649383 1640051320 c0:98:e5:42:00:2c 3324 
1640894329.649425 3547 3558 3564 3579 3581 3585 3614 3624 3630 3632 3634 3635 3638 3639 3640 
1640894329.660867 3645 3653 3659 3662 3663 3668 3689 3708 3709 3710 3714 3805 3874 4043 0 
1640894329.892141 ### BLE EVENT: 17, INFO: BLE DISCONNECTED!
1640894330.653571 ### DEBUG: Ticks: 2086, 15, 0 
1640894330.653717 1640051321 c0:98:e5:42:00:2c 2974 
1640894330.653768 3148 3170 3183 3187 3195 3196 3210 3215 3219 3222 3230 3233 3233 3234 3239 
1640894330.653816 3251 3251 3255 3256 3271 3275 3285 3287 3294 3336 3346 3349 3386 3389 0 
1640894331.648836 ### DEBUG: Ticks: 2102, 16, 0 
1640894331.648946 1640051322 c0:98:e5:42:00:2c 2614 
1640894331.648987 2809 2835 2871 2871 2883 2887 2888 2889 2890 2900 2903 2905 2905 2909 2910 
1640894331.649027 2911 2913 2924 2924 2932 2937 2945 2945 2946 2946 2959 2976 2991 0 0 
1640894332.650556 ### DEBUG: Ticks: 2117, 15, 0 
1640894332.650679 1640051323 c0:98:e5:42:00:2c 2116 
1640894332.650738 2362 2381 2381 2382 2386 2388 2389 2398 2399 2403 2410 2414 2415 2422 2426 
1640894332.650806 2428 2431 2438 2440 2442 2445 2446 2452 2454 2461 2468 2487 2536 2547 2566 
1640894333.657159 ### DEBUG: Ticks: 2133, 16, 0 
1640894333.657265 1640051324 c0:98:e5:42:00:2c 1663 
1640894333.657307 1862 1864 1881 1884 1895 1897 1899 1905 1909 1912 1912 1913 1913 1923 1923 
1640894333.657351 1929 1935 1937 1937 1940 1945 1954 1955 1957 1967 1974 1977 2147 2191 2193 
1640894334.648071 ### DEBUG: Ticks: 2149, 16, 0 
1640894334.648174 1640051325 c0:98:e5:42:00:2c 1439 
1640894334.648215 1628 1628 1639 1645 1647 1649 1688 1689 1695 1695 1708 1708 1711 1713 1715 
1640894334.648257 1719 1720 1721 1723 1724 1726 1730 1733 1738 1744 1750 1750 1753 1776 2739 
1640894335.657041 ### DEBUG: Ticks: 2164, 15, 0 
1640894335.657712 1640051326 c0:98:e5:42:00:2c 1665 
1640894335.658177 1781 1816 1842 1846 1856 1861 1862 1866 1867 1873 1877 1884 1890 1892 1896 
1640894335.658253 1902 1907 1913 1915 1917 1919 1923 1925 1936 1938 1959 2031 2066 2102 2108 
1640894336.648470 ### DEBUG: Ticks: 2180, 16, 0 
1640894336.648583 1640051327 c0:98:e5:42:00:2c 2016 
1640894336.648639 2232 2246 2254 2257 2277 2283 2283 2284 2294 2295 2299 2308 2311 2312 2314 
1640894336.648692 2314 2327 2327 2333 2333 2334 2336 2339 2343 2349 2357 2360 2373 2401 2646 
1640894341.650127 ### DEBUG: Ticks: 2258, 78, 0 
1640894341.650249 1640051332 c0:98:e5:42:00:2c 1679 
1640894341.650300 1859 1872 1873 1883 1886 1896 1897 1907 1918 1922 1926 1927 1939 1939 1943 
1640894341.650352 1943 1947 1954 1956 1957 1961 1982 1986 1987 2007 2012 2016 2112 2140 2143 
1640894342.649739 ### DEBUG: Ticks: 2274, 16, 0 
1640894342.649843 1640051333 c0:98:e5:42:00:2c 1712 
1640894342.649889 1868 1901 1902 1909 1911 1922 1924 1926 1926 1926 1927 1929 1933 1939 1942 
1640894342.649935 1944 1945 1955 1970 1981 1985 1999 2010 2011 2023 2026 2034 2036 2053 2069 
1640894343.654001 ### DEBUG: Ticks: 2289, 15, 0 
1640894343.654101 1640051334 c0:98:e5:42:00:2c 1833 
1640894343.654141 1995 2001 2023 2027 2028 2036 2046 2061 2065 2066 2070 2079 2080 2084 2085 
1640894343.654184 2086 2087 2091 2092 2102 2105 2108 2121 2122 2122 2132 2142 2173 2178 2194 
1640894344.654736 ### DEBUG: Ticks: 2305, 16, 0 
1640894344.654860 1640051335 c0:98:e5:42:00:2c 2250 
1640894344.654907 2444 2445 2459 2474 2476 2481 2490 2494 2502 2517 2523 2524 2525 2537 2544 
1640894344.654967 2546 2549 2550 2580 2581 2583 2584 2593 2597 2612 2643 2859 3031 3065 0 
1640894345.654741 ### DEBUG: Ticks: 2321, 16, 0 
1640894345.654841 1640051336 c0:98:e5:42:00:2c 2828 
1640894345.654884 2947 2961 2989 2991 3008 3015 3019 3025 3027 3029 3034 3036 3041 3043 3043 
1640894345.654923 3043 3043 3045 3055 3055 3057 3087 3088 3090 3104 3125 3127 3132 3186 3517 
1640894350.649114 ### DEBUG: Ticks: 2399, 78, 0 
1640894350.649218 1640051341 c0:98:e5:42:00:2c 4751 
1640894350.649260 4924 4934 4981 5001 5018 5018 5024 5032 5040 5051 5053 5056 5057 5067 5070 
1640894350.649305 5071 5078 5087 5098 5103 5103 5106 5110 5118 5143 5145 5191 5197 5241 5319 
1640894351.646432 ### DEBUG: Ticks: 2414, 15, 0 
1640894351.658166 1640051342 c0:98:e5:42:00:2c 5293 
1640894351.658289 5453 5462 5501 5507 5511 5516 5531 5544 5545 5546 5563 5569 5571 5573 5575 
1640894351.658342 5590 5595 5601 5610 5612 5618 5620 5621 5636 5642 5643 5646 5695 5745 5780 
1640894352.656077 ### DEBUG: Ticks: 2430, 16, 0 
1640894352.656190 1640051343 c0:98:e5:42:00:2c 5600 
1640894352.656248 5787 5816 5858 5869 5877 5896 5897 5899 5923 5930 5931 5937 5939 5940 5942 
1640894352.656302 5942 5954 5956 5965 5966 5974 5985 5987 5990 5993 6090 6109 6120 6160 6176 
1640894353.649837 ### DEBUG: Ticks: 2445, 15, 0 
1640894353.649954 1640051344 c0:98:e5:42:00:2c 5456 
1640894353.650005 5672 5688 5697 5705 5705 5707 5708 5711 5715 5723 5724 5729 5731 5735 5736 
1640894353.650058 5737 5743 5744 5744 5746 5749 5750 5756 5757 5760 5778 5785 5803 5858 5883 
1640894354.653206 ### DEBUG: Ticks: 2461, 16, 0 
1640894354.653312 1640051345 c0:98:e5:42:00:2c 5612 
1640894354.653355 5748 5809 5830 5839 5850 5854 5856 5860 5862 5863 5864 5865 5865 5865 5869 
1640894354.653401 5871 5877 5884 5892 5905 5914 5918 5934 5934 5981 5983 5997 6017 6045 6262 
1640894357.652963 ### DEBUG: Ticks: 2508, 47, 0 
1640894357.653068 1640051348 c0:98:e5:42:00:2c 5513 
1640894357.653110 5780 5829 5836 5840 5841 5843 5852 5853 5853 5859 5874 5875 5877 5880 5882 
1640894357.653150 5882 5885 5887 5900 5904 5905 5908 5913 5922 5961 5965 5968 6009 6074 6170 
1640894358.651334 ### DEBUG: Ticks: 2524, 16, 0 
1640894358.651438 1640051349 c0:98:e5:42:00:2c 5642 
1640894358.651479 5864 5869 5896 5903 5912 5929 5930 5937 5946 5952 5955 5957 5958 5982 5983 
1640894358.651527 5989 5993 5994 5996 6002 6009 6016 6017 6021 6049 6065 6077 6123 6168 6549 
1640894359.649805 ### DEBUG: Ticks: 2539, 15, 0 
1640894359.649909 1640051350 c0:98:e5:42:00:2c 5299 
1640894359.649950 5419 5525 5544 5552 5553 5561 5565 5572 5575 5575 5583 5589 5592 5593 5600 
1640894359.649990 5609 5622 5624 5624 5635 5639 5642 5644 5649 5652 5684 5723 5810 5858 5904 
1640894360.654294 ### DEBUG: Ticks: 2555, 16, 0 
1640894360.654396 1640051351 c0:98:e5:42:00:2c 5000 
1640894360.654441 5160 5219 5241 5254 5255 5267 5269 5272 5272 5281 5282 5285 5292 5297 5298 
1640894360.654486 5312 5314 5315 5315 5318 5325 5337 5338 5347 5360 5375 5385 5561 5718 5881 
1640894361.006449 ### INFO: SD card flushed!
1640894361.650576 ### DEBUG: Ticks: 2570, 15, 0 
1640894361.650678 1640051352 c0:98:e5:42:00:2c 4008 
1640894361.650720 4244 4298 4302 4315 4319 4331 4332 4333 4335 4336 4337 4339 4339 4344 4344 
1640894361.650768 4345 4351 4353 4354 4356 4360 4367 4371 4373 4375 4390 4398 4406 4424 4451 
1640894362.650890 ### DEBUG: Ticks: 2586, 16, 0 
1640894362.650994 1640051353 c0:98:e5:42:00:2c 3478 
1640894362.651035 3649 3660 3674 3692 3696 3697 3703 3713 3718 3719 3721 3728 3728 3728 3729 
1640894362.651078 3741 3748 3748 3751 3756 3761 3770 3771 3773 3792 3816 3824 3853 3940 0 
1640894363.649712 ### DEBUG: Ticks: 2602, 16, 0 
1640894363.649816 1640051354 c0:98:e5:42:00:2c 3331 
1640894363.649858 3553 3567 3572 3578 3586 3588 3590 3594 3601 3603 3605 3610 3611 3621 3621 
1640894363.661301 3623 3628 3634 3641 3643 3644 3650 3658 3664 3672 3690 3715 3729 3775 3777 
1640894364.649135 ### DEBUG: Ticks: 2617, 15, 0 
1640894364.649233 1640051355 c0:98:e5:42:00:2c 3263 
1640894364.649274 3495 3500 3521 3533 3544 3544 3545 3546 3546 3550 3554 3555 3556 3559 3562 
1640894364.649317 3567 3571 3573 3576 3577 3582 3585 3586 3589 3624 3628 3638 3644 3703 3767 
1640894365.652243 ### DEBUG: Ticks: 2633, 16, 0 
1640894365.652361 1640051356 c0:98:e5:42:00:2c 3094 
1640894365.652412 3340 3365 3371 3377 3378 3406 3407 3410 3411 3412 3415 3421 3423 3424 3428 
1640894365.652473 3439 3444 3445 3445 3445 3451 3453 3459 3472 3477 3486 3523 3527 3557 3940 
1640894366.650968 ### DEBUG: Ticks: 2649, 16, 0 
1640894366.651070 1640051357 c0:98:e5:42:00:2c 2747 
1640894366.651113 3000 3006 3014 3028 3029 3030 3031 3038 3040 3040 3042 3045 3045 3046 3047 
1640894366.651162 3049 3057 3059 3061 3067 3069 3070 3072 3096 3112 3114 3134 3169 3189 3240 
1640894367.650280 ### DEBUG: Ticks: 2664, 15, 0 
1640894367.650396 1640051358 c0:98:e5:42:00:2c 2291 
1640894367.650437 2513 2544 2562 2581 2583 2585 2589 2593 2594 2603 2603 2607 2609 2611 2612 
1640894367.650479 2615 2627 2627 2628 2635 2643 2645 2655 2668 2670 2674 2683 2794 2804 2872 
1640894368.649566 ### DEBUG: Ticks: 2680, 16, 0 
1640894368.649663 1640051359 c0:98:e5:42:00:2c 1652 
1640894368.649705 1819 1898 1902 1906 1907 1912 1920 1921 1924 1927 1937 1948 1949 1950 1954 
1640894368.661607 1957 1966 1968 1972 1974 1977 1979 1982 1986 1999 2030 2037 2076 2135 2263 
1640894369.655603 ### DEBUG: Ticks: 2695, 15, 0 
1640894369.655702 1640051360 c0:98:e5:42:00:2c 1826 
1640894369.655743 2092 2095 2098 2101 2112 2112 2125 2134 2135 2136 2147 2158 2158 2159 2159 
1640894369.655782 2162 2165 2170 2172 2181 2190 2202 2204 2204 2205 2213 2226 2235 2256 0 
1640894370.658295 ### DEBUG: Ticks: 2711, 16, 0 
1640894370.658421 1640051361 c0:98:e5:42:00:2c 2194 
1640894370.658463 2374 2381 2386 2396 2410 2412 2422 2429 2430 2433 2433 2434 2436 2450 2452 
1640894370.658506 2460 2461 2463 2467 2470 2472 2472 2485 2487 2493 2495 2498 2504 2530 2532 
1640894371.653990 ### DEBUG: Ticks: 2727, 16, 0 
1640894371.654092 1640051362 c0:98:e5:42:00:2c 2484 
1640894371.654137 2723 2727 2735 2736 2740 2745 2748 2752 2755 2756 2757 2763 2764 2774 2781 
1640894371.654177 2783 2784 2786 2792 2793 2799 2800 2800 2807 2808 2816 2857 2861 2877 2886 
1640894372.650728 ### DEBUG: Ticks: 2742, 15, 0 
1640894372.650849 1640051363 c0:98:e5:42:00:2c 2463 
1640894372.650914 2651 2659 2680 2680 2682 2700 2701 2701 2701 2704 2708 2711 2717 2720 2721 
1640894372.650978 2725 2731 2733 2736 2736 2743 2751 2760 2772 2777 2780 2780 2789 2812 2902 
1640894373.655212 ### DEBUG: Ticks: 2758, 16, 0 
1640894373.655401 1640051364 c0:98:e5:42:00:2c 2331 
1640894373.655456 2503 2559 2574 2582 2583 2588 2588 2594 2609 2611 2616 2619 2620 2624 2635 
1640894373.655505 2640 2643 2643 2650 2652 2653 2657 2658 2661 2666 2666 2675 2690 2733 2736 
1640894374.649576 ### DEBUG: Ticks: 2773, 15, 0 
1640894374.649685 1640051365 c0:98:e5:42:00:2c 2176 
1640894374.649739 2359 2384 2386 2388 2400 2401 2401 2408 2420 2422 2425 2426 2444 2445 2449 
1640894374.649788 2453 2463 2479 2484 2493 2493 2495 2496 2497 2505 2508 2521 2528 2542 2607 
1640894375.657198 ### DEBUG: Ticks: 2789, 16, 0 
1640894375.657323 1640051366 c0:98:e5:42:00:2c 2027 
1640894375.657377 2202 2203 2210 2210 2245 2250 2255 2258 2274 2275 2278 2281 2285 2285 2286 
1640894375.657426 2288 2293 2299 2326 2329 2346 2356 2376 2377 2379 2383 2387 2400 2408 2473 
1640894376.649707 ### DEBUG: Ticks: 2805, 16, 0 
1640894376.649813 1640051367 c0:98:e5:42:00:2c 1768 
1640894376.649854 1919 1931 1950 1960 1961 1965 1965 1979 1983 1991 1992 1993 1994 1997 1998 
1640894376.649894 2008 2011 2017 2023 2024 2024 2045 2058 2064 2115 2123 2142 2147 2170 0 
1640894377.649831 ### DEBUG: Ticks: 2820, 15, 0 
1640894377.649944 1640051368 c0:98:e5:42:00:2c 1950 
1640894377.662506 2167 2167 2169 2169 2179 2181 2188 2190 2194 2216 2224 2229 2231 2231 2231 
1640894377.662647 2244 2249 2277 2287 2292 2293 2309 2318 2319 2336 2337 2354 2368 2426 2868 
1640894378.654439 ### DEBUG: Ticks: 2836, 16, 0 
1640894378.654541 1640051369 c0:98:e5:42:00:2c 2409 
1640894378.654586 2611 2632 2641 2645 2648 2656 2657 2683 2686 2689 2694 2699 2701 2702 2703 
1640894378.654626 2708 2711 2725 2726 2739 2746 2780 2781 2783 2794 2800 2806 2820 2865 3241 
1640894379.651484 ### DEBUG: Ticks: 2852, 16, 0 
1640894379.651601 1640051370 c0:98:e5:42:00:2c 2990 
1640894379.651643 3194 3245 3249 3259 3262 3264 3266 3273 3275 3278 3279 3279 3286 3290 3296 
1640894379.651684 3301 3314 3316 3320 3326 3328 3360 3366 3370 3377 3381 3386 3395 3481 4083 
1640894380.657472 ### DEBUG: Ticks: 2867, 15, 0 
1640894380.657589 1640051371 c0:98:e5:42:00:2c 3496 
1640894380.657639 3681 3692 3700 3731 3741 3743 3746 3749 3761 3762 3765 3766 3767 3787 3790 
1640894380.657688 3795 3798 3800 3806 3807 3810 3819 3820 3824 3825 3853 3853 3884 3988 4355 
1640894381.653119 ### DEBUG: Ticks: 2883, 16, 0 
1640894381.653234 1640051372 c0:98:e5:42:00:2c -2147483647 
1640894381.653291 -2147483647 -2147483647 -2147483647 -2147483647 -2147483647 -2147483647 -2147483647 -2147483647 -2147483647 -2147483647 -2147483647 -2147483647 -2147483647 -2147483647 -2147483647 
1640894381.653336 -2147483647 -2147483647 -2147483647 -2147483647 -2147483647 -2147483647 -2147483647 -2147483647 -2147483647 -2147483647 -2147483647 -2147483647 -2147483647 -2147483647 -2147483647 
1640894382.652984 ### DEBUG: Ticks: 2898, 15, 0 
1640894382.653088 1640051373 c0:98:e5:42:00:2c -2147483647 
1640894382.653133 -2147483647 -2147483647 -2147483647 -2147483647 -2147483647 -2147483647 -2147483647 -2147483647 -2147483647 -2147483647 -2147483647 -2147483647 -2147483647 -2147483647 -2147483647 
1640894382.653176 -2147483647 -2147483647 -2147483647 -2147483647 -2147483647 -2147483647 -2147483647 -2147483647 -2147483647 -2147483647 -2147483647 -2147483647 -2147483647 -2147483647 -2147483647 
1640894383.572196 ### DEBUG: BLE START SCANNING called
1640894383.651787 ### DEBUG: Ticks: 2914, 16, 0 
1640894383.651892 1640051374 c0:98:e5:42:00:2c -2147483647 
1640894383.651936 -2147483647 -2147483647 -2147483647 -2147483647 -2147483647 -2147483647 -2147483647 -2147483647 -2147483647 -2147483647 -2147483647 -2147483647 -2147483647 -2147483647 -2147483647 
1640894383.664296 -2147483647 -2147483647 -2147483647 -2147483647 -2147483647 -2147483647 -2147483647 -2147483647 -2147483647 -2147483647 -2147483647 -2147483647 -2147483647 -2147483647 -2147483647 
1640894384.659645 ### DEBUG: Ticks: 2930, 16, 0 
1640894384.659762 1640051375 c0:98:e5:42:00:2c -2147483647 
1640894384.659819 -2147483647 -2147483647 -2147483647 -2147483647 -2147483647 -2147483647 -2147483647 -2147483647 -2147483647 -2147483647 -2147483647 -2147483647 -2147483647 -2147483647 -2147483647 
1640894384.659882 -2147483647 -2147483647 -2147483647 -2147483647 -2147483647 -2147483647 -2147483647 -2147483647 -2147483647 -2147483647 -2147483647 -2147483647 -2147483647 -2147483647 -2147483647 
1640894384.693561 ### addr: c0:98:e5:42:00:2c 
1640894384.693678 ### on_adv_report outer RSSI: -62, time:1640051375 
1640894384.693729 ### INFO: Discovered new device: c0:98:e5:42:00:2c
1640894384.693784 ### DEBUG: connected? already connected
1640894384.693860 ### DEBUG: BLE START SCANNING called
1640894384.750141 ### BLE EVENT: 16, INFO: BLE CONNECTED!
1640894384.750261 ### DEBUG: BLE START SCANNING called
1640894384.750304 ### RSSI: -65, 6, 1640051375 ,2931 
1640894384.750344 ### DEBUG: BLE START SCANNING called
1640894384.850664 ### RSSI: -71, 13, 1640051375 ,2933 
1640894384.850774 ### DEBUG: BLE START SCANNING called
1640894384.953616 ### RSSI: -67, 33, 1640051375 ,2934 
1640894384.953732 ### DEBUG: BLE START SCANNING called
1640894385.056600 ### RSSI: -68, 21, 1640051375 ,2936 
1640894385.056720 ### DEBUG: BLE START SCANNING called
1640894385.150539 ### RSSI: -63, 13, 1640051375 ,2937 
1640894385.150652 ### DEBUG: BLE START SCANNING called
1640894385.353658 ### RSSI: -66, 26, 1640051376 ,2941 
1640894385.353761 ### DEBUG: BLE START SCANNING called
1640894385.456859 ### RSSI: -62, 31, 1640051376 ,2942 
1640894385.456986 ### DEBUG: BLE START SCANNING called
1640894385.549592 ### RSSI: -66, 6, 1640051376 ,2944 
1640894385.549702 ### DEBUG: BLE START SCANNING called
1640894385.571437 ### DEBUG: BLE START SCANNING called
1640894385.652817 ### RSSI: -69, 24, 1640051376 ,2945 
1640894385.652931 ### DEBUG: Ticks: 2945, 15, 1 
1640894385.652972 1640051376 c0:98:e5:42:00:2c -2147483647 
1640894385.653017 -2147483647 -2147483647 -2147483647 -2147483647 -2147483647 -2147483647 -2147483647 -2147483647 -2147483647 -2147483647 -2147483647 -2147483647 -2147483647 -2147483647 -2147483647 
1640894385.653058 -2147483647 -2147483647 -2147483647 -2147483647 -2147483647 -2147483647 -2147483647 -2147483647 -2147483647 -2147483647 -2147483647 -2147483647 -2147483647 -2147483647 -2147483647 
1640894385.665961 ### DEBUG: BLE START SCANNING called
1640894385.754011 ### RSSI: -73, 12, 1640051376 ,2947 
1640894385.754116 ### DEBUG: BLE START SCANNING called
1640894385.856372 ### RSSI: -71, 35, 1640051376 ,2948 
1640894385.856481 ### DEBUG: BLE START SCANNING called
1640894385.956016 ### RSSI: -68, 21, 1640051376 ,2950 
1640894385.956133 ### DEBUG: BLE START SCANNING called
1640894386.054048 ### RSSI: -69, 11, 1640051376 ,2952 
1640894386.054157 ### DEBUG: BLE START SCANNING called
1640894386.155373 ### RSSI: -72, 20, 1640051376 ,2953 
1640894386.155476 ### DEBUG: BLE START SCANNING called
1640894386.212940 ### DEBUG: Ticks: 2954, 9, 1 
1640894386.213046 1640051377 c0:98:e5:42:00:2c 300 
1640894386.213087 384 384 384 384 384 384 384 384 384 384 384 384 384 384 384 
1640894386.213127 384 384 384 384 384 384 384 384 384 384 384 384 384 384 384 
1640894386.213169 ### DEBUG: BLE START SCANNING called
1640894386.256279 ### RSSI: -66, 5, 1640051378 ,2955 
1640894386.256395 ### DEBUG: BLE START SCANNING called
1640894386.356020 ### RSSI: -82, 26, 1640051378 ,2956 
1640894386.356137 ### DEBUG: BLE START SCANNING called
1640894386.455291 ### RSSI: -68, 19, 1640051378 ,2958 
1640894386.455412 ### DEBUG: BLE START SCANNING called
1640894386.579402 ### DEBUG: BLE START SCANNING called
1640894387.298440 ### DEBUG: Ticks: 2971, 17, 1 
1640894387.298549 1640051378 c0:98:e5:42:00:2c -2147483647 
1640894387.298594 -2147483647 -2147483647 -2147483647 -2147483647 -2147483647 -2147483647 -2147483647 -2147483647 -2147483647 -2147483647 -2147483647 -2147483647 -2147483647 -2147483647 -2147483647 
1640894387.298635 -2147483647 -2147483647 -2147483647 -2147483647 -2147483647 -2147483647 -2147483647 -2147483647 -2147483647 -2147483647 -2147483647 -2147483647 -2147483647 -2147483647 -2147483647 
1640894387.298675 ### DEBUG: BLE START SCANNING called
1640894387.454154 ### RSSI: -69, 29, 1640051378 ,2973 
1640894387.454259 ### DEBUG: BLE START SCANNING called
1640894387.576262 ### DEBUG: BLE START SCANNING called
1640894388.305832 ### DEBUG: Ticks: 2987, 16, 1 
1640894388.305955 1640051379 c0:98:e5:42:00:2c -2147483647 
1640894388.306149 -2147483647 -2147483647 -2147483647 -2147483647 -2147483647 -2147483647 -2147483647 -2147483647 -2147483647 -2147483647 -2147483647 -2147483647 -2147483647 -2147483647 -2147483647 
1640894388.306273 -2147483647 -2147483647 -2147483647 -2147483647 -2147483647 -2147483647 -2147483647 -2147483647 -2147483647 -2147483647 -2147483647 -2147483647 -2147483647 -2147483647 -2147483647 
1640894388.306320 ### DEBUG: BLE START SCANNING called
1640894388.449710 ### RSSI: -75, 21, 1640051379 ,2989 
1640894388.449828 ### DEBUG: BLE START SCANNING called
1640894389.302792 ### DEBUG: Ticks: 3002, 15, 1 
1640894389.302895 1640051380 c0:98:e5:42:00:2c -2147483647 
1640894389.302936 -2147483647 -2147483647 -2147483647 -2147483647 -2147483647 -2147483647 -2147483647 -2147483647 -2147483647 -2147483647 -2147483647 -2147483647 -2147483647 -2147483647 -2147483647 
1640894389.302986 -2147483647 -2147483647 -2147483647 -2147483647 -2147483647 -2147483647 -2147483647 -2147483647 -2147483647 -2147483647 -2147483647 -2147483647 -2147483647 -2147483647 -2147483647 
1640894389.450150 ### RSSI: -76, 16, 1640051380 ,3005 
1640894390.307589 ### DEBUG: Ticks: 3018, 16, 1 
1640894390.307731 1640051381 c0:98:e5:42:00:2c -2147483647 
1640894390.307778 -2147483647 -2147483647 -2147483647 -2147483647 -2147483647 -2147483647 -2147483647 -2147483647 -2147483647 -2147483647 -2147483647 -2147483647 -2147483647 -2147483647 -2147483647 
1640894390.307819 -2147483647 -2147483647 -2147483647 -2147483647 -2147483647 -2147483647 -2147483647 -2147483647 -2147483647 -2147483647 -2147483647 -2147483647 -2147483647 -2147483647 -2147483647 
1640894390.450350 ### RSSI: -63, 16, 1640051381 ,3020 
1640894390.650837 ### DEBUG: Ticks: 3023, 5, 1 
1640894390.661611 1640051383 c0:98:e5:42:00:2c 300 
1640894390.661711 384 384 384 384 384 384 384 384 384 384 384 384 384 384 384 
1640894390.661752 384 384 384 384 384 384 384 384 384 384 384 384 384 384 384 
1640894391.451107 ### RSSI: -63, 7, 1640051384 ,3036 
1640894392.451890 ### RSSI: -67, 5, 1640051385 ,3051 
1640894393.448871 ### RSSI: -70, 1, 1640051386 ,3067 
1640894394.452861 ### RSSI: -63, 14, 1640051387 ,3083 
1640894395.449627 ### RSSI: -75, 16, 1640051388 ,3098 
1640894396.450678 ### RSSI: -68, 32, 1640051389 ,3114 
1640894396.574981 ### INFO: SquarePoint communications appear to be down...restarting
1640894396.575100 ### INFO: Switched Scheduler EUI from c0:98:e5:42:00:2c to 00:00:00:00:00:00
1640894396.942808 ### INFO: SD card flushed!
1640894396.942917 ### STOPPED, setting module to STOPPED
1640894396.942969 ### DEBUG: BLE START SCANNING called
1640894397.451174 ### RSSI: -66, 27, 1640051390 ,3130 
1640894397.451340 ### DEBUG: BLE START SCANNING called
1640894397.575774 ### DEBUG: BLE START SCANNING called
1640894398.449891 ### RSSI: -69, 17, 1640051391 ,3145 
1640894398.450009 ### DEBUG: BLE START SCANNING called
1640894398.572408 ### DEBUG: BLE START SCANNING called
1640894399.456967 ### RSSI: -58, 9, 1640051392 ,3161 
1640894399.457080 ### DEBUG: BLE START SCANNING called
1640894399.569409 ### DEBUG: BLE START SCANNING called
1640894400.446694 ### RSSI: -62, 15, 1640051393 ,3176 
1640894400.446812 ### DEBUG: BLE START SCANNING called
1640894400.579128 ### DEBUG: BLE START SCANNING called
1640894401.446469 ### RSSI: -82, 12, 1640051394 ,3192 
1640894401.446588 ### DEBUG: BLE START SCANNING called
1640894401.579301 ### DEBUG: BLE START SCANNING called
1640894402.449663 ### RSSI: -66, 17, 1640051395 ,3208 
1640894402.449802 ### DEBUG: BLE START SCANNING called
1640894402.569275 ### DEBUG: BLE START SCANNING called
1640894403.449886 ### RSSI: -61, 9, 1640051396 ,3223 
1640894403.450002 ### DEBUG: BLE START SCANNING called
1640894403.573157 ### DEBUG: BLE START SCANNING called
1640894404.450720 ### RSSI: -60, 5, 1640051397 ,3239 
1640894404.451007 ### DEBUG: BLE START SCANNING called
1640894404.570701 ### DEBUG: BLE START SCANNING called
1640894405.450868 ### RSSI: -64, 23, 1640051399 ,3255 
1640894405.451004 ### DEBUG: BLE START SCANNING called
1640894405.574471 ### DEBUG: BLE START SCANNING called
1640894406.449519 ### RSSI: -60, 36, 1640051400 ,3270 
1640894406.449621 ### DEBUG: BLE START SCANNING called
1640894406.580109 ### DEBUG: BLE START SCANNING called
1640894407.454917 ### RSSI: -59, 18, 1640051401 ,3286 
1640894407.455020 ### DEBUG: BLE START SCANNING called
1640894407.574267 ### DEBUG: BLE START SCANNING called
1640894408.452245 ### RSSI: -62, 32, 1640051402 ,3301 
1640894408.452373 ### DEBUG: BLE START SCANNING called
1640894408.575985 ### DEBUG: BLE START SCANNING called
1640894409.453536 ### RSSI: -59, 9, 1640051403 ,3317 
1640894409.453641 ### DEBUG: BLE START SCANNING called
1640894409.577522 ### DEBUG: BLE START SCANNING called
1640894412.685148 
1640894412.685251 ----------------------------------------------
1640894412.685292 ### WARNING: Chip experienced a reset with reason 6
1640894412.685331 ### INFO: Bluetooth address: c0:98:e5:42:00:29
1640894412.685370 ### DEBUG: Time is 00:00:00, 2000/00/00
1640894412.685410 ### INFO: Time is 00:00:00, 2000/00/00
1640894412.685448 ### INFO: Initializing SD Card...
1640894412.685487 ### INFO: Connecting to the SquarePoint module...
1640894412.685531 ### ERROR: Failed reading SquarePoint packet length
1640894412.685570 ### ERROR: SquarePoint module connection unsuccessful!
1640894412.685609 ### INFO: Connecting to the SquarePoint module...
1640894412.685649 ### INFO: SquarePoint module connection successful
1640894412.685688 ### INFO: Battery voltage currently 4053 mV
1640894412.685727 ### INFO: SD card flushed!
1640894412.685766 ### INFO: SD card flushed!
1640894412.685805 ### DEBUG: BLE START SCANNING called
1640894413.598305 ### DEBUG: BLE START SCANNING called
1640894413.631854 ### addr: c0:98:e5:42:00:2c 
1640894413.631960 ### on_adv_report outer RSSI: -71, time:1640503230 
1640894413.632001 ### INFO: Discovered new device: c0:98:e5:42:00:2c
1640894413.632052 ### INFO: Starting the SquarePoint module...
1640894413.644386 ### INFO: Starting SquarePoint module as PARTICIPANT with timestamp 1640503230
1640894413.644494 ### DEBUG: BLE STOP SCANNING called
1640894413.644536 ### INFO: SquarePoint module successfully started!
1640894413.656017 ### DEBUG: Ticks: 32, 32, 0 
1640894414.656284 1640503231 ### DEBUG: Ticks: 48, 16, 0 
1640894414.789400 1640503232 ### BLE EVENT: 16, INFO: BLE CONNECTED!
1640894414.799915 ### RSSI: -73, 10, 1640503232 ,50 
1640894414.898948 ### RSSI: -64, 11, 1640503232 ,51 
1640894414.921136 ### DEBUG: Ticks: 52, 4, 0 
1640894414.921232 1640051410 ### INFO: Switched Scheduler EUI from 00:00:00:00:00:00 to c0:98:e5:42:00:2c
1640894414.996409 ### RSSI: -68, 6, 1640051410 ,53 
1640894415.094889 ### RSSI: -65, 8, 1640051410 ,54 
1640894416.007683 ### DEBUG: Ticks: 69, 17, 0 
1640894416.007819 1640051411 c0:98:e5:42:00:2c 3770 
1640894416.007873 3954 3964 3965 3974 3979 3987 3987 3994 4000 4017 4024 4025 4034 4037 4041 
1640894416.007929 4059 4064 4067 4077 4082 4085 4094 4111 4187 4259 4429 4508 4523 4616 4939 
1640894417.017294 ### DEBUG: Ticks: 84, 15, 0 
1640894417.017421 1640051412 c0:98:e5:42:00:2c 3598 
1640894417.017471 3850 3858 3872 3896 3910 3911 3922 3924 3925 3925 3936 3938 3944 3949 3952 
1640894417.017520 3952 3953 3956 3961 3964 3967 3968 3976 3978 3995 4025 4035 4066 4172 4378 
1640894418.009173 ### DEBUG: Ticks: 100, 16, 0 
1640894418.009285 1640051413 c0:98:e5:42:00:2c 3661 
1640894418.009329 3921 3922 3924 3941 3950 3953 3954 3966 3972 3973 3981 3982 3982 3986 3990 
1640894418.020149 3992 3993 3994 4002 4006 4017 4017 4018 4030 4045 4060 4145 4206 4211 4271 
1640894419.016851 ### DEBUG: Ticks: 116, 16, 0 
1640894419.016951 1640051414 c0:98:e5:42:00:2c 3977 
1640894419.016994 4233 4239 4246 4250 4257 4263 4265 4270 4272 4281 4282 4287 4296 4297 4298 
1640894419.017044 4309 4309 4310 4318 4329 4330 4334 4340 4346 4362 4372 4382 4529 4606 4826 
1640894419.198099 ### BLE EVENT: 17, INFO: BLE DISCONNECTED!
1640894420.014904 ### DEBUG: Ticks: 131, 15, 0 
1640894420.015187 1640051415 c0:98:e5:42:00:2c 4192 
1640894420.015472 4429 4460 4475 4480 4503 4515 4516 4535 4535 4554 4562 4562 4563 4566 4577 
1640894420.015535 4578 4580 4586 4590 4595 4613 4617 4619 4641 4650 4734 4818 4821 4959 0 
1640894421.016442 ### DEBUG: Ticks: 147, 16, 0 
1640894421.016554 1640051416 c0:98:e5:42:00:2c 4890 
1640894421.016596 5091 5101 5116 5144 5153 5163 5166 5170 5173 5174 5176 5202 5211 5213 5223 
1640894421.016645 5226 5228 5236 5236 5243 5251 5262 5269 5286 5289 5290 5294 5295 5322 5379 
1640894422.015227 ### DEBUG: Ticks: 163, 16, 0 
1640894422.015385 1640051417 c0:98:e5:42:00:2c 5648 
1640894422.015441 5441 5467 5469 5472 5478 5533 5542 5543 5554 5560 5563 5569 5574 5583 5587 
1640894422.015497 5589 5590 5590 5591 5593 5595 5613 5625 5635 5636 5650 5658 5710 5760 5836 
1640894422.379889 ### BLE EVENT: 16, INFO: BLE CONNECTED!
1640894422.379990 ### RSSI: -65, 35, 1640051418 ,168 
1640894422.478665 ### RSSI: -83, 9, 1640051418 ,170 
1640894422.577351 ### RSSI: -74, 19, 1640051418 ,171 
1640894422.675395 ### RSSI: -64, 13, 1640051418 ,173 
1640894422.784034 ### RSSI: -67, 12, 1640051418 ,175 
1640894422.881520 ### RSSI: -71, 21, 1640051418 ,176 
1640894422.980021 ### RSSI: -68, 22, 1640051418 ,178 
1640894423.014170 ### DEBUG: Ticks: 178, 15, 0 
1640894423.014270 1640051418 c0:98:e5:42:00:2c 5792 
1640894423.014312 5876 5967 5967 6006 6014 6017 6024 6024 6042 6043 6058 6058 6059 6061 6062 
1640894423.014355 6085 6090 6093 6093 6097 6098 6099 6109 6110 6133 6156 6161 6222 6463 6481 
1640894423.080904 ### RSSI: -70, 17, 1640051418 ,179 
1640894423.181124 ### RSSI: -65, 9, 1640051419 ,181 
1640894423.282095 ### RSSI: -72, 15, 1640051419 ,182 
1640894423.383557 ### RSSI: -66, 34, 1640051419 ,184 
1640894423.482533 ### RSSI: -63, 26, 1640051419 ,185 
1640894423.583107 ### RSSI: -72, 22, 1640051419 ,187 
1640894423.684288 ### RSSI: -70, 10, 1640051419 ,189 
1640894423.775514 ### RSSI: -69, 21, 1640051419 ,190 
1640894423.877786 ### RSSI: -63, 1, 1640051419 ,192 
1640894423.979212 ### RSSI: -70, 31, 1640051419 ,193 
1640894424.014571 ### DEBUG: Ticks: 194, 16, 0 
1640894424.014682 1640051419 c0:98:e5:42:00:2c 5790 
1640894424.014732 5973 6008 6033 6037 6040 6046 6056 6059 6069 6086 6099 6111 6114 6120 6120 
1640894424.014786 6126 6128 6131 6143 6144 6155 6162 6165 6184 6187 6188 6206 6272 6284 6422 
1640894424.983589 ### RSSI: -74, 24, 1640051420 ,209 
1640894425.019722 ### DEBUG: Ticks: 209, 15, 0 
1640894425.019822 1640051420 c0:98:e5:42:00:2c 5817 
1640894425.019867 6020 6028 6040 6044 6053 6058 6066 6066 6069 6077 6077 6078 6085 6092 6095 
1640894425.019916 6099 6100 6102 6110 6112 6113 6119 6139 6143 6155 6157 6160 6162 6242 6616 
1640894425.976788 ### RSSI: -63, 13, 1640051422 ,225 
1640894426.011070 ### DEBUG: Ticks: 225, 16, 0 
1640894426.011185 1640051421 c0:98:e5:42:00:2c 5738 
1640894426.011236 5964 5975 5976 5981 5991 5995 6003 6005 6007 6013 6013 6014 6016 6020 6022 
1640894426.011331 6024 6025 6027 6033 6034 6042 6047 6048 6048 6057 6092 6123 6150 6180 6197 
1640894426.978763 ### RSSI: -72, 6, 1640051422 ,240 
1640894427.012554 ### DEBUG: Ticks: 241, 16, 0 
1640894427.012660 1640051422 c0:98:e5:42:00:2c 5305 
1640894427.012701 5558 5559 5562 5568 5575 5578 5583 5585 5588 5592 5596 5598 5598 5603 5603 
1640894427.012741 5610 5613 5613 5624 5625 5625 5629 5631 5634 5653 5657 5668 5695 5748 5749 
1640894427.978695 ### RSSI: -62, 4, 1640051423 ,256 
1640894428.012068 ### DEBUG: Ticks: 256, 15, 0 
1640894428.012186 1640051423 c0:98:e5:42:00:2c 4811 
1640894428.012232 5067 5074 5088 5102 5105 5105 5109 5116 5121 5121 5124 5128 5130 5132 5135 
1640894428.012271 5135 5138 5147 5149 5156 5158 5163 5170 5170 5170 5180 5191 5203 5266 5271 
1640894428.982676 ### RSSI: -64, 9, 1640051424 ,271 
1640894429.017717 ### DEBUG: Ticks: 272, 16, 0 
1640894429.017850 1640051424 c0:98:e5:42:00:2c 4123 
1640894429.017901 4428 4458 4461 4471 4471 4472 4472 4474 4479 4483 4483 4485 4490 4499 4503 
1640894429.017949 4503 4505 4505 4517 4529 4535 4541 4544 4546 4552 4553 4566 4577 4614 4629 
1640894429.977115 ### RSSI: -63, 16, 1640051425 ,287 
1640894430.012579 ### DEBUG: Ticks: 287, 15, 0 
1640894430.012693 1640051425 c0:98:e5:42:00:2c 3463 
1640894430.012743 3660 3782 3798 3804 3807 3811 3811 3815 3826 3827 3828 3829 3829 3833 3834 
1640894430.012797 3834 3835 3838 3839 3842 3843 3852 3871 3880 3904 3908 3909 3928 3943 4196 
1640894430.980882 ### RSSI: -74, 18, 1640051426 ,303 
1640894431.014797 ### DEBUG: Ticks: 303, 16, 0 
1640894431.014908 1640051426 c0:98:e5:42:00:2c -2147483647 
1640894431.014964 -2147483647 -2147483647 -2147483647 -2147483647 -2147483647 -2147483647 -2147483647 -2147483647 -2147483647 -2147483647 -2147483647 -2147483647 -2147483647 -2147483647 -2147483647 
1640894431.015028 -2147483647 -2147483647 -2147483647 -2147483647 -2147483647 -2147483647 -2147483647 -2147483647 -2147483647 -2147483647 -2147483647 -2147483647 -2147483647 -2147483647 -2147483647 
1640894431.981225 ### RSSI: -66, 33, 1640051427 ,318 
1640894432.017463 ### DEBUG: Ticks: 319, 16, 0 
1640894432.017612 1640051427 c0:98:e5:42:00:2c -2147483647 
1640894432.017687 -2147483647 -2147483647 -2147483647 -2147483647 -2147483647 -2147483647 -2147483647 -2147483647 -2147483647 -2147483647 -2147483647 -2147483647 -2147483647 -2147483647 -2147483647 
1640894432.017876 -2147483647 -2147483647 -2147483647 -2147483647 -2147483647 -2147483647 -2147483647 -2147483647 -2147483647 -2147483647 -2147483647 -2147483647 -2147483647 -2147483647 -2147483647 
1640894432.981322 ### RSSI: -64, 16, 1640051428 ,334 
1640894433.016245 ### DEBUG: Ticks: 334, 15, 0 
1640894433.016362 1640051428 c0:98:e5:42:00:2c -2147483647 
1640894433.016420 -2147483647 -2147483647 -2147483647 -2147483647 -2147483647 -2147483647 -2147483647 -2147483647 -2147483647 -2147483647 -2147483647 -2147483647 -2147483647 -2147483647 -2147483647 
1640894433.016475 -2147483647 -2147483647 -2147483647 -2147483647 -2147483647 -2147483647 -2147483647 -2147483647 -2147483647 -2147483647 -2147483647 -2147483647 -2147483647 -2147483647 -2147483647 
1640894433.977142 ### RSSI: -62, 18, 1640051429 ,349 
1640894434.011580 ### DEBUG: Ticks: 350, 16, 0 
1640894434.011676 1640051429 c0:98:e5:42:00:2c -2147483647 
1640894434.011722 -2147483647 -2147483647 -2147483647 -2147483647 -2147483647 -2147483647 -2147483647 -2147483647 -2147483647 -2147483647 -2147483647 -2147483647 -2147483647 -2147483647 -2147483647 
1640894434.024623 -2147483647 -2147483647 -2147483647 -2147483647 -2147483647 -2147483647 -2147483647 -2147483647 -2147483647 -2147483647 -2147483647 -2147483647 -2147483647 -2147483647 -2147483647 
1640894434.979666 ### RSSI: -80, 16, 1640051430 ,365 
1640894435.014241 ### DEBUG: Ticks: 366, 16, 0 
1640894435.014355 1640051430 c0:98:e5:42:00:2c -2147483647 
1640894435.014401 -2147483647 -2147483647 -2147483647 -2147483647 -2147483647 -2147483647 -2147483647 -2147483647 -2147483647 -2147483647 -2147483647 -2147483647 -2147483647 -2147483647 -2147483647 
1640894435.014444 -2147483647 -2147483647 -2147483647 -2147483647 -2147483647 -2147483647 -2147483647 -2147483647 -2147483647 -2147483647 -2147483647 -2147483647 -2147483647 -2147483647 -2147483647 
1640894435.974476 ### RSSI: -67, 7, 1640051431 ,381 
1640894436.977389 ### RSSI: -71, 1, 1640051432 ,396 
1640894437.798931 ### ERROR: Failed reading SquarePoint packet length
1640894440.401566 
1640894440.401672 ----------------------------------------------
1640894440.401713 ### WARNING: Chip experienced a reset with reason 6
1640894440.401753 ### INFO: Bluetooth address: c0:98:e5:42:00:29
1640894440.401792 ### DEBUG: Time is 00:00:00, 2000/00/00
1640894440.401837 ### INFO: Time is 00:00:00, 2000/00/00
1640894440.401884 ### INFO: Initializing SD Card...
1640894440.401924 ### INFO: Connecting to the SquarePoint module...
1640894440.401963 ### INFO: SquarePoint module connection successful
1640894440.402003 ### INFO: Battery voltage currently 4031 mV
1640894440.402042 ### INFO: SD card flushed!
1640894440.402081 ### INFO: SD card flushed!
1640894440.402120 ### DEBUG: BLE START SCANNING called
1640894440.402160 ### STOPPED, setting module to STOPPED
1640894441.191838 ### DEBUG: BLE START SCANNING called
1640894441.214399 ### DEBUG: BLE START SCANNING called
1640894441.226538 ### addr: c0:98:e5:42:00:2c 
1640894441.226655 ### on_adv_report outer RSSI: -66, time:1640503229 
1640894441.226706 ### INFO: Discovered new device: c0:98:e5:42:00:2c
1640894441.226756 ### INFO: Starting the SquarePoint module...
1640894441.226812 ### INFO: Starting SquarePoint module as PARTICIPANT with timestamp 1640503229
1640894441.226861 ### DEBUG: BLE STOP SCANNING called
1640894441.226909 ### INFO: SquarePoint module successfully started!
1640894441.249572 ### DEBUG: Ticks: 28, 28, 0 
1640894442.251668 1640503230 ### DEBUG: Ticks: 44, 16, 0 
1640894442.423922 1640503231 ### DEBUG: Ticks: 46, 2, 0 
1640894442.424024 1640051438 ### INFO: Switched Scheduler EUI from 00:00:00:00:00:00 to c0:98:e5:42:00:2c
1640894445.510790 ### DEBUG: Ticks: 94, 48, 0 
1640894445.510892 1640051441 c0:98:e5:42:00:2c 2065 
1640894445.510934 2205 2212 2219 2219 2220 2220 2224 2239 2243 2244 2246 2248 2253 2264 2267 
1640894445.510974 2270 2272 2276 2298 2331 2332 2348 2349 2368 2414 2439 2500 2544 2555 2639 
1640894446.514750 ### DEBUG: Ticks: 110, 16, 0 
1640894446.514868 1640051442 c0:98:e5:42:00:2c 1683 
1640894446.514925 1847 1852 1855 1859 1867 1870 1871 1899 1900 1917 1920 1920 1923 1929 1934 
1640894446.514984 1940 1945 1952 1955 1956 1978 1994 2002 2012 2025 2052 2062 2089 2159 2265 
1640894447.506772 ### DEBUG: Ticks: 126, 16, 0 
1640894447.517822 1640051443 c0:98:e5:42:00:2c 1252 
1640894447.517933 1343 1474 1474 1480 1480 1483 1491 1492 1495 1499 1500 1512 1521 1521 1524 
1640894447.517976 1525 1531 1535 1536 1537 1541 1567 1569 1598 1603 1629 1638 1649 1670 1732 
1640894448.515109 ### DEBUG: Ticks: 141, 15, 0 
1640894448.515219 1640051444 c0:98:e5:42:00:2c 1184 
1640894448.515301 1345 1348 1356 1359 1360 1363 1368 1370 1370 1396 1397 1407 1407 1438 1439 
1640894448.515341 1442 1444 1449 1462 1472 1475 1482 1484 1484 1485 1490 1492 1522 1632 1638 
1640894449.509868 ### DEBUG: Ticks: 157, 16, 0 
1640894449.509966 1640051445 c0:98:e5:42:00:2c 1092 
1640894449.510008 1254 1280 1309 1321 1338 1341 1359 1366 1373 1376 1378 1387 1395 1397 1406 
1640894449.510060 1421 1424 1431 1433 1436 1444 1462 1465 1468 1472 1494 1497 1502 1553 1621 
1640894450.509255 ### DEBUG: Ticks: 173, 16, 0 
1640894450.509944 1640051446 c0:98:e5:42:00:2c -2147483647 
1640894450.519996 -2147483647 -2147483647 -2147483647 -2147483647 -2147483647 -2147483647 -2147483647 -2147483647 -2147483647 -2147483647 -2147483647 -2147483647 -2147483647 -2147483647 -2147483647 
1640894450.520103 -2147483647 -2147483647 -2147483647 -2147483647 -2147483647 -2147483647 -2147483647 -2147483647 -2147483647 -2147483647 -2147483647 -2147483647 -2147483647 -2147483647 -2147483647 
1640894451.508847 ### DEBUG: Ticks: 188, 15, 0 
1640894451.509052 1640051447 c0:98:e5:42:00:2c -2147483647 
1640894451.519824 -2147483647 -2147483647 -2147483647 -2147483647 -2147483647 -2147483647 -2147483647 -2147483647 -2147483647 -2147483647 -2147483647 -2147483647 -2147483647 -2147483647 -2147483647 
1640894451.520047 -2147483647 -2147483647 -2147483647 -2147483647 -2147483647 -2147483647 -2147483647 -2147483647 -2147483647 -2147483647 -2147483647 -2147483647 -2147483647 -2147483647 -2147483647 
1640894452.511577 ### DEBUG: Ticks: 204, 16, 0 
1640894452.511686 1640051448 c0:98:e5:42:00:2c -2147483647 
1640894452.511736 -2147483647 -2147483647 -2147483647 -2147483647 -2147483647 -2147483647 -2147483647 -2147483647 -2147483647 -2147483647 -2147483647 -2147483647 -2147483647 -2147483647 -2147483647 
1640894452.522802 -2147483647 -2147483647 -2147483647 -2147483647 -2147483647 -2147483647 -2147483647 -2147483647 -2147483647 -2147483647 -2147483647 -2147483647 -2147483647 -2147483647 -2147483647 
1640894453.511514 ### DEBUG: Ticks: 219, 15, 0 
1640894453.511618 1640051449 c0:98:e5:42:00:2c -2147483647 
1640894453.511664 -2147483647 -2147483647 -2147483647 -2147483647 -2147483647 -2147483647 -2147483647 -2147483647 -2147483647 -2147483647 -2147483647 -2147483647 -2147483647 -2147483647 -2147483647 
1640894453.511707 -2147483647 -2147483647 -2147483647 -2147483647 -2147483647 -2147483647 -2147483647 -2147483647 -2147483647 -2147483647 -2147483647 -2147483647 -2147483647 -2147483647 -2147483647 
1640894454.510091 ### DEBUG: Ticks: 235, 16, 0 
1640894454.510194 1640051450 c0:98:e5:42:00:2c -2147483647 
1640894454.510236 -2147483647 -2147483647 -2147483647 -2147483647 -2147483647 -2147483647 -2147483647 -2147483647 -2147483647 -2147483647 -2147483647 -2147483647 -2147483647 -2147483647 -2147483647 
1640894454.521585 -2147483647 -2147483647 -2147483647 -2147483647 -2147483647 -2147483647 -2147483647 -2147483647 -2147483647 -2147483647 -2147483647 -2147483647 -2147483647 -2147483647 -2147483647 
1640894455.509758 ### DEBUG: Ticks: 251, 16, 0 
1640894455.509874 1640051451 c0:98:e5:42:00:2c -2147483647 
1640894455.519430 -2147483647 -2147483647 -2147483647 -2147483647 -2147483647 -2147483647 -2147483647 -2147483647 -2147483647 -2147483647 -2147483647 -2147483647 -2147483647 -2147483647 -2147483647 
1640894455.519549 -2147483647 -2147483647 -2147483647 -2147483647 -2147483647 -2147483647 -2147483647 -2147483647 -2147483647 -2147483647 -2147483647 -2147483647 -2147483647 -2147483647 -2147483647 
1640894455.762629 ### DEBUG: Ticks: 255, 4, 0 
1640894455.762746 1640051452 c0:98:e5:42:00:2c 300 
1640894455.762801 384 384 384 384 384 384 384 384 384 384 384 384 384 384 384 
1640894455.762856 384 384 384 384 384 384 384 384 384 384 384 384 384 384 384 
1640894456.844441 ### DEBUG: Ticks: 271, 16, 0 
1640894456.844549 1640051453 c0:98:e5:42:00:2c -2147483647 
1640894456.844593 -2147483647 -2147483647 -2147483647 -2147483647 -2147483647 -2147483647 -2147483647 -2147483647 -2147483647 -2147483647 -2147483647 -2147483647 -2147483647 -2147483647 -2147483647 
1640894456.855890 -2147483647 -2147483647 -2147483647 -2147483647 -2147483647 -2147483647 -2147483647 -2147483647 -2147483647 -2147483647 -2147483647 -2147483647 -2147483647 -2147483647 -2147483647 
1640894457.853706 ### DEBUG: Ticks: 287, 16, 0 
1640894457.853820 1640051454 c0:98:e5:42:00:2c -2147483647 
1640894457.853875 -2147483647 -2147483647 -2147483647 -2147483647 -2147483647 -2147483647 -2147483647 -2147483647 -2147483647 -2147483647 -2147483647 -2147483647 -2147483647 -2147483647 -2147483647 
1640894457.864158 -2147483647 -2147483647 -2147483647 -2147483647 -2147483647 -2147483647 -2147483647 -2147483647 -2147483647 -2147483647 -2147483647 -2147483647 -2147483647 -2147483647 -2147483647 
1640894458.857711 ### DEBUG: Ticks: 303, 16, 0 
1640894458.857881 1640051455 c0:98:e5:42:00:2c -2147483647 
1640894458.857927 -2147483647 -2147483647 -2147483647 -2147483647 -2147483647 -2147483647 -2147483647 -2147483647 -2147483647 -2147483647 -2147483647 -2147483647 -2147483647 -2147483647 -2147483647 
1640894458.857979 -2147483647 -2147483647 -2147483647 -2147483647 -2147483647 -2147483647 -2147483647 -2147483647 -2147483647 -2147483647 -2147483647 -2147483647 -2147483647 -2147483647 -2147483647 
1640894461.281265 ### INFO: Device is now STATIONARY
1640894461.281373 ### DEBUG: Ticks: 341, 38, 0 
1640894461.281414 1640051459 c0:98:e5:42:00:2c 271 
1640894461.281462 469 494 510 515 516 523 525 528 529 530 531 536 537 537 542 
1640894461.281522 543 544 545 546 547 550 551 554 557 572 580 594 601 619 629 
1640894462.288709 ### DEBUG: Ticks: 357, 16, 0 
1640894462.289256 1640051460 c0:98:e5:42:00:2c 274 
1640894462.289452 463 492 502 509 512 512 513 529 531 532 541 544 545 545 548 
1640894462.289516 550 550 554 556 559 560 561 562 574 581 583 585 600 612 615 
1640894463.289624 ### DEBUG: Ticks: 372, 15, 0 
1640894463.289722 1640051461 c0:98:e5:42:00:2c 245 
1640894463.289762 402 431 437 447 452 457 457 457 461 466 479 480 483 486 488 
1640894463.289801 492 496 502 505 506 507 508 510 512 515 521 528 540 563 567 
1640894464.294117 ### DEBUG: Ticks: 388, 16, 0 
1640894464.294591 1640051462 c0:98:e5:42:00:2c 282 
1640894464.295219 440 488 489 492 503 506 507 511 514 517 520 524 527 528 535 
1640894464.295867 542 549 551 559 566 568 569 580 593 600 603 603 606 614 649 
1640894465.292134 ### DEBUG: Ticks: 403, 15, 0 
1640894465.292235 1640051463 c0:98:e5:42:00:2c 290 
1640894465.292276 412 449 461 465 469 472 480 481 481 482 490 495 497 505 507 
1640894465.292319 517 518 526 529 533 542 549 557 561 574 576 578 591 596 602 
1640894466.291202 ### DEBUG: Ticks: 419, 16, 0 
1640894466.291352 1640051464 c0:98:e5:42:00:2c 279 
1640894466.291393 441 459 483 495 499 500 506 506 509 509 511 523 530 537 539 
1640894466.291436 546 546 558 558 558 570 574 582 589 596 600 605 610 612 638 
