1640903144.379966 ###RTT Client: ************************************************************ 
1640903144.380116 ###RTT Client: *               SEGGER Microcontroller GmbH                * 
1640903144.380158 ###RTT Client: *   Solutions for real time microcontroller applications   * 
1640903144.380199 ###RTT Client: ************************************************************ 
1640903144.380239 ###RTT Client: *                                                          * 
1640903144.380280 ###RTT Client: *       (c) 2012 - 2016  SEGGER Microcontroller GmbH       * 
1640903144.380328 ###RTT Client: *                                                          * 
1640903144.380368 ###RTT Client: *     www.segger.com     Support: support@segger.com       * 
1640903144.380418 ###RTT Client: *                                                          * 
1640903144.380475 ###RTT Client: ************************************************************ 
1640903144.380518 ###RTT Client: *                                                          * 
1640903144.380559 ###RTT Client: * SEGGER J-Link RTT Client   Compiled Jan 30 2018 18:46:58 * 
1640903144.380599 ###RTT Client: *                                                          * 
1640903144.380642 ###RTT Client: ************************************************************ 
1640903144.380682 
1640903144.380722 ###RTT Client: -----------------------------------------------
1640903144.380764 ###RTT Client: Connecting to J-Link RTT Server via localhost:9201  Connected.
1640903144.380891 SEGGER J-Link V6.30 - Real time terminal output
1640903144.380931 J-Link EDU Mini V1 compiled Oct 22 2019 16:28:45 V1.0, SN=801021855
1640903144.380971 Process: JLinkExe
1640903144.381033 ### DEBUG: Ticks: 4687, 47, 1 
1640903144.381076 1640049640 c0:98:e5:42:00:2c 272 
1640903144.381115 429 434 442 463 470 479 480 490 508 509 510 516 525 528 543 
1640903144.381154 545 550 551 555 556 580 583 599 609 615 623 625 629 638 662 
1640903144.381194 ### RSSI: -49, 31, 1640049640 ,4687 
1640903144.381233 ### RSSI: -50, 18, 1640049640 ,4689 
1640903144.381272 ### INFO: Battery voltage currently 4053 mV
1640903144.381312 ### RSSI: -51, 29, 1640049641 ,4703 
1640903144.381351 ### RSSI: -51, 0, 1640049641 ,4704 
1640903144.381391 ### RSSI: -48, 25, 1640049642 ,4719 
1640903144.381430 ### RSSI: -54, 29, 1640049642 ,4720 
1640903144.381471 ### RSSI: -48, 18, 1640049643 ,4734 
1640903144.381514 ### RSSI: -49, 32, 1640049643 ,4736 
1640903144.381553 ### RSSI: -50, 3, 1640049644 ,4750 
1640903144.381643 ### RSSI: -50, 32, 1640049644 ,4751 
1640903144.381683 ### DEBUG: Ticks: 4765, 78, 1 
1640903144.381725 1640049645 c0:98:e5:42:00:2c 300 
1640903144.381765 474 518 526 533 540 544 546 547 577 579 585 590 592 593 599 
1640903144.381804 601 604 606 609 617 618 621 622 630 649 658 680 684 700 727 
1640903144.381846 ### RSSI: -52, 5, 1640049645 ,4765 
1640903144.381889 ### RSSI: -51, 14, 1640049645 ,4767 
1640903144.381928 ### DEBUG: Ticks: 4781, 16, 1 
1640903144.381968 1640049646 c0:98:e5:42:00:2c 259 
1640903144.382007 378 406 423 427 429 452 463 470 470 491 498 501 507 514 517 
1640903144.382048 520 521 522 522 544 546 550 560 562 591 596 597 598 614 622 
1640903144.382087 ### RSSI: -48, 22, 1640049646 ,4781 
1640903144.382127 ### RSSI: -51, 26, 1640049646 ,4783 
1640903144.382208 ### DEBUG: Ticks: 4796, 15, 1 
1640903144.382248 1640049647 c0:98:e5:42:00:2c 254 
1640903144.382288 374 426 429 454 458 462 466 492 493 495 498 500 502 502 505 
1640903144.382328 511 524 526 529 539 548 551 560 562 573 581 587 602 609 621 
1640903144.382368 ### RSSI: -48, 20, 1640049647 ,4797 
1640903144.382408 ### RSSI: -51, 9, 1640049647 ,4798 
1640903144.382448 ### DEBUG: Ticks: 4812, 16, 1 
1640903144.382487 1640049648 c0:98:e5:42:00:2c 284 
1640903144.382527 418 497 504 505 505 507 511 525 525 541 548 551 556 561 563 
1640903144.382567 564 573 574 578 598 598 614 624 624 625 633 639 651 655 674 
1640903144.382607 ### RSSI: -49, 34, 1640049648 ,4812 
1640903144.382647 ### RSSI: -51, 5, 1640049648 ,4814 
1640903144.382687 ### RSSI: -52, 6, 1640049649 ,4828 
1640903144.382726 ### RSSI: -52, 10, 1640049649 ,4829 
1640903144.382766 ### RSSI: -48, 25, 1640049650 ,4844 
1640903144.382806 ### RSSI: -47, 22, 1640049651 ,4845 
1640903144.382888 ### DEBUG: Ticks: 4859, 47, 1 
1640903144.382928 1640049651 c0:98:e5:42:00:2c 271 
1640903144.382968 411 434 435 446 474 474 478 478 486 491 497 506 522 529 541 
1640903144.383008 544 545 552 570 574 575 578 590 595 601 603 606 614 619 652 
1640903144.383047 ### RSSI: -51, 30, 1640049651 ,4859 
1640903144.383087 ### RSSI: -47, 22, 1640049652 ,4861 
1640903144.383127 ### DEBUG: Ticks: 4874, 15, 1 
1640903144.383166 1640049652 c0:98:e5:42:00:2c 276 
1640903144.383206 406 408 455 480 487 492 504 510 513 524 526 529 532 549 550 
1640903144.383265 554 559 567 571 575 584 585 585 600 603 609 612 639 640 653 
1640903144.383306 ### RSSI: -50, 31, 1640049653 ,4875 
1640903144.383346 ### RSSI: -51, 20, 1640049653 ,4876 
1640903144.383385 ### DEBUG: Ticks: 4890, 16, 1 
1640903144.383425 1640049653 c0:98:e5:42:00:2c 308 
1640903144.383465 457 494 527 536 546 548 548 562 574 576 581 597 604 614 616 
1640903144.383505 618 630 632 635 637 649 649 682 693 696 698 701 705 707 733 
1640903144.383587 ### RSSI: -51, 29, 1640049653 ,4890 
1640903144.383627 ### RSSI: -51, 29, 1640049653 ,4892 
1640903144.383667 ### DEBUG: Ticks: 4906, 16, 1 
1640903144.383707 1640049654 c0:98:e5:42:00:2c 265 
1640903144.383747 377 443 445 459 475 476 490 490 492 495 496 507 509 511 511 
1640903144.383786 517 523 538 542 548 571 571 581 583 584 598 599 619 625 633 
1640903144.383826 ### RSSI: -52, 10, 1640049654 ,4906 
1640903144.383866 ### RSSI: -47, 22, 1640049654 ,4907 
1640903144.383906 ### DEBUG: Ticks: 4921, 15, 1 
1640903144.383946 1640049655 c0:98:e5:42:00:2c 275 
1640903144.383986 448 454 466 472 479 497 507 516 516 529 531 535 536 544 550 
1640903144.384026 552 555 561 567 571 574 575 591 595 601 613 622 624 642 669 
1640903144.384065 ### RSSI: -52, 6, 1640049655 ,4922 
1640903144.384105 ### RSSI: -50, 31, 1640049655 ,4923 
1640903144.384185 ### DEBUG: Ticks: 4937, 16, 1 
1640903144.384225 1640049656 c0:98:e5:42:00:2c 281 
1640903144.384265 413 477 482 483 497 510 537 538 538 539 540 545 546 551 563 
1640903144.384305 563 567 568 572 578 587 590 608 609 611 614 623 640 649 653 
1640903144.384345 ### RSSI: -51, 11, 1640049656 ,4937 
1640903144.384385 ### RSSI: -50, 27, 1640049656 ,4939 
1640903144.384426 ### DEBUG: Ticks: 4953, 16, 1 
1640903144.384466 1640049657 c0:98:e5:42:00:2c 257 
1640903144.384506 405 418 442 447 453 458 468 471 484 492 492 496 501 505 512 
1640903144.384546 519 520 524 524 537 537 542 545 553 559 567 580 593 607 619 
1640903144.384586 ### RSSI: -49, 32, 1640049657 ,4953 
1640903144.384625 ### RSSI: -48, 23, 1640049657 ,4954 
1640903144.384665 ### INFO: SD card flushed!
1640903144.384705 ### DEBUG: Ticks: 4968, 15, 1 
1640903144.384745 1640049658 c0:98:e5:42:00:2c 262 
1640903144.384824 410 436 442 451 453 453 463 472 486 486 488 489 492 497 516 
1640903144.384865 520 521 532 544 547 549 564 565 569 578 609 616 618 621 622 
1640903144.384904 ### RSSI: -51, 4, 1640049658 ,4969 
1640903144.384944 ### RSSI: -51, 28, 1640049658 ,4970 
1640903144.384984 ### DEBUG: Ticks: 4984, 16, 1 
1640903144.385024 1640049659 c0:98:e5:42:00:2c 248 
1640903144.385065 417 418 419 429 444 451 464 466 472 472 485 488 492 495 495 
1640903144.385105 496 505 508 510 513 514 514 531 552 561 562 579 585 586 590 
1640903144.385144 ### RSSI: -52, 0, 1640049659 ,4984 
1640903144.385184 ### RSSI: -51, 5, 1640049659 ,4986 
1640903144.385224 ### DEBUG: Ticks: 4999, 15, 1 
1640903144.385264 1640049660 c0:98:e5:42:00:2c 232 
1640903144.385304 356 380 383 400 406 412 414 419 443 443 453 453 456 458 460 
1640903144.385385 470 475 481 483 485 495 496 500 505 510 515 528 542 548 559 
1640903144.385427 ### RSSI: -50, 3, 1640049660 ,5000 
1640903144.385467 ### RSSI: -50, 31, 1640049660 ,5001 
1640903144.385507 ### DEBUG: Ticks: 5015, 16, 1 
1640903144.385547 1640049661 c0:98:e5:42:00:2c 293 
1640903144.385625 413 492 517 523 524 530 532 541 557 562 568 578 578 580 586 
1640903144.385665 587 588 595 596 604 607 612 622 624 632 641 642 674 679 685 
1640903144.385705 ### RSSI: -50, 35, 1640049661 ,5015 
1640903144.385745 ### RSSI: -51, 28, 1640049661 ,5017 
1640903144.385785 ### DEBUG: Ticks: 5031, 16, 1 
1640903144.385825 1640049662 c0:98:e5:42:00:2c 273 
1640903144.385864 425 448 460 481 510 512 517 517 517 519 523 529 531 531 544 
1640903144.385904 551 560 569 579 580 588 600 600 603 613 624 628 643 655 668 
1640903144.385944 ### RSSI: -47, 21, 1640049662 ,5031 
1640903144.385984 ### RSSI: -50, 3, 1640049662 ,5032 
1640903144.386024 ### DEBUG: Ticks: 5046, 15, 1 
1640903144.386064 1640049663 c0:98:e5:42:00:2c 295 
1640903144.386104 469 483 505 507 520 531 547 560 562 563 567 569 583 584 590 
1640903144.386144 591 595 609 615 622 622 626 631 638 638 646 654 665 670 672 
1640903144.386183 ### RSSI: -48, 21, 1640049663 ,5047 
1640903144.386223 ### RSSI: -50, 4, 1640049663 ,5048 
1640903144.386263 ### DEBUG: Ticks: 5062, 16, 1 
1640903144.386303 1640049664 c0:98:e5:42:00:2c 251 
1640903144.386343 420 425 435 443 447 459 464 466 474 475 479 490 501 501 503 
1640903144.386383 504 505 515 516 533 537 543 543 560 571 580 582 583 626 640 
1640903144.386423 ### RSSI: -48, 19, 1640049664 ,5062 
1640903144.386463 ### RSSI: -51, 16, 1640049664 ,5064 
1640903144.386541 ### DEBUG: Ticks: 5077, 15, 1 
1640903144.386582 1640049665 c0:98:e5:42:00:2c 326 
1640903144.386622 494 533 558 573 580 581 594 601 607 608 614 615 616 616 619 
1640903144.386662 620 624 638 644 648 654 661 675 686 700 702 706 707 714 722 
1640903144.386702 ### RSSI: -50, 2, 1640049665 ,5078 
1640903144.386741 ### RSSI: -49, 34, 1640049665 ,5079 
1640903144.386781 ### DEBUG: Ticks: 5093, 16, 1 
1640903144.386821 1640049666 c0:98:e5:42:00:2c 300 
1640903144.386860 451 524 537 539 540 552 557 564 575 577 579 583 588 593 600 
1640903144.386900 603 604 605 616 617 618 626 629 638 663 664 665 667 681 0 
1640903144.386940 ### RSSI: -49, 20, 1640049666 ,5093 
1640903144.386980 ### RSSI: -50, 13, 1640049666 ,5095 
1640903144.387020 ### DEBUG: Ticks: 5109, 16, 1 
1640903144.387061 1640049667 c0:98:e5:42:00:2c 292 
1640903144.387100 469 476 489 505 518 529 534 542 553 560 572 577 580 583 583 
1640903144.387141 585 590 601 615 620 621 622 627 636 639 652 656 680 692 707 
1640903144.387180 ### RSSI: -48, 17, 1640049667 ,5109 
1640903144.387220 ### RSSI: -49, 26, 1640049667 ,5111 
1640903144.387310 ### DEBUG: Ticks: 5124, 15, 1 
1640903144.387353 1640049668 c0:98:e5:42:00:2c 275 
1640903144.387395 406 447 456 481 485 490 498 511 515 516 522 525 529 548 550 
1640903144.387438 551 553 574 578 579 579 585 594 598 603 609 623 625 638 662 
1640903144.387479 ### RSSI: -51, 4, 1640049668 ,5125 
1640903144.387522 ### RSSI: -57, 34, 1640049668 ,5126 
1640903144.387565 ### DEBUG: Ticks: 5140, 16, 1 
1640903144.387605 1640049669 c0:98:e5:42:00:2c 265 
1640903144.387645 370 413 430 456 456 462 464 484 498 499 513 515 516 528 529 
1640903144.387702 534 538 543 543 544 547 549 561 571 574 592 595 609 618 619 
1640903144.387744 ### RSSI: -50, 3, 1640049669 ,5140 
1640903144.387787 ### RSSI: -51, 28, 1640049669 ,5142 
1640903144.387876 ### DEBUG: Ticks: 5156, 16, 1 
1640903144.387917 1640049670 c0:98:e5:42:00:2c 250 
1640903144.387971 392 393 400 427 428 433 448 473 474 474 475 490 494 497 498 
1640903144.388015 505 505 512 515 516 530 547 548 559 561 565 571 581 590 597 
1640903144.388055 ### RSSI: -50, 13, 1640049670 ,5156 
1640903144.388096 ### RSSI: -55, 21, 1640049670 ,5157 
1640903144.388143 ### DEBUG: Ticks: 5171, 15, 1 
1640903144.388198 1640049671 c0:98:e5:42:00:2c 271 
1640903144.388238 433 439 453 463 478 490 490 513 513 522 526 534 535 538 540 
1640903144.388283 544 550 552 553 555 573 574 575 579 587 589 593 604 633 646 
1640903144.388324 ### RSSI: -49, 15, 1640049671 ,5172 
1640903144.388364 ### RSSI: -48, 23, 1640049671 ,5173 
1640903144.388407 ### DEBUG: Ticks: 5187, 16, 1 
1640903144.388447 1640049672 c0:98:e5:42:00:2c 285 
1640903144.388539 437 474 488 492 492 516 532 538 539 542 546 547 554 560 562 
1640903144.388580 570 572 574 578 593 600 600 605 609 616 622 627 655 657 658 
1640903144.388620 ### RSSI: -50, 27, 1640049672 ,5187 
1640903144.388659 ### RSSI: -47, 17, 1640049672 ,5189 
1640903144.388699 ### DEBUG: Ticks: 5202, 15, 1 
1640903144.388739 1640049673 c0:98:e5:42:00:2c 263 
1640903144.388779 416 446 463 464 466 492 493 496 502 510 513 513 519 521 523 
1640903144.388819 530 531 532 538 543 546 547 558 560 562 570 590 602 618 641 
1640903144.388862 ### RSSI: -48, 21, 1640049673 ,5203 
1640903144.388902 ### RSSI: -50, 2, 1640049673 ,5204 
1640903144.388941 ### DEBUG: Ticks: 5218, 16, 1 
1640903144.388982 1640049674 c0:98:e5:42:00:2c 291 
1640903144.389022 490 503 510 511 518 522 533 541 551 552 553 553 556 558 583 
1640903144.389062 587 589 589 595 604 609 609 612 629 633 646 652 664 674 0 
1640903144.389105 ### RSSI: -52, 5, 1640049674 ,5218 
1640903144.389145 ### RSSI: -49, 12, 1640049675 ,5220 
1640903144.389185 ### DEBUG: Ticks: 5234, 16, 1 
1640903144.389253 1640049675 c0:98:e5:42:00:2c 323 
1640903144.389293 495 519 551 555 556 557 579 588 589 597 600 601 614 622 623 
1640903144.389333 624 625 629 634 636 640 648 651 660 661 665 671 675 684 703 
1640903144.389372 ### RSSI: -51, 9, 1640049675 ,5234 
1640903144.389415 ### RSSI: -50, 3, 1640049676 ,5235 
1640903144.389458 ### DEBUG: Ticks: 5249, 15, 1 
1640903144.389498 1640049676 c0:98:e5:42:00:2c 281 
1640903144.389542 400 463 463 493 494 499 501 516 520 523 525 533 537 541 545 
1640903144.389583 545 549 552 559 563 563 577 595 597 602 618 619 642 651 652 
1640903144.389626 ### DEBUG: Ticks: 5265, 16, 1 
1640903144.389666 1640049677 c0:98:e5:42:00:2c 250 
1640903144.389711 426 432 448 456 469 471 472 479 487 488 492 493 496 497 497 
1640903144.389750 506 519 531 532 540 549 553 558 571 581 586 592 611 616 655 
1640903144.389790 ### DEBUG: Ticks: 5281, 16, 1 
1640903144.389835 1640049678 c0:98:e5:42:00:2c 299 
1640903144.389905 468 506 507 521 529 541 553 557 574 582 588 591 594 595 597 
1640903144.389946 601 606 627 631 633 642 650 653 657 663 684 685 687 705 705 
1640903144.389991 ### DEBUG: Ticks: 5296, 15, 1 
1640903144.390031 1640049679 c0:98:e5:42:00:2c 301 
1640903144.390075 408 419 467 470 484 514 522 531 537 539 544 551 551 557 561 
1640903144.390115 562 587 590 595 595 597 600 605 605 613 614 614 633 638 678 
1640903144.390159 ### BLE EVENT: 17, INFO: BLE DISCONNECTED!
1640903144.390199 ### BLE EVENT: 17, INFO: BLE DISCONNECTED!
1640903144.390239 ### DEBUG: Ticks: 5312, 16, 0 
1640903144.390279 1640049680 c0:98:e5:42:00:2c 249 
1640903144.390319 342 361 436 447 453 462 468 469 471 471 471 475 476 480 481 
1640903144.390364 490 491 498 509 511 512 534 547 550 556 561 574 576 580 611 
1640903144.390404 ### DEBUG: Ticks: 5327, 15, 0 
1640903144.390452 1640049681 c0:98:e5:42:00:2c 304 
1640903144.390493 500 518 523 528 528 535 536 564 569 593 595 596 597 600 604 
1640903144.390538 615 617 618 618 622 624 633 636 676 683 689 706 715 729 732 
1640903144.390578 ### BLE EVENT: 16, INFO: BLE CONNECTED!
1640903144.390623 ### RSSI: -49, 32, 1640049681 ,5329 
1640903144.390663 ### RSSI: -47, 20, 1640049681 ,5330 
1640903144.390707 ### RSSI: -50, 4, 1640049681 ,5332 
1640903144.390747 ### RSSI: -49, 33, 1640049681 ,5333 
1640903144.390792 ### RSSI: -52, 7, 1640049681 ,5335 
1640903144.390832 ### RSSI: -49, 32, 1640049681 ,5336 
1640903144.390877 ### RSSI: -51, 29, 1640049681 ,5338 
1640903144.390917 ### RSSI: -50, 34, 1640049682 ,5340 
1640903144.390962 ### RSSI: -49, 32, 1640049682 ,5341 
1640903144.391002 ### RSSI: -50, 12, 1640049682 ,5343 
1640903144.391047 ### DEBUG: Ticks: 5343, 16, 0 
1640903144.391087 1640049682 c0:98:e5:42:00:2c 239 
1640903144.391132 339 394 398 400 419 427 428 436 444 449 449 464 470 472 473 
1640903144.391173 479 480 484 486 490 492 495 496 500 504 523 535 544 551 568 
1640903144.391213 ### RSSI: -51, 4, 1640049682 ,5344 
1640903144.391268 ### RSSI: -54, 29, 1640049682 ,5346 
1640903144.391308 ### RSSI: -52, 5, 1640049682 ,5347 
1640903144.391359 ### RSSI: -51, 4, 1640049682 ,5349 
1640903144.391400 ### RSSI: -50, 12, 1640049682 ,5350 
1640903144.391440 ### RSSI: -46, 4, 1640049682 ,5352 
1640903144.391480 ### RSSI: -52, 9, 1640049682 ,5354 
1640903144.391519 ### DEBUG: Ticks: 5359, 16, 0 
1640903144.391559 1640049683 c0:98:e5:42:00:2c 292 
1640903144.391599 476 489 490 496 513 528 539 542 549 553 561 579 579 580 584 
1640903144.391638 585 598 599 600 604 608 609 617 625 628 635 635 645 665 669 
1640903144.391678 ### RSSI: -44, 23, 1640049683 ,5369 
1640903144.391723 ### RSSI: -53, 10, 1640049685 ,5385 
1640903144.391763 ### RSSI: -52, 0, 1640049686 ,5400 
1640903144.391808 ### DEBUG: Ticks: 5406, 47, 0 
1640903144.391848 1640049686 c0:98:e5:42:00:2c 218 
1640903144.391895 313 343 380 385 391 409 425 426 426 426 428 432 434 437 437 
1640903144.391940 437 438 440 440 443 455 466 484 485 499 501 507 536 540 563 
1640903144.391981 ### RSSI: -51, 29, 1640049687 ,5416 
1640903144.392025 ### DEBUG: Ticks: 5421, 15, 0 
1640903144.392066 1640049687 c0:98:e5:42:00:2c 328 
1640903144.392110 501 526 538 560 585 587 594 600 605 612 614 617 637 638 639 
1640903144.392151 642 643 652 652 664 671 672 698 698 708 710 719 737 744 760 
1640903144.392196 ### RSSI: -49, 32, 1640049688 ,5432 
1640903144.392236 ### DEBUG: Ticks: 5437, 16, 0 
1640903144.392281 1640049688 c0:98:e5:42:00:2c 275 
1640903144.392326 410 466 470 485 495 497 507 508 511 521 529 534 535 541 550 
1640903144.392371 551 552 552 556 574 579 581 583 585 591 594 599 601 636 673 
1640903144.392416 ### RSSI: -50, 15, 1640049689 ,5447 
1640903144.392461 ### DEBUG: Ticks: 5452, 15, 0 
1640903144.392506 1640049689 c0:98:e5:42:00:2c 264 
1640903144.392551 433 451 458 464 472 475 478 495 497 498 498 500 512 520 524 
1640903144.392711 532 536 537 542 545 551 561 561 576 581 583 599 603 606 643 
1640903144.392752 ### RSSI: -51, 7, 1640049690 ,5463 
1640903144.392793 ### DEBUG: Ticks: 5468, 16, 0 
1640903144.392839 1640049690 c0:98:e5:42:00:2c 253 
1640903144.392880 336 425 428 429 442 461 467 468 469 478 484 486 488 492 506 
1640903144.392925 509 520 525 530 531 533 535 535 536 551 555 557 571 578 592 
1640903144.392966 ### RSSI: -51, 29, 1640049691 ,5479 
1640903144.393011 
1640903144.393051 ----------------------------------------------
1640903144.393096 ### WARNING: Chip experienced a reset with reason 2
1640903144.393137 ### INFO: Bluetooth address: c0:98:e5:42:00:29
1640903144.393182 ### DEBUG: Time is 00:00:00, 2000/00/00
1640903144.393223 ### INFO: Time is 00:00:00, 2000/00/00
1640903144.393268 ### INFO: Initializing SD Card...
1640903144.393308 ### INFO: Connecting to the SquarePoint module...
1640903144.393353 ### INFO: SquarePoint module connection successful
1640903144.393393 ### INFO: Battery voltage currently 4014 mV
1640903144.393438 ### INFO: SD card flushed!
1640903144.393478 ### INFO: SD card flushed!
1640903144.393524 ### DEBUG: BLE START SCANNING called
1640903144.393564 ### DEBUG: Ticks: 24, 24, 0 
1640903144.393609 1640049694 c0:98:e5:42:00:2c 249 
1640903144.393649 364 434 446 449 454 459 460 462 469 482 488 492 497 499 499 
1640903144.393694 500 503 503 506 510 516 521 539 541 544 567 572 583 592 601 
1640903144.393734 ### INFO: Switched Scheduler EUI from 00:00:00:00:00:00 to c0:98:e5:42:00:2c
1640903144.393943 ### DEBUG: BLE STOP SCANNING called
1640903144.394013 ### DEBUG: BLE START SCANNING called
1640903144.394053 ### DEBUG: Ticks: 39, 15, 0 
1640903144.394138 1640049695 c0:98:e5:42:00:2c 300 
1640903144.394179 423 477 483 485 489 502 515 523 528 532 541 543 549 557 559 
1640903144.394224 562 564 565 574 584 587 589 590 600 603 606 617 638 659 659 
1640903144.394264 ### addr: c0:98:e5:42:00:2c 
1640903144.394310 ### on_adv_report outer RSSI: -52, time:1640049695 
1640903144.394350 ### INFO: Discovered new device: c0:98:e5:42:00:2c
1640903144.394395 ### DEBUG: connected? already connected
1640903144.394435 ### DEBUG: BLE START SCANNING called
1640903144.394480 ### BLE EVENT: 16, INFO: BLE CONNECTED!
1640903144.394520 ### DEBUG: BLE START SCANNING called
1640903144.394566 ### RSSI: -52, 5, 1640049695 ,43 
1640903144.394606 ### DEBUG: BLE START SCANNING called
1640903144.394652 ### RSSI: -48, 19, 1640049695 ,44 
1640903144.394692 ### DEBUG: BLE START SCANNING called
1640903144.394736 ### INFO: Device is now STATIONARY
1640903144.394777 ### DEBUG: BLE START SCANNING called
1640903144.394817 ### RSSI: -53, 10, 1640049696 ,46 
1640903144.394862 ### DEBUG: BLE START SCANNING called
1640903144.394902 ### RSSI: -51, 4, 1640049696 ,47 
1640903144.394948 ### DEBUG: BLE START SCANNING called
1640903144.394988 ### RSSI: -49, 32, 1640049696 ,49 
1640903144.395033 ### DEBUG: BLE START SCANNING called
1640903144.395073 ### RSSI: -50, 13, 1640049696 ,51 
1640903144.395118 ### DEBUG: BLE START SCANNING called
1640903144.395159 ### RSSI: -51, 14, 1640049696 ,52 
1640903144.395203 ### DEBUG: BLE START SCANNING called
1640903144.395261 ### RSSI: -50, 20, 1640049696 ,54 
1640903144.395302 ### DEBUG: BLE START SCANNING called
1640903144.395342 ### DEBUG: Ticks: 55, 16, 1 
1640903144.395382 1640049696 c0:98:e5:42:00:2c 254 
1640903144.395428 404 418 420 425 446 470 470 474 475 484 496 503 507 509 509 
1640903144.395469 514 517 522 529 533 536 561 566 568 570 581 599 604 609 0 
1640903144.395513 ### DEBUG: BLE START SCANNING called
1640903144.395553 ### RSSI: -48, 34, 1640049696 ,55 
1640903144.395598 ### DEBUG: BLE START SCANNING called
1640903144.395638 ### DEBUG: BLE START SCANNING called
1640903144.395684 ### RSSI: -48, 25, 1640049696 ,57 
1640903144.395807 ### DEBUG: BLE START SCANNING called
1640903144.395855 ### RSSI: -48, 21, 1640049696 ,58 
1640903144.395895 ### DEBUG: BLE START SCANNING called
1640903144.395940 ### RSSI: -52, 6, 1640049697 ,60 
1640903144.395981 ### DEBUG: BLE START SCANNING called
1640903144.396025 ### RSSI: -48, 19, 1640049697 ,61 
1640903144.396065 ### DEBUG: BLE START SCANNING called
1640903144.396116 ### RSSI: -50, 31, 1640049697 ,63 
1640903144.396157 ### DEBUG: BLE START SCANNING called
1640903144.396201 ### RSSI: -50, 4, 1640049697 ,65 
1640903144.396241 ### DEBUG: BLE START SCANNING called
1640903144.396339 ### RSSI: -52, 9, 1640049697 ,66 
1640903144.396386 ### DEBUG: BLE START SCANNING called
1640903144.396433 ### RSSI: -50, 32, 1640049697 ,68 
1640903144.396473 ### DEBUG: BLE START SCANNING called
1640903144.396513 ### DEBUG: Ticks: 71, 16, 1 
1640903144.396553 1640049697 c0:98:e5:42:00:2c 298 
1640903144.396631 490 494 514 522 537 547 560 572 576 580 581 587 587 591 597 
1640903144.396672 598 607 614 614 618 631 639 649 655 660 667 681 685 713 722 
1640903144.396712 ### DEBUG: BLE START SCANNING called
1640903144.396752 ### DEBUG: BLE START SCANNING called
1640903144.396791 ### RSSI: -51, 12, 1640049698 ,83 
1640903144.396831 ### DEBUG: BLE START SCANNING called
1640903144.396871 ### DEBUG: Ticks: 86, 15, 1 
1640903144.396918 1640049698 c0:98:e5:42:00:2c 290 
1640903144.396958 405 437 491 510 512 513 522 527 528 528 529 558 564 568 581 
1640903144.396998 582 589 593 606 609 621 622 624 630 645 646 647 651 668 0 
1640903144.397038 ### DEBUG: BLE START SCANNING called
1640903144.397078 ### DEBUG: BLE START SCANNING called
1640903144.397118 ### RSSI: -48, 22, 1640049699 ,99 
1640903144.397157 ### DEBUG: BLE START SCANNING called
1640903144.397197 ### DEBUG: Ticks: 102, 16, 1 
1640903144.397237 1640049699 c0:98:e5:42:00:2c 260 
1640903144.397276 349 406 427 441 462 465 475 482 486 489 503 505 508 511 514 
1640903144.397355 527 534 536 538 545 563 564 571 574 575 579 583 590 600 605 
1640903144.397395 ### DEBUG: BLE START SCANNING called
1640903144.397435 ### RSSI: -50, 34, 1640049700 ,115 
1640903144.397474 ### DEBUG: Ticks: 117, 15, 1 
1640903144.397515 1640049700 c0:98:e5:42:00:2c 304 
1640903144.397554 493 505 513 516 535 551 551 568 573 576 584 595 598 604 608 
1640903144.397594 610 615 621 621 621 624 634 642 645 647 653 656 664 698 721 
1640903144.397634 ### RSSI: -50, 32, 1640049701 ,130 
1640903144.397673 ### DEBUG: Ticks: 133, 16, 1 
1640903144.397713 1640049701 c0:98:e5:42:00:2c 276 
1640903144.397753 419 453 464 465 487 497 514 515 523 523 531 535 539 541 550 
1640903144.397793 556 556 558 571 575 580 582 586 590 592 597 604 607 608 631 
1640903144.397832 ### RSSI: -49, 35, 1640049702 ,146 
1640903144.397872 ### DEBUG: Ticks: 149, 16, 1 
1640903144.397912 1640049702 c0:98:e5:42:00:2c 278 
1640903144.397990 438 448 457 467 477 482 490 496 506 520 531 539 540 541 545 
1640903144.398030 545 548 552 560 568 578 592 607 608 611 615 617 642 680 681 
1640903144.398070 ### RSSI: -48, 23, 1640049703 ,161 
1640903144.398110 ### DEBUG: Ticks: 164, 15, 1 
1640903144.398149 1640049703 c0:98:e5:42:00:2c 282 
1640903144.398189 466 468 471 481 496 506 514 522 544 553 553 555 556 561 565 
1640903144.398229 565 569 576 583 583 592 595 603 606 617 625 629 639 651 666 
1640903144.398269 ### RSSI: -50, 2, 1640049704 ,177 
1640903144.398308 ### DEBUG: Ticks: 180, 16, 1 
1640903144.398348 1640049704 c0:98:e5:42:00:2c 269 
1640903144.398387 368 401 422 444 456 457 464 466 472 484 485 487 487 488 500 
1640903144.398427 508 515 518 520 521 522 523 529 554 554 561 564 569 589 608 
1640903144.398466 ### RSSI: -49, 33, 1640049704 ,193 
1640903144.398523 ### DEBUG: Ticks: 196, 16, 1 
1640903144.398563 1640049705 c0:98:e5:42:00:2c 266 
1640903144.398603 417 430 464 467 493 511 513 513 514 517 525 526 528 529 530 
1640903144.398642 537 543 544 555 563 564 571 573 587 612 613 620 628 647 661 
1640903144.398721 ### RSSI: -52, 10, 1640049705 ,208 
1640903144.544314 ### DEBUG: Ticks: 211, 15, 1 
1640903144.544447 1640049706 c0:98:e5:42:00:2c 257 
1640903144.544509 362 392 438 457 464 470 472 483 485 485 489 491 491 497 515 
1640903144.544568 515 519 524 527 530 551 552 552 557 564 566 578 579 588 600 
1640903145.348823 ### RSSI: -52, 0, 1640049706 ,224 
1640903145.535335 ### DEBUG: Ticks: 227, 16, 1 
1640903145.535516 1640049707 c0:98:e5:42:00:2c 265 
1640903145.535616 369 444 464 472 474 495 499 505 509 510 513 519 521 522 530 
1640903145.535708 532 538 543 548 562 563 571 575 584 584 593 599 612 621 645 
1640903146.360420 ### RSSI: -52, 29, 1640049707 ,239 
1640903146.535399 ### DEBUG: Ticks: 242, 15, 1 
1640903146.535559 1640049708 c0:98:e5:42:00:2c 279 
1640903146.546785 443 447 457 477 487 499 507 516 521 526 527 533 536 547 558 
1640903146.547072 559 563 580 583 586 596 598 610 610 626 628 644 650 655 0 
1640903147.354217 ### RSSI: -49, 33, 1640049709 ,255 
1640903147.537773 ### DEBUG: Ticks: 258, 16, 1 
1640903147.537966 1640049709 c0:98:e5:42:00:2c 300 
1640903147.538050 456 476 478 482 510 529 533 550 554 555 556 560 563 564 569 
1640903147.538148 569 578 578 579 582 585 609 612 614 620 625 628 631 632 658 
1640903148.357748 ### RSSI: -60, 29, 1640049710 ,271 
1640903148.545623 ### DEBUG: Ticks: 274, 16, 1 
1640903148.545905 1640049710 c0:98:e5:42:00:2c 324 
1640903148.546089 512 532 550 550 564 568 582 590 596 598 613 622 635 640 648 
1640903148.546293 648 650 650 653 674 675 684 696 701 706 712 714 726 742 744 
1640903149.358463 ### RSSI: -50, 32, 1640049711 ,286 
1640903149.539661 ### DEBUG: Ticks: 289, 15, 1 
1640903149.539944 1640049711 c0:98:e5:42:00:2c 261 
1640903149.540141 381 429 463 470 471 482 485 493 505 506 510 510 511 512 518 
1640903149.540337 526 534 535 540 551 552 560 568 585 586 601 602 605 620 660 
1640903150.353762 ### RSSI: -49, 26, 1640049712 ,302 
1640903151.353053 ### RSSI: -48, 22, 1640049713 ,318 
1640903152.353466 ### RSSI: -51, 16, 1640049714 ,333 
1640903152.537823 ### DEBUG: Ticks: 336, 47, 1 
1640903152.537975 1640049714 c0:98:e5:42:00:2c 307 
1640903152.538042 441 463 494 504 504 505 532 554 556 558 558 560 561 572 575 
1640903152.538090 585 589 590 600 601 604 604 611 623 625 634 640 661 661 689 
1640903153.351845 ### RSSI: -50, 32, 1640049715 ,349 
1640903153.535354 ### DEBUG: Ticks: 352, 16, 1 
1640903153.535608 1640049715 c0:98:e5:42:00:2c 262 
1640903153.535792 377 424 444 447 452 471 479 489 493 501 510 514 516 517 520 
1640903153.535971 528 536 537 539 541 542 544 551 556 558 569 579 585 599 660 
1640903154.358470 ### RSSI: -50, 34, 1640049716 ,364 
1640903154.544594 ### DEBUG: Ticks: 367, 15, 1 
1640903154.544755 1640049716 c0:98:e5:42:00:2c 283 
1640903154.544839 435 456 459 464 467 491 500 502 508 511 514 516 521 524 533 
1640903154.544929 536 554 559 564 574 576 581 583 584 596 603 642 653 662 673 
1640903155.352038 ### RSSI: -48, 17, 1640049717 ,380 
1640903155.537688 ### DEBUG: Ticks: 383, 16, 1 
1640903155.537955 1640049717 c0:98:e5:42:00:2c 308 
1640903155.538048 491 513 514 530 539 543 543 557 564 566 574 575 578 588 591 
1640903155.538145 594 599 608 613 619 625 630 634 639 640 654 656 678 694 697 
1640903156.354760 ### RSSI: -50, 20, 1640049718 ,396 
1640903156.538230 ### DEBUG: Ticks: 399, 16, 1 
1640903156.538384 1640049718 c0:98:e5:42:00:2c 252 
1640903156.538494 408 415 438 439 443 453 458 458 471 475 478 481 498 500 502 
1640903156.538621 508 510 511 515 515 526 535 561 570 573 574 574 587 611 618 
1640903157.350377 ### RSSI: -51, 5, 1640049719 ,411 
1640903157.536045 ### DEBUG: Ticks: 414, 15, 1 
1640903157.536222 1640049719 c0:98:e5:42:00:2c 294 
1640903157.536316 452 479 481 489 495 525 540 541 541 553 555 561 567 578 589 
1640903157.536407 590 591 601 616 617 618 621 626 630 642 649 656 676 678 696 
1640903158.351098 ### RSSI: -51, 8, 1640049720 ,427 
1640903158.535628 ### DEBUG: Ticks: 430, 16, 1 
1640903158.535908 1640049720 c0:98:e5:42:00:2c 248 
1640903158.536022 314 389 410 427 441 458 461 462 464 472 472 472 477 483 496 
1640903158.547903 496 500 505 528 529 531 538 539 540 540 545 558 574 578 617 
1640903159.348822 ### RSSI: -49, 18, 1640049721 ,443 
1640903159.543524 ### DEBUG: Ticks: 445, 15, 1 
1640903159.543698 1640049721 c0:98:e5:42:00:2c 266 
1640903159.543788 430 447 448 467 477 480 481 491 495 510 517 519 523 523 532 
1640903159.543860 533 536 544 561 571 574 575 575 584 589 602 605 612 637 641 
1640903160.350535 ### RSSI: -48, 18, 1640049722 ,458 
1640903160.545027 ### DEBUG: Ticks: 461, 16, 1 
1640903160.545197 1640049722 c0:98:e5:42:00:2c 269 
1640903160.545291 426 458 462 484 500 501 507 516 518 519 520 532 536 536 537 
1640903160.545439 541 543 544 547 556 561 572 575 582 591 601 607 610 620 639 
1640903161.349475 ### RSSI: -51, 29, 1640049723 ,474 
1640903161.533711 ### DEBUG: Ticks: 477, 16, 1 
1640903161.533873 1640049723 c0:98:e5:42:00:2c 278 
1640903161.545574 430 435 437 444 467 478 486 488 490 511 532 541 543 553 554 
1640903161.545800 558 563 566 574 581 600 600 604 612 615 617 622 630 636 652 
1640903162.357543 ### RSSI: -49, 22, 1640049724 ,489 
1640903162.539676 ### DEBUG: Ticks: 492, 15, 1 
1640903162.539923 1640049724 c0:98:e5:42:00:2c 308 
1640903162.540063 483 496 496 498 528 546 548 560 567 577 593 594 595 609 612 
1640903162.540205 620 623 624 629 629 631 646 648 649 664 677 682 683 688 692 
1640903163.353077 ### RSSI: -49, 17, 1640049725 ,505 
1640903163.535917 ### DEBUG: Ticks: 508, 16, 1 
1640903163.536070 1640049725 c0:98:e5:42:00:2c 321 
1640903163.536139 470 485 499 512 518 538 540 551 552 553 559 585 589 592 594 
1640903163.536205 598 599 600 604 619 622 628 641 642 647 653 665 676 678 680 
1640903164.347863 ### RSSI: -51, 12, 1640049726 ,521 
1640903164.540045 ### DEBUG: Ticks: 524, 16, 1 
1640903164.540241 1640049726 c0:98:e5:42:00:2c 276 
1640903164.540352 405 463 463 488 494 494 508 511 514 521 522 531 533 544 551 
1640903164.540515 554 556 563 564 573 573 578 589 593 594 595 598 606 610 657 
1640903165.350553 ### RSSI: -50, 26, 1640049727 ,536 
1640903165.534974 ### DEBUG: Ticks: 539, 15, 1 
1640903165.535152 1640049727 c0:98:e5:42:00:2c 302 
1640903165.546314 438 461 477 499 513 538 551 556 559 562 567 575 581 585 594 
1640903165.546599 615 619 622 622 624 624 625 626 633 636 654 657 659 661 695 
1640903166.353698 ### RSSI: -50, 1, 1640049728 ,552 
1640903166.537275 ### DEBUG: Ticks: 555, 16, 1 
1640903166.537430 1640049728 c0:98:e5:42:00:2c 266 
1640903166.537510 398 410 451 462 468 470 494 498 499 506 509 509 525 528 532 
1640903166.537587 533 546 548 551 559 566 572 574 578 578 590 592 616 621 648 
1640903167.348664 ### RSSI: -52, 7, 1640049728 ,567 
1640903167.542066 ### DEBUG: Ticks: 570, 15, 1 
1640903167.542202 1640049729 c0:98:e5:42:00:2c 258 
1640903167.542277 412 426 427 437 450 463 465 472 473 493 503 503 507 509 513 
1640903167.542356 519 522 525 548 550 557 561 562 569 569 579 610 611 619 633 
1640903167.898300 ### INFO: SD card flushed!
1640903168.350659 ### RSSI: -51, 8, 1640049729 ,583 
1640903169.355446 ### RSSI: -51, 15, 1640049730 ,599 
1640903170.355756 ### RSSI: -52, 11, 1640049731 ,614 
1640903170.536328 ### DEBUG: Ticks: 617, 47, 1 
1640903170.536620 1640049732 c0:98:e5:42:00:2c 260 
1640903170.536807 407 413 429 437 439 442 451 461 470 487 487 511 511 512 520 
1640903170.536995 522 524 527 530 544 556 564 568 572 573 574 581 582 589 593 
1640903171.352101 ### RSSI: -48, 25, 1640049733 ,630 
1640903171.542246 ### DEBUG: Ticks: 633, 16, 1 
1640903171.542368 1640049733 c0:98:e5:42:00:2c 279 
1640903171.542423 436 452 461 461 478 496 501 510 537 537 545 547 549 549 558 
1640903171.542480 560 564 569 573 576 582 584 601 618 622 624 638 642 643 665 
1640903172.353886 ### RSSI: -52, 11, 1640049734 ,646 
1640903172.535329 ### DEBUG: Ticks: 648, 15, 1 
1640903172.535847 1640049734 c0:98:e5:42:00:2c 278 
1640903172.536033 389 431 459 462 472 492 493 495 510 517 523 533 547 553 556 
1640903172.536225 559 560 564 565 568 571 574 578 579 583 601 603 611 613 647 
1640903173.351437 ### RSSI: -51, 31, 1640049735 ,661 
1640903173.540392 ### DEBUG: Ticks: 664, 16, 1 
1640903173.540620 1640049735 c0:98:e5:42:00:2c 286 
1640903173.540720 408 436 492 503 504 512 521 541 547 548 553 556 562 565 571 
1640903173.540809 574 578 587 588 596 602 608 623 624 624 629 635 649 653 663 
1640903174.350674 ### RSSI: -50, 34, 1640049736 ,677 
1640903174.541164 ### DEBUG: Ticks: 680, 16, 1 
1640903174.541324 1640049736 c0:98:e5:42:00:2c 267 
1640903174.541405 440 444 463 467 470 479 487 500 500 503 523 525 530 532 535 
1640903174.541487 552 558 560 567 567 571 574 574 585 606 613 614 620 629 0 
1640903175.349104 ### RSSI: -50, 32, 1640049737 ,692 
1640903175.537527 ### DEBUG: Ticks: 695, 15, 1 
1640903175.537660 1640049737 c0:98:e5:42:00:2c 278 
1640903175.537716 429 457 460 463 467 473 493 499 500 506 524 525 536 541 543 
1640903175.537773 548 558 563 578 581 581 589 594 606 615 630 631 637 640 640 
1640903176.348633 ### RSSI: -54, 2, 1640049738 ,708 
1640903176.539689 ### DEBUG: Ticks: 711, 16, 1 
1640903176.540831 1640049738 c0:98:e5:42:00:2c 279 
1640903176.541093 407 458 467 468 480 484 487 492 502 505 513 514 519 522 522 
1640903176.541279 523 524 530 534 535 537 541 555 562 564 574 575 580 580 598 
1640903177.345850 ### RSSI: -48, 25, 1640049739 ,724 
1640903177.538345 ### DEBUG: Ticks: 727, 16, 1 
1640903177.538644 1640049739 c0:98:e5:42:00:2c 271 
1640903177.538827 430 439 458 464 473 489 497 499 504 514 517 519 520 524 533 
1640903177.539017 534 552 552 556 556 561 562 563 567 581 582 588 590 610 634 
1640903178.346989 ### RSSI: -44, 30, 1640049740 ,739 
1640903178.534972 ### DEBUG: Ticks: 742, 15, 1 
1640903178.535205 1640049740 c0:98:e5:42:00:2c 243 
1640903178.535476 380 387 426 428 442 451 455 458 468 468 473 474 485 486 486 
1640903178.535723 488 490 493 497 500 500 505 510 515 518 530 531 531 561 621 
1640903179.349380 ### RSSI: -47, 7, 1640049741 ,755 
1640903179.533514 ### DEBUG: Ticks: 758, 16, 1 
1640903179.545786 1640049741 c0:98:e5:42:00:2c 309 
1640903179.545948 496 533 557 565 568 573 575 579 583 590 598 611 613 615 617 
1640903179.546066 620 622 623 625 628 629 640 642 654 655 656 657 662 686 749 
1640903180.357555 ### RSSI: -52, 25, 1640049742 ,771 
1640903180.539429 ### DEBUG: Ticks: 773, 15, 1 
1640903180.539661 1640049742 c0:98:e5:42:00:2c 496 
1640903180.539845 693 714 719 760 765 765 776 781 784 788 789 789 789 791 792 
1640903180.539993 793 799 804 804 805 808 814 821 826 828 830 831 856 872 872 
1640903181.354025 ### RSSI: -53, 34, 1640049743 ,786 
1640903181.534187 ### DEBUG: Ticks: 789, 16, 1 
1640903181.534375 1640049743 c0:98:e5:42:00:2c 750 
1640903181.546039 912 998 1001 1013 1019 1029 1035 1036 1040 1046 1065 1065 1068 1069 1070 
1640903181.546172 1070 1070 1076 1079 1079 1085 1086 1087 1089 1092 1093 1099 1102 1105 0 
1640903182.351094 ### RSSI: -54, 10, 1640049744 ,802 
1640903182.544858 ### DEBUG: Ticks: 805, 16, 1 
1640903182.545136 1640049744 c0:98:e5:42:00:2c 826 
1640903182.545317 1053 1070 1070 1077 1090 1090 1091 1098 1102 1105 1106 1108 1110 1110 1112 
1640903182.545509 1126 1134 1135 1139 1140 1140 1141 1155 1158 1158 1162 1168 1176 1179 1180 
1640903183.354026 ### RSSI: -55, 32, 1640049745 ,817 
1640903183.539841 ### DEBUG: Ticks: 820, 15, 1 
1640903183.540024 1640049745 c0:98:e5:42:00:2c -2147483647 
1640903183.540087 -2147483647 -2147483647 -2147483647 -2147483647 -2147483647 -2147483647 -2147483647 -2147483647 -2147483647 -2147483647 -2147483647 -2147483647 -2147483647 -2147483647 -2147483647 
1640903183.540157 -2147483647 -2147483647 -2147483647 -2147483647 -2147483647 -2147483647 -2147483647 -2147483647 -2147483647 -2147483647 -2147483647 -2147483647 -2147483647 -2147483647 -2147483647 
1640903184.544713 ### DEBUG: Ticks: 836, 16, 1 
1640903184.545029 1640049746 c0:98:e5:42:00:2c -2147483647 
1640903184.545256 -2147483647 -2147483647 -2147483647 -2147483647 -2147483647 -2147483647 -2147483647 -2147483647 -2147483647 -2147483647 -2147483647 -2147483647 -2147483647 -2147483647 -2147483647 
1640903184.545470 -2147483647 -2147483647 -2147483647 -2147483647 -2147483647 -2147483647 -2147483647 -2147483647 -2147483647 -2147483647 -2147483647 -2147483647 -2147483647 -2147483647 -2147483647 
1640903185.545320 ### DEBUG: Ticks: 852, 16, 1 
1640903185.545514 1640049747 c0:98:e5:42:00:2c -2147483647 
1640903185.545615 -2147483647 -2147483647 -2147483647 -2147483647 -2147483647 -2147483647 -2147483647 -2147483647 -2147483647 -2147483647 -2147483647 -2147483647 -2147483647 -2147483647 -2147483647 
1640903185.546315 -2147483647 -2147483647 -2147483647 -2147483647 -2147483647 -2147483647 -2147483647 -2147483647 -2147483647 -2147483647 -2147483647 -2147483647 -2147483647 -2147483647 -2147483647 
1640903186.533519 ### DEBUG: Ticks: 867, 15, 1 
1640903186.546983 1640049748 c0:98:e5:42:00:2c -2147483647 
1640903186.547394 -2147483647 -2147483647 -2147483647 -2147483647 -2147483647 -2147483647 -2147483647 -2147483647 -2147483647 -2147483647 -2147483647 -2147483647 -2147483647 -2147483647 -2147483647 
1640903186.547623 -2147483647 -2147483647 -2147483647 -2147483647 -2147483647 -2147483647 -2147483647 -2147483647 -2147483647 -2147483647 -2147483647 -2147483647 -2147483647 -2147483647 -2147483647 
1640903187.446316 ### BLE EVENT: 17, INFO: BLE DISCONNECTED!
1640903187.543452 ### DEBUG: Ticks: 883, 16, 0 
1640903187.543591 1640049749 c0:98:e5:42:00:2c -2147483647 
1640903187.543663 -2147483647 -2147483647 -2147483647 -2147483647 -2147483647 -2147483647 -2147483647 -2147483647 -2147483647 -2147483647 -2147483647 -2147483647 -2147483647 -2147483647 -2147483647 
1640903187.543737 -2147483647 -2147483647 -2147483647 -2147483647 -2147483647 -2147483647 -2147483647 -2147483647 -2147483647 -2147483647 -2147483647 -2147483647 -2147483647 -2147483647 -2147483647 
1640903188.532626 ### DEBUG: Ticks: 898, 15, 0 
1640903188.547221 1640049750 c0:98:e5:42:00:2c -2147483647 
1640903188.547669 -2147483647 -2147483647 -2147483647 -2147483647 -2147483647 -2147483647 -2147483647 -2147483647 -2147483647 -2147483647 -2147483647 -2147483647 -2147483647 -2147483647 -2147483647 
1640903188.548871 -2147483647 -2147483647 -2147483647 -2147483647 -2147483647 -2147483647 -2147483647 -2147483647 -2147483647 -2147483647 -2147483647 -2147483647 -2147483647 -2147483647 -2147483647 
1640903188.894252 ### DEBUG: Ticks: 904, 6, 0 
1640903188.894466 1640049421 c0:98:e5:42:00:2c 300 
1640903188.894590 384 384 384 384 384 384 384 384 384 384 384 384 384 384 384 
1640903188.894781 384 384 384 384 384 384 384 384 384 384 384 384 384 384 384 
1640903189.976335 ### DEBUG: Ticks: 921, 17, 0 
1640903189.976620 1640049422 c0:98:e5:42:00:2c 344 
1640903189.976805 544 575 594 597 633 634 641 644 655 658 663 664 667 678 682 
1640903189.976997 683 685 691 692 700 703 703 705 706 712 716 751 757 791 849 
1640903190.990890 ### DEBUG: Ticks: 937, 16, 0 
1640903190.991179 1640049423 c0:98:e5:42:00:2c 556 
1640903190.991448 729 747 747 756 761 769 776 792 817 818 819 823 827 835 838 
1640903190.991721 840 853 861 866 869 875 876 877 887 888 914 916 952 977 1016 
1640903191.980821 ### DEBUG: Ticks: 952, 15, 0 
1640903191.981003 1640049424 c0:98:e5:42:00:2c 730 
1640903191.993050 810 814 819 829 837 851 868 869 870 873 881 893 913 928 949 
1640903191.993214 953 957 957 967 968 969 976 977 993 993 1041 1092 1164 1181 0 
1640903192.981079 ### DEBUG: Ticks: 968, 16, 0 
1640903192.981234 1640049425 c0:98:e5:42:00:2c 700 
1640903192.981304 865 876 889 894 896 900 903 921 932 940 957 959 960 966 970 
1640903192.981376 976 981 982 984 991 992 994 997 1002 1002 1026 1029 1032 1055 1057 
1640903193.990597 ### DEBUG: Ticks: 983, 15, 0 
1640903193.990725 1640049426 c0:98:e5:42:00:2c 686 
1640903193.990776 874 911 924 931 933 933 934 941 949 949 951 952 954 957 964 
1640903193.990826 993 1005 1007 1008 1011 1021 1030 1041 1043 1044 1072 1094 1096 1102 1107 
1640903194.983544 ### DEBUG: Ticks: 999, 16, 0 
1640903194.983690 1640049427 c0:98:e5:42:00:2c 662 
1640903194.983769 846 849 879 913 921 922 932 936 938 939 941 950 951 958 966 
1640903194.983851 984 994 996 1001 1011 1016 1020 1029 1031 1051 1053 1053 1064 1078 1098 
1640903197.985416 ### DEBUG: Ticks: 1046, 47, 0 
1640903197.985664 1640049430 c0:98:e5:42:00:2c 929 
1640903197.985773 1163 1180 1186 1186 1191 1193 1223 1233 1234 1237 1243 1257 1264 1267 1288 
1640903197.985869 1288 1303 1308 1314 1325 1336 1349 1358 1359 1370 1393 1401 1410 1438 1452 
1640903198.984552 ### DEBUG: Ticks: 1062, 16, 0 
1640903198.984722 1640049431 c0:98:e5:42:00:2c 1130 
1640903198.984814 1263 1300 1302 1306 1308 1311 1315 1325 1342 1346 1347 1351 1354 1377 1388 
1640903198.984921 1394 1396 1407 1414 1415 1448 1450 1484 1519 1533 1569 1571 1624 1886 0 
1640903199.986776 ### DEBUG: Ticks: 1077, 15, 0 
1640903199.987075 1640049432 c0:98:e5:42:00:2c 1008 
1640903199.987377 1123 1163 1165 1171 1181 1185 1190 1200 1203 1206 1209 1215 1222 1222 1235 
1640903199.987599 1246 1250 1253 1256 1268 1269 1274 1276 1301 1319 1325 1356 1368 2274 0 
1640903202.987182 ### DEBUG: Ticks: 1124, 47, 0 
1640903202.987554 1640049435 c0:98:e5:42:00:2c 800 
1640903202.987754 1030 1038 1067 1071 1073 1081 1082 1100 1102 1102 1102 1105 1105 1111 1119 
1640903202.987944 1129 1152 1156 1159 1160 1160 1164 1192 1214 1223 1225 1226 1241 1278 1299 
1640903203.981792 ### DEBUG: Ticks: 1140, 16, 0 
1640903203.982118 1640049436 c0:98:e5:42:00:2c 641 
1640903203.982304 842 856 859 866 868 868 873 876 892 893 895 900 909 910 926 
1640903203.982495 931 932 933 942 944 947 951 972 973 974 1016 1027 1039 1117 2265 
1640903204.980787 ### DEBUG: Ticks: 1155, 15, 0 
1640903204.980958 1640049437 c0:98:e5:42:00:2c 908 
1640903204.981050 1101 1149 1151 1163 1171 1179 1184 1194 1195 1197 1217 1218 1219 1225 1229 
1640903204.981146 1239 1242 1258 1265 1269 1270 1271 1274 1284 1286 1288 1289 1293 1336 1616 
1640903205.978760 ### DEBUG: Ticks: 1171, 16, 0 
1640903205.990811 1640049438 c0:98:e5:42:00:2c 940 
1640903205.991101 1129 1143 1170 1185 1186 1189 1190 1190 1194 1212 1229 1230 1234 1244 1245 
1640903205.991397 1251 1260 1268 1289 1290 1292 1316 1322 1335 1339 1355 1358 1360 1388 1462 
1640903206.982762 ### DEBUG: Ticks: 1186, 15, 0 
1640903206.983054 1640049439 c0:98:e5:42:00:2c 918 
1640903206.983354 1057 1098 1119 1127 1164 1172 1176 1177 1205 1210 1215 1216 1229 1230 1237 
1640903206.983718 1244 1249 1255 1257 1262 1272 1279 1282 1311 1314 1337 1339 1350 1408 1424 
1640903207.987219 ### DEBUG: Ticks: 1202, 16, 0 
1640903207.987890 1640049440 c0:98:e5:42:00:2c 1068 
1640903207.988091 1195 1218 1231 1240 1249 1250 1274 1284 1288 1289 1290 1298 1299 1314 1316 
1640903207.988314 1322 1327 1332 1342 1354 1360 1387 1392 1395 1403 1406 1410 1417 1426 1493 
1640903208.980163 ### DEBUG: Ticks: 1218, 16, 0 
1640903208.980447 1640049441 c0:98:e5:42:00:2c 1044 
1640903208.980663 1315 1317 1332 1349 1354 1358 1358 1373 1373 1377 1385 1394 1400 1400 1405 
1640903208.980868 1409 1410 1411 1411 1411 1423 1429 1433 1451 1451 1453 1453 1471 1600 1681 
1640903209.985563 ### DEBUG: Ticks: 1233, 15, 0 
1640903209.985742 1640049442 c0:98:e5:42:00:2c 877 
1640903209.985841 1013 1025 1102 1126 1128 1131 1140 1145 1147 1162 1163 1168 1192 1201 1206 
1640903209.985918 1209 1210 1211 1212 1213 1218 1229 1234 1237 1281 1299 1318 1333 1354 0 
1640903210.989451 ### DEBUG: Ticks: 1249, 16, 0 
1640903210.989740 1640049443 c0:98:e5:42:00:2c 841 
1640903210.989922 985 995 998 1023 1043 1045 1056 1056 1072 1074 1082 1088 1092 1093 1101 
1640903210.990112 1104 1106 1108 1111 1121 1126 1139 1145 1147 1152 1156 1208 1245 1258 1261 
1640903211.367776 ### INFO: SD card flushed!
1640903211.985719 ### DEBUG: Ticks: 1265, 16, 0 
1640903211.986003 1640049444 c0:98:e5:42:00:2c 687 
1640903211.986111 846 882 889 900 932 933 935 941 952 955 959 967 977 984 987 
1640903211.986278 992 992 996 996 1008 1023 1027 1042 1051 1072 1105 1155 1167 1179 0 
1640903212.987094 ### DEBUG: Ticks: 1280, 15, 0 
1640903212.987325 1640049445 c0:98:e5:42:00:2c 626 
1640903212.987438 830 857 891 891 892 900 904 908 909 910 911 912 913 914 930 
1640903212.987622 930 935 936 943 948 951 953 955 958 965 966 967 973 976 991 
1640903213.981781 ### DEBUG: Ticks: 1296, 16, 0 
1640903213.982352 1640049446 c0:98:e5:42:00:2c 1020 
1640903213.982537 1105 1197 1214 1221 1222 1230 1265 1270 1287 1292 1300 1307 1311 1313 1314 
1640903213.983059 1315 1325 1335 1337 1350 1351 1351 1355 1356 1362 1370 1381 1398 1415 1540 
1640903214.981420 ### DEBUG: Ticks: 1311, 15, 0 
1640903214.981703 1640049447 c0:98:e5:42:00:2c 934 
1640903214.981901 1080 1140 1144 1147 1150 1153 1178 1182 1200 1212 1214 1215 1218 1222 1225 
1640903214.981998 1236 1237 1237 1241 1242 1244 1248 1259 1262 1280 1280 1287 1316 1324 1494 
1640903215.983515 ### DEBUG: Ticks: 1327, 16, 0 
1640903215.983835 1640049448 c0:98:e5:42:00:2c 942 
1640903215.983925 1087 1096 1116 1141 1155 1168 1190 1199 1202 1202 1202 1204 1210 1219 1220 
1640903215.984004 1220 1221 1231 1235 1242 1244 1247 1262 1274 1280 1280 1284 1285 1289 1365 
1640903216.982204 ### DEBUG: Ticks: 1343, 16, 0 
1640903216.982404 1640049449 c0:98:e5:42:00:2c 895 
1640903216.982504 1133 1143 1143 1156 1161 1162 1163 1167 1183 1184 1191 1192 1205 1213 1213 
1640903216.982600 1218 1222 1235 1237 1251 1257 1261 1270 1277 1311 1322 1327 1329 1338 1381 
1640903217.980331 ### DEBUG: Ticks: 1358, 15, 0 
1640903217.990401 1640049450 c0:98:e5:42:00:2c 838 
1640903217.990697 1044 1067 1072 1078 1087 1089 1091 1093 1097 1100 1126 1126 1128 1132 1146 
1640903217.990880 1147 1159 1165 1168 1176 1183 1195 1196 1204 1207 1210 1235 1242 1269 1413 
1640903218.989565 ### DEBUG: Ticks: 1374, 16, 0 
1640903218.989859 1640049451 c0:98:e5:42:00:2c 673 
1640903218.990045 782 842 864 884 900 903 905 908 918 920 925 932 942 949 955 
1640903218.990510 956 957 970 973 980 985 986 987 997 1007 1012 1027 1049 1067 1076 
1640903219.989806 ### DEBUG: Ticks: 1390, 16, 0 
1640903219.989975 1640049452 c0:98:e5:42:00:2c 589 
1640903219.990075 716 743 751 768 773 783 795 800 807 809 814 821 826 831 832 
1640903219.990280 833 844 846 857 869 876 878 887 896 903 904 921 930 942 961 
1640903220.980522 ### DEBUG: Ticks: 1405, 15, 0 
1640903220.980804 1640049453 c0:98:e5:42:00:2c 917 
1640903220.980994 1034 1045 1049 1066 1070 1072 1080 1090 1105 1131 1134 1134 1138 1191 1191 
1640903220.981115 1193 1194 1204 1205 1207 1214 1216 1233 1236 1252 1258 1284 1286 1333 1399 
1640903221.985625 ### DEBUG: Ticks: 1421, 16, 0 
1640903221.985773 1640049454 c0:98:e5:42:00:2c 912 
1640903221.985846 1038 1068 1068 1074 1074 1106 1106 1111 1125 1130 1135 1173 1180 1182 1183 
1640903221.985909 1189 1192 1198 1204 1212 1220 1223 1227 1231 1265 1276 1283 1346 1352 1443 
1640903222.990517 ### DEBUG: Ticks: 1436, 15, 0 
1640903222.990746 1640049455 c0:98:e5:42:00:2c 796 
1640903222.990799 1063 1069 1083 1087 1096 1099 1100 1103 1104 1107 1112 1116 1123 1131 1133 
1640903222.990853 1137 1137 1142 1145 1150 1155 1162 1167 1174 1182 1185 1198 1205 1216 1234 
1640903223.989502 ### DEBUG: Ticks: 1452, 16, 0 
1640903223.989634 1640049456 c0:98:e5:42:00:2c 773 
1640903223.989687 970 1011 1043 1049 1058 1070 1077 1082 1085 1089 1089 1090 1101 1102 1103 
1640903223.989743 1116 1118 1121 1125 1129 1149 1151 1155 1157 1159 1197 1207 1208 1227 1260 
1640903224.986462 ### DEBUG: Ticks: 1468, 16, 0 
1640903224.986632 1640049457 c0:98:e5:42:00:2c 698 
1640903224.986717 887 935 978 978 981 1003 1003 1007 1009 1012 1017 1026 1027 1031 1032 
1640903224.986807 1034 1035 1035 1051 1061 1080 1090 1091 1095 1107 1121 1124 1136 1139 1287 
1640903225.984284 ### DEBUG: Ticks: 1483, 15, 0 
1640903225.984506 1640049458 c0:98:e5:42:00:2c 612 
1640903225.984630 772 791 794 794 795 818 818 818 819 821 840 843 863 864 873 
1640903225.984900 885 886 889 893 896 914 918 930 931 933 938 946 949 951 959 
1640903226.986781 ### DEBUG: Ticks: 1499, 16, 0 
1640903226.986944 1640049459 c0:98:e5:42:00:2c 518 
1640903226.987049 696 702 712 755 788 788 788 794 805 809 814 816 827 830 836 
1640903226.987139 840 840 851 854 868 868 870 873 891 900 921 923 1075 0 0 
1640903229.986707 ### DEBUG: Ticks: 1546, 47, 0 
1640903229.987001 1640049462 c0:98:e5:42:00:2c 927 
1640903229.987184 1106 1147 1149 1180 1198 1207 1214 1217 1221 1225 1226 1226 1237 1241 1242 
1640903229.987496 1253 1258 1261 1278 1284 1284 1290 1292 1297 1314 1318 1326 1394 1405 1476 
1640903230.987103 ### DEBUG: Ticks: 1561, 15, 0 
1640903230.987524 1640049463 c0:98:e5:42:00:2c 954 
1640903230.988081 1179 1197 1210 1216 1239 1255 1255 1258 1260 1262 1266 1272 1274 1277 1278 
1640903230.988278 1278 1279 1290 1313 1322 1327 1336 1339 1359 1363 1380 1386 1388 1421 1421 
1640903231.982158 ### DEBUG: Ticks: 1577, 16, 0 
1640903231.982445 1640049464 c0:98:e5:42:00:2c 911 
1640903231.982645 1128 1150 1165 1168 1170 1174 1176 1178 1183 1190 1207 1208 1224 1243 1245 
1640903231.982826 1246 1261 1273 1276 1279 1316 1319 1322 1322 1359 1360 1384 1414 1516 1569 
1640903236.982360 ### DEBUG: Ticks: 1655, 78, 0 
1640903236.982524 1640049469 c0:98:e5:42:00:2c -2147483647 
1640903236.997973 -2147483647 -2147483647 -2147483647 -2147483647 -2147483647 -2147483647 -2147483647 -2147483647 -2147483647 -2147483647 -2147483647 -2147483647 -2147483647 -2147483647 -2147483647 
1640903236.998546 -2147483647 -2147483647 -2147483647 -2147483647 -2147483647 -2147483647 -2147483647 -2147483647 -2147483647 -2147483647 -2147483647 -2147483647 -2147483647 -2147483647 -2147483647 
1640903237.990131 ### DEBUG: Ticks: 1671, 16, 0 
1640903237.990292 1640049470 c0:98:e5:42:00:2c -2147483647 
1640903237.990393 -2147483647 -2147483647 -2147483647 -2147483647 -2147483647 -2147483647 -2147483647 -2147483647 -2147483647 -2147483647 -2147483647 -2147483647 -2147483647 -2147483647 -2147483647 
1640903237.990666 -2147483647 -2147483647 -2147483647 -2147483647 -2147483647 -2147483647 -2147483647 -2147483647 -2147483647 -2147483647 -2147483647 -2147483647 -2147483647 -2147483647 -2147483647 
1640903238.989584 ### DEBUG: Ticks: 1686, 15, 0 
1640903238.989874 1640049471 c0:98:e5:42:00:2c -2147483647 
1640903238.990209 -2147483647 -2147483647 -2147483647 -2147483647 -2147483647 -2147483647 -2147483647 -2147483647 -2147483647 -2147483647 -2147483647 -2147483647 -2147483647 -2147483647 -2147483647 
1640903238.991230 -2147483647 -2147483647 -2147483647 -2147483647 -2147483647 -2147483647 -2147483647 -2147483647 -2147483647 -2147483647 -2147483647 -2147483647 -2147483647 -2147483647 -2147483647 
1640903239.980975 ### DEBUG: Ticks: 1702, 16, 0 
1640903239.981131 1640049472 c0:98:e5:42:00:2c -2147483647 
1640903239.994247 -2147483647 -2147483647 -2147483647 -2147483647 -2147483647 -2147483647 -2147483647 -2147483647 -2147483647 -2147483647 -2147483647 -2147483647 -2147483647 -2147483647 -2147483647 
1640903239.994524 -2147483647 -2147483647 -2147483647 -2147483647 -2147483647 -2147483647 -2147483647 -2147483647 -2147483647 -2147483647 -2147483647 -2147483647 -2147483647 -2147483647 -2147483647 
1640903240.767930 ### DEBUG: Ticks: 1714, 12, 0 
1640903241.134855 1640049473 ### DEBUG: Ticks: 1720, 6, 0 
1640903242.224594 1640049474 ### DEBUG: Ticks: 1737, 17, 0 
1640903242.224881 1640049475 c0:98:e5:42:00:2c -2147483647 
1640903242.225236 -2147483647 -2147483647 -2147483647 -2147483647 -2147483647 -2147483647 -2147483647 -2147483647 -2147483647 -2147483647 -2147483647 -2147483647 -2147483647 -2147483647 -2147483647 
1640903242.226935 -2147483647 -2147483647 -2147483647 -2147483647 -2147483647 -2147483647 -2147483647 -2147483647 -2147483647 -2147483647 -2147483647 -2147483647 -2147483647 -2147483647 -2147483647 
1640903243.235171 ### DEBUG: Ticks: 1753, 16, 0 
1640903243.235563 1640049476 c0:98:e5:42:00:2c -2147483647 
1640903243.235876 -2147483647 -2147483647 -2147483647 -2147483647 -2147483647 -2147483647 -2147483647 -2147483647 -2147483647 -2147483647 -2147483647 -2147483647 -2147483647 -2147483647 -2147483647 
1640903243.236606 -2147483647 -2147483647 -2147483647 -2147483647 -2147483647 -2147483647 -2147483647 -2147483647 -2147483647 -2147483647 -2147483647 -2147483647 -2147483647 -2147483647 -2147483647 
1640903244.228056 ### DEBUG: Ticks: 1768, 15, 0 
1640903244.228337 1640049477 c0:98:e5:42:00:2c -2147483647 
1640903244.228640 -2147483647 -2147483647 -2147483647 -2147483647 -2147483647 -2147483647 -2147483647 -2147483647 -2147483647 -2147483647 -2147483647 -2147483647 -2147483647 -2147483647 -2147483647 
1640903244.229218 -2147483647 -2147483647 -2147483647 -2147483647 -2147483647 -2147483647 -2147483647 -2147483647 -2147483647 -2147483647 -2147483647 -2147483647 -2147483647 -2147483647 -2147483647 
1640903245.229699 ### DEBUG: Ticks: 1784, 16, 0 
1640903245.229985 1640049478 c0:98:e5:42:00:2c -2147483647 
1640903245.230223 -2147483647 -2147483647 -2147483647 -2147483647 -2147483647 -2147483647 -2147483647 -2147483647 -2147483647 -2147483647 -2147483647 -2147483647 -2147483647 -2147483647 -2147483647 
1640903245.230786 -2147483647 -2147483647 -2147483647 -2147483647 -2147483647 -2147483647 -2147483647 -2147483647 -2147483647 -2147483647 -2147483647 -2147483647 -2147483647 -2147483647 -2147483647 
1640903246.613879 ### DEBUG: Ticks: 1806, 22, 0 
1640903246.614162 1640049480 c0:98:e5:42:00:2c 774 
1640903246.614348 1055 1061 1084 1087 1094 1097 1098 1099 1101 1112 1113 1126 1126 1135 1140 
1640903246.614540 1143 1148 1149 1157 1159 1162 1171 1171 1200 1200 1201 1205 1226 1237 1374 
1640903247.624180 ### DEBUG: Ticks: 1821, 15, 0 
1640903247.624463 1640049481 c0:98:e5:42:00:2c 783 
1640903247.624647 1014 1068 1072 1087 1092 1098 1098 1101 1111 1112 1121 1123 1125 1132 1133 
1640903247.624825 1140 1141 1143 1149 1149 1167 1169 1182 1184 1189 1191 1212 1218 1226 1229 
1640903248.625524 ### DEBUG: Ticks: 1837, 16, 0 
1640903248.625805 1640049482 c0:98:e5:42:00:2c 663 
1640903248.625989 839 897 902 906 921 935 945 952 956 966 983 991 993 996 997 
1640903248.626207 1006 1007 1015 1018 1025 1025 1030 1042 1053 1061 1076 1100 1117 1121 1123 
1640903254.571679 ### INFO: SquarePoint communications appear to be down...restarting
1640903254.571849 ### INFO: Switched Scheduler EUI from c0:98:e5:42:00:2c to 00:00:00:00:00:00
1640903256.000464 ### INFO: SD card flushed!
1640903256.000751 ### STOPPED, setting module to STOPPED
1640903256.000934 ### DEBUG: BLE START SCANNING called
1640903257.118374 ### addr: c0:98:e5:42:00:2c 
1640903257.118498 ### on_adv_report outer RSSI: -65, time:1640049491 
1640903257.118548 ### INFO: Discovered new device: c0:98:e5:42:00:2c
1640903257.118596 ### INFO: Switched Scheduler EUI from 00:00:00:00:00:00 to c0:98:e5:42:00:2c
1640903257.118649 ### INFO: Starting the SquarePoint module...
1640903257.118698 ### INFO: Starting SquarePoint module as PARTICIPANT with timestamp 1640049491
1640903257.118759 ### DEBUG: BLE STOP SCANNING called
1640903257.118812 ### INFO: SquarePoint module successfully started!
1640903257.141771 ### DEBUG: Ticks: 1970, 133, 0 
1640903258.141156 1640049492 ### DEBUG: Ticks: 1986, 16, 0 
1640903259.136726 1640049493 ### DEBUG: Ticks: 2001, 15, 0 
1640903260.141963 1640049494 ### DEBUG: Ticks: 2017, 16, 0 
1640903260.178106 1640049495 ### STOPPED, setting module to STOPPED
1640903260.178401 ### INFO: Switched Scheduler EUI from c0:98:e5:42:00:2c to 00:00:00:00:00:00
1640903260.178585 ### DEBUG: BLE START SCANNING called
1640903261.276175 ### DEBUG: BLE START SCANNING called
1640903261.286595 ### DEBUG: BLE START SCANNING called
1640903261.312081 ### DEBUG: BLE START SCANNING called
1640903261.312372 ### addr: c0:98:e5:42:00:2c 
1640903261.312564 ### on_adv_report outer RSSI: -62, time:1640049496 
1640903261.312774 ### INFO: Discovered new device: c0:98:e5:42:00:2c
1640903261.325023 ### INFO: Switched Scheduler EUI from 00:00:00:00:00:00 to c0:98:e5:42:00:2c
1640903261.325324 ### INFO: Starting the SquarePoint module...
1640903261.325538 ### INFO: Starting SquarePoint module as PARTICIPANT with timestamp 1640049496
1640903261.325728 ### DEBUG: BLE STOP SCANNING called
1640903261.325919 ### INFO: SquarePoint module successfully started!
1640903263.296800 ### DEBUG: Ticks: 2066, 49, 0 
1640903263.297076 1640049497 c0:98:e5:42:00:2c 672 
1640903263.297283 960 979 993 1007 1067 1070 1077 1097 1097 1108 1116 1117 1120 1136 1138 
1640903263.297472 1149 1149 1151 1152 1156 1171 1173 1188 1192 1200 1225 1241 1255 1334 1394 
1640903268.300322 ### DEBUG: Ticks: 2144, 78, 0 
1640903268.300598 1640049502 c0:98:e5:42:00:2c 1036 
1640903268.300804 1244 1268 1292 1296 1307 1307 1308 1320 1326 1338 1347 1356 1357 1358 1363 
1640903268.301007 1363 1367 1369 1378 1383 1397 1398 1401 1403 1420 1423 1443 1477 1529 1591 
1640903269.307359 ### DEBUG: Ticks: 2160, 16, 0 
1640903269.307644 1640049503 c0:98:e5:42:00:2c 852 
1640903269.307829 1045 1047 1055 1082 1086 1119 1120 1129 1131 1136 1140 1142 1162 1168 1172 
1640903269.308028 1174 1176 1179 1182 1201 1208 1208 1214 1219 1224 1224 1228 1263 1308 1311 
1640903272.303503 ### DEBUG: Ticks: 2207, 47, 0 
1640903272.303788 1640049506 c0:98:e5:42:00:2c 616 
1640903272.303983 787 805 810 812 844 845 846 864 864 870 882 888 890 891 895 
1640903272.304084 895 898 901 901 927 940 953 960 973 1005 1007 1009 1011 1020 1112 
1640903273.304944 ### DEBUG: Ticks: 2222, 15, 0 
1640903273.305226 1640049507 c0:98:e5:42:00:2c 800 
1640903273.305409 969 1021 1025 1038 1038 1041 1066 1075 1078 1080 1083 1086 1086 1092 1095 
1640903273.305611 1099 1104 1126 1128 1129 1138 1145 1150 1154 1157 1163 1170 1195 1289 1319 
1640903274.304042 ### DEBUG: Ticks: 2238, 16, 0 
1640903274.304328 1640049508 c0:98:e5:42:00:2c -2147483647 
1640903274.304513 -2147483647 -2147483647 -2147483647 -2147483647 -2147483647 -2147483647 -2147483647 -2147483647 -2147483647 -2147483647 -2147483647 -2147483647 -2147483647 -2147483647 -2147483647 
1640903274.304733 -2147483647 -2147483647 -2147483647 -2147483647 -2147483647 -2147483647 -2147483647 -2147483647 -2147483647 -2147483647 -2147483647 -2147483647 -2147483647 -2147483647 -2147483647 
1640903275.435620 ### DEBUG: Ticks: 2256, 18, 0 
1640903275.435903 1640049510 c0:98:e5:42:00:2c -2147483647 
1640903275.436102 -2147483647 -2147483647 -2147483647 -2147483647 -2147483647 -2147483647 -2147483647 -2147483647 -2147483647 -2147483647 -2147483647 -2147483647 -2147483647 -2147483647 -2147483647 
1640903275.436310 -2147483647 -2147483647 -2147483647 -2147483647 -2147483647 -2147483647 -2147483647 -2147483647 -2147483647 -2147483647 -2147483647 -2147483647 -2147483647 -2147483647 -2147483647 
1640903276.514954 ### DEBUG: Ticks: 2272, 16, 0 
1640903276.515334 1640049511 c0:98:e5:42:00:2c 789 
1640903276.515526 1045 1057 1088 1092 1099 1114 1118 1124 1128 1129 1130 1135 1136 1136 1142 
1640903276.515744 1153 1153 1155 1158 1160 1176 1185 1203 1221 1230 1240 1242 1243 1248 1264 
1640903277.518779 ### DEBUG: Ticks: 2288, 16, 0 
1640903277.519061 1640049512 c0:98:e5:42:00:2c 762 
1640903277.519406 970 1002 1013 1037 1050 1051 1059 1064 1065 1066 1067 1070 1072 1084 1089 
1640903277.519836 1091 1091 1097 1112 1114 1118 1120 1135 1159 1163 1165 1182 1192 1193 1200 
1640903278.518545 ### DEBUG: Ticks: 2304, 16, 0 
1640903278.518885 1640049513 c0:98:e5:42:00:2c 571 
1640903278.519328 767 789 792 799 815 815 816 824 828 832 835 838 844 857 864 
1640903278.519425 866 868 874 875 875 876 885 886 908 914 937 952 964 974 989 
1640903279.515283 ### DEBUG: Ticks: 2319, 15, 0 
1640903279.515461 1640049514 c0:98:e5:42:00:2c 553 
1640903279.515574 673 687 706 708 713 725 739 748 748 753 755 755 776 781 790 
1640903279.515675 793 814 816 823 825 844 849 863 866 884 891 896 898 903 957 
1640903280.516357 ### DEBUG: Ticks: 2335, 16, 0 
1640903280.516547 1640049515 c0:98:e5:42:00:2c 846 
1640903280.516668 973 994 1002 1004 1028 1033 1046 1050 1057 1067 1077 1081 1092 1098 1121 
1640903280.516776 1134 1137 1152 1156 1164 1169 1188 1201 1212 1215 1224 1227 1253 1316 1367 
1640903281.517154 ### DEBUG: Ticks: 2351, 16, 0 
1640903281.517305 1640049516 c0:98:e5:42:00:2c 946 
1640903281.517363 1045 1059 1071 1103 1111 1120 1123 1127 1138 1161 1162 1166 1179 1186 1192 
1640903281.517423 1193 1194 1198 1199 1203 1208 1209 1217 1256 1262 1271 1314 1326 1494 0 
1640903282.516984 ### DEBUG: Ticks: 2366, 15, 0 
1640903282.517156 1640049517 c0:98:e5:42:00:2c 813 
1640903282.517247 1050 1052 1056 1073 1073 1073 1078 1080 1091 1096 1101 1101 1103 1113 1117 
1640903282.517344 1120 1127 1132 1136 1139 1141 1143 1155 1155 1160 1169 1225 1226 1268 1301 
1640903283.520392 ### DEBUG: Ticks: 2382, 16, 0 
1640903283.520684 1640049518 c0:98:e5:42:00:2c 800 
1640903283.520868 1027 1029 1051 1066 1071 1077 1096 1115 1116 1120 1131 1132 1134 1147 1149 
1640903283.521062 1153 1158 1161 1164 1186 1187 1191 1201 1202 1204 1212 1227 1228 1243 1247 
1640903284.521393 ### DEBUG: Ticks: 2398, 16, 0 
1640903284.521680 1640049519 c0:98:e5:42:00:2c 782 
1640903284.521879 1014 1028 1032 1035 1037 1044 1044 1052 1059 1064 1080 1092 1096 1099 1106 
1640903284.522102 1115 1126 1137 1144 1157 1163 1172 1179 1179 1184 1184 1194 1214 1290 0 
1640903285.520965 ### DEBUG: Ticks: 2413, 15, 0 
1640903285.521213 1640049520 c0:98:e5:42:00:2c 585 
1640903285.521381 772 793 796 818 825 834 841 844 847 860 866 869 871 872 872 
1640903285.521553 876 877 884 893 899 900 916 923 934 950 952 954 964 967 975 
1640903286.516205 ### DEBUG: Ticks: 2429, 16, 0 
1640903286.516496 1640049521 c0:98:e5:42:00:2c 509 
1640903286.517401 689 701 727 730 760 767 771 772 779 787 791 796 802 814 818 
1640903286.528022 819 827 845 850 851 855 862 876 876 886 886 902 951 953 1096 
1640903287.519587 ### DEBUG: Ticks: 2444, 15, 0 
1640903287.519771 1640049522 c0:98:e5:42:00:2c 1006 
1640903287.519856 1198 1204 1215 1223 1226 1242 1249 1260 1266 1267 1271 1276 1282 1292 1293 
1640903287.520173 1317 1337 1339 1345 1347 1348 1353 1358 1373 1401 1402 1426 1453 1456 1504 
1640903288.516491 ### DEBUG: Ticks: 2460, 16, 0 
1640903288.516670 1640049523 c0:98:e5:42:00:2c 1213 
1640903288.516761 1381 1383 1391 1397 1402 1417 1424 1434 1439 1442 1445 1451 1452 1461 1490 
1640903288.516855 1493 1506 1508 1511 1514 1516 1517 1517 1520 1536 1573 1626 1724 1725 1821 
1640903289.517027 ### DEBUG: Ticks: 2476, 16, 0 
1640903289.517226 1640049524 c0:98:e5:42:00:2c 853 
1640903289.517291 1073 1078 1089 1101 1103 1114 1121 1122 1133 1135 1139 1142 1155 1166 1170 
1640903289.517360 1175 1186 1188 1194 1194 1201 1204 1233 1235 1240 1293 1316 1318 1462 2219 
1640903290.515399 ### DEBUG: Ticks: 2491, 15, 0 
1640903290.515570 1640049525 c0:98:e5:42:00:2c 973 
1640903290.515663 1188 1190 1206 1226 1228 1228 1240 1242 1243 1251 1256 1280 1286 1303 1305 
1640903290.515760 1321 1328 1333 1344 1354 1377 1391 1397 1414 1427 1435 1442 1446 1454 1461 
1640903291.519720 ### DEBUG: Ticks: 2507, 16, 0 
1640903291.519888 1640049526 c0:98:e5:42:00:2c 969 
1640903291.519980 1158 1167 1234 1241 1263 1272 1273 1280 1296 1315 1317 1317 1320 1340 1343 
1640903291.520071 1356 1361 1377 1384 1388 1401 1408 1413 1421 1430 1433 1461 1464 1491 1570 
1640903292.523383 ### DEBUG: Ticks: 2522, 15, 0 
1640903292.523567 1640049527 c0:98:e5:42:00:2c 757 
1640903292.523653 937 943 964 967 984 997 1001 1005 1017 1020 1024 1030 1033 1043 1058 
1640903292.523736 1059 1061 1067 1071 1071 1072 1073 1089 1129 1129 1138 1199 1204 1212 1231 
1640903295.514675 ### DEBUG: Ticks: 2569, 47, 0 
1640903295.514844 1640049530 c0:98:e5:42:00:2c 937 
1640903295.514945 1070 1085 1134 1173 1178 1179 1186 1190 1191 1191 1199 1209 1215 1243 1247 
1640903295.528227 1256 1260 1269 1275 1289 1309 1317 1318 1324 1328 1340 1357 1404 1468 1496 
1640903296.526382 ### DEBUG: Ticks: 2585, 16, 0 
1640903296.526666 1640049531 c0:98:e5:42:00:2c 913 
1640903296.526849 1065 1067 1076 1127 1160 1167 1175 1179 1180 1182 1190 1208 1213 1220 1231 
1640903296.527074 1242 1243 1261 1261 1278 1281 1282 1288 1298 1301 1317 1346 1410 1429 1520 
1640903297.523378 ### DEBUG: Ticks: 2601, 16, 0 
1640903297.523659 1640049532 c0:98:e5:42:00:2c 1105 
1640903297.523860 1226 1306 1307 1315 1323 1336 1338 1342 1360 1371 1376 1390 1395 1398 1399 
1640903297.524060 1409 1414 1415 1422 1423 1432 1437 1464 1487 1492 1494 1497 1512 1524 1582 
1640903298.522935 ### DEBUG: Ticks: 2616, 15, 0 
1640903298.523220 1640049533 c0:98:e5:42:00:2c 825 
1640903298.523492 1050 1072 1075 1085 1106 1114 1115 1119 1120 1139 1160 1161 1163 1164 1171 
1640903298.523575 1176 1177 1181 1183 1183 1187 1188 1192 1193 1207 1212 1227 1253 1257 1413 
1640903299.517005 ### DEBUG: Ticks: 2632, 16, 0 
1640903299.517173 1640049534 c0:98:e5:42:00:2c 835 
1640903299.517266 999 1062 1066 1077 1089 1093 1108 1111 1116 1120 1129 1131 1139 1145 1149 
1640903299.528274 1155 1155 1168 1175 1177 1186 1191 1208 1216 1220 1237 1286 1327 1350 1350 
1640903300.516982 ### DEBUG: Ticks: 2647, 15, 0 
1640903300.517153 1640049535 c0:98:e5:42:00:2c 793 
1640903300.517245 967 1017 1025 1048 1050 1074 1084 1092 1108 1112 1118 1127 1134 1138 1140 
1640903300.517443 1145 1147 1148 1150 1154 1164 1177 1182 1200 1205 1229 1256 1262 1307 1337 
1640903301.517033 ### DEBUG: Ticks: 2663, 16, 0 
1640903301.517315 1640049536 c0:98:e5:42:00:2c 652 
1640903301.517502 867 871 906 911 932 960 962 967 972 977 979 981 986 993 1004 
1640903301.517945 1004 1009 1012 1018 1020 1021 1028 1054 1058 1063 1068 1078 1112 1159 1190 
1640903302.519355 ### DEBUG: Ticks: 2679, 16, 0 
1640903302.519615 1640049537 c0:98:e5:42:00:2c 634 
1640903302.519763 791 840 855 869 875 882 883 885 891 897 900 902 915 917 922 
1640903302.520090 923 923 930 930 931 935 936 945 946 948 979 986 1011 1034 1080 
1640903305.523361 ### DEBUG: Ticks: 2726, 47, 0 
1640903305.523662 1640049540 c0:98:e5:42:00:2c 874 
1640903305.523847 1055 1099 1108 1109 1116 1130 1130 1132 1137 1150 1150 1150 1157 1166 1175 
1640903305.524306 1177 1200 1206 1206 1209 1224 1237 1241 1241 1244 1253 1277 1284 1339 1341 
1640903306.524012 ### DEBUG: Ticks: 2741, 15, 0 
1640903306.524192 1640049541 c0:98:e5:42:00:2c 852 
1640903306.524258 1080 1083 1096 1097 1116 1127 1137 1144 1146 1162 1162 1163 1166 1166 1188 
1640903306.524413 1191 1197 1201 1205 1209 1217 1226 1237 1244 1247 1254 1278 1283 1292 1418 
1640903307.517152 ### DEBUG: Ticks: 2757, 16, 0 
1640903307.517759 1640049542 c0:98:e5:42:00:2c 856 
1640903307.518173 1056 1065 1075 1075 1088 1105 1110 1124 1125 1128 1134 1135 1138 1145 1147 
1640903307.518602 1149 1157 1158 1170 1174 1176 1179 1182 1184 1206 1226 1231 1267 1277 1278 
1640903308.521221 ### DEBUG: Ticks: 2772, 15, 0 
1640903308.521503 1640049543 c0:98:e5:42:00:2c 634 
1640903308.521699 765 781 782 825 831 844 853 857 893 896 902 908 917 919 920 
1640903308.521878 925 932 935 947 955 961 966 980 984 984 986 1000 1009 1010 1059 
1640903311.519158 ### DEBUG: Ticks: 2819, 47, 0 
1640903311.519539 1640049546 c0:98:e5:42:00:2c 840 
1640903311.519724 968 969 1016 1019 1019 1028 1050 1055 1057 1058 1061 1062 1067 1086 1099 
1640903311.519903 1105 1106 1122 1122 1128 1138 1139 1140 1154 1166 1177 1206 1209 1220 1236 
1640903312.513985 ### DEBUG: Ticks: 2835, 16, 0 
1640903312.527668 1640049547 c0:98:e5:42:00:2c 780 
1640903312.527956 1031 1049 1051 1052 1052 1059 1077 1078 1084 1088 1089 1090 1093 1096 1099 
1640903312.528163 1104 1104 1124 1125 1128 1132 1138 1144 1156 1190 1195 1213 1248 1257 1281 
1640903313.525660 ### DEBUG: Ticks: 2851, 16, 0 
1640903313.525823 1640049548 c0:98:e5:42:00:2c 789 
1640903313.525915 979 1011 1044 1057 1071 1076 1078 1084 1085 1091 1092 1093 1094 1103 1107 
1640903313.526010 1112 1112 1122 1125 1147 1155 1156 1163 1169 1170 1175 1176 1181 1194 1312 
1640903314.517437 ### DEBUG: Ticks: 2866, 15, 0 
1640903314.517583 1640049549 c0:98:e5:42:00:2c 741 
1640903314.517663 930 955 967 972 986 993 994 998 1005 1008 1010 1015 1016 1018 1020 
1640903314.517744 1025 1031 1054 1060 1062 1066 1068 1077 1083 1091 1094 1096 1099 1100 1104 
1640903315.522642 ### DEBUG: Ticks: 2882, 16, 0 
1640903315.522926 1640049550 c0:98:e5:42:00:2c 587 
1640903315.523109 754 758 760 768 783 791 792 792 795 801 803 832 833 836 837 
1640903315.523439 843 847 848 858 881 883 884 884 892 893 897 908 917 921 953 
1640903315.899521 ### INFO: SD card flushed!
1640903318.518940 ### DEBUG: Ticks: 2929, 47, 0 
1640903318.519086 1640049553 c0:98:e5:42:00:2c 1307 
1640903318.519151 1433 1464 1472 1491 1495 1499 1501 1502 1512 1515 1516 1516 1532 1543 1556 
1640903318.519219 1558 1560 1561 1573 1584 1599 1634 1639 1645 1656 1700 1720 1832 1912 2622 
1640903319.519408 ### DEBUG: Ticks: 2944, 15, 0 
1640903319.519614 1640049554 c0:98:e5:42:00:2c 830 
1640903319.519737 1004 1055 1063 1064 1073 1075 1081 1081 1089 1092 1095 1110 1111 1115 1122 
1640903319.519880 1130 1140 1141 1146 1153 1163 1176 1184 1184 1187 1195 1206 1218 1249 1250 
1640903320.526015 ### DEBUG: Ticks: 2960, 16, 0 
1640903320.526175 1640049555 c0:98:e5:42:00:2c 949 
1640903320.526250 1156 1206 1207 1216 1222 1240 1249 1255 1260 1260 1264 1274 1274 1276 1280 
1640903320.526326 1305 1309 1322 1328 1329 1337 1342 1373 1373 1384 1406 1417 1425 1522 1571 
1640903321.517163 ### DEBUG: Ticks: 2975, 15, 0 
1640903321.517291 1640049556 c0:98:e5:42:00:2c 898 
1640903321.517354 1073 1139 1146 1170 1174 1175 1178 1192 1208 1229 1233 1243 1246 1259 1265 
1640903321.529736 1272 1275 1278 1278 1281 1286 1286 1342 1345 1346 1357 1363 1364 1480 1515 
1640903322.520520 ### DEBUG: Ticks: 2991, 16, 0 
1640903322.520686 1640049557 c0:98:e5:42:00:2c 747 
1640903322.520779 913 959 961 965 990 1014 1014 1027 1032 1038 1039 1041 1048 1049 1049 
1640903322.520873 1056 1062 1063 1065 1068 1071 1077 1093 1094 1111 1115 1128 1143 1182 1214 
1640903323.516799 ### DEBUG: Ticks: 3007, 16, 0 
1640903323.517094 1640049558 c0:98:e5:42:00:2c 703 
1640903323.517279 896 927 942 945 945 977 978 978 985 988 997 998 1011 1025 1030 
1640903323.517468 1040 1047 1052 1061 1074 1076 1080 1081 1085 1090 1099 1108 1159 1363 1365 
1640903324.521877 ### DEBUG: Ticks: 3022, 15, 0 
1640903324.522018 1640049559 c0:98:e5:42:00:2c 995 
1640903324.522092 1055 1078 1119 1133 1142 1151 1152 1175 1181 1195 1209 1212 1215 1239 1260 
1640903324.522185 1268 1268 1270 1275 1283 1289 1300 1317 1320 1321 1325 1338 1377 1399 1458 
1640903325.518311 ### DEBUG: Ticks: 3038, 16, 0 
1640903325.518538 1640049560 c0:98:e5:42:00:2c 975 
1640903325.518677 1109 1134 1134 1147 1190 1197 1198 1219 1220 1224 1231 1255 1259 1264 1269 
1640903325.518819 1274 1274 1287 1289 1302 1309 1333 1337 1338 1350 1353 1369 1426 1471 1491 
1640903328.518398 ### DEBUG: Ticks: 3085, 47, 0 
1640903328.518652 1640049563 c0:98:e5:42:00:2c 880 
1640903328.518810 1021 1027 1040 1068 1084 1085 1096 1098 1099 1102 1103 1120 1123 1142 1143 
1640903328.519037 1143 1145 1149 1157 1158 1159 1167 1168 1170 1174 1176 1179 1204 1214 1310 
1640903329.518159 ### DEBUG: Ticks: 3100, 15, 0 
1640903329.518323 1640049564 c0:98:e5:42:00:2c 884 
1640903329.518689 1048 1076 1091 1128 1139 1142 1148 1150 1164 1182 1191 1191 1193 1195 1198 
1640903329.518874 1199 1205 1206 1209 1218 1221 1226 1242 1244 1258 1284 1321 1365 1371 1392 
1640903330.522014 ### DEBUG: Ticks: 3116, 16, 0 
1640903330.522246 1640049565 c0:98:e5:42:00:2c 775 
1640903330.522325 974 982 982 1006 1026 1027 1039 1053 1072 1083 1084 1084 1089 1092 1092 
1640903330.522406 1096 1109 1110 1110 1124 1130 1135 1135 1153 1156 1189 1233 1245 1281 1288 
1640903331.515740 ### DEBUG: Ticks: 3132, 16, 0 
1640903331.515896 1640049566 c0:98:e5:42:00:2c 649 
1640903331.527610 863 911 911 927 929 968 969 972 973 980 985 995 996 996 1003 
1640903331.527741 1006 1010 1013 1021 1025 1060 1061 1062 1065 1067 1075 1086 1128 1192 1203 
1640903332.520107 ### DEBUG: Ticks: 3147, 15, 0 
1640903332.520295 1640049567 c0:98:e5:42:00:2c 637 
1640903332.520388 753 788 811 812 831 845 854 856 860 862 868 877 879 881 881 
1640903332.520483 881 884 887 889 893 908 915 920 922 924 937 947 955 960 1118 
1640903333.525477 ### DEBUG: Ticks: 3163, 16, 0 
1640903333.525661 1640049568 c0:98:e5:42:00:2c 937 
1640903333.525754 1114 1137 1164 1205 1213 1234 1243 1244 1253 1254 1267 1267 1268 1273 1275 
1640903333.525845 1291 1297 1303 1304 1305 1309 1311 1312 1324 1334 1338 1338 1340 1341 1433 
1640903334.518395 ### DEBUG: Ticks: 3179, 16, 0 
1640903334.518590 1640049569 c0:98:e5:42:00:2c 949 
1640903334.518682 1024 1079 1101 1153 1162 1180 1189 1195 1199 1213 1214 1221 1224 1229 1238 
1640903334.518780 1243 1244 1247 1252 1253 1264 1264 1267 1297 1322 1349 1355 1432 1440 1470 
1640903335.517302 ### DEBUG: Ticks: 3194, 15, 0 
1640903335.517455 1640049570 c0:98:e5:42:00:2c 804 
1640903335.517542 1008 1028 1035 1041 1046 1051 1064 1075 1080 1084 1087 1094 1103 1105 1117 
1640903335.517619 1123 1133 1136 1140 1142 1153 1153 1154 1162 1191 1198 1206 1210 1213 1216 
1640903336.515677 ### DEBUG: Ticks: 3210, 16, 0 
1640903336.515848 1640049571 c0:98:e5:42:00:2c 839 
1640903336.528683 1006 1058 1062 1064 1077 1084 1088 1089 1097 1098 1106 1111 1117 1118 1126 
1640903336.528850 1128 1145 1150 1152 1168 1178 1181 1194 1197 1204 1206 1210 1231 1268 0 
1640903337.523699 ### DEBUG: Ticks: 3225, 15, 0 
1640903337.523864 1640049572 c0:98:e5:42:00:2c 761 
1640903337.523945 894 920 940 970 980 989 989 992 993 1002 1006 1008 1012 1013 1030 
1640903337.524105 1034 1034 1034 1049 1051 1052 1058 1058 1066 1081 1091 1114 1117 1136 1150 
1640903338.519546 ### DEBUG: Ticks: 3241, 16, 0 
1640903338.519835 1640049573 c0:98:e5:42:00:2c 479 
1640903338.520044 694 730 733 751 754 772 778 779 789 791 801 823 831 848 848 
1640903338.520224 855 858 860 863 865 866 873 880 883 884 899 900 926 964 980 
1640903339.518965 ### DEBUG: Ticks: 3257, 16, 0 
1640903339.519145 1640049574 c0:98:e5:42:00:2c 567 
1640903339.519322 725 731 736 740 745 754 757 769 771 771 783 786 788 788 791 
1640903339.520178 797 798 799 799 803 823 827 828 854 857 868 875 901 903 940 
1640903340.522053 ### DEBUG: Ticks: 3272, 15, 0 
1640903340.522189 1640049575 c0:98:e5:42:00:2c 832 
1640903340.522253 975 1006 1008 1024 1031 1043 1045 1055 1060 1078 1085 1109 1109 1118 1128 
1640903340.522310 1142 1144 1149 1170 1174 1174 1205 1207 1219 1224 1228 1245 1268 1299 1325 
1640903341.520251 ### DEBUG: Ticks: 3288, 16, 0 
1640903341.520423 1640049576 c0:98:e5:42:00:2c 853 
1640903341.520509 989 1002 1043 1073 1074 1099 1102 1112 1112 1115 1116 1118 1120 1122 1128 
1640903341.520598 1137 1145 1160 1160 1168 1175 1187 1189 1215 1220 1221 1233 1239 1251 1298 
1640903342.520352 ### DEBUG: Ticks: 3303, 15, 0 
1640903342.520561 1640049577 c0:98:e5:42:00:2c 838 
1640903342.520747 1067 1085 1087 1088 1090 1092 1094 1109 1111 1114 1114 1118 1120 1120 1125 
1640903342.520916 1126 1131 1134 1144 1148 1159 1161 1162 1179 1220 1223 1263 1269 1271 1299 
1640903343.520469 ### DEBUG: Ticks: 3319, 16, 0 
1640903343.520751 1640049578 c0:98:e5:42:00:2c 757 
1640903343.520937 992 1006 1027 1034 1058 1062 1071 1082 1085 1088 1092 1092 1095 1098 1098 
1640903343.521139 1099 1100 1107 1108 1113 1125 1135 1146 1148 1149 1161 1166 1174 1195 1214 
1640903344.521357 ### DEBUG: Ticks: 3335, 16, 0 
1640903344.521489 1640049579 c0:98:e5:42:00:2c 719 
1640903344.521548 896 923 925 930 933 948 952 959 960 967 975 979 982 982 983 
1640903344.521608 993 997 998 1003 1014 1015 1016 1025 1027 1046 1051 1057 1059 1062 1065 
1640903345.519012 ### DEBUG: Ticks: 3350, 15, 0 
1640903345.519127 1640049580 c0:98:e5:42:00:2c 468 
1640903345.519183 713 716 724 734 734 734 739 740 740 742 742 767 774 782 784 
1640903345.519281 788 790 798 805 806 825 832 848 853 855 856 864 867 901 939 
1640903348.515707 ### DEBUG: Ticks: 3397, 47, 0 
1640903348.515824 1640049583 c0:98:e5:42:00:2c 785 
1640903348.515874 955 970 989 992 997 1028 1033 1035 1037 1038 1045 1057 1064 1067 1074 
1640903348.515923 1086 1104 1108 1113 1120 1126 1142 1148 1161 1169 1190 1196 1221 1254 1432 
1640903351.526437 ### DEBUG: Ticks: 3444, 47, 0 
1640903351.526733 1640049586 c0:98:e5:42:00:2c 893 
1640903351.526918 1122 1133 1155 1156 1158 1175 1179 1180 1185 1193 1216 1225 1228 1230 1232 
1640903351.527109 1239 1260 1268 1269 1270 1273 1277 1289 1309 1319 1330 1346 1385 1542 1583 
1640903352.522148 ### DEBUG: Ticks: 3460, 16, 0 
1640903352.522352 1640049587 c0:98:e5:42:00:2c 693 
1640903352.522476 940 965 981 985 993 1000 1016 1020 1023 1025 1026 1028 1041 1043 1044 
1640903352.522603 1046 1047 1047 1051 1055 1059 1062 1067 1088 1102 1107 1116 1129 1138 1190 
1640903353.517984 ### DEBUG: Ticks: 3475, 15, 0 
1640903353.518131 1640049588 c0:98:e5:42:00:2c 671 
1640903353.518202 858 873 915 915 943 943 945 950 952 953 962 965 969 976 981 
1640903353.518266 983 990 992 997 1004 1018 1021 1030 1041 1044 1053 1054 1058 1070 1119 
1640903354.519464 ### DEBUG: Ticks: 3491, 16, 0 
1640903354.519755 1640049589 c0:98:e5:42:00:2c 962 
1640903354.519940 1070 1070 1105 1151 1160 1186 1201 1221 1235 1237 1239 1247 1252 1258 1262 
1640903354.520130 1262 1265 1265 1276 1283 1306 1314 1326 1329 1329 1354 1356 1412 1458 1503 
1640903357.524052 ### DEBUG: Ticks: 3538, 47, 0 
1640903357.524216 1640049592 c0:98:e5:42:00:2c 1147 
1640903357.524323 1327 1361 1385 1394 1399 1418 1423 1432 1433 1434 1436 1444 1448 1458 1459 
1640903357.524405 1463 1466 1467 1480 1495 1496 1503 1503 1508 1524 1534 1537 1650 1660 1744 
1640903358.525244 ### DEBUG: Ticks: 3553, 15, 0 
1640903358.525439 1640049593 c0:98:e5:42:00:2c 833 
1640903358.525551 1056 1079 1095 1097 1112 1127 1132 1156 1172 1175 1179 1187 1190 1194 1196 
1640903358.525680 1201 1201 1207 1209 1211 1212 1214 1220 1233 1238 1242 1243 1269 1291 1347 
1640903359.517209 ### DEBUG: Ticks: 3569, 16, 0 
1640903359.517441 1640049594 c0:98:e5:42:00:2c 802 
1640903359.517580 977 980 1041 1056 1072 1076 1079 1089 1096 1101 1109 1111 1111 1116 1124 
1640903359.517765 1131 1135 1142 1144 1144 1146 1155 1186 1188 1197 1205 1210 1241 1305 1309 
1640903360.517546 ### DEBUG: Ticks: 3585, 16, 0 
1640903360.517708 1640049595 c0:98:e5:42:00:2c 799 
1640903360.517794 956 1010 1014 1022 1057 1067 1080 1086 1088 1095 1095 1106 1114 1122 1124 
1640903360.517883 1131 1132 1133 1133 1138 1146 1162 1169 1176 1214 1220 1232 1247 1309 1311 
1640903361.525711 ### DEBUG: Ticks: 3600, 15, 0 
1640903361.525942 1640049596 c0:98:e5:42:00:2c 647 
1640903361.526034 856 875 887 894 907 912 913 926 930 933 943 952 965 968 974 
1640903361.526128 981 985 993 994 1012 1013 1027 1033 1035 1041 1058 1090 1101 1107 1153 
1640903362.524406 ### DEBUG: Ticks: 3616, 16, 0 
1640903362.524657 1640049597 c0:98:e5:42:00:2c 648 
1640903362.524815 784 814 827 827 835 845 857 859 868 870 881 886 889 896 910 
1640903362.524978 915 917 922 923 925 934 947 959 973 975 979 990 995 1101 1119 
1640903363.518729 ### DEBUG: Ticks: 3632, 16, 0 
1640903363.518898 1640049598 c0:98:e5:42:00:2c 1073 
1640903363.518991 1194 1237 1242 1289 1306 1319 1322 1331 1342 1349 1353 1359 1375 1386 1389 
1640903363.519088 1394 1395 1397 1397 1399 1404 1421 1422 1439 1458 1460 1466 1474 1479 1522 
1640903364.525751 ### DEBUG: Ticks: 3647, 15, 0 
1640903364.526042 1640049599 c0:98:e5:42:00:2c -2147483647 
1640903364.526372 -2147483647 -2147483647 -2147483647 -2147483647 -2147483647 -2147483647 -2147483647 -2147483647 -2147483647 -2147483647 -2147483647 -2147483647 -2147483647 -2147483647 -2147483647 
1640903364.526956 -2147483647 -2147483647 -2147483647 -2147483647 -2147483647 -2147483647 -2147483647 -2147483647 -2147483647 -2147483647 -2147483647 -2147483647 -2147483647 -2147483647 -2147483647 
1640903365.520242 ### DEBUG: Ticks: 3663, 16, 0 
1640903365.520417 1640049600 c0:98:e5:42:00:2c -2147483647 
1640903365.520515 -2147483647 -2147483647 -2147483647 -2147483647 -2147483647 -2147483647 -2147483647 -2147483647 -2147483647 -2147483647 -2147483647 -2147483647 -2147483647 -2147483647 -2147483647 
1640903365.520845 -2147483647 -2147483647 -2147483647 -2147483647 -2147483647 -2147483647 -2147483647 -2147483647 -2147483647 -2147483647 -2147483647 -2147483647 -2147483647 -2147483647 -2147483647 
1640903365.878879 ### INFO: SD card flushed!
1640903366.526318 ### DEBUG: Ticks: 3678, 15, 0 
1640903366.526601 1640049601 c0:98:e5:42:00:2c -2147483647 
1640903366.526942 -2147483647 -2147483647 -2147483647 -2147483647 -2147483647 -2147483647 -2147483647 -2147483647 -2147483647 -2147483647 -2147483647 -2147483647 -2147483647 -2147483647 -2147483647 
1640903366.527640 -2147483647 -2147483647 -2147483647 -2147483647 -2147483647 -2147483647 -2147483647 -2147483647 -2147483647 -2147483647 -2147483647 -2147483647 -2147483647 -2147483647 -2147483647 
1640903367.525996 ### DEBUG: Ticks: 3694, 16, 0 
1640903367.526262 1640049602 c0:98:e5:42:00:2c -2147483647 
1640903367.526459 -2147483647 -2147483647 -2147483647 -2147483647 -2147483647 -2147483647 -2147483647 -2147483647 -2147483647 -2147483647 -2147483647 -2147483647 -2147483647 -2147483647 -2147483647 
1640903367.526942 -2147483647 -2147483647 -2147483647 -2147483647 -2147483647 -2147483647 -2147483647 -2147483647 -2147483647 -2147483647 -2147483647 -2147483647 -2147483647 -2147483647 -2147483647 
1640903368.527429 ### DEBUG: Ticks: 3710, 16, 0 
1640903368.527717 1640049603 c0:98:e5:42:00:2c -2147483647 
1640903368.527958 -2147483647 -2147483647 -2147483647 -2147483647 -2147483647 -2147483647 -2147483647 -2147483647 -2147483647 -2147483647 -2147483647 -2147483647 -2147483647 -2147483647 -2147483647 
1640903368.528526 -2147483647 -2147483647 -2147483647 -2147483647 -2147483647 -2147483647 -2147483647 -2147483647 -2147483647 -2147483647 -2147483647 -2147483647 -2147483647 -2147483647 -2147483647 
1640903369.313259 ### DEBUG: Ticks: 3722, 12, 0 
1640903369.313545 1640049605 c0:98:e5:42:00:2c 300 
1640903369.313729 384 384 384 384 384 384 384 384 384 384 384 384 384 384 384 
1640903369.313921 384 384 384 384 384 384 384 384 384 384 384 384 384 384 384 
1640903370.395705 ### DEBUG: Ticks: 3739, 17, 0 
1640903370.395989 1640049606 c0:98:e5:42:00:2c -2147483647 
1640903370.396298 -2147483647 -2147483647 -2147483647 -2147483647 -2147483647 -2147483647 -2147483647 -2147483647 -2147483647 -2147483647 -2147483647 -2147483647 -2147483647 -2147483647 -2147483647 
1640903370.397265 -2147483647 -2147483647 -2147483647 -2147483647 -2147483647 -2147483647 -2147483647 -2147483647 -2147483647 -2147483647 -2147483647 -2147483647 -2147483647 -2147483647 -2147483647 
1640903371.405905 ### DEBUG: Ticks: 3755, 16, 0 
1640903371.406142 1640049607 c0:98:e5:42:00:2c -2147483647 
1640903371.406230 -2147483647 -2147483647 -2147483647 -2147483647 -2147483647 -2147483647 -2147483647 -2147483647 -2147483647 -2147483647 -2147483647 -2147483647 -2147483647 -2147483647 -2147483647 
1640903371.406459 -2147483647 -2147483647 -2147483647 -2147483647 -2147483647 -2147483647 -2147483647 -2147483647 -2147483647 -2147483647 -2147483647 -2147483647 -2147483647 -2147483647 -2147483647 
1640903372.407746 ### DEBUG: Ticks: 3770, 15, 0 
1640903372.408030 1640049608 c0:98:e5:42:00:2c -2147483647 
1640903372.408334 -2147483647 -2147483647 -2147483647 -2147483647 -2147483647 -2147483647 -2147483647 -2147483647 -2147483647 -2147483647 -2147483647 -2147483647 -2147483647 -2147483647 -2147483647 
1640903372.409079 -2147483647 -2147483647 -2147483647 -2147483647 -2147483647 -2147483647 -2147483647 -2147483647 -2147483647 -2147483647 -2147483647 -2147483647 -2147483647 -2147483647 -2147483647 
1640903373.401621 ### DEBUG: Ticks: 3786, 16, 0 
1640903373.401917 1640049609 c0:98:e5:42:00:2c -2147483647 
1640903373.402213 -2147483647 -2147483647 -2147483647 -2147483647 -2147483647 -2147483647 -2147483647 -2147483647 -2147483647 -2147483647 -2147483647 -2147483647 -2147483647 -2147483647 -2147483647 
1640903373.402789 -2147483647 -2147483647 -2147483647 -2147483647 -2147483647 -2147483647 -2147483647 -2147483647 -2147483647 -2147483647 -2147483647 -2147483647 -2147483647 -2147483647 -2147483647 
1640903373.576229 ### DEBUG: Ticks: 3789, 3, 0 
1640903373.576401 1640049610 c0:98:e5:42:00:2c 300 
1640903373.576494 384 384 384 384 384 384 384 384 384 384 384 384 384 384 384 
1640903373.576583 384 384 384 384 384 384 384 384 384 384 384 384 384 384 384 
1640903374.653939 ### DEBUG: Ticks: 3805, 16, 0 
1640903374.654168 1640049611 c0:98:e5:42:00:2c 521 
1640903374.654260 783 794 804 807 808 810 815 818 824 832 834 855 855 857 857 
1640903374.654357 866 868 870 874 875 880 891 894 909 917 920 920 928 928 930 
1640903375.661733 ### DEBUG: Ticks: 3821, 16, 0 
1640903375.661925 1640049612 c0:98:e5:42:00:2c 384 
1640903375.662018 617 618 663 672 677 683 685 687 697 699 706 714 714 718 719 
1640903375.662207 728 728 729 731 741 753 768 778 778 783 787 793 794 798 807 
1640903380.666249 ### DEBUG: Ticks: 3899, 78, 0 
1640903380.666403 1640049617 c0:98:e5:42:00:2c 853 
1640903380.666483 1060 1083 1094 1094 1104 1108 1113 1114 1115 1124 1125 1132 1139 1145 1148 
1640903380.666564 1152 1153 1159 1166 1174 1191 1198 1209 1218 1225 1239 1240 1242 1261 1264 
1640903381.668419 ### DEBUG: Ticks: 3915, 16, 0 
1640903381.668699 1640049618 c0:98:e5:42:00:2c 845 
1640903381.668897 1009 1060 1080 1092 1104 1105 1116 1130 1138 1141 1153 1158 1161 1165 1168 
1640903381.669075 1169 1170 1172 1177 1180 1193 1202 1202 1203 1257 1280 1290 1307 1413 1440 
1640903382.671091 ### DEBUG: Ticks: 3930, 15, 0 
1640903382.671574 1640049619 c0:98:e5:42:00:2c 631 
1640903382.671761 886 902 909 939 948 964 968 977 979 984 986 986 989 1018 1022 
1640903382.671952 1026 1028 1039 1039 1045 1053 1065 1083 1093 1115 1118 1125 1135 1241 1297 
1640903383.656948 ### DEBUG: Ticks: 3946, 16, 0 
1640903383.669538 1640049620 c0:98:e5:42:00:2c 623 
1640903383.669828 854 856 861 882 883 890 891 908 909 910 912 918 921 922 922 
1640903383.670023 923 927 936 936 939 943 946 952 953 965 966 998 1017 1021 1091 
1640903384.667228 ### DEBUG: Ticks: 3962, 16, 0 
1640903384.667809 1640049621 c0:98:e5:42:00:2c 1072 
1640903384.668009 1134 1152 1173 1182 1215 1217 1235 1253 1259 1265 1272 1273 1285 1293 1307 
1640903384.668210 1308 1311 1327 1329 1331 1334 1344 1370 1371 1378 1382 1419 1450 1460 1511 
1640903385.667566 ### DEBUG: Ticks: 3977, 15, 0 
1640903385.667758 1640049622 c0:98:e5:42:00:2c 953 
1640903385.667861 1097 1098 1121 1145 1177 1181 1193 1205 1216 1216 1224 1232 1246 1264 1279 
1640903385.667966 1281 1282 1289 1289 1290 1301 1305 1308 1335 1342 1381 1384 1412 1439 1554 
1640903386.660132 ### DEBUG: Ticks: 3993, 16, 0 
1640903386.660410 1640049623 c0:98:e5:42:00:2c 1052 
1640903386.660603 1093 1131 1148 1152 1180 1187 1214 1216 1229 1229 1238 1245 1253 1259 1270 
1640903386.660795 1274 1281 1289 1292 1299 1300 1315 1336 1341 1379 1397 1432 1433 1434 1534 
1640903387.668327 ### DEBUG: Ticks: 4009, 16, 0 
1640903387.668630 1640049624 c0:98:e5:42:00:2c 965 
1640903387.668816 1103 1119 1132 1157 1175 1208 1216 1224 1240 1252 1262 1263 1264 1264 1273 
1640903387.669029 1293 1295 1296 1301 1303 1306 1321 1326 1332 1338 1356 1399 1420 1443 1544 
1640903388.661320 ### DEBUG: Ticks: 4024, 15, 0 
1640903388.661555 1640049625 c0:98:e5:42:00:2c 1033 
1640903388.661705 1129 1135 1138 1140 1169 1185 1196 1213 1214 1218 1222 1222 1263 1263 1272 
1640903388.661855 1280 1286 1303 1312 1319 1325 1326 1333 1333 1357 1386 1392 1410 1432 1514 
1640903389.664474 ### DEBUG: Ticks: 4040, 16, 0 
1640903389.664755 1640049626 c0:98:e5:42:00:2c 972 
1640903389.664940 1085 1120 1134 1143 1172 1177 1199 1208 1211 1212 1213 1230 1240 1247 1264 
1640903389.665163 1282 1297 1305 1309 1311 1311 1312 1313 1321 1329 1339 1384 1430 1445 1525 
1640903390.664369 ### DEBUG: Ticks: 4055, 15, 0 
1640903390.664653 1640049627 c0:98:e5:42:00:2c 917 
1640903390.664821 1050 1057 1076 1101 1126 1140 1142 1164 1169 1177 1183 1193 1213 1220 1222 
1640903390.664924 1225 1232 1240 1240 1249 1254 1267 1270 1274 1287 1315 1354 1361 1378 1471 
1640903391.663988 ### DEBUG: Ticks: 4071, 16, 0 
1640903391.664273 1640049628 c0:98:e5:42:00:2c 1131 
1640903391.664408 1318 1345 1346 1351 1365 1397 1399 1402 1408 1415 1437 1437 1446 1449 1452 
1640903391.664502 1452 1478 1482 1486 1487 1489 1507 1518 1523 1546 1549 1562 1582 1685 1766 
1640903392.661467 ### DEBUG: Ticks: 4087, 16, 0 
1640903392.661754 1640049629 c0:98:e5:42:00:2c 926 
1640903392.661939 1089 1105 1115 1125 1125 1133 1142 1143 1147 1153 1154 1159 1164 1180 1186 
1640903392.662128 1187 1189 1189 1192 1195 1215 1215 1219 1224 1228 1242 1257 1271 1286 1343 
1640903393.666851 ### DEBUG: Ticks: 4102, 15, 0 
1640903393.667020 1640049630 c0:98:e5:42:00:2c 816 
1640903393.667139 990 1016 1018 1033 1043 1052 1057 1066 1091 1092 1093 1094 1100 1103 1121 
1640903393.667301 1130 1134 1142 1143 1146 1150 1152 1157 1158 1175 1180 1182 1196 1197 1198 
1640903396.297988 ### INFO: Device is now IN MOTION
1640903396.659896 ### DEBUG: Ticks: 4149, 47, 0 
1640903396.660175 1640049633 c0:98:e5:42:00:2c 275 
1640903396.660361 400 423 461 462 487 500 503 506 516 525 526 529 532 543 546 
1640903396.673069 554 564 567 573 575 578 594 599 606 606 618 622 633 641 657 
1640903397.664032 ### DEBUG: Ticks: 4165, 16, 0 
1640903397.664315 1640049634 c0:98:e5:42:00:2c 232 
1640903397.664501 362 377 391 393 399 406 408 409 410 411 421 421 424 446 458 
1640903397.665105 471 473 474 482 512 512 515 516 520 530 539 545 548 549 568 
1640903398.665184 ### DEBUG: Ticks: 4180, 15, 0 
1640903398.665542 1640049635 c0:98:e5:42:00:2c 264 
1640903398.665754 388 434 438 472 478 488 489 495 499 503 510 511 515 519 528 
1640903398.665965 529 531 531 532 542 548 553 557 558 575 599 635 656 665 666 
1640903399.665124 ### DEBUG: Ticks: 4196, 16, 0 
1640903399.665670 1640049636 c0:98:e5:42:00:2c 218 
1640903399.666096 299 341 342 345 345 354 363 380 389 391 395 403 406 419 437 
1640903399.666510 437 439 439 447 452 455 462 466 471 479 489 494 525 538 546 
1640903400.661254 ### DEBUG: Ticks: 4212, 16, 0 
1640903400.661527 1640049637 c0:98:e5:42:00:2c 242 
1640903400.661681 340 367 385 386 413 414 414 429 441 460 463 463 478 482 484 
1640903400.672322 485 486 488 506 510 515 551 562 565 574 575 576 578 593 599 
1640903400.947097 ### INFO: Device is now STATIONARY
1640903401.667657 ### DEBUG: Ticks: 4227, 15, 0 
1640903401.667862 1640049638 c0:98:e5:42:00:2c 250 
1640903401.667940 394 403 417 419 423 446 449 451 452 459 460 462 468 473 501 
1640903401.668023 501 505 526 538 547 554 558 561 567 589 595 595 613 616 637 
1640903402.668728 ### DEBUG: Ticks: 4243, 16, 0 
1640903402.669013 1640049639 c0:98:e5:42:00:2c 251 
1640903402.669197 410 428 430 433 437 439 455 457 458 466 474 484 490 499 501 
1640903402.669345 506 509 512 521 522 547 558 559 562 580 580 596 642 670 690 
1640903403.664279 ### DEBUG: Ticks: 4259, 16, 0 
1640903403.664508 1640049640 c0:98:e5:42:00:2c 229 
1640903403.664705 345 347 357 359 374 385 386 386 393 404 408 432 452 453 453 
1640903403.664852 464 468 469 474 475 485 486 487 515 522 529 533 569 588 611 
1640903404.668907 ### DEBUG: Ticks: 4274, 15, 0 
1640903404.669181 1640049641 c0:98:e5:42:00:2c 218 
1640903404.669299 275 335 350 362 380 391 392 393 393 398 399 403 411 421 436 
1640903404.669477 438 439 442 455 462 469 475 477 481 486 488 514 530 595 595 
1640903405.668678 ### DEBUG: Ticks: 4290, 16, 0 
1640903405.668959 1640049642 c0:98:e5:42:00:2c 227 
1640903405.669160 337 393 396 399 405 409 415 416 422 425 426 427 433 443 452 
1640903405.669360 456 466 480 489 492 501 504 507 510 510 514 528 591 598 603 
1640903406.661502 ### DEBUG: Ticks: 4305, 15, 0 
1640903406.661748 1640049643 c0:98:e5:42:00:2c 235 
1640903406.661891 342 357 386 418 422 422 429 436 437 446 449 453 454 460 468 
1640903406.662106 475 480 482 485 507 509 510 514 539 552 552 594 597 618 630 
1640903407.662875 ### DEBUG: Ticks: 4321, 16, 0 
1640903407.663070 1640049644 c0:98:e5:42:00:2c 274 
1640903407.663161 388 434 455 459 479 489 492 497 506 508 510 526 530 540 549 
1640903407.663368 551 555 564 566 568 579 595 595 601 620 626 634 670 680 0 
