1640903142.386774 ###RTT Client: ************************************************************ 
1640903142.386945 ###RTT Client: *               SEGGER Microcontroller GmbH                * 
1640903142.386990 ###RTT Client: *   Solutions for real time microcontroller applications   * 
1640903142.387030 ###RTT Client: ************************************************************ 
1640903142.387075 ###RTT Client: *                                                          * 
1640903142.387114 ###RTT Client: *       (c) 2012 - 2016  SEGGER Microcontroller GmbH       * 
1640903142.387158 ###RTT Client: *                                                          * 
1640903142.387203 ###RTT Client: *     www.segger.com     Support: support@segger.com       * 
1640903142.387248 ###RTT Client: *                                                          * 
1640903142.387291 ###RTT Client: ************************************************************ 
1640903142.387397 ###RTT Client: *                                                          * 
1640903142.387485 ###RTT Client: * SEGGER J-Link RTT Client   Compiled Jan 30 2018 18:46:58 * 
1640903142.387531 ###RTT Client: *                                                          * 
1640903142.387576 ###RTT Client: ************************************************************ 
1640903142.387650 
1640903142.387694 ###RTT Client: -----------------------------------------------
1640903142.387889 ###RTT Client: Connecting to J-Link RTT Server via localhost:9201  Connected.
1640903142.387940 SEGGER J-Link V6.30 - Real time terminal output
1640903142.387984 J-Link EDU Mini V1 compiled Oct  2 2020 17:00:40 V1.0, SN=801021851
1640903142.388028 Process: JLinkExe
1640903142.388072 ### RSSI: -46, 22, 1640049632 ,3370 
1640903142.388116 ### DEBUG: Ticks: 3384, 15, 1 
1640903142.388161 1640049633 c0:98:e5:42:00:29 319 
1640903142.388205 -74 -55 -54 -53 -34 -22 -18 -12 0 2 2 11 12 14 18 
1640903142.388249 25 35 37 39 44 45 58 58 62 65 70 79 80 111 127 
1640903142.388294 ### RSSI: -47, 34, 1640049633 ,3385 
1640903142.388338 ### RSSI: -49, 4, 1640049633 ,3386 
1640903142.388383 ### DEBUG: Ticks: 3400, 16, 1 
1640903142.388426 1640049634 c0:98:e5:42:00:29 293 
1640903142.388471 -97 -52 -47 -37 -32 -31 -31 -14 -8 5 11 19 28 29 37 
1640903142.388552 38 46 62 68 69 69 71 85 93 93 96 101 128 177 0 
1640903142.388597 ### RSSI: -47, 36, 1640049634 ,3400 
1640903142.388643 ### RSSI: -46, 23, 1640049634 ,3402 
1640903142.388687 ### DEBUG: Ticks: 3415, 15, 1 
1640903142.388732 1640049635 c0:98:e5:42:00:29 282 
1640903142.388832 -133 -100 -98 -91 -90 -80 -77 -63 -46 -45 -42 -39 -37 -27 -27 
1640903142.388877 -23 -21 -18 -9 2 10 17 18 25 26 27 31 38 40 109 
1640903142.388921 ### RSSI: -49, 11, 1640049635 ,3416 
1640903142.388965 ### RSSI: -45, 23, 1640049635 ,3417 
1640903142.389009 ### ERROR: Failed reading SquarePoint packet length
1640903142.389053 ### RSSI: -47, 20, 1640049636 ,3431 
1640903142.389097 ### RSSI: -47, 33, 1640049636 ,3433 
1640903142.389141 ### RSSI: -47, 26, 1640049637 ,3447 
1640903142.389185 ### RSSI: -46, 36, 1640049637 ,3448 
1640903142.389229 ### DEBUG: Ticks: 3462, 47, 1 
1640903142.389273 1640049638 c0:98:e5:42:00:29 281 
1640903142.389317 -196 -148 -142 -133 -131 -128 -127 -105 -102 -98 -90 -85 -80 -69 -68 
1640903142.389361 -66 -60 -55 -44 -41 -31 -16 -15 -14 -12 0 3 32 58 0 
1640903142.389405 ### RSSI: -50, 9, 1640049638 ,3463 
1640903142.389450 ### RSSI: -50, 7, 1640049638 ,3464 
1640903142.389495 ### DEBUG: Ticks: 3478, 16, 1 
1640903142.389539 1640049639 c0:98:e5:42:00:29 262 
1640903142.389612 -139 -139 -102 -98 -95 -81 -80 -78 -75 -48 -47 -43 -39 -30 -20 
1640903142.389701 -17 -9 -3 4 8 10 12 18 24 28 39 63 97 97 109 
1640903142.389746 ### RSSI: -49, 8, 1640049639 ,3478 
1640903142.389790 ### RSSI: -45, 22, 1640049640 ,3480 
1640903142.389834 ### DEBUG: Ticks: 3494, 16, 1 
1640903142.389873 1640049640 c0:98:e5:42:00:29 272 
1640903142.389912 -132 -130 -122 -98 -74 -70 -69 -62 -60 -51 -50 -38 -38 -37 -36 
1640903142.389951 -35 -34 -30 -26 -17 -13 -4 5 9 20 23 35 48 48 53 
1640903142.389990 ### RSSI: -48, 31, 1640049640 ,3494 
1640903142.390030 ### RSSI: -45, 18, 1640049641 ,3495 
1640903142.390068 ### INFO: SD card flushed!
1640903142.390107 ### DEBUG: Ticks: 3509, 15, 1 
1640903142.390146 1640049641 c0:98:e5:42:00:29 325 
1640903142.390185 -72 -37 -23 -14 -5 6 6 21 27 46 48 48 55 57 64 
1640903142.390224 65 70 78 85 85 91 93 95 111 112 127 131 146 146 198 
1640903142.390263 ### RSSI: -49, 29, 1640049642 ,3510 
1640903142.390302 ### RSSI: -49, 0, 1640049642 ,3511 
1640903142.390340 ### DEBUG: Ticks: 3525, 16, 1 
1640903142.390379 1640049642 c0:98:e5:42:00:29 304 
1640903142.390418 -69 -58 -56 -55 -34 -34 -31 -29 -27 -19 -16 -10 -9 -8 0 
1640903142.390457 12 12 14 16 29 30 33 39 40 51 61 64 97 102 111 
1640903142.390496 ### RSSI: -46, 25, 1640049642 ,3525 
1640903142.390535 ### RSSI: -49, 29, 1640049642 ,3527 
1640903142.390574 ### DEBUG: Ticks: 3540, 15, 1 
1640903142.390612 1640049643 c0:98:e5:42:00:29 310 
1640903142.390774 -125 -122 -110 -99 -96 -78 -68 -67 -66 -65 -51 -51 -42 -34 -31 
1640903142.390820 -27 -25 -16 -9 -8 -4 7 9 10 10 13 19 62 78 110 
1640903142.390865 ### RSSI: -46, 18, 1640049643 ,3541 
1640903142.390909 ### RSSI: -47, 32, 1640049643 ,3542 
1640903142.390954 ### DEBUG: Ticks: 3556, 16, 1 
1640903142.390998 1640049644 c0:98:e5:42:00:29 295 
1640903142.391043 -134 -118 -100 -86 -77 -76 -70 -69 -63 -61 -60 -49 -40 -29 -18 
1640903142.391087 -17 -8 -5 15 15 16 18 20 26 26 37 49 52 56 149 
1640903142.391131 ### RSSI: -49, 3, 1640049644 ,3556 
1640903142.391176 ### RSSI: -47, 32, 1640049644 ,3558 
1640903142.391220 ### DEBUG: Ticks: 3572, 16, 1 
1640903142.391264 1640049645 c0:98:e5:42:00:29 300 
1640903142.391309 -106 -96 -73 -55 -44 -39 -38 -38 -36 -34 -34 -30 -21 -6 -2 
1640903142.391353 0 3 7 13 17 25 39 41 43 64 77 95 104 121 153 
1640903142.391397 ### RSSI: -49, 5, 1640049645 ,3572 
1640903142.391441 ### RSSI: -48, 14, 1640049645 ,3573 
1640903142.391485 ### DEBUG: Ticks: 3587, 15, 1 
1640903142.391530 1640049646 c0:98:e5:42:00:29 259 
1640903142.391574 -165 -158 -127 -126 -119 -115 -111 -84 -75 -73 -72 -69 -56 -55 -47 
1640903142.391647 -44 -40 -27 -25 -20 -16 -11 -8 1 4 5 7 27 31 78 
1640903142.391776 ### RSSI: -45, 22, 1640049646 ,3588 
1640903142.391826 ### RSSI: -46, 26, 1640049646 ,3589 
1640903142.391871 ### DEBUG: Ticks: 3603, 16, 1 
1640903142.391915 1640049647 c0:98:e5:42:00:29 254 
1640903142.391960 -156 -147 -140 -139 -136 -136 -121 -113 -112 -82 -80 -74 -73 -72 -54 
1640903142.392003 -45 -40 -38 -21 -17 -13 -9 -6 -6 0 1 6 10 25 98 
1640903142.392048 ### RSSI: -47, 20, 1640049647 ,3603 
1640903142.392091 ### RSSI: -49, 9, 1640049647 ,3605 
1640903142.392131 ### DEBUG: Ticks: 3618, 15, 1 
1640903142.392170 1640049648 c0:98:e5:42:00:29 284 
1640903142.392209 -100 -96 -80 -61 -54 -50 -40 -40 -39 -22 -18 -14 -13 2 4 
1640903142.392248 9 17 19 19 39 44 45 45 52 53 59 61 82 96 199 
1640903142.392286 ### RSSI: -48, 34, 1640049648 ,3619 
1640903142.392325 ### RSSI: -49, 5, 1640049648 ,3620 
1640903142.392364 ### ERROR: Failed reading SquarePoint packet length
1640903142.392402 ### RSSI: -50, 6, 1640049649 ,3634 
1640903142.392441 ### RSSI: -51, 10, 1640049649 ,3636 
1640903142.392480 ### RSSI: -46, 25, 1640049650 ,3650 
1640903142.392519 ### RSSI: -46, 22, 1640049650 ,3652 
1640903142.392558 ### DEBUG: Ticks: 3665, 47, 1 
1640903142.392596 1640049651 c0:98:e5:42:00:29 271 
1640903142.392635 -140 -127 -125 -124 -106 -94 -81 -79 -78 -69 -52 -49 -39 -32 -22 
1640903142.392756 -22 -20 -14 -13 -13 -12 0 3 9 10 13 17 27 64 107 
1640903142.392797 ### RSSI: -49, 30, 1640049651 ,3666 
1640903142.392875 ### RSSI: -45, 22, 1640049651 ,3667 
1640903142.392914 ### DEBUG: Ticks: 3681, 16, 1 
1640903142.392953 1640049652 c0:98:e5:42:00:29 276 
1640903142.392991 -232 -216 -208 -191 -183 -180 -168 -162 -154 -153 -144 -141 -134 -122 -112 
1640903142.393030 -110 -110 -102 -100 -97 -96 -78 -73 -71 -67 -59 -58 -48 -40 -29 
1640903142.393069 ### RSSI: -48, 31, 1640049652 ,3681 
1640903142.393108 ### RSSI: -47, 20, 1640049652 ,3683 
1640903142.393146 ### DEBUG: Ticks: 3697, 16, 1 
1640903142.393185 1640049653 c0:98:e5:42:00:29 308 
1640903142.393223 -117 -107 -86 -75 -74 -66 -62 -61 -55 -54 -53 -46 -44 -42 -31 
1640903142.393262 -8 -5 -5 0 3 4 18 22 29 33 33 45 69 90 0 
1640903142.393301 ### RSSI: -49, 29, 1640049653 ,3697 
1640903142.393339 ### RSSI: -49, 29, 1640049653 ,3698 
1640903142.393378 ### DEBUG: Ticks: 3712, 15, 1 
1640903142.393416 1640049654 c0:98:e5:42:00:29 265 
1640903142.393454 -115 -103 -88 -77 -67 -39 -36 -31 -25 -24 6 8 12 15 17 
1640903142.393493 18 28 30 39 43 43 44 50 52 53 69 71 76 86 88 
1640903142.393532 ### RSSI: -51, 10, 1640049654 ,3713 
1640903142.393570 ### RSSI: -46, 22, 1640049654 ,3714 
1640903142.393610 ### DEBUG: Ticks: 3728, 16, 1 
1640903142.393649 1640049655 c0:98:e5:42:00:29 275 
1640903142.394220 -169 -149 -99 -92 -91 -91 -90 -86 -80 -70 -70 -69 -47 -43 -33 
1640903142.394268 -29 -28 -26 -25 -24 -20 -19 -8 -6 1 9 22 23 28 103 
1640903142.394307 ### RSSI: -50, 6, 1640049655 ,3728 
1640903142.394352 ### RSSI: -48, 31, 1640049655 ,3730 
1640903142.394397 ### DEBUG: Ticks: 3743, 15, 1 
1640903142.394442 1640049656 c0:98:e5:42:00:29 281 
1640903142.394487 -103 -93 -76 -68 -50 -42 -37 -28 -25 -24 -21 -17 -13 -9 -4 
1640903142.394532 2 3 4 9 15 22 26 32 36 50 51 52 65 79 83 
1640903142.394576 ### RSSI: -49, 11, 1640049656 ,3744 
1640903142.394620 ### RSSI: -48, 27, 1640049656 ,3745 
1640903142.394664 ### DEBUG: Ticks: 3759, 16, 1 
1640903142.394709 1640049657 c0:98:e5:42:00:29 257 
1640903142.394753 -167 -165 -148 -143 -102 -102 -86 -79 -79 -79 -75 -73 -69 -68 -64 
1640903142.394797 -63 -50 -41 -34 -30 -30 -28 -25 -21 -16 1 7 8 33 95 
1640903142.394842 ### RSSI: -47, 32, 1640049657 ,3759 
1640903142.394886 ### RSSI: -45, 23, 1640049657 ,3761 
1640903142.394930 ### DEBUG: Ticks: 3775, 16, 1 
1640903142.394974 1640049658 c0:98:e5:42:00:29 262 
1640903142.395018 -174 -85 -78 -65 -63 -54 -48 -25 -16 -16 -14 -7 -3 0 6 
1640903142.395062 8 16 16 18 26 33 34 40 48 57 74 103 130 204 0 
1640903142.395106 ### RSSI: -49, 4, 1640049658 ,3775 
1640903142.395151 ### RSSI: -49, 28, 1640049658 ,3776 
1640903142.395258 ### DEBUG: Ticks: 3790, 15, 1 
1640903142.395305 1640049659 c0:98:e5:42:00:29 248 
1640903142.395350 -125 -82 -81 -77 -68 -65 -60 -54 -42 -38 -33 -28 -14 -9 0 
1640903142.395394 4 8 21 27 29 31 34 35 40 45 45 66 76 92 101 
1640903142.395438 ### RSSI: -50, 0, 1640049659 ,3791 
1640903142.395482 ### RSSI: -49, 5, 1640049659 ,3792 
1640903142.395526 ### DEBUG: Ticks: 3806, 16, 1 
1640903142.395571 1640049660 c0:98:e5:42:00:29 232 
1640903142.395647 -123 -121 -115 -106 -105 -101 -95 -90 -87 -84 -75 -63 -53 -49 -38 
1640903142.395691 -36 -30 -30 -27 1 7 11 19 21 21 25 31 39 74 153 
1640903142.395841 ### RSSI: -48, 3, 1640049660 ,3806 
1640903142.395895 ### RSSI: -48, 31, 1640049660 ,3808 
1640903142.395940 ### DEBUG: Ticks: 3822, 16, 1 
1640903142.395984 1640049661 c0:98:e5:42:00:29 293 
1640903142.396028 -142 -110 -93 -91 -90 -88 -87 -86 -79 -76 -69 -67 -56 -54 -49 
1640903142.396073 -46 -42 -38 -34 -31 -30 -30 -21 -18 0 4 4 40 54 71 
1640903142.396117 ### RSSI: -47, 35, 1640049661 ,3822 
1640903142.396161 ### RSSI: -49, 28, 1640049661 ,3823 
1640903142.396206 ### ERROR: Failed reading SquarePoint packet length
1640903142.396250 ### RSSI: -46, 21, 1640049662 ,3838 
1640903142.396326 ### RSSI: -48, 3, 1640049662 ,3839 
1640903142.396385 ### RSSI: -47, 21, 1640049663 ,3853 
1640903142.396430 ### RSSI: -49, 4, 1640049664 ,3855 
1640903142.396474 ### DEBUG: Ticks: 3868, 46, 1 
1640903142.396518 1640049664 c0:98:e5:42:00:29 251 
1640903142.396563 -200 -185 -184 -169 -169 -167 -165 -154 -140 -134 -129 -128 -126 -115 -112 
1640903142.396607 -104 -104 -97 -87 -79 -72 -56 -46 -43 -43 -41 -37 -37 -32 12 
1640903142.396651 ### RSSI: -46, 19, 1640049664 ,3869 
1640903142.396696 ### RSSI: -46, 16, 1640049665 ,3870 
1640903142.396740 ### DEBUG: Ticks: 3884, 16, 1 
1640903142.396784 1640049665 c0:98:e5:42:00:29 326 
1640903142.396829 -63 -57 -45 -40 -39 -27 -27 -11 7 10 13 19 23 29 39 
1640903142.396874 51 55 55 55 61 65 67 78 81 86 96 140 150 0 0 
1640903142.396913 ### RSSI: -49, 2, 1640049665 ,3884 
1640903142.396952 ### RSSI: -47, 34, 1640049666 ,3886 
1640903142.396991 ### DEBUG: Ticks: 3900, 16, 1 
1640903142.397030 1640049666 c0:98:e5:42:00:29 300 
1640903142.397069 -159 -112 -111 -106 -106 -101 -82 -74 -69 -63 -62 -60 -60 -52 -52 
1640903142.397108 -48 -42 -31 -23 -23 -19 -15 -3 0 1 8 33 55 72 109 
1640903142.397147 ### RSSI: -47, 20, 1640049666 ,3900 
1640903142.397186 ### RSSI: -47, 13, 1640049666 ,3901 
1640903142.397225 ### DEBUG: Ticks: 3915, 15, 1 
1640903142.397264 1640049667 c0:98:e5:42:00:29 292 
1640903142.397304 -165 -147 -130 -129 -123 -91 -90 -78 -75 -73 -72 -70 -68 -65 -65 
1640903142.397385 -45 -44 -43 -41 -32 -29 -21 -15 -15 -4 -3 19 30 58 88 
1640903142.397427 ### RSSI: -46, 17, 1640049667 ,3916 
1640903142.397466 ### RSSI: -47, 26, 1640049667 ,3917 
1640903142.397506 ### DEBUG: Ticks: 3931, 16, 1 
1640903142.397545 1640049668 c0:98:e5:42:00:29 275 
1640903142.397583 -214 -211 -188 -187 -166 -151 -150 -137 -132 -115 -111 -107 -106 -92 -91 
1640903142.397622 -89 -87 -83 -74 -69 -66 -66 -65 -52 -34 -24 -12 -9 16 63 
1640903142.397661 ### RSSI: -49, 4, 1640049668 ,3931 
1640903142.397700 ### RSSI: -47, 34, 1640049668 ,3933 
1640903142.397740 ### DEBUG: Ticks: 3947, 16, 1 
1640903142.397778 1640049669 c0:98:e5:42:00:29 265 
1640903142.397817 -213 -206 -200 -184 -180 -175 -169 -156 -154 -149 -147 -144 -142 -136 -126 
1640903142.397856 -117 -109 -98 -96 -96 -93 -91 -79 -78 -77 -72 -71 -52 -39 -31 
1640903142.397895 ### RSSI: -48, 3, 1640049669 ,3947 
1640903142.397934 ### RSSI: -49, 28, 1640049669 ,3948 
1640903142.397973 ### DEBUG: Ticks: 3962, 15, 1 
1640903142.398012 1640049670 c0:98:e5:42:00:29 250 
1640903142.398051 -127 -126 -120 -112 -111 -109 -97 -94 -91 -90 -81 -74 -68 -67 -66 
1640903142.398090 -63 -56 -56 -54 -51 -49 -42 -41 -24 -8 -1 7 9 9 59 
1640903142.398128 ### RSSI: -47, 13, 1640049670 ,3962 
1640903142.398167 ### RSSI: -46, 21, 1640049670 ,3964 
1640903142.398206 ### DEBUG: Ticks: 3978, 16, 1 
1640903142.398245 1640049671 c0:98:e5:42:00:29 271 
1640903142.398284 -100 -99 -93 -78 -67 -65 -52 -51 -51 -45 -34 -33 -32 -22 -18 
1640903142.398397 -17 -13 -9 -7 -6 -3 -3 11 14 14 36 38 40 76 76 
1640903142.398474 ### RSSI: -47, 15, 1640049671 ,3978 
1640903142.398513 ### RSSI: -45, 23, 1640049671 ,3980 
1640903142.398552 ### DEBUG: Ticks: 3993, 15, 1 
1640903142.398591 1640049672 c0:98:e5:42:00:29 285 
1640903142.398669 -56 -53 -49 -46 -44 -43 -40 -29 -24 -19 -10 -10 3 4 4 
1640903142.398708 4 14 26 30 31 36 47 48 56 58 62 62 98 121 137 
1640903142.398747 ### RSSI: -48, 27, 1640049672 ,3994 
1640903142.398786 ### RSSI: -46, 17, 1640049672 ,3995 
1640903142.398825 ### DEBUG: Ticks: 4009, 16, 1 
1640903142.398864 1640049673 c0:98:e5:42:00:29 263 
1640903142.398902 -109 -89 -79 -68 -52 -44 -38 -36 -34 -33 -29 -26 -23 -22 -11 
1640903142.398941 -10 -2 11 12 16 20 29 31 42 46 50 58 62 65 119 
1640903142.398980 ### RSSI: -47, 21, 1640049673 ,4009 
1640903142.399019 ### RSSI: -48, 2, 1640049673 ,4011 
1640903142.399058 ### DEBUG: Ticks: 4025, 16, 1 
1640903142.399097 1640049674 c0:98:e5:42:00:29 291 
1640903142.399136 -144 -103 -98 -79 -64 -44 -43 -37 -32 -31 -29 -27 -27 -26 -23 
1640903142.399175 -17 -6 -5 -1 0 2 7 11 32 40 43 76 80 86 0 
1640903142.399214 ### RSSI: -49, 5, 1640049674 ,4025 
1640903142.399252 ### RSSI: -48, 12, 1640049674 ,4026 
1640903142.399291 
1640903142.399330 ----------------------------------------------
1640903142.399369 ### WARNING: Chip experienced a reset with reason 2
1640903142.399408 ### INFO: Bluetooth address: c0:98:e5:42:00:2c
1640903142.399446 ### DEBUG: Time is 00:00:00, 2000/00/00
1640903142.399486 ### INFO: Time is 00:00:00, 2000/00/00
1640903142.399572 ### INFO: Initializing SD Card...
1640903142.399647 ### INFO: Connecting to the SquarePoint module...
1640903142.399687 ### INFO: SquarePoint module connection successful
1640903142.399732 ### INFO: Device is now STATIONARY
1640903142.399778 ### INFO: Battery voltage currently 4070 mV
1640903142.399822 ### INFO: SD card flushed!
1640903142.399867 ### INFO: SD card flushed!
1640903142.399911 ### DEBUG: BLE START SCANNING called
1640903142.399956 ### DEBUG: Ticks: 61, 61, 0 
1640903142.399995 1640049679 c0:98:e5:42:00:29 301 
1640903142.400039 -84 -61 -31 -22 -18 -17 16 20 29 31 34 36 37 39 40 
1640903142.400078 43 44 54 55 59 59 77 90 93 94 97 110 128 155 192 
1640903142.400123 ### INFO: Switched Scheduler EUI from 00:00:00:00:00:00 to c0:98:e5:42:00:2c
1640903142.400168 ### DEBUG: BLE STOP SCANNING called
1640903142.400212 ### DEBUG: BLE START SCANNING called
1640903142.400257 ### DEBUG: Ticks: 76, 15, 0 
1640903142.400301 1640049680 c0:98:e5:42:00:29 249 
1640903142.400344 -96 -92 -87 -72 -64 -64 -50 -43 -42 -36 -21 -6 -3 0 12 
1640903142.400389 14 14 25 27 28 30 31 35 39 39 49 51 102 103 106 
1640903142.400434 ### DEBUG: Ticks: 91, 15, 0 
1640903142.400479 1640049681 c0:98:e5:42:00:29 304 
1640903142.400524 -139 -127 -90 -86 -85 -83 -69 -67 -62 -62 -60 -53 -48 -43 -30 
1640903142.400567 -18 -10 -8 -2 -1 5 7 26 30 42 45 73 75 76 84 
1640903142.400643 ### addr: c0:98:e5:42:00:29 
1640903142.400688 ### on_adv_report outer RSSI: -50, time:1640049681 
1640903142.400733 ### INFO: Discovered new device: c0:98:e5:42:00:29
1640903142.400777 ### DEBUG: connected? already connected
1640903142.400821 ### DEBUG: BLE START SCANNING called
1640903142.400865 ### BLE EVENT: 16, INFO: BLE CONNECTED!
1640903142.400909 ### DEBUG: BLE START SCANNING called
1640903142.400953 ### RSSI: -47, 32, 1640049681 ,92 
1640903142.400998 ### DEBUG: BLE START SCANNING called
1640903142.401041 ### RSSI: -47, 20, 1640049681 ,94 
1640903142.401085 ### DEBUG: BLE START SCANNING called
1640903142.401129 ### RSSI: -48, 4, 1640049681 ,96 
1640903142.401173 ### DEBUG: BLE START SCANNING called
1640903142.401218 ### RSSI: -47, 33, 1640049681 ,97 
1640903142.401264 ### DEBUG: BLE START SCANNING called
1640903142.401308 ### RSSI: -50, 7, 1640049681 ,99 
1640903142.401352 ### DEBUG: BLE START SCANNING called
1640903142.401396 ### RSSI: -47, 32, 1640049681 ,100 
1640903142.401435 ### DEBUG: BLE START SCANNING called
1640903142.401479 ### RSSI: -49, 29, 1640049681 ,102 
1640903142.401524 ### DEBUG: BLE START SCANNING called
1640903142.401568 ### RSSI: -48, 34, 1640049681 ,103 
1640903142.401612 ### DEBUG: BLE START SCANNING called
1640903142.401657 ### RSSI: -48, 32, 1640049682 ,105 
1640903142.401718 ### DEBUG: BLE START SCANNING called
1640903142.401763 ### DEBUG: BLE START SCANNING called
1640903142.401807 ### RSSI: -49, 12, 1640049682 ,107 
1640903142.401852 ### DEBUG: BLE START SCANNING called
1640903142.401896 ### DEBUG: Ticks: 107, 16, 1 
1640903142.401962 1640049682 c0:98:e5:42:00:29 239 
1640903142.402006 -110 -105 -92 -91 -76 -68 -60 -52 -44 -27 -24 -16 -14 -5 -4 
1640903142.402051 10 17 18 33 35 44 52 58 59 71 72 82 86 90 119 
1640903142.402095 ### DEBUG: BLE START SCANNING called
1640903142.402133 ### RSSI: -49, 4, 1640049682 ,108 
1640903142.402172 ### DEBUG: BLE START SCANNING called
1640903142.402210 ### RSSI: -50, 29, 1640049682 ,110 
1640903142.402250 ### DEBUG: BLE START SCANNING called
1640903142.402289 ### RSSI: -49, 5, 1640049682 ,111 
1640903142.402327 ### DEBUG: BLE START SCANNING called
1640903142.402366 ### RSSI: -49, 4, 1640049682 ,113 
1640903142.402405 ### DEBUG: BLE START SCANNING called
1640903142.402444 ### RSSI: -46, 12, 1640049682 ,114 
1640903142.402489 ### DEBUG: BLE START SCANNING called
1640903142.402534 ### RSSI: -49, 4, 1640049682 ,116 
1640903142.402578 ### DEBUG: BLE START SCANNING called
1640903142.402623 ### RSSI: -50, 9, 1640049682 ,117 
1640903142.402668 ### DEBUG: BLE START SCANNING called
1640903142.402712 ### DEBUG: BLE START SCANNING called
1640903142.402756 ### DEBUG: Ticks: 123, 16, 1 
1640903142.402800 1640049683 c0:98:e5:42:00:29 292 
1640903142.402844 -120 -108 -99 -98 -92 -88 -85 -73 -71 -70 -70 -69 -65 -55 -53 
1640903142.402888 -44 -34 -18 -18 -18 -3 2 8 12 27 28 35 36 62 148 
1640903142.402932 ### DEBUG: BLE START SCANNING called
1640903142.402975 ### RSSI: -45, 23, 1640049683 ,133 
1640903142.403078 ### DEBUG: BLE START SCANNING called
1640903142.403120 ### DEBUG: BLE START SCANNING called
1640903142.403159 ### DEBUG: Ticks: 138, 15, 1 
1640903142.403198 1640049684 c0:98:e5:42:00:29 226 
1640903142.403237 -170 -135 -122 -121 -121 -111 -109 -93 -93 -89 -86 -77 -60 -56 -47 
1640903142.403277 -38 -32 -31 -31 -21 -17 -4 -4 -2 17 19 21 26 38 56 
1640903142.403316 ### DEBUG: BLE START SCANNING called
1640903142.403355 ### RSSI: -51, 10, 1640049684 ,149 
1640903142.403393 ### DEBUG: BLE START SCANNING called
1640903142.403433 ### DEBUG: Ticks: 154, 16, 1 
1640903142.403471 1640049685 c0:98:e5:42:00:29 277 
1640903142.403510 -185 -182 -171 -170 -167 -165 -154 -149 -149 -146 -145 -144 -118 -111 -100 
1640903142.403549 -98 -82 -79 -78 -75 -70 -63 -57 -47 -46 -38 -30 -12 -8 5 
1640903142.403628 ### RSSI: -49, 0, 1640049685 ,164 
1640903142.403674 ### DEBUG: Ticks: 169, 15, 1 
1640903142.403719 1640049686 c0:98:e5:42:00:29 218 
1640903142.403765 -125 -119 -105 -102 -90 -78 -56 -51 -43 -43 -32 -28 -27 -20 -18 
1640903142.403810 -17 -15 -14 -9 -3 -2 3 3 5 7 8 23 31 33 68 
1640903142.403854 ### RSSI: -49, 29, 1640049687 ,180 
1640903142.403899 ### DEBUG: Ticks: 185, 16, 1 
1640903142.403943 1640049687 c0:98:e5:42:00:29 328 
1640903142.403988 -108 -55 -48 -46 -40 -36 -14 -11 -10 -9 -5 -4 -4 1 14 
1640903142.404032 18 21 21 22 30 30 32 34 37 40 52 55 72 126 162 
1640903142.404075 ### RSSI: -47, 32, 1640049688 ,196 
1640903142.404154 ### DEBUG: Ticks: 201, 16, 1 
1640903142.404199 1640049688 c0:98:e5:42:00:29 275 
1640903142.404243 -185 -131 -131 -122 -116 -115 -106 -105 -100 -93 -83 -79 -79 -74 -73 
1640903142.404288 -64 -63 -57 -57 -39 -33 -32 -27 -19 -14 3 7 12 35 44 
1640903142.404332 ### RSSI: -47, 15, 1640049689 ,211 
1640903142.404370 ### DEBUG: Ticks: 216, 15, 1 
1640903142.404410 1640049689 c0:98:e5:42:00:29 264 
1640903142.404448 -179 -168 -163 -162 -139 -138 -132 -129 -125 -123 -120 -119 -113 -105 -84 
1640903142.404487 -78 -74 -70 -59 -53 -49 -48 -38 -27 -22 -20 -16 -13 29 60 
1640903142.404526 ### RSSI: -49, 7, 1640049690 ,227 
1640903142.404565 ### DEBUG: Ticks: 232, 16, 1 
1640903142.404604 1640049690 c0:98:e5:42:00:29 253 
1640903142.404650 -111 -91 -87 -69 -61 -56 -56 -43 -41 -34 -30 -29 -20 -5 -4 
1640903142.404695 -4 0 12 16 17 18 19 21 39 41 41 50 54 56 91 
1640903142.404741 ### RSSI: -49, 29, 1640049691 ,242 
1640903142.404787 ### DEBUG: Ticks: 247, 15, 1 
1640903142.404833 1640049691 c0:98:e5:42:00:29 276 
1640903142.404940 -74 -59 -54 -51 -32 -23 4 5 6 28 32 36 38 52 57 
1640903142.405011 60 66 67 72 72 80 81 82 82 87 89 93 93 161 164 
1640903142.405057 ### RSSI: -47, 32, 1640049692 ,258 
1640903142.406267 ### DEBUG: Ticks: 263, 16, 1 
1640903142.406349 1640049692 c0:98:e5:42:00:29 286 
1640903142.406389 -158 -144 -143 -133 -132 -125 -125 -119 -118 -113 -101 -100 -98 -98 -96 
1640903142.406428 -49 -46 -45 -41 -38 -31 -28 4 6 12 18 25 27 31 43 
1640903142.406478 ### DEBUG: Ticks: 279, 16, 1 
1640903142.406548 1640049693 c0:98:e5:42:00:29 257 
1640903142.406692 -118 -110 -79 -73 -67 -66 -64 -55 -40 -34 -34 -30 -28 -18 -11 
1640903142.406780 -10 -9 -5 1 18 18 27 31 33 35 54 61 63 97 162 
1640903142.406820 ### DEBUG: Ticks: 294, 15, 1 
1640903142.406858 1640049694 c0:98:e5:42:00:29 249 
1640903142.406896 -135 -120 -109 -86 -83 -82 -79 -71 -57 -55 -51 -49 -46 -42 -34 
1640903142.406935 -28 -21 -21 -10 -10 -6 -3 17 18 28 29 48 70 71 71 
1640903142.406974 ### DEBUG: Ticks: 310, 16, 1 
1640903142.407013 1640049695 c0:98:e5:42:00:29 300 
1640903142.407052 -90 -64 -50 -40 -35 -35 -31 -24 -12 -12 -5 11 17 27 41 
1640903142.407090 41 41 45 55 62 62 63 72 79 84 88 88 95 135 149 
1640903142.407129 ### BLE EVENT: 16, INFO: BLE CONNECTED!
1640903142.407167 ### RSSI: -50, 5, 1640049695 ,313 
1640903142.407205 ### RSSI: -46, 19, 1640049696 ,315 
1640903142.407243 ### RSSI: -50, 10, 1640049696 ,316 
1640903142.407282 ### RSSI: -49, 4, 1640049696 ,318 
1640903142.407320 ### RSSI: -47, 32, 1640049696 ,320 
1640903142.407359 ### RSSI: -48, 13, 1640049696 ,321 
1640903142.407397 ### BLE EVENT: 17, INFO: BLE DISCONNECTED!
1640903142.407435 ### RSSI: -55, 14, 1640049696 ,323 
1640903142.407473 ### RSSI: -47, 20, 1640049696 ,324 
1640903142.407512 ### DEBUG: Ticks: 326, 16, 0 
1640903142.407550 1640049696 c0:98:e5:42:00:29 254 
1640903142.407637 -170 -170 -167 -161 -157 -153 -148 -144 -143 -137 -120 -113 -92 -89 -72 
1640903142.407879 -68 -64 -58 -41 -36 -34 -32 -32 -32 -22 -22 -19 -13 0 22 
1640903142.407921 ### RSSI: -47, 34, 1640049696 ,326 
1640903142.407959 ### RSSI: -46, 25, 1640049696 ,327 
1640903142.407998 ### RSSI: -47, 21, 1640049696 ,329 
1640903142.408036 ### RSSI: -50, 6, 1640049697 ,331 
1640903142.408075 ### RSSI: -46, 19, 1640049697 ,332 
1640903142.408113 ### RSSI: -48, 31, 1640049697 ,334 
1640903142.408152 ### RSSI: -49, 4, 1640049697 ,335 
1640903142.408190 ### RSSI: -50, 9, 1640049697 ,337 
1640903142.408228 ### RSSI: -49, 32, 1640049697 ,338 
1640903142.408266 ### DEBUG: Ticks: 341, 15, 0 
1640903142.408305 1640049697 c0:98:e5:42:00:29 298 
1640903142.408343 -134 -115 -107 -105 -96 -95 -83 -80 -75 -73 -67 -59 -57 -48 -41 
1640903142.408381 -41 -28 -22 -15 -13 -11 -10 -9 -3 0 11 23 24 30 98 
1640903142.408420 ### RSSI: -49, 12, 1640049698 ,354 
1640903142.408459 ### DEBUG: Ticks: 357, 16, 0 
1640903142.408497 1640049698 c0:98:e5:42:00:29 290 
1640903142.408536 -193 -185 -181 -170 -170 -169 -159 -157 -151 -148 -147 -147 -138 -125 -123 
1640903142.408575 -123 -119 -111 -108 -102 -95 -82 -79 -77 -75 -71 -56 -43 -33 -29 
1640903142.408613 ### RSSI: -46, 22, 1640049699 ,370 
1640903142.408652 ### DEBUG: Ticks: 372, 15, 0 
1640903142.408732 1640049699 c0:98:e5:42:00:29 260 
1640903142.408772 -113 -78 -71 -57 -48 -46 -43 -41 -29 -28 -24 -19 -17 -16 -16 
1640903142.408811 3 7 13 17 21 24 26 28 35 37 40 47 81 83 115 
1640903142.408849 ### RSSI: -49, 34, 1640049700 ,385 
1640903142.408927 ### DEBUG: Ticks: 388, 16, 0 
1640903142.408969 1640049700 c0:98:e5:42:00:29 304 
1640903142.409008 -137 -132 -129 -108 -93 -71 -71 -68 -67 -67 -66 -58 -49 -41 -24 
1640903142.409047 -23 -22 -13 -9 -8 -7 -7 7 12 16 19 30 44 65 74 
1640903142.409087 ### RSSI: -48, 32, 1640049701 ,401 
1640903142.409125 ### DEBUG: Ticks: 404, 16, 0 
1640903142.409164 1640049701 c0:98:e5:42:00:29 276 
1640903142.409203 -151 -144 -107 -105 -103 -92 -92 -89 -87 -79 -77 -70 -65 -55 -55 
1640903142.409242 -50 -50 -47 -39 -34 -23 -18 -10 -10 -5 23 38 51 54 59 
1640903142.409281 ### RSSI: -48, 35, 1640049702 ,416 
1640903142.419729 ### DEBUG: Ticks: 419, 15, 0 
1640903142.419799 1640049702 c0:98:e5:42:00:29 278 
1640903142.419845 -97 -94 -63 -45 -39 -39 -26 -26 -24 -20 -5 -5 3 5 7 
1640903142.419891 15 16 25 27 27 31 33 37 44 48 49 60 60 115 117 
1640903142.419936 ### RSSI: -47, 23, 1640049703 ,432 
1640903142.419980 ### DEBUG: Ticks: 435, 16, 0 
1640903142.420024 1640049703 c0:98:e5:42:00:29 282 
1640903142.420068 -126 -119 -114 -102 -98 -93 -85 -71 -69 -69 -60 -45 -44 -35 -33 
1640903142.420112 -32 -23 -2 -1 0 8 9 10 19 20 27 36 71 73 137 
1640903142.420157 ### RSSI: -49, 2, 1640049703 ,448 
1640903143.353426 ### RSSI: -48, 33, 1640049704 ,463 
1640903144.349587 ### RSSI: -50, 10, 1640049705 ,479 
1640903145.357130 ### RSSI: -50, 0, 1640049707 ,495 
1640903145.536631 ### DEBUG: Ticks: 497, 62, 0 
1640903145.537500 1640049707 c0:98:e5:42:00:29 265 
1640903145.538949 -120 -107 -99 -91 -68 -66 -51 -49 -49 -29 -27 -22 -16 -15 -13 
1640903145.539095 -8 -7 4 13 14 21 26 31 34 35 41 49 53 76 104 
1640903146.351054 ### RSSI: -50, 29, 1640049708 ,510 
1640903146.536535 ### DEBUG: Ticks: 513, 16, 0 
1640903146.537029 1640049708 c0:98:e5:42:00:29 279 
1640903146.537372 -107 -107 -106 -101 -89 -82 -80 -66 -64 -54 -52 -50 -47 -24 -21 
1640903146.537442 -20 -18 -15 -13 -3 -2 1 8 8 9 14 32 46 48 156 
1640903147.356110 ### RSSI: -47, 33, 1640049709 ,526 
1640903147.540923 ### DEBUG: Ticks: 529, 16, 0 
1640903147.541030 1640049709 c0:98:e5:42:00:29 300 
1640903147.541086 -74 -56 -46 -24 -21 -5 -5 9 16 20 24 25 28 31 32 
1640903147.541141 33 43 53 54 63 66 72 74 75 101 103 123 135 207 0 
1640903148.352023 ### RSSI: -50, 29, 1640049710 ,541 
1640903148.538360 ### DEBUG: Ticks: 544, 15, 0 
1640903148.538607 1640049710 c0:98:e5:42:00:29 324 
1640903148.538772 -118 -103 -90 -89 -82 -81 -73 -67 -64 -54 -47 -35 -23 -22 -17 
1640903148.538923 -15 -14 -4 0 6 17 19 21 24 26 34 62 66 86 168 
1640903149.355444 ### RSSI: -49, 32, 1640049711 ,557 
1640903149.541891 ### DEBUG: Ticks: 560, 16, 0 
1640903149.542358 1640049711 c0:98:e5:42:00:29 261 
1640903149.543052 -155 -151 -145 -126 -90 -88 -67 -65 -63 -58 -56 -47 -44 -43 -38 
1640903149.543652 -35 -28 -25 -10 -3 15 19 27 31 41 54 58 76 90 133 
1640903150.350862 ### RSSI: -47, 26, 1640049712 ,573 
1640903150.533428 ### DEBUG: Ticks: 575, 15, 0 
1640903150.533525 1640049712 c0:98:e5:42:00:29 270 
1640903150.545288 -104 -70 -64 -56 -43 -10 -8 -6 -3 10 11 13 20 20 21 
1640903150.545387 25 29 33 39 47 68 69 70 72 72 73 116 130 131 133 
1640903151.351457 ### RSSI: -46, 22, 1640049713 ,588 
1640903151.534462 ### DEBUG: Ticks: 591, 16, 0 
1640903151.534906 1640049713 c0:98:e5:42:00:29 303 
1640903151.535548 -126 -125 -107 -100 -90 -77 -74 -60 -59 -57 -54 -54 -53 -38 -34 
1640903151.545025 -11 2 14 16 17 22 46 49 59 66 67 67 76 106 121 
1640903152.347466 ### RSSI: -47, 16, 1640049714 ,604 
1640903152.534242 ### DEBUG: Ticks: 607, 16, 0 
1640903152.534356 1640049714 c0:98:e5:42:00:29 307 
1640903152.534463 -91 -82 -81 -55 -51 -39 -13 -11 -9 -4 0 9 18 28 33 
1640903152.534695 35 35 37 42 44 53 64 70 71 74 75 80 81 85 112 
1640903153.000139 ### INFO: SD card flushed!
1640903153.355701 ### RSSI: -48, 32, 1640049715 ,619 
1640903153.536203 ### DEBUG: Ticks: 622, 15, 0 
1640903153.536479 1640049715 c0:98:e5:42:00:29 262 
1640903153.536662 -117 -87 -84 -72 -70 -66 -66 -64 -57 -48 -44 -42 -39 -37 -31 
1640903153.536886 -22 -14 1 13 26 30 30 33 44 60 76 77 78 96 163 
1640903154.354022 ### RSSI: -48, 34, 1640049716 ,635 
1640903154.534781 ### DEBUG: Ticks: 638, 16, 0 
1640903154.534883 1640049716 c0:98:e5:42:00:29 283 
1640903154.545446 -104 -93 -73 -52 -44 -10 -10 0 10 12 13 18 26 27 28 
1640903154.545612 38 46 50 50 51 55 59 66 77 77 85 105 115 137 139 
1640903155.352032 ### RSSI: -46, 17, 1640049717 ,651 
1640903155.534200 ### DEBUG: Ticks: 654, 16, 0 
1640903155.534656 1640049717 c0:98:e5:42:00:29 308 
1640903155.535362 -92 -72 -72 -72 -68 -53 -46 -37 -30 -27 -14 -10 -2 18 24 
1640903155.547237 26 34 42 42 43 43 51 53 54 57 66 70 73 84 86 
1640903156.348398 ### RSSI: -47, 20, 1640049718 ,666 
1640903156.536329 ### DEBUG: Ticks: 669, 15, 0 
1640903156.536430 1640049718 c0:98:e5:42:00:29 252 
1640903156.536695 -155 -138 -115 -108 -78 -75 -68 -63 -61 -58 -51 -50 -48 -42 -39 
1640903156.536904 -34 -29 -26 -15 -12 -11 -4 2 11 38 49 61 74 86 103 
1640903157.354498 ### RSSI: -49, 5, 1640049719 ,682 
1640903157.542590 ### DEBUG: Ticks: 685, 16, 0 
1640903157.543069 1640049719 c0:98:e5:42:00:29 294 
1640903157.543974 -202 -190 -180 -175 -174 -171 -161 -161 -157 -152 -150 -146 -145 -141 -138 
1640903157.544679 -135 -125 -120 -107 -105 -101 -98 -95 -85 -74 -57 -36 -29 -27 -11 
1640903158.354493 ### RSSI: -49, 8, 1640049720 ,698 
1640903158.534115 ### DEBUG: Ticks: 700, 15, 0 
1640903158.534571 1640049720 c0:98:e5:42:00:29 248 
1640903158.535309 -171 -166 -165 -161 -151 -151 -146 -142 -130 -124 -122 -114 -108 -107 -103 
1640903158.535955 -101 -79 -73 -69 -63 -56 -52 -43 -39 -37 -37 -26 -24 -12 53 
1640903159.351290 ### RSSI: -46, 18, 1640049721 ,713 
1640903159.533588 ### DEBUG: Ticks: 716, 16, 0 
1640903159.533875 1640049721 c0:98:e5:42:00:29 266 
1640903159.545589 -125 -122 -85 -76 -70 -64 -63 -61 -58 -49 -38 -32 -27 -15 -14 
1640903159.545869 -9 -1 9 10 12 14 24 45 47 49 60 60 132 132 0 
1640903160.351860 ### RSSI: -47, 18, 1640049722 ,729 
1640903160.537359 ### DEBUG: Ticks: 732, 16, 0 
1640903160.537842 1640049722 c0:98:e5:42:00:29 269 
1640903160.538448 -148 -121 -97 -92 -91 -76 -70 -63 -58 -56 -42 -41 -27 -25 -23 
1640903160.538938 -14 -7 5 10 10 11 13 15 17 26 39 51 62 79 139 
1640903161.346807 ### RSSI: -50, 29, 1640049723 ,744 
1640903161.542287 ### DEBUG: Ticks: 747, 15, 0 
1640903161.543901 1640049723 c0:98:e5:42:00:29 278 
1640903161.544169 -140 -112 -85 -82 -74 -71 -53 -52 -48 -47 -43 -42 -29 -28 -28 
1640903161.545076 -22 -22 -20 -12 -11 -4 1 8 11 15 18 48 51 56 68 
1640903162.347128 ### RSSI: -46, 22, 1640049724 ,760 
1640903162.540947 ### DEBUG: Ticks: 763, 16, 0 
1640903162.541219 1640049724 c0:98:e5:42:00:29 308 
1640903162.541402 -193 -179 -149 -137 -125 -113 -99 -96 -96 -91 -86 -82 -79 -75 -73 
1640903162.541581 -73 -71 -62 -60 -58 -51 -43 -40 -31 -22 1 4 23 27 33 
1640903163.356301 ### RSSI: -47, 17, 1640049725 ,776 
1640903163.538164 ### DEBUG: Ticks: 779, 16, 0 
1640903163.538439 1640049725 c0:98:e5:42:00:29 321 
1640903163.538594 -90 -63 -41 -20 -15 -12 0 17 18 25 28 30 31 34 45 
1640903163.538743 50 56 64 70 76 80 96 106 114 115 125 135 145 151 217 
1640903164.348946 ### RSSI: -49, 12, 1640049726 ,791 
1640903164.540169 ### DEBUG: Ticks: 794, 15, 0 
1640903164.540453 1640049726 c0:98:e5:42:00:29 276 
1640903164.540645 -185 -158 -134 -130 -128 -127 -123 -115 -113 -107 -98 -95 -85 -75 -65 
1640903164.540830 -59 -56 -54 -51 -47 -43 -42 -35 -22 -20 -19 -15 3 19 29 
1640903165.348237 ### RSSI: -48, 26, 1640049727 ,807 
1640903165.539144 ### DEBUG: Ticks: 810, 16, 0 
1640903165.539436 1640049727 c0:98:e5:42:00:29 302 
1640903165.539689 -152 -123 -120 -99 -92 -89 -88 -80 -75 -74 -74 -57 -52 -49 -42 
1640903165.539943 -40 -31 -26 -18 -13 -10 -3 2 16 17 23 30 31 42 97 
1640903166.353872 ### RSSI: -48, 1, 1640049727 ,823 
1640903166.543474 ### DEBUG: Ticks: 825, 15, 0 
1640903166.543826 1640049728 c0:98:e5:42:00:29 266 
1640903166.544592 -238 -198 -186 -184 -182 -179 -179 -169 -167 -162 -159 -150 -149 -144 -141 
1640903166.544785 -131 -130 -120 -117 -108 -105 -102 -100 -92 -89 -80 -75 -61 -45 -23 
1640903167.357523 ### RSSI: -50, 7, 1640049728 ,838 
1640903167.537509 ### DEBUG: Ticks: 841, 16, 0 
1640903167.537796 1640049729 c0:98:e5:42:00:29 258 
1640903167.537986 -187 -178 -127 -125 -122 -121 -120 -105 -104 -94 -93 -93 -85 -84 -70 
1640903167.538172 -69 -68 -62 -61 -55 -53 -50 -48 -43 -36 -4 -4 4 36 82 
1640903168.351167 ### RSSI: -49, 8, 1640049729 ,854 
1640903168.533998 ### DEBUG: Ticks: 857, 16, 0 
1640903168.534284 1640049730 c0:98:e5:42:00:29 278 
1640903168.534466 -97 -87 -82 -51 -35 -22 -15 -13 -10 -9 7 9 15 20 20 
1640903168.534651 20 29 36 52 58 59 65 66 66 68 86 103 116 119 121 
1640903169.349025 ### RSSI: -49, 15, 1640049730 ,869 
1640903169.542418 ### DEBUG: Ticks: 872, 15, 0 
1640903169.542691 1640049731 c0:98:e5:42:00:29 299 
1640903169.542934 -90 -69 -42 -36 -35 -22 -18 -5 -3 -3 9 11 18 18 24 
1640903169.543113 28 47 52 53 56 56 68 69 72 81 94 98 143 148 0 
1640903170.346593 ### RSSI: -50, 11, 1640049732 ,885 
1640903170.544735 ### DEBUG: Ticks: 888, 16, 0 
1640903170.545014 1640049732 c0:98:e5:42:00:29 260 
1640903170.545224 -136 -127 -126 -114 -111 -103 -100 -94 -84 -82 -82 -71 -68 -64 -55 
1640903170.545401 -55 -52 -49 -48 -42 -41 -37 -11 -10 -8 4 10 16 27 42 
1640903171.357282 ### RSSI: -47, 25, 1640049733 ,901 
1640903172.348147 ### RSSI: -50, 11, 1640049734 ,916 
1640903173.354711 ### RSSI: -49, 31, 1640049735 ,932 
1640903173.537845 ### DEBUG: Ticks: 935, 47, 0 
1640903173.538130 1640049735 c0:98:e5:42:00:29 286 
1640903173.538322 -162 -133 -127 -126 -125 -122 -120 -117 -110 -107 -105 -105 -88 -82 -80 
1640903173.538507 -71 -65 -60 -59 -57 -57 -51 -48 -45 -41 -27 -24 -23 -12 18 
1640903174.349648 ### RSSI: -48, 34, 1640049736 ,947 
1640903174.541498 ### DEBUG: Ticks: 950, 15, 0 
1640903174.541730 1640049736 c0:98:e5:42:00:29 267 
1640903174.541867 -148 -119 -111 -102 -102 -97 -93 -80 -78 -78 -75 -71 -66 -52 -31 
1640903174.542010 -28 -23 -18 -16 -9 -9 -6 -4 -3 8 9 11 18 45 74 
1640903175.358708 ### RSSI: -49, 32, 1640049737 ,963 
1640903175.540171 ### DEBUG: Ticks: 966, 16, 0 
1640903175.540439 1640049737 c0:98:e5:42:00:29 278 
1640903175.540622 -113 -96 -84 -81 -71 -65 -52 -44 -31 -21 -16 7 8 9 10 
1640903175.540832 14 24 34 40 44 49 51 52 53 54 55 73 86 104 110 
1640903175.743164 ### INFO: Device is now IN MOTION
1640903176.352210 ### RSSI: -52, 2, 1640049738 ,979 
1640903176.542945 ### DEBUG: Ticks: 982, 16, 0 
1640903176.543233 1640049738 c0:98:e5:42:00:29 279 
1640903176.543389 -40 -39 -27 -23 -18 -7 2 9 12 15 16 17 30 32 36 
1640903176.543550 39 46 48 52 53 88 88 92 97 100 101 103 106 110 138 
1640903177.355978 ### RSSI: -46, 25, 1640049739 ,994 
1640903177.537772 ### DEBUG: Ticks: 997, 15, 0 
1640903177.538035 1640049739 c0:98:e5:42:00:29 271 
1640903177.538172 -80 -68 -57 -55 -54 -44 -42 -34 -26 -21 -12 -8 -8 0 7 
1640903177.538329 12 13 18 21 22 43 50 61 61 66 67 72 101 116 147 
1640903178.346557 ### RSSI: -42, 30, 1640049740 ,1010 
1640903178.537322 ### DEBUG: Ticks: 1013, 16, 0 
1640903178.537572 1640049740 c0:98:e5:42:00:29 243 
1640903178.537737 -95 -92 -76 -52 -48 -46 -40 -34 -28 -23 -22 -21 -20 -19 -15 
1640903178.537894 -7 -7 4 4 9 10 14 18 18 27 28 47 51 78 105 
1640903179.348916 ### RSSI: -46, 7, 1640049741 ,1026 
1640903179.539895 ### DEBUG: Ticks: 1028, 15, 0 
1640903179.540323 1640049741 c0:98:e5:42:00:29 309 
1640903179.540506 -84 -83 -83 -82 -59 -49 -42 -37 -37 -36 -30 -29 -23 -15 -12 
1640903179.540691 -10 -1 3 5 9 24 28 30 31 33 38 57 92 101 155 
1640903180.350711 ### RSSI: -51, 25, 1640049742 ,1041 
1640903180.540128 ### DEBUG: Ticks: 1044, 16, 0 
1640903180.540415 1640049742 c0:98:e5:42:00:29 496 
1640903180.540609 122 147 149 152 158 164 164 168 172 184 184 186 191 195 200 
1640903180.540795 202 208 223 225 235 235 242 243 247 249 252 257 276 280 326 
1640903181.353083 ### RSSI: -51, 34, 1640049743 ,1057 
1640903181.533623 ### DEBUG: Ticks: 1060, 16, 0 
1640903181.544899 1640049743 c0:98:e5:42:00:29 750 
1640903181.545155 345 356 368 387 389 393 393 400 410 410 419 419 423 424 428 
1640903181.545324 433 439 440 451 455 455 466 472 472 474 479 498 502 506 524 
1640903182.350497 ### RSSI: -52, 10, 1640049744 ,1072 
1640903182.538654 ### DEBUG: Ticks: 1075, 15, 0 
1640903182.538983 1640049744 c0:98:e5:42:00:29 826 
1640903182.539166 461 468 469 474 476 493 497 499 500 505 520 531 531 531 532 
1640903182.539335 535 535 538 543 544 549 549 549 564 566 569 598 601 603 611 
1640903183.354402 ### RSSI: -54, 32, 1640049745 ,1088 
