1641159030.538073 ###RTT Client: ************************************************************ 
1641159030.538224 ###RTT Client: *               SEGGER Microcontroller GmbH                * 
1641159030.538266 ###RTT Client: *   Solutions for real time microcontroller applications   * 
1641159030.538306 ###RTT Client: ************************************************************ 
1641159030.538346 ###RTT Client: *                                                          * 
1641159030.538385 ###RTT Client: *       (c) 2012 - 2016  SEGGER Microcontroller GmbH       * 
1641159030.538426 ###RTT Client: *                                                          * 
1641159030.538466 ###RTT Client: *     www.segger.com     Support: support@segger.com       * 
1641159030.538506 ###RTT Client: *                                                          * 
1641159030.538546 ###RTT Client: ************************************************************ 
1641159030.538585 ###RTT Client: *                                                          * 
1641159030.538625 ###RTT Client: * SEGGER J-Link RTT Client   Compiled Jan 30 2018 18:46:58 * 
1641159030.538665 ###RTT Client: *                                                          * 
1641159030.538705 ###RTT Client: ************************************************************ 
1641159030.538744 
1641159030.538784 ###RTT Client: -----------------------------------------------
1641159030.538823 ###RTT Client: Connecting to J-Link RTT Server via localhost:9201  Connected.
1641159030.538863 SEGGER J-Link V6.30 - Real time terminal output
1641159030.538902 J-Link EDU Mini V1 compiled Oct 22 2019 16:28:45 V1.0, SN=801021855
1641159030.538942 Process: JLinkExe
1641159030.538982 ### RSSI: -53, 34, 1640051147 ,162 
1641159030.539022 ### DEBUG: Ticks: 177, 16, 1 
1641159030.539061 1640051148 c0:98:e5:42:00:2c 257 
1641159030.539101 427 460 461 463 471 472 487 493 499 501 501 501 506 509 513 
1641159030.539141 517 521 524 525 529 533 537 554 559 572 586 593 598 604 674 
1641159030.539180 ### RSSI: -51, 16, 1640051148 ,178 
1641159030.539219 ### DEBUG: Ticks: 193, 16, 1 
1641159030.539259 1640051149 c0:98:e5:42:00:2c 223 
1641159030.539298 340 379 385 387 389 391 397 408 408 424 424 433 435 445 447 
1641159030.539338 447 453 460 465 468 470 470 470 515 518 522 526 539 544 553 
1641159030.539397 ### RSSI: -51, 36, 1640051149 ,193 
1641159030.539440 ### DEBUG: Ticks: 208, 15, 1 
1641159030.539479 1640051150 c0:98:e5:42:00:2c 249 
1641159030.539519 361 390 405 437 439 439 446 447 455 460 473 474 480 487 488 
1641159030.539558 508 509 511 513 522 527 527 528 529 537 544 579 581 592 601 
1641159030.539597 ### RSSI: -50, 3, 1640051150 ,209 
1641159030.539637 ### DEBUG: Ticks: 224, 16, 1 
1641159030.539676 1640051151 c0:98:e5:42:00:2c 232 
1641159030.539716 366 416 428 436 436 437 441 443 443 444 447 452 456 457 463 
1641159030.539756 467 468 477 493 515 521 522 535 552 552 556 557 582 584 668 
1641159030.539800 ### RSSI: -52, 33, 1640051152 ,225 
1641159030.539840 ### DEBUG: Ticks: 240, 16, 1 
1641159030.539880 1640051152 c0:98:e5:42:00:2c 239 
1641159030.539919 294 390 410 426 430 431 431 434 437 443 453 454 455 472 473 
1641159030.539959 484 489 491 494 500 501 503 503 510 516 537 546 556 559 580 
1641159030.539998 ### RSSI: -54, 29, 1640051152 ,240 
1641159030.540037 ### DEBUG: Ticks: 255, 15, 1 
1641159030.540077 1640051153 c0:98:e5:42:00:2c 256 
1641159030.540117 341 402 422 428 449 473 478 482 490 491 492 499 509 510 513 
1641159030.540156 522 525 531 536 544 544 544 544 551 552 557 569 596 610 0 
1641159030.540195 ### RSSI: -52, 32, 1640051153 ,256 
1641159030.540235 ### DEBUG: Ticks: 271, 16, 1 
1641159030.540274 1640051154 c0:98:e5:42:00:2c 260 
1641159030.540314 361 435 445 447 450 461 464 468 483 489 493 499 511 514 516 
1641159030.540353 525 526 527 538 542 542 549 555 565 569 587 588 589 601 610 
1641159030.540393 ### RSSI: -49, 9, 1640051154 ,272 
1641159030.540432 ### DEBUG: Ticks: 286, 15, 1 
1641159030.540472 1640051155 c0:98:e5:42:00:2c 205 
1641159030.540512 265 305 334 353 355 365 368 380 380 386 388 404 407 410 410 
1641159030.540551 413 416 423 425 432 439 442 462 463 464 472 511 524 530 539 
1641159030.540693 ### RSSI: -50, 11, 1640051155 ,287 
1641159030.540735 ### DEBUG: Ticks: 302, 16, 1 
1641159030.540776 1640051156 c0:98:e5:42:00:2c 229 
1641159030.540816 316 344 362 394 404 404 411 424 425 441 447 448 451 452 457 
1641159030.540855 460 464 464 465 473 475 505 508 510 518 522 522 544 561 572 
1641159030.540895 ### RSSI: -51, 36, 1640051156 ,303 
1641159030.540935 ### DEBUG: Ticks: 318, 16, 1 
1641159030.541017 1640051157 c0:98:e5:42:00:2c 284 
1641159030.541057 467 509 515 515 520 523 532 533 544 552 556 557 567 568 569 
1641159030.541096 570 572 573 576 580 581 599 613 635 636 654 672 677 681 709 
1641159030.541136 ### RSSI: -54, 30, 1640051157 ,318 
1641159030.541175 ### DEBUG: Ticks: 333, 15, 1 
1641159030.541214 1640051158 c0:98:e5:42:00:2c 259 
1641159030.541254 391 458 462 463 464 476 484 492 494 496 496 499 505 515 517 
1641159030.541293 521 524 534 542 544 550 552 559 569 574 600 603 621 624 660 
1641159030.541333 ### RSSI: -49, 8, 1640051158 ,334 
1641159030.541372 ### DEBUG: Ticks: 349, 16, 1 
1641159030.541411 1640051159 c0:98:e5:42:00:2c 258 
1641159030.541451 410 410 436 442 446 447 479 482 495 497 497 503 505 513 515 
1641159030.541490 519 521 524 524 537 547 551 552 558 564 574 599 609 621 663 
1641159030.541529 ### RSSI: -49, 1, 1640051159 ,350 
1641159030.541569 ### DEBUG: Ticks: 365, 16, 1 
1641159030.541609 1640051160 c0:98:e5:42:00:2c 258 
1641159030.541648 346 435 436 441 448 456 459 477 480 486 493 499 503 504 515 
1641159030.541687 517 520 523 525 528 530 532 535 542 553 564 580 595 616 653 
1641159030.541727 ### RSSI: -50, 3, 1640051160 ,365 
1641159030.541766 ### DEBUG: Ticks: 380, 15, 1 
1641159030.541806 1640051161 c0:98:e5:42:00:2c 233 
1641159030.541845 346 388 395 401 403 414 418 428 434 435 456 456 460 462 466 
1641159030.541884 466 472 473 473 485 489 494 496 502 512 529 531 558 626 0 
1641159030.541924 ### RSSI: -53, 27, 1640051161 ,381 
1641159030.541963 ### DEBUG: Ticks: 396, 16, 1 
1641159030.542003 1640051162 c0:98:e5:42:00:2c 275 
1641159030.542042 437 462 494 501 503 506 507 519 523 527 531 535 536 545 548 
1641159030.542082 552 557 561 565 568 582 583 592 596 605 620 636 639 693 711 
1641159030.542121 ### RSSI: -50, 11, 1640051162 ,396 
1641159030.542224 ### DEBUG: Ticks: 411, 15, 1 
1641159030.542263 1640051163 c0:98:e5:42:00:2c 249 
1641159030.542303 366 397 399 414 422 433 442 447 449 461 465 466 482 490 493 
1641159030.542342 505 506 506 507 513 518 520 521 535 543 549 561 565 566 579 
1641159030.542382 ### RSSI: -55, 14, 1640051163 ,412 
1641159030.542485 ### DEBUG: Ticks: 427, 16, 1 
1641159030.542525 1640051164 c0:98:e5:42:00:2c 268 
1641159030.542564 387 390 446 472 478 481 483 487 488 505 508 512 516 519 535 
1641159030.542603 537 540 553 557 561 564 564 564 579 581 585 597 617 620 653 
1641159030.542643 ### RSSI: -56, 30, 1640051164 ,428 
1641159030.542683 ### DEBUG: Ticks: 443, 16, 1 
1641159030.542722 1640051165 c0:98:e5:42:00:2c 203 
1641159030.542761 235 323 334 354 355 363 368 370 370 377 381 386 390 397 399 
1641159030.542801 413 417 424 433 439 441 448 453 465 466 471 493 505 526 559 
1641159030.542840 ### RSSI: -50, 10, 1640051165 ,443 
1641159030.542880 ### DEBUG: Ticks: 458, 15, 1 
1641159030.542919 1640051166 c0:98:e5:42:00:2c 267 
1641159030.542973 424 439 451 452 487 496 497 498 504 505 509 525 527 528 533 
1641159030.543013 537 538 545 550 551 553 553 557 557 576 592 596 608 615 657 
1641159030.543052 ### RSSI: -54, 34, 1640051166 ,459 
1641159030.543092 ### DEBUG: Ticks: 474, 16, 1 
1641159030.543131 1640051167 c0:98:e5:42:00:2c 219 
1641159030.543170 248 340 360 361 364 372 381 382 384 389 403 409 410 433 435 
1641159030.543210 441 448 448 449 456 456 458 472 474 479 482 482 486 521 559 
1641159030.543295 ### RSSI: -50, 16, 1640051167 ,475 
1641159030.543335 ### DEBUG: Ticks: 489, 15, 1 
1641159030.543377 1640051168 c0:98:e5:42:00:2c 259 
1641159030.543434 427 434 444 444 461 468 469 481 484 486 508 509 511 513 518 
1641159030.543474 521 532 533 534 542 543 553 562 568 580 584 588 588 595 599 
1641159030.543513 ### RSSI: -52, 36, 1640051168 ,490 
1641159030.543552 ### DEBUG: Ticks: 505, 16, 1 
1641159030.543591 1640051169 c0:98:e5:42:00:2c 261 
1641159030.543631 359 430 466 468 483 483 486 490 493 501 503 504 508 509 519 
1641159030.543670 527 528 541 542 545 562 571 584 589 591 601 602 612 656 693 
1641159030.543710 ### RSSI: -50, 7, 1640051169 ,506 
1641159030.543749 ### DEBUG: Ticks: 521, 16, 1 
1641159030.543788 1640051170 c0:98:e5:42:00:2c 206 
1641159030.543827 294 320 373 375 377 377 378 386 387 387 391 394 395 398 406 
1641159030.543867 419 430 437 440 455 458 462 465 468 488 494 499 514 549 568 
1641159030.543906 ### RSSI: -55, 30, 1640051170 ,521 
1641159030.543985 ### INFO: Device is now IN MOTION
1641159030.544024 ### DEBUG: Ticks: 536, 15, 1 
1641159030.544064 1640051171 c0:98:e5:42:00:2c 233 
1641159030.544103 368 388 390 392 411 418 426 428 436 445 447 457 463 465 465 
1641159030.544143 467 469 472 477 477 485 491 493 508 511 519 520 560 564 576 
1641159030.544182 ### RSSI: -51, 14, 1640051171 ,537 
1641159030.544222 ### INFO: SD card flushed!
1641159030.544261 ### DEBUG: Ticks: 552, 16, 1 
1641159030.544301 1640051172 c0:98:e5:42:00:2c 237 
1641159030.544339 324 402 402 411 413 421 428 429 438 448 451 455 459 471 474 
1641159030.544379 477 482 485 493 494 496 497 509 514 518 527 536 540 550 602 
1641159030.544458 ### RSSI: -50, 11, 1640051172 ,553 
1641159030.544498 ### INFO: Device is now STATIONARY
1641159030.544537 ### DEBUG: Ticks: 568, 16, 1 
1641159030.544576 1640051173 c0:98:e5:42:00:2c 254 
1641159030.544616 328 372 402 421 422 440 450 457 457 459 465 466 485 500 505 
1641159030.544655 513 514 514 519 519 521 525 534 543 551 553 562 571 578 642 
1641159030.544694 ### RSSI: -53, 23, 1640051173 ,568 
1641159030.544733 ### INFO: Device is now IN MOTION
1641159030.544773 ### DEBUG: Ticks: 583, 15, 1 
1641159030.544812 1640051174 c0:98:e5:42:00:2c 252 
1641159030.544851 397 398 419 427 467 468 469 473 478 481 494 496 497 501 504 
1641159030.544930 517 518 527 531 539 539 545 547 561 565 576 585 604 634 0 
1641159030.544970 ### RSSI: -49, 9, 1640051174 ,584 
1641159030.545009 ### DEBUG: Ticks: 599, 16, 1 
1641159030.545049 1640051175 c0:98:e5:42:00:2c 268 
1641159030.545088 357 454 479 493 494 499 499 502 509 509 523 526 530 530 535 
1641159030.545127 537 538 543 546 547 554 555 557 570 582 587 595 611 621 678 
1641159030.545167 ### RSSI: -49, 7, 1640051176 ,600 
1641159030.545206 ### DEBUG: Ticks: 614, 15, 1 
1641159030.545245 1640051176 c0:98:e5:42:00:2c 208 
1641159030.545284 303 336 339 343 351 373 378 378 381 391 397 399 400 401 408 
1641159030.545324 424 426 427 431 433 436 443 444 464 472 475 483 509 523 529 
1641159030.545364 ### RSSI: -49, 1, 1640051177 ,615 
1641159030.545440 ### INFO: Device is now STATIONARY
1641159030.545480 ### DEBUG: Ticks: 630, 16, 1 
1641159030.545519 1640051177 c0:98:e5:42:00:2c 260 
1641159030.545559 357 409 441 459 460 462 470 482 487 487 505 511 512 516 517 
1641159030.545621 524 532 537 542 546 549 550 560 562 566 576 586 586 600 602 
1641159030.545676 ### RSSI: -49, 4, 1640051177 ,631 
1641159030.545716 ### DEBUG: Ticks: 646, 16, 1 
1641159030.545755 1640051178 c0:98:e5:42:00:2c 261 
1641159030.545795 412 418 442 450 454 471 488 493 494 495 497 503 503 518 522 
1641159030.545838 524 531 532 541 547 548 549 556 561 566 572 577 585 599 631 
1641159030.545877 ### RSSI: -53, 23, 1640051178 ,646 
1641159030.545917 ### INFO: Device is now IN MOTION
1641159030.545956 ### DEBUG: Ticks: 661, 15, 1 
1641159030.545995 1640051179 c0:98:e5:42:00:2c 201 
1641159030.546035 326 346 347 358 363 365 373 380 386 390 391 392 393 394 402 
1641159030.546074 403 404 413 428 430 431 434 434 456 464 468 504 519 539 555 
1641159030.546114 ### RSSI: -52, 33, 1640051179 ,662 
1641159030.546154 ### DEBUG: Ticks: 677, 16, 1 
1641159030.546193 1640051180 c0:98:e5:42:00:2c 243 
1641159030.546274 336 379 391 416 436 446 447 448 462 467 468 470 472 482 485 
1641159030.546314 488 489 495 496 498 501 502 503 513 523 528 529 529 563 566 
1641159030.546354 ### RSSI: -54, 27, 1640051180 ,678 
1641159030.546393 ### INFO: Device is now STATIONARY
1641159030.546433 ### DEBUG: Ticks: 693, 16, 1 
1641159030.546472 1640051181 c0:98:e5:42:00:2c 224 
1641159030.546511 360 375 390 403 407 410 411 420 425 434 434 440 442 446 448 
1641159030.546551 449 450 454 464 466 480 488 489 498 516 536 539 571 579 615 
1641159030.546590 ### RSSI: -50, 15, 1640051181 ,693 
1641159030.546630 ### DEBUG: Ticks: 708, 15, 1 
1641159030.546708 1640051182 c0:98:e5:42:00:2c 238 
1641159030.546747 369 418 418 421 427 433 437 439 445 446 447 450 459 469 477 
1641159030.546786 478 479 487 487 497 500 503 506 512 531 532 537 541 570 599 
1641159030.546826 ### RSSI: -49, 5, 1640051182 ,709 
1641159030.546866 ### DEBUG: Ticks: 724, 16, 1 
1641159030.546905 1640051183 c0:98:e5:42:00:2c 249 
1641159030.546944 347 378 409 453 455 456 457 466 468 471 471 479 492 495 498 
1641159030.546984 501 503 506 509 514 519 524 524 527 534 539 555 570 581 595 
1641159030.547023 ### RSSI: -50, 10, 1640051183 ,724 
1641159030.547102 ### DEBUG: Ticks: 739, 15, 1 
1641159030.547142 1640051184 c0:98:e5:42:00:2c 229 
1641159030.547181 332 374 401 406 414 418 423 429 435 436 440 441 447 452 458 
1641159030.547221 459 461 462 466 472 476 492 498 499 499 500 506 530 532 545 
1641159030.547301 ### RSSI: -51, 6, 1640051184 ,740 
1641159030.547341 ### DEBUG: Ticks: 755, 16, 1 
1641159030.547396 1640051185 c0:98:e5:42:00:2c 220 
1641159030.547477 331 332 353 385 389 389 390 398 401 403 404 406 421 434 440 
1641159030.547521 443 447 447 461 462 476 477 480 493 493 495 496 502 504 508 
1641159030.547600 ### RSSI: -48, 7, 1640051185 ,756 
1641159030.547641 ### INFO: Device is now IN MOTION
1641159030.547681 ### DEBUG: Ticks: 771, 16, 1 
1641159030.547720 1640051186 c0:98:e5:42:00:2c 215 
1641159030.547759 282 318 380 398 399 406 407 412 419 419 421 421 425 426 429 
1641159030.547799 432 433 444 446 452 452 460 463 468 468 469 472 485 499 517 
1641159030.547838 ### RSSI: -51, 19, 1640051186 ,771 
1641159030.547878 ### DEBUG: Ticks: 786, 15, 1 
1641159030.547917 1640051187 c0:98:e5:42:00:2c 231 
1641159030.547956 323 361 372 399 401 406 408 426 438 443 446 446 458 458 462 
1641159030.547995 463 465 469 471 473 476 477 484 507 513 518 519 529 541 559 
1641159030.548035 ### RSSI: -45, 12, 1640051187 ,787 
1641159030.548074 ### DEBUG: Ticks: 802, 16, 1 
1641159030.548113 1640051188 c0:98:e5:42:00:2c 255 
1641159030.548153 368 437 448 460 463 464 471 478 481 484 489 494 496 504 510 
1641159030.548192 510 510 536 537 538 539 539 540 552 552 553 575 580 591 601 
1641159030.548268 ### RSSI: -50, 2, 1640051188 ,803 
1641159030.548308 ### INFO: Device is now STATIONARY
1641159030.548347 ### DEBUG: Ticks: 818, 16, 1 
1641159030.548387 1640051189 c0:98:e5:42:00:2c 283 
1641159030.548426 402 458 498 506 507 512 526 527 534 549 550 550 558 565 567 
1641159030.548465 567 568 571 572 573 578 601 604 619 635 636 642 642 657 673 
1641159030.548505 ### RSSI: -53, 35, 1640051189 ,818 
1641159030.548544 ### DEBUG: Ticks: 833, 15, 1 
1641159030.548584 1640051190 c0:98:e5:42:00:2c 244 
1641159030.548624 359 382 423 437 453 458 461 469 472 473 476 478 482 483 487 
1641159030.548663 492 501 508 509 510 512 513 517 526 528 528 530 562 563 571 
1641159030.548702 ### RSSI: -53, 21, 1640051190 ,834 
1641159030.548741 ### DEBUG: Ticks: 849, 16, 1 
1641159030.548781 1640051191 c0:98:e5:42:00:2c 225 
1641159030.548858 329 358 379 390 401 405 410 413 420 421 431 440 442 445 448 
1641159030.548897 453 459 461 465 469 487 497 500 511 514 525 528 531 547 578 
1641159030.548937 ### RSSI: -49, 1, 1640051191 ,849 
1641159030.548976 ### DEBUG: Ticks: 864, 15, 1 
1641159030.549015 1640051192 c0:98:e5:42:00:2c 201 
1641159030.549055 280 313 354 364 367 369 370 372 375 380 385 388 393 396 400 
1641159030.549094 405 410 416 416 432 432 436 440 452 457 460 463 467 476 490 
1641159030.549134 ### RSSI: -52, 33, 1640051192 ,865 
1641159030.549209 ### INFO: Device is now IN MOTION
1641159030.549249 ### DEBUG: Ticks: 880, 16, 1 
1641159030.549289 1640051193 c0:98:e5:42:00:2c 201 
1641159030.549328 275 327 361 362 372 373 381 384 385 386 389 391 391 399 399 
1641159030.549368 408 410 414 416 417 423 437 442 442 456 462 466 467 472 474 
1641159030.549408 ### RSSI: -50, 12, 1640051193 ,881 
1641159030.549447 ### DEBUG: Ticks: 896, 16, 1 
1641159030.549486 1640051194 c0:98:e5:42:00:2c 260 
1641159030.549526 391 411 450 468 479 480 492 496 498 499 505 510 511 515 519 
1641159030.549566 524 525 525 528 532 541 546 549 566 574 589 589 590 611 624 
1641159030.549605 ### RSSI: -53, 23, 1640051194 ,896 
1641159030.549644 ### DEBUG: Ticks: 911, 15, 1 
1641159030.549683 1640051195 c0:98:e5:42:00:2c 234 
1641159030.549722 334 359 375 392 408 410 416 431 438 438 442 458 463 465 469 
1641159030.549762 470 473 473 482 483 485 487 488 489 497 528 549 553 556 576 
1641159030.549802 ### RSSI: -49, 0, 1640051195 ,912 
1641159030.549878 ### INFO: Device is now STATIONARY
1641159030.549918 ### DEBUG: Ticks: 927, 16, 1 
1641159030.549958 1640051196 c0:98:e5:42:00:2c 222 
1641159030.549997 295 349 365 385 385 388 393 401 406 408 413 415 421 425 443 
1641159030.550036 445 446 449 451 455 459 470 471 472 472 480 484 484 490 502 
1641159030.550076 ### RSSI: -49, 12, 1640051196 ,928 
1641159030.550116 ### DEBUG: Ticks: 942, 15, 1 
1641159030.550155 1640051197 c0:98:e5:42:00:2c 269 
1641159030.550195 427 453 466 481 489 492 499 501 513 516 522 523 524 531 537 
1641159030.550234 542 545 548 549 562 564 564 564 574 576 602 616 639 660 683 
1641159030.550299 ### RSSI: -49, 5, 1640051197 ,943 
1641159030.550338 ### DEBUG: Ticks: 958, 16, 1 
1641159030.550379 1640051198 c0:98:e5:42:00:2c 237 
1641159030.550419 379 415 417 419 422 436 439 440 446 448 456 458 463 466 471 
1641159030.550458 477 477 487 495 501 501 510 530 541 566 567 568 568 591 612 
1641159030.550498 ### RSSI: -53, 22, 1640051198 ,959 
1641159030.550537 ### DEBUG: Ticks: 974, 16, 1 
1641159030.550576 1640051199 c0:98:e5:42:00:2c 236 
1641159030.550615 366 417 422 435 438 440 442 443 445 445 451 457 458 467 473 
1641159030.550654 474 478 479 491 496 501 507 513 519 519 526 535 558 565 587 
1641159030.550716 ### RSSI: -55, 31, 1640051199 ,974 
1641159030.550756 ### DEBUG: Ticks: 989, 15, 1 
1641159030.550795 1640051200 c0:98:e5:42:00:2c 239 
1641159030.550834 335 339 417 418 426 430 443 451 451 458 461 468 469 475 477 
1641159030.550873 482 483 487 488 495 500 504 509 509 532 537 541 546 576 599 
1641159030.550995 ### RSSI: -46, 17, 1640051201 ,990 
1641159030.551034 ### DEBUG: Ticks: 1005, 16, 1 
1641159030.551074 1640051201 c0:98:e5:42:00:2c 231 
1641159030.551113 320 391 415 416 422 429 435 436 441 446 446 448 456 458 462 
1641159030.551190 465 471 473 473 481 484 488 490 493 494 503 509 512 533 535 
1641159030.551229 ### RSSI: -50, 12, 1640051201 ,1006 
1641159030.551268 ### DEBUG: Ticks: 1021, 16, 1 
1641159030.551307 1640051202 c0:98:e5:42:00:2c 238 
1641159030.551347 372 380 397 411 414 422 427 431 444 444 449 454 471 472 473 
1641159030.551400 481 481 485 485 494 495 499 501 523 531 535 549 554 578 598 
1641159030.551440 ### RSSI: -50, 17, 1640051202 ,1021 
1641159030.551479 ### DEBUG: Ticks: 1036, 15, 1 
1641159030.551518 1640051203 c0:98:e5:42:00:2c 254 
1641159030.551557 343 404 409 463 471 472 478 482 485 485 498 502 503 503 506 
1641159030.551596 510 513 514 516 522 525 526 527 550 551 563 580 587 587 644 
1641159030.551635 ### RSSI: -49, 13, 1640051203 ,1037 
1641159030.551673 ### DEBUG: Ticks: 1052, 16, 1 
1641159030.551713 1640051204 c0:98:e5:42:00:2c 260 
1641159030.551753 433 461 479 481 491 492 493 497 500 501 503 504 510 512 517 
1641159030.551792 526 530 530 530 535 538 541 541 566 578 579 585 589 625 626 
1641159030.551873 ### RSSI: -49, 5, 1640051204 ,1052 
1641159030.551914 ### DEBUG: Ticks: 1067, 15, 1 
1641159030.551953 1640051205 c0:98:e5:42:00:2c 238 
1641159030.551992 375 398 414 433 434 436 439 442 453 457 458 465 466 471 475 
1641159030.552031 479 503 507 508 510 523 523 527 555 558 559 573 585 591 610 
1641159030.552071 ### RSSI: -50, 11, 1640051205 ,1068 
1641159030.552110 ERROR: Unable to initialize the SD card!
1641159030.552149 ERROR: Unable to power on the SD Card!
1641159030.552187 ### RSSI: -50, 4, 1640051206 ,1084 
1641159030.552226 ### RSSI: -53, 23, 1640051207 ,1099 
1641159030.552266 ### RSSI: -50, 17, 1640051208 ,1115 
1641159030.552305 ### RSSI: -50, 10, 1640051209 ,1131 
1641159030.552345 ### RSSI: -51, 34, 1640051210 ,1146 
1641159030.552384 ### RSSI: -55, 30, 1640051211 ,1162 
1641159030.552422 ### RSSI: -49, 9, 1640051212 ,1177 
1641159030.552489 ### RSSI: -50, 12, 1640051213 ,1193 
1641159030.552529 ### RSSI: -49, 9, 1640051213 ,1195 
1641159030.552568 ### RSSI: -53, 34, 1640051214 ,1210 
1641159030.552607 ### RSSI: -49, 0, 1640051215 ,1226 
1641159030.552647 ### RSSI: -49, 0, 1640051216 ,1241 
1641159030.552686 ### RSSI: -49, 4, 1640051217 ,1257 
1641159030.552725 ### RSSI: -52, 35, 1640051218 ,1273 
1641159030.552764 ### RSSI: -51, 14, 1640051219 ,1288 
1641159030.552804 ### RSSI: -51, 21, 1640051220 ,1304 
1641159030.552843 ### RSSI: -50, 12, 1640051222 ,1320 
1641159030.552882 ### RSSI: -49, 3, 1640051223 ,1335 
1641159030.552922 ### RSSI: -52, 18, 1640051224 ,1351 
1641159030.552961 ### RSSI: -52, 34, 1640051225 ,1366 
1641159030.553024 ### RSSI: -51, 13, 1640051226 ,1382 
1641159030.553064 ### RSSI: -53, 23, 1640051227 ,1398 
1641159030.553103 ### RSSI: -51, 15, 1640051228 ,1413 
1641159030.553160 ### RSSI: -51, 16, 1640051229 ,1429 
1641159030.553199 ### RSSI: -53, 23, 1640051230 ,1445 
1641159030.553238 ### RSSI: -51, 6, 1640051231 ,1460 
1641159030.553278 ### RSSI: -51, 15, 1640051232 ,1476 
1641159030.553317 ### RSSI: -53, 23, 1640051233 ,1491 
1641159030.553357 ### RSSI: -49, 2, 1640051234 ,1507 
1641159030.553396 ### RSSI: -53, 21, 1640051235 ,1523 
1641159030.553436 ### RSSI: -49, 5, 1640051236 ,1538 
1641159030.553476 ### RSSI: -49, 10, 1640051237 ,1554 
1641159030.553515 ### RSSI: -49, 9, 1640051238 ,1569 
1641159030.553555 ### RSSI: -49, 4, 1640051239 ,1585 
1641159030.553594 ### RSSI: -49, 5, 1640051240 ,1601 
1641159030.553633 ### RSSI: -49, 5, 1640051241 ,1616 
1641159030.553687 ### RSSI: -51, 17, 1640051242 ,1632 
1641159030.553727 ### RSSI: -54, 23, 1640051243 ,1648 
1641159030.553767 ### RSSI: -54, 29, 1640051244 ,1663 
1641159030.553806 ### RSSI: -54, 22, 1640051245 ,1679 
1641159030.553846 ### RSSI: -48, 9, 1640051246 ,1694 
1641159030.553886 ### RSSI: -52, 15, 1640051248 ,1710 
1641159030.553925 ### RSSI: -53, 31, 1640051249 ,1726 
1641159030.553965 ### RSSI: -50, 12, 1640051250 ,1741 
1641159030.554005 ### RSSI: -49, 8, 1640051251 ,1757 
1641159030.554057 ### RSSI: -53, 34, 1640051252 ,1773 
1641159030.554096 ### RSSI: -53, 21, 1640051253 ,1788 
1641159030.554136 ### RSSI: -55, 29, 1640051254 ,1804 
1641159030.554176 ### RSSI: -54, 29, 1640051255 ,1819 
1641159030.554215 ### BLE EVENT: 16, INFO: BLE CONNECTED!
1641159030.554255 ### RSSI: -51, 15, 1640051256 ,1833 
1641159030.554295 ### RSSI: -51, 17, 1640051256 ,1834 
1641159030.554334 ### RSSI: -55, 29, 1640051256 ,1835 
1641159030.554374 ### RSSI: -50, 16, 1640051256 ,1836 
1641159030.554413 ### RSSI: -49, 1, 1640051256 ,1837 
1641159030.554453 ### RSSI: -54, 26, 1640051256 ,1837 
1641159030.554493 ### RSSI: -53, 34, 1640051256 ,1838 
1641159030.554533 ### RSSI: -48, 0, 1640051256 ,1839 
1641159030.554572 ### RSSI: -50, 16, 1640051256 ,1840 
1641159030.554612 ### RSSI: -50, 4, 1640051256 ,1840 
1641159030.554652 ### RSSI: -54, 23, 1640051256 ,1841 
1641159030.554691 ### RSSI: -54, 26, 1640051256 ,1842 
1641159030.554731 ### RSSI: -57, 28, 1640051256 ,1843 
1641159030.554771 ### RSSI: -55, 27, 1640051256 ,1844 
1641159030.554812 ### RSSI: -57, 22, 1640051256 ,1844 
1641159030.554852 ### RSSI: -48, 2, 1640051257 ,1845 
1641159030.554892 ### RSSI: -53, 34, 1640051257 ,1846 
1641159030.554932 ### RSSI: -51, 12, 1640051257 ,1847 
1641159030.554972 ### RSSI: -53, 21, 1640051257 ,1847 
1641159030.555011 ### RSSI: -48, 0, 1640051257 ,1848 
1641159030.555051 ### RSSI: -53, 20, 1640051257 ,1849 
1641159030.555091 ### RSSI: -49, 1, 1640051257 ,1850 
1641159030.555130 ### RSSI: -54, 28, 1640051257 ,1851 
1641159030.555169 ### RSSI: -49, 11, 1640051257 ,1851 
1641159030.555209 ### RSSI: -54, 23, 1640051257 ,1852 
1641159030.555249 ### RSSI: -54, 26, 1640051257 ,1853 
1641159030.555289 ### RSSI: -51, 16, 1640051257 ,1854 
1641159030.555328 ### RSSI: -52, 19, 1640051257 ,1854 
1641159030.555368 ### RSSI: -54, 25, 1640051257 ,1855 
1641159030.555428 ### RSSI: -52, 19, 1640051257 ,1856 
1641159030.555468 ### RSSI: -54, 23, 1640051257 ,1857 
1641159030.555507 ### RSSI: -48, 0, 1640051257 ,1858 
1641159030.555547 ### RSSI: -52, 19, 1640051258 ,1872 
1641159030.555586 ### RSSI: -51, 14, 1640051258 ,1873 
1641159030.555625 ### RSSI: -49, 5, 1640051259 ,1888 
1641159030.555665 ### RSSI: -50, 11, 1640051259 ,1889 
1641159030.555705 ### RSSI: -52, 33, 1640051260 ,1904 
1641159030.555744 ### RSSI: -51, 36, 1640051260 ,1904 
1641159030.555916 ### RSSI: -52, 35, 1640051261 ,1919 
1641159030.555958 ### RSSI: -55, 28, 1640051262 ,1920 
1641159030.555997 ### RSSI: -53, 21, 1640051263 ,1935 
1641159030.556076 ### RSSI: -55, 26, 1640051263 ,1936 
1641159030.556117 ### RSSI: -49, 5, 1640051264 ,1951 
1641159030.556156 ### RSSI: -53, 21, 1640051264 ,1951 
1641159030.556196 ### RSSI: -49, 9, 1640051265 ,1966 
1641159030.556236 ### RSSI: -51, 16, 1640051265 ,1967 
1641159030.556357 ### RSSI: -49, 0, 1640051266 ,1982 
1641159030.556397 ### RSSI: -49, 10, 1640051266 ,1983 
1641159030.556436 ### RSSI: -50, 16, 1640051267 ,1997 
1641159030.556476 ### RSSI: -51, 17, 1640051267 ,1998 
1641159030.556515 ### RSSI: -49, 5, 1640051268 ,2013 
1641159030.556555 ### RSSI: -51, 15, 1640051268 ,2014 
1641159030.556594 ### RSSI: -51, 15, 1640051269 ,2029 
1641159030.556634 ### RSSI: -53, 21, 1640051269 ,2029 
1641159030.556673 ### RSSI: -55, 26, 1640051270 ,2044 
1641159030.556713 ### RSSI: -54, 21, 1640051270 ,2045 
1641159030.556837 ### RSSI: -55, 28, 1640051271 ,2060 
1641159030.556877 ### RSSI: -46, 1, 1640051271 ,2061 
1641159030.556957 ### RSSI: -54, 28, 1640051272 ,2076 
1641159030.556999 ### RSSI: -54, 23, 1640051272 ,2076 
1641159030.557039 ### RSSI: -54, 23, 1640051273 ,2091 
1641159030.557079 ### RSSI: -54, 25, 1640051273 ,2092 
1641159030.557119 ### RSSI: -60, 29, 1640051274 ,2107 
1641159030.557158 ### RSSI: -48, 8, 1640051274 ,2107 
1641159030.557198 ### RSSI: -49, 8, 1640051275 ,2122 
1641159030.557237 ### RSSI: -55, 26, 1640051275 ,2123 
1641159030.557277 ### RSSI: -51, 17, 1640051276 ,2138 
1641159030.557316 ### RSSI: -55, 24, 1640051276 ,2139 
1641159030.557356 ### RSSI: -53, 31, 1640051277 ,2154 
1641159030.557396 ### RSSI: -53, 21, 1640051277 ,2154 
1641159030.557435 ### RSSI: -54, 28, 1640051278 ,2169 
1641159030.557478 ### RSSI: -50, 12, 1640051278 ,2170 
1641159030.557517 ### RSSI: -54, 23, 1640051279 ,2185 
1641159030.557556 ### RSSI: -49, 7, 1640051279 ,2186 
1641159030.557596 ### RSSI: -51, 16, 1640051280 ,2200 
1641159030.557635 ### RSSI: -54, 24, 1640051280 ,2201 
1641159030.557674 ### RSSI: -49, 8, 1640051281 ,2216 
1641159030.557713 ### RSSI: -54, 22, 1640051281 ,2217 
1641159030.557752 ### RSSI: -51, 17, 1640051282 ,2232 
1641159030.557795 ### RSSI: -55, 28, 1640051282 ,2232 
1641159030.557834 ### RSSI: -50, 12, 1640051283 ,2247 
1641159030.557964 ### RSSI: -54, 23, 1640051283 ,2248 
1641159030.558004 ### RSSI: -50, 4, 1640051284 ,2263 
1641159030.558044 ### RSSI: -50, 11, 1640051284 ,2264 
1641159030.558084 ### RSSI: -49, 9, 1640051285 ,2279 
1641159030.558124 ### RSSI: -55, 27, 1640051285 ,2279 
1641159030.558164 ### RSSI: -53, 32, 1640051286 ,2294 
1641159030.558203 ### RSSI: -54, 31, 1640051287 ,2295 
1641159030.558243 ### RSSI: -50, 16, 1640051288 ,2310 
1641159030.558283 ### RSSI: -49, 10, 1640051288 ,2311 
1641159030.558322 ### RSSI: -54, 30, 1640051289 ,2325 
1641159030.558362 ### RSSI: -49, 3, 1640051289 ,2326 
1641159030.558402 ### RSSI: -55, 27, 1640051290 ,2341 
1641159030.558441 ### RSSI: -49, 1, 1640051290 ,2342 
1641159030.558481 ### RSSI: -51, 35, 1640051291 ,2357 
1641159030.558520 ### RSSI: -50, 12, 1640051291 ,2357 
1641159030.558560 ### RSSI: -54, 23, 1640051292 ,2372 
1641159030.558600 ### RSSI: -51, 17, 1640051292 ,2373 
1641159030.558639 ### RSSI: -51, 6, 1640051293 ,2388 
1641159030.558679 ### RSSI: -50, 2, 1640051293 ,2389 
1641159030.558718 ### RSSI: -49, 1, 1640051294 ,2403 
1641159030.558757 ### RSSI: -51, 11, 1640051294 ,2404 
1641159030.558797 ### RSSI: -51, 14, 1640051295 ,2419 
1641159030.558837 ### RSSI: -53, 21, 1640051295 ,2420 
1641159030.558876 ### RSSI: -50, 3, 1640051296 ,2435 
1641159030.558915 ### RSSI: -54, 27, 1640051296 ,2435 
1641159030.558955 ### RSSI: -54, 27, 1640051297 ,2450 
1641159030.558996 ### RSSI: -51, 17, 1640051297 ,2451 
1641159030.559035 ### RSSI: -50, 11, 1640051298 ,2466 
1641159030.559075 ### RSSI: -49, 3, 1640051298 ,2467 
1641159030.559115 ### RSSI: -50, 12, 1640051299 ,2482 
1641159030.559154 ### RSSI: -54, 27, 1640051299 ,2482 
1641159030.559194 ### RSSI: -50, 16, 1640051300 ,2497 
1641159030.559234 ### RSSI: -55, 27, 1640051300 ,2498 
1641159030.559273 ### RSSI: -52, 33, 1640051301 ,2513 
1641159030.559432 ### RSSI: -54, 23, 1640051301 ,2514 
1641159030.559475 ### RSSI: -53, 22, 1640051302 ,2528 
1641159030.559514 ### RSSI: -54, 30, 1640051302 ,2529 
1641159030.559554 ### RSSI: -54, 26, 1640051303 ,2544 
1641159030.559594 ### RSSI: -49, 10, 1640051303 ,2545 
1641159030.559857 ### RSSI: -50, 7, 1640051304 ,2560 
1641159030.559899 ### RSSI: -50, 6, 1640051304 ,2560 
1641159030.559939 ### RSSI: -49, 4, 1640051305 ,2575 
1641159030.559978 ### RSSI: -50, 11, 1640051305 ,2576 
1641159030.560017 ### RSSI: -53, 20, 1640051306 ,2591 
1641159030.560057 ### RSSI: -51, 36, 1640051306 ,2592 
1641159030.560096 ### RSSI: -53, 34, 1640051307 ,2607 
1641159030.560136 ### RSSI: -51, 16, 1640051307 ,2607 
1641159030.560175 ### RSSI: -51, 14, 1640051308 ,2622 
1641159030.560262 ### RSSI: -52, 18, 1640051308 ,2623 
1641159030.560302 ### RSSI: -55, 26, 1640051309 ,2638 
1641159030.560383 ### RSSI: -55, 28, 1640051309 ,2638 
1641159030.560423 ### RSSI: -49, 4, 1640051310 ,2653 
1641159030.560464 ### RSSI: -53, 21, 1640051310 ,2654 
1641159030.560503 ### RSSI: -54, 31, 1640051311 ,2669 
1641159030.560591 ### RSSI: -52, 19, 1640051312 ,2670 
1641159030.560630 ### RSSI: -53, 25, 1640051313 ,2685 
1641159030.560672 ### RSSI: -50, 12, 1640051313 ,2685 
1641159030.560711 ### RSSI: -48, 1, 1640051314 ,2700 
1641159030.560751 ### RSSI: -49, 2, 1640051314 ,2701 
1641159030.560792 ### RSSI: -50, 16, 1640051315 ,2716 
1641159030.560837 ### RSSI: -51, 36, 1640051315 ,2717 
1641159030.560877 ### RSSI: -51, 6, 1640051316 ,2731 
1641159030.560916 ### RSSI: -49, 4, 1640051316 ,2732 
1641159030.560958 ### RSSI: -52, 18, 1640051317 ,2747 
1641159030.561046 ### RSSI: -51, 15, 1640051317 ,2748 
1641159030.561086 ### RSSI: -50, 6, 1640051318 ,2763 
1641159030.561129 ### RSSI: -52, 33, 1640051318 ,2763 
1641159030.561169 ### RSSI: -52, 35, 1640051319 ,2778 
1641159030.561209 ### RSSI: -54, 25, 1640051319 ,2779 
1641159030.561290 ### RSSI: -49, 7, 1640051320 ,2794 
1641159030.561330 ### RSSI: -49, 1, 1640051320 ,2795 
1641159030.561369 ### RSSI: -49, 8, 1640051321 ,2810 
1641159030.561408 ### RSSI: -46, 13, 1640051321 ,2810 
1641159030.561448 ### RSSI: -52, 33, 1640051322 ,2825 
1641159030.561488 ### RSSI: -51, 14, 1640051322 ,2826 
1641159030.561530 ### RSSI: -49, 5, 1640051323 ,2841 
1641159030.561570 ### RSSI: -52, 18, 1640051323 ,2842 
1641159030.561610 ### BLE EVENT: 17, INFO: BLE DISCONNECTED!
1641159030.561652 ### BLE EVENT: 17, INFO: BLE DISCONNECTED!
1641159030.561691 ### BLE EVENT: 16, INFO: BLE CONNECTED!
1641159030.561731 ### RSSI: -52, 13, 1640051332 ,2971 
1641159030.561773 ### RSSI: -49, 10, 1640051332 ,2973 
1641159030.561818 ### RSSI: -49, 11, 1640051332 ,2974 
1641159030.561858 ### RSSI: -54, 24, 1640051332 ,2976 
1641159030.561898 ### RSSI: -52, 33, 1640051332 ,2977 
1641159030.561940 ### RSSI: -49, 10, 1640051332 ,2979 
1641159030.561984 ### RSSI: -48, 5, 1640051332 ,2981 
1641159030.562023 ### RSSI: -50, 14, 1640051332 ,2982 
1641159030.562063 ### RSSI: -54, 24, 1640051332 ,2984 
1641159030.562105 ### RSSI: -54, 34, 1640051333 ,2985 
1641159030.562150 ### RSSI: -55, 28, 1640051333 ,2987 
1641159030.562232 ### RSSI: -53, 31, 1640051333 ,2988 
1641159030.562272 ### RSSI: -49, 4, 1640051333 ,2990 
1641159030.562311 ### RSSI: -49, 1, 1640051333 ,2992 
1641159030.562351 ### RSSI: -50, 7, 1640051333 ,2993 
1641159030.562391 ### RSSI: -51, 17, 1640051333 ,2995 
1641159030.562431 ### RSSI: -49, 2, 1640051333 ,2996 
1641159030.562473 ### RSSI: -50, 17, 1640051334 ,3012 
1641159030.562518 ### RSSI: -50, 18, 1640051335 ,3027 
1641159030.562558 ### RSSI: -47, 9, 1640051336 ,3043 
1641159030.562598 ### RSSI: -49, 8, 1640051337 ,3059 
1641159030.562640 ### RSSI: -53, 32, 1640051338 ,3074 
1641159030.562685 ### RSSI: -50, 13, 1640051340 ,3090 
1641159030.562725 ### RSSI: -51, 17, 1640051341 ,3106 
1641159030.562764 ### RSSI: -49, 8, 1640051342 ,3121 
1641159030.562807 ### RSSI: -52, 19, 1640051343 ,3137 
1641159030.562851 ### RSSI: -49, 0, 1640051344 ,3152 
1641159030.562890 ### RSSI: -53, 32, 1640051345 ,3168 
1641159030.562930 ### RSSI: -50, 36, 1640051346 ,3184 
1641159030.562996 ### RSSI: -48, 1, 1640051347 ,3199 
1641159030.563036 ### RSSI: -52, 32, 1640051348 ,3215 
1641159030.563076 ### RSSI: -54, 28, 1640051349 ,3230 
1641159030.563115 ### RSSI: -54, 26, 1640051350 ,3246 
1641159030.563155 ### RSSI: -54, 31, 1640051351 ,3262 
1641159030.563196 ### RSSI: -52, 19, 1640051352 ,3277 
1641159030.563236 ### RSSI: -53, 22, 1640051353 ,3293 
1641159030.563276 ### RSSI: -53, 25, 1640051354 ,3309 
1641159030.563318 ### RSSI: -53, 24, 1640051355 ,3324 
1641159030.563358 ### RSSI: -54, 28, 1640051356 ,3340 
1641159030.563415 ### RSSI: -54, 27, 1640051357 ,3355 
1641159030.563455 ### RSSI: -52, 32, 1640051358 ,3371 
1641159030.563495 ### RSSI: -52, 18, 1640051359 ,3387 
1641159030.563537 ### RSSI: -52, 32, 1640051360 ,3402 
1641159030.563583 ### RSSI: -52, 18, 1640051361 ,3418 
1641159030.563622 ### RSSI: -49, 3, 1640051362 ,3434 
1641159030.563661 ### RSSI: -47, 1, 1640051363 ,3449 
1641159030.563703 ### RSSI: -49, 2, 1640051365 ,3465 
1641159030.563749 ### RSSI: -49, 8, 1640051366 ,3480 
1641159030.563789 ### RSSI: -49, 9, 1640051367 ,3496 
1641159030.563851 ### RSSI: -47, 4, 1640051368 ,3512 
1641159030.563891 ### RSSI: -50, 11, 1640051369 ,3527 
1641159030.563965 ### RSSI: -54, 28, 1640051370 ,3543 
1641159030.564006 ### RSSI: -52, 34, 1640051371 ,3558 
1641159030.564051 ### RSSI: -52, 19, 1640051372 ,3574 
1641159030.564091 ### RSSI: -52, 35, 1640051373 ,3590 
1641159030.564130 ### RSSI: -52, 19, 1640051374 ,3605 
1641159030.564172 ### RSSI: -49, 8, 1640051375 ,3621 
1641159030.564227 ### RSSI: -49, 6, 1640051376 ,3637 
1641159030.564269 ### RSSI: -53, 34, 1640051377 ,3652 
1641159030.564309 ### RSSI: -47, 9, 1640051378 ,3668 
1641159030.564348 ### RSSI: -49, 11, 1640051379 ,3683 
1641159030.564391 ### RSSI: -49, 6, 1640051380 ,3699 
1641159030.564431 ### RSSI: -51, 19, 1640051381 ,3715 
1641159030.564580 ### RSSI: -53, 23, 1640051382 ,3730 
1641159030.564620 ### RSSI: -52, 33, 1640051383 ,3746 
1641159030.564659 ### RSSI: -49, 1, 1640051384 ,3762 
1641159031.291662 ### RSSI: -54, 29, 1640051385 ,3777 
1641159032.294220 ### RSSI: -49, 3, 1640051386 ,3793 
1641159033.293485 ### RSSI: -55, 31, 1640051387 ,3808 
1641159034.290781 ### RSSI: -54, 28, 1640051388 ,3824 
1641159035.290694 ### RSSI: -50, 3, 1640051390 ,3840 
1641159036.297262 ### RSSI: -53, 34, 1640051391 ,3855 
1641159037.293799 ### RSSI: -49, 2, 1640051392 ,3871 
1641159038.294175 ### RSSI: -55, 28, 1640051393 ,3886 
1641159039.299065 ### RSSI: -51, 17, 1640051394 ,3902 
1641159040.298870 ### RSSI: -51, 14, 1640051395 ,3918 
1641159041.299180 ### RSSI: -50, 4, 1640051396 ,3933 
1641159042.297999 ### RSSI: -49, 3, 1640051397 ,3949 
1641159043.299095 ### RSSI: -48, 7, 1640051398 ,3965 
1641159044.290453 ### RSSI: -53, 20, 1640051399 ,3980 
1641159044.290576 ERROR: Unable to initialize the SD card!
1641159044.290646 ERROR: Unable to power on the SD Card!
1641159045.292522 ### RSSI: -49, 5, 1640051400 ,3996 
1641159046.290633 ### RSSI: -53, 32, 1640051401 ,4011 
1641159047.288822 ### RSSI: -49, 1, 1640051402 ,4027 
1641159048.289404 ### RSSI: -53, 34, 1640051403 ,4043 
1641159049.294045 ### RSSI: -47, 5, 1640051404 ,4058 
1641159050.290710 ### RSSI: -53, 22, 1640051405 ,4074 
1641159051.294570 ### RSSI: -50, 16, 1640051406 ,4090 
1641159052.293788 ### RSSI: -54, 26, 1640051407 ,4105 
1641159053.290024 ### RSSI: -51, 17, 1640051408 ,4121 
1641159054.292635 ### RSSI: -49, 17, 1640051409 ,4136 
1641159055.287143 ### RSSI: -54, 31, 1640051410 ,4152 
1641159056.290172 ### RSSI: -53, 5, 1640051411 ,4168 
1641159057.296391 ### RSSI: -45, 0, 1640051412 ,4183 
1641159058.297575 ### RSSI: -45, 30, 1640051413 ,4199 
1641159059.494817 ### RSSI: -49, 30, 1640051415 ,4218 
1641159060.489985 ### RSSI: -50, 29, 1640051416 ,4233 
1641159061.490748 ### RSSI: -51, 17, 1640051417 ,4249 
1641159062.492729 ### RSSI: -52, 11, 1640051418 ,4264 
1641159063.489327 ### RSSI: -51, 34, 1640051419 ,4280 
1641159064.495941 ### RSSI: -61, 7, 1640051420 ,4296 
1641159065.487298 ### RSSI: -55, 11, 1640051421 ,4311 
1641159066.490539 ### RSSI: -60, 33, 1640051422 ,4327 
1641159067.486530 ### RSSI: -61, 26, 1640051423 ,4343 
1641159068.488824 ### RSSI: -58, 24, 1640051424 ,4358 
1641159069.488171 ### RSSI: -62, 3, 1640051425 ,4374 
1641159070.488082 ### RSSI: -56, 10, 1640051426 ,4389 
1641159071.495848 ### RSSI: -59, 4, 1640051427 ,4405 
1641159072.488981 ### RSSI: -57, 23, 1640051428 ,4421 
1641159073.494090 ### RSSI: -59, 32, 1640051429 ,4436 
1641159074.494258 ### RSSI: -60, 32, 1640051430 ,4452 
1641159075.496208 ### RSSI: -58, 17, 1640051431 ,4467 
1641159076.488560 ### RSSI: -58, 0, 1640051432 ,4483 
1641159077.493218 ### RSSI: -56, 27, 1640051433 ,4499 
1641159078.486679 ### RSSI: -58, 34, 1640051434 ,4514 
1641159079.493040 ### RSSI: -68, 10, 1640051436 ,4530 
1641159080.489833 ### RSSI: -64, 12, 1640051437 ,4546 
1641159081.491319 ### RSSI: -61, 4, 1640051438 ,4561 
1641159082.485997 ### RSSI: -70, 31, 1640051439 ,4577 
1641159083.488856 ### RSSI: -61, 5, 1640051440 ,4592 
1641159084.492247 ### RSSI: -56, 23, 1640051441 ,4608 
1641159085.489686 ### RSSI: -57, 32, 1640051442 ,4624 
1641159086.494156 ### RSSI: -60, 31, 1640051443 ,4639 
1641159087.494278 ### RSSI: -59, 32, 1640051444 ,4655 
1641159088.492395 ### RSSI: -58, 33, 1640051445 ,4671 
1641159089.493787 ### RSSI: -59, 28, 1640051446 ,4686 
1641159090.492971 ### RSSI: -58, 19, 1640051447 ,4702 
1641159091.490489 ### RSSI: -58, 3, 1640051448 ,4717 
1641159092.487648 ### RSSI: -61, 30, 1640051449 ,4733 
1641159093.493795 ### RSSI: -60, 31, 1640051450 ,4749 
1641159094.493720 ### RSSI: -61, 6, 1640051451 ,4764 
1641159095.495017 ### RSSI: -71, 28, 1640051452 ,4780 
1641159096.491203 ### RSSI: -63, 31, 1640051453 ,4795 
1641159097.486682 ### RSSI: -58, 12, 1640051454 ,4811 
1641159098.487273 ### RSSI: -58, 28, 1640051455 ,4827 
1641159099.487071 ### RSSI: -73, 3, 1640051456 ,4842 
1641159100.489273 ### RSSI: -61, 22, 1640051457 ,4858 
1641159101.495661 ### RSSI: -61, 22, 1640051458 ,4874 
1641159102.493539 ### RSSI: -62, 18, 1640051459 ,4889 
1641159103.489214 ### RSSI: -62, 35, 1640051461 ,4905 
1641159104.489979 ### RSSI: -60, 0, 1640051462 ,4920 
1641159105.493181 ### RSSI: -58, 32, 1640051463 ,4936 
1641159106.489224 ### RSSI: -63, 11, 1640051464 ,4952 
1641159107.486870 ### RSSI: -63, 8, 1640051465 ,4967 
1641159108.494230 ### RSSI: -62, 2, 1640051466 ,4983 
1641159109.492014 ### RSSI: -70, 10, 1640051467 ,4999 
1641159110.488312 ### RSSI: -55, 13, 1640051468 ,5014 
1641159111.488162 ### RSSI: -59, 8, 1640051469 ,5030 
1641159112.489230 ### RSSI: -61, 20, 1640051470 ,5045 
1641159113.486936 ### RSSI: -61, 31, 1640051471 ,5061 
1641159114.492532 ### RSSI: -64, 23, 1640051472 ,5077 
1641159115.491153 ### RSSI: -65, 10, 1640051473 ,5092 
1641159116.487864 ### RSSI: -62, 20, 1640051474 ,5108 
1641159117.487934 ### RSSI: -57, 22, 1640051475 ,5123 
1641159118.483315 ### RSSI: -60, 1, 1640051476 ,5139 
1641159119.484384 ### RSSI: -59, 31, 1640051477 ,5155 
1641159120.492002 ### RSSI: -59, 8, 1640051478 ,5170 
1641159121.492207 ### RSSI: -61, 19, 1640051479 ,5186 
1641159122.489210 ### RSSI: -60, 20, 1640051480 ,5202 
1641159123.490266 ### RSSI: -62, 11, 1640051481 ,5217 
1641159124.485701 ### RSSI: -56, 5, 1640051482 ,5233 
1641159125.484335 ### RSSI: -57, 24, 1640051483 ,5248 
1641159126.484836 ### RSSI: -60, 22, 1640051484 ,5264 
1641159127.486993 ### RSSI: -71, 7, 1640051486 ,5280 
1641159128.492397 ### RSSI: -69, 7, 1640051487 ,5295 
1641159129.490396 ### RSSI: -61, 19, 1640051488 ,5311 
1641159130.491969 ### RSSI: -60, 18, 1640051489 ,5327 
1641159131.491270 ### RSSI: -57, 8, 1640051490 ,5342 
1641159132.492203 ### RSSI: -58, 20, 1640051491 ,5358 
1641159133.484043 ### RSSI: -65, 31, 1640051492 ,5373 
1641159134.488039 ### RSSI: -71, 20, 1640051493 ,5389 
1641159135.491356 ### RSSI: -65, 3, 1640051494 ,5405 
1641159136.490830 ### RSSI: -73, 16, 1640051495 ,5420 
1641159137.491847 ### RSSI: -62, 28, 1640051496 ,5436 
1641159138.485385 ### RSSI: -58, 15, 1640051497 ,5451 
1641159139.485892 ### RSSI: -61, 23, 1640051498 ,5467 
1641159140.487935 ### RSSI: -64, 19, 1640051499 ,5483 
1641159141.485420 ### RSSI: -62, 2, 1640051500 ,5498 
1641159142.482828 ### RSSI: -62, 26, 1640051501 ,5514 
1641159143.493680 ### RSSI: -63, 22, 1640051502 ,5530 
1641159144.486909 ### RSSI: -64, 17, 1640051503 ,5545 
1641159145.492294 ### RSSI: -60, 1, 1640051504 ,5561 
1641159146.488367 ### RSSI: -56, 27, 1640051505 ,5576 
1641159147.482908 ### RSSI: -58, 12, 1640051506 ,5592 
1641159148.489113 ### RSSI: -57, 1, 1640051507 ,5608 
1641159149.482883 ### RSSI: -60, 33, 1640051508 ,5623 
1641159150.482162 ### RSSI: -64, 11, 1640051509 ,5639 
1641159151.489602 ### RSSI: -55, 16, 1640051510 ,5654 
1641159152.482562 ### RSSI: -59, 9, 1640051512 ,5670 
1641159153.483633 ### RSSI: -58, 25, 1640051513 ,5686 
1641159154.486862 ### RSSI: -61, 22, 1640051514 ,5701 
1641159155.491504 ### RSSI: -62, 16, 1640051515 ,5717 
1641159156.488987 ### RSSI: -61, 35, 1640051516 ,5733 
1641159157.490349 ### RSSI: -59, 15, 1640051517 ,5748 
1641159158.481772 ### RSSI: -58, 34, 1640051518 ,5764 
1641159159.485805 ### RSSI: -57, 29, 1640051519 ,5779 
1641159160.487866 ### RSSI: -58, 19, 1640051520 ,5795 
1641159161.487268 ### RSSI: -62, 21, 1640051521 ,5811 
1641159162.487880 ### RSSI: -62, 7, 1640051522 ,5826 
1641159163.484292 ### RSSI: -62, 2, 1640051523 ,5842 
1641159164.483749 ### RSSI: -61, 31, 1640051524 ,5858 
1641159165.488452 ### RSSI: -58, 22, 1640051525 ,5873 
1641159166.486382 ### RSSI: -60, 15, 1640051526 ,5889 
1641159167.486973 ### RSSI: -65, 7, 1640051527 ,5904 
1641159168.484640 ### RSSI: -64, 4, 1640051528 ,5920 
1641159169.486009 ### RSSI: -62, 2, 1640051529 ,5936 
1641159170.486454 ### RSSI: -63, 26, 1640051530 ,5951 
1641159171.492194 ### RSSI: -57, 29, 1640051531 ,5967 
1641159172.487761 ### RSSI: -62, 34, 1640051532 ,5982 
1641159173.490970 ### RSSI: -55, 10, 1640051533 ,5998 
1641159174.484672 ### RSSI: -61, 21, 1640051534 ,6014 
1641159175.487501 ### RSSI: -62, 35, 1640051535 ,6029 
1641159176.489803 ### RSSI: -58, 28, 1640051537 ,6045 
1641159177.487506 ### RSSI: -62, 6, 1640051538 ,6061 
1641159178.484776 ### RSSI: -58, 6, 1640051539 ,6076 
1641159179.487876 ### RSSI: -62, 5, 1640051540 ,6092 
1641159180.489183 ### RSSI: -62, 14, 1640051541 ,6107 
1641159181.481439 ### RSSI: -61, 36, 1640051542 ,6123 
1641159182.485085 ### RSSI: -63, 29, 1640051543 ,6139 
1641159183.486763 ### RSSI: -64, 17, 1640051544 ,6154 
1641159184.489763 ### RSSI: -64, 15, 1640051545 ,6170 
1641159185.481617 ### RSSI: -62, 8, 1640051546 ,6186 
1641159186.487479 ### RSSI: -60, 17, 1640051547 ,6201 
1641159187.484193 ### RSSI: -64, 31, 1640051548 ,6217 
1641159188.484615 ### RSSI: -62, 6, 1640051549 ,6232 
1641159189.481456 ### RSSI: -54, 18, 1640051550 ,6248 
1641159190.485425 ### RSSI: -56, 15, 1640051551 ,6264 
1641159191.490133 ### RSSI: -55, 3, 1640051552 ,6279 
1641159192.479642 ### RSSI: -54, 25, 1640051553 ,6295 
1641159193.485455 ### RSSI: -53, 30, 1640051554 ,6310 
1641159194.485290 ### RSSI: -53, 32, 1640051555 ,6326 
