1640985086.050958 ###RTT Client: ************************************************************ 
1640985086.051125 ###RTT Client: *               SEGGER Microcontroller GmbH                * 
1640985086.051170 ###RTT Client: *   Solutions for real time microcontroller applications   * 
1640985086.051217 ###RTT Client: ************************************************************ 
1640985086.051264 ###RTT Client: *                                                          * 
1640985086.051304 ###RTT Client: *       (c) 2012 - 2016  SEGGER Microcontroller GmbH       * 
1640985086.051344 ###RTT Client: *                                                          * 
1640985086.051383 ###RTT Client: *     www.segger.com     Support: support@segger.com       * 
1640985086.051460 ###RTT Client: *                                                          * 
1640985086.051503 ###RTT Client: ************************************************************ 
1640985086.051542 ###RTT Client: *                                                          * 
1640985086.051581 ###RTT Client: * SEGGER J-Link RTT Client   Compiled Jan 30 2018 18:46:58 * 
1640985086.051621 ###RTT Client: *                                                          * 
1640985086.051660 ###RTT Client: ************************************************************ 
1640985086.051700 
1640985086.051746 ###RTT Client: -----------------------------------------------
1640985086.051789 ###RTT Client: Connecting to J-Link RTT Server via localhost:9201  Connected.
1640985086.051829 SEGGER J-Link V6.30 - Real time terminal output
1640985086.051868 J-Link EDU Mini V1 compiled Oct 22 2019 16:28:45 V1.0, SN=801021855
1640985086.051907 Process: JLinkExe
1640985086.051947 ### RSSI: -58, 2, 1640053504 ,4848 
1640985086.051993 ### RSSI: -46, 18, 1640053505 ,4864 
1640985086.052033 ### RSSI: -45, 31, 1640053506 ,4879 
1640985086.052078 ### RSSI: -47, 34, 1640053507 ,4895 
1640985086.052123 ### RSSI: -47, 18, 1640053508 ,4910 
1640985086.052166 ### DEBUG: Ticks: 4923, 78, 0 
1640985086.052205 1640053509 c0:98:e5:42:00:2c 279 
1640985086.052245 440 449 458 467 484 487 489 497 499 510 514 519 532 535 538 
1640985086.052284 540 543 548 554 567 577 579 597 601 609 615 629 640 741 0 
1640985086.052324 ### DEBUG: Ticks: 4939, 16, 0 
1640985086.052363 1640053510 c0:98:e5:42:00:2c 254 
1640985086.052403 420 425 437 446 465 468 468 469 473 475 502 502 504 508 509 
1640985086.052446 510 528 531 545 548 548 556 559 569 572 588 594 617 651 662 
1640985086.052485 ### DEBUG: Ticks: 4954, 15, 0 
1640985086.052524 1640053511 c0:98:e5:42:00:2c 263 
1640985086.052564 440 462 479 480 483 484 484 488 497 497 500 508 519 519 520 
1640985086.052606 532 551 557 558 564 568 570 571 576 593 594 649 658 661 750 
1640985086.052646 ### DEBUG: Ticks: 4970, 16, 0 
1640985086.052685 1640053512 c0:98:e5:42:00:2c 338 
1640985086.052728 561 564 582 598 607 608 610 629 631 631 647 653 655 664 664 
1640985086.052767 691 693 698 698 699 700 709 718 733 742 748 755 757 774 807 
1640985086.052806 ### BLE EVENT: 17, INFO: BLE DISCONNECTED!
1640985086.052846 ### DEBUG: Ticks: 4985, 15, 0 
1640985086.052889 1640053513 c0:98:e5:42:00:2c 296 
1640985086.052928 479 511 517 522 529 532 533 543 545 547 568 569 582 582 585 
1640985086.052968 599 602 611 631 634 637 658 659 672 675 688 690 697 748 780 
1640985086.053007 ### DEBUG: Ticks: 5001, 16, 0 
1640985086.053052 1640053514 c0:98:e5:42:00:2c 296 
1640985086.053091 509 533 536 541 545 546 550 560 564 565 577 579 581 583 589 
1640985086.053136 598 609 612 615 622 623 628 646 674 674 676 687 707 713 767 
1640985086.053182 ### DEBUG: Ticks: 5017, 16, 0 
1640985086.053222 1640053515 c0:98:e5:42:00:2c 288 
1640985086.053268 478 482 490 507 508 509 512 526 536 542 548 552 560 569 572 
1640985086.053307 580 587 592 596 599 603 608 608 617 620 625 683 685 686 733 
1640985086.053352 ### BLE EVENT: 16, INFO: BLE CONNECTED!
1640985086.053398 ### RSSI: -46, 36, 1640053515 ,5022 
1640985086.053444 ### RSSI: -45, 36, 1640053515 ,5024 
1640985086.053489 ### RSSI: -48, 4, 1640053516 ,5026 
1640985086.053529 ### RSSI: -46, 27, 1640053516 ,5027 
1640985086.053569 ### RSSI: -45, 23, 1640053516 ,5029 
1640985086.053608 ### RSSI: -49, 15, 1640053516 ,5030 
1640985086.053652 ### RSSI: -48, 4, 1640053516 ,5032 
1640985086.053698 ### DEBUG: Ticks: 5032, 15, 0 
1640985086.053822 1640053516 c0:98:e5:42:00:2c 335 
1640985086.053869 490 570 572 585 586 587 598 630 643 646 647 656 661 669 670 
1640985086.053909 671 677 679 684 687 696 709 713 728 732 735 739 754 802 814 
1640985086.053949 ### RSSI: -48, 4, 1640053516 ,5033 
1640985086.053994 ### RSSI: -46, 35, 1640053516 ,5035 
1640985086.054034 ### RSSI: -46, 25, 1640053516 ,5036 
1640985086.054079 ### RSSI: -49, 3, 1640053516 ,5038 
1640985086.054120 ### RSSI: -46, 13, 1640053517 ,5040 
1640985086.054160 ### RSSI: -48, 5, 1640053517 ,5041 
1640985086.054205 ### RSSI: -47, 16, 1640053517 ,5043 
1640985086.054251 ### RSSI: -46, 9, 1640053517 ,5044 
1640985086.054296 ### RSSI: -47, 30, 1640053517 ,5046 
1640985086.054342 ### RSSI: -46, 13, 1640053517 ,5047 
1640985086.054389 ### DEBUG: Ticks: 5048, 16, 0 
1640985086.054429 1640053517 c0:98:e5:42:00:2c 342 
1640985086.054474 484 484 489 499 504 510 513 513 518 520 526 557 563 565 570 
1640985086.054519 582 584 590 599 607 618 619 629 632 632 658 665 677 725 0 
1640985086.054565 ### INFO: SD card flushed!
1640985086.054613 ### RSSI: -46, 31, 1640053518 ,5063 
1640985086.054653 ### DEBUG: Ticks: 5064, 16, 0 
1640985086.054698 1640053518 c0:98:e5:42:00:2c 342 
1640985086.054737 483 598 600 615 617 621 629 636 639 655 669 674 675 677 685 
1640985086.054783 686 691 692 704 715 727 730 738 750 763 773 777 786 798 843 
1640985086.054828 ### RSSI: -48, 0, 1640053519 ,5079 
1640985086.054873 ### DEBUG: Ticks: 5079, 15, 0 
1640985086.054919 1640053519 c0:98:e5:42:00:2c 304 
1640985086.054959 444 500 519 524 535 536 537 543 548 550 555 564 567 598 607 
1640985086.055004 612 617 620 620 628 636 636 638 659 660 663 670 681 684 728 
1640985086.055049 ### RSSI: -46, 13, 1640053520 ,5094 
1640985086.055095 ### RSSI: -49, 2, 1640053521 ,5110 
1640985086.055143 ### RSSI: -48, 4, 1640053522 ,5125 
1640985086.055183 ### DEBUG: Ticks: 5126, 47, 0 
1640985086.055223 1640053522 c0:98:e5:42:00:2c 357 
1640985086.055263 469 515 533 534 544 548 550 551 557 577 584 596 610 610 618 
1640985086.055308 619 622 639 643 652 658 660 665 666 672 674 686 693 709 738 
1640985086.055354 ### RSSI: -46, 31, 1640053523 ,5141 
1640985086.055400 ### RSSI: -47, 6, 1640053524 ,5157 
1640985086.055440 ### RSSI: -46, 13, 1640053525 ,5172 
1640985086.055480 ### RSSI: -46, 31, 1640053526 ,5188 
1640985086.055519 ### RSSI: -46, 10, 1640053527 ,5204 
1640985086.055559 ### DEBUG: Ticks: 5204, 78, 0 
1640985086.055598 1640053527 c0:98:e5:42:00:2c 259 
1640985086.055637 428 440 464 465 474 476 480 485 486 497 505 507 509 516 519 
1640985086.055677 520 532 548 551 553 558 559 561 564 578 617 618 659 665 685 
1640985086.055717 ### RSSI: -46, 32, 1640053528 ,5219 
1640985086.055757 ### DEBUG: Ticks: 5220, 16, 0 
1640985086.055796 1640053528 c0:98:e5:42:00:2c 353 
1640985086.055836 546 583 592 595 595 599 610 613 639 641 648 649 659 663 665 
1640985086.055875 671 672 673 682 687 692 694 694 699 720 731 752 757 781 781 
1640985086.055914 ### RSSI: -49, 3, 1640053529 ,5235 
1640985086.055953 ### DEBUG: Ticks: 5235, 15, 0 
1640985086.055993 1640053529 c0:98:e5:42:00:2c 281 
1640985086.056033 496 502 503 510 514 514 518 524 525 533 535 537 540 549 555 
1640985086.056072 569 573 584 587 587 600 610 616 624 636 640 654 656 735 744 
1640985086.056112 ### RSSI: -47, 30, 1640053530 ,5250 
1640985086.056152 ### RSSI: -45, 27, 1640053531 ,5266 
1640985086.056192 ### RSSI: -45, 8, 1640053532 ,5282 
1640985086.056231 ### DEBUG: Ticks: 5282, 47, 0 
1640985086.056270 1640053532 c0:98:e5:42:00:2c 282 
1640985086.056310 409 454 473 476 486 509 510 510 510 511 520 526 540 560 565 
1640985086.056350 573 579 592 593 596 599 605 606 612 616 619 624 688 688 0 
1640985086.056389 ### RSSI: -45, 23, 1640053533 ,5297 
1640985086.056429 ### RSSI: -45, 20, 1640053534 ,5313 
1640985086.056469 ### RSSI: -47, 28, 1640053535 ,5329 
1640985086.056507 ### DEBUG: Ticks: 5329, 47, 0 
1640985086.056547 1640053535 c0:98:e5:42:00:2c 294 
1640985086.056587 466 482 490 491 511 514 517 541 551 555 568 577 580 584 588 
1640985086.056627 589 595 599 602 606 607 611 627 628 655 666 678 690 704 0 
1640985086.056666 ### RSSI: -46, 12, 1640053536 ,5344 
1640985086.056704 ### DEBUG: Ticks: 5345, 16, 0 
1640985086.056744 1640053536 c0:98:e5:42:00:2c 244 
1640985086.056783 400 408 408 423 427 429 429 450 450 458 467 471 475 485 489 
1640985086.056823 490 505 508 518 521 521 531 532 556 558 562 564 584 637 660 
1640985086.056863 ### RSSI: -46, 23, 1640053537 ,5360 
1640985086.056902 ### DEBUG: Ticks: 5360, 15, 0 
1640985086.056942 1640053537 c0:98:e5:42:00:2c 292 
1640985086.056982 446 470 482 496 500 505 512 512 514 525 529 534 538 538 544 
1640985086.057022 548 555 573 576 576 583 586 591 607 612 616 629 641 653 671 
1640985086.057061 ### RSSI: -46, 24, 1640053538 ,5375 
1640985086.057101 ### DEBUG: Ticks: 5376, 16, 0 
1640985086.057141 1640053538 c0:98:e5:42:00:2c 335 
1640985086.057180 513 529 548 549 562 563 568 580 586 590 595 596 604 610 616 
1640985086.057220 619 622 645 658 667 674 676 682 692 720 729 760 794 0 0 
1640985086.057259 ### RSSI: -47, 29, 1640053539 ,5391 
1640985086.057298 ### DEBUG: Ticks: 5392, 16, 0 
1640985086.057338 1640053539 c0:98:e5:42:00:2c 293 
1640985086.057378 483 487 507 528 536 543 547 558 566 572 572 575 584 584 585 
1640985086.057417 587 599 621 630 641 641 644 648 656 659 688 688 693 709 761 
1640985086.057457 ### RSSI: -46, 9, 1640053540 ,5407 
1640985086.057496 ### RSSI: -46, 27, 1640053541 ,5422 
1640985086.057536 ### RSSI: -46, 26, 1640053542 ,5438 
1640985086.057575 ### DEBUG: Ticks: 5438, 46, 0 
1640985086.057615 1640053542 c0:98:e5:42:00:2c 355 
1640985086.057655 495 514 534 541 545 549 554 558 575 576 590 593 606 610 619 
1640985086.057694 619 622 626 631 644 651 656 663 671 689 693 715 725 774 790 
1640985086.057755 ### RSSI: -46, 26, 1640053543 ,5453 
1640985086.057796 ### DEBUG: Ticks: 5454, 16, 0 
1640985086.057836 1640053543 c0:98:e5:42:00:2c 338 
1640985086.057875 430 490 517 525 535 544 550 558 568 572 574 578 582 584 592 
1640985086.057915 601 608 614 616 617 622 633 636 641 643 645 648 677 694 746 
1640985086.057954 ### RSSI: -46, 25, 1640053544 ,5469 
1640985086.057994 ### RSSI: -45, 8, 1640053545 ,5485 
1640985086.058033 ### RSSI: -48, 4, 1640053546 ,5500 
1640985086.058072 ### DEBUG: Ticks: 5501, 47, 0 
1640985086.058112 1640053546 c0:98:e5:42:00:2c 287 
1640985086.058151 488 490 518 518 522 526 530 532 540 547 554 555 571 573 575 
1640985086.058190 585 590 591 593 595 599 626 630 636 659 663 672 684 752 0 
1640985086.058230 ### RSSI: -46, 31, 1640053547 ,5516 
1640985086.058270 ### DEBUG: Ticks: 5517, 16, 0 
1640985086.058310 1640053547 c0:98:e5:42:00:2c 295 
1640985086.058349 432 469 487 495 498 521 522 523 536 537 537 541 551 554 554 
1640985086.058389 561 581 587 595 603 604 609 616 640 647 660 664 701 721 0 
1640985086.058440 ### RSSI: -48, 5, 1640053548 ,5532 
1640985086.058497 ### DEBUG: Ticks: 5532, 15, 0 
1640985086.058553 1640053548 c0:98:e5:42:00:2c 285 
1640985086.058604 474 511 522 524 525 529 538 542 546 547 552 555 559 565 570 
1640985086.058670 572 590 602 603 614 617 626 629 638 640 668 671 676 717 0 
1640985086.058724 ### RSSI: -45, 21, 1640053549 ,5547 
1640985086.058778 ### DEBUG: Ticks: 5548, 16, 0 
1640985086.058902 1640053549 c0:98:e5:42:00:2c 275 
1640985086.058994 463 473 480 515 515 517 518 523 527 528 530 531 539 543 548 
1640985086.059066 553 568 573 580 580 588 592 597 602 606 612 624 674 692 725 
1640985086.059107 ### RSSI: -46, 32, 1640053550 ,5563 
1640985086.059147 ### DEBUG: Ticks: 5563, 15, 0 
1640985086.059186 1640053550 c0:98:e5:42:00:2c 286 
1640985086.059226 479 507 513 516 519 526 537 539 545 546 550 559 561 568 572 
1640985086.059266 572 583 584 585 592 595 613 620 637 637 642 677 701 723 0 
1640985086.059305 ### RSSI: -46, 18, 1640053551 ,5578 
1640985086.059345 ### DEBUG: Ticks: 5579, 16, 0 
1640985086.059386 1640053551 c0:98:e5:42:00:2c 295 
1640985086.059425 497 525 532 536 544 544 550 551 555 568 575 576 578 580 581 
1640985086.059464 602 607 632 636 637 637 644 660 661 667 672 692 716 734 770 
1640985086.059504 ### RSSI: -46, 32, 1640053552 ,5594 
1640985086.059543 ### DEBUG: Ticks: 5595, 16, 0 
1640985086.059582 1640053552 c0:98:e5:42:00:2c 307 
1640985086.059622 432 436 457 461 462 468 477 478 482 493 494 496 498 524 527 
1640985086.059661 551 557 559 559 562 563 571 573 575 584 603 617 645 679 689 
1640985086.059701 ### RSSI: -48, 14, 1640053553 ,5610 
1640985086.059740 ### DEBUG: Ticks: 5610, 15, 0 
1640985086.059780 1640053553 c0:98:e5:42:00:2c 322 
1640985086.059819 517 536 555 557 561 577 582 588 596 596 600 618 622 626 633 
1640985086.059870 656 657 658 662 662 664 683 683 690 691 704 709 715 787 795 
1640985086.059979 ### RSSI: -45, 8, 1640053554 ,5625 
1640985086.060024 ### DEBUG: Ticks: 5626, 16, 0 
1640985086.060063 1640053554 c0:98:e5:42:00:2c 320 
1640985086.060103 478 486 500 503 508 524 525 525 527 528 538 544 561 578 579 
1640985086.060142 585 585 586 600 602 608 614 616 624 628 640 668 676 694 733 
1640985086.060182 ### RSSI: -47, 7, 1640053555 ,5641 
1640985086.060221 ### RSSI: -46, 7, 1640053556 ,5657 
1640985087.010890 ### RSSI: -46, 29, 1640053557 ,5672 
1640985087.058050 ### DEBUG: Ticks: 5673, 47, 0 
1640985087.058165 1640053557 c0:98:e5:42:00:2c 260 
1640985087.058215 433 434 435 436 437 452 454 462 463 490 493 498 499 499 517 
1640985087.058263 525 526 528 528 539 548 569 570 576 576 612 615 652 664 695 
1640985088.012350 ### RSSI: -46, 12, 1640053558 ,5688 
1640985088.058831 ### DEBUG: Ticks: 5688, 15, 0 
1640985088.058948 1640053558 c0:98:e5:42:00:2c 295 
1640985088.058998 396 480 484 498 500 502 512 513 516 524 525 525 530 540 568 
1640985088.059051 573 582 586 587 598 600 601 604 610 630 632 649 649 728 0 
1640985089.015989 ### RSSI: -46, 20, 1640053559 ,5703 
1640985089.050953 ### DEBUG: Ticks: 5704, 16, 0 
1640985089.051102 1640053559 c0:98:e5:42:00:2c 311 
1640985089.051175 499 535 547 565 572 573 575 577 586 588 595 596 600 606 623 
1640985089.051252 624 639 639 657 657 659 660 665 697 705 706 712 713 749 0 
1640985090.014781 ### RSSI: -48, 0, 1640053560 ,5719 
1640985090.059739 ### DEBUG: Ticks: 5720, 16, 0 
1640985090.059856 1640053560 c0:98:e5:42:00:2c 292 
1640985090.059905 415 498 504 512 540 541 541 543 545 549 561 567 569 575 576 
1640985090.059954 594 605 608 609 616 624 630 635 645 672 681 682 684 689 747 
1640985091.007013 ### RSSI: -48, 4, 1640053561 ,5735 
1640985091.051136 ### DEBUG: Ticks: 5735, 15, 0 
1640985091.051268 1640053561 c0:98:e5:42:00:2c 296 
1640985091.051310 456 483 492 494 496 497 502 505 516 527 528 534 548 561 561 
1640985091.051365 564 566 576 584 595 604 616 616 622 648 654 655 656 672 741 
1640985092.012702 ### RSSI: -46, 27, 1640053562 ,5750 
1640985092.060797 ### DEBUG: Ticks: 5751, 16, 0 
1640985092.060967 1640053562 c0:98:e5:42:00:2c 296 
1640985092.061052 461 502 520 531 539 546 556 557 558 566 569 571 574 578 591 
1640985092.061134 593 622 626 629 630 652 657 663 665 666 668 711 714 726 793 
1640985093.007790 ### RSSI: -48, 4, 1640053563 ,5766 
1640985093.053096 ### DEBUG: Ticks: 5766, 15, 0 
1640985093.053411 1640053563 c0:98:e5:42:00:2c 300 
1640985093.053691 415 480 497 506 514 523 533 548 551 554 570 573 589 594 600 
1640985093.053981 603 604 607 614 620 620 628 629 641 651 653 654 681 700 728 
1640985094.010815 ### RSSI: -48, 0, 1640053564 ,5781 
1640985094.055276 ### DEBUG: Ticks: 5782, 16, 0 
1640985094.055567 1640053564 c0:98:e5:42:00:2c 285 
1640985094.055741 490 493 520 521 522 524 526 531 538 549 549 552 553 564 564 
1640985094.055875 579 581 592 597 599 602 605 605 624 631 647 666 675 690 741 
1640985095.010585 ### RSSI: -46, 9, 1640053565 ,5797 
1640985095.057201 ### DEBUG: Ticks: 5798, 16, 0 
1640985095.057375 1640053565 c0:98:e5:42:00:2c 315 
1640985095.057485 506 561 574 575 576 583 590 592 592 592 597 608 608 622 628 
1640985095.057566 632 641 643 671 674 676 681 686 690 702 712 716 731 784 808 
1640985095.539218 ### DEBUG: BLE START SCANNING called
1640985095.549598 ### DEBUG: BLE START SCANNING called
1640985095.595120 ### DEBUG: BLE START SCANNING called
1640985095.595302 ### addr: c0:98:e5:42:00:2c 
1640985095.595401 ### on_adv_report outer RSSI: -49, time:1640053566 
1640985095.595507 ### INFO: Discovered new device: c0:98:e5:42:00:2c
1640985095.595616 ### DEBUG: connected? already connected
1640985095.595721 ### DEBUG: BLE START SCANNING called
1640985095.653644 ### BLE EVENT: 16, INFO: BLE CONNECTED!
1640985095.653888 ### DEBUG: BLE START SCANNING called
1640985095.653974 ### RSSI: -46, 26, 1640053566 ,5807 
1640985095.654070 ### DEBUG: BLE START SCANNING called
1640985095.754442 ### RSSI: -46, 9, 1640053566 ,5809 
1640985095.754626 ### DEBUG: BLE START SCANNING called
1640985095.855410 ### RSSI: -45, 23, 1640053566 ,5810 
1640985095.855643 ### DEBUG: BLE START SCANNING called
1640985095.957990 ### RSSI: -49, 5, 1640053566 ,5812 
1640985095.958296 ### DEBUG: BLE START SCANNING called
1640985095.958508 ### RSSI: -54, 5, 1640053566 ,5812 
1640985095.958714 ### DEBUG: BLE START SCANNING called
1640985096.013708 ### RSSI: -48, 0, 1640053566 ,5813 
1640985097.540051 
1640985097.540178 ----------------------------------------------
1640985097.540236 ### WARNING: Chip experienced a reset with reason 2
1640985097.789234 ### INFO: Bluetooth address: c0:98:e5:42:00:29
1640985097.789373 ### DEBUG: Time is 00:00:00, 2000/00/00
1640985097.789423 ### INFO: Time is 00:00:00, 2000/00/00
1640985097.889086 ### INFO: Initializing SD Card...
1640985098.262150 ### INFO: Connecting to the SquarePoint module...
1640985098.262259 ### INFO: SquarePoint module connection successful
1640985098.262309 ### INFO: Battery voltage currently 4053 mV
1640985098.407393 ### INFO: SD card flushed!
1640985098.430238 ### INFO: SD card flushed!
1640985098.430354 ### DEBUG: BLE START SCANNING called
1640985099.569647 ### DEBUG: BLE START SCANNING called
1640985100.644203 ### DEBUG: BLE START SCANNING called
1640985100.699572 ### INFO: Device is now STATIONARY
1640985101.058060 ### DEBUG: Ticks: 54, 54, 0 
1640985101.058160 1640053571 c0:98:e5:42:00:2c 303 
1640985101.058202 529 530 540 543 545 564 564 567 569 572 584 589 589 597 606 
1640985101.058243 608 612 629 641 644 645 649 662 671 680 683 686 692 735 812 
1640985101.058292 ### INFO: Switched Scheduler EUI from 00:00:00:00:00:00 to c0:98:e5:42:00:2c
1640985101.694422 ### addr: c0:98:e5:42:00:2c 
1640985101.694605 ### on_adv_report outer RSSI: -48, time:1640053572 
1640985101.694655 ### INFO: Discovered new device: c0:98:e5:42:00:2c
1640985101.694711 ### DEBUG: connected? already connected
1640985101.694760 ### DEBUG: BLE START SCANNING called
1640985101.760195 ### BLE EVENT: 16, INFO: BLE CONNECTED!
1640985101.760324 ### DEBUG: BLE START SCANNING called
1640985101.760374 ### RSSI: -50, 3, 1640053572 ,65 
1640985101.760509 ### DEBUG: BLE START SCANNING called
1640985101.856282 ### RSSI: -50, 2, 1640053572 ,67 
1640985101.856383 ### DEBUG: BLE START SCANNING called
1640985101.955853 ### RSSI: -47, 34, 1640053572 ,69 
1640985101.955962 ### DEBUG: BLE START SCANNING called
1640985102.053041 ### DEBUG: Ticks: 70, 16, 1 
1640985102.053163 1640053572 c0:98:e5:42:00:2c 295 
1640985102.053203 452 473 484 493 501 505 509 522 523 524 527 531 533 537 541 
1640985102.053243 542 545 556 559 573 581 583 585 590 609 614 615 629 633 705 
1640985102.053288 ### RSSI: -47, 29, 1640053572 ,70 
1640985102.053327 ### DEBUG: BLE START SCANNING called
1640985102.053366 ### DEBUG: BLE START SCANNING called
1640985102.152762 ### RSSI: -46, 30, 1640053572 ,72 
1640985102.152896 ### DEBUG: BLE START SCANNING called
1640985102.262298 ### RSSI: -45, 23, 1640053572 ,73 
1640985102.262705 ### DEBUG: BLE START SCANNING called
1640985102.262839 ### DEBUG: BLE START SCANNING called
1640985102.361082 ### RSSI: -47, 6, 1640053573 ,75 
1640985102.361268 ### DEBUG: BLE START SCANNING called
1640985102.457507 ### RSSI: -46, 10, 1640053573 ,76 
1640985102.457647 ### DEBUG: BLE START SCANNING called
1640985102.556737 ### RSSI: -45, 32, 1640053573 ,78 
1640985102.556894 ### DEBUG: BLE START SCANNING called
1640985102.654256 ### RSSI: -43, 12, 1640053573 ,79 
1640985102.654390 ### DEBUG: BLE START SCANNING called
1640985102.752264 ### RSSI: -46, 18, 1640053573 ,81 
1640985102.752417 ### DEBUG: BLE START SCANNING called
1640985102.862147 ### RSSI: -46, 12, 1640053573 ,83 
1640985102.862279 ### DEBUG: BLE START SCANNING called
1640985102.960304 ### RSSI: -47, 30, 1640053573 ,84 
1640985102.960499 ### DEBUG: BLE START SCANNING called
1640985103.048156 ### DEBUG: Ticks: 86, 16, 1 
1640985103.059955 1640053573 c0:98:e5:42:00:2c 341 
1640985103.060114 456 535 548 558 574 585 588 592 594 601 606 620 621 625 634 
1640985103.060201 659 664 666 672 673 679 681 690 698 709 718 732 760 778 823 
1640985103.060396 ### RSSI: -46, 18, 1640053573 ,86 
1640985103.060506 ### DEBUG: BLE START SCANNING called
1640985103.060646 ### DEBUG: BLE START SCANNING called
1640985103.160110 ### RSSI: -46, 29, 1640053573 ,87 
1640985103.160304 ### DEBUG: BLE START SCANNING called
1640985103.261614 ### RSSI: -48, 0, 1640053573 ,89 
1640985103.261783 ### DEBUG: BLE START SCANNING called
1640985103.261838 ### DEBUG: BLE START SCANNING called
1640985103.352163 ### RSSI: -46, 26, 1640053574 ,90 
1640985103.352282 ### DEBUG: BLE START SCANNING called
1640985104.053080 ### DEBUG: BLE START SCANNING called
1640985104.355906 ### RSSI: -45, 19, 1640053575 ,106 
1640985105.353250 ### RSSI: -47, 30, 1640053576 ,122 
1640985106.050726 ### DEBUG: Ticks: 133, 47, 1 
1640985106.050837 1640053576 c0:98:e5:42:00:2c 306 
1640985106.062189 480 518 534 535 545 552 559 566 567 568 575 577 602 604 608 
1640985106.062282 615 619 632 641 643 647 651 659 675 679 680 685 707 710 791 
1640985106.352757 ### RSSI: -47, 29, 1640053577 ,137 
1640985107.053408 ### DEBUG: Ticks: 148, 15, 1 
1640985107.053567 1640053577 c0:98:e5:42:00:2c 337 
1640985107.053616 472 510 513 537 549 550 563 574 575 578 582 583 588 589 590 
1640985107.053665 590 593 617 621 640 645 646 650 651 658 667 668 677 700 789 
1640985107.356200 ### RSSI: -46, 9, 1640053578 ,153 
1640985108.053347 ### DEBUG: Ticks: 164, 16, 1 
1640985108.053636 1640053578 c0:98:e5:42:00:2c 304 
1640985108.053838 428 522 534 547 548 558 561 565 566 577 589 590 600 603 605 
1640985108.053887 611 614 616 625 626 629 631 654 655 683 683 696 722 727 735 
1640985108.356810 ### RSSI: -46, 8, 1640053579 ,168 
1640985109.059540 ### DEBUG: Ticks: 179, 15, 1 
1640985109.059687 1640053579 c0:98:e5:42:00:2c 336 
1640985109.059773 456 519 538 566 573 575 575 578 580 582 585 586 589 594 606 
1640985109.059919 612 617 628 634 641 641 642 645 657 669 687 704 720 756 803 
1640985109.358201 ### RSSI: -47, 15, 1640053580 ,184 
1640985110.058215 ### DEBUG: Ticks: 195, 16, 1 
1640985110.058498 1640053580 c0:98:e5:42:00:2c 351 
1640985110.058684 503 521 521 527 529 539 543 547 553 553 557 560 564 572 589 
1640985110.058739 594 599 605 606 614 615 633 635 635 644 647 658 687 692 730 
1640985110.360118 ### RSSI: -47, 7, 1640053580 ,200 
1640985111.056843 ### DEBUG: Ticks: 211, 16, 1 
1640985111.057136 1640053581 c0:98:e5:42:00:2c 297 
1640985111.057321 507 513 534 536 547 549 549 550 554 556 563 575 576 580 592 
1640985111.057520 596 596 602 613 619 622 624 628 628 630 649 659 679 751 792 
1640985111.360967 ### RSSI: -53, 21, 1640053581 ,215 
1640985112.054414 ### DEBUG: Ticks: 226, 15, 1 
1640985112.054524 1640053582 c0:98:e5:42:00:2c 383 
1640985112.054574 579 596 597 606 614 617 628 629 632 645 660 666 674 684 688 
1640985112.054628 690 701 704 719 723 725 740 750 751 757 770 781 801 841 889 
1640985112.353195 ### RSSI: -52, 20, 1640053582 ,231 
1640985113.051277 ### DEBUG: Ticks: 242, 16, 1 
1640985113.051395 1640053583 c0:98:e5:42:00:2c 302 
1640985113.062730 521 535 540 540 548 551 563 564 564 586 587 589 596 601 604 
1640985113.062849 605 610 610 622 628 629 630 651 651 662 668 686 731 837 939 
1640985113.359891 ### RSSI: -44, 17, 1640053583 ,247 
1640985114.053785 ### DEBUG: Ticks: 257, 15, 1 
1640985114.053951 1640053584 c0:98:e5:42:00:2c 267 
1640985114.054044 410 429 437 467 477 480 482 489 516 519 526 530 530 531 534 
1640985114.054146 534 535 540 542 545 559 562 565 575 575 576 578 698 722 848 
1640985114.360343 ### RSSI: -46, 34, 1640053584 ,262 
1640985115.048972 ### DEBUG: Ticks: 273, 16, 1 
1640985115.060843 1640053585 c0:98:e5:42:00:2c 423 
1640985115.060949 596 669 673 680 688 696 704 705 707 709 716 723 725 733 733 
1640985115.060999 737 738 742 742 748 752 752 754 754 755 778 807 813 825 829 
1640985115.355018 ### RSSI: -47, 13, 1640053585 ,278 
1640985116.052472 ### DEBUG: Ticks: 289, 16, 1 
1640985116.052597 1640053586 c0:98:e5:42:00:2c 548 
1640985116.052652 726 748 753 774 774 778 780 780 790 792 792 799 813 814 815 
1640985116.052700 816 821 821 824 832 833 834 836 853 872 879 882 906 908 916 
1640985116.353244 ### RSSI: -50, 15, 1640053586 ,293 
1640985117.053544 ### DEBUG: Ticks: 304, 15, 1 
1640985117.053702 1640053587 c0:98:e5:42:00:2c 666 
1640985117.054024 896 948 951 959 970 981 990 993 994 996 997 1003 1003 1004 1007 
1640985117.054119 1008 1011 1013 1015 1026 1034 1037 1041 1041 1043 1052 1065 1084 1099 1150 
1640985117.360164 ### RSSI: -49, 11, 1640053587 ,309 
1640985118.059538 ### DEBUG: Ticks: 320, 16, 1 
1640985118.059658 1640053588 c0:98:e5:42:00:2c 771 
1640985118.059707 954 962 963 991 1000 1000 1008 1013 1019 1020 1022 1025 1026 1027 1035 
1640985118.059756 1037 1040 1043 1043 1046 1049 1051 1052 1057 1057 1067 1098 1111 1158 1166 
1640985118.360173 ### RSSI: -52, 32, 1640053588 ,325 
1640985119.053867 ### DEBUG: Ticks: 336, 16, 1 
1640985119.054027 1640053589 c0:98:e5:42:00:2c 764 
1640985119.054078 908 925 934 947 958 963 977 980 984 985 998 1002 1002 1005 1005 
1640985119.054127 1012 1013 1013 1016 1016 1018 1022 1028 1038 1082 1089 1109 1140 0 0 
1640985119.361515 ### RSSI: -52, 18, 1640053589 ,340 
1640985120.056271 ### DEBUG: Ticks: 351, 15, 1 
1640985120.056378 1640053590 c0:98:e5:42:00:2c 758 
1640985120.056434 963 976 978 1013 1030 1039 1047 1048 1057 1064 1066 1069 1070 1072 1073 
1640985120.056483 1080 1087 1093 1094 1106 1106 1108 1119 1122 1139 1146 1153 1221 1409 1474 
1640985120.354286 ### RSSI: -52, 17, 1640053590 ,356 
1640985121.054865 ### DEBUG: Ticks: 367, 16, 1 
1640985121.054975 1640053591 c0:98:e5:42:00:2c 860 
1640985121.055030 927 938 958 987 988 999 1013 1015 1015 1024 1025 1038 1038 1045 1047 
1640985121.055106 1047 1054 1067 1067 1071 1074 1102 1105 1110 1128 1144 1146 1147 1149 1308 
1640985121.352210 ### RSSI: -64, 27, 1640053591 ,372 
1640985122.359750 ### RSSI: -57, 30, 1640053592 ,387 
1640985123.350253 ### RSSI: -61, 14, 1640053593 ,403 
1640985124.356590 ### RSSI: -55, 28, 1640053594 ,418 
1640985125.358345 ### RSSI: -69, 28, 1640053595 ,434 
1640985126.052546 ### DEBUG: Ticks: 445, 78, 1 
1640985126.052654 1640053596 c0:98:e5:42:00:2c 783 
1640985126.052719 958 1015 1019 1041 1046 1052 1052 1053 1057 1065 1075 1084 1086 1088 1089 
1640985126.052777 1097 1097 1105 1106 1119 1122 1127 1138 1153 1183 1195 1205 1216 1290 1337 
1640985126.351448 ### RSSI: -60, 30, 1640053597 ,450 
1640985127.357077 ### RSSI: -62, 21, 1640053598 ,465 
1640985128.349678 ### RSSI: -64, 29, 1640053599 ,481 
1640985129.057076 ### DEBUG: Ticks: 492, 47, 1 
1640985129.057380 1640053599 c0:98:e5:42:00:2c 1993 
1640985129.057430 2133 2140 2154 2159 2188 2204 2209 2212 2213 2214 2218 2221 2224 2228 2230 
1640985129.057484 2232 2232 2247 2261 2264 2268 2270 2288 2291 2304 2316 2319 2327 2415 2473 
1640985129.359650 ### RSSI: -66, 15, 1640053600 ,496 
1640985130.053808 ### DEBUG: Ticks: 507, 15, 1 
1640985130.053920 1640053600 c0:98:e5:42:00:2c 1979 
1640985130.053977 2305 2313 2316 2324 2330 2335 2343 2346 2357 2363 2370 2372 2376 2378 2384 
1640985130.054025 2386 2387 2399 2409 2412 2419 2432 2464 2470 2479 2482 2486 2502 2504 2601 
1640985130.353027 ### RSSI: -61, 23, 1640053601 ,512 
1640985131.053855 ### DEBUG: Ticks: 523, 16, 1 
1640985131.053960 1640053601 c0:98:e5:42:00:2c 1855 
1640985131.054037 2186 2195 2198 2213 2225 2229 2230 2232 2233 2235 2235 2238 2245 2246 2249 
1640985131.054086 2249 2260 2271 2279 2286 2291 2302 2306 2317 2327 2328 2330 2350 2354 2599 
1640985131.355017 ### RSSI: -67, 13, 1640053602 ,528 
1640985132.052862 ### DEBUG: Ticks: 539, 16, 1 
1640985132.052961 1640053602 c0:98:e5:42:00:2c 1937 
1640985132.053002 2178 2182 2194 2198 2209 2212 2228 2237 2241 2249 2253 2255 2255 2259 2261 
1640985132.053042 2263 2266 2267 2269 2273 2289 2297 2320 2354 2354 2361 2363 2372 2384 2417 
1640985132.356887 ### RSSI: -64, 10, 1640053603 ,543 
1640985133.053461 ### DEBUG: Ticks: 554, 15, 1 
1640985133.053571 1640053603 c0:98:e5:42:00:2c 1848 
1640985133.053622 2011 2028 2040 2042 2051 2058 2069 2069 2084 2087 2094 2095 2096 2108 2121 
1640985133.053681 2129 2132 2133 2147 2153 2153 2162 2175 2189 2216 2237 2253 2304 2384 0 
1640985133.356999 ### RSSI: -57, 31, 1640053604 ,559 
1640985134.063141 ### DEBUG: Ticks: 570, 16, 1 
1640985134.063255 1640053604 c0:98:e5:42:00:2c 1472 
1640985134.063311 1531 1560 1574 1605 1607 1608 1611 1620 1632 1638 1638 1655 1673 1679 1686 
1640985134.063369 1687 1689 1694 1704 1705 1709 1716 1723 1741 1749 1774 1777 1816 1843 1865 
1640985134.457517 ### RSSI: -57, 32, 1640053604 ,576 
1640985135.451031 ### RSSI: -67, 21, 1640053605 ,592 
1640985136.452567 ### RSSI: -52, 17, 1640053606 ,607 
1640985137.060623 ### DEBUG: Ticks: 617, 47, 1 
1640985137.060828 1640053607 c0:98:e5:42:00:2c 859 
1640985137.060878 998 1000 1044 1055 1058 1059 1060 1066 1067 1069 1070 1073 1080 1082 1086 
1640985137.060926 1091 1097 1133 1139 1140 1150 1163 1164 1173 1175 1181 1182 1231 1263 1323 
1640985137.454175 ### RSSI: -61, 10, 1640053607 ,623 
1640985138.450844 ### RSSI: -60, 2, 1640053608 ,639 
1640985139.455668 ### RSSI: -60, 9, 1640053609 ,654 
1640985140.053177 ### DEBUG: Ticks: 664, 47, 1 
1640985140.053290 1640053610 c0:98:e5:42:00:2c 1058 
1640985140.053343 1204 1209 1219 1246 1263 1267 1269 1269 1278 1284 1285 1291 1297 1302 1309 
1640985140.053423 1310 1313 1315 1317 1330 1335 1335 1336 1348 1355 1358 1387 1411 1460 1482 
1640985141.454415 ### RSSI: -61, 26, 1640053611 ,685 
1640985142.456521 ### RSSI: -70, 2, 1640053612 ,701 
1640985143.054215 ### DEBUG: Ticks: 710, 46, 1 
1640985143.054326 1640053613 c0:98:e5:42:00:2c 1983 
1640985143.054376 2180 2187 2194 2194 2221 2222 2222 2224 2237 2238 2239 2239 2239 2240 2242 
1640985143.054425 2251 2254 2258 2269 2292 2293 2296 2297 2303 2332 2334 2338 2341 2385 2456 
1640985143.454483 ### RSSI: -68, 1, 1640053613 ,717 
1640985144.054732 ### DEBUG: Ticks: 726, 16, 1 
1640985144.054838 1640053614 c0:98:e5:42:00:2c 2067 
1640985144.054879 2300 2308 2310 2318 2325 2342 2353 2374 2375 2376 2378 2379 2383 2387 2387 
1640985144.054921 2395 2402 2422 2426 2442 2442 2442 2466 2472 2474 2491 2495 2517 2548 2558 
1640985144.449268 ### RSSI: -62, 32, 1640053614 ,732 
1640985145.060179 ### DEBUG: Ticks: 742, 16, 1 
1640985145.060308 1640053615 c0:98:e5:42:00:2c 2070 
1640985145.060360 2250 2309 2316 2327 2330 2332 2338 2338 2340 2342 2344 2345 2345 2346 2372 
1640985145.060412 2386 2387 2387 2389 2402 2404 2408 2414 2448 2458 2460 2478 2482 2500 2588 
1640985145.454201 ### RSSI: -60, 19, 1640053615 ,748 
1640985146.052145 ### DEBUG: Ticks: 757, 15, 1 
1640985146.052299 1640053616 c0:98:e5:42:00:2c 1951 
1640985146.052361 2147 2154 2176 2200 2200 2204 2211 2212 2212 2217 2225 2227 2228 2235 2238 
1640985146.052420 2242 2253 2262 2263 2272 2274 2278 2293 2299 2306 2317 2328 2334 2337 2462 
1640985146.456834 ### RSSI: -60, 24, 1640053616 ,764 
1640985147.057831 ### DEBUG: Ticks: 773, 16, 1 
1640985147.058045 1640053617 c0:98:e5:42:00:2c 1652 
1640985147.058098 1851 1866 1876 1876 1886 1886 1890 1896 1898 1907 1924 1936 1948 1956 1969 
1640985147.058149 1972 1976 1977 1988 1991 1998 2010 2022 2025 2069 2120 2151 2169 2381 0 
1640985147.488114 ### INFO: SD card flushed!
1640985148.058899 ### DEBUG: Ticks: 789, 16, 1 
1640985148.059033 1640053618 c0:98:e5:42:00:2c 1230 
1640985148.059103 1344 1392 1394 1395 1432 1447 1453 1458 1461 1467 1471 1476 1482 1485 1487 
1640985148.059165 1517 1521 1525 1529 1533 1540 1542 1545 1545 1554 1568 1607 1664 1694 0 
1640985148.458294 ### RSSI: -61, 12, 1640053619 ,795 
1640985149.057583 ### DEBUG: Ticks: 804, 15, 1 
1640985149.057809 1640053619 c0:98:e5:42:00:2c 784 
1640985149.057889 995 1004 1013 1030 1045 1051 1057 1060 1067 1068 1068 1071 1074 1076 1083 
1640985149.057953 1088 1091 1108 1109 1118 1123 1124 1128 1154 1160 1185 1185 1191 1203 1265 
1640985149.450648 ### RSSI: -75, 36, 1640053620 ,810 
1640985150.057370 ### DEBUG: Ticks: 820, 16, 1 
1640985150.057485 1640053620 c0:98:e5:42:00:2c 794 
1640985150.057534 905 935 950 962 965 971 973 978 993 996 1001 1008 1011 1018 1031 
1640985150.057582 1040 1042 1048 1058 1076 1084 1090 1095 1114 1114 1128 1137 1151 1184 1249 
1640985150.454606 ### RSSI: -60, 1, 1640053621 ,826 
1640985151.061159 ### DEBUG: Ticks: 835, 15, 1 
1640985151.061280 1640053621 c0:98:e5:42:00:2c 769 
1640985151.061330 850 882 894 936 937 951 954 957 963 971 973 973 975 992 995 
1640985151.061382 1001 1002 1007 1009 1011 1016 1019 1032 1045 1070 1071 1094 1123 1134 1214 
1640985151.458198 ### RSSI: -60, 1, 1640053622 ,842 
1640985152.053647 ### DEBUG: Ticks: 851, 16, 1 
1640985152.053831 1640053622 c0:98:e5:42:00:2c 797 
1640985152.053953 953 978 1026 1059 1060 1062 1065 1067 1075 1076 1077 1082 1083 1090 1103 
1640985152.054037 1115 1124 1124 1132 1135 1155 1159 1165 1198 1199 1227 1264 1314 1477 0 
1640985152.453198 ### RSSI: -68, 4, 1640053623 ,857 
1640985153.060909 ### DEBUG: Ticks: 867, 16, 1 
1640985153.061028 1640053623 c0:98:e5:42:00:2c 852 
1640985153.061080 1023 1047 1074 1078 1091 1095 1106 1114 1117 1122 1134 1134 1142 1158 1160 
1640985153.061135 1168 1168 1178 1179 1179 1182 1185 1190 1217 1218 1230 1272 1273 1295 1359 
1640985153.453352 ### RSSI: -64, 10, 1640053624 ,873 
1640985154.053211 ### DEBUG: Ticks: 882, 15, 1 
1640985154.053314 1640053624 c0:98:e5:42:00:2c 1184 
1640985154.053355 1426 1431 1435 1447 1467 1470 1474 1478 1480 1482 1493 1497 1501 1501 1510 
1640985154.053396 1518 1530 1531 1551 1558 1562 1564 1568 1570 1580 1581 1615 1635 1654 1720 
1640985154.455427 ### RSSI: -61, 36, 1640053625 ,888 
1640985155.061376 ### DEBUG: Ticks: 898, 16, 1 
1640985155.061529 1640053625 c0:98:e5:42:00:2c 1731 
1640985155.061609 1822 1840 1843 1860 1864 1878 1883 1895 1905 1907 1917 1917 1920 1923 1925 
1640985155.061691 1926 1949 1955 1963 1969 1972 1973 1990 1992 2024 2032 2147 2202 2219 2234 
1640985155.452197 ### RSSI: -78, 34, 1640053626 ,904 
1640985156.052856 ### DEBUG: Ticks: 914, 16, 1 
1640985156.053017 1640053626 c0:98:e5:42:00:2c 2049 
1640985156.064004 2275 2320 2323 2325 2326 2333 2336 2341 2349 2357 2360 2360 2362 2366 2369 
1640985156.064155 2369 2377 2388 2388 2397 2402 2415 2418 2468 2470 2483 2490 2517 2540 2643 
1640985156.450136 ### RSSI: -74, 4, 1640053627 ,920 
1640985157.057112 ### DEBUG: Ticks: 929, 15, 1 
1640985157.057236 1640053627 c0:98:e5:42:00:2c 2075 
1640985157.057286 2273 2291 2294 2300 2319 2329 2336 2341 2346 2348 2351 2354 2356 2360 2366 
1640985157.057338 2371 2373 2374 2410 2413 2421 2424 2425 2426 2466 2473 2478 2483 2492 2516 
1640985157.458103 ### RSSI: -64, 13, 1640053628 ,935 
1640985158.057647 ### DEBUG: Ticks: 945, 16, 1 
1640985158.057825 1640053628 c0:98:e5:42:00:2c 2095 
1640985158.057883 2332 2336 2342 2344 2346 2349 2353 2360 2391 2406 2411 2412 2420 2420 2422 
1640985158.057947 2427 2431 2434 2434 2447 2450 2470 2473 2477 2483 2512 2515 2527 2543 2561 
1640985158.459019 ### RSSI: -62, 32, 1640053628 ,951 
1640985159.061860 ### DEBUG: Ticks: 960, 15, 1 
1640985159.061974 1640053629 c0:98:e5:42:00:2c 2075 
1640985159.062025 2305 2357 2359 2359 2359 2360 2364 2366 2381 2386 2389 2401 2401 2408 2413 
1640985159.062074 2430 2430 2436 2438 2451 2452 2454 2462 2494 2504 2513 2520 2533 2564 2588 
1640985159.458361 ### RSSI: -63, 34, 1640053629 ,967 
1640985160.057660 ### DEBUG: Ticks: 976, 16, 1 
1640985160.057840 1640053630 c0:98:e5:42:00:2c 1825 
1640985160.057897 2126 2135 2148 2173 2187 2190 2193 2204 2207 2216 2217 2217 2217 2222 2222 
1640985160.057966 2229 2229 2237 2252 2253 2257 2259 2265 2265 2282 2309 2339 2350 2504 2692 
1640985160.456935 ### RSSI: -68, 7, 1640053630 ,982 
1640985161.057211 ### DEBUG: Ticks: 992, 16, 1 
1640985161.057325 1640053631 c0:98:e5:42:00:2c 1463 
1640985161.057398 1664 1695 1703 1709 1713 1729 1732 1738 1739 1740 1741 1742 1745 1746 1759 
1640985161.057479 1765 1766 1774 1775 1784 1791 1801 1812 1818 1851 1858 1866 1899 1908 1990 
1640985161.451686 ### RSSI: -63, 15, 1640053631 ,998 
1640985162.060472 ### DEBUG: Ticks: 1007, 15, 1 
1640985162.060593 1640053632 c0:98:e5:42:00:2c 1049 
1640985162.060645 1170 1174 1213 1285 1289 1300 1300 1301 1308 1313 1328 1339 1342 1349 1350 
1640985162.060694 1355 1358 1367 1368 1373 1374 1379 1390 1405 1413 1424 1453 1476 1520 0 
1640985162.459935 ### RSSI: -62, 12, 1640053632 ,1013 
1640985163.052986 ### DEBUG: Ticks: 1023, 16, 1 
1640985163.053133 1640053633 c0:98:e5:42:00:2c 826 
1640985163.064678 1010 1059 1092 1102 1117 1128 1144 1147 1147 1151 1167 1168 1177 1177 1181 
1640985163.064820 1181 1183 1187 1194 1205 1220 1246 1262 1270 1274 1282 1311 1317 1520 0 
1640985163.454279 ### RSSI: -62, 7, 1640053633 ,1029 
1640985164.053888 ### DEBUG: Ticks: 1038, 15, 1 
1640985164.054018 1640053634 c0:98:e5:42:00:2c 909 
1640985164.064277 1013 1033 1069 1076 1085 1088 1094 1097 1103 1104 1119 1127 1143 1148 1154 
1640985164.064407 1162 1165 1175 1179 1182 1182 1183 1190 1204 1213 1224 1238 1241 1293 1393 
1640985164.455020 ### RSSI: -54, 33, 1640053634 ,1045 
1640985165.053374 ### DEBUG: Ticks: 1054, 16, 1 
1640985165.053519 1640053635 c0:98:e5:42:00:2c 953 
1640985165.053580 1090 1132 1138 1159 1181 1182 1184 1195 1199 1201 1214 1221 1223 1229 1231 
1640985165.053638 1265 1269 1270 1271 1281 1287 1298 1305 1315 1315 1345 1345 1385 1394 1479 
1640985165.457332 ### RSSI: -63, 9, 1640053635 ,1060 
1640985166.053206 ### DEBUG: Ticks: 1070, 16, 1 
1640985166.053326 1640053636 c0:98:e5:42:00:2c 823 
1640985166.053375 1029 1042 1055 1069 1078 1108 1111 1115 1116 1124 1134 1136 1138 1146 1151 
1640985166.053424 1154 1165 1169 1175 1180 1211 1229 1241 1251 1261 1274 1278 1309 1318 1454 
1640985166.453411 ### RSSI: -71, 28, 1640053636 ,1076 
1640985167.055386 ### DEBUG: Ticks: 1085, 15, 1 
1640985167.055555 1640053637 c0:98:e5:42:00:2c 1003 
1640985167.055605 1105 1114 1146 1152 1155 1158 1164 1170 1171 1178 1180 1183 1200 1201 1206 
1640985167.055653 1215 1216 1222 1223 1225 1228 1235 1236 1241 1254 1268 1286 1291 1305 1344 
1640985167.456077 ### RSSI: -55, 16, 1640053637 ,1092 
1640985168.062311 ### DEBUG: Ticks: 1101, 16, 1 
1640985168.062408 1640053638 c0:98:e5:42:00:2c 1330 
1640985168.062453 1596 1607 1608 1625 1634 1640 1640 1642 1655 1657 1663 1673 1679 1690 1692 
1640985168.062493 1697 1700 1708 1714 1728 1732 1735 1744 1754 1769 1802 1828 1828 1837 1879 
1640985168.448686 ### RSSI: -61, 11, 1640053638 ,1107 
1640985169.056721 ### DEBUG: Ticks: 1117, 16, 1 
1640985169.056824 1640053639 c0:98:e5:42:00:2c 1799 
1640985169.056869 2033 2062 2096 2098 2100 2116 2122 2123 2124 2125 2143 2145 2154 2157 2158 
1640985169.056914 2163 2165 2169 2170 2172 2187 2187 2192 2194 2195 2220 2232 2235 2268 2357 
1640985169.452704 ### RSSI: -62, 23, 1640053639 ,1123 
1640985170.053334 ### DEBUG: Ticks: 1132, 15, 1 
1640985170.053599 1640053640 c0:98:e5:42:00:2c 2010 
1640985170.063904 2139 2173 2176 2189 2197 2198 2199 2200 2201 2202 2204 2209 2210 2214 2219 
1640985170.064020 2222 2223 2224 2238 2253 2253 2271 2273 2292 2296 2299 2315 2328 2352 2385 
1640985170.458016 ### RSSI: -68, 31, 1640053640 ,1138 
1640985171.056771 ### DEBUG: Ticks: 1148, 16, 1 
1640985171.057010 1640053641 c0:98:e5:42:00:2c 2033 
1640985171.057148 2146 2171 2174 2189 2190 2202 2203 2211 2212 2219 2229 2230 2235 2241 2246 
1640985171.057291 2247 2248 2264 2264 2284 2287 2290 2291 2296 2314 2337 2357 2365 2424 2620 
1640985171.447596 ### RSSI: -66, 29, 1640053641 ,1154 
1640985172.053896 ### DEBUG: Ticks: 1163, 15, 1 
1640985172.054015 1640053642 c0:98:e5:42:00:2c 1918 
1640985172.054065 2129 2131 2142 2152 2159 2164 2177 2177 2177 2178 2184 2186 2195 2196 2200 
1640985172.064449 2207 2212 2215 2220 2237 2238 2268 2272 2291 2297 2314 2317 2317 2328 2338 
1640985172.455847 ### RSSI: -65, 36, 1640053643 ,1170 
1640985173.054689 ### DEBUG: Ticks: 1179, 16, 1 
1640985173.055681 1640053643 c0:98:e5:42:00:2c 2024 
1640985173.055778 2135 2150 2169 2175 2191 2196 2196 2201 2210 2211 2218 2227 2232 2245 2252 
1640985173.055829 2252 2254 2258 2259 2265 2273 2275 2281 2286 2289 2314 2332 2334 2339 0 
1640985173.456806 ### RSSI: -65, 5, 1640053644 ,1185 
1640985174.053918 ### DEBUG: Ticks: 1195, 16, 1 
1640985174.054019 1640053644 c0:98:e5:42:00:2c 1504 
1640985174.054065 1826 1848 1851 1861 1873 1877 1888 1897 1899 1900 1902 1915 1915 1918 1929 
1640985174.054104 1931 1934 1935 1949 1960 1963 1973 2001 2005 2058 2126 2130 2245 0 0 
1640985174.455269 ### RSSI: -61, 26, 1640053645 ,1201 
1640985175.455449 ### RSSI: -61, 16, 1640053646 ,1216 
1640985176.455653 ### RSSI: -61, 12, 1640053647 ,1232 
1640985177.059203 ### DEBUG: Ticks: 1242, 47, 1 
1640985177.059311 1640053647 c0:98:e5:42:00:2c 830 
1640985177.059375 965 986 994 996 996 1004 1005 1016 1031 1035 1046 1047 1051 1073 1076 
1640985177.059430 1089 1101 1102 1116 1122 1125 1131 1133 1134 1136 1151 1179 1210 1211 1255 
1640985177.457237 ### RSSI: -56, 32, 1640053648 ,1248 
1640985178.053681 ### DEBUG: Ticks: 1257, 15, 1 
1640985178.053858 1640053648 c0:98:e5:42:00:2c 794 
1640985178.053914 981 985 993 1009 1010 1020 1020 1024 1030 1044 1053 1056 1069 1072 1073 
1640985178.054004 1077 1083 1095 1098 1105 1118 1120 1129 1141 1149 1152 1172 1200 1213 1256 
1640985178.451914 ### RSSI: -63, 0, 1640053649 ,1263 
1640985179.057949 ### DEBUG: Ticks: 1273, 16, 1 
1640985179.058066 1640053649 c0:98:e5:42:00:2c 899 
1640985179.058116 1017 1092 1132 1135 1146 1158 1161 1171 1171 1182 1185 1189 1209 1212 1213 
1640985179.058177 1215 1223 1225 1230 1247 1268 1293 1294 1294 1297 1301 1342 1380 1473 1691 
1640985179.455911 ### RSSI: -62, 15, 1640053650 ,1279 
1640985180.056646 ### DEBUG: Ticks: 1288, 15, 1 
1640985180.056928 1640053650 c0:98:e5:42:00:2c 771 
1640985180.057113 1014 1027 1028 1030 1053 1057 1058 1070 1075 1077 1098 1105 1105 1110 1113 
1640985180.057293 1118 1120 1122 1131 1142 1145 1145 1153 1169 1169 1187 1204 1240 1252 1289 
1640985180.449367 ### RSSI: -57, 25, 1640053651 ,1295 
1640985181.054774 ### DEBUG: Ticks: 1304, 16, 1 
1640985181.054876 1640053651 c0:98:e5:42:00:2c 1174 
1640985181.054917 1334 1347 1361 1390 1407 1417 1418 1422 1423 1423 1429 1435 1436 1447 1447 
1640985181.054960 1454 1465 1466 1475 1480 1490 1500 1502 1503 1505 1539 1563 1570 1570 1635 
1640985181.449791 ### RSSI: -65, 0, 1640053652 ,1310 
1640985182.053786 ### DEBUG: Ticks: 1320, 16, 1 
1640985182.053897 1640053652 c0:98:e5:42:00:2c 1555 
1640985182.053938 1752 1761 1766 1780 1782 1798 1802 1805 1813 1814 1818 1826 1834 1836 1844 
1640985182.053978 1851 1856 1862 1870 1886 1887 1913 1917 1936 1951 1978 2023 2059 2096 2100 
1640985182.446757 ### RSSI: -68, 13, 1640053652 ,1326 
1640985183.054391 ### DEBUG: Ticks: 1335, 15, 1 
1640985183.054501 1640053653 c0:98:e5:42:00:2c 2081 
1640985183.066176 2237 2278 2283 2285 2301 2301 2305 2309 2310 2312 2314 2324 2325 2327 2327 
1640985183.066281 2332 2338 2339 2352 2355 2365 2368 2379 2380 2391 2393 2396 2444 2450 2505 
1640985183.452907 ### RSSI: -71, 13, 1640053653 ,1341 
1640985184.057214 ### DEBUG: Ticks: 1351, 16, 1 
1640985184.057314 1640053654 c0:98:e5:42:00:2c 2039 
1640985184.057357 2191 2237 2242 2248 2254 2260 2262 2267 2268 2269 2273 2282 2286 2287 2290 
1640985184.057403 2302 2314 2322 2325 2326 2329 2336 2355 2357 2383 2404 2410 2429 2458 2466 
1640985184.448403 ### RSSI: -66, 19, 1640053654 ,1357 
1640985185.451162 ### RSSI: -71, 25, 1640053655 ,1373 
1640985185.940101 ### INFO: SD card flushed!
1640985185.940259 ### DEBUG: Ticks: 1380, 29, 1 
1640985185.940326 1640053655 c0:98:e5:42:00:2c 2150 
1640985185.940390 2340 2358 2369 2392 2396 2411 2414 2417 2417 2422 2429 2437 2438 2453 2453 
1640985185.940468 2458 2460 2464 2467 2471 2477 2479 2485 2518 2519 2523 2554 2555 2564 2604 
1640985186.052915 ### DEBUG: Ticks: 1382, 2, 1 
1640985186.053051 1640053656 c0:98:e5:42:00:2c 2038 
1640985186.064746 2223 2246 2293 2295 2303 2305 2319 2321 2322 2323 2325 2331 2340 2344 2352 
1640985186.064915 2361 2364 2367 2368 2369 2370 2374 2388 2406 2421 2429 2450 2461 2474 2510 
1640985186.453637 ### RSSI: -63, 26, 1640053656 ,1388 
1640985187.059300 ### DEBUG: Ticks: 1398, 16, 1 
1640985187.059411 1640053657 c0:98:e5:42:00:2c 1830 
1640985187.059467 2056 2080 2082 2098 2103 2107 2108 2116 2121 2124 2132 2137 2150 2153 2157 
1640985187.059523 2162 2166 2183 2196 2203 2205 2207 2211 2224 2229 2231 2265 2282 2420 2630 
1640985187.454134 ### RSSI: -65, 10, 1640053657 ,1404 
1640985188.061110 ### DEBUG: Ticks: 1413, 15, 1 
1640985188.061223 1640053658 c0:98:e5:42:00:2c 1508 
1640985188.061278 1752 1756 1774 1791 1791 1792 1801 1816 1822 1826 1829 1838 1844 1853 1859 
1640985188.061334 1861 1863 1865 1869 1881 1891 1901 1903 1906 1952 1998 2032 2047 2072 2092 
1640985188.456083 ### RSSI: -60, 9, 1640053658 ,1420 
1640985189.056362 ### DEBUG: Ticks: 1429, 16, 1 
1640985189.056480 1640053659 c0:98:e5:42:00:2c 1131 
1640985189.056531 1362 1366 1367 1388 1394 1395 1408 1413 1414 1414 1420 1422 1424 1433 1435 
1640985189.056583 1437 1443 1457 1467 1468 1472 1476 1485 1485 1518 1537 1555 1568 1577 1660 
1640985189.452254 ### RSSI: -61, 5, 1640053659 ,1435 
1640985190.058380 ### DEBUG: Ticks: 1445, 16, 1 
1640985190.058495 1640053660 c0:98:e5:42:00:2c 874 
1640985190.058550 996 1054 1068 1082 1095 1123 1133 1136 1136 1140 1141 1147 1154 1163 1166 
1640985190.058604 1166 1169 1207 1225 1226 1240 1241 1249 1265 1271 1309 1311 1331 1335 1475 
1640985190.455093 ### RSSI: -54, 36, 1640053660 ,1451 
1640985191.052642 ### DEBUG: Ticks: 1460, 15, 1 
1640985191.052766 1640053661 c0:98:e5:42:00:2c 993 
1640985191.065197 1116 1153 1155 1156 1177 1179 1187 1214 1221 1223 1224 1227 1234 1235 1236 
1640985191.065304 1241 1242 1243 1244 1255 1265 1279 1280 1281 1286 1288 1299 1307 1345 1498 
1640985191.452940 ### RSSI: -56, 5, 1640053661 ,1466 
1640985192.060793 ### DEBUG: Ticks: 1476, 16, 1 
1640985192.060923 1640053662 c0:98:e5:42:00:2c 980 
1640985192.060978 1129 1173 1176 1191 1195 1203 1222 1227 1229 1232 1236 1237 1249 1251 1254 
1640985192.061028 1259 1274 1282 1282 1285 1294 1299 1314 1321 1327 1335 1366 1417 1499 0 
1640985192.454530 ### RSSI: -57, 34, 1640053662 ,1482 
1640985193.058031 ### DEBUG: Ticks: 1491, 15, 1 
1640985193.058150 1640053663 c0:98:e5:42:00:2c 1004 
1640985193.058197 1027 1078 1092 1113 1128 1149 1149 1160 1168 1190 1195 1211 1214 1223 1228 
1640985193.058237 1228 1229 1235 1252 1254 1259 1260 1276 1279 1287 1314 1317 1361 1441 1584 
1640985193.448107 ### RSSI: -64, 7, 1640053663 ,1498 
1640985194.053148 ### DEBUG: Ticks: 1507, 16, 1 
1640985194.053258 1640053664 c0:98:e5:42:00:2c 1012 
1640985194.053309 1193 1222 1229 1238 1239 1257 1261 1274 1280 1280 1286 1286 1310 1311 1314 
1640985194.053364 1316 1318 1320 1331 1334 1343 1348 1372 1377 1381 1395 1396 1402 1419 1493 
1640985194.454209 ### RSSI: -62, 36, 1640053664 ,1513 
1640985195.055165 ### DEBUG: Ticks: 1523, 16, 1 
1640985195.055266 1640053665 c0:98:e5:42:00:2c 1290 
1640985195.055307 1517 1530 1547 1562 1586 1595 1596 1603 1603 1607 1615 1626 1627 1634 1640 
1640985195.055352 1641 1642 1654 1664 1671 1671 1672 1686 1690 1700 1700 1734 1772 1774 1843 
1640985195.451211 ### RSSI: -59, 13, 1640053665 ,1529 
1640985196.054351 ### DEBUG: Ticks: 1538, 15, 1 
1640985196.054471 1640053666 c0:98:e5:42:00:2c 1751 
1640985196.054524 1923 1945 1947 1962 1967 1971 1972 1978 1988 2001 2003 2006 2012 2023 2023 
1640985196.054584 2025 2026 2028 2029 2039 2050 2063 2070 2072 2082 2083 2085 2087 2107 2209 
1640985196.447648 ### RSSI: -67, 4, 1640053666 ,1544 
1640985197.056624 ### DEBUG: Ticks: 1554, 16, 1 
1640985197.056737 1640053667 c0:98:e5:42:00:2c 2164 
1640985197.056794 2262 2266 2280 2291 2302 2312 2326 2332 2333 2334 2343 2344 2345 2348 2350 
1640985197.056843 2351 2353 2357 2358 2362 2375 2377 2382 2409 2417 2429 2430 2433 2435 2495 
1640985197.448889 ### RSSI: -65, 16, 1640053668 ,1560 
1640985198.055990 ### DEBUG: Ticks: 1570, 16, 1 
1640985198.056093 1640053668 c0:98:e5:42:00:2c 1990 
1640985198.056133 2207 2244 2245 2255 2257 2257 2259 2261 2265 2274 2275 2283 2284 2286 2294 
1640985198.056176 2308 2310 2313 2315 2317 2317 2319 2321 2337 2362 2372 2374 2396 2397 2685 
1640985198.451781 ### RSSI: -69, 1, 1640053669 ,1576 
1640985199.064342 ### DEBUG: Ticks: 1585, 15, 1 
1640985199.064454 1640053669 c0:98:e5:42:00:2c 1991 
1640985199.064510 2155 2204 2206 2209 2209 2229 2231 2233 2238 2240 2242 2242 2242 2250 2250 
1640985199.064558 2263 2269 2283 2285 2300 2304 2309 2312 2315 2322 2343 2345 2369 2383 0 
1640985199.451412 ### RSSI: -66, 4, 1640053670 ,1591 
1640985200.058785 ### DEBUG: Ticks: 1601, 16, 1 
1640985200.059065 1640053670 c0:98:e5:42:00:2c 1846 
1640985200.059249 2035 2051 2075 2087 2102 2107 2113 2118 2119 2129 2135 2139 2147 2150 2157 
1640985200.059448 2160 2162 2167 2180 2184 2194 2204 2205 2210 2210 2226 2235 2250 2281 2355 
1640985200.450041 ### RSSI: -67, 20, 1640053671 ,1607 
1640985201.053551 ### DEBUG: Ticks: 1616, 15, 1 
1640985201.053653 1640053671 c0:98:e5:42:00:2c 1585 
1640985201.053694 1902 1955 1956 1960 1977 1981 1985 1987 1989 1994 1998 2002 2013 2016 2018 
1640985201.054072 2024 2033 2034 2040 2047 2062 2065 2065 2082 2092 2121 2173 2217 2223 2268 
1640985201.454386 ### RSSI: -62, 5, 1640053672 ,1623 
1640985202.053359 ### DEBUG: Ticks: 1632, 16, 1 
1640985202.053472 1640053672 c0:98:e5:42:00:2c 1233 
1640985202.064594 1396 1409 1413 1419 1431 1436 1451 1454 1456 1456 1469 1471 1472 1477 1481 
1640985202.064708 1489 1503 1510 1516 1525 1527 1535 1535 1546 1554 1564 1580 1604 1633 1698 
1640985202.456029 ### RSSI: -55, 5, 1640053673 ,1638 
1640985203.054787 ### DEBUG: Ticks: 1648, 16, 1 
1640985203.054903 1640053673 c0:98:e5:42:00:2c 816 
1640985203.054953 1003 1053 1060 1071 1072 1076 1077 1108 1110 1112 1119 1125 1131 1135 1142 
1640985203.055008 1144 1157 1157 1168 1174 1193 1196 1200 1201 1206 1219 1220 1254 1275 1301 
1640985203.452758 ### RSSI: -61, 11, 1640053674 ,1654 
1640985204.056269 ### DEBUG: Ticks: 1663, 15, 1 
1640985204.056384 1640053674 c0:98:e5:42:00:2c 831 
1640985204.056433 1010 1040 1060 1075 1080 1085 1089 1097 1098 1111 1112 1121 1126 1157 1163 
1640985204.056488 1166 1172 1182 1185 1193 1206 1206 1207 1209 1217 1230 1231 1246 1297 1446 
1640985204.452797 ### RSSI: -62, 21, 1640053675 ,1669 
1640985205.062093 ### DEBUG: Ticks: 1679, 16, 1 
1640985205.062195 1640053675 c0:98:e5:42:00:2c 804 
1640985205.062385 964 972 973 1005 1016 1017 1027 1034 1038 1041 1045 1047 1054 1058 1063 
1640985205.062596 1068 1081 1082 1103 1107 1119 1122 1139 1142 1165 1175 1180 1191 1192 1306 
1640985205.447792 ### RSSI: -54, 11, 1640053676 ,1685 
1640985206.058828 ### DEBUG: Ticks: 1694, 15, 1 
1640985206.058931 1640053676 c0:98:e5:42:00:2c 898 
1640985206.058973 1043 1055 1067 1104 1110 1112 1122 1124 1141 1151 1152 1161 1167 1170 1175 
1640985206.059024 1176 1176 1181 1184 1191 1195 1199 1218 1221 1231 1250 1254 1272 1399 1480 
1640985206.451213 ### RSSI: -76, 20, 1640053676 ,1701 
1640985207.059130 ### DEBUG: Ticks: 1710, 16, 1 
1640985207.059242 1640053677 c0:98:e5:42:00:2c 825 
1640985207.059298 1032 1061 1063 1075 1076 1078 1079 1088 1113 1116 1117 1118 1119 1127 1140 
1640985207.059351 1142 1143 1147 1159 1178 1178 1181 1182 1184 1194 1253 1293 1294 1368 0 
1640985207.451651 ### RSSI: -59, 26, 1640053677 ,1716 
1640985208.063610 ### DEBUG: Ticks: 1726, 16, 1 
1640985208.063737 1640053678 c0:98:e5:42:00:2c 1150 
1640985208.063796 1351 1370 1379 1406 1410 1413 1422 1425 1429 1431 1433 1444 1450 1451 1454 
1640985208.063861 1462 1476 1485 1486 1490 1503 1508 1514 1520 1523 1545 1587 1588 1599 1635 
1640985208.450375 ### RSSI: -58, 0, 1640053678 ,1732 
1640985209.058394 ### DEBUG: Ticks: 1741, 15, 1 
1640985209.058506 1640053679 c0:98:e5:42:00:2c 1638 
1640985209.058560 1842 1849 1854 1862 1869 1894 1898 1899 1915 1916 1932 1940 1940 1940 1951 
1640985209.058626 1958 1958 1959 1966 1974 2015 2027 2038 2039 2043 2056 2135 2164 2194 2292 
1640985209.447893 ### RSSI: -61, 14, 1640053679 ,1748 
1640985210.451725 ### RSSI: -76, 14, 1640053680 ,1763 
1640985211.452674 ### RSSI: -64, 32, 1640053681 ,1779 
1640985212.054009 ### DEBUG: Ticks: 1788, 47, 1 
1640985212.054122 1640053682 c0:98:e5:42:00:2c 2084 
1640985212.066263 2305 2315 2319 2337 2340 2340 2356 2361 2363 2372 2373 2388 2390 2392 2397 
1640985212.066445 2398 2405 2414 2415 2420 2430 2433 2445 2464 2467 2480 2497 2501 2504 2520 
1640985212.455869 ### RSSI: -65, 5, 1640053682 ,1794 
1640985213.057946 ### DEBUG: Ticks: 1804, 16, 1 
1640985213.058049 1640053683 c0:98:e5:42:00:2c 2026 
1640985213.058096 2251 2263 2267 2305 2317 2320 2321 2326 2326 2328 2332 2333 2337 2344 2346 
1640985213.058143 2346 2352 2355 2374 2375 2379 2397 2407 2421 2422 2436 2440 2442 2457 2535 
1640985213.450916 ### RSSI: -63, 12, 1640053683 ,1810 
1640985214.054869 ### DEBUG: Ticks: 1819, 15, 1 
1640985214.054972 1640053684 c0:98:e5:42:00:2c 1836 
1640985214.055013 2035 2038 2068 2090 2092 2096 2104 2105 2106 2111 2118 2127 2132 2134 2136 
1640985214.055069 2146 2153 2154 2173 2174 2183 2191 2191 2203 2203 2234 2239 2249 2255 2345 
1640985214.449331 ### RSSI: -69, 32, 1640053684 ,1826 
1640985215.054486 ### DEBUG: Ticks: 1835, 16, 1 
1640985215.054587 1640053685 c0:98:e5:42:00:2c 1631 
1640985215.054628 1743 1758 1762 1766 1782 1784 1792 1797 1808 1814 1827 1834 1840 1841 1842 
1640985215.054670 1846 1856 1859 1861 1872 1878 1893 1904 1922 1927 1949 1952 2048 2049 2089 
1640985215.455481 ### RSSI: -62, 30, 1640053685 ,1841 
1640985216.054703 ### DEBUG: Ticks: 1851, 16, 1 
1640985216.054821 1640053686 c0:98:e5:42:00:2c 1143 
1640985216.054873 1339 1360 1407 1423 1432 1440 1448 1451 1454 1459 1461 1465 1466 1472 1475 
1640985216.065963 1478 1484 1499 1499 1509 1512 1516 1542 1547 1548 1558 1568 1592 1633 1693 
1640985217.059702 ### DEBUG: Ticks: 1866, 15, 1 
1640985217.059819 1640053687 c0:98:e5:42:00:2c 932 
1640985217.059870 1084 1112 1139 1139 1152 1162 1193 1193 1198 1210 1215 1221 1229 1230 1238 
1640985217.059923 1240 1243 1249 1269 1277 1278 1310 1313 1343 1349 1354 1363 1368 1405 1502 
1640985217.447490 ### RSSI: -61, 18, 1640053687 ,1872 
1640985218.058988 ### DEBUG: Ticks: 1882, 16, 1 
1640985218.059114 1640053688 c0:98:e5:42:00:2c 946 
1640985218.059167 1110 1125 1145 1147 1149 1149 1155 1160 1166 1170 1175 1185 1185 1195 1207 
1640985218.059235 1209 1211 1218 1220 1229 1230 1236 1242 1245 1253 1288 1301 1334 1349 1410 
1640985218.447980 ### RSSI: -54, 29, 1640053688 ,1888 
1640985219.059821 ### DEBUG: Ticks: 1898, 16, 1 
1640985219.059939 1640053689 c0:98:e5:42:00:2c 955 
1640985219.059989 1099 1121 1146 1161 1172 1175 1179 1180 1198 1199 1199 1215 1219 1222 1226 
1640985219.060038 1231 1232 1234 1237 1240 1246 1248 1255 1276 1282 1284 1302 1357 1371 1420 
1640985219.445431 ### RSSI: -57, 30, 1640053689 ,1904 
1640985220.061137 ### DEBUG: Ticks: 1913, 15, 1 
1640985220.061253 1640053690 c0:98:e5:42:00:2c 909 
1640985220.061303 1007 1058 1084 1085 1086 1089 1095 1121 1130 1132 1133 1137 1147 1165 1165 
1640985220.061357 1183 1185 1186 1214 1214 1216 1244 1253 1258 1261 1263 1268 1284 1344 1387 
1640985220.446280 ### RSSI: -64, 36, 1640053690 ,1919 
1640985221.061106 ### DEBUG: Ticks: 1929, 16, 1 
1640985221.061216 1640053691 c0:98:e5:42:00:2c 957 
1640985221.061272 1195 1214 1225 1231 1253 1261 1278 1281 1281 1282 1287 1289 1301 1302 1313 
1640985221.061330 1314 1326 1337 1337 1346 1353 1376 1379 1388 1395 1402 1404 1439 1446 1458 
1640985221.449199 ### RSSI: -62, 26, 1640053692 ,1935 
1640985221.517555 ### INFO: SD card flushed!
1640985222.056455 ### DEBUG: Ticks: 1944, 15, 1 
1640985222.056568 1640053692 c0:98:e5:42:00:2c 1276 
1640985222.056618 1483 1491 1515 1523 1529 1535 1538 1540 1541 1541 1546 1553 1561 1579 1592 
1640985222.056670 1603 1608 1608 1612 1613 1618 1634 1654 1661 1672 1675 1700 1705 1706 1793 
1640985222.450069 ### RSSI: -65, 17, 1640053693 ,1951 
1640985223.055290 ### DEBUG: Ticks: 1960, 16, 1 
1640985223.055401 1640053693 c0:98:e5:42:00:2c 1743 
1640985223.055456 1951 1959 1982 1988 1990 2003 2014 2018 2027 2032 2041 2045 2045 2046 2059 
1640985223.055504 2060 2071 2078 2084 2102 2111 2116 2126 2141 2147 2157 2162 2214 2317 2395 
1640985223.446194 ### RSSI: -62, 26, 1640053694 ,1966 
1640985224.056295 ### DEBUG: Ticks: 1976, 16, 1 
1640985224.056409 1640053694 c0:98:e5:42:00:2c 2032 
1640985224.056459 2298 2304 2313 2318 2318 2319 2319 2328 2334 2335 2348 2361 2369 2369 2371 
1640985224.056514 2375 2378 2380 2383 2401 2414 2415 2416 2423 2425 2453 2459 2480 2506 2528 
1640985224.445017 ### RSSI: -69, 8, 1640053695 ,1982 
1640985225.063397 ### DEBUG: Ticks: 1991, 15, 1 
1640985225.063508 1640053695 c0:98:e5:42:00:2c 2037 
1640985225.063564 2142 2193 2198 2208 2218 2231 2232 2240 2246 2250 2252 2253 2255 2256 2259 
1640985225.063620 2269 2270 2279 2290 2295 2307 2319 2334 2352 2367 2369 2379 2382 2383 2408 
1640985225.450553 ### RSSI: -67, 19, 1640053696 ,1997 
1640985226.062756 ### DEBUG: Ticks: 2007, 16, 1 
1640985226.062866 1640053696 c0:98:e5:42:00:2c 2017 
1640985226.062916 2190 2224 2225 2229 2239 2252 2253 2258 2264 2267 2275 2278 2281 2283 2285 
1640985226.062970 2296 2302 2308 2313 2323 2324 2365 2369 2372 2372 2374 2389 2417 2433 0 
1640985226.456721 ### RSSI: -63, 25, 1640053697 ,2013 
1640985227.060512 ### DEBUG: Ticks: 2023, 16, 1 
1640985227.060619 1640053697 c0:98:e5:42:00:2c 1918 
1640985227.060669 2152 2177 2182 2182 2184 2199 2200 2207 2217 2221 2227 2228 2232 2239 2243 
1640985227.060717 2252 2252 2258 2260 2274 2274 2274 2279 2294 2302 2307 2314 2331 2340 2363 
1640985227.444600 ### RSSI: -59, 25, 1640053698 ,2029 
1640985228.058093 ### DEBUG: Ticks: 2038, 15, 1 
1640985228.058194 1640053698 c0:98:e5:42:00:2c 1735 
1640985228.058239 1901 1949 1963 1971 1974 1982 1984 1993 1995 2008 2018 2025 2029 2029 2035 
1640985228.058281 2046 2047 2050 2054 2066 2072 2078 2094 2095 2096 2099 2115 2132 2185 2205 
1640985228.448970 ### RSSI: -68, 16, 1640053699 ,2044 
1640985229.057222 ### DEBUG: Ticks: 2054, 16, 1 
1640985229.057330 1640053699 c0:98:e5:42:00:2c 1269 
1640985229.057386 1404 1411 1422 1441 1454 1482 1491 1499 1503 1511 1512 1513 1515 1519 1521 
1640985229.057435 1526 1534 1535 1552 1557 1578 1581 1597 1605 1607 1609 1615 1631 1664 1684 
1640985229.453715 ### RSSI: -61, 30, 1640053700 ,2060 
1640985230.057255 ### DEBUG: Ticks: 2069, 15, 1 
1640985230.057365 1640053700 c0:98:e5:42:00:2c 864 
1640985230.057415 1106 1107 1107 1116 1129 1149 1163 1170 1175 1178 1179 1182 1189 1220 1222 
1640985230.057470 1233 1234 1236 1244 1250 1257 1263 1265 1266 1277 1288 1301 1352 1383 1622 
1640985230.390033 ### BLE EVENT: 16, INFO: BLE CONNECTED!
1640985230.390149 ### RSSI: -67, 12, 1640053701 ,2075 
1640985230.456128 ### RSSI: -66, 34, 1640053701 ,2076 
1640985230.491144 ### RSSI: -68, 36, 1640053701 ,2076 
1640985230.548494 ### RSSI: -63, 17, 1640053701 ,2077 
1640985230.582083 ### RSSI: -74, 7, 1640053701 ,2078 
1640985230.648548 ### RSSI: -61, 5, 1640053701 ,2079 
1640985230.682897 ### RSSI: -62, 16, 1640053701 ,2079 
1640985230.749217 ### RSSI: -62, 33, 1640053701 ,2080 
1640985230.783093 ### RSSI: -57, 17, 1640053701 ,2081 
1640985230.851386 ### RSSI: -55, 36, 1640053701 ,2082 
1640985230.882708 ### RSSI: -55, 18, 1640053701 ,2082 
1640985230.949636 ### RSSI: -70, 1, 1640053701 ,2083 
1640985230.983251 ### RSSI: -57, 18, 1640053701 ,2084 
1640985231.049778 ### RSSI: -57, 33, 1640053702 ,2085 
1640985231.062715 ### DEBUG: Ticks: 2085, 16, 1 
1640985231.062814 1640053701 c0:98:e5:42:00:2c 899 
1640985231.062855 1053 1068 1085 1097 1099 1125 1126 1132 1134 1136 1140 1146 1148 1159 1162 
1640985231.062898 1163 1191 1194 1197 1201 1206 1216 1231 1233 1243 1250 1251 1264 1294 1298 
1640985231.085551 ### RSSI: -56, 13, 1640053701 ,2085 
1640985231.153405 ### RSSI: -55, 10, 1640053701 ,2086 
1640985231.184982 ### RSSI: -64, 16, 1640053701 ,2087 
1640985231.252051 ### RSSI: -53, 23, 1640053701 ,2088 
1640985231.284701 ### RSSI: -55, 27, 1640053701 ,2089 
1640985231.349500 ### RSSI: -58, 12, 1640053701 ,2090 
1640985231.382071 ### RSSI: -55, 26, 1640053701 ,2090 
1640985231.447485 ### RSSI: -55, 26, 1640053701 ,2091 
1640985231.482617 ### RSSI: -62, 6, 1640053701 ,2092 
1640985231.548968 ### RSSI: -57, 3, 1640053701 ,2093 
1640985231.582183 ### RSSI: -57, 31, 1640053701 ,2093 
1640985231.649591 ### RSSI: -56, 35, 1640053701 ,2094 
1640985231.681107 ### RSSI: -56, 2, 1640053701 ,2095 
1640985231.747822 ### RSSI: -55, 35, 1640053701 ,2096 
1640985231.780498 ### RSSI: -61, 12, 1640053701 ,2096 
1640985231.882121 ### RSSI: -57, 34, 1640053701 ,2098 
1640985232.055046 ### DEBUG: Ticks: 2101, 16, 1 
1640985232.055333 1640053702 c0:98:e5:42:00:2c 948 
1640985232.065773 1076 1117 1129 1131 1136 1141 1151 1157 1175 1177 1186 1197 1222 1224 1229 
1640985232.065939 1231 1233 1235 1241 1242 1251 1252 1258 1267 1269 1272 1272 1294 1304 1320 
1640985232.753206 ### RSSI: -58, 24, 1640053702 ,2111 
1640985232.888954 ### RSSI: -57, 16, 1640053702 ,2114 
1640985233.062831 ### DEBUG: Ticks: 2116, 15, 1 
1640985233.062944 1640053703 c0:98:e5:42:00:2c 949 
1640985233.062986 1026 1037 1046 1091 1095 1102 1102 1108 1111 1115 1133 1133 1153 1154 1158 
1640985233.063027 1167 1178 1185 1185 1186 1188 1194 1207 1211 1213 1215 1219 1221 1274 1287 
1640985234.055668 ### DEBUG: Ticks: 2132, 16, 1 
1640985234.055959 1640053704 c0:98:e5:42:00:2c 927 
1640985234.056056 1114 1156 1156 1166 1179 1188 1191 1194 1199 1199 1209 1209 1218 1233 1234 
1640985234.056138 1241 1242 1243 1253 1255 1308 1314 1315 1321 1343 1352 1370 1391 1396 1400 
1640985236.853994 ### BLE EVENT: 17, INFO: BLE DISCONNECTED!
1640985236.984138 ### BLE EVENT: 17, INFO: BLE DISCONNECTED!
1640985237.060649 ### DEBUG: Ticks: 2179, 47, 0 
1640985237.060877 1640053707 c0:98:e5:42:00:2c 1835 
1640985237.060946 2160 2192 2226 2236 2242 2258 2269 2269 2273 2274 2285 2286 2287 2297 2298 
1640985237.061012 2302 2304 2306 2315 2321 2322 2328 2349 2351 2374 2401 2410 2422 2476 2784 
1640985238.056491 ### DEBUG: Ticks: 2194, 15, 0 
1640985238.056648 1640053708 c0:98:e5:42:00:2c 2069 
1640985238.056698 2253 2254 2286 2307 2309 2311 2318 2340 2340 2344 2346 2347 2348 2350 2355 
1640985238.056747 2356 2360 2377 2394 2396 2409 2414 2416 2423 2454 2472 2495 2499 2504 2732 
1640985239.134909 ### BLE EVENT: 16, INFO: BLE CONNECTED!
1640985239.135008 ### RSSI: -63, 31, 1640053709 ,2211 
1640985239.233996 ### RSSI: -63, 11, 1640053709 ,2213 
1640985239.333329 ### RSSI: -62, 21, 1640053709 ,2214 
1640985239.433215 ### RSSI: -69, 26, 1640053709 ,2216 
1640985239.533663 ### RSSI: -63, 30, 1640053709 ,2217 
1640985239.635781 ### RSSI: -70, 7, 1640053709 ,2219 
1640985239.739892 ### RSSI: -62, 19, 1640053710 ,2221 
1640985239.937641 ### RSSI: -61, 21, 1640053710 ,2224 
1640985240.039514 ### RSSI: -67, 3, 1640053710 ,2225 
1640985240.139593 ### RSSI: -68, 15, 1640053710 ,2227 
1640985240.240344 ### RSSI: -64, 8, 1640053710 ,2228 
1640985240.331983 ### RSSI: -62, 19, 1640053710 ,2230 
1640985240.435737 ### RSSI: -62, 20, 1640053710 ,2231 
1640985240.536592 ### RSSI: -67, 16, 1640053710 ,2233 
1640985240.639588 ### RSSI: -64, 18, 1640053711 ,2235 
1640985240.742215 ### RSSI: -68, 27, 1640053711 ,2236 
1640985240.832753 ### RSSI: -61, 12, 1640053711 ,2238 
1640985241.059710 ### DEBUG: Ticks: 2241, 47, 0 
1640985241.059829 1640053711 c0:98:e5:42:00:2c 2099 
1640985241.059880 2193 2242 2265 2278 2278 2294 2299 2304 2314 2315 2317 2320 2321 2330 2335 
1640985241.059935 2337 2340 2342 2345 2374 2383 2385 2393 2394 2395 2395 2396 2408 2417 0 
1640985241.833128 ### RSSI: -61, 28, 1640053712 ,2253 
1640985242.063439 ### DEBUG: Ticks: 2257, 16, 0 
1640985242.063540 1640053712 c0:98:e5:42:00:2c 2091 
1640985242.063584 2281 2298 2306 2329 2338 2344 2347 2349 2361 2369 2381 2383 2383 2384 2396 
1640985242.063624 2396 2397 2410 2418 2425 2431 2446 2447 2457 2457 2464 2467 2477 2493 2506 
1640985242.832262 ### RSSI: -63, 16, 1640053713 ,2269 
1640985243.058334 ### DEBUG: Ticks: 2272, 15, 0 
1640985243.058434 1640053713 c0:98:e5:42:00:2c 1901 
1640985243.058475 2051 2069 2092 2105 2109 2111 2112 2117 2123 2130 2134 2139 2142 2145 2150 
1640985243.058519 2159 2165 2167 2179 2184 2185 2192 2206 2225 2232 2238 2238 2245 2246 2256 
1640985243.836720 ### RSSI: -83, 16, 1640053714 ,2285 
1640985244.062480 ### DEBUG: Ticks: 2288, 16, 0 
1640985244.062582 1640053714 c0:98:e5:42:00:2c 1430 
1640985244.062628 1644 1662 1663 1671 1672 1685 1692 1697 1698 1702 1710 1714 1715 1716 1719 
1640985244.062671 1719 1723 1726 1733 1747 1751 1774 1793 1798 1799 1803 1808 1896 1901 1928 
1640985244.834371 ### RSSI: -64, 23, 1640053715 ,2300 
1640985245.063377 ### DEBUG: Ticks: 2304, 16, 0 
1640985245.063531 1640053715 c0:98:e5:42:00:2c 971 
1640985245.063601 1091 1110 1142 1144 1151 1153 1160 1175 1185 1194 1201 1220 1220 1223 1225 
1640985245.063706 1225 1227 1233 1242 1262 1268 1276 1281 1282 1301 1308 1319 1322 1325 1498 
1640985245.834405 ### RSSI: -56, 15, 1640053716 ,2316 
1640985246.058678 ### DEBUG: Ticks: 2319, 15, 0 
1640985246.058780 1640053716 c0:98:e5:42:00:2c 413 
1640985246.058826 568 598 604 625 640 653 654 662 686 687 693 695 696 699 700 
1640985246.058865 707 714 720 723 723 725 726 741 743 746 771 789 820 844 857 
1640985246.831971 ### RSSI: -52, 17, 1640053717 ,2331 
1640985247.063812 ### DEBUG: Ticks: 2335, 16, 0 
1640985247.063919 1640053717 c0:98:e5:42:00:2c 418 
1640985247.064114 496 532 564 585 598 601 608 619 634 640 642 648 650 656 661 
1640985247.064849 664 664 673 681 688 696 698 716 717 734 738 783 794 855 860 
1640985247.836441 ### RSSI: -55, 29, 1640053718 ,2347 
1640985248.057468 ### DEBUG: Ticks: 2351, 16, 0 
1640985248.057577 1640053718 c0:98:e5:42:00:2c 501 
1640985248.057633 582 636 662 668 669 676 676 687 692 696 697 706 710 740 740 
1640985248.057689 740 759 761 768 768 774 814 822 823 828 834 860 899 910 971 
1640985248.832863 ### RSSI: -57, 3, 1640053719 ,2363 
1640985249.058596 ### DEBUG: Ticks: 2366, 15, 0 
1640985249.058710 1640053719 c0:98:e5:42:00:2c 418 
1640985249.058765 561 583 617 628 652 665 670 676 688 689 689 692 693 695 704 
1640985249.058813 713 713 730 732 738 747 750 759 794 809 826 851 865 900 925 
1640985249.837897 ### RSSI: -49, 33, 1640053720 ,2378 
1640985250.835361 ### RSSI: -57, 0, 1640053721 ,2394 
1640985251.836828 ### RSSI: -60, 1, 1640053722 ,2410 
1640985252.062255 ### DEBUG: Ticks: 2413, 47, 0 
1640985252.062375 1640053722 c0:98:e5:42:00:2c 397 
1640985252.062424 543 579 582 623 627 639 647 655 658 659 659 663 667 671 679 
1640985252.062473 682 688 694 697 705 715 716 733 736 738 756 800 827 864 896 
1640985252.834548 ### RSSI: -52, 16, 1640053723 ,2425 
1640985253.063764 ### DEBUG: Ticks: 2429, 16, 0 
1640985253.063897 1640053723 c0:98:e5:42:00:2c 443 
1640985253.063954 565 566 575 591 608 616 619 629 658 663 668 669 677 677 678 
1640985253.064043 686 690 697 698 700 711 712 722 751 754 754 806 822 837 926 
