1640985084.086920 ###RTT Client: ************************************************************ 
1640985084.087265 ###RTT Client: *               SEGGER Microcontroller GmbH                * 
1640985084.087622 ###RTT Client: *   Solutions for real time microcontroller applications   * 
1640985084.087832 ###RTT Client: ************************************************************ 
1640985084.087987 ###RTT Client: *                                                          * 
1640985084.088191 ###RTT Client: *       (c) 2012 - 2016  SEGGER Microcontroller GmbH       * 
1640985084.088314 ###RTT Client: *                                                          * 
1640985084.088427 ###RTT Client: *     www.segger.com     Support: support@segger.com       * 
1640985084.088561 ###RTT Client: *                                                          * 
1640985084.088675 ###RTT Client: ************************************************************ 
1640985084.088787 ###RTT Client: *                                                          * 
1640985084.088900 ###RTT Client: * SEGGER J-Link RTT Client   Compiled Jan 30 2018 18:46:58 * 
1640985084.089046 ###RTT Client: *                                                          * 
1640985084.089169 ###RTT Client: ************************************************************ 
1640985084.089281 
1640985084.089389 ###RTT Client: -----------------------------------------------
1640985084.089522 ###RTT Client: Connecting to J-Link RTT Server via localhost:9201  Connected.
1640985084.089634 SEGGER J-Link V6.30 - Real time terminal output
1640985084.089747 J-Link EDU Mini V1 compiled Oct  2 2020 17:00:40 V1.0, SN=801021851
1640985084.089858 Process: JLinkExe
1640985084.090245 ### RSSI: -44, 13, 1640053525 ,242 
1640985084.090370 ### DEBUG: Ticks: 243, 16, 1 
1640985084.090509 1640053525 c0:98:e5:42:00:29 311 
1640985084.090709 0 2 21 22 26 35 36 43 51 53 58 58 64 74 79 
1640985084.090836 86 92 92 94 96 124 140 155 163 168 172 179 193 195 212 
1640985084.090950 ### RSSI: -44, 31, 1640053526 ,258 
1640985084.091063 ### DEBUG: Ticks: 258, 15, 1 
1640985084.091247 1640053526 c0:98:e5:42:00:29 359 
1640985084.091374 -15 -1 8 11 14 38 40 43 50 72 79 83 91 94 96 
1640985084.091532 98 102 114 119 122 138 149 176 181 182 195 206 207 224 247 
1640985084.091657 ### RSSI: -45, 10, 1640053527 ,273 
1640985084.091772 ### DEBUG: Ticks: 274, 16, 1 
1640985084.091884 1640053527 c0:98:e5:42:00:29 259 
1640985084.091998 -107 -70 -69 -68 -60 -57 -43 -39 -32 -32 -29 -23 -22 -16 -10 
1640985084.092113 0 11 11 13 33 36 43 52 56 58 65 66 72 126 152 
1640985084.092227 ### RSSI: -44, 32, 1640053528 ,289 
1640985084.092374 ### DEBUG: Ticks: 290, 16, 1 
1640985084.092517 1640053528 c0:98:e5:42:00:29 353 
1640985084.092632 -62 -42 -40 -34 -21 -7 -5 -3 4 5 7 16 32 36 37 
1640985084.092744 39 42 49 52 56 57 59 60 74 121 132 149 155 165 168 
1640985084.093009 ### RSSI: -47, 3, 1640053529 ,305 
1640985084.093132 ### DEBUG: Ticks: 305, 15, 1 
1640985084.093246 1640053529 c0:98:e5:42:00:29 281 
1640985084.093355 -69 -68 -66 -54 -47 -45 -36 -32 -27 -27 -26 -20 -17 -13 -8 
1640985084.093750 5 5 11 25 25 50 59 72 76 79 84 87 90 137 160 
1640985084.093887 ### RSSI: -46, 30, 1640053530 ,320 
1640985084.094003 ### DEBUG: Ticks: 321, 16, 1 
1640985084.094119 1640053530 c0:98:e5:42:00:29 331 
1640985084.094324 -48 -33 -17 -14 -10 -8 -5 17 22 22 23 25 28 33 37 
1640985084.094440 42 57 65 70 74 76 91 110 114 125 133 135 142 176 215 
1640985084.094640 ### RSSI: -44, 27, 1640053531 ,336 
1640985084.094755 ### DEBUG: Ticks: 336, 15, 1 
1640985084.094966 1640053531 c0:98:e5:42:00:29 317 
1640985084.095083 -48 -24 -17 -9 -8 -7 -1 3 5 20 25 27 29 46 51 
1640985084.095198 52 69 70 73 78 95 103 103 114 121 122 129 135 187 252 
1640985084.095355 ### RSSI: -43, 8, 1640053532 ,351 
1640985084.095523 ### DEBUG: Ticks: 352, 16, 1 
1640985084.095680 1640053532 c0:98:e5:42:00:29 282 
1640985084.095798 -201 -201 -201 -188 -183 -180 -175 -172 -171 -171 -168 -165 -156 -144 -132 
1640985084.095912 -105 -96 -92 -92 -83 -81 -72 -62 -56 -47 -38 -29 -22 30 93 
1640985084.096022 ### RSSI: -44, 23, 1640053533 ,367 
1640985084.096151 ### DEBUG: Ticks: 368, 16, 1 
1640985084.096266 1640053533 c0:98:e5:42:00:29 269 
1640985084.096381 -117 -104 -100 -96 -89 -87 -84 -80 -78 -70 -62 -61 -40 -34 -31 
1640985084.096530 -16 0 5 6 23 37 41 42 49 52 55 56 66 123 172 
1640985084.096670 ### RSSI: -44, 20, 1640053534 ,383 
1640985084.096781 ### DEBUG: Ticks: 383, 15, 1 
1640985084.097034 1640053534 c0:98:e5:42:00:29 295 
1640985084.097171 -200 -184 -182 -161 -156 -151 -145 -141 -141 -136 -136 -135 -135 -134 -114 
1640985084.097288 -108 -91 -90 -80 -67 -65 -61 -57 -56 -51 -40 -21 -6 -6 42 
1640985084.097406 ### RSSI: -44, 28, 1640053535 ,398 
1640985084.097830 ### DEBUG: Ticks: 399, 16, 1 
1640985084.097970 1640053535 c0:98:e5:42:00:29 294 
1640985084.098088 -155 -132 -123 -115 -91 -84 -82 -77 -76 -75 -70 -70 -59 -54 -50 
1640985084.098235 -48 -25 1 4 18 20 28 32 36 44 56 58 67 82 171 
1640985084.098354 ### RSSI: -44, 12, 1640053536 ,414 
1640985084.098609 ### DEBUG: Ticks: 415, 16, 1 
1640985084.098740 1640053536 c0:98:e5:42:00:29 244 
1640985084.098881 -200 -198 -192 -177 -177 -175 -173 -170 -170 -167 -164 -162 -146 -145 -127 
1640985084.099068 -125 -125 -124 -116 -115 -107 -99 -93 -86 -75 -61 -47 -40 -31 68 
1640985084.099188 ### RSSI: -43, 23, 1640053537 ,430 
1640985084.099300 ### DEBUG: Ticks: 430, 15, 1 
1640985084.099497 1640053537 c0:98:e5:42:00:29 292 
1640985084.099655 -27 -13 -5 -2 -1 4 6 13 18 28 29 31 35 36 37 
1640985084.099770 39 41 60 60 61 63 67 68 73 113 116 124 137 178 194 
1640985084.099911 ### RSSI: -44, 24, 1640053538 ,445 
1640985084.100030 ### DEBUG: Ticks: 446, 16, 1 
1640985084.100148 1640053538 c0:98:e5:42:00:29 335 
1640985084.100262 -31 -31 -25 -18 -15 -7 -5 -2 0 9 19 21 34 36 58 
1640985084.100374 82 88 99 103 106 111 115 124 145 148 158 171 190 243 0 
1640985084.100526 ### RSSI: -45, 29, 1640053539 ,461 
1640985084.100644 ### DEBUG: Ticks: 461, 15, 1 
1640985084.100783 1640053539 c0:98:e5:42:00:29 293 
1640985084.100901 -96 -89 -54 -42 -40 -30 -30 -23 -19 -17 -14 -8 -6 -3 -3 
1640985084.101201 -3 -1 10 12 20 23 25 44 52 88 98 101 108 142 164 
1640985084.101343 ### RSSI: -43, 9, 1640053540 ,476 
1640985084.101482 ### RSSI: -46, 27, 1640053541 ,492 
1640985084.101604 ### RSSI: -44, 26, 1640053542 ,508 
1640985084.101720 ### RSSI: -44, 26, 1640053543 ,523 
1640985084.101950 ### DEBUG: Ticks: 524, 63, 1 
1640985084.102211 1640053543 c0:98:e5:42:00:29 338 
1640985084.102350 15 29 29 31 43 44 45 56 57 61 64 65 73 74 78 
1640985084.102495 82 86 93 110 114 126 141 152 162 164 175 182 204 223 227 
1640985084.102616 ### RSSI: -45, 25, 1640053544 ,539 
1640985084.102730 ### DEBUG: Ticks: 540, 16, 1 
1640985084.102896 1640053544 c0:98:e5:42:00:29 281 
1640985084.103013 -173 -159 -159 -155 -154 -143 -126 -124 -120 -120 -117 -116 -112 -112 -111 
1640985084.103169 -99 -96 -93 -90 -87 -87 -79 -71 -71 -39 -11 -8 -8 1 48 
1640985084.103293 ### RSSI: -44, 8, 1640053544 ,554 
1640985084.103494 ### DEBUG: Ticks: 555, 15, 1 
1640985084.103647 1640053545 c0:98:e5:42:00:29 307 
1640985084.103767 -105 -98 -98 -89 -82 -70 -67 -53 -51 -37 -36 -35 -31 -27 -25 
1640985084.103886 -16 -13 -10 -8 5 8 11 17 25 37 44 56 101 116 117 
1640985084.104001 ### RSSI: -46, 4, 1640053546 ,570 
1640985084.104163 ### DEBUG: Ticks: 571, 16, 1 
1640985084.104319 1640053546 c0:98:e5:42:00:29 287 
1640985084.104437 -191 -189 -187 -166 -165 -164 -162 -160 -160 -151 -134 -130 -129 -121 -101 
1640985084.105717 -101 -100 -85 -82 -81 -70 -58 -55 -55 -45 -28 -26 -20 4 25 
1640985084.105936 ### RSSI: -45, 31, 1640053547 ,586 
1640985084.106053 ### DEBUG: Ticks: 586, 15, 1 
1640985084.106180 1640053547 c0:98:e5:42:00:29 295 
1640985084.106375 -39 -24 -22 -14 -3 0 9 10 12 24 25 25 31 35 35 
1640985084.106532 38 43 48 58 63 66 75 86 90 105 107 108 127 199 208 
1640985084.106657 ### RSSI: -45, 5, 1640053548 ,601 
1640985084.107004 ### DEBUG: Ticks: 602, 16, 1 
1640985084.107135 1640053548 c0:98:e5:42:00:29 285 
1640985084.107252 -253 -239 -232 -216 -210 -209 -208 -207 -199 -195 -192 -190 -189 -182 -179 
1640985084.107594 -163 -159 -155 -147 -146 -118 -96 -93 -93 -82 -80 -79 -67 -51 41 
1640985084.107813 ### RSSI: -44, 21, 1640053549 ,617 
1640985084.107947 ### DEBUG: Ticks: 618, 16, 1 
1640985084.108122 1640053549 c0:98:e5:42:00:29 275 
1640985084.108238 -272 -271 -238 -234 -231 -223 -221 -220 -219 -218 -213 -211 -202 -197 -194 
1640985084.108376 -184 -170 -147 -140 -136 -136 -119 -100 -99 -96 -95 -87 -42 24 0 
1640985084.108517 ### RSSI: -44, 32, 1640053550 ,633 
1640985084.108641 ### DEBUG: Ticks: 633, 15, 1 
1640985084.108791 1640053550 c0:98:e5:42:00:29 286 
1640985084.108950 -278 -257 -251 -250 -246 -245 -244 -226 -223 -217 -212 -211 -194 -194 -172 
1640985084.109063 -165 -164 -156 -151 -147 -147 -137 -117 -109 -93 -92 -85 -82 -30 2 
1640985084.109179 ### INFO: SD card flushed!
1640985084.109296 ### RSSI: -44, 18, 1640053551 ,648 
1640985084.109409 ### DEBUG: Ticks: 649, 16, 1 
1640985084.109547 1640053551 c0:98:e5:42:00:29 295 
1640985084.109827 -189 -179 -168 -164 -157 -153 -153 -147 -141 -132 -129 -125 -120 -117 -114 
1640985084.110011 -76 -69 -69 -65 -61 -41 -33 -25 -14 2 3 7 8 25 67 
1640985084.110131 ### RSSI: -44, 32, 1640053552 ,664 
1640985084.110381 ### DEBUG: Ticks: 664, 15, 1 
1640985084.110640 1640053552 c0:98:e5:42:00:29 307 
1640985084.110762 -17 -3 0 9 19 22 35 43 46 47 48 62 65 65 72 
1640985084.110875 79 91 109 109 120 128 132 136 136 147 165 188 207 213 236 
1640985084.110990 ### RSSI: -46, 14, 1640053553 ,679 
1640985084.111239 ### DEBUG: Ticks: 680, 16, 1 
1640985084.111353 1640053553 c0:98:e5:42:00:29 322 
1640985084.111488 -141 -137 -123 -100 -96 -95 -91 -89 -87 -77 -68 -68 -61 -60 -57 
1640985084.111849 -55 -43 -42 -17 -16 -11 -1 5 11 12 12 23 41 94 151 
1640985084.111990 ### RSSI: -44, 8, 1640053554 ,695 
1640985084.112136 ### DEBUG: Ticks: 696, 16, 1 
1640985084.112327 1640053554 c0:98:e5:42:00:29 320 
1640985084.112442 -49 -47 -26 -20 -7 -2 0 7 15 17 23 23 28 36 51 
1640985084.112578 67 69 96 98 101 109 113 115 125 135 138 146 148 178 217 
1640985085.007421 ### RSSI: -45, 7, 1640053555 ,711 
1640985085.051616 ### DEBUG: Ticks: 711, 15, 1 
1640985085.051720 1640053555 c0:98:e5:42:00:29 316 
1640985085.051762 -227 -218 -217 -204 -188 -182 -181 -163 -161 -159 -151 -146 -145 -144 -143 
1640985085.051808 -139 -124 -123 -116 -115 -108 -88 -70 -67 -60 -53 -38 -33 -25 92 
1640985086.014642 ### RSSI: -48, 7, 1640053556 ,726 
1640985086.058507 ### DEBUG: Ticks: 727, 16, 1 
1640985086.058632 1640053556 c0:98:e5:42:00:29 347 
1640985086.058700 53 54 61 62 76 77 89 92 94 100 130 133 137 137 140 
1640985086.058766 149 152 153 163 164 167 169 177 179 198 201 228 255 278 318 
1640985087.011356 ### RSSI: -49, 29, 1640053557 ,742 
1640985087.056457 ### DEBUG: Ticks: 743, 16, 1 
1640985087.056729 1640053557 c0:98:e5:42:00:29 260 
1640985087.056845 -147 -137 -136 -127 -123 -105 -103 -98 -88 -88 -83 -63 -59 -53 -39 
1640985087.056950 -29 -28 -20 -4 11 18 21 27 30 33 43 47 61 67 140 
1640985088.008373 ### RSSI: -44, 12, 1640053558 ,758 
1640985088.052240 ### DEBUG: Ticks: 758, 15, 1 
1640985088.052712 1640053558 c0:98:e5:42:00:29 295 
1640985088.053352 -70 -59 -58 -51 -38 -33 -27 -20 -15 -15 -11 -11 1 13 14 
1640985088.053908 30 54 58 69 76 78 78 84 101 105 106 121 130 154 160 
1640985089.008011 ### RSSI: -44, 20, 1640053559 ,773 
1640985089.053607 ### DEBUG: Ticks: 774, 16, 1 
1640985089.053715 1640053559 c0:98:e5:42:00:29 311 
1640985089.053762 -184 -174 -158 -156 -153 -144 -137 -137 -128 -113 -109 -107 -104 -102 -99 
1640985089.053801 -92 -88 -86 -71 -67 -50 -43 -31 -24 -1 -1 2 5 12 40 
1640985090.010108 ### RSSI: -45, 0, 1640053560 ,789 
1640985090.055992 ### DEBUG: Ticks: 789, 15, 1 
1640985090.056257 1640053560 c0:98:e5:42:00:29 292 
1640985090.056446 -92 -77 -74 -70 -68 -66 -55 -51 -29 -27 -25 -12 -10 -8 -4 
1640985090.056610 1 5 11 19 22 29 34 40 44 55 79 86 90 137 138 
1640985091.011644 ### RSSI: -46, 4, 1640053561 ,804 
1640985091.056259 ### DEBUG: Ticks: 805, 16, 1 
1640985091.056572 1640053561 c0:98:e5:42:00:29 296 
1640985091.056756 -59 -52 -47 -43 -38 -33 -26 -21 -8 -5 3 15 19 22 29 
1640985091.056943 33 46 71 83 92 92 92 94 95 114 127 137 146 151 170 
1640985092.011029 ### RSSI: -43, 27, 1640053562 ,820 
1640985092.063642 ### DEBUG: Ticks: 821, 16, 1 
1640985092.063919 1640053562 c0:98:e5:42:00:29 296 
1640985092.064104 -174 -151 -140 -121 -120 -115 -115 -113 -111 -109 -105 -76 -73 -70 -69 
1640985092.064279 -68 -60 -19 -19 2 6 12 14 14 18 22 23 37 118 149 
1640985093.010784 ### RSSI: -46, 4, 1640053563 ,836 
1640985093.053425 ### DEBUG: Ticks: 836, 15, 1 
1640985093.053528 1640053563 c0:98:e5:42:00:29 300 
1640985093.053568 -170 -153 -146 -133 -133 -124 -121 -121 -114 -113 -109 -107 -103 -95 -73 
1640985093.053607 -72 -62 -36 -28 -25 -23 -21 -10 0 0 5 15 22 54 58 
1640985094.007932 ### RSSI: -45, 0, 1640053564 ,851 
1640985094.051242 ### DEBUG: Ticks: 852, 16, 1 
1640985094.051595 1640053564 c0:98:e5:42:00:29 285 
1640985094.051823 -150 -120 -112 -106 -104 -103 -97 -90 -82 -81 -80 -77 -70 -66 -60 
1640985094.052186 -55 -52 -47 -41 -38 -20 -8 -4 3 11 16 23 49 59 78 
1640985095.008073 ### RSSI: -44, 9, 1640053565 ,867 
1640985095.053354 ### DEBUG: Ticks: 868, 16, 1 
1640985095.053647 1640053565 c0:98:e5:42:00:29 315 
1640985095.053830 -130 -127 -127 -126 -123 -115 -102 -102 -96 -92 -84 -76 -76 -72 -68 
1640985095.054051 -52 -31 -23 -4 3 15 29 31 38 48 52 54 74 83 147 
1640985095.656411 ### BLE EVENT: 16, INFO: BLE CONNECTED!
1640985095.656751 ### RSSI: -44, 26, 1640053566 ,877 
1640985095.754744 ### RSSI: -45, 9, 1640053566 ,878 
1640985095.854557 ### RSSI: -44, 23, 1640053566 ,880 
1640985095.955284 ### RSSI: -46, 5, 1640053566 ,882 
1640985096.011076 ### RSSI: -46, 0, 1640053566 ,882 
1640985096.055813 ### RSSI: -43, 36, 1640053566 ,883 
1640985096.056094 ### DEBUG: Ticks: 883, 15, 1 
1640985096.056276 1640053566 c0:98:e5:42:00:29 304 
1640985096.056465 -102 -84 -83 -79 -77 -77 -77 -74 -50 -49 -41 -24 -22 -17 -10 
1640985096.056699 -9 -1 9 13 15 16 20 31 39 40 43 71 83 103 151 
1640985096.109404 ### RSSI: -44, 32, 1640053566 ,884 
1640985096.153511 ### RSSI: -46, 6, 1640053567 ,885 
1640985096.253346 ### RSSI: -46, 14, 1640053567 ,886 
1640985097.057083 ### DEBUG: Ticks: 899, 16, 1 
1640985097.057546 1640053567 c0:98:e5:42:00:29 275 
1640985097.058222 -109 -102 -99 -78 -78 -77 -74 -65 -62 -61 -60 -58 -40 -39 -29 
1640985097.058792 -27 -25 -11 -9 -5 14 18 22 23 39 53 77 102 124 148 
1640985097.113126 ### RSSI: -46, 10, 1640053568 ,900 
1640985097.246174 ### RSSI: -49, 20, 1640053568 ,902 
1640985098.056480 ### DEBUG: Ticks: 914, 15, 1 
1640985098.056768 1640053568 c0:98:e5:42:00:29 341 
1640985098.056952 9 11 25 28 31 43 43 44 52 57 61 65 67 85 97 
1640985098.057139 110 115 132 132 132 133 167 171 176 182 183 187 209 218 219 
1640985101.055917 ### DEBUG: Ticks: 961, 47, 1 
1640985101.056194 1640053571 c0:98:e5:42:00:29 303 
1640985101.056395 -173 -171 -147 -141 -139 -132 -128 -127 -120 -119 -112 -112 -98 -92 -88 
1640985101.056594 -78 -77 -69 -67 -58 -53 -36 -33 -29 -28 -17 13 27 85 0 
1640985101.211717 ### BLE EVENT: 17, INFO: BLE DISCONNECTED!
1640985101.354704 ### BLE EVENT: 17, INFO: BLE DISCONNECTED!
1640985101.752112 ### BLE EVENT: 16, INFO: BLE CONNECTED!
1640985101.752475 ### RSSI: -47, 3, 1640053571 ,972 
1640985101.860145 ### RSSI: -55, 2, 1640053571 ,974 
1640985101.957178 ### RSSI: -46, 34, 1640053572 ,975 
1640985102.057619 ### DEBUG: Ticks: 977, 16, 0 
1640985102.057903 1640053572 c0:98:e5:42:00:29 295 
1640985102.058085 -63 -54 -25 -20 -16 -12 -9 -9 -4 1 11 17 26 42 48 
1640985102.058270 52 58 65 72 79 87 88 98 99 103 122 133 150 157 184 
1640985102.058445 ### RSSI: -45, 29, 1640053572 ,977 
1640985102.158379 ### RSSI: -45, 30, 1640053572 ,978 
1640985102.254786 ### RSSI: -44, 23, 1640053572 ,980 
1640985102.355409 ### RSSI: -45, 6, 1640053572 ,982 
1640985102.453961 ### RSSI: -45, 10, 1640053572 ,983 
1640985102.552730 ### RSSI: -44, 32, 1640053572 ,985 
1640985102.653293 ### RSSI: -45, 12, 1640053572 ,986 
1640985102.752118 ### RSSI: -45, 18, 1640053572 ,988 
1640985102.860971 ### RSSI: -45, 12, 1640053572 ,989 
1640985102.958266 ### RSSI: -45, 30, 1640053573 ,991 
1640985103.058868 ### DEBUG: Ticks: 992, 15, 0 
1640985103.058973 1640053573 c0:98:e5:42:00:29 341 
1640985103.059332 -64 -26 -24 -19 -13 4 6 11 11 13 15 17 33 33 35 
1640985103.059387 39 43 51 51 55 62 73 82 105 106 119 121 153 167 192 
1640985103.059654 ### RSSI: -46, 18, 1640053573 ,993 
1640985103.157317 ### RSSI: -45, 29, 1640053573 ,994 
1640985103.255948 ### RSSI: -46, 0, 1640053573 ,996 
1640985103.355110 ### RSSI: -44, 26, 1640053573 ,997 
1640985104.053736 ### DEBUG: Ticks: 1008, 16, 0 
1640985104.054054 1640053574 c0:98:e5:42:00:29 320 
1640985104.054264 -33 -6 14 15 19 21 26 29 31 34 43 44 60 68 69 
1640985104.054679 73 73 93 98 133 142 145 164 169 183 189 200 213 215 274 
1640985104.351940 ### RSSI: -44, 19, 1640053574 ,1013 
1640985105.053626 ### DEBUG: Ticks: 1024, 16, 0 
1640985105.053912 1640053575 c0:98:e5:42:00:29 298 
1640985105.054094 -36 -19 -19 -15 -10 -4 -1 -1 13 15 16 23 24 26 44 
1640985105.054356 59 63 64 81 82 97 98 123 151 161 169 170 177 204 252 
1640985105.352811 ### RSSI: -46, 30, 1640053575 ,1028 
1640985106.053872 ### DEBUG: Ticks: 1039, 15, 0 
1640985106.054145 1640053576 c0:98:e5:42:00:29 306 
1640985106.054327 -83 -77 -69 -68 -67 -63 -57 -52 -48 -31 -29 -8 -4 -4 1 
1640985106.054521 6 21 45 52 62 66 80 97 98 98 98 127 137 163 0 
1640985106.357922 ### RSSI: -45, 29, 1640053576 ,1044 
1640985107.053786 ### DEBUG: Ticks: 1055, 16, 0 
1640985107.054006 1640053577 c0:98:e5:42:00:29 337 
1640985107.054221 -24 -17 -5 -3 21 24 25 28 36 39 44 50 57 76 81 
1640985107.054378 88 135 138 140 155 157 163 164 166 179 181 184 198 254 258 
1640985107.359302 ### RSSI: -44, 9, 1640053577 ,1060 
1640985108.057051 ### DEBUG: Ticks: 1071, 16, 0 
1640985108.057332 1640053578 c0:98:e5:42:00:29 304 
1640985108.057513 -217 -211 -205 -198 -194 -192 -185 -182 -182 -166 -161 -152 -144 -142 -138 
1640985108.057724 -121 -119 -111 -107 -100 -98 -85 -81 -72 -72 -42 -39 -32 -25 73 
1640985108.351717 ### RSSI: -45, 8, 1640053578 ,1075 
1640985109.057375 ### DEBUG: Ticks: 1086, 15, 0 
1640985109.057652 1640053579 c0:98:e5:42:00:29 336 
1640985109.057859 -71 -31 -16 -12 -11 -1 8 12 16 26 26 31 42 54 64 
1640985109.058036 64 69 71 81 89 95 117 123 124 133 177 184 195 195 225 
1640985109.355849 ### RSSI: -46, 15, 1640053579 ,1091 
1640985110.057385 ### DEBUG: Ticks: 1102, 16, 0 
1640985110.057645 1640053580 c0:98:e5:42:00:29 351 
1640985110.057830 26 29 32 35 53 58 62 71 80 81 81 85 87 91 108 
1640985110.058039 117 135 140 141 143 155 170 182 185 196 197 211 211 237 265 
1640985110.350743 ### RSSI: -45, 7, 1640053580 ,1107 
1640985110.518267 ### INFO: Device is now IN MOTION
1640985111.059410 ### DEBUG: Ticks: 1117, 15, 0 
1640985111.059825 1640053581 c0:98:e5:42:00:29 297 
1640985111.059982 -87 -77 -62 -55 -55 -48 -44 -41 -36 -29 -25 -20 -19 -12 -12 
1640985111.060135 -7 0 18 20 22 38 39 52 53 56 59 72 92 167 182 
1640985111.352303 ### RSSI: -52, 21, 1640053581 ,1122 
1640985112.055475 ### ERROR: Failed reading SquarePoint packet length
1640985112.361511 ### RSSI: -50, 20, 1640053582 ,1138 
1640985113.361849 ### RSSI: -43, 17, 1640053583 ,1153 
1640985114.051632 ### DEBUG: Ticks: 1164, 47, 0 
1640985114.051922 1640053584 c0:98:e5:42:00:29 267 
1640985114.052148 -137 -91 -77 -62 -60 -60 -55 -54 -44 -44 -44 -36 -21 -16 -10 
1640985114.062553 -9 -7 7 13 17 23 24 32 35 36 55 57 123 148 269 
1640985114.354146 ### RSSI: -51, 34, 1640053584 ,1169 
1640985115.051876 ### DEBUG: Ticks: 1180, 16, 0 
1640985115.052155 1640053585 c0:98:e5:42:00:29 423 
1640985115.052335 11 42 57 59 74 78 83 85 91 92 100 101 103 109 110 
1640985115.052562 114 118 128 137 140 140 161 176 179 181 188 194 204 237 301 
1640985115.359471 ### RSSI: -46, 13, 1640053586 ,1185 
1640985116.052150 ### DEBUG: Ticks: 1196, 16, 0 
1640985116.052466 1640053586 c0:98:e5:42:00:29 548 
1640985116.052651 177 192 222 223 230 249 252 253 256 256 269 270 273 279 281 
1640985116.052887 284 285 290 297 307 310 310 312 328 343 343 344 345 353 376 
1640985116.353523 ### RSSI: -46, 15, 1640053587 ,1200 
1640985116.443248 ### INFO: SD card flushed!
1640985117.060351 ### DEBUG: Ticks: 1211, 15, 0 
1640985117.060609 1640053587 c0:98:e5:42:00:29 666 
1640985117.060777 215 247 253 286 291 294 295 295 302 306 313 314 319 321 323 
1640985117.060937 327 336 344 348 355 355 369 369 370 393 416 426 426 434 508 
1640985117.353193 ### RSSI: -47, 11, 1640053588 ,1216 
1640985118.059282 ### DEBUG: Ticks: 1227, 16, 0 
1640985118.059629 1640053588 c0:98:e5:42:00:29 771 
1640985118.059879 395 436 443 457 463 470 479 480 480 482 483 485 486 492 496 
1640985118.060070 516 516 530 531 531 534 535 544 545 546 556 564 619 645 665 
1640985118.359762 ### RSSI: -49, 32, 1640053589 ,1231 
1640985119.053481 ### DEBUG: Ticks: 1242, 15, 0 
1640985119.053704 1640053589 c0:98:e5:42:00:29 764 
1640985119.053842 459 470 474 483 484 484 498 500 513 515 518 518 518 518 521 
1640985119.053997 527 530 539 541 548 554 566 570 574 582 584 585 601 610 633 
1640985119.360513 ### RSSI: -50, 18, 1640053590 ,1247 
1640985120.057848 ### DEBUG: Ticks: 1258, 16, 0 
1640985120.058128 1640053590 c0:98:e5:42:00:29 758 
1640985120.058310 322 341 370 382 406 414 416 417 422 430 431 436 436 439 440 
1640985120.058499 442 448 452 459 467 475 476 478 481 493 551 607 681 690 804 
1640985120.351818 ### RSSI: -50, 17, 1640053591 ,1263 
1640985121.053678 ### DEBUG: Ticks: 1274, 16, 0 
1640985121.053928 1640053591 c0:98:e5:42:00:29 860 
1640985121.054117 550 582 589 592 603 623 645 650 653 654 664 664 665 667 670 
1640985121.054278 677 677 681 685 703 709 715 722 733 750 753 762 764 781 882 
1640985121.356990 ### RSSI: -62, 27, 1640053592 ,1278 
1640985122.061131 ### DEBUG: Ticks: 1289, 15, 0 
1640985122.061483 1640053592 c0:98:e5:42:00:29 817 
1640985122.061666 508 514 514 528 539 543 545 545 549 553 553 558 561 564 583 
1640985122.061853 584 587 592 594 595 614 618 635 671 677 690 713 725 747 0 
1640985122.352876 ### RSSI: -55, 30, 1640053593 ,1294 
1640985123.051840 ### DEBUG: Ticks: 1305, 16, 0 
1640985123.052129 1640053593 c0:98:e5:42:00:29 845 
1640985123.052312 567 574 581 581 588 588 589 595 595 599 601 615 629 633 635 
1640985123.052546 639 642 643 643 648 648 648 672 684 759 770 780 781 784 802 
1640985123.353112 ### RSSI: -59, 14, 1640053593 ,1310 
1640985124.055582 ### DEBUG: Ticks: 1321, 16, 0 
1640985124.055820 1640053594 c0:98:e5:42:00:29 874 
1640985124.055959 492 514 530 544 545 548 560 578 583 584 599 599 612 612 616 
1640985124.056136 623 627 628 633 635 636 639 649 661 667 702 709 730 751 777 
1640985124.360616 ### RSSI: -53, 28, 1640053594 ,1325 
1640985125.048227 ### ERROR: Failed reading SquarePoint packet length
1640985125.350515 ### RSSI: -68, 28, 1640053595 ,1341 
1640985126.351286 ### RSSI: -57, 30, 1640053596 ,1356 
1640985127.052637 ### DEBUG: Ticks: 1367, 46, 0 
1640985127.052892 1640053597 c0:98:e5:42:00:29 1144 
1640985127.064205 763 792 796 802 807 807 821 826 826 831 835 841 848 850 862 
1640985127.064470 870 873 877 879 881 897 898 909 911 914 931 999 1016 1017 1057 
1640985127.354590 ### RSSI: -61, 21, 1640053597 ,1372 
1640985128.058661 ### DEBUG: Ticks: 1383, 16, 0 
1640985128.058951 1640053598 c0:98:e5:42:00:29 1613 
1640985128.059135 1201 1236 1236 1261 1261 1272 1275 1277 1284 1289 1292 1294 1302 1308 1313 
1640985128.059323 1324 1331 1332 1337 1338 1379 1381 1383 1392 1402 1403 1458 1511 1549 1562 
1640985128.349810 ### RSSI: -65, 29, 1640053598 ,1388 
1640985129.052169 ### DEBUG: Ticks: 1399, 16, 0 
1640985129.052409 1640053599 c0:98:e5:42:00:29 1993 
1640985129.064041 1682 1696 1699 1701 1717 1718 1720 1721 1721 1729 1735 1735 1739 1743 1751 
1640985129.064455 1759 1760 1773 1781 1799 1818 1822 1824 1830 1837 1847 1848 1852 1861 1979 
1640985129.355155 ### RSSI: -64, 15, 1640053599 ,1403 
1640985130.055604 ### DEBUG: Ticks: 1414, 15, 0 
1640985130.055883 1640053600 c0:98:e5:42:00:29 1979 
1640985130.056083 1494 1499 1501 1504 1508 1512 1525 1528 1530 1537 1550 1554 1555 1568 1571 
1640985130.056283 1575 1575 1575 1576 1587 1589 1608 1610 1612 1618 1625 1643 1666 1670 1834 
1640985130.358071 ### RSSI: -59, 23, 1640053600 ,1419 
1640985131.053579 ### DEBUG: Ticks: 1430, 16, 0 
1640985131.053943 1640053601 c0:98:e5:42:00:29 1855 
1640985131.054127 1378 1384 1386 1390 1397 1403 1409 1413 1413 1425 1434 1445 1447 1451 1453 
1640985131.054336 1472 1473 1476 1494 1497 1498 1506 1510 1512 1514 1525 1532 1541 1612 1801 
1640985131.353622 ### RSSI: -64, 13, 1640053601 ,1435 
1640985132.050067 ### DEBUG: Ticks: 1445, 15, 0 
1640985132.061896 1640053602 c0:98:e5:42:00:29 1937 
1640985132.062158 1551 1561 1563 1563 1567 1569 1574 1578 1596 1596 1598 1603 1604 1607 1611 
1640985132.062389 1613 1620 1622 1638 1648 1649 1650 1651 1681 1702 1708 1709 1726 1729 1769 
1640985132.351649 ### RSSI: -63, 10, 1640053602 ,1450 
1640985133.058499 ### DEBUG: Ticks: 1461, 16, 0 
1640985133.058791 1640053603 c0:98:e5:42:00:29 1848 
1640985133.058979 1487 1487 1495 1500 1503 1518 1530 1536 1539 1549 1552 1552 1553 1575 1575 
1640985133.059165 1578 1579 1585 1588 1602 1603 1612 1615 1634 1641 1641 1642 1668 1847 1848 
1640985133.349666 ### RSSI: -55, 31, 1640053603 ,1466 
1640985134.059958 ### DEBUG: Ticks: 1477, 16, 0 
1640985134.060216 1640053604 c0:98:e5:42:00:29 1472 
1640985134.060353 1182 1204 1206 1211 1212 1216 1222 1236 1236 1241 1246 1251 1252 1255 1258 
1640985134.060494 1260 1272 1272 1286 1299 1299 1306 1316 1334 1342 1402 1416 1419 1425 1512 
1640985134.454496 ### RSSI: -55, 32, 1640053604 ,1483 
1640985135.053685 ### DEBUG: Ticks: 1492, 15, 0 
1640985135.053964 1640053605 c0:98:e5:42:00:29 952 
1640985135.054114 572 574 587 595 603 607 616 616 617 620 621 626 627 630 634 
1640985135.054246 635 641 655 656 660 664 668 699 702 709 722 739 779 792 799 
1640985135.456587 ### RSSI: -67, 21, 1640053605 ,1499 
1640985136.056456 ### DEBUG: Ticks: 1508, 16, 0 
1640985136.056741 1640053606 c0:98:e5:42:00:29 869 
1640985136.056903 451 465 513 520 527 528 540 541 543 551 560 561 579 580 586 
1640985136.057089 592 607 607 613 616 622 629 635 635 685 697 712 754 803 0 
1640985136.452699 ### RSSI: -50, 17, 1640053606 ,1514 
1640985137.052972 ### DEBUG: Ticks: 1524, 16, 0 
1640985137.053292 1640053607 c0:98:e5:42:00:29 859 
1640985137.053478 516 539 552 558 567 570 590 598 605 611 614 620 622 626 627 
1640985137.053665 633 638 641 651 652 655 662 684 688 698 709 731 778 782 848 
1640985137.454636 ### RSSI: -57, 10, 1640053608 ,1530 
1640985138.051830 ### ERROR: Failed reading SquarePoint packet length
1640985138.460257 ### RSSI: -58, 2, 1640053609 ,1545 
1640985139.457199 ### RSSI: -57, 9, 1640053610 ,1561 
1640985140.058247 ### DEBUG: Ticks: 1570, 46, 0 
1640985140.058520 1640053610 c0:98:e5:42:00:29 1058 
1640985140.058677 701 722 742 757 762 773 773 777 780 783 786 787 790 800 807 
1640985140.058834 812 816 817 826 833 836 836 839 846 856 860 891 926 971 0 
1640985140.458525 ### RSSI: -62, 13, 1640053611 ,1577 
1640985141.059250 ### DEBUG: Ticks: 1586, 16, 0 
1640985141.059454 1640053611 c0:98:e5:42:00:29 1393 
1640985141.059638 1041 1074 1075 1082 1100 1100 1108 1110 1113 1113 1118 1122 1128 1128 1129 
1640985141.059763 1130 1140 1141 1142 1147 1149 1180 1182 1200 1236 1269 1270 1288 1299 0 
1640985141.450239 ### RSSI: -60, 26, 1640053612 ,1592 
1640985142.058780 ### DEBUG: Ticks: 1602, 16, 0 
1640985142.059111 1640053612 c0:98:e5:42:00:29 1937 
1640985142.059308 1520 1570 1571 1581 1583 1586 1596 1596 1614 1619 1623 1628 1628 1629 1635 
1640985142.059664 1641 1651 1667 1671 1674 1681 1681 1704 1721 1725 1727 1746 1897 1929 1991 
1640985142.449600 ### RSSI: -69, 2, 1640053613 ,1608 
1640985143.057409 ### DEBUG: Ticks: 1617, 15, 0 
1640985143.057698 1640053613 c0:98:e5:42:00:29 1983 
1640985143.057883 1661 1665 1668 1670 1671 1680 1680 1691 1694 1711 1712 1714 1715 1720 1721 
1640985143.058087 1721 1722 1751 1752 1759 1760 1772 1772 1779 1792 1799 1802 1813 1842 0 
1640985143.458851 ### RSSI: -66, 1, 1640053614 ,1624 
1640985144.062603 ### DEBUG: Ticks: 1633, 16, 0 
1640985144.062916 1640053614 c0:98:e5:42:00:29 2067 
1640985144.063114 1674 1690 1698 1705 1706 1712 1714 1717 1722 1725 1733 1735 1736 1739 1741 
1640985144.063363 1745 1749 1755 1757 1765 1770 1778 1783 1790 1802 1811 1825 1831 1832 1870 
1640985144.455048 ### RSSI: -61, 32, 1640053615 ,1639 
1640985145.055312 ### DEBUG: Ticks: 1649, 16, 0 
1640985145.055670 1640053615 c0:98:e5:42:00:29 2070 
1640985145.055828 1706 1707 1715 1717 1718 1719 1723 1723 1733 1733 1746 1750 1751 1755 1760 
1640985145.055988 1762 1768 1778 1779 1780 1781 1809 1815 1816 1833 1842 1843 1847 1853 1887 
1640985145.457279 ### RSSI: -58, 19, 1640053616 ,1655 
1640985146.057517 ### DEBUG: Ticks: 1664, 15, 0 
1640985146.057785 1640053616 c0:98:e5:42:00:29 1951 
1640985146.057949 1578 1600 1606 1611 1616 1621 1621 1641 1644 1648 1649 1650 1653 1660 1663 
1640985146.058109 1664 1667 1671 1681 1687 1689 1701 1702 1711 1761 1769 1774 1789 1855 0 
1640985146.455307 ### RSSI: -58, 24, 1640053617 ,1670 
1640985147.057298 ### DEBUG: Ticks: 1680, 16, 0 
1640985147.057602 1640053617 c0:98:e5:42:00:29 1652 
1640985147.057796 1254 1267 1273 1280 1283 1292 1292 1297 1304 1310 1314 1320 1331 1331 1332 
1640985147.057973 1339 1350 1359 1375 1375 1378 1379 1390 1402 1412 1414 1550 1593 1776 1804 
1640985147.450299 ### RSSI: -71, 28, 1640053617 ,1686 
1640985148.055795 ### DEBUG: Ticks: 1695, 15, 0 
1640985148.056021 1640053618 c0:98:e5:42:00:29 1230 
1640985148.056215 893 918 923 924 927 929 929 938 939 942 963 966 968 970 974 
1640985148.056372 975 980 985 995 1001 1004 1020 1023 1046 1050 1062 1124 1154 1171 1182 
1640985148.458659 ### RSSI: -60, 12, 1640053618 ,1702 
1640985149.056857 ### DEBUG: Ticks: 1711, 16, 0 
1640985149.057089 1640053619 c0:98:e5:42:00:29 784 
1640985149.057237 363 398 405 406 407 409 413 414 414 426 428 455 469 470 474 
1640985149.057369 495 496 497 500 503 511 511 515 521 521 526 542 555 599 616 
1640985149.456512 ### RSSI: -72, 36, 1640053619 ,1717 
1640985150.052153 ### DEBUG: Ticks: 1727, 16, 0 
1640985150.052438 1640053620 c0:98:e5:42:00:29 794 
1640985150.052620 453 466 470 496 498 505 521 525 529 529 536 539 547 547 549 
1640985150.064961 558 560 564 571 574 601 602 624 629 645 653 692 704 705 771 
1640985150.448758 ### RSSI: -59, 1, 1640053620 ,1733 
1640985151.061311 ### DEBUG: Ticks: 1742, 15, 0 
1640985151.061630 1640053621 c0:98:e5:42:00:29 769 
1640985151.061812 434 438 450 483 488 491 493 499 500 511 512 513 527 527 540 
1640985151.061998 541 542 542 555 564 567 574 584 589 638 648 664 681 690 709 
1640985151.452736 ### RSSI: -57, 1, 1640053621 ,1748 
1640985152.049354 ### ERROR: Failed reading SquarePoint packet length
1640985152.451627 ### RSSI: -66, 4, 1640053622 ,1764 
1640985153.450262 ### RSSI: -62, 10, 1640053623 ,1780 
1640985154.061075 ### DEBUG: Ticks: 1789, 47, 0 
1640985154.061299 1640053624 c0:98:e5:42:00:29 1184 
1640985154.061436 771 780 785 796 800 816 817 818 818 825 828 829 840 841 853 
1640985154.061585 855 859 877 890 894 895 901 903 912 929 938 962 972 1030 1033 
1640985154.456546 ### RSSI: -59, 36, 1640053624 ,1795 
1640985155.052419 ### DEBUG: Ticks: 1805, 16, 0 
1640985155.052702 1640053625 c0:98:e5:42:00:29 1731 
1640985155.065819 1455 1466 1481 1482 1484 1486 1487 1489 1490 1502 1516 1518 1522 1524 1525 
1640985155.066148 1550 1560 1560 1571 1578 1584 1603 1608 1631 1652 1671 1800 1840 1863 1973 
1640985155.457949 ### RSSI: -76, 34, 1640053625 ,1811 
1640985156.053410 ### DEBUG: Ticks: 1820, 15, 0 
1640985156.053657 1640053626 c0:98:e5:42:00:29 2049 
1640985156.066234 1645 1660 1671 1692 1692 1700 1702 1702 1704 1707 1711 1713 1727 1729 1730 
1640985156.066485 1736 1749 1757 1767 1782 1792 1799 1804 1811 1824 1826 1827 1839 1925 0 
1640985156.436269 ### INFO: SD card flushed!
1640985156.460409 ### RSSI: -73, 4, 1640053626 ,1827 
1640985157.059709 ### DEBUG: Ticks: 1836, 16, 0 
1640985157.059995 1640053627 c0:98:e5:42:00:29 2075 
1640985157.060184 1709 1735 1739 1739 1748 1752 1752 1754 1754 1759 1765 1768 1769 1771 1780 
1640985157.060344 1786 1788 1794 1807 1814 1819 1820 1824 1839 1842 1862 1880 1911 1934 1971 
1640985157.448552 ### RSSI: -62, 13, 1640053627 ,1842 
1640985158.054692 ### DEBUG: Ticks: 1852, 16, 0 
1640985158.057744 1640053628 c0:98:e5:42:00:29 2095 
1640985158.059201 1682 1688 1690 1694 1720 1728 1730 1742 1747 1748 1749 1749 1754 1762 1765 
1640985158.059485 1768 1777 1780 1783 1785 1794 1797 1803 1819 1834 1837 1853 1856 1873 1922 
1640985158.457182 ### RSSI: -61, 32, 1640053628 ,1858 
1640985159.053254 ### DEBUG: Ticks: 1867, 15, 0 
1640985159.053507 1640053629 c0:98:e5:42:00:29 2075 
1640985159.064234 1651 1673 1692 1699 1700 1700 1702 1710 1713 1714 1715 1727 1727 1728 1729 
1640985159.064459 1731 1733 1744 1746 1746 1761 1784 1789 1795 1804 1811 1817 1833 1834 1906 
1640985159.457039 ### RSSI: -62, 34, 1640053629 ,1873 
1640985160.050320 ### DEBUG: Ticks: 1883, 16, 0 
1640985160.065443 1640053630 c0:98:e5:42:00:29 1825 
1640985160.065736 1366 1369 1372 1373 1377 1381 1389 1391 1395 1402 1406 1411 1413 1418 1421 
1640985160.065930 1431 1435 1448 1449 1456 1457 1459 1478 1524 1565 1565 1584 1616 1741 1914 
1640985160.454870 ### RSSI: -66, 7, 1640053630 ,1889 
1640985161.058564 ### DEBUG: Ticks: 1898, 15, 0 
1640985161.058851 1640053631 c0:98:e5:42:00:29 1463 
1640985161.059044 1064 1081 1094 1097 1118 1128 1128 1129 1129 1138 1142 1151 1153 1163 1164 
1640985161.059256 1167 1170 1179 1193 1198 1202 1205 1273 1321 1321 1321 1323 1327 1412 0 
1640985161.450019 ### RSSI: -62, 15, 1640053632 ,1905 
1640985162.057066 ### DEBUG: Ticks: 1914, 16, 0 
1640985162.057322 1640053632 c0:98:e5:42:00:29 1049 
1640985162.057478 663 667 680 681 699 720 727 727 730 733 734 735 736 744 745 
1640985162.057637 754 755 768 771 773 785 788 815 823 843 851 874 894 894 966 
1640985162.455886 ### RSSI: -61, 12, 1640053633 ,1920 
1640985163.060113 ### DEBUG: Ticks: 1930, 16, 0 
1640985163.060431 1640053633 c0:98:e5:42:00:29 826 
1640985163.060658 368 372 398 414 417 418 432 439 445 448 448 456 465 467 470 
1640985163.060834 472 475 479 486 490 494 496 515 525 542 561 572 598 666 809 
1640985163.453199 ### RSSI: -61, 7, 1640053634 ,1936 
1640985164.060934 ### DEBUG: Ticks: 1945, 15, 0 
1640985164.061189 1640053634 c0:98:e5:42:00:29 909 
1640985164.061343 566 574 586 612 612 614 615 619 628 630 632 634 641 646 661 
1640985164.061503 662 669 670 674 677 685 685 688 717 742 751 800 817 820 865 
1640985164.451018 ### RSSI: -53, 33, 1640053635 ,1952 
1640985165.056075 ### DEBUG: Ticks: 1961, 16, 0 
1640985165.056411 1640053635 c0:98:e5:42:00:29 953 
1640985165.056641 572 578 594 605 605 608 617 620 631 635 640 644 655 657 658 
1640985165.056856 660 666 667 686 688 717 723 737 750 752 760 762 763 823 850 
1640985165.451399 ### RSSI: -62, 9, 1640053636 ,1967 
1640985166.050349 ### ERROR: Failed reading SquarePoint packet length
1640985166.457226 ### RSSI: -69, 28, 1640053637 ,1983 
1640985167.448371 ### RSSI: -53, 16, 1640053638 ,1998 
1640985168.059443 ### DEBUG: Ticks: 2008, 47, 0 
1640985168.059695 1640053638 c0:98:e5:42:00:29 1330 
1640985168.059826 901 905 906 909 910 924 932 939 945 950 954 964 965 965 966 
1640985168.059944 977 980 982 988 997 997 1025 1039 1044 1054 1100 1111 1141 1172 0 
1640985168.453566 ### RSSI: -59, 11, 1640053639 ,2014 
1640985169.061545 ### DEBUG: Ticks: 2023, 15, 0 
1640985169.061751 1640053639 c0:98:e5:42:00:29 1799 
1640985169.061887 1332 1364 1367 1370 1375 1377 1383 1385 1396 1397 1404 1416 1417 1423 1438 
1640985169.062170 1441 1442 1446 1450 1464 1467 1468 1484 1486 1500 1523 1536 1565 1714 1857 
1640985169.456239 ### RSSI: -61, 23, 1640053640 ,2030 
1640985170.058449 ### DEBUG: Ticks: 2039, 16, 0 
1640985170.058707 1640053640 c0:98:e5:42:00:29 2010 
1640985170.058871 1722 1723 1749 1754 1757 1757 1769 1774 1777 1778 1781 1792 1794 1794 1797 
1640985170.059059 1803 1803 1807 1809 1809 1809 1834 1847 1857 1874 1888 1910 1913 1932 1961 
1640985170.452011 ### RSSI: -66, 31, 1640053641 ,2045 
1640985171.058210 ### DEBUG: Ticks: 2055, 16, 0 
1640985171.058405 1640053641 c0:98:e5:42:00:29 2033 
1640985171.058504 1745 1764 1767 1768 1771 1774 1776 1784 1791 1794 1799 1806 1812 1817 1817 
1640985171.058605 1823 1827 1838 1842 1852 1855 1882 1887 1889 1893 1932 1957 1972 1992 2256 
1640985171.447984 ### RSSI: -64, 29, 1640053641 ,2061 
1640985172.060433 ### DEBUG: Ticks: 2070, 15, 0 
1640985172.060716 1640053642 c0:98:e5:42:00:29 1918 
1640985172.060881 1553 1562 1565 1586 1587 1593 1594 1597 1597 1606 1617 1621 1629 1632 1633 
1640985172.061487 1634 1640 1646 1657 1660 1662 1664 1687 1706 1707 1708 1717 1725 1763 1770 
1640985172.456353 ### RSSI: -63, 36, 1640053642 ,2076 
1640985173.059675 ### DEBUG: Ticks: 2086, 16, 0 
1640985173.059901 1640053643 c0:98:e5:42:00:29 2024 
1640985173.060033 1680 1712 1714 1719 1732 1746 1746 1748 1752 1778 1781 1784 1786 1787 1797 
1640985173.060162 1798 1808 1811 1839 1844 1846 1850 1852 1861 1881 1908 1914 1922 2026 2244 
1640985173.451014 ### RSSI: -63, 5, 1640053643 ,2092 
1640985174.050402 ### DEBUG: Ticks: 2102, 16, 0 
1640985174.062448 1640053644 c0:98:e5:42:00:29 1504 
1640985174.062775 976 998 1010 1012 1016 1022 1033 1057 1062 1064 1065 1068 1072 1082 1085 
1640985174.062931 1086 1094 1115 1123 1131 1143 1158 1189 1192 1194 1203 1228 1255 1370 1474 
1640985174.454670 ### RSSI: -59, 26, 1640053644 ,2108 
1640985175.053076 ### DEBUG: Ticks: 2117, 15, 0 
1640985175.053305 1640053645 c0:98:e5:42:00:29 1099 
1640985175.053429 692 716 725 729 733 735 737 740 750 754 761 765 769 771 781 
1640985175.064204 795 800 800 805 810 811 818 820 837 844 881 921 921 959 968 
1640985175.457109 ### RSSI: -60, 16, 1640053645 ,2123 
1640985176.062199 ### DEBUG: Ticks: 2133, 16, 0 
1640985176.062488 1640053646 c0:98:e5:42:00:29 777 
1640985176.062680 329 354 356 370 374 384 388 389 391 392 415 417 418 428 430 
1640985176.062867 434 435 435 436 438 438 448 455 457 460 480 505 509 515 581 
1640985176.452385 ### RSSI: -60, 12, 1640053646 ,2139 
1640985177.055604 ### DEBUG: Ticks: 2148, 15, 0 
1640985177.055823 1640053647 c0:98:e5:42:00:29 830 
1640985177.055987 469 474 488 507 513 514 533 543 549 551 555 564 570 575 579 
1640985177.056149 580 596 600 621 622 623 631 647 649 669 675 676 695 698 739 
1640985177.448602 ### RSSI: -55, 32, 1640053647 ,2155 
1640985178.053700 ### DEBUG: Ticks: 2164, 16, 0 
1640985178.054034 1640053648 c0:98:e5:42:00:29 794 
1640985178.054217 378 420 460 461 461 465 467 482 482 485 502 504 506 509 511 
1640985178.054404 516 533 539 547 551 568 594 596 603 604 616 618 660 677 679 
1640985178.453487 ### RSSI: -62, 0, 1640053648 ,2170 
1640985179.057971 ### ERROR: Failed reading SquarePoint packet length
1640985179.450837 ### RSSI: -60, 15, 1640053649 ,2186 
1640985180.452932 ### RSSI: -55, 25, 1640053650 ,2201 
1640985181.058941 ### DEBUG: Ticks: 2211, 47, 0 
1640985181.059279 1640053651 c0:98:e5:42:00:29 1174 
1640985181.059461 802 817 835 855 862 872 873 874 877 880 880 890 893 898 898 
1640985181.059777 899 908 910 919 927 928 941 942 949 986 992 1034 1043 1053 1090 
1640985181.449668 ### RSSI: -64, 0, 1640053651 ,2217 
1640985182.051335 ### DEBUG: Ticks: 2226, 15, 0 
1640985182.063715 1640053652 c0:98:e5:42:00:29 1555 
1640985182.063952 1168 1184 1191 1193 1196 1198 1207 1214 1226 1231 1245 1247 1254 1257 1259 
1640985182.064118 1268 1275 1290 1294 1297 1299 1301 1329 1336 1367 1372 1456 1461 1512 1627 
1640985182.456485 ### RSSI: -65, 13, 1640053652 ,2233 
1640985183.059605 ### DEBUG: Ticks: 2242, 16, 0 
1640985183.059808 1640053653 c0:98:e5:42:00:29 2081 
1640985183.059907 1757 1758 1770 1771 1774 1777 1778 1782 1794 1798 1808 1813 1822 1826 1832 
1640985183.060139 1836 1837 1838 1840 1840 1856 1863 1864 1870 1884 1889 1918 1926 2000 2032 
1640985183.447097 ### RSSI: -69, 13, 1640053653 ,2248 
1640985184.058405 ### DEBUG: Ticks: 2258, 16, 0 
1640985184.058575 1640053654 c0:98:e5:42:00:29 2039 
1640985184.058675 1704 1724 1730 1741 1742 1742 1743 1754 1755 1755 1767 1769 1770 1770 1773 
1640985184.058771 1791 1795 1795 1798 1803 1810 1816 1830 1857 1868 1870 1889 1899 1906 1942 
1640985184.447311 ### RSSI: -64, 19, 1640053654 ,2264 
1640985185.059008 ### DEBUG: Ticks: 2273, 15, 0 
1640985185.059315 1640053655 c0:98:e5:42:00:29 2150 
1640985185.059606 1744 1761 1769 1775 1804 1806 1816 1817 1825 1826 1830 1831 1839 1840 1842 
1640985185.059787 1848 1856 1865 1873 1873 1878 1884 1885 1886 1901 1922 1925 1949 2000 2005 
1640985185.450511 ### RSSI: -69, 25, 1640053656 ,2280 
1640985186.060145 ### DEBUG: Ticks: 2289, 16, 0 
1640985186.060435 1640053656 c0:98:e5:42:00:29 2038 
1640985186.060617 1650 1665 1670 1674 1677 1688 1689 1691 1692 1699 1700 1704 1706 1714 1720 
1640985186.060828 1722 1722 1729 1736 1740 1755 1764 1767 1771 1783 1796 1836 1840 1870 1993 
1640985186.452416 ### RSSI: -61, 26, 1640053657 ,2295 
1640985187.053571 ### DEBUG: Ticks: 2305, 16, 0 
1640985187.053869 1640053657 c0:98:e5:42:00:29 1830 
1640985187.054053 1417 1425 1438 1438 1448 1448 1449 1455 1460 1463 1477 1477 1485 1487 1498 
1640985187.054271 1506 1506 1518 1519 1531 1542 1550 1553 1573 1579 1588 1603 1748 1788 1946 
1640985187.446754 ### RSSI: -62, 10, 1640053658 ,2311 
1640985188.058634 ### DEBUG: Ticks: 2320, 15, 0 
1640985188.058912 1640053658 c0:98:e5:42:00:29 1508 
1640985188.059083 1034 1091 1093 1102 1104 1104 1110 1115 1117 1133 1134 1138 1145 1147 1156 
1640985188.059257 1159 1160 1165 1168 1168 1182 1183 1194 1213 1217 1275 1289 1314 1326 1346 
1640985188.457256 ### RSSI: -59, 9, 1640053659 ,2326 
1640985189.050683 ### DEBUG: Ticks: 2336, 16, 0 
1640985189.063078 1640053659 c0:98:e5:42:00:29 1131 
1640985189.063270 726 726 751 764 770 774 779 787 793 797 799 805 806 815 821 
1640985189.063378 831 833 841 845 856 864 865 867 874 887 896 938 941 951 1014 
1640985189.456374 ### RSSI: -60, 5, 1640053660 ,2342 
1640985190.058976 ### DEBUG: Ticks: 2351, 15, 0 
1640985190.059186 1640053660 c0:98:e5:42:00:29 874 
1640985190.059319 476 494 519 526 528 531 545 549 550 559 560 563 567 571 574 
1640985190.059444 592 608 614 616 618 631 633 637 646 664 689 743 800 813 869 
1640985190.447441 ### RSSI: -52, 36, 1640053661 ,2358 
1640985191.054294 ### DEBUG: Ticks: 2367, 16, 0 
1640985191.054592 1640053661 c0:98:e5:42:00:29 993 
1640985191.054775 669 676 683 684 684 688 689 706 716 717 718 720 720 743 744 
1640985191.054960 752 753 765 766 769 771 784 806 808 809 841 862 872 894 963 
1640985191.454630 ### RSSI: -55, 5, 1640053662 ,2373 
1640985192.057974 ### ERROR: Failed reading SquarePoint packet length
1640985192.450533 ### RSSI: -56, 34, 1640053663 ,2389 
1640985193.457641 ### RSSI: -62, 7, 1640053664 ,2404 
1640985194.054988 ### DEBUG: Ticks: 2414, 47, 0 
1640985194.055238 1640053664 c0:98:e5:42:00:29 1012 
1640985194.055374 622 631 641 661 667 668 671 674 680 681 693 695 701 705 705 
1640985194.055583 713 718 733 734 754 756 757 757 781 783 821 827 828 829 851 
1640985194.452006 ### RSSI: -60, 36, 1640053665 ,2420 
1640985195.054876 ### DEBUG: Ticks: 2430, 16, 0 
1640985195.057577 1640053665 c0:98:e5:42:00:29 1290 
1640985195.065327 884 890 896 897 905 907 908 913 917 919 919 919 921 928 940 
1640985195.065622 942 942 945 966 970 974 979 981 996 1000 1028 1042 1052 1126 1132 
1640985195.453503 ### RSSI: -57, 13, 1640053665 ,2436 
1640985196.058605 ### DEBUG: Ticks: 2445, 15, 0 
1640985196.058893 1640053666 c0:98:e5:42:00:29 1751 
1640985196.059089 1388 1396 1413 1413 1418 1424 1425 1432 1447 1448 1455 1460 1464 1464 1478 
1640985196.059279 1478 1486 1493 1496 1496 1505 1515 1525 1536 1547 1557 1559 1569 1655 1702 
1640985196.441150 ### INFO: SD card flushed!
1640985196.451067 ### RSSI: -65, 4, 1640053666 ,2451 
1640985197.058544 ### DEBUG: Ticks: 2461, 16, 0 
1640985197.058833 1640053667 c0:98:e5:42:00:29 2164 
1640985197.059029 1888 1890 1891 1900 1902 1905 1928 1940 1940 1942 1942 1944 1958 1961 1973 
1640985197.059217 1985 1992 1996 1996 1996 2001 2015 2031 2078 2085 2085 2088 2135 2175 2364 
1640985197.451879 ### RSSI: -63, 16, 1640053667 ,2467 
1640985198.057507 ### DEBUG: Ticks: 2476, 15, 0 
1640985198.057775 1640053668 c0:98:e5:42:00:29 1990 
1640985198.057904 1617 1626 1634 1642 1648 1659 1661 1661 1662 1666 1666 1677 1678 1680 1680 
1640985198.058028 1681 1712 1715 1725 1726 1727 1749 1749 1764 1788 1805 1820 1839 2140 2178 
1640985198.446654 ### RSSI: -67, 1, 1640053668 ,2483 
1640985199.057446 ### DEBUG: Ticks: 2492, 16, 0 
1640985199.057707 1640053669 c0:98:e5:42:00:29 1991 
1640985199.057855 1657 1659 1675 1679 1689 1690 1697 1699 1699 1701 1712 1715 1724 1726 1728 
1640985199.060464 1739 1744 1744 1749 1761 1764 1768 1775 1785 1827 1830 1831 1862 1874 1902 
1640985199.448632 ### RSSI: -64, 4, 1640053669 ,2498 
1640985200.059282 ### DEBUG: Ticks: 2508, 16, 0 
1640985200.059495 1640053670 c0:98:e5:42:00:29 1846 
1640985200.059848 1479 1483 1489 1493 1501 1503 1504 1507 1508 1508 1521 1521 1527 1532 1535 
1640985200.060016 1536 1539 1547 1562 1583 1584 1597 1603 1606 1610 1625 1628 1638 1661 1717 
1640985200.454235 ### RSSI: -65, 20, 1640053670 ,2514 
1640985201.062567 ### DEBUG: Ticks: 2523, 15, 0 
1640985201.062924 1640053671 c0:98:e5:42:00:29 1585 
1640985201.063891 1057 1068 1068 1069 1072 1081 1085 1087 1089 1090 1121 1124 1125 1137 1146 
1640985201.067952 1152 1153 1155 1159 1174 1189 1192 1222 1228 1252 1275 1303 1304 1381 1562 
1640985201.451724 ### RSSI: -61, 5, 1640053671 ,2529 
1640985202.057931 ### DEBUG: Ticks: 2539, 16, 0 
1640985202.058167 1640053672 c0:98:e5:42:00:29 1233 
1640985202.058313 897 930 930 932 936 944 961 967 970 972 975 975 977 979 980 
1640985202.058460 982 985 989 991 1020 1021 1022 1032 1035 1071 1078 1124 1145 1150 1194 
1640985202.445942 ### RSSI: -53, 5, 1640053672 ,2545 
1640985203.058915 ### DEBUG: Ticks: 2554, 15, 0 
1640985203.059174 1640053673 c0:98:e5:42:00:29 816 
1640985203.059330 387 404 427 434 441 446 446 446 448 453 465 467 481 481 488 
1640985203.059604 490 498 502 505 535 549 551 556 559 565 565 575 588 621 652 
1640985203.451848 ### RSSI: -57, 11, 1640053673 ,2561 
1640985204.055131 ### DEBUG: Ticks: 2570, 16, 0 
1640985204.055453 1640053674 c0:98:e5:42:00:29 831 
1640985204.055734 396 398 407 419 425 449 451 451 460 468 475 476 478 480 495 
1640985204.055892 502 514 522 532 547 547 566 593 610 612 613 613 617 633 726 
1640985204.447201 ### RSSI: -60, 21, 1640053674 ,2576 
1640985205.058912 ### DEBUG: Ticks: 2586, 16, 0 
1640985205.059137 1640053675 c0:98:e5:42:00:29 804 
1640985205.059259 416 466 477 484 492 512 519 526 526 527 529 532 536 543 544 
1640985205.059414 545 549 549 564 569 584 596 598 642 645 649 663 667 691 764 
1640985205.451178 ### RSSI: -52, 11, 1640053675 ,2592 
1640985206.050235 ### ERROR: Failed reading SquarePoint packet length
1640985206.448744 ### RSSI: -74, 20, 1640053676 ,2608 
1640985207.447397 ### RSSI: -56, 26, 1640053677 ,2623 
1640985208.061724 ### DEBUG: Ticks: 2633, 47, 0 
1640985208.061911 1640053678 c0:98:e5:42:00:29 1150 
1640985208.062011 779 788 803 805 805 817 820 827 832 832 835 836 836 839 842 
1640985208.062114 844 853 861 865 867 884 889 908 919 944 958 964 976 1017 1055 
1640985208.455335 ### RSSI: -57, 0, 1640053678 ,2639 
1640985209.054660 ### DEBUG: Ticks: 2648, 15, 0 
1640985209.054927 1640053679 c0:98:e5:42:00:29 1638 
1640985209.065322 1262 1270 1271 1274 1275 1282 1289 1292 1293 1295 1300 1305 1312 1313 1320 
1640985209.066076 1324 1328 1349 1352 1358 1371 1382 1382 1396 1400 1420 1430 1449 1454 1568 
1640985209.447011 ### RSSI: -59, 14, 1640053679 ,2654 
1640985210.060144 ### DEBUG: Ticks: 2664, 16, 0 
1640985210.060335 1640053680 c0:98:e5:42:00:29 1980 
1640985210.060452 1615 1637 1638 1645 1647 1652 1654 1658 1661 1661 1663 1666 1670 1683 1684 
1640985210.060557 1685 1690 1696 1697 1707 1728 1731 1733 1754 1758 1763 1770 1772 1773 1844 
1640985210.453477 ### RSSI: -73, 14, 1640053681 ,2670 
1640985211.056558 ### DEBUG: Ticks: 2679, 15, 0 
1640985211.058156 1640053681 c0:98:e5:42:00:29 2070 
1640985211.060016 1638 1662 1680 1681 1684 1686 1693 1696 1703 1711 1715 1718 1720 1725 1726 
1640985211.060208 1729 1731 1734 1747 1749 1751 1778 1784 1793 1793 1803 1804 1814 1829 1832 
1640985211.448646 ### RSSI: -62, 32, 1640053682 ,2686 
1640985212.057834 ### DEBUG: Ticks: 2695, 16, 0 
1640985212.058132 1640053682 c0:98:e5:42:00:29 2084 
1640985212.058287 1691 1716 1727 1732 1736 1740 1754 1755 1758 1762 1763 1763 1765 1767 1770 
1640985212.058448 1772 1778 1788 1789 1796 1798 1809 1835 1837 1840 1855 1857 1874 1911 1946 
1640985212.451985 ### RSSI: -63, 5, 1640053683 ,2701 
1640985213.066256 ### DEBUG: Ticks: 2711, 16, 0 
1640985213.068389 1640053683 c0:98:e5:42:00:29 2026 
1640985213.072290 1643 1647 1663 1672 1674 1674 1675 1678 1683 1683 1695 1696 1701 1704 1706 
1640985213.073206 1708 1713 1716 1720 1721 1733 1734 1750 1752 1765 1781 1788 1811 1816 1821 
1640985213.455146 ### RSSI: -62, 12, 1640053684 ,2717 
1640985214.054510 ### DEBUG: Ticks: 2726, 15, 0 
1640985214.054685 1640053684 c0:98:e5:42:00:29 1836 
1640985214.065876 1475 1479 1480 1493 1499 1499 1499 1499 1500 1503 1519 1523 1525 1529 1530 
1640985214.066043 1532 1536 1539 1540 1564 1572 1575 1578 1589 1605 1606 1627 1628 1630 1788 
1640985214.454838 ### RSSI: -68, 32, 1640053685 ,2732 
1640985215.055276 ### DEBUG: Ticks: 2742, 16, 0 
1640985215.055426 1640053685 c0:98:e5:42:00:29 1631 
1640985215.055561 1303 1341 1344 1359 1364 1369 1375 1376 1379 1392 1393 1394 1400 1401 1416 
1640985215.055649 1421 1431 1436 1445 1453 1456 1471 1482 1487 1496 1505 1579 1586 1638 1697 
1640985215.456104 ### RSSI: -61, 30, 1640053686 ,2748 
1640985216.055655 ### DEBUG: Ticks: 2758, 16, 0 
1640985216.055858 1640053686 c0:98:e5:42:00:29 1143 
1640985216.055978 701 718 736 738 761 762 763 777 782 796 797 797 801 801 810 
1640985216.056102 811 811 818 819 821 834 843 851 852 855 872 887 940 966 1009 
1640985216.450038 ### RSSI: -60, 19, 1640053687 ,2764 
1640985217.064965 ### DEBUG: Ticks: 2773, 15, 0 
1640985217.065342 1640053687 c0:98:e5:42:00:29 932 
1640985217.065525 521 526 537 541 546 562 581 582 593 602 607 611 612 616 626 
1640985217.065701 626 628 650 650 658 662 666 678 699 707 709 724 735 744 786 
1640985217.449731 ### RSSI: -60, 18, 1640053688 ,2779 
1640985218.054762 ### DEBUG: Ticks: 2789, 16, 0 
1640985218.055012 1640053688 c0:98:e5:42:00:29 946 
1640985218.055178 606 610 619 621 627 634 647 650 656 658 659 674 677 682 683 
1640985218.055336 687 691 697 700 706 711 717 719 723 728 764 780 787 805 833 
1640985218.452405 ### RSSI: -52, 29, 1640053689 ,2795 
1640985219.056243 ### ERROR: Failed reading SquarePoint packet length
1640985219.455868 ### RSSI: -55, 30, 1640053690 ,2811 
1640985220.452156 ### RSSI: -63, 36, 1640053691 ,2826 
1640985221.060046 ### DEBUG: Ticks: 2836, 47, 0 
1640985221.060256 1640053691 c0:98:e5:42:00:29 957 
1640985221.060387 509 525 551 563 569 573 577 577 586 588 590 593 595 596 602 
1640985221.060533 603 610 618 628 631 632 648 652 668 687 693 695 726 732 745 
1640985221.449560 ### RSSI: -60, 26, 1640053691 ,2842 
1640985222.063384 ### DEBUG: Ticks: 2851, 15, 0 
1640985222.063720 1640053692 c0:98:e5:42:00:29 1276 
1640985222.063857 879 884 896 907 909 912 920 930 932 936 938 946 947 954 955 
1640985222.063986 955 961 961 964 967 969 973 982 988 989 1013 1089 1102 1103 1170 
1640985222.453825 ### RSSI: -63, 17, 1640053692 ,2857 
1640985223.059126 ### DEBUG: Ticks: 2867, 16, 0 
1640985223.059444 1640053693 c0:98:e5:42:00:29 1743 
1640985223.059633 1346 1358 1358 1375 1386 1389 1391 1396 1398 1408 1414 1419 1421 1424 1426 
1640985223.060031 1428 1433 1440 1440 1448 1476 1485 1490 1504 1508 1516 1539 1539 1560 1759 
1640985223.450147 ### RSSI: -61, 26, 1640053693 ,2873 
1640985224.056872 ### DEBUG: Ticks: 2883, 16, 0 
1640985224.057158 1640053694 c0:98:e5:42:00:29 2032 
1640985224.057350 1625 1639 1640 1644 1644 1648 1649 1657 1667 1680 1682 1684 1687 1689 1691 
1640985224.057535 1694 1704 1704 1707 1723 1725 1739 1748 1763 1766 1769 1773 1806 1807 1809 
1640985224.450632 ### RSSI: -66, 8, 1640053694 ,2889 
1640985225.062055 ### DEBUG: Ticks: 2898, 15, 0 
1640985225.062369 1640053695 c0:98:e5:42:00:29 2037 
1640985225.062562 1738 1743 1751 1751 1768 1784 1785 1787 1788 1789 1789 1789 1797 1803 1811 
1640985225.062749 1812 1813 1821 1824 1826 1835 1856 1857 1888 1894 1909 1910 1918 1919 1936 
1640985225.452467 ### RSSI: -64, 19, 1640053695 ,2904 
1640985226.054843 ### DEBUG: Ticks: 2914, 16, 0 
1640985226.055133 1640053696 c0:98:e5:42:00:29 2017 
1640985226.055299 1685 1699 1702 1715 1715 1718 1719 1719 1722 1722 1732 1735 1748 1749 1750 
1640985226.055460 1751 1756 1758 1766 1768 1785 1816 1823 1827 1833 1837 1839 1858 1864 1889 
1640985226.455408 ### RSSI: -62, 25, 1640053696 ,2920 
1640985227.054650 ### DEBUG: Ticks: 2929, 15, 0 
1640985227.054904 1640053697 c0:98:e5:42:00:29 1918 
1640985227.067356 1525 1542 1543 1545 1554 1558 1559 1559 1561 1565 1567 1571 1573 1585 1588 
1640985227.067713 1590 1599 1609 1625 1628 1637 1647 1648 1652 1663 1668 1677 1677 1685 1695 
1640985227.453068 ### RSSI: -57, 25, 1640053697 ,2936 
1640985228.058624 ### DEBUG: Ticks: 2945, 16, 0 
1640985228.058922 1640053698 c0:98:e5:42:00:29 1735 
1640985228.059114 1366 1368 1374 1381 1389 1390 1393 1393 1395 1403 1407 1419 1419 1424 1427 
1640985228.059301 1433 1437 1451 1453 1457 1458 1465 1466 1470 1479 1492 1497 1513 1530 1535 
1640985228.450158 ### RSSI: -65, 16, 1640053698 ,2951 
1640985229.056140 ### DEBUG: Ticks: 2961, 16, 0 
1640985229.056340 1640053699 c0:98:e5:42:00:29 1269 
1640985229.056453 911 940 944 949 951 960 964 970 976 989 991 1000 1004 1004 1011 
1640985229.056566 1020 1022 1023 1032 1037 1039 1043 1048 1056 1087 1094 1099 1121 1179 1360 
1640985229.246696 ### DEBUG: BLE START SCANNING called
1640985229.280903 ### DEBUG: BLE START SCANNING called
1640985229.292158 ### addr: c0:98:e5:42:00:29 
1640985229.292412 ### on_adv_report outer RSSI: -58, time:1640053699 
1640985229.292568 ### INFO: Discovered new device: c0:98:e5:42:00:29
1640985229.292729 ### DEBUG: connected? already connected
1640985229.292904 ### DEBUG: BLE START SCANNING called
1640985229.448018 ### RSSI: -58, 30, 1640053699 ,2967 
1640985229.448278 ### addr: c0:98:e5:42:00:29 
1640985229.448437 ### on_adv_report outer RSSI: -58, time:1640053699 
1640985229.448589 ### DEBUG: BLE START SCANNING called
1640985230.055353 ### DEBUG: Ticks: 2976, 15, 1 
1640985230.055692 1640053700 c0:98:e5:42:00:29 864 
1640985230.055864 408 431 438 456 457 458 468 468 469 478 482 484 486 491 501 
1640985230.056026 504 506 510 521 529 536 544 545 548 559 569 638 649 650 675 
1640985230.056186 ### DEBUG: BLE START SCANNING called
1640985230.235853 ### DEBUG: BLE START SCANNING called
1640985230.383654 ### BLE EVENT: 16, INFO: BLE CONNECTED!
1640985230.384528 ### DEBUG: BLE START SCANNING called
1640985230.384688 ### RSSI: -65, 12, 1640053700 ,2981 
1640985230.384840 ### DEBUG: BLE START SCANNING called
1640985230.450398 ### RSSI: -65, 34, 1640053700 ,2982 
1640985230.450623 ### DEBUG: BLE START SCANNING called
1640985230.483920 ### RSSI: -66, 36, 1640053700 ,2983 
1640985230.484142 ### DEBUG: BLE START SCANNING called
1640985230.548852 ### RSSI: -61, 17, 1640053700 ,2984 
1640985230.549076 ### DEBUG: BLE START SCANNING called
1640985230.583033 ### RSSI: -72, 7, 1640053700 ,2984 
1640985230.583250 ### DEBUG: BLE START SCANNING called
1640985230.650395 ### RSSI: -59, 5, 1640053701 ,2985 
1640985230.650589 ### DEBUG: BLE START SCANNING called
1640985230.683782 ### RSSI: -59, 16, 1640053701 ,2986 
1640985230.683973 ### DEBUG: BLE START SCANNING called
1640985230.750564 ### RSSI: -61, 33, 1640053701 ,2987 
1640985230.750766 ### DEBUG: BLE START SCANNING called
1640985230.784291 ### RSSI: -55, 17, 1640053701 ,2988 
1640985230.784497 ### DEBUG: BLE START SCANNING called
1640985230.851404 ### RSSI: -53, 36, 1640053701 ,2989 
1640985230.851808 ### DEBUG: BLE START SCANNING called
1640985230.886151 ### RSSI: -53, 18, 1640053701 ,2989 
1640985230.888013 ### DEBUG: BLE START SCANNING called
1640985230.951855 ### RSSI: -68, 1, 1640053701 ,2990 
1640985230.952112 ### DEBUG: BLE START SCANNING called
1640985230.984179 ### RSSI: -55, 18, 1640053701 ,2991 
1640985230.984452 ### DEBUG: BLE START SCANNING called
1640985231.050011 ### RSSI: -55, 33, 1640053701 ,2992 
1640985231.050289 ### DEBUG: BLE START SCANNING called
1640985231.062507 ### DEBUG: Ticks: 2992, 16, 1 
1640985231.064106 1640053701 c0:98:e5:42:00:29 899 
1640985231.065125 520 537 551 557 557 566 570 590 596 602 616 625 627 629 635 
1640985231.065321 638 642 647 657 678 684 685 700 704 704 711 716 722 755 756 
1640985231.065468 ### DEBUG: BLE START SCANNING called
1640985231.085371 ### RSSI: -54, 13, 1640053701 ,2992 
1640985231.086232 ### DEBUG: BLE START SCANNING called
1640985231.151291 ### RSSI: -53, 10, 1640053701 ,2993 
1640985231.151612 ### DEBUG: BLE START SCANNING called
1640985231.186110 ### RSSI: -63, 16, 1640053701 ,2994 
1640985231.187004 ### DEBUG: BLE START SCANNING called
1640985231.241725 ### DEBUG: BLE START SCANNING called
1640985231.255141 ### RSSI: -50, 23, 1640053701 ,2995 
1640985231.255385 ### DEBUG: BLE START SCANNING called
1640985231.290507 ### RSSI: -53, 27, 1640053701 ,2995 
1640985231.292171 ### DEBUG: BLE START SCANNING called
1640985231.345602 ### RSSI: -56, 12, 1640053701 ,2996 
1640985231.356003 ### DEBUG: BLE START SCANNING called
1640985231.390264 ### RSSI: -53, 26, 1640053701 ,2997 
1640985231.390437 ### DEBUG: BLE START SCANNING called
1640985231.446521 ### RSSI: -53, 26, 1640053701 ,2998 
1640985231.446660 ### DEBUG: BLE START SCANNING called
1640985231.490061 ### RSSI: -60, 6, 1640053701 ,2999 
1640985231.490218 ### DEBUG: BLE START SCANNING called
1640985231.546499 ### RSSI: -55, 3, 1640053702 ,3000 
1640985231.546845 ### DEBUG: BLE START SCANNING called
1640985231.593942 ### RSSI: -55, 31, 1640053702 ,3000 
1640985231.594227 ### DEBUG: BLE START SCANNING called
1640985231.649067 ### RSSI: -53, 35, 1640053702 ,3001 
1640985233.247227 
1640985233.247595 ----------------------------------------------
1640985233.247774 ### WARNING: Chip experienced a reset with reason 2
1640985233.489123 ### INFO: Bluetooth address: c0:98:e5:42:00:2c
1640985233.500795 ### DEBUG: Time is 00:00:00, 2000/00/00
1640985233.500982 ### INFO: Time is 00:00:00, 2000/00/00
1640985233.593769 ### INFO: Initializing SD Card...
1640985236.956912 ### INFO: Connecting to the SquarePoint module...
1640985236.957140 ### INFO: SquarePoint module connection successful
1640985236.957276 ### INFO: Battery voltage currently 4131 mV
1640985237.056537 ### INFO: SD card flushed!
1640985237.089947 ### INFO: SD card flushed!
1640985237.090147 ### DEBUG: BLE START SCANNING called
1640985237.090238 ### DEBUG: Ticks: 60, 60, 0 
1640985237.090324 1640053707 c0:98:e5:42:00:29 1835 
1640985237.090417 1253 1272 1274 1292 1305 1305 1307 1313 1318 1323 1323 1331 1343 1361 1370 
1640985237.090505 1371 1375 1378 1389 1391 1398 1398 1404 1420 1438 1453 1458 1476 1508 1769 
1640985237.090604 ### INFO: Switched Scheduler EUI from 00:00:00:00:00:00 to c0:98:e5:42:00:2c
1640985237.090699 ### DEBUG: BLE STOP SCANNING called
1640985237.958018 ### DEBUG: BLE START SCANNING called
1640985238.056680 ### DEBUG: Ticks: 75, 15, 0 
1640985238.056989 1640053708 c0:98:e5:42:00:29 2069 
1640985238.057203 1726 1727 1734 1746 1747 1748 1753 1754 1765 1768 1774 1779 1779 1781 1781 
1640985238.057393 1785 1795 1801 1801 1810 1811 1818 1841 1842 1846 1866 1870 1891 1900 1947 
1640985239.055461 ### DEBUG: Ticks: 90, 15, 0 
1640985239.055749 1640053709 c0:98:e5:42:00:29 2071 
1640985239.055856 1738 1754 1757 1769 1777 1777 1782 1783 1791 1793 1795 1808 1810 1811 1814 
1640985239.055959 1824 1825 1836 1840 1841 1843 1856 1856 1860 1891 1894 1910 1912 1917 1946 
1640985239.079497 ### addr: c0:98:e5:42:00:29 
1640985239.079745 ### on_adv_report outer RSSI: -61, time:1640053709 
1640985239.090985 ### INFO: Discovered new device: c0:98:e5:42:00:29
1640985239.091212 ### DEBUG: connected? already connected
1640985239.091349 ### DEBUG: BLE START SCANNING called
1640985239.136243 ### BLE EVENT: 16, INFO: BLE CONNECTED!
1640985239.136900 ### DEBUG: BLE START SCANNING called
1640985239.137113 ### RSSI: -61, 31, 1640053709 ,92 
1640985239.137235 ### DEBUG: BLE START SCANNING called
1640985239.233656 ### RSSI: -61, 11, 1640053709 ,93 
1640985239.233918 ### DEBUG: BLE START SCANNING called
1640985239.332537 ### RSSI: -59, 21, 1640053709 ,95 
1640985239.332721 ### DEBUG: BLE START SCANNING called
1640985239.432977 ### RSSI: -66, 26, 1640053709 ,96 
1640985239.433268 ### DEBUG: BLE START SCANNING called
1640985239.535905 ### RSSI: -61, 30, 1640053709 ,98 
1640985239.536190 ### DEBUG: BLE START SCANNING called
1640985239.632746 ### RSSI: -69, 7, 1640053709 ,99 
1640985239.632937 ### DEBUG: BLE START SCANNING called
1640985239.734242 ### RSSI: -61, 19, 1640053709 ,101 
1640985239.734837 ### DEBUG: BLE START SCANNING called
1640985239.936343 ### RSSI: -62, 21, 1640053709 ,104 
1640985239.936542 ### DEBUG: BLE START SCANNING called
1640985239.958037 ### DEBUG: BLE START SCANNING called
1640985240.038623 ### RSSI: -65, 3, 1640053710 ,106 
1640985240.040773 ### DEBUG: BLE START SCANNING called
1640985240.060859 ### DEBUG: Ticks: 106, 16, 1 
1640985240.062622 1640053710 c0:98:e5:42:00:29 2067 
1640985240.066499 1642 1673 1680 1682 1687 1699 1703 1713 1713 1716 1716 1719 1728 1733 1741 
1640985240.070536 1744 1747 1748 1754 1755 1761 1763 1766 1784 1795 1810 1812 1819 1838 1843 
1640985240.071805 ### DEBUG: BLE START SCANNING called
1640985240.136344 ### RSSI: -67, 15, 1640053710 ,107 
1640985240.136550 ### DEBUG: BLE START SCANNING called
1640985240.237070 ### RSSI: -63, 8, 1640053710 ,109 
1640985240.237228 ### DEBUG: BLE START SCANNING called
1640985240.336697 ### RSSI: -61, 19, 1640053710 ,110 
1640985240.336978 ### DEBUG: BLE START SCANNING called
1640985240.437287 ### RSSI: -62, 20, 1640053710 ,112 
1640985240.437440 ### DEBUG: BLE START SCANNING called
1640985240.536829 ### RSSI: -65, 16, 1640053710 ,113 
1640985240.537084 ### DEBUG: BLE START SCANNING called
1640985240.636583 ### RSSI: -63, 18, 1640053710 ,115 
1640985240.636834 ### DEBUG: BLE START SCANNING called
1640985240.737299 ### RSSI: -66, 27, 1640053710 ,117 
1640985240.737564 ### DEBUG: BLE START SCANNING called
1640985240.839276 ### RSSI: -58, 12, 1640053710 ,118 
1640985240.839489 ### DEBUG: BLE START SCANNING called
1640985240.960905 ### DEBUG: BLE START SCANNING called
1640985241.062352 ### DEBUG: Ticks: 122, 16, 1 
1640985241.062559 1640053711 c0:98:e5:42:00:29 2099 
1640985241.062689 1752 1786 1815 1815 1824 1825 1829 1837 1837 1849 1849 1849 1856 1857 1861 
1640985241.062983 1866 1866 1868 1879 1879 1891 1899 1909 1927 1942 1945 1946 1946 1982 2009 
1640985241.063125 ### DEBUG: BLE START SCANNING called
1640985241.833183 ### RSSI: -59, 28, 1640053711 ,134 
1640985241.833403 ### DEBUG: BLE START SCANNING called
1640985241.955609 ### DEBUG: BLE START SCANNING called
1640985242.055708 ### DEBUG: Ticks: 137, 15, 1 
1640985242.055916 1640053712 c0:98:e5:42:00:29 2091 
1640985242.056058 1715 1729 1742 1748 1754 1760 1774 1780 1781 1781 1782 1782 1784 1785 1786 
1640985242.056342 1786 1799 1800 1811 1817 1817 1837 1842 1854 1858 1875 1881 1893 1898 1916 
1640985242.056486 ### DEBUG: BLE START SCANNING called
1640985242.835769 ### RSSI: -60, 16, 1640053712 ,149 
1640985242.836000 ### DEBUG: BLE START SCANNING called
1640985243.063109 ### DEBUG: Ticks: 153, 16, 1 
1640985243.063410 1640053713 c0:98:e5:42:00:29 1901 
1640985243.063707 1541 1545 1568 1573 1591 1597 1599 1610 1611 1611 1630 1638 1639 1642 1649 
1640985243.063902 1653 1653 1654 1657 1661 1668 1688 1696 1697 1698 1708 1740 1760 1772 0 
1640985243.831135 ### RSSI: -81, 16, 1640053714 ,165 
1640985244.052479 ### DEBUG: Ticks: 168, 15, 1 
1640985244.064448 1640053714 c0:98:e5:42:00:29 1430 
1640985244.064730 1057 1080 1085 1094 1097 1101 1106 1106 1108 1115 1124 1129 1129 1139 1141 
1640985244.064907 1143 1150 1155 1157 1176 1176 1192 1197 1204 1204 1207 1209 1218 1219 1293 
1640985244.832278 ### RSSI: -62, 23, 1640053715 ,181 
1640985245.055281 ### DEBUG: Ticks: 184, 16, 1 
1640985245.055460 1640053715 c0:98:e5:42:00:29 971 
1640985245.055637 598 635 647 667 667 668 668 678 681 695 696 699 705 707 715 
1640985245.055862 719 729 731 734 734 744 745 750 759 785 789 792 840 845 960 
1640985245.841224 ### RSSI: -57, 15, 1640053716 ,196 
1640985246.061149 ### DEBUG: Ticks: 200, 16, 1 
1640985246.063354 1640053716 c0:98:e5:42:00:29 413 
1640985246.066717 27 43 49 77 83 85 91 93 104 112 113 114 117 118 122 
1640985246.070521 126 127 132 132 139 146 152 155 157 166 173 219 230 258 280 
1640985246.836907 ### RSSI: -50, 17, 1640053717 ,212 
1640985247.060832 ### DEBUG: Ticks: 215, 15, 1 
1640985247.061055 1640053717 c0:98:e5:42:00:29 418 
1640985247.061192 49 58 95 106 106 115 135 137 138 139 142 144 154 162 168 
1640985247.061331 180 181 185 212 214 221 229 232 237 252 293 312 318 321 345 
1640985247.831838 ### RSSI: -58, 29, 1640053718 ,227 
1640985248.063796 ### DEBUG: Ticks: 231, 16, 1 
1640985248.064078 1640053718 c0:98:e5:42:00:29 501 
1640985248.064319 122 170 172 172 188 193 194 199 206 209 216 223 234 255 257 
1640985248.064474 267 271 276 279 282 284 300 303 306 395 395 396 398 435 442 
1640985248.838381 ### RSSI: -55, 3, 1640053719 ,243 
1640985249.057138 ### DEBUG: Ticks: 247, 16, 1 
1640985249.057372 1640053719 c0:98:e5:42:00:29 418 
1640985249.057552 3 29 52 54 72 81 85 89 97 107 111 119 126 126 129 
1640985249.057691 129 135 147 147 154 177 206 207 227 232 242 258 300 304 341 
