1641159573.205001 ###RTT Client: ************************************************************ 
1641159573.205345 ###RTT Client: *               SEGGER Microcontroller GmbH                * 
1641159573.205486 ###RTT Client: *   Solutions for real time microcontroller applications   * 
1641159573.205734 ###RTT Client: ************************************************************ 
1641159573.205857 ###RTT Client: *                                                          * 
1641159573.205973 ###RTT Client: *       (c) 2012 - 2016  SEGGER Microcontroller GmbH       * 
1641159573.206088 ###RTT Client: *                                                          * 
1641159573.206200 ###RTT Client: *     www.segger.com     Support: support@segger.com       * 
1641159573.206312 ###RTT Client: *                                                          * 
1641159573.206428 ###RTT Client: ************************************************************ 
1641159573.206544 ###RTT Client: *                                                          * 
1641159573.206658 ###RTT Client: * SEGGER J-Link RTT Client   Compiled Jan 30 2018 18:46:58 * 
1641159573.206769 ###RTT Client: *                                                          * 
1641159573.206880 ###RTT Client: ************************************************************ 
1641159573.206993 
1641159573.207106 ###RTT Client: -----------------------------------------------
1641159573.207220 ###RTT Client: Connecting to J-Link RTT Server via localhost:9201  Connected.
1641159573.207334 SEGGER J-Link V6.30 - Real time terminal output
1641159573.207448 J-Link EDU Mini V1 compiled Oct  2 2020 17:00:40 V1.0, SN=801021851
1641159573.207592 Process: JLinkExe
1641159573.207722 ### RSSI: -48, 13, 1640051856 ,3114 
1641159573.207839 ### RSSI: -52, 25, 1640051857 ,3129 
1641159573.207953 ### DEBUG: Ticks: 3129, 16, 1 
1641159573.208069 1640051857 c0:98:e5:42:00:29 259 
1641159573.208179 -231 -213 -172 -158 -152 -150 -143 -137 -127 -122 -116 -107 -106 -104 -104 
1641159573.208287 -103 -97 -96 -94 -90 -76 -60 -54 -42 -38 -35 -34 -23 -13 19 
1641159573.208392 ### RSSI: -48, 4, 1640051857 ,3130 
1641159573.208507 ### RSSI: -48, 13, 1640051858 ,3144 
1641159573.208622 ### DEBUG: Ticks: 3144, 15, 1 
1641159573.208773 1640051858 c0:98:e5:42:00:29 223 
1641159573.208893 -412 -382 -377 -376 -370 -365 -351 -343 -331 -323 -319 -314 -307 -306 -301 
1641159573.209002 -298 -295 -291 -288 -287 -285 -284 -282 -275 -268 -266 -251 -250 -247 -210 
1641159573.209115 ### RSSI: -49, 18, 1640051858 ,3145 
1641159573.209226 ### RSSI: -52, 26, 1640051859 ,3160 
1641159573.209339 ### DEBUG: Ticks: 3160, 16, 1 
1641159573.209451 1640051859 c0:98:e5:42:00:29 263 
1641159573.209566 -218 -196 -178 -147 -146 -144 -133 -132 -132 -121 -115 -115 -106 -101 -86 
1641159573.209682 -81 -78 -74 -68 -65 -64 -61 -61 -61 -48 -44 -33 -25 -7 43 
1641159573.209795 ### RSSI: -47, 11, 1640051859 ,3161 
1641159573.209931 ### RSSI: -54, 30, 1640051860 ,3175 
1641159573.210048 ### ERROR: Failed reading SquarePoint packet length
1641159573.210157 ### RSSI: -49, 14, 1640051860 ,3177 
1641159573.210272 ### RSSI: -46, 0, 1640051861 ,3191 
1641159573.210386 ### RSSI: -55, 34, 1640051861 ,3192 
1641159573.210499 ### RSSI: -52, 26, 1640051862 ,3207 
1641159573.210613 ### DEBUG: Ticks: 3207, 47, 1 
1641159573.210726 1640051862 c0:98:e5:42:00:29 258 
1641159573.210966 -179 -171 -111 -95 -84 -83 -81 -77 -73 -68 -60 -58 -56 -41 -41 
1641159573.211094 -36 -31 -31 -21 -18 -17 -12 -9 -8 2 9 49 64 93 116 
1641159573.211264 ### RSSI: -50, 19, 1640051862 ,3208 
1641159573.211380 ### INFO: SD card flushed!
1641159573.211488 ### RSSI: -49, 18, 1640051863 ,3222 
1641159573.211617 ### DEBUG: Ticks: 3223, 16, 1 
1641159573.211726 1640051863 c0:98:e5:42:00:29 239 
1641159573.211843 -289 -252 -217 -206 -206 -203 -192 -190 -187 -185 -182 -181 -178 -175 -171 
1641159573.211959 -161 -159 -151 -150 -144 -133 -132 -131 -127 -124 -123 -115 -95 -70 -49 
1641159573.212094 ### RSSI: -51, 6, 1640051863 ,3223 
1641159573.212202 ### RSSI: -49, 20, 1640051864 ,3238 
1641159573.212312 ### DEBUG: Ticks: 3238, 15, 1 
1641159573.212447 1640051864 c0:98:e5:42:00:29 252 
1641159573.212563 -204 -200 -168 -154 -153 -136 -135 -123 -117 -112 -107 -92 -87 -87 -75 
1641159573.212679 -75 -72 -59 -51 -50 -48 -43 -42 -39 -34 -33 -32 -30 -24 30 
1641159573.212792 ### RSSI: -46, 9, 1640051864 ,3239 
1641159573.212904 ### RSSI: -50, 22, 1640051865 ,3254 
1641159573.213017 ### DEBUG: Ticks: 3254, 16, 1 
1641159573.213149 1640051865 c0:98:e5:42:00:29 229 
1641159573.213267 -276 -257 -241 -234 -223 -219 -217 -203 -195 -194 -189 -189 -182 -172 -159 
1641159573.213381 -158 -153 -150 -141 -135 -134 -128 -127 -125 -115 -111 -105 -86 -82 -54 
1641159573.213494 ### RSSI: -55, 31, 1640051866 ,3255 
1641159573.213608 ### RSSI: -49, 14, 1640051866 ,3269 
1641159573.213721 ### DEBUG: Ticks: 3269, 15, 1 
1641159573.213906 1640051866 c0:98:e5:42:00:29 248 
1641159573.214025 -228 -223 -204 -163 -163 -137 -130 -129 -128 -126 -124 -123 -122 -114 -107 
1641159573.214135 -102 -87 -82 -73 -70 -68 -61 -55 -52 -47 -36 -33 -32 -13 -3 
1641159573.214269 ### RSSI: -48, 14, 1640051867 ,3270 
1641159573.214381 ### RSSI: -47, 6, 1640051868 ,3285 
1641159573.214492 ### DEBUG: Ticks: 3285, 16, 1 
1641159573.214605 1640051867 c0:98:e5:42:00:29 287 
1641159573.214717 -395 -347 -346 -336 -329 -317 -317 -316 -316 -307 -305 -294 -289 -289 -288 
1641159573.214831 -282 -274 -274 -269 -251 -243 -232 -226 -222 -210 -198 -197 -194 -185 -170 
1641159573.214947 ### RSSI: -51, 26, 1640051867 ,3286 
1641159573.215062 ### RSSI: -51, 26, 1640051868 ,3300 
1641159573.215169 ### DEBUG: Ticks: 3301, 16, 1 
1641159573.215299 1640051868 c0:98:e5:42:00:29 217 
1641159573.215409 -281 -266 -252 -194 -188 -175 -174 -159 -156 -155 -152 -151 -143 -143 -142 
1641159573.215535 -141 -141 -139 -138 -128 -126 -100 -90 -89 -73 -55 -50 -45 -30 -27 
1641159573.215649 ### RSSI: -48, 17, 1640051868 ,3302 
1641159573.215757 ### RSSI: -47, 13, 1640051869 ,3316 
1641159573.215876 ### DEBUG: Ticks: 3316, 15, 1 
1641159573.215989 1640051869 c0:98:e5:42:00:29 235 
1641159573.216099 -300 -245 -238 -233 -225 -222 -198 -192 -188 -187 -183 -181 -178 -176 -174 
1641159573.216210 -163 -159 -152 -149 -148 -146 -144 -142 -122 -118 -110 -91 -86 -79 -47 
1641159573.216392 ### RSSI: -50, 23, 1640051869 ,3317 
1641159573.216517 ### RSSI: -47, 5, 1640051870 ,3332 
1641159573.216629 ### DEBUG: Ticks: 3332, 16, 1 
1641159573.216743 1640051870 c0:98:e5:42:00:29 245 
1641159573.216857 -350 -348 -326 -308 -296 -296 -287 -266 -262 -254 -251 -241 -239 -239 -233 
1641159573.216967 -233 -230 -229 -228 -227 -225 -210 -209 -204 -196 -173 -161 -140 -139 -112 
1641159573.217082 ### RSSI: -45, 1, 1640051870 ,3333 
1641159573.217197 ### RSSI: -50, 23, 1640051871 ,3347 
1641159573.217312 ### ERROR: Failed reading SquarePoint packet length
1641159573.217426 ### RSSI: -50, 23, 1640051871 ,3348 
1641159573.217563 ### RSSI: -48, 17, 1640051872 ,3363 
1641159573.217674 ### RSSI: -47, 4, 1640051872 ,3364 
1641159573.217787 ### DEBUG: Ticks: 3379, 47, 1 
1641159573.217903 1640051873 c0:98:e5:42:00:29 269 
1641159573.218019 -201 -188 -180 -156 -147 -138 -131 -108 -106 -100 -96 -96 -94 -75 -67 
1641159573.218132 -64 -59 -59 -58 -52 -46 -40 -39 -33 -15 -15 -8 -6 -2 8 
1641159573.218248 ### RSSI: -55, 34, 1640051873 ,3380 
1641159573.218360 ### RSSI: -54, 28, 1640051873 ,3380 
1641159573.218473 ### DEBUG: Ticks: 3394, 15, 1 
1641159573.218609 1640051874 c0:98:e5:42:00:29 282 
1641159573.218722 -272 -249 -240 -220 -210 -202 -200 -187 -180 -177 -174 -171 -165 -165 -164 
1641159573.218834 -152 -150 -148 -141 -134 -130 -123 -118 -111 -105 -102 -95 -75 -60 -48 
1641159573.218947 ### RSSI: -54, 30, 1640051874 ,3395 
1641159573.219063 ### RSSI: -48, 19, 1640051874 ,3396 
1641159573.219176 ### DEBUG: Ticks: 3410, 16, 1 
1641159573.219290 1640051875 c0:98:e5:42:00:29 234 
1641159573.219404 -272 -253 -234 -206 -205 -199 -198 -192 -182 -176 -174 -172 -166 -161 -160 
1641159573.219531 -158 -139 -138 -134 -127 -114 -90 -88 -79 -79 -54 -50 -42 -36 -28 
1641159573.219788 ### RSSI: -48, 13, 1640051875 ,3411 
1641159573.219929 ### RSSI: -48, 12, 1640051875 ,3411 
1641159573.220074 ### DEBUG: Ticks: 3426, 16, 1 
1641159573.220257 1640051876 c0:98:e5:42:00:29 220 
1641159573.220406 -141 -131 -108 -94 -87 -84 -83 -68 -68 -67 -61 -60 -59 -58 -51 
1641159573.220526 -48 -37 -28 -17 -12 -11 -11 1 6 7 12 21 22 30 31 
1641159573.220643 ### RSSI: -50, 23, 1640051876 ,3426 
1641159573.220787 ### RSSI: -54, 31, 1640051876 ,3427 
1641159573.220899 ### DEBUG: Ticks: 3441, 15, 1 
1641159573.221007 1640051877 c0:98:e5:42:00:29 264 
1641159573.221120 -365 -348 -330 -321 -304 -294 -287 -281 -281 -271 -268 -268 -258 -257 -249 
1641159573.221283 -245 -242 -233 -232 -223 -220 -219 -213 -212 -204 -204 -196 -167 -159 -134 
1641159573.221404 ### RSSI: -51, 25, 1640051877 ,3442 
1641159573.221518 ### RSSI: -46, 10, 1640051877 ,3443 
1641159573.221632 ### DEBUG: Ticks: 3457, 16, 1 
1641159573.221766 1640051878 c0:98:e5:42:00:29 268 
1641159573.221884 -321 -320 -311 -302 -288 -286 -275 -267 -249 -249 -249 -243 -238 -231 -229 
1641159573.221996 -220 -219 -207 -207 -206 -202 -194 -191 -187 -185 -179 -165 -163 -154 -136 
1641159573.222106 ### RSSI: -54, 36, 1640051878 ,3458 
1641159573.222219 ### RSSI: -46, 9, 1640051878 ,3458 
1641159573.222333 ### DEBUG: Ticks: 3472, 15, 1 
1641159573.222445 1640051879 c0:98:e5:42:00:29 248 
1641159573.222558 -257 -243 -192 -182 -172 -171 -168 -168 -167 -158 -149 -145 -136 -136 -132 
1641159573.222671 -132 -127 -126 -125 -118 -110 -104 -102 -92 -80 -80 -71 -61 -60 -13 
1641159573.222784 ### RSSI: -54, 30, 1640051879 ,3473 
1641159573.222918 ### RSSI: -49, 15, 1640051879 ,3474 
1641159573.223031 ### DEBUG: Ticks: 3488, 16, 1 
1641159573.223144 1640051880 c0:98:e5:42:00:29 254 
1641159573.223256 -301 -278 -241 -238 -237 -233 -231 -229 -229 -227 -197 -193 -186 -186 -182 
1641159573.223370 -177 -177 -173 -170 -167 -162 -157 -154 -152 -147 -135 -134 -121 -99 -73 
1641159573.223484 ### RSSI: -54, 31, 1640051880 ,3489 
1641159573.223673 ### RSSI: -54, 28, 1640051880 ,3489 
1641159573.223794 ### DEBUG: Ticks: 3504, 16, 1 
1641159573.223923 1640051881 c0:98:e5:42:00:29 239 
1641159573.224040 -289 -242 -224 -218 -206 -203 -202 -186 -185 -180 -178 -171 -171 -166 -165 
1641159573.224153 -160 -152 -145 -142 -137 -127 -107 -102 -97 -94 -94 -92 -82 -72 -60 
1641159573.224268 ### RSSI: -48, 19, 1640051881 ,3505 
1641159573.224377 ### RSSI: -49, 16, 1640051881 ,3505 
1641159573.224485 ### ERROR: Failed reading SquarePoint packet length
1641159573.224595 ### RSSI: -49, 19, 1640051882 ,3520 
1641159573.224708 ### RSSI: -52, 27, 1640051882 ,3521 
1641159573.224821 ### RSSI: -42, 1, 1640051883 ,3536 
1641159573.224935 ### RSSI: -47, 13, 1640051883 ,3536 
1641159573.225076 ### DEBUG: Ticks: 3551, 47, 1 
1641159573.225192 1640051884 c0:98:e5:42:00:29 278 
1641159573.225304 -231 -212 -175 -170 -168 -159 -155 -150 -144 -139 -133 -128 -114 -114 -102 
1641159573.225419 -96 -95 -88 -88 -85 -76 -64 -63 -61 -55 -54 -37 -28 0 11 
1641159573.225534 ### RSSI: -47, 8, 1640051884 ,3551 
1641159573.225649 ### RSSI: -50, 22, 1640051884 ,3552 
1641159573.225838 ### DEBUG: Ticks: 3566, 15, 1 
1641159573.225966 1640051885 c0:98:e5:42:00:29 287 
1641159573.226104 -293 -268 -221 -196 -195 -193 -191 -191 -179 -169 -166 -164 -164 -164 -160 
1641159573.226221 -158 -152 -149 -142 -135 -134 -130 -124 -117 -108 -102 -98 -92 -70 -41 
1641159573.226335 ### RSSI: -55, 34, 1640051885 ,3567 
1641159573.226448 ### RSSI: -49, 23, 1640051885 ,3567 
1641159573.226555 ### DEBUG: Ticks: 3582, 16, 1 
1641159573.226786 1640051886 c0:98:e5:42:00:29 222 
1641159573.226912 -199 -158 -128 -123 -100 -93 -89 -88 -87 -77 -76 -76 -64 -61 -46 
1641159573.227025 -42 -41 -39 -33 -21 -20 -13 -12 -8 7 13 36 37 38 53 
1641159573.227160 ### RSSI: -47, 12, 1640051886 ,3583 
1641159573.227276 ### RSSI: -48, 7, 1640051886 ,3583 
1641159573.227388 ### DEBUG: Ticks: 3597, 15, 1 
1641159573.227499 1640051887 c0:98:e5:42:00:29 232 
1641159573.227649 -265 -205 -198 -180 -174 -147 -146 -141 -140 -140 -137 -132 -116 -111 -110 
1641159573.227762 -107 -100 -96 -87 -80 -76 -74 -70 -63 -53 -42 -42 -36 31 64 
1641159573.227874 ### RSSI: -47, 17, 1640051887 ,3598 
1641159573.228008 ### RSSI: -53, 30, 1640051887 ,3599 
1641159573.228120 ### DEBUG: Ticks: 3613, 16, 1 
1641159573.228249 1640051888 c0:98:e5:42:00:29 246 
1641159573.228367 -197 -196 -178 -151 -148 -140 -132 -121 -117 -116 -109 -109 -103 -98 -91 
1641159573.228481 -86 -80 -78 -71 -65 -62 -52 -51 -38 -38 -21 -17 -10 4 8 
1641159573.228594 ### RSSI: -48, 21, 1640051888 ,3614 
1641159573.228706 ### RSSI: -53, 30, 1640051888 ,3614 
1641159573.228817 ### DEBUG: Ticks: 3629, 16, 1 
1641159573.228927 1640051889 c0:98:e5:42:00:29 256 
1641159573.229038 -288 -276 -248 -231 -229 -226 -209 -206 -201 -200 -185 -184 -182 -181 -180 
1641159573.229146 -176 -166 -166 -155 -146 -135 -127 -122 -122 -120 -118 -117 -117 -116 -114 
1641159573.229261 ### RSSI: -47, 13, 1640051890 ,3630 
1641159573.229390 ### RSSI: -47, 12, 1640051890 ,3630 
1641159573.229504 ### DEBUG: Ticks: 3644, 15, 1 
1641159573.229616 1640051890 c0:98:e5:42:00:29 248 
1641159573.229727 -358 -314 -295 -271 -258 -258 -253 -249 -245 -242 -235 -230 -227 -226 -219 
1641159573.229839 -212 -211 -208 -202 -196 -191 -183 -180 -179 -163 -160 -143 -142 -123 -104 
1641159573.229952 ### RSSI: -47, 10, 1640051891 ,3645 
1641159573.230064 ### RSSI: -55, 32, 1640051891 ,3646 
1641159573.230176 ### DEBUG: Ticks: 3660, 16, 1 
1641159573.230290 1640051891 c0:98:e5:42:00:29 266 
1641159573.230423 -273 -268 -244 -224 -207 -205 -182 -173 -161 -160 -158 -158 -154 -150 -145 
1641159573.230554 -141 -140 -122 -120 -115 -110 -110 -105 -96 -95 -79 -78 -45 -40 -17 
1641159573.230671 ### RSSI: -43, 3, 1640051891 ,3661 
1641159573.230784 ### RSSI: -51, 25, 1640051891 ,3661 
1641159573.230897 ### DEBUG: Ticks: 3676, 16, 1 
1641159573.231013 1640051892 c0:98:e5:42:00:29 245 
1641159573.231122 -306 -280 -256 -246 -243 -243 -235 -226 -217 -216 -209 -199 -187 -184 -176 
1641159573.231239 -174 -173 -172 -167 -167 -164 -156 -154 -154 -150 -143 -142 -106 -71 -44 
1641159573.231408 ### RSSI: -49, 20, 1640051892 ,3676 
1641159573.231570 ### RSSI: -47, 12, 1640051892 ,3677 
1641159573.231688 ### ERROR: Failed reading SquarePoint packet length
1641159573.231802 ### RSSI: -46, 8, 1640051893 ,3692 
1641159573.231910 ### RSSI: -54, 33, 1640051893 ,3692 
1641159573.232021 ### RSSI: -43, 6, 1640051894 ,3708 
1641159573.232132 ### RSSI: -56, 35, 1640051894 ,3708 
1641159573.232248 ### DEBUG: Ticks: 3722, 46, 1 
1641159573.232360 1640051895 c0:98:e5:42:00:29 258 
1641159573.232472 -272 -250 -250 -200 -197 -196 -186 -181 -180 -175 -172 -167 -161 -157 -157 
1641159573.232611 -155 -146 -141 -139 -137 -136 -135 -126 -123 -122 -110 -61 -53 -52 -44 
1641159573.232726 ### RSSI: -48, 6, 1640051895 ,3723 
1641159573.232840 ### RSSI: -50, 24, 1640051895 ,3724 
1641159573.232953 ### DEBUG: Ticks: 3738, 16, 1 
1641159573.233068 1640051896 c0:98:e5:42:00:29 245 
1641159573.233179 -263 -215 -214 -212 -193 -179 -178 -160 -157 -145 -143 -140 -138 -137 -129 
1641159573.233292 -128 -124 -121 -119 -116 -114 -111 -111 -108 -101 -91 -72 -57 -46 -30 
1641159573.233405 ### RSSI: -54, 36, 1640051896 ,3739 
1641159573.233518 ### RSSI: -49, 20, 1640051896 ,3739 
1641159573.233651 ### DEBUG: Ticks: 3754, 16, 1 
1641159573.233765 1640051897 c0:98:e5:42:00:29 256 
1641159573.233995 -310 -296 -284 -269 -253 -233 -220 -220 -219 -210 -209 -207 -201 -184 -183 
1641159573.234111 -182 -181 -173 -169 -167 -141 -140 -134 -124 -122 -119 -118 -114 -75 -63 
1641159573.234224 ### RSSI: -54, 29, 1640051897 ,3754 
1641159573.234336 ### RSSI: -49, 23, 1640051897 ,3755 
1641159573.234447 ### DEBUG: Ticks: 3769, 15, 1 
1641159573.234560 1640051898 c0:98:e5:42:00:29 266 
1641159573.234703 -291 -274 -271 -247 -247 -242 -232 -219 -218 -213 -208 -206 -198 -192 -185 
1641159573.234820 -181 -177 -177 -176 -174 -159 -155 -153 -152 -150 -148 -141 -139 -138 -75 
1641159573.234933 ### RSSI: -55, 32, 1640051898 ,3770 
1641159573.235045 ### RSSI: -52, 27, 1640051898 ,3771 
1641159573.235154 ### INFO: SD card flushed!
1641159573.235260 ### DEBUG: Ticks: 3785, 16, 1 
1641159573.235367 1640051899 c0:98:e5:42:00:29 261 
1641159573.235475 -369 -368 -357 -349 -331 -328 -324 -322 -309 -306 -299 -294 -289 -288 -287 
1641159573.235632 -283 -281 -275 -252 -251 -247 -246 -235 -232 -224 -215 -213 -211 -199 -163 
1641159573.235773 ### RSSI: -44, 4, 1640051899 ,3786 
1641159573.235893 ### RSSI: -49, 21, 1640051899 ,3786 
1641159573.236006 ### DEBUG: Ticks: 3801, 16, 1 
1641159573.236118 1640051900 c0:98:e5:42:00:29 228 
1641159573.236231 -240 -191 -176 -150 -142 -127 -124 -109 -107 -104 -104 -100 -97 -90 -85 
1641159573.236344 -73 -63 -63 -63 -61 -58 -56 -56 -52 -32 -28 -9 5 40 55 
1641159573.236457 ### RSSI: -45, 1, 1640051900 ,3801 
1641159573.236569 ### RSSI: -46, 0, 1640051900 ,3802 
1641159573.236680 ### DEBUG: Ticks: 3816, 15, 1 
1641159573.236792 1640051901 c0:98:e5:42:00:29 251 
1641159573.236926 -327 -274 -265 -264 -243 -233 -222 -221 -218 -215 -208 -194 -190 -184 -184 
1641159573.237040 -183 -181 -173 -172 -169 -162 -153 -143 -135 -131 -129 -125 -87 -69 -20 
1641159573.237155 ### DEBUG: Ticks: 3832, 16, 1 
1641159573.237267 1640051902 c0:98:e5:42:00:29 271 
1641159573.237379 -265 -257 -219 -192 -184 -179 -179 -175 -170 -170 -168 -164 -161 -160 -138 
1641159573.237491 -129 -120 -116 -113 -111 -105 -96 -87 -75 -69 -64 -52 -39 -32 -26 
1641159573.237603 ### DEBUG: Ticks: 3847, 15, 1 
1641159573.237714 1640051903 c0:98:e5:42:00:29 251 
1641159573.237825 -363 -322 -314 -295 -284 -278 -275 -275 -272 -272 -265 -259 -258 -243 -242 
1641159573.237953 -241 -240 -235 -234 -231 -223 -221 -215 -207 -202 -187 -163 -147 -134 -100 
1641159573.238069 ### ERROR: Failed reading SquarePoint packet length
1641159573.238182 ### BLE EVENT: 17, INFO: BLE DISCONNECTED!
1641159573.238295 ### BLE EVENT: 17, INFO: BLE DISCONNECTED!
1641159573.238404 ### BLE EVENT: 16, INFO: BLE CONNECTED!
1641159573.238516 ### RSSI: -45, 0, 1640051905 ,3875 
1641159573.238628 ### RSSI: -51, 22, 1640051905 ,3876 
1641159573.238734 ### RSSI: -46, 3, 1640051905 ,3878 
1641159573.238847 ### RSSI: -46, 9, 1640051905 ,3880 
1641159573.238976 ### RSSI: -47, 1, 1640051905 ,3881 
1641159573.239087 ### RSSI: -54, 30, 1640051905 ,3883 
1641159573.239200 ### RSSI: -48, 7, 1640051905 ,3884 
1641159573.239311 ### RSSI: -53, 28, 1640051906 ,3886 
1641159573.239422 ### RSSI: -46, 3, 1640051906 ,3887 
1641159573.239554 ### RSSI: -46, 1, 1640051906 ,3889 
1641159573.239670 ### RSSI: -51, 25, 1640051906 ,3891 
1641159573.239831 ### RSSI: -49, 16, 1640051906 ,3892 
1641159573.239948 ### RSSI: -49, 5, 1640051906 ,3894 
1641159573.240078 ### DEBUG: Ticks: 3894, 47, 0 
1641159573.240193 1640051906 c0:98:e5:42:00:29 237 
1641159573.240305 -370 -367 -346 -343 -337 -330 -323 -322 -315 -303 -297 -295 -291 -286 -284 
1641159573.240417 -277 -274 -273 -267 -261 -257 -238 -228 -219 -214 -206 -205 -188 -167 -149 
1641159573.240529 ### RSSI: -48, 9, 1640051906 ,3895 
1641159573.240643 ### RSSI: -46, 4, 1640051906 ,3897 
1641159573.240788 ### RSSI: -51, 26, 1640051906 ,3898 
1641159573.240904 ### RSSI: -49, 7, 1640051907 ,3900 
1641159573.241017 ### DEBUG: Ticks: 3910, 16, 0 
1641159573.241146 1640051907 c0:98:e5:42:00:29 280 
1641159573.241260 -248 -237 -233 -221 -204 -198 -189 -162 -160 -156 -156 -153 -137 -135 -133 
1641159573.241412 -133 -131 -121 -120 -118 -106 -101 -86 -74 -74 -64 -52 -30 -9 12 
1641159573.241528 ### RSSI: -50, 25, 1640051908 ,3915 
1641159573.241640 ### DEBUG: Ticks: 3925, 15, 0 
1641159573.241752 1640051908 c0:98:e5:42:00:29 214 
1641159573.241862 -334 -315 -308 -306 -301 -280 -280 -277 -277 -268 -268 -266 -257 -256 -256 
1641159573.241975 -247 -237 -226 -224 -219 -198 -198 -179 -177 -177 -177 -163 -162 -158 -147 
1641159573.242083 ### RSSI: -51, 27, 1640051909 ,3931 
1641159573.242213 ### DEBUG: Ticks: 3941, 16, 0 
1641159573.242326 1640051909 c0:98:e5:42:00:29 233 
1641159573.242438 -341 -337 -292 -292 -288 -284 -279 -266 -256 -250 -249 -241 -235 -231 -230 
1641159573.242576 -228 -226 -224 -214 -213 -212 -195 -192 -186 -173 -172 -168 -154 -154 -100 
1641159573.242689 ### RSSI: -46, 5, 1640051910 ,3947 
1641159573.242798 ### DEBUG: Ticks: 3957, 16, 0 
1641159573.242927 1640051910 c0:98:e5:42:00:29 240 
1641159573.243066 -250 -243 -179 -179 -156 -150 -141 -140 -137 -136 -129 -116 -108 -108 -106 
1641159573.243263 -95 -94 -91 -86 -80 -77 -72 -71 -44 -32 -25 -24 3 8 19 
1641159573.243423 ### RSSI: -55, 36, 1640051911 ,3962 
1641159573.243588 ### DEBUG: Ticks: 3972, 15, 0 
1641159573.243725 1640051911 c0:98:e5:42:00:29 245 
1641159573.243849 -316 -309 -307 -304 -302 -295 -291 -290 -290 -280 -273 -269 -265 -255 -247 
1641159573.243979 -239 -238 -230 -227 -217 -216 -212 -203 -195 -189 -187 -182 -179 -165 -150 
1641159573.244120 ### RSSI: -46, 0, 1640051912 ,3978 
1641159573.244275 ### DEBUG: Ticks: 3988, 16, 0 
1641159573.244501 1640051912 c0:98:e5:42:00:29 246 
1641159573.244628 -249 -243 -239 -223 -214 -205 -203 -200 -200 -195 -193 -188 -182 -173 -157 
1641159573.244744 -154 -148 -144 -143 -143 -139 -125 -121 -115 -103 -99 -91 -88 -55 -14 
1641159573.244858 ### RSSI: -47, 12, 1640051913 ,3994 
1641159573.244969 ### DEBUG: Ticks: 4004, 16, 0 
1641159573.245083 1640051913 c0:98:e5:42:00:29 265 
1641159573.245198 -346 -320 -293 -289 -285 -278 -276 -271 -257 -256 -251 -246 -246 -242 -234 
1641159573.245310 -231 -231 -222 -216 -211 -200 -183 -183 -178 -173 -164 -162 -157 -142 -116 
1641159573.245443 ### RSSI: -45, 2, 1640051914 ,4009 
1641159573.245557 ### DEBUG: Ticks: 4019, 15, 0 
1641159573.245667 1640051914 c0:98:e5:42:00:29 265 
1641159573.245780 -236 -226 -209 -202 -200 -197 -195 -194 -185 -175 -171 -165 -162 -161 -149 
1641159573.245895 -127 -112 -112 -110 -108 -106 -102 -102 -89 -89 -88 -75 -72 -45 -28 
1641159573.246008 ### RSSI: -47, 1, 1640051915 ,4025 
1641159573.246117 ### ERROR: Failed reading SquarePoint packet length
1641159573.246224 ### RSSI: -48, 19, 1640051916 ,4040 
1641159573.246335 ### RSSI: -47, 3, 1640051917 ,4056 
1641159573.246465 ### DEBUG: Ticks: 4066, 47, 0 
1641159573.246583 1640051917 c0:98:e5:42:00:29 249 
1641159573.246695 -212 -204 -181 -161 -161 -157 -156 -152 -149 -146 -143 -130 -122 -122 -113 
1641159573.246809 -110 -109 -109 -100 -99 -92 -89 -69 -65 -63 -54 -27 -26 -23 -21 
1641159573.246920 ### RSSI: -48, 19, 1640051917 ,4072 
1641159573.247043 ### DEBUG: Ticks: 4082, 16, 0 
1641159573.247161 1640051918 c0:98:e5:42:00:29 289 
1641159573.247273 -338 -322 -280 -277 -257 -244 -236 -233 -232 -226 -214 -208 -202 -202 -200 
1641159573.247385 -189 -183 -178 -174 -168 -167 -167 -161 -131 -119 -112 -109 -107 -102 -93 
1641159573.247498 ### RSSI: -47, 8, 1640051918 ,4087 
1641159573.247720 ### DEBUG: Ticks: 4097, 15, 0 
1641159573.247837 1640051919 c0:98:e5:42:00:29 230 
1641159573.248056 -287 -273 -251 -237 -229 -229 -225 -222 -219 -214 -203 -195 -191 -188 -187 
1641159573.248183 -184 -176 -170 -169 -167 -163 -163 -160 -158 -155 -154 -136 -134 -121 -116 
1641159573.248295 ### RSSI: -47, 2, 1640051919 ,4103 
1641159573.248409 ### DEBUG: Ticks: 4113, 16, 0 
1641159573.248521 1640051920 c0:98:e5:42:00:29 224 
1641159573.248656 -219 -193 -188 -186 -181 -175 -166 -163 -160 -149 -140 -135 -123 -119 -114 
1641159573.248771 -111 -106 -94 -93 -92 -89 -78 -77 -73 -69 -63 -62 -59 -46 -17 
1641159573.248883 ### RSSI: -46, 10, 1640051920 ,4119 
1641159573.829003 ### DEBUG: Ticks: 4129, 16, 0 
1641159573.829209 1640051921 c0:98:e5:42:00:29 247 
1641159573.829315 -280 -218 -196 -193 -193 -192 -178 -176 -174 -170 -156 -153 -153 -145 -144 
1641159573.829402 -142 -135 -125 -125 -116 -110 -106 -103 -95 -85 -81 -72 -41 -30 -9 
1641159574.189637 ### RSSI: -46, 1, 1640051921 ,4134 
1641159574.833191 ### DEBUG: Ticks: 4144, 15, 0 
1641159574.833377 1640051922 c0:98:e5:42:00:29 231 
1641159574.833468 -354 -333 -305 -303 -301 -298 -297 -297 -292 -261 -260 -254 -252 -250 -247 
1641159574.833554 -246 -241 -237 -228 -221 -218 -211 -211 -203 -195 -186 -180 -169 -168 -153 
1641159575.185156 ### RSSI: -55, 36, 1640051922 ,4150 
1641159575.827108 ### DEBUG: Ticks: 4160, 16, 0 
1641159575.827396 1640051923 c0:98:e5:42:00:29 220 
1641159575.828388 -286 -251 -236 -213 -198 -196 -189 -187 -174 -172 -167 -161 -161 -155 -152 
1641159575.828656 -148 -137 -136 -132 -129 -123 -123 -119 -117 -116 -93 -82 -77 -61 0 
1641159576.185629 ### RSSI: -47, 3, 1640051923 ,4165 
1641159576.826568 ### DEBUG: Ticks: 4175, 15, 0 
1641159576.827033 1640051924 c0:98:e5:42:00:29 241 
1641159576.827827 -326 -308 -304 -297 -280 -278 -272 -251 -249 -249 -245 -239 -236 -233 -228 
1641159576.828163 -217 -216 -215 -214 -214 -202 -187 -185 -183 -171 -157 -138 -123 -110 -109 
1641159577.189505 ### RSSI: -47, 17, 1640051924 ,4181 
1641159577.831094 ### DEBUG: Ticks: 4191, 16, 0 
1641159577.831601 1640051925 c0:98:e5:42:00:29 269 
1641159577.832361 -324 -321 -314 -303 -288 -284 -282 -264 -264 -262 -261 -260 -259 -254 -245 
1641159577.833159 -240 -238 -233 -225 -213 -200 -198 -190 -181 -180 -174 -173 -151 -148 -147 
1641159578.190053 ### RSSI: -52, 28, 1640051925 ,4197 
1641159578.821956 ### ERROR: Failed reading SquarePoint packet length
1641159579.185267 ### RSSI: -47, 3, 1640051926 ,4212 
1641159580.184958 ### RSSI: -53, 32, 1640051927 ,4228 
1641159580.833486 ### DEBUG: Ticks: 4238, 47, 0 
1641159580.833660 1640051928 c0:98:e5:42:00:29 249 
1641159580.833745 -211 -204 -180 -179 -173 -169 -163 -161 -156 -155 -155 -153 -143 -136 -130 
1641159580.833832 -113 -105 -95 -89 -84 -82 -75 -75 -68 -67 -65 -51 -48 -47 -42 
1641159581.190475 ### RSSI: -48, 12, 1640051928 ,4243 
1641159581.825023 ### DEBUG: Ticks: 4253, 15, 0 
1641159581.825231 1640051929 c0:98:e5:42:00:29 254 
1641159581.837337 -140 -119 -106 -94 -93 -72 -70 -63 -55 -50 -50 -47 -39 -32 -32 
1641159581.837701 -18 -16 -14 -13 1 8 10 14 18 19 31 53 71 79 114 
1641159582.189592 ### RSSI: -53, 36, 1640051929 ,4259 
1641159582.831910 ### DEBUG: Ticks: 4269, 16, 0 
1641159582.832125 1640051930 c0:98:e5:42:00:29 219 
1641159582.832261 -215 -212 -204 -200 -190 -190 -173 -170 -167 -156 -156 -156 -155 -135 -135 
1641159582.832411 -127 -124 -114 -108 -106 -103 -96 -89 -81 -77 -70 -42 -41 0 31 
1641159583.189784 ### RSSI: -47, 13, 1640051931 ,4275 
1641159583.827730 ### DEBUG: Ticks: 4285, 16, 0 
1641159583.827836 1640051931 c0:98:e5:42:00:29 251 
1641159583.827948 -263 -200 -173 -170 -168 -161 -160 -158 -156 -153 -146 -138 -136 -129 -120 
1641159583.828183 -115 -112 -111 -109 -107 -104 -103 -73 -71 -68 -65 -53 -47 0 4 
1641159584.188773 ### RSSI: -49, 22, 1640051932 ,4290 
1641159584.833902 ### DEBUG: Ticks: 4300, 15, 0 
1641159584.834004 1640051932 c0:98:e5:42:00:29 254 
1641159584.834327 -261 -229 -194 -189 -179 -154 -153 -140 -140 -140 -139 -136 -135 -129 -118 
1641159584.834639 -113 -91 -91 -82 -77 -77 -71 -69 -67 -61 -53 -49 -31 -25 1 
1641159585.192223 ### RSSI: -50, 26, 1640051933 ,4306 
1641159585.825405 ### DEBUG: Ticks: 4316, 16, 0 
1641159585.825711 1640051933 c0:98:e5:42:00:29 277 
1641159585.838165 -274 -247 -246 -225 -219 -216 -216 -200 -193 -190 -186 -178 -173 -170 -170 
1641159585.838453 -165 -162 -156 -154 -142 -139 -134 -125 -121 -119 -109 -104 -99 -99 -71 
1641159586.190580 ### RSSI: -48, 15, 1640051934 ,4322 
1641159586.832458 ### DEBUG: Ticks: 4332, 16, 0 
1641159586.832735 1640051934 c0:98:e5:42:00:29 266 
1641159586.832917 -252 -247 -245 -231 -208 -200 -193 -191 -190 -189 -188 -171 -168 -163 -159 
1641159586.833127 -152 -140 -139 -139 -134 -130 -126 -124 -115 -113 -107 -102 -93 -49 -44 
1641159587.185020 ### RSSI: -42, 10, 1640051935 ,4337 
1641159587.828634 ### DEBUG: Ticks: 4347, 15, 0 
1641159587.828907 1640051935 c0:98:e5:42:00:29 238 
1641159587.829114 -327 -317 -312 -308 -285 -281 -264 -245 -244 -237 -216 -215 -213 -207 -207 
1641159587.829290 -207 -206 -205 -201 -197 -193 -189 -185 -173 -173 -170 -138 -125 -122 -83 
1641159588.184070 ### RSSI: -47, 4, 1640051936 ,4353 
1641159588.826657 ### DEBUG: Ticks: 4363, 16, 0 
1641159588.826942 1640051936 c0:98:e5:42:00:29 258 
1641159588.827167 -387 -386 -362 -362 -350 -342 -338 -324 -321 -315 -301 -300 -296 -294 -286 
1641159588.827367 -284 -279 -271 -264 -264 -262 -257 -253 -252 -247 -243 -238 -219 -212 -202 
1641159589.189760 ### RSSI: -49, 22, 1640051937 ,4368 
1641159589.823032 ### ERROR: Failed reading SquarePoint packet length
1641159590.191120 ### RSSI: -47, 10, 1640051938 ,4384 
1641159591.836160 ### DEBUG: Ticks: 4410, 47, 0 
1641159591.836442 1640051939 c0:98:e5:42:00:29 247 
1641159591.836634 -273 -233 -215 -212 -196 -182 -179 -179 -179 -177 -177 -177 -168 -165 -153 
1641159591.836818 -140 -135 -132 -130 -130 -118 -118 -113 -111 -109 -102 -86 -76 -64 -32 
1641159592.219255 ### INFO: SD card flushed!
1641159592.830528 ### DEBUG: Ticks: 4425, 15, 0 
1641159592.832633 1640051940 c0:98:e5:42:00:29 260 
1641159592.833842 -284 -221 -217 -198 -198 -187 -183 -165 -161 -160 -156 -153 -146 -146 -141 
1641159592.834103 -140 -131 -126 -124 -122 -120 -119 -118 -105 -104 -101 -88 -63 -56 -33 
1641159593.833536 ### DEBUG: Ticks: 4441, 16, 0 
1641159593.833817 1640051941 c0:98:e5:42:00:29 238 
1641159593.833996 -179 -172 -119 -118 -117 -114 -114 -107 -102 -99 -98 -91 -84 -78 -71 
1641159593.834181 -67 -62 -55 -55 -44 -35 -30 -3 -1 8 20 35 39 62 105 
1641159594.289244 ### BLE EVENT: 17, INFO: BLE DISCONNECTED!
1641159594.829278 ### DEBUG: Ticks: 4457, 16, 0 
1641159594.829394 1640051942 c0:98:e5:42:00:29 258 
1641159594.829741 -334 -319 -309 -301 -291 -280 -280 -270 -265 -244 -239 -235 -233 -230 -229 
1641159594.829906 -228 -219 -215 -210 -208 -207 -199 -195 -192 -191 -189 -185 -158 -118 -115 
1641159595.338219 ### BLE EVENT: 16, INFO: BLE CONNECTED!
1641159595.349129 ### RSSI: -50, 21, 1640051942 ,4465 
1641159595.448188 ### RSSI: -47, 4, 1640051942 ,4466 
1641159595.546538 ### RSSI: -47, 13, 1640051942 ,4468 
1641159595.643981 ### RSSI: -47, 12, 1640051942 ,4469 
1641159595.741495 ### RSSI: -47, 0, 1640051943 ,4471 
1641159595.828371 ### DEBUG: Ticks: 4472, 15, 0 
1641159595.828811 1640051943 c0:98:e5:42:00:29 260 
1641159595.829582 -331 -314 -310 -308 -276 -269 -258 -253 -251 -250 -247 -247 -243 -239 -232 
1641159595.830302 -226 -218 -216 -209 -196 -188 -186 -166 -159 -154 -150 -136 -111 -110 -107 
1641159595.840207 ### RSSI: -46, 5, 1640051943 ,4472 
1641159595.946186 ### RSSI: -46, 8, 1640051943 ,4474 
1641159596.042531 ### RSSI: -54, 32, 1640051943 ,4476 
1641159596.140982 ### RSSI: -46, 10, 1640051943 ,4477 
1641159596.240859 ### RSSI: -52, 27, 1640051943 ,4479 
1641159596.347975 ### RSSI: -53, 28, 1640051943 ,4480 
1641159596.443259 ### RSSI: -50, 25, 1640051943 ,4482 
1641159596.541805 ### RSSI: -53, 29, 1640051943 ,4483 
1641159596.642192 ### RSSI: -48, 4, 1640051944 ,4485 
1641159596.741769 ### RSSI: -47, 0, 1640051944 ,4486 
1641159596.830343 ### DEBUG: Ticks: 4488, 16, 0 
1641159596.830448 1640051944 c0:98:e5:42:00:29 260 
1641159596.830703 -356 -330 -308 -306 -305 -297 -285 -284 -283 -263 -254 -253 -252 -252 -242 
1641159596.831016 -232 -232 -223 -221 -214 -213 -210 -208 -200 -196 -189 -165 -156 -149 -129 
1641159596.841664 ### RSSI: -47, 11, 1640051944 ,4488 
1641159596.944410 ### RSSI: -50, 26, 1640051944 ,4490 
1641159597.826987 ### DEBUG: Ticks: 4503, 15, 0 
1641159597.827085 1640051945 c0:98:e5:42:00:29 270 
1641159597.829590 -256 -232 -224 -214 -208 -207 -198 -188 -184 -182 -179 -178 -169 -162 -159 
1641159597.832814 -157 -154 -138 -132 -123 -121 -118 -106 -99 -97 -97 -89 -86 -76 -18 
1641159597.950638 ### RSSI: -49, 18, 1640051945 ,4505 
1641159598.829645 ### DEBUG: Ticks: 4519, 16, 0 
1641159598.829895 1640051946 c0:98:e5:42:00:29 248 
1641159598.830060 -173 -161 -150 -131 -119 -112 -106 -104 -94 -90 -83 -80 -77 -70 -68 
1641159598.830222 -63 -59 -59 -55 -55 -50 -27 -20 -16 -11 5 25 30 41 87 
1641159598.939941 ### RSSI: -49, 20, 1640051946 ,4521 
1641159599.498446 ### INFO: Device is now IN MOTION
1641159599.834499 ### DEBUG: Ticks: 4535, 16, 0 
1641159599.834753 1640051947 c0:98:e5:42:00:29 250 
1641159599.834920 -286 -272 -220 -216 -206 -205 -188 -182 -179 -175 -158 -156 -154 -151 -150 
1641159599.835081 -149 -147 -146 -139 -130 -126 -125 -121 -117 -115 -106 -101 -97 -81 -63 
1641159599.947073 ### RSSI: -47, 2, 1640051947 ,4536 
1641159600.823801 ### ERROR: Failed reading SquarePoint packet length
1641159600.946155 ### RSSI: -54, 5, 1640051948 ,4552 
1641159601.942904 ### RSSI: -44, 33, 1640051949 ,4568 
1641159602.825153 ### DEBUG: Ticks: 4582, 47, 0 
1641159602.836624 1640051950 c0:98:e5:42:00:29 254 
1641159602.836854 -284 -266 -260 -252 -251 -249 -248 -241 -235 -232 -230 -212 -203 -200 -199 
1641159602.837001 -191 -190 -184 -175 -169 -155 -150 -148 -147 -146 -144 -126 -125 -122 -108 
1641159602.948879 ### RSSI: -44, 22, 1640051950 ,4583 
1641159603.828033 ### DEBUG: Ticks: 4597, 15, 0 
1641159603.828324 1640051951 c0:98:e5:42:00:29 297 
1641159603.828508 -240 -220 -216 -214 -213 -207 -195 -180 -178 -177 -176 -172 -157 -147 -147 
1641159603.828699 -144 -142 -136 -135 -133 -123 -112 -110 -104 -103 -92 -77 -64 -56 -51 
1641159603.940531 ### RSSI: -44, 21, 1640051951 ,4599 
1641159604.831464 ### DEBUG: Ticks: 4613, 16, 0 
1641159604.831860 1640051952 c0:98:e5:42:00:29 395 
1641159604.832078 -84 -67 -52 -52 -38 -34 -33 -28 -27 -25 -20 -15 0 5 11 
1641159604.832256 13 16 23 27 28 40 54 67 71 72 76 77 79 92 0 
1641159604.944819 ### RSSI: -48, 8, 1640051952 ,4615 
1641159605.831049 ### DEBUG: Ticks: 4628, 15, 0 
1641159605.831291 1640051953 c0:98:e5:42:00:29 531 
1641159605.831426 42 45 58 63 66 74 77 93 94 100 102 107 109 111 113 
1641159605.831680 114 115 121 127 131 148 153 155 158 175 188 191 197 204 220 
1641159605.945497 ### RSSI: -49, 2, 1640051953 ,4630 
1641159606.826792 ### DEBUG: Ticks: 4644, 16, 0 
1641159606.827006 1640051954 c0:98:e5:42:00:29 582 
1641159606.827127 78 82 103 104 108 115 115 124 132 147 149 149 152 153 153 
1641159606.838793 159 161 164 166 191 191 196 206 208 215 219 222 223 278 300 
1641159606.940750 ### RSSI: -48, 16, 1640051954 ,4646 
1641159607.834096 ### DEBUG: Ticks: 4660, 16, 0 
1641159607.834334 1640051955 c0:98:e5:42:00:29 703 
1641159607.834466 263 269 282 282 287 289 299 303 312 313 316 321 321 327 330 
1641159607.834737 343 350 350 354 355 365 368 380 382 388 396 398 432 454 455 
1641159607.945847 ### RSSI: -51, 9, 1640051955 ,4661 
1641159608.827660 ### DEBUG: Ticks: 4675, 15, 0 
1641159608.828006 1640051956 c0:98:e5:42:00:29 637 
1641159608.828189 79 112 119 131 133 139 139 142 153 161 166 168 169 170 172 
1641159608.828362 184 186 198 204 205 214 215 216 218 218 220 224 227 243 284 
1641159608.940817 ### RSSI: -50, 20, 1640051956 ,4677 
1641159609.833744 ### DEBUG: Ticks: 4691, 16, 0 
1641159609.833989 1640051957 c0:98:e5:42:00:29 587 
1641159609.834188 132 142 151 157 159 161 164 166 169 173 178 188 191 192 196 
1641159609.834339 198 201 209 220 225 232 237 238 248 256 256 272 280 306 479 
1641159609.947035 ### RSSI: -73, 29, 1640051957 ,4693 
1641159610.824908 ### DEBUG: Ticks: 4706, 15, 0 
1641159610.838033 1640051958 c0:98:e5:42:00:29 728 
1641159610.838282 248 265 294 295 312 316 320 334 337 341 347 360 370 370 371 
1641159610.838450 372 381 384 390 392 398 399 399 406 434 434 465 493 506 524 
1641159610.937894 ### RSSI: -58, 36, 1640051958 ,4708 
1641159611.832342 ### ERROR: Failed reading SquarePoint packet length
1641159611.945115 ### RSSI: -55, 13, 1640051959 ,4724 
1641159612.939622 ### RSSI: -60, 31, 1640051960 ,4739 
1641159613.163863 ### INFO: Battery voltage currently 4225 mV
1641159613.836629 ### DEBUG: Ticks: 4753, 47, 0 
1641159613.836884 1640051961 c0:98:e5:42:00:29 696 
1641159613.837039 274 314 333 343 349 358 360 363 376 387 391 397 398 406 406 
1641159613.837198 410 416 429 438 468 470 488 495 500 511 512 543 587 643 723 
1641159613.948729 ### RSSI: -58, 17, 1640051962 ,4755 
1641159614.837009 ### DEBUG: Ticks: 4769, 16, 0 
1641159614.837227 1640051962 c0:98:e5:42:00:29 683 
1641159614.837374 226 228 239 250 259 266 270 278 287 290 297 301 309 312 323 
1641159614.837522 329 334 335 345 354 356 359 371 381 385 454 474 501 518 0 
1641159614.938506 ### RSSI: -63, 35, 1640051963 ,4771 
1641159615.830228 ### DEBUG: Ticks: 4785, 16, 0 
1641159615.830504 1640051963 c0:98:e5:42:00:29 875 
1641159615.830685 378 429 431 443 456 464 468 469 469 473 498 500 506 510 512 
1641159615.830902 515 515 522 529 535 538 539 543 545 547 558 560 583 608 776 
1641159615.944221 ### RSSI: -54, 16, 1640051963 ,4786 
1641159616.833258 ### DEBUG: Ticks: 4800, 15, 0 
1641159616.833440 1640051964 c0:98:e5:42:00:29 1256 
1641159616.833547 792 795 812 817 820 826 836 849 850 850 855 855 858 863 868 
1641159616.833678 873 877 881 889 902 903 904 918 924 932 942 948 951 967 1203 
1641159616.948690 ### RSSI: -59, 0, 1640051964 ,4802 
1641159617.828910 ### DEBUG: Ticks: 4816, 16, 0 
1641159617.829138 1640051965 c0:98:e5:42:00:29 1859 
1641159617.829259 1498 1503 1506 1507 1525 1528 1540 1549 1553 1559 1562 1564 1569 1572 1577 
1641159617.829383 1582 1585 1589 1597 1607 1609 1611 1621 1627 1629 1635 1650 1661 1682 1707 
1641159617.942688 ### RSSI: -56, 27, 1640051965 ,4818 
1641159618.830612 ### DEBUG: Ticks: 4831, 15, 0 
1641159618.830799 1640051966 c0:98:e5:42:00:29 1882 
1641159618.830914 1431 1435 1436 1450 1454 1465 1474 1475 1488 1495 1499 1503 1504 1505 1509 
1641159618.831025 1510 1514 1519 1523 1526 1533 1540 1544 1545 1551 1566 1570 1571 1580 1586 
1641159618.943132 ### RSSI: -56, 33, 1640051966 ,4833 
1641159619.835429 ### DEBUG: Ticks: 4847, 16, 0 
1641159619.835779 1640051967 c0:98:e5:42:00:29 1902 
1641159619.836060 1457 1463 1477 1483 1495 1500 1504 1504 1505 1508 1515 1519 1521 1523 1525 
1641159619.836236 1534 1550 1554 1566 1570 1571 1572 1579 1583 1595 1600 1606 1608 1632 1632 
1641159619.945489 ### RSSI: -60, 13, 1640051967 ,4849 
1641159620.828106 ### DEBUG: Ticks: 4863, 16, 0 
1641159620.828359 1640051968 c0:98:e5:42:00:29 2077 
1641159620.828508 1667 1710 1710 1711 1722 1730 1735 1736 1741 1742 1748 1748 1751 1765 1773 
1641159620.828785 1780 1780 1780 1797 1810 1818 1819 1827 1831 1833 1837 1841 1850 1861 1868 
1641159620.940376 ### RSSI: -57, 26, 1640051968 ,4864 
1641159621.830048 ### DEBUG: Ticks: 4878, 15, 0 
1641159621.830214 1640051969 c0:98:e5:42:00:29 1779 
1641159621.830304 1347 1358 1359 1373 1375 1388 1400 1401 1407 1415 1419 1419 1423 1425 1429 
1641159621.830397 1443 1443 1449 1455 1460 1477 1479 1484 1486 1486 1492 1503 1504 1507 1507 
1641159621.944743 ### RSSI: -61, 14, 1640051969 ,4880 
1641159622.829117 ### ERROR: Failed reading SquarePoint packet length
1641159622.938787 ### RSSI: -65, 6, 1640051970 ,4896 
1641159623.940024 ### RSSI: -57, 26, 1640051971 ,4911 
1641159624.834376 ### DEBUG: Ticks: 4925, 47, 0 
1641159624.834669 1640051972 c0:98:e5:42:00:29 774 
1641159624.834850 297 340 345 357 368 375 380 382 389 398 402 404 411 414 416 
1641159624.835061 421 429 430 434 436 438 441 441 474 480 480 494 495 520 619 
1641159624.945045 ### RSSI: -63, 23, 1640051972 ,4927 
1641159625.836326 ### DEBUG: Ticks: 4941, 16, 0 
1641159625.836577 1640051973 c0:98:e5:42:00:29 592 
1641159625.836732 43 48 58 62 63 64 81 89 92 101 101 128 137 146 146 
1641159625.836894 149 157 157 166 178 195 195 205 209 227 230 286 302 324 358 
1641159625.946823 ### RSSI: -61, 9, 1640051973 ,4943 
1641159626.831385 ### DEBUG: Ticks: 4956, 15, 0 
1641159626.831693 1640051974 c0:98:e5:42:00:29 736 
1641159626.831859 311 325 356 363 365 379 385 385 388 392 393 394 400 406 410 
1641159626.832018 411 411 447 456 461 479 479 495 496 516 527 535 580 625 631 
1641159626.940748 ### RSSI: -60, 20, 1640051974 ,4958 
1641159627.829647 ### DEBUG: Ticks: 4972, 16, 0 
1641159627.829936 1640051975 c0:98:e5:42:00:29 708 
1641159627.830120 256 295 299 305 306 322 324 324 324 329 338 341 343 360 360 
1641159627.830332 365 369 370 375 384 396 399 411 419 424 461 481 488 557 592 
1641159627.941412 ### RSSI: -61, 34, 1640051975 ,4974 
1641159628.832612 ### DEBUG: Ticks: 4988, 16, 0 
1641159628.832903 1640051976 c0:98:e5:42:00:29 842 
1641159628.833098 342 349 375 405 420 432 432 434 435 436 439 444 447 449 450 
1641159628.833284 451 451 456 457 459 470 472 479 491 493 502 506 518 531 642 
1641159628.944787 ### RSSI: -59, 2, 1640051976 ,4989 
1641159629.831835 ### DEBUG: Ticks: 5003, 15, 0 
1641159629.832990 1640051977 c0:98:e5:42:00:29 1228 
1641159629.833173 832 841 841 848 848 851 853 867 870 877 883 884 889 891 898 
1641159629.833301 900 905 908 912 919 923 924 938 946 957 975 978 993 995 1130 
1641159629.944180 ### RSSI: -57, 34, 1640051977 ,5005 
1641159630.831860 ### DEBUG: Ticks: 5019, 16, 0 
1641159630.832049 1640051978 c0:98:e5:42:00:29 1695 
1641159630.832158 1289 1305 1307 1318 1319 1323 1328 1328 1330 1331 1335 1342 1350 1352 1353 
1641159630.832287 1359 1364 1370 1372 1372 1373 1376 1384 1390 1402 1406 1410 1437 1442 1452 
1641159630.945909 ### RSSI: -57, 4, 1640051978 ,5021 
1641159630.946135 ERROR: Unexpected error while mounting SD card: 1
1641159632.159247 
1641159632.159628 ----------------------------------------------
1641159632.159820 ### WARNING: Chip experienced a reset with reason 2
1641159632.417397 ### INFO: Bluetooth address: c0:98:e5:42:00:2c
1641159632.417646 ### DEBUG: Time is 00:00:00, 2000/00/00
1641159632.417799 ### INFO: Time is 00:00:00, 2000/00/00
1641159632.518253 ### INFO: Initializing SD Card...
1641159636.009470 ### INFO: Connecting to the SquarePoint module...
1641159636.009708 ### INFO: SquarePoint module connection successful
1641159636.009848 ### INFO: Battery voltage currently 4225 mV
1641159636.110604 ### INFO: SD card flushed!
1641159636.132525 ### INFO: SD card flushed!
1641159636.132821 ### DEBUG: BLE START SCANNING called
1641159636.836791 ### DEBUG: Ticks: 72, 72, 0 
1641159636.836996 1640051984 c0:98:e5:42:00:29 1221 
1641159636.837117 694 704 718 721 727 729 731 735 735 736 744 746 749 752 753 
1641159636.837243 757 764 767 770 776 781 789 791 791 798 808 834 842 861 966 
1641159636.837367 ### INFO: Switched Scheduler EUI from 00:00:00:00:00:00 to c0:98:e5:42:00:2c
1641159636.837484 ### DEBUG: BLE STOP SCANNING called
1641159637.007361 ### DEBUG: BLE START SCANNING called
1641159637.828117 ### DEBUG: Ticks: 88, 16, 0 
1641159637.828375 1640051985 c0:98:e5:42:00:29 782 
1641159637.828529 342 362 368 374 381 390 392 396 400 404 409 409 414 417 422 
1641159637.828689 429 431 432 433 436 440 445 459 460 476 477 478 478 494 651 
1641159638.111231 ### addr: c0:98:e5:42:00:29 
1641159638.111581 ### on_adv_report outer RSSI: -58, time:1640051986 
1641159638.111777 ### INFO: Discovered new device: c0:98:e5:42:00:29
1641159638.111954 ### DEBUG: connected? already connected
1641159638.112142 ### DEBUG: BLE START SCANNING called
1641159638.158288 ### BLE EVENT: 16, INFO: BLE CONNECTED!
1641159638.158569 ### DEBUG: BLE START SCANNING called
1641159638.158751 ### RSSI: -61, 30, 1640051986 ,93 
1641159638.158964 ### DEBUG: BLE START SCANNING called
1641159638.260144 ### RSSI: -61, 18, 1640051986 ,95 
1641159638.260424 ### DEBUG: BLE START SCANNING called
1641159638.362158 ### RSSI: -71, 0, 1640051986 ,96 
1641159638.362423 ### DEBUG: BLE START SCANNING called
1641159638.463768 ### RSSI: -54, 19, 1640051986 ,98 
1641159638.464015 ### DEBUG: BLE START SCANNING called
1641159638.566241 ### RSSI: -58, 28, 1640051986 ,99 
1641159638.566531 ### DEBUG: BLE START SCANNING called
1641159638.659383 ### RSSI: -59, 8, 1640051986 ,101 
1641159638.659715 ### DEBUG: BLE START SCANNING called
1641159638.760015 ### RSSI: -57, 15, 1640051986 ,102 
1641159638.760238 ### DEBUG: BLE START SCANNING called
1641159638.828595 ### DEBUG: Ticks: 104, 16, 1 
1641159638.828877 1640051986 c0:98:e5:42:00:29 665 
1641159638.829065 212 251 265 276 282 295 308 315 317 317 328 329 339 349 349 
1641159638.829223 350 350 363 365 368 392 397 399 399 428 429 436 444 450 544 
1641159638.841601 ### DEBUG: BLE START SCANNING called
1641159638.864942 ### RSSI: -56, 6, 1640051986 ,104 
1641159638.865196 ### DEBUG: BLE START SCANNING called
1641159638.966377 ### RSSI: -55, 2, 1640051987 ,106 
1641159638.966594 ### DEBUG: BLE START SCANNING called
1641159639.012147 ### DEBUG: BLE START SCANNING called
1641159639.055889 ### RSSI: -55, 14, 1640051987 ,107 
1641159639.056121 ### DEBUG: BLE START SCANNING called
1641159639.156378 ### RSSI: -55, 3, 1640051987 ,109 
1641159639.156599 ### DEBUG: BLE START SCANNING called
1641159639.260088 ### RSSI: -61, 33, 1640051987 ,110 
1641159639.260336 ### DEBUG: BLE START SCANNING called
1641159639.358805 ### RSSI: -55, 3, 1640051987 ,112 
1641159639.359125 ### DEBUG: BLE START SCANNING called
1641159639.461448 ### RSSI: -58, 20, 1640051987 ,113 
1641159639.461702 ### DEBUG: BLE START SCANNING called
1641159639.563300 ### RSSI: -55, 6, 1640051987 ,115 
1641159639.563651 ### DEBUG: BLE START SCANNING called
1641159639.663317 ### RSSI: -66, 34, 1640051987 ,117 
1641159639.663669 ### DEBUG: BLE START SCANNING called
1641159639.764982 ### RSSI: -58, 19, 1640051987 ,118 
1641159639.765286 ### DEBUG: BLE START SCANNING called
1641159639.832630 ### DEBUG: Ticks: 119, 15, 1 
1641159639.832922 1640051987 c0:98:e5:42:00:29 480 
1641159639.833109 -102 -99 -94 -92 -78 -51 -46 -42 -40 -28 -26 -12 -6 -6 -3 
1641159639.833308 0 14 22 23 33 41 56 65 70 123 131 136 149 170 228 
1641159639.833522 ### DEBUG: BLE START SCANNING called
1641159640.005636 ### DEBUG: BLE START SCANNING called
1641159640.760063 ### RSSI: -56, 23, 1640051988 ,134 
1641159640.760336 ### DEBUG: BLE START SCANNING called
1641159640.828487 ### DEBUG: Ticks: 135, 16, 1 
1641159640.828810 1640051988 c0:98:e5:42:00:29 645 
1641159640.829870 216 228 234 251 269 270 275 279 279 287 293 298 299 301 302 
1641159640.830283 306 312 332 343 348 362 391 391 395 401 404 418 425 479 480 
1641159640.830790 ### DEBUG: BLE START SCANNING called
1641159641.011062 ### DEBUG: BLE START SCANNING called
1641159641.762596 ### RSSI: -60, 21, 1640051988 ,149 
1641159641.762860 ### DEBUG: BLE START SCANNING called
1641159641.829823 ### DEBUG: Ticks: 150, 15, 1 
1641159641.830100 1640051989 c0:98:e5:42:00:29 677 
1641159641.830288 261 275 278 288 290 296 302 326 329 332 338 338 350 356 368 
1641159641.830453 371 378 381 382 383 384 388 395 407 407 413 432 460 492 552 
1641159641.831497 ### DEBUG: BLE START SCANNING called
1641159642.762304 ### RSSI: -57, 2, 1640051990 ,165 
1641159642.830798 ### DEBUG: Ticks: 166, 16, 1 
1641159642.831028 1640051990 c0:98:e5:42:00:29 897 
1641159642.831166 496 500 507 526 543 545 550 550 552 552 562 566 575 581 583 
1641159642.832036 588 588 592 592 592 592 592 601 602 606 609 617 634 644 806 
1641159643.762003 ### RSSI: -53, 32, 1640051991 ,181 
1641159643.830969 ### DEBUG: Ticks: 182, 16, 1 
1641159643.831622 1640051991 c0:98:e5:42:00:29 1319 
1641159643.831780 792 821 828 829 846 850 850 852 860 862 865 875 882 882 887 
1641159643.831900 889 890 896 898 902 907 909 909 911 913 914 933 954 986 991 
1641159644.755400 ### RSSI: -56, 24, 1640051992 ,196 
1641159644.834456 ### DEBUG: Ticks: 197, 15, 1 
1641159644.834678 1640051992 c0:98:e5:42:00:29 1932 
1641159644.834822 1473 1511 1513 1527 1527 1532 1546 1548 1548 1558 1560 1569 1581 1584 1584 
1641159644.834961 1586 1588 1590 1590 1595 1600 1605 1611 1612 1631 1635 1635 1642 1696 1719 
1641159645.759925 ### RSSI: -58, 19, 1640051993 ,212 
1641159645.829559 ### DEBUG: Ticks: 213, 16, 1 
1641159645.832070 1640051993 c0:98:e5:42:00:29 1986 
1641159645.835832 1518 1526 1531 1539 1539 1540 1542 1549 1554 1567 1575 1581 1581 1581 1584 
1641159645.838164 1586 1589 1593 1608 1608 1609 1611 1614 1616 1622 1624 1646 1648 1655 1679 
1641159646.765496 ### RSSI: -59, 32, 1640051994 ,227 
1641159646.830848 ### DEBUG: Ticks: 229, 16, 1 
1641159646.831104 1640051994 c0:98:e5:42:00:29 2049 
1641159646.831278 1644 1658 1665 1694 1695 1695 1697 1698 1698 1699 1702 1702 1705 1706 1716 
1641159646.831441 1723 1723 1725 1735 1742 1743 1747 1750 1757 1766 1767 1772 1780 1786 1841 
1641159647.753502 ### RSSI: -60, 22, 1640051995 ,243 
1641159647.832772 ### DEBUG: Ticks: 244, 15, 1 
1641159647.833064 1640051995 c0:98:e5:42:00:29 2003 
1641159647.833246 1578 1579 1582 1583 1585 1612 1620 1628 1637 1639 1640 1642 1643 1643 1646 
1641159647.833502 1655 1658 1660 1661 1662 1664 1670 1675 1677 1679 1679 1681 1699 1725 1725 
1641159648.755237 ### RSSI: -57, 12, 1640051996 ,259 
1641159648.836688 ### DEBUG: Ticks: 260, 16, 1 
1641159648.836974 1640051996 c0:98:e5:42:00:29 1838 
1641159648.837222 1380 1420 1434 1436 1438 1438 1443 1455 1456 1469 1479 1479 1480 1481 1482 
1641159648.837409 1496 1500 1508 1521 1523 1524 1532 1533 1536 1536 1549 1564 1565 1595 1600 
1641159649.755977 ### RSSI: -58, 19, 1640051997 ,274 
1641159649.836010 ### DEBUG: Ticks: 275, 15, 1 
1641159649.836335 1640051997 c0:98:e5:42:00:29 1521 
1641159649.836518 1029 1034 1054 1063 1068 1081 1089 1100 1102 1104 1108 1109 1122 1124 1130 
1641159649.836731 1140 1140 1141 1142 1147 1148 1152 1153 1156 1159 1160 1193 1194 1198 1205 
1641159650.762436 ### RSSI: -54, 14, 1640051998 ,290 
1641159650.828791 ### DEBUG: Ticks: 291, 16, 1 
1641159650.829035 1640051998 c0:98:e5:42:00:29 1150 
1641159650.829198 787 788 813 813 814 815 823 826 844 850 864 871 877 885 889 
1641159650.829374 893 902 912 912 913 914 934 934 948 954 960 967 969 979 1198 
1641159651.757079 ### RSSI: -62, 30, 1640051999 ,306 
1641159651.834587 ### DEBUG: Ticks: 307, 16, 1 
1641159651.834869 1640051999 c0:98:e5:42:00:29 804 
1641159651.835064 343 377 378 378 391 400 400 408 428 432 444 445 448 450 453 
1641159651.835319 458 466 468 476 479 487 489 494 498 509 510 522 560 571 701 
1641159652.756044 ### RSSI: -65, 27, 1640052000 ,321 
1641159652.835335 ### DEBUG: Ticks: 322, 15, 1 
1641159652.835754 1640052000 c0:98:e5:42:00:29 809 
1641159652.835936 424 441 450 476 476 478 484 488 493 494 496 500 506 513 514 
1641159652.836141 519 524 534 538 551 555 570 576 634 644 658 670 671 773 811 
1641159653.762826 ### RSSI: -61, 2, 1640052001 ,337 
1641159653.831612 ### DEBUG: Ticks: 338, 16, 1 
1641159653.831916 1640052001 c0:98:e5:42:00:29 920 
1641159653.832083 494 532 565 569 572 590 595 603 609 615 624 625 640 641 641 
1641159653.832238 648 661 672 675 679 683 690 698 731 736 775 795 807 844 855 
1641159654.760084 ### RSSI: -59, 7, 1640052002 ,352 
1641159654.837898 ### DEBUG: Ticks: 354, 16, 1 
1641159654.838111 1640052002 c0:98:e5:42:00:29 773 
1641159654.838257 296 314 322 341 342 348 371 371 379 381 398 399 403 404 409 
1641159654.838406 411 413 419 424 429 431 433 438 453 484 490 514 527 555 601 
1641159655.760744 ### RSSI: -60, 30, 1640052003 ,368 
1641159655.829469 ### DEBUG: Ticks: 369, 15, 1 
1641159655.829814 1640052003 c0:98:e5:42:00:29 872 
1641159655.829975 446 456 508 518 519 526 527 528 531 531 538 539 540 542 545 
1641159655.830138 546 546 555 566 572 578 591 598 606 607 612 614 658 668 754 
1641159656.761410 ### RSSI: -57, 8, 1640052004 ,384 
1641159657.757516 ### RSSI: -57, 32, 1640052005 ,399 
1641159658.763851 ### RSSI: -63, 34, 1640052006 ,415 
1641159659.759195 ### RSSI: -61, 0, 1640052007 ,430 
1641159660.756264 ### RSSI: -65, 27, 1640052008 ,446 
1641159660.837255 ### DEBUG: Ticks: 447, 78, 1 
1641159660.838014 1640052008 c0:98:e5:42:00:29 2034 
1641159660.838179 1568 1572 1576 1585 1594 1598 1619 1620 1628 1629 1629 1633 1635 1638 1641 
1641159660.838350 1642 1655 1656 1662 1668 1672 1676 1680 1680 1684 1685 1688 1695 1705 1725 
1641159661.757676 ### RSSI: -63, 10, 1640052009 ,462 
1641159661.836655 ### DEBUG: Ticks: 463, 16, 1 
1641159661.836985 1640052009 c0:98:e5:42:00:29 1974 
1641159661.837167 1545 1555 1566 1580 1582 1582 1585 1593 1593 1596 1615 1620 1621 1621 1626 
1641159661.837330 1627 1628 1630 1638 1644 1650 1651 1666 1672 1673 1676 1686 1690 1691 1843 
1641159662.759972 ### RSSI: -61, 36, 1640052010 ,477 
1641159662.837064 ### DEBUG: Ticks: 478, 15, 1 
1641159662.838304 1640052010 c0:98:e5:42:00:29 1806 
1641159662.838551 1322 1323 1325 1327 1328 1339 1352 1353 1362 1365 1367 1378 1383 1385 1387 
1641159662.838804 1387 1388 1391 1410 1412 1412 1418 1424 1425 1436 1456 1457 1462 1472 1498 
1641159663.758127 ### RSSI: -64, 2, 1640052011 ,493 
1641159663.830242 ### DEBUG: Ticks: 494, 16, 1 
1641159663.830421 1640052011 c0:98:e5:42:00:29 1375 
1641159663.830521 886 891 897 909 910 914 916 922 934 939 941 945 955 955 957 
1641159663.830624 957 958 965 974 982 985 986 993 1001 1010 1014 1017 1025 1061 1203 
1641159664.753659 ### RSSI: -54, 30, 1640052012 ,509 
1641159664.834155 ### DEBUG: Ticks: 510, 16, 1 
1641159664.834412 1640052012 c0:98:e5:42:00:29 880 
1641159664.834571 454 455 462 466 470 489 495 497 497 509 510 511 511 512 521 
1641159664.834751 527 527 528 534 536 543 544 547 552 554 557 562 590 594 762 
1641159665.757534 ### RSSI: -58, 26, 1640052012 ,524 
1641159665.826502 ### DEBUG: Ticks: 525, 15, 1 
1641159665.839297 1640052013 c0:98:e5:42:00:29 582 
1641159665.839654 92 100 110 131 141 144 145 146 155 160 167 171 173 183 187 
1641159665.839846 188 190 196 203 209 219 226 227 232 234 261 280 285 287 385 
1641159666.755372 ### RSSI: -62, 35, 1640052014 ,540 
1641159666.834660 ### DEBUG: Ticks: 541, 16, 1 
1641159666.834897 1640052014 c0:98:e5:42:00:29 589 
1641159666.835020 84 129 140 153 153 154 157 157 171 172 173 186 187 191 191 
1641159666.835146 201 209 225 232 234 239 266 288 292 297 298 308 313 357 357 
1641159667.759808 ### RSSI: -55, 26, 1640052015 ,555 
1641159667.828131 ### DEBUG: Ticks: 557, 16, 1 
1641159667.828350 1640052015 c0:98:e5:42:00:29 656 
1641159667.840976 207 246 261 272 278 285 295 295 297 325 330 330 331 335 335 
1641159667.841199 336 336 343 353 374 388 398 403 421 423 439 440 441 450 530 
1641159668.757665 ### RSSI: -59, 18, 1640052016 ,571 
1641159668.835665 ### DEBUG: Ticks: 572, 15, 1 
1641159668.835949 1640052016 c0:98:e5:42:00:29 637 
1641159668.836130 187 189 203 227 236 237 237 248 253 269 269 276 279 279 279 
1641159668.836304 286 295 300 302 305 314 320 333 340 355 371 388 389 478 525 
1641159669.759756 ### RSSI: -56, 4, 1640052017 ,587 
1641159669.834802 ### DEBUG: Ticks: 588, 16, 1 
1641159669.835055 1640052017 c0:98:e5:42:00:29 785 
1641159669.835225 326 353 362 363 367 385 387 391 400 400 407 420 426 430 431 
1641159669.835405 432 442 444 446 453 454 462 463 473 484 486 509 517 517 684 
1641159670.755838 ### RSSI: -55, 9, 1640052018 ,602 
1641159670.837618 ### DEBUG: Ticks: 603, 15, 1 
1641159670.837868 1640052018 c0:98:e5:42:00:29 1160 
1641159670.838022 735 752 759 760 764 764 765 770 773 776 776 777 794 795 801 
1641159670.838182 802 804 806 806 813 818 823 824 833 834 861 863 891 901 1040 
1641159671.761677 ### RSSI: -57, 24, 1640052019 ,618 
1641159671.830477 ### DEBUG: Ticks: 619, 16, 1 
1641159671.831335 1640052019 c0:98:e5:42:00:29 1596 
1641159671.831808 1179 1213 1215 1216 1222 1224 1226 1229 1233 1234 1243 1246 1251 1251 1253 
1641159671.832004 1261 1274 1276 1278 1278 1282 1282 1283 1289 1294 1302 1329 1341 1345 1349 
1641159672.756357 ### RSSI: -63, 18, 1640052020 ,634 
1641159672.837060 ### DEBUG: Ticks: 635, 16, 1 
1641159672.837330 1640052020 c0:98:e5:42:00:29 2002 
1641159672.837491 1583 1596 1611 1612 1613 1614 1620 1622 1629 1632 1639 1644 1647 1647 1647 
1641159672.837650 1651 1652 1657 1658 1671 1673 1673 1675 1686 1692 1695 1722 1725 1727 1729 
1641159673.756261 ### RSSI: -58, 30, 1640052021 ,649 
1641159673.835079 ### DEBUG: Ticks: 650, 15, 1 
1641159673.835371 1640052021 c0:98:e5:42:00:29 1988 
1641159673.835663 1586 1619 1625 1638 1642 1644 1655 1655 1669 1673 1674 1675 1678 1679 1682 
1641159673.835854 1684 1688 1688 1692 1706 1707 1713 1714 1715 1716 1722 1739 1767 1767 1795 
1641159674.222892 ### INFO: SD card flushed!
1641159674.757328 ### RSSI: -69, 8, 1640052022 ,665 
1641159674.834455 ### DEBUG: Ticks: 666, 16, 1 
1641159674.836267 1640052022 c0:98:e5:42:00:29 2029 
1641159674.837081 1603 1604 1610 1617 1624 1629 1635 1635 1650 1658 1662 1666 1668 1669 1671 
1641159674.837318 1671 1677 1677 1678 1682 1689 1696 1698 1714 1722 1724 1736 1741 1746 1755 
1641159675.755799 ### RSSI: -58, 22, 1640052023 ,680 
1641159675.831754 ### DEBUG: Ticks: 682, 16, 1 
1641159675.832047 1640052023 c0:98:e5:42:00:29 1877 
1641159675.832355 1397 1399 1408 1409 1424 1428 1429 1440 1441 1445 1448 1449 1465 1468 1473 
1641159675.832539 1474 1480 1487 1491 1491 1496 1501 1501 1504 1505 1515 1516 1519 1539 1546 
1641159676.762868 ### RSSI: -60, 13, 1640052024 ,696 
1641159676.828843 ### DEBUG: Ticks: 697, 15, 1 
1641159676.829045 1640052024 c0:98:e5:42:00:29 1787 
1641159676.829181 1392 1421 1422 1435 1436 1436 1440 1442 1448 1452 1458 1462 1471 1478 1487 
1641159676.829503 1488 1489 1495 1497 1497 1504 1507 1519 1536 1540 1540 1542 1543 1575 1581 
1641159677.756668 ### RSSI: -57, 14, 1640052025 ,712 
1641159677.834882 ### DEBUG: Ticks: 713, 16, 1 
1641159677.835094 1640052025 c0:98:e5:42:00:29 1386 
1641159677.835227 985 991 996 1002 1009 1029 1030 1044 1046 1048 1055 1059 1066 1069 1070 
1641159677.835345 1074 1079 1080 1084 1084 1091 1091 1094 1096 1096 1118 1118 1122 1153 1161 
1641159678.762503 ### RSSI: -56, 3, 1640052026 ,727 
1641159678.835423 ### DEBUG: Ticks: 728, 15, 1 
1641159678.835841 1640052026 c0:98:e5:42:00:29 899 
1641159678.836022 381 400 406 408 409 414 418 419 430 434 435 436 441 447 452 
1641159678.836208 453 453 454 458 459 461 469 480 484 490 491 493 516 534 701 
1641159679.753204 ### RSSI: -65, 24, 1640052027 ,743 
1641159679.829733 ### DEBUG: Ticks: 744, 16, 1 
1641159679.829891 1640052027 c0:98:e5:42:00:29 737 
1641159679.829974 266 274 277 277 315 317 324 329 330 347 353 355 356 358 371 
1641159679.830073 375 382 383 387 402 404 410 419 426 441 450 464 542 583 635 
1641159680.762473 ### RSSI: -61, 11, 1640052028 ,758 
1641159680.830675 ### DEBUG: Ticks: 760, 16, 1 
1641159680.830934 1640052028 c0:98:e5:42:00:29 749 
1641159680.831103 375 389 397 413 419 424 430 437 437 452 454 456 465 467 487 
1641159680.831266 489 498 508 508 511 514 520 523 542 586 589 596 621 628 739 
1641159681.756442 ### RSSI: -61, 35, 1640052029 ,774 
1641159682.756609 ### RSSI: -65, 13, 1640052030 ,790 
1641159683.753392 ### RSSI: -57, 24, 1640052031 ,805 
1641159683.832298 ### DEBUG: Ticks: 806, 46, 1 
1641159683.833739 1640052031 c0:98:e5:42:00:29 1010 
1641159683.834220 641 661 667 669 674 674 680 684 686 689 689 690 699 701 706 
1641159683.834434 706 706 713 726 730 731 737 741 741 742 765 771 785 799 1000 
1641159684.757283 ### RSSI: -57, 0, 1640052032 ,821 
1641159684.836829 ### DEBUG: Ticks: 822, 16, 1 
1641159684.837110 1640052032 c0:98:e5:42:00:29 1485 
1641159684.837302 1059 1079 1085 1094 1096 1099 1101 1125 1133 1136 1142 1145 1151 1161 1161 
1641159684.837488 1167 1175 1176 1176 1184 1186 1189 1196 1202 1224 1227 1238 1241 1247 1281 
1641159685.756049 ### RSSI: -60, 13, 1640052033 ,837 
1641159685.837504 ### DEBUG: Ticks: 838, 16, 1 
1641159685.837708 1640052033 c0:98:e5:42:00:29 1918 
1641159685.837836 1477 1504 1509 1516 1521 1528 1531 1531 1534 1536 1537 1538 1542 1548 1553 
1641159685.837960 1555 1556 1557 1557 1582 1587 1594 1597 1603 1606 1616 1628 1630 1631 1653 
1641159686.752651 ### RSSI: -61, 19, 1640052034 ,852 
1641159686.831195 ### DEBUG: Ticks: 853, 15, 1 
1641159686.832085 1640052034 c0:98:e5:42:00:29 2079 
1641159686.832262 1601 1602 1608 1610 1614 1615 1624 1632 1639 1643 1644 1644 1656 1660 1661 
1641159686.832378 1672 1673 1675 1675 1681 1686 1691 1691 1697 1705 1713 1732 1739 1743 1746 
1641159687.752418 ### RSSI: -59, 35, 1640052035 ,868 
1641159687.831192 ### DEBUG: Ticks: 869, 16, 1 
1641159687.831393 1640052035 c0:98:e5:42:00:29 2047 
1641159687.831626 1634 1647 1668 1677 1677 1681 1686 1695 1714 1727 1730 1731 1741 1747 1750 
1641159687.831760 1753 1755 1756 1762 1772 1772 1781 1781 1785 1793 1796 1796 1802 1818 1843 
1641159688.756564 ### RSSI: -58, 34, 1640052036 ,883 
1641159688.830162 ### DEBUG: Ticks: 885, 16, 1 
1641159688.830445 1640052036 c0:98:e5:42:00:29 1877 
1641159688.830683 1376 1384 1407 1415 1419 1423 1426 1433 1437 1440 1440 1443 1443 1450 1451 
1641159688.830868 1452 1459 1461 1472 1472 1480 1488 1490 1493 1497 1502 1510 1534 1535 1551 
1641159689.763070 ### RSSI: -58, 3, 1640052036 ,899 
1641159689.829489 ### DEBUG: Ticks: 900, 15, 1 
1641159689.829697 1640052037 c0:98:e5:42:00:29 1872 
1641159689.829849 1411 1415 1426 1433 1436 1456 1457 1461 1462 1472 1472 1481 1481 1484 1489 
1641159689.829989 1493 1493 1505 1514 1517 1524 1525 1527 1531 1542 1543 1567 1568 1573 1573 
1641159690.755203 ### RSSI: -56, 5, 1640052038 ,915 
1641159690.830859 ### DEBUG: Ticks: 916, 16, 1 
1641159690.831126 1640052038 c0:98:e5:42:00:29 1482 
1641159690.831285 1085 1094 1104 1111 1118 1119 1122 1131 1133 1142 1144 1151 1155 1159 1164 
1641159690.831463 1172 1183 1188 1192 1194 1196 1200 1203 1222 1223 1228 1245 1256 1256 1470 
1641159691.761513 ### RSSI: -57, 23, 1640052039 ,930 
1641159691.829535 ### DEBUG: Ticks: 931, 15, 1 
1641159691.829768 1640052039 c0:98:e5:42:00:29 1026 
1641159691.829903 566 585 595 617 624 632 633 637 648 650 657 663 666 668 669 
1641159691.830043 683 683 688 688 694 702 706 709 711 711 717 723 726 727 949 
1641159692.754963 ### RSSI: -63, 33, 1640052040 ,946 
1641159692.825307 ### ERROR: Failed reading SquarePoint packet length
1641159693.757397 ### RSSI: -60, 10, 1640052041 ,962 
1641159694.753406 ### RSSI: -56, 23, 1640052042 ,977 
1641159694.833540 ### DEBUG: Ticks: 978, 47, 1 
1641159694.834399 1640052042 c0:98:e5:42:00:29 646 
1641159694.834739 188 201 202 250 252 254 257 265 267 268 280 287 300 309 309 
1641159694.834898 320 321 325 352 372 375 378 384 387 400 401 424 432 496 544 
1641159695.754395 ### RSSI: -58, 4, 1640052043 ,993 
1641159695.835884 ### DEBUG: Ticks: 994, 16, 1 
1641159695.836060 1640052043 c0:98:e5:42:00:29 717 
1641159695.836158 229 281 290 293 298 299 300 309 310 313 315 326 327 338 353 
1641159695.836257 355 363 368 371 374 379 382 384 390 391 432 436 448 471 620 
1641159696.761228 ### RSSI: -56, 1, 1640052044 ,1008 
1641159696.828674 ### DEBUG: Ticks: 1010, 16, 1 
1641159696.828920 1640052044 c0:98:e5:42:00:29 884 
1641159696.829096 471 500 510 515 523 528 536 537 543 551 564 565 566 568 574 
1641159696.842278 576 580 584 584 590 591 592 603 619 622 628 631 651 652 843 
1641159697.761648 ### RSSI: -54, 22, 1640052045 ,1024 
1641159697.829238 ### DEBUG: Ticks: 1025, 15, 1 
1641159697.830782 1640052045 c0:98:e5:42:00:29 1465 
1641159697.841172 1067 1074 1081 1092 1099 1109 1109 1112 1116 1116 1118 1119 1124 1126 1128 
1641159697.841366 1137 1143 1147 1149 1151 1154 1183 1189 1193 1194 1199 1204 1213 1247 1459 
1641159698.758918 ### RSSI: -60, 0, 1640052046 ,1040 
1641159698.829533 ### DEBUG: Ticks: 1041, 16, 1 
1641159698.829748 1640052046 c0:98:e5:42:00:29 1940 
1641159698.829882 1483 1493 1510 1521 1521 1524 1532 1537 1540 1543 1551 1560 1564 1564 1578 
1641159698.843100 1580 1580 1589 1597 1597 1601 1601 1602 1606 1612 1616 1635 1652 1654 1673 
1641159699.752667 ### RSSI: -67, 4, 1640052047 ,1055 
1641159699.832415 ### DEBUG: Ticks: 1056, 15, 1 
1641159699.832710 1640052047 c0:98:e5:42:00:29 2078 
1641159699.832938 1622 1622 1642 1645 1653 1660 1662 1671 1672 1682 1686 1693 1695 1696 1700 
1641159699.833128 1704 1705 1707 1708 1712 1712 1719 1726 1732 1745 1747 1751 1766 1767 1793 
1641159700.760860 ### RSSI: -60, 25, 1640052048 ,1071 
1641159700.834406 ### DEBUG: Ticks: 1072, 16, 1 
1641159700.834574 1640052048 c0:98:e5:42:00:29 2023 
1641159700.834681 1490 1511 1512 1519 1529 1539 1545 1548 1551 1551 1555 1556 1557 1564 1564 
1641159700.834777 1565 1572 1576 1582 1582 1590 1598 1602 1602 1622 1628 1632 1636 1689 1696 
1641159701.754375 ### RSSI: -62, 20, 1640052049 ,1086 
1641159701.833862 ### DEBUG: Ticks: 1088, 16, 1 
1641159701.836154 1640052049 c0:98:e5:42:00:29 2070 
1641159701.837445 1700 1710 1713 1714 1716 1731 1734 1752 1753 1755 1756 1756 1762 1763 1769 
1641159701.837734 1774 1776 1781 1782 1794 1796 1804 1805 1809 1814 1826 1827 1828 1832 1856 
1641159702.753376 ### RSSI: -57, 23, 1640052050 ,1102 
1641159702.832100 ### DEBUG: Ticks: 1103, 15, 1 
1641159702.832343 1640052050 c0:98:e5:42:00:29 1941 
1641159702.832509 1475 1491 1503 1521 1526 1526 1526 1528 1540 1543 1547 1554 1557 1561 1564 
1641159702.832675 1571 1571 1571 1575 1578 1580 1580 1594 1594 1594 1597 1604 1613 1625 1636 
1641159703.760152 ### RSSI: -55, 33, 1640052051 ,1118 
1641159703.824762 ### ERROR: Failed reading SquarePoint packet length
1641159704.751597 ### RSSI: -57, 35, 1640052052 ,1133 
1641159705.755297 ### RSSI: -63, 28, 1640052053 ,1149 
1641159705.832865 ### DEBUG: Ticks: 1150, 47, 1 
1641159705.834915 1640052053 c0:98:e5:42:00:29 825 
1641159705.836860 364 399 400 423 430 437 439 440 443 450 450 452 455 456 461 
1641159705.837131 462 472 476 487 493 494 510 513 515 522 526 528 533 534 730 
1641159706.751816 ### RSSI: -64, 17, 1640052054 ,1165 
1641159706.830085 ### DEBUG: Ticks: 1166, 16, 1 
1641159706.830300 1640052054 c0:98:e5:42:00:29 775 
1641159706.830431 304 304 311 343 345 346 349 356 364 377 377 392 396 397 404 
1641159706.830557 417 422 424 438 440 442 443 447 451 454 471 486 499 544 566 
1641159707.751172 ### RSSI: -68, 2, 1640052055 ,1180 
1641159707.830309 ### DEBUG: Ticks: 1181, 15, 1 
1641159707.830603 1640052055 c0:98:e5:42:00:29 753 
1641159707.841027 323 336 337 344 360 368 371 372 375 381 389 395 412 413 442 
1641159707.841308 444 450 451 468 473 473 477 497 510 520 573 595 605 615 629 
1641159708.759597 ### RSSI: -64, 4, 1640052056 ,1196 
1641159708.837514 ### DEBUG: Ticks: 1197, 16, 1 
1641159708.837765 1640052056 c0:98:e5:42:00:29 720 
1641159708.837903 271 289 299 301 303 317 318 322 322 325 329 343 352 355 361 
1641159708.838030 365 367 391 397 411 422 426 428 429 443 456 463 483 530 559 
1641159709.756371 ### RSSI: -61, 32, 1640052057 ,1211 
1641159709.834480 ### DEBUG: Ticks: 1213, 16, 1 
1641159709.834666 1640052057 c0:98:e5:42:00:29 856 
1641159709.834766 380 390 409 426 428 432 434 434 436 439 446 450 465 471 475 
1641159709.834885 481 487 494 510 515 519 524 524 532 532 532 547 548 550 697 
1641159710.754510 ### RSSI: -53, 6, 1640052058 ,1227 
1641159710.834706 ### DEBUG: Ticks: 1228, 15, 1 
1641159710.834934 1640052058 c0:98:e5:42:00:29 1105 
1641159710.835079 643 645 649 650 654 667 669 670 684 690 697 703 711 714 723 
1641159710.835209 727 728 729 730 733 737 738 745 764 766 767 770 775 785 980 
1641159711.754269 ### RSSI: -59, 23, 1640052059 ,1243 
1641159711.832881 ### DEBUG: Ticks: 1244, 16, 1 
1641159711.834488 1640052059 c0:98:e5:42:00:29 1560 
1641159711.835825 1029 1054 1088 1106 1124 1125 1128 1131 1141 1141 1143 1153 1158 1159 1171 
1641159711.836064 1172 1174 1177 1180 1182 1187 1187 1199 1200 1200 1212 1214 1220 1242 1242 
1641159712.758122 ### RSSI: -64, 29, 1640052060 ,1258 
1641159712.834461 ### DEBUG: Ticks: 1259, 15, 1 
1641159712.837400 1640052060 c0:98:e5:42:00:29 2068 
1641159712.838052 1610 1620 1625 1637 1645 1649 1657 1660 1662 1664 1678 1688 1688 1689 1694 
1641159712.838302 1698 1699 1704 1705 1711 1715 1715 1730 1736 1740 1743 1745 1778 1780 0 
1641159713.760746 ### RSSI: -61, 24, 1640052061 ,1274 
1641159713.829750 ### DEBUG: Ticks: 1275, 16, 1 
1641159713.830052 1640052061 c0:98:e5:42:00:29 2118 
1641159713.842664 1662 1666 1680 1686 1696 1700 1705 1707 1709 1710 1717 1717 1728 1734 1736 
1641159713.842947 1737 1738 1743 1744 1751 1753 1755 1763 1763 1767 1773 1778 1782 1787 1836 
1641159714.198817 ### INFO: SD card flushed!
1641159714.760454 ### RSSI: -62, 14, 1640052062 ,1290 
1641159714.826107 ### ERROR: Failed reading SquarePoint packet length
1641159715.751234 ### RSSI: -60, 20, 1640052063 ,1305 
1641159716.750808 ### RSSI: -56, 17, 1640052064 ,1321 
1641159716.829910 ### DEBUG: Ticks: 1322, 47, 1 
1641159716.830200 1640052064 c0:98:e5:42:00:29 1776 
1641159716.830396 1318 1322 1340 1344 1354 1357 1367 1368 1373 1373 1382 1383 1390 1392 1393 
1641159716.842269 1393 1404 1410 1421 1424 1426 1435 1438 1446 1450 1455 1456 1484 1490 1500 
1641159717.752263 ### RSSI: -58, 3, 1640052065 ,1336 
1641159717.831582 ### DEBUG: Ticks: 1338, 16, 1 
1641159717.831746 1640052065 c0:98:e5:42:00:29 1521 
1641159717.831844 1125 1145 1156 1169 1175 1178 1187 1187 1190 1193 1195 1197 1205 1207 1207 
1641159717.831953 1220 1228 1229 1233 1256 1258 1266 1279 1296 1303 1306 1309 1311 1524 0 
1641159718.755836 ### RSSI: -56, 12, 1640052066 ,1352 
1641159718.831923 ### DEBUG: Ticks: 1353, 15, 1 
1641159718.832231 1640052066 c0:98:e5:42:00:29 1053 
1641159718.832412 622 629 655 670 673 676 677 680 684 688 692 698 715 715 728 
1641159718.832603 729 730 731 732 734 734 735 737 739 743 744 763 777 780 971 
1641159719.755418 ### RSSI: -65, 30, 1640052067 ,1368 
1641159719.832445 ### DEBUG: Ticks: 1369, 16, 1 
1641159719.832666 1640052067 c0:98:e5:42:00:29 686 
1641159719.832796 189 202 217 221 224 225 227 240 250 255 258 277 288 289 293 
1641159719.832956 295 298 303 306 309 327 328 331 336 342 350 354 378 408 524 
1641159720.752637 ### RSSI: -56, 8, 1640052068 ,1383 
1641159720.831315 ### DEBUG: Ticks: 1384, 15, 1 
1641159720.832203 1640052068 c0:98:e5:42:00:29 641 
1641159720.832373 214 215 219 246 253 255 263 266 269 273 275 276 286 288 296 
1641159720.840947 299 300 308 309 310 348 349 351 353 380 399 419 437 500 505 
1641159721.753839 ### RSSI: -56, 24, 1640052069 ,1399 
1641159721.830808 ### DEBUG: Ticks: 1400, 16, 1 
1641159721.831040 1640052069 c0:98:e5:42:00:29 649 
1641159721.831177 177 187 203 206 213 223 230 246 249 254 259 273 285 288 289 
1641159721.831318 301 309 313 314 333 339 341 343 347 356 367 379 388 399 432 
1641159722.760546 ### RSSI: -58, 15, 1640052070 ,1414 
1641159722.831485 ### DEBUG: Ticks: 1416, 16, 1 
1641159722.832812 1640052070 c0:98:e5:42:00:29 703 
1641159722.834369 234 255 266 284 297 298 306 310 315 322 330 339 341 346 346 
1641159722.834548 348 351 352 354 358 368 378 385 386 388 393 418 428 434 550 
1641159723.754184 ### RSSI: -53, 32, 1640052071 ,1430 
1641159723.830756 ### DEBUG: Ticks: 1431, 15, 1 
1641159723.831014 1640052071 c0:98:e5:42:00:29 943 
1641159723.831167 477 484 516 521 526 528 529 540 545 549 550 554 559 561 563 
1641159723.831326 573 573 582 582 594 597 599 599 605 613 615 631 632 632 833 
1641159724.751987 ### RSSI: -55, 21, 1640052072 ,1446 
1641159724.830062 ### DEBUG: Ticks: 1447, 16, 1 
1641159724.830267 1640052072 c0:98:e5:42:00:29 1329 
1641159724.840846 858 860 860 872 890 892 893 900 901 904 916 919 920 923 934 
1641159724.841061 946 948 952 956 957 957 964 966 967 986 994 998 1010 1016 1028 
1641159725.757700 ### RSSI: -64, 10, 1640052073 ,1461 
1641159725.832387 ### ERROR: Failed reading SquarePoint packet length
1641159726.755160 ### RSSI: -69, 6, 1640052074 ,1477 
1641159727.757928 ### RSSI: -61, 30, 1640052075 ,1493 
1641159727.835952 ### DEBUG: Ticks: 1494, 47, 1 
1641159727.837071 1640052075 c0:98:e5:42:00:29 2047 
1641159727.837608 1567 1578 1602 1609 1614 1620 1626 1635 1640 1641 1641 1642 1648 1650 1660 
1641159727.837754 1666 1666 1670 1675 1676 1680 1688 1690 1695 1695 1702 1707 1710 1742 1767 
1641159728.763305 ### RSSI: -61, 13, 1640052076 ,1508 
1641159728.835431 ### DEBUG: Ticks: 1509, 15, 1 
1641159728.835691 1640052076 c0:98:e5:42:00:29 2084 
1641159728.835840 1695 1707 1711 1725 1734 1736 1743 1747 1748 1750 1754 1754 1757 1761 1767 
1641159728.835965 1771 1774 1777 1782 1782 1799 1800 1800 1805 1808 1818 1822 1827 1828 1846 
1641159729.757706 ### RSSI: -59, 34, 1640052077 ,1524 
1641159729.832951 ### DEBUG: Ticks: 1525, 16, 1 
1641159729.833145 1640052077 c0:98:e5:42:00:29 2057 
1641159729.833262 1576 1594 1607 1613 1615 1618 1629 1632 1633 1635 1641 1642 1647 1647 1655 
1641159729.833388 1660 1664 1679 1701 1704 1705 1710 1712 1725 1726 1731 1755 1757 1763 1779 
1641159730.759060 ### RSSI: -59, 27, 1640052078 ,1539 
1641159730.836305 ### DEBUG: Ticks: 1541, 16, 1 
1641159730.836574 1640052078 c0:98:e5:42:00:29 2046 
1641159730.836720 1532 1544 1557 1566 1577 1578 1593 1595 1608 1611 1613 1621 1621 1625 1627 
1641159730.836887 1628 1629 1629 1630 1638 1646 1646 1647 1656 1658 1662 1687 1689 1694 1720 
1641159731.758816 ### RSSI: -61, 0, 1640052079 ,1555 
1641159731.834267 ### DEBUG: Ticks: 1556, 15, 1 
1641159731.834466 1640052079 c0:98:e5:42:00:29 1920 
1641159731.834724 1469 1469 1478 1483 1498 1501 1502 1510 1511 1513 1522 1535 1535 1535 1537 
1641159731.834989 1544 1562 1564 1565 1565 1573 1573 1599 1601 1607 1618 1623 1642 1652 1656 
1641159732.754219 ### RSSI: -63, 36, 1640052080 ,1571 
1641159732.831145 ### DEBUG: Ticks: 1572, 16, 1 
1641159732.831396 1640052080 c0:98:e5:42:00:29 1521 
1641159732.843309 1031 1032 1040 1055 1067 1068 1070 1074 1082 1083 1087 1099 1100 1112 1117 
1641159732.844221 1124 1124 1125 1125 1126 1127 1134 1143 1149 1165 1172 1173 1177 1187 1272 
1641159733.752856 ### RSSI: -61, 13, 1640052081 ,1586 
1641159733.829590 ### DEBUG: Ticks: 1587, 15, 1 
1641159733.829773 1640052081 c0:98:e5:42:00:29 1100 
1641159733.829891 688 693 722 724 730 733 742 743 750 755 761 767 769 771 776 
1641159733.842551 784 787 795 805 818 822 823 829 851 856 875 892 899 912 979 
1641159734.757347 ### RSSI: -52, 19, 1640052082 ,1602 
1641159734.836844 ### DEBUG: Ticks: 1603, 16, 1 
1641159734.836987 1640052082 c0:98:e5:42:00:29 531 
1641159734.837347 136 137 138 142 145 147 154 156 158 162 168 173 180 183 183 
1641159734.839780 199 201 203 205 212 221 230 237 242 249 255 263 269 311 396 
1641159735.750465 ### RSSI: -55, 23, 1640052083 ,1618 
1641159735.827435 ### DEBUG: Ticks: 1619, 16, 1 
1641159735.840009 1640052083 c0:98:e5:42:00:29 216 
1641159735.840207 -271 -227 -225 -223 -222 -207 -203 -198 -185 -181 -174 -165 -158 -152 -150 
1641159735.840512 -149 -148 -147 -145 -143 -142 -127 -127 -119 -116 -113 -113 -24 -11 18 
1641159736.751917 ### RSSI: -52, 10, 1640052084 ,1633 
1641159736.832899 ### ERROR: Failed reading SquarePoint packet length
1641159737.759128 ### RSSI: -61, 25, 1640052085 ,1649 
1641159738.757510 ### RSSI: -55, 33, 1640052086 ,1664 
1641159738.836323 ### DEBUG: Ticks: 1666, 47, 1 
1641159738.836580 1640052086 c0:98:e5:42:00:29 228 
1641159738.836745 -302 -300 -258 -252 -242 -237 -234 -234 -231 -229 -227 -218 -217 -207 -205 
1641159738.836904 -200 -199 -196 -190 -178 -176 -170 -157 -155 -130 -119 -93 -57 -34 -3 
1641159739.757383 ### RSSI: -58, 31, 1640052087 ,1680 
1641159739.834611 ### DEBUG: Ticks: 1681, 15, 1 
1641159739.834906 1640052087 c0:98:e5:42:00:29 247 
1641159739.835099 -300 -297 -274 -262 -243 -237 -236 -228 -222 -221 -209 -209 -207 -198 -195 
1641159739.835285 -194 -189 -188 -187 -184 -181 -178 -176 -167 -163 -130 -104 -73 -58 -39 
