1641154714.565500 ###RTT Client: ************************************************************ 
1641154714.565956 ###RTT Client: *               SEGGER Microcontroller GmbH                * 
1641154714.566144 ###RTT Client: *   Solutions for real time microcontroller applications   * 
1641154714.566310 ###RTT Client: ************************************************************ 
1641154714.566426 ###RTT Client: *                                                          * 
1641154714.566469 ###RTT Client: *       (c) 2012 - 2016  SEGGER Microcontroller GmbH       * 
1641154714.566508 ###RTT Client: *                                                          * 
1641154714.566549 ###RTT Client: *     www.segger.com     Support: support@segger.com       * 
1641154714.566589 ###RTT Client: *                                                          * 
1641154714.566740 ###RTT Client: ************************************************************ 
1641154714.566903 ###RTT Client: *                                                          * 
1641154714.567048 ###RTT Client: * SEGGER J-Link RTT Client   Compiled Jan 30 2018 18:46:58 * 
1641154714.567130 ###RTT Client: *                                                          * 
1641154714.567239 ###RTT Client: ************************************************************ 
1641154714.567346 
1641154714.567607 ###RTT Client: -----------------------------------------------
1641154714.567658 ###RTT Client: Connecting to J-Link RTT Server via localhost:9201  Connected.
1641154714.567767 SEGGER J-Link V6.30 - Real time terminal output
1641154714.567877 J-Link EDU Mini V1 compiled Oct 22 2019 16:28:45 V1.0, SN=801021855
1641154714.567992 Process: JLinkExe
1641154714.568100 ### DEBUG: Ticks: 133, 16, 1 
1641154714.568206 1640049898 c0:98:e5:42:00:2c 293 
1641154714.568314 401 462 508 523 526 534 546 555 558 561 566 566 577 577 584 
1641154714.568421 590 592 594 605 608 612 615 623 625 625 627 648 652 652 730 
1641154714.568462 ### RSSI: -60, 15, 1640049899 ,147 
1641154714.568618 ### DEBUG: Ticks: 148, 15, 1 
1641154714.568726 1640049899 c0:98:e5:42:00:2c 252 
1641154714.568836 357 401 420 427 457 460 461 461 476 487 490 490 491 495 503 
1641154714.568943 505 506 508 512 512 513 514 537 551 552 553 554 562 582 593 
1641154714.569079 ### RSSI: -51, 12, 1640049900 ,163 
1641154714.569161 ### DEBUG: Ticks: 164, 16, 1 
1641154714.569268 1640049900 c0:98:e5:42:00:2c 254 
1641154714.569376 399 413 427 428 443 446 449 463 469 473 478 478 481 487 508 
1641154714.569483 509 513 515 518 518 519 523 527 527 538 546 550 556 583 633 
1641154714.569752 ### RSSI: -52, 14, 1640049901 ,178 
1641154714.569839 ### DEBUG: Ticks: 180, 16, 1 
1641154714.569947 1640049901 c0:98:e5:42:00:2c 255 
1641154714.570056 413 434 446 446 450 452 475 481 492 493 497 499 500 504 511 
1641154714.570096 512 517 522 528 529 530 532 542 550 563 570 571 574 603 607 
1641154714.570136 ### RSSI: -50, 5, 1640049901 ,194 
1641154714.570176 ### DEBUG: Ticks: 195, 15, 1 
1641154714.570216 1640049902 c0:98:e5:42:00:2c 265 
1641154714.570256 399 443 465 492 501 506 512 514 515 516 522 522 524 528 529 
1641154714.570295 532 540 540 547 551 557 563 568 570 573 574 576 583 645 648 
1641154714.570335 ### RSSI: -54, 20, 1640049902 ,209 
1641154714.570375 ### DEBUG: Ticks: 211, 16, 1 
1641154714.570415 1640049903 c0:98:e5:42:00:2c 263 
1641154714.570455 388 397 447 458 476 482 494 494 497 500 503 505 505 517 527 
1641154714.570495 528 534 537 539 541 545 551 559 563 572 572 573 579 588 628 
1641154714.570535 ### RSSI: -55, 22, 1640049904 ,225 
1641154714.570574 ### DEBUG: Ticks: 226, 15, 1 
1641154714.570613 1640049904 c0:98:e5:42:00:2c 273 
1641154714.570653 376 414 496 499 508 508 516 516 531 534 542 542 544 546 546 
1641154714.570693 548 553 559 564 578 580 582 584 587 587 604 616 627 643 663 
1641154714.570732 ### RSSI: -50, 0, 1640049905 ,241 
1641154714.570772 ### DEBUG: Ticks: 242, 16, 1 
1641154714.570812 1640049905 c0:98:e5:42:00:2c 283 
1641154714.570851 426 460 492 501 503 506 516 534 534 536 545 552 555 560 567 
1641154714.570891 568 568 569 571 572 578 585 585 591 594 606 609 612 650 678 
1641154714.570931 ### RSSI: -58, 27, 1640049906 ,256 
1641154714.570971 ### DEBUG: Ticks: 258, 16, 1 
1641154714.571010 1640049906 c0:98:e5:42:00:2c 302 
1641154714.571050 455 461 497 543 549 555 577 579 580 587 587 592 593 598 604 
1641154714.571090 604 610 612 613 622 624 632 635 648 650 672 682 689 700 739 
1641154714.571130 ### RSSI: -50, 2, 1640049907 ,272 
1641154714.571169 ### DEBUG: Ticks: 273, 15, 1 
1641154714.571209 1640049907 c0:98:e5:42:00:2c 271 
1641154714.571249 389 438 482 482 495 508 510 512 521 525 530 535 538 539 541 
1641154714.571288 546 546 547 557 557 560 562 572 579 588 591 603 615 617 678 
1641154714.571329 ### RSSI: -60, 30, 1640049908 ,287 
1641154714.571369 ### DEBUG: Ticks: 289, 16, 1 
1641154714.571429 1640049908 c0:98:e5:42:00:2c 275 
1641154714.571469 453 461 470 481 496 508 510 510 512 522 528 539 546 549 550 
1641154714.571510 553 554 557 562 562 563 566 568 569 584 600 606 643 645 681 
1641154714.571550 ### RSSI: -60, 30, 1640049909 ,303 
1641154714.571590 ### DEBUG: Ticks: 305, 16, 1 
1641154714.571630 1640049909 c0:98:e5:42:00:2c 260 
1641154714.571669 415 422 465 468 471 477 495 498 499 502 503 503 508 514 516 
1641154714.571710 527 529 532 534 534 535 537 540 543 547 554 569 588 594 638 
1641154714.571750 ### RSSI: -58, 32, 1640049910 ,319 
1641154714.571789 ### DEBUG: Ticks: 320, 15, 1 
1641154714.571829 1640049910 c0:98:e5:42:00:2c 276 
1641154714.571869 421 444 463 473 489 496 502 514 523 524 525 541 543 545 553 
1641154714.571909 554 557 558 563 565 569 574 584 592 598 600 613 614 662 692 
1641154714.571949 ### RSSI: -62, 29, 1640049911 ,334 
1641154714.571989 ### DEBUG: Ticks: 336, 16, 1 
1641154714.572029 1640049911 c0:98:e5:42:00:2c 305 
1641154714.572069 487 514 557 560 580 585 585 591 594 595 600 600 601 610 611 
1641154714.572109 612 622 625 628 632 636 645 645 656 656 665 680 680 716 736 
1641154714.572149 ### RSSI: -51, 3, 1640049912 ,350 
1641154714.572189 ### DEBUG: Ticks: 351, 15, 1 
1641154714.572229 1640049912 c0:98:e5:42:00:2c 260 
1641154714.572269 402 412 424 451 451 455 479 495 496 496 504 506 509 519 521 
1641154714.572308 523 527 535 538 541 546 549 549 563 564 574 578 592 646 0 
1641154714.572348 ### RSSI: -50, 10, 1640049913 ,366 
1641154714.572388 ### DEBUG: Ticks: 367, 16, 1 
1641154714.572428 1640049913 c0:98:e5:42:00:2c 255 
1641154714.572467 351 375 446 449 454 455 458 462 464 488 493 493 493 501 510 
1641154714.572507 510 514 518 519 520 530 539 546 547 549 550 565 567 595 605 
1641154714.572547 ### RSSI: -51, 11, 1640049914 ,381 
1641154714.572587 ### DEBUG: Ticks: 383, 16, 1 
1641154714.572627 1640049914 c0:98:e5:42:00:2c 264 
1641154714.572671 357 412 458 459 463 470 488 497 501 506 507 509 521 522 526 
1641154714.572711 530 533 535 536 543 545 550 553 553 566 575 578 595 610 636 
1641154714.572990 ### RSSI: -60, 29, 1640049915 ,397 
1641154714.573421 ### DEBUG: Ticks: 398, 15, 1 
1641154714.573482 1640049915 c0:98:e5:42:00:2c 268 
1641154714.573522 384 396 425 466 498 498 498 514 517 518 519 525 532 535 535 
1641154714.573562 540 542 542 545 548 554 562 564 574 577 582 596 601 606 623 
1641154714.573675 ### RSSI: -58, 34, 1640049916 ,412 
1641154714.573716 ### DEBUG: Ticks: 414, 16, 1 
1641154714.573813 1640049916 c0:98:e5:42:00:2c 264 
1641154714.573920 385 442 455 479 479 483 494 499 501 514 517 522 523 528 529 
1641154714.574027 529 540 541 542 548 549 554 555 557 560 565 592 620 621 642 
1641154714.574134 ### RSSI: -50, 2, 1640049917 ,428 
1641154714.574241 ### DEBUG: Ticks: 430, 16, 1 
1641154714.574352 1640049917 c0:98:e5:42:00:2c 282 
1641154714.574459 414 480 483 485 509 511 521 538 540 545 546 548 557 560 564 
1641154714.574565 566 570 572 578 582 585 585 594 596 597 611 622 623 626 662 
1641154714.574672 ### RSSI: -50, 5, 1640049918 ,444 
1641154714.574789 ### DEBUG: Ticks: 445, 15, 1 
1641154714.574898 1640049918 c0:98:e5:42:00:2c 285 
1641154714.575005 432 442 510 530 535 536 536 545 545 555 558 561 564 569 570 
1641154714.575112 572 573 581 587 593 596 600 606 615 623 624 635 638 665 697 
1641154714.575219 ### RSSI: -51, 12, 1640049919 ,459 
1641154714.575366 ### DEBUG: Ticks: 461, 16, 1 
1641154714.575465 1640049919 c0:98:e5:42:00:2c 254 
1641154714.575576 374 413 435 459 463 473 475 486 486 488 490 496 496 501 507 
1641154714.575657 512 513 517 521 525 528 529 535 551 553 561 568 573 614 623 
1641154714.575765 ### RSSI: -50, 1, 1640049920 ,475 
1641154714.575879 ### DEBUG: Ticks: 476, 15, 1 
1641154714.575920 1640049920 c0:98:e5:42:00:2c 257 
1641154714.576033 345 407 411 441 442 450 451 474 477 477 492 496 504 509 511 
1641154714.576135 518 521 521 523 525 532 534 540 542 543 572 579 587 590 630 
1641154714.576245 ### RSSI: -57, 34, 1640049921 ,490 
1641154714.576368 ### DEBUG: Ticks: 492, 16, 1 
1641154714.576475 1640049921 c0:98:e5:42:00:2c 285 
1641154714.576591 455 480 506 518 531 542 544 546 546 552 554 557 558 563 571 
1641154714.576697 572 577 579 582 583 590 592 594 607 608 620 622 646 688 0 
1641154714.576805 ### RSSI: -51, 6, 1640049922 ,506 
1641154714.576913 ### DEBUG: Ticks: 508, 16, 1 
1641154714.577020 1640049922 c0:98:e5:42:00:2c 260 
1641154714.577128 407 431 455 459 463 486 487 487 494 497 498 509 519 520 521 
1641154714.577235 521 526 534 535 540 544 557 558 563 565 572 596 600 652 0 
1641154714.577348 ### RSSI: -54, 21, 1640049923 ,522 
1641154714.577455 ### DEBUG: Ticks: 523, 15, 1 
1641154714.577566 1640049923 c0:98:e5:42:00:2c 270 
1641154714.577648 387 399 461 464 468 482 491 501 508 517 521 528 529 531 537 
1641154714.577755 543 546 548 551 555 563 568 573 573 575 599 602 612 626 671 
1641154714.577863 ### RSSI: -51, 13, 1640049924 ,537 
1641154714.577970 ### DEBUG: Ticks: 539, 16, 1 
1641154714.578077 1640049924 c0:98:e5:42:00:2c 273 
1641154714.578187 438 439 441 468 469 499 504 514 514 530 533 535 538 538 546 
1641154714.578316 546 547 555 559 560 563 565 576 578 587 591 606 613 617 635 
1641154714.578424 ### RSSI: -56, 33, 1640049925 ,553 
1641154714.578546 ### RSSI: -51, 6, 1640049926 ,569 
1641154714.578653 ### RSSI: -58, 31, 1640049927 ,584 
1641154714.578760 ### RSSI: -54, 36, 1640049929 ,600 
1641154714.578867 ### RSSI: -51, 4, 1640049930 ,615 
1641154714.578976 ### DEBUG: Ticks: 617, 78, 1 
1641154714.579092 1640049929 c0:98:e5:42:00:2c 260 
1641154714.579201 401 419 463 471 474 485 487 499 503 504 505 512 512 516 519 
1641154714.579308 523 529 533 538 551 559 560 561 561 564 570 571 590 591 626 
1641154714.579500 ### RSSI: -54, 14, 1640049930 ,631 
1641154714.579582 ### DEBUG: Ticks: 633, 16, 1 
1641154714.579694 1640049930 c0:98:e5:42:00:2c 274 
1641154714.579777 370 438 470 490 509 512 524 525 525 531 536 538 542 543 548 
1641154714.579946 550 553 556 561 569 573 573 576 585 598 600 603 603 644 670 
1641154714.580027 ### INFO: SD card flushed!
1641154714.580126 ### RSSI: -57, 32, 1640049931 ,647 
1641154714.580220 ### DEBUG: Ticks: 648, 15, 1 
1641154714.580312 1640049931 c0:98:e5:42:00:2c 262 
1641154714.580404 365 375 441 444 455 468 472 473 479 491 509 517 518 520 522 
1641154714.580496 529 533 538 539 541 542 542 546 556 565 585 600 612 618 677 
1641154714.580590 ### RSSI: -51, 10, 1640049932 ,662 
1641154714.580708 ### DEBUG: Ticks: 664, 16, 1 
1641154714.580749 1640049932 c0:98:e5:42:00:2c 297 
1641154714.580790 423 468 529 538 543 556 564 564 569 575 584 585 589 591 592 
1641154714.580830 596 597 597 603 618 618 622 627 636 646 650 664 674 676 681 
1641154714.580869 ### RSSI: -51, 17, 1640049933 ,678 
1641154714.580909 ### DEBUG: Ticks: 679, 15, 1 
1641154714.580949 1640049933 c0:98:e5:42:00:2c 257 
1641154714.580988 384 394 428 445 446 454 460 480 483 487 489 491 492 502 514 
1641154714.581028 515 520 524 526 530 533 537 540 542 553 563 566 577 579 600 
1641154714.581068 ### RSSI: -52, 18, 1640049934 ,694 
1641154714.581107 ### DEBUG: Ticks: 695, 16, 1 
1641154714.581147 1640049934 c0:98:e5:42:00:2c 240 
1641154714.581187 366 399 427 428 431 440 441 449 456 459 459 462 463 475 479 
1641154714.581227 484 492 493 497 508 517 517 519 519 520 539 542 551 595 622 
1641154714.581267 ### RSSI: -52, 19, 1640049935 ,709 
1641154714.581306 ### DEBUG: Ticks: 711, 16, 1 
1641154714.581346 1640049935 c0:98:e5:42:00:2c 270 
1641154714.581386 378 394 474 484 488 501 504 507 508 509 514 520 526 536 537 
1641154714.581426 543 544 545 545 552 561 569 576 581 591 592 607 625 626 637 
1641154714.581466 ### RSSI: -57, 28, 1640049936 ,725 
1641154714.581506 ### DEBUG: Ticks: 726, 15, 1 
1641154714.581546 1640049936 c0:98:e5:42:00:2c 249 
1641154714.581586 352 357 423 447 449 463 470 473 483 484 485 485 487 489 498 
1641154714.581626 499 503 505 510 517 524 530 537 541 541 551 558 581 602 640 
1641154714.581666 ### RSSI: -52, 6, 1640049937 ,740 
1641154714.581705 ### DEBUG: Ticks: 742, 16, 1 
1641154714.581745 1640049937 c0:98:e5:42:00:2c 293 
1641154714.581786 400 494 516 542 553 557 558 573 577 578 579 582 584 585 587 
1641154714.581826 587 587 589 595 600 609 619 620 620 621 659 666 677 681 691 
1641154714.581866 ### RSSI: -51, 10, 1640049938 ,756 
1641154714.581908 ### DEBUG: Ticks: 758, 16, 1 
1641154714.581948 1640049938 c0:98:e5:42:00:2c 256 
1641154714.582225 336 376 470 472 475 475 486 490 493 499 500 501 506 512 513 
1641154714.582440 514 519 522 523 528 532 537 546 548 561 569 584 589 597 635 
1641154714.582489 ### RSSI: -54, 36, 1640049939 ,772 
1641154714.582579 ### DEBUG: Ticks: 773, 15, 1 
1641154714.582880 1640049939 c0:98:e5:42:00:2c 269 
1641154714.582925 397 417 468 472 481 484 487 492 495 509 515 518 520 528 535 
1641154714.582965 543 551 555 556 558 562 566 572 583 595 600 605 605 625 680 
1641154714.583005 ### RSSI: -51, 7, 1640049940 ,787 
1641154714.583045 ### DEBUG: Ticks: 789, 16, 1 
1641154714.583084 1640049940 c0:98:e5:42:00:2c 301 
1641154714.583125 493 527 532 549 570 572 574 576 577 581 587 587 588 595 598 
1641154714.583165 606 610 611 620 620 621 626 648 648 657 658 660 698 727 734 
1641154714.583204 ### RSSI: -51, 7, 1640049941 ,803 
1641154714.583244 ### DEBUG: Ticks: 804, 15, 1 
1641154714.583284 1640049941 c0:98:e5:42:00:2c 227 
1641154714.583324 351 393 406 412 415 417 439 443 444 444 447 450 452 453 454 
1641154714.583364 456 458 461 473 483 486 489 501 503 504 513 521 538 542 575 
1641154714.583422 ### RSSI: -51, 4, 1640049942 ,818 
1641154714.583462 ### DEBUG: Ticks: 820, 16, 1 
1641154714.583502 1640049942 c0:98:e5:42:00:2c 264 
1641154714.583542 392 408 439 460 470 488 493 496 498 502 504 505 507 519 528 
1641154714.583582 530 535 542 543 547 549 554 559 575 580 589 592 608 622 662 
1641154714.583622 ### RSSI: -56, 33, 1640049943 ,834 
1641154714.583662 ### DEBUG: Ticks: 836, 16, 1 
1641154714.583701 1640049943 c0:98:e5:42:00:2c 264 
1641154714.583741 381 413 450 454 456 456 462 472 473 484 498 503 520 522 526 
1641154714.583781 530 534 535 541 543 546 549 550 551 574 582 587 589 605 643 
1641154714.583820 ### RSSI: -51, 13, 1640049944 ,850 
1641154714.583860 ### DEBUG: Ticks: 851, 15, 1 
1641154714.583900 1640049944 c0:98:e5:42:00:2c 254 
1641154714.583939 380 393 420 444 445 446 471 477 481 481 482 486 491 496 502 
1641154714.583979 516 522 531 533 536 540 548 553 555 555 558 563 567 597 621 
1641154714.584019 ### RSSI: -53, 6, 1640049945 ,865 
1641154714.584058 ### DEBUG: Ticks: 867, 16, 1 
1641154714.584098 1640049945 c0:98:e5:42:00:2c 278 
1641154714.584138 436 461 472 475 489 500 526 526 529 531 533 540 541 545 554 
1641154714.584177 561 566 566 572 574 577 581 588 588 590 602 603 609 637 712 
1641154714.584217 ### RSSI: -51, 2, 1640049946 ,881 
1641154714.584257 ### DEBUG: Ticks: 883, 16, 1 
1641154714.584296 1640049946 c0:98:e5:42:00:2c 257 
1641154714.584335 394 430 433 438 438 446 447 453 462 467 468 475 487 491 491 
1641154714.584375 494 501 506 506 510 511 514 514 521 530 532 547 549 587 633 
1641154714.584415 ### RSSI: -51, 13, 1640049947 ,897 
1641154714.584454 ### DEBUG: Ticks: 898, 15, 1 
1641154714.584494 1640049947 c0:98:e5:42:00:2c 278 
1641154714.584533 434 434 443 467 479 491 496 503 511 514 515 525 525 546 553 
1641154714.584573 560 562 563 564 573 574 583 585 588 606 607 608 647 664 698 
1641154714.584613 ### RSSI: -57, 28, 1640049948 ,912 
1641154714.584652 ### DEBUG: Ticks: 914, 16, 1 
1641154714.584692 1640049948 c0:98:e5:42:00:2c 302 
1641154714.584731 424 484 508 515 550 555 572 577 583 584 591 594 600 602 604 
1641154714.584771 604 608 610 614 617 619 620 620 626 630 638 651 652 666 716 
1641154714.584810 ### RSSI: -58, 31, 1640049949 ,928 
1641154714.584850 ### DEBUG: Ticks: 929, 15, 1 
1641154714.584889 1640049949 c0:98:e5:42:00:2c 248 
1641154714.584929 359 374 389 413 418 427 427 445 474 475 478 484 486 496 497 
1641154714.584968 498 499 501 502 510 515 516 518 524 527 529 541 550 617 625 
1641154714.585007 ### RSSI: -51, 10, 1640049950 ,943 
1641154714.585047 ### DEBUG: Ticks: 945, 16, 1 
1641154714.585087 1640049950 c0:98:e5:42:00:2c 280 
1641154714.585127 404 444 495 498 500 503 509 516 518 530 530 541 549 549 554 
1641154714.585167 569 573 575 577 592 593 598 603 609 613 614 642 645 671 682 
1641154714.585207 ### RSSI: -54, 24, 1640049950 ,959 
1641154714.585247 ### DEBUG: Ticks: 961, 16, 1 
1641154714.585287 1640049951 c0:98:e5:42:00:2c 279 
1641154714.585327 438 466 501 504 506 525 528 535 539 541 542 545 552 552 552 
1641154714.585366 564 582 582 585 589 590 593 599 601 602 605 607 614 644 714 
1641154715.112208 ### RSSI: -51, 6, 1640049952 ,975 
1641154715.210758 ### DEBUG: Ticks: 976, 15, 1 
1641154715.210856 1640049952 c0:98:e5:42:00:2c 244 
1641154715.210897 380 388 419 430 430 436 436 443 453 462 470 472 480 481 484 
1641154715.210942 492 498 504 507 518 527 528 533 538 544 550 554 561 590 632 
1641154716.118784 ### RSSI: -51, 19, 1640049953 ,990 
1641154716.214877 ### DEBUG: Ticks: 992, 16, 1 
1641154716.214979 1640049953 c0:98:e5:42:00:2c 270 
1641154716.215020 432 433 461 479 489 497 498 508 512 517 518 523 533 533 535 
1641154716.215064 548 559 568 580 588 590 596 598 599 607 617 621 624 652 696 
1641154717.112625 ### RSSI: -58, 31, 1640049954 ,1006 
1641154717.211184 ### DEBUG: Ticks: 1007, 15, 1 
1641154717.211350 1640049954 c0:98:e5:42:00:2c 256 
1641154717.211417 392 398 449 453 458 460 478 478 487 489 493 497 506 506 508 
1641154717.211466 517 521 522 523 528 537 543 553 559 562 564 569 597 601 671 
1641154718.118901 ### RSSI: -50, 17, 1640049955 ,1022 
1641154718.215333 ### DEBUG: Ticks: 1023, 16, 1 
1641154718.215460 1640049955 c0:98:e5:42:00:2c 265 
1641154718.215507 390 402 446 463 469 470 479 481 484 501 509 510 511 517 520 
1641154718.215555 542 544 549 550 557 568 574 574 578 585 586 596 607 608 640 
1641154719.111744 ### RSSI: -57, 35, 1640049956 ,1037 
1641154719.210669 ### DEBUG: Ticks: 1039, 16, 1 
1641154719.210767 1640049956 c0:98:e5:42:00:2c 245 
1641154719.210808 362 396 414 428 441 446 458 466 468 471 474 475 476 480 491 
1641154719.210852 492 501 501 502 509 525 530 532 537 538 572 598 614 629 630 
1641154720.114708 ### RSSI: -50, 13, 1640049957 ,1053 
1641154720.212449 ### DEBUG: Ticks: 1054, 15, 1 
1641154720.212557 1640049957 c0:98:e5:42:00:2c 272 
1641154720.212611 420 425 477 485 487 497 509 515 529 531 534 534 536 541 542 
1641154720.212667 548 548 554 556 563 566 579 590 592 599 612 621 627 641 669 
1641154721.108952 ### RSSI: -55, 24, 1640049958 ,1068 
1641154721.219120 ### DEBUG: Ticks: 1070, 16, 1 
1641154721.219223 1640049958 c0:98:e5:42:00:2c 238 
1641154721.219269 333 382 391 394 406 406 441 444 451 455 459 466 470 470 474 
1641154721.219315 478 479 483 489 493 500 503 503 518 540 547 568 571 588 594 
1641154722.112881 ### RSSI: -51, 19, 1640049959 ,1084 
1641154722.215217 ### DEBUG: Ticks: 1086, 16, 1 
1641154722.215320 1640049959 c0:98:e5:42:00:2c 238 
1641154722.215365 355 356 410 414 424 432 434 436 451 457 465 466 474 475 476 
1641154722.215446 476 479 486 487 489 502 512 514 517 520 527 537 549 549 564 
1641154723.108794 ### RSSI: -57, 29, 1640049960 ,1100 
1641154723.210445 ### DEBUG: Ticks: 1101, 15, 1 
1641154723.210546 1640049960 c0:98:e5:42:00:2c 254 
1641154723.223041 392 422 461 462 473 482 485 491 494 499 500 501 503 504 508 
1641154723.223138 511 518 524 533 535 535 547 554 556 567 571 578 586 594 658 
1641154724.116058 ### RSSI: -50, 12, 1640049961 ,1115 
1641154724.215788 ### DEBUG: Ticks: 1117, 16, 1 
1641154724.215890 1640049961 c0:98:e5:42:00:2c 251 
1641154724.215935 373 383 458 461 470 476 479 481 487 491 491 494 495 499 501 
1641154724.215975 503 507 512 518 526 530 530 531 543 552 569 572 583 583 661 
1641154725.117394 ### RSSI: -47, 2, 1640049962 ,1131 
1641154725.216696 ### DEBUG: Ticks: 1132, 15, 1 
1641154725.216812 1640049962 c0:98:e5:42:00:2c 260 
1641154725.216863 355 356 426 442 449 466 474 474 479 489 493 493 500 518 520 
1641154725.216913 520 521 528 532 534 536 537 549 550 550 554 570 596 604 640 
1641154726.109724 ### RSSI: -50, 7, 1640049963 ,1146 
1641154726.219641 ### DEBUG: Ticks: 1148, 16, 1 
1641154726.219756 1640049963 c0:98:e5:42:00:2c 233 
1641154726.219812 343 355 391 407 426 432 434 435 448 449 454 458 460 462 466 
1641154726.219867 467 474 478 487 492 495 500 508 510 515 526 530 535 552 577 
1641154727.114998 ### RSSI: -51, 14, 1640049964 ,1162 
1641154727.220141 ### DEBUG: Ticks: 1164, 16, 1 
1641154727.220246 1640049964 c0:98:e5:42:00:2c 296 
1641154727.220287 470 471 484 538 539 541 542 544 557 561 561 574 588 589 592 
1641154727.220327 595 595 607 613 619 621 626 632 641 646 650 652 667 684 692 
1641154728.108708 ### RSSI: -52, 19, 1640049965 ,1178 
1641154728.218888 ### DEBUG: Ticks: 1179, 15, 1 
1641154728.218990 1640049965 c0:98:e5:42:00:2c 246 
1641154728.219031 363 376 419 427 429 444 447 456 459 465 470 473 485 487 490 
1641154728.219075 495 498 503 504 506 512 519 520 523 533 562 564 566 572 603 
1641154728.628865 ### INFO: SD card flushed!
1641154729.108399 ### RSSI: -50, 6, 1640049966 ,1193 
1641154729.216906 ### DEBUG: Ticks: 1195, 16, 1 
1641154729.217011 1640049966 c0:98:e5:42:00:2c 279 
1641154729.217053 403 463 478 510 511 522 527 529 540 545 546 547 548 549 555 
1641154729.217093 561 563 568 576 578 585 590 597 602 603 606 608 621 644 670 
1641154730.109203 ### RSSI: -52, 18, 1640049967 ,1209 
1641154730.217461 ### DEBUG: Ticks: 1211, 16, 1 
1641154730.217581 1640049967 c0:98:e5:42:00:2c 257 
1641154730.217632 355 382 449 450 459 460 461 466 492 495 497 501 508 510 514 
1641154730.217681 514 518 520 523 532 539 544 545 555 564 573 577 609 622 625 
1641154731.110399 ### RSSI: -52, 19, 1640049968 ,1225 
1641154731.219199 ### DEBUG: Ticks: 1226, 15, 1 
1641154731.219318 1640049968 c0:98:e5:42:00:2c 260 
1641154731.219359 398 416 424 436 482 484 489 491 496 508 509 510 512 517 519 
1641154731.219449 524 529 533 539 542 544 551 551 555 559 566 577 578 621 669 
1641154732.110091 ### RSSI: -52, 15, 1640049969 ,1240 
1641154732.211663 ### DEBUG: Ticks: 1242, 16, 1 
1641154732.211779 1640049969 c0:98:e5:42:00:2c 256 
1641154732.211830 349 420 446 448 464 466 480 489 489 494 501 503 505 509 511 
1641154732.211885 516 517 528 537 541 542 546 549 566 568 573 573 592 604 657 
1641154733.116422 ### RSSI: -58, 30, 1640049970 ,1256 
1641154733.213953 ### DEBUG: Ticks: 1257, 15, 1 
1641154733.214054 1640049970 c0:98:e5:42:00:2c 310 
1641154733.214102 503 514 516 526 534 547 548 559 562 575 582 586 588 603 620 
1641154733.214149 621 624 634 637 640 645 645 651 651 653 657 663 667 684 733 
1641154734.109619 ### RSSI: -49, 9, 1640049971 ,1271 
1641154734.218986 ### DEBUG: Ticks: 1273, 16, 1 
1641154734.219101 1640049971 c0:98:e5:42:00:2c 249 
1641154734.219157 420 422 439 444 445 458 459 463 469 474 483 483 492 493 495 
1641154734.219211 502 510 518 525 529 529 533 536 537 538 539 552 568 571 642 
1641154735.114108 ### RSSI: -52, 18, 1640049972 ,1287 
1641154735.214837 ### DEBUG: Ticks: 1289, 16, 1 
1641154735.214950 1640049972 c0:98:e5:42:00:2c 238 
1641154735.215006 331 368 410 413 416 421 422 434 445 453 456 461 463 472 475 
1641154735.215055 478 480 483 483 486 495 498 498 508 522 526 537 555 567 594 
1641154736.114084 ### RSSI: -57, 29, 1640049973 ,1303 
1641154736.214375 ### DEBUG: Ticks: 1304, 15, 1 
1641154736.214482 1640049973 c0:98:e5:42:00:2c 237 
1641154736.214523 338 378 392 394 398 408 416 424 430 445 447 452 463 465 473 
1641154736.214562 477 481 483 485 485 492 495 497 498 500 501 507 528 564 590 
1641154737.110458 ### RSSI: -53, 21, 1640049974 ,1318 
1641154737.211275 ### DEBUG: Ticks: 1320, 16, 1 
1641154737.211419 1640049974 c0:98:e5:42:00:2c 273 
1641154737.211467 428 468 484 515 517 518 528 528 529 535 540 543 544 545 546 
1641154737.211508 546 556 560 581 588 589 589 593 594 594 608 608 611 632 690 
1641154738.117864 ### RSSI: -55, 22, 1640049974 ,1334 
1641154738.220372 ### DEBUG: Ticks: 1335, 15, 1 
1641154738.220492 1640049975 c0:98:e5:42:00:2c 264 
1641154738.220549 405 416 439 442 457 473 478 486 497 498 502 516 517 524 528 
1641154738.220598 528 531 532 541 547 548 549 555 563 565 570 574 608 613 675 
1641154738.690299 ### INFO: Device is now IN MOTION
1641154739.117589 ### RSSI: -59, 28, 1640049976 ,1350 
1641154739.218800 ### DEBUG: Ticks: 1351, 16, 1 
1641154739.218961 1640049976 c0:98:e5:42:00:2c 257 
1641154739.219040 362 460 466 473 480 481 485 485 485 490 492 494 507 508 514 
1641154739.219118 517 519 521 527 539 547 561 585 591 606 607 608 614 641 694 
1641154740.119258 ### RSSI: -56, 17, 1640049977 ,1365 
1641154740.219211 ### DEBUG: Ticks: 1367, 16, 1 
1641154740.219354 1640049977 c0:98:e5:42:00:2c 291 
1641154740.219477 478 485 503 508 509 533 542 547 557 558 562 568 571 577 581 
1641154740.219527 583 595 607 609 610 626 630 635 643 647 676 697 702 721 743 
1641154741.111867 ### RSSI: -47, 26, 1640049978 ,1381 
1641154741.211773 ### DEBUG: Ticks: 1382, 15, 1 
1641154741.211878 1640049978 c0:98:e5:42:00:2c 243 
1641154741.211920 416 431 450 452 457 461 466 467 467 470 472 477 478 484 484 
1641154741.211966 491 494 495 500 505 505 509 513 523 532 543 552 560 589 614 
1641154742.111469 ### RSSI: -45, 3, 1640049979 ,1396 
1641154742.211452 ### DEBUG: Ticks: 1398, 16, 1 
1641154742.211566 1640049979 c0:98:e5:42:00:2c 296 
1641154742.211623 494 517 537 540 540 543 555 561 565 567 577 580 585 587 591 
1641154742.211674 595 607 609 609 611 617 632 640 642 642 644 662 668 675 716 
1641154743.118201 ### RSSI: -50, 5, 1640049980 ,1412 
1641154743.219132 ### DEBUG: Ticks: 1414, 16, 1 
1641154743.219244 1640049980 c0:98:e5:42:00:2c 628 
1641154743.219295 848 880 882 884 891 898 930 931 936 938 940 946 957 958 970 
1641154743.219343 974 977 977 981 983 985 988 994 998 1015 1025 1030 1091 1094 1122 
1641154744.115004 ### RSSI: -55, 12, 1640049981 ,1428 
1641154744.215207 ### DEBUG: Ticks: 1429, 15, 1 
1641154744.215321 1640049981 c0:98:e5:42:00:2c 1389 
1641154744.215371 1636 1647 1653 1661 1669 1680 1685 1687 1688 1688 1699 1703 1704 1709 1715 
1641154744.215474 1719 1727 1728 1734 1741 1756 1768 1769 1783 1784 1785 1812 1833 1855 1923 
1641154745.119247 ### RSSI: -62, 1, 1640049982 ,1443 
1641154745.214182 ### DEBUG: Ticks: 1445, 16, 1 
1641154745.214305 1640049982 c0:98:e5:42:00:2c 2461 
1641154745.214360 2746 2763 2775 2776 2777 2778 2780 2780 2782 2787 2788 2789 2793 2795 2796 
1641154745.214410 2806 2806 2808 2810 2814 2817 2825 2833 2836 2849 2862 2883 2900 2990 2994 
1641154746.112637 ### RSSI: -61, 27, 1640049983 ,1459 
1641154746.215503 ### DEBUG: Ticks: 1460, 15, 1 
1641154746.215625 1640049983 c0:98:e5:42:00:2c 3649 
1641154746.215680 3920 3927 3929 3943 3949 3949 3950 3957 3962 3966 3968 3974 3976 3979 3982 
1641154746.215728 3982 3988 3993 3999 4001 4003 4008 4018 4022 4022 4024 4045 4073 4197 4222 
1641154747.108958 ### RSSI: -68, 31, 1640049984 ,1474 
1641154747.213249 ### DEBUG: Ticks: 1476, 16, 1 
1641154747.213378 1640049984 c0:98:e5:42:00:2c 4807 
1641154747.213433 5031 5042 5045 5052 5055 5057 5063 5067 5072 5073 5079 5088 5089 5097 5098 
1641154747.213482 5103 5105 5111 5114 5114 5115 5121 5124 5132 5148 5179 5187 5298 5335 5539 
1641154772.217552 
1641154772.217655 ----------------------------------------------
1641154772.217696 ### WARNING: Chip experienced a reset with reason 1
1641154772.217742 ### INFO: Bluetooth address: c0:98:e5:42:00:29
1641154772.217792 ### DEBUG: Time is 00:00:00, 2000/00/00
1641154772.217837 ### INFO: Time is 00:00:00, 2000/00/00
1641154772.217877 ### INFO: Initializing SD Card...
1641154772.217916 ### INFO: Connecting to the SquarePoint module...
1641154772.217956 ### INFO: SquarePoint module connection successful
1641154772.217999 ### INFO: Battery voltage currently 3992 mV
1641154772.218042 ### INFO: SD card flushed!
1641154772.218085 ### INFO: SD card flushed!
1641154772.218125 ### DEBUG: BLE START SCANNING called
1641154772.218168 ### DEBUG: Ticks: 23, 23, 0 
1641154772.218207 1640503234 ### DEBUG: BLE STOP SCANNING called
1641154772.218247 ### STOPPED, setting module to STOPPED
1641154772.218289 ### DEBUG: BLE START SCANNING called
1641154772.218339 ### addr: c0:98:e5:42:00:2c 
1641154772.218378 ### on_adv_report outer RSSI: -67, time:1640503235 
1641154772.218417 ### INFO: Discovered new device: c0:98:e5:42:00:2c
1641154772.218476 ### INFO: Switched Scheduler EUI from 00:00:00:00:00:00 to c0:98:e5:42:00:2c
1641154772.218525 ### INFO: Starting the SquarePoint module...
1641154772.218567 ### INFO: Starting SquarePoint module as PARTICIPANT with timestamp 1640503235
1641154772.218611 ### DEBUG: BLE STOP SCANNING called
1641154772.219281 ### INFO: SquarePoint module successfully started!
1641154772.219341 ### DEBUG: Ticks: 41, 18, 0 
1641154772.821245 1640503236 ### DEBUG: Ticks: 54, 13, 0 
1641154773.910552 1640050011 ### DEBUG: Ticks: 71, 17, 0 
1641154773.910662 1640050012 c0:98:e5:42:00:2c 1661 
1641154773.910708 1924 1947 1951 1955 1966 1968 1971 1974 1976 1986 1986 1987 1987 1990 2001 
1641154773.910748 2002 2004 2008 2011 2012 2021 2025 2026 2031 2034 2102 2105 2140 2176 2268 
1641154782.990662 
1641154782.990789 ----------------------------------------------
1641154782.990843 ### WARNING: Chip experienced a reset with reason 2
1641154782.990893 ### INFO: Bluetooth address: c0:98:e5:42:00:29
1641154782.990942 ### DEBUG: Time is 00:00:00, 2000/00/00
1641154782.990999 ### INFO: Time is 00:00:00, 2000/00/00
1641154782.991064 ### INFO: Initializing SD Card...
1641154782.991113 ### INFO: Connecting to the SquarePoint module...
1641154782.991162 ### INFO: SquarePoint module connection successful
1641154782.991211 ### INFO: Battery voltage currently 4131 mV
1641154783.002127 ### INFO: SD card flushed!
1641154783.036196 ### INFO: SD card flushed!
1641154783.036324 ### DEBUG: BLE START SCANNING called
1641154783.807699 ### BLE EVENT: 16, INFO: BLE CONNECTED!
1641154783.807823 ### DEBUG: BLE START SCANNING called
1641154783.807874 ### RSSI: -74, 27, 1640503229 ,25 
1641154783.807945 ### DEBUG: BLE START SCANNING called
1641154810.552564 
1641154810.552741 ----------------------------------------------
1641154810.552791 ### WARNING: Chip experienced a reset with reason 2
1641154810.552841 ### INFO: Bluetooth address: c0:98:e5:42:00:29
1641154810.552897 ### DEBUG: Time is 00:00:00, 2000/00/00
1641154810.552950 ### INFO: Time is 00:00:00, 2000/00/00
1641154810.552998 ### INFO: Initializing SD Card...
1641154810.553047 ### INFO: Connecting to the SquarePoint module...
1641154810.553097 ### INFO: SquarePoint module connection successful
1641154810.553175 ### INFO: Battery voltage currently 4031 mV
1641154810.553231 ### INFO: SD card flushed!
1641154810.553279 ### INFO: SD card flushed!
1641154810.553328 ### DEBUG: BLE START SCANNING called
1641154811.608309 ### DEBUG: BLE START SCANNING called
1641154811.622005 ### DEBUG: BLE START SCANNING called
1641154811.622149 ### addr: c0:98:e5:42:00:2c 
1641154811.622199 ### on_adv_report outer RSSI: -68, time:1640503230 
1641154811.622248 ### INFO: Discovered new device: c0:98:e5:42:00:2c
1641154811.622297 ### INFO: Starting the SquarePoint module...
1641154811.731294 ### ERROR: Failed reading SquarePoint packet length
1641154811.830601 ### ERROR: Unable to communicate with the SquarePoint module
1641154811.830761 ### DEBUG: connected? already connected
1641154811.830812 ### DEBUG: BLE START SCANNING called
1641154811.830861 ### INFO: Starting the SquarePoint module...
1641154811.842814 ### INFO: Starting SquarePoint module as PARTICIPANT with timestamp 1640503230
1641154811.842933 ### DEBUG: BLE STOP SCANNING called
1641154811.842985 ### INFO: SquarePoint module successfully started!
1641154811.843038 ### BLE EVENT: 16, INFO: BLE CONNECTED!
1641154811.843087 ### RSSI: -65, 0, 1640503230 ,35 
1641154811.854285 ### DEBUG: Ticks: 35, 35, 1 
1641154812.039191 1640503231 ### RSSI: -73, 29, 1640503231 ,38 
1641154812.139169 ### RSSI: -77, 20, 1640503231 ,39 
1641154812.340917 ### RSSI: -69, 10, 1640503231 ,43 
1641154812.440846 ### RSSI: -73, 21, 1640503231 ,44 
1641154812.494877 ### DEBUG: Ticks: 45, 10, 1 
1641154812.494999 1640050053 ### INFO: Switched Scheduler EUI from 00:00:00:00:00:00 to c0:98:e5:42:00:2c
1641154812.540004 ### RSSI: -70, 7, 1640050053 ,46 
1641154812.641686 ### RSSI: -68, 29, 1640050053 ,47 
1641154812.741520 ### RSSI: -64, 27, 1640050053 ,49 
1641154812.841073 ### RSSI: -66, 7, 1640050053 ,50 
1641154812.940118 ### RSSI: -64, 20, 1640050053 ,52 
1641154813.040360 ### RSSI: -62, 27, 1640050053 ,54 
1641154813.141327 ### RSSI: -65, 4, 1640050053 ,55 
1641154813.242964 ### RSSI: -61, 31, 1640050053 ,57 
1641154813.343027 ### RSSI: -59, 32, 1640050053 ,58 
1641154813.440212 ### RSSI: -61, 1, 1640050054 ,60 
1641154813.541252 ### RSSI: -60, 19, 1640050054 ,61 
1641154813.577169 ### DEBUG: Ticks: 62, 17, 1 
1641154813.577285 1640050054 c0:98:e5:42:00:2c 2279 
1641154813.577336 2576 2582 2588 2643 2643 2644 2650 2664 2665 2665 2670 2673 2676 2679 2679 
1641154813.577389 2681 2683 2686 2689 2694 2711 2720 2722 2727 2740 2796 2804 2821 2846 2945 
1641154813.645284 ### RSSI: -60, 30, 1640050054 ,63 
1641154814.590216 ### DEBUG: Ticks: 78, 16, 1 
1641154814.590336 1640050055 c0:98:e5:42:00:2c 2605 
1641154814.590389 2910 2971 2976 2986 2991 2992 2992 2996 2999 3000 3001 3003 3009 3013 3018 
1641154814.590449 3026 3029 3040 3045 3053 3069 3070 3083 3101 3123 3125 3128 3143 3148 3178 
1641154814.644506 ### RSSI: -60, 32, 1640050055 ,79 
1641154815.586256 ### DEBUG: Ticks: 93, 15, 1 
1641154815.586379 1640050056 c0:98:e5:42:00:2c 3244 
1641154815.586430 3493 3506 3510 3530 3538 3544 3546 3548 3548 3552 3553 3553 3557 3566 3573 
1641154815.586483 3580 3589 3591 3596 3600 3604 3627 3631 3667 3667 3676 3678 3680 3687 3731 
1641154815.738302 ### RSSI: -63, 10, 1640050056 ,96 
1641154816.586713 ### DEBUG: Ticks: 109, 16, 1 
1641154816.586826 1640050057 c0:98:e5:42:00:2c 3731 
1641154816.586872 3991 3998 4015 4016 4023 4025 4031 4045 4047 4053 4056 4057 4058 4060 4068 
1641154816.586912 4068 4075 4076 4079 4085 4089 4119 4135 4168 4171 4175 4177 4178 4191 4219 
1641154816.739467 ### RSSI: -67, 30, 1640050057 ,111 
1641154817.589274 ### DEBUG: Ticks: 125, 16, 1 
1641154817.589402 1640050058 c0:98:e5:42:00:2c 4183 
1641154817.589450 4399 4419 4420 4429 4429 4433 4453 4465 4466 4469 4473 4484 4487 4490 4492 
1641154817.589525 4502 4503 4503 4504 4505 4507 4509 4520 4537 4550 4566 4575 4592 4598 4618 
1641154817.742805 ### RSSI: -69, 17, 1640050058 ,127 
1641154818.592116 ### DEBUG: Ticks: 140, 15, 1 
1641154818.592230 1640050059 c0:98:e5:42:00:2c 4838 
1641154818.592286 5101 5120 5123 5134 5136 5140 5149 5153 5158 5161 5167 5171 5175 5182 5184 
1641154818.592341 5189 5190 5191 5198 5201 5213 5213 5221 5227 5242 5246 5259 5273 5303 5390 
1641154818.747887 ### RSSI: -72, 19, 1640050059 ,143 
1641154837.034543 
1641154837.034662 ----------------------------------------------
1641154837.034713 ### WARNING: Chip experienced a reset with reason 2
1641154837.034762 ### INFO: Bluetooth address: c0:98:e5:42:00:29
1641154837.034814 ### DEBUG: Time is 00:00:00, 2000/00/00
1641154837.034863 ### INFO: Time is 00:00:00, 2000/00/00
1641154837.034912 ### INFO: Initializing SD Card...
1641154837.034967 ### INFO: Connecting to the SquarePoint module...
1641154837.035020 ### INFO: SquarePoint module connection successful
1641154837.035072 ### INFO: Battery voltage currently 4031 mV
1641154837.035120 ### INFO: SD card flushed!
1641154837.046032 ### INFO: SD card flushed!
1641154837.046147 ### DEBUG: BLE START SCANNING called
1641154837.320798 ### DEBUG: Ticks: 17, 17, 0 
1641154837.320906 1640050078 c0:98:e5:42:00:2c 1322 
1641154837.320952 1591 1615 1618 1625 1631 1631 1636 1644 1651 1670 1671 1673 1673 1676 1678 
1641154837.320992 1678 1678 1680 1684 1688 1689 1690 1693 1693 1695 1700 1703 1721 1729 1750 
1641154837.321035 ### INFO: Switched Scheduler EUI from 00:00:00:00:00:00 to c0:98:e5:42:00:2c
1641154837.321078 ### DEBUG: BLE STOP SCANNING called
1641154837.883496 ### DEBUG: BLE START SCANNING called
1641154838.325815 ### DEBUG: Ticks: 33, 16, 0 
1641154838.325929 1640050079 c0:98:e5:42:00:2c 1559 
1641154838.325969 1848 1876 1880 1883 1891 1895 1899 1899 1912 1918 1922 1926 1932 1933 1942 
1641154838.326014 1946 1952 1953 1956 1957 1964 1992 1997 2003 2005 2006 2014 2046 2119 2168 
1641154838.974678 ### DEBUG: BLE START SCANNING called
1641154838.995862 ### DEBUG: BLE START SCANNING called
1641154838.995989 ### DEBUG: BLE START SCANNING called
1641154839.324995 ### DEBUG: Ticks: 48, 15, 0 
1641154839.325177 1640050080 c0:98:e5:42:00:2c 1956 
1641154839.325228 2182 2186 2190 2214 2232 2233 2241 2246 2247 2253 2256 2263 2267 2274 2275 
1641154839.325284 2277 2279 2290 2292 2299 2310 2313 2314 2325 2326 2346 2352 2357 2370 2517 
1641154840.091050 ### addr: c0:98:e5:42:00:2c 
1641154840.091157 ### on_adv_report outer RSSI: -70, time:1640050081 
1641154840.091204 ### INFO: Discovered new device: c0:98:e5:42:00:2c
1641154840.091244 ### DEBUG: connected? already connected
1641154840.091290 ### DEBUG: BLE START SCANNING called
1641154840.148296 ### BLE EVENT: 16, INFO: BLE CONNECTED!
1641154840.148414 ### DEBUG: BLE START SCANNING called
1641154840.148470 ### RSSI: -61, 28, 1640050081 ,61 
1641154840.148527 ### DEBUG: BLE START SCANNING called
1641154840.249770 ### RSSI: -61, 0, 1640050081 ,63 
1641154840.249885 ### DEBUG: BLE START SCANNING called
1641154840.315287 ### DEBUG: BLE START SCANNING called
1641154840.348851 ### RSSI: -59, 14, 1640050081 ,64 
1641154840.348967 ### DEBUG: BLE START SCANNING called
1641154840.449015 ### RSSI: -61, 12, 1640050081 ,66 
1641154840.449133 ### DEBUG: BLE START SCANNING called
1641154840.549755 ### RSSI: -60, 4, 1640050081 ,68 
1641154840.549933 ### DEBUG: BLE START SCANNING called
1641154840.649528 ### RSSI: -59, 13, 1640050081 ,69 
1641154840.649633 ### DEBUG: BLE START SCANNING called
1641154840.750831 ### RSSI: -61, 22, 1640050081 ,71 
1641154840.750948 ### DEBUG: BLE START SCANNING called
1641154840.850966 ### RSSI: -61, 6, 1640050081 ,72 
1641154840.851067 ### DEBUG: BLE START SCANNING called
1641154840.884918 ### DEBUG: BLE START SCANNING called
1641154840.951908 ### RSSI: -59, 6, 1640050081 ,74 
1641154840.952008 ### DEBUG: BLE START SCANNING called
1641154841.049480 ### RSSI: -63, 29, 1640050082 ,75 
1641154841.049581 ### DEBUG: BLE START SCANNING called
1641154841.149055 ### RSSI: -60, 1, 1640050082 ,77 
1641154841.149171 ### DEBUG: BLE START SCANNING called
1641154841.248106 ### RSSI: -60, 2, 1640050082 ,79 
1641154841.248225 ### DEBUG: BLE START SCANNING called
1641154841.313391 ### DEBUG: BLE START SCANNING called
1641154841.347921 ### RSSI: -58, 13, 1640050082 ,80 
1641154841.348037 ### DEBUG: BLE START SCANNING called
1641154841.450394 ### RSSI: -60, 7, 1640050082 ,82 
1641154841.450505 ### DEBUG: BLE START SCANNING called
1641154841.551013 ### RSSI: -61, 21, 1640050082 ,83 
1641154841.551113 ### DEBUG: BLE START SCANNING called
1641154841.651488 ### RSSI: -61, 19, 1640050082 ,85 
1641154841.651605 ### DEBUG: BLE START SCANNING called
1641154841.749334 ### RSSI: -59, 36, 1640050082 ,86 
1641154841.749452 ### DEBUG: BLE START SCANNING called
1641154841.879369 ### DEBUG: BLE START SCANNING called
1641154842.321146 ### DEBUG: BLE START SCANNING called
1641154842.848481 ### RSSI: -55, 36, 1640050083 ,104 
1641154842.848590 ### DEBUG: BLE START SCANNING called
1641154843.847223 ### RSSI: -57, 35, 1640050084 ,119 
1641154844.846429 ### RSSI: -60, 10, 1640050086 ,135 
1641154844.879922 ### INFO: SquarePoint communications appear to be down...restarting
1641154844.880042 ### INFO: Switched Scheduler EUI from c0:98:e5:42:00:2c to 00:00:00:00:00:00
1641154845.054494 ### INFO: SD card flushed!
1641154845.054774 ### STOPPED, setting module to STOPPED
1641154845.054834 ### DEBUG: BLE START SCANNING called
1641154845.847979 ### RSSI: -64, 10, 1640050087 ,150 
1641154845.848082 ### DEBUG: BLE START SCANNING called
1641154845.880968 ### DEBUG: BLE START SCANNING called
1641154846.847927 ### RSSI: -67, 12, 1640050088 ,166 
1641154846.848045 ### DEBUG: BLE START SCANNING called
1641154846.880315 ### DEBUG: BLE START SCANNING called
1641154847.850786 ### RSSI: -69, 15, 1640050089 ,182 
1641154847.850885 ### DEBUG: BLE START SCANNING called
1641154847.882784 ### DEBUG: BLE START SCANNING called
1641154848.846087 ### RSSI: -77, 7, 1640050090 ,197 
1641154848.846199 ### DEBUG: BLE START SCANNING called
1641154848.879484 ### DEBUG: BLE START SCANNING called
1641154849.849872 ### RSSI: -65, 13, 1640050091 ,213 
1641154849.849972 ### DEBUG: BLE START SCANNING called
1641154849.880683 ### DEBUG: BLE START SCANNING called
1641154849.945669 ### RSSI: -64, 19, 1640050091 ,214 
1641154849.945777 ### DEBUG: BLE START SCANNING called
1641154850.881789 ### DEBUG: BLE START SCANNING called
1641154850.949814 ### RSSI: -67, 17, 1640050092 ,230 
1641154850.949932 ### DEBUG: BLE START SCANNING called
1641154851.881386 ### DEBUG: BLE START SCANNING called
1641154851.946277 ### RSSI: -64, 27, 1640050093 ,246 
1641154851.946387 ### DEBUG: BLE START SCANNING called
1641154852.882289 ### DEBUG: BLE START SCANNING called
1641154852.949122 ### RSSI: -71, 24, 1640050094 ,261 
1641154852.949224 ### DEBUG: BLE START SCANNING called
1641154853.877504 ### DEBUG: BLE START SCANNING called
1641154853.944998 ### RSSI: -76, 32, 1640050095 ,277 
1641154853.945515 ### DEBUG: BLE START SCANNING called
1641154854.882462 ### DEBUG: BLE START SCANNING called
1641154854.948546 ### RSSI: -71, 14, 1640050096 ,292 
1641154854.948653 ### DEBUG: BLE START SCANNING called
1641154855.880869 ### DEBUG: BLE START SCANNING called
1641154856.883117 ### DEBUG: BLE START SCANNING called
1641154857.882379 ### DEBUG: BLE START SCANNING called
1641154861.117257 
1641154861.117373 ----------------------------------------------
1641154861.117423 ### WARNING: Chip experienced a reset with reason 6
1641154861.117477 ### INFO: Bluetooth address: c0:98:e5:42:00:29
1641154861.117526 ### DEBUG: Time is 00:00:00, 2000/00/00
1641154861.117575 ### INFO: Time is 00:00:00, 2000/00/00
1641154861.117623 ### INFO: Initializing SD Card...
1641154861.117672 ### INFO: Connecting to the SquarePoint module...
1641154861.117722 ### ERROR: Failed reading SquarePoint packet length
1641154861.117789 ### ERROR: SquarePoint module connection unsuccessful!
1641154861.117842 ### INFO: Connecting to the SquarePoint module...
1641154861.117892 ### INFO: SquarePoint module connection successful
1641154861.117942 ### INFO: Battery voltage currently 4109 mV
1641154861.117991 ### INFO: SD card flushed!
1641154861.118040 ### INFO: SD card flushed!
1641154861.118088 ### DEBUG: BLE START SCANNING called
1641154862.187343 ### addr: c0:98:e5:42:00:2c 
1641154862.187518 ### on_adv_report outer RSSI: -77, time:1640503230 
1641154862.187562 ### INFO: Discovered new device: c0:98:e5:42:00:2c
1641154862.187603 ### INFO: Starting the SquarePoint module...
1641154862.187652 ### INFO: Starting SquarePoint module as PARTICIPANT with timestamp 1640503230
1641154862.187692 ### DEBUG: BLE STOP SCANNING called
1641154862.187733 ### INFO: SquarePoint module successfully started!
1641154862.207934 ### DEBUG: Ticks: 36, 36, 0 
1641154862.731372 1640503231 ### DEBUG: Ticks: 44, 8, 0 
1641154862.741914 1640049421 ### INFO: Switched Scheduler EUI from 00:00:00:00:00:00 to c0:98:e5:42:00:2c
1641154863.818493 ### DEBUG: Ticks: 61, 17, 0 
1641154863.818607 1640049422 c0:98:e5:42:00:2c 4341 
1641154863.818664 4643 4665 4668 4678 4678 4704 4706 4714 4716 4719 4719 4722 4725 4729 4731 
1641154863.818720 4735 4735 4737 4740 4740 4742 4743 4750 4751 4755 4764 4776 4796 4810 4886 
1641154878.899843 
1641154878.899942 ----------------------------------------------
1641154878.899983 ### WARNING: Chip experienced a reset with reason 2
1641154878.900027 ### INFO: Bluetooth address: c0:98:e5:42:00:29
1641154878.900067 ### DEBUG: Time is 00:00:00, 2000/00/00
1641154878.900106 ### INFO: Time is 00:00:00, 2000/00/00
1641154878.900146 ### INFO: Initializing SD Card...
1641154878.900186 ### INFO: Connecting to the SquarePoint module...
1641154878.900225 ### INFO: SquarePoint module connection successful
1641154878.900264 ### INFO: Battery voltage currently 4092 mV
1641154878.900306 ### INFO: SD card flushed!
1641154878.900346 ### INFO: SD card flushed!
1641154878.900385 ### DEBUG: BLE START SCANNING called
1641154878.900442 ### DEBUG: Ticks: 14, 14, 0 
1641154878.900481 1640049437 c0:98:e5:42:00:2c 2309 
1641154878.900521 2539 2551 2564 2568 2580 2586 2604 2606 2610 2617 2621 2633 2633 2638 2643 
1641154878.900560 2647 2653 2665 2670 2673 2681 2688 2691 2701 2714 2775 2792 2990 3078 3151 
1641154878.900600 ### INFO: Switched Scheduler EUI from 00:00:00:00:00:00 to c0:98:e5:42:00:2c
1641154878.900639 ### DEBUG: BLE STOP SCANNING called
1641154879.215628 ### DEBUG: BLE START SCANNING called
1641154879.426116 ### DEBUG: Ticks: 29, 15, 0 
1641154879.426233 1640049438 c0:98:e5:42:00:2c 2281 
1641154879.426277 2382 2399 2406 2428 2429 2440 2466 2481 2496 2504 2504 2507 2513 2530 2531 
1641154879.426320 2554 2558 2597 2598 2641 2644 2646 2651 2659 2676 2696 2720 2751 2791 2793 
1641154880.307255 ### DEBUG: BLE START SCANNING called
1641154880.318413 ### addr: c0:98:e5:42:00:2c 
1641154880.318518 ### on_adv_report outer RSSI: -64, time:1640049439 
1641154880.318559 ### INFO: Discovered new device: c0:98:e5:42:00:2c
1641154880.318611 ### DEBUG: connected? already connected
1641154880.318681 ### DEBUG: BLE START SCANNING called
1641154880.375461 ### BLE EVENT: 16, INFO: BLE CONNECTED!
1641154880.375576 ### DEBUG: BLE START SCANNING called
1641154880.375638 ### RSSI: -63, 14, 1640049439 ,44 
1641154880.375687 ### DEBUG: BLE START SCANNING called
1641154880.419316 ### DEBUG: Ticks: 45, 16, 1 
1641154880.419451 1640049439 c0:98:e5:42:00:2c 1979 
1641154880.419498 2227 2229 2264 2275 2294 2296 2303 2306 2307 2331 2354 2355 2361 2369 2378 
1641154880.419557 2379 2391 2394 2410 2421 2422 2428 2434 2446 2460 2502 2720 3308 3313 3415 
1641154880.419597 ### DEBUG: BLE START SCANNING called
1641154880.474246 ### RSSI: -61, 26, 1640049439 ,46 
1641154880.474351 ### DEBUG: BLE START SCANNING called
1641154880.575049 ### RSSI: -60, 19, 1640049439 ,47 
1641154880.575155 ### DEBUG: BLE START SCANNING called
1641154880.673998 ### RSSI: -64, 0, 1640049439 ,49 
1641154880.674102 ### DEBUG: BLE START SCANNING called
1641154880.773383 ### RSSI: -62, 15, 1640049439 ,50 
1641154880.773485 ### DEBUG: BLE START SCANNING called
1641154880.874367 ### RSSI: -61, 21, 1640049439 ,52 
1641154880.874482 ### DEBUG: BLE START SCANNING called
1641154880.976154 ### RSSI: -62, 28, 1640049439 ,53 
1641154880.976286 ### DEBUG: BLE START SCANNING called
1641154881.073399 ### RSSI: -61, 24, 1640049439 ,55 
1641154881.073515 ### DEBUG: BLE START SCANNING called
1641154881.174857 ### RSSI: -65, 12, 1640049439 ,57 
1641154881.174959 ### DEBUG: BLE START SCANNING called
1641154881.220588 ### DEBUG: BLE START SCANNING called
1641154881.274385 ### RSSI: -63, 15, 1640049439 ,58 
1641154881.274498 ### DEBUG: BLE START SCANNING called
1641154881.373072 ### RSSI: -69, 10, 1640049440 ,60 
1641154881.373177 ### DEBUG: BLE START SCANNING called
1641154881.420236 ### DEBUG: Ticks: 60, 15, 1 
1641154881.420334 1640049440 c0:98:e5:42:00:2c 2246 
1641154881.420376 2466 2545 2565 2565 2587 2594 2597 2601 2602 2604 2604 2608 2609 2614 2615 
1641154881.420427 2619 2623 2640 2645 2648 2650 2653 2654 2667 2710 2720 2732 2788 2816 3695 
1641154881.432451 ### DEBUG: BLE START SCANNING called
1641154881.578022 ### RSSI: -66, 21, 1640049440 ,63 
1641154881.578138 ### DEBUG: BLE START SCANNING called
1641154881.665972 ### RSSI: -63, 9, 1640049440 ,64 
1641154881.666080 ### DEBUG: BLE START SCANNING called
1641154881.774579 ### RSSI: -74, 4, 1640049440 ,66 
1641154881.774683 ### DEBUG: BLE START SCANNING called
1641154881.871916 ### RSSI: -68, 2, 1640049440 ,67 
1641154881.872035 ### DEBUG: BLE START SCANNING called
1641154881.971952 ### RSSI: -71, 14, 1640049440 ,69 
1641154881.972058 ### DEBUG: BLE START SCANNING called
1641154882.072248 ### RSSI: -74, 15, 1640049440 ,71 
1641154882.072352 ### DEBUG: BLE START SCANNING called
1641154882.219241 ### DEBUG: BLE START SCANNING called
1641154882.419112 ### DEBUG: Ticks: 76, 16, 1 
1641154882.419220 1640049441 c0:98:e5:42:00:2c 2790 
1641154882.419261 3025 3094 3095 3096 3100 3106 3108 3110 3110 3112 3117 3121 3124 3125 3127 
1641154882.419306 3129 3130 3136 3145 3149 3150 3163 3163 3172 3178 3204 3226 3318 3333 3395 
1641154882.430745 ### DEBUG: BLE START SCANNING called
1641154883.064967 ### RSSI: -74, 19, 1640049441 ,86 
1641154883.077048 ### DEBUG: BLE START SCANNING called
1641154883.220074 ### DEBUG: BLE START SCANNING called
1641154883.418467 ### DEBUG: Ticks: 92, 16, 1 
1641154883.418576 1640049442 c0:98:e5:42:00:2c 3383 
1641154883.430429 3640 3677 3685 3696 3699 3706 3709 3713 3717 3717 3723 3726 3728 3730 3732 
1641154883.430532 3739 3745 3752 3756 3770 3790 3808 3824 3857 3881 3884 3893 3974 4044 4166 
1641154883.430574 ### DEBUG: BLE START SCANNING called
1641154884.073949 ### RSSI: -79, 14, 1640049442 ,102 
1641154884.074052 ### DEBUG: BLE START SCANNING called
1641154884.428605 ### DEBUG: Ticks: 107, 15, 1 
1641154884.428720 1640049443 c0:98:e5:42:00:2c 3594 
1641154884.428764 3836 3843 3907 3911 3923 3927 3927 3930 3937 3940 3945 3950 3957 3963 3967 
1641154884.428816 3982 3987 4004 4005 4035 4056 4065 4066 4090 4101 4109 4128 4146 4190 4318 
1641154885.072720 ### RSSI: -67, 12, 1640049443 ,117 
1641154885.419032 ### DEBUG: Ticks: 123, 16, 1 
1641154885.419160 1640049444 c0:98:e5:42:00:2c 3753 
1641154885.419201 3988 3989 4024 4026 4041 4045 4050 4057 4064 4072 4076 4081 4081 4082 4084 
1641154885.419244 4088 4110 4116 4119 4119 4133 4160 4200 4205 4206 4210 4215 4233 4264 4265 
1641154886.071038 ### RSSI: -73, 12, 1640049444 ,133 
1641154886.423477 ### DEBUG: Ticks: 139, 16, 1 
1641154886.423608 1640049445 c0:98:e5:42:00:2c 3771 
1641154886.423664 3934 3936 3959 3962 3973 3980 3985 3986 3988 3992 4000 4001 4017 4027 4035 
1641154886.423722 4040 4043 4048 4051 4051 4052 4057 4059 4065 4077 4083 4103 4134 4156 0 
1641154887.071299 ### RSSI: -71, 1, 1640049445 ,149 
1641154888.065270 ### RSSI: -72, 36, 1640049446 ,164 
1641154889.065066 ### RSSI: -71, 18, 1640049448 ,180 
1641154889.421259 ### DEBUG: Ticks: 185, 46, 1 
1641154889.421397 1640049448 c0:98:e5:42:00:2c 4085 
1641154889.421457 4298 4378 4380 4394 4398 4403 4407 4409 4410 4425 4439 4444 4445 4447 4452 
1641154889.421508 4453 4453 4455 4457 4465 4465 4468 4469 4472 4480 4485 4492 4505 4521 4603 
1641154890.074354 ### RSSI: -72, 4, 1640049449 ,196 
1641154890.421850 ### DEBUG: Ticks: 201, 16, 1 
1641154890.421953 1640049449 c0:98:e5:42:00:2c 4649 
1641154890.421995 4901 4926 4936 4942 4957 4957 4979 4986 4997 5010 5016 5023 5024 5024 5025 
1641154890.422046 5029 5032 5033 5039 5044 5045 5065 5068 5081 5082 5085 5085 5086 5119 5125 
1641154891.071236 ### RSSI: -72, 2, 1640049450 ,211 
1641154891.420239 ### DEBUG: Ticks: 217, 16, 1 
1641154891.420357 1640049450 c0:98:e5:42:00:2c 5228 
1641154891.420408 5468 5537 5539 5546 5546 5548 5548 5553 5561 5574 5578 5578 5582 5584 5590 
1641154891.420463 5593 5596 5605 5626 5629 5629 5633 5642 5644 5657 5674 5683 5698 5828 5916 
1641154892.068052 ### RSSI: -77, 23, 1640049451 ,227 
1641154892.079963 ### STOPPED, setting module to STOPPED
1641154892.080089 ### INFO: Switched Scheduler EUI from c0:98:e5:42:00:2c to 00:00:00:00:00:00
1641154892.312698 ### INFO: SD card flushed!
1641154892.312817 ### DEBUG: BLE START SCANNING called
1641154892.312867 ### DEBUG: BLE START SCANNING called
1641154893.072505 ### RSSI: -80, 11, 1640049452 ,242 
1641154893.072611 ### DEBUG: BLE START SCANNING called
1641154893.216019 ### DEBUG: BLE START SCANNING called
1641154894.069968 ### RSSI: -71, 9, 1640049453 ,258 
1641154894.070074 ### DEBUG: BLE START SCANNING called
1641154894.216984 ### DEBUG: BLE START SCANNING called
1641154895.073674 ### RSSI: -69, 18, 1640049454 ,274 
1641154895.073798 ### DEBUG: BLE START SCANNING called
1641154895.222644 ### DEBUG: BLE START SCANNING called
1641154896.072782 ### RSSI: -73, 21, 1640049455 ,289 
1641154896.072899 ### DEBUG: BLE START SCANNING called
1641154896.211863 ### DEBUG: BLE START SCANNING called
1641154897.075132 ### RSSI: -71, 36, 1640049456 ,305 
1641154897.075231 ### DEBUG: BLE START SCANNING called
1641154897.218945 ### DEBUG: BLE START SCANNING called
1641154898.070150 ### RSSI: -85, 21, 1640049457 ,320 
1641154898.070253 ### DEBUG: BLE START SCANNING called
1641154898.214792 ### DEBUG: BLE START SCANNING called
1641154899.071853 ### RSSI: -65, 16, 1640049458 ,336 
1641154899.071981 ### DEBUG: BLE START SCANNING called
1641154899.218304 ### DEBUG: BLE START SCANNING called
1641154900.068360 ### RSSI: -73, 4, 1640049459 ,352 
1641154900.068815 ### DEBUG: BLE START SCANNING called
1641154900.211796 ### DEBUG: BLE START SCANNING called
1641154901.074105 ### RSSI: -71, 36, 1640049460 ,367 
1641154901.074207 ### DEBUG: BLE START SCANNING called
1641154901.221163 ### DEBUG: BLE START SCANNING called
1641154902.067996 ### RSSI: -66, 22, 1640049461 ,383 
1641154902.068492 ### DEBUG: BLE START SCANNING called
1641154902.211451 ### DEBUG: BLE START SCANNING called
1641154903.065280 ### RSSI: -73, 9, 1640049462 ,399 
1641154903.065389 ### DEBUG: BLE START SCANNING called
1641154903.211736 ### DEBUG: BLE START SCANNING called
1641154904.067691 ### RSSI: -80, 36, 1640049463 ,414 
1641154904.068164 ### DEBUG: BLE START SCANNING called
1641154904.210647 ### DEBUG: BLE START SCANNING called
1641154905.068593 ### RSSI: -78, 6, 1640049464 ,430 
1641154905.068711 ### DEBUG: BLE START SCANNING called
1641154905.220294 ### DEBUG: BLE START SCANNING called
1641154906.067363 ### RSSI: -66, 22, 1640049465 ,445 
1641154906.067534 ### DEBUG: BLE START SCANNING called
1641154906.219756 ### DEBUG: BLE START SCANNING called
1641154907.068495 ### RSSI: -65, 22, 1640049466 ,461 
1641154907.068605 ### DEBUG: BLE START SCANNING called
1641154907.212319 ### DEBUG: BLE START SCANNING called
1641154908.066239 ### RSSI: -61, 27, 1640049467 ,477 
1641154908.066356 ### DEBUG: BLE START SCANNING called
1641154908.211571 ### DEBUG: BLE START SCANNING called
1641154909.070292 ### RSSI: -60, 17, 1640049468 ,492 
1641154909.070405 ### DEBUG: BLE START SCANNING called
1641154909.212221 ### DEBUG: BLE START SCANNING called
1641154910.068859 ### RSSI: -64, 10, 1640049469 ,508 
1641154910.068965 ### DEBUG: BLE START SCANNING called
1641154910.211626 ### DEBUG: BLE START SCANNING called
1641154911.071085 ### RSSI: -62, 10, 1640049470 ,524 
1641154911.071189 ### DEBUG: BLE START SCANNING called
1641154911.215579 ### DEBUG: BLE START SCANNING called
1641154914.583596 ### RSSI: -73, 20, 1640049471 ,539 
1641154914.583701 ### DEBUG: BLE START SCANNING called
1641154914.583742 ### DEBUG: BLE START SCANNING called
1641154914.583781 ### RSSI: -69, 33, 1640049473 ,555 
1641154914.583821 ### DEBUG: BLE START SCANNING called
1641154914.583861 ### DEBUG: BLE START SCANNING called
1641154914.583901 ### RSSI: -71, 28, 1640049474 ,570 
1641154914.583945 ### DEBUG: BLE START SCANNING called
1641154914.583988 ### DEBUG: BLE START SCANNING called
1641154915.067139 ### RSSI: -65, 27, 1640049475 ,586 
1641154915.067249 ### DEBUG: BLE START SCANNING called
1641154915.214633 ### DEBUG: BLE START SCANNING called
1641154916.065323 ### RSSI: -62, 8, 1640049476 ,602 
1641154916.065435 ### DEBUG: BLE START SCANNING called
1641154916.219162 ### DEBUG: BLE START SCANNING called
1641154917.074316 ### RSSI: -70, 31, 1640049477 ,617 
1641154917.074418 ### DEBUG: BLE START SCANNING called
1641154917.212799 ### DEBUG: BLE START SCANNING called
1641154920.318283 
1641154920.318398 ----------------------------------------------
1641154920.318449 ### WARNING: Chip experienced a reset with reason 6
1641154920.318497 ### INFO: Bluetooth address: c0:98:e5:42:00:29
1641154920.318553 ### DEBUG: Time is 00:00:00, 2000/00/00
1641154920.318608 ### INFO: Time is 00:00:00, 2000/00/00
1641154920.318663 ### INFO: Initializing SD Card...
1641154920.318717 ### INFO: Connecting to the SquarePoint module...
1641154920.318771 ### ERROR: Failed reading SquarePoint packet length
1641154920.318826 ### ERROR: SquarePoint module connection unsuccessful!
1641154920.318880 ### INFO: Connecting to the SquarePoint module...
1641154920.318933 ### INFO: SquarePoint module connection successful
1641154920.318991 ### INFO: Battery voltage currently 4109 mV
1641154920.363332 ### INFO: SD card flushed!
1641154920.397885 ### INFO: SD card flushed!
1641154920.397996 ### DEBUG: BLE START SCANNING called
1641154921.494983 ### DEBUG: BLE START SCANNING called
1641154921.518390 ### DEBUG: BLE START SCANNING called
1641154921.529278 ### DEBUG: BLE START SCANNING called
1641154922.141164 ### STOPPED, setting module to STOPPED
1641154922.610360 ### DEBUG: BLE START SCANNING called
1641154922.621129 ### addr: c0:98:e5:42:00:2c 
1641154922.621235 ### on_adv_report outer RSSI: -66, time:1640503231 
1641154922.621276 ### INFO: Discovered new device: c0:98:e5:42:00:2c
1641154922.621341 ### INFO: Switched Scheduler EUI from 00:00:00:00:00:00 to c0:98:e5:42:00:2c
1641154922.621387 ### INFO: Starting the SquarePoint module...
1641154922.621427 ### INFO: Starting SquarePoint module as PARTICIPANT with timestamp 1640503231
1641154922.621467 ### DEBUG: BLE STOP SCANNING called
1641154922.621511 ### INFO: SquarePoint module successfully started!
1641154922.645539 ### DEBUG: Ticks: 53, 53, 0 
1641154923.288257 1640503232 ### DEBUG: Ticks: 63, 10, 0 
1641154924.374226 1640049487 ### DEBUG: Ticks: 80, 17, 0 
1641154924.374340 1640049488 c0:98:e5:42:00:2c 3642 
1641154924.374395 3976 4003 4028 4032 4035 4044 4046 4047 4050 4054 4056 4060 4061 4061 4061 
1641154924.374444 4068 4080 4087 4090 4091 4095 4097 4112 4123 4142 4159 4166 4172 4205 4306 
1641154925.384182 ### DEBUG: Ticks: 96, 16, 0 
1641154925.384329 1640049489 c0:98:e5:42:00:2c 4128 
1641154925.384380 4411 4436 4440 4440 4446 4451 4457 4466 4469 4473 4490 4498 4503 4503 4504 
1641154925.384433 4510 4515 4516 4521 4527 4528 4530 4536 4542 4549 4563 4578 4578 4594 4675 
1641154926.377934 ### DEBUG: Ticks: 111, 15, 0 
1641154926.378040 1640049490 c0:98:e5:42:00:2c 4758 
1641154926.378082 5000 5036 5043 5046 5055 5055 5062 5063 5066 5070 5073 5074 5083 5087 5089 
1641154926.378122 5096 5105 5107 5124 5127 5127 5142 5150 5158 5179 5180 5187 5189 5220 5232 
