1641154712.699470 ###RTT Client: ************************************************************ 
1641154712.699703 ###RTT Client: *               SEGGER Microcontroller GmbH                * 
1641154712.699769 ###RTT Client: *   Solutions for real time microcontroller applications   * 
1641154712.699831 ###RTT Client: ************************************************************ 
1641154712.699899 ###RTT Client: *                                                          * 
1641154712.699961 ###RTT Client: *       (c) 2012 - 2016  SEGGER Microcontroller GmbH       * 
1641154712.700028 ###RTT Client: *                                                          * 
1641154712.700164 ###RTT Client: *     www.segger.com     Support: support@segger.com       * 
1641154712.700228 ###RTT Client: *                                                          * 
1641154712.700291 ###RTT Client: ************************************************************ 
1641154712.700411 ###RTT Client: *                                                          * 
1641154712.700575 ###RTT Client: * SEGGER J-Link RTT Client   Compiled Jan 30 2018 18:46:58 * 
1641154712.700645 ###RTT Client: *                                                          * 
1641154712.700712 ###RTT Client: ************************************************************ 
1641154712.700778 
1641154712.700918 ###RTT Client: -----------------------------------------------
1641154712.700989 ###RTT Client: Connecting to J-Link RTT Server via localhost:9201  Connected.
1641154712.701056 SEGGER J-Link V6.30 - Real time terminal output
1641154712.701123 J-Link EDU Mini V1 compiled Oct  2 2020 17:00:40 V1.0, SN=801021851
1641154712.701188 Process: JLinkExe
1641154712.701288 ### RSSI: -48, 3, 1640049912 ,7425 
1641154712.701434 ### DEBUG: Ticks: 7427, 16, 0 
1641154712.701497 1640049912 c0:98:e5:42:00:29 260 
1641154712.701559 -293 -277 -275 -261 -246 -223 -219 -218 -215 -214 -211 -207 -204 -202 -202 
1641154712.701625 -190 -181 -159 -150 -141 -132 -127 -122 -117 -117 -110 -92 -89 -86 -78 
1641154712.701690 ### RSSI: -54, 10, 1640049913 ,7441 
1641154712.701756 ### ERROR: Failed reading SquarePoint packet length
1641154712.701822 ### RSSI: -48, 11, 1640049914 ,7457 
1641154712.701883 ### RSSI: -57, 29, 1640049915 ,7472 
1641154712.702015 ### DEBUG: Ticks: 7474, 47, 0 
1641154712.702082 1640049915 c0:98:e5:42:00:29 268 
1641154712.702147 -285 -269 -261 -245 -245 -226 -226 -214 -212 -205 -201 -193 -193 -189 -182 
1641154712.702210 -174 -161 -149 -147 -124 -122 -122 -116 -111 -101 -97 -97 -93 -86 -64 
1641154712.702331 ### RSSI: -56, 34, 1640049916 ,7488 
1641154712.702431 ### DEBUG: Ticks: 7489, 15, 0 
1641154712.702492 1640049916 c0:98:e5:42:00:29 264 
1641154712.702558 -291 -287 -274 -268 -258 -249 -244 -235 -223 -222 -217 -217 -210 -190 -185 
1641154712.702624 -177 -175 -171 -163 -163 -161 -150 -142 -140 -138 -135 -123 -110 -108 -81 
1641154712.702743 ### RSSI: -50, 2, 1640049917 ,7503 
1641154712.702805 ### DEBUG: Ticks: 7505, 16, 0 
1641154712.702901 1640049917 c0:98:e5:42:00:29 282 
1641154712.702966 -254 -240 -238 -231 -229 -228 -225 -223 -223 -203 -188 -186 -182 -174 -167 
1641154712.703032 -165 -163 -160 -150 -146 -133 -129 -118 -117 -109 -96 -94 -82 -75 -69 
1641154712.703098 ### RSSI: -49, 5, 1640049918 ,7519 
1641154712.703164 ### DEBUG: Ticks: 7521, 16, 0 
1641154712.703230 1640049918 c0:98:e5:42:00:29 285 
1641154712.703296 -260 -255 -250 -250 -247 -220 -220 -218 -217 -209 -209 -207 -202 -192 -190 
1641154712.703392 -175 -171 -167 -155 -151 -150 -134 -132 -130 -130 -113 -108 -83 -79 -65 
1641154712.703454 ### RSSI: -49, 12, 1640049919 ,7535 
1641154712.703551 ### DEBUG: Ticks: 7536, 15, 0 
1641154712.703615 1640049919 c0:98:e5:42:00:29 254 
1641154712.703669 -142 -137 -135 -132 -109 -85 -67 -66 -66 -62 -55 -50 -48 -41 -37 
1641154712.703862 -25 -24 -16 -3 -1 0 4 7 9 15 17 23 34 47 59 
1641154712.703918 ### INFO: SD card flushed!
1641154712.703974 ### RSSI: -47, 1, 1640049920 ,7550 
1641154712.704029 ### DEBUG: Ticks: 7552, 16, 0 
1641154712.704084 1640049920 c0:98:e5:42:00:29 257 
1641154712.704139 -217 -185 -147 -138 -137 -136 -126 -120 -107 -106 -105 -103 -103 -102 -82 
1641154712.704194 -80 -74 -74 -59 -59 -55 -51 -33 -26 -16 -15 -11 -8 -5 10 
1641154712.704248 ### RSSI: -56, 34, 1640049921 ,7566 
1641154712.704303 ### DEBUG: Ticks: 7567, 15, 0 
1641154712.704393 1640049921 c0:98:e5:42:00:29 285 
1641154712.704449 -333 -319 -305 -279 -279 -276 -269 -268 -266 -252 -242 -240 -231 -231 -229 
1641154712.704505 -228 -223 -217 -211 -201 -173 -170 -164 -163 -154 -147 -146 -144 -137 -136 
1641154712.704559 ### RSSI: -49, 6, 1640049922 ,7582 
1641154712.704615 ### DEBUG: Ticks: 7583, 16, 0 
1641154712.704670 1640049922 c0:98:e5:42:00:29 260 
1641154712.704725 -284 -239 -238 -236 -229 -214 -211 -210 -203 -202 -198 -196 -195 -186 -179 
1641154712.704810 -175 -161 -155 -154 -153 -144 -135 -125 -123 -110 -104 -101 -101 -93 -91 
1641154712.704866 ### RSSI: -52, 21, 1640049923 ,7597 
1641154712.704947 ### DEBUG: Ticks: 7599, 16, 0 
1641154712.705002 1640049923 c0:98:e5:42:00:29 270 
1641154712.705058 -210 -190 -189 -174 -174 -167 -160 -160 -157 -149 -141 -139 -133 -116 -111 
1641154712.705114 -105 -100 -95 -79 -79 -73 -72 -69 -56 -48 -42 -38 -36 -23 0 
1641154712.705169 ### RSSI: -49, 13, 1640049924 ,7613 
1641154712.705225 ### DEBUG: Ticks: 7614, 15, 0 
1641154712.705280 1640049924 c0:98:e5:42:00:29 273 
1641154712.705336 -211 -210 -210 -208 -207 -205 -198 -194 -183 -176 -157 -144 -137 -136 -132 
1641154712.705457 -125 -123 -116 -104 -100 -94 -93 -92 -82 -82 -80 -79 -35 -32 -30 
1641154712.705527 ### RSSI: -54, 33, 1640049925 ,7628 
1641154712.705586 ### DEBUG: Ticks: 7630, 16, 0 
1641154712.705651 1640049925 c0:98:e5:42:00:29 270 
1641154712.705708 -230 -215 -210 -205 -202 -202 -197 -194 -193 -189 -154 -140 -137 -135 -134 
1641154712.705769 -134 -128 -127 -126 -111 -110 -109 -106 -96 -89 -82 -69 -63 -44 -30 
1641154712.705834 ### RSSI: -49, 6, 1640049926 ,7644 
1641154712.705890 ### ERROR: Failed reading SquarePoint packet length
1641154712.705952 ### RSSI: -57, 31, 1640049927 ,7660 
1641154712.706008 ### RSSI: -52, 36, 1640049928 ,7675 
1641154712.706069 ### DEBUG: Ticks: 7677, 47, 0 
1641154712.706130 1640049928 c0:98:e5:42:00:29 274 
1641154712.706192 -270 -249 -249 -247 -245 -236 -225 -220 -215 -197 -187 -184 -183 -183 -179 
1641154712.706255 -172 -165 -164 -157 -140 -138 -124 -121 -115 -113 -100 -77 -72 -72 -63 
1641154712.706310 ### RSSI: -48, 4, 1640049929 ,7691 
1641154712.706392 ### DEBUG: Ticks: 7692, 15, 0 
1641154712.706454 1640049929 c0:98:e5:42:00:29 260 
1641154712.706516 -135 -127 -99 -95 -87 -81 -75 -71 -53 -50 -40 -39 -38 -38 -38 
1641154712.706579 -34 -32 -30 -27 -27 -26 -14 1 8 29 32 33 39 60 134 
1641154712.706643 ### RSSI: -50, 14, 1640049930 ,7706 
1641154712.706698 ### DEBUG: Ticks: 7708, 16, 0 
1641154712.706758 1640049930 c0:98:e5:42:00:29 274 
1641154712.706820 -269 -253 -230 -230 -225 -224 -215 -214 -201 -197 -192 -187 -171 -146 -146 
1641154712.706882 -145 -145 -141 -141 -130 -125 -123 -121 -97 -76 -75 -63 -53 -52 -36 
1641154712.706937 ### RSSI: -56, 32, 1640049931 ,7722 
1641154712.706998 ### DEBUG: Ticks: 7724, 16, 0 
1641154712.707054 1640049931 c0:98:e5:42:00:29 262 
1641154712.707119 -196 -112 -105 -88 -85 -74 -73 -69 -55 -53 -52 -52 -48 -43 -42 
1641154712.707198 -39 -29 -14 -12 0 6 9 19 31 43 46 46 48 56 67 
1641154712.707254 ### RSSI: -48, 10, 1640049932 ,7738 
1641154712.707315 ### DEBUG: Ticks: 7739, 15, 0 
1641154712.707389 1640049932 c0:98:e5:42:00:29 297 
1641154712.707452 -314 -301 -273 -258 -248 -243 -236 -233 -223 -212 -210 -206 -204 -186 -179 
1641154712.707577 -178 -174 -164 -162 -160 -158 -158 -154 -149 -148 -138 -126 -126 -97 -71 
1641154712.707640 ### RSSI: -49, 17, 1640049933 ,7753 
1641154712.707695 ### DEBUG: Ticks: 7755, 16, 0 
1641154712.707814 1640049933 c0:98:e5:42:00:29 257 
1641154712.708157 -241 -240 -205 -194 -193 -191 -184 -178 -176 -152 -144 -143 -141 -139 -134 
1641154712.708219 -130 -129 -125 -113 -108 -86 -86 -74 -72 -69 -67 -65 -48 -34 -19 
1641154712.708282 ### RSSI: -50, 18, 1640049933 ,7769 
1641154712.708364 ### DEBUG: Ticks: 7771, 16, 0 
1641154712.708427 1640049934 c0:98:e5:42:00:29 240 
1641154712.708483 -251 -227 -225 -212 -204 -202 -194 -193 -191 -172 -155 -155 -152 -144 -144 
1641154712.708545 -138 -137 -132 -128 -121 -117 -115 -90 -87 -84 -84 -78 -73 -64 -44 
1641154712.708607 ### RSSI: -51, 19, 1640049935 ,7785 
1641154712.708663 ### DEBUG: Ticks: 7786, 15, 0 
1641154712.708724 1640049935 c0:98:e5:42:00:29 270 
1641154712.708786 -205 -168 -151 -149 -147 -145 -131 -130 -129 -114 -88 -87 -84 -81 -79 
1641154712.708849 -78 -71 -70 -61 -57 -44 -42 -26 -19 -17 -4 -4 -4 1 2 
1641154712.709019 ### RSSI: -56, 28, 1640049936 ,7800 
1641154712.709078 ### DEBUG: Ticks: 7802, 16, 0 
1641154712.709140 1640049936 c0:98:e5:42:00:29 249 
1641154712.709253 -227 -184 -182 -171 -153 -148 -145 -140 -121 -117 -117 -117 -116 -115 -114 
1641154712.709317 -110 -99 -94 -75 -73 -71 -67 -63 -54 -47 -30 -25 -24 -3 8 
1641154712.709399 ### RSSI: -49, 6, 1640049937 ,7816 
1641154712.709455 ### DEBUG: Ticks: 7817, 15, 0 
1641154712.709517 1640049937 c0:98:e5:42:00:29 293 
1641154712.709572 -174 -170 -166 -156 -136 -124 -123 -121 -114 -110 -108 -94 -93 -91 -67 
1641154712.709634 -67 -65 -62 -49 -42 -41 -32 -23 6 8 17 18 31 49 52 
1641154712.709690 ### RSSI: -48, 10, 1640049938 ,7831 
1641154712.709745 ### ERROR: Failed reading SquarePoint packet length
1641154712.709801 ### RSSI: -52, 36, 1640049939 ,7847 
1641154712.709856 ### RSSI: -49, 7, 1640049940 ,7863 
1641154712.709918 ### DEBUG: Ticks: 7864, 47, 0 
1641154712.709973 1640049940 c0:98:e5:42:00:29 301 
1641154712.710036 -122 -114 -89 -84 -84 -82 -80 -79 -77 -67 -63 -54 -53 -41 -35 
1641154712.710092 -34 -34 -34 -14 -13 -11 -9 3 26 27 29 41 66 70 79 
1641154712.710154 ### RSSI: -49, 7, 1640049941 ,7878 
1641154712.710209 ### DEBUG: Ticks: 7880, 16, 0 
1641154712.710270 1640049941 c0:98:e5:42:00:29 227 
1641154712.710326 -389 -376 -343 -342 -339 -332 -322 -321 -321 -316 -315 -307 -303 -303 -299 
1641154712.710400 -287 -281 -275 -271 -260 -256 -250 -246 -245 -225 -221 -217 -205 -200 -124 
1641154712.710456 ### RSSI: -49, 4, 1640049942 ,7894 
1641154712.710510 ### DEBUG: Ticks: 7895, 15, 0 
1641154712.710566 1640049942 c0:98:e5:42:00:29 264 
1641154712.710628 -164 -158 -133 -113 -110 -110 -107 -106 -104 -100 -98 -92 -79 -73 -72 
1641154712.710684 -54 -54 -52 -50 -39 -31 -25 -25 -19 -12 7 12 30 32 45 
1641154712.710739 ### RSSI: -54, 33, 1640049943 ,7910 
1641154712.710800 ### DEBUG: Ticks: 7911, 16, 0 
1641154712.710856 1640049943 c0:98:e5:42:00:29 264 
1641154712.710911 -234 -214 -195 -176 -170 -162 -155 -153 -151 -133 -125 -124 -121 -118 -117 
1641154712.710975 -106 -103 -94 -94 -92 -80 -74 -46 -43 -42 -39 -37 -3 0 8 
1641154712.711031 ### RSSI: -49, 13, 1640049944 ,7925 
1641154712.711086 ### DEBUG: Ticks: 7927, 16, 0 
1641154712.711141 1640049944 c0:98:e5:42:00:29 254 
1641154712.711197 -251 -243 -222 -214 -204 -201 -182 -181 -181 -167 -145 -143 -135 -128 -125 
1641154712.711272 -125 -118 -118 -113 -109 -107 -104 -98 -91 -89 -87 -77 -74 -50 -7 
1641154712.711337 ### RSSI: -50, 6, 1640049945 ,7941 
1641154712.711417 ### DEBUG: Ticks: 7942, 15, 0 
1641154712.711473 1640049945 c0:98:e5:42:00:29 278 
1641154712.711551 -175 -169 -161 -148 -134 -129 -125 -121 -117 -116 -105 -93 -82 -81 -74 
1641154712.711607 -71 -68 -66 -64 -51 -48 -26 -23 -17 -15 -9 -1 -1 0 25 
1641154712.711662 ### RSSI: -49, 2, 1640049946 ,7956 
1641154712.711717 ### DEBUG: Ticks: 7958, 16, 0 
1641154712.711772 1640049946 c0:98:e5:42:00:29 257 
1641154712.711834 -69 -63 -57 -41 -31 -29 -16 -14 -11 -10 -5 10 14 15 22 
1641154712.711889 23 24 27 36 48 58 61 69 70 77 107 118 120 122 129 
1641154712.711944 ### RSSI: -49, 13, 1640049947 ,7972 
1641154712.712000 ### DEBUG: Ticks: 7974, 16, 0 
1641154712.712055 1640049947 c0:98:e5:42:00:29 278 
1641154712.712111 -159 -124 -107 -89 -67 -62 -52 -49 -47 -44 -37 -32 -31 -30 -26 
1641154712.712166 -13 -8 0 1 8 12 31 31 32 38 45 51 58 84 85 
1641154712.712227 ### RSSI: -56, 28, 1640049948 ,7988 
1641154712.712282 ### DEBUG: Ticks: 7989, 15, 0 
1641154712.712360 1640049948 c0:98:e5:42:00:29 302 
1641154712.712423 -291 -278 -270 -262 -260 -254 -243 -231 -231 -218 -203 -184 -180 -178 -175 
1641154712.712478 -163 -159 -157 -154 -153 -147 -130 -123 -118 -105 -93 -89 -73 -70 -63 
1641154712.712533 ### RSSI: -56, 31, 1640049949 ,8003 
1641154712.712589 ### DEBUG: Ticks: 8005, 16, 0 
1641154712.712643 1640049949 c0:98:e5:42:00:29 248 
1641154712.712705 -245 -230 -227 -224 -214 -205 -201 -183 -180 -178 -173 -162 -161 -156 -153 
1641154712.712761 -149 -148 -147 -145 -142 -130 -121 -112 -111 -94 -88 -73 -58 -45 18 
1641154713.117755 ### RSSI: -48, 10, 1640049950 ,8019 
1641154713.205617 ### ERROR: Failed reading SquarePoint packet length
1641154714.113193 ### RSSI: -52, 24, 1640049951 ,8034 
1641154715.120458 ### RSSI: -51, 6, 1640049952 ,8050 
1641154715.218808 ### DEBUG: Ticks: 8052, 47, 0 
1641154715.219262 1640049952 c0:98:e5:42:00:29 244 
1641154715.220062 -226 -177 -173 -172 -172 -169 -166 -164 -164 -142 -142 -112 -112 -102 -100 
1641154715.220690 -99 -97 -95 -86 -86 -86 -85 -75 -73 -50 -39 -35 -25 -14 11 
1641154716.116279 ### RSSI: -50, 19, 1640049953 ,8066 
1641154716.214435 ### DEBUG: Ticks: 8067, 15, 0 
1641154716.214691 1640049953 c0:98:e5:42:00:29 270 
1641154716.214847 -232 -220 -199 -171 -162 -159 -152 -141 -128 -122 -120 -115 -105 -98 -89 
1641154716.215007 -85 -80 -70 -68 -64 -51 -51 -44 -42 -35 -34 -27 -17 -11 30 
1641154717.119860 ### RSSI: -56, 31, 1640049954 ,8081 
1641154717.219910 ### DEBUG: Ticks: 8083, 16, 0 
1641154717.220011 1640049954 c0:98:e5:42:00:29 256 
1641154717.220051 -230 -228 -228 -198 -174 -174 -156 -156 -153 -151 -144 -142 -139 -132 -127 
1641154717.220093 -127 -118 -116 -109 -109 -108 -102 -101 -97 -87 -71 -67 -53 -41 -5 
1641154718.117246 ### RSSI: -48, 17, 1640049955 ,8097 
1641154718.217441 ### DEBUG: Ticks: 8099, 16, 0 
1641154718.217723 1640049955 c0:98:e5:42:00:29 265 
1641154718.217976 -251 -231 -197 -190 -184 -183 -182 -165 -162 -150 -137 -137 -134 -134 -130 
1641154718.218162 -117 -116 -113 -110 -105 -102 -98 -90 -89 -80 -75 -42 -4 0 8 
1641154719.115454 ### RSSI: -54, 35, 1640049956 ,8113 
1641154719.215489 ### DEBUG: Ticks: 8114, 15, 0 
1641154719.215628 1640049956 c0:98:e5:42:00:29 245 
1641154719.215885 -181 -168 -152 -144 -142 -142 -138 -115 -107 -102 -101 -85 -82 -79 -79 
1641154719.216108 -71 -70 -66 -57 -56 -54 -30 -20 -14 -11 -8 3 13 16 48 
1641154720.117588 ### RSSI: -48, 13, 1640049957 ,8128 
1641154720.217164 ### DEBUG: Ticks: 8130, 16, 0 
1641154720.217603 1640049957 c0:98:e5:42:00:29 272 
1641154720.218324 -218 -213 -210 -196 -187 -183 -177 -176 -164 -160 -159 -148 -137 -128 -120 
1641154720.218903 -99 -97 -94 -93 -92 -86 -82 -79 -75 -73 -60 -59 -41 -37 0 
1641154721.110235 ### RSSI: -53, 24, 1640049957 ,8144 
1641154721.211271 ### DEBUG: Ticks: 8145, 15, 0 
1641154721.211980 1640049958 c0:98:e5:42:00:29 238 
1641154721.222928 -285 -282 -281 -251 -240 -219 -218 -216 -211 -195 -192 -190 -189 -182 -177 
1641154721.223101 -176 -170 -169 -155 -153 -137 -135 -131 -128 -127 -114 -112 -108 -101 -100 
1641154722.115023 ### RSSI: -50, 19, 1640049958 ,8159 
1641154722.215442 ### DEBUG: Ticks: 8161, 16, 0 
1641154722.215922 1640049959 c0:98:e5:42:00:29 238 
1641154722.216665 -267 -265 -209 -206 -206 -206 -204 -200 -188 -184 -174 -165 -162 -153 -150 
1641154722.217341 -144 -138 -131 -122 -117 -113 -105 -103 -102 -97 -96 -89 -80 -72 -62 
1641154722.637575 ### INFO: SD card flushed!
1641154723.115629 ### RSSI: -55, 29, 1640049960 ,8175 
1641154723.214950 ### DEBUG: Ticks: 8177, 16, 0 
1641154723.215423 1640049960 c0:98:e5:42:00:29 254 
1641154723.216192 -212 -210 -203 -184 -170 -168 -161 -157 -147 -136 -133 -127 -116 -115 -106 
1641154723.216802 -105 -103 -90 -86 -80 -74 -73 -67 -64 -57 -30 -26 -19 -14 6 
1641154724.109287 ### RSSI: -48, 12, 1640049961 ,8191 
1641154724.210809 ### DEBUG: Ticks: 8192, 15, 0 
1641154724.211096 1640049961 c0:98:e5:42:00:29 251 
1641154724.223571 -250 -202 -173 -162 -149 -145 -142 -116 -111 -108 -101 -98 -95 -94 -82 
1641154724.223854 -74 -73 -64 -60 -51 -48 -47 -38 -38 -34 -23 -21 -15 -13 -8 
1641154725.115697 ### RSSI: -47, 2, 1640049962 ,8206 
1641154725.214710 ### DEBUG: Ticks: 8208, 16, 0 
1641154725.214811 1640049962 c0:98:e5:42:00:29 260 
1641154725.215070 -192 -160 -148 -114 -99 -94 -90 -79 -71 -62 -57 -52 -49 -48 -42 
1641154725.215123 -38 -38 -34 -33 -13 0 0 19 19 25 26 29 50 65 87 
1641154726.115662 ### RSSI: -48, 7, 1640049963 ,8222 
1641154726.216949 ### ERROR: Failed reading SquarePoint packet length
1641154727.108700 ### RSSI: -50, 14, 1640049964 ,8238 
1641154728.114022 ### RSSI: -50, 19, 1640049965 ,8253 
1641154728.212714 ### DEBUG: Ticks: 8255, 47, 0 
1641154728.213005 1640049965 c0:98:e5:42:00:29 246 
1641154728.213199 -220 -187 -185 -178 -153 -148 -132 -128 -127 -118 -115 -114 -107 -101 -98 
1641154728.213386 -89 -84 -83 -70 -60 -55 -46 -44 -40 -36 -22 -22 -20 -7 -3 
1641154729.108899 ### RSSI: -48, 6, 1640049966 ,8269 
1641154729.211035 ### DEBUG: Ticks: 8270, 15, 0 
1641154729.211542 1640049966 c0:98:e5:42:00:29 279 
1641154729.222583 -181 -132 -104 -83 -79 -68 -63 -58 -54 -39 -38 -32 -29 -24 -15 
1641154729.223075 -9 -9 -7 -6 2 3 4 9 30 33 38 46 61 67 75 
1641154730.109645 ### RSSI: -50, 18, 1640049967 ,8284 
1641154730.209849 ### DEBUG: Ticks: 8286, 16, 0 
1641154730.221312 1640049967 c0:98:e5:42:00:29 257 
1641154730.221597 -178 -172 -150 -142 -136 -123 -113 -101 -101 -93 -93 -92 -81 -74 -54 
1641154730.221831 -45 -37 -34 -31 -29 -16 -14 1 4 12 20 27 37 44 57 
1641154731.116002 ### RSSI: -50, 19, 1640049968 ,8300 
1641154731.217345 ### DEBUG: Ticks: 8302, 16, 0 
1641154731.217634 1640049968 c0:98:e5:42:00:29 260 
1641154731.217826 -321 -304 -287 -286 -267 -263 -262 -246 -245 -244 -239 -237 -237 -231 -231 
1641154731.218013 -218 -208 -197 -192 -192 -190 -188 -186 -182 -181 -180 -179 -156 -136 -120 
1641154732.115238 ### RSSI: -49, 15, 1640049969 ,8316 
1641154732.215315 ### DEBUG: Ticks: 8317, 15, 0 
1641154732.215815 1640049969 c0:98:e5:42:00:29 256 
1641154732.216555 -323 -321 -316 -314 -287 -276 -267 -251 -247 -243 -239 -222 -220 -218 -218 
1641154732.217303 -217 -214 -214 -206 -202 -185 -177 -169 -163 -160 -155 -125 -124 -103 -92 
1641154733.117374 ### RSSI: -56, 30, 1640049970 ,8331 
1641154733.217286 ### DEBUG: Ticks: 8333, 16, 0 
1641154733.217572 1640049970 c0:98:e5:42:00:29 310 
1641154733.217769 -262 -250 -246 -240 -217 -216 -210 -209 -207 -204 -195 -189 -186 -177 -151 
1641154733.217985 -146 -144 -143 -143 -138 -135 -133 -131 -104 -98 -94 -81 -80 -68 -54 
1641154734.118118 ### RSSI: -48, 9, 1640049971 ,8347 
1641154734.216942 ### DEBUG: Ticks: 8348, 15, 0 
1641154734.217047 1640049971 c0:98:e5:42:00:29 249 
1641154734.218676 -173 -166 -146 -142 -139 -120 -117 -114 -103 -96 -92 -86 -79 -68 -66 
1641154734.221884 -62 -58 -54 -51 -48 -43 -39 -31 -25 -21 -17 -3 9 10 52 
1641154735.115438 ### RSSI: -50, 18, 1640049972 ,8362 
1641154735.215385 ### DEBUG: Ticks: 8364, 16, 0 
1641154735.215684 1640049972 c0:98:e5:42:00:29 238 
1641154735.215834 -179 -163 -156 -149 -142 -141 -117 -105 -100 -98 -98 -93 -92 -90 -86 
1641154735.216022 -82 -75 -72 -61 -56 -32 -24 -18 -3 0 8 26 33 33 34 
1641154736.112351 ### RSSI: -55, 29, 1640049973 ,8378 
1641154736.212918 ### DEBUG: Ticks: 8380, 16, 0 
1641154736.213246 1640049973 c0:98:e5:42:00:29 237 
1641154736.213440 -242 -218 -214 -210 -193 -185 -176 -173 -170 -166 -149 -147 -142 -138 -120 
1641154736.213627 -119 -119 -118 -105 -102 -100 -97 -95 -74 -73 -68 -60 -54 -10 0 
1641154737.117228 ### RSSI: -57, 21, 1640049974 ,8394 
1641154737.211915 ### DEBUG: Ticks: 8395, 15, 0 
1641154737.212205 1640049974 c0:98:e5:42:00:29 273 
1641154737.222852 -352 -325 -325 -317 -312 -293 -288 -284 -284 -282 -279 -275 -258 -255 -250 
1641154737.223138 -242 -234 -233 -221 -214 -208 -208 -198 -185 -178 -173 -168 -167 -153 -137 
1641154738.111837 ### RSSI: -52, 22, 1640049975 ,8409 
1641154738.216017 ### ERROR: Failed reading SquarePoint packet length
1641154738.497338 ### INFO: Device is now IN MOTION
1641154739.117844 ### RSSI: -57, 28, 1640049976 ,8425 
1641154740.121406 ### RSSI: -55, 17, 1640049977 ,8441 
1641154740.219671 ### DEBUG: Ticks: 8442, 47, 0 
1641154740.219920 1640049977 c0:98:e5:42:00:29 291 
1641154740.220103 -199 -176 -165 -161 -156 -151 -148 -138 -131 -129 -108 -105 -104 -97 -97 
1641154740.220224 -96 -93 -86 -84 -78 -69 -57 -55 -44 -38 -36 -1 1 3 40 
1641154741.110042 ### RSSI: -44, 26, 1640049978 ,8456 
1641154741.213508 ### DEBUG: Ticks: 8458, 16, 0 
1641154741.213754 1640049978 c0:98:e5:42:00:29 243 
1641154741.213917 -225 -220 -166 -158 -148 -146 -141 -141 -130 -129 -128 -116 -116 -109 -107 
1641154741.214075 -105 -102 -100 -97 -92 -89 -81 -75 -71 -69 -60 -41 -13 36 36 
1641154742.112511 ### RSSI: -44, 3, 1640049979 ,8472 
1641154742.215143 ### DEBUG: Ticks: 8473, 15, 0 
1641154742.215447 1640049979 c0:98:e5:42:00:29 296 
1641154742.215752 -188 -184 -183 -175 -159 -151 -141 -137 -135 -132 -125 -121 -118 -103 -93 
1641154742.215942 -86 -85 -77 -72 -70 -69 -68 -68 -66 -50 -46 -37 -32 23 42 
1641154743.109346 ### RSSI: -48, 5, 1640049980 ,8487 
1641154743.212765 ### DEBUG: Ticks: 8489, 16, 0 
1641154743.213042 1640049980 c0:98:e5:42:00:29 628 
1641154743.213233 185 189 196 228 231 240 243 249 252 254 257 266 274 277 283 
1641154743.213655 286 287 289 292 301 307 308 312 312 326 329 360 369 382 498 
1641154744.118969 ### RSSI: -53, 12, 1640049981 ,8503 
1641154744.219994 ### DEBUG: Ticks: 8505, 16, 0 
1641154744.220249 1640049981 c0:98:e5:42:00:29 1389 
1641154744.220419 957 980 983 987 993 1005 1018 1019 1022 1025 1029 1039 1043 1044 1052 
1641154744.220580 1073 1073 1075 1077 1079 1081 1089 1092 1112 1120 1141 1147 1152 1162 1288 
1641154745.117610 ### RSSI: -61, 1, 1640049981 ,8519 
1641154745.211653 ### DEBUG: Ticks: 8520, 15, 0 
1641154745.211925 1640049982 c0:98:e5:42:00:29 2461 
1641154745.223302 2045 2049 2050 2052 2053 2080 2081 2083 2087 2094 2101 2102 2103 2118 2121 
1641154745.223660 2123 2133 2143 2144 2148 2156 2157 2161 2167 2175 2186 2189 2215 2263 2298 
1641154746.113759 ### RSSI: -61, 27, 1640049982 ,8534 
1641154746.218490 ### DEBUG: Ticks: 8536, 16, 0 
1641154746.218743 1640049983 c0:98:e5:42:00:29 3649 
1641154746.218897 3244 3246 3249 3258 3274 3279 3281 3291 3291 3295 3298 3305 3307 3310 3314 
1641154746.219062 3319 3322 3333 3347 3348 3361 3363 3364 3364 3384 3392 3397 3401 3504 3526 
1641154747.110694 ### RSSI: -67, 31, 1640049984 ,8550 
1641154747.214758 ### DEBUG: Ticks: 8552, 16, 0 
1641154747.215136 1640049984 c0:98:e5:42:00:29 4807 
1641154747.215283 4431 4436 4437 4450 4452 4462 4489 4489 4495 4498 4499 4500 4505 4509 4513 
1641154747.215441 4517 4521 4527 4531 4536 4536 4542 4544 4549 4554 4563 4592 4592 4661 4698 
1641154751.212449 ### BLE EVENT: 17, INFO: BLE DISCONNECTED!
1641154752.215348 ### ERROR: Failed reading SquarePoint packet length
1641154752.307287 ### STOPPED, setting module to STOPPED
1641154752.307640 ### INFO: Switched Scheduler EUI from c0:98:e5:42:00:2c to 00:00:00:00:00:00
1641154752.624074 ### INFO: SD card flushed!
1641154752.624984 ### DEBUG: BLE START SCANNING called
1641154753.741656 ### addr: c0:98:e5:42:00:29 
1641154753.741939 ### on_adv_report outer RSSI: -64, time:1640049990 
1641154753.742131 ### INFO: Discovered new device: c0:98:e5:42:00:29
1641154753.742317 ### INFO: Switched Scheduler EUI from 00:00:00:00:00:00 to c0:98:e5:42:00:2c
1641154753.742504 ### INFO: Starting the SquarePoint module...
1641154753.742691 ### INFO: Starting SquarePoint module as SCHEDULER with timestamp 1640049990
1641154753.742876 ### DEBUG: BLE STOP SCANNING called
1641154753.743062 ### INFO: SquarePoint module successfully started!
1641154753.863963 ### DEBUG: Ticks: 8655, 103, 0 
1641154754.877885 1640049991 ### DEBUG: Ticks: 8671, 16, 0 
1641154755.878203 1640049992 ### DEBUG: Ticks: 8687, 16, 0 
1641154756.873438 1640049993 ### DEBUG: Ticks: 8702, 15, 0 
1641154757.876398 1640049994 ### DEBUG: Ticks: 8718, 16, 0 
1641154757.991779 1640049995 ### STOPPED, setting module to STOPPED
1641154757.992060 ### INFO: Switched Scheduler EUI from c0:98:e5:42:00:2c to 00:00:00:00:00:00
1641154757.992241 ### DEBUG: BLE START SCANNING called
1641154759.085271 ### DEBUG: BLE START SCANNING called
1641154759.085574 ### DEBUG: BLE START SCANNING called
1641154759.096954 ### DEBUG: BLE START SCANNING called
1641154759.109647 ### addr: c0:98:e5:42:00:29 
1641154759.109863 ### on_adv_report outer RSSI: -65, time:1640049996 
1641154759.122201 ### INFO: Discovered new device: c0:98:e5:42:00:29
1641154759.122408 ### INFO: Starting the SquarePoint module...
1641154759.122712 ### INFO: Starting SquarePoint module as SCHEDULER with timestamp 1640049996
1641154759.122859 ### DEBUG: BLE STOP SCANNING called
1641154759.122986 ### INFO: SquarePoint module successfully started!
1641154759.236911 ### DEBUG: Ticks: 8739, 21, 0 
1641154759.237276 1640049997 ### INFO: Switched Scheduler EUI from 00:00:00:00:00:00 to c0:98:e5:42:00:2c
1641154760.249019 ### DEBUG: Ticks: 8755, 16, 0 
1641154761.343923 1640049998 ### DEBUG: Ticks: 8772, 17, 0 
1641154761.344225 1640049999 c0:98:e5:42:00:29 4143 
1641154761.344419 4006 4030 4046 4081 4088 4090 4090 4098 4100 4101 4108 4120 4125 4135 4138 
1641154761.344604 4148 4148 4149 4164 4167 4169 4176 4179 4189 4191 4197 4205 4211 4240 4416 
1641154762.340612 ### DEBUG: Ticks: 8788, 16, 0 
1641154762.340903 1640050000 c0:98:e5:42:00:29 3970 
1641154762.341087 3448 3473 3492 3495 3512 3514 3515 3517 3522 3528 3528 3535 3540 3546 3548 
1641154762.341273 3556 3564 3566 3573 3574 3588 3605 3607 3608 3617 3625 3641 3666 3686 3689 
1641154763.339194 ### DEBUG: Ticks: 8803, 15, 0 
1641154763.339418 1640050001 c0:98:e5:42:00:29 3177 
1641154763.339630 2682 2735 2735 2742 2742 2743 2744 2754 2756 2772 2772 2775 2778 2783 2800 
1641154763.339774 2803 2803 2807 2807 2813 2815 2819 2837 2847 2874 2886 2891 2894 2914 2931 
1641154764.343416 ### DEBUG: Ticks: 8819, 16, 0 
1641154764.343771 1640050002 c0:98:e5:42:00:29 2064 
1641154764.343965 1614 1617 1619 1635 1644 1648 1658 1658 1662 1666 1672 1675 1678 1691 1699 
1641154764.344152 1703 1718 1720 1721 1729 1730 1731 1742 1744 1763 1766 1774 1821 1836 1853 
1641154765.346599 ### DEBUG: Ticks: 8835, 16, 0 
1641154765.346869 1640050003 c0:98:e5:42:00:29 1386 
1641154765.347005 956 962 972 972 983 987 987 988 994 995 996 1001 1010 1031 1040 
1641154765.347147 1048 1048 1065 1070 1094 1097 1109 1110 1133 1140 1160 1164 1215 1220 1233 
1641154766.341705 ### DEBUG: Ticks: 8850, 15, 0 
1641154767.334528 1640050004 ### DEBUG: Ticks: 8866, 16, 0 
1641154768.337798 1640050005 ### DEBUG: Ticks: 8881, 15, 0 
1641154769.344072 1640050006 ### DEBUG: Ticks: 8897, 16, 0 
1641154770.338652 1640050007 ### DEBUG: Ticks: 8913, 16, 0 
1641154770.427303 1640050008 ### STOPPED, setting module to STOPPED
1641154770.427666 ### INFO: Switched Scheduler EUI from c0:98:e5:42:00:2c to 00:00:00:00:00:00
1641154770.598025 ### INFO: SD card flushed!
1641154770.598350 ### DEBUG: BLE START SCANNING called
1641154771.688255 ### addr: c0:98:e5:42:00:29 
1641154771.688510 ### on_adv_report outer RSSI: -66, time:1640050009 
1641154771.688674 ### INFO: Discovered new device: c0:98:e5:42:00:29
1641154771.688824 ### INFO: Starting the SquarePoint module...
1641154771.688986 ### INFO: Starting SquarePoint module as SCHEDULER with timestamp 1640050009
1641154771.689178 ### DEBUG: BLE STOP SCANNING called
1641154771.689339 ### INFO: SquarePoint module successfully started!
1641154771.813390 ### DEBUG: Ticks: 8936, 23, 0 
1641154771.813574 1640050010 ### INFO: Switched Scheduler EUI from 00:00:00:00:00:00 to c0:98:e5:42:00:2c
1641154772.822272 ### DEBUG: Ticks: 8952, 16, 0 
1641154773.923681 1640050011 ### DEBUG: Ticks: 8969, 17, 0 
1641154773.926544 1640050012 c0:98:e5:42:00:29 1322 
1641154773.929958 1212 1241 1247 1251 1262 1266 1274 1278 1281 1284 1291 1295 1301 1317 1320 
1641154773.930236 1324 1331 1333 1339 1341 1359 1405 1408 1410 1430 1486 1496 1534 1537 1553 
1641154774.912171 ### DEBUG: Ticks: 8984, 15, 0 
1641154775.914126 1640050013 ### DEBUG: Ticks: 9000, 16, 0 
1641154776.916257 1640050014 ### DEBUG: Ticks: 9015, 15, 0 
1641154777.909683 1640050015 ### DEBUG: Ticks: 9031, 16, 0 
1641154778.909491 1640050016 ### DEBUG: Ticks: 9047, 16, 0 
1641154779.035670 1640050017 ### STOPPED, setting module to STOPPED
1641154779.035942 ### INFO: Switched Scheduler EUI from c0:98:e5:42:00:2c to 00:00:00:00:00:00
1641154779.172020 ### INFO: SD card flushed!
1641154779.172398 ### DEBUG: BLE START SCANNING called
1641154780.283801 ### DEBUG: BLE START SCANNING called
1641154780.306489 ### DEBUG: BLE START SCANNING called
1641154780.306817 ### DEBUG: BLE START SCANNING called
1641154781.362590 ### DEBUG: BLE START SCANNING called
1641154781.373784 ### DEBUG: BLE START SCANNING called
1641154782.463655 ### DEBUG: BLE START SCANNING called
1641154782.463986 ### DEBUG: BLE START SCANNING called
1641154782.474006 ### DEBUG: BLE START SCANNING called
1641154782.486128 ### DEBUG: BLE START SCANNING called
1641154783.536876 ### addr: c0:98:e5:42:00:29 
1641154783.537212 ### on_adv_report outer RSSI: -73, time:1640050021 
1641154783.537397 ### INFO: Discovered new device: c0:98:e5:42:00:29
1641154783.537571 ### INFO: Starting the SquarePoint module...
1641154783.635884 ### ERROR: Failed reading SquarePoint packet length
1641154783.749854 ### ERROR: Unable to communicate with the SquarePoint module
1641154783.750130 ### DEBUG: connected? already connected
1641154783.750320 ### DEBUG: BLE START SCANNING called
1641154783.750494 ### INFO: Starting the SquarePoint module...
1641154783.751194 ### INFO: Starting SquarePoint module as SCHEDULER with timestamp 1640050022
1641154783.751428 ### DEBUG: BLE STOP SCANNING called
1641154783.751814 ### INFO: SquarePoint module successfully started!
1641154783.805829 ### BLE EVENT: 16, INFO: BLE CONNECTED!
1641154783.806073 ### RSSI: -73, 27, 1640050022 ,9123 
1641154783.874944 ### DEBUG: Ticks: 9124, 77, 1 
1641154783.875236 1640050023 ### INFO: Switched Scheduler EUI from 00:00:00:00:00:00 to c0:98:e5:42:00:2c
1641154784.879816 ### DEBUG: Ticks: 9140, 16, 1 
1641154785.888782 1640050024 ### DEBUG: Ticks: 9155, 15, 1 
1641154786.887637 1640050025 ### DEBUG: Ticks: 9171, 16, 1 
1641154787.906710 1640050026 ### BLE EVENT: 17, INFO: BLE DISCONNECTED!
1641154787.975344 ### DEBUG: Ticks: 9188, 17, 0 
1641154787.975737 1640050027 c0:98:e5:42:00:29 4739 
1641154787.975893 4641 4683 4689 4690 4692 4695 4696 4697 4705 4712 4727 4729 4734 4736 4737 
1641154787.976044 4742 4750 4752 4760 4773 4773 4779 4780 4791 4792 4818 4826 4833 4835 4879 
1641154788.973782 ### DEBUG: Ticks: 9204, 16, 0 
1641154788.974035 1640050028 c0:98:e5:42:00:29 5176 
1641154788.985986 4672 4714 4724 4728 4731 4735 4747 4748 4749 4751 4757 4760 4767 4780 4782 
1641154788.986212 4783 4805 4808 4808 4809 4817 4832 4839 4856 4874 4888 4901 4908 4945 4950 
1641154789.981313 ### DEBUG: Ticks: 9219, 15, 0 
1641154789.981518 1640050029 c0:98:e5:42:00:29 5178 
1641154789.981650 4680 4706 4726 4728 4735 4738 4746 4750 4753 4753 4754 4759 4761 4766 4773 
1641154789.981790 4774 4778 4786 4791 4792 4802 4815 4824 4827 4828 4843 4893 4919 4922 4987 
1641154790.976007 ### DEBUG: Ticks: 9235, 16, 0 
1641154790.976271 1640050030 c0:98:e5:42:00:29 5038 
1641154790.976415 4557 4562 4574 4582 4602 4603 4609 4615 4624 4628 4638 4643 4643 4648 4651 
1641154790.976641 4661 4669 4675 4676 4685 4693 4695 4710 4712 4714 4733 4743 4762 4770 4809 
1641154791.976495 ### DEBUG: Ticks: 9251, 16, 0 
1641154791.976761 1640050031 c0:98:e5:42:00:29 5061 
1641154791.976932 4644 4671 4679 4680 4681 4683 4685 4687 4689 4690 4691 4709 4725 4735 4743 
1641154791.977102 4748 4751 4754 4757 4790 4800 4800 4801 4808 4824 4860 4860 4862 4912 4943 
1641154792.980885 ### DEBUG: Ticks: 9266, 15, 0 
1641154792.981131 1640050032 c0:98:e5:42:00:29 4795 
1641154792.981278 4352 4364 4364 4370 4373 4374 4377 4397 4397 4398 4401 4405 4409 4414 4424 
1641154792.981408 4439 4441 4442 4443 4444 4452 4457 4465 4483 4488 4491 4511 4512 4522 4527 
1641154795.557934 
1641154795.558190 ----------------------------------------------
1641154795.558345 ### WARNING: Chip experienced a reset with reason 6
1641154795.558505 ### INFO: Bluetooth address: c0:98:e5:42:00:2c
1641154795.558654 ### DEBUG: Time is 00:00:00, 2000/00/00
1641154795.558827 ### INFO: Time is 00:00:00, 2000/00/00
1641154795.559010 ### INFO: Initializing SD Card...
1641154798.276261 ### INFO: Connecting to the SquarePoint module...
1641154798.276503 ### INFO: SquarePoint module connection successful
1641154798.276641 ### INFO: Battery voltage currently 4209 mV
1641154798.411170 ### INFO: SD card flushed!
1641154798.433569 ### INFO: SD card flushed!
1641154798.444738 ### DEBUG: BLE START SCANNING called
1641154798.975903 ### DEBUG: Ticks: 70, 70, 0 
1641154798.976111 1640050038 c0:98:e5:42:00:29 2439 
1641154798.976239 1991 1997 1997 1998 2020 2021 2034 2043 2044 2055 2059 2076 2079 2079 2085 
1641154798.976363 2085 2095 2098 2099 2106 2114 2131 2135 2167 2172 2178 2202 2227 2240 2289 
1641154798.976488 ### INFO: Switched Scheduler EUI from 00:00:00:00:00:00 to c0:98:e5:42:00:2c
1641154798.986607 ### DEBUG: BLE STOP SCANNING called
1641154799.280560 ### DEBUG: BLE START SCANNING called
1641154799.982372 ### DEBUG: Ticks: 85, 15, 0 
1641154799.982650 1640050039 c0:98:e5:42:00:29 1943 
1641154799.982848 1526 1531 1535 1535 1559 1564 1571 1573 1580 1585 1585 1585 1606 1608 1615 
1641154799.983021 1615 1625 1646 1662 1667 1674 1674 1676 1676 1695 1728 1765 1822 1866 0 
1641154800.373551 ### DEBUG: BLE START SCANNING called
1641154800.373774 ### DEBUG: BLE START SCANNING called
1641154800.385304 ### addr: c0:98:e5:42:00:29 
1641154800.385512 ### on_adv_report outer RSSI: -60, time:1640050040 
1641154800.385656 ### INFO: Discovered new device: c0:98:e5:42:00:29
1641154800.385794 ### DEBUG: connected? already connected
1641154800.385956 ### DEBUG: BLE START SCANNING called
1641154800.440999 ### BLE EVENT: 16, INFO: BLE CONNECTED!
1641154800.441223 ### DEBUG: BLE START SCANNING called
1641154800.441384 ### RSSI: -58, 18, 1640050040 ,93 
1641154800.441540 ### DEBUG: BLE START SCANNING called
1641154800.550908 ### RSSI: -57, 11, 1640050040 ,94 
1641154800.551145 ### DEBUG: BLE START SCANNING called
1641154800.640664 ### RSSI: -56, 5, 1640050040 ,96 
1641154800.640947 ### DEBUG: BLE START SCANNING called
1641154800.750455 ### RSSI: -61, 22, 1640050040 ,98 
1641154800.750707 ### DEBUG: BLE START SCANNING called
1641154800.840652 ### RSSI: -61, 23, 1640050040 ,99 
1641154800.852762 ### DEBUG: BLE START SCANNING called
1641154800.952463 ### RSSI: -59, 11, 1640050040 ,101 
1641154800.952734 ### DEBUG: BLE START SCANNING called
1641154800.975106 ### DEBUG: Ticks: 101, 16, 1 
1641154800.975354 1640050040 c0:98:e5:42:00:29 1409 
1641154800.975613 1022 1024 1032 1049 1051 1055 1058 1062 1063 1064 1068 1076 1084 1086 1087 
1641154800.975844 1091 1108 1111 1120 1125 1145 1152 1153 1155 1164 1165 1167 1225 1230 1248 
1641154800.976020 ### DEBUG: BLE START SCANNING called
1641154801.042325 ### RSSI: -62, 3, 1640050040 ,102 
1641154801.042618 ### DEBUG: BLE START SCANNING called
1641154801.142085 ### RSSI: -70, 12, 1640050040 ,104 
1641154801.142345 ### DEBUG: BLE START SCANNING called
1641154801.244381 ### RSSI: -65, 14, 1640050041 ,105 
1641154801.244702 ### DEBUG: BLE START SCANNING called
1641154801.278140 ### DEBUG: BLE START SCANNING called
1641154801.350190 ### RSSI: -60, 9, 1640050041 ,107 
1641154801.350476 ### DEBUG: BLE START SCANNING called
1641154801.442129 ### RSSI: -58, 9, 1640050041 ,108 
1641154801.442330 ### DEBUG: BLE START SCANNING called
1641154801.541270 ### RSSI: -59, 26, 1640050041 ,110 
1641154801.541486 ### DEBUG: BLE START SCANNING called
1641154801.642294 ### RSSI: -60, 15, 1640050041 ,112 
1641154801.642575 ### DEBUG: BLE START SCANNING called
1641154801.749401 ### RSSI: -62, 12, 1640050041 ,113 
1641154801.749633 ### DEBUG: BLE START SCANNING called
1641154801.840072 ### RSSI: -59, 5, 1640050041 ,115 
1641154801.840299 ### DEBUG: BLE START SCANNING called
1641154801.943104 ### RSSI: -61, 9, 1640050041 ,116 
1641154801.943372 ### DEBUG: BLE START SCANNING called
1641154801.977643 ### DEBUG: Ticks: 117, 16, 1 
1641154801.977922 1640050041 ### DEBUG: BLE START SCANNING called
1641154802.045612 ### RSSI: -62, 6, 1640050041 ,118 
1641154802.045841 ### DEBUG: BLE START SCANNING called
1641154802.281543 ### DEBUG: BLE START SCANNING called
1641154802.977427 ### DEBUG: Ticks: 132, 15, 1 
1641154802.977671 1640050042 ### DEBUG: BLE START SCANNING called
1641154803.045574 ### RSSI: -62, 22, 1640050042 ,133 
1641154803.045813 ### DEBUG: BLE START SCANNING called
1641154803.276253 ### DEBUG: BLE START SCANNING called
1641154803.978404 ### DEBUG: Ticks: 148, 16, 1 
1641154803.978684 1640050043 ### DEBUG: BLE START SCANNING called
1641154804.047442 ### RSSI: -66, 19, 1640050043 ,149 
1641154804.049946 ### DEBUG: BLE START SCANNING called
1641154804.972516 ### DEBUG: Ticks: 164, 16, 1 
1641154805.042008 1640050044 ### RSSI: -54, 19, 1640050045 ,165 
1641154805.974478 ### DEBUG: Ticks: 179, 15, 1 
1641154806.041902 1640050045 ### RSSI: -59, 0, 1640050046 ,180 
1641154806.074007 ### STOPPED, setting module to STOPPED
1641154806.085625 ### INFO: Switched Scheduler EUI from c0:98:e5:42:00:2c to 00:00:00:00:00:00
1641154806.254086 ### INFO: SD card flushed!
1641154806.254348 ### DEBUG: BLE START SCANNING called
1641154806.254528 ### DEBUG: BLE START SCANNING called
1641154806.278248 ### DEBUG: BLE START SCANNING called
1641154807.040614 ### RSSI: -57, 32, 1640050047 ,196 
1641154807.040904 ### DEBUG: BLE START SCANNING called
1641154807.275808 ### DEBUG: BLE START SCANNING called
1641154808.284901 ### DEBUG: BLE START SCANNING called
1641154809.283663 ### DEBUG: BLE START SCANNING called
1641154810.281170 ### DEBUG: BLE START SCANNING called
1641154811.145404 ### BLE EVENT: 17, INFO: BLE DISCONNECTED!
1641154811.145609 ### DEBUG: BLE START SCANNING called
1641154811.838123 ### BLE EVENT: 16, INFO: BLE CONNECTED!
1641154811.838357 ### DEBUG: BLE START SCANNING called
1641154811.838503 ### RSSI: -63, 0, 1640050052 ,271 
1641154811.838688 ### DEBUG: BLE START SCANNING called
1641154812.038896 ### RSSI: -70, 29, 1640050052 ,274 
1641154812.039157 ### DEBUG: BLE START SCANNING called
1641154812.140891 ### RSSI: -75, 20, 1640050052 ,276 
1641154812.141117 ### DEBUG: BLE START SCANNING called
1641154812.242111 ### DEBUG: BLE START SCANNING called
1641154812.276742 ### DEBUG: BLE START SCANNING called
1641154812.277025 ### addr: c0:98:e5:42:00:29 
1641154812.277208 ### on_adv_report outer RSSI: -66, time:1640050052 
1641154812.277398 ### INFO: Discovered new device: c0:98:e5:42:00:29
1641154812.277586 ### INFO: Starting the SquarePoint module...
1641154812.277797 ### INFO: Starting SquarePoint module as SCHEDULER with timestamp 1640050052
1641154812.277988 ### DEBUG: BLE STOP SCANNING called
1641154812.278201 ### INFO: SquarePoint module successfully started!
1641154812.278399 ### REQUEST_TIME, responding with current timestamp
1641154812.278602 ### INFO: Sending timestamp 1640050052 to SquarePoint
1641154812.278809 ### ERROR: Failed to send current timestamp to the SquarePoint module!
1641154812.343494 ### RSSI: -68, 10, 1640050052 ,279 
1641154812.446713 ### RSSI: -73, 21, 1640050052 ,280 
1641154812.493730 ### DEBUG: Ticks: 281, 102, 0 
1641154812.494029 1640050053 ### INFO: Switched Scheduler EUI from 00:00:00:00:00:00 to c0:98:e5:42:00:2c
1641154812.537951 ### RSSI: -69, 7, 1640050053 ,282 
1641154812.637487 ### RSSI: -67, 29, 1640050053 ,283 
1641154812.736837 ### RSSI: -63, 27, 1640050054 ,285 
1641154812.840472 ### RSSI: -65, 7, 1640050054 ,286 
1641154812.940755 ### RSSI: -62, 20, 1640050054 ,288 
1641154813.040660 ### RSSI: -60, 27, 1640050054 ,290 
1641154813.145267 ### RSSI: -63, 4, 1640050054 ,291 
1641154813.245845 ### RSSI: -59, 31, 1640050054 ,293 
1641154813.346660 ### RSSI: -58, 32, 1640050054 ,294 
1641154813.447198 ### RSSI: -60, 1, 1640050054 ,296 
1641154813.539957 ### RSSI: -59, 19, 1640050054 ,297 
1641154813.586255 ### DEBUG: Ticks: 298, 17, 0 
1641154813.586450 1640050054 c0:98:e5:42:00:29 1879 
1641154813.586566 1791 1791 1798 1803 1805 1829 1840 1843 1850 1857 1862 1864 1866 1869 1878 
1641154813.586679 1880 1883 1883 1885 1894 1897 1902 1908 1950 1955 1981 2005 2009 2045 2181 
1641154813.642315 ### RSSI: -58, 30, 1640050054 ,299 
1641154814.585434 ### DEBUG: Ticks: 314, 16, 0 
1641154814.585702 1640050055 c0:98:e5:42:00:29 2605 
1641154814.585848 2117 2129 2142 2146 2148 2148 2149 2149 2153 2156 2162 2169 2179 2181 2182 
1641154814.585986 2196 2206 2208 2213 2234 2235 2239 2244 2254 2260 2262 2271 2327 2345 2397 
1641154814.641054 ### RSSI: -58, 32, 1640050056 ,315 
1641154815.588509 ### DEBUG: Ticks: 329, 15, 0 
1641154815.588770 1640050056 c0:98:e5:42:00:29 3244 
1641154815.589694 2819 2825 2827 2840 2842 2863 2870 2875 2877 2883 2889 2899 2899 2903 2911 
1641154815.589875 2913 2913 2914 2915 2915 2919 2927 2928 2930 2950 2961 2971 2975 2993 3021 
1641154815.746998 ### RSSI: -60, 10, 1640050057 ,332 
1641154816.592063 ### DEBUG: Ticks: 345, 16, 0 
1641154816.592352 1640050057 c0:98:e5:42:00:29 3731 
1641154816.592538 3299 3313 3326 3340 3349 3351 3357 3357 3360 3365 3369 3371 3379 3385 3395 
1641154816.592735 3396 3400 3406 3407 3408 3410 3411 3416 3416 3417 3427 3462 3481 3489 3490 
1641154816.741815 ### RSSI: -65, 30, 1640050057 ,347 
1641154817.586992 ### DEBUG: Ticks: 361, 16, 0 
1641154817.587297 1640050058 c0:98:e5:42:00:29 4183 
1641154817.587490 3776 3786 3804 3807 3807 3817 3820 3842 3852 3853 3853 3863 3863 3869 3870 
1641154817.587705 3871 3873 3880 3881 3892 3914 3916 3922 3924 3950 3952 3958 3961 3974 4025 
1641154817.744631 ### RSSI: -67, 17, 1640050058 ,363 
1641154818.591115 ### DEBUG: Ticks: 376, 15, 0 
1641154818.591368 1640050059 c0:98:e5:42:00:29 4838 
1641154818.591667 4400 4412 4414 4421 4428 4431 4433 4435 4438 4448 4454 4460 4467 4485 4490 
1641154818.591820 4491 4495 4504 4505 4508 4512 4519 4520 4528 4529 4574 4594 4612 4678 4687 
1641154818.745185 ### RSSI: -70, 19, 1640050059 ,379 
1641154819.588229 ### DEBUG: Ticks: 392, 16, 0 
1641154819.588461 1640050060 c0:98:e5:42:00:29 -2147483647 
1641154819.588806 -2147483647 -2147483647 -2147483647 -2147483647 -2147483647 -2147483647 -2147483647 -2147483647 -2147483647 -2147483647 -2147483647 -2147483647 -2147483647 -2147483647 -2147483647 
1641154819.601250 -2147483647 -2147483647 -2147483647 -2147483647 -2147483647 -2147483647 -2147483647 -2147483647 -2147483647 -2147483647 -2147483647 -2147483647 -2147483647 -2147483647 -2147483647 
1641154820.595946 ### DEBUG: Ticks: 407, 15, 0 
1641154820.596138 1640050061 c0:98:e5:42:00:29 -2147483647 
1641154820.596257 -2147483647 -2147483647 -2147483647 -2147483647 -2147483647 -2147483647 -2147483647 -2147483647 -2147483647 -2147483647 -2147483647 -2147483647 -2147483647 -2147483647 -2147483647 
1641154820.596991 -2147483647 -2147483647 -2147483647 -2147483647 -2147483647 -2147483647 -2147483647 -2147483647 -2147483647 -2147483647 -2147483647 -2147483647 -2147483647 -2147483647 -2147483647 
1641154821.594326 ### DEBUG: Ticks: 423, 16, 0 
1641154821.594587 1640050062 c0:98:e5:42:00:29 -2147483647 
1641154821.594758 -2147483647 -2147483647 -2147483647 -2147483647 -2147483647 -2147483647 -2147483647 -2147483647 -2147483647 -2147483647 -2147483647 -2147483647 -2147483647 -2147483647 -2147483647 
1641154821.595144 -2147483647 -2147483647 -2147483647 -2147483647 -2147483647 -2147483647 -2147483647 -2147483647 -2147483647 -2147483647 -2147483647 -2147483647 -2147483647 -2147483647 -2147483647 
1641154822.595485 ### DEBUG: Ticks: 439, 16, 0 
1641154822.595823 1640050063 c0:98:e5:42:00:29 -2147483647 
1641154822.596190 -2147483647 -2147483647 -2147483647 -2147483647 -2147483647 -2147483647 -2147483647 -2147483647 -2147483647 -2147483647 -2147483647 -2147483647 -2147483647 -2147483647 -2147483647 
1641154822.596855 -2147483647 -2147483647 -2147483647 -2147483647 -2147483647 -2147483647 -2147483647 -2147483647 -2147483647 -2147483647 -2147483647 -2147483647 -2147483647 -2147483647 -2147483647 
1641154822.843129 ### BLE EVENT: 17, INFO: BLE DISCONNECTED!
1641154823.588433 ### DEBUG: Ticks: 454, 15, 0 
1641154823.588639 1640050064 c0:98:e5:42:00:29 -2147483647 
1641154823.589829 -2147483647 -2147483647 -2147483647 -2147483647 -2147483647 -2147483647 -2147483647 -2147483647 -2147483647 -2147483647 -2147483647 -2147483647 -2147483647 -2147483647 -2147483647 
1641154823.590060 -2147483647 -2147483647 -2147483647 -2147483647 -2147483647 -2147483647 -2147483647 -2147483647 -2147483647 -2147483647 -2147483647 -2147483647 -2147483647 -2147483647 -2147483647 
1641154824.593397 ### DEBUG: Ticks: 470, 16, 0 
1641154824.593682 1640050065 c0:98:e5:42:00:29 -2147483647 
1641154824.594064 -2147483647 -2147483647 -2147483647 -2147483647 -2147483647 -2147483647 -2147483647 -2147483647 -2147483647 -2147483647 -2147483647 -2147483647 -2147483647 -2147483647 -2147483647 
1641154824.594735 -2147483647 -2147483647 -2147483647 -2147483647 -2147483647 -2147483647 -2147483647 -2147483647 -2147483647 -2147483647 -2147483647 -2147483647 -2147483647 -2147483647 -2147483647 
1641154824.694729 ### STOPPED, setting module to STOPPED
1641154824.705861 ### INFO: Switched Scheduler EUI from c0:98:e5:42:00:2c to 00:00:00:00:00:00
1641154824.935959 ### INFO: SD card flushed!
1641154824.936230 ### DEBUG: BLE START SCANNING called
1641154826.045231 ### DEBUG: BLE START SCANNING called
1641154826.077689 ### DEBUG: BLE START SCANNING called
1641154826.091726 ### DEBUG: BLE START SCANNING called
1641154826.092061 ### addr: c0:98:e5:42:00:29 
1641154826.092240 ### on_adv_report outer RSSI: -64, time:1640050066 
1641154826.092426 ### INFO: Discovered new device: c0:98:e5:42:00:29
1641154826.092654 ### INFO: Starting the SquarePoint module...
1641154826.104237 ### INFO: Starting SquarePoint module as SCHEDULER with timestamp 1640050066
1641154826.104510 ### DEBUG: BLE STOP SCANNING called
1641154826.104703 ### INFO: SquarePoint module successfully started!
1641154826.216641 ### DEBUG: Ticks: 495, 25, 0 
1641154826.216957 1640050067 ### INFO: Switched Scheduler EUI from 00:00:00:00:00:00 to c0:98:e5:42:00:2c
1641154827.321057 ### DEBUG: Ticks: 513, 18, 0 
1641154827.321337 1640050068 c0:98:e5:42:00:29 4503 
1641154827.321529 4381 4421 4443 4449 4450 4451 4453 4465 4468 4477 4479 4488 4490 4492 4497 
1641154827.321716 4509 4514 4518 4528 4539 4540 4540 4541 4548 4556 4561 4583 4593 4602 4630 
1641154828.319095 ### DEBUG: Ticks: 528, 15, 0 
1641154828.319351 1640050069 c0:98:e5:42:00:29 4887 
1641154828.319554 4368 4408 4411 4424 4429 4436 4446 4449 4453 4453 4456 4459 4464 4464 4477 
1641154828.319717 4484 4487 4494 4498 4501 4503 4511 4519 4540 4541 4555 4559 4564 4573 4592 
1641154829.326886 ### DEBUG: Ticks: 544, 16, 0 
1641154829.327164 1640050070 c0:98:e5:42:00:29 4699 
1641154829.327329 4230 4279 4281 4309 4312 4322 4332 4339 4340 4342 4347 4355 4355 4357 4360 
1641154829.327489 4364 4372 4376 4377 4391 4394 4401 4407 4408 4410 4434 4458 4461 4465 4498 
1641154830.323842 ### DEBUG: Ticks: 559, 15, 0 
1641154830.324142 1640050071 c0:98:e5:42:00:29 4184 
1641154830.324303 3703 3711 3716 3731 3745 3746 3747 3747 3751 3755 3760 3764 3769 3773 3780 
1641154830.324657 3812 3813 3813 3819 3833 3841 3844 3859 3868 3868 3876 3881 3888 3908 3999 
1641154831.324684 ### DEBUG: Ticks: 575, 16, 0 
1641154831.325289 1640050072 c0:98:e5:42:00:29 3548 
1641154831.325505 3076 3080 3091 3100 3112 3113 3116 3124 3129 3131 3142 3143 3147 3147 3148 
1641154831.325765 3153 3153 3158 3162 3168 3170 3174 3183 3192 3194 3196 3225 3235 3278 3310 
1641154832.324722 ### DEBUG: Ticks: 591, 16, 0 
1641154832.325016 1640050073 c0:98:e5:42:00:29 3090 
1641154832.325199 2674 2674 2677 2698 2701 2706 2707 2707 2712 2729 2729 2742 2744 2746 2749 
1641154832.325372 2751 2755 2767 2776 2777 2780 2796 2805 2812 2820 2854 2856 2856 2895 2920 
1641154833.321156 ### DEBUG: Ticks: 606, 15, 0 
1641154833.321437 1640050074 c0:98:e5:42:00:29 2974 
1641154833.321734 2469 2510 2522 2532 2535 2536 2537 2542 2543 2546 2547 2566 2566 2567 2568 
1641154833.322724 2572 2597 2607 2619 2623 2623 2632 2633 2634 2642 2645 2698 2731 2732 2738 
1641154834.323157 ### DEBUG: Ticks: 622, 16, 0 
1641154834.323393 1640050075 c0:98:e5:42:00:29 2705 
1641154834.323639 2284 2289 2294 2308 2314 2316 2323 2326 2328 2330 2346 2350 2353 2368 2373 
1641154834.323784 2380 2394 2395 2395 2398 2420 2433 2438 2458 2464 2468 2476 2501 2505 2511 
1641154835.327473 ### DEBUG: Ticks: 638, 16, 0 
1641154835.327839 1640050076 c0:98:e5:42:00:29 2190 
1641154835.328076 1768 1789 1790 1797 1801 1810 1814 1815 1817 1821 1825 1829 1836 1840 1845 
1641154835.328266 1848 1851 1857 1861 1863 1864 1865 1869 1875 1890 1908 1908 1924 1947 1956 
1641154836.321450 ### DEBUG: Ticks: 653, 15, 0 
1641154836.321719 1640050077 c0:98:e5:42:00:29 1629 
1641154836.321867 1212 1217 1234 1237 1246 1249 1249 1263 1264 1270 1272 1280 1280 1283 1286 
1641154836.322043 1287 1291 1301 1301 1304 1320 1323 1336 1353 1366 1380 1384 1385 1397 1415 
1641154837.324479 ### DEBUG: Ticks: 669, 16, 0 
1641154837.324762 1640050078 c0:98:e5:42:00:29 1322 
1641154837.324981 879 904 911 913 925 926 932 933 941 953 957 957 960 961 964 
1641154837.325170 971 977 981 988 992 1008 1009 1013 1020 1028 1028 1041 1055 1059 1086 
1641154838.318762 ### DEBUG: Ticks: 684, 15, 0 
1641154838.318983 1640050079 c0:98:e5:42:00:29 1559 
1641154838.330998 1093 1113 1121 1122 1133 1138 1138 1139 1141 1145 1146 1148 1152 1161 1172 
1641154838.331438 1178 1181 1187 1189 1192 1193 1203 1210 1216 1224 1234 1235 1256 1279 1372 
1641154839.324072 ### DEBUG: Ticks: 700, 16, 0 
1641154839.324367 1640050080 c0:98:e5:42:00:29 1956 
1641154839.324563 1525 1529 1540 1562 1572 1577 1581 1583 1585 1591 1591 1608 1626 1630 1632 
1641154839.324791 1641 1645 1646 1648 1649 1658 1665 1670 1671 1676 1684 1687 1692 1692 1707 
1641154840.142330 ### BLE EVENT: 16, INFO: BLE CONNECTED!
1641154840.142671 ### RSSI: -59, 28, 1640050081 ,713 
1641154840.241881 ### RSSI: -60, 0, 1640050081 ,715 
1641154840.319839 ### DEBUG: Ticks: 716, 16, 0 
1641154840.320088 1640050081 c0:98:e5:42:00:29 2345 
1641154840.320272 1837 1850 1879 1884 1888 1890 1909 1914 1918 1931 1932 1933 1939 1943 1944 
1641154840.320431 1950 1962 1968 1971 1976 1984 1988 1989 1991 1992 1993 2011 2016 2040 2042 
1641154840.352189 ### RSSI: -58, 14, 1640050081 ,716 
1641154840.441625 ### RSSI: -59, 12, 1640050081 ,718 
1641154840.551766 ### RSSI: -58, 4, 1640050081 ,719 
1641154840.651921 ### RSSI: -56, 13, 1640050082 ,721 
1641154840.745178 ### RSSI: -59, 22, 1640050082 ,722 
1641154840.847758 ### RSSI: -58, 6, 1640050082 ,724 
1641154840.950393 ### RSSI: -57, 6, 1640050082 ,725 
1641154841.041603 ### RSSI: -60, 29, 1640050082 ,727 
1641154841.143099 ### RSSI: -58, 1, 1640050082 ,729 
1641154841.242916 ### RSSI: -59, 2, 1640050082 ,730 
1641154841.319667 ### DEBUG: Ticks: 731, 15, 0 
1641154841.319970 1640050082 c0:98:e5:42:00:29 2377 
1641154841.320368 1915 1952 1967 1978 1985 1988 2002 2008 2008 2011 2015 2020 2023 2029 2031 
1641154841.320779 2063 2064 2064 2078 2078 2079 2083 2090 2101 2105 2122 2126 2128 2132 2144 
1641154841.342234 ### RSSI: -57, 13, 1640050082 ,732 
1641154841.443621 ### RSSI: -58, 7, 1640050082 ,733 
1641154841.551694 ### RSSI: -62, 21, 1640050083 ,735 
1641154841.653221 ### RSSI: -59, 19, 1640050083 ,736 
1641154841.742060 ### RSSI: -57, 36, 1640050083 ,738 
1641154842.319653 ### DEBUG: Ticks: 747, 16, 0 
1641154842.319893 1640050083 c0:98:e5:42:00:29 2239 
1641154842.330094 1749 1757 1785 1797 1819 1820 1821 1823 1828 1834 1840 1841 1862 1866 1874 
1641154842.330317 1875 1879 1898 1900 1912 1917 1921 1922 1929 1945 1947 1948 1949 1972 2082 
1641154842.846000 ### RSSI: -53, 36, 1640050084 ,755 
1641154843.321073 ### DEBUG: Ticks: 763, 16, 0 
1641154843.321411 1640050084 c0:98:e5:42:00:29 1978 
1641154843.322087 1540 1555 1557 1560 1560 1561 1566 1576 1577 1596 1597 1600 1616 1616 1617 
1641154843.322366 1649 1656 1659 1662 1685 1689 1690 1691 1693 1702 1708 1717 1720 1722 1742 
1641154843.843486 ### RSSI: -54, 35, 1640050085 ,771 
1641154844.326055 ### DEBUG: Ticks: 778, 15, 0 
1641154844.326303 1640050085 c0:98:e5:42:00:29 1813 
1641154844.326465 1389 1400 1411 1412 1425 1427 1442 1443 1450 1452 1456 1457 1463 1465 1467 
1641154844.326612 1480 1484 1490 1502 1508 1530 1536 1551 1584 1604 1608 1614 1660 1670 1680 
1641154844.844470 ### RSSI: -57, 10, 1640050086 ,786 
1641154845.325678 ### DEBUG: Ticks: 794, 16, 0 
1641154845.847629 1640050086 ### RSSI: -61, 10, 1640050087 ,802 
1641154846.324304 ### DEBUG: Ticks: 809, 15, 0 
1641154846.842214 1640050087 ### RSSI: -65, 12, 1640050088 ,818 
1641154847.323697 ### DEBUG: Ticks: 825, 16, 0 
1641154847.843999 1640050088 ### RSSI: -67, 15, 1640050088 ,833 
1641154848.322215 ### DEBUG: Ticks: 841, 16, 0 
1641154848.845743 1640050089 ### RSSI: -75, 7, 1640050089 ,849 
1641154849.315124 ### DEBUG: Ticks: 856, 15, 0 
1641154849.438028 1640050090 ### STOPPED, setting module to STOPPED
1641154849.438314 ### INFO: Switched Scheduler EUI from c0:98:e5:42:00:2c to 00:00:00:00:00:00
1641154849.742945 ### INFO: SD card flushed!
1641154849.743175 ### DEBUG: BLE START SCANNING called
1641154849.847413 ### RSSI: -64, 13, 1640050090 ,864 
1641154849.847739 ### DEBUG: BLE START SCANNING called
1641154849.952544 ### RSSI: -62, 19, 1640050090 ,866 
1641154849.952806 ### DEBUG: BLE START SCANNING called
1641154850.837269 ### DEBUG: BLE START SCANNING called
1641154850.884318 ### DEBUG: BLE START SCANNING called
1641154850.884559 ### DEBUG: BLE START SCANNING called
1641154850.884695 ### addr: c0:98:e5:42:00:29 
1641154850.884826 ### on_adv_report outer RSSI: -62, time:1640050091 
1641154850.884967 ### INFO: Discovered new device: c0:98:e5:42:00:29
1641154850.885099 ### INFO: Starting the SquarePoint module...
1641154850.885229 ### INFO: Starting SquarePoint module as SCHEDULER with timestamp 1640050091
1641154850.885392 ### DEBUG: BLE STOP SCANNING called
1641154850.885525 ### INFO: SquarePoint module successfully started!
1641154850.951053 ### RSSI: -64, 17, 1640050091 ,882 
1641154851.007590 ### DEBUG: Ticks: 883, 27, 0 
1641154851.007786 1640050092 ### INFO: Switched Scheduler EUI from 00:00:00:00:00:00 to c0:98:e5:42:00:2c
1641154851.940575 ### RSSI: -63, 27, 1640050093 ,897 
1641154852.019073 ### DEBUG: Ticks: 898, 15, 0 
1641154852.950468 1640050093 ### RSSI: -69, 24, 1640050094 ,913 
1641154853.015780 ### DEBUG: Ticks: 914, 16, 0 
1641154853.944053 1640050094 ### RSSI: -75, 32, 1640050095 ,928 
1641154854.020413 ### DEBUG: Ticks: 930, 16, 0 
1641154854.940962 1640050095 ### RSSI: -70, 14, 1640050095 ,944 
1641154855.018660 ### DEBUG: Ticks: 945, 15, 0 
1641154855.124974 1640050096 ### STOPPED, setting module to STOPPED
1641154855.125192 ### INFO: Switched Scheduler EUI from c0:98:e5:42:00:2c to 00:00:00:00:00:00
1641154855.260318 ### INFO: SD card flushed!
1641154855.261648 ### DEBUG: BLE START SCANNING called
1641154858.074299 
1641154858.074533 ----------------------------------------------
1641154858.074669 ### WARNING: Chip experienced a reset with reason 6
1641154858.074832 ### INFO: Bluetooth address: c0:98:e5:42:00:2c
1641154858.074964 ### DEBUG: Time is 00:00:00, 2000/00/00
1641154858.075095 ### INFO: Time is 00:00:00, 2000/00/00
1641154858.075224 ### INFO: Initializing SD Card...
1641154861.084620 ### INFO: Connecting to the SquarePoint module...
1641154861.179905 ### ERROR: Failed reading SquarePoint packet length
1641154861.290084 ### ERROR: SquarePoint module connection unsuccessful!
1641154861.347164 ### INFO: Connecting to the SquarePoint module...
1641154861.347494 ### INFO: SquarePoint module connection successful
1641154861.347768 ### INFO: Battery voltage currently 4264 mV
1641154861.479460 ### INFO: SD card flushed!
1641154861.501358 ### INFO: SD card flushed!
1641154861.501537 ### DEBUG: BLE START SCANNING called
1641154862.600535 ### DEBUG: BLE START SCANNING called
1641154862.602184 ### addr: c0:98:e5:42:00:29 
1641154862.604344 ### on_adv_report outer RSSI: -71, time:1640049420 
1641154862.608101 ### INFO: Discovered new device: c0:98:e5:42:00:29
1641154862.608325 ### INFO: Starting the SquarePoint module...
1641154862.612430 ### INFO: Starting SquarePoint module as SCHEDULER with timestamp 1640049420
1641154862.612658 ### DEBUG: BLE STOP SCANNING called
1641154862.613106 ### INFO: SquarePoint module successfully started!
1641154862.727378 ### DEBUG: Ticks: 85, 85, 0 
1641154862.727829 1640049421 ### INFO: Switched Scheduler EUI from 00:00:00:00:00:00 to c0:98:e5:42:00:2c
1641154863.826419 ### DEBUG: Ticks: 102, 17, 0 
1641154863.826624 1640049422 c0:98:e5:42:00:29 3949 
1641154863.826741 3832 3852 3876 3879 3879 3881 3885 3916 3924 3924 3930 3931 3934 3936 3948 
1641154863.837945 3950 3954 3955 3965 3969 3973 3979 3992 3992 3994 3996 4004 4033 4061 4072 
1641154864.830186 ### DEBUG: Ticks: 117, 15, 0 
1641154864.830438 1640049423 c0:98:e5:42:00:29 3453 
1641154864.830621 3357 3402 3408 3412 3412 3418 3422 3431 3434 3436 3439 3445 3448 3449 3453 
1641154864.830769 3454 3454 3457 3478 3479 3491 3505 3510 3519 3522 3522 3537 3547 3557 3563 
1641154865.821070 ### DEBUG: Ticks: 133, 16, 0 
1641154866.822442 1640049424 ### DEBUG: Ticks: 149, 16, 0 
1641154867.826280 1640049425 ### DEBUG: Ticks: 164, 15, 0 
1641154868.828160 1640049426 ### DEBUG: Ticks: 180, 16, 0 
1641154869.832989 1640049427 ### DEBUG: Ticks: 195, 15, 0 
1641154869.945285 1640049428 ### STOPPED, setting module to STOPPED
1641154869.946739 ### INFO: Switched Scheduler EUI from c0:98:e5:42:00:2c to 00:00:00:00:00:00
1641154870.092351 ### INFO: SD card flushed!
1641154870.092630 ### DEBUG: BLE START SCANNING called
1641154871.191284 ### DEBUG: BLE START SCANNING called
1641154871.191475 ### addr: c0:98:e5:42:00:29 
1641154871.191662 ### on_adv_report outer RSSI: -61, time:1640049429 
1641154871.191801 ### INFO: Discovered new device: c0:98:e5:42:00:29
1641154871.191918 ### INFO: Starting the SquarePoint module...
1641154871.202118 ### INFO: Starting SquarePoint module as SCHEDULER with timestamp 1640049429
1641154871.202344 ### DEBUG: BLE STOP SCANNING called
1641154871.202482 ### INFO: SquarePoint module successfully started!
1641154871.326671 ### DEBUG: Ticks: 219, 24, 0 
1641154871.326898 1640049430 ### INFO: Switched Scheduler EUI from 00:00:00:00:00:00 to c0:98:e5:42:00:2c
1641154872.418771 ### DEBUG: Ticks: 236, 17, 0 
1641154872.418998 1640049431 c0:98:e5:42:00:29 1389 
1641154872.419142 1302 1309 1315 1315 1327 1334 1336 1338 1351 1355 1360 1373 1377 1377 1388 
1641154872.419302 1390 1391 1391 1392 1401 1404 1412 1420 1420 1424 1424 1430 1436 1446 1447 
1641154873.422372 ### DEBUG: Ticks: 252, 16, 0 
1641154873.422580 1640049432 c0:98:e5:42:00:29 1872 
1641154873.422689 1415 1433 1438 1445 1453 1458 1459 1474 1484 1485 1494 1496 1499 1501 1503 
1641154873.422802 1509 1511 1512 1526 1528 1533 1537 1541 1541 1543 1549 1553 1566 1574 1624 
1641154874.424143 ### DEBUG: Ticks: 267, 15, 0 
1641154874.426175 1640049433 c0:98:e5:42:00:29 2290 
1641154874.429525 1802 1810 1816 1827 1829 1836 1836 1848 1861 1864 1881 1881 1883 1886 1889 
1641154874.430477 1891 1893 1900 1902 1917 1917 1924 1924 1934 1937 1946 1948 1950 1971 2038 
1641154875.425461 ### DEBUG: Ticks: 283, 16, 0 
1641154875.425721 1640049434 c0:98:e5:42:00:29 2319 
1641154875.425869 1882 1892 1905 1914 1926 1930 1932 1936 1954 1955 1957 1960 1978 1984 1985 
1641154875.426010 1989 1993 2002 2003 2012 2014 2015 2018 2024 2024 2041 2057 2066 2124 2213 
1641154876.423732 ### DEBUG: Ticks: 298, 15, 0 
1641154876.424008 1640049435 c0:98:e5:42:00:29 2359 
1641154876.424209 1882 1897 1908 1926 1928 1936 1945 1968 1982 1982 1985 1991 1997 2006 2013 
1641154876.424372 2019 2019 2020 2022 2024 2029 2033 2053 2063 2067 2067 2068 2070 2074 2212 
1641154877.423089 ### DEBUG: Ticks: 314, 16, 0 
1641154877.423279 1640049436 c0:98:e5:42:00:29 2381 
1641154877.423408 1905 1934 1944 1954 1962 1969 1982 1983 1988 1991 1993 1996 2017 2018 2025 
1641154877.423778 2027 2030 2038 2041 2043 2047 2050 2053 2072 2087 2105 2110 2137 2139 2152 
1641154878.419824 ### DEBUG: Ticks: 330, 16, 0 
1641154878.420048 1640049437 c0:98:e5:42:00:29 2309 
1641154878.420194 1871 1880 1887 1894 1926 1931 1939 1939 1949 1956 1957 1957 1960 1969 1973 
1641154878.420412 1976 1989 1995 2002 2010 2027 2034 2036 2060 2072 2085 2122 2132 2140 2482 
1641154879.426147 ### DEBUG: Ticks: 345, 15, 0 
1641154879.426469 1640049438 c0:98:e5:42:00:29 2281 
1641154879.426650 1900 1909 1910 1916 1918 1928 1945 1965 1968 1973 1994 1995 2004 2009 2019 
1641154879.426834 2023 2040 2056 2119 2125 2156 2160 2185 2200 2214 2216 2245 2312 2318 2325 
1641154880.366423 ### BLE EVENT: 16, INFO: BLE CONNECTED!
1641154880.366696 ### RSSI: -61, 14, 1640049439 ,360 
1641154880.421993 ### DEBUG: Ticks: 361, 16, 0 
1641154880.422223 1640049439 c0:98:e5:42:00:29 1979 
1641154880.422369 1477 1477 1503 1504 1508 1511 1513 1530 1530 1533 1551 1551 1551 1570 1573 
1641154880.422502 1587 1592 1596 1606 1616 1654 1664 1686 1694 1746 1773 1795 2439 2495 2530 
1641154880.466182 ### RSSI: -60, 26, 1640049439 ,362 
1641154880.567154 ### RSSI: -58, 19, 1640049439 ,363 
1641154880.667776 ### RSSI: -63, 0, 1640049439 ,365 
1641154880.776288 ### RSSI: -60, 15, 1640049439 ,366 
1641154880.865933 ### RSSI: -58, 21, 1640049439 ,368 
1641154880.974469 ### RSSI: -61, 28, 1640049439 ,369 
1641154881.074961 ### RSSI: -60, 24, 1640049439 ,371 
1641154881.173844 ### RSSI: -63, 12, 1640049439 ,373 
1641154881.275769 ### RSSI: -61, 15, 1640049439 ,374 
1641154881.373191 ### RSSI: -67, 10, 1640049440 ,376 
1641154881.427355 ### DEBUG: Ticks: 377, 16, 0 
1641154881.427767 1640049440 c0:98:e5:42:00:29 2246 
1641154881.427960 1732 1797 1806 1819 1841 1843 1843 1845 1847 1851 1852 1856 1866 1868 1873 
1641154881.428146 1877 1878 1880 1893 1904 1918 1932 1962 1969 1977 2003 2010 2029 2076 2137 
1641154881.573825 ### RSSI: -64, 21, 1640049440 ,379 
1641154881.674718 ### RSSI: -62, 9, 1640049440 ,380 
1641154881.773335 ### RSSI: -72, 4, 1640049440 ,382 
1641154881.873543 ### RSSI: -65, 2, 1640049440 ,384 
1641154881.970832 ### RSSI: -69, 14, 1640049440 ,385 
1641154882.072926 ### RSSI: -72, 15, 1640049440 ,387 
1641154882.424362 ### DEBUG: Ticks: 392, 15, 0 
1641154882.424662 1640049441 c0:98:e5:42:00:29 2790 
1641154882.424819 2385 2411 2412 2424 2426 2429 2430 2434 2436 2437 2438 2443 2445 2447 2451 
1641154882.424980 2453 2463 2464 2472 2486 2494 2506 2512 2534 2542 2558 2559 2632 2697 2812 
1641154883.067386 ### RSSI: -73, 19, 1640049441 ,402 
1641154883.422445 ### DEBUG: Ticks: 408, 16, 0 
1641154883.422698 1640049442 c0:98:e5:42:00:29 3383 
1641154883.422863 2957 2957 2971 2988 2991 3001 3002 3005 3010 3012 3015 3019 3022 3029 3029 
1641154883.423023 3036 3039 3048 3050 3083 3097 3112 3127 3134 3138 3140 3151 3266 3348 3445 
1641154884.067460 ### RSSI: -78, 14, 1640049442 ,418 
1641154884.417513 ### DEBUG: Ticks: 423, 15, 0 
1641154884.429839 1640049443 c0:98:e5:42:00:29 3594 
1641154884.430073 3134 3138 3164 3167 3172 3190 3190 3192 3201 3201 3202 3202 3204 3206 3207 
1641154884.430244 3223 3228 3238 3239 3248 3266 3293 3298 3315 3332 3360 3367 3395 3400 3482 
1641154885.069893 ### RSSI: -64, 12, 1640049443 ,434 
1641154885.422991 ### DEBUG: Ticks: 439, 16, 0 
1641154885.423305 1640049444 c0:98:e5:42:00:29 3753 
1641154885.423498 3300 3311 3324 3338 3350 3350 3353 3360 3368 3369 3370 3394 3396 3406 3419 
1641154885.423742 3424 3426 3429 3442 3443 3451 3457 3463 3463 3467 3486 3516 3536 3573 3601 
1641154886.067384 ### RSSI: -72, 12, 1640049444 ,449 
1641154886.420765 ### DEBUG: Ticks: 455, 16, 0 
1641154886.421025 1640049445 c0:98:e5:42:00:29 3771 
1641154886.421145 3397 3430 3430 3437 3441 3441 3442 3447 3462 3472 3476 3488 3497 3497 3508 
1641154886.421270 3509 3517 3517 3537 3545 3556 3567 3576 3581 3583 3592 3603 3603 3623 3661 
1641154887.075964 ### RSSI: -70, 1, 1640049446 ,465 
1641154887.416960 ### DEBUG: Ticks: 470, 15, 0 
1641154887.429094 1640049446 c0:98:e5:42:00:29 3574 
1641154887.429392 3175 3197 3207 3233 3233 3239 3241 3248 3256 3258 3261 3270 3272 3274 3284 
1641154887.429572 3284 3288 3291 3306 3315 3350 3351 3357 3372 3375 3377 3378 3383 3419 3501 
1641154888.068491 ### RSSI: -70, 36, 1640049447 ,480 
1641154888.422341 ### DEBUG: Ticks: 486, 16, 0 
1641154888.422549 1640049447 c0:98:e5:42:00:29 3732 
1641154888.422679 3302 3308 3312 3342 3370 3383 3387 3391 3399 3401 3404 3410 3413 3417 3418 
1641154888.422803 3419 3425 3434 3456 3459 3468 3472 3474 3475 3491 3514 3552 3554 3567 3578 
1641154889.070390 ### RSSI: -70, 18, 1640049448 ,496 
1641154889.423434 ### DEBUG: Ticks: 501, 15, 0 
1641154889.425215 1640049448 c0:98:e5:42:00:29 4085 
1641154889.425495 3590 3610 3630 3643 3655 3662 3678 3680 3688 3690 3697 3703 3703 3710 3719 
1641154889.425795 3720 3731 3735 3736 3737 3740 3743 3755 3763 3768 3770 3777 3778 3785 3868 
1641154890.070999 ### RSSI: -70, 4, 1640049449 ,512 
1641154890.423485 ### DEBUG: Ticks: 517, 16, 0 
1641154890.423791 1640049449 c0:98:e5:42:00:29 4649 
1641154890.423939 4169 4186 4198 4204 4210 4219 4220 4234 4246 4249 4254 4255 4257 4264 4269 
1641154890.424145 4275 4275 4287 4298 4301 4306 4306 4315 4316 4318 4323 4350 4351 4352 4389 
1641154891.071848 ### RSSI: -71, 2, 1640049450 ,527 
1641154891.425749 ### DEBUG: Ticks: 533, 16, 0 
1641154891.425975 1640049450 c0:98:e5:42:00:29 5228 
1641154891.426111 4750 4784 4792 4805 4817 4818 4820 4828 4838 4839 4849 4850 4851 4863 4864 
1641154891.426250 4867 4872 4873 4874 4880 4892 4899 4913 4915 4928 4947 4949 4964 4969 5121 
1641154892.066452 ### RSSI: -76, 23, 1640049451 ,543 
1641154892.413411 ### DEBUG: Ticks: 548, 15, 0 
1641154893.070384 1640049451 ### RSSI: -78, 11, 1640049452 ,558 
1641154893.421375 ### DEBUG: Ticks: 564, 16, 0 
1641154894.067615 1640049452 ### RSSI: -70, 9, 1640049453 ,574 
1641154894.425045 ### DEBUG: Ticks: 580, 16, 0 
1641154895.066742 1640049453 ### RSSI: -68, 18, 1640049454 ,590 
1641154895.418474 ### DEBUG: Ticks: 595, 15, 0 
1641154896.072631 1640049454 ### RSSI: -71, 21, 1640049455 ,605 
1641154896.418115 ### DEBUG: Ticks: 611, 16, 0 
1641154896.540777 1640049455 ### STOPPED, setting module to STOPPED
1641154896.545341 ### INFO: Switched Scheduler EUI from c0:98:e5:42:00:2c to 00:00:00:00:00:00
1641154896.840247 ### INFO: SD card flushed!
1641154896.840585 ### DEBUG: BLE START SCANNING called
1641154897.075093 ### RSSI: -69, 36, 1640049456 ,621 
1641154897.075338 ### DEBUG: BLE START SCANNING called
1641154897.937542 ### DEBUG: BLE START SCANNING called
1641154897.951106 ### DEBUG: BLE START SCANNING called
1641154897.961398 ### addr: c0:98:e5:42:00:29 
1641154897.965361 ### on_adv_report outer RSSI: -68, time:1640049457 
1641154897.967932 ### INFO: Discovered new device: c0:98:e5:42:00:29
1641154897.968613 ### INFO: Starting the SquarePoint module...
1641154897.969060 ### INFO: Starting SquarePoint module as SCHEDULER with timestamp 1640049457
1641154897.969458 ### DEBUG: BLE STOP SCANNING called
1641154897.969866 ### INFO: SquarePoint module successfully started!
1641154898.068881 ### RSSI: -83, 21, 1640049457 ,637 
1641154898.079374 ### DEBUG: Ticks: 637, 26, 0 
1641154898.079986 1640049458 ### INFO: Switched Scheduler EUI from 00:00:00:00:00:00 to c0:98:e5:42:00:2c
1641154899.071630 ### RSSI: -64, 16, 1640049459 ,652 
1641154899.094415 ### DEBUG: Ticks: 653, 16, 0 
1641154900.069048 1640049459 ### RSSI: -71, 4, 1640049460 ,668 
1641154900.090213 ### DEBUG: Ticks: 668, 15, 0 
1641154901.064521 1640049460 ### RSSI: -69, 36, 1640049461 ,683 
1641154901.090591 ### DEBUG: Ticks: 684, 16, 0 
1641154902.065940 1640049461 ### RSSI: -64, 22, 1640049462 ,699 
1641154902.088013 ### DEBUG: Ticks: 699, 15, 0 
1641154902.223377 1640049462 ### STOPPED, setting module to STOPPED
1641154902.226450 ### INFO: Switched Scheduler EUI from c0:98:e5:42:00:2c to 00:00:00:00:00:00
1641154902.355279 ### INFO: SD card flushed!
1641154902.355568 ### DEBUG: BLE START SCANNING called
1641154903.077309 ### RSSI: -72, 9, 1640049463 ,715 
1641154903.078779 ### DEBUG: BLE START SCANNING called
1641154903.498384 ### DEBUG: BLE START SCANNING called
1641154903.498661 ### DEBUG: BLE START SCANNING called
1641154904.073012 ### RSSI: -79, 36, 1640049464 ,730 
1641154904.073235 ### DEBUG: BLE START SCANNING called
1641154904.526406 ### DEBUG: BLE START SCANNING called
1641154904.549110 ### DEBUG: BLE START SCANNING called
1641154904.550620 ### DEBUG: BLE START SCANNING called
1641154904.551915 ### DEBUG: BLE START SCANNING called
1641154904.560518 ### DEBUG: BLE START SCANNING called
1641154904.560785 ### DEBUG: BLE START SCANNING called
1641154904.560941 ### DEBUG: BLE START SCANNING called
1641154904.582985 ### DEBUG: BLE START SCANNING called
1641154904.593318 ### DEBUG: BLE START SCANNING called
1641154905.073388 ### RSSI: -75, 6, 1640049465 ,746 
1641154905.073699 ### DEBUG: BLE START SCANNING called
1641154905.654743 ### addr: c0:98:e5:42:00:29 
1641154905.655025 ### on_adv_report outer RSSI: -68, time:1640049466 
1641154905.655182 ### INFO: Discovered new device: c0:98:e5:42:00:29
1641154905.655367 ### INFO: Starting the SquarePoint module...
1641154905.655608 ### INFO: Starting SquarePoint module as SCHEDULER with timestamp 1640049466
1641154905.655798 ### DEBUG: BLE STOP SCANNING called
1641154905.655949 ### INFO: SquarePoint module successfully started!
1641154905.787002 ### DEBUG: Ticks: 757, 58, 0 
1641154905.787190 1640049467 ### INFO: Switched Scheduler EUI from 00:00:00:00:00:00 to c0:98:e5:42:00:2c
1641154906.067905 ### RSSI: -65, 22, 1640049467 ,762 
1641154906.790685 ### DEBUG: Ticks: 773, 16, 0 
1641154907.072864 1640049468 ### RSSI: -62, 22, 1640049468 ,777 
1641154907.787103 ### DEBUG: Ticks: 788, 15, 0 
1641154908.072669 1640049469 ### RSSI: -58, 27, 1640049469 ,793 
1641154908.790016 ### DEBUG: Ticks: 804, 16, 0 
1641154909.065661 1640049470 ### RSSI: -58, 17, 1640049470 ,808 
1641154909.795497 ### DEBUG: Ticks: 820, 16, 0 
1641154909.885219 1640049471 ### STOPPED, setting module to STOPPED
1641154909.885502 ### INFO: Switched Scheduler EUI from c0:98:e5:42:00:2c to 00:00:00:00:00:00
1641154910.008379 ### INFO: SD card flushed!
1641154910.008661 ### DEBUG: BLE START SCANNING called
1641154910.066762 ### RSSI: -57, 10, 1640049471 ,824 
1641154910.067867 ### DEBUG: BLE START SCANNING called
1641154911.073263 ### RSSI: -61, 10, 1640049473 ,840 
1641154911.073563 ### DEBUG: BLE START SCANNING called
1641154911.117022 ### DEBUG: BLE START SCANNING called
1641154911.128939 ### DEBUG: BLE START SCANNING called
1641154911.129195 ### addr: c0:98:e5:42:00:29 
1641154911.129377 ### on_adv_report outer RSSI: -64, time:1640049473 
1641154911.141344 ### INFO: Discovered new device: c0:98:e5:42:00:29
1641154911.141595 ### INFO: Starting the SquarePoint module...
1641154911.141785 ### INFO: Starting SquarePoint module as SCHEDULER with timestamp 1640049473
1641154911.141935 ### DEBUG: BLE STOP SCANNING called
1641154911.142123 ### INFO: SquarePoint module successfully started!
1641154911.256083 ### DEBUG: Ticks: 843, 23, 0 
1641154911.256340 1640049474 ### INFO: Switched Scheduler EUI from 00:00:00:00:00:00 to c0:98:e5:42:00:2c
1641154912.069432 ### RSSI: -72, 20, 1640049475 ,855 
1641154912.264817 ### DEBUG: Ticks: 858, 15, 0 
1641154913.064379 1640049475 ### RSSI: -67, 33, 1640049476 ,871 
1641154913.272165 ### DEBUG: Ticks: 874, 16, 0 
1641154914.069405 1640049476 ### RSSI: -70, 28, 1640049477 ,886 
1641154914.269311 ### DEBUG: Ticks: 890, 16, 0 
1641154915.072760 1640049477 ### RSSI: -64, 27, 1640049478 ,902 
1641154915.272015 ### DEBUG: Ticks: 905, 15, 0 
1641154915.394453 1640049478 ### STOPPED, setting module to STOPPED
1641154915.394601 ### INFO: Switched Scheduler EUI from c0:98:e5:42:00:2c to 00:00:00:00:00:00
1641154915.527456 ### INFO: SD card flushed!
1641154915.527785 ### DEBUG: BLE START SCANNING called
1641154916.074400 ### RSSI: -61, 8, 1640049479 ,918 
1641154916.074688 ### DEBUG: BLE START SCANNING called
1641154916.613584 ### DEBUG: BLE START SCANNING called
1641154916.625382 ### DEBUG: BLE START SCANNING called
1641154916.648106 ### addr: c0:98:e5:42:00:29 
1641154916.648348 ### on_adv_report outer RSSI: -64, time:1640049479 
1641154916.648534 ### INFO: Discovered new device: c0:98:e5:42:00:29
1641154916.661320 ### INFO: Starting the SquarePoint module...
1641154916.665107 ### INFO: Starting SquarePoint module as SCHEDULER with timestamp 1640049479
1641154916.666073 ### DEBUG: BLE STOP SCANNING called
1641154916.666298 ### INFO: SquarePoint module successfully started!
1641154916.780353 ### DEBUG: Ticks: 929, 24, 0 
1641154916.780625 1640049480 ### INFO: Switched Scheduler EUI from 00:00:00:00:00:00 to c0:98:e5:42:00:2c
1641154917.069579 ### RSSI: -67, 31, 1640049481 ,933 
1641154917.790405 ### DEBUG: Ticks: 945, 16, 0 
1641154918.786741 1640049481 ### DEBUG: Ticks: 960, 15, 0 
1641154919.782534 1640049482 ### DEBUG: Ticks: 976, 16, 0 
1641154920.783151 1640049483 ### DEBUG: Ticks: 991, 15, 0 
1641154920.897161 1640049484 ### STOPPED, setting module to STOPPED
1641154920.897386 ### INFO: Switched Scheduler EUI from c0:98:e5:42:00:2c to 00:00:00:00:00:00
1641154921.034467 ### INFO: SD card flushed!
1641154921.034717 ### DEBUG: BLE START SCANNING called
1641154921.170957 ### BLE EVENT: 17, INFO: BLE DISCONNECTED!
1641154921.171176 ### DEBUG: BLE START SCANNING called
1641154922.134392 ### DEBUG: BLE START SCANNING called
1641154922.142155 ### DEBUG: BLE START SCANNING called
1641154922.153880 ### addr: c0:98:e5:42:00:29 
1641154922.154147 ### on_adv_report outer RSSI: -78, time:1640049485 
1641154922.154326 ### INFO: Discovered new device: c0:98:e5:42:00:29
1641154922.154501 ### INFO: Starting the SquarePoint module...
1641154922.154658 ### INFO: Starting SquarePoint module as SCHEDULER with timestamp 1640049485
1641154922.154806 ### DEBUG: BLE STOP SCANNING called
1641154922.154964 ### INFO: SquarePoint module successfully started!
1641154922.276334 ### DEBUG: Ticks: 1015, 24, 0 
1641154922.276614 1640049486 ### INFO: Switched Scheduler EUI from 00:00:00:00:00:00 to c0:98:e5:42:00:2c
1641154923.285415 ### DEBUG: Ticks: 1030, 15, 0 
1641154924.376237 1640049487 ### DEBUG: Ticks: 1048, 18, 0 
1641154924.376499 1640049488 c0:98:e5:42:00:29 3220 
1641154924.389569 3116 3137 3145 3161 3166 3177 3186 3197 3200 3202 3207 3211 3214 3215 3220 
1641154924.389792 3221 3235 3242 3246 3248 3249 3250 3257 3262 3269 3279 3302 3312 3434 3464 
1641154925.380614 ### DEBUG: Ticks: 1063, 15, 0 
1641154925.382095 1640049489 c0:98:e5:42:00:29 4128 
1641154925.384996 3630 3666 3672 3695 3702 3708 3716 3717 3722 3733 3734 3735 3738 3742 3748 
1641154925.388022 3752 3756 3758 3759 3768 3771 3774 3778 3786 3786 3813 3833 3837 3857 3898 
1641154926.381319 ### DEBUG: Ticks: 1079, 16, 0 
1641154926.381515 1640049490 c0:98:e5:42:00:29 4758 
1641154926.381626 4258 4357 4360 4374 4377 4387 4392 4392 4393 4402 4412 4413 4416 4422 4425 
1641154926.381732 4425 4425 4428 4438 4441 4442 4450 4456 4456 4459 4469 4503 4514 4536 4537 
1641154927.378721 ### DEBUG: Ticks: 1094, 15, 0 
1641154927.378910 1640049491 c0:98:e5:42:00:29 5299 
1641154927.379001 4852 4873 4880 4890 4894 4913 4916 4918 4929 4944 4950 4953 4957 4957 4962 
1641154927.379107 4967 4970 4971 4974 4974 4976 4980 4981 4985 4988 5030 5030 5037 5051 5159 
1641154928.375969 ### DEBUG: Ticks: 1110, 16, 0 
1641154929.381129 1640049492 ### DEBUG: Ticks: 1126, 16, 0 
1641154932.429037 
1641154932.429327 ----------------------------------------------
1641154932.429507 ### WARNING: Chip experienced a reset with reason 6
1641154932.429695 ### INFO: Bluetooth address: c0:98:e5:42:00:2c
1641154932.429897 ### DEBUG: Time is 00:00:00, 2000/00/00
1641154932.430071 ### INFO: Time is 00:00:00, 2000/00/00
1641154932.430256 ### INFO: Initializing SD Card...
1641154935.155955 ### INFO: Connecting to the SquarePoint module...
1641154935.156139 ### INFO: SquarePoint module connection successful
1641154935.156231 ### INFO: Battery voltage currently 4209 mV
1641154935.288148 ### INFO: SD card flushed!
1641154935.309869 ### INFO: SD card flushed!
1641154935.310121 ### DEBUG: BLE START SCANNING called
1641154936.397003 ### addr: c0:98:e5:42:00:29 
1641154936.399296 ### on_adv_report outer RSSI: -68, time:1640049420 
1641154936.400030 ### INFO: Discovered new device: c0:98:e5:42:00:29
1641154936.400317 ### INFO: Starting the SquarePoint module...
1641154936.407209 ### ERROR: Unable to communicate with the SquarePoint module
1641154936.407466 ### DEBUG: connected? already connected
1641154936.407714 ### DEBUG: BLE START SCANNING called
1641154936.452944 ### BLE EVENT: 16, INFO: BLE CONNECTED!
1641154936.453165 ### INFO: Starting the SquarePoint module...
1641154936.453302 ### RSSI: -70, 13, 1640049420 ,79 
1641154936.554536 ### RSSI: -70, 25, 1640049420 ,81 
1641154936.577492 ### ERROR: Unable to communicate with the SquarePoint module
1641154936.577720 ### DEBUG: BLE START SCANNING called
1641154936.577868 ### INFO: Starting the SquarePoint module...
1641154936.650495 ### RSSI: -73, 22, 1640049420 ,82 
1641154936.695297 ### ERROR: Unable to communicate with the SquarePoint module
1641154936.696820 ### DEBUG: BLE START SCANNING called
1641154936.698920 ### INFO: Starting the SquarePoint module...
1641154936.752129 ### ERROR: Unable to communicate with the SquarePoint module
1641154936.755074 ### DEBUG: BLE START SCANNING called
1641154936.757185 ### RSSI: -73, 14, 1640049420 ,84 
1641154936.761968 ### INFO: Starting the SquarePoint module...
1641154936.763480 ### ERROR: Unable to communicate with the SquarePoint module
1641154936.764322 ### DEBUG: BLE START SCANNING called
1641154936.851495 ### RSSI: -82, 22, 1640049420 ,85 
1641154936.852085 ### INFO: Starting the SquarePoint module...
1641154936.862420 ### INFO: Starting SquarePoint module as SCHEDULER with timestamp 1640049420
1641154936.862705 ### DEBUG: BLE STOP SCANNING called
1641154936.862876 ### INFO: SquarePoint module successfully started!
1641154936.973964 ### DEBUG: Ticks: 87, 87, 1 
1641154936.974498 1640049421 ### INFO: Switched Scheduler EUI from 00:00:00:00:00:00 to c0:98:e5:42:00:2c
1641154937.054916 ### RSSI: -78, 15, 1640049421 ,89 
1641154937.152225 ### RSSI: -73, 26, 1640049422 ,90 
1641154937.254519 ### RSSI: -70, 9, 1640049422 ,92 
1641154937.355358 ### RSSI: -70, 32, 1640049422 ,93 
1641154937.455147 ### RSSI: -69, 14, 1640049422 ,95 
1641154937.553867 ### RSSI: -72, 34, 1640049422 ,96 
1641154937.652268 ### RSSI: -73, 3, 1640049422 ,98 
1641154937.750453 ### RSSI: -71, 22, 1640049422 ,100 
1641154937.848251 ### RSSI: -74, 31, 1640049422 ,101 
1641154937.958961 ### RSSI: -72, 31, 1640049422 ,103 
1641154938.054304 ### RSSI: -67, 4, 1640049422 ,104 
1641154938.151752 ### RSSI: -62, 12, 1640049423 ,106 
1641154939.157080 ### RSSI: -65, 33, 1640049424 ,121 
1641154940.083214 ### DEBUG: Ticks: 136, 49, 1 
1641154940.083467 1640049424 c0:98:e5:42:00:29 3264 
1641154940.083753 2801 2820 2832 2839 2847 2849 2855 2866 2881 2883 2883 2885 2887 2889 2895 
1641154940.083855 2898 2901 2903 2903 2904 2905 2908 2910 2934 2938 2958 2960 2960 2964 2995 
1641154940.148511 ### RSSI: -68, 13, 1640049424 ,137 
1641154941.078782 ### DEBUG: Ticks: 151, 15, 1 
1641154941.079003 1640049425 c0:98:e5:42:00:29 3354 
1641154941.079146 2949 2949 2964 2967 2968 2975 2979 2984 2985 2988 2997 3002 3005 3014 3015 
1641154941.079294 3016 3020 3026 3035 3036 3041 3043 3045 3050 3054 3055 3076 3077 3081 3173 
1641154941.157734 ### RSSI: -68, 15, 1640049425 ,153 
1641154942.152974 ### RSSI: -61, 11, 1640049426 ,168 
1641154943.077391 ### DEBUG: Ticks: 183, 32, 1 
1641154943.077670 1640049427 c0:98:e5:42:00:29 3364 
1641154943.077791 2923 2965 2970 2970 2978 2980 2988 2994 2998 3000 3003 3006 3007 3016 3019 
1641154943.089969 3025 3027 3043 3044 3045 3046 3047 3053 3061 3065 3069 3105 3127 3130 3135 
1641154943.156054 ### RSSI: -59, 30, 1640049427 ,184 
1641154944.078323 ### DEBUG: Ticks: 198, 15, 1 
1641154944.079179 1640049428 c0:98:e5:42:00:29 2903 
1641154944.079364 2471 2487 2517 2523 2523 2525 2528 2534 2545 2552 2559 2560 2567 2568 2571 
1641154944.089494 2575 2579 2580 2589 2591 2592 2596 2603 2604 2612 2614 2623 2658 2661 2698 
1641154944.156286 ### RSSI: -57, 29, 1640049428 ,199 
1641154945.077663 ### DEBUG: Ticks: 214, 16, 1 
1641154945.077933 1640049429 c0:98:e5:42:00:29 2590 
1641154945.078100 2123 2124 2135 2170 2179 2184 2200 2202 2204 2212 2226 2231 2232 2234 2248 
1641154945.078262 2251 2254 2255 2262 2267 2268 2270 2281 2284 2287 2295 2295 2301 2320 2404 
1641154945.157011 ### RSSI: -55, 10, 1640049429 ,215 
1641154946.077077 ### DEBUG: Ticks: 230, 16, 1 
1641154946.155307 1640049430 ### RSSI: -55, 19, 1640049430 ,231 
1641154947.074831 ### DEBUG: Ticks: 245, 15, 1 
1641154947.151274 1640049431 ### RSSI: -65, 11, 1640049431 ,246 
1641154948.072520 ### DEBUG: Ticks: 261, 16, 1 
1641154948.148505 1640049432 ### RSSI: -62, 31, 1640049432 ,262 
1641154949.071886 ### DEBUG: Ticks: 276, 15, 1 
1641154949.153735 1640049433 ### RSSI: -69, 8, 1640049433 ,278 
1641154950.082384 ### DEBUG: Ticks: 292, 16, 1 
1641154950.148602 1640049434 ### INFO: SquarePoint communications appear to be down...restarting
1641154950.148887 ### INFO: Switched Scheduler EUI from c0:98:e5:42:00:2c to 00:00:00:00:00:00
1641154950.149116 ### RSSI: -64, 31, 1640049434 ,293 
1641154950.346108 ### INFO: SD card flushed!
1641154950.347856 ### STOPPED, setting module to STOPPED
1641154950.348254 ### DEBUG: BLE START SCANNING called
1641154951.147489 ### DEBUG: BLE START SCANNING called
1641154951.159927 ### RSSI: -62, 26, 1640049435 ,309 
1641154951.160067 ### DEBUG: BLE START SCANNING called
1641154952.153614 ### DEBUG: BLE START SCANNING called
1641154952.153959 ### RSSI: -56, 30, 1640049436 ,324 
1641154952.154027 ### DEBUG: BLE START SCANNING called
1641154953.146449 ### DEBUG: BLE START SCANNING called
1641154953.157367 ### RSSI: -64, 26, 1640049437 ,340 
1641154953.157556 ### DEBUG: BLE START SCANNING called
1641154954.153766 ### DEBUG: BLE START SCANNING called
1641154954.154339 ### RSSI: -65, 15, 1640049438 ,356 
1641154954.154523 ### DEBUG: BLE START SCANNING called
1641154955.149787 ### DEBUG: BLE START SCANNING called
1641154955.150080 ### RSSI: -70, 6, 1640049439 ,371 
1641154955.150295 ### DEBUG: BLE START SCANNING called
1641154956.160667 ### DEBUG: BLE START SCANNING called
1641154956.160950 ### RSSI: -69, 14, 1640049440 ,387 
1641154956.161136 ### DEBUG: BLE START SCANNING called
1641154957.001254 ### INFO: Device is now STATIONARY
1641154957.001479 ### DEBUG: BLE START SCANNING called
1641154957.156458 ### DEBUG: BLE START SCANNING called
1641154957.156725 ### RSSI: -59, 17, 1640049441 ,403 
1641154957.156917 ### DEBUG: BLE START SCANNING called
1641154958.150546 ### DEBUG: BLE START SCANNING called
1641154958.150800 ### RSSI: -57, 7, 1640049442 ,418 
1641154958.150984 ### DEBUG: BLE START SCANNING called
1641154959.151769 ### DEBUG: BLE START SCANNING called
1641154959.152852 ### RSSI: -60, 15, 1640049443 ,434 
1641154959.153861 ### DEBUG: BLE START SCANNING called
1641154960.152758 ### DEBUG: BLE START SCANNING called
1641154960.152957 ### RSSI: -54, 4, 1640049444 ,449 
1641154960.153155 ### DEBUG: BLE START SCANNING called
1641154961.153928 ### DEBUG: BLE START SCANNING called
1641154961.154216 ### RSSI: -51, 14, 1640049446 ,465 
1641154961.154484 ### DEBUG: BLE START SCANNING called
1641154962.156058 ### DEBUG: BLE START SCANNING called
1641154962.156348 ### RSSI: -49, 22, 1640049447 ,481 
1641154962.156473 ### DEBUG: BLE START SCANNING called
1641154963.152916 ### DEBUG: BLE START SCANNING called
1641154963.153281 ### RSSI: -51, 31, 1640049448 ,496 
1641154963.153464 ### DEBUG: BLE START SCANNING called
1641154964.149989 ### DEBUG: BLE START SCANNING called
1641154964.151044 ### RSSI: -51, 20, 1640049449 ,512 
1641154964.152047 ### DEBUG: BLE START SCANNING called
1641154965.149237 ### DEBUG: BLE START SCANNING called
1641154965.149381 ### RSSI: -47, 4, 1640049450 ,527 
1641154965.149450 ### DEBUG: BLE START SCANNING called
