1641693447.774871 ###RTT Client: ************************************************************ 
1641693447.775060 ###RTT Client: *               SEGGER Microcontroller GmbH                * 
1641693447.775112 ###RTT Client: *   Solutions for real time microcontroller applications   * 
1641693447.775163 ###RTT Client: ************************************************************ 
1641693447.775221 ###RTT Client: *                                                          * 
1641693447.775267 ###RTT Client: *       (c) 2012 - 2016  SEGGER Microcontroller GmbH       * 
1641693447.775306 ###RTT Client: *                                                          * 
1641693447.775345 ###RTT Client: *     www.segger.com     Support: support@segger.com       * 
1641693447.775390 ###RTT Client: *                                                          * 
1641693447.775443 ###RTT Client: ************************************************************ 
1641693447.775497 ###RTT Client: *                                                          * 
1641693447.775557 ###RTT Client: * SEGGER J-Link RTT Client   Compiled Jan 30 2018 18:46:58 * 
1641693447.775616 ###RTT Client: *                                                          * 
1641693447.775666 ###RTT Client: ************************************************************ 
1641693447.775711 
1641693447.775761 ###RTT Client: -----------------------------------------------
1641693447.775810 ###RTT Client: Connecting to J-Link RTT Server via localhost:9201  Connected.
1641693447.775860 SEGGER J-Link V6.30 - Real time terminal output
1641693447.775910 J-Link EDU Mini V1 compiled Oct  2 2020 17:00:40 V1.0, SN=801021851
1641693447.775960 Process: JLinkExe
1641693447.776009 ### RSSI: -46, 3, 1640051193 ,171 
1641693447.776062 ### DEBUG: Ticks: 177, 16, 1 
1641693447.776111 1640051193 c0:98:e5:42:00:29 260 
1641693447.776161 -368 -349 -314 -306 -261 -240 -240 -228 -228 -224 -220 -219 -217 -207 -201 
1641693447.776210 -198 -195 -192 -185 -182 -165 -162 -160 -142 -141 -111 -97 -81 -79 32 
1641693447.776263 ### RSSI: -46, 25, 1640051194 ,187 
1641693447.776312 ### DEBUG: Ticks: 192, 15, 1 
1641693447.776360 1640051194 c0:98:e5:42:00:29 240 
1641693447.776409 -373 -357 -332 -293 -276 -265 -263 -260 -255 -253 -242 -236 -230 -229 -229 
1641693447.776459 -224 -216 -214 -212 -198 -192 -182 -169 -164 -155 -147 -126 -90 -43 8 
1641693447.776508 ### RSSI: -45, 7, 1640051195 ,202 
1641693447.776557 ### DEBUG: Ticks: 208, 16, 1 
1641693447.776606 1640051195 c0:98:e5:42:00:29 202 
1641693447.776652 -427 -384 -355 -352 -337 -335 -322 -320 -314 -311 -310 -301 -301 -277 -270 
1641693447.776704 -265 -263 -256 -255 -254 -254 -253 -248 -241 -233 -226 -219 -192 -138 -118 
1641693447.776752 ### RSSI: -48, 33, 1640051196 ,218 
1641693447.776802 ### DEBUG: Ticks: 223, 15, 1 
1641693447.776851 1640051196 c0:98:e5:42:00:29 245 
1641693447.776900 -437 -423 -412 -392 -382 -380 -375 -368 -359 -357 -353 -352 -351 -349 -348 
1641693447.776949 -340 -331 -329 -314 -311 -293 -292 -277 -268 -266 -245 -224 -205 -190 -152 
1641693447.776998 ### RSSI: -49, 35, 1640051197 ,233 
1641693447.777048 ### DEBUG: Ticks: 239, 16, 1 
1641693447.777097 1640051197 c0:98:e5:42:00:29 256 
1641693447.777147 -365 -363 -347 -334 -313 -299 -289 -279 -269 -264 -258 -257 -250 -239 -238 
1641693447.777193 -237 -233 -230 -222 -217 -206 -206 -198 -188 -178 -146 -131 -109 -59 -20 
1641693447.777231 ### RSSI: -46, 2, 1640051198 ,249 
1641693447.777270 ### DEBUG: Ticks: 255, 16, 1 
1641693447.777809 1640051198 c0:98:e5:42:00:29 244 
1641693447.777943 -404 -359 -359 -349 -349 -329 -308 -305 -299 -299 -285 -262 -260 -257 -254 
1641693447.778065 -246 -233 -229 -224 -222 -212 -203 -197 -194 -188 -177 -176 -153 -101 -8 
1641693447.778184 ### RSSI: -47, 23, 1640051198 ,265 
1641693447.778234 ### DEBUG: Ticks: 270, 15, 1 
1641693447.778277 1640051199 c0:98:e5:42:00:29 252 
1641693447.778320 -316 -311 -296 -226 -225 -220 -212 -187 -186 -181 -180 -179 -177 -175 -166 
1641693447.778362 -162 -159 -156 -154 -144 -142 -141 -131 -126 -125 -103 -80 -45 -23 2 
1641693447.778404 ### RSSI: -48, 25, 1640051199 ,280 
1641693447.778445 ### DEBUG: Ticks: 286, 16, 1 
1641693447.778487 1640051200 c0:98:e5:42:00:29 245 
1641693447.778528 -418 -368 -357 -348 -340 -334 -310 -293 -292 -276 -273 -270 -258 -254 -250 
1641693447.778570 -244 -238 -235 -231 -229 -227 -210 -209 -193 -183 -180 -178 -169 -137 -13 
1641693447.778611 ### RSSI: -45, 13, 1640051200 ,296 
1641693447.778653 ### DEBUG: Ticks: 301, 15, 1 
1641693447.778694 1640051201 c0:98:e5:42:00:29 255 
1641693447.778736 -292 -285 -256 -223 -201 -195 -191 -177 -174 -169 -169 -157 -156 -153 -150 
1641693447.778777 -131 -128 -127 -125 -124 -119 -116 -113 -93 -89 -86 -60 -56 -10 90 
1641693447.778819 ### RSSI: -45, 0, 1640051201 ,312 
1641693447.778860 ### DEBUG: Ticks: 317, 16, 1 
1641693447.778902 1640051202 c0:98:e5:42:00:29 260 
1641693447.778943 -431 -378 -346 -337 -331 -330 -327 -323 -317 -314 -306 -295 -278 -258 -258 
1641693447.778985 -246 -233 -229 -224 -209 -208 -207 -187 -184 -183 -166 -158 -150 -137 -111 
1641693447.779028 ### RSSI: -48, 24, 1640051202 ,327 
1641693447.779070 ### DEBUG: Ticks: 333, 16, 1 
1641693447.779111 1640051203 c0:98:e5:42:00:29 235 
1641693447.779161 -441 -361 -355 -354 -342 -339 -332 -326 -316 -310 -307 -298 -292 -287 -261 
1641693447.779211 -252 -251 -243 -241 -240 -235 -232 -225 -216 -214 -197 -185 -177 -171 -119 
1641693447.779260 ### RSSI: -48, 25, 1640051203 ,343 
1641693447.779310 ### RSSI: -45, 13, 1640051204 ,358 
1641693447.779360 ### RSSI: -48, 35, 1640051205 ,374 
1641693447.779401 ### RSSI: -45, 4, 1640051207 ,390 
1641693447.779443 ### DEBUG: Ticks: 395, 62, 1 
1641693447.779485 1640051207 c0:98:e5:42:00:29 268 
1641693447.779526 -446 -382 -381 -376 -375 -337 -325 -325 -319 -313 -306 -289 -283 -279 -270 
1641693447.779567 -260 -257 -254 -245 -241 -240 -230 -227 -214 -210 -199 -180 -171 -151 -118 
1641693447.779609 ### RSSI: -46, 2, 1640051208 ,405 
1641693447.779651 ### DEBUG: Ticks: 411, 16, 1 
1641693447.779692 1640051208 c0:98:e5:42:00:29 257 
1641693447.779733 -434 -383 -383 -381 -379 -377 -374 -368 -361 -356 -338 -330 -329 -325 -320 
1641693447.779775 -300 -299 -286 -284 -281 -280 -279 -267 -261 -258 -238 -231 -209 -186 -185 
1641693447.779816 ### RSSI: -48, 22, 1640051209 ,421 
1641693447.779857 ### DEBUG: Ticks: 426, 15, 1 
1641693447.779898 1640051209 c0:98:e5:42:00:29 283 
1641693447.779940 -406 -380 -372 -363 -344 -339 -324 -300 -297 -291 -290 -283 -269 -269 -259 
1641693447.779981 -254 -253 -249 -246 -246 -241 -240 -221 -219 -219 -167 -166 -132 -89 -57 
1641693447.780023 ### RSSI: -49, 28, 1640051210 ,436 
1641693447.780064 ### DEBUG: Ticks: 442, 16, 1 
1641693447.780105 1640051210 c0:98:e5:42:00:29 172 
1641693447.780147 -399 -329 -322 -315 -308 -306 -289 -287 -280 -276 -261 -244 -222 -219 -219 
1641693447.780189 -217 -205 -201 -193 -188 -184 -174 -170 -168 -139 -125 -123 -100 -95 -78 
1641693447.780230 ### RSSI: -46, 15, 1640051211 ,452 
1641693447.780271 ### DEBUG: Ticks: 458, 16, 1 
1641693447.780313 1640051211 c0:98:e5:42:00:29 281 
1641693447.780354 -434 -387 -378 -369 -365 -353 -347 -328 -317 -316 -313 -296 -294 -281 -275 
1641693447.780396 -272 -256 -253 -251 -250 -248 -245 -226 -225 -224 -214 -212 -172 -143 -114 
1641693447.780437 ### RSSI: -45, 10, 1640051212 ,468 
1641693447.780479 ### DEBUG: Ticks: 473, 15, 1 
1641693447.780520 1640051212 c0:98:e5:42:00:29 256 
1641693447.780561 -448 -387 -378 -365 -363 -360 -359 -357 -353 -351 -332 -331 -308 -296 -296 
1641693447.780603 -288 -287 -286 -285 -276 -269 -268 -254 -251 -239 -237 -234 -192 -123 -95 
1641693447.780644 ### RSSI: -48, 36, 1640051213 ,483 
1641693447.780685 ### DEBUG: Ticks: 489, 16, 1 
1641693447.780727 1640051213 c0:98:e5:42:00:29 245 
1641693447.780768 -529 -448 -447 -444 -431 -421 -417 -415 -397 -389 -388 -387 -380 -379 -377 
1641693447.780809 -362 -360 -360 -351 -341 -333 -324 -323 -310 -310 -298 -291 -277 -198 -186 
1641693447.780851 ### RSSI: -45, 4, 1640051214 ,499 
1641693447.780892 ### DEBUG: Ticks: 505, 16, 1 
1641693447.780934 1640051214 c0:98:e5:42:00:29 263 
1641693447.780975 -364 -355 -327 -301 -280 -269 -260 -252 -244 -244 -241 -234 -231 -227 -224 
1641693447.781016 -217 -212 -210 -201 -200 -194 -186 -179 -176 -143 -127 -99 -69 -61 -58 
1641693447.781058 ### RSSI: -45, 16, 1640051215 ,515 
1641693447.781099 ### DEBUG: Ticks: 520, 15, 1 
1641693447.781140 1640051215 c0:98:e5:42:00:29 229 
1641693447.781181 -413 -401 -370 -356 -349 -349 -333 -333 -323 -321 -315 -297 -279 -279 -273 
1641693447.781223 -261 -261 -257 -256 -253 -252 -243 -237 -233 -226 -224 -222 -172 -107 -106 
1641693447.781264 ### RSSI: -48, 33, 1640051216 ,530 
1641693447.781319 ### DEBUG: Ticks: 536, 16, 1 
1641693447.781362 1640051216 c0:98:e5:42:00:29 227 
1641693447.781404 -399 -370 -352 -331 -316 -294 -290 -281 -277 -274 -258 -254 -249 -243 -241 
1641693447.781445 -232 -230 -229 -226 -222 -216 -210 -202 -200 -199 -162 -128 -117 -109 -84 
1641693447.781486 ### RSSI: -49, 26, 1640051217 ,546 
1641693447.781528 ### DEBUG: Ticks: 551, 15, 1 
1641693447.781605 1640051217 c0:98:e5:42:00:29 217 
1641693447.781647 -465 -430 -424 -423 -400 -397 -395 -379 -371 -371 -364 -359 -355 -333 -332 
1641693447.781689 -325 -316 -315 -313 -306 -305 -305 -292 -268 -256 -236 -236 -235 -186 -178 
1641693447.781731 ### RSSI: -47, 21, 1640051218 ,561 
1641693447.781772 ### DEBUG: Ticks: 567, 16, 1 
1641693447.781814 1640051218 c0:98:e5:42:00:29 207 
1641693447.781855 -432 -381 -373 -367 -363 -333 -332 -323 -308 -307 -300 -299 -282 -269 -266 
1641693447.781897 -263 -256 -256 -255 -250 -249 -226 -223 -215 -210 -206 -196 -172 -147 -52 
1641693447.781938 ### RSSI: -49, 34, 1640051219 ,577 
1641693447.781980 ### DEBUG: Ticks: 583, 16, 1 
1641693447.782021 1640051219 c0:98:e5:42:00:29 276 
1641693447.782063 -274 -224 -223 -215 -205 -203 -191 -180 -174 -161 -157 -153 -150 -128 -125 
1641693447.782105 -125 -118 -114 -103 -90 -89 -79 -76 -75 -67 -55 -38 -21 106 0 
1641693447.782147 ### RSSI: -46, 13, 1640051220 ,593 
1641693447.782188 ### DEBUG: Ticks: 598, 15, 1 
1641693447.782229 1640051220 c0:98:e5:42:00:29 271 
1641693447.782271 -323 -302 -278 -232 -225 -225 -213 -212 -209 -184 -170 -165 -164 -163 -161 
1641693447.782312 -159 -158 -156 -147 -146 -145 -140 -139 -138 -127 -77 -64 -40 8 45 
1641693447.782353 ### RSSI: -49, 29, 1640051221 ,608 
1641693447.782395 ### DEBUG: Ticks: 614, 16, 1 
1641693447.782436 1640051221 c0:98:e5:42:00:29 272 
1641693447.782478 -379 -321 -320 -309 -305 -301 -299 -288 -285 -278 -265 -262 -242 -242 -229 
1641693447.782519 -227 -213 -210 -210 -209 -206 -193 -192 -188 -152 -144 -143 -133 -113 -80 
1641693447.782560 ### INFO: SD card flushed!
1641693447.782602 ### RSSI: -48, 23, 1640051222 ,624 
1641693447.782643 ### DEBUG: Ticks: 630, 16, 1 
1641693447.782685 1640051222 c0:98:e5:42:00:29 254 
1641693447.782726 -352 -326 -315 -300 -300 -291 -276 -266 -264 -228 -215 -209 -208 -208 -207 
1641693447.782779 -204 -199 -192 -191 -189 -185 -169 -157 -156 -154 -149 -144 -104 -80 -45 
1641693447.782822 ### RSSI: -45, 6, 1640051222 ,640 
1641693447.782863 ### DEBUG: Ticks: 645, 15, 1 
1641693447.782905 1640051223 c0:98:e5:42:00:29 242 
1641693447.782947 -549 -515 -504 -491 -491 -484 -469 -467 -461 -454 -450 -419 -419 -417 -414 
1641693447.782989 -403 -392 -388 -386 -378 -378 -373 -364 -361 -339 -334 -327 -314 -270 -263 
1641693447.783030 ### RSSI: -47, 15, 1640051223 ,655 
1641693447.783072 ### DEBUG: Ticks: 661, 16, 1 
1641693447.783113 1640051224 c0:98:e5:42:00:29 245 
1641693447.783155 -354 -307 -286 -285 -284 -263 -247 -226 -224 -212 -202 -195 -189 -189 -187 
1641693447.783197 -185 -183 -180 -171 -170 -159 -152 -146 -137 -130 -121 -98 -67 -27 61 
1641693447.783238 ### RSSI: -48, 20, 1640051224 ,671 
1641693447.783280 ### DEBUG: Ticks: 676, 15, 1 
1641693447.783321 1640051225 c0:98:e5:42:00:29 233 
1641693447.783362 -391 -383 -377 -345 -336 -330 -323 -322 -322 -303 -288 -283 -278 -273 -265 
1641693447.783404 -263 -261 -253 -247 -245 -242 -237 -217 -200 -175 -171 -155 -95 -52 0 
1641693447.783446 ### RSSI: -49, 28, 1640051225 ,686 
1641693447.783488 ### RSSI: -45, 5, 1640051226 ,702 
1641693447.783530 ### RSSI: -46, 14, 1640051227 ,718 
1641693447.783571 ### DEBUG: Ticks: 723, 47, 1 
1641693447.783612 1640051228 c0:98:e5:42:00:29 259 
1641693447.783654 -432 -418 -395 -392 -388 -380 -377 -371 -326 -323 -316 -309 -308 -305 -292 
1641693447.783695 -285 -282 -266 -261 -255 -254 -252 -245 -243 -240 -229 -217 -191 -154 -133 
1641693447.783737 ### RSSI: -48, 33, 1640051228 ,733 
1641693447.783778 ### DEBUG: Ticks: 739, 16, 1 
1641693447.783820 1640051229 c0:98:e5:42:00:29 237 
1641693447.783861 -439 -392 -385 -381 -341 -338 -316 -309 -308 -305 -304 -291 -280 -276 -276 
1641693447.783903 -274 -272 -271 -264 -264 -250 -241 -227 -225 -225 -223 -199 -136 -124 -83 
1641693447.783944 ### RSSI: -45, 3, 1640051229 ,749 
1641693447.783986 ### DEBUG: Ticks: 754, 15, 1 
1641693447.784027 1640051230 c0:98:e5:42:00:29 280 
1641693447.784069 -439 -431 -397 -384 -381 -372 -363 -358 -356 -337 -336 -320 -319 -310 -309 
1641693447.784111 -296 -294 -288 -281 -280 -261 -260 -257 -242 -236 -226 -225 -195 -191 -70 
1641693448.416759 ### RSSI: -47, 20, 1640051230 ,764 
1641693448.779060 ### DEBUG: Ticks: 770, 16, 1 
1641693448.780862 1640051231 c0:98:e5:42:00:29 227 
1641693448.781136 -394 -313 -300 -299 -294 -291 -275 -271 -271 -265 -262 -253 -240 -240 -230 
1641693448.793825 -223 -200 -199 -195 -190 -188 -181 -174 -164 -136 -128 -114 -100 -77 29 
1641693449.427876 ### RSSI: -48, 22, 1640051232 ,780 
1641693449.778112 ### DEBUG: Ticks: 786, 16, 1 
1641693449.779078 1640051232 c0:98:e5:42:00:29 197 
1641693449.780828 -443 -405 -389 -368 -365 -364 -349 -341 -340 -338 -334 -327 -317 -313 -311 
1641693449.790629 -310 -291 -289 -277 -277 -271 -252 -251 -231 -228 -227 -227 -213 -177 -139 
1641693450.419961 ### RSSI: -49, 29, 1640051233 ,796 
1641693450.779716 ### DEBUG: Ticks: 801, 15, 1 
1641693450.779880 1640051233 c0:98:e5:42:00:29 270 
1641693450.779978 -393 -349 -345 -333 -328 -314 -309 -305 -287 -269 -268 -263 -262 -261 -241 
1641693450.780072 -240 -236 -234 -230 -226 -209 -200 -200 -195 -193 -182 -180 -106 -99 -38 
1641693451.423989 ### RSSI: -50, 29, 1640051234 ,811 
1641693451.785613 ### DEBUG: Ticks: 817, 16, 1 
1641693451.785859 1640051234 c0:98:e5:42:00:29 275 
1641693451.786023 -413 -403 -380 -372 -368 -350 -339 -334 -327 -320 -320 -317 -299 -298 -290 
1641693451.786182 -283 -278 -271 -267 -265 -263 -259 -255 -252 -246 -240 -234 -199 -180 -134 
1641693452.425705 ### RSSI: -46, 15, 1640051235 ,827 
1641693452.785135 ### DEBUG: Ticks: 833, 16, 1 
1641693452.785460 1640051235 c0:98:e5:42:00:29 257 
1641693452.785627 -349 -344 -286 -270 -262 -248 -240 -237 -235 -232 -232 -229 -228 -212 -211 
1641693452.785788 -207 -202 -187 -186 -180 -168 -162 -160 -158 -151 -124 -107 -100 -90 -32 
1641693453.417834 ### RSSI: -47, 30, 1640051236 ,843 
1641693453.778520 ### DEBUG: Ticks: 848, 15, 1 
1641693453.778802 1640051236 c0:98:e5:42:00:29 265 
1641693453.779020 -321 -290 -287 -238 -220 -219 -214 -202 -193 -179 -173 -171 -167 -163 -155 
1641693453.779209 -155 -153 -153 -149 -148 -148 -137 -131 -103 -98 -98 -77 -60 -31 -1 
1641693454.427272 ### RSSI: -45, 0, 1640051237 ,858 
1641693454.781273 ### ERROR: Failed reading SquarePoint packet length
1641693455.415575 ### RSSI: -46, 4, 1640051238 ,874 
1641693456.421999 ### RSSI: -46, 10, 1640051239 ,889 
1641693456.778996 ### DEBUG: Ticks: 895, 47, 1 
1641693456.779264 1640051239 c0:98:e5:42:00:29 251 
1641693456.779444 -336 -319 -316 -285 -277 -269 -260 -249 -241 -240 -232 -216 -207 -199 -197 
1641693456.779684 -197 -192 -183 -175 -165 -159 -152 -144 -144 -143 -137 -86 -78 -32 0 
1641693457.422105 ### RSSI: -45, 1, 1640051240 ,905 
1641693457.779284 ### DEBUG: Ticks: 911, 16, 1 
1641693457.779571 1640051240 c0:98:e5:42:00:29 237 
1641693457.779764 -552 -532 -518 -517 -500 -484 -478 -461 -452 -450 -448 -432 -426 -405 -400 
1641693457.779956 -395 -394 -393 -386 -385 -383 -370 -364 -360 -347 -338 -336 -296 -277 -236 
1641693458.421188 ### RSSI: -46, 18, 1640051241 ,921 
1641693458.778865 ### DEBUG: Ticks: 926, 15, 1 
1641693458.779089 1640051241 c0:98:e5:42:00:29 252 
1641693458.779787 -409 -404 -394 -388 -368 -358 -345 -338 -334 -329 -323 -320 -307 -307 -305 
1641693458.779932 -292 -292 -275 -269 -268 -254 -252 -247 -211 -210 -191 -183 -149 -138 -74 
1641693459.419613 ### RSSI: -48, 24, 1640051242 ,936 
1641693459.777374 ### DEBUG: Ticks: 942, 16, 1 
1641693459.777655 1640051242 c0:98:e5:42:00:29 243 
1641693459.789875 -314 -296 -277 -276 -275 -271 -258 -246 -224 -218 -208 -201 -198 -193 -191 
1641693459.790260 -191 -186 -181 -180 -167 -162 -160 -152 -147 -146 -141 -117 -34 -22 -11 
1641693460.425241 ### RSSI: -45, 11, 1640051243 ,952 
1641693460.778767 ### DEBUG: Ticks: 958, 16, 1 
1641693460.779047 1640051243 c0:98:e5:42:00:29 249 
1641693460.779239 -428 -388 -373 -368 -366 -342 -331 -323 -311 -306 -304 -298 -296 -290 -285 
1641693460.779424 -280 -279 -278 -273 -272 -268 -268 -267 -252 -231 -211 -173 -161 -154 -35 
1641693461.417719 ### RSSI: -50, 29, 1640051244 ,968 
1641693461.775136 ### DEBUG: Ticks: 973, 15, 1 
1641693461.787174 1640051244 c0:98:e5:42:00:29 242 
1641693461.788018 -363 -322 -311 -298 -295 -264 -260 -259 -248 -238 -226 -219 -217 -216 -206 
1641693461.788762 -198 -196 -185 -184 -178 -171 -160 -154 -154 -124 -117 -114 -111 -85 -53 
1641693462.424830 ### RSSI: -45, 9, 1640051245 ,983 
1641693462.780746 ### DEBUG: Ticks: 989, 16, 1 
1641693462.780989 1640051245 c0:98:e5:42:00:29 250 
1641693462.781155 -313 -279 -265 -256 -242 -236 -234 -223 -214 -212 -198 -182 -181 -178 -175 
1641693462.781386 -170 -170 -161 -160 -146 -140 -140 -137 -134 -129 -124 -116 -83 -71 90 
1641693463.417866 ### RSSI: -47, 15, 1640051246 ,999 
1641693463.778957 ### DEBUG: Ticks: 1004, 15, 1 
1641693463.779060 1640051246 c0:98:e5:42:00:29 268 
1641693463.789532 -420 -350 -342 -342 -334 -325 -316 -308 -299 -290 -284 -283 -282 -276 -256 
1641693463.790476 -241 -236 -228 -224 -218 -209 -204 -192 -185 -182 -169 -161 -138 -111 -66 
1641693464.417082 ### RSSI: -45, 7, 1640051247 ,1014 
1641693464.784182 ### DEBUG: Ticks: 1020, 16, 1 
1641693464.784652 1640051247 c0:98:e5:42:00:29 262 
1641693464.785460 -421 -341 -328 -320 -309 -303 -300 -297 -293 -289 -284 -283 -274 -270 -243 
1641693464.786187 -235 -232 -226 -225 -223 -214 -208 -199 -199 -184 -170 -154 -150 -77 -38 
1641693465.415698 ### RSSI: -47, 21, 1640051247 ,1030 
1641693465.777780 ### ERROR: Failed reading SquarePoint packet length
1641693466.418627 ### RSSI: -46, 5, 1640051248 ,1046 
1641693467.418757 ### RSSI: -46, 6, 1640051249 ,1061 
1641693467.787009 ### DEBUG: Ticks: 1067, 47, 1 
1641693467.787295 1640051250 c0:98:e5:42:00:29 245 
1641693467.787489 -429 -366 -364 -331 -326 -325 -324 -291 -283 -283 -278 -264 -260 -252 -246 
1641693467.787674 -238 -234 -225 -223 -218 -216 -216 -215 -212 -212 -168 -152 -149 -116 -93 
1641693468.416641 ### RSSI: -49, 33, 1640051250 ,1077 
1641693468.779113 ### DEBUG: Ticks: 1082, 15, 1 
1641693468.779395 1640051251 c0:98:e5:42:00:29 268 
1641693468.779586 -349 -325 -320 -283 -268 -252 -248 -240 -232 -232 -219 -213 -208 -205 -201 
1641693468.779770 -199 -195 -195 -194 -181 -173 -163 -153 -141 -128 -117 -113 -106 -84 -78 
1641693469.424513 ### RSSI: -46, 2, 1640051251 ,1092 
1641693469.778809 ### DEBUG: Ticks: 1098, 16, 1 
1641693469.779264 1640051252 c0:98:e5:42:00:29 286 
1641693469.779998 -421 -373 -351 -336 -331 -325 -318 -311 -309 -308 -306 -301 -298 -293 -284 
1641693469.791348 -271 -267 -262 -255 -246 -235 -235 -232 -227 -216 -204 -193 -186 -184 -180 
1641693470.423314 ### RSSI: -45, 6, 1640051252 ,1108 
1641693470.782517 ### DEBUG: Ticks: 1114, 16, 1 
1641693470.782794 1640051253 c0:98:e5:42:00:29 241 
1641693470.782986 -364 -315 -314 -305 -302 -286 -275 -273 -245 -243 -240 -237 -236 -230 -204 
1641693470.783228 -189 -180 -179 -174 -172 -167 -160 -147 -147 -145 -144 -134 -124 -74 -61 
1641693471.419052 ### RSSI: -46, 16, 1640051253 ,1124 
1641693471.780459 ### DEBUG: Ticks: 1129, 15, 1 
1641693471.780743 1640051254 c0:98:e5:42:00:29 254 
1641693471.780938 -396 -372 -365 -354 -329 -308 -296 -282 -277 -273 -268 -266 -252 -250 -249 
1641693471.781122 -248 -240 -239 -234 -234 -225 -222 -217 -207 -188 -187 -126 -119 -110 -59 
1641693472.418635 ### RSSI: -48, 25, 1640051254 ,1139 
1641693472.779969 ### DEBUG: Ticks: 1145, 16, 1 
1641693472.780257 1640051255 c0:98:e5:42:00:29 258 
1641693472.780449 -439 -435 -435 -403 -366 -350 -347 -346 -340 -339 -337 -331 -331 -313 -308 
1641693472.791385 -307 -302 -299 -299 -299 -294 -257 -248 -244 -227 -212 -206 -197 -161 -126 
1641693473.415137 ### RSSI: -47, 21, 1640051256 ,1155 
1641693473.541229 ### INFO: Device is now IN MOTION
1641693473.781230 ### DEBUG: Ticks: 1161, 16, 1 
1641693473.781623 1640051256 c0:98:e5:42:00:29 254 
1641693473.781814 -365 -350 -339 -294 -283 -273 -272 -260 -257 -240 -235 -235 -232 -228 -225 
1641693473.782543 -225 -220 -219 -216 -213 -199 -196 -194 -182 -178 -176 -172 -151 -122 -58 
1641693474.425821 ### RSSI: -48, 15, 1640051257 ,1171 
1641693474.787220 ### DEBUG: Ticks: 1176, 15, 1 
1641693474.787518 1640051257 c0:98:e5:42:00:29 262 
1641693474.787711 -227 -225 -215 -167 -165 -163 -160 -154 -140 -139 -129 -119 -114 -110 -109 
1641693474.787898 -83 -74 -72 -71 -67 -51 -47 -36 -32 -31 -27 -22 21 23 50 
1641693475.421810 ### RSSI: -53, 29, 1640051258 ,1186 
1641693475.782162 ### DEBUG: Ticks: 1192, 16, 1 
1641693475.782420 1640051258 c0:98:e5:42:00:29 277 
1641693475.782566 -360 -348 -336 -335 -331 -329 -328 -319 -313 -307 -304 -301 -297 -293 -284 
1641693475.782706 -282 -273 -267 -266 -262 -251 -246 -239 -226 -216 -205 -196 -189 -187 -155 
1641693476.420806 ### RSSI: -44, 20, 1640051259 ,1202 
1641693476.776170 ### ERROR: Failed reading SquarePoint packet length
1641693477.418435 ### RSSI: -47, 33, 1640051260 ,1217 
1641693478.425706 ### RSSI: -52, 10, 1640051261 ,1233 
1641693478.782102 ### DEBUG: Ticks: 1239, 47, 1 
1641693478.782380 1640051261 c0:98:e5:42:00:29 927 
1641693478.782571 441 454 471 472 473 477 478 481 483 493 501 503 509 512 515 
1641693478.782756 521 525 541 545 553 555 556 559 573 576 605 611 639 644 645 
1641693479.422565 ### RSSI: -60, 1, 1640051262 ,1249 
1641693479.788245 ### DEBUG: Ticks: 1254, 15, 1 
1641693479.788528 1640051262 c0:98:e5:42:00:29 1861 
1641693479.788719 1396 1410 1418 1428 1432 1454 1456 1457 1463 1466 1469 1472 1473 1478 1480 
1641693479.788925 1486 1487 1491 1492 1501 1504 1505 1510 1514 1529 1540 1569 1569 1573 1587 
1641693480.415867 ### RSSI: -61, 19, 1640051263 ,1264 
1641693480.786221 ### DEBUG: Ticks: 1270, 16, 1 
1641693480.786480 1640051263 c0:98:e5:42:00:29 2946 
1641693480.786641 2539 2545 2547 2549 2549 2557 2560 2563 2565 2571 2578 2597 2606 2609 2610 
1641693480.786800 2619 2623 2626 2628 2646 2646 2648 2653 2657 2659 2661 2662 2667 2675 2700 
1641693481.184101 ### INFO: SD card flushed!
1641693481.417406 ### RSSI: -66, 18, 1640051264 ,1280 
1641693481.779371 ### DEBUG: Ticks: 1286, 16, 1 
1641693481.779590 1640051264 c0:98:e5:42:00:29 4070 
1641693481.779710 3596 3597 3604 3605 3607 3611 3612 3617 3624 3626 3634 3634 3637 3648 3669 
1641693481.779835 3676 3679 3683 3684 3686 3686 3688 3701 3704 3713 3713 3715 3738 3743 3781 
1641693482.417571 ### RSSI: -65, 14, 1640051265 ,1296 
1641693482.787518 ### DEBUG: Ticks: 1301, 15, 1 
1641693482.787769 1640051265 c0:98:e5:42:00:29 5068 
1641693482.787914 4575 4585 4589 4595 4600 4602 4604 4607 4617 4622 4626 4637 4653 4668 4669 
1641693482.788054 4669 4678 4680 4687 4688 4699 4700 4702 4709 4718 4721 4734 4737 4765 4786 
1641693483.416386 ### RSSI: -64, 8, 1640051266 ,1311 
1641693483.779419 ### DEBUG: Ticks: 1317, 16, 1 
1641693483.779634 1640051266 c0:98:e5:42:00:29 5141 
1641693483.790691 4662 4663 4674 4675 4676 4680 4684 4694 4699 4702 4704 4707 4708 4708 4717 
1641693483.790877 4723 4727 4729 4742 4743 4746 4751 4752 4757 4759 4762 4781 4790 4800 4820 
1641693484.415529 ### RSSI: -68, 16, 1640051267 ,1327 
1641693484.787635 ### DEBUG: Ticks: 1332, 15, 1 
1641693484.787924 1640051267 c0:98:e5:42:00:29 5262 
1641693484.788092 4829 4837 4854 4856 4867 4882 4885 4885 4893 4894 4898 4907 4918 4926 4929 
1641693484.788242 4932 4936 4939 4947 4947 4948 4951 4970 4994 4997 4999 5012 5012 5016 5058 
1641693485.423306 ### RSSI: -76, 27, 1640051268 ,1342 
1641693485.786850 ### DEBUG: Ticks: 1348, 16, 1 
1641693485.787129 1640051268 c0:98:e5:42:00:29 5121 
1641693485.787324 4657 4658 4665 4677 4677 4694 4702 4704 4705 4706 4713 4725 4727 4742 4744 
1641693485.787483 4748 4749 4758 4758 4761 4762 4763 4767 4770 4772 4773 4787 4799 4803 5014 
1641693486.420614 ### RSSI: -68, 9, 1640051269 ,1358 
1641693486.786569 ### DEBUG: Ticks: 1364, 16, 1 
1641693486.786771 1640051269 c0:98:e5:42:00:29 5159 
1641693486.786886 4551 4681 4690 4707 4720 4722 4737 4738 4745 4755 4760 4764 4771 4775 4777 
1641693486.786998 4785 4789 4793 4810 4813 4816 4822 4839 4847 4849 4865 4882 4887 4949 4964 
1641693487.422956 ### RSSI: -68, 12, 1640051270 ,1374 
1641693487.783403 ### ERROR: Failed reading SquarePoint packet length
1641693488.418836 ### RSSI: -69, 10, 1640051271 ,1389 
1641693489.415311 ### RSSI: -66, 2, 1640051272 ,1405 
1641693489.780403 ### DEBUG: Ticks: 1411, 47, 1 
1641693489.780729 1640051272 c0:98:e5:42:00:29 5013 
1641693489.780920 4536 4552 4556 4560 4562 4562 4584 4588 4594 4606 4616 4631 4638 4640 4652 
1641693489.781107 4655 4661 4663 4668 4671 4680 4681 4686 4690 4708 4721 4730 4782 4790 4901 
1641693490.424687 ### RSSI: -80, 13, 1640051272 ,1420 
1641693490.787966 ### DEBUG: Ticks: 1426, 15, 1 
1641693490.788163 1640051273 c0:98:e5:42:00:29 4838 
1641693490.788292 4397 4430 4440 4442 4443 4447 4450 4454 4455 4459 4463 4465 4466 4474 4477 
1641693490.788408 4485 4490 4507 4509 4523 4545 4562 4566 4570 4573 4575 4592 4615 4666 4745 
1641693491.419813 ### RSSI: -75, 26, 1640051273 ,1436 
1641693491.786139 ### DEBUG: Ticks: 1442, 16, 1 
1641693491.786517 1640051274 c0:98:e5:42:00:29 4758 
1641693491.786699 4166 4203 4207 4208 4211 4219 4222 4227 4232 4237 4244 4253 4273 4280 4292 
1641693491.786886 4293 4294 4298 4299 4303 4304 4309 4327 4331 4331 4353 4373 4388 4423 4526 
1641693492.418119 ### RSSI: -74, 6, 1640051274 ,1452 
1641693492.788122 ### DEBUG: Ticks: 1457, 15, 1 
1641693492.788411 1640051275 c0:98:e5:42:00:29 4708 
1641693492.788590 4191 4203 4221 4240 4245 4279 4285 4297 4300 4302 4308 4319 4325 4333 4337 
1641693492.788779 4340 4340 4343 4351 4364 4379 4397 4403 4412 4418 4420 4427 4438 4478 4620 
1641693493.416727 ### RSSI: -76, 34, 1640051275 ,1467 
1641693493.777541 ### DEBUG: Ticks: 1473, 16, 1 
1641693493.789104 1640051276 c0:98:e5:42:00:29 4746 
1641693493.789298 4230 4237 4241 4245 4247 4250 4260 4269 4280 4280 4281 4291 4295 4301 4331 
1641693493.789584 4337 4348 4352 4359 4364 4372 4395 4417 4427 4477 4500 4503 4528 4532 0 
1641693494.523736 ### RSSI: -76, 29, 1640051277 ,1485 
1641693494.785681 ### DEBUG: Ticks: 1489, 16, 1 
1641693494.785964 1640051277 c0:98:e5:42:00:29 4491 
1641693494.786373 3986 4000 4002 4004 4008 4008 4015 4020 4026 4031 4033 4037 4040 4041 4044 
1641693494.786527 4051 4052 4058 4060 4060 4062 4082 4085 4097 4097 4107 4118 4122 4184 4189 
1641693495.517494 ### RSSI: -76, 12, 1640051278 ,1500 
1641693495.787964 ### DEBUG: Ticks: 1504, 15, 1 
1641693495.788228 1640051278 c0:98:e5:42:00:29 4536 
1641693495.788420 4036 4070 4076 4086 4087 4087 4101 4120 4120 4122 4128 4137 4141 4143 4150 
1641693495.788574 4150 4155 4159 4168 4168 4173 4191 4197 4212 4245 4257 4261 4275 4335 4361 
1641693496.519853 ### RSSI: -80, 10, 1640051279 ,1516 
1641693496.636104 ### BLE EVENT: 16, INFO: BLE CONNECTED!
1641693496.638147 ### RSSI: -80, 3, 1640051279 ,1518 
1641693496.737197 ### RSSI: -76, 25, 1640051279 ,1519 
1641693496.783826 ### DEBUG: Ticks: 1520, 16, 1 
1641693496.784070 1640051279 c0:98:e5:42:00:29 4211 
1641693496.784233 3630 3676 3709 3736 3738 3740 3741 3743 3744 3749 3751 3755 3759 3767 3780 
1641693496.784396 3787 3789 3790 3790 3796 3815 3818 3820 3828 3831 3837 3840 3908 3927 3935 
1641693496.841070 ### RSSI: -83, 14, 1640051279 ,1521 
1641693496.933439 ### RSSI: -82, 7, 1640051279 ,1522 
1641693497.037149 ### RSSI: -77, 3, 1640051279 ,1524 
1641693497.139740 ### RSSI: -81, 10, 1640051279 ,1525 
1641693497.242732 ### RSSI: -76, 22, 1640051279 ,1527 
1641693497.342085 ### RSSI: -81, 15, 1640051279 ,1529 
1641693497.442770 ### RSSI: -80, 8, 1640051280 ,1530 
1641693497.522185 ### RSSI: -72, 34, 1640051280 ,1531 
1641693497.533768 ### RSSI: -73, 10, 1640051280 ,1532 
1641693497.624831 ### RSSI: -73, 27, 1640051280 ,1533 
1641693497.634369 ### RSSI: -74, 6, 1640051280 ,1533 
1641693497.737376 ### RSSI: -76, 19, 1640051280 ,1535 
1641693497.784955 ### DEBUG: Ticks: 1535, 15, 1 
1641693497.785240 1640051280 c0:98:e5:42:00:29 3568 
1641693497.785513 2982 3050 3054 3073 3077 3088 3093 3106 3121 3123 3134 3138 3140 3158 3159 
1641693497.785702 3163 3169 3169 3170 3172 3178 3179 3187 3188 3197 3207 3222 3255 3308 3369 
1641693497.817898 ### RSSI: -75, 22, 1640051280 ,1536 
1641693497.839132 ### RSSI: -72, 3, 1640051280 ,1536 
1641693497.915053 ### RSSI: -72, 6, 1640051280 ,1538 
1641693497.937440 ### RSSI: -79, 29, 1640051280 ,1538 
1641693498.016453 ### RSSI: -77, 17, 1640051280 ,1539 
1641693498.037961 ### RSSI: -75, 28, 1640051280 ,1539 
1641693498.115703 ### RSSI: -82, 26, 1640051280 ,1541 
1641693498.138705 ### RSSI: -69, 8, 1640051280 ,1541 
1641693498.215732 ### RSSI: -67, 2, 1640051280 ,1542 
1641693498.241077 ### RSSI: -69, 8, 1640051280 ,1543 
1641693498.774027 ### ERROR: Failed reading SquarePoint packet length
1641693499.214049 ### RSSI: -69, 27, 1640051281 ,1558 
1641693499.237535 ### RSSI: -75, 20, 1640051281 ,1558 
1641693500.221817 ### RSSI: -68, 11, 1640051282 ,1574 
1641693500.233908 ### RSSI: -74, 20, 1640051282 ,1574 
1641693500.781525 ### DEBUG: Ticks: 1582, 47, 1 
1641693500.781688 1640051283 c0:98:e5:42:00:29 1187 
1641693500.781778 662 689 689 701 704 728 733 739 757 758 759 759 764 770 776 
1641693500.781870 784 799 801 802 813 815 826 841 842 863 874 875 900 945 948 
1641693501.222264 ### RSSI: -62, 9, 1640051283 ,1589 
1641693501.233963 ### RSSI: -65, 21, 1640051283 ,1589 
1641693501.783093 ### DEBUG: Ticks: 1598, 16, 1 
1641693501.783343 1640051284 c0:98:e5:42:00:29 1018 
1641693501.783507 501 561 567 568 575 582 597 600 604 604 605 614 626 632 635 
1641693501.783666 636 641 648 659 665 672 678 679 693 697 712 724 740 757 949 
1641693502.219454 ### RSSI: -62, 4, 1640051285 ,1605 
1641693502.242894 ### RSSI: -66, 15, 1640051285 ,1605 
1641693502.785082 ### DEBUG: Ticks: 1614, 16, 1 
1641693502.785400 1640051285 c0:98:e5:42:00:29 1073 
1641693502.785559 742 752 761 776 779 785 785 791 797 807 810 811 819 823 829 
1641693502.785707 838 844 847 850 851 859 862 869 887 895 896 940 950 1057 1076 
1641693503.218512 ### RSSI: -57, 20, 1640051286 ,1620 
1641693503.241457 ### RSSI: -56, 13, 1640051286 ,1621 
1641693503.779531 ### DEBUG: Ticks: 1629, 15, 1 
1641693503.779758 1640051286 c0:98:e5:42:00:29 1252 
1641693503.790752 805 806 819 825 827 838 839 859 860 866 869 880 889 902 905 
1641693503.790949 916 917 937 942 949 951 952 953 954 969 1002 1028 1035 1189 0 
1641693504.226115 ### RSSI: -55, 1, 1640051287 ,1636 
1641693504.237808 ### RSSI: -55, 15, 1640051287 ,1636 
1641693504.781399 ### DEBUG: Ticks: 1645, 16, 1 
1641693504.781647 1640051287 c0:98:e5:42:00:29 1342 
1641693504.781801 843 856 886 886 891 902 913 915 925 927 937 945 945 949 949 
1641693504.792318 950 953 958 971 981 1016 1031 1051 1057 1060 1073 1078 1083 1105 1109 
1641693505.224992 ### RSSI: -70, 28, 1640051288 ,1652 
1641693505.235540 ### RSSI: -66, 3, 1640051288 ,1652 
1641693505.780199 ### DEBUG: Ticks: 1660, 15, 1 
1641693505.780467 1640051288 c0:98:e5:42:00:29 1515 
1641693505.780698 975 1017 1052 1054 1065 1066 1085 1087 1089 1091 1098 1100 1105 1106 1108 
1641693505.780888 1112 1114 1117 1124 1125 1161 1164 1177 1179 1217 1225 1232 1252 1280 1291 
1641693506.215721 ### RSSI: -65, 5, 1640051289 ,1667 
1641693506.238557 ### RSSI: -64, 10, 1640051289 ,1668 
1641693506.782939 ### DEBUG: Ticks: 1676, 16, 1 
1641693506.783198 1640051289 c0:98:e5:42:00:29 1663 
1641693506.783355 1187 1193 1194 1220 1225 1226 1227 1229 1233 1235 1238 1246 1250 1262 1269 
1641693506.783533 1287 1288 1289 1290 1298 1307 1311 1312 1331 1343 1348 1356 1376 1377 1391 
1641693507.223399 ### RSSI: -69, 12, 1640051290 ,1683 
1641693507.234197 ### RSSI: -70, 19, 1640051290 ,1683 
1641693507.784754 ### DEBUG: Ticks: 1692, 16, 1 
1641693507.785034 1640051290 c0:98:e5:42:00:29 1739 
1641693507.785199 1326 1358 1365 1366 1368 1387 1392 1399 1400 1404 1404 1405 1416 1431 1435 
1641693507.785454 1437 1443 1447 1463 1497 1498 1505 1505 1510 1523 1526 1559 1569 1571 1572 
1641693508.219263 ### RSSI: -62, 31, 1640051291 ,1698 
1641693508.242484 ### RSSI: -62, 25, 1640051291 ,1699 
1641693508.780910 ### DEBUG: Ticks: 1707, 15, 1 
1641693508.781167 1640051291 c0:98:e5:42:00:29 1442 
1641693508.781411 992 1004 1007 1011 1011 1016 1032 1047 1061 1068 1075 1086 1086 1088 1089 
1641693508.781550 1093 1098 1100 1104 1108 1124 1134 1176 1197 1200 1210 1217 1229 1234 1235 
1641693509.214018 ### RSSI: -56, 18, 1640051292 ,1714 
1641693509.236164 ### RSSI: -56, 16, 1640051292 ,1714 
1641693509.784123 ### ERROR: Failed reading SquarePoint packet length
1641693510.220524 ### RSSI: -57, 23, 1640051293 ,1730 
1641693510.242161 ### RSSI: -57, 18, 1640051293 ,1730 
1641693511.218762 ### RSSI: -66, 14, 1640051294 ,1745 
1641693511.241062 ### RSSI: -68, 30, 1640051294 ,1746 
1641693511.781616 ### DEBUG: Ticks: 1754, 47, 1 
1641693511.781929 1640051294 c0:98:e5:42:00:29 1408 
1641693511.782110 902 912 925 938 942 945 959 965 965 967 971 971 979 986 997 
1641693511.782297 1001 1006 1022 1036 1037 1051 1064 1077 1080 1082 1109 1141 1157 1223 1244 
1641693512.221107 ### RSSI: -60, 27, 1640051295 ,1761 
1641693512.234187 ### RSSI: -60, 32, 1640051295 ,1761 
1641693512.779340 ### DEBUG: Ticks: 1770, 16, 1 
1641693512.779583 1640051295 c0:98:e5:42:00:29 1440 
1641693512.779719 957 971 977 980 980 980 997 998 1007 1028 1032 1036 1045 1051 1053 
1641693512.795192 1066 1070 1075 1078 1079 1083 1085 1102 1108 1119 1125 1125 1168 1282 1305 
1641693513.219301 ### RSSI: -58, 32, 1640051295 ,1777 
1641693513.242416 ### RSSI: -65, 6, 1640051295 ,1777 
1641693513.782032 ### DEBUG: Ticks: 1785, 15, 1 
1641693513.782328 1640051296 c0:98:e5:42:00:29 1352 
1641693513.782508 792 808 823 831 834 841 849 857 864 868 870 872 875 882 885 
1641693513.782692 885 889 898 898 911 912 912 923 933 935 961 982 987 1001 1118 
1641693514.220687 ### RSSI: -59, 26, 1640051296 ,1792 
1641693514.232717 ### RSSI: -59, 24, 1640051296 ,1792 
1641693514.784516 ### DEBUG: Ticks: 1801, 16, 1 
1641693514.784796 1640051297 c0:98:e5:42:00:29 1825 
1641693514.784990 1335 1338 1339 1345 1346 1352 1353 1357 1357 1365 1367 1375 1378 1379 1381 
1641693514.785199 1415 1416 1420 1422 1423 1428 1437 1451 1452 1476 1483 1483 1484 1487 1497 
1641693515.780331 ### DEBUG: Ticks: 1817, 16, 1 
1641693515.780583 1640051298 c0:98:e5:42:00:29 2409 
1641693515.780748 1925 1953 1954 1960 1963 1964 1971 1976 1978 1980 1987 1991 1994 2005 2023 
1641693515.791573 2025 2026 2027 2030 2035 2042 2043 2053 2054 2054 2062 2064 2068 2077 2130 
1641693516.780807 ### DEBUG: Ticks: 1832, 15, 1 
1641693516.780991 1640051299 c0:98:e5:42:00:29 3286 
1641693516.781098 2817 2826 2827 2834 2839 2840 2844 2856 2869 2873 2877 2880 2887 2887 2888 
1641693516.781225 2889 2894 2900 2901 2907 2925 2926 2927 2930 2938 2954 2981 3004 3010 3028 
1641693517.250176 ### INFO: SD card flushed!
1641693517.780438 ### DEBUG: Ticks: 1848, 16, 1 
1641693517.780761 1640051300 c0:98:e5:42:00:29 4061 
1641693517.780943 3540 3564 3579 3588 3589 3603 3610 3614 3616 3623 3628 3631 3639 3648 3650 
1641693517.795194 3655 3673 3682 3685 3690 3692 3692 3696 3696 3697 3710 3711 3712 3714 3729 
1641693518.323080 ### BLE EVENT: 17, INFO: BLE DISCONNECTED!
1641693518.334606 ### BLE EVENT: 17, INFO: BLE DISCONNECTED!
1641693518.457063 ### BLE EVENT: 16, INFO: BLE CONNECTED!
1641693518.457476 ### RSSI: -68, 36, 1640051300 ,1858 
1641693518.558979 ### RSSI: -63, 12, 1640051301 ,1860 
1641693518.649251 ### RSSI: -64, 25, 1640051301 ,1861 
1641693518.750342 ### RSSI: -69, 0, 1640051301 ,1863 
1641693518.784935 ### DEBUG: Ticks: 1863, 15, 0 
1641693518.785254 1640051301 c0:98:e5:42:00:29 4732 
1641693518.785537 4261 4270 4287 4288 4288 4295 4299 4304 4310 4313 4318 4326 4328 4331 4357 
1641693518.785734 4357 4360 4362 4366 4371 4380 4382 4383 4384 4385 4397 4405 4434 4465 4635 
1641693518.853093 ### RSSI: -66, 18, 1640051301 ,1865 
1641693518.953375 ### RSSI: -65, 25, 1640051301 ,1866 
1641693519.052758 ### RSSI: -74, 1, 1640051301 ,1868 
1641693519.152424 ### RSSI: -72, 9, 1640051301 ,1869 
1641693519.253885 ### RSSI: -76, 6, 1640051301 ,1871 
1641693519.355362 ### RSSI: -71, 23, 1640051301 ,1872 
1641693519.456027 ### RSSI: -72, 20, 1640051301 ,1874 
1641693519.558990 ### RSSI: -68, 11, 1640051302 ,1876 
1641693519.649561 ### RSSI: -68, 19, 1640051302 ,1877 
1641693519.754911 ### RSSI: -67, 31, 1640051302 ,1879 
1641693519.778320 ### DEBUG: Ticks: 1879, 16, 0 
1641693519.789272 1640051302 c0:98:e5:42:00:29 5158 
1641693519.789617 4725 4748 4748 4748 4753 4760 4768 4771 4774 4775 4794 4795 4797 4798 4803 
1641693519.789871 4807 4813 4821 4825 4829 4845 4852 4854 4864 4879 4898 4916 4921 4940 4984 
1641693519.855903 ### RSSI: -66, 13, 1640051302 ,1880 
1641693519.956936 ### RSSI: -66, 27, 1640051302 ,1882 
1641693520.048733 ### RSSI: -71, 15, 1640051302 ,1883 
1641693520.779023 ### ERROR: Failed reading SquarePoint packet length
1641693521.056316 ### RSSI: -78, 1, 1640051303 ,1899 
1641693522.059042 ### RSSI: -82, 31, 1640051304 ,1915 
1641693522.785442 ### DEBUG: Ticks: 1926, 47, 0 
1641693522.785731 1640051305 c0:98:e5:42:00:29 5157 
1641693522.785924 4511 4649 4656 4658 4685 4690 4692 4701 4709 4713 4720 4722 4732 4738 4743 
1641693522.786166 4751 4760 4761 4763 4770 4775 4782 4787 4789 4790 4793 4794 4817 4868 4949 
1641693523.056579 ### RSSI: -66, 6, 1640051305 ,1930 
1641693523.780479 ### DEBUG: Ticks: 1942, 16, 0 
1641693523.780776 1640051306 c0:98:e5:42:00:29 5192 
1641693523.780974 4646 4686 4720 4720 4726 4738 4749 4749 4754 4765 4779 4791 4795 4804 4811 
1641693523.781160 4822 4829 4830 4841 4850 4854 4862 4863 4875 4884 4884 4890 4893 4905 5031 
1641693524.050266 ### RSSI: -68, 0, 1640051306 ,1946 
1641693524.782972 ### DEBUG: Ticks: 1957, 15, 0 
1641693524.783291 1640051307 c0:98:e5:42:00:29 5177 
1641693524.783466 4698 4699 4715 4715 4720 4724 4730 4733 4742 4743 4745 4763 4771 4773 4774 
1641693524.783629 4774 4779 4787 4791 4829 4839 4839 4854 4859 4861 4874 4874 4896 4915 5004 
1641693525.051288 ### RSSI: -70, 11, 1640051307 ,1961 
1641693525.787551 ### DEBUG: Ticks: 1973, 16, 0 
1641693525.787789 1640051308 c0:98:e5:42:00:29 5148 
1641693525.787907 4639 4685 4688 4695 4701 4710 4710 4718 4722 4730 4736 4737 4740 4746 4753 
1641693525.788058 4758 4775 4794 4794 4801 4803 4804 4811 4828 4835 4843 4855 4883 4903 4990 
1641693526.054681 ### RSSI: -74, 35, 1640051308 ,1977 
1641693526.781093 ### DEBUG: Ticks: 1988, 15, 0 
1641693526.781412 1640051309 c0:98:e5:42:00:29 4932 
1641693526.781580 4471 4504 4505 4512 4527 4530 4532 4533 4538 4540 4543 4554 4558 4559 4572 
1641693526.781740 4573 4588 4592 4593 4604 4605 4608 4611 4622 4633 4670 4680 4682 4682 4858 
1641693527.052711 ### RSSI: -71, 30, 1640051309 ,1993 
1641693527.782571 ### DEBUG: Ticks: 2004, 16, 0 
1641693527.782843 1640051310 c0:98:e5:42:00:29 5048 
1641693527.783010 4483 4488 4518 4522 4524 4535 4538 4544 4547 4560 4563 4575 4582 4585 4590 
1641693527.783180 4598 4607 4610 4612 4625 4630 4653 4665 4688 4696 4703 4795 4816 4867 4873 
1641693528.051361 ### RSSI: -76, 9, 1640051310 ,2008 
1641693528.782810 ### DEBUG: Ticks: 2020, 16, 0 
1641693528.783079 1640051311 c0:98:e5:42:00:29 4883 
1641693528.783244 4346 4383 4419 4427 4431 4431 4444 4446 4453 4455 4458 4463 4468 4471 4483 
1641693528.783423 4494 4498 4499 4507 4524 4534 4536 4538 4539 4542 4545 4577 4582 4584 4595 
1641693529.055241 ### RSSI: -77, 9, 1640051311 ,2024 
1641693529.781653 ### DEBUG: Ticks: 2035, 15, 0 
1641693529.781891 1640051312 c0:98:e5:42:00:29 4720 
1641693529.782028 4288 4300 4322 4330 4335 4340 4342 4345 4345 4345 4346 4348 4357 4358 4373 
1641693529.782168 4379 4381 4384 4395 4407 4410 4416 4422 4425 4439 4443 4447 4457 4465 4479 
1641693530.049538 ### RSSI: -77, 29, 1640051313 ,2040 
1641693530.788494 ### DEBUG: Ticks: 2051, 16, 0 
1641693530.788762 1640051313 c0:98:e5:42:00:29 4392 
1641693530.788917 3921 3933 3933 3943 3947 3948 3953 3964 3966 3971 3979 3986 3986 3993 3994 
1641693530.789095 3995 4001 4007 4010 4011 4024 4026 4030 4035 4039 4053 4078 4100 4104 4110 
1641693531.058016 ### RSSI: -78, 35, 1640051314 ,2055 
1641693531.779863 ### ERROR: Failed reading SquarePoint packet length
1641693532.050300 ### RSSI: -74, 32, 1640051315 ,2071 
1641693533.054656 ### RSSI: -75, 28, 1640051316 ,2086 
1641693533.784396 ### DEBUG: Ticks: 2098, 47, 0 
1641693533.784625 1640051316 c0:98:e5:42:00:29 2655 
1641693533.784745 2096 2112 2123 2131 2167 2169 2170 2171 2183 2192 2194 2198 2201 2202 2205 
1641693533.784868 2215 2220 2225 2229 2233 2237 2252 2263 2275 2276 2281 2304 2352 2366 2386 
1641693534.057090 ### RSSI: -70, 0, 1640051317 ,2102 
1641693534.790007 ### DEBUG: Ticks: 2113, 15, 0 
1641693534.790224 1640051317 c0:98:e5:42:00:29 2225 
1641693534.790370 1730 1760 1784 1795 1803 1814 1838 1842 1858 1859 1862 1864 1867 1867 1869 
1641693534.790518 1876 1884 1884 1887 1901 1903 1912 1916 1928 1936 1940 1948 2009 2038 2045 
1641693535.049734 ### RSSI: -65, 0, 1640051318 ,2118 
1641693535.784638 ### DEBUG: Ticks: 2129, 16, 0 
1641693535.784865 1640051318 c0:98:e5:42:00:29 1737 
1641693535.785170 1243 1267 1287 1318 1323 1333 1343 1352 1361 1365 1367 1378 1381 1385 1390 
1641693535.785978 1391 1397 1402 1411 1411 1412 1417 1419 1419 1451 1451 1453 1459 1461 1483 
1641693536.056034 ### RSSI: -65, 7, 1640051319 ,2133 
1641693536.782777 ### DEBUG: Ticks: 2145, 16, 0 
1641693536.783002 1640051319 c0:98:e5:42:00:29 1148 
1641693536.784440 686 695 700 715 720 720 729 731 736 736 737 738 749 749 752 
1641693536.784594 765 766 769 772 772 781 794 813 820 830 849 849 884 908 908 
1641693537.052893 ### RSSI: -65, 26, 1640051319 ,2149 
1641693537.784184 ### DEBUG: Ticks: 2160, 15, 0 
1641693537.784477 1640051320 c0:98:e5:42:00:29 1123 
1641693537.784690 640 661 674 677 699 699 706 717 718 720 724 728 734 738 749 
1641693537.784878 749 759 760 761 765 768 783 792 794 797 808 816 840 854 885 
1641693538.056733 ### RSSI: -62, 35, 1640051320 ,2164 
1641693538.785407 ### DEBUG: Ticks: 2176, 16, 0 
1641693538.785626 1640051321 c0:98:e5:42:00:29 1237 
1641693538.785762 776 809 818 838 849 857 857 865 867 868 880 880 883 893 894 
1641693538.785902 909 917 941 944 950 951 953 960 980 986 989 1018 1020 1021 1037 
1641693539.055936 ### RSSI: -62, 32, 1640051321 ,2180 
1641693539.781042 ### DEBUG: Ticks: 2192, 16, 0 
1641693539.781377 1640051322 c0:98:e5:42:00:29 1529 
1641693539.781548 1056 1078 1089 1090 1096 1109 1113 1119 1123 1123 1131 1138 1143 1146 1151 
1641693539.793447 1153 1156 1169 1170 1196 1213 1215 1223 1223 1233 1235 1239 1241 1245 1256 
1641693540.055121 ### RSSI: -60, 9, 1640051322 ,2196 
1641693540.785677 ### DEBUG: Ticks: 2207, 15, 0 
1641693540.786607 1640051323 c0:98:e5:42:00:29 1910 
1641693540.786788 1483 1512 1515 1537 1537 1540 1545 1560 1560 1561 1564 1564 1565 1569 1576 
1641693540.786976 1579 1592 1593 1595 1599 1607 1635 1642 1643 1646 1695 1698 1715 1720 1781 
1641693541.056614 ### RSSI: -63, 23, 1640051323 ,2211 
1641693541.782286 ### DEBUG: Ticks: 2223, 16, 0 
1641693541.782529 1640051324 c0:98:e5:42:00:29 2115 
1641693541.782694 1681 1683 1697 1701 1705 1719 1732 1740 1742 1743 1746 1747 1756 1759 1760 
1641693541.782853 1763 1764 1767 1802 1812 1818 1823 1828 1839 1840 1848 1854 1876 1911 1915 
1641693542.054629 ### RSSI: -62, 28, 1640051324 ,2227 
1641693542.786235 ### ERROR: Failed reading SquarePoint packet length
1641693543.052848 ### RSSI: -63, 34, 1640051325 ,2243 
1641693544.057557 ### RSSI: -69, 22, 1640051326 ,2258 
1641693544.790345 ### DEBUG: Ticks: 2270, 47, 0 
1641693544.792029 1640051327 c0:98:e5:42:00:29 1487 
1641693544.795601 1010 1011 1026 1029 1054 1055 1056 1074 1076 1078 1085 1093 1097 1101 1102 
1641693544.796959 1102 1116 1120 1121 1122 1141 1160 1167 1187 1191 1205 1218 1255 1314 1400 
1641693545.058052 ### RSSI: -62, 14, 1640051327 ,2274 
1641693545.780450 ### DEBUG: Ticks: 2285, 15, 0 
1641693545.780698 1640051328 c0:98:e5:42:00:29 1406 
1641693545.780893 935 938 939 939 947 969 976 976 981 987 995 1004 1008 1015 1021 
1641693545.781043 1022 1023 1027 1029 1037 1043 1047 1051 1074 1081 1096 1121 1136 1196 1237 
1641693546.051990 ### RSSI: -66, 27, 1640051328 ,2289 
1641693546.791150 ### DEBUG: Ticks: 2301, 16, 0 
1641693546.791441 1640051329 c0:98:e5:42:00:29 1477 
1641693546.791622 1040 1042 1059 1066 1066 1066 1078 1085 1089 1092 1095 1096 1100 1123 1136 
1641693546.791809 1144 1145 1150 1152 1158 1159 1162 1179 1184 1205 1210 1214 1244 1334 1393 
1641693547.050252 ### RSSI: -77, 34, 1640051329 ,2305 
1641693547.787315 ### DEBUG: Ticks: 2316, 15, 0 
1641693547.787577 1640051330 c0:98:e5:42:00:29 1682 
1641693547.787712 1165 1174 1193 1203 1209 1228 1228 1231 1232 1233 1234 1245 1247 1248 1250 
1641693547.787861 1253 1265 1267 1285 1289 1293 1297 1308 1334 1338 1343 1371 1378 1482 1486 
1641693548.053161 ### RSSI: -66, 3, 1640051330 ,2321 
1641693548.788113 ### DEBUG: Ticks: 2332, 16, 0 
1641693548.788391 1640051331 c0:98:e5:42:00:29 2163 
1641693548.788551 1755 1760 1760 1771 1773 1784 1784 1789 1795 1800 1805 1807 1810 1820 1828 
1641693548.788682 1832 1833 1838 1841 1859 1860 1880 1893 1894 1933 1947 1951 1956 2081 2118 
1641693549.050187 ### RSSI: -62, 18, 1640051331 ,2336 
1641693549.789273 ### DEBUG: Ticks: 2348, 16, 0 
1641693549.789616 1640051332 c0:98:e5:42:00:29 2386 
1641693549.789909 1916 1917 1927 1929 1930 1934 1934 1935 1939 1945 1946 1949 1953 1961 1970 
1641693549.790339 1971 1974 1985 1986 1988 1990 1991 2002 2025 2030 2057 2066 2073 2099 2153 
1641693550.047439 ### RSSI: -61, 35, 1640051332 ,2352 
1641693550.781162 ### DEBUG: Ticks: 2363, 15, 0 
1641693550.781426 1640051333 c0:98:e5:42:00:29 3123 
1641693550.793682 2684 2696 2700 2705 2708 2711 2718 2721 2722 2729 2731 2736 2741 2744 2746 
1641693550.793895 2749 2750 2753 2755 2756 2763 2769 2779 2784 2787 2795 2826 2829 2845 2846 
1641693551.151177 ### RSSI: -72, 8, 1640051333 ,2369 
1641693551.780725 ### DEBUG: Ticks: 2379, 16, 0 
1641693551.780984 1640051334 c0:98:e5:42:00:29 3305 
1641693551.781105 2904 2922 2937 2941 2942 2946 2947 2948 2961 2966 2968 2973 2974 2974 2977 
1641693551.781228 2979 2980 2982 2989 2992 2995 3005 3014 3021 3026 3028 3036 3053 3057 3072 
1641693552.152676 ### RSSI: -75, 14, 1640051335 ,2385 
1641693552.781001 ### ERROR: Failed reading SquarePoint packet length
1641693554.787423 ### DEBUG: Ticks: 2426, 47, 0 
1641693554.787722 1640051337 c0:98:e5:42:00:29 4665 
1641693554.787977 4215 4223 4226 4233 4242 4244 4250 4257 4259 4259 4264 4265 4268 4269 4276 
1641693554.788157 4290 4295 4305 4319 4320 4325 4334 4336 4344 4346 4350 4359 4362 4374 4497 
1641693555.787970 ### DEBUG: Ticks: 2441, 15, 0 
1641693555.788305 1640051338 c0:98:e5:42:00:29 5110 
1641693555.788498 4638 4654 4672 4673 4685 4687 4688 4691 4694 4698 4701 4704 4705 4717 4727 
1641693555.788689 4735 4739 4745 4746 4752 4753 4761 4765 4767 4770 4775 4782 4786 4798 4844 
1641693556.251076 ### BLE EVENT: 17, INFO: BLE DISCONNECTED!
1641693556.780456 ### DEBUG: Ticks: 2457, 16, 0 
1641693556.780674 1640051339 c0:98:e5:42:00:29 5188 
1641693556.792447 4698 4704 4719 4720 4725 4725 4735 4741 4759 4760 4767 4778 4784 4786 4788 
1641693556.792647 4797 4803 4804 4806 4806 4812 4817 4819 4823 4824 4828 4852 4864 4883 4987 
1641693557.304365 ### BLE EVENT: 16, INFO: BLE CONNECTED!
1641693557.304671 ### RSSI: -80, 7, 1640051340 ,2465 
1641693557.404968 ### RSSI: -77, 15, 1640051340 ,2467 
1641693557.506466 ### RSSI: -74, 27, 1640051340 ,2468 
1641693557.610940 ### RSSI: -77, 17, 1640051340 ,2470 
1641693558.654265 
1641693558.654520 ----------------------------------------------
1641693558.654676 ### WARNING: Chip experienced a reset with reason 2
1641693558.899476 ### INFO: Bluetooth address: c0:98:e5:42:00:2c
1641693558.911552 ### DEBUG: Time is 00:00:00, 2000/00/00
1641693558.911775 ### INFO: Time is 00:00:00, 2000/00/00
1641693559.013990 ### INFO: Initializing SD Card...
1641693561.634795 ### INFO: Connecting to the SquarePoint module...
1641693561.646417 ### ERROR: SquarePoint module connection unsuccessful!
1641693561.692719 ### INFO: Connecting to the SquarePoint module...
1641693561.693842 ### INFO: SquarePoint module connection successful
1641693561.694009 ### INFO: Battery voltage currently 4053 mV
1641693561.780542 ### INFO: SD card flushed!
1641693561.814348 ### INFO: SD card flushed!
1641693561.814584 ### DEBUG: BLE START SCANNING called
1641693561.826308 ### BLE EVENT: 16, INFO: BLE CONNECTED!
1641693561.826536 ### DEBUG: BLE START SCANNING called
1641693561.874821 ### DEBUG: Ticks: 50, 50, 0 
1641693561.875068 1640051344 c0:98:e5:42:00:29 -2147483647 
1641693561.875217 -2147483647 -2147483647 -2147483647 -2147483647 -2147483647 -2147483647 -2147483647 -2147483647 -2147483647 -2147483647 -2147483647 -2147483647 -2147483647 -2147483647 -2147483647 
1641693561.875657 -2147483647 -2147483647 -2147483647 -2147483647 -2147483647 -2147483647 -2147483647 -2147483647 -2147483647 -2147483647 -2147483647 -2147483647 -2147483647 -2147483647 -2147483647 
1641693561.875831 ### INFO: Switched Scheduler EUI from 00:00:00:00:00:00 to c0:98:e5:42:00:2c
1641693561.885825 ### DEBUG: BLE STOP SCANNING called
1641693561.928506 ### RSSI: -80, 9, 1640051344 ,51 
1641693562.020380 ### RSSI: -73, 12, 1640051344 ,52 
1641693562.126290 ### RSSI: -80, 25, 1640051344 ,54 
1641693562.229686 ### RSSI: -81, 4, 1640051344 ,55 
1641693562.318658 ### RSSI: -77, 3, 1640051344 ,57 
1641693562.420864 ### RSSI: -80, 23, 1640051344 ,58 
1641693562.521213 ### RSSI: -80, 3, 1640051345 ,60 
1641693562.622924 ### RSSI: -82, 6, 1640051345 ,61 
1641693562.690934 ### DEBUG: BLE START SCANNING called
1641693562.723816 ### RSSI: -86, 28, 1640051345 ,63 
1641693562.724072 ### DEBUG: BLE START SCANNING called
1641693562.825586 ### RSSI: -85, 24, 1640051345 ,65 
1641693562.825878 ### DEBUG: BLE START SCANNING called
1641693562.875384 ### DEBUG: Ticks: 65, 15, 0 
1641693562.875660 1640051345 c0:98:e5:42:00:29 -2147483647 
1641693562.875858 -2147483647 -2147483647 -2147483647 -2147483647 -2147483647 -2147483647 -2147483647 -2147483647 -2147483647 -2147483647 -2147483647 -2147483647 -2147483647 -2147483647 -2147483647 
1641693562.876198 -2147483647 -2147483647 -2147483647 -2147483647 -2147483647 -2147483647 -2147483647 -2147483647 -2147483647 -2147483647 -2147483647 -2147483647 -2147483647 -2147483647 -2147483647 
1641693562.919468 ### RSSI: -78, 26, 1640051345 ,66 
1641693562.919763 ### DEBUG: BLE START SCANNING called
1641693563.024011 ### RSSI: -80, 16, 1640051345 ,68 
1641693563.024327 ### DEBUG: BLE START SCANNING called
1641693563.126571 ### RSSI: -83, 3, 1640051345 ,69 
1641693563.126928 ### DEBUG: BLE START SCANNING called
1641693563.227857 ### RSSI: -87, 1, 1640051345 ,71 
1641693563.228180 ### DEBUG: BLE START SCANNING called
1641693563.520631 ### RSSI: -76, 28, 1640051346 ,76 
1641693563.520881 ### DEBUG: BLE START SCANNING called
1641693563.621779 ### RSSI: -76, 22, 1640051346 ,77 
1641693563.622028 ### DEBUG: BLE START SCANNING called
1641693563.726096 ### RSSI: -89, 0, 1640051346 ,79 
1641693563.726343 ### DEBUG: BLE START SCANNING called
1641693563.804403 ### addr: c0:98:e5:42:00:29 
1641693563.804630 ### on_adv_report outer RSSI: -78, time:1640051346 
1641693563.804765 ### INFO: Discovered new device: c0:98:e5:42:00:29
1641693563.804902 ### DEBUG: connected? already connected
1641693563.805033 ### DEBUG: BLE START SCANNING called
1641693563.861955 ### BLE EVENT: 16, INFO: BLE CONNECTED!
1641693563.862238 ### DEBUG: BLE START SCANNING called
1641693563.862376 ### RSSI: -82, 7, 1640051346 ,81 
1641693563.862507 ### DEBUG: BLE START SCANNING called
1641693563.875451 ### DEBUG: Ticks: 81, 16, 1 
1641693563.875658 1640051346 c0:98:e5:42:00:29 -2147483647 
1641693563.875824 -2147483647 -2147483647 -2147483647 -2147483647 -2147483647 -2147483647 -2147483647 -2147483647 -2147483647 -2147483647 -2147483647 -2147483647 -2147483647 -2147483647 -2147483647 
1641693563.876347 -2147483647 -2147483647 -2147483647 -2147483647 -2147483647 -2147483647 -2147483647 -2147483647 -2147483647 -2147483647 -2147483647 -2147483647 -2147483647 -2147483647 -2147483647 
1641693563.876475 ### DEBUG: BLE START SCANNING called
1641693563.964007 ### RSSI: -71, 36, 1640051346 ,82 
1641693563.964194 ### DEBUG: BLE START SCANNING called
1641693564.064481 ### RSSI: -74, 24, 1640051346 ,84 
1641693564.064763 ### DEBUG: BLE START SCANNING called
1641693564.164221 ### RSSI: -72, 32, 1640051346 ,86 
1641693564.164509 ### DEBUG: BLE START SCANNING called
1641693564.266021 ### RSSI: -73, 24, 1640051346 ,87 
1641693564.266299 ### DEBUG: BLE START SCANNING called
1641693564.460021 ### RSSI: -73, 17, 1640051347 ,90 
1641693564.460330 ### DEBUG: BLE START SCANNING called
1641693564.558662 ### RSSI: -76, 18, 1640051347 ,92 
1641693564.558943 ### DEBUG: BLE START SCANNING called
1641693564.559080 ### RSSI: -75, 18, 1640051347 ,92 
1641693564.559209 ### DEBUG: BLE START SCANNING called
1641693564.661603 ### RSSI: -76, 13, 1640051347 ,93 
1641693564.661822 ### DEBUG: BLE START SCANNING called
1641693564.693056 ### DEBUG: BLE START SCANNING called
1641693564.727223 ### RSSI: -81, 14, 1640051347 ,94 
1641693564.727470 ### DEBUG: BLE START SCANNING called
1641693564.760404 ### RSSI: -73, 22, 1640051347 ,95 
1641693564.760688 ### DEBUG: BLE START SCANNING called
1641693564.862252 ### RSSI: -76, 31, 1640051347 ,96 
1641693564.862509 ### DEBUG: BLE START SCANNING called
1641693564.874847 ### DEBUG: Ticks: 97, 16, 1 
1641693564.875125 1640051347 c0:98:e5:42:00:29 -2147483647 
1641693564.875553 -2147483647 -2147483647 -2147483647 -2147483647 -2147483647 -2147483647 -2147483647 -2147483647 -2147483647 -2147483647 -2147483647 -2147483647 -2147483647 -2147483647 -2147483647 
1641693564.876150 -2147483647 -2147483647 -2147483647 -2147483647 -2147483647 -2147483647 -2147483647 -2147483647 -2147483647 -2147483647 -2147483647 -2147483647 -2147483647 -2147483647 -2147483647 
1641693564.876330 ### DEBUG: BLE START SCANNING called
1641693564.966379 ### RSSI: -75, 13, 1640051347 ,98 
1641693564.968147 ### DEBUG: BLE START SCANNING called
1641693565.066873 ### RSSI: -73, 6, 1640051347 ,100 
1641693565.067113 ### DEBUG: BLE START SCANNING called
1641693565.162764 ### RSSI: -73, 17, 1640051347 ,101 
1641693565.162963 ### DEBUG: BLE START SCANNING called
1641693565.262603 ### RSSI: -72, 2, 1640051347 ,103 
1641693565.262886 ### DEBUG: BLE START SCANNING called
1641693565.360816 ### RSSI: -71, 36, 1640051347 ,104 
1641693565.361145 ### DEBUG: BLE START SCANNING called
1641693565.462306 ### RSSI: -70, 30, 1640051348 ,106 
1641693565.462513 ### DEBUG: BLE START SCANNING called
1641693565.559990 ### RSSI: -72, 29, 1640051348 ,107 
1641693565.560247 ### DEBUG: BLE START SCANNING called
1641693565.687802 ### DEBUG: BLE START SCANNING called
1641693565.720344 ### RSSI: -71, 30, 1640051348 ,110 
1641693565.720563 ### DEBUG: BLE START SCANNING called
1641693565.879113 ### DEBUG: Ticks: 112, 15, 1 
1641693565.879405 1640051348 c0:98:e5:42:00:29 -2147483647 
1641693565.879886 -2147483647 -2147483647 -2147483647 -2147483647 -2147483647 -2147483647 -2147483647 -2147483647 -2147483647 -2147483647 -2147483647 -2147483647 -2147483647 -2147483647 -2147483647 
1641693565.880570 -2147483647 -2147483647 -2147483647 -2147483647 -2147483647 -2147483647 -2147483647 -2147483647 -2147483647 -2147483647 -2147483647 -2147483647 -2147483647 -2147483647 -2147483647 
1641693565.880788 ### DEBUG: BLE START SCANNING called
1641693566.564500 ### RSSI: -76, 0, 1640051349 ,123 
1641693566.564782 ### DEBUG: BLE START SCANNING called
1641693566.697035 ### DEBUG: BLE START SCANNING called
1641693566.721440 ### RSSI: -78, 23, 1640051349 ,126 
1641693566.721665 ### DEBUG: BLE START SCANNING called
1641693566.877972 ### DEBUG: Ticks: 128, 16, 1 
1641693566.878255 1640051349 c0:98:e5:42:00:29 -2147483647 
1641693566.878789 -2147483647 -2147483647 -2147483647 -2147483647 -2147483647 -2147483647 -2147483647 -2147483647 -2147483647 -2147483647 -2147483647 -2147483647 -2147483647 -2147483647 -2147483647 
1641693566.879482 -2147483647 -2147483647 -2147483647 -2147483647 -2147483647 -2147483647 -2147483647 -2147483647 -2147483647 -2147483647 -2147483647 -2147483647 -2147483647 -2147483647 -2147483647 
1641693566.879670 ### DEBUG: BLE START SCANNING called
1641693566.993185 ### STOPPED, setting module to STOPPED
1641693566.993473 ### INFO: Switched Scheduler EUI from c0:98:e5:42:00:2c to 00:00:00:00:00:00
1641693567.172467 ### INFO: SD card flushed!
1641693567.172729 ### INFO: Starting the SquarePoint module...
1641693567.172878 ### INFO: Starting SquarePoint module as SCHEDULER with timestamp 1640051349
1641693567.173011 ### DEBUG: BLE STOP SCANNING called
1641693567.173154 ### INFO: SquarePoint module successfully started!
1641693567.294487 ### DEBUG: Ticks: 134, 6, 1 
1641693567.294737 1640051350 ### INFO: Switched Scheduler EUI from 00:00:00:00:00:00 to c0:98:e5:42:00:2c
1641693567.560861 ### RSSI: -73, 35, 1640051351 ,139 
1641693567.722523 ### RSSI: -75, 27, 1640051351 ,141 
1641693568.394176 ### DEBUG: Ticks: 152, 18, 1 
1641693568.394395 1640051351 c0:98:e5:42:00:29 2404 
1641693568.404042 2311 2328 2332 2337 2338 2344 2344 2348 2355 2361 2368 2371 2376 2398 2402 
1641693568.404316 2407 2414 2435 2435 2445 2452 2454 2462 2476 2523 2535 2546 2556 2616 2687 
1641693568.559080 ### RSSI: -70, 4, 1640051351 ,154 
1641693568.726668 ### RSSI: -74, 24, 1640051351 ,157 
1641693569.400282 ### DEBUG: Ticks: 167, 15, 1 
1641693569.400580 1640051352 c0:98:e5:42:00:29 2719 
1641693569.400774 2143 2148 2150 2165 2175 2183 2184 2196 2200 2205 2205 2217 2232 2250 2253 
1641693569.400981 2259 2273 2278 2283 2289 2300 2316 2324 2325 2326 2345 2356 2363 2368 2383 
1641693569.557072 ### RSSI: -71, 28, 1640051352 ,170 
1641693569.725382 ### RSSI: -67, 8, 1640051352 ,172 
1641693570.393831 ### DEBUG: Ticks: 183, 16, 1 
1641693570.394036 1640051353 c0:98:e5:42:00:29 2321 
1641693570.394164 1786 1802 1802 1806 1809 1816 1830 1834 1834 1835 1848 1849 1852 1857 1858 
1641693570.394305 1860 1861 1862 1862 1869 1876 1880 1892 1895 1912 1937 1939 1945 1967 1987 
1641693570.557925 ### RSSI: -64, 5, 1640051353 ,185 
1641693570.723528 ### RSSI: -63, 36, 1640051353 ,188 
1641693571.393239 ### DEBUG: Ticks: 198, 15, 1 
1641693571.393580 1640051354 c0:98:e5:42:00:29 1885 
1641693571.393774 1468 1484 1488 1496 1507 1507 1511 1517 1518 1521 1531 1534 1534 1538 1540 
1641693571.393935 1542 1542 1543 1563 1580 1592 1618 1621 1633 1636 1651 1677 1689 1696 1713 
1641693571.559606 ### RSSI: -58, 4, 1640051354 ,201 
1641693571.727612 ### RSSI: -61, 36, 1640051354 ,204 
1641693572.397164 ### DEBUG: Ticks: 214, 16, 1 
1641693572.397527 1640051355 c0:98:e5:42:00:29 1315 
1641693572.397693 850 853 853 873 874 876 878 893 903 907 910 917 922 928 935 
1641693572.397871 947 948 949 954 963 966 976 991 997 1002 1018 1033 1047 1053 1057 
1641693572.564723 ### RSSI: -63, 2, 1640051355 ,217 
1641693572.724101 ### RSSI: -61, 28, 1640051355 ,219 
1641693573.398935 ### DEBUG: Ticks: 230, 16, 1 
1641693573.399184 1640051356 c0:98:e5:42:00:29 1419 
1641693573.399330 991 1020 1023 1029 1035 1036 1039 1039 1045 1049 1049 1050 1051 1053 1054 
1641693573.399454 1064 1075 1081 1088 1089 1094 1099 1115 1124 1129 1138 1192 1204 1218 1235 
1641693573.558796 ### RSSI: -60, 1, 1640051356 ,232 
1641693573.724526 ### RSSI: -64, 2, 1640051356 ,235 
1641693574.397798 ### DEBUG: Ticks: 245, 15, 1 
1641693574.398040 1640051357 c0:98:e5:42:00:29 1711 
1641693574.398245 1231 1243 1258 1262 1268 1272 1281 1287 1291 1293 1297 1298 1301 1312 1314 
1641693574.398398 1318 1319 1327 1332 1334 1335 1347 1348 1352 1382 1402 1415 1445 1448 1521 
1641693574.556272 ### RSSI: -60, 24, 1640051357 ,248 
1641693574.725334 ### RSSI: -63, 18, 1640051357 ,250 
1641693575.397763 ### DEBUG: Ticks: 261, 16, 1 
1641693575.398041 1640051358 c0:98:e5:42:00:29 2138 
1641693575.398199 1652 1667 1700 1705 1708 1713 1717 1719 1723 1740 1740 1747 1751 1753 1767 
1641693575.398361 1768 1775 1775 1794 1795 1797 1798 1802 1808 1816 1821 1836 1841 1880 1891 
1641693575.554883 ### RSSI: -76, 7, 1640051358 ,264 
1641693575.727120 ### RSSI: -64, 26, 1640051358 ,266 
1641693576.400815 ### DEBUG: Ticks: 277, 16, 1 
1641693576.401027 1640051359 c0:98:e5:42:00:29 2191 
1641693576.401155 1708 1712 1721 1722 1726 1734 1736 1738 1741 1741 1744 1747 1753 1753 1758 
1641693576.401278 1759 1762 1772 1781 1787 1788 1791 1809 1815 1834 1834 1859 1864 1925 0 
1641693576.558041 ### RSSI: -63, 27, 1640051359 ,279 
1641693576.723399 ### RSSI: -64, 21, 1640051359 ,282 
1641693577.392083 ### DEBUG: Ticks: 292, 15, 1 
1641693577.392316 1640051360 c0:98:e5:42:00:29 2085 
1641693577.392467 1575 1577 1600 1601 1605 1630 1633 1639 1648 1652 1654 1658 1659 1663 1670 
1641693577.392591 1671 1680 1682 1684 1687 1690 1696 1700 1714 1735 1758 1761 1784 1791 1881 
1641693577.561943 ### RSSI: -72, 12, 1640051360 ,295 
1641693577.728540 ### RSSI: -59, 30, 1640051360 ,297 
1641693578.393986 ### DEBUG: Ticks: 308, 16, 1 
1641693578.394237 1640051361 c0:98:e5:42:00:29 1955 
1641693578.394401 1497 1509 1522 1528 1538 1551 1556 1556 1557 1578 1585 1601 1607 1620 1621 
1641693578.394559 1632 1648 1653 1657 1661 1665 1711 1713 1717 1718 1719 1724 1725 1729 1732 
1641693578.562285 ### RSSI: -65, 1, 1640051361 ,310 
1641693578.718702 ### RSSI: -59, 12, 1640051361 ,313 
1641693579.394891 ### DEBUG: Ticks: 323, 15, 1 
1641693579.395143 1640051362 c0:98:e5:42:00:29 1721 
1641693579.395308 1216 1246 1255 1261 1269 1272 1281 1285 1311 1317 1322 1335 1344 1346 1347 
1641693579.395470 1359 1360 1367 1369 1393 1443 1450 1454 1456 1457 1461 1472 1475 1519 1566 
1641693579.558918 ### RSSI: -63, 29, 1640051362 ,326 
1641693579.726417 ### RSSI: -64, 14, 1640051362 ,329 
1641693580.398836 ### DEBUG: Ticks: 339, 16, 1 
1641693580.399074 1640051363 c0:98:e5:42:00:29 1521 
1641693580.399219 1060 1070 1083 1092 1095 1096 1098 1107 1115 1116 1116 1121 1127 1142 1148 
1641693580.399357 1150 1173 1179 1191 1212 1217 1218 1223 1224 1234 1250 1259 1397 1429 1440 
1641693580.563351 ### RSSI: -68, 12, 1640051363 ,342 
1641693580.719531 ### RSSI: -71, 18, 1640051363 ,344 
1641693581.395740 ### DEBUG: Ticks: 355, 16, 1 
1641693581.395987 1640051364 c0:98:e5:42:00:29 1545 
1641693581.396151 1053 1065 1107 1113 1114 1129 1132 1134 1138 1145 1149 1167 1175 1181 1191 
1641693581.396310 1192 1201 1209 1210 1212 1219 1222 1237 1241 1277 1281 1288 1328 1401 1406 
1641693581.559989 ### RSSI: -68, 4, 1640051364 ,357 
1641693581.717598 ### RSSI: -72, 2, 1640051365 ,360 
1641693582.393434 ### DEBUG: Ticks: 370, 15, 1 
1641693582.393634 1640051365 c0:98:e5:42:00:29 1904 
1641693582.393770 1373 1397 1417 1418 1419 1421 1426 1440 1457 1461 1469 1482 1485 1485 1491 
1641693582.394010 1497 1502 1504 1508 1514 1522 1540 1541 1550 1564 1588 1590 1592 1695 1713 
1641693582.560845 ### RSSI: -71, 7, 1640051365 ,373 
1641693582.719129 ### RSSI: -74, 2, 1640051366 ,375 
1641693583.400672 ### DEBUG: Ticks: 386, 16, 1 
1641693583.400944 1640051366 c0:98:e5:42:00:29 2407 
1641693583.401098 1894 1934 1935 1937 1952 1954 1957 1977 1979 1980 1982 1987 1989 1991 1992 
1641693583.401257 2000 2009 2010 2012 2012 2018 2025 2026 2060 2088 2099 2104 2140 2222 2257 
1641693583.555324 ### RSSI: -65, 10, 1640051366 ,389 
1641693583.724628 ### RSSI: -63, 15, 1640051367 ,391 
1641693584.393166 ### DEBUG: Ticks: 402, 16, 1 
1641693584.393523 1640051367 c0:98:e5:42:00:29 2942 
1641693584.393714 2440 2462 2480 2490 2490 2491 2499 2499 2512 2521 2525 2531 2532 2538 2550 
1641693584.393900 2553 2577 2583 2585 2587 2594 2594 2600 2631 2634 2647 2648 2656 2663 2666 
1641693584.559036 ### RSSI: -62, 25, 1640051367 ,404 
1641693584.727461 ### RSSI: -64, 12, 1640051368 ,407 
1641693585.392886 ### DEBUG: Ticks: 417, 15, 1 
1641693585.393253 1640051368 c0:98:e5:42:00:29 3182 
1641693585.393535 2727 2796 2807 2810 2811 2813 2821 2831 2832 2839 2843 2845 2853 2861 2865 
1641693585.393746 2867 2867 2870 2871 2886 2886 2906 2913 2916 2932 2946 2963 2964 2993 3023 
1641693586.399165 ### DEBUG: Ticks: 433, 16, 1 
1641693586.399376 1640051369 c0:98:e5:42:00:29 3191 
1641693586.399498 2734 2746 2749 2755 2762 2766 2773 2786 2802 2806 2812 2833 2833 2834 2841 
1641693586.399644 2842 2843 2844 2856 2858 2860 2876 2877 2879 2885 2886 2911 2932 2958 3060 
1641693587.402397 ### DEBUG: Ticks: 448, 15, 1 
1641693587.402635 1640051370 c0:98:e5:42:00:29 3269 
1641693587.402780 2697 2724 2738 2757 2759 2766 2777 2779 2788 2789 2790 2791 2796 2799 2807 
1641693587.402922 2819 2820 2835 2835 2845 2856 2857 2869 2876 2890 2896 2903 2908 2910 2931 
1641693587.847383 ### BLE EVENT: 16, INFO: BLE CONNECTED!
1641693587.847645 ### RSSI: -73, 31, 1640051371 ,455 
1641693587.949231 ### RSSI: -71, 8, 1640051371 ,457 
1641693587.949549 ### RSSI: -71, 8, 1640051371 ,457 
1641693588.050228 ### RSSI: -77, 31, 1640051371 ,459 
1641693588.052062 ### RSSI: -76, 31, 1640051371 ,459 
1641693588.152397 ### RSSI: -68, 10, 1640051371 ,460 
1641693588.152693 ### RSSI: -67, 10, 1640051371 ,460 
1641693588.252958 ### RSSI: -67, 16, 1640051371 ,462 
1641693588.253253 ### RSSI: -68, 16, 1640051371 ,462 
1641693588.343316 ### RSSI: -65, 10, 1640051371 ,463 
1641693588.354677 ### RSSI: -65, 10, 1640051371 ,463 
1641693588.399200 ### DEBUG: Ticks: 464, 16, 1 
1641693588.399444 1640051371 c0:98:e5:42:00:29 3584 
1641693588.399609 3056 3092 3100 3101 3123 3126 3129 3141 3146 3148 3151 3153 3153 3167 3169 
1641693588.399784 3182 3190 3199 3200 3200 3203 3208 3213 3219 3221 3224 3238 3239 3254 3307 
1641693588.443143 ### RSSI: -68, 31, 1640051372 ,465 
1641693588.455200 ### RSSI: -68, 31, 1640051372 ,465 
1641693588.553156 ### RSSI: -66, 21, 1640051372 ,466 
1641693588.643360 ### RSSI: -69, 35, 1640051372 ,468 
1641693588.655004 ### BLE EVENT: 17, INFO: BLE DISCONNECTED!
1641693588.744121 ### RSSI: -69, 4, 1640051372 ,470 
1641693588.823606 ### BLE EVENT: 17, INFO: BLE DISCONNECTED!
1641693588.845016 ### RSSI: -66, 22, 1640051372 ,471 
1641693588.944491 ### RSSI: -68, 36, 1640051372 ,473 
1641693589.045667 ### RSSI: -68, 31, 1640051372 ,474 
1641693589.142795 ### RSSI: -70, 25, 1640051372 ,476 
1641693589.248450 ### RSSI: -75, 9, 1640051372 ,477 
1641693589.349611 ### RSSI: -80, 17, 1640051372 ,479 
1641693589.395391 ### DEBUG: Ticks: 480, 16, 0 
1641693589.395614 1640051372 c0:98:e5:42:00:29 3989 
1641693589.395759 3501 3519 3541 3545 3549 3559 3560 3562 3569 3571 3584 3590 3601 3603 3604 
1641693589.395924 3604 3613 3617 3623 3631 3631 3637 3638 3638 3640 3641 3652 3652 3695 3696 
1641693589.455392 ### RSSI: -76, 17, 1640051372 ,480 
1641693590.393921 ### DEBUG: Ticks: 495, 15, 0 
1641693590.394143 1640051373 c0:98:e5:42:00:29 4554 
1641693590.394301 4052 4061 4066 4074 4079 4081 4110 4116 4124 4127 4128 4138 4143 4145 4147 
1641693590.394440 4151 4152 4163 4163 4177 4179 4179 4180 4189 4193 4201 4205 4215 4237 4244 
1641693590.451106 ### RSSI: -75, 2, 1640051373 ,496 
1641693591.396584 ### DEBUG: Ticks: 511, 16, 0 
1641693591.396843 1640051374 c0:98:e5:42:00:29 5114 
1641693591.397004 4641 4654 4658 4660 4682 4683 4689 4700 4704 4706 4713 4714 4715 4718 4729 
1641693591.397179 4731 4742 4748 4751 4752 4756 4762 4765 4767 4768 4771 4785 4785 4803 4882 
1641693591.444178 ### RSSI: -69, 24, 1640051374 ,512 
1641693592.400158 ### DEBUG: Ticks: 527, 16, 0 
1641693592.400437 1640051375 c0:98:e5:42:00:29 5204 
1641693592.400631 4707 4773 4793 4796 4801 4805 4806 4808 4822 4824 4835 4836 4838 4841 4844 
1641693592.400793 4855 4857 4863 4865 4866 4871 4876 4881 4891 4898 4920 4938 4950 4965 5036 
1641693592.444831 ### RSSI: -70, 30, 1640051375 ,527 
1641693593.396969 ### DEBUG: Ticks: 542, 15, 0 
1641693593.397299 1640051376 c0:98:e5:42:00:29 5294 
1641693593.397552 4792 4817 4831 4837 4847 4848 4854 4854 4854 4862 4866 4866 4868 4869 4888 
1641693593.397763 4889 4893 4902 4903 4912 4913 4914 4915 4919 4923 4934 4944 4959 4974 4989 
1641693593.445443 ### RSSI: -81, 30, 1640051376 ,543 
1641693594.396859 ### DEBUG: Ticks: 558, 16, 0 
1641693594.397104 1640051377 c0:98:e5:42:00:29 5270 
1641693594.397269 4742 4757 4764 4767 4768 4772 4782 4783 4799 4802 4810 4812 4812 4813 4820 
1641693594.397577 4829 4832 4832 4840 4845 4859 4869 4874 4884 4885 4895 4921 4933 4957 4994 
1641693594.444733 ### RSSI: -66, 15, 1640051377 ,559 
1641693595.394757 ### DEBUG: Ticks: 573, 15, 0 
1641693595.396240 1640051378 c0:98:e5:42:00:29 5302 
1641693595.396450 4828 4836 4841 4843 4847 4860 4869 4881 4885 4887 4889 4889 4891 4896 4900 
1641693595.396599 4911 4925 4945 4947 4948 4949 4989 4990 4997 5011 5049 5053 5070 5101 5125 
1641693595.450336 ### RSSI: -69, 24, 1640051378 ,574 
1641693596.399165 ### DEBUG: Ticks: 589, 16, 0 
1641693596.399448 1640051379 c0:98:e5:42:00:29 5202 
1641693596.399662 4747 4749 4751 4755 4775 4798 4798 4804 4805 4810 4812 4814 4820 4821 4821 
1641693596.399849 4825 4834 4839 4856 4881 4896 4898 4900 4902 4904 4924 4924 4935 4952 4961 
1641693596.443604 ### RSSI: -81, 31, 1640051379 ,590 
1641693597.394496 ### DEBUG: Ticks: 605, 16, 0 
1641693597.394775 1640051380 c0:98:e5:42:00:29 5005 
1641693597.394992 4535 4548 4557 4562 4566 4572 4584 4588 4594 4604 4604 4609 4609 4613 4618 
1641693597.395172 4627 4635 4638 4649 4660 4663 4675 4689 4689 4713 4726 4731 4735 4743 4786 
1641693597.450735 ### RSSI: -78, 10, 1640051380 ,605 
1641693598.395979 ### DEBUG: Ticks: 620, 15, 0 
1641693598.396288 1640051381 c0:98:e5:42:00:29 4588 
1641693598.396452 4094 4104 4114 4130 4134 4135 4136 4148 4151 4156 4157 4159 4167 4167 4182 
1641693598.396639 4192 4194 4196 4202 4206 4206 4213 4219 4223 4231 4235 4266 4288 4298 4440 
1641693598.452302 ### RSSI: -73, 36, 1640051381 ,621 
1641693599.396857 ### DEBUG: Ticks: 636, 16, 0 
1641693599.397106 1640051382 c0:98:e5:42:00:29 3972 
1641693599.397274 3431 3441 3453 3461 3471 3494 3506 3507 3511 3512 3512 3520 3526 3526 3531 
1641693599.397498 3534 3535 3544 3549 3549 3551 3557 3566 3571 3582 3593 3601 3629 3639 3749 
1641693599.452328 ### RSSI: -68, 34, 1640051382 ,637 
1641693599.452614 ERROR: Unable to initialize the SD card!
1641693599.453209 ERROR: Unable to power on the SD Card!
1641693600.452047 ### RSSI: -70, 31, 1640051383 ,652 
1641693601.451919 ### RSSI: -71, 14, 1640051384 ,668 
1641693602.450399 ### RSSI: -69, 9, 1640051385 ,684 
1641693603.449816 ### RSSI: -77, 8, 1640051386 ,699 
1641693604.452223 ### RSSI: -63, 13, 1640051387 ,715 
1641693605.447429 ### RSSI: -66, 18, 1640051388 ,730 
1641693606.444670 ### RSSI: -68, 32, 1640051389 ,746 
1641693607.442267 ### RSSI: -66, 12, 1640051390 ,762 
1641693608.449468 ### RSSI: -62, 20, 1640051391 ,777 
1641693609.391040 ### ERROR: Failed reading SquarePoint packet length
1641693609.445274 ### RSSI: -66, 24, 1640051392 ,793 
1641693610.451874 ### RSSI: -74, 0, 1640051393 ,808 
1641693611.449644 ### RSSI: -60, 27, 1640051394 ,824 
1641693612.444739 ### RSSI: -65, 6, 1640051396 ,840 
1641693613.450404 ### RSSI: -75, 11, 1640051397 ,855 
1641693614.449008 ### RSSI: -69, 15, 1640051398 ,871 
1641693615.451189 ### RSSI: -69, 22, 1640051399 ,887 
1641693616.447840 ### RSSI: -75, 3, 1640051400 ,902 
1641693617.446008 ### RSSI: -67, 0, 1640051401 ,918 
1641693618.445213 ### RSSI: -72, 3, 1640051402 ,933 
1641693619.452751 ### RSSI: -71, 27, 1640051403 ,949 
1641693620.387719 ### ERROR: Failed reading SquarePoint packet length
1641693620.442694 ### RSSI: -62, 16, 1640051404 ,965 
1641693621.448882 ### RSSI: -63, 16, 1640051405 ,980 
1641693622.442243 ### RSSI: -66, 18, 1640051406 ,996 
1641693623.550898 ### RSSI: -80, 18, 1640051407 ,1013 
1641693624.543513 ### RSSI: -65, 34, 1640051408 ,1029 
1641693625.551036 ### RSSI: -70, 4, 1640051409 ,1044 
1641693626.548264 ### RSSI: -66, 5, 1640051410 ,1060 
1641693627.541958 ### RSSI: -70, 36, 1640051411 ,1076 
1641693628.543574 ### RSSI: -76, 36, 1640051412 ,1091 
1641693629.542462 ### RSSI: -73, 16, 1640051413 ,1107 
1641693630.547246 ### RSSI: -79, 17, 1640051414 ,1122 
1641693631.394605 ### ERROR: Failed reading SquarePoint packet length
1641693631.542149 ### RSSI: -83, 30, 1640051415 ,1138 
1641693632.551304 ### RSSI: -78, 22, 1640051416 ,1154 
1641693633.547266 ### RSSI: -72, 12, 1640051417 ,1169 
1641693634.550844 ### RSSI: -75, 33, 1640051419 ,1185 
1641693635.543930 ### RSSI: -76, 34, 1640051420 ,1200 
1641693636.543736 ### RSSI: -68, 33, 1640051421 ,1216 
1641693637.545650 ### RSSI: -73, 27, 1640051422 ,1232 
1641693638.544797 ### RSSI: -74, 7, 1640051423 ,1247 
1641693639.556178 ### RSSI: -81, 8, 1640051424 ,1263 
1641693640.542270 ### RSSI: -70, 0, 1640051425 ,1279 
1641693641.541147 ### RSSI: -68, 4, 1640051426 ,1294 
1641693642.399271 ### ERROR: Failed reading SquarePoint packet length
1641693642.544921 ### RSSI: -70, 36, 1640051427 ,1310 
1641693643.541776 ### RSSI: -62, 12, 1640051428 ,1325 
1641693644.541825 ### RSSI: -61, 0, 1640051429 ,1341 
1641693645.542007 ### RSSI: -59, 5, 1640051430 ,1357 
1641693646.544765 ### RSSI: -82, 17, 1640051431 ,1372 
1641693647.549934 ### RSSI: -79, 9, 1640051432 ,1388 
1641693648.547133 ### RSSI: -76, 15, 1640051433 ,1404 
1641693649.544327 ### RSSI: -81, 22, 1640051434 ,1419 
1641693650.650068 ### RSSI: -64, 8, 1640051435 ,1436 
1641693651.642418 ### RSSI: -67, 14, 1640051436 ,1452 
1641693652.388808 ### ERROR: Failed reading SquarePoint packet length
1641693652.644841 ### RSSI: -83, 3, 1640051437 ,1468 
1641693653.640443 ### RSSI: -69, 30, 1640051438 ,1483 
1641693654.643318 ### RSSI: -68, 2, 1640051439 ,1499 
1641693655.640464 ### RSSI: -70, 0, 1640051440 ,1514 
1641693656.644822 ### RSSI: -65, 19, 1640051442 ,1530 
1641693657.640355 ### RSSI: -64, 12, 1640051443 ,1546 
1641693658.650238 ### RSSI: -69, 10, 1640051444 ,1561 
1641693659.648576 ### RSSI: -70, 9, 1640051445 ,1577 
1641693660.652158 ### RSSI: -67, 14, 1640051446 ,1593 
1641693661.647922 ### RSSI: -74, 11, 1640051447 ,1608 
1641693662.640848 ### RSSI: -68, 32, 1640051448 ,1624 
1641693663.396650 ### ERROR: Failed reading SquarePoint packet length
1641693663.640951 ### RSSI: -73, 31, 1640051449 ,1639 
1641693664.641034 ### RSSI: -81, 0, 1640051450 ,1655 
1641693665.646486 ### RSSI: -79, 32, 1640051451 ,1671 
1641693666.644835 ### RSSI: -71, 18, 1640051452 ,1686 
1641693667.639929 ### RSSI: -79, 29, 1640051453 ,1702 
1641693668.646804 ### RSSI: -74, 24, 1640051454 ,1717 
1641693669.640600 ### RSSI: -81, 22, 1640051455 ,1733 
1641693670.647746 ### RSSI: -85, 23, 1640051456 ,1749 
1641693671.650530 ### RSSI: -73, 14, 1640051457 ,1764 
1641693672.648724 ### RSSI: -67, 6, 1640051458 ,1780 
1641693673.641967 ### RSSI: -71, 32, 1640051459 ,1796 
1641693674.397051 ### ERROR: Failed reading SquarePoint packet length
1641693674.639614 ### RSSI: -72, 15, 1640051460 ,1811 
1641693675.645471 ### RSSI: -74, 24, 1640051461 ,1827 
1641693676.638875 ### RSSI: -77, 32, 1640051462 ,1842 
1641693677.648474 ### RSSI: -75, 27, 1640051463 ,1858 
1641693678.647562 ### RSSI: -65, 12, 1640051464 ,1874 
1641693679.641235 ### RSSI: -63, 32, 1640051465 ,1889 
1641693680.641353 ### RSSI: -69, 29, 1640051467 ,1905 
1641693681.645249 ### RSSI: -65, 15, 1640051468 ,1921 
1641693682.647278 ### RSSI: -64, 27, 1640051469 ,1936 
1641693683.644046 ### RSSI: -65, 0, 1640051470 ,1952 
1641693684.394147 ### ERROR: Failed reading SquarePoint packet length
1641693684.639057 ### RSSI: -73, 30, 1640051471 ,1967 
1641693685.648726 ### RSSI: -64, 18, 1640051472 ,1983 
1641693686.645446 ### RSSI: -59, 26, 1640051473 ,1999 
1641693687.643074 ### RSSI: -69, 10, 1640051474 ,2014 
1641693688.643162 ### RSSI: -56, 33, 1640051475 ,2030 
1641693689.646827 ### RSSI: -58, 20, 1640051476 ,2045 
1641693690.646402 ### RSSI: -57, 29, 1640051477 ,2061 
1641693691.638920 ### RSSI: -62, 26, 1640051478 ,2077 
1641693692.640389 ### RSSI: -59, 32, 1640051479 ,2092 
1641693693.642422 ### RSSI: -60, 35, 1640051480 ,2108 
1641693694.392958 ### ERROR: Failed reading SquarePoint packet length
1641693694.644617 ### RSSI: -57, 32, 1640051481 ,2124 
1641693695.639393 ### RSSI: -53, 35, 1640051482 ,2139 
1641693696.645973 ### RSSI: -55, 9, 1640051483 ,2155 
1641693697.641613 ### RSSI: -55, 27, 1640051484 ,2170 
1641693698.640166 ### RSSI: -60, 23, 1640051485 ,2186 
1641693699.640406 ### RSSI: -61, 18, 1640051486 ,2202 
1641693700.637936 ### RSSI: -60, 26, 1640051487 ,2217 
1641693701.639805 ### RSSI: -57, 35, 1640051488 ,2233 
1641693702.648078 ### RSSI: -57, 33, 1640051489 ,2249 
1641693703.638718 ### RSSI: -59, 1, 1640051490 ,2264 
1641693704.399581 ### ERROR: Failed reading SquarePoint packet length
1641693704.640998 ### RSSI: -59, 13, 1640051492 ,2280 
1641693705.637489 ### RSSI: -60, 16, 1640051493 ,2295 
