1641080053.259437 ###RTT Client: ************************************************************ 
1641080053.259654 ###RTT Client: *               SEGGER Microcontroller GmbH                * 
1641080053.259704 ###RTT Client: *   Solutions for real time microcontroller applications   * 
1641080053.259745 ###RTT Client: ************************************************************ 
1641080053.259784 ###RTT Client: *                                                          * 
1641080053.259824 ###RTT Client: *       (c) 2012 - 2016  SEGGER Microcontroller GmbH       * 
1641080053.259864 ###RTT Client: *                                                          * 
1641080053.259903 ###RTT Client: *     www.segger.com     Support: support@segger.com       * 
1641080053.259949 ###RTT Client: *                                                          * 
1641080053.259989 ###RTT Client: ************************************************************ 
1641080053.260028 ###RTT Client: *                                                          * 
1641080053.260068 ###RTT Client: * SEGGER J-Link RTT Client   Compiled Jan 30 2018 18:46:58 * 
1641080053.260113 ###RTT Client: *                                                          * 
1641080053.260153 ###RTT Client: ************************************************************ 
1641080053.260196 
1641080053.260241 ###RTT Client: -----------------------------------------------
1641080053.260280 ###RTT Client: Connecting to J-Link RTT Server via localhost:9201  Connected.
1641080053.260327 SEGGER J-Link V6.30 - Real time terminal output
1641080053.260373 J-Link EDU Mini V1 compiled Oct  2 2020 17:00:40 V1.0, SN=801021851
1641080053.260412 Process: JLinkExe
1641080053.260456 ### DEBUG: Ticks: 454, 16, 1 
1641080053.260500 1640050080 c0:98:e5:42:00:29 251 
1641080053.260544 -305 -296 -270 -262 -251 -244 -229 -223 -220 -214 -209 -206 -201 -201 -198 
1641080053.260589 -194 -187 -182 -160 -148 -148 -143 -140 -140 -119 -116 -92 -91 -77 -73 
1641080053.260630 ### RSSI: -54, 36, 1640050080 ,456 
1641080053.260674 ### DEBUG: Ticks: 470, 16, 1 
1641080053.260719 1640050081 c0:98:e5:42:00:29 293 
1641080053.260764 -340 -308 -303 -302 -289 -283 -268 -264 -258 -254 -254 -247 -243 -238 -234 
1641080053.260803 -210 -207 -200 -198 -185 -182 -174 -174 -135 -132 -122 -115 -105 -98 -93 
1641080053.260846 ### RSSI: -54, 25, 1640050081 ,472 
1641080053.260889 ### DEBUG: Ticks: 485, 15, 1 
1641080053.260929 1640050082 c0:98:e5:42:00:29 252 
1641080053.260973 -384 -379 -372 -368 -365 -364 -352 -344 -343 -342 -337 -333 -329 -326 -325 
1641080053.261018 -321 -317 -301 -289 -284 -274 -255 -251 -249 -244 -242 -208 -199 -195 -138 
1641080053.261063 ### RSSI: -56, 6, 1640050082 ,487 
1641080053.261103 ### DEBUG: Ticks: 501, 16, 1 
1641080053.261146 1640050083 c0:98:e5:42:00:29 280 
1641080053.261190 -325 -291 -275 -262 -253 -253 -248 -245 -243 -230 -230 -229 -221 -217 -215 
1641080053.261231 -196 -182 -174 -168 -160 -156 -154 -152 -143 -139 -138 -105 -93 -82 -68 
1641080053.261275 ### RSSI: -57, 2, 1640050083 ,503 
1641080053.261319 ### DEBUG: Ticks: 516, 15, 1 
1641080053.261364 1640050084 c0:98:e5:42:00:29 246 
1641080053.261404 -291 -283 -282 -256 -230 -227 -226 -224 -214 -213 -212 -210 -207 -203 -182 
1641080053.261448 -182 -176 -169 -166 -155 -149 -126 -122 -120 -108 -101 -94 -62 -55 -38 
1641080053.261492 ### RSSI: -54, 14, 1640050084 ,519 
1641080053.261536 ### DEBUG: Ticks: 532, 16, 1 
1641080053.261581 1640050085 c0:98:e5:42:00:29 250 
1641080053.261620 -375 -361 -356 -340 -340 -335 -328 -326 -314 -314 -295 -290 -286 -274 -272 
1641080053.261664 -269 -265 -255 -253 -253 -251 -246 -244 -239 -239 -211 -201 -187 -180 -117 
1641080053.261708 ### RSSI: -55, 28, 1640050085 ,534 
1641080053.261752 ### DEBUG: Ticks: 548, 16, 1 
1641080053.261792 1640050086 c0:98:e5:42:00:29 277 
1641080053.261836 -253 -218 -205 -202 -192 -183 -172 -165 -160 -156 -149 -143 -132 -129 -124 
1641080053.261876 -114 -106 -98 -97 -89 -88 -82 -77 -76 -67 -63 -54 -47 -25 -16 
1641080053.261919 ### RSSI: -55, 24, 1640050086 ,550 
1641080053.261963 ### DEBUG: Ticks: 563, 15, 1 
1641080053.262003 1640050087 c0:98:e5:42:00:29 287 
1641080053.262050 -249 -236 -226 -208 -206 -206 -191 -187 -183 -171 -164 -158 -156 -153 -151 
1641080053.262089 -149 -149 -144 -127 -121 -116 -112 -112 -112 -110 -93 -82 -66 0 0 
1641080053.262132 ### RSSI: -52, 19, 1640050087 ,566 
1641080053.262178 ### DEBUG: Ticks: 579, 16, 1 
1641080053.262218 1640050088 c0:98:e5:42:00:29 315 
1641080053.262338 -351 -350 -309 -305 -302 -283 -275 -275 -270 -270 -262 -258 -254 -246 -244 
1641080053.262455 -238 -228 -211 -210 -205 -198 -189 -185 -183 -174 -168 -161 -157 -147 -110 
1641080053.262569 ### RSSI: -58, 3, 1640050088 ,581 
1641080053.262678 ### DEBUG: Ticks: 595, 16, 1 
1641080053.262790 1640050089 c0:98:e5:42:00:29 270 
1641080053.262906 -274 -258 -244 -237 -234 -226 -225 -225 -224 -214 -211 -203 -163 -155 -148 
1641080053.263019 -146 -145 -144 -138 -135 -132 -121 -118 -112 -100 -86 -71 -70 -64 -49 
1641080053.263134 ### RSSI: -57, 4, 1640050089 ,597 
1641080053.263249 ### DEBUG: Ticks: 610, 15, 1 
1641080053.263359 1640050090 c0:98:e5:42:00:29 273 
1641080053.263475 -276 -244 -237 -221 -213 -194 -188 -184 -183 -179 -172 -172 -156 -149 -143 
1641080053.263613 -142 -138 -133 -122 -109 -105 -93 -93 -87 -75 -72 -62 -51 -38 24 
1641080053.263728 ### RSSI: -55, 30, 1640050090 ,612 
1641080053.263842 ### DEBUG: Ticks: 626, 16, 1 
1641080053.263956 1640050091 c0:98:e5:42:00:29 281 
1641080053.264069 -359 -350 -315 -312 -304 -302 -295 -291 -279 -279 -271 -271 -270 -266 -266 
1641080053.264177 -254 -252 -246 -240 -235 -212 -207 -177 -173 -161 -160 -152 -150 -144 -130 
1641080053.264289 ### RSSI: -54, 21, 1640050091 ,628 
1641080053.264405 ### INFO: SD card flushed!
1641080053.264518 ### DEBUG: Ticks: 641, 15, 1 
1641080053.264633 1640050092 c0:98:e5:42:00:29 261 
1641080053.264745 -335 -281 -279 -275 -273 -258 -257 -256 -233 -232 -232 -228 -227 -226 -224 
1641080053.264858 -217 -212 -210 -207 -190 -182 -179 -158 -156 -143 -138 -134 -114 -71 -50 
1641080053.264971 ### RSSI: -60, 0, 1640050092 ,644 
1641080053.265087 ### DEBUG: Ticks: 657, 16, 1 
1641080053.265200 1640050093 c0:98:e5:42:00:29 248 
1641080053.265333 -170 -148 -147 -131 -95 -93 -87 -66 -64 -61 -57 -56 -54 -50 -43 
1641080053.265445 -24 -13 -11 0 0 8 14 18 21 57 59 74 96 96 107 
1641080053.265557 ### RSSI: -57, 6, 1640050093 ,659 
1641080053.265667 ### DEBUG: Ticks: 673, 16, 1 
1641080053.265776 1640050094 c0:98:e5:42:00:29 247 
1641080053.265887 -491 -481 -457 -447 -441 -436 -435 -418 -410 -401 -396 -396 -386 -383 -381 
1641080053.265998 -375 -371 -359 -357 -350 -336 -328 -326 -325 -320 -282 -273 -269 -260 -224 
1641080053.266106 ### RSSI: -56, 7, 1640050095 ,675 
1641080053.266220 ### DEBUG: Ticks: 688, 15, 1 
1641080053.266332 1640050095 c0:98:e5:42:00:29 250 
1641080053.266441 -201 -149 -142 -136 -130 -125 -114 -113 -104 -101 -78 -76 -71 -70 -68 
1641080053.266551 -66 -56 -54 -53 -52 -40 -39 -37 -36 -34 -8 6 26 41 71 
1641080053.266659 ### RSSI: -56, 35, 1640050096 ,691 
1641080053.266773 ### BLE EVENT: 16, INFO: BLE CONNECTED!
1641080053.266885 ### RSSI: -55, 20, 1640050096 ,702 
1641080053.266997 ### RSSI: -55, 25, 1640050096 ,703 
1641080053.267110 ### DEBUG: Ticks: 704, 16, 1 
1641080053.267223 1640050096 c0:98:e5:42:00:29 286 
1641080053.267337 -409 -400 -394 -389 -387 -381 -374 -362 -360 -345 -345 -341 -339 -337 -336 
1641080053.267449 -317 -312 -305 -292 -282 -278 -264 -263 -262 -244 -241 -234 -215 -202 -175 
1641080053.267585 ### RSSI: -57, 7, 1640050097 ,705 
1641080053.267697 ### RSSI: -54, 27, 1640050097 ,706 
1641080053.267809 ### RSSI: -55, 29, 1640050097 ,707 
1641080053.267921 ### RSSI: -56, 34, 1640050097 ,708 
1641080053.268032 ### RSSI: -57, 5, 1640050097 ,708 
1641080053.268143 ### RSSI: -54, 20, 1640050097 ,709 
1641080053.268256 ### RSSI: -60, 0, 1640050097 ,710 
1641080053.268373 ### RSSI: -55, 31, 1640050097 ,711 
1641080053.268481 ### RSSI: -52, 18, 1640050097 ,711 
1641080053.268589 ### RSSI: -56, 6, 1640050097 ,712 
1641080053.268703 ### RSSI: -54, 27, 1640050097 ,713 
1641080053.268816 ### RSSI: -56, 29, 1640050097 ,714 
1641080053.268950 ### RSSI: -59, 0, 1640050097 ,714 
1641080053.269068 ### RSSI: -57, 2, 1640050097 ,716 
1641080053.269181 ### RSSI: -54, 24, 1640050097 ,716 
1641080053.269294 ### RSSI: -54, 20, 1640050097 ,717 
1641080053.269406 ### RSSI: -57, 35, 1640050097 ,718 
1641080053.269518 ### RSSI: -57, 4, 1640050097 ,719 
1641080053.269630 ### RSSI: -55, 32, 1640050097 ,719 
1641080053.269742 ### DEBUG: Ticks: 719, 15, 1 
1641080053.269856 1640050097 c0:98:e5:42:00:29 280 
1641080053.269967 -360 -347 -336 -336 -312 -308 -304 -297 -283 -264 -260 -256 -241 -238 -237 
1641080053.270080 -233 -227 -227 -224 -220 -220 -214 -210 -203 -200 -194 -188 -179 -176 -105 
1641080053.270194 ### RSSI: -55, 29, 1640050098 ,720 
1641080053.270307 ### RSSI: -59, 0, 1640050098 ,721 
1641080053.270420 ### RSSI: -57, 3, 1640050098 ,722 
1641080053.270532 ### RSSI: -55, 11, 1640050098 ,722 
1641080053.270646 ### RSSI: -55, 29, 1640050098 ,723 
1641080053.270759 ### RSSI: -54, 23, 1640050098 ,724 
1641080053.270872 ### RSSI: -55, 28, 1640050098 ,725 
1641080053.270984 ### RSSI: -55, 24, 1640050098 ,725 
1641080053.271096 ### RSSI: -54, 10, 1640050098 ,726 
1641080053.271203 ### RSSI: -56, 28, 1640050098 ,727 
1641080053.271315 ### DEBUG: Ticks: 735, 16, 1 
1641080053.271427 1640050098 c0:98:e5:42:00:29 286 
1641080053.271563 -309 -308 -308 -296 -296 -287 -285 -282 -281 -276 -267 -261 -254 -248 -240 
1641080053.271680 -237 -237 -233 -225 -225 -207 -204 -184 -179 -166 -161 -130 -118 -95 -56 
1641080053.271792 ### RSSI: -53, 15, 1640050098 ,742 
1641080053.271904 ### RSSI: -56, 3, 1640050098 ,743 
1641080053.272015 ### DEBUG: Ticks: 751, 16, 1 
1641080053.272128 1640050099 c0:98:e5:42:00:29 334 
1641080053.272240 -361 -356 -330 -324 -321 -320 -314 -300 -287 -283 -280 -266 -263 -263 -261 
1641080053.272353 -253 -246 -245 -242 -209 -190 -184 -175 -173 -147 -146 -141 -138 -110 -106 
1641080053.272465 ### RSSI: -57, 2, 1640050099 ,758 
1641080053.272575 ### RSSI: -53, 15, 1640050099 ,758 
1641080053.272688 ### RSSI: -55, 5, 1640050100 ,773 
1641080053.272802 ### RSSI: -58, 34, 1640050100 ,774 
1641080053.272917 ### RSSI: -53, 18, 1640050101 ,789 
1641080053.273029 ### RSSI: -54, 27, 1640050101 ,789 
1641080053.273139 ### DEBUG: Ticks: 798, 47, 1 
1641080053.273250 1640050102 c0:98:e5:42:00:29 297 
1641080053.273363 -311 -296 -283 -275 -259 -253 -250 -245 -244 -239 -236 -235 -234 -225 -212 
1641080053.273475 -199 -199 -198 -197 -175 -165 -158 -134 -130 -128 -117 -114 -101 -99 -87 
1641080053.273587 ### RSSI: -57, 2, 1640050102 ,805 
1641080053.273698 ### RSSI: -56, 32, 1640050102 ,805 
1641080053.273810 ### DEBUG: Ticks: 813, 15, 1 
1641080053.273920 1640050103 c0:98:e5:42:00:29 304 
1641080053.274032 -295 -268 -258 -254 -254 -242 -235 -235 -227 -220 -209 -188 -185 -185 -184 
1641080053.274144 -179 -175 -170 -159 -152 -145 -142 -137 -133 -103 -99 -97 -87 -81 -32 
1641080053.274251 ### RSSI: -56, 29, 1640050103 ,820 
1641080053.274365 ### RSSI: -56, 6, 1640050103 ,821 
1641080053.274472 ### DEBUG: Ticks: 829, 16, 1 
1641080053.274596 1640050104 c0:98:e5:42:00:29 326 
1641080053.274711 -472 -467 -460 -451 -450 -449 -445 -431 -430 -421 -417 -407 -400 -396 -388 
1641080053.274824 -363 -359 -355 -347 -344 -344 -339 -336 -335 -325 -313 -313 -311 -267 -249 
1641080053.685773 ### RSSI: -57, 4, 1640050104 ,836 
1641080053.708013 ### RSSI: -55, 10, 1640050104 ,836 
1641080054.235171 ### DEBUG: Ticks: 844, 15, 1 
1641080054.235663 1640050105 c0:98:e5:42:00:29 284 
1641080054.236440 -339 -317 -312 -304 -304 -301 -300 -296 -290 -289 -280 -273 -272 -271 -268 
1641080054.237174 -267 -262 -235 -230 -224 -220 -220 -205 -202 -171 -171 -141 -138 -125 -83 
1641080054.686106 ### RSSI: -54, 23, 1640050105 ,851 
1641080054.716261 ### RSSI: -54, 21, 1640050105 ,852 
1641080055.232472 ### DEBUG: Ticks: 860, 16, 1 
1641080055.232579 1640050106 c0:98:e5:42:00:29 289 
1641080055.232620 -322 -282 -281 -276 -261 -260 -253 -251 -245 -231 -222 -216 -213 -209 -204 
1641080055.232662 -189 -187 -183 -166 -162 -155 -153 -137 -136 -135 -105 -100 -93 -73 -73 
1641080055.683051 ### RSSI: -56, 34, 1640050106 ,867 
1641080055.705061 ### RSSI: -54, 23, 1640050106 ,867 
1641080056.238854 ### DEBUG: Ticks: 876, 16, 1 
1641080056.239017 1640050107 c0:98:e5:42:00:29 223 
1641080056.239104 -294 -270 -269 -257 -250 -246 -242 -219 -216 -215 -210 -209 -204 -193 -191 
1641080056.239185 -190 -190 -182 -180 -170 -170 -165 -163 -156 -155 -154 -148 -91 -63 -45 
1641080056.685628 ### RSSI: -53, 18, 1640050107 ,883 
1641080056.708185 ### RSSI: -55, 28, 1640050107 ,883 
1641080057.231621 ### DEBUG: Ticks: 891, 15, 1 
1641080057.231763 1640050108 c0:98:e5:42:00:29 294 
1641080057.243697 -351 -348 -321 -320 -305 -293 -283 -266 -265 -259 -256 -254 -236 -232 -231 
1641080057.243856 -213 -203 -201 -198 -197 -186 -184 -171 -169 -157 -154 -145 -135 -125 -51 
1641080058.239378 ### DEBUG: Ticks: 907, 16, 1 
1641080058.239491 1640050109 c0:98:e5:42:00:29 309 
1641080058.239556 -348 -318 -310 -305 -303 -303 -289 -275 -272 -269 -269 -259 -252 -252 -243 
1641080058.239595 -240 -239 -238 -232 -210 -197 -189 -185 -178 -178 -142 -126 -121 -119 0 
1641080059.235626 ### DEBUG: Ticks: 923, 16, 1 
1641080059.236602 1640050110 c0:98:e5:42:00:29 255 
1641080059.238433 -445 -442 -439 -420 -417 -411 -405 -378 -378 -372 -359 -359 -358 -353 -345 
1641080059.240274 -342 -339 -332 -330 -330 -329 -327 -301 -288 -276 -276 -256 -251 -242 -190 
1641080060.230629 ### ERROR: Failed reading SquarePoint packet length
1641080060.776751 ### BLE EVENT: 17, INFO: BLE DISCONNECTED!
1641080060.809887 ### BLE EVENT: 17, INFO: BLE DISCONNECTED!
1641080060.920269 ### BLE EVENT: 16, INFO: BLE CONNECTED!
1641080060.921661 ### RSSI: -55, 28, 1640050112 ,949 
1641080061.017940 ### RSSI: -55, 29, 1640050112 ,950 
1641080061.116485 ### RSSI: -56, 4, 1640050112 ,952 
1641080061.217380 ### RSSI: -58, 2, 1640050112 ,953 
1641080061.316759 ### RSSI: -54, 27, 1640050112 ,955 
1641080061.414979 ### RSSI: -57, 34, 1640050112 ,957 
1641080061.514943 ### RSSI: -53, 22, 1640050112 ,958 
1641080061.612877 ### RSSI: -53, 19, 1640050113 ,960 
1641080061.723440 ### RSSI: -53, 17, 1640050113 ,961 
1641080061.811924 ### RSSI: -53, 18, 1640050113 ,963 
1641080061.923200 ### RSSI: -57, 5, 1640050113 ,964 
1641080062.011369 ### RSSI: -53, 23, 1640050113 ,966 
1641080062.124699 ### RSSI: -54, 9, 1640050113 ,968 
1641080062.216444 ### RSSI: -54, 9, 1640050113 ,969 
1641080062.241535 ### DEBUG: Ticks: 969, 46, 0 
1641080062.243470 1640050113 c0:98:e5:42:00:29 292 
1641080062.244972 -235 -208 -189 -185 -180 -179 -175 -156 -149 -145 -133 -117 -113 -110 -107 
1641080062.245209 -99 -86 -82 -78 -56 -38 -37 -33 -22 -20 -10 -5 -4 -4 4 
1641080062.320111 ### RSSI: -52, 16, 1640050113 ,971 
1641080062.415382 ### RSSI: -57, 34, 1640050113 ,972 
1641080062.513756 ### RSSI: -58, 0, 1640050113 ,974 
1641080063.241937 ### DEBUG: Ticks: 985, 16, 0 
1641080063.242144 1640050114 c0:98:e5:42:00:29 266 
1641080063.242309 -457 -450 -445 -429 -424 -419 -407 -403 -398 -396 -393 -391 -382 -382 -379 
1641080063.242435 -365 -363 -358 -349 -337 -332 -328 -323 -300 -292 -281 -276 -260 -243 -236 
1641080063.522834 ### RSSI: -53, 14, 1640050114 ,989 
1641080064.242190 ### DEBUG: Ticks: 1001, 16, 0 
1641080064.242466 1640050115 c0:98:e5:42:00:29 271 
1641080064.242648 -414 -412 -384 -373 -364 -363 -362 -349 -345 -337 -333 -327 -321 -319 -308 
1641080064.242892 -288 -282 -281 -275 -261 -261 -260 -258 -254 -241 -236 -229 -202 -202 -118 
1641080064.514657 ### RSSI: -55, 32, 1640050116 ,1005 
1641080065.238125 ### DEBUG: Ticks: 1016, 15, 0 
1641080065.238411 1640050116 c0:98:e5:42:00:29 275 
1641080065.238623 -289 -267 -263 -255 -250 -245 -245 -244 -224 -215 -207 -207 -197 -195 -186 
1641080065.238802 -181 -179 -177 -170 -167 -153 -141 -125 -110 -106 -105 -98 -84 -57 -28 
1641080065.520335 ### RSSI: -54, 21, 1640050117 ,1021 
1641080066.238666 ### DEBUG: Ticks: 1032, 16, 0 
1641080066.239173 1640050117 c0:98:e5:42:00:29 223 
1641080066.239943 -397 -385 -367 -365 -360 -337 -335 -326 -324 -317 -304 -297 -290 -282 -271 
1641080066.240682 -270 -252 -241 -235 -226 -223 -221 -218 -217 -199 -198 -194 -185 -146 -124 
1641080066.520471 ### RSSI: -53, 15, 1640050118 ,1036 
1641080067.240620 ### DEBUG: Ticks: 1047, 15, 0 
1641080067.242580 1640050118 c0:98:e5:42:00:29 285 
1641080067.244215 -303 -272 -262 -236 -231 -229 -228 -221 -218 -214 -211 -198 -182 -156 -154 
1641080067.244471 -152 -146 -143 -143 -139 -136 -135 -130 -121 -119 -89 -73 -62 -37 -15 
1641080067.515838 ### RSSI: -54, 10, 1640050119 ,1052 
1641080068.235065 ### DEBUG: Ticks: 1063, 16, 0 
1641080068.235355 1640050119 c0:98:e5:42:00:29 203 
1641080068.235616 -439 -420 -399 -393 -386 -381 -378 -373 -371 -368 -357 -355 -351 -350 -344 
1641080068.235807 -337 -324 -323 -323 -321 -316 -313 -311 -293 -290 -277 -258 -252 -245 -191 
1641080068.513298 ### RSSI: -54, 21, 1640050120 ,1068 
1641080069.232843 ### DEBUG: Ticks: 1079, 16, 0 
1641080069.233133 1640050120 c0:98:e5:42:00:29 274 
1641080069.233362 -434 -405 -400 -386 -378 -371 -365 -361 -354 -354 -348 -346 -346 -342 -336 
1641080069.233550 -329 -321 -321 -316 -309 -298 -289 -284 -279 -272 -229 -225 -219 -180 -150 
1641080069.521127 ### RSSI: -56, 35, 1640050121 ,1083 
1641080070.240639 ### DEBUG: Ticks: 1094, 15, 0 
1641080070.241091 1640050121 c0:98:e5:42:00:29 273 
1641080070.241886 -266 -240 -214 -212 -211 -208 -207 -197 -194 -186 -175 -148 -147 -128 -120 
1641080070.242472 -111 -108 -102 -95 -87 -77 -75 -71 -61 -46 -44 -22 3 4 13 
1641080070.518222 ### RSSI: -52, 19, 1640050122 ,1099 
1641080071.232596 ### ERROR: Failed reading SquarePoint packet length
1641080071.521900 ### RSSI: -55, 11, 1640050123 ,1114 
1641080072.516977 ### RSSI: -53, 17, 1640050124 ,1130 
1641080073.235034 ### DEBUG: Ticks: 1141, 47, 0 
1641080073.235664 1640050124 c0:98:e5:42:00:29 290 
1641080073.236560 -258 -245 -215 -215 -213 -209 -196 -196 -190 -189 -186 -183 -174 -153 -151 
1641080073.237299 -127 -118 -102 -96 -95 -90 -87 -79 -69 -68 -59 -49 -40 3 26 
1641080073.517033 ### RSSI: -55, 25, 1640050124 ,1146 
1641080074.237744 ### DEBUG: Ticks: 1157, 16, 0 
1641080074.237846 1640050125 c0:98:e5:42:00:29 280 
1641080074.239270 -343 -301 -289 -277 -267 -263 -259 -252 -241 -240 -239 -239 -233 -231 -231 
1641080074.242974 -230 -212 -211 -203 -167 -166 -159 -158 -154 -132 -105 -100 -91 -63 -56 
1641080074.515930 ### RSSI: -55, 36, 1640050125 ,1161 
1641080076.477350 
1641080076.477644 ----------------------------------------------
1641080076.489537 ### WARNING: Chip experienced a reset with reason 2
1641080076.735430 ### INFO: Bluetooth address: c0:98:e5:42:00:2c
1641080076.735781 ### DEBUG: Time is 00:00:00, 2000/00/00
1641080076.735964 ### INFO: Time is 00:00:00, 2000/00/00
1641080076.836201 ### INFO: Initializing SD Card...
1641080080.201674 ### INFO: Connecting to the SquarePoint module...
1641080080.204505 ### INFO: SquarePoint module connection successful
1641080080.204784 ### INFO: Device is now STATIONARY
1641080080.204967 ### INFO: Battery voltage currently 4148 mV
1641080080.265759 ### INFO: SD card flushed!
1641080080.288544 ### INFO: SD card flushed!
1641080080.288841 ### DEBUG: BLE START SCANNING called
1641080080.289075 ### DEBUG: Ticks: 59, 59, 0 
1641080080.289278 1640050131 c0:98:e5:42:00:29 277 
1641080080.289456 -460 -439 -435 -407 -401 -400 -394 -388 -386 -383 -380 -372 -367 -365 -356 
1641080080.289654 -354 -353 -352 -339 -328 -327 -303 -287 -278 -277 -276 -266 -258 -249 -185 
1641080080.289863 ### INFO: Switched Scheduler EUI from 00:00:00:00:00:00 to c0:98:e5:42:00:2c
1641080080.290062 ### DEBUG: BLE STOP SCANNING called
1641080081.196860 ### DEBUG: BLE START SCANNING called
1641080081.241591 ### DEBUG: Ticks: 74, 15, 0 
1641080081.241870 1640050132 c0:98:e5:42:00:29 306 
1641080081.242053 -274 -241 -226 -224 -223 -207 -205 -197 -192 -186 -175 -174 -171 -168 -164 
1641080081.242228 -160 -136 -132 -130 -125 -123 -105 -102 -63 -52 -49 -42 -40 -39 -17 
1641080082.238489 ### DEBUG: Ticks: 89, 15, 0 
1641080082.238801 1640050133 c0:98:e5:42:00:29 261 
1641080082.239019 -367 -339 -325 -296 -290 -288 -285 -278 -275 -265 -264 -259 -252 -249 -248 
1641080082.239211 -240 -235 -234 -228 -227 -214 -213 -188 -173 -158 -152 -148 -140 -127 -72 
1641080082.313579 ### DEBUG: BLE START SCANNING called
1641080082.325877 ### addr: c0:98:e5:42:00:29 
1641080082.326154 ### on_adv_report outer RSSI: -55, time:1640050134 
1641080082.326348 ### INFO: Discovered new device: c0:98:e5:42:00:29
1641080082.326522 ### DEBUG: connected? already connected
1641080082.326710 ### DEBUG: BLE START SCANNING called
1641080082.380022 ### BLE EVENT: 16, INFO: BLE CONNECTED!
1641080082.380304 ### DEBUG: BLE START SCANNING called
1641080082.380486 ### RSSI: -56, 34, 1640050134 ,92 
1641080082.380663 ### DEBUG: BLE START SCANNING called
1641080082.480045 ### RSSI: -54, 8, 1640050134 ,93 
1641080082.480385 ### DEBUG: BLE START SCANNING called
1641080082.579854 ### RSSI: -54, 25, 1640050134 ,95 
1641080082.580141 ### DEBUG: BLE START SCANNING called
1641080082.681395 ### RSSI: -54, 21, 1640050134 ,96 
1641080082.681673 ### DEBUG: BLE START SCANNING called
1641080082.783285 ### RSSI: -56, 4, 1640050134 ,98 
1641080082.783657 ### DEBUG: BLE START SCANNING called
1641080082.875643 ### RSSI: -55, 36, 1640050134 ,99 
1641080082.875923 ### DEBUG: BLE START SCANNING called
1641080082.977256 ### RSSI: -55, 24, 1640050134 ,101 
1641080082.977535 ### DEBUG: BLE START SCANNING called
1641080083.080378 ### RSSI: -56, 1, 1640050134 ,103 
1641080083.082783 ### DEBUG: BLE START SCANNING called
1641080083.178619 ### RSSI: -55, 28, 1640050134 ,104 
1641080083.178906 ### DEBUG: BLE START SCANNING called
1641080083.199114 ### DEBUG: BLE START SCANNING called
1641080083.233516 ### ERROR: Failed reading SquarePoint packet length
1641080083.233798 ### DEBUG: BLE START SCANNING called
1641080083.278103 ### RSSI: -54, 9, 1640050135 ,106 
1641080083.278421 ### DEBUG: BLE START SCANNING called
1641080083.377662 ### RSSI: -54, 21, 1640050135 ,107 
1641080083.377991 ### DEBUG: BLE START SCANNING called
1641080083.478744 ### RSSI: -54, 30, 1640050135 ,109 
1641080083.479034 ### DEBUG: BLE START SCANNING called
1641080083.581093 ### RSSI: -53, 13, 1640050135 ,110 
1641080083.581373 ### DEBUG: BLE START SCANNING called
1641080083.680931 ### RSSI: -58, 0, 1640050135 ,112 
1641080083.681222 ### DEBUG: BLE START SCANNING called
1641080083.782811 ### RSSI: -54, 27, 1640050135 ,113 
1641080083.783091 ### DEBUG: BLE START SCANNING called
1641080083.884869 ### RSSI: -56, 3, 1640050135 ,115 
1641080083.885210 ### DEBUG: BLE START SCANNING called
1641080083.975635 ### RSSI: -55, 24, 1640050135 ,117 
1641080083.975925 ### DEBUG: BLE START SCANNING called
1641080084.196680 ### DEBUG: BLE START SCANNING called
1641080084.985028 ### RSSI: -54, 23, 1640050136 ,132 
1641080084.985311 ### DEBUG: BLE START SCANNING called
1641080085.196348 ### DEBUG: BLE START SCANNING called
1641080085.242362 ### DEBUG: Ticks: 136, 47, 1 
1641080085.242648 1640050136 c0:98:e5:42:00:29 251 
1641080085.242843 -288 -277 -272 -246 -225 -225 -220 -217 -216 -214 -214 -199 -196 -177 -177 
1641080085.243904 -173 -163 -163 -148 -147 -129 -129 -122 -120 -107 -104 -88 -76 -51 -43 
1641080085.244189 ### DEBUG: BLE START SCANNING called
1641080085.978108 ### RSSI: -54, 19, 1640050136 ,148 
1641080085.978389 ### DEBUG: BLE START SCANNING called
1641080086.237563 ### DEBUG: Ticks: 152, 16, 1 
1641080086.237818 1640050137 c0:98:e5:42:00:29 265 
1641080086.237985 -330 -301 -285 -264 -260 -257 -254 -248 -245 -242 -225 -224 -217 -213 -200 
1641080086.238144 -195 -193 -187 -182 -172 -169 -161 -155 -145 -140 -130 -104 -82 -75 -72 
1641080086.522858 ### INFO: Device is now IN MOTION
1641080086.976889 ### RSSI: -60, 25, 1640050137 ,163 
1641080087.239601 ### DEBUG: Ticks: 167, 15, 1 
1641080087.239862 1640050138 c0:98:e5:42:00:29 279 
1641080087.240030 -478 -471 -465 -459 -455 -443 -437 -437 -427 -422 -419 -411 -392 -390 -389 
1641080087.240200 -388 -385 -381 -374 -361 -361 -357 -351 -341 -332 -329 -327 -326 -302 -293 
1641080087.977428 ### RSSI: -54, 10, 1640050138 ,179 
1641080088.240614 ### DEBUG: Ticks: 183, 16, 1 
1641080088.240904 1640050139 c0:98:e5:42:00:29 335 
1641080088.241087 -202 -185 -182 -180 -173 -172 -170 -140 -124 -122 -119 -100 -99 -96 -81 
1641080088.241278 -80 -70 -57 -54 -47 -47 -46 -35 -25 -24 -20 4 49 73 90 
1641080088.978843 ### RSSI: -57, 0, 1640050140 ,195 
1641080089.239029 ### DEBUG: Ticks: 199, 16, 1 
1641080089.239316 1640050140 c0:98:e5:42:00:29 193 
1641080089.239566 -374 -358 -345 -343 -342 -336 -335 -332 -305 -303 -297 -296 -294 -286 -276 
1641080089.239794 -271 -268 -263 -256 -255 -247 -239 -233 -217 -201 -196 -188 -184 -175 -165 
1641080089.978947 ### RSSI: -46, 32, 1640050141 ,210 
1641080090.242489 ### DEBUG: Ticks: 214, 15, 1 
1641080090.242745 1640050141 c0:98:e5:42:00:29 236 
1641080090.243756 -384 -382 -376 -364 -352 -352 -351 -338 -333 -331 -328 -326 -318 -318 -312 
1641080090.243946 -311 -307 -299 -295 -270 -269 -266 -254 -248 -239 -237 -229 -220 -203 -167 
1641080090.982615 ### RSSI: -55, 3, 1640050142 ,226 
1641080091.233981 ### DEBUG: Ticks: 230, 16, 1 
1641080091.234207 1640050142 c0:98:e5:42:00:29 357 
1641080091.234367 -241 -218 -214 -212 -201 -188 -187 -185 -185 -183 -179 -174 -170 -166 -156 
1641080091.234509 -146 -139 -139 -130 -112 -109 -96 -94 -85 -63 -61 -57 -54 -44 -43 
1641080091.975124 ### RSSI: -58, 26, 1640050143 ,242 
1641080092.235122 ### DEBUG: Ticks: 246, 16, 1 
1641080092.235382 1640050143 c0:98:e5:42:00:29 588 
1641080092.235608 116 135 135 166 172 174 183 191 192 195 199 203 221 224 227 
1641080092.235773 229 234 235 247 251 258 258 259 272 282 288 298 309 326 366 
1641080093.235807 ### DEBUG: Ticks: 261, 15, 1 
1641080093.236065 1640050144 c0:98:e5:42:00:29 663 
1641080093.236225 230 234 246 247 268 269 279 280 284 285 286 295 302 305 306 
1641080093.236386 312 315 320 320 323 334 336 346 348 351 351 363 365 396 410 
1641080094.237010 ### ERROR: Failed reading SquarePoint packet length
1641080095.536519 ### BLE EVENT: 16, INFO: BLE CONNECTED!
1641080095.536810 ### RSSI: -56, 25, 1640050146 ,297 
1641080095.638396 ### RSSI: -52, 2, 1640050146 ,299 
1641080095.740335 ### RSSI: -56, 28, 1640050147 ,300 
1641080095.839881 ### RSSI: -52, 5, 1640050147 ,302 
1641080095.930458 ### RSSI: -52, 11, 1640050147 ,303 
1641080096.031090 ### RSSI: -53, 3, 1640050147 ,305 
1641080096.074387 ### BLE EVENT: 17, INFO: BLE DISCONNECTED!
1641080096.130393 ### RSSI: -55, 10, 1640050147 ,306 
1641080096.234312 ### RSSI: -55, 1, 1640050147 ,308 
1641080096.234597 ### DEBUG: Ticks: 308, 47, 0 
1641080096.234817 1640050147 c0:98:e5:42:00:29 837 
1641080096.235006 357 379 387 393 403 405 407 414 417 418 425 427 433 439 442 
1641080096.235212 443 453 453 458 459 467 467 472 477 479 494 506 515 516 531 
1641080096.336841 ### RSSI: -56, 13, 1640050147 ,310 
1641080096.439911 ### RSSI: -59, 36, 1640050147 ,311 
1641080096.540888 ### RSSI: -58, 12, 1640050147 ,313 
1641080096.631413 ### RSSI: -63, 27, 1640050147 ,314 
1641080096.733692 ### RSSI: -60, 2, 1640050148 ,316 
1641080096.833839 ### RSSI: -64, 28, 1640050148 ,317 
1641080096.936548 ### RSSI: -64, 30, 1640050148 ,319 
1641080097.037326 ### RSSI: -68, 18, 1640050148 ,320 
1641080097.138156 ### RSSI: -66, 36, 1640050148 ,322 
1641080097.241257 ### DEBUG: Ticks: 324, 16, 0 
1641080097.241511 1640050148 c0:98:e5:42:00:29 794 
1641080097.241667 282 304 305 306 307 326 332 333 337 365 368 375 385 388 389 
1641080097.241829 394 394 395 397 400 414 423 431 431 449 449 463 486 500 509 
1641080098.135688 ### RSSI: -56, 17, 1640050149 ,338 
1641080098.237029 ### DEBUG: Ticks: 339, 15, 0 
1641080098.237326 1640050149 c0:98:e5:42:00:29 734 
1641080098.237507 238 266 277 284 285 285 287 293 296 300 311 314 318 318 330 
1641080098.237742 334 335 337 338 345 358 361 364 368 387 389 396 415 440 451 
1641080099.129291 ### RSSI: -58, 15, 1640050150 ,353 
1641080099.234526 ### DEBUG: Ticks: 355, 16, 0 
1641080099.234817 1640050150 c0:98:e5:42:00:29 750 
1641080099.235002 270 286 296 309 312 312 313 314 317 327 351 361 369 374 375 
1641080099.245740 379 384 389 395 398 400 409 409 412 432 439 464 475 481 552 
1641080100.140055 ### RSSI: -60, 22, 1640050151 ,369 
1641080100.240998 ### DEBUG: Ticks: 371, 16, 0 
1641080100.241213 1640050151 c0:98:e5:42:00:29 619 
1641080100.241334 182 188 206 209 211 225 237 242 242 249 253 260 263 264 264 
1641080100.241452 271 272 276 276 304 307 321 329 336 346 349 369 384 435 437 
1641080101.128710 ### RSSI: -51, 3, 1640050152 ,385 
1641080101.233751 ### DEBUG: Ticks: 386, 15, 0 
1641080101.234268 1640050152 c0:98:e5:42:00:29 366 
1641080101.244630 -123 -116 -110 -109 -93 -91 -89 -81 -77 -74 -72 -66 -66 -57 -57 
1641080101.244883 -56 -50 -47 -39 -33 -30 -21 -9 -4 33 33 64 69 99 102 
1641080102.130086 ### RSSI: -52, 14, 1640050153 ,400 
1641080102.233039 ### DEBUG: Ticks: 402, 16, 0 
1641080102.233345 1640050153 c0:98:e5:42:00:29 515 
1641080102.233506 6 6 19 23 39 43 56 60 64 66 70 78 79 90 97 
1641080102.233670 101 103 106 113 118 124 148 149 173 177 178 189 201 241 346 
1641080103.133837 ### RSSI: -47, 26, 1640050154 ,416 
1641080103.235698 ### DEBUG: Ticks: 417, 15, 0 
1641080103.235954 1640050154 c0:98:e5:42:00:29 629 
1641080103.236112 75 103 105 108 121 131 132 133 134 138 139 143 152 165 170 
1641080103.236286 180 182 183 200 217 226 228 228 238 269 283 293 332 343 468 
1641080104.132440 ### RSSI: -58, 35, 1640050155 ,431 
1641080104.235168 ### DEBUG: Ticks: 433, 16, 0 
1641080104.235402 1640050155 c0:98:e5:42:00:29 704 
1641080104.236171 250 262 273 281 284 284 286 288 295 300 308 315 322 326 329 
1641080104.239944 332 335 336 340 349 369 370 379 396 401 442 445 455 463 489 
1641080105.134081 ### RSSI: -49, 14, 1640050156 ,447 
1641080105.236560 ### ERROR: Failed reading SquarePoint packet length
1641080106.131148 ### RSSI: -51, 34, 1640050157 ,463 
1641080107.133143 ### RSSI: -45, 3, 1640050158 ,478 
1641080107.236136 ### DEBUG: Ticks: 480, 47, 0 
1641080107.236333 1640050158 c0:98:e5:42:00:29 526 
1641080107.236443 84 118 137 137 145 149 150 159 160 160 163 172 175 188 189 
1641080107.236560 192 198 209 214 221 222 238 245 279 279 282 293 303 317 334 
1641080108.135291 ### RSSI: -48, 1, 1640050158 ,494 
1641080108.237128 ### DEBUG: Ticks: 495, 15, 0 
1641080108.237414 1640050159 c0:98:e5:42:00:29 429 
1641080108.237595 27 37 43 43 56 64 73 73 77 92 107 111 111 116 119 
1641080108.237812 121 128 130 149 151 151 153 153 164 170 171 174 183 190 204 
1641080109.138823 ### RSSI: -56, 28, 1640050159 ,509 
1641080109.242715 ### DEBUG: Ticks: 511, 16, 0 
1641080109.242944 1640050160 c0:98:e5:42:00:29 763 
1641080109.243092 338 352 371 375 388 398 408 413 414 419 428 430 434 436 447 
1641080109.243247 469 475 480 486 492 494 504 530 542 551 593 631 654 658 670 
1641080110.132179 ### RSSI: -57, 36, 1640050161 ,525 
1641080110.234635 ### DEBUG: Ticks: 527, 16, 0 
1641080110.234843 1640050161 c0:98:e5:42:00:29 762 
1641080110.234973 252 281 282 284 287 289 290 292 296 296 326 334 345 346 359 
1641080110.235115 360 377 382 396 406 415 428 443 446 450 451 453 469 484 551 
1641080111.129600 ### RSSI: -62, 12, 1640050162 ,541 
1641080111.234281 ### DEBUG: Ticks: 542, 15, 0 
1641080111.234573 1640050162 c0:98:e5:42:00:29 901 
1641080111.234765 444 453 483 491 492 499 501 508 527 531 537 556 559 563 568 
1641080111.234954 568 568 590 629 633 657 686 701 703 704 710 725 732 779 799 
1641080112.137397 ### RSSI: -55, 4, 1640050163 ,556 
1641080112.241362 ### DEBUG: Ticks: 558, 16, 0 
1641080112.241655 1640050163 c0:98:e5:42:00:29 826 
1641080112.241839 397 413 429 433 439 463 463 473 489 492 510 512 514 519 530 
1641080112.242025 532 538 542 543 546 556 572 573 580 602 657 684 687 864 0 
1641080113.138543 ### RSSI: -58, 25, 1640050164 ,572 
1641080113.238289 ### DEBUG: Ticks: 574, 16, 0 
1641080113.238563 1640050164 c0:98:e5:42:00:29 766 
1641080113.238720 234 283 294 301 305 307 311 316 321 322 323 326 326 327 328 
1641080113.238881 329 340 341 341 372 378 413 421 424 435 475 482 500 501 502 
1641080114.141463 ### RSSI: -57, 25, 1640050165 ,588 
1641080114.238272 ### DEBUG: Ticks: 589, 15, 0 
1641080114.238508 1640050165 c0:98:e5:42:00:29 632 
1641080114.238648 202 209 210 212 225 235 250 266 267 271 275 283 294 297 310 
1641080114.238788 317 336 338 342 350 355 361 365 366 417 440 464 481 538 555 
1641080115.131408 ### RSSI: -50, 20, 1640050166 ,603 
1641080115.243128 ### DEBUG: Ticks: 605, 16, 0 
1641080115.243412 1640050166 c0:98:e5:42:00:29 414 
1641080115.243743 -93 -82 -57 -55 -53 -44 -44 -32 -26 -21 -20 -15 -12 -10 -9 
1641080115.243923 0 12 20 24 29 37 37 45 57 70 72 78 84 97 144 
1641080116.133720 ### RSSI: -52, 35, 1640050167 ,619 
1641080116.232176 ### ERROR: Failed reading SquarePoint packet length
1641080133.912174 
1641080133.912477 ----------------------------------------------
1641080133.912685 ### WARNING: Chip experienced a reset with reason 2
1641080133.912913 ### INFO: Bluetooth address: c0:98:e5:42:00:2c
1641080133.913089 ### DEBUG: Time is 00:00:00, 2000/00/00
1641080133.913243 ### INFO: Time is 00:00:00, 2000/00/00
1641080133.913402 ### INFO: Initializing SD Card...
1641080136.680630 ### INFO: Connecting to the SquarePoint module...
1641080136.680887 ### INFO: SquarePoint module connection successful
1641080136.681054 ### INFO: Battery voltage currently 4092 mV
1641080136.736531 ### INFO: SD card flushed!
1641080136.772000 ### INFO: SD card flushed!
1641080136.772354 ### DEBUG: BLE START SCANNING called
1641080137.578139 ### DEBUG: Ticks: 72, 72, 0 
1641080137.579683 1640049436 c0:98:e5:42:00:29 445 
1641080137.589628 -37 -36 -17 -14 -14 13 15 16 19 23 27 38 39 49 50 
1641080137.589897 59 62 64 70 71 77 78 79 94 99 109 121 140 154 165 
1641080137.590383 ### INFO: Switched Scheduler EUI from 00:00:00:00:00:00 to c0:98:e5:42:00:2c
1641080137.590628 ### DEBUG: BLE STOP SCANNING called
1641080137.677453 ### DEBUG: BLE START SCANNING called
1641080138.579658 ### DEBUG: Ticks: 87, 15, 0 
1641080138.579946 1640049437 c0:98:e5:42:00:29 382 
1641080138.580127 -72 -58 -52 -52 -42 -40 -31 -30 -27 -17 -11 -11 4 5 9 
1641080138.580316 20 31 37 39 41 41 48 49 56 67 87 92 111 165 183 
1641080138.787945 ### DEBUG: BLE START SCANNING called
1641080138.788196 ### addr: c0:98:e5:42:00:29 
1641080138.788351 ### on_adv_report outer RSSI: -52, time:1640049438 
1641080138.788537 ### INFO: Discovered new device: c0:98:e5:42:00:29
1641080138.788687 ### DEBUG: connected? already connected
1641080138.788866 ### DEBUG: BLE START SCANNING called
1641080138.844450 ### BLE EVENT: 16, INFO: BLE CONNECTED!
1641080138.855612 ### DEBUG: BLE START SCANNING called
1641080138.855834 ### RSSI: -52, 10, 1640049438 ,92 
1641080138.856007 ### DEBUG: BLE START SCANNING called
1641080138.947770 ### RSSI: -54, 7, 1640049438 ,93 
1641080138.948030 ### DEBUG: BLE START SCANNING called
1641080139.046896 ### RSSI: -55, 30, 1640049438 ,95 
1641080139.047127 ### DEBUG: BLE START SCANNING called
1641080139.149101 ### RSSI: -58, 35, 1640049438 ,96 
1641080139.149328 ### DEBUG: BLE START SCANNING called
1641080139.249871 ### RSSI: -53, 6, 1640049438 ,98 
1641080139.250182 ### DEBUG: BLE START SCANNING called
1641080139.350229 ### RSSI: -52, 2, 1640049438 ,99 
1641080139.350478 ### DEBUG: BLE START SCANNING called
1641080139.453411 ### RSSI: -52, 7, 1640049438 ,101 
1641080139.454319 ### DEBUG: BLE START SCANNING called
1641080139.554082 ### RSSI: -52, 0, 1640049438 ,103 
1641080139.554377 ### DEBUG: BLE START SCANNING called
1641080139.576831 ### DEBUG: Ticks: 103, 16, 1 
1641080139.577127 1640049438 c0:98:e5:42:00:29 804 
1641080139.577308 339 343 355 359 367 375 376 381 383 389 396 408 417 428 437 
1641080139.577497 448 449 464 469 485 506 514 533 538 564 571 572 577 597 684 
1641080139.589020 ### DEBUG: BLE START SCANNING called
1641080139.656485 ### RSSI: -54, 15, 1640049438 ,104 
1641080139.657075 ### DEBUG: BLE START SCANNING called
1641080139.679860 ### DEBUG: BLE START SCANNING called
1641080139.747794 ### RSSI: -56, 36, 1640049439 ,106 
1641080139.748428 ### DEBUG: BLE START SCANNING called
1641080139.849627 ### RSSI: -55, 36, 1640049439 ,107 
1641080139.849952 ### DEBUG: BLE START SCANNING called
1641080139.951873 ### RSSI: -57, 25, 1640049439 ,109 
1641080139.952137 ### DEBUG: BLE START SCANNING called
1641080140.052598 ### RSSI: -55, 24, 1640049439 ,110 
1641080140.052885 ### DEBUG: BLE START SCANNING called
1641080140.149834 ### RSSI: -53, 8, 1640049439 ,112 
1641080140.150173 ### DEBUG: BLE START SCANNING called
1641080140.252105 ### RSSI: -53, 13, 1640049439 ,113 
1641080140.252425 ### DEBUG: BLE START SCANNING called
1641080140.351440 ### RSSI: -56, 21, 1640049439 ,115 
1641080140.351806 ### DEBUG: BLE START SCANNING called
1641080140.453378 ### RSSI: -55, 10, 1640049439 ,117 
1641080140.453681 ### DEBUG: BLE START SCANNING called
1641080140.579373 ### DEBUG: Ticks: 119, 16, 1 
1641080140.579722 1640049439 c0:98:e5:42:00:29 908 
1641080140.579915 419 430 436 455 459 462 467 475 479 496 502 507 514 531 533 
1641080140.580145 539 553 568 571 573 574 601 604 604 611 661 668 671 685 739 
1641080140.580355 ### DEBUG: BLE START SCANNING called
1641080140.679840 ### DEBUG: BLE START SCANNING called
1641080141.455010 ### RSSI: -53, 19, 1640049440 ,132 
1641080141.455305 ### DEBUG: BLE START SCANNING called
1641080141.582063 ### DEBUG: Ticks: 134, 15, 1 
1641080141.584720 1640049440 c0:98:e5:42:00:29 785 
1641080141.588050 310 323 329 330 340 346 362 363 367 369 383 385 389 403 414 
1641080141.589160 416 429 446 455 458 509 511 532 561 563 564 564 590 622 634 
1641080141.589383 ### DEBUG: BLE START SCANNING called
1641080141.679222 ### DEBUG: BLE START SCANNING called
1641080142.455360 ### RSSI: -52, 9, 1640049441 ,148 
1641080142.455744 ### DEBUG: BLE START SCANNING called
1641080142.585266 ### DEBUG: Ticks: 150, 16, 1 
1641080142.585555 1640049441 c0:98:e5:42:00:29 891 
1641080142.585740 309 372 378 387 389 390 401 415 415 418 438 453 459 469 472 
1641080142.585917 475 476 477 478 481 502 502 517 531 549 552 632 678 706 775 
1641080142.586125 ### DEBUG: BLE START SCANNING called
1641080143.446264 ### RSSI: -57, 2, 1640049441 ,163 
1641080143.576862 ### DEBUG: Ticks: 165, 15, 1 
1641080143.577118 1640049442 c0:98:e5:42:00:29 755 
1641080143.577275 283 308 315 318 319 320 321 325 328 330 331 350 361 369 371 
1641080143.577458 374 380 386 390 396 404 405 423 446 448 476 479 500 525 561 
1641080144.446515 ### RSSI: -56, 18, 1640049442 ,179 
1641080144.579955 ### DEBUG: Ticks: 181, 16, 1 
1641080144.580185 1640049443 c0:98:e5:42:00:29 658 
1641080144.580330 160 173 176 182 202 202 205 207 224 229 230 231 231 250 256 
1641080144.580469 261 266 267 280 281 284 301 324 324 328 337 388 424 541 567 
1641080145.455781 ### RSSI: -47, 18, 1640049444 ,195 
1641080145.578821 ### DEBUG: Ticks: 197, 16, 1 
1641080145.579093 1640049444 c0:98:e5:42:00:29 463 
1641080145.579248 -16 -12 5 9 39 41 44 47 53 57 68 77 81 90 91 
1641080145.579408 93 100 102 106 115 130 132 134 138 154 187 209 210 210 247 
1641080146.450826 ### RSSI: -48, 0, 1640049445 ,210 
1641080146.574968 ### DEBUG: Ticks: 212, 15, 1 
1641080146.586865 1640049445 c0:98:e5:42:00:29 755 
1641080146.587180 272 306 311 316 331 338 345 347 349 351 364 373 380 380 381 
1641080146.587376 382 400 407 413 458 458 479 485 488 493 502 508 555 555 593 
1641080147.452331 ### RSSI: -56, 32, 1640049446 ,226 
1641080147.577008 ### DEBUG: Ticks: 228, 16, 1 
1641080147.577213 1640049446 c0:98:e5:42:00:29 663 
1641080147.589073 162 175 178 184 189 195 196 200 201 204 212 227 231 232 244 
1641080147.589283 251 259 264 268 271 274 276 284 289 299 310 311 313 415 520 
1641080148.450836 ### RSSI: -57, 22, 1640049447 ,242 
1641080148.587958 ### DEBUG: Ticks: 244, 16, 1 
1641080148.588996 1640049447 c0:98:e5:42:00:29 756 
1641080148.589264 191 222 235 235 237 249 260 263 283 286 291 294 296 302 305 
1641080148.589459 307 313 319 328 330 339 347 348 372 376 376 386 405 423 521 
1641080149.454726 ### RSSI: -62, 2, 1640049448 ,257 
1641080149.576732 ### DEBUG: Ticks: 259, 15, 1 
1641080149.576984 1640049448 c0:98:e5:42:00:29 852 
1641080149.588378 388 456 462 465 469 472 477 484 490 490 496 500 509 512 516 
1641080149.588631 543 544 548 562 576 584 590 598 599 605 613 633 660 665 764 
1641080150.446146 ### RSSI: -62, 0, 1640049449 ,273 
1641080150.583108 ### DEBUG: Ticks: 275, 16, 1 
1641080150.583318 1640049449 c0:98:e5:42:00:29 651 
1641080150.583440 164 164 177 185 185 189 202 206 211 212 216 218 226 238 245 
1641080150.583626 247 256 257 261 277 290 296 298 309 318 334 340 362 380 442 
1641080151.452124 ### RSSI: -55, 29, 1640049450 ,288 
1641080151.584408 ### DEBUG: Ticks: 290, 15, 1 
1641080151.584681 1640049450 c0:98:e5:42:00:29 675 
1641080151.584803 186 193 211 226 227 233 234 237 242 247 255 256 267 272 275 
1641080151.584931 277 278 285 295 306 313 322 331 349 349 382 392 404 432 454 
1641080152.456957 ### RSSI: -56, 3, 1640049451 ,304 
1641080152.577525 ### DEBUG: Ticks: 306, 16, 1 
1641080152.577781 1640049451 c0:98:e5:42:00:29 550 
1641080152.577917 14 40 44 44 44 52 56 56 56 59 73 75 77 82 84 
1641080152.578057 96 101 117 126 131 138 152 166 176 199 204 209 211 218 403 
1641080153.453515 ### RSSI: -54, 34, 1640049452 ,320 
1641080153.578046 ### DEBUG: Ticks: 322, 16, 1 
1641080153.578343 1640049452 c0:98:e5:42:00:29 487 
1641080153.578524 109 113 114 130 146 162 166 172 173 180 186 191 193 194 202 
1641080153.578736 204 207 214 225 228 232 243 252 253 256 263 273 285 331 380 
1641080154.454328 ### RSSI: -61, 13, 1640049453 ,335 
1641080154.579964 ### DEBUG: Ticks: 337, 15, 1 
1641080154.581942 1640049453 c0:98:e5:42:00:29 412 
1641080154.584722 -60 0 0 4 7 27 30 50 51 70 81 99 99 101 103 
1641080154.588483 107 107 108 110 118 126 127 130 142 148 148 150 151 212 0 
1641080155.448570 ### RSSI: -56, 17, 1640049454 ,351 
1641080155.584989 ### DEBUG: Ticks: 353, 16, 1 
1641080155.585249 1640049454 c0:98:e5:42:00:29 723 
1641080155.585408 235 268 284 292 292 295 300 306 313 320 327 329 335 335 337 
1641080155.585573 352 352 355 357 384 384 404 407 422 423 427 427 436 511 527 
1641080156.455606 ### RSSI: -62, 22, 1640049455 ,366 
1641080156.577792 ### DEBUG: Ticks: 368, 15, 1 
1641080156.578118 1640049455 c0:98:e5:42:00:29 768 
1641080156.578302 277 297 304 316 320 329 333 337 337 366 369 370 374 382 388 
1641080156.578488 394 412 416 418 429 447 448 448 448 455 468 490 524 531 650 
1641080157.447874 ### RSSI: -62, 21, 1640049456 ,382 
1641080157.583740 ### DEBUG: Ticks: 384, 16, 1 
1641080157.584848 1640049456 c0:98:e5:42:00:29 731 
1641080157.585056 233 247 273 276 281 281 292 294 299 307 310 315 334 350 354 
1641080157.585221 356 381 382 390 396 398 400 411 413 435 446 450 456 465 476 
1641080158.453380 ### RSSI: -58, 22, 1640049457 ,398 
1641080158.577542 ### DEBUG: Ticks: 400, 16, 1 
1641080158.578141 1640049457 c0:98:e5:42:00:29 749 
1641080158.578576 293 294 300 302 309 310 322 322 324 336 342 347 348 358 364 
1641080158.579930 368 374 379 384 404 405 413 416 446 454 460 470 471 512 529 
1641080159.451922 ### RSSI: -57, 34, 1640049458 ,413 
1641080159.583170 ### DEBUG: Ticks: 415, 15, 1 
1641080159.583457 1640049458 c0:98:e5:42:00:29 682 
1641080159.583784 216 240 241 259 263 272 284 290 292 293 295 316 318 333 336 
1641080159.584002 338 342 349 350 360 372 376 379 383 390 419 431 465 477 490 
1641080160.448696 ### RSSI: -55, 0, 1640049459 ,429 
1641080160.582818 ### DEBUG: Ticks: 431, 16, 1 
1641080160.583052 1640049459 c0:98:e5:42:00:29 457 
1641080160.583191 -45 -35 -25 1 9 11 15 25 30 33 34 35 40 42 43 
1641080160.583324 58 74 75 83 83 87 88 113 130 130 144 147 160 164 182 
1641080161.453965 ### RSSI: -59, 24, 1640049460 ,445 
1641080161.577888 ### DEBUG: Ticks: 447, 16, 1 
1641080161.578174 1640049460 c0:98:e5:42:00:29 423 
1641080161.578356 -69 -45 -31 -4 0 11 14 15 28 31 32 33 41 57 58 
1641080161.578545 65 75 91 96 104 108 111 113 113 116 141 160 225 240 248 
1641080162.451964 ### RSSI: -51, 22, 1640049461 ,460 
1641080162.577114 ### DEBUG: Ticks: 462, 15, 1 
1641080162.577410 1640049461 c0:98:e5:42:00:29 592 
1641080162.577595 184 202 208 210 216 232 232 246 248 257 266 272 273 284 288 
1641080162.577808 298 306 321 322 335 339 350 355 356 357 395 408 436 462 0 
1641080163.447395 ### RSSI: -50, 23, 1640049462 ,476 
1641080163.585078 ### DEBUG: Ticks: 478, 16, 1 
1641080163.585370 1640049462 c0:98:e5:42:00:29 746 
1641080163.585508 209 226 229 234 234 252 256 260 263 266 269 274 279 297 305 
1641080163.585650 306 308 311 344 348 357 357 364 375 385 386 393 409 424 591 
1641080164.446750 ### RSSI: -51, 9, 1640049463 ,491 
1641080164.584339 ### DEBUG: Ticks: 493, 15, 1 
1641080164.584633 1640049463 c0:98:e5:42:00:29 677 
1641080164.584817 106 124 133 161 161 169 173 178 188 189 195 205 218 236 237 
1641080164.585028 242 245 245 251 251 255 278 280 298 299 318 362 366 409 0 
1641080165.451701 ### RSSI: -51, 12, 1640049464 ,507 
1641080165.587786 ### DEBUG: Ticks: 509, 16, 1 
1641080165.588062 1640049464 c0:98:e5:42:00:29 642 
1641080165.588258 215 220 250 255 264 268 270 282 284 285 287 290 291 298 300 
1641080165.588432 303 306 311 312 313 326 329 333 335 340 344 357 375 380 398 
1641080166.447026 ### RSSI: -52, 26, 1640049465 ,523 
1641080166.578774 ### DEBUG: Ticks: 525, 16, 1 
1641080166.579016 1640049465 c0:98:e5:42:00:29 624 
1641080166.579155 172 181 219 220 222 223 225 231 233 236 242 242 249 249 250 
1641080166.579295 254 261 261 274 293 302 312 314 323 344 347 358 420 429 462 
1641080167.445923 ### RSSI: -46, 12, 1640049465 ,538 
1641080167.579898 ### DEBUG: Ticks: 540, 15, 1 
1641080167.580188 1640049466 c0:98:e5:42:00:29 636 
1641080167.580383 190 195 196 208 216 225 229 236 241 244 246 261 263 272 274 
1641080167.580559 281 291 307 308 308 311 312 315 318 357 380 386 386 435 455 
1641080168.447880 ### RSSI: -49, 1, 1640049466 ,554 
1641080168.582307 ### DEBUG: Ticks: 556, 16, 1 
1641080168.582644 1640049467 c0:98:e5:42:00:29 440 
1641080168.582830 9 10 21 24 26 29 30 32 45 51 53 53 56 59 63 
1641080168.583018 66 70 72 72 80 86 94 97 106 116 129 144 156 167 170 
1641080169.449665 ### RSSI: -58, 20, 1640049467 ,569 
1641080169.577963 ### DEBUG: Ticks: 572, 16, 1 
1641080169.580327 1640049468 c0:98:e5:42:00:29 776 
1641080169.590185 344 350 354 372 373 382 391 394 395 400 403 417 419 424 428 
1641080169.590457 436 448 451 454 457 473 488 512 548 556 567 570 607 613 633 
1641080170.452845 ### RSSI: -55, 21, 1640049469 ,585 
1641080170.575002 ### DEBUG: Ticks: 587, 15, 1 
1641080170.588062 1640049469 c0:98:e5:42:00:29 903 
1641080170.588322 415 434 451 451 454 458 469 469 477 479 489 490 491 503 506 
1641080170.588516 511 523 544 573 584 584 592 633 639 646 649 666 670 677 689 
1641080171.447166 ### RSSI: -57, 17, 1640049470 ,601 
1641080172.678523 
1641080172.678813 ----------------------------------------------
1641080172.679000 ### WARNING: Chip experienced a reset with reason 2
1641080172.926487 ### INFO: Bluetooth address: c0:98:e5:42:00:2c
1641080172.926795 ### DEBUG: Time is 00:00:00, 2000/00/00
1641080172.936281 ### INFO: Time is 00:00:00, 2000/00/00
1641080173.032507 ### INFO: Initializing SD Card...
1641080176.338339 ### INFO: Connecting to the SquarePoint module...
1641080176.349886 ### INFO: SquarePoint module connection successful
1641080176.350173 ### INFO: Battery voltage currently 4109 mV
1641080176.404119 ### INFO: SD card flushed!
1641080176.441182 ### INFO: SD card flushed!
1641080176.441436 ### DEBUG: BLE START SCANNING called
1641080176.579934 ### DEBUG: Ticks: 60, 60, 0 
1641080176.580191 1640049475 c0:98:e5:42:00:29 542 
1641080176.590174 30 53 60 65 72 74 81 88 104 105 132 135 146 149 160 
1641080176.590431 165 172 187 190 193 197 212 215 232 246 247 286 289 296 484 
1641080176.590597 ### INFO: Switched Scheduler EUI from 00:00:00:00:00:00 to c0:98:e5:42:00:2c
1641080176.590760 ### DEBUG: BLE STOP SCANNING called
1641080177.343971 ### DEBUG: BLE START SCANNING called
1641080177.587779 ### DEBUG: Ticks: 76, 16, 0 
1641080177.588064 1640049476 c0:98:e5:42:00:29 759 
1641080177.588305 284 312 314 315 315 319 322 324 337 343 350 360 361 366 373 
1641080177.588516 377 381 386 387 407 408 412 413 433 449 452 465 474 549 611 
1641080178.455082 ### DEBUG: BLE START SCANNING called
1641080178.455365 ### DEBUG: BLE START SCANNING called
1641080178.466307 ### DEBUG: BLE START SCANNING called
1641080178.479108 ### addr: c0:98:e5:42:00:29 
1641080178.479394 ### on_adv_report outer RSSI: -61, time:1640049477 
1641080178.479632 ### INFO: Discovered new device: c0:98:e5:42:00:29
1641080178.479796 ### DEBUG: connected? already connected
1641080178.479946 ### DEBUG: BLE START SCANNING called
1641080178.534341 ### BLE EVENT: 16, INFO: BLE CONNECTED!
1641080178.534619 ### DEBUG: BLE START SCANNING called
1641080178.534776 ### RSSI: -59, 14, 1640049477 ,91 
1641080178.534949 ### DEBUG: BLE START SCANNING called
1641080178.578901 ### DEBUG: Ticks: 92, 16, 1 
1641080178.579153 1640049477 c0:98:e5:42:00:29 735 
1641080178.579311 253 286 299 301 304 309 315 317 325 337 340 341 350 354 363 
1641080178.579463 369 372 380 385 386 392 393 394 421 433 434 460 477 531 633 
1641080178.579706 ### DEBUG: BLE START SCANNING called
1641080178.635787 ### RSSI: -57, 24, 1640049477 ,93 
1641080178.636077 ### DEBUG: BLE START SCANNING called
1641080178.729200 ### RSSI: -60, 14, 1640049477 ,94 
1641080178.729465 ### DEBUG: BLE START SCANNING called
1641080178.839016 ### RSSI: -56, 31, 1640049477 ,96 
1641080178.839486 ### DEBUG: BLE START SCANNING called
1641080178.931086 ### RSSI: -62, 7, 1640049477 ,97 
1641080178.931358 ### DEBUG: BLE START SCANNING called
1641080179.031265 ### RSSI: -61, 1, 1640049477 ,99 
1641080179.031490 ### DEBUG: BLE START SCANNING called
1641080179.132492 ### RSSI: -61, 1, 1640049477 ,100 
1641080179.132827 ### DEBUG: BLE START SCANNING called
1641080179.232086 ### RSSI: -56, 27, 1640049477 ,102 
1641080179.232341 ### DEBUG: BLE START SCANNING called
1641080179.333191 ### RSSI: -62, 10, 1640049477 ,103 
1641080179.333437 ### DEBUG: BLE START SCANNING called
1641080179.345228 ### DEBUG: BLE START SCANNING called
1641080179.437166 ### RSSI: -60, 22, 1640049478 ,105 
1641080179.438630 ### DEBUG: BLE START SCANNING called
1641080179.536777 ### RSSI: -60, 25, 1640049478 ,107 
1641080179.537008 ### DEBUG: BLE START SCANNING called
1641080179.581827 ### DEBUG: Ticks: 107, 15, 1 
1641080179.582122 1640049478 c0:98:e5:42:00:29 750 
1641080179.582305 281 295 300 302 310 311 313 315 319 319 336 355 359 363 374 
1641080179.582495 374 375 379 384 407 407 411 418 423 439 443 464 483 568 574 
1641080179.582701 ### DEBUG: BLE START SCANNING called
1641080179.637644 ### RSSI: -60, 28, 1640049478 ,108 
1641080179.637956 ### DEBUG: BLE START SCANNING called
1641080179.730512 ### RSSI: -61, 11, 1640049478 ,110 
1641080179.730789 ### DEBUG: BLE START SCANNING called
1641080179.833869 ### RSSI: -57, 3, 1640049478 ,111 
1641080179.834168 ### DEBUG: BLE START SCANNING called
1641080179.934056 ### RSSI: -60, 36, 1640049478 ,113 
1641080179.934370 ### DEBUG: BLE START SCANNING called
1641080180.035356 ### RSSI: -57, 14, 1640049478 ,114 
1641080180.037391 ### DEBUG: BLE START SCANNING called
1641080180.139115 ### RSSI: -55, 4, 1640049478 ,116 
1641080180.139413 ### DEBUG: BLE START SCANNING called
1641080180.339291 ### DEBUG: BLE START SCANNING called
1641080180.574885 ### DEBUG: Ticks: 123, 16, 1 
1641080180.588216 1640049479 c0:98:e5:42:00:29 859 
1641080180.588473 418 441 464 465 502 511 523 523 534 537 549 567 577 585 585 
1641080180.588641 613 614 618 631 632 646 648 657 658 660 678 693 693 730 734 
1641080180.588803 ### DEBUG: BLE START SCANNING called
1641080181.131550 ### RSSI: -57, 16, 1640049479 ,132 
1641080181.131774 ### DEBUG: BLE START SCANNING called
1641080181.342452 ### DEBUG: BLE START SCANNING called
1641080181.579800 ### DEBUG: Ticks: 139, 16, 1 
1641080181.580058 1640049480 c0:98:e5:42:00:29 590 
1641080181.580196 203 216 220 221 231 232 233 236 241 242 251 255 261 268 271 
1641080181.580336 277 290 296 298 305 311 318 321 327 329 359 367 422 424 437 
1641080181.590654 ### DEBUG: BLE START SCANNING called
1641080182.129387 ### RSSI: -55, 2, 1640049480 ,147 
1641080182.129674 ### DEBUG: BLE START SCANNING called
1641080182.581627 ### DEBUG: Ticks: 154, 15, 1 
1641080182.582669 1640049481 c0:98:e5:42:00:29 629 
1641080182.582862 105 118 123 136 139 140 141 146 148 163 163 164 169 176 178 
1641080182.583011 180 185 205 207 212 218 232 236 237 265 292 294 302 305 416 
1641080183.133517 ### RSSI: -57, 1, 1640049481 ,163 
1641080183.575891 ### DEBUG: Ticks: 170, 16, 1 
1641080183.588133 1640049482 c0:98:e5:42:00:29 419 
1641080183.588458 -83 -66 -65 -59 -47 -45 -42 -37 -31 -28 -20 -15 -8 -7 -1 
1641080183.588636 5 9 13 21 21 29 35 37 37 59 84 92 113 134 210 
1641080184.128423 ### RSSI: -69, 24, 1640049482 ,178 
1641080184.582399 ### DEBUG: Ticks: 185, 15, 1 
1641080184.582657 1640049483 c0:98:e5:42:00:29 361 
1641080184.582825 -185 -176 -174 -171 -169 -168 -164 -163 -161 -160 -158 -152 -151 -148 -144 
1641080184.582994 -133 -110 -97 -94 -90 -69 -59 -58 -42 -36 -17 -16 -13 -12 6 
1641080185.132339 ### RSSI: -60, 21, 1640049483 ,194 
1641080185.584065 ### DEBUG: Ticks: 201, 16, 1 
1641080185.584315 1640049484 c0:98:e5:42:00:29 524 
1641080185.584487 104 118 128 142 146 153 156 158 160 160 170 181 186 191 191 
1641080185.584672 191 200 205 219 233 243 254 257 259 266 306 341 376 423 444 
1641080186.130856 ### RSSI: -58, 18, 1640049485 ,210 
1641080186.577639 ### DEBUG: Ticks: 217, 16, 1 
1641080186.577914 1640049485 c0:98:e5:42:00:29 831 
1641080186.589627 364 388 390 391 403 421 423 434 439 440 443 444 456 463 467 
1641080186.589860 470 472 480 482 501 506 507 511 513 514 547 560 579 581 598 
1641080187.127398 ### RSSI: -60, 7, 1640049486 ,225 
1641080187.579670 ### DEBUG: Ticks: 232, 15, 1 
1641080187.579929 1640049486 c0:98:e5:42:00:29 848 
1641080187.580109 350 352 361 364 379 391 396 398 418 421 430 434 440 442 442 
1641080187.580274 453 469 475 477 491 493 497 510 519 519 531 570 576 591 685 
1641080188.131955 ### RSSI: -60, 32, 1640049487 ,241 
1641080188.576480 ### DEBUG: Ticks: 248, 16, 1 
1641080188.588026 1640049487 c0:98:e5:42:00:29 618 
1641080188.588287 141 165 174 186 199 199 206 208 213 218 222 237 242 248 251 
1641080188.588472 254 262 272 273 277 285 289 290 290 295 301 316 317 346 367 
1641080189.133262 ### RSSI: -55, 1, 1640049488 ,257 
1641080189.580816 ### DEBUG: Ticks: 264, 16, 1 
1641080189.581073 1640049488 c0:98:e5:42:00:29 778 
1641080189.581242 378 381 386 392 394 405 406 408 417 418 418 425 426 433 457 
1641080189.581447 460 469 480 487 491 492 500 501 522 533 540 546 590 618 646 
1641080190.132203 ### RSSI: -53, 16, 1640049489 ,272 
1641080190.585513 ### DEBUG: Ticks: 279, 15, 1 
1641080190.585808 1640049489 c0:98:e5:42:00:29 604 
1641080190.585993 201 227 229 232 233 236 240 244 248 251 254 256 259 263 267 
1641080190.586203 306 307 309 331 334 338 341 342 344 355 374 387 448 494 499 
1641080191.135854 ### RSSI: -54, 19, 1640049490 ,288 
1641080191.578242 ### DEBUG: Ticks: 295, 16, 1 
1641080191.578471 1640049490 c0:98:e5:42:00:29 462 
1641080191.589489 -3 11 15 27 28 34 41 43 44 56 57 59 63 64 70 
1641080191.589745 83 89 90 91 92 95 96 99 107 119 127 133 140 168 225 
1641080192.135434 ### RSSI: -64, 29, 1640049491 ,303 
1641080192.578496 ### DEBUG: Ticks: 310, 15, 1 
1641080192.578796 1640049491 c0:98:e5:42:00:29 726 
1641080192.578984 272 273 278 281 298 306 306 315 325 337 338 348 349 352 353 
1641080192.579164 354 359 361 365 403 448 459 478 490 495 507 514 550 551 623 
1641080193.134763 ### RSSI: -50, 18, 1640049492 ,319 
1641080193.582565 ### DEBUG: Ticks: 326, 16, 1 
1641080193.582831 1640049492 c0:98:e5:42:00:29 801 
1641080193.583001 288 310 338 346 364 368 372 386 390 391 399 400 403 407 413 
1641080193.583137 420 428 437 437 439 442 451 478 483 486 515 523 531 537 559 
1641080194.137565 ### RSSI: -56, 3, 1640049493 ,335 
1641080194.584713 ### DEBUG: Ticks: 342, 16, 1 
1641080194.584931 1640049493 c0:98:e5:42:00:29 867 
1641080194.585443 276 289 318 325 328 337 342 344 375 376 376 378 380 385 389 
1641080194.587726 390 398 402 427 428 445 449 462 464 479 482 498 504 505 505 
1641080195.129284 ### RSSI: -56, 18, 1640049494 ,350 
1641080195.579148 ### DEBUG: Ticks: 357, 15, 1 
1641080195.579361 1640049494 c0:98:e5:42:00:29 704 
1641080195.579492 210 218 220 227 231 240 246 247 255 261 263 267 268 271 273 
1641080195.579833 275 289 312 321 324 327 330 352 379 381 384 390 399 453 460 
1641080196.127639 ### RSSI: -51, 12, 1640049495 ,366 
1641080196.589025 ### DEBUG: Ticks: 373, 16, 1 
1641080196.589264 1640049495 c0:98:e5:42:00:29 674 
1641080196.589403 174 206 213 215 219 223 225 229 243 246 247 248 250 254 256 
1641080196.589546 261 267 270 287 287 292 299 308 309 310 325 326 328 360 412 
1641080197.129013 ### RSSI: -51, 13, 1640049496 ,381 
1641080197.578795 ### DEBUG: Ticks: 389, 16, 1 
1641080197.579050 1640049496 c0:98:e5:42:00:29 694 
1641080197.579257 304 323 324 327 334 335 337 337 345 345 352 358 361 374 377 
1641080197.579447 385 385 391 394 395 399 412 424 427 446 454 462 470 507 517 
1641080198.129544 ### RSSI: -45, 8, 1640049497 ,397 
1641080198.580284 ### DEBUG: Ticks: 404, 15, 1 
1641080198.580512 1640049497 c0:98:e5:42:00:29 528 
1641080198.580650 82 112 126 126 128 136 137 151 153 155 164 170 176 178 187 
1641080198.580832 190 194 208 209 210 214 217 218 234 267 267 275 283 293 306 
1641080199.131812 ### RSSI: -50, 18, 1640049498 ,413 
1641080199.578173 ### DEBUG: Ticks: 420, 16, 1 
1641080199.578468 1640049498 c0:98:e5:42:00:29 672 
1641080199.591417 296 306 311 316 317 320 321 334 335 341 342 350 363 371 376 
1641080199.591739 397 400 401 405 417 422 423 435 442 444 455 498 558 572 600 
1641080200.129672 ### RSSI: -54, 21, 1640049498 ,428 
1641080200.582969 ### DEBUG: Ticks: 435, 15, 1 
1641080200.583243 1640049499 c0:98:e5:42:00:29 892 
1641080200.583440 379 390 393 416 420 421 437 441 442 443 444 470 472 473 473 
1641080200.583800 490 519 520 525 528 537 571 578 586 600 614 619 620 638 655 
1641080201.126764 ### RSSI: -59, 36, 1640049499 ,444 
1641080201.578150 ### DEBUG: Ticks: 451, 16, 1 
1641080201.578385 1640049500 c0:98:e5:42:00:29 1052 
1641080201.580166 526 547 559 575 585 595 603 606 611 639 645 647 665 676 681 
1641080201.580365 682 692 707 708 710 712 727 728 755 763 782 873 880 900 952 
1641080202.134433 ### RSSI: -57, 34, 1640049500 ,460 
1641080202.579772 ### DEBUG: Ticks: 467, 16, 1 
1641080202.580084 1640049501 c0:98:e5:42:00:29 732 
1641080202.580272 261 264 272 273 274 279 282 300 302 303 306 317 333 341 343 
1641080202.580466 346 348 355 359 360 378 384 416 418 423 434 444 454 508 563 
1641080203.126787 ### RSSI: -51, 6, 1640049501 ,475 
1641080203.580606 ### DEBUG: Ticks: 482, 15, 1 
1641080203.580804 1640049502 c0:98:e5:42:00:29 875 
1641080203.581531 368 409 415 430 434 443 446 451 455 472 473 477 489 514 519 
1641080203.581686 525 526 527 536 537 548 553 562 566 570 570 599 616 704 744 
1641080204.128999 ### RSSI: -57, 19, 1640049502 ,491 
1641080204.577618 ### DEBUG: Ticks: 498, 16, 1 
1641080204.577861 1640049503 c0:98:e5:42:00:29 713 
1641080204.590326 239 242 265 296 304 306 311 328 334 340 346 346 352 355 356 
1641080204.590560 381 382 391 393 404 405 408 416 418 437 447 522 560 566 584 
1641080205.131371 ### RSSI: -60, 26, 1640049503 ,506 
1641080205.584900 ### DEBUG: Ticks: 513, 15, 1 
1641080205.585199 1640049504 c0:98:e5:42:00:29 468 
1641080205.585384 -64 -14 -11 -4 6 16 20 24 31 31 37 42 45 46 46 
1641080205.585561 55 63 63 68 72 100 108 119 129 151 174 180 182 217 229 
1641080206.134705 ### RSSI: -50, 36, 1640049504 ,522 
1641080206.581462 ### DEBUG: Ticks: 529, 16, 1 
1641080206.581973 1640049505 c0:98:e5:42:00:29 374 
1641080206.582217 -289 -278 -278 -276 -257 -256 -234 -232 -228 -224 -224 -221 -218 -211 -208 
1641080206.582455 -207 -204 -187 -186 -176 -173 -173 -161 -157 -141 -134 -132 -129 -128 -22 
1641080207.232926 ### RSSI: -54, 25, 1640049505 ,539 
1641080207.581141 ### DEBUG: Ticks: 545, 16, 1 
1641080207.581426 1640049506 c0:98:e5:42:00:29 549 
1641080207.581610 31 35 52 54 63 69 72 73 84 86 86 86 112 119 120 
1641080207.581816 123 128 139 139 154 174 176 193 211 222 222 230 252 275 276 
1641080208.229095 ### RSSI: -55, 14, 1640049507 ,555 
1641080208.578656 ### DEBUG: Ticks: 560, 15, 1 
1641080208.578905 1640049507 c0:98:e5:42:00:29 599 
1641080208.579078 50 51 65 67 87 88 90 91 93 100 101 102 104 108 114 
1641080208.579239 118 123 125 127 128 128 131 187 200 207 222 223 255 371 391 
1641080209.230244 ### RSSI: -54, 27, 1640049508 ,570 
1641080209.587294 ### DEBUG: Ticks: 576, 16, 1 
1641080209.587633 1640049508 c0:98:e5:42:00:29 611 
1641080209.587859 149 157 168 169 179 204 207 210 211 215 216 233 239 245 246 
1641080209.588038 252 253 262 265 265 268 269 273 282 296 301 316 341 350 477 
1641080210.231196 ### RSSI: -54, 29, 1640049509 ,586 
1641080210.575700 ### DEBUG: Ticks: 592, 16, 1 
1641080210.588233 1640049509 c0:98:e5:42:00:29 680 
1641080210.588512 220 225 240 254 256 258 286 290 297 299 300 302 310 315 319 
1641080210.588646 324 328 331 333 354 355 356 361 364 397 408 442 446 493 496 
1641080210.956274 ### INFO: SD card flushed!
1641080211.233157 ### RSSI: -61, 16, 1640049510 ,602 
1641080211.580656 ### DEBUG: Ticks: 607, 15, 1 
1641080211.580902 1640049510 c0:98:e5:42:00:29 589 
1641080211.581041 57 72 85 96 109 113 126 129 130 140 142 153 162 166 170 
1641080211.581183 176 179 187 192 195 200 213 218 230 250 263 277 280 412 412 
1641080212.231805 ### RSSI: -57, 25, 1640049511 ,617 
1641080212.582751 ### DEBUG: Ticks: 623, 16, 1 
1641080212.582946 1640049511 c0:98:e5:42:00:29 503 
1641080212.583077 50 77 79 80 97 109 110 115 120 127 144 149 155 169 169 
1641080212.583194 174 178 178 179 183 186 192 212 219 232 250 269 273 274 335 
1641080213.225059 ### RSSI: -54, 26, 1640049512 ,633 
1641080213.579665 ### DEBUG: Ticks: 638, 15, 1 
1641080213.579903 1640049512 c0:98:e5:42:00:29 520 
1641080213.580051 4 30 46 50 54 56 72 78 88 88 89 91 92 97 101 
1641080213.580195 109 111 112 113 119 119 134 137 137 157 160 169 186 204 208 
1641080214.229136 ### RSSI: -59, 31, 1640049513 ,649 
1641080214.579452 ### DEBUG: Ticks: 654, 16, 1 
1641080214.579796 1640049513 c0:98:e5:42:00:29 401 
1641080214.591256 -108 -95 -89 -88 -79 -75 -69 -60 -43 -34 -33 -30 -22 -16 -14 
1641080214.591641 -11 -2 3 5 6 7 15 16 17 34 35 56 71 80 95 
1641080215.232958 ### RSSI: -54, 2, 1640049514 ,664 
1641080215.586468 ### DEBUG: Ticks: 670, 16, 1 
1641080215.586836 1640049514 c0:98:e5:42:00:29 245 
1641080215.587019 -520 -477 -465 -464 -460 -459 -458 -455 -453 -447 -446 -436 -431 -417 -414 
1641080215.587206 -398 -394 -391 -389 -386 -374 -371 -353 -353 -352 -351 -338 -329 -324 -321 
1641080216.233381 ### RSSI: -53, 26, 1640049515 ,680 
1641080216.580669 ### DEBUG: Ticks: 685, 15, 1 
1641080216.581650 1640049515 c0:98:e5:42:00:29 221 
1641080216.581856 -458 -457 -454 -450 -435 -431 -428 -422 -421 -406 -405 -390 -383 -380 -380 
1641080216.582062 -379 -372 -371 -356 -353 -341 -328 -325 -316 -307 -306 -287 -268 -245 -225 
1641080217.225007 ### RSSI: -55, 28, 1640049516 ,695 
1641080217.579486 ### DEBUG: Ticks: 701, 16, 1 
1641080217.579711 1640049516 c0:98:e5:42:00:29 196 
1641080217.590925 -499 -471 -456 -454 -447 -447 -431 -428 -426 -423 -417 -412 -409 -405 -403 
1641080217.591128 -403 -395 -394 -393 -375 -374 -372 -367 -359 -354 -348 -323 -307 -297 -294 
1641080218.235938 ### RSSI: -51, 25, 1640049517 ,711 
1641080218.581550 ### DEBUG: Ticks: 717, 16, 1 
1641080218.581830 1640049517 c0:98:e5:42:00:29 194 
1641080218.582033 -460 -418 -418 -398 -388 -385 -378 -373 -366 -363 -360 -344 -337 -333 -330 
1641080218.582260 -329 -315 -312 -307 -307 -307 -301 -295 -290 -287 -260 -259 -256 -252 -219 
1641080219.234927 ### RSSI: -51, 23, 1640049518 ,727 
1641080219.586362 ### DEBUG: Ticks: 732, 15, 1 
1641080219.586597 1640049518 c0:98:e5:42:00:29 202 
1641080219.586757 -383 -367 -355 -353 -350 -345 -341 -334 -333 -331 -319 -318 -317 -302 -296 
1641080219.586900 -295 -292 -291 -291 -285 -274 -260 -256 -247 -242 -241 -234 -206 -176 -162 
1641080220.235605 ### RSSI: -50, 3, 1640049519 ,742 
1641080220.570486 ### INFO: Device is now STATIONARY
1641080220.580950 ### DEBUG: Ticks: 748, 16, 1 
1641080220.581440 1640049519 c0:98:e5:42:00:29 176 
1641080220.582209 -502 -501 -451 -451 -432 -430 -428 -427 -421 -418 -415 -414 -413 -404 -402 
1641080220.583056 -399 -393 -390 -388 -385 -374 -372 -370 -357 -347 -332 -325 -318 -308 -304 
1641080221.232225 ### RSSI: -49, 11, 1640049520 ,758 
1641080221.580270 ### DEBUG: Ticks: 763, 15, 1 
1641080221.580558 1640049520 c0:98:e5:42:00:29 216 
1641080221.580750 -428 -403 -394 -392 -369 -361 -358 -354 -343 -342 -337 -333 -332 -329 -324 
1641080221.580938 -324 -320 -319 -315 -313 -308 -306 -302 -289 -286 -267 -245 -231 -212 0 
1641080222.233842 ### RSSI: -49, 31, 1640049521 ,774 
