1641521848.448289 ###RTT Client: ************************************************************ 
1641521848.448450 ###RTT Client: *               SEGGER Microcontroller GmbH                * 
1641521848.448492 ###RTT Client: *   Solutions for real time microcontroller applications   * 
1641521848.448533 ###RTT Client: ************************************************************ 
1641521848.448745 ###RTT Client: *                                                          * 
1641521848.448937 ###RTT Client: *       (c) 2012 - 2016  SEGGER Microcontroller GmbH       * 
1641521848.448981 ###RTT Client: *                                                          * 
1641521848.449021 ###RTT Client: *     www.segger.com     Support: support@segger.com       * 
1641521848.449156 ###RTT Client: *                                                          * 
1641521848.449284 ###RTT Client: ************************************************************ 
1641521848.449327 ###RTT Client: *                                                          * 
1641521848.449424 ###RTT Client: * SEGGER J-Link RTT Client   Compiled Jan 30 2018 18:46:58 * 
1641521848.449530 ###RTT Client: *                                                          * 
1641521848.449572 ###RTT Client: ************************************************************ 
1641521848.449612 
1641521848.449725 ###RTT Client: -----------------------------------------------
1641521848.449765 ###RTT Client: Connecting to J-Link RTT Server via localhost:9201  Connected.
1641521848.449884 SEGGER J-Link V6.30 - Real time terminal output
1641521848.449964 J-Link EDU Mini V1 compiled Oct 22 2019 16:28:45 V1.0, SN=801021855
1641521848.450125 Process: JLinkExe
1641521848.450165 ### DEBUG: Ticks: 646, 16, 1 
1641521848.450204 1640050533 c0:98:e5:42:00:2c 2778 
1641521848.450245 3076 3083 3092 3096 3101 3105 3117 3117 3120 3129 3135 3142 3144 3152 3158 
1641521848.450380 3170 3181 3188 3191 3195 3200 3201 3211 3224 3238 3243 3250 3255 3266 3275 
1641521848.450461 ### RSSI: -70, 29, 1640050533 ,649 
1641521848.450610 ### DEBUG: Ticks: 661, 15, 1 
1641521848.450651 1640050534 c0:98:e5:42:00:2c 2822 
1641521848.450692 3113 3126 3129 3139 3141 3159 3167 3173 3175 3184 3193 3193 3195 3205 3214 
1641521848.450805 3216 3218 3226 3255 3266 3267 3272 3272 3275 3276 3301 3309 3312 3323 3330 
1641521848.450845 ### RSSI: -70, 29, 1640050534 ,665 
1641521848.450885 ### DEBUG: Ticks: 677, 16, 1 
1641521848.450924 1640050535 c0:98:e5:42:00:2c 2807 
1641521848.451036 3103 3130 3162 3165 3190 3208 3221 3226 3233 3236 3240 3243 3249 3254 3255 
1641521848.451076 3257 3263 3271 3276 3279 3283 3291 3304 3309 3310 3310 3311 3330 3338 3354 
1641521848.451116 ### RSSI: -70, 18, 1640050535 ,681 
1641521848.451156 ### DEBUG: Ticks: 692, 15, 1 
1641521848.451293 1640050536 c0:98:e5:42:00:2c 2874 
1641521848.451401 3049 3096 3112 3121 3131 3131 3133 3142 3147 3159 3168 3182 3187 3189 3192 
1641521848.451524 3201 3206 3208 3210 3229 3248 3257 3260 3262 3264 3269 3283 3283 3300 3311 
1641521848.451656 ### RSSI: -73, 22, 1640050536 ,696 
1641521848.451783 ### DEBUG: Ticks: 708, 16, 1 
1641521848.451823 1640050537 c0:98:e5:42:00:2c 2814 
1641521848.451863 2990 3029 3045 3061 3080 3080 3081 3090 3113 3116 3120 3127 3128 3133 3147 
1641521848.451903 3148 3152 3153 3156 3164 3171 3172 3178 3182 3187 3187 3200 3208 3211 3217 
1641521848.451942 ### RSSI: -78, 13, 1640050537 ,712 
1641521848.451982 ### DEBUG: Ticks: 724, 16, 1 
1641521848.452022 1640050538 c0:98:e5:42:00:2c 2827 
1641521848.452105 3084 3133 3161 3165 3174 3178 3197 3198 3203 3204 3209 3237 3239 3244 3245 
1641521848.452145 3245 3251 3257 3259 3273 3273 3283 3288 3305 3310 3322 3322 3326 3335 3340 
1641521848.452185 ### RSSI: -70, 31, 1640050538 ,727 
1641521848.452225 ### DEBUG: Ticks: 739, 15, 1 
1641521848.452265 1640050539 c0:98:e5:42:00:2c 2810 
1641521848.452305 3037 3051 3058 3062 3063 3068 3076 3078 3082 3086 3089 3101 3108 3109 3114 
1641521848.452345 3114 3120 3120 3126 3128 3131 3135 3146 3151 3155 3170 3175 3181 3192 3198 
1641521848.452384 ### RSSI: -69, 9, 1640050539 ,745 
1641521848.452424 ### DEBUG: Ticks: 755, 16, 1 
1641521848.452463 1640050540 c0:98:e5:42:00:2c 2834 
1641521848.452502 3067 3122 3132 3140 3146 3150 3163 3169 3180 3182 3197 3198 3198 3220 3224 
1641521848.452542 3235 3236 3238 3239 3262 3267 3270 3271 3273 3277 3279 3304 3312 3324 3329 
1641521848.611683 ### RSSI: -80, 35, 1640050540 ,760 
1641521849.273592 ### DEBUG: Ticks: 771, 16, 1 
1641521849.273874 1640050541 c0:98:e5:42:00:2c 2800 
1641521849.274036 3044 3099 3111 3117 3126 3128 3135 3140 3152 3153 3157 3166 3168 3172 3175 
1641521849.274167 3179 3182 3188 3208 3214 3225 3231 3249 3252 3255 3265 3273 3276 3309 3318 
1641521849.609853 ### RSSI: -72, 17, 1640050541 ,776 
1641521850.269379 ### DEBUG: Ticks: 786, 15, 1 
1641521850.269664 1640050542 c0:98:e5:42:00:2c 2796 
1641521850.281178 2994 3055 3059 3063 3065 3087 3088 3094 3098 3098 3116 3117 3118 3126 3136 
1641521850.281484 3140 3144 3152 3152 3153 3178 3186 3212 3214 3218 3228 3229 3234 3240 3254 
1641521850.615382 ### RSSI: -73, 22, 1640050542 ,792 
1641521851.269112 ### DEBUG: Ticks: 802, 16, 1 
1641521851.269397 1640050543 c0:98:e5:42:00:2c 2789 
1641521851.269581 3111 3112 3129 3140 3152 3155 3158 3171 3175 3184 3195 3210 3211 3224 3231 
1641521851.280976 3238 3243 3254 3261 3274 3281 3282 3285 3287 3291 3309 3320 3321 3332 3344 
1641521851.617468 ### RSSI: -82, 15, 1640050543 ,807 
1641521852.273483 ### DEBUG: Ticks: 817, 15, 1 
1641521852.273779 1640050544 c0:98:e5:42:00:2c 2815 
1641521852.273963 3060 3082 3104 3104 3105 3108 3112 3148 3154 3163 3174 3179 3182 3190 3195 
1641521852.274153 3197 3216 3223 3227 3239 3251 3261 3261 3263 3274 3278 3308 3318 3318 3324 
1641521852.718851 ### RSSI: -69, 10, 1640050544 ,824 
1641521853.272031 ### DEBUG: Ticks: 833, 16, 1 
1641521853.272204 1640050545 c0:98:e5:42:00:2c 2868 
1641521853.272290 3097 3158 3158 3162 3187 3206 3213 3218 3218 3221 3245 3245 3249 3258 3264 
1641521853.272377 3281 3286 3288 3292 3294 3305 3311 3312 3333 3335 3336 3340 3353 3369 3373 
1641521853.718517 ### RSSI: -73, 32, 1640050546 ,840 
1641521854.277108 ### DEBUG: Ticks: 849, 16, 1 
1641521854.277406 1640050546 c0:98:e5:42:00:2c 2801 
1641521854.277591 3074 3089 3092 3116 3132 3152 3155 3156 3162 3168 3171 3171 3181 3185 3189 
1641521854.277782 3189 3193 3206 3214 3221 3236 3237 3248 3261 3265 3271 3278 3293 3304 3313 
1641521854.719794 ### RSSI: -80, 4, 1640050547 ,856 
1641521855.273520 ### DEBUG: Ticks: 864, 15, 1 
1641521855.273712 1640050547 c0:98:e5:42:00:2c 2796 
1641521855.273805 3059 3100 3109 3130 3145 3153 3166 3171 3175 3176 3177 3177 3188 3195 3198 
1641521855.273901 3206 3209 3212 3218 3229 3240 3242 3244 3259 3259 3261 3268 3276 3284 3290 
1641521855.718009 ### RSSI: -73, 12, 1640050548 ,871 
1641521856.271893 ### DEBUG: Ticks: 880, 16, 1 
1641521856.272188 1640050548 c0:98:e5:42:00:2c 2865 
1641521856.272374 2998 3045 3045 3061 3067 3068 3070 3076 3077 3088 3095 3096 3100 3102 3104 
1641521856.272564 3104 3118 3119 3123 3129 3141 3168 3178 3179 3184 3190 3209 3219 3220 3232 
1641521856.709251 ### RSSI: -76, 16, 1640050549 ,887 
1641521857.270370 ### DEBUG: Ticks: 895, 15, 1 
1641521857.270591 1640050549 c0:98:e5:42:00:2c 2796 
1641521857.270682 3018 3028 3069 3073 3080 3090 3097 3103 3107 3111 3115 3125 3130 3137 3137 
1641521857.270778 3138 3169 3174 3185 3186 3197 3215 3222 3222 3226 3229 3242 3251 3264 3289 
1641521857.712855 ### RSSI: -83, 25, 1640050550 ,902 
1641521858.270141 ### DEBUG: Ticks: 911, 16, 1 
1641521858.270306 1640050550 c0:98:e5:42:00:2c 2811 
1641521858.270392 3084 3121 3130 3132 3146 3153 3159 3174 3187 3187 3196 3201 3211 3219 3225 
1641521858.270480 3229 3233 3241 3262 3263 3277 3278 3287 3289 3292 3297 3298 3300 3322 3333 
1641521858.717110 ### RSSI: -76, 7, 1640050551 ,918 
1641521859.277956 ### DEBUG: Ticks: 927, 16, 1 
1641521859.278251 1640050551 c0:98:e5:42:00:2c 2890 
1641521859.278436 3106 3125 3126 3131 3135 3160 3161 3175 3177 3182 3185 3186 3186 3196 3201 
1641521859.278625 3224 3237 3242 3247 3250 3256 3282 3286 3288 3291 3297 3298 3313 3332 3429 
1641521859.716646 ### RSSI: -70, 30, 1640050552 ,934 
1641521860.273977 ### DEBUG: Ticks: 942, 15, 1 
1641521860.274272 1640050552 c0:98:e5:42:00:2c 2790 
1641521860.274481 3052 3065 3068 3075 3083 3083 3087 3090 3107 3110 3110 3114 3115 3120 3123 
1641521860.274697 3131 3139 3149 3169 3170 3173 3178 3187 3190 3197 3212 3218 3235 3235 3355 
1641521860.711537 ### RSSI: -78, 13, 1640050553 ,949 
1641521861.271238 ### DEBUG: Ticks: 958, 16, 1 
1641521861.271520 1640050553 c0:98:e5:42:00:2c 2816 
1641521861.271816 3091 3091 3111 3129 3132 3132 3145 3169 3170 3170 3187 3190 3190 3192 3196 
1641521861.271941 3210 3223 3225 3238 3250 3258 3260 3264 3282 3289 3293 3309 3315 3327 3354 
1641521861.719081 ### RSSI: -80, 13, 1640050554 ,965 
1641521862.272688 ### DEBUG: Ticks: 974, 16, 1 
1641521862.272894 1640050554 c0:98:e5:42:00:2c 2777 
1641521862.273016 3074 3123 3128 3136 3138 3170 3176 3179 3189 3195 3226 3227 3240 3240 3241 
1641521862.273160 3242 3245 3246 3255 3264 3275 3290 3306 3309 3314 3318 3326 3328 3331 3366 
1641521862.718745 ### RSSI: -75, 27, 1640050555 ,980 
1641521863.276673 ### DEBUG: Ticks: 989, 15, 1 
1641521863.276848 1640050555 c0:98:e5:42:00:2c 2870 
1641521863.276909 3101 3135 3146 3159 3200 3202 3208 3217 3228 3243 3247 3254 3262 3263 3263 
1641521863.276974 3272 3280 3283 3284 3289 3311 3312 3321 3323 3327 3328 3333 3333 3338 3344 
1641521863.716803 ### RSSI: -71, 11, 1640050556 ,996 
1641521864.279686 ### DEBUG: Ticks: 1005, 16, 1 
1641521864.279966 1640050556 c0:98:e5:42:00:2c 2898 
1641521864.280172 3153 3172 3176 3189 3215 3229 3245 3251 3251 3255 3256 3257 3279 3285 3294 
1641521864.280275 3306 3318 3320 3326 3329 3330 3333 3354 3356 3362 3366 3367 3373 3376 3400 
1641521864.710669 ### RSSI: -76, 36, 1640050556 ,1012 
1641521865.271464 ### DEBUG: Ticks: 1020, 15, 1 
1641521865.271858 1640050557 c0:98:e5:42:00:2c 2845 
1641521865.272021 3095 3099 3121 3150 3150 3152 3154 3161 3168 3171 3177 3191 3193 3199 3206 
1641521865.272121 3207 3224 3226 3227 3228 3232 3244 3247 3247 3249 3253 3263 3264 3290 3301 
1641521865.714854 ### RSSI: -75, 1, 1640050557 ,1027 
1641521866.273838 ### DEBUG: Ticks: 1036, 16, 1 
1641521866.274123 1640050558 c0:98:e5:42:00:2c 2783 
1641521866.274309 3019 3066 3095 3099 3107 3126 3136 3143 3145 3152 3165 3169 3169 3170 3182 
1641521866.274769 3187 3193 3194 3206 3221 3223 3223 3243 3252 3259 3263 3263 3297 3298 3299 
1641521866.720241 ### RSSI: -71, 21, 1640050558 ,1043 
1641521867.278640 ### DEBUG: Ticks: 1052, 16, 1 
1641521867.278814 1640050559 c0:98:e5:42:00:2c 2765 
1641521867.278901 3024 3025 3042 3053 3083 3085 3091 3091 3097 3105 3115 3118 3130 3137 3138 
1641521867.279002 3154 3160 3160 3164 3166 3172 3173 3178 3185 3189 3201 3202 3203 3210 3217 
1641521867.709941 ### RSSI: -84, 15, 1640050559 ,1059 
1641521868.276910 ### DEBUG: Ticks: 1067, 15, 1 
1641521868.277208 1640050560 c0:98:e5:42:00:2c 2868 
1641521868.277564 3101 3143 3158 3162 3174 3182 3184 3185 3187 3189 3192 3205 3209 3213 3219 
1641521868.277777 3221 3224 3243 3262 3264 3271 3271 3272 3276 3301 3315 3322 3325 3340 3359 
1641521868.710343 ### RSSI: -69, 19, 1640050560 ,1074 
1641521869.271748 ### DEBUG: Ticks: 1083, 16, 1 
1641521869.272031 1640050561 c0:98:e5:42:00:2c 2770 
1641521869.272215 2962 2972 3016 3023 3033 3034 3035 3037 3047 3050 3056 3074 3079 3085 3090 
1641521869.272415 3092 3096 3097 3102 3109 3119 3122 3129 3130 3130 3141 3151 3154 3155 3200 
1641521869.717171 ### RSSI: -79, 24, 1640050561 ,1090 
1641521870.272189 ### DEBUG: Ticks: 1099, 16, 1 
1641521870.272472 1640050562 c0:98:e5:42:00:2c 2806 
1641521870.282695 3147 3152 3164 3166 3171 3176 3185 3187 3190 3192 3202 3206 3206 3209 3209 
1641521870.282989 3225 3230 3234 3236 3237 3251 3265 3275 3275 3284 3286 3286 3293 3309 3319 
1641521870.648756 ### INFO: SD card flushed!
1641521870.716256 ### RSSI: -69, 29, 1640050562 ,1105 
1641521871.277969 ### DEBUG: Ticks: 1114, 15, 1 
1641521871.278257 1640050563 c0:98:e5:42:00:2c 2891 
1641521871.278442 3088 3103 3128 3153 3163 3165 3178 3204 3211 3220 3224 3241 3244 3248 3249 
1641521871.278855 3253 3267 3277 3279 3282 3303 3310 3311 3333 3346 3348 3348 3349 3371 3381 
1641521871.708271 ### RSSI: -82, 25, 1640050563 ,1121 
1641521872.271246 ### DEBUG: Ticks: 1130, 16, 1 
1641521872.271529 1640050564 c0:98:e5:42:00:2c 2786 
1641521872.271835 3083 3112 3113 3154 3161 3162 3175 3190 3194 3205 3207 3218 3221 3227 3230 
1641521872.272039 3233 3239 3253 3264 3266 3283 3292 3297 3297 3305 3321 3327 3328 3334 3358 
1641521872.716929 ### RSSI: -72, 8, 1640050564 ,1137 
1641521873.277428 ### DEBUG: Ticks: 1145, 15, 1 
1641521873.277713 1640050565 c0:98:e5:42:00:2c 2892 
1641521873.277913 3170 3182 3198 3200 3228 3229 3229 3230 3235 3240 3246 3250 3264 3268 3277 
1641521873.278236 3279 3284 3296 3300 3324 3336 3337 3343 3347 3358 3370 3372 3381 3390 3401 
1641521873.715267 ### RSSI: -71, 28, 1640050565 ,1152 
1641521874.268831 ### DEBUG: Ticks: 1161, 16, 1 
1641521874.280145 1640050566 c0:98:e5:42:00:2c 2837 
1641521874.280349 3130 3151 3155 3170 3175 3177 3181 3183 3189 3202 3204 3212 3215 3230 3237 
1641521874.280407 3240 3251 3270 3287 3292 3299 3300 3302 3305 3307 3313 3313 3317 3330 3344 
1641521874.709777 ### RSSI: -74, 32, 1640050566 ,1168 
1641521875.277593 ### DEBUG: Ticks: 1177, 16, 1 
1641521875.277890 1640050567 c0:98:e5:42:00:2c 2814 
1641521875.278076 3015 3047 3051 3064 3070 3081 3085 3090 3097 3104 3108 3108 3110 3122 3125 
1641521875.278277 3133 3141 3142 3162 3170 3189 3197 3205 3205 3208 3210 3212 3213 3226 3228 
1641521875.716386 ### RSSI: -73, 8, 1640050567 ,1184 
1641521876.269573 ### DEBUG: Ticks: 1192, 15, 1 
1641521876.269872 1640050568 c0:98:e5:42:00:2c 2857 
1641521876.282048 3088 3107 3109 3145 3147 3156 3157 3160 3176 3185 3186 3195 3202 3206 3207 
1641521876.282348 3213 3217 3219 3244 3245 3254 3257 3258 3259 3261 3262 3278 3292 3294 3322 
1641521876.715964 ### RSSI: -74, 17, 1640050568 ,1199 
1641521877.270034 ### DEBUG: Ticks: 1208, 16, 1 
1641521877.270331 1640050569 c0:98:e5:42:00:2c 2828 
1641521877.270518 3050 3054 3060 3091 3094 3094 3135 3141 3159 3165 3168 3170 3179 3184 3193 
1641521877.270731 3200 3200 3232 3237 3238 3241 3242 3248 3249 3255 3260 3280 3291 3299 3308 
1641521877.714568 ### RSSI: -77, 3, 1640050570 ,1215 
1641521878.271242 ### DEBUG: Ticks: 1224, 16, 1 
1641521878.271472 1640050570 c0:98:e5:42:00:2c 2857 
1641521878.271576 3127 3137 3141 3156 3164 3168 3185 3190 3196 3208 3214 3222 3231 3231 3235 
1641521878.271742 3236 3246 3249 3249 3254 3268 3277 3280 3288 3288 3296 3303 3309 3312 3344 
1641521878.707540 ### RSSI: -73, 17, 1640050571 ,1230 
1641521879.268424 ### DEBUG: Ticks: 1239, 15, 1 
1641521879.281470 1640050571 c0:98:e5:42:00:2c 2854 
1641521879.281766 3126 3160 3163 3196 3209 3210 3224 3228 3239 3254 3258 3263 3269 3273 3273 
1641521879.281964 3276 3279 3282 3284 3284 3303 3306 3315 3328 3347 3349 3350 3350 3354 3355 
1641521879.714765 ### RSSI: -76, 7, 1640050572 ,1246 
1641521880.274653 ### DEBUG: Ticks: 1255, 16, 1 
1641521880.274937 1640050572 c0:98:e5:42:00:2c 2807 
1641521880.275122 3096 3106 3153 3165 3169 3181 3181 3189 3204 3204 3205 3213 3216 3216 3222 
1641521880.275324 3223 3251 3253 3257 3260 3272 3277 3288 3304 3314 3317 3339 3344 3350 3370 
1641521880.714688 ### RSSI: -70, 31, 1640050573 ,1262 
1641521881.271286 ### DEBUG: Ticks: 1270, 15, 1 
1641521881.271572 1640050573 c0:98:e5:42:00:2c 2778 
1641521881.271907 2996 3037 3043 3046 3082 3083 3100 3104 3106 3109 3111 3111 3118 3129 3133 
1641521881.272090 3138 3157 3161 3161 3176 3178 3182 3191 3198 3203 3207 3218 3242 3242 3274 
1641521881.715922 ### RSSI: -76, 2, 1640050574 ,1277 
1641521882.276693 ### DEBUG: Ticks: 1286, 16, 1 
1641521882.276985 1640050574 c0:98:e5:42:00:2c 2775 
1641521882.277169 3008 3027 3031 3036 3057 3093 3101 3105 3118 3119 3123 3133 3147 3165 3174 
1641521882.277373 3176 3182 3183 3183 3185 3211 3219 3223 3224 3230 3231 3247 3248 3278 3284 
1641521883.272516 ### DEBUG: Ticks: 1302, 16, 1 
1641521883.272695 1640050575 c0:98:e5:42:00:2c 2909 
1641521883.272797 3190 3193 3207 3221 3221 3223 3244 3252 3258 3262 3272 3273 3276 3290 3295 
1641521883.272906 3297 3313 3316 3331 3334 3340 3344 3349 3371 3372 3381 3388 3402 3423 3460 
1641521883.714627 ### RSSI: -71, 21, 1640050576 ,1308 
1641521884.270670 ### DEBUG: Ticks: 1317, 15, 1 
1641521884.270961 1640050576 c0:98:e5:42:00:2c 2819 
1641521884.271145 3077 3097 3115 3119 3137 3154 3162 3183 3188 3205 3213 3216 3225 3234 3236 
1641521884.271778 3244 3245 3250 3253 3259 3268 3274 3282 3283 3293 3309 3326 3339 3345 3362 
1641521884.710082 ### RSSI: -71, 28, 1640050577 ,1324 
1641521885.271557 ### DEBUG: Ticks: 1333, 16, 1 
1641521885.272025 1640050577 c0:98:e5:42:00:2c 2800 
1641521885.272621 3103 3143 3167 3175 3188 3190 3193 3211 3235 3241 3247 3247 3256 3260 3262 
1641521885.272843 3277 3283 3287 3293 3303 3306 3307 3310 3317 3321 3325 3349 3353 3363 3367 
1641521885.715248 ### RSSI: -79, 34, 1640050578 ,1340 
1641521886.269799 ### DEBUG: Ticks: 1348, 15, 1 
1641521886.270086 1640050578 c0:98:e5:42:00:2c 2883 
1641521886.282586 3052 3077 3119 3122 3126 3131 3140 3148 3152 3153 3156 3160 3166 3174 3183 
1641521886.282878 3185 3188 3190 3207 3209 3216 3222 3228 3256 3265 3270 3275 3284 3298 3298 
1641521886.710519 ### RSSI: -73, 22, 1640050579 ,1355 
1641521887.271439 ### DEBUG: Ticks: 1364, 16, 1 
1641521887.271861 1640050579 c0:98:e5:42:00:2c 2785 
1641521887.272062 3003 3025 3034 3050 3067 3069 3076 3102 3123 3127 3130 3132 3141 3142 3144 
1641521887.272242 3144 3144 3149 3167 3170 3186 3189 3191 3191 3193 3200 3228 3228 3243 3252 
1641521887.710728 ### RSSI: -80, 35, 1640050580 ,1371 
1641521888.275309 ### DEBUG: Ticks: 1380, 16, 1 
1641521888.275736 1640050580 c0:98:e5:42:00:2c 2882 
1641521888.276146 3088 3127 3174 3178 3185 3186 3195 3201 3209 3219 3231 3234 3248 3255 3259 
1641521888.276679 3259 3274 3277 3289 3291 3301 3302 3313 3316 3322 3330 3337 3347 3357 3386 
1641521888.708656 ### RSSI: -77, 2, 1640050580 ,1387 
1641521889.272668 ### DEBUG: Ticks: 1395, 15, 1 
1641521889.273238 1640050581 c0:98:e5:42:00:2c 2775 
1641521889.273675 3035 3080 3089 3092 3125 3148 3160 3163 3174 3176 3180 3181 3187 3192 3204 
1641521889.274086 3211 3215 3217 3220 3225 3227 3246 3274 3275 3276 3279 3281 3282 3286 3300 
1641521889.718858 ### RSSI: -79, 13, 1640050581 ,1402 
1641521890.271186 ### DEBUG: Ticks: 1411, 16, 1 
1641521890.271487 1640050582 c0:98:e5:42:00:2c 2779 
1641521890.271776 3066 3088 3089 3121 3132 3143 3144 3151 3161 3168 3175 3175 3180 3184 3190 
1641521890.271947 3191 3194 3204 3206 3226 3232 3233 3239 3247 3255 3263 3265 3270 3276 3280 
1641521890.711815 ### RSSI: -82, 15, 1640050582 ,1418 
1641521891.279010 ### DEBUG: Ticks: 1427, 16, 1 
1641521891.279237 1640050583 c0:98:e5:42:00:2c 2878 
1641521891.279329 3121 3151 3163 3163 3208 3213 3217 3226 3235 3235 3246 3254 3255 3257 3264 
1641521891.279424 3267 3270 3289 3300 3301 3307 3312 3316 3334 3348 3350 3354 3355 3371 3388 
1641521891.711717 ### RSSI: -69, 10, 1640050583 ,1433 
1641521892.276131 ### DEBUG: Ticks: 1442, 15, 1 
1641521892.276357 1640050584 c0:98:e5:42:00:2c 2824 
1641521892.276443 3145 3149 3169 3186 3207 3210 3217 3230 3234 3235 3237 3249 3255 3257 3259 
1641521892.276532 3263 3270 3270 3276 3278 3281 3289 3291 3307 3327 3343 3344 3345 3356 3386 
1641521892.711770 ### RSSI: -71, 8, 1640050584 ,1449 
1641521893.282146 ### DEBUG: Ticks: 1458, 16, 1 
1641521893.282442 1640050585 c0:98:e5:42:00:2c 2843 
1641521893.282627 3195 3225 3225 3230 3239 3241 3286 3289 3291 3294 3302 3304 3308 3318 3319 
1641521893.282819 3320 3344 3353 3365 3367 3376 3380 3382 3387 3394 3397 3415 3416 3475 3477 
1641521893.716450 ### RSSI: -70, 20, 1640050585 ,1465 
1641521894.273499 ### DEBUG: Ticks: 1473, 15, 1 
1641521894.273802 1640050586 c0:98:e5:42:00:2c 2797 
1641521894.273988 2978 3032 3059 3069 3074 3089 3092 3102 3106 3115 3118 3122 3135 3158 3166 
1641521894.274180 3166 3167 3167 3175 3183 3198 3202 3204 3205 3212 3215 3216 3219 3250 3274 
1641521894.708740 ### RSSI: -76, 16, 1640050586 ,1480 
1641521895.270276 ### DEBUG: Ticks: 1489, 16, 1 
1641521895.270568 1640050587 c0:98:e5:42:00:2c 2783 
1641521895.283847 3070 3075 3083 3086 3112 3135 3136 3139 3141 3145 3161 3168 3169 3173 3173 
1641521895.284057 3173 3176 3185 3220 3227 3231 3231 3240 3242 3250 3265 3266 3266 3275 3278 
1641521895.708625 ### RSSI: -70, 20, 1640050587 ,1496 
1641521896.275171 ### DEBUG: Ticks: 1505, 16, 1 
1641521896.275465 1640050588 c0:98:e5:42:00:2c 2831 
1641521896.275791 3009 3053 3065 3075 3075 3088 3105 3109 3114 3125 3129 3129 3137 3145 3151 
1641521896.276059 3154 3161 3165 3172 3176 3179 3185 3185 3191 3197 3214 3214 3234 3238 3250 
1641521896.713870 ### RSSI: -74, 22, 1640050588 ,1512 
1641521897.276739 ### DEBUG: Ticks: 1520, 15, 1 
1641521897.277038 1640050589 c0:98:e5:42:00:2c 2855 
1641521897.277223 3118 3143 3143 3147 3153 3182 3185 3191 3212 3218 3220 3221 3222 3224 3229 
1641521897.277414 3234 3244 3256 3258 3262 3266 3287 3289 3300 3316 3318 3331 3336 3340 3346 
1641521897.711975 ### RSSI: -80, 24, 1640050589 ,1527 
1641521898.270114 ### DEBUG: Ticks: 1536, 16, 1 
1641521898.270402 1640050590 c0:98:e5:42:00:2c 2853 
1641521898.283201 3145 3154 3199 3215 3223 3224 3226 3240 3253 3257 3258 3263 3265 3284 3288 
1641521898.283493 3303 3304 3307 3313 3316 3317 3321 3329 3329 3332 3334 3335 3340 3351 3367 
1641521898.817224 ### RSSI: -75, 33, 1640050590 ,1544 
1641521899.277033 ### DEBUG: Ticks: 1552, 16, 1 
1641521899.277326 1640050591 c0:98:e5:42:00:2c 2818 
1641521899.277511 3048 3089 3094 3097 3138 3142 3166 3167 3169 3169 3170 3171 3186 3190 3193 
1641521899.277690 3198 3210 3211 3212 3223 3227 3227 3249 3252 3255 3268 3271 3287 3309 3325 
1641521899.816425 ### RSSI: -82, 6, 1640050592 ,1560 
1641521900.271777 ### DEBUG: Ticks: 1567, 15, 1 
1641521900.272068 1640050592 c0:98:e5:42:00:2c 2854 
1641521900.272270 3076 3085 3094 3094 3104 3162 3163 3173 3181 3186 3190 3194 3196 3201 3231 
1641521900.272450 3234 3235 3240 3240 3252 3253 3259 3264 3274 3278 3279 3284 3311 3328 3344 
1641521900.812202 ### RSSI: -71, 8, 1640050593 ,1576 
1641521901.270916 ### DEBUG: Ticks: 1583, 16, 1 
1641521901.271202 1640050593 c0:98:e5:42:00:2c 2835 
1641521901.271387 3032 3075 3084 3103 3105 3117 3140 3152 3164 3166 3174 3178 3185 3187 3195 
1641521901.271568 3201 3211 3239 3241 3242 3244 3246 3248 3267 3269 3274 3275 3281 3293 3295 
1641521901.811433 ### RSSI: -70, 18, 1640050594 ,1591 
1641521902.272223 ### DEBUG: Ticks: 1598, 15, 1 
1641521902.272461 1640050594 c0:98:e5:42:00:2c 2784 
1641521902.272526 3043 3077 3085 3088 3090 3093 3123 3137 3138 3139 3139 3142 3152 3154 3163 
1641521902.272595 3178 3180 3181 3186 3196 3206 3207 3211 3221 3233 3247 3258 3296 3297 3312 
1641521902.817243 ### RSSI: -79, 35, 1640050595 ,1607 
1641521903.278242 ### DEBUG: Ticks: 1614, 16, 1 
1641521903.278528 1640050595 c0:98:e5:42:00:2c 2799 
1641521903.278713 3122 3132 3138 3143 3144 3168 3179 3188 3208 3214 3218 3226 3239 3244 3246 
1641521903.279128 3247 3248 3257 3257 3264 3273 3277 3293 3293 3294 3306 3325 3332 3348 3354 
1641521903.808074 ### RSSI: -80, 4, 1640050596 ,1622 
1641521904.270370 ### DEBUG: Ticks: 1630, 16, 1 
1641521904.270537 1640050596 c0:98:e5:42:00:2c 2756 
1641521904.282162 3020 3046 3066 3071 3078 3082 3083 3083 3089 3093 3110 3117 3118 3130 3147 
1641521904.282351 3149 3151 3164 3165 3176 3178 3182 3183 3184 3197 3205 3208 3228 3232 3283 
1641521904.815156 ### RSSI: -80, 34, 1640050597 ,1638 
1641521905.272670 ### DEBUG: Ticks: 1645, 15, 1 
1641521905.272840 1640050597 c0:98:e5:42:00:2c 2823 
1641521905.272932 3110 3141 3150 3157 3166 3170 3177 3200 3202 3208 3214 3216 3226 3227 3233 
1641521905.273164 3234 3242 3258 3259 3264 3275 3281 3286 3296 3311 3312 3328 3333 3340 3351 
1641521905.633076 ### INFO: SD card flushed!
1641521905.814839 ### RSSI: -85, 5, 1640050598 ,1654 
1641521906.279240 ### DEBUG: Ticks: 1661, 16, 1 
1641521906.279525 1640050598 c0:98:e5:42:00:2c 2870 
1641521906.279833 3063 3067 3095 3102 3109 3117 3143 3145 3154 3157 3162 3163 3165 3167 3167 
1641521906.280263 3171 3199 3217 3225 3234 3235 3236 3236 3237 3244 3249 3255 3285 3311 3313 
1641521906.807416 ### RSSI: -79, 13, 1640050599 ,1669 
1641521907.267918 ### DEBUG: Ticks: 1676, 15, 1 
1641521907.279711 1640050599 c0:98:e5:42:00:2c 2843 
1641521907.279999 3028 3061 3062 3089 3100 3102 3107 3120 3125 3125 3127 3127 3129 3134 3142 
1641521907.280201 3153 3179 3197 3199 3202 3210 3210 3225 3226 3229 3237 3249 3250 3265 3285 
1641521907.809187 ### RSSI: -84, 5, 1640050600 ,1685 
1641521908.271347 ### DEBUG: Ticks: 1692, 16, 1 
1641521908.271750 1640050600 c0:98:e5:42:00:2c 2831 
1641521908.271972 3109 3117 3161 3162 3170 3182 3213 3228 3236 3240 3242 3263 3270 3271 3271 
1641521908.283189 3271 3272 3285 3295 3298 3300 3311 3318 3336 3337 3340 3345 3359 3366 3388 
1641521908.815106 ### RSSI: -79, 35, 1640050601 ,1701 
1641521909.270890 ### DEBUG: Ticks: 1708, 16, 1 
1641521909.271185 1640050601 c0:98:e5:42:00:2c 2858 
1641521909.271372 3100 3114 3130 3137 3166 3172 3184 3186 3204 3205 3221 3222 3225 3225 3240 
1641521909.271563 3246 3254 3268 3269 3271 3278 3285 3305 3308 3316 3324 3330 3337 3347 3351 
1641521909.808510 ### RSSI: -83, 6, 1640050602 ,1716 
1641521910.280070 ### DEBUG: Ticks: 1723, 15, 1 
1641521910.280363 1640050602 c0:98:e5:42:00:2c 2855 
1641521910.280546 3108 3124 3143 3150 3156 3156 3186 3208 3208 3211 3211 3224 3226 3233 3233 
1641521910.280738 3248 3250 3250 3254 3268 3273 3274 3277 3284 3298 3308 3312 3333 3339 3347 
1641521910.807376 ### RSSI: -79, 13, 1640050603 ,1732 
1641521911.276313 ### DEBUG: Ticks: 1739, 16, 1 
1641521911.276425 1640050603 c0:98:e5:42:00:2c 2762 
1641521911.276481 3044 3068 3082 3088 3094 3111 3120 3123 3125 3129 3134 3138 3147 3147 3154 
1641521911.276529 3155 3165 3167 3178 3194 3194 3198 3200 3217 3226 3236 3238 3250 3255 3274 
1641521911.808729 ### RSSI: -76, 7, 1640050604 ,1747 
1641521912.280282 ### DEBUG: Ticks: 1755, 16, 1 
1641521912.280539 1640050604 c0:98:e5:42:00:2c 2868 
1641521912.280663 3100 3111 3130 3136 3156 3168 3170 3188 3188 3190 3195 3202 3203 3212 3215 
1641521912.280790 3226 3252 3262 3265 3269 3274 3277 3278 3284 3314 3318 3319 3335 3418 0 
1641521912.816945 ### RSSI: -80, 13, 1640050604 ,1763 
1641521913.278869 ### DEBUG: Ticks: 1770, 15, 1 
1641521913.279163 1640050605 c0:98:e5:42:00:2c 2768 
1641521913.279348 3020 3051 3077 3095 3099 3112 3122 3123 3125 3140 3145 3146 3160 3169 3181 
1641521913.279537 3185 3187 3194 3195 3201 3205 3218 3219 3224 3228 3229 3247 3255 3272 3273 
1641521913.811078 ### RSSI: -69, 30, 1640050605 ,1779 
1641521914.271081 ### DEBUG: Ticks: 1786, 16, 1 
1641521914.271263 1640050606 c0:98:e5:42:00:2c 2785 
1641521914.283385 3086 3109 3123 3124 3136 3140 3140 3144 3149 3157 3157 3159 3172 3176 3178 
1641521914.283530 3183 3188 3196 3212 3221 3223 3231 3232 3244 3252 3257 3273 3275 3277 3282 
1641521914.818077 ### RSSI: -68, 10, 1640050606 ,1794 
1641521915.277918 ### DEBUG: Ticks: 1801, 15, 1 
1641521915.278210 1640050607 c0:98:e5:42:00:2c 2803 
1641521915.278394 3043 3107 3116 3120 3121 3134 3138 3140 3147 3157 3159 3160 3161 3163 3170 
1641521915.278583 3191 3201 3215 3220 3221 3226 3229 3236 3247 3254 3267 3277 3279 3289 3300 
1641521915.807058 ### RSSI: -83, 6, 1640050607 ,1810 
1641521916.274519 ### DEBUG: Ticks: 1817, 16, 1 
1641521916.274811 1640050608 c0:98:e5:42:00:2c 2823 
1641521916.274995 3118 3132 3164 3171 3183 3199 3202 3204 3207 3220 3221 3235 3246 3262 3266 
1641521916.275185 3268 3271 3281 3295 3296 3296 3306 3307 3318 3330 3334 3334 3338 3375 3390 
1641521916.814532 ### RSSI: -77, 36, 1640050608 ,1825 
1641521917.280838 ### DEBUG: Ticks: 1833, 16, 1 
1641521917.281137 1640050609 c0:98:e5:42:00:2c 2771 
1641521917.281323 3056 3062 3062 3072 3082 3091 3098 3103 3109 3111 3112 3119 3123 3130 3133 
1641521917.281516 3133 3133 3138 3149 3165 3185 3189 3193 3200 3213 3214 3231 3237 3240 3246 
1641521917.813716 ### RSSI: -79, 24, 1640050609 ,1841 
1641521918.276747 ### DEBUG: Ticks: 1848, 15, 1 
1641521918.276979 1640050610 c0:98:e5:42:00:2c 2809 
1641521918.277117 3111 3123 3145 3160 3171 3173 3178 3183 3183 3194 3196 3196 3198 3202 3205 
1641521918.277260 3212 3214 3223 3227 3257 3260 3269 3270 3272 3272 3286 3296 3316 3317 3341 
1641521918.815508 ### RSSI: -74, 27, 1640050610 ,1857 
1641521919.271923 ### DEBUG: Ticks: 1864, 16, 1 
1641521919.272214 1640050611 c0:98:e5:42:00:2c 2886 
1641521919.272397 3086 3126 3134 3138 3144 3160 3172 3179 3200 3201 3214 3216 3226 3236 3238 
1641521919.273355 3258 3265 3270 3275 3278 3278 3283 3293 3299 3307 3313 3314 3325 3345 3353 
1641521919.808010 ### RSSI: -76, 1, 1640050611 ,1872 
1641521920.276009 ### DEBUG: Ticks: 1880, 16, 1 
1641521920.276187 1640050612 c0:98:e5:42:00:2c 2781 
1641521920.276279 3042 3064 3099 3114 3116 3130 3133 3147 3151 3153 3160 3161 3177 3179 3181 
1641521920.276369 3187 3190 3200 3205 3208 3209 3227 3233 3238 3242 3251 3254 3258 3260 3271 
1641521920.817274 ### RSSI: -71, 31, 1640050612 ,1888 
1641521921.273963 ### DEBUG: Ticks: 1895, 15, 1 
1641521921.274247 1640050613 c0:98:e5:42:00:2c 2830 
1641521921.274447 3057 3077 3086 3094 3114 3114 3123 3127 3133 3136 3139 3148 3170 3173 3173 
1641521921.274652 3174 3184 3200 3203 3205 3211 3220 3229 3230 3236 3238 3255 3258 3263 3281 
1641521921.810512 ### RSSI: -69, 30, 1640050613 ,1904 
1641521922.277679 ### DEBUG: Ticks: 1911, 16, 1 
1641521922.277964 1640050614 c0:98:e5:42:00:2c 2765 
1641521922.278188 3038 3087 3089 3099 3105 3108 3111 3114 3119 3122 3126 3138 3139 3141 3142 
1641521922.278369 3148 3164 3170 3184 3184 3186 3201 3203 3204 3216 3227 3233 3238 3244 3263 
1641521922.807962 ### RSSI: -74, 22, 1640050614 ,1919 
1641521923.273375 ### DEBUG: Ticks: 1926, 15, 1 
1641521923.273552 1640050615 c0:98:e5:42:00:2c 2889 
1641521923.273626 3061 3062 3090 3098 3114 3127 3147 3148 3157 3163 3171 3185 3188 3188 3193 
1641521923.273703 3221 3223 3226 3238 3239 3246 3256 3257 3263 3266 3266 3269 3271 3277 3291 
1641521923.807510 ### RSSI: -66, 19, 1640050616 ,1935 
1641521924.277920 ### DEBUG: Ticks: 1942, 16, 1 
1641521924.278108 1640050616 c0:98:e5:42:00:2c 2792 
1641521924.278201 3089 3121 3162 3164 3166 3178 3191 3197 3199 3201 3202 3210 3215 3223 3233 
1641521924.278290 3234 3246 3256 3260 3272 3272 3273 3276 3283 3291 3303 3304 3306 3309 3309 
1641521924.811992 ### RSSI: -71, 11, 1640050617 ,1950 
1641521925.275400 ### DEBUG: Ticks: 1958, 16, 1 
1641521925.275650 1640050617 c0:98:e5:42:00:2c 2772 
1641521925.275765 3074 3084 3089 3103 3117 3123 3129 3130 3154 3174 3174 3180 3183 3188 3191 
1641521925.275856 3192 3200 3213 3226 3237 3255 3258 3270 3271 3281 3282 3286 3290 3300 3308 
1641521925.815850 ### RSSI: -81, 4, 1640050618 ,1966 
1641521926.283507 ### DEBUG: Ticks: 1973, 15, 1 
1641521926.283912 1640050618 c0:98:e5:42:00:2c 2755 
1641521926.284098 2990 3013 3014 3017 3041 3052 3056 3066 3079 3083 3084 3094 3094 3102 3104 
1641521926.284407 3109 3111 3125 3127 3128 3144 3149 3163 3174 3187 3199 3206 3207 3231 0 
1641521926.816298 ### RSSI: -68, 10, 1640050619 ,1982 
1641521927.277706 ### DEBUG: Ticks: 1989, 16, 1 
1641521927.277880 1640050619 c0:98:e5:42:00:2c 2862 
1641521927.277973 3117 3156 3167 3178 3178 3189 3190 3215 3218 3221 3228 3235 3236 3238 3240 
1641521927.278068 3242 3247 3259 3278 3283 3295 3304 3307 3309 3312 3314 3314 3320 3345 3362 
1641521927.544301 ### BLE EVENT: 16, INFO: BLE CONNECTED!
1641521927.544461 ### RSSI: -76, 12, 1640050619 ,1993 
1641521927.648085 ### RSSI: -78, 3, 1640050620 ,1995 
1641521927.748464 ### RSSI: -72, 8, 1640050620 ,1996 
1641521927.807494 ### RSSI: -82, 26, 1640050620 ,1997 
1641521927.851348 ### RSSI: -82, 26, 1640050620 ,1998 
1641521927.906918 ### RSSI: -79, 24, 1640050620 ,1999 
1641521927.954159 ### RSSI: -71, 11, 1640050620 ,1999 
1641521928.011422 ### RSSI: -74, 23, 1640050620 ,2000 
1641521928.047803 ### RSSI: -76, 33, 1640050620 ,2001 
1641521928.115063 ### RSSI: -83, 26, 1640050620 ,2002 
1641521928.148828 ### RSSI: -71, 30, 1640050620 ,2003 
1641521928.253333 ### RSSI: -68, 19, 1640050620 ,2004 
1641521928.274546 ### DEBUG: Ticks: 2005, 16, 1 
1641521928.274669 1640050620 c0:98:e5:42:00:2c 2859 
1641521928.274732 3073 3095 3117 3136 3137 3160 3161 3164 3174 3174 3184 3187 3189 3191 3194 
1641521928.274789 3213 3225 3226 3226 3227 3234 3249 3251 3258 3259 3264 3280 3305 3310 3328 
1641521928.309315 ### RSSI: -74, 12, 1640050620 ,2005 
1641521928.344081 ### RSSI: -71, 31, 1640050620 ,2006 
1641521928.353740 ### RSSI: -70, 31, 1640050620 ,2006 
1641521928.447495 ### RSSI: -71, 21, 1640050620 ,2007 
1641521928.447720 ### RSSI: -73, 21, 1640050620 ,2007 
1641521928.549326 ### RSSI: -69, 10, 1640050620 ,2009 
1641521928.549492 ### RSSI: -69, 10, 1640050620 ,2009 
1641521928.653298 ### RSSI: -76, 33, 1640050621 ,2010 
1641521928.653460 ### RSSI: -75, 33, 1640050621 ,2010 
1641521928.745496 ### RSSI: -81, 4, 1640050621 ,2012 
1641521928.745635 ### RSSI: -80, 4, 1640050621 ,2012 
1641521928.848562 ### RSSI: -74, 32, 1640050621 ,2013 
1641521928.848758 ### RSSI: -73, 32, 1640050621 ,2013 
1641521928.952556 ### RSSI: -75, 23, 1640050621 ,2015 
1641521928.952715 ### RSSI: -75, 23, 1640050621 ,2015 
1641521929.054028 ### RSSI: -85, 25, 1640050621 ,2017 
1641521929.054181 ### RSSI: -85, 25, 1640050621 ,2017 
1641521929.250457 ### RSSI: -75, 33, 1640050621 ,2020 
1641521929.275733 ### DEBUG: Ticks: 2020, 15, 1 
1641521929.275934 1640050621 c0:98:e5:42:00:2c 2800 
1641521929.276026 3036 3049 3099 3102 3103 3112 3118 3118 3121 3123 3128 3144 3154 3163 3165 
1641521929.276109 3166 3166 3174 3195 3197 3210 3213 3221 3226 3235 3244 3251 3254 3262 3274 
1641521929.308433 ### RSSI: -77, 36, 1640050621 ,2021 
1641521929.344058 ### RSSI: -79, 35, 1640050621 ,2021 
1641521929.412690 ### RSSI: -82, 26, 1640050621 ,2022 
1641521930.273877 ### DEBUG: Ticks: 2036, 16, 1 
1641521930.274114 1640050622 c0:98:e5:42:00:2c 2863 
1641521930.274215 3049 3086 3090 3136 3141 3142 3154 3156 3166 3172 3174 3175 3190 3194 3202 
1641521930.274318 3209 3219 3229 3231 3231 3250 3255 3258 3260 3272 3273 3276 3279 3290 3308 
1641521930.351345 ### RSSI: -72, 17, 1640050622 ,2037 
1641521930.407995 ### RSSI: -79, 34, 1640050622 ,2038 
1641521931.277849 ### DEBUG: Ticks: 2051, 15, 1 
1641521931.278059 1640050623 c0:98:e5:42:00:2c 2837 
1641521931.278152 3045 3090 3106 3114 3116 3122 3138 3141 3141 3152 3152 3154 3173 3176 3179 
1641521931.278248 3181 3186 3188 3195 3200 3208 3227 3228 3234 3246 3248 3250 3251 3277 3282 
1641521931.345444 ### RSSI: -82, 15, 1640050623 ,2053 
1641521931.411412 ### RSSI: -72, 8, 1640050623 ,2053 
1641521932.272167 ### DEBUG: Ticks: 2067, 16, 1 
1641521932.272341 1640050624 c0:98:e5:42:00:2c 2851 
1641521932.272434 3039 3046 3062 3106 3111 3113 3114 3121 3128 3132 3138 3139 3146 3153 3159 
1641521932.272528 3164 3168 3173 3175 3192 3200 3201 3206 3210 3214 3219 3240 3248 3253 3290 
1641521932.352704 ### RSSI: -72, 17, 1640050624 ,2068 
1641521932.410807 ### RSSI: -73, 0, 1640050624 ,2069 
1641521933.276987 ### DEBUG: Ticks: 2083, 16, 1 
1641521933.277197 1640050625 c0:98:e5:42:00:2c 2841 
1641521933.277320 3099 3114 3125 3145 3148 3149 3158 3178 3180 3189 3192 3193 3195 3199 3205 
1641521933.277448 3210 3216 3219 3220 3222 3229 3234 3239 3242 3259 3278 3284 3326 3336 3342 
1641521933.346960 ### RSSI: -73, 32, 1640050625 ,2084 
1641521933.416301 ### RSSI: -71, 11, 1640050626 ,2085 
1641521934.274248 ### DEBUG: Ticks: 2098, 15, 1 
1641521934.274564 1640050626 c0:98:e5:42:00:2c 2793 
1641521934.274750 3039 3051 3089 3090 3093 3097 3106 3107 3121 3122 3126 3131 3139 3159 3179 
1641521934.274941 3181 3185 3189 3190 3191 3209 3213 3225 3225 3227 3256 3257 3266 3289 3296 
1641521934.355414 ### RSSI: -75, 23, 1640050626 ,2099 
1641521934.408984 ### RSSI: -71, 11, 1640050627 ,2100 
1641521935.270826 ### DEBUG: Ticks: 2114, 16, 1 
1641521935.271117 1640050627 c0:98:e5:42:00:2c 2812 
1641521935.283292 3041 3065 3083 3102 3113 3127 3131 3131 3133 3142 3145 3145 3156 3172 3185 
1641521935.283659 3188 3189 3192 3192 3202 3220 3228 3243 3245 3245 3246 3254 3258 3268 3301 
1641521935.350699 ### RSSI: -73, 22, 1640050628 ,2115 
1641521935.407717 ### RSSI: -74, 0, 1640050628 ,2116 
1641521936.487905 
1641521936.488077 ----------------------------------------------
1641521936.488169 ### WARNING: Chip experienced a reset with reason 2
1641521936.742664 ### INFO: Bluetooth address: c0:98:e5:42:00:29
1641521936.742919 ### DEBUG: Time is 00:00:00, 2000/00/00
1641521936.743011 ### INFO: Time is 00:00:00, 2000/00/00
1641521936.847486 ### INFO: Initializing SD Card...
1641521937.067546 ### INFO: Connecting to the SquarePoint module...
1641521937.067816 ### INFO: SquarePoint module connection successful
1641521937.067901 ### INFO: Battery voltage currently 3992 mV
1641521937.135360 ### INFO: SD card flushed!
1641521937.158670 ### INFO: SD card flushed!
1641521937.171293 ### DEBUG: BLE START SCANNING called
1641521937.274634 ### DEBUG: Ticks: 12, 12, 0 
1641521937.274819 1640050629 c0:98:e5:42:00:2c 2773 
1641521937.274904 3009 3050 3056 3056 3071 3091 3101 3109 3114 3119 3126 3134 3140 3142 3153 
1641521937.274977 3158 3167 3172 3173 3175 3179 3183 3185 3190 3214 3226 3240 3240 3282 3321 
1641521937.275055 ### INFO: Switched Scheduler EUI from 00:00:00:00:00:00 to c0:98:e5:42:00:2c
1641521937.275115 ### DEBUG: BLE STOP SCANNING called
1641521938.060272 ### DEBUG: BLE START SCANNING called
1641521938.271455 ### DEBUG: Ticks: 27, 15, 0 
1641521938.271881 1640050630 c0:98:e5:42:00:2c 2824 
1641521938.282522 3074 3129 3133 3135 3157 3172 3181 3188 3191 3194 3198 3199 3205 3209 3211 
1641521938.282808 3212 3216 3218 3227 3235 3237 3255 3255 3258 3263 3266 3271 3281 3313 3316 
1641521939.157645 ### DEBUG: BLE START SCANNING called
1641521939.157796 ### DEBUG: BLE START SCANNING called
1641521939.157875 ### DEBUG: BLE START SCANNING called
1641521939.169275 ### DEBUG: BLE START SCANNING called
1641521939.192306 ### DEBUG: BLE START SCANNING called
1641521939.192596 ### DEBUG: BLE START SCANNING called
1641521939.202733 ### DEBUG: BLE START SCANNING called
1641521939.272478 ### DEBUG: Ticks: 43, 16, 0 
1641521939.272683 1640050631 c0:98:e5:42:00:2c 2821 
1641521939.272776 2993 3037 3049 3056 3075 3075 3084 3089 3095 3097 3109 3114 3116 3119 3121 
1641521939.272873 3125 3130 3154 3155 3165 3168 3178 3180 3189 3189 3190 3191 3195 3224 3242 
1641521939.384751 ### INFO: Device is now STATIONARY
1641521940.243291 ### DEBUG: BLE START SCANNING called
1641521940.243423 ### DEBUG: BLE START SCANNING called
1641521940.243489 ### DEBUG: BLE START SCANNING called
1641521940.255112 ### DEBUG: BLE START SCANNING called
1641521940.279865 ### DEBUG: Ticks: 59, 16, 0 
1641521940.279996 1640050632 c0:98:e5:42:00:2c 2807 
1641521940.280066 3020 3059 3062 3067 3089 3093 3104 3105 3106 3114 3121 3126 3134 3134 3145 
1641521940.280130 3156 3160 3167 3170 3193 3198 3199 3199 3210 3223 3234 3247 3260 3268 3288 
1641521940.280198 ### DEBUG: BLE START SCANNING called
1641521940.302212 ### DEBUG: BLE START SCANNING called
1641521941.273257 ### DEBUG: Ticks: 74, 15, 0 
1641521941.273483 1640050633 c0:98:e5:42:00:2c 2845 
1641521941.273594 3068 3073 3098 3100 3102 3108 3109 3111 3131 3132 3134 3142 3146 3154 3179 
1641521941.273709 3182 3184 3193 3198 3212 3213 3221 3225 3239 3246 3250 3265 3267 3272 3373 
1641521941.329925 ### DEBUG: BLE START SCANNING called
1641521941.354580 ### addr: c0:98:e5:42:00:2c 
1641521941.354878 ### on_adv_report outer RSSI: -74, time:1640050634 
1641521941.355062 ### INFO: Discovered new device: c0:98:e5:42:00:2c
1641521941.355253 ### DEBUG: connected? already connected
1641521941.355434 ### DEBUG: BLE START SCANNING called
1641521942.068392 ### DEBUG: BLE START SCANNING called
1641521942.274280 ### DEBUG: Ticks: 90, 16, 1 
1641521942.274403 1640050634 c0:98:e5:42:00:2c 2832 
1641521942.274466 3112 3122 3123 3124 3124 3126 3130 3137 3137 3144 3145 3155 3158 3162 3167 
1641521942.274651 3181 3185 3185 3187 3187 3202 3210 3229 3239 3239 3246 3254 3255 3256 3376 
1641521942.274828 ### DEBUG: BLE START SCANNING called
1641521942.469400 ### BLE EVENT: 16, INFO: BLE CONNECTED!
1641521942.469542 ### DEBUG: BLE START SCANNING called
1641521942.562923 ### RSSI: -72, 21, 1640050634 ,94 
1641521942.574448 ### DEBUG: BLE START SCANNING called
1641521942.670470 ### RSSI: -73, 17, 1640050634 ,96 
1641521942.670630 ### DEBUG: BLE START SCANNING called
1641521942.767661 ### RSSI: -72, 21, 1640050634 ,98 
1641521942.767798 ### DEBUG: BLE START SCANNING called
1641521942.871335 ### RSSI: -74, 27, 1640050634 ,99 
1641521942.871541 ### DEBUG: BLE START SCANNING called
1641521942.966508 ### RSSI: -69, 9, 1640050634 ,101 
1641521942.966641 ### DEBUG: BLE START SCANNING called
1641521943.063752 ### RSSI: -74, 21, 1640050634 ,102 
1641521943.168106 ### RSSI: -83, 25, 1640050634 ,104 
1641521943.264958 ### RSSI: -88, 5, 1640050635 ,105 
1641521943.277429 ### DEBUG: Ticks: 106, 16, 1 
1641521943.277594 1640050635 c0:98:e5:42:00:2c 2763 
1641521943.277957 3012 3016 3022 3048 3071 3072 3084 3089 3100 3100 3105 3107 3109 3116 3121 
1641521943.278049 3123 3125 3162 3163 3175 3178 3181 3181 3183 3191 3192 3195 3209 3211 3211 
1641521943.372083 ### RSSI: -76, 16, 1640050635 ,107 
1641521943.467695 ### RSSI: -86, 25, 1640050635 ,109 
1641521943.564610 ### RSSI: -71, 20, 1640050635 ,110 
1641521943.662190 ### RSSI: -82, 4, 1640050635 ,112 
1641521943.768234 ### RSSI: -79, 35, 1640050635 ,113 
1641521943.864652 ### RSSI: -71, 29, 1640050635 ,115 
1641521943.969571 ### RSSI: -79, 34, 1640050635 ,116 
1641521944.072525 ### RSSI: -71, 28, 1640050635 ,118 
1641521944.166993 ### RSSI: -70, 9, 1640050635 ,119 
1641521944.274513 ### DEBUG: Ticks: 121, 15, 1 
1641521944.274685 1640050636 c0:98:e5:42:00:2c 2818 
1641521944.274777 3047 3061 3073 3081 3085 3095 3129 3130 3132 3133 3133 3157 3161 3171 3172 
1641521944.274891 3183 3184 3191 3204 3208 3219 3226 3227 3247 3250 3253 3254 3275 3281 3300 
1641521945.174158 ### RSSI: -85, 34, 1640050637 ,135 
1641521945.272181 ### DEBUG: Ticks: 137, 16, 1 
1641521945.272474 1640050637 c0:98:e5:42:00:2c 2898 
1641521945.272658 3056 3077 3095 3111 3124 3137 3148 3149 3169 3171 3171 3188 3189 3199 3202 
1641521945.285089 3203 3227 3241 3241 3247 3248 3250 3265 3272 3280 3281 3287 3294 3306 3312 
1641521946.174786 ### RSSI: -76, 32, 1640050638 ,151 
1641521946.283138 ### DEBUG: Ticks: 152, 15, 1 
1641521946.283430 1640050638 c0:98:e5:42:00:2c 2797 
1641521946.283745 3004 3027 3037 3075 3093 3097 3101 3102 3104 3107 3112 3114 3115 3119 3125 
1641521946.283928 3126 3143 3151 3155 3178 3185 3186 3190 3191 3209 3210 3217 3244 3255 3305 
1641521947.169319 ### RSSI: -81, 24, 1640050639 ,166 
1641521947.273345 ### DEBUG: Ticks: 168, 16, 1 
1641521947.273512 1640050639 c0:98:e5:42:00:2c 2801 
1641521947.273611 3048 3057 3089 3118 3119 3128 3142 3142 3150 3152 3154 3164 3166 3174 3177 
1641521947.273699 3180 3190 3194 3208 3213 3217 3219 3226 3227 3238 3241 3247 3265 3272 3282 
1641521948.172122 ### RSSI: -72, 30, 1640050640 ,182 
1641521948.281152 ### DEBUG: Ticks: 184, 16, 1 
1641521948.281454 1640050640 c0:98:e5:42:00:2c 2754 
1641521948.281640 3004 3038 3077 3078 3079 3082 3087 3103 3116 3121 3126 3127 3131 3132 3134 
1641521948.281830 3139 3140 3155 3169 3175 3194 3203 3204 3207 3215 3217 3228 3237 3264 3277 
1641521949.167472 ### RSSI: -78, 23, 1640050641 ,198 
1641521949.279485 ### DEBUG: Ticks: 199, 15, 1 
1641521949.279889 1640050641 c0:98:e5:42:00:2c 2918 
1641521949.280074 3098 3126 3129 3131 3132 3137 3168 3174 3176 3178 3182 3185 3191 3192 3196 
1641521949.280276 3197 3205 3219 3228 3233 3235 3235 3253 3260 3270 3275 3277 3279 3281 3293 
1641521950.166213 ### RSSI: -78, 33, 1640050642 ,213 
1641521950.274139 ### DEBUG: Ticks: 215, 16, 1 
1641521950.274331 1640050642 c0:98:e5:42:00:2c 2822 
1641521950.274424 3078 3089 3118 3118 3131 3133 3149 3159 3160 3170 3171 3172 3185 3188 3188 
1641521950.274519 3192 3203 3218 3222 3223 3223 3231 3231 3237 3250 3254 3269 3279 3279 3288 
1641521951.165586 ### RSSI: -77, 33, 1640050643 ,229 
1641521951.278921 ### DEBUG: Ticks: 230, 15, 1 
1641521951.279093 1640050643 c0:98:e5:42:00:2c 2875 
1641521951.279185 3123 3136 3162 3171 3175 3180 3182 3189 3198 3218 3219 3228 3231 3241 3245 
1641521951.279306 3249 3253 3260 3281 3295 3297 3298 3300 3301 3317 3319 3351 3373 3385 3396 
1641521952.167014 ### RSSI: -78, 23, 1640050644 ,244 
1641521952.273422 ### DEBUG: Ticks: 246, 16, 1 
1641521952.273724 1640050644 c0:98:e5:42:00:2c 2756 
1641521952.273909 2988 3039 3056 3060 3065 3078 3097 3101 3107 3107 3123 3129 3134 3141 3143 
1641521952.285246 3155 3159 3170 3174 3176 3183 3184 3191 3197 3199 3200 3202 3206 3219 3238 
1641521953.165595 ### RSSI: -72, 29, 1640050645 ,260 
1641521953.272016 ### DEBUG: Ticks: 262, 16, 1 
1641521953.272307 1640050645 c0:98:e5:42:00:2c 2850 
1641521953.284083 3040 3094 3094 3095 3097 3116 3130 3136 3139 3143 3146 3150 3158 3168 3182 
1641521953.284251 3185 3186 3191 3192 3207 3215 3221 3225 3236 3246 3257 3263 3266 3273 3288 
1641521954.168061 ### RSSI: -77, 16, 1640050646 ,276 
1641521954.272519 ### DEBUG: Ticks: 277, 15, 1 
1641521954.272702 1640050646 c0:98:e5:42:00:2c 2796 
1641521954.284121 3101 3120 3141 3165 3186 3188 3190 3197 3200 3201 3202 3213 3218 3218 3220 
1641521954.284296 3250 3253 3266 3270 3281 3283 3286 3295 3298 3299 3307 3310 3336 3344 3347 
1641521955.276859 ### DEBUG: Ticks: 293, 16, 1 
1641521955.277075 1640050647 c0:98:e5:42:00:2c 2832 
1641521955.277132 2995 3029 3058 3060 3078 3106 3110 3115 3116 3118 3122 3125 3126 3130 3131 
1641521955.277676 3146 3150 3166 3169 3169 3173 3185 3189 3215 3215 3228 3236 3248 3255 3260 
1641521956.274275 ### DEBUG: Ticks: 309, 16, 1 
1641521956.274474 1640050648 c0:98:e5:42:00:2c 2855 
1641521956.274529 3086 3102 3107 3130 3156 3159 3168 3173 3175 3180 3189 3194 3208 3210 3212 
1641521956.274578 3222 3224 3224 3231 3248 3266 3269 3273 3278 3280 3280 3285 3320 3351 3398 
1641521957.279552 ### DEBUG: Ticks: 324, 15, 1 
1641521957.279912 1640050649 c0:98:e5:42:00:2c 2758 
1641521957.279992 2968 2977 3021 3037 3042 3042 3043 3044 3059 3068 3070 3074 3077 3080 3086 
1641521957.280083 3090 3092 3105 3121 3133 3133 3143 3159 3168 3171 3189 3200 3202 3210 3220 
1641521958.265573 ### BLE EVENT: 17, INFO: BLE DISCONNECTED!
1641521958.277917 ### DEBUG: Ticks: 340, 16, 0 
1641521958.278086 1640050650 c0:98:e5:42:00:2c 2762 
1641521958.278187 3027 3066 3075 3087 3088 3097 3103 3107 3107 3114 3123 3126 3130 3135 3139 
1641521958.278277 3143 3150 3157 3169 3171 3172 3179 3192 3224 3230 3231 3232 3237 3254 3384 
1641521959.277279 ### DEBUG: Ticks: 355, 15, 0 
1641521959.277441 1640050651 c0:98:e5:42:00:2c 2854 
1641521959.277497 3050 3077 3080 3081 3096 3099 3102 3108 3129 3130 3134 3139 3140 3142 3151 
1641521959.277550 3158 3162 3168 3196 3199 3207 3216 3220 3224 3227 3234 3256 3266 3291 3299 
1641521960.281859 ### DEBUG: Ticks: 371, 16, 0 
1641521960.282028 1640050652 c0:98:e5:42:00:2c 2813 
1641521960.282120 3005 3049 3052 3062 3083 3086 3089 3092 3098 3100 3104 3107 3110 3118 3119 
1641521960.282213 3132 3133 3141 3149 3151 3155 3182 3183 3189 3190 3194 3219 3221 3225 3228 
1641521961.273000 ### DEBUG: Ticks: 387, 16, 0 
1641521961.273177 1640050653 c0:98:e5:42:00:2c 2828 
1641521961.286527 3059 3108 3117 3147 3149 3154 3158 3159 3163 3169 3185 3186 3194 3198 3207 
1641521961.286728 3208 3214 3215 3216 3220 3228 3235 3256 3259 3260 3270 3273 3289 3310 0 
1641521961.530644 ### BLE EVENT: 16, INFO: BLE CONNECTED!
1641521961.530780 ### RSSI: -69, 9, 1640050654 ,391 
1641521961.627560 ### RSSI: -79, 3, 1640050654 ,392 
1641521961.734448 ### RSSI: -70, 20, 1640050654 ,394 
1641521961.830834 ### RSSI: -70, 28, 1640050654 ,395 
1641521961.938001 ### RSSI: -79, 3, 1640050654 ,397 
1641521962.032160 ### RSSI: -79, 2, 1640050654 ,398 
1641521962.136930 ### RSSI: -69, 30, 1640050654 ,400 
1641521962.233771 ### RSSI: -75, 16, 1640050654 ,402 
1641521962.280000 ### DEBUG: Ticks: 402, 15, 0 
1641521962.280239 1640050654 c0:98:e5:42:00:2c 2811 
1641521962.280378 3036 3038 3044 3054 3067 3074 3117 3120 3122 3127 3131 3136 3147 3156 3164 
1641521962.280574 3169 3170 3173 3175 3179 3188 3200 3202 3206 3207 3234 3236 3244 3269 3301 
1641521962.330259 ### RSSI: -89, 14, 1640050654 ,403 
1641521962.427529 ### RSSI: -74, 23, 1640050655 ,405 
1641521962.535555 ### RSSI: -76, 7, 1640050655 ,406 
1641521962.629944 ### RSSI: -68, 19, 1640050655 ,408 
1641521962.729079 ### RSSI: -82, 26, 1640050655 ,409 
1641521962.836186 ### RSSI: -74, 12, 1640050655 ,411 
1641521962.929619 ### RSSI: -69, 30, 1640050655 ,413 
1641521963.028270 ### RSSI: -90, 14, 1640050655 ,414 
1641521963.132775 ### RSSI: -71, 28, 1640050655 ,416 
1641521963.229662 ### RSSI: -84, 5, 1640050655 ,417 
1641521963.277611 ### DEBUG: Ticks: 418, 16, 0 
1641521963.277865 1640050655 c0:98:e5:42:00:2c 2874 
1641521963.278103 3106 3131 3134 3135 3152 3182 3187 3196 3199 3206 3211 3213 3216 3230 3230 
1641521963.278206 3244 3246 3249 3257 3257 3258 3269 3280 3312 3322 3331 3339 3357 3360 3371 
1641521964.272463 ### DEBUG: Ticks: 434, 16, 0 
1641521964.272580 1640050656 c0:98:e5:42:00:2c 2933 
1641521964.272635 3117 3140 3151 3163 3204 3219 3233 3234 3237 3242 3252 3257 3265 3265 3270 
1641521964.286439 3278 3290 3299 3301 3311 3320 3331 3342 3348 3350 3360 3370 3375 3379 3384 
1641521964.335724 ### RSSI: -81, 4, 1640050656 ,434 
1641521965.274888 ### DEBUG: Ticks: 449, 15, 0 
1641521965.275060 1640050657 c0:98:e5:42:00:2c 2805 
1641521965.275161 3048 3053 3076 3089 3090 3107 3109 3118 3119 3122 3122 3122 3128 3130 3137 
1641521965.275284 3153 3155 3157 3160 3162 3174 3178 3196 3197 3200 3203 3222 3236 3236 3241 
1641521965.331728 ### RSSI: -72, 17, 1640050658 ,450 
1641521966.279390 ### DEBUG: Ticks: 465, 16, 0 
1641521966.279693 1640050658 c0:98:e5:42:00:2c 2810 
1641521966.279763 3097 3118 3127 3143 3152 3154 3170 3172 3178 3179 3195 3199 3204 3213 3217 
1641521966.279829 3218 3222 3238 3240 3253 3265 3267 3272 3276 3282 3289 3301 3303 3324 3335 
1641521966.337485 ### RSSI: -83, 26, 1640050658 ,466 
1641521967.279766 ### DEBUG: Ticks: 480, 15, 0 
1641521967.279975 1640050659 c0:98:e5:42:00:2c 2819 
1641521967.280161 3106 3110 3114 3138 3142 3154 3160 3161 3174 3177 3185 3189 3193 3196 3200 
1641521967.280310 3201 3204 3207 3233 3237 3249 3250 3254 3258 3271 3273 3281 3293 3306 3324 
1641521967.327115 ### RSSI: -79, 24, 1640050659 ,481 
1641521968.280716 ### DEBUG: Ticks: 496, 16, 0 
1641521968.280888 1640050660 c0:98:e5:42:00:2c 2787 
1641521968.280980 3018 3052 3057 3059 3076 3082 3089 3090 3095 3096 3104 3106 3113 3115 3117 
1641521968.281075 3119 3126 3141 3144 3152 3161 3165 3168 3183 3185 3218 3228 3230 3232 3236 
1641521968.326151 ### RSSI: -67, 18, 1640050660 ,497 
1641521969.280111 ### DEBUG: Ticks: 512, 16, 0 
1641521969.280404 1640050661 c0:98:e5:42:00:2c 2862 
1641521969.280920 3060 3094 3097 3117 3142 3147 3155 3155 3158 3167 3172 3176 3196 3197 3203 
1641521969.281120 3205 3207 3211 3231 3256 3257 3264 3269 3281 3282 3288 3292 3294 3321 3391 
1641521969.325893 ### RSSI: -68, 19, 1640050661 ,512 
1641521970.281610 ### DEBUG: Ticks: 527, 15, 0 
1641521970.281740 1640050662 c0:98:e5:42:00:2c 2806 
1641521970.281806 3047 3053 3072 3075 3075 3087 3092 3093 3120 3121 3132 3135 3137 3138 3150 
1641521970.281873 3154 3162 3166 3172 3182 3184 3194 3207 3210 3229 3243 3248 3252 3260 3265 
1641521970.325278 ### RSSI: -78, 35, 1640050662 ,528 
1641521970.636689 ### INFO: SD card flushed!
1641521971.279968 ### DEBUG: Ticks: 543, 16, 0 
1641521971.280258 1640050663 c0:98:e5:42:00:2c 2769 
1641521971.280442 3029 3044 3051 3061 3076 3086 3087 3088 3103 3106 3118 3122 3124 3138 3148 
1641521971.280633 3153 3158 3161 3161 3174 3175 3186 3197 3197 3198 3202 3208 3209 3215 3227 
1641521971.325719 ### RSSI: -77, 36, 1640050663 ,544 
1641521972.280854 ### DEBUG: Ticks: 558, 15, 0 
1641521972.281005 1640050664 c0:98:e5:42:00:2c 2790 
1641521972.281085 3022 3060 3095 3102 3103 3104 3108 3119 3121 3139 3141 3146 3147 3151 3160 
1641521972.281168 3165 3173 3176 3187 3196 3198 3199 3203 3207 3214 3216 3230 3245 3248 3261 
1641521972.324881 ### RSSI: -71, 8, 1640050664 ,559 
1641521973.279806 ### DEBUG: Ticks: 574, 16, 0 
1641521973.280086 1640050665 c0:98:e5:42:00:2c 2840 
1641521973.280272 3039 3071 3082 3082 3118 3119 3141 3145 3159 3176 3178 3179 3183 3184 3192 
1641521973.280472 3196 3196 3198 3200 3203 3205 3210 3215 3224 3226 3227 3230 3239 3287 3293 
1641521973.324928 ### RSSI: -81, 4, 1640050665 ,575 
1641521974.270042 ### DEBUG: Ticks: 590, 16, 0 
1641521974.283164 1640050666 c0:98:e5:42:00:2c 2836 
1641521974.283321 3063 3103 3113 3135 3148 3149 3153 3166 3169 3171 3172 3175 3177 3194 3196 
1641521974.283390 3199 3211 3221 3223 3225 3253 3257 3258 3261 3279 3292 3306 3313 3336 3340 
1641521974.328588 ### RSSI: -74, 12, 1640050666 ,591 
1641521975.281704 ### DEBUG: Ticks: 605, 15, 0 
1641521975.281906 1640050667 c0:98:e5:42:00:2c 2770 
1641521975.281997 3041 3049 3081 3097 3101 3103 3125 3128 3132 3135 3138 3143 3149 3153 3159 
1641521975.282079 3167 3172 3177 3179 3186 3186 3201 3204 3212 3227 3232 3246 3255 3274 3308 
1641521975.329335 ### RSSI: -70, 30, 1640050667 ,606 
1641521976.278950 ### DEBUG: Ticks: 621, 16, 0 
1641521976.279079 1640050668 c0:98:e5:42:00:2c 2806 
1641521976.279276 3025 3032 3064 3087 3091 3093 3096 3106 3108 3111 3118 3122 3122 3126 3134 
1641521976.279427 3137 3139 3145 3149 3152 3159 3184 3185 3188 3190 3192 3195 3199 3199 3202 
1641521976.426667 ### RSSI: -74, 27, 1640050668 ,623 
1641521977.272867 ### DEBUG: Ticks: 637, 16, 0 
1641521977.273028 1640050669 c0:98:e5:42:00:2c 2804 
1641521977.273127 3069 3083 3094 3098 3110 3116 3121 3127 3133 3137 3144 3152 3157 3157 3163 
1641521977.286193 3169 3179 3195 3203 3204 3211 3217 3218 3225 3226 3232 3240 3259 3280 3286 
1641521977.428946 ### RSSI: -69, 18, 1640050669 ,639 
1641521978.272242 ### DEBUG: Ticks: 652, 15, 0 
1641521978.272527 1640050670 c0:98:e5:42:00:2c 2835 
1641521978.286120 3032 3052 3061 3086 3093 3110 3122 3124 3128 3135 3137 3139 3160 3166 3175 
1641521978.286411 3178 3178 3182 3184 3201 3212 3228 3232 3250 3265 3266 3272 3291 3313 3335 
1641521978.424559 ### RSSI: -68, 19, 1640050670 ,655 
1641521979.279108 ### DEBUG: Ticks: 668, 16, 0 
1641521979.279391 1640050671 c0:98:e5:42:00:2c 2791 
1641521979.279443 3043 3051 3061 3078 3083 3086 3090 3117 3123 3124 3138 3139 3164 3176 3177 
1641521979.279498 3182 3182 3195 3199 3207 3212 3218 3223 3246 3255 3264 3270 3274 3336 3369 
1641521979.431489 ### RSSI: -79, 35, 1640050671 ,670 
1641521980.279310 ### DEBUG: Ticks: 683, 15, 0 
1641521980.279473 1640050672 c0:98:e5:42:00:2c 2860 
1641521980.279574 3069 3086 3122 3123 3133 3135 3146 3155 3185 3188 3203 3215 3220 3235 3240 
1641521980.279893 3241 3249 3254 3257 3260 3266 3273 3276 3282 3302 3305 3312 3329 3353 3369 
1641521980.428784 ### RSSI: -79, 35, 1640050672 ,686 
1641521981.274857 ### DEBUG: Ticks: 699, 16, 0 
1641521981.275160 1640050673 c0:98:e5:42:00:2c 2863 
1641521981.275342 3079 3089 3093 3098 3118 3149 3153 3159 3160 3198 3201 3202 3206 3208 3209 
1641521981.275533 3212 3224 3227 3231 3238 3243 3249 3266 3267 3281 3282 3306 3336 3339 3346 
1641521981.424152 ### RSSI: -72, 17, 1640050673 ,701 
1641521982.275426 ### DEBUG: Ticks: 715, 16, 0 
1641521982.275676 1640050674 c0:98:e5:42:00:2c 2798 
1641521982.275810 3030 3031 3065 3067 3080 3082 3083 3098 3103 3116 3126 3127 3128 3129 3150 
1641521982.275999 3153 3161 3162 3176 3179 3185 3191 3194 3201 3228 3232 3233 3241 3249 3254 
1641521982.424226 ### RSSI: -76, 16, 1640050674 ,717 
1641521983.281632 ### DEBUG: Ticks: 730, 15, 0 
1641521983.281926 1640050675 c0:98:e5:42:00:2c 2818 
1641521983.282113 3060 3070 3082 3111 3121 3138 3144 3163 3168 3182 3200 3201 3216 3217 3218 
1641521983.282303 3219 3219 3235 3236 3241 3266 3266 3268 3272 3292 3294 3297 3299 3319 0 
1641521983.429086 ### RSSI: -71, 28, 1640050675 ,733 
1641521984.278295 ### DEBUG: Ticks: 746, 16, 0 
1641521984.278501 1640050676 c0:98:e5:42:00:2c 2839 
1641521984.278601 3020 3056 3057 3063 3085 3088 3118 3118 3143 3145 3148 3152 3155 3164 3164 
1641521984.278690 3168 3174 3174 3183 3184 3197 3206 3206 3217 3230 3231 3256 3259 3262 3274 
1641521984.424632 ### RSSI: -72, 11, 1640050676 ,748 
1641521985.275951 ### DEBUG: Ticks: 762, 16, 0 
1641521985.276177 1640050677 c0:98:e5:42:00:2c 2801 
1641521985.276258 3064 3095 3108 3132 3139 3148 3155 3164 3173 3175 3197 3205 3211 3211 3212 
1641521985.276340 3214 3232 3238 3238 3239 3239 3259 3262 3268 3270 3273 3290 3308 3313 3350 
1641521985.531198 ### RSSI: -69, 18, 1640050678 ,765 
1641521986.274689 ### DEBUG: Ticks: 777, 15, 0 
1641521986.274979 1640050678 c0:98:e5:42:00:2c 2783 
1641521986.275163 3027 3038 3039 3063 3075 3085 3093 3093 3101 3101 3105 3131 3140 3141 3144 
1641521986.275343 3151 3152 3163 3180 3187 3187 3196 3199 3217 3223 3228 3236 3249 3252 3269 
1641521986.524175 ### RSSI: -74, 12, 1640050679 ,781 
1641521987.279271 ### DEBUG: Ticks: 793, 16, 0 
1641521987.279559 1640050679 c0:98:e5:42:00:2c 2833 
1641521987.279815 3095 3116 3124 3129 3138 3144 3161 3168 3171 3174 3175 3186 3187 3194 3196 
1641521987.279906 3197 3206 3217 3221 3228 3234 3234 3238 3239 3248 3270 3270 3271 3275 3315 
1641521987.526559 ### RSSI: -70, 29, 1640050680 ,797 
1641521988.280532 ### DEBUG: Ticks: 808, 15, 0 
1641521988.280818 1640050680 c0:98:e5:42:00:2c 2783 
1641521988.281003 3087 3090 3097 3112 3122 3122 3128 3128 3130 3138 3139 3149 3154 3161 3175 
1641521988.281205 3176 3187 3204 3209 3215 3222 3225 3228 3240 3242 3245 3259 3279 3280 3286 
1641521988.529270 ### RSSI: -74, 0, 1640050681 ,812 
1641521989.272277 ### DEBUG: Ticks: 824, 16, 0 
1641521989.272448 1640050681 c0:98:e5:42:00:2c 2792 
1641521989.285144 3042 3049 3086 3089 3091 3095 3099 3099 3138 3140 3148 3150 3151 3157 3160 
1641521989.285433 3160 3165 3185 3187 3199 3201 3222 3223 3225 3228 3230 3238 3252 3273 3276 
1641521989.632159 ### RSSI: -79, 34, 1640050682 ,830 
1641521990.281075 ### DEBUG: Ticks: 840, 16, 0 
1641521990.281361 1640050682 c0:98:e5:42:00:2c 2849 
1641521990.281546 3124 3128 3130 3172 3178 3191 3205 3215 3219 3220 3221 3228 3236 3251 3258 
1641521990.281747 3264 3269 3278 3289 3291 3302 3304 3309 3310 3316 3318 3320 3325 3353 3487 
1641521990.632460 ### RSSI: -69, 30, 1640050682 ,845 
1641521991.271703 ### DEBUG: Ticks: 855, 15, 0 
1641521991.281654 1640050683 c0:98:e5:42:00:2c 2791 
1641521991.281942 3023 3028 3069 3082 3082 3083 3090 3094 3102 3109 3116 3118 3126 3127 3127 
1641521991.282126 3133 3149 3155 3169 3180 3184 3186 3189 3189 3189 3190 3200 3213 3229 3231 
1641521991.632783 ### RSSI: -83, 26, 1640050683 ,861 
1641521992.282289 ### DEBUG: Ticks: 871, 16, 0 
1641521992.282496 1640050684 c0:98:e5:42:00:2c 2815 
1641521992.282588 3062 3092 3104 3110 3121 3126 3131 3137 3145 3155 3161 3164 3166 3177 3184 
1641521992.282810 3189 3195 3195 3209 3214 3220 3225 3245 3253 3253 3256 3264 3273 3328 3391 
1641521992.623094 ### RSSI: -76, 7, 1640050684 ,876 
1641521993.282730 ### DEBUG: Ticks: 886, 15, 0 
1641521993.283014 1640050685 c0:98:e5:42:00:2c 2780 
1641521993.283198 3053 3082 3099 3110 3115 3118 3121 3121 3131 3132 3134 3148 3153 3156 3160 
1641521993.283719 3163 3167 3176 3181 3186 3215 3222 3235 3238 3254 3255 3258 3267 3276 3350 
1641521993.632304 ### RSSI: -78, 24, 1640050685 ,892 
1641521994.276199 ### DEBUG: Ticks: 902, 16, 0 
1641521994.276485 1640050686 c0:98:e5:42:00:2c 2763 
1641521994.276665 3018 3032 3044 3081 3085 3085 3101 3109 3117 3142 3143 3149 3149 3152 3153 
1641521994.276820 3164 3167 3180 3204 3205 3209 3216 3222 3231 3237 3261 3263 3277 3281 3292 
1641521994.629202 ### RSSI: -73, 32, 1640050686 ,908 
1641521995.275728 ### DEBUG: Ticks: 918, 16, 0 
1641521995.276011 1640050687 c0:98:e5:42:00:2c 2881 
1641521995.276197 3135 3151 3158 3163 3179 3196 3200 3203 3203 3226 3228 3240 3245 3247 3254 
1641521995.276440 3254 3261 3261 3270 3296 3305 3315 3315 3318 3320 3326 3329 3338 3355 3369 
1641521995.825936 ### RSSI: -72, 21, 1640050687 ,926 
1641521996.274078 ### DEBUG: Ticks: 933, 15, 0 
1641521996.274364 1640050688 c0:98:e5:42:00:2c 2837 
1641521996.274551 3036 3077 3093 3098 3099 3108 3109 3126 3129 3133 3138 3145 3145 3145 3147 
1641521996.285866 3149 3153 3163 3164 3175 3177 3191 3197 3204 3216 3222 3245 3247 3247 3306 
1641521997.275308 ### DEBUG: Ticks: 949, 16, 0 
1641521997.275456 1640050689 c0:98:e5:42:00:2c 2844 
1641521997.275543 2986 3029 3032 3065 3099 3103 3106 3115 3117 3126 3130 3134 3134 3137 3174 
1641521997.275806 3175 3179 3181 3189 3191 3195 3196 3199 3205 3213 3232 3240 3243 3263 3275 
1641521998.277043 ### DEBUG: Ticks: 965, 16, 0 
1641521998.277303 1640050690 c0:98:e5:42:00:2c 2846 
1641521998.277463 3063 3092 3102 3107 3110 3127 3138 3140 3143 3144 3152 3159 3161 3163 3170 
1641521998.277647 3172 3183 3193 3193 3194 3194 3211 3224 3226 3238 3242 3253 3279 3287 0 
1641521999.275320 ### DEBUG: Ticks: 980, 15, 0 
1641521999.275525 1640050691 c0:98:e5:42:00:2c 2834 
1641521999.275688 3132 3159 3179 3179 3184 3192 3209 3222 3225 3252 3254 3255 3256 3258 3263 
1641521999.275833 3266 3267 3275 3281 3287 3292 3293 3306 3319 3330 3331 3348 3354 3354 3382 
1641521999.933419 ### BLE EVENT: 17, INFO: BLE DISCONNECTED!
1641522000.273757 ### DEBUG: Ticks: 996, 16, 0 
1641522000.273898 1640050692 c0:98:e5:42:00:2c 2816 
1641522000.284311 3008 3047 3064 3080 3083 3113 3120 3125 3137 3138 3147 3153 3158 3168 3168 
1641522000.284453 3179 3183 3184 3185 3191 3199 3204 3208 3213 3223 3239 3253 3276 3277 3324 
1641522001.273203 ### DEBUG: Ticks: 1011, 15, 0 
1641522001.273496 1640050693 c0:98:e5:42:00:2c 2810 
1641522001.273652 3056 3060 3066 3072 3101 3121 3124 3150 3162 3163 3167 3168 3168 3169 3177 
1641522001.273760 3188 3204 3207 3213 3225 3238 3239 3241 3248 3259 3271 3283 3285 3306 3307 
1641522001.320325 ### BLE EVENT: 16, INFO: BLE CONNECTED!
1641522001.420714 ### RSSI: -75, 23, 1640050693 ,1014 
1641522001.523212 ### RSSI: -70, 18, 1640050693 ,1015 
1641522001.622983 ### RSSI: -80, 35, 1640050693 ,1017 
1641522001.725069 ### RSSI: -72, 17, 1640050693 ,1018 
1641522001.824633 ### RSSI: -76, 1, 1640050694 ,1020 
1641522002.017172 ### RSSI: -71, 20, 1640050694 ,1023 
1641522002.117726 ### RSSI: -72, 8, 1640050694 ,1025 
1641522002.278092 ### DEBUG: Ticks: 1027, 16, 0 
1641522002.278379 1640050694 c0:98:e5:42:00:2c 2768 
1641522002.278566 3048 3071 3082 3114 3114 3120 3127 3128 3132 3139 3140 3140 3147 3153 3159 
1641522002.278802 3173 3179 3183 3190 3209 3214 3226 3227 3228 3238 3243 3252 3257 3289 3290 
1641522002.321469 ### RSSI: -76, 33, 1640050694 ,1028 
1641522002.422585 ### RSSI: -70, 29, 1640050694 ,1029 
1641522002.522088 ### RSSI: -77, 7, 1640050694 ,1031 
1641522002.621013 ### RSSI: -70, 29, 1640050694 ,1032 
1641522002.719928 ### RSSI: -73, 0, 1640050694 ,1034 
1641522002.818970 ### RSSI: -84, 26, 1640050695 ,1036 
1641522002.920541 ### RSSI: -78, 34, 1640050695 ,1037 
1641522003.021575 ### RSSI: -78, 3, 1640050695 ,1039 
1641522003.119722 ### RSSI: -81, 25, 1640050695 ,1040 
1641522003.276238 ### DEBUG: Ticks: 1043, 16, 0 
1641522003.276524 1640050695 c0:98:e5:42:00:2c 2799 
1641522003.276708 3056 3103 3105 3106 3115 3153 3159 3168 3170 3178 3193 3194 3195 3196 3209 
1641522003.276926 3213 3216 3223 3225 3237 3238 3240 3253 3269 3271 3281 3282 3283 3321 3343 
1641522003.322408 ### RSSI: -69, 9, 1640050695 ,1043 
1641522003.422539 ### RSSI: -78, 34, 1640050695 ,1045 
1641522004.281505 ### DEBUG: Ticks: 1058, 15, 0 
1641522004.281699 1640050696 c0:98:e5:42:00:2c 2821 
1641522004.281790 3063 3098 3126 3138 3141 3150 3154 3159 3159 3172 3184 3184 3187 3190 3201 
1641522004.281879 3202 3204 3205 3223 3238 3239 3245 3265 3273 3274 3286 3291 3292 3295 3394 
1641522004.418034 ### RSSI: -69, 30, 1640050696 ,1061 
1641522004.652348 ### INFO: SD card flushed!
1641522005.276428 ### DEBUG: Ticks: 1074, 16, 0 
1641522005.276608 1640050697 c0:98:e5:42:00:2c 2834 
1641522005.276700 3049 3086 3090 3100 3111 3124 3142 3142 3145 3166 3170 3177 3182 3192 3198 
1641522005.276801 3200 3208 3213 3225 3227 3236 3242 3248 3265 3268 3271 3272 3274 3294 3322 
1641522005.525284 ### RSSI: -85, 5, 1640050697 ,1078 
1641522006.276383 ### DEBUG: Ticks: 1090, 16, 0 
1641522006.276567 1640050698 c0:98:e5:42:00:2c 2804 
1641522006.276659 3048 3077 3081 3086 3100 3122 3123 3143 3156 3161 3170 3172 3174 3180 3181 
1641522006.276748 3190 3202 3202 3207 3220 3220 3245 3251 3257 3258 3262 3266 3281 3296 3330 
1641522006.522807 ### RSSI: -82, 15, 1640050698 ,1093 
1641522007.280315 ### DEBUG: Ticks: 1105, 15, 0 
1641522007.280600 1640050699 c0:98:e5:42:00:2c 2886 
1641522007.280785 3146 3179 3182 3183 3196 3206 3207 3219 3223 3232 3236 3237 3246 3265 3266 
1641522007.280986 3270 3272 3288 3296 3303 3311 3315 3322 3343 3349 3351 3354 3355 3387 3405 
1641522007.522910 ### RSSI: -70, 18, 1640050699 ,1109 
1641522008.279236 ### DEBUG: Ticks: 1121, 16, 0 
1641522008.279520 1640050700 c0:98:e5:42:00:2c 2800 
1641522008.279825 3014 3055 3074 3081 3098 3107 3115 3117 3117 3133 3137 3137 3150 3151 3155 
1641522008.280029 3162 3175 3176 3189 3197 3219 3220 3222 3228 3229 3232 3255 3266 3290 3293 
1641522008.523728 ### RSSI: -77, 16, 1640050701 ,1125 
1641522009.277835 ### DEBUG: Ticks: 1136, 15, 0 
1641522009.278029 1640050701 c0:98:e5:42:00:2c 2860 
1641522009.278122 3052 3094 3097 3098 3122 3138 3140 3153 3154 3154 3161 3163 3169 3173 3183 
1641522009.278229 3186 3205 3207 3214 3221 3227 3229 3232 3249 3255 3265 3270 3283 3303 3313 
1641522009.619384 ### RSSI: -72, 21, 1640050702 ,1142 
1641522010.282243 ### DEBUG: Ticks: 1152, 16, 0 
1641522010.282527 1640050702 c0:98:e5:42:00:2c 2847 
1641522010.282726 3016 3087 3091 3101 3102 3125 3130 3136 3136 3148 3155 3158 3173 3184 3187 
1641522010.282929 3189 3200 3203 3204 3207 3207 3213 3220 3233 3238 3239 3252 3265 3275 3296 
1641522010.618563 ### RSSI: -71, 21, 1640050703 ,1157 
1641522011.278653 ### DEBUG: Ticks: 1168, 16, 0 
1641522011.278941 1640050703 c0:98:e5:42:00:2c 2781 
1641522011.279126 3055 3070 3099 3099 3110 3128 3130 3143 3152 3152 3152 3156 3158 3167 3168 
1641522011.279350 3169 3175 3187 3199 3199 3202 3224 3224 3226 3241 3252 3253 3254 3269 3302 
1641522011.620191 ### RSSI: -77, 2, 1640050704 ,1173 
1641522012.274265 ### DEBUG: Ticks: 1183, 15, 0 
1641522012.274553 1640050704 c0:98:e5:42:00:2c 2889 
1641522012.284989 3113 3128 3160 3169 3176 3178 3183 3193 3194 3199 3204 3214 3228 3240 3242 
1641522012.285290 3259 3271 3274 3279 3283 3292 3308 3313 3316 3332 3339 3355 3358 3361 3371 
1641522012.619241 ### RSSI: -69, 19, 1640050705 ,1189 
1641522013.275539 ### DEBUG: Ticks: 1199, 16, 0 
1641522013.275950 1640050705 c0:98:e5:42:00:2c 2801 
1641522013.276135 3133 3150 3152 3155 3155 3156 3163 3189 3193 3209 3221 3222 3224 3230 3238 
1641522013.276336 3245 3260 3271 3274 3280 3290 3294 3297 3301 3315 3319 3335 3345 3356 3367 
1641522013.621211 ### RSSI: -71, 28, 1640050706 ,1204 
1641522014.282421 ### DEBUG: Ticks: 1215, 16, 0 
1641522014.282714 1640050706 c0:98:e5:42:00:2c 2845 
1641522014.282901 3044 3046 3085 3096 3101 3118 3118 3127 3134 3146 3148 3158 3160 3178 3181 
1641522014.283104 3198 3199 3199 3203 3206 3228 3234 3243 3245 3252 3260 3260 3261 3272 3302 
1641522014.718310 ### RSSI: -77, 36, 1640050706 ,1221 
1641522015.275997 ### DEBUG: Ticks: 1230, 15, 0 
1641522015.276284 1640050707 c0:98:e5:42:00:2c 2843 
1641522015.276432 3122 3144 3160 3161 3169 3170 3175 3183 3184 3184 3195 3196 3197 3202 3210 
1641522015.276535 3214 3224 3225 3230 3249 3262 3266 3267 3281 3295 3309 3317 3338 3338 0 
1641522015.717256 ### RSSI: -73, 32, 1640050707 ,1237 
1641522016.278010 ### DEBUG: Ticks: 1246, 16, 0 
1641522016.278177 1640050708 c0:98:e5:42:00:2c 2847 
1641522016.278278 3051 3100 3105 3106 3117 3126 3127 3129 3131 3135 3146 3147 3163 3163 3167 
1641522016.278368 3172 3181 3189 3195 3199 3203 3212 3230 3238 3241 3247 3260 3261 3271 3291 
1641522016.725710 ### RSSI: -77, 7, 1640050708 ,1253 
1641522017.275279 ### DEBUG: Ticks: 1261, 15, 0 
1641522017.275446 1640050709 c0:98:e5:42:00:2c 2856 
1641522017.275545 2999 3030 3059 3079 3092 3095 3097 3099 3100 3114 3126 3127 3128 3131 3133 
1641522017.275702 3144 3147 3151 3154 3155 3175 3185 3205 3213 3213 3216 3225 3242 3248 3256 
1641522017.722101 ### RSSI: -71, 20, 1640050709 ,1268 
1641522018.279839 ### DEBUG: Ticks: 1277, 16, 0 
1641522018.280121 1640050710 c0:98:e5:42:00:2c 2766 
1641522018.280330 3064 3087 3098 3117 3126 3153 3154 3159 3166 3173 3177 3178 3178 3179 3184 
1641522018.280513 3186 3198 3219 3234 3235 3237 3243 3257 3257 3258 3259 3261 3302 3316 3329 
1641522018.724070 ### RSSI: -71, 20, 1640050710 ,1284 
1641522019.281876 ### DEBUG: Ticks: 1293, 16, 0 
1641522019.282053 1640050711 c0:98:e5:42:00:2c 2829 
1641522019.282121 3045 3066 3102 3107 3117 3136 3168 3168 3176 3182 3184 3194 3202 3205 3205 
1641522019.282195 3211 3220 3232 3233 3242 3246 3251 3252 3259 3264 3268 3277 3291 3293 3333 
1641522019.720974 ### RSSI: -77, 2, 1640050711 ,1300 
1641522020.274124 ### DEBUG: Ticks: 1308, 15, 0 
1641522020.274309 1640050712 c0:98:e5:42:00:2c 2851 
1641522020.274410 3095 3103 3120 3124 3141 3146 3146 3161 3164 3166 3167 3172 3175 3193 3199 
1641522020.274512 3202 3208 3209 3218 3222 3224 3229 3237 3239 3248 3261 3262 3282 3297 3336 
1641522020.721570 ### RSSI: -70, 20, 1640050712 ,1315 
1641522021.280802 ### DEBUG: Ticks: 1324, 16, 0 
1641522021.281091 1640050713 c0:98:e5:42:00:2c 2790 
1641522021.281238 3048 3107 3115 3130 3135 3137 3143 3144 3157 3164 3174 3178 3190 3201 3204 
1641522021.281332 3208 3220 3229 3230 3231 3235 3243 3246 3254 3257 3272 3278 3279 3286 3314 
1641522021.716442 ### RSSI: -69, 9, 1640050713 ,1331 
1641522022.280889 ### DEBUG: Ticks: 1339, 15, 0 
1641522022.281181 1640050714 c0:98:e5:42:00:2c 2827 
1641522022.281367 3055 3066 3084 3098 3101 3129 3145 3149 3152 3155 3186 3193 3196 3202 3210 
1641522022.281546 3213 3213 3215 3221 3226 3232 3234 3250 3256 3258 3265 3268 3283 3294 3306 
1641522022.714321 ### RSSI: -73, 32, 1640050714 ,1346 
1641522023.282445 ### DEBUG: Ticks: 1355, 16, 0 
1641522023.282611 1640050715 c0:98:e5:42:00:2c 2800 
1641522023.282690 3013 3027 3050 3077 3080 3094 3096 3106 3122 3132 3134 3136 3139 3149 3159 
1641522023.282766 3160 3162 3174 3175 3184 3199 3202 3203 3203 3204 3210 3217 3218 3253 3267 
1641522023.819767 ### RSSI: -80, 35, 1640050715 ,1364 
1641522024.279958 ### DEBUG: Ticks: 1371, 16, 0 
1641522024.280240 1640050716 c0:98:e5:42:00:2c 2852 
1641522024.280426 3102 3151 3159 3161 3163 3167 3174 3214 3227 3246 3249 3250 3251 3255 3259 
1641522024.280609 3263 3279 3281 3286 3289 3290 3304 3305 3308 3310 3318 3320 3325 3330 3360 
1641522024.916767 ### RSSI: -71, 31, 1640050717 ,1381 
1641522025.274408 ### DEBUG: Ticks: 1386, 15, 0 
1641522025.274694 1640050717 c0:98:e5:42:00:2c 2758 
1641522025.274892 3046 3071 3107 3114 3116 3121 3134 3137 3154 3160 3164 3176 3177 3178 3195 
1641522025.275095 3197 3202 3206 3214 3216 3232 3245 3251 3256 3258 3262 3266 3274 3280 3299 
1641522025.923221 ### RSSI: -81, 4, 1640050718 ,1396 
1641522026.276223 ### DEBUG: Ticks: 1402, 16, 0 
1641522026.276516 1640050718 c0:98:e5:42:00:2c 2849 
1641522026.276701 3025 3046 3067 3068 3081 3094 3120 3141 3144 3144 3151 3160 3165 3186 3194 
1641522026.277121 3194 3196 3197 3210 3213 3214 3234 3238 3244 3267 3272 3281 3286 3290 3310 
1641522026.920502 ### RSSI: -78, 7, 1640050719 ,1412 
1641522027.274459 ### DEBUG: Ticks: 1418, 16, 0 
1641522027.274744 1640050719 c0:98:e5:42:00:2c 2812 
1641522027.274929 3158 3182 3204 3210 3211 3213 3220 3234 3237 3258 3261 3264 3266 3280 3281 
1641522027.275365 3284 3287 3291 3302 3304 3311 3321 3326 3330 3332 3335 3359 3385 3394 3442 
1641522027.918267 ### RSSI: -72, 11, 1640050720 ,1428 
1641522028.276071 ### DEBUG: Ticks: 1433, 15, 0 
1641522028.276360 1640050720 c0:98:e5:42:00:2c 2831 
1641522028.276547 2976 3022 3024 3024 3030 3074 3076 3079 3081 3091 3095 3103 3108 3114 3116 
1641522028.276994 3121 3130 3139 3144 3163 3164 3167 3174 3187 3201 3205 3216 3217 3226 3237 
1641522029.023310 ### RSSI: -78, 36, 1640050721 ,1445 
1641522029.277410 ### DEBUG: Ticks: 1449, 16, 0 
1641522029.277698 1640050721 c0:98:e5:42:00:2c 2812 
1641522029.277886 3079 3099 3112 3118 3132 3146 3150 3162 3162 3174 3175 3183 3194 3197 3208 
1641522029.278091 3209 3241 3242 3244 3250 3260 3262 3263 3265 3265 3267 3268 3273 3280 3335 
1641522030.013233 ### RSSI: -73, 17, 1640050722 ,1460 
1641522030.275336 ### DEBUG: Ticks: 1464, 15, 0 
1641522030.275733 1640050722 c0:98:e5:42:00:2c 2844 
1641522030.275878 3057 3072 3075 3075 3079 3101 3103 3108 3110 3115 3115 3117 3121 3135 3139 
1641522030.276101 3146 3149 3153 3155 3162 3162 3179 3186 3191 3192 3192 3203 3210 3261 3290 
1641522031.021542 ### RSSI: -70, 30, 1640050723 ,1476 
1641522031.277848 ### DEBUG: Ticks: 1480, 16, 0 
1641522031.278047 1640050723 c0:98:e5:42:00:2c 2854 
1641522031.278148 3017 3075 3081 3088 3101 3104 3104 3105 3126 3128 3131 3131 3136 3148 3149 
1641522031.278434 3149 3174 3189 3191 3202 3204 3209 3211 3213 3217 3218 3226 3227 3238 3259 
1641522032.013159 ### RSSI: -79, 24, 1640050724 ,1492 
1641522032.280052 ### DEBUG: Ticks: 1496, 16, 0 
1641522032.280237 1640050724 c0:98:e5:42:00:2c 2798 
1641522032.280333 3090 3123 3132 3144 3151 3151 3155 3155 3160 3167 3171 3180 3181 3189 3194 
1641522032.280424 3204 3205 3225 3237 3238 3247 3261 3277 3284 3284 3286 3307 3319 3328 3334 
1641522033.014241 ### RSSI: -73, 32, 1640050725 ,1507 
1641522033.280335 ### DEBUG: Ticks: 1511, 15, 0 
1641522033.280564 1640050725 c0:98:e5:42:00:2c 2821 
1641522033.280664 3143 3157 3162 3169 3170 3178 3179 3196 3201 3203 3205 3209 3221 3222 3229 
1641522033.280880 3233 3236 3241 3241 3244 3247 3269 3291 3300 3303 3308 3337 3339 3351 3351 
1641522034.023445 ### RSSI: -80, 34, 1640050726 ,1523 
1641522034.278533 ### DEBUG: Ticks: 1527, 16, 0 
1641522034.278821 1640050726 c0:98:e5:42:00:2c 2842 
1641522034.279007 3066 3094 3127 3131 3144 3156 3157 3159 3171 3176 3194 3197 3197 3198 3211 
1641522034.279503 3212 3222 3224 3227 3228 3231 3233 3237 3257 3266 3268 3275 3293 3311 3332 
1641522035.020460 ### RSSI: -69, 18, 1640050727 ,1538 
1641522035.278267 ### DEBUG: Ticks: 1543, 16, 0 
1641522035.278554 1640050727 c0:98:e5:42:00:2c 2817 
1641522035.278740 3073 3095 3120 3139 3141 3145 3157 3160 3169 3169 3171 3178 3179 3181 3182 
1641522035.279236 3182 3183 3198 3212 3219 3229 3240 3241 3251 3265 3288 3293 3295 3297 3340 
1641522036.019048 ### RSSI: -77, 7, 1640050728 ,1554 
1641522036.275281 ### DEBUG: Ticks: 1558, 15, 0 
1641522036.275566 1640050728 c0:98:e5:42:00:2c 2801 
1641522036.275800 3094 3121 3146 3160 3175 3178 3180 3180 3181 3182 3182 3183 3195 3214 3224 
1641522036.287298 3226 3238 3239 3245 3246 3249 3252 3269 3269 3271 3274 3285 3298 3319 3325 
1641522037.023729 ### RSSI: -80, 35, 1640050729 ,1570 
1641522037.281008 ### DEBUG: Ticks: 1574, 16, 0 
1641522037.281216 1640050729 c0:98:e5:42:00:2c 2823 
1641522037.281339 3107 3117 3132 3155 3156 3171 3188 3191 3192 3194 3203 3205 3212 3216 3219 
1641522037.281676 3222 3238 3258 3261 3268 3282 3287 3288 3300 3303 3318 3323 3323 3326 3363 
1641522038.022610 ### RSSI: -86, 5, 1640050730 ,1585 
1641522038.279786 ### DEBUG: Ticks: 1589, 15, 0 
1641522038.280068 1640050730 c0:98:e5:42:00:2c 2824 
1641522038.280253 3115 3138 3148 3152 3158 3167 3182 3187 3190 3210 3212 3217 3223 3224 3228 
1641522038.280562 3232 3247 3248 3254 3262 3263 3283 3289 3299 3301 3310 3326 3326 3335 3337 
1641522039.022824 ### RSSI: -77, 36, 1640050731 ,1601 
1641522039.282223 ### DEBUG: Ticks: 1605, 16, 0 
1641522039.282512 1640050731 c0:98:e5:42:00:2c 2843 
1641522039.282700 3011 3031 3031 3045 3084 3103 3111 3112 3122 3130 3139 3145 3161 3165 3165 
1641522039.282903 3178 3179 3190 3199 3217 3229 3230 3238 3245 3260 3260 3263 3264 3310 0 
1641522039.643074 ### INFO: SD card flushed!
1641522040.015149 ### RSSI: -70, 18, 1640050731 ,1617 
1641522040.283150 ### DEBUG: Ticks: 1621, 16, 0 
1641522040.283436 1640050732 c0:98:e5:42:00:2c 2838 
1641522040.283718 3055 3080 3088 3097 3104 3107 3117 3118 3123 3133 3147 3150 3156 3162 3171 
1641522040.283924 3173 3186 3190 3206 3215 3221 3233 3236 3239 3251 3251 3260 3267 3270 3304 
1641522041.121823 ### RSSI: -74, 21, 1640050732 ,1634 
1641522041.281578 ### DEBUG: Ticks: 1636, 15, 0 
1641522041.281754 1640050733 c0:98:e5:42:00:2c 2850 
1641522041.281846 3091 3104 3118 3133 3151 3165 3175 3176 3189 3193 3195 3202 3203 3203 3205 
1641522041.281973 3206 3209 3213 3215 3218 3245 3251 3257 3271 3274 3285 3295 3305 3318 3342 
1641522042.116009 ### RSSI: -75, 17, 1640050733 ,1649 
1641522042.280738 ### DEBUG: Ticks: 1652, 16, 0 
1641522042.281040 1640050734 c0:98:e5:42:00:2c 2804 
1641522042.281264 3125 3125 3143 3162 3167 3173 3186 3196 3200 3205 3210 3228 3233 3233 3237 
1641522042.281482 3254 3260 3260 3268 3268 3274 3283 3285 3286 3287 3302 3311 3311 3326 3326 
1641522043.113087 ### RSSI: -76, 12, 1640050735 ,1665 
1641522043.274920 ### DEBUG: Ticks: 1667, 15, 0 
1641522043.275105 1640050735 c0:98:e5:42:00:2c 2850 
1641522043.275206 3065 3083 3108 3132 3132 3142 3148 3148 3154 3162 3175 3176 3184 3186 3188 
1641522043.275309 3201 3206 3211 3213 3223 3223 3226 3236 3237 3259 3264 3281 3287 3307 3310 
1641522044.281847 ### DEBUG: Ticks: 1683, 16, 0 
1641522044.282144 1640050736 c0:98:e5:42:00:2c 2788 
1641522044.282328 3009 3041 3056 3077 3080 3080 3101 3107 3133 3144 3149 3149 3154 3158 3166 
1641522044.282518 3173 3187 3191 3196 3200 3209 3209 3224 3229 3237 3242 3249 3259 3262 3263 
1641522044.418701 ### RSSI: -75, 27, 1640050736 ,1685 
1641522045.276225 ### DEBUG: Ticks: 1699, 16, 0 
1641522045.276521 1640050737 c0:98:e5:42:00:2c 2855 
1641522045.276705 3069 3142 3142 3149 3170 3177 3180 3180 3184 3203 3206 3206 3210 3222 3224 
1641522045.276897 3236 3238 3241 3245 3259 3267 3271 3274 3276 3288 3328 3332 3337 3337 3349 
1641522045.413782 ### RSSI: -74, 0, 1640050737 ,1701 
1641522046.279368 ### DEBUG: Ticks: 1714, 15, 0 
1641522046.279788 1640050738 c0:98:e5:42:00:2c 2849 
1641522046.279978 3024 3044 3067 3084 3095 3095 3115 3123 3146 3148 3159 3160 3166 3166 3179 
1641522046.280194 3180 3192 3206 3212 3216 3218 3220 3225 3226 3231 3237 3254 3275 3282 3294 
1641522046.414333 ### RSSI: -69, 9, 1640050738 ,1717 
1641522047.273944 ### DEBUG: Ticks: 1730, 16, 0 
1641522047.274242 1640050739 c0:98:e5:42:00:2c 2827 
1641522047.274427 3054 3087 3107 3117 3123 3128 3133 3134 3160 3165 3193 3205 3210 3215 3217 
1641522047.286427 3232 3234 3236 3238 3248 3251 3254 3255 3267 3268 3273 3286 3297 3300 3332 
1641522047.419743 ### RSSI: -81, 4, 1640050739 ,1732 
1641522048.276619 ### DEBUG: Ticks: 1746, 16, 0 
1641522048.277004 1640050740 c0:98:e5:42:00:2c 2789 
1641522048.277193 2980 3009 3049 3061 3070 3071 3072 3073 3095 3097 3099 3107 3124 3126 3134 
1641522048.277385 3140 3142 3144 3146 3146 3157 3165 3170 3175 3196 3200 3205 3206 3207 3212 
1641522048.514856 ### RSSI: -76, 7, 1640050740 ,1749 
1641522049.276299 ### DEBUG: Ticks: 1761, 15, 0 
1641522049.276582 1640050741 c0:98:e5:42:00:2c 2803 
1641522049.276767 2999 3030 3041 3047 3049 3056 3059 3078 3078 3080 3093 3093 3109 3113 3114 
1641522049.276981 3116 3122 3127 3151 3159 3163 3165 3165 3166 3169 3173 3177 3179 3190 3197 
1641522049.522398 ### RSSI: -73, 0, 1640050741 ,1765 
1641522050.276927 ### DEBUG: Ticks: 1777, 16, 0 
1641522050.277221 1640050742 c0:98:e5:42:00:2c 2738 
1641522050.277404 3054 3069 3104 3118 3125 3150 3167 3178 3190 3195 3202 3205 3208 3215 3218 
1641522050.277582 3219 3223 3225 3236 3245 3251 3271 3274 3278 3284 3285 3286 3291 3291 3316 
1641522050.513155 ### RSSI: -83, 26, 1640050742 ,1781 
1641522051.282267 ### DEBUG: Ticks: 1792, 15, 0 
1641522051.282551 1640050743 c0:98:e5:42:00:2c 2782 
1641522051.282733 3057 3061 3071 3091 3093 3095 3103 3116 3118 3123 3128 3131 3134 3136 3152 
1641522051.282952 3156 3164 3167 3167 3185 3196 3201 3202 3213 3217 3219 3222 3242 3259 3293 
1641522051.518014 ### RSSI: -84, 6, 1640050743 ,1796 
1641522052.280176 ### DEBUG: Ticks: 1808, 16, 0 
1641522052.280461 1640050744 c0:98:e5:42:00:2c 2816 
1641522052.280659 3036 3058 3080 3084 3085 3086 3139 3143 3146 3152 3155 3160 3166 3171 3180 
1641522052.281066 3189 3191 3196 3202 3208 3214 3226 3228 3230 3238 3243 3256 3259 3260 3276 
1641522052.516974 ### RSSI: -84, 26, 1640050744 ,1812 
1641522053.280309 ### DEBUG: Ticks: 1824, 16, 0 
1641522053.280593 1640050745 c0:98:e5:42:00:2c 2806 
1641522053.280791 3071 3111 3118 3121 3125 3141 3147 3151 3157 3166 3166 3176 3184 3191 3195 
1641522053.281243 3202 3206 3207 3209 3210 3251 3260 3263 3266 3271 3283 3284 3302 3306 3308 
1641522053.516682 ### RSSI: -79, 35, 1640050745 ,1827 
1641522054.278086 ### DEBUG: Ticks: 1839, 15, 0 
1641522054.278373 1640050746 c0:98:e5:42:00:2c 2797 
1641522054.278571 3102 3107 3108 3129 3131 3147 3147 3150 3160 3168 3176 3177 3179 3180 3184 
1641522054.279006 3187 3191 3197 3197 3204 3214 3217 3225 3226 3251 3257 3257 3259 3265 3293 
1641522054.513808 ### RSSI: -84, 26, 1640050746 ,1843 
1641522055.282193 ### DEBUG: Ticks: 1855, 16, 0 
1641522055.282361 1640050747 c0:98:e5:42:00:2c 2774 
1641522055.282461 3027 3050 3063 3069 3092 3103 3110 3127 3132 3133 3137 3150 3150 3155 3163 
1641522055.282670 3165 3167 3178 3192 3203 3208 3219 3223 3224 3230 3248 3250 3266 3267 3278 
1641522055.514865 ### RSSI: -85, 6, 1640050747 ,1859 
1641522056.278141 ### DEBUG: Ticks: 1871, 16, 0 
1641522056.278310 1640050748 c0:98:e5:42:00:2c 2771 
1641522056.278402 3049 3069 3090 3105 3107 3107 3122 3128 3134 3136 3138 3144 3151 3155 3162 
1641522056.278496 3165 3169 3170 3171 3185 3192 3202 3219 3223 3234 3236 3240 3244 3269 3280 
1641522056.520654 ### RSSI: -73, 32, 1640050748 ,1874 
1641522057.282457 ### DEBUG: Ticks: 1886, 15, 0 
1641522057.282615 1640050749 c0:98:e5:42:00:2c 2815 
1641522057.282763 3126 3136 3165 3175 3177 3187 3201 3202 3205 3208 3218 3228 3231 3233 3238 
1641522057.282942 3246 3253 3264 3267 3277 3282 3283 3293 3299 3305 3307 3315 3315 3316 3325 
1641522057.521087 ### RSSI: -71, 31, 1640050750 ,1890 
1641522058.284448 ### DEBUG: Ticks: 1902, 16, 0 
1641522058.284737 1640050750 c0:98:e5:42:00:2c 2781 
1641522058.284951 3039 3051 3053 3077 3089 3096 3107 3129 3140 3142 3145 3145 3157 3157 3159 
1641522058.285143 3159 3164 3173 3201 3213 3218 3220 3229 3237 3258 3258 3269 3270 3276 3302 
1641522058.518115 ### RSSI: -85, 5, 1640050751 ,1906 
1641522059.275952 ### DEBUG: Ticks: 1917, 15, 0 
1641522059.276239 1640050751 c0:98:e5:42:00:2c 2836 
1641522059.276426 3130 3131 3134 3157 3163 3173 3191 3193 3194 3198 3198 3204 3210 3215 3219 
1641522059.288863 3227 3230 3230 3241 3242 3247 3249 3262 3268 3269 3273 3277 3285 3295 3373 
1641522059.519777 ### RSSI: -78, 13, 1640050752 ,1921 
1641522060.276859 ### DEBUG: Ticks: 1933, 16, 0 
1641522060.277150 1640050752 c0:98:e5:42:00:2c 2747 
1641522060.277349 2998 3053 3059 3068 3084 3087 3102 3105 3110 3120 3122 3133 3133 3140 3141 
1641522060.277527 3160 3166 3174 3178 3179 3193 3201 3211 3212 3219 3233 3238 3243 3253 3261 
1641522060.521873 ### RSSI: -69, 19, 1640050753 ,1937 
1641522061.273420 ### DEBUG: Ticks: 1949, 16, 0 
1641522061.285959 1640050753 c0:98:e5:42:00:2c 2898 
1641522061.286290 3142 3162 3173 3182 3195 3211 3224 3232 3245 3262 3265 3266 3268 3274 3279 
1641522061.286488 3282 3299 3300 3302 3304 3324 3336 3345 3353 3364 3379 3390 3399 3403 3423 
1641522061.620687 ### RSSI: -84, 26, 1640050754 ,1954 
1641522062.284390 ### DEBUG: Ticks: 1964, 15, 0 
1641522062.284530 1640050754 c0:98:e5:42:00:2c 2886 
1641522062.284593 3068 3097 3104 3109 3112 3119 3126 3143 3146 3146 3155 3155 3155 3158 3161 
1641522062.284650 3162 3168 3172 3180 3194 3200 3210 3212 3220 3221 3227 3235 3272 3272 3274 
1641522062.621073 ### RSSI: -79, 13, 1640050755 ,1970 
1641522063.284152 ### DEBUG: Ticks: 1980, 16, 0 
1641522063.284438 1640050755 c0:98:e5:42:00:2c 2833 
1641522063.284624 3160 3188 3206 3208 3246 3254 3266 3288 3294 3294 3299 3318 3323 3324 3327 
1641522063.284805 3334 3348 3350 3353 3358 3372 3376 3379 3382 3392 3404 3408 3431 3446 3476 
1641522063.714774 ### RSSI: -75, 1, 1640050755 ,1987 
1641522064.275107 ### DEBUG: Ticks: 1996, 16, 0 
1641522064.275392 1640050756 c0:98:e5:42:00:2c 2830 
1641522064.275698 3150 3164 3179 3190 3215 3249 3253 3253 3254 3255 3259 3265 3269 3275 3277 
1641522064.275873 3282 3291 3293 3308 3310 3317 3320 3321 3330 3342 3343 3358 3365 3391 3395 
1641522064.713188 ### RSSI: -71, 21, 1640050756 ,2002 
1641522065.281913 ### DEBUG: Ticks: 2011, 15, 0 
1641522065.282197 1640050757 c0:98:e5:42:00:2c 2762 
1641522065.282383 3022 3077 3080 3086 3090 3094 3102 3105 3108 3125 3134 3134 3145 3155 3156 
1641522065.282585 3157 3160 3172 3174 3181 3181 3214 3214 3217 3234 3244 3248 3250 3253 3256 
1641522065.720009 ### RSSI: -74, 12, 1640050757 ,2018 
1641522066.276153 ### DEBUG: Ticks: 2027, 16, 0 
1641522066.276442 1640050758 c0:98:e5:42:00:2c 2802 
1641522066.276628 3082 3083 3100 3107 3112 3123 3130 3134 3146 3147 3148 3153 3155 3166 3169 
1641522066.277096 3170 3171 3175 3175 3193 3214 3221 3228 3231 3244 3246 3260 3261 3281 3309 
1641522066.714148 ### RSSI: -77, 16, 1640050758 ,2034 
1641522067.274274 ### DEBUG: Ticks: 2042, 15, 0 
1641522067.274560 1640050759 c0:98:e5:42:00:2c 2815 
1641522067.274758 3092 3111 3113 3125 3132 3141 3149 3152 3160 3180 3190 3195 3198 3200 3202 
1641522067.286874 3211 3213 3217 3225 3226 3229 3245 3249 3254 3260 3280 3287 3293 3298 3321 
1641522067.716107 ### RSSI: -73, 0, 1640050759 ,2049 
1641522068.279377 ### DEBUG: Ticks: 2058, 16, 0 
1641522068.279547 1640050760 c0:98:e5:42:00:2c 2792 
1641522068.279703 3040 3065 3070 3071 3075 3078 3084 3102 3109 3116 3138 3140 3144 3147 3160 
1641522068.279830 3160 3166 3180 3183 3194 3200 3210 3211 3220 3226 3236 3261 3280 3285 3286 
1641522068.716166 ### RSSI: -70, 29, 1640050760 ,2065 
1641522069.275810 ### DEBUG: Ticks: 2074, 16, 0 
1641522069.275968 1640050761 c0:98:e5:42:00:2c 2847 
1641522069.276037 3032 3064 3072 3088 3106 3113 3120 3124 3131 3137 3147 3149 3168 3170 3171 
1641522069.276109 3173 3174 3182 3190 3196 3216 3235 3235 3241 3248 3256 3271 3286 3286 3294 
1641522069.710395 ### RSSI: -77, 7, 1640050761 ,2080 
1641522070.274474 ### DEBUG: Ticks: 2089, 15, 0 
1641522070.274643 1640050762 c0:98:e5:42:00:2c 2883 
1641522070.285363 3117 3132 3142 3146 3164 3192 3195 3203 3218 3221 3238 3242 3245 3247 3265 
1641522070.285510 3278 3280 3283 3289 3293 3300 3306 3312 3321 3321 3323 3336 3340 3343 3362 
1641522070.712846 ### RSSI: -70, 29, 1640050762 ,2096 
1641522071.274887 ### DEBUG: Ticks: 2105, 16, 0 
1641522071.275180 1640050763 c0:98:e5:42:00:2c 2884 
1641522071.286521 3040 3077 3088 3098 3109 3110 3113 3121 3121 3126 3130 3138 3146 3151 3155 
1641522071.286685 3155 3173 3180 3180 3181 3184 3191 3193 3199 3202 3218 3218 3248 3253 3263 
1641522071.714803 ### RSSI: -71, 11, 1640050763 ,2112 
1641522072.280048 ### DEBUG: Ticks: 2120, 15, 0 
1641522072.280336 1640050764 c0:98:e5:42:00:2c 2719 
1641522072.280521 3047 3065 3068 3075 3076 3080 3087 3105 3107 3116 3119 3124 3131 3136 3138 
1641522072.280713 3145 3149 3165 3167 3177 3200 3200 3210 3210 3226 3240 3243 3255 3261 3281 
1641522072.712829 ### RSSI: -83, 15, 1640050764 ,2127 
1641522073.279092 ### DEBUG: Ticks: 2136, 16, 0 
1641522073.279255 1640050765 c0:98:e5:42:00:2c 2835 
1641522073.279340 3078 3088 3096 3107 3114 3122 3126 3134 3138 3139 3146 3167 3173 3177 3182 
1641522073.279429 3187 3187 3197 3197 3199 3208 3223 3223 3228 3231 3231 3238 3244 3257 3281 
1641522073.716625 ### RSSI: -72, 17, 1640050765 ,2143 
1641522074.280290 ### DEBUG: Ticks: 2152, 16, 0 
1641522074.280581 1640050766 c0:98:e5:42:00:2c 2863 
1641522074.280767 3035 3051 3078 3087 3088 3103 3111 3124 3154 3162 3163 3164 3165 3167 3179 
1641522074.280959 3179 3180 3183 3187 3198 3199 3205 3230 3248 3251 3261 3265 3286 3298 3315 
1641522074.641930 ### INFO: SD card flushed!
1641522074.712460 ### RSSI: -71, 28, 1640050766 ,2159 
1641522075.279354 ### DEBUG: Ticks: 2167, 15, 0 
1641522075.279576 1640050767 c0:98:e5:42:00:2c 2830 
1641522075.279756 3065 3086 3091 3102 3105 3105 3138 3142 3149 3168 3170 3178 3180 3187 3189 
1641522075.279907 3199 3210 3213 3215 3229 3231 3238 3257 3257 3262 3271 3278 3302 3302 3302 
1641522075.718795 ### RSSI: -75, 33, 1640050767 ,2174 
1641522076.281003 ### DEBUG: Ticks: 2183, 16, 0 
1641522076.281284 1640050768 c0:98:e5:42:00:2c 2843 
1641522076.281470 3031 3033 3064 3077 3078 3127 3134 3134 3136 3156 3161 3162 3168 3172 3191 
1641522076.281697 3192 3197 3198 3199 3211 3226 3229 3236 3244 3246 3252 3260 3262 3262 3266 
1641522076.720883 ### RSSI: -80, 35, 1640050769 ,2190 
1641522077.275071 ### DEBUG: Ticks: 2199, 16, 0 
1641522077.275352 1640050769 c0:98:e5:42:00:2c 2807 
1641522077.275692 3056 3061 3071 3088 3091 3098 3101 3109 3111 3121 3124 3135 3144 3148 3151 
1641522077.288756 3152 3158 3166 3182 3183 3184 3192 3203 3206 3210 3216 3218 3226 3240 3362 
1641522077.715708 ### RSSI: -72, 21, 1640050770 ,2205 
1641522078.282481 ### DEBUG: Ticks: 2214, 15, 0 
1641522078.282671 1640050770 c0:98:e5:42:00:2c 2880 
1641522078.282772 3086 3109 3120 3146 3151 3152 3154 3163 3171 3175 3193 3198 3209 3210 3220 
1641522078.282870 3221 3225 3232 3248 3259 3267 3287 3288 3288 3307 3309 3316 3316 3336 3368 
1641522078.717927 ### RSSI: -79, 13, 1640050771 ,2221 
1641522079.282304 ### DEBUG: Ticks: 2230, 16, 0 
1641522079.282598 1640050771 c0:98:e5:42:00:2c 2851 
1641522079.282784 3098 3114 3114 3135 3138 3159 3180 3187 3187 3208 3208 3213 3220 3232 3241 
1641522079.282988 3257 3260 3260 3262 3269 3271 3290 3295 3307 3318 3335 3339 3344 3351 3361 
1641522079.719233 ### RSSI: -69, 10, 1640050772 ,2237 
1641522080.279785 ### DEBUG: Ticks: 2245, 15, 0 
1641522080.280033 1640050772 c0:98:e5:42:00:2c 2867 
1641522080.280112 3114 3123 3132 3137 3142 3163 3165 3177 3183 3186 3188 3202 3220 3221 3227 
1641522080.280190 3228 3230 3232 3239 3263 3272 3280 3282 3285 3285 3301 3306 3307 3348 0 
1641522080.714469 ### RSSI: -78, 36, 1640050773 ,2252 
1641522081.276091 ### DEBUG: Ticks: 2261, 16, 0 
1641522081.276372 1640050773 c0:98:e5:42:00:2c 2775 
1641522081.286197 3009 3035 3042 3062 3065 3071 3086 3088 3104 3106 3111 3117 3119 3136 3143 
1641522081.286485 3159 3160 3160 3160 3168 3168 3190 3200 3234 3236 3238 3239 3244 3245 3258 
1641522081.711757 ### RSSI: -76, 2, 1640050774 ,2268 
1641522082.277654 ### DEBUG: Ticks: 2277, 16, 0 
1641522082.277942 1640050774 c0:98:e5:42:00:2c 2778 
1641522082.278130 3017 3032 3054 3084 3091 3094 3128 3144 3151 3165 3165 3168 3172 3173 3178 
1641522082.278551 3180 3198 3198 3199 3200 3205 3220 3222 3237 3238 3249 3256 3268 3274 3317 
1641522082.718119 ### RSSI: -70, 29, 1640050775 ,2283 
1641522083.283241 ### DEBUG: Ticks: 2292, 15, 0 
1641522083.283447 1640050775 c0:98:e5:42:00:2c 2849 
1641522083.283527 3070 3106 3119 3137 3150 3178 3179 3181 3186 3197 3197 3198 3201 3204 3218 
1641522083.283676 3220 3224 3240 3253 3254 3260 3269 3271 3283 3294 3317 3320 3329 3337 3343 
1641522083.713253 ### RSSI: -70, 30, 1640050776 ,2299 
1641522084.274588 ### DEBUG: Ticks: 2308, 16, 0 
1641522084.274816 1640050776 c0:98:e5:42:00:2c 2891 
1641522084.274889 3129 3132 3155 3161 3162 3164 3167 3168 3169 3174 3184 3186 3190 3191 3203 
1641522084.274960 3205 3209 3222 3226 3236 3248 3254 3254 3257 3262 3263 3269 3274 3300 3328 
1641522084.710720 ### RSSI: -79, 35, 1640050777 ,2315 
1641522085.277773 ### DEBUG: Ticks: 2324, 16, 0 
1641522085.278068 1640050777 c0:98:e5:42:00:2c 2858 
1641522085.278251 3087 3100 3107 3109 3112 3124 3125 3130 3132 3135 3143 3154 3157 3165 3169 
1641522085.278439 3177 3198 3214 3223 3228 3233 3237 3238 3246 3249 3267 3280 3283 3288 3315 
1641522085.716244 ### RSSI: -83, 6, 1640050778 ,2330 
1641522086.285250 ### DEBUG: Ticks: 2339, 15, 0 
1641522086.285390 1640050778 c0:98:e5:42:00:2c 2799 
1641522086.285470 3040 3056 3067 3093 3099 3101 3123 3128 3130 3135 3138 3152 3155 3159 3159 
1641522086.285542 3163 3178 3180 3190 3210 3225 3227 3229 3230 3237 3250 3252 3270 3277 3299 
1641522086.712993 ### RSSI: -70, 30, 1640050779 ,2346 
1641522087.282629 ### DEBUG: Ticks: 2355, 16, 0 
1641522087.282924 1640050779 c0:98:e5:42:00:2c 2759 
1641522087.283109 2986 3029 3031 3046 3051 3068 3077 3085 3085 3089 3101 3117 3121 3123 3124 
1641522087.283303 3134 3143 3152 3155 3165 3165 3168 3178 3186 3194 3211 3218 3226 3226 3229 
1641522087.716251 ### RSSI: -74, 0, 1640050779 ,2362 
1641522088.277739 ### DEBUG: Ticks: 2370, 15, 0 
1641522088.277901 1640050780 c0:98:e5:42:00:2c 2800 
1641522088.277986 3039 3059 3066 3068 3081 3082 3091 3098 3099 3104 3109 3114 3118 3135 3138 
1641522088.278093 3139 3151 3163 3173 3178 3178 3183 3186 3189 3198 3203 3221 3231 3261 3263 
1641522088.711690 ### RSSI: -77, 36, 1640050780 ,2377 
1641522089.276478 ### DEBUG: Ticks: 2386, 16, 0 
1641522089.276830 1640050781 c0:98:e5:42:00:2c 2800 
1641522089.277029 3108 3114 3117 3123 3134 3143 3144 3145 3156 3158 3172 3174 3180 3195 3195 
1641522089.277221 3204 3211 3214 3228 3230 3239 3253 3261 3269 3273 3278 3290 3290 3292 3395 
1641522089.713650 ### RSSI: -75, 12, 1640050781 ,2393 
