1644251725.113279 ###RTT Client: ************************************************************ 
1644251725.113509 ###RTT Client: *               SEGGER Microcontroller GmbH                * 
1644251725.113584 ###RTT Client: *   Solutions for real time microcontroller applications   * 
1644251725.113655 ###RTT Client: ************************************************************ 
1644251725.113725 ###RTT Client: *                                                          * 
1644251725.113796 ###RTT Client: *       (c) 2012 - 2016  SEGGER Microcontroller GmbH       * 
1644251725.113865 ###RTT Client: *                                                          * 
1644251725.113935 ###RTT Client: *     www.segger.com     Support: support@segger.com       * 
1644251725.114005 ###RTT Client: *                                                          * 
1644251725.114075 ###RTT Client: ************************************************************ 
1644251725.114144 ###RTT Client: *                                                          * 
1644251725.114215 ###RTT Client: * SEGGER J-Link RTT Client   Compiled Jan 30 2018 18:46:58 * 
1644251725.114284 ###RTT Client: *                                                          * 
1644251725.114353 ###RTT Client: ************************************************************ 
1644251725.114423 
1644251725.114493 ###RTT Client: -----------------------------------------------
1644251725.114563 ###RTT Client: Connecting to J-Link RTT Server via localhost:9201  Connected.
1644251725.114632 SEGGER J-Link V6.30 - Real time terminal output
1644251725.114701 J-Link EDU Mini V1 compiled Oct  2 2020 17:00:40 V1.0, SN=801021851
1644251725.114771 Process: JLinkExe
1644251725.114840 ### RSSI: -74, 18, 1640050120 ,312 
1644251725.114909 ### DEBUG: Ticks: 312, 16, 1 
1644251725.114979 1640050120 c0:98:e5:42:00:29 5150 
1644251725.115048 4743 4783 4791 4804 4807 4844 4847 4849 4858 4881 4883 4911 4912 4913 4916 
1644251725.115118 4917 4941 4947 4973 4993 4998 5011 5017 5036 5039 5059 5115 5132 5149 5221 
1644251725.115187 ### RSSI: -70, 19, 1640050121 ,327 
1644251725.115256 ### DEBUG: Ticks: 327, 15, 1 
1644251725.115325 1640050121 c0:98:e5:42:00:29 5133 
1644251725.115394 4636 4682 4685 4697 4746 4771 4777 4792 4793 4794 4794 4817 4826 4842 4846 
1644251725.115464 4856 4863 4864 4923 4930 4933 4942 4954 4975 4991 5028 5038 5041 5085 5147 
1644251725.115536 ### RSSI: -70, 17, 1640050122 ,343 
1644251725.115605 ### DEBUG: Ticks: 343, 16, 1 
1644251725.115674 1640050122 c0:98:e5:42:00:29 5167 
1644251725.115744 4673 4706 4734 4742 4767 4807 4809 4816 4826 4833 4839 4839 4843 4852 4871 
1644251725.115814 4883 4899 4913 4915 4939 4945 4969 4979 4990 5018 5039 5043 5044 5044 5196 
1644251725.115883 ### RSSI: -70, 21, 1640050123 ,358 
1644251725.115952 ### DEBUG: Ticks: 359, 16, 1 
1644251725.116021 1640050123 c0:98:e5:42:00:29 5145 
1644251725.116094 4663 4683 4709 4711 4783 4789 4798 4815 4817 4823 4831 4837 4848 4855 4862 
1644251725.116163 4881 4911 4924 4931 4949 4950 4969 4988 4989 5009 5023 5051 5094 5178 5184 
1644251725.116233 ### RSSI: -73, 24, 1640050124 ,374 
1644251725.116302 ### DEBUG: Ticks: 374, 15, 1 
1644251725.116372 1640050124 c0:98:e5:42:00:29 5185 
1644251725.116441 4633 4747 4787 4791 4851 4857 4875 4886 4889 4901 4911 4912 4916 4937 4939 
1644251725.116638 4944 4966 4988 4993 5010 5020 5029 5031 5090 5108 5113 5131 5138 5232 5233 
1644251725.116710 ### RSSI: -73, 24, 1640050126 ,390 
1644251725.116779 ### DEBUG: Ticks: 390, 16, 1 
1644251725.116849 1640050125 c0:98:e5:42:00:29 5193 
1644251725.116919 4632 4719 4763 4768 4776 4805 4810 4834 4847 4860 4868 4872 4872 4890 4900 
1644251725.116989 4915 4917 4925 4928 4929 4963 4965 4971 4989 5055 5061 5068 5081 5089 5188 
1644251725.117058 ### RSSI: -71, 29, 1640050126 ,405 
1644251725.117127 ### DEBUG: Ticks: 406, 16, 1 
1644251725.117196 1640050126 c0:98:e5:42:00:29 5177 
1644251725.117265 4698 4723 4736 4750 4809 4812 4813 4816 4820 4850 4861 4864 4874 4880 4897 
1644251725.117334 4902 4913 4940 4958 4990 4995 5001 5005 5012 5026 5035 5051 5069 5090 5223 
1644251725.117403 ### RSSI: -69, 28, 1640050127 ,421 
1644251725.117473 ### DEBUG: Ticks: 421, 15, 1 
1644251725.117543 1640050127 c0:98:e5:42:00:29 5153 
1644251725.117612 4658 4683 4696 4751 4752 4755 4772 4782 4782 4799 4805 4818 4826 4832 4845 
1644251725.117694 4866 4868 4907 4927 4931 4934 4953 4967 4972 4995 5000 5026 5029 5081 5160 
1644251725.317703 ### RSSI: -70, 29, 1640050128 ,437 
1644251725.329904 ### DEBUG: Ticks: 437, 16, 1 
1644251725.330147 1640050128 c0:98:e5:42:00:29 5151 
1644251725.330339 4660 4721 4722 4755 4764 4785 4806 4812 4817 4826 4843 4845 4845 4854 4858 
1644251725.330546 4862 4907 4917 4934 4937 4947 4963 5000 5007 5016 5025 5056 5067 5080 5172 
1644251726.311904 ### RSSI: -68, 6, 1640050129 ,452 
1644251726.334117 ### DEBUG: Ticks: 452, 15, 1 
1644251726.334358 1640050129 c0:98:e5:42:00:29 5172 
1644251726.334538 4640 4708 4718 4755 4771 4811 4815 4821 4822 4822 4827 4830 4867 4876 4878 
1644251726.334724 4885 4894 4931 4935 4965 4969 4971 4976 4999 5022 5027 5030 5090 5090 5198 
1644251727.311756 ### RSSI: -71, 27, 1640050130 ,468 
1644251728.315693 ### RSSI: -71, 29, 1640050131 ,483 
1644251729.310012 ### RSSI: -69, 17, 1640050132 ,499 
1644251730.317802 ### RSSI: -74, 18, 1640050133 ,515 
1644251730.331158 ### DEBUG: Ticks: 515, 63, 1 
1644251730.331410 1640050133 c0:98:e5:42:00:29 5181 
1644251730.331606 4731 4745 4764 4780 4783 4806 4827 4829 4846 4858 4863 4870 4879 4890 4893 
1644251730.331792 4909 4921 4928 4957 4968 4968 5010 5022 5048 5050 5078 5081 5092 5095 5179 
1644251731.308947 ### RSSI: -81, 20, 1640050134 ,530 
1644251731.332223 ### DEBUG: Ticks: 531, 16, 1 
1644251731.332464 1640050134 c0:98:e5:42:00:29 5202 
1644251731.332740 4786 4819 4827 4843 4850 4865 4878 4883 4888 4909 4926 4947 4947 4952 4963 
1644251731.332948 4964 4981 4990 5008 5023 5023 5047 5050 5068 5113 5114 5131 5153 5160 5256 
1644251732.311116 ### RSSI: -71, 22, 1640050135 ,546 
1644251732.334423 ### DEBUG: Ticks: 546, 15, 1 
1644251732.334671 1640050135 c0:98:e5:42:00:29 5150 
1644251732.334867 4729 4745 4758 4771 4777 4815 4821 4826 4828 4838 4852 4878 4884 4895 4896 
1644251732.335054 4913 4923 4952 4973 4977 4978 4980 4997 5017 5048 5048 5066 5087 5094 5194 
1644251733.316321 ### RSSI: -72, 22, 1640050136 ,562 
1644251733.328654 ### DEBUG: Ticks: 562, 16, 1 
1644251733.328903 1640050136 c0:98:e5:42:00:29 5178 
1644251733.341203 4687 4691 4762 4763 4765 4773 4805 4815 4833 4835 4837 4842 4843 4860 4891 
1644251733.341443 4892 4894 4911 4928 4944 4959 4980 4999 5001 5023 5040 5043 5061 5073 5159 
1644251734.312720 ### RSSI: -69, 33, 1640050137 ,577 
1644251734.334873 ### DEBUG: Ticks: 577, 15, 1 
1644251734.335121 1640050137 c0:98:e5:42:00:29 5152 
1644251734.335318 4701 4716 4757 4769 4771 4782 4809 4811 4816 4827 4849 4854 4858 4864 4864 
1644251734.335503 4873 4886 4888 4939 4955 4957 4974 4986 4994 4998 5020 5027 5052 5066 5160 
1644251735.333223 ### DEBUG: Ticks: 593, 16, 1 
1644251735.333499 1640050138 c0:98:e5:42:00:29 5179 
1644251735.333693 4694 4703 4783 4788 4788 4793 4802 4822 4828 4829 4848 4855 4858 4866 4870 
1644251735.333879 4876 4892 4914 4939 4965 4971 4978 4991 5005 5038 5042 5060 5077 5093 5146 
1644251735.410831 ### RSSI: -79, 3, 1640050138 ,594 
1644251736.325866 ### DEBUG: Ticks: 609, 16, 1 
1644251736.338105 1640050139 c0:98:e5:42:00:29 5203 
1644251736.338339 4760 4774 4824 4830 4844 4846 4852 4866 4891 4903 4920 4931 4933 4939 4951 
1644251736.338589 4958 4968 4985 5002 5002 5014 5047 5055 5070 5094 5116 5116 5124 5204 5211 
1644251736.415641 ### RSSI: -74, 25, 1640050139 ,610 
1644251737.328932 ### DEBUG: Ticks: 624, 15, 1 
1644251737.329200 1640050140 c0:98:e5:42:00:29 5150 
1644251737.329396 4688 4701 4737 4760 4767 4775 4788 4807 4808 4813 4818 4826 4838 4851 4853 
1644251737.329582 4856 4877 4896 4930 4933 4940 4943 4963 4997 5004 5030 5051 5051 5063 5149 
1644251737.408755 ### RSSI: -68, 33, 1640050140 ,626 
1644251739.348078 
1644251739.348375 ----------------------------------------------
1644251739.348960 ### WARNING: Chip experienced a reset with reason 2
1644251739.598165 ### INFO: Bluetooth address: c0:98:e5:42:00:2c
1644251739.609354 ### DEBUG: Time is 00:00:00, 2000/00/00
1644251739.609595 ### INFO: Time is 00:00:00, 2000/00/00
1644251739.710759 ### INFO: Initializing SD Card...
1644251742.333108 ### INFO: Connecting to the SquarePoint module...
1644251742.333398 ### INFO: SquarePoint module connection successful
1644251742.333581 ### INFO: Device is now STATIONARY
1644251742.333766 ### INFO: Battery voltage currently 4186 mV
1644251742.440497 ### INFO: SD card flushed!
1644251742.473645 ### INFO: SD card flushed!
1644251742.473898 ### DEBUG: BLE START SCANNING called
1644251743.334856 ### DEBUG: Ticks: 62, 62, 0 
1644251743.335124 1640050146 c0:98:e5:42:00:29 5181 
1644251743.335317 4650 4692 4707 4716 4777 4779 4779 4796 4805 4833 4833 4843 4852 4854 4859 
1644251743.335528 4868 4882 4932 4948 4948 4950 4965 4974 4990 5033 5056 5056 5089 5154 5164 
1644251743.335712 ### INFO: Switched Scheduler EUI from 00:00:00:00:00:00 to c0:98:e5:42:00:2c
1644251743.335898 ### DEBUG: BLE STOP SCANNING called
1644251743.336071 ### DEBUG: BLE START SCANNING called
1644251744.333553 ### DEBUG: Ticks: 77, 15, 0 
1644251744.333830 1640050147 c0:98:e5:42:00:29 5193 
1644251744.334025 4699 4748 4754 4779 4798 4828 4847 4849 4850 4855 4870 4877 4890 4893 4898 
1644251744.334211 4916 4938 4969 4978 4992 5012 5018 5025 5064 5078 5081 5084 5096 5193 5198 
1644251744.420068 ### DEBUG: BLE START SCANNING called
1644251744.431218 ### addr: c0:98:e5:42:00:29 
1644251744.431462 ### on_adv_report outer RSSI: -76, time:1640050147 
1644251744.431655 ### INFO: Discovered new device: c0:98:e5:42:00:29
1644251744.431840 ### DEBUG: connected? already connected
1644251744.432024 ### DEBUG: BLE START SCANNING called
1644251744.486525 ### BLE EVENT: 16, INFO: BLE CONNECTED!
1644251744.488882 ### DEBUG: BLE START SCANNING called
1644251744.491022 ### RSSI: -65, 30, 1640050147 ,80 
1644251744.491279 ### DEBUG: BLE START SCANNING called
1644251744.584976 ### RSSI: -75, 9, 1640050147 ,81 
1644251744.587176 ### DEBUG: BLE START SCANNING called
1644251744.690857 ### RSSI: -70, 32, 1640050147 ,83 
1644251744.691142 ### DEBUG: BLE START SCANNING called
1644251744.787834 ### RSSI: -72, 13, 1640050147 ,84 
1644251744.788086 ### DEBUG: BLE START SCANNING called
1644251744.886230 ### RSSI: -77, 7, 1640050147 ,86 
1644251744.886485 ### DEBUG: BLE START SCANNING called
1644251744.982109 ### RSSI: -69, 11, 1640050147 ,87 
1644251744.982357 ### DEBUG: BLE START SCANNING called
1644251745.091508 ### RSSI: -78, 20, 1640050147 ,89 
1644251745.091779 ### DEBUG: BLE START SCANNING called
1644251745.187538 ### RSSI: -67, 36, 1640050148 ,91 
1644251745.187809 ### DEBUG: BLE START SCANNING called
1644251745.284749 ### RSSI: -68, 16, 1640050148 ,92 
1644251745.285010 ### DEBUG: BLE START SCANNING called
1644251745.330085 ### DEBUG: Ticks: 93, 16, 1 
1644251745.330576 1640050148 c0:98:e5:42:00:29 5175 
1644251745.330763 4621 4692 4747 4752 4782 4783 4797 4813 4822 4838 4845 4847 4861 4867 4878 
1644251745.341845 4890 4893 4896 4947 4949 4964 4992 5000 5006 5010 5035 5042 5058 5082 5172 
1644251745.342080 ### DEBUG: BLE START SCANNING called
1644251745.342261 ### DEBUG: BLE START SCANNING called
1644251745.385252 ### RSSI: -71, 14, 1640050148 ,94 
1644251745.385502 ### DEBUG: BLE START SCANNING called
1644251745.589226 ### RSSI: -72, 26, 1640050148 ,97 
1644251745.589484 ### DEBUG: BLE START SCANNING called
1644251745.686362 ### RSSI: -71, 34, 1640050148 ,98 
1644251745.686609 ### DEBUG: BLE START SCANNING called
1644251745.783432 ### RSSI: -77, 3, 1640050148 ,100 
1644251745.783679 ### DEBUG: BLE START SCANNING called
1644251745.880567 ### RSSI: -68, 31, 1640050148 ,102 
1644251745.891750 ### DEBUG: BLE START SCANNING called
1644251745.989976 ### RSSI: -76, 7, 1640050148 ,103 
1644251745.990237 ### DEBUG: BLE START SCANNING called
1644251746.087191 ### RSSI: -67, 36, 1640050149 ,105 
1644251746.087439 ### DEBUG: BLE START SCANNING called
1644251746.184215 ### RSSI: -71, 22, 1640050149 ,106 
1644251746.184468 ### DEBUG: BLE START SCANNING called
1644251746.280171 ### RSSI: -77, 3, 1640050149 ,108 
1644251746.291463 ### DEBUG: BLE START SCANNING called
1644251746.334558 ### DEBUG: Ticks: 108, 15, 1 
1644251746.334821 1640050149 c0:98:e5:42:00:29 5139 
1644251746.335014 4672 4700 4715 4731 4778 4783 4796 4806 4827 4841 4844 4846 4848 4860 4864 
1644251746.335218 4867 4888 4909 4928 4935 4938 4942 4944 4951 4967 5008 5031 5050 5125 5158 
1644251746.335525 ### DEBUG: BLE START SCANNING called
1644251746.335706 ### DEBUG: BLE START SCANNING called
1644251747.333340 ### DEBUG: Ticks: 124, 16, 1 
1644251747.333613 1640050150 c0:98:e5:42:00:29 5171 
1644251747.333836 4642 4747 4753 4760 4789 4791 4800 4817 4825 4826 4833 4841 4871 4876 4889 
1644251747.334023 4900 4903 4919 4964 4970 4971 4974 4982 4990 5025 5062 5075 5078 5150 5200 
1644251747.334211 ### DEBUG: BLE START SCANNING called
1644251747.334383 ### DEBUG: BLE START SCANNING called
1644251747.388262 ### RSSI: -70, 5, 1640050150 ,125 
1644251747.388555 ### DEBUG: BLE START SCANNING called
1644251748.331907 ### DEBUG: Ticks: 140, 16, 1 
1644251748.332175 1640050151 c0:98:e5:42:00:29 5228 
1644251748.332394 4803 4817 4842 4852 4873 4879 4886 4914 4954 4956 4963 4974 4974 4999 5003 
1644251748.332645 5010 5012 5032 5062 5070 5072 5084 5087 5113 5113 5119 5131 5179 5188 5286 
1644251748.332833 ### DEBUG: BLE START SCANNING called
1644251748.385135 ### RSSI: -72, 14, 1640050151 ,141 
1644251749.334010 ### DEBUG: Ticks: 155, 15, 1 
1644251749.334276 1640050152 c0:98:e5:42:00:29 5176 
1644251749.334468 4713 4717 4764 4766 4769 4801 4819 4823 4829 4852 4854 4871 4884 4901 4907 
1644251749.334656 4922 4922 4926 4970 4971 4986 5006 5019 5042 5048 5050 5058 5082 5121 5204 
1644251749.389077 ### RSSI: -70, 32, 1640050152 ,156 
1644251750.336152 ### DEBUG: Ticks: 171, 16, 1 
1644251750.336433 1640050153 c0:98:e5:42:00:29 5185 
1644251750.336684 4747 4775 4794 4830 4837 4839 4847 4855 4884 4893 4895 4895 4911 4917 4931 
1644251750.336871 4933 4953 4967 4978 5002 5009 5023 5031 5060 5092 5109 5139 5150 5213 5217 
1644251750.390403 ### RSSI: -67, 36, 1640050153 ,172 
1644251751.327217 ### DEBUG: Ticks: 187, 16, 1 
1644251751.338395 1640050154 c0:98:e5:42:00:29 5148 
1644251751.338650 4667 4680 4687 4745 4758 4785 4799 4806 4818 4822 4829 4836 4841 4850 4865 
1644251751.338880 4871 4910 4916 4939 4944 4965 4981 4988 4994 5016 5027 5046 5048 5153 5154 
1644251751.381107 ### RSSI: -70, 5, 1640050154 ,187 
1644251752.330513 ### DEBUG: Ticks: 202, 15, 1 
1644251752.330785 1640050155 c0:98:e5:42:00:29 5173 
1644251752.330979 4698 4738 4761 4765 4802 4813 4818 4827 4827 4840 4856 4873 4884 4885 4896 
1644251752.331194 4909 4912 4922 4961 4972 4974 5016 5030 5046 5052 5053 5054 5077 5094 5199 
1644251752.385178 ### RSSI: -75, 25, 1640050155 ,203 
1644251753.334441 ### DEBUG: Ticks: 218, 16, 1 
1644251753.334712 1640050156 c0:98:e5:42:00:29 5213 
1644251753.334905 4768 4786 4820 4827 4831 4841 4841 4879 4890 4901 4921 4935 4938 4953 4959 
1644251753.335090 4973 4973 4975 5016 5026 5030 5039 5051 5052 5065 5082 5097 5133 5145 5244 
1644251753.387955 ### RSSI: -68, 31, 1640050156 ,219 
1644251754.337171 ### DEBUG: Ticks: 233, 15, 1 
1644251754.337447 1640050157 c0:98:e5:42:00:29 5128 
1644251754.337638 4639 4709 4725 4727 4752 4753 4762 4763 4768 4788 4798 4799 4806 4830 4832 
1644251754.337824 4839 4841 4859 4861 4898 4921 4928 4932 4950 4968 4988 5013 5038 5045 5148 
1644251755.336700 ### DEBUG: Ticks: 249, 16, 1 
1644251755.336980 1640050158 c0:98:e5:42:00:29 5159 
1644251755.337173 4688 4715 4743 4779 4784 4787 4807 4815 4819 4821 4843 4848 4853 4861 4867 
1644251755.337359 4869 4895 4907 4909 4967 4974 4979 4991 4997 5001 5053 5055 5071 5086 5194 
1644251755.390258 ### RSSI: -70, 22, 1640050158 ,250 
1644251756.385487 ### RSSI: -82, 8, 1640050159 ,266 
1644251757.388115 ### RSSI: -78, 3, 1640050160 ,281 
1644251758.333983 ### DEBUG: Ticks: 296, 47, 1 
1644251758.334248 1640050161 c0:98:e5:42:00:29 5166 
1644251758.334442 4713 4754 4756 4802 4822 4832 4838 4854 4861 4864 4869 4887 4897 4901 4915 
1644251758.334628 4928 4942 4945 4951 4982 5004 5013 5015 5020 5040 5085 5097 5112 5174 5201 
1644251758.390778 ### RSSI: -68, 21, 1640050161 ,297 
1644251759.336061 ### DEBUG: Ticks: 312, 16, 1 
1644251759.336321 1640050162 c0:98:e5:42:00:29 5215 
1644251759.336564 4764 4780 4797 4801 4851 4863 4876 4881 4882 4910 4938 4941 4948 4958 4967 
1644251759.336786 4996 4998 5025 5032 5033 5048 5068 5091 5095 5097 5117 5120 5154 5169 5264 
1644251759.380973 ### RSSI: -69, 33, 1640050162 ,312 
1644251760.335439 ### DEBUG: Ticks: 327, 15, 1 
1644251760.335726 1640050163 c0:98:e5:42:00:29 5173 
1644251760.335946 4620 4679 4702 4715 4737 4757 4759 4764 4788 4790 4813 4822 4832 4835 4838 
1644251760.336134 4855 4861 4878 4896 4901 4924 4935 4938 4949 4962 4964 5026 5037 5057 5157 
1644251760.380447 ### RSSI: -68, 16, 1640050163 ,328 
1644251761.330235 ### DEBUG: Ticks: 343, 16, 1 
1644251761.330495 1640050164 c0:98:e5:42:00:29 5181 
1644251761.330687 4749 4777 4794 4804 4807 4822 4854 4854 4877 4885 4905 4908 4923 4926 4929 
1644251761.341936 4933 4971 4982 4990 5002 5003 5031 5033 5049 5069 5081 5090 5112 5120 5220 
1644251761.387193 ### RSSI: -72, 18, 1640050164 ,344 
1644251762.332719 ### DEBUG: Ticks: 358, 15, 1 
1644251762.332981 1640050165 c0:98:e5:42:00:29 5194 
1644251762.333201 4711 4775 4776 4785 4816 4840 4844 4857 4871 4879 4883 4885 4900 4919 4931 
1644251762.333390 4937 4950 4991 5001 5013 5041 5043 5051 5051 5078 5102 5106 5114 5225 5241 
1644251762.388569 ### RSSI: -68, 31, 1640050165 ,359 
1644251762.953196 ### BLE EVENT: 16, INFO: BLE CONNECTED!
1644251762.953482 ### RSSI: -69, 29, 1640050166 ,368 
1644251763.053573 ### RSSI: -71, 32, 1640050166 ,370 
1644251763.154844 ### RSSI: -67, 36, 1640050166 ,371 
1644251763.256138 ### RSSI: -71, 14, 1640050166 ,373 
1644251763.334335 ### DEBUG: Ticks: 374, 16, 1 
1644251763.334585 1640050166 c0:98:e5:42:00:29 5153 
1644251763.334778 4691 4726 4744 4748 4755 4774 4818 4819 4833 4842 4846 4849 4854 4872 4888 
1644251763.334963 4891 4897 4916 4943 4970 4988 4989 4991 4994 5003 5010 5039 5093 5100 5186 
1644251763.346086 ### RSSI: -70, 5, 1640050166 ,374 
1644251763.380305 ### RSSI: -72, 26, 1640050167 ,375 
1644251763.447439 ### RSSI: -78, 4, 1640050167 ,376 
1644251763.481519 ### RSSI: -76, 25, 1640050167 ,376 
1644251763.549922 ### RSSI: -71, 26, 1640050167 ,377 
1644251763.583044 ### RSSI: -66, 35, 1640050167 ,378 
1644251763.650277 ### RSSI: -69, 29, 1640050167 ,379 
1644251763.684637 ### RSSI: -68, 19, 1640050167 ,380 
1644251763.751808 ### RSSI: -77, 9, 1640050167 ,381 
1644251763.854110 ### RSSI: -82, 8, 1640050167 ,382 
1644251764.330110 ### DEBUG: Ticks: 390, 16, 1 
1644251764.330376 1640050167 c0:98:e5:42:00:29 5172 
1644251764.330567 4671 4739 4746 4755 4760 4809 4816 4823 4849 4854 4863 4863 4870 4873 4889 
1644251764.341799 4891 4891 4941 4941 4948 4964 4976 4992 5009 5058 5060 5077 5086 5175 5187 
1644251764.680238 ### RSSI: -72, 23, 1640050167 ,395 
1644251765.330236 ### DEBUG: Ticks: 405, 15, 1 
1644251765.330519 1640050168 c0:98:e5:42:00:29 5220 
1644251765.330711 4783 4785 4795 4829 4847 4862 4872 4890 4890 4899 4925 4935 4944 4949 4961 
1644251765.330897 4962 4963 4997 5007 5019 5028 5047 5058 5062 5063 5086 5098 5139 5170 5251 
1644251766.330417 ### DEBUG: Ticks: 421, 16, 1 
1644251766.330700 1640050169 c0:98:e5:42:00:29 5143 
1644251766.330896 4572 4635 4672 4693 4700 4748 4768 4775 4778 4793 4795 4797 4804 4824 4830 
1644251766.331080 4841 4858 4858 4882 4892 4901 4924 4929 4932 4939 4976 4996 5053 5055 5154 
1644251767.334206 ### DEBUG: Ticks: 437, 16, 1 
1644251767.334468 1640050170 c0:98:e5:42:00:29 5140 
1644251767.334663 4653 4688 4718 4720 4751 4798 4800 4803 4836 4839 4855 4876 4877 4878 4879 
1644251767.334849 4889 4916 4926 4947 4954 4970 4988 4996 5011 5022 5057 5064 5085 5177 5204 
1644251767.954077 ### BLE EVENT: 17, INFO: BLE DISCONNECTED!
1644251768.336461 ### DEBUG: Ticks: 452, 15, 0 
1644251768.336780 1640050171 c0:98:e5:42:00:29 5163 
1644251768.336974 4642 4684 4708 4740 4746 4768 4792 4812 4820 4832 4843 4851 4863 4870 4875 
1644251768.337164 4889 4894 4906 4917 4936 4976 4986 4990 4998 5004 5059 5064 5067 5170 5174 
1644251768.721563 ### BLE EVENT: 16, INFO: BLE CONNECTED!
1644251768.721850 ### RSSI: -68, 16, 1640050171 ,458 
1644251768.786841 ### BLE EVENT: 17, INFO: BLE DISCONNECTED!
1644251768.820249 ### RSSI: -71, 13, 1640050171 ,460 
1644251768.916639 ### RSSI: -67, 12, 1640050171 ,461 
1644251769.015172 ### RSSI: -71, 6, 1640050171 ,463 
1644251769.112023 ### RSSI: -71, 13, 1640050171 ,464 
1644251769.219373 ### RSSI: -66, 36, 1640050172 ,466 
1644251769.328052 ### ERROR: Failed reading SquarePoint packet length
1644251769.412846 ### RSSI: -67, 12, 1640050172 ,469 
1644251769.517078 ### RSSI: -71, 26, 1640050172 ,471 
1644251769.618560 ### RSSI: -69, 21, 1640050172 ,472 
1644251769.719908 ### RSSI: -64, 30, 1640050172 ,474 
1644251769.821303 ### RSSI: -69, 33, 1640050172 ,475 
1644251769.912837 ### RSSI: -64, 30, 1640050172 ,477 
1644251770.015203 ### RSSI: -71, 10, 1640050172 ,478 
1644251770.116644 ### RSSI: -71, 13, 1640050173 ,480 
1644251770.217879 ### RSSI: -71, 10, 1640050173 ,482 
1644251770.319175 ### RSSI: -71, 6, 1640050173 ,483 
1644251770.419979 ### RSSI: -78, 2, 1640050173 ,485 
1644251771.332920 ### DEBUG: Ticks: 499, 47, 0 
1644251771.333195 1640050174 c0:98:e5:42:00:29 5166 
1644251771.333388 4712 4741 4761 4771 4791 4807 4822 4842 4855 4855 4863 4867 4888 4905 4913 
1644251771.333574 4940 4953 4966 4982 4993 4996 5000 5003 5013 5023 5059 5062 5113 5194 5208 
1644251771.411687 ### RSSI: -71, 14, 1640050174 ,500 
1644251772.332451 ### DEBUG: Ticks: 515, 16, 0 
1644251772.332830 1640050175 c0:98:e5:42:00:29 5168 
1644251772.333023 4646 4732 4751 4756 4758 4793 4793 4805 4810 4831 4833 4840 4859 4866 4883 
1644251772.333208 4885 4897 4897 4948 4976 4979 5007 5012 5021 5035 5040 5066 5077 5162 5183 
1644251772.616788 ### RSSI: -74, 24, 1640050175 ,519 
1644251773.331055 ### DEBUG: Ticks: 530, 15, 0 
1644251773.331354 1640050176 c0:98:e5:42:00:29 5165 
1644251773.331553 4655 4710 4753 4798 4807 4816 4820 4833 4834 4850 4855 4858 4883 4893 4902 
1644251773.331742 4922 4937 4941 4947 4959 4969 4979 4996 5042 5056 5057 5105 5142 5178 5202 
1644251773.621743 ### RSSI: -69, 0, 1640050176 ,535 
1644251774.336789 ### DEBUG: Ticks: 546, 16, 0 
1644251774.337071 1640050177 c0:98:e5:42:00:29 5133 
1644251774.337264 4590 4673 4674 4702 4714 4730 4734 4746 4749 4757 4774 4778 4787 4788 4793 
1644251774.337452 4810 4829 4843 4846 4856 4885 4892 4898 4922 4936 4989 4989 5010 5025 5119 
1644251774.712723 ### RSSI: -69, 21, 1640050177 ,552 
1644251775.330671 ### DEBUG: Ticks: 561, 15, 0 
1644251775.330942 1640050178 c0:98:e5:42:00:29 5179 
1644251775.331136 4743 4743 4753 4799 4817 4831 4840 4847 4857 4862 4868 4882 4897 4898 4912 
1644251775.331347 4915 4932 4953 4968 4981 4987 5000 5021 5044 5056 5088 5099 5104 5186 5205 
1644251775.719296 ### RSSI: -75, 9, 1640050178 ,567 
1644251776.331508 ### DEBUG: Ticks: 577, 16, 0 
1644251776.331806 1640050179 c0:98:e5:42:00:29 5139 
1644251776.332000 4641 4691 4698 4709 4745 4758 4765 4766 4778 4808 4817 4822 4822 4823 4840 
1644251776.332187 4854 4872 4881 4895 4899 4909 4917 4937 4950 4996 5002 5008 5027 5109 5151 
1644251776.716958 ### RSSI: -71, 13, 1640050179 ,583 
1644251777.334005 ### DEBUG: Ticks: 593, 16, 0 
1644251777.334265 1640050180 c0:98:e5:42:00:29 5167 
1644251777.334461 4645 4709 4724 4751 4758 4761 4802 4817 4825 4825 4839 4845 4862 4870 4873 
1644251777.334647 4886 4902 4911 4928 4946 4954 4961 4972 4988 5004 5004 5020 5060 5081 5181 
1644251777.721160 ### RSSI: -69, 0, 1640050180 ,599 
1644251777.731544 ### INFO: SD card flushed!
1644251778.334470 ### DEBUG: Ticks: 608, 15, 0 
1644251778.334734 1640050181 c0:98:e5:42:00:29 5126 
1644251778.334929 4611 4682 4687 4713 4736 4751 4752 4768 4781 4782 4787 4792 4804 4824 4826 
1644251778.335115 4830 4850 4868 4876 4882 4904 4924 4925 4940 4998 5014 5024 5032 5036 5118 
1644251778.721034 ### RSSI: -69, 21, 1640050181 ,614 
1644251779.335189 ### DEBUG: Ticks: 624, 16, 0 
1644251779.335475 1640050182 c0:98:e5:42:00:29 5211 
1644251779.335669 4789 4797 4805 4829 4883 4886 4907 4916 4928 4938 4939 4945 4962 4965 4974 
1644251779.335859 4992 5022 5023 5038 5044 5063 5066 5084 5090 5123 5137 5162 5191 5247 5248 
1644251779.720248 ### RSSI: -79, 4, 1640050183 ,630 
1644251780.332588 ### DEBUG: Ticks: 640, 16, 0 
1644251780.332846 1640050183 c0:98:e5:42:00:29 5183 
1644251780.333041 4682 4740 4756 4793 4794 4795 4835 4840 4858 4862 4863 4883 4903 4915 4934 
1644251780.333253 4937 4943 4964 4976 4984 4995 5006 5041 5060 5070 5075 5095 5108 5223 5224 
1644251780.711966 ### RSSI: -75, 15, 1640050184 ,646 
1644251781.332593 ### DEBUG: Ticks: 655, 15, 0 
1644251781.332858 1640050184 c0:98:e5:42:00:29 5188 
1644251781.333054 4681 4744 4758 4792 4806 4812 4815 4831 4856 4861 4881 4893 4910 4910 4923 
1644251781.333241 4924 4931 4964 4969 5006 5017 5019 5020 5035 5074 5075 5084 5181 5182 5201 
1644251781.719868 ### RSSI: -68, 29, 1640050185 ,661 
1644251782.326205 ### ERROR: Failed reading SquarePoint packet length
1644251782.712871 ### RSSI: -79, 4, 1640050186 ,677 
1644251783.715307 ### RSSI: -75, 15, 1640050187 ,692 
1644251784.337900 ### DEBUG: Ticks: 702, 47, 0 
1644251784.338147 1640050187 c0:98:e5:42:00:29 5141 
1644251784.338341 4664 4669 4669 4704 4731 4736 4749 4753 4803 4812 4812 4816 4819 4822 4822 
1644251784.338526 4823 4845 4856 4874 4876 4877 4878 4908 4938 4945 4983 5017 5024 5060 5134 
1644251784.718544 ### RSSI: -72, 23, 1640050188 ,708 
1644251785.330330 ### DEBUG: Ticks: 718, 16, 0 
1644251785.330604 1640050188 c0:98:e5:42:00:29 5170 
1644251785.330799 4673 4741 4754 4770 4833 4835 4843 4860 4867 4873 4873 4892 4902 4904 4931 
1644251785.330986 4941 4945 4952 4969 4977 4989 5016 5018 5031 5045 5092 5110 5152 5210 5247 
1644251785.711377 ### RSSI: -65, 35, 1640050189 ,724 
1644251786.331168 ### DEBUG: Ticks: 733, 15, 0 
1644251786.331434 1640050189 c0:98:e5:42:00:29 5188 
1644251786.331629 4774 4801 4805 4860 4866 4872 4873 4873 4897 4926 4938 4942 4958 4961 4963 
1644251786.331814 4967 4993 5015 5016 5018 5022 5060 5065 5091 5103 5107 5129 5134 5170 5250 
1644251786.821467 ### RSSI: -79, 20, 1640050190 ,741 
1644251787.338712 ### DEBUG: Ticks: 749, 16, 0 
1644251787.338973 1640050190 c0:98:e5:42:00:29 5151 
1644251787.339165 4658 4705 4719 4767 4777 4780 4791 4797 4823 4835 4841 4851 4852 4852 4853 
1644251787.339352 4876 4915 4921 4922 4957 4961 4971 4986 5005 5015 5039 5079 5083 5090 5164 
1644251787.912861 ### RSSI: -66, 28, 1640050191 ,758 
1644251788.335505 ### DEBUG: Ticks: 765, 16, 0 
1644251788.335759 1640050191 c0:98:e5:42:00:29 5171 
1644251788.335950 4747 4752 4754 4790 4811 4821 4822 4838 4853 4870 4872 4887 4898 4910 4913 
1644251788.336135 4921 4959 4960 4967 4982 4988 4994 5024 5030 5036 5051 5090 5099 5128 5208 
1644251788.910856 ### RSSI: -67, 36, 1640050191 ,774 
1644251789.333424 ### DEBUG: Ticks: 780, 15, 0 
1644251789.333699 1640050192 c0:98:e5:42:00:29 5172 
1644251789.333891 4726 4738 4738 4784 4799 4804 4829 4831 4832 4837 4849 4878 4882 4884 4895 
1644251789.334076 4901 4918 4952 4955 4957 4967 4972 5005 5022 5049 5068 5069 5094 5168 5199 
1644251789.916393 ### RSSI: -69, 27, 1640050192 ,789 
1644251790.335252 ### DEBUG: Ticks: 796, 16, 0 
1644251790.335547 1640050193 c0:98:e5:42:00:29 5205 
1644251790.335742 4734 4764 4790 4799 4829 4853 4854 4859 4874 4874 4885 4899 4904 4916 4935 
1644251790.335929 4948 4949 4977 4994 5005 5027 5035 5053 5069 5112 5117 5122 5155 5203 5214 
1644251791.111451 ### RSSI: -69, 16, 1640050193 ,808 
1644251791.338150 ### DEBUG: Ticks: 811, 15, 0 
1644251791.338410 1640050194 c0:98:e5:42:00:29 5156 
1644251791.338604 4708 4742 4747 4749 4811 4823 4837 4839 4856 4865 4868 4869 4872 4880 4885 
1644251791.338817 4917 4927 4932 4947 4953 4956 4977 4986 5000 5023 5065 5083 5092 5182 5183 
1644251792.111435 ### RSSI: -65, 30, 1640050194 ,824 
1644251792.331143 ### DEBUG: Ticks: 827, 16, 0 
1644251792.331385 1640050195 c0:98:e5:42:00:29 5134 
1644251792.331576 4605 4662 4685 4696 4741 4748 4758 4764 4769 4795 4808 4816 4819 4824 4824 
1644251792.342766 4831 4868 4874 4883 4892 4905 4937 4940 4946 4950 4975 5033 5034 5045 5117 
1644251793.119855 ### RSSI: -70, 32, 1640050195 ,839 
1644251793.336157 ### DEBUG: Ticks: 843, 16, 0 
1644251793.336415 1640050196 c0:98:e5:42:00:29 5171 
1644251793.337217 4709 4742 4775 4810 4819 4821 4829 4835 4843 4845 4852 4881 4886 4897 4904 
1644251793.337403 4916 4930 4951 4962 4984 5003 5004 5006 5026 5028 5036 5084 5091 5092 5209 
1644251794.113806 ### RSSI: -72, 23, 1640050197 ,855 
1644251794.331067 ### DEBUG: Ticks: 858, 15, 0 
1644251794.331322 1640050197 c0:98:e5:42:00:29 5188 
1644251794.331513 4730 4771 4777 4778 4822 4831 4839 4855 4864 4872 4883 4888 4900 4917 4919 
1644251794.342735 4930 4941 4981 4984 5002 5015 5040 5047 5075 5078 5086 5095 5105 5220 5229 
1644251795.119851 ### RSSI: -73, 24, 1640050198 ,870 
1644251795.337700 ### DEBUG: Ticks: 874, 16, 0 
1644251795.337951 1640050198 c0:98:e5:42:00:29 5226 
1644251795.338145 4703 4814 4833 4841 4850 4883 4888 4903 4930 4935 4949 4977 4980 4984 4988 
1644251795.338329 4989 5013 5045 5051 5059 5062 5065 5074 5103 5121 5145 5162 5171 5185 5268 
1644251796.114573 ### RSSI: -71, 17, 1640050199 ,886 
1644251796.331434 ### ERROR: Failed reading SquarePoint packet length
1644251797.112986 ### RSSI: -75, 15, 1640050200 ,902 
1644251798.111597 ### RSSI: -85, 8, 1640050201 ,917 
1644251798.338930 ### DEBUG: Ticks: 921, 47, 0 
1644251798.339181 1640050201 c0:98:e5:42:00:29 5169 
1644251798.339373 4692 4747 4748 4775 4794 4803 4830 4861 4866 4871 4873 4889 4892 4897 4917 
1644251798.339560 4928 4928 4955 4962 4974 4988 4990 5004 5005 5007 5079 5091 5093 5191 5211 
1644251799.113969 ### RSSI: -71, 22, 1640050202 ,933 
1644251799.330692 ### DEBUG: Ticks: 936, 15, 0 
1644251799.330975 1640050202 c0:98:e5:42:00:29 5192 
1644251799.342133 4685 4728 4743 4753 4789 4806 4815 4818 4854 4855 4857 4874 4883 4890 4895 
1644251799.342472 4900 4901 4941 4949 4956 4971 4999 5011 5020 5045 5069 5071 5087 5180 5204 
1644251800.120841 ### RSSI: -71, 5, 1640050203 ,949 
1644251800.337889 ### DEBUG: Ticks: 952, 16, 0 
1644251800.338141 1640050203 c0:98:e5:42:00:29 5193 
1644251800.338335 4738 4798 4802 4811 4828 4849 4874 4903 4925 4926 4932 4935 4942 4947 4966 
1644251800.338523 4969 4989 5009 5009 5011 5031 5032 5055 5070 5076 5097 5137 5143 5209 5241 
1644251801.115651 ### RSSI: -71, 22, 1640050204 ,964 
1644251801.331679 ### DEBUG: Ticks: 968, 16, 0 
1644251801.331932 1640050204 c0:98:e5:42:00:29 5146 
1644251801.332124 4652 4705 4717 4787 4788 4805 4810 4828 4841 4843 4848 4849 4850 4858 4860 
1644251801.332308 4910 4916 4921 4945 4947 4950 4959 4988 5005 5015 5019 5067 5122 5137 5145 
1644251802.109873 ### RSSI: -71, 26, 1640050205 ,980 
1644251802.335992 ### DEBUG: Ticks: 983, 15, 0 
1644251802.336247 1640050205 c0:98:e5:42:00:29 5198 
1644251802.336442 4724 4759 4767 4770 4778 4825 4831 4840 4842 4858 4866 4882 4883 4895 4915 
1644251802.336684 4928 4933 4936 4950 4975 5022 5025 5043 5043 5061 5086 5091 5151 5172 5214 
1644251803.117108 ### RSSI: -79, 4, 1640050206 ,995 
1644251803.331744 ### DEBUG: Ticks: 999, 16, 0 
1644251803.332014 1640050206 c0:98:e5:42:00:29 5165 
1644251803.332208 4727 4738 4752 4757 4775 4789 4798 4809 4817 4856 4857 4871 4889 4896 4902 
1644251803.332394 4904 4933 4952 4954 4965 4979 4980 4981 4989 5011 5021 5055 5057 5085 5190 
1644251804.212207 ### RSSI: -71, 5, 1640050207 ,1013 
1644251804.331125 ### DEBUG: Ticks: 1014, 15, 0 
1644251804.331387 1640050207 c0:98:e5:42:00:29 5155 
1644251804.331605 4615 4719 4740 4781 4797 4798 4805 4811 4826 4836 4844 4852 4865 4872 4882 
1644251804.343177 4887 4920 4924 4925 4946 4953 4956 4982 4998 5011 5069 5070 5092 5097 5180 
1644251805.211884 ### RSSI: -73, 9, 1640050208 ,1028 
1644251805.331029 ### DEBUG: Ticks: 1030, 16, 0 
1644251805.331297 1640050208 c0:98:e5:42:00:29 5157 
1644251805.331488 4619 4702 4708 4737 4741 4781 4791 4804 4812 4818 4823 4834 4857 4869 4887 
1644251805.331673 4894 4902 4904 4940 4944 4946 4952 4964 4993 4997 5019 5078 5092 5123 5177 
1644251806.213439 ### RSSI: -78, 25, 1640050209 ,1044 
1644251806.332633 ### DEBUG: Ticks: 1046, 16, 0 
1644251806.332902 1640050209 c0:98:e5:42:00:29 5191 
1644251806.333095 4715 4722 4733 4744 4767 4768 4798 4799 4815 4819 4845 4845 4857 4864 4866 
1644251806.333311 4869 4904 4916 4924 4948 4969 4972 4974 4988 4995 4999 5076 5082 5083 5163 
1644251807.212581 ### RSSI: -78, 8, 1640050210 ,1059 
1644251807.331381 ### DEBUG: Ticks: 1061, 15, 0 
1644251807.331639 1640050210 c0:98:e5:42:00:29 5135 
1644251807.331830 4638 4709 4714 4728 4747 4764 4771 4787 4798 4800 4818 4823 4824 4825 4826 
1644251807.332017 4843 4856 4863 4907 4910 4912 4931 4936 4963 4996 5004 5026 5036 5048 5146 
1644251808.213330 ### RSSI: -71, 5, 1640050211 ,1075 
1644251808.332190 ### DEBUG: Ticks: 1077, 16, 0 
1644251808.332476 1640050211 c0:98:e5:42:00:29 5184 
1644251808.332718 4721 4743 4755 4781 4805 4827 4832 4847 4859 4864 4867 4879 4883 4888 4907 
1644251808.332929 4910 4925 4935 4968 4971 5002 5009 5018 5035 5055 5074 5081 5082 5118 5207 
1644251809.218010 ### RSSI: -76, 15, 1640050212 ,1091 
1644251809.325692 ### ERROR: Failed reading SquarePoint packet length
1644251810.219141 ### RSSI: -69, 21, 1640050213 ,1106 
1644251811.218278 ### RSSI: -70, 29, 1640050214 ,1122 
1644251811.336664 ### DEBUG: Ticks: 1124, 47, 0 
1644251811.336906 1640050214 c0:98:e5:42:00:29 5174 
1644251811.337098 4753 4769 4803 4827 4841 4887 4888 4889 4898 4904 4906 4920 4939 4942 4956 
1644251811.337285 4964 4978 4983 4992 5001 5017 5033 5049 5077 5111 5128 5131 5163 5188 5225 
1644251812.212144 ### RSSI: -72, 32, 1640050215 ,1138 
1644251812.336697 ### DEBUG: Ticks: 1139, 15, 0 
1644251812.336954 1640050215 c0:98:e5:42:00:29 5136 
1644251812.337149 4650 4651 4681 4684 4733 4755 4757 4763 4783 4797 4801 4805 4805 4807 4813 
1644251812.337336 4815 4853 4858 4865 4874 4901 4917 4936 4966 4976 4979 5032 5034 5080 5141 
1644251813.218431 ### RSSI: -68, 31, 1640050216 ,1153 
1644251813.338328 ### DEBUG: Ticks: 1155, 16, 0 
1644251813.338593 1640050216 c0:98:e5:42:00:29 5150 
1644251813.339336 4698 4721 4722 4746 4790 4792 4804 4826 4847 4865 4872 4879 4885 4886 4892 
1644251813.339518 4896 4926 4943 4969 4976 4977 4984 5002 5023 5037 5042 5081 5092 5098 5184 
1644251814.212887 ### RSSI: -71, 22, 1640050216 ,1169 
1644251814.332806 ### DEBUG: Ticks: 1171, 16, 0 
1644251814.333052 1640050217 c0:98:e5:42:00:29 5140 
1644251814.333245 4658 4707 4717 4753 4774 4776 4791 4805 4823 4830 4830 4845 4847 4858 4868 
1644251814.333431 4869 4896 4904 4904 4906 4916 4945 4949 4962 4971 4988 5005 5066 5086 5141 
1644251815.209836 ### RSSI: -76, 9, 1640050217 ,1184 
1644251815.330687 ### DEBUG: Ticks: 1186, 15, 0 
1644251815.330933 1640050218 c0:98:e5:42:00:29 5206 
1644251815.343171 4702 4731 4744 4751 4776 4782 4807 4820 4825 4841 4860 4862 4870 4875 4885 
1644251815.343411 4887 4905 4916 4951 4991 5006 5010 5017 5018 5033 5072 5094 5099 5112 5191 
1644251816.218730 ### RSSI: -78, 4, 1640050219 ,1200 
1644251816.338510 ### DEBUG: Ticks: 1202, 16, 0 
1644251816.338746 1640050219 c0:98:e5:42:00:29 5159 
1644251816.338940 4668 4723 4751 4763 4807 4811 4823 4826 4828 4855 4866 4867 4876 4887 4888 
1644251816.339126 4889 4926 4938 4964 4975 4982 4993 5032 5037 5040 5068 5076 5083 5094 5194 
1644251817.210990 ### RSSI: -68, 19, 1640050220 ,1216 
1644251817.335870 ### DEBUG: Ticks: 1218, 16, 0 
1644251817.336140 1640050220 c0:98:e5:42:00:29 5141 
1644251817.336334 4637 4704 4720 4721 4733 4768 4771 4806 4810 4815 4821 4826 4832 4839 4840 
1644251817.336573 4860 4892 4907 4908 4918 4932 4944 4967 4970 4978 5027 5046 5055 5105 5134 
1644251818.213676 ### RSSI: -68, 19, 1640050221 ,1231 
1644251819.336771 
1644251819.337046 ----------------------------------------------
1644251819.337227 ### WARNING: Chip experienced a reset with reason 2
1644251819.583956 ### INFO: Bluetooth address: c0:98:e5:42:00:2c
1644251819.595139 ### DEBUG: Time is 00:00:00, 2000/00/00
1644251819.595378 ### INFO: Time is 00:00:00, 2000/00/00
1644251819.691134 ### INFO: Initializing SD Card...
1644251821.927895 ### INFO: Connecting to the SquarePoint module...
1644251821.928166 ### INFO: SquarePoint module connection successful
1644251821.938138 ### INFO: Battery voltage currently 4148 mV
1644251822.036132 ### INFO: SD card flushed!
1644251822.069377 ### INFO: SD card flushed!
1644251822.069628 ### DEBUG: BLE START SCANNING called
1644251822.251675 ### INFO: Device is now STATIONARY
1644251822.337509 ### DEBUG: Ticks: 46, 46, 0 
1644251822.337755 1640050225 c0:98:e5:42:00:29 5174 
1644251822.337946 4713 4745 4752 4762 4792 4793 4799 4800 4808 4839 4841 4851 4858 4877 4888 
1644251822.338131 4891 4893 4922 4939 4955 4971 4983 4986 4989 5006 5044 5044 5077 5115 5193 
1644251822.338326 ### INFO: Switched Scheduler EUI from 00:00:00:00:00:00 to c0:98:e5:42:00:2c
1644251822.338512 ### DEBUG: BLE STOP SCANNING called
1644251822.931840 ### DEBUG: BLE START SCANNING called
1644251823.329225 ### ERROR: Failed reading SquarePoint packet length
1644251824.034490 ### addr: c0:98:e5:42:00:29 
1644251824.034756 ### on_adv_report outer RSSI: -76, time:1640050226 
1644251824.034950 ### INFO: Discovered new device: c0:98:e5:42:00:29
1644251824.046063 ### DEBUG: connected? already connected
1644251824.046303 ### DEBUG: BLE START SCANNING called
1644251824.100275 ### BLE EVENT: 16, INFO: BLE CONNECTED!
1644251824.100616 ### DEBUG: BLE START SCANNING called
1644251824.100798 ### RSSI: -72, 13, 1640050226 ,74 
1644251824.100983 ### DEBUG: BLE START SCANNING called
1644251824.198799 ### RSSI: -70, 27, 1640050227 ,75 
1644251824.199055 ### DEBUG: BLE START SCANNING called
1644251824.296489 ### RSSI: -72, 23, 1640050227 ,77 
1644251824.296820 ### DEBUG: BLE START SCANNING called
1644251824.393718 ### RSSI: -78, 2, 1640050227 ,79 
1644251824.393973 ### DEBUG: BLE START SCANNING called
1644251824.502041 ### RSSI: -68, 29, 1640050227 ,80 
1644251824.502299 ### DEBUG: BLE START SCANNING called
1644251824.599189 ### RSSI: -68, 36, 1640050227 ,82 
1644251824.599439 ### DEBUG: BLE START SCANNING called
1644251824.697320 ### RSSI: -74, 15, 1640050227 ,83 
1644251824.697568 ### DEBUG: BLE START SCANNING called
1644251824.796423 ### RSSI: -69, 11, 1640050227 ,85 
1644251824.796723 ### DEBUG: BLE START SCANNING called
1644251824.894507 ### RSSI: -78, 4, 1640050227 ,86 
1644251824.894756 ### DEBUG: BLE START SCANNING called
1644251824.927098 ### DEBUG: BLE START SCANNING called
1644251824.994400 ### RSSI: -76, 15, 1640050227 ,88 
1644251824.994646 ### DEBUG: BLE START SCANNING called
1644251825.103403 ### RSSI: -66, 28, 1640050227 ,89 
1644251825.103652 ### DEBUG: BLE START SCANNING called
1644251825.201479 ### RSSI: -70, 22, 1640050228 ,91 
1644251825.201739 ### DEBUG: BLE START SCANNING called
1644251825.299665 ### RSSI: -72, 26, 1640050228 ,93 
1644251825.299920 ### DEBUG: BLE START SCANNING called
1644251825.332982 ### DEBUG: Ticks: 93, 47, 1 
1644251825.333933 1640050228 c0:98:e5:42:00:29 5189 
1644251825.334276 4766 4769 4769 4827 4827 4844 4844 4849 4869 4881 4886 4891 4905 4905 4919 
1644251825.334578 4938 4942 4970 4978 4989 5010 5020 5029 5041 5071 5088 5111 5116 5139 5210 
1644251825.334817 ### DEBUG: BLE START SCANNING called
1644251825.398613 ### RSSI: -64, 30, 1640050228 ,94 
1644251825.398864 ### DEBUG: BLE START SCANNING called
1644251825.498012 ### RSSI: -68, 29, 1640050228 ,96 
1644251825.498260 ### DEBUG: BLE START SCANNING called
1644251825.595881 ### RSSI: -69, 27, 1640050228 ,97 
1644251825.596142 ### DEBUG: BLE START SCANNING called
1644251825.696293 ### RSSI: -79, 4, 1640050228 ,99 
1644251825.696599 ### DEBUG: BLE START SCANNING called
1644251825.934959 ### DEBUG: BLE START SCANNING called
1644251826.333564 ### DEBUG: Ticks: 109, 16, 1 
1644251826.333816 1640050229 c0:98:e5:42:00:29 5166 
1644251826.334007 4671 4714 4741 4768 4778 4787 4789 4809 4824 4843 4848 4849 4859 4868 4873 
1644251826.334193 4914 4916 4938 4952 4954 4970 4977 4999 5010 5032 5041 5046 5056 5075 5167 
1644251826.334377 ### DEBUG: BLE START SCANNING called
1644251826.699228 ### RSSI: -72, 18, 1640050229 ,114 
1644251826.699487 ### DEBUG: BLE START SCANNING called
1644251826.936059 ### DEBUG: BLE START SCANNING called
1644251827.335220 ### DEBUG: Ticks: 124, 15, 1 
1644251827.335485 1640050230 c0:98:e5:42:00:29 5208 
1644251827.335676 4764 4772 4819 4827 4830 4851 4852 4878 4890 4904 4914 4933 4934 4941 4945 
1644251827.335861 4962 4965 4965 4989 5013 5018 5044 5078 5098 5101 5117 5151 5165 5217 5226 
1644251827.336044 ### DEBUG: BLE START SCANNING called
1644251827.693177 ### RSSI: -66, 35, 1640050230 ,130 
1644251827.693464 ### DEBUG: BLE START SCANNING called
1644251828.334755 ### DEBUG: Ticks: 140, 16, 1 
1644251828.335029 1640050231 c0:98:e5:42:00:29 5175 
1644251828.335223 4685 4700 4720 4754 4758 4784 4789 4805 4821 4825 4864 4867 4870 4872 4882 
1644251828.335434 4883 4888 4894 4926 4953 4977 4989 4992 4999 5003 5029 5035 5065 5066 5198 
1644251828.694718 ### RSSI: -72, 23, 1640050231 ,146 
1644251829.334480 ### DEBUG: Ticks: 156, 16, 1 
1644251829.334738 1640050232 c0:98:e5:42:00:29 5165 
1644251829.334930 4719 4733 4743 4754 4781 4782 4806 4841 4842 4844 4849 4861 4865 4882 4884 
1644251829.335115 4902 4903 4916 4917 4926 4946 4955 4972 5008 5029 5053 5066 5076 5092 5185 
1644251829.701591 ### RSSI: -68, 16, 1640050232 ,161 
1644251830.331826 ### DEBUG: Ticks: 171, 15, 1 
1644251830.332093 1640050233 c0:98:e5:42:00:29 5152 
1644251830.332286 4688 4722 4734 4741 4791 4793 4817 4820 4820 4821 4828 4840 4848 4860 4874 
1644251830.332472 4895 4899 4917 4932 4944 4955 4965 4966 4979 4983 5016 5047 5071 5071 5198 
1644251830.692970 ### RSSI: -68, 27, 1640050233 ,177 
1644251831.339085 ### DEBUG: Ticks: 187, 16, 1 
1644251831.339346 1640050234 c0:98:e5:42:00:29 5147 
1644251831.339568 4635 4688 4692 4694 4742 4762 4762 4768 4792 4796 4799 4814 4826 4829 4831 
1644251831.339753 4838 4839 4843 4903 4906 4910 4932 4933 4945 4959 4996 5041 5042 5048 5131 
1644251831.699037 ### RSSI: -70, 5, 1640050234 ,193 
1644251832.332034 ### DEBUG: Ticks: 203, 16, 1 
1644251832.332298 1640050235 c0:98:e5:42:00:29 5217 
1644251832.343532 4796 4798 4813 4844 4859 4902 4906 4911 4930 4935 4948 4954 4956 4963 4978 
1644251832.343791 5002 5011 5017 5038 5058 5068 5079 5080 5102 5109 5123 5161 5175 5254 5283 
1644251832.702097 ### RSSI: -69, 21, 1640050235 ,208 
1644251833.338586 ### DEBUG: Ticks: 218, 15, 1 
1644251833.338882 1640050236 c0:98:e5:42:00:29 5195 
1644251833.339076 4705 4759 4775 4785 4826 4846 4851 4865 4867 4878 4885 4891 4899 4903 4907 
1644251833.339262 4927 4946 4947 4979 4983 4990 4992 5004 5017 5055 5063 5124 5125 5126 5222 
1644251833.693356 ### RSSI: -71, 13, 1640050236 ,224 
1644251834.337721 ### DEBUG: Ticks: 234, 16, 1 
1644251834.337993 1640050237 c0:98:e5:42:00:29 5140 
1644251834.338186 4622 4688 4704 4712 4734 4773 4774 4788 4798 4800 4801 4825 4852 4857 4858 
1644251834.338371 4863 4877 4879 4897 4900 4914 4914 4922 4940 4988 4989 5048 5057 5152 5185 
1644251834.702565 ### RSSI: -68, 19, 1640050237 ,239 
1644251835.335207 ### DEBUG: Ticks: 249, 15, 1 
1644251835.335494 1640050238 c0:98:e5:42:00:29 5149 
1644251835.336038 4662 4693 4723 4725 4760 4772 4784 4786 4800 4811 4820 4831 4842 4844 4846 
1644251835.336840 4868 4888 4890 4906 4922 4929 4956 4964 4972 5022 5046 5093 5102 5153 5160 
1644251835.699602 ### RSSI: -71, 34, 1640050239 ,255 
1644251836.334831 ### DEBUG: Ticks: 265, 16, 1 
1644251836.335107 1640050239 c0:98:e5:42:00:29 5156 
1644251836.335334 4697 4721 4723 4731 4736 4762 4802 4806 4818 4819 4836 4839 4846 4861 4869 
1644251836.335520 4874 4874 4917 4930 4934 4938 4945 4973 4973 4979 5023 5031 5065 5183 5192 
1644251836.699527 ### RSSI: -72, 18, 1640050240 ,271 
1644251837.332817 ### ERROR: Failed reading SquarePoint packet length
1644251837.697175 ### RSSI: -78, 3, 1640050241 ,286 
1644251838.696047 ### RSSI: -84, 8, 1640050242 ,302 
1644251839.334337 ### DEBUG: Ticks: 312, 47, 1 
1644251839.334593 1640050242 c0:98:e5:42:00:29 5197 
1644251839.334790 4711 4719 4752 4796 4804 4813 4842 4858 4863 4870 4871 4878 4897 4905 4931 
1644251839.334977 4933 4952 4962 4972 4988 4997 5016 5021 5035 5059 5068 5075 5172 5173 5195 
1644251839.800190 ### RSSI: -69, 21, 1640050243 ,319 
1644251840.332075 ### DEBUG: Ticks: 327, 15, 1 
1644251840.332319 1640050243 c0:98:e5:42:00:29 5167 
1644251840.343993 4644 4711 4749 4759 4761 4773 4802 4806 4811 4830 4856 4860 4862 4864 4885 
1644251840.344237 4914 4915 4938 4939 4944 4959 4963 4975 5011 5024 5029 5062 5069 5077 5180 
1644251840.792971 ### RSSI: -68, 27, 1640050244 ,335 
1644251841.333628 ### DEBUG: Ticks: 343, 16, 1 
1644251841.333870 1640050244 c0:98:e5:42:00:29 5158 
1644251841.334066 4688 4709 4723 4754 4761 4791 4801 4805 4831 4833 4841 4857 4871 4885 4888 
1644251841.334254 4902 4906 4911 4925 4941 4951 4958 4986 4998 5000 5028 5047 5073 5082 5188 
1644251842.339716 ### DEBUG: Ticks: 359, 16, 1 
1644251842.339967 1640050245 c0:98:e5:42:00:29 5181 
1644251842.340162 4739 4756 4805 4806 4821 4826 4836 4840 4863 4864 4882 4906 4908 4923 4926 
1644251842.340347 4928 4933 4976 4983 4984 4996 4999 5013 5029 5062 5087 5089 5096 5127 5206 
1644251842.791583 ### RSSI: -68, 16, 1640050246 ,366 
1644251843.331838 ### DEBUG: Ticks: 374, 15, 1 
1644251843.332112 1640050246 c0:98:e5:42:00:29 5165 
1644251843.332303 4694 4724 4748 4750 4755 4820 4821 4824 4830 4840 4861 4865 4868 4886 4890 
1644251843.332488 4899 4904 4946 4957 4958 4968 4984 4985 4991 4991 5058 5058 5065 5070 5208 
1644251843.793812 ### RSSI: -71, 34, 1640050247 ,382 
1644251844.333837 ### DEBUG: Ticks: 390, 16, 1 
1644251844.334089 1640050247 c0:98:e5:42:00:29 5131 
1644251844.334280 4679 4714 4731 4762 4768 4771 4801 4802 4812 4817 4842 4843 4853 4854 4862 
1644251844.334465 4879 4912 4919 4926 4932 4955 4964 4972 5004 5026 5031 5036 5116 5147 5157 
1644251844.795811 ### RSSI: -65, 30, 1640050247 ,397 
1644251845.335502 ### DEBUG: Ticks: 406, 16, 1 
1644251845.336272 1640050248 c0:98:e5:42:00:29 5173 
1644251845.336634 4759 4774 4795 4806 4809 4813 4814 4836 4845 4856 4866 4886 4888 4903 4915 
1644251845.336832 4925 4944 4967 4968 4988 4997 5006 5017 5032 5056 5075 5084 5094 5099 5195 
1644251845.796981 ### RSSI: -71, 26, 1640050248 ,413 
1644251846.335123 ### DEBUG: Ticks: 421, 15, 1 
1644251846.335372 1640050249 c0:98:e5:42:00:29 5164 
1644251846.335567 4664 4707 4728 4729 4753 4758 4770 4773 4784 4806 4816 4819 4822 4833 4846 
1644251846.335753 4861 4864 4901 4911 4926 4947 4957 4963 4966 4967 5028 5029 5044 5062 5167 
1644251846.795989 ### RSSI: -68, 27, 1640050249 ,428 
1644251847.337547 ### DEBUG: Ticks: 437, 16, 1 
1644251847.337803 1640050250 c0:98:e5:42:00:29 5202 
1644251847.337994 4728 4759 4770 4780 4820 4820 4838 4853 4879 4883 4888 4890 4900 4902 4918 
1644251847.338179 4923 4949 4968 4979 4989 5008 5031 5038 5059 5066 5071 5108 5115 5146 5204 
1644251847.798938 ### RSSI: -72, 23, 1640050250 ,444 
1644251848.339526 ### DEBUG: Ticks: 452, 15, 1 
1644251848.339775 1640050251 c0:98:e5:42:00:29 5137 
1644251848.339970 4601 4659 4663 4680 4693 4733 4734 4738 4755 4773 4795 4796 4799 4819 4826 
1644251848.340158 4828 4834 4859 4873 4883 4885 4885 4891 4903 4918 4926 5001 5001 5018 5153 
1644251848.792756 ### RSSI: -74, 25, 1640050251 ,460 
1644251849.333041 ### DEBUG: Ticks: 468, 16, 1 
1644251849.333880 1640050252 c0:98:e5:42:00:29 5151 
1644251849.334263 4663 4672 4683 4732 4742 4751 4757 4776 4801 4809 4811 4814 4819 4822 4836 
1644251849.334444 4844 4845 4853 4884 4889 4897 4915 4940 4983 4998 5008 5011 5032 5103 5108 
1644251849.793058 ### RSSI: -65, 30, 1640050252 ,475 
1644251849.900816 ### RSSI: -71, 10, 1640050252 ,477 
1644251850.332642 ### ERROR: Failed reading SquarePoint packet length
1644251850.900075 ### RSSI: -66, 28, 1640050253 ,492 
1644251851.897843 ### RSSI: -74, 9, 1640050254 ,508 
1644251852.331924 ### DEBUG: Ticks: 515, 47, 1 
1644251852.332196 1640050255 c0:98:e5:42:00:29 5158 
1644251852.343565 4583 4660 4675 4716 4767 4767 4769 4771 4788 4791 4801 4821 4824 4830 4849 
1644251852.343805 4872 4873 4894 4906 4912 4914 4928 4942 4973 5012 5034 5049 5055 5146 5154 
1644251852.900780 ### RSSI: -72, 10, 1640050255 ,524 
1644251853.332044 ### DEBUG: Ticks: 531, 16, 1 
1644251853.332316 1640050256 c0:98:e5:42:00:29 5184 
1644251853.332561 4724 4735 4767 4784 4805 4825 4839 4846 4850 4853 4858 4878 4886 4893 4899 
1644251853.343720 4917 4923 4928 4938 4965 4982 4983 4992 5005 5027 5044 5069 5084 5108 5193 
1644251853.891508 ### RSSI: -70, 5, 1640050256 ,539 
1644251854.333037 ### DEBUG: Ticks: 546, 15, 1 
1644251854.333299 1640050257 c0:98:e5:42:00:29 5158 
1644251854.333494 4668 4727 4735 4762 4793 4820 4843 4844 4845 4859 4866 4882 4885 4907 4927 
1644251854.333678 4929 4930 4950 4958 4963 4993 5008 5008 5045 5073 5095 5109 5125 5204 5204 
1644251854.900459 ### RSSI: -79, 3, 1640050258 ,555 
1644251855.332648 ### DEBUG: Ticks: 562, 16, 1 
1644251855.332933 1640050258 c0:98:e5:42:00:29 5154 
1644251855.344129 4657 4697 4714 4723 4763 4769 4780 4786 4803 4814 4818 4824 4845 4846 4849 
1644251855.344374 4855 4867 4887 4894 4900 4923 4933 4971 4991 5000 5020 5043 5067 5084 5155 
1644251855.891234 ### RSSI: -68, 33, 1640050259 ,571 
1644251856.332643 ### DEBUG: Ticks: 577, 15, 1 
1644251856.332909 1640050259 c0:98:e5:42:00:29 5166 
1644251856.333102 4639 4721 4735 4765 4786 4805 4810 4812 4821 4835 4842 4850 4871 4876 4876 
1644251856.333287 4885 4918 4920 4951 4969 4984 5000 5003 5016 5021 5054 5075 5082 5098 5164 
1644251856.890707 ### RSSI: -67, 36, 1640050260 ,586 
1644251857.332634 ### DEBUG: Ticks: 593, 16, 1 
1644251857.332897 1640050260 c0:98:e5:42:00:29 5228 
1644251857.333093 4750 4751 4813 4829 4833 4842 4850 4850 4863 4898 4904 4911 4915 4917 4924 
1644251857.333281 4950 4961 4967 4968 4998 5015 5032 5050 5069 5074 5083 5109 5117 5201 5214 
1644251857.892754 ### RSSI: -73, 6, 1640050261 ,602 
1644251858.332938 ### DEBUG: Ticks: 609, 16, 1 
1644251858.333203 1640050261 c0:98:e5:42:00:29 5146 
1644251858.333397 4680 4695 4706 4734 4763 4774 4789 4799 4801 4832 4835 4838 4841 4847 4858 
1644251858.333583 4868 4876 4880 4904 4919 4928 4934 4941 4968 4973 4981 5039 5043 5056 5172 
1644251858.891063 ### RSSI: -67, 36, 1640050262 ,617 
1644251859.338112 ### DEBUG: Ticks: 624, 15, 1 
1644251859.338364 1640050262 c0:98:e5:42:00:29 5175 
1644251859.338555 4652 4726 4732 4745 4770 4774 4792 4819 4825 4826 4841 4849 4863 4877 4883 
1644251859.338740 4895 4933 4937 4961 4963 4965 4991 4997 5018 5021 5062 5076 5087 5148 5165 
1644251859.896612 ### RSSI: -72, 6, 1640050263 ,633 
1644251860.341669 ### DEBUG: Ticks: 640, 16, 1 
1644251860.341937 1640050263 c0:98:e5:42:00:29 5116 
1644251860.342132 4626 4691 4696 4730 4739 4756 4772 4796 4799 4799 4816 4824 4834 4834 4842 
1644251860.342319 4855 4868 4882 4890 4899 4913 4916 4936 4957 4958 4967 4981 5069 5086 5146 
1644251860.899850 ### RSSI: -69, 0, 1640050264 ,649 
1644251861.339668 ### DEBUG: Ticks: 655, 15, 1 
1644251861.339934 1640050264 c0:98:e5:42:00:29 5217 
1644251861.340125 4728 4751 4773 4785 4828 4842 4857 4862 4880 4893 4902 4912 4912 4915 4936 
1644251861.340310 4941 4949 4954 4967 4991 5016 5033 5060 5064 5066 5071 5087 5102 5161 5232 
1644251861.750574 ### INFO: SD card flushed!
1644251861.895918 ### RSSI: -67, 36, 1640050265 ,664 
1644251862.336317 ### DEBUG: Ticks: 671, 16, 1 
1644251862.336625 1640050265 c0:98:e5:42:00:29 5175 
1644251862.337599 4678 4733 4783 4817 4819 4842 4849 4852 4858 4872 4879 4894 4900 4906 4930 
1644251862.337785 4931 4937 4949 4969 4971 4994 5024 5031 5045 5075 5107 5110 5114 5121 5211 
1644251862.900683 ### RSSI: -72, 22, 1640050266 ,680 
1644251863.331736 ### DEBUG: Ticks: 687, 16, 1 
1644251863.332024 1640050266 c0:98:e5:42:00:29 5155 
1644251863.344436 4658 4700 4707 4720 4755 4756 4762 4763 4780 4807 4817 4825 4828 4839 4845 
1644251863.344731 4863 4874 4882 4891 4910 4916 4932 4970 4980 4992 5003 5009 5051 5072 5133 
1644251863.893922 ### RSSI: -76, 15, 1640050267 ,695 
1644251864.335619 ### ERROR: Failed reading SquarePoint packet length
1644251864.896157 ### RSSI: -71, 6, 1640050268 ,711 
1644251865.898144 ### RSSI: -68, 27, 1640050269 ,727 
1644251866.340338 ### DEBUG: Ticks: 734, 47, 1 
1644251866.340718 1640050269 c0:98:e5:42:00:29 5180 
1644251866.340900 4687 4764 4768 4773 4805 4829 4846 4855 4856 4885 4885 4886 4886 4909 4913 
1644251866.341086 4931 4941 4960 4961 4989 5005 5022 5027 5056 5064 5093 5099 5140 5165 5208 
1644251866.900449 ### RSSI: -70, 32, 1640050270 ,742 
1644251867.333074 ### DEBUG: Ticks: 749, 15, 1 
1644251867.333317 1640050270 c0:98:e5:42:00:29 5142 
1644251867.333510 4646 4683 4718 4728 4742 4792 4810 4821 4821 4821 4832 4855 4859 4859 4860 
1644251867.333694 4863 4901 4922 4933 4934 4936 4940 4943 4982 4996 5036 5041 5042 5150 5191 
1644251867.892122 ### RSSI: -68, 11, 1640050271 ,758 
1644251868.333025 ### DEBUG: Ticks: 765, 16, 1 
1644251868.333702 1640050271 c0:98:e5:42:00:29 5185 
1644251868.334060 4669 4729 4745 4752 4782 4818 4827 4837 4845 4863 4871 4884 4892 4906 4913 
1644251868.334483 4923 4937 4965 4970 4971 4972 4988 5016 5031 5058 5070 5123 5133 5192 5201 
1644251868.892939 ### RSSI: -77, 24, 1640050271 ,774 
1644251869.333566 ### DEBUG: Ticks: 780, 15, 1 
1644251869.334219 1640050272 c0:98:e5:42:00:29 5178 
1644251869.334689 4735 4771 4807 4812 4831 4865 4865 4872 4881 4891 4895 4927 4930 4936 4946 
1644251869.335530 4967 4982 5002 5007 5015 5029 5037 5051 5078 5089 5097 5121 5145 5235 5242 
1644251869.892353 ### RSSI: -78, 3, 1640050272 ,789 
1644251870.333079 ### DEBUG: Ticks: 796, 16, 1 
1644251870.333333 1640050273 c0:98:e5:42:00:29 5183 
1644251870.333525 4697 4722 4737 4789 4839 4857 4860 4870 4870 4896 4909 4909 4915 4918 4937 
1644251870.333709 4942 4946 4973 4999 5003 5039 5040 5065 5072 5093 5104 5121 5146 5232 5235 
1644251870.892134 ### RSSI: -73, 17, 1640050273 ,805 
1644251871.333098 ### DEBUG: Ticks: 812, 16, 1 
1644251871.333375 1640050274 c0:98:e5:42:00:29 5157 
1644251871.333569 4670 4722 4723 4733 4762 4773 4774 4797 4801 4832 4834 4835 4846 4853 4856 
1644251871.333754 4857 4892 4893 4919 4933 4948 4951 4959 5005 5011 5018 5035 5035 5057 5158 
1644251871.892708 ### RSSI: -82, 4, 1640050274 ,820 
1644251872.333317 ### DEBUG: Ticks: 827, 15, 1 
1644251872.333569 1640050275 c0:98:e5:42:00:29 5151 
1644251872.333763 4607 4668 4689 4689 4696 4748 4757 4769 4771 4800 4800 4816 4820 4823 4834 
1644251872.333949 4834 4844 4874 4874 4879 4891 4900 4909 4928 4947 4985 4989 5041 5111 5137 
1644251872.891821 ### RSSI: -71, 10, 1640050275 ,836 
1644251873.334416 ### DEBUG: Ticks: 843, 16, 1 
1644251873.334691 1640050276 c0:98:e5:42:00:29 5147 
1644251873.334882 4670 4694 4709 4712 4767 4774 4785 4787 4809 4815 4828 4832 4852 4854 4856 
1644251873.335067 4858 4876 4878 4886 4903 4909 4957 4982 5006 5013 5025 5042 5042 5048 5152 
1644251873.893121 ### RSSI: -75, 24, 1640050276 ,852 
1644251874.333053 ### DEBUG: Ticks: 859, 16, 1 
1644251874.333818 1640050277 c0:98:e5:42:00:29 5107 
1644251874.334312 4640 4655 4657 4702 4735 4737 4744 4755 4762 4787 4793 4806 4812 4816 4817 
1644251874.335022 4834 4844 4866 4872 4881 4882 4889 4892 4940 4976 4977 4997 5014 5041 5149 
1644251874.894078 ### RSSI: -76, 15, 1640050277 ,867 
1644251875.340129 ### DEBUG: Ticks: 874, 15, 1 
1644251875.340993 1640050278 c0:98:e5:42:00:29 5172 
1644251875.341489 4660 4704 4733 4735 4740 4776 4783 4793 4798 4802 4809 4838 4839 4842 4868 
1644251875.342004 4875 4888 4901 4905 4916 4925 4951 4960 4965 4978 5009 5010 5046 5069 5167 
1644251875.889941 ### RSSI: -73, 9, 1640050278 ,883 
1644251876.340727 ### DEBUG: Ticks: 890, 16, 1 
1644251876.341000 1640050279 c0:98:e5:42:00:29 5174 
1644251876.341227 4695 4708 4728 4784 4795 4799 4825 4828 4835 4844 4857 4869 4876 4889 4893 
1644251876.341414 4894 4924 4950 4963 4974 4978 4984 5007 5024 5057 5065 5076 5078 5187 5192 
1644251876.899139 ### RSSI: -72, 6, 1640050279 ,899 
1644251877.329318 ### ERROR: Failed reading SquarePoint packet length
1644251877.898053 ### RSSI: -71, 17, 1640050280 ,914 
1644251878.896186 ### RSSI: -78, 24, 1640050282 ,930 
1644251879.335839 ### DEBUG: Ticks: 937, 47, 1 
1644251879.336140 1640050282 c0:98:e5:42:00:29 5144 
1644251879.336337 4622 4663 4680 4685 4745 4746 4763 4775 4781 4785 4813 4820 4821 4829 4839 
1644251879.336580 4863 4889 4892 4902 4920 4925 4937 4971 4971 5011 5011 5020 5038 5134 5152 
1644251879.893873 ### RSSI: -71, 34, 1640050283 ,945 
1644251880.335350 ### DEBUG: Ticks: 952, 15, 1 
1644251880.335644 1640050283 c0:98:e5:42:00:29 5162 
1644251880.335836 4695 4715 4716 4750 4761 4772 4785 4788 4808 4821 4822 4836 4842 4843 4856 
1644251880.336021 4875 4907 4913 4915 4916 4940 4943 4959 4987 5029 5033 5044 5049 5056 5180 
1644251880.895907 ### RSSI: -68, 27, 1640050284 ,961 
1644251881.335574 ### DEBUG: Ticks: 968, 16, 1 
1644251881.335850 1640050284 c0:98:e5:42:00:29 5150 
1644251881.336043 4647 4657 4712 4720 4747 4782 4782 4783 4783 4790 4819 4828 4829 4831 4850 
1644251881.336231 4856 4858 4900 4913 4936 4939 4953 4957 4966 5002 5008 5038 5043 5147 5151 
1644251881.893548 ### RSSI: -68, 29, 1640050285 ,977 
1644251882.333423 ### DEBUG: Ticks: 984, 16, 1 
1644251882.333704 1640050285 c0:98:e5:42:00:29 5182 
1644251882.333896 4668 4736 4737 4754 4755 4801 4806 4806 4824 4832 4864 4864 4868 4876 4888 
1644251882.334082 4904 4906 4924 4957 4961 4972 4994 5003 5036 5039 5061 5065 5119 5148 5206 
1644251882.891522 ### RSSI: -68, 31, 1640050286 ,992 
1644251883.332364 ### DEBUG: Ticks: 999, 15, 1 
1644251883.332717 1640050286 c0:98:e5:42:00:29 5152 
1644251883.344934 4668 4691 4716 4746 4748 4758 4776 4780 4783 4797 4803 4823 4826 4830 4844 
1644251883.345187 4876 4881 4882 4911 4919 4926 4928 4932 4991 5004 5034 5067 5068 5118 5155 
1644251883.892795 ### RSSI: -70, 32, 1640050287 ,1008 
1644251884.333745 ### DEBUG: Ticks: 1015, 16, 1 
1644251884.334069 1640050287 c0:98:e5:42:00:29 5146 
1644251884.334287 4651 4668 4694 4698 4730 4758 4783 4784 4785 4796 4802 4805 4835 4841 4842 
1644251884.345311 4843 4860 4881 4887 4921 4924 4927 4932 4948 4979 4997 5033 5035 5043 5154 
1644251884.891745 ### RSSI: -69, 33, 1640050288 ,1023 
1644251885.334004 ### DEBUG: Ticks: 1030, 15, 1 
1644251885.334308 1640050288 c0:98:e5:42:00:29 5200 
1644251885.335203 4724 4742 4770 4808 4809 4850 4882 4885 4888 4893 4904 4905 4908 4923 4930 
1644251885.335430 4932 4945 4964 4988 4992 5008 5015 5018 5033 5092 5098 5099 5103 5194 5220 
1644251885.891945 ### RSSI: -72, 22, 1640050289 ,1039 
1644251886.330687 ### DEBUG: Ticks: 1046, 16, 1 
1644251886.341901 1640050289 c0:98:e5:42:00:29 5210 
1644251886.342152 4788 4792 4812 4837 4856 4864 4868 4876 4895 4905 4921 4922 4935 4943 4946 
1644251886.342387 4954 4957 4994 5003 5004 5011 5017 5028 5067 5103 5106 5123 5168 5211 5248 
1644251886.888827 ### RSSI: -73, 23, 1640050290 ,1055 
1644251887.340562 ### DEBUG: Ticks: 1062, 16, 1 
1644251887.340837 1640050290 c0:98:e5:42:00:29 5134 
1644251887.341030 4671 4682 4694 4698 4702 4753 4760 4773 4787 4808 4808 4816 4825 4837 4843 
1644251887.341218 4848 4862 4875 4892 4898 4913 4946 4951 4978 4994 4997 5018 5042 5100 5148 
1644251887.995296 ### RSSI: -69, 21, 1640050291 ,1072 
1644251888.339228 ### DEBUG: Ticks: 1077, 15, 1 
1644251888.339526 1640050291 c0:98:e5:42:00:29 5143 
1644251888.339720 4653 4707 4725 4735 4759 4764 4780 4798 4799 4820 4828 4838 4841 4857 4860 
1644251888.339908 4882 4900 4924 4925 4926 4927 4935 4949 4960 5044 5051 5054 5095 5158 5163 
1644251888.994549 ### RSSI: -68, 29, 1640050292 ,1088 
1644251889.337628 ### DEBUG: Ticks: 1093, 16, 1 
1644251889.337893 1640050292 c0:98:e5:42:00:29 5175 
1644251889.338088 4762 4799 4814 4835 4838 4840 4855 4861 4888 4894 4904 4916 4937 4952 4953 
1644251889.338275 4965 4967 4968 5001 5017 5032 5059 5066 5068 5070 5116 5140 5145 5161 5235 
1644251889.992478 ### RSSI: -68, 31, 1640050293 ,1103 
1644251890.336723 ### DEBUG: Ticks: 1108, 15, 1 
1644251890.336989 1640050293 c0:98:e5:42:00:29 5177 
1644251890.337183 4735 4775 4789 4814 4841 4870 4872 4876 4888 4896 4907 4917 4935 4943 4960 
1644251890.337397 4973 4985 5014 5016 5043 5056 5059 5081 5082 5083 5112 5142 5157 5230 5249 
1644251890.992776 ### RSSI: -65, 30, 1640050294 ,1119 
1644251891.334791 ### ERROR: Failed reading SquarePoint packet length
1644251891.989810 ### RSSI: -69, 29, 1640050295 ,1134 
1644251892.999014 ### RSSI: -69, 12, 1640050296 ,1150 
1644251893.332840 ### DEBUG: Ticks: 1155, 47, 1 
1644251893.333128 1640050296 c0:98:e5:42:00:29 5155 
1644251893.344279 4736 4745 4757 4803 4826 4841 4857 4858 4864 4865 4873 4875 4877 4882 4911 
1644251893.344624 4920 4938 4942 4988 5005 5015 5027 5039 5063 5068 5088 5097 5099 5153 5197 
1644251893.989104 ### RSSI: -69, 0, 1640050296 ,1166 
1644251894.334288 ### DEBUG: Ticks: 1171, 16, 1 
1644251894.334546 1640050297 c0:98:e5:42:00:29 5187 
1644251894.334737 4702 4708 4735 4764 4785 4800 4834 4839 4848 4852 4863 4880 4901 4904 4911 
1644251894.334921 4916 4921 4921 4962 4970 4972 4982 5003 5028 5039 5042 5064 5158 5194 5227 
1644251894.989596 ### RSSI: -72, 18, 1640050297 ,1181 
1644251895.333750 ### DEBUG: Ticks: 1187, 16, 1 
1644251895.334014 1640050298 c0:98:e5:42:00:29 5140 
1644251895.334208 4692 4723 4729 4763 4775 4779 4794 4795 4833 4840 4855 4856 4871 4874 4886 
1644251895.334393 4903 4911 4912 4915 4929 4931 4977 4977 4996 5025 5049 5075 5105 5105 5181 
1644251895.988917 ### RSSI: -74, 32, 1640050298 ,1197 
1644251896.334230 ### DEBUG: Ticks: 1202, 15, 1 
1644251896.334522 1640050299 c0:98:e5:42:00:29 5178 
1644251896.334741 4641 4738 4748 4767 4814 4816 4824 4852 4864 4869 4875 4889 4891 4899 4907 
1644251896.334955 4930 4945 4961 4967 4980 5001 5021 5042 5054 5077 5095 5097 5117 5179 5208 
1644251896.990108 ### RSSI: -68, 28, 1640050299 ,1212 
1644251897.333354 ### DEBUG: Ticks: 1218, 16, 1 
1644251897.333617 1640050300 c0:98:e5:42:00:29 5177 
1644251897.333812 4707 4728 4753 4785 4791 4813 4814 4829 4830 4844 4871 4882 4891 4906 4906 
1644251897.333997 4909 4926 4933 4966 4978 4986 5008 5018 5037 5046 5059 5082 5090 5096 5197 
1644251897.988102 ### RSSI: -70, 36, 1640050300 ,1228 
1644251898.333501 ### DEBUG: Ticks: 1233, 15, 1 
1644251898.333763 1640050301 c0:98:e5:42:00:29 5179 
1644251898.333943 4697 4749 4776 4776 4820 4834 4855 4861 4862 4869 4898 4899 4910 4910 4914 
1644251898.346251 4923 4956 4991 4992 4997 5021 5046 5050 5055 5065 5076 5085 5116 5134 5231 
1644251898.992374 ### RSSI: -68, 12, 1640050301 ,1244 
1644251899.337626 ### DEBUG: Ticks: 1249, 16, 1 
1644251899.337888 1640050302 c0:98:e5:42:00:29 5198 
1644251899.338081 4768 4788 4803 4835 4860 4860 4871 4888 4891 4897 4902 4917 4919 4931 4933 
1644251899.338268 4957 4981 4989 5019 5027 5035 5037 5039 5042 5100 5103 5121 5132 5200 5232 
1644251899.993438 ### RSSI: -74, 24, 1640050302 ,1259 
1644251900.337598 ### DEBUG: Ticks: 1265, 16, 1 
1644251900.337857 1640050303 c0:98:e5:42:00:29 5206 
1644251900.338052 4724 4790 4798 4808 4828 4842 4860 4864 4882 4886 4889 4900 4901 4917 4935 
1644251900.338241 4941 4948 4953 4984 4998 5031 5031 5037 5045 5070 5083 5094 5105 5120 5235 
1644251900.992091 ### RSSI: -73, 32, 1640050304 ,1275 
1644251901.335183 ### DEBUG: Ticks: 1280, 15, 1 
1644251901.335478 1640050304 c0:98:e5:42:00:29 5177 
1644251901.335697 4659 4716 4717 4794 4807 4808 4816 4831 4840 4843 4851 4866 4880 4904 4908 
1644251901.335884 4916 4951 4953 4977 4990 4996 5011 5022 5022 5060 5063 5090 5092 5195 5201 
1644251901.743601 ### INFO: SD card flushed!
1644251901.992092 ### RSSI: -66, 35, 1640050305 ,1291 
1644251902.335178 ### DEBUG: Ticks: 1296, 16, 1 
1644251902.335458 1640050305 c0:98:e5:42:00:29 5168 
1644251902.335679 4575 4703 4731 4757 4780 4784 4802 4805 4810 4818 4830 4835 4843 4850 4852 
1644251902.335864 4891 4904 4920 4931 4947 4957 4969 4983 4999 5009 5025 5038 5042 5057 5155 
1644251902.992247 ### RSSI: -73, 25, 1640050306 ,1306 
1644251903.335495 ### DEBUG: Ticks: 1312, 16, 1 
1644251903.335763 1640050306 c0:98:e5:42:00:29 5175 
1644251903.335957 4738 4740 4754 4792 4798 4804 4804 4839 4844 4857 4867 4869 4876 4883 4889 
1644251903.336144 4905 4906 4920 4940 4951 4952 4952 5002 5002 5040 5047 5056 5101 5113 5179 
1644251903.990538 ### RSSI: -77, 24, 1640050307 ,1322 
1644251904.334235 ### ERROR: Failed reading SquarePoint packet length
1644251904.988914 ### RSSI: -75, 24, 1640050308 ,1337 
1644251905.993388 ### RSSI: -67, 35, 1640050309 ,1353 
1644251906.338114 ### DEBUG: Ticks: 1358, 46, 1 
1644251906.338384 1640050309 c0:98:e5:42:00:29 5153 
1644251906.338609 4642 4668 4693 4738 4759 4770 4781 4795 4804 4817 4826 4835 4841 4848 4851 
1644251906.338796 4858 4879 4916 4917 4927 4936 4941 4972 4989 5000 5027 5031 5060 5065 5162 
1644251906.993204 ### RSSI: -72, 32, 1640050310 ,1369 
1644251907.337364 ### DEBUG: Ticks: 1374, 16, 1 
1644251907.337639 1640050310 c0:98:e5:42:00:29 5192 
1644251907.337832 4772 4789 4808 4829 4833 4853 4863 4885 4910 4916 4916 4945 4954 4954 4959 
1644251907.338016 4967 4971 4976 4991 5001 5024 5038 5050 5059 5081 5121 5139 5146 5206 5269 
1644251907.991813 ### RSSI: -69, 5, 1640050311 ,1384 
1644251908.338968 ### DEBUG: Ticks: 1390, 16, 1 
1644251908.339241 1640050311 c0:98:e5:42:00:29 5140 
1644251908.339435 4637 4720 4722 4760 4769 4769 4788 4792 4801 4803 4812 4822 4826 4834 4840 
1644251908.339620 4844 4868 4886 4928 4936 4943 4951 4952 4958 4990 5009 5021 5031 5033 5149 
1644251908.994520 ### RSSI: -72, 34, 1640050312 ,1400 
1644251909.339234 ### DEBUG: Ticks: 1405, 15, 1 
1644251909.339516 1640050312 c0:98:e5:42:00:29 5179 
1644251909.339708 4727 4731 4756 4769 4779 4801 4823 4827 4851 4853 4860 4861 4881 4886 4897 
1644251909.339894 4898 4913 4936 4952 4956 4962 4966 4970 5001 5020 5054 5082 5102 5140 5208 
1644251909.993969 ### RSSI: -67, 19, 1640050313 ,1416 
1644251910.337795 ### DEBUG: Ticks: 1421, 16, 1 
1644251910.338064 1640050313 c0:98:e5:42:00:29 5140 
1644251910.338258 4711 4716 4737 4758 4765 4772 4785 4792 4797 4837 4842 4842 4849 4865 4867 
1644251910.338443 4878 4883 4918 4919 4920 4932 4934 4957 4989 4991 5019 5045 5050 5050 5164 
1644251910.992154 ### RSSI: -77, 2, 1640050314 ,1431 
1644251911.336622 ### DEBUG: Ticks: 1436, 15, 1 
1644251911.336893 1640050314 c0:98:e5:42:00:29 5198 
1644251911.337088 4727 4759 4763 4803 4805 4819 4830 4833 4849 4870 4873 4882 4909 4915 4922 
1644251911.337275 4937 4937 4951 4956 4982 4991 5003 5021 5032 5050 5072 5088 5092 5106 5209 
1644251911.990636 ### RSSI: -77, 4, 1640050315 ,1447 
1644251912.334873 ### DEBUG: Ticks: 1452, 16, 1 
1644251912.335140 1640050315 c0:98:e5:42:00:29 5110 
1644251912.335335 4648 4666 4668 4677 4704 4712 4731 4740 4761 4770 4772 4776 4776 4788 4793 
1644251912.335523 4810 4826 4836 4846 4853 4870 4896 4902 4918 4932 4969 4971 5005 5008 5108 
1644251912.989728 ### RSSI: -64, 30, 1640050316 ,1462 
1644251913.334870 ### DEBUG: Ticks: 1468, 16, 1 
1644251913.335141 1640050316 c0:98:e5:42:00:29 5214 
1644251913.335335 4734 4742 4786 4805 4829 4836 4839 4859 4863 4888 4893 4897 4911 4934 4938 
1644251913.335519 4941 4946 4964 4968 4980 4982 5003 5006 5011 5032 5060 5095 5107 5122 5218 
1644251913.992901 ### RSSI: -77, 1, 1640050317 ,1478 
1644251914.338546 ### DEBUG: Ticks: 1483, 15, 1 
1644251914.338789 1640050317 c0:98:e5:42:00:29 5169 
1644251914.339552 4693 4733 4738 4752 4781 4807 4810 4831 4833 4836 4840 4842 4846 4850 4853 
1644251914.339733 4875 4904 4920 4927 4949 4952 4954 4957 4960 5034 5036 5041 5043 5056 5159 
1644251914.994699 ### RSSI: -75, 20, 1640050318 ,1494 
1644251915.340921 ### DEBUG: Ticks: 1499, 16, 1 
1644251915.341168 1640050318 c0:98:e5:42:00:29 5176 
1644251915.341356 4724 4728 4734 4754 4788 4793 4813 4818 4825 4830 4847 4862 4867 4878 4890 
1644251915.341540 4892 4906 4913 4950 4961 4974 4998 5000 5013 5047 5057 5058 5067 5099 5189 
1644251915.990148 ### RSSI: -70, 26, 1640050319 ,1509 
1644251916.335127 ### DEBUG: Ticks: 1515, 16, 1 
1644251916.335372 1640050319 c0:98:e5:42:00:29 5141 
1644251916.335563 4703 4711 4733 4781 4784 4794 4795 4835 4859 4866 4867 4871 4872 4875 4889 
1644251916.335752 4894 4912 4935 4951 4953 4979 4979 5004 5005 5007 5043 5074 5099 5151 5179 
1644251916.993281 ### RSSI: -78, 4, 1640050319 ,1525 
1644251917.330733 ### ERROR: Failed reading SquarePoint packet length
1644251917.991576 ### RSSI: -78, 8, 1640050320 ,1540 
1644251918.995353 ### RSSI: -72, 34, 1640050321 ,1556 
1644251919.340182 ### DEBUG: Ticks: 1561, 46, 1 
1644251919.340441 1640050322 c0:98:e5:42:00:29 5122 
1644251919.340690 4683 4713 4729 4736 4752 4764 4765 4766 4804 4811 4817 4822 4824 4834 4839 
1644251919.340877 4850 4863 4883 4884 4902 4919 4925 4932 4932 4987 5012 5030 5031 5042 5145 
1644251919.994316 ### RSSI: -68, 36, 1640050322 ,1572 
1644251920.340327 ### DEBUG: Ticks: 1577, 16, 1 
1644251920.341065 1640050323 c0:98:e5:42:00:29 5140 
1644251920.341422 4688 4731 4752 4769 4788 4800 4819 4832 4833 4860 4861 4864 4875 4879 4886 
1644251920.341868 4887 4928 4937 4956 4980 4982 4983 5009 5027 5027 5030 5077 5084 5112 5202 
1644251920.995941 ### RSSI: -72, 23, 1640050323 ,1587 
1644251921.339730 ### DEBUG: Ticks: 1593, 16, 1 
1644251921.339984 1640050324 c0:98:e5:42:00:29 5190 
1644251921.340177 4730 4770 4803 4821 4827 4830 4836 4848 4862 4863 4878 4884 4895 4903 4911 
1644251921.340374 4932 4963 4972 5001 5002 5005 5015 5016 5035 5050 5072 5079 5103 5123 5217 
1644251921.987966 ### RSSI: -71, 14, 1640050324 ,1603 
1644251922.338640 ### DEBUG: Ticks: 1608, 15, 1 
1644251922.338927 1640050325 c0:98:e5:42:00:29 5171 
1644251922.339120 4693 4720 4731 4748 4780 4787 4804 4830 4831 4842 4852 4861 4876 4882 4883 
1644251922.339306 4895 4916 4918 4933 4964 4967 4967 4969 5008 5024 5030 5069 5070 5071 5180 
1644251922.989322 ### RSSI: -79, 8, 1640050325 ,1619 
1644251923.337949 ### DEBUG: Ticks: 1624, 16, 1 
1644251923.338236 1640050326 c0:98:e5:42:00:29 5170 
1644251923.338427 4741 4749 4751 4785 4803 4811 4819 4821 4856 4862 4869 4873 4878 4880 4883 
1644251923.338613 4884 4945 4951 4964 4971 4977 4980 5000 5005 5025 5071 5072 5093 5112 5198 
1644251923.996295 ### RSSI: -70, 17, 1640050326 ,1634 
1644251924.345071 ### DEBUG: Ticks: 1640, 16, 1 
1644251924.345859 1640050327 c0:98:e5:42:00:29 5132 
1644251924.346104 4679 4705 4705 4741 4755 4763 4770 4772 4787 4798 4799 4823 4826 4828 4830 
1644251924.346283 4850 4861 4891 4893 4912 4918 4918 4934 4950 4965 4995 5040 5040 5046 5149 
1644251925.337848 ### DEBUG: Ticks: 1655, 15, 1 
1644251925.338130 1640050328 c0:98:e5:42:00:29 -2147483647 
1644251925.338617 -2147483647 -2147483647 -2147483647 -2147483647 -2147483647 -2147483647 -2147483647 -2147483647 -2147483647 -2147483647 -2147483647 -2147483647 -2147483647 -2147483647 -2147483647 
1644251925.339299 -2147483647 -2147483647 -2147483647 -2147483647 -2147483647 -2147483647 -2147483647 -2147483647 -2147483647 -2147483647 -2147483647 -2147483647 -2147483647 -2147483647 -2147483647 
1644251926.272463 ### BLE EVENT: 16, INFO: BLE CONNECTED!
1644251926.272828 ### RSSI: -69, 32, 1640050329 ,1670 
1644251926.338684 ### DEBUG: Ticks: 1671, 16, 1 
1644251926.338927 1640050329 c0:98:e5:42:00:29 5184 
1644251926.339120 4760 4762 4765 4774 4818 4824 4827 4841 4845 4868 4870 4886 4905 4914 4920 
1644251926.339304 4923 4930 4934 4952 4980 4986 5006 5018 5038 5069 5083 5091 5100 5112 5221 
1644251926.372349 ### RSSI: -70, 10, 1640050329 ,1671 
1644251926.565285 ### RSSI: -73, 23, 1640050329 ,1674 
1644251926.673060 ### RSSI: -69, 18, 1640050329 ,1676 
1644251926.770864 ### RSSI: -69, 26, 1640050329 ,1678 
1644251926.868781 ### RSSI: -70, 10, 1640050329 ,1679 
1644251926.964379 ### RSSI: -68, 12, 1640050330 ,1681 
1644251927.072075 ### RSSI: -71, 13, 1640050330 ,1682 
1644251927.168995 ### RSSI: -76, 25, 1640050330 ,1684 
1644251927.265841 ### RSSI: -68, 29, 1640050330 ,1685 
1644251927.341732 ### DEBUG: Ticks: 1686, 15, 1 
1644251927.341967 1640050330 c0:98:e5:42:00:29 5169 
1644251927.342162 4733 4753 4754 4771 4794 4817 4827 4829 4846 4853 4869 4886 4893 4897 4909 
1644251927.342372 4915 4919 4934 4957 4961 4962 4968 4987 5021 5043 5053 5071 5095 5100 5210 
1644251927.375472 ### RSSI: -68, 27, 1640050330 ,1687 
1644251927.471157 ### RSSI: -75, 15, 1640050330 ,1688 
1644251927.568029 ### RSSI: -74, 20, 1640050330 ,1690 
1644251927.664840 ### RSSI: -67, 0, 1640050330 ,1692 
1644251927.772771 ### RSSI: -67, 36, 1640050330 ,1693 
1644251927.868614 ### RSSI: -66, 35, 1640050331 ,1695 
1644251927.965442 ### RSSI: -76, 2, 1640050331 ,1696 
1644251928.095210 ### BLE EVENT: 17, INFO: BLE DISCONNECTED!
1644251928.334725 ### DEBUG: Ticks: 1702, 16, 0 
1644251928.334982 1640050331 c0:98:e5:42:00:29 5196 
1644251928.346232 4708 4745 4759 4760 4815 4827 4855 4857 4862 4869 4873 4883 4902 4908 4923 
1644251928.346470 4938 4949 4968 4974 4978 5021 5024 5034 5034 5056 5079 5096 5120 5121 5216 
1644251928.967198 ### RSSI: -64, 28, 1640050332 ,1712 
1644251929.340445 ### DEBUG: Ticks: 1718, 16, 0 
1644251929.340756 1640050332 c0:98:e5:42:00:29 5189 
1644251929.340949 4713 4774 4810 4812 4833 4843 4865 4868 4869 4878 4884 4900 4903 4919 4925 
1644251929.341136 4950 4962 4968 4991 5005 5021 5036 5052 5066 5069 5107 5116 5125 5129 5210 
1644251929.971002 ### RSSI: -66, 28, 1640050333 ,1728 
1644251930.342472 ### DEBUG: Ticks: 1733, 15, 0 
1644251930.342763 1640050333 c0:98:e5:42:00:29 5214 
1644251930.342956 4740 4776 4814 4817 4862 4864 4870 4870 4893 4922 4926 4930 4939 4955 4956 
1644251930.343142 4967 4998 5012 5015 5035 5051 5052 5070 5074 5115 5126 5151 5156 5232 5249 
1644251930.974047 ### RSSI: -74, 15, 1640050334 ,1743 
1644251931.334192 ### ERROR: Failed reading SquarePoint packet length
1644251931.965024 ### RSSI: -69, 5, 1640050335 ,1759 
1644251932.967109 ### RSSI: -70, 27, 1640050336 ,1774 
1644251933.338085 ### DEBUG: Ticks: 1780, 47, 0 
1644251933.338370 1640050336 c0:98:e5:42:00:29 5143 
1644251933.338563 4700 4727 4748 4764 4784 4794 4807 4811 4825 4850 4852 4852 4867 4873 4879 
1644251933.338779 4880 4903 4907 4923 4923 4950 4952 4973 5004 5008 5044 5046 5077 5105 5188 
1644251933.969899 ### RSSI: -70, 13, 1640050337 ,1790 
1644251934.341565 ### DEBUG: Ticks: 1796, 16, 0 
1644251934.341835 1640050337 c0:98:e5:42:00:29 5136 
1644251934.342026 4645 4689 4693 4697 4707 4718 4745 4757 4764 4781 4799 4801 4812 4822 4838 
1644251934.342212 4838 4844 4845 4876 4887 4912 4928 4931 4939 4943 4979 5012 5047 5060 5128 
1644251934.972783 ### RSSI: -75, 20, 1640050338 ,1806 
1644251935.334456 ### DEBUG: Ticks: 1811, 15, 0 
1644251935.334724 1640050338 c0:98:e5:42:00:29 5177 
1644251935.334918 4723 4746 4752 4774 4794 4796 4827 4828 4840 4856 4874 4878 4908 4912 4917 
1644251935.347216 4930 4940 4948 4973 4975 4996 5007 5045 5046 5052 5057 5087 5118 5121 5205 
1644251935.964216 ### RSSI: -68, 35, 1640050339 ,1821 
1644251936.336899 ### DEBUG: Ticks: 1827, 16, 0 
1644251936.337169 1640050339 c0:98:e5:42:00:29 5181 
1644251936.337363 4730 4743 4759 4770 4803 4827 4827 4837 4848 4863 4866 4880 4889 4893 4895 
1644251936.337547 4912 4923 4945 4977 4983 4990 5009 5010 5035 5037 5038 5062 5092 5098 5199 
1644251936.967296 ### RSSI: -70, 22, 1640050340 ,1837 
1644251937.334645 ### DEBUG: Ticks: 1843, 16, 0 
1644251937.334892 1640050340 c0:98:e5:42:00:29 5209 
1644251937.335085 4752 4758 4776 4790 4834 4840 4844 4848 4862 4873 4896 4897 4932 4935 4939 
1644251937.335296 4941 4945 4970 4992 4996 5026 5029 5055 5056 5076 5095 5109 5117 5131 5225 
1644251937.972235 ### RSSI: -72, 10, 1640050341 ,1852 
1644251938.338548 ### DEBUG: Ticks: 1858, 15, 0 
1644251938.338812 1640050341 c0:98:e5:42:00:29 5187 
1644251938.339006 4715 4725 4728 4730 4779 4796 4813 4817 4832 4836 4851 4854 4862 4868 4881 
1644251938.339192 4883 4907 4926 4937 4937 4956 4958 4968 4992 4993 5028 5048 5059 5072 5208 
1644251938.964434 ### RSSI: -78, 1, 1640050342 ,1868 
1644251939.331631 ### DEBUG: Ticks: 1874, 16, 0 
1644251939.342802 1640050342 c0:98:e5:42:00:29 5199 
1644251939.343041 4719 4722 4777 4798 4822 4827 4835 4851 4851 4861 4881 4882 4884 4889 4899 
1644251939.343294 4931 4937 4941 4954 4960 4994 4998 5022 5026 5068 5093 5096 5117 5207 5240 
1644251939.968784 ### RSSI: -70, 17, 1640050343 ,1884 
1644251940.337940 ### DEBUG: Ticks: 1889, 15, 0 
1644251940.338233 1640050343 c0:98:e5:42:00:29 5164 
1644251940.338425 4683 4733 4737 4741 4783 4786 4806 4809 4824 4848 4856 4865 4871 4881 4887 
1644251940.338610 4889 4914 4922 4930 4955 4958 4972 4980 5026 5028 5038 5069 5079 5087 5185 
1644251940.747207 ### INFO: SD card flushed!
1644251940.970635 ### RSSI: -70, 6, 1640050344 ,1899 
1644251941.339273 ### DEBUG: Ticks: 1905, 16, 0 
1644251941.339540 1640050344 c0:98:e5:42:00:29 5166 
1644251941.339731 4634 4649 4700 4751 4755 4770 4797 4806 4808 4809 4823 4825 4827 4835 4837 
1644251941.339918 4873 4875 4904 4926 4937 4942 4964 4977 4978 5012 5054 5059 5065 5157 5158 
1644251941.966814 ### RSSI: -77, 25, 1640050344 ,1915 
1644251942.334131 ### DEBUG: Ticks: 1921, 16, 0 
1644251942.334397 1640050345 c0:98:e5:42:00:29 5143 
1644251942.346716 4695 4707 4734 4774 4784 4786 4790 4816 4816 4819 4831 4832 4850 4851 4852 
1644251942.346958 4868 4876 4897 4910 4912 4923 4946 4953 4963 4991 5032 5036 5047 5063 5158 
1644251942.971535 ### RSSI: -73, 9, 1640050345 ,1931 
1644251943.341673 ### DEBUG: Ticks: 1936, 15, 0 
1644251943.341952 1640050346 c0:98:e5:42:00:29 5185 
1644251943.342143 4654 4732 4776 4789 4805 4809 4820 4824 4832 4841 4850 4856 4869 4873 4887 
1644251943.342329 4923 4925 4946 4970 4978 4987 4989 5015 5036 5047 5054 5061 5095 5103 5184 
1644251943.969011 ### RSSI: -65, 19, 1640050346 ,1946 
1644251944.331909 ### ERROR: Failed reading SquarePoint packet length
1644251944.970447 ### RSSI: -71, 26, 1640050347 ,1962 
1644251945.972313 ### RSSI: -68, 29, 1640050348 ,1977 
1644251946.343601 ### DEBUG: Ticks: 1983, 47, 0 
1644251946.343876 1640050349 c0:98:e5:42:00:29 5162 
1644251946.344070 4727 4741 4752 4770 4781 4798 4799 4821 4822 4839 4848 4858 4868 4878 4884 
1644251946.344255 4886 4899 4929 4929 4935 4958 4977 4980 4999 5013 5034 5067 5070 5084 5196 
1644251947.064960 ### RSSI: -78, 4, 1640050350 ,1995 
1644251947.336699 ### DEBUG: Ticks: 1999, 16, 0 
1644251947.336961 1640050350 c0:98:e5:42:00:29 5189 
1644251947.337152 4695 4764 4767 4772 4817 4829 4829 4849 4853 4864 4880 4882 4883 4890 4906 
1644251947.337336 4909 4932 4973 4985 4990 4998 4999 5006 5010 5051 5085 5095 5101 5204 5205 
1644251948.069011 ### RSSI: -68, 31, 1640050351 ,2010 
1644251948.339377 ### DEBUG: Ticks: 2014, 15, 0 
1644251948.339648 1640050351 c0:98:e5:42:00:29 5138 
1644251948.339843 4695 4722 4732 4734 4746 4777 4785 4788 4812 4813 4838 4844 4846 4849 4855 
1644251948.340029 4867 4877 4890 4895 4909 4914 4951 4955 4956 4994 5049 5049 5056 5076 5173 
1644251949.071060 ### RSSI: -68, 0, 1640050352 ,2026 
1644251949.341927 ### DEBUG: Ticks: 2030, 16, 0 
1644251949.342194 1640050352 c0:98:e5:42:00:29 5176 
1644251949.342387 4668 4706 4726 4762 4798 4812 4832 4841 4841 4850 4857 4870 4871 4872 4895 
1644251949.342572 4923 4926 4951 4953 4984 4988 4992 5001 5009 5011 5068 5076 5091 5182 5194 
