1641686342.294964 ###RTT Client: ************************************************************ 
1641686342.295118 ###RTT Client: *               SEGGER Microcontroller GmbH                * 
1641686342.295159 ###RTT Client: *   Solutions for real time microcontroller applications   * 
1641686342.295200 ###RTT Client: ************************************************************ 
1641686342.295239 ###RTT Client: *                                                          * 
1641686342.295279 ###RTT Client: *       (c) 2012 - 2016  SEGGER Microcontroller GmbH       * 
1641686342.295319 ###RTT Client: *                                                          * 
1641686342.295390 ###RTT Client: *     www.segger.com     Support: support@segger.com       * 
1641686342.295433 ###RTT Client: *                                                          * 
1641686342.295473 ###RTT Client: ************************************************************ 
1641686342.295512 ###RTT Client: *                                                          * 
1641686342.295551 ###RTT Client: * SEGGER J-Link RTT Client   Compiled Jan 30 2018 18:46:58 * 
1641686342.295591 ###RTT Client: *                                                          * 
1641686342.295630 ###RTT Client: ************************************************************ 
1641686342.295669 
1641686342.295708 ###RTT Client: -----------------------------------------------
1641686342.295747 ###RTT Client: Connecting to J-Link RTT Server via localhost:9201  Connected.
1641686342.295788 SEGGER J-Link V6.30 - Real time terminal output
1641686342.295832 J-Link EDU Mini V1 compiled Oct 22 2019 16:28:45 V1.0, SN=801021855
1641686342.295876 Process: JLinkExe
1641686342.295921 ### RSSI: -46, 32, 1640051372 ,180 
1641686342.295966 ### DEBUG: Ticks: 185, 15, 1 
1641686342.296016 1640051372 c0:98:e5:42:00:2c 233 
1641686342.296056 276 346 355 363 373 396 397 401 419 430 440 441 457 459 460 
1641686342.296101 475 486 491 492 499 499 521 535 550 552 561 569 574 577 638 
1641686342.296146 ### RSSI: -46, 20, 1640051373 ,196 
1641686342.296191 ### DEBUG: Ticks: 201, 16, 1 
1641686342.296299 1640051373 c0:98:e5:42:00:2c 230 
1641686342.296391 319 366 370 374 403 410 412 415 418 422 426 437 441 451 458 
1641686342.296437 464 471 505 513 520 535 536 537 540 540 568 602 604 612 633 
1641686342.296483 ### RSSI: -46, 4, 1640051374 ,211 
1641686342.296528 ### DEBUG: Ticks: 216, 15, 1 
1641686342.296568 1640051374 c0:98:e5:42:00:2c 219 
1641686342.296608 305 337 359 359 369 371 387 392 396 400 402 422 434 437 439 
1641686342.296653 439 439 442 445 447 461 462 466 478 481 489 529 577 581 594 
1641686342.296698 ### RSSI: -46, 14, 1640051375 ,227 
1641686342.296739 ### DEBUG: Ticks: 232, 16, 1 
1641686342.296779 1640051375 c0:98:e5:42:00:2c 204 
1641686342.296824 248 305 309 342 346 354 368 375 376 378 379 387 390 400 405 
1641686342.296869 411 419 435 436 447 449 453 459 469 485 498 513 519 543 553 
1641686342.296909 ### RSSI: -46, 16, 1640051376 ,242 
1641686342.296954 ### DEBUG: Ticks: 248, 16, 1 
1641686342.297020 1640051376 c0:98:e5:42:00:2c 224 
1641686342.297060 312 341 358 361 366 393 401 407 411 426 427 430 437 439 446 
1641686342.297100 452 461 467 475 481 511 521 523 542 547 562 582 593 618 646 
1641686342.297140 ### RSSI: -45, 12, 1640051377 ,258 
1641686342.297179 ### DEBUG: Ticks: 263, 15, 1 
1641686342.297218 1640051377 c0:98:e5:42:00:2c 231 
1641686342.297258 321 371 388 389 390 402 413 419 420 420 420 423 447 463 463 
1641686342.297297 465 468 481 485 492 499 513 515 516 519 544 559 618 629 0 
1641686342.297336 ### RSSI: -46, 5, 1640051378 ,274 
1641686342.297375 ### DEBUG: Ticks: 279, 16, 1 
1641686342.297415 1640051378 c0:98:e5:42:00:2c 200 
1641686342.297454 258 295 297 329 339 341 343 359 364 367 368 375 396 398 399 
1641686342.297493 402 403 417 420 430 443 452 456 483 486 496 508 515 518 519 
1641686342.297532 ### RSSI: -46, 1, 1640051379 ,289 
1641686342.297572 ### DEBUG: Ticks: 295, 16, 1 
1641686342.297611 1640051379 c0:98:e5:42:00:2c 233 
1641686342.297650 342 352 360 375 389 390 397 401 427 428 433 443 449 453 459 
1641686342.297690 473 481 488 489 498 510 520 523 525 531 532 542 554 562 587 
1641686342.297729 ### RSSI: -46, 2, 1640051380 ,305 
1641686342.297769 ### DEBUG: Ticks: 310, 15, 1 
1641686342.297808 1640051380 c0:98:e5:42:00:2c 241 
1641686342.297847 343 349 375 412 432 442 444 449 451 452 454 457 466 468 472 
1641686342.297887 495 524 532 535 536 553 555 557 560 572 573 594 619 628 637 
1641686342.297927 ### RSSI: -46, 27, 1640051381 ,321 
1641686342.297966 ### DEBUG: Ticks: 326, 16, 1 
1641686342.298005 1640051381 c0:98:e5:42:00:2c 265 
1641686342.298044 346 426 441 447 466 480 494 497 500 502 505 510 521 530 530 
1641686342.298084 535 541 555 559 563 571 573 588 593 623 629 632 676 706 0 
1641686342.298123 ### RSSI: -46, 31, 1640051382 ,336 
1641686342.298163 ### DEBUG: Ticks: 341, 15, 1 
1641686342.298202 1640051382 c0:98:e5:42:00:2c 252 
1641686342.298241 355 363 384 384 417 425 431 435 438 449 475 477 483 486 497 
1641686342.298280 514 519 519 527 533 547 566 569 571 587 588 605 613 615 655 
1641686342.298320 ### RSSI: -47, 24, 1640051383 ,352 
1641686342.298359 ### DEBUG: Ticks: 357, 16, 1 
1641686342.298398 1640051383 c0:98:e5:42:00:2c 252 
1641686342.298438 334 371 402 404 416 431 432 434 436 438 443 488 489 503 504 
1641686342.298478 506 515 533 546 558 564 576 577 579 587 596 613 619 633 668 
1641686342.298517 ### RSSI: -46, 5, 1640051384 ,367 
1641686342.298556 ### DEBUG: Ticks: 373, 16, 1 
1641686342.298595 1640051384 c0:98:e5:42:00:2c 267 
1641686342.298635 437 440 444 473 473 478 484 485 495 497 505 510 514 516 533 
1641686342.298674 536 542 543 546 557 567 568 575 597 599 626 629 635 636 723 
1641686342.298714 ### RSSI: -46, 29, 1640051385 ,383 
1641686342.298753 ### DEBUG: Ticks: 388, 15, 1 
1641686342.298793 1640051385 c0:98:e5:42:00:2c 222 
1641686342.298837 297 309 357 381 382 389 407 409 418 425 426 430 436 439 443 
1641686342.298877 447 449 459 463 463 467 500 518 530 538 578 593 594 601 621 
1641686342.298916 ### RSSI: -46, 32, 1640051386 ,399 
1641686342.298956 ### DEBUG: Ticks: 404, 16, 1 
1641686342.298995 1640051386 c0:98:e5:42:00:2c 240 
1641686342.299034 343 369 411 418 425 430 431 439 444 446 449 460 462 464 479 
1641686342.299074 483 489 493 506 507 520 555 563 565 578 579 581 596 598 619 
1641686342.299113 ### RSSI: -46, 23, 1640051387 ,414 
1641686342.299153 ### DEBUG: Ticks: 420, 16, 1 
1641686342.299192 1640051387 c0:98:e5:42:00:2c 228 
1641686342.299231 303 375 390 398 407 414 414 420 426 432 435 442 445 445 455 
1641686342.299270 457 472 486 519 522 525 528 535 541 567 581 590 600 622 676 
1641686342.299310 ### RSSI: -46, 7, 1640051387 ,430 
1641686342.299349 ### DEBUG: Ticks: 435, 15, 1 
1641686342.299389 1640051388 c0:98:e5:42:00:2c 234 
1641686342.299430 346 363 369 371 379 391 397 400 437 442 443 453 462 466 468 
1641686342.299469 469 483 492 495 502 504 516 520 521 524 529 542 543 550 561 
1641686342.299509 ### RSSI: -46, 25, 1640051388 ,446 
1641686342.299548 ### DEBUG: Ticks: 451, 16, 1 
1641686342.299587 1640051389 c0:98:e5:42:00:2c 199 
1641686342.299629 264 324 340 351 361 365 368 369 376 377 381 382 383 384 397 
1641686342.299669 400 405 407 437 472 472 479 481 486 497 503 513 520 523 541 
1641686342.299708 ### RSSI: -46, 16, 1640051389 ,461 
1641686342.299747 ### DEBUG: Ticks: 466, 15, 1 
1641686342.299786 1640051390 c0:98:e5:42:00:2c 262 
1641686342.299826 396 410 435 442 443 449 463 472 487 507 508 509 518 522 524 
1641686342.299865 526 526 547 554 558 558 569 576 583 598 605 605 624 630 697 
1641686342.299904 ### RSSI: -46, 6, 1640051390 ,477 
1641686342.299944 ### DEBUG: Ticks: 482, 16, 1 
1641686342.299983 1640051391 c0:98:e5:42:00:2c 238 
1641686342.300022 340 369 406 411 424 425 432 433 441 447 450 455 459 469 475 
1641686342.300061 478 493 498 510 523 543 546 553 565 593 602 606 610 614 624 
1641686342.300101 ### RSSI: -46, 16, 1640051391 ,492 
1641686342.300140 ### DEBUG: Ticks: 498, 16, 1 
1641686342.300180 1640051392 c0:98:e5:42:00:2c 211 
1641686342.300219 294 320 352 363 365 373 379 381 386 391 396 404 406 415 420 
1641686342.300258 424 424 453 474 479 488 489 515 515 516 523 537 552 581 582 
1641686342.300298 ### RSSI: -46, 34, 1640051392 ,508 
1641686342.300337 ### DEBUG: Ticks: 513, 15, 1 
1641686342.300376 1640051393 c0:98:e5:42:00:2c 266 
1641686342.300416 383 413 416 456 456 474 475 479 484 486 490 501 510 529 532 
1641686342.300455 534 541 551 558 561 573 583 584 595 596 610 649 653 689 755 
1641686342.300494 ### RSSI: -46, 32, 1640051393 ,524 
1641686342.300533 ### DEBUG: Ticks: 529, 16, 1 
1641686342.300573 1640051394 c0:98:e5:42:00:2c 222 
1641686342.300612 304 345 355 393 400 401 402 403 406 408 415 425 429 433 444 
1641686342.300652 445 453 472 476 491 494 550 553 559 560 564 568 569 571 582 
1641686342.300691 ### RSSI: -52, 28, 1640051394 ,539 
1641686342.300731 
1641686342.300770 ----------------------------------------------
1641686342.300809 ### WARNING: Chip experienced a reset with reason 2
1641686342.300848 ### INFO: Bluetooth address: c0:98:e5:42:00:29
1641686342.300887 ### DEBUG: Time is 00:00:00, 2000/00/00
1641686342.300938 ### INFO: Time is 00:00:00, 2000/00/00
1641686342.300977 ### INFO: Initializing SD Card...
1641686342.301032 ### INFO: Connecting to the SquarePoint module...
1641686342.301071 ### INFO: SquarePoint module connection successful
1641686342.301111 ### INFO: Battery voltage currently 4053 mV
1641686342.301149 ### INFO: SD card flushed!
1641686342.301189 ### INFO: SD card flushed!
1641686342.301229 ### DEBUG: BLE START SCANNING called
1641686342.301268 ### DEBUG: Ticks: 17, 17, 0 
1641686342.301308 1640051397 c0:98:e5:42:00:2c 221 
1641686342.301347 312 341 375 377 384 393 403 407 409 416 423 434 437 437 443 
1641686342.301394 443 446 470 480 492 504 514 526 533 545 567 570 591 603 613 
1641686342.301433 ### INFO: Switched Scheduler EUI from 00:00:00:00:00:00 to c0:98:e5:42:00:2c
1641686342.301474 ### DEBUG: BLE STOP SCANNING called
1641686342.301520 ### DEBUG: BLE START SCANNING called
1641686342.301565 ### DEBUG: Ticks: 32, 15, 0 
1641686342.301605 1640051398 c0:98:e5:42:00:2c 235 
1641686342.301645 314 334 390 392 396 414 431 437 439 442 449 450 452 455 465 
1641686342.301690 476 478 481 483 517 539 542 544 556 562 602 612 618 623 625 
1641686342.301735 ### DEBUG: BLE START SCANNING called
1641686342.301775 ### DEBUG: BLE START SCANNING called
1641686342.301820 ### DEBUG: BLE START SCANNING called
1641686342.301860 ### DEBUG: BLE START SCANNING called
1641686342.301905 ### DEBUG: BLE START SCANNING called
1641686342.301950 ### INFO: Device is now STATIONARY
1641686342.301997 ### DEBUG: Ticks: 48, 16, 0 
1641686342.302043 1640051399 c0:98:e5:42:00:2c 225 
1641686342.302083 310 317 372 374 381 386 387 405 407 422 428 430 436 442 446 
1641686342.302123 456 463 466 481 494 495 515 515 551 580 580 624 628 636 655 
1641686342.302162 ### DEBUG: BLE START SCANNING called
1641686342.302214 ### DEBUG: BLE START SCANNING called
1641686342.302258 ### DEBUG: BLE START SCANNING called
1641686342.302298 ### DEBUG: BLE START SCANNING called
1641686342.302337 ### DEBUG: BLE START SCANNING called
1641686342.302380 ### DEBUG: BLE START SCANNING called
1641686342.302423 ### DEBUG: BLE START SCANNING called
1641686342.302480 ### addr: c0:98:e5:42:00:2c 
1641686342.302524 ### on_adv_report outer RSSI: -51, time:1640051400 
1641686342.302564 ### INFO: Discovered new device: c0:98:e5:42:00:2c
1641686342.302603 ### DEBUG: connected? already connected
1641686342.302646 ### DEBUG: BLE START SCANNING called
1641686342.302689 ### BLE EVENT: 16, INFO: BLE CONNECTED!
1641686342.302731 ### DEBUG: BLE START SCANNING called
1641686342.302776 ### RSSI: -47, 22, 1640051400 ,63 
1641686342.302819 ### DEBUG: BLE START SCANNING called
1641686342.302862 ### DEBUG: Ticks: 64, 16, 1 
1641686342.302903 1640051400 c0:98:e5:42:00:2c 198 
1641686342.302942 242 293 307 320 320 329 345 351 354 375 387 387 389 392 396 
1641686342.302985 399 401 405 409 416 416 416 425 461 474 492 500 550 552 580 
1641686342.303025 ### DEBUG: BLE START SCANNING called
1641686342.303069 ### RSSI: -45, 30, 1640051400 ,64 
1641686342.303112 ### DEBUG: BLE START SCANNING called
1641686342.303155 ### RSSI: -46, 24, 1640051400 ,66 
1641686342.303194 ### DEBUG: BLE START SCANNING called
1641686342.303233 ### RSSI: -45, 18, 1640051400 ,67 
1641686342.303276 ### DEBUG: BLE START SCANNING called
1641686342.303318 ### INFO: Device is now IN MOTION
1641686342.303358 ### DEBUG: BLE START SCANNING called
1641686342.303397 ### RSSI: -46, 13, 1640051400 ,69 
1641686342.303437 ### DEBUG: BLE START SCANNING called
1641686342.303477 ### RSSI: -48, 21, 1640051400 ,70 
1641686342.303520 ### DEBUG: BLE START SCANNING called
1641686342.303562 ### RSSI: -49, 6, 1640051400 ,72 
1641686342.303605 ### DEBUG: BLE START SCANNING called
1641686342.303647 ### RSSI: -46, 31, 1640051400 ,74 
1641686342.303689 ### DEBUG: BLE START SCANNING called
1641686342.303732 ### DEBUG: BLE START SCANNING called
1641686342.303775 ### RSSI: -43, 5, 1640051401 ,75 
1641686342.303817 ### DEBUG: BLE START SCANNING called
1641686342.303860 ### RSSI: -43, 8, 1640051401 ,77 
1641686342.303903 ### DEBUG: BLE START SCANNING called
1641686342.303946 ### RSSI: -43, 19, 1640051401 ,78 
1641686342.303989 ### DEBUG: BLE START SCANNING called
1641686342.304031 ### DEBUG: Ticks: 79, 15, 1 
1641686342.304075 1640051401 c0:98:e5:42:00:2c 235 
1641686342.304122 337 352 369 383 387 404 407 408 422 422 425 439 443 454 471 
1641686342.304161 472 473 476 485 486 490 505 524 530 570 578 629 635 637 0 
1641686342.304204 ### DEBUG: BLE START SCANNING called
1641686342.304247 ### RSSI: -45, 36, 1640051401 ,80 
1641686342.304290 ### DEBUG: BLE START SCANNING called
1641686342.304334 ### RSSI: -46, 30, 1640051401 ,81 
1641686342.304376 ### DEBUG: BLE START SCANNING called
1641686342.304419 ### RSSI: -47, 33, 1640051401 ,83 
1641686342.304462 ### DEBUG: BLE START SCANNING called
1641686342.304505 ### RSSI: -46, 12, 1640051401 ,84 
1641686342.304549 ### DEBUG: BLE START SCANNING called
1641686342.304591 ### RSSI: -46, 7, 1640051401 ,86 
1641686342.304635 ### DEBUG: BLE START SCANNING called
1641686342.304677 ### RSSI: -46, 24, 1640051401 ,88 
1641686342.304720 ### DEBUG: BLE START SCANNING called
1641686342.304763 ### DEBUG: BLE START SCANNING called
1641686342.304806 ### DEBUG: Ticks: 95, 16, 1 
1641686342.304851 1640051402 c0:98:e5:42:00:2c 245 
1641686342.304893 320 339 392 414 417 417 431 442 455 458 459 467 473 474 490 
1641686342.304936 498 502 511 511 529 538 543 545 547 554 562 589 590 614 0 
1641686342.304979 ### DEBUG: BLE START SCANNING called
1641686342.305034 ### RSSI: -45, 32, 1640051402 ,103 
1641686342.305082 ### DEBUG: BLE START SCANNING called
1641686342.305122 ### DEBUG: Ticks: 110, 15, 1 
1641686342.305167 1640051403 c0:98:e5:42:00:2c 275 
1641686342.305212 414 442 446 498 500 502 515 516 519 525 532 543 547 547 551 
1641686342.305256 560 562 585 589 608 648 674 701 701 708 718 737 779 782 0 
1641686342.305301 ### STOPPED, setting module to STOPPED
1641686342.305346 ### INFO: Switched Scheduler EUI from c0:98:e5:42:00:2c to 00:00:00:00:00:00
1641686342.305392 ### RSSI: -42, 10, 1640051403 ,119 
1641686342.305431 ### INFO: SD card flushed!
1641686342.305471 ### INFO: Starting the SquarePoint module...
1641686342.305513 ### INFO: Starting SquarePoint module as PARTICIPANT with timestamp 1640051404
1641686342.305553 ### DEBUG: BLE STOP SCANNING called
1641686342.305593 ### INFO: SquarePoint module successfully started!
1641686342.305632 ### DEBUG: Ticks: 122, 12, 1 
1641686342.305671 1640051405 ### RSSI: -46, 36, 1640051405 ,134 
1641686342.305711 ### DEBUG: Ticks: 139, 17, 1 
1641686342.305750 1640051406 ### RSSI: -46, 3, 1640051407 ,150 
1641686342.305790 ### DEBUG: Ticks: 154, 15, 1 
1641686342.305830 1640051407 ### RSSI: -43, 17, 1640051408 ,166 
1641686342.305869 ### DEBUG: Ticks: 170, 16, 1 
1641686342.305907 1640051408 ### STOPPED, setting module to STOPPED
1641686342.305946 ### INFO: SD card flushed!
1641686342.305986 ### DEBUG: BLE START SCANNING called
1641686342.306025 ### DEBUG: BLE START SCANNING called
1641686342.306064 ### RSSI: -44, 10, 1640051409 ,181 
1641686342.306103 ### DEBUG: BLE START SCANNING called
1641686342.306142 ### DEBUG: BLE START SCANNING called
1641686342.306182 ### RSSI: -43, 11, 1640051410 ,197 
1641686342.306220 ### DEBUG: BLE START SCANNING called
1641686342.306260 ### DEBUG: BLE START SCANNING called
1641686342.306299 ### INFO: Device is now STATIONARY
1641686342.306339 ### DEBUG: BLE START SCANNING called
1641686342.306378 ### RSSI: -45, 1, 1640051411 ,213 
1641686342.306417 ### DEBUG: BLE START SCANNING called
1641686342.306456 ### DEBUG: BLE START SCANNING called
1641686342.306496 ### INFO: Device is now IN MOTION
1641686342.306535 ### DEBUG: BLE START SCANNING called
1641686342.306574 ### RSSI: -45, 15, 1640051412 ,228 
1641686342.306613 ### DEBUG: BLE START SCANNING called
1641686342.306653 ### DEBUG: BLE START SCANNING called
1641686342.306692 ### RSSI: -43, 24, 1640051413 ,244 
1641686342.306731 ### DEBUG: BLE START SCANNING called
1641686342.306770 ### DEBUG: BLE START SCANNING called
1641686342.306809 ### RSSI: -45, 0, 1640051414 ,259 
1641686342.306849 ### DEBUG: BLE START SCANNING called
1641686342.306888 ### DEBUG: BLE START SCANNING called
1641686342.306928 ### INFO: Device is now STATIONARY
1641686342.306967 ### DEBUG: BLE START SCANNING called
1641686342.307006 ### RSSI: -42, 31, 1640051415 ,275 
1641686342.307046 ### DEBUG: BLE START SCANNING called
1641686342.307085 ### DEBUG: BLE START SCANNING called
1641686342.307124 ### RSSI: -43, 13, 1640051416 ,291 
1641686342.307163 ### DEBUG: BLE START SCANNING called
1641686342.307202 ### DEBUG: BLE START SCANNING called
1641686342.307241 ### RSSI: -42, 27, 1640051417 ,306 
1641686342.307281 ### DEBUG: BLE START SCANNING called
1641686342.307320 ### DEBUG: BLE START SCANNING called
1641686342.307360 ### RSSI: -42, 28, 1640051418 ,322 
1641686342.307399 ### DEBUG: BLE START SCANNING called
1641686342.307439 ### DEBUG: BLE START SCANNING called
1641686342.307478 ### RSSI: -42, 23, 1640051419 ,337 
1641686342.307518 ### DEBUG: BLE START SCANNING called
1641686342.307557 ### DEBUG: BLE START SCANNING called
1641686342.307597 ### RSSI: -43, 13, 1640051420 ,353 
1641686342.307636 ### DEBUG: BLE START SCANNING called
1641686342.307676 ### DEBUG: BLE START SCANNING called
1641686342.307715 ### RSSI: -42, 27, 1640051421 ,369 
1641686342.307754 ### DEBUG: BLE START SCANNING called
1641686342.307793 ### DEBUG: BLE START SCANNING called
1641686342.307832 ### RSSI: -43, 22, 1640051422 ,384 
1641686342.307871 ### DEBUG: BLE START SCANNING called
1641686342.307910 ### INFO: Device is now IN MOTION
1641686342.307949 ### DEBUG: BLE START SCANNING called
1641686342.307989 ### DEBUG: BLE START SCANNING called
1641686342.308028 ### RSSI: -43, 18, 1640051423 ,400 
1641686342.308067 ### DEBUG: BLE START SCANNING called
1641686342.308106 ### DEBUG: BLE START SCANNING called
1641686342.308145 ### RSSI: -42, 18, 1640051424 ,416 
1641686342.308184 ### DEBUG: BLE START SCANNING called
1641686342.308223 ### DEBUG: BLE START SCANNING called
1641686342.308265 ### RSSI: -44, 5, 1640051425 ,431 
1641686342.308305 ### DEBUG: BLE START SCANNING called
1641686342.308344 ### DEBUG: BLE START SCANNING called
1641686342.308383 ### RSSI: -44, 14, 1640051426 ,447 
1641686342.308423 ### DEBUG: BLE START SCANNING called
1641686342.308462 ### DEBUG: BLE START SCANNING called
1641686342.308501 ### INFO: Device is now STATIONARY
1641686342.308541 ### DEBUG: BLE START SCANNING called
1641686342.308580 ### RSSI: -44, 14, 1640051427 ,462 
1641686342.308619 ### DEBUG: BLE START SCANNING called
1641686342.308658 ### DEBUG: BLE START SCANNING called
1641686342.308698 ### RSSI: -43, 21, 1640051428 ,478 
1641686342.308737 ### DEBUG: BLE START SCANNING called
1641686342.308776 ### DEBUG: BLE START SCANNING called
1641686342.308815 ### RSSI: -43, 24, 1640051429 ,494 
1641686342.308854 ### DEBUG: BLE START SCANNING called
1641686342.308894 ### DEBUG: BLE START SCANNING called
1641686342.308933 ### RSSI: -48, 20, 1640051430 ,509 
1641686342.308972 ### DEBUG: BLE START SCANNING called
1641686342.309160 ### DEBUG: BLE START SCANNING called
1641686342.309201 ### RSSI: -45, 18, 1640051432 ,525 
1641686342.309241 ### DEBUG: BLE START SCANNING called
1641686342.309280 ### DEBUG: BLE START SCANNING called
1641686342.309319 ### RSSI: -42, 17, 1640051433 ,541 
1641686342.309359 ### DEBUG: BLE START SCANNING called
1641686342.309398 ### DEBUG: BLE START SCANNING called
1641686342.309437 ### RSSI: -48, 1, 1640051434 ,556 
1641686342.309476 ### DEBUG: BLE START SCANNING called
1641686342.309516 ### DEBUG: BLE START SCANNING called
1641686342.309556 ### RSSI: -43, 24, 1640051435 ,572 
1641686342.309595 ### DEBUG: BLE START SCANNING called
1641686342.309635 ### DEBUG: BLE START SCANNING called
1641686342.309678 ### RSSI: -42, 33, 1640051436 ,587 
1641686342.309722 ### DEBUG: BLE START SCANNING called
1641686342.309761 ### DEBUG: BLE START SCANNING called
1641686342.309804 ### RSSI: -44, 10, 1640051437 ,603 
1641686342.309843 ### DEBUG: BLE START SCANNING called
1641686342.309883 ### DEBUG: BLE START SCANNING called
1641686342.309922 ### RSSI: -43, 19, 1640051438 ,619 
1641686342.309965 ### DEBUG: BLE START SCANNING called
1641686342.310005 ### DEBUG: BLE START SCANNING called
1641686342.310050 ### RSSI: -44, 7, 1640051439 ,634 
1641686342.310094 ### DEBUG: BLE START SCANNING called
1641686342.310134 ### DEBUG: BLE START SCANNING called
1641686342.310180 ### INFO: Device is now IN MOTION
1641686342.310224 ### DEBUG: BLE START SCANNING called
1641686342.310270 ### RSSI: -42, 32, 1640051440 ,650 
1641686342.310315 ### DEBUG: BLE START SCANNING called
1641686342.310360 ### DEBUG: BLE START SCANNING called
1641686342.310405 ### RSSI: -43, 12, 1640051441 ,665 
1641686342.310450 ### DEBUG: BLE START SCANNING called
1641686342.310495 ### DEBUG: BLE START SCANNING called
1641686342.310540 ### RSSI: -43, 12, 1640051442 ,681 
1641686342.310585 ### DEBUG: BLE START SCANNING called
1641686342.310630 ### DEBUG: BLE START SCANNING called
1641686342.310675 ### RSSI: -43, 32, 1640051443 ,697 
1641686342.310750 ### DEBUG: BLE START SCANNING called
1641686342.310795 ### DEBUG: BLE START SCANNING called
1641686342.310840 ### RSSI: -43, 31, 1640051444 ,712 
1641686342.310880 ### DEBUG: BLE START SCANNING called
1641686342.310925 ### DEBUG: BLE START SCANNING called
1641686342.310969 ### RSSI: -44, 18, 1640051445 ,728 
1641686342.311013 ### DEBUG: BLE START SCANNING called
1641686342.311058 ### INFO: Device is now STATIONARY
1641686342.311099 ### DEBUG: BLE START SCANNING called
1641686342.311143 ### DEBUG: BLE START SCANNING called
1641686342.311187 ### RSSI: -44, 14, 1640051446 ,744 
1641686342.311231 ### DEBUG: BLE START SCANNING called
1641686342.311275 ### DEBUG: BLE START SCANNING called
1641686342.311320 ### RSSI: -44, 29, 1640051447 ,759 
1641686342.311364 ### DEBUG: BLE START SCANNING called
1641686342.311407 ### DEBUG: BLE START SCANNING called
1641686342.311452 ### RSSI: -46, 2, 1640051448 ,775 
1641686342.311496 ### DEBUG: BLE START SCANNING called
1641686342.311539 ### DEBUG: BLE START SCANNING called
1641686342.311584 ### RSSI: -42, 23, 1640051449 ,790 
1641686342.311637 ### DEBUG: BLE START SCANNING called
1641686342.311682 ### DEBUG: BLE START SCANNING called
1641686342.311726 ### RSSI: -44, 17, 1640051450 ,806 
1641686342.311766 ### DEBUG: BLE START SCANNING called
1641686342.311806 ### DEBUG: BLE START SCANNING called
1641686342.311846 ### RSSI: -41, 36, 1640051451 ,822 
1641686342.311891 ### DEBUG: BLE START SCANNING called
1641686342.311935 ### DEBUG: BLE START SCANNING called
1641686342.311979 ### RSSI: -44, 12, 1640051452 ,837 
1641686342.312023 ### DEBUG: BLE START SCANNING called
1641686342.312067 ### DEBUG: BLE START SCANNING called
1641686342.312112 ### RSSI: -44, 11, 1640051453 ,853 
1641686342.312156 ### DEBUG: BLE START SCANNING called
1641686342.312200 ### DEBUG: BLE START SCANNING called
1641686342.312244 ### RSSI: -42, 31, 1640051454 ,868 
1641686342.312288 ### DEBUG: BLE START SCANNING called
1641686342.312332 ### DEBUG: BLE START SCANNING called
1641686342.312376 ### RSSI: -42, 33, 1640051455 ,884 
1641686342.312421 ### DEBUG: BLE START SCANNING called
1641686342.312465 ### DEBUG: BLE START SCANNING called
1641686342.312509 ### RSSI: -42, 31, 1640051457 ,900 
1641686342.312553 ### DEBUG: BLE START SCANNING called
1641686342.312593 ### DEBUG: BLE START SCANNING called
1641686342.312638 ### RSSI: -46, 0, 1640051458 ,915 
1641686342.312678 ### DEBUG: BLE START SCANNING called
1641686342.312722 ### DEBUG: BLE START SCANNING called
1641686342.312766 ### RSSI: -43, 12, 1640051459 ,931 
1641686342.312810 ### DEBUG: BLE START SCANNING called
1641686342.312854 ### DEBUG: BLE START SCANNING called
1641686342.312899 ### RSSI: -43, 17, 1640051460 ,947 
1641686342.312944 ### DEBUG: BLE START SCANNING called
1641686342.313006 ### DEBUG: BLE START SCANNING called
1641686342.313048 ### RSSI: -44, 15, 1640051461 ,962 
1641686342.313092 ### DEBUG: BLE START SCANNING called
1641686342.313136 ### DEBUG: BLE START SCANNING called
1641686342.313175 ### RSSI: -44, 11, 1640051462 ,978 
1641686342.313215 ### DEBUG: BLE START SCANNING called
1641686342.313255 ### DEBUG: BLE START SCANNING called
1641686342.313295 ### RSSI: -44, 21, 1640051463 ,993 
1641686342.313340 ### DEBUG: BLE START SCANNING called
1641686342.313384 ### DEBUG: BLE START SCANNING called
1641686342.313429 ### RSSI: -44, 12, 1640051464 ,1009 
1641686342.313468 ### DEBUG: BLE START SCANNING called
1641686342.313513 ### DEBUG: BLE START SCANNING called
1641686342.313557 ### RSSI: -43, 12, 1640051465 ,1025 
1641686342.313601 ### DEBUG: BLE START SCANNING called
1641686342.313645 ### DEBUG: BLE START SCANNING called
1641686342.313688 ### RSSI: -44, 22, 1640051466 ,1040 
1641686342.313732 ### DEBUG: BLE START SCANNING called
1641686342.313776 ### DEBUG: BLE START SCANNING called
1641686342.313819 ### RSSI: -43, 35, 1640051467 ,1056 
1641686342.313862 ### DEBUG: BLE START SCANNING called
1641686342.313907 ### DEBUG: BLE START SCANNING called
1641686342.313947 ### RSSI: -42, 27, 1640051468 ,1072 
1641686342.313997 ### DEBUG: BLE START SCANNING called
1641686342.314041 ### DEBUG: BLE START SCANNING called
1641686342.314084 ### RSSI: -44, 14, 1640051469 ,1087 
1641686342.314129 ### DEBUG: BLE START SCANNING called
1641686342.314173 ### DEBUG: BLE START SCANNING called
1641686342.314212 ### RSSI: -42, 33, 1640051470 ,1103 
1641686342.314256 ### DEBUG: BLE START SCANNING called
1641686342.314300 ### DEBUG: BLE START SCANNING called
1641686342.314345 ### RSSI: -43, 28, 1640051471 ,1118 
1641686342.314388 ### DEBUG: BLE START SCANNING called
1641686342.314432 ### DEBUG: BLE START SCANNING called
1641686342.314476 ### RSSI: -45, 5, 1640051472 ,1134 
1641686342.314520 ### DEBUG: BLE START SCANNING called
1641686342.314564 ### DEBUG: BLE START SCANNING called
1641686342.314608 ### RSSI: -43, 35, 1640051473 ,1150 
1641686342.314653 ### DEBUG: BLE START SCANNING called
1641686342.314697 ### DEBUG: BLE START SCANNING called
1641686342.314741 ### RSSI: -43, 25, 1640051474 ,1165 
1641686342.314785 ### DEBUG: BLE START SCANNING called
1641686342.314829 ### DEBUG: BLE START SCANNING called
1641686342.314874 ### RSSI: -43, 16, 1640051475 ,1181 
1641686342.314919 ### DEBUG: BLE START SCANNING called
1641686342.314959 ### DEBUG: BLE START SCANNING called
1641686342.315004 ### RSSI: -44, 16, 1640051476 ,1196 
1641686342.315048 ### DEBUG: BLE START SCANNING called
1641686342.315094 ### DEBUG: BLE START SCANNING called
1641686342.315139 ### RSSI: -50, 3, 1640051477 ,1212 
1641686342.315183 ### DEBUG: BLE START SCANNING called
1641686342.315224 ### DEBUG: BLE START SCANNING called
1641686342.315268 ### RSSI: -43, 24, 1640051478 ,1228 
1641686342.315312 ### DEBUG: BLE START SCANNING called
1641686342.315356 ### DEBUG: BLE START SCANNING called
1641686342.315400 ### RSSI: -44, 10, 1640051479 ,1243 
1641686342.315445 ### DEBUG: BLE START SCANNING called
1641686342.315489 ### DEBUG: BLE START SCANNING called
1641686342.315534 ### RSSI: -43, 9, 1640051480 ,1259 
1641686342.315577 ### DEBUG: BLE START SCANNING called
1641686342.315621 ### DEBUG: BLE START SCANNING called
1641686342.315665 ### RSSI: -44, 14, 1640051482 ,1275 
1641686342.315710 ### DEBUG: BLE START SCANNING called
1641686342.315754 ### DEBUG: BLE START SCANNING called
1641686342.315797 ### RSSI: -44, 28, 1640051483 ,1290 
1641686342.315842 ### DEBUG: BLE START SCANNING called
1641686342.315881 ### DEBUG: BLE START SCANNING called
1641686342.315926 ### RSSI: -43, 34, 1640051484 ,1306 
1641686342.315965 ### DEBUG: BLE START SCANNING called
1641686342.316006 ### DEBUG: BLE START SCANNING called
1641686342.316049 ### RSSI: -43, 27, 1640051485 ,1321 
1641686342.316094 ### DEBUG: BLE START SCANNING called
1641686342.316143 ### DEBUG: BLE START SCANNING called
1641686342.316187 ### RSSI: -45, 10, 1640051486 ,1337 
1641686342.316230 ### DEBUG: BLE START SCANNING called
1641686342.316274 ### DEBUG: BLE START SCANNING called
1641686342.316318 ### RSSI: -43, 10, 1640051487 ,1353 
1641686342.316362 ### DEBUG: BLE START SCANNING called
1641686342.316406 ### DEBUG: BLE START SCANNING called
1641686342.316451 ### RSSI: -45, 6, 1640051488 ,1368 
1641686342.316495 ### DEBUG: BLE START SCANNING called
1641686342.316539 ### DEBUG: BLE START SCANNING called
1641686342.316579 ### RSSI: -44, 29, 1640051489 ,1384 
1641686342.316623 ### DEBUG: BLE START SCANNING called
1641686342.316667 ### DEBUG: BLE START SCANNING called
1641686342.316711 ### RSSI: -42, 36, 1640051490 ,1400 
1641686342.316791 ### DEBUG: BLE START SCANNING called
1641686342.316835 ### DEBUG: BLE START SCANNING called
1641686342.316880 ### RSSI: -43, 10, 1640051491 ,1415 
1641686342.316924 ### DEBUG: BLE START SCANNING called
1641686342.316968 ### DEBUG: BLE START SCANNING called
1641686342.317037 ### RSSI: -42, 32, 1640051492 ,1431 
1641686342.317077 ### DEBUG: BLE START SCANNING called
1641686342.317122 ### DEBUG: BLE START SCANNING called
1641686342.317165 ### RSSI: -44, 8, 1640051493 ,1446 
1641686342.317210 ### DEBUG: BLE START SCANNING called
1641686342.317255 ### DEBUG: BLE START SCANNING called
1641686342.317294 ### RSSI: -42, 10, 1640051494 ,1462 
1641686342.317339 ### DEBUG: BLE START SCANNING called
1641686342.317383 ### DEBUG: BLE START SCANNING called
1641686342.317427 ### RSSI: -45, 3, 1640051495 ,1478 
1641686342.317466 ### DEBUG: BLE START SCANNING called
1641686342.317510 ### DEBUG: BLE START SCANNING called
1641686342.317551 ### RSSI: -45, 4, 1640051496 ,1493 
1641686342.317594 ### DEBUG: BLE START SCANNING called
1641686342.317639 ### DEBUG: BLE START SCANNING called
1641686342.317683 ### RSSI: -44, 1, 1640051497 ,1509 
1641686342.317726 ### DEBUG: BLE START SCANNING called
1641686342.317770 ### DEBUG: BLE START SCANNING called
1641686342.317814 ### RSSI: -45, 0, 1640051498 ,1524 
1641686342.317858 ### DEBUG: BLE START SCANNING called
1641686342.317902 ### DEBUG: BLE START SCANNING called
1641686342.317942 ### RSSI: -43, 12, 1640051499 ,1540 
1641686342.317982 ### DEBUG: BLE START SCANNING called
1641686342.318026 ### DEBUG: BLE START SCANNING called
1641686342.318066 ### RSSI: -46, 3, 1640051500 ,1556 
1641686342.318110 ### DEBUG: BLE START SCANNING called
1641686342.318150 ### DEBUG: BLE START SCANNING called
1641686342.318195 ### RSSI: -45, 25, 1640051501 ,1571 
1641686342.318239 ### DEBUG: BLE START SCANNING called
1641686342.318283 ### DEBUG: BLE START SCANNING called
1641686342.318327 ### RSSI: -43, 23, 1640051502 ,1587 
1641686342.318372 ### DEBUG: BLE START SCANNING called
1641686342.318416 ### DEBUG: BLE START SCANNING called
1641686342.318459 ### RSSI: -43, 12, 1640051503 ,1603 
1641686342.318503 ### DEBUG: BLE START SCANNING called
1641686342.318547 ### DEBUG: BLE START SCANNING called
1641686342.318591 ### RSSI: -45, 0, 1640051504 ,1618 
1641686342.318636 ### DEBUG: BLE START SCANNING called
1641686342.318679 ### DEBUG: BLE START SCANNING called
1641686342.318723 ### RSSI: -42, 35, 1640051505 ,1634 
1641686342.318767 ### DEBUG: BLE START SCANNING called
1641686342.318810 ### DEBUG: BLE START SCANNING called
1641686342.318850 ### RSSI: -43, 34, 1640051506 ,1649 
1641686342.318893 ### DEBUG: BLE START SCANNING called
1641686342.318937 ### DEBUG: BLE START SCANNING called
1641686342.318981 ### RSSI: -46, 21, 1640051508 ,1665 
1641686342.319025 ### DEBUG: BLE START SCANNING called
1641686342.319066 ### DEBUG: BLE START SCANNING called
1641686342.319110 ### RSSI: -42, 27, 1640051509 ,1681 
1641686342.319155 ### DEBUG: BLE START SCANNING called
1641686342.319200 ### DEBUG: BLE START SCANNING called
1641686342.319244 ### RSSI: -43, 9, 1640051510 ,1696 
1641686342.319288 ### DEBUG: BLE START SCANNING called
1641686342.319332 ### RSSI: -42, 36, 1640051510 ,1698 
1641686342.319375 ### DEBUG: BLE START SCANNING called
1641686342.319419 ### DEBUG: BLE START SCANNING called
1641686342.319463 ### RSSI: -43, 26, 1640051511 ,1713 
1641686342.319508 ### DEBUG: BLE START SCANNING called
1641686342.319552 ### DEBUG: BLE START SCANNING called
1641686342.319596 ### RSSI: -42, 32, 1640051512 ,1729 
1641686342.319639 ### DEBUG: BLE START SCANNING called
1641686342.319679 ### DEBUG: BLE START SCANNING called
1641686342.319719 ### RSSI: -45, 2, 1640051513 ,1745 
1641686342.319762 ### DEBUG: BLE START SCANNING called
1641686342.319806 ### DEBUG: BLE START SCANNING called
1641686342.319850 ### RSSI: -45, 26, 1640051514 ,1760 
1641686342.319894 ### DEBUG: BLE START SCANNING called
1641686342.319938 ### DEBUG: BLE START SCANNING called
1641686342.319982 ### RSSI: -46, 2, 1640051515 ,1776 
1641686342.320026 ### DEBUG: BLE START SCANNING called
1641686342.320070 ### DEBUG: BLE START SCANNING called
1641686342.320114 ### RSSI: -44, 10, 1640051516 ,1792 
1641686342.320154 ### DEBUG: BLE START SCANNING called
1641686342.320198 ### DEBUG: BLE START SCANNING called
1641686342.320242 ### RSSI: -43, 17, 1640051517 ,1807 
1641686342.320286 ### DEBUG: BLE START SCANNING called
1641686342.320329 ### DEBUG: BLE START SCANNING called
1641686342.320374 ### RSSI: -44, 5, 1640051518 ,1823 
1641686342.320419 ### DEBUG: BLE START SCANNING called
1641686342.320463 ### DEBUG: BLE START SCANNING called
1641686342.320508 ### RSSI: -46, 0, 1640051519 ,1838 
1641686342.320552 ### DEBUG: BLE START SCANNING called
1641686342.320596 ### DEBUG: BLE START SCANNING called
1641686342.320636 ### RSSI: -45, 1, 1640051520 ,1854 
1641686342.320680 ### DEBUG: BLE START SCANNING called
1641686342.320724 ### DEBUG: BLE START SCANNING called
1641686342.320768 ### RSSI: -43, 30, 1640051521 ,1870 
1641686342.320807 ### DEBUG: BLE START SCANNING called
1641686342.320847 ### DEBUG: BLE START SCANNING called
1641686342.320891 ### RSSI: -45, 0, 1640051522 ,1885 
1641686342.320935 ### DEBUG: BLE START SCANNING called
1641686342.320979 ### DEBUG: BLE START SCANNING called
1641686342.321040 ### RSSI: -45, 0, 1640051523 ,1901 
1641686342.321085 ### DEBUG: BLE START SCANNING called
1641686342.321128 ### DEBUG: BLE START SCANNING called
1641686342.321172 ### RSSI: -45, 2, 1640051524 ,1917 
1641686342.321212 ### DEBUG: BLE START SCANNING called
1641686342.321256 ### DEBUG: BLE START SCANNING called
1641686342.321300 ### RSSI: -43, 9, 1640051525 ,1932 
1641686342.321344 ### DEBUG: BLE START SCANNING called
1641686342.321388 ### DEBUG: BLE START SCANNING called
1641686342.321441 ### RSSI: -43, 28, 1640051526 ,1948 
1641686342.321481 ### DEBUG: BLE START SCANNING called
1641686342.321525 ### DEBUG: BLE START SCANNING called
1641686342.321570 ### RSSI: -43, 31, 1640051527 ,1963 
1641686342.321613 ### DEBUG: BLE START SCANNING called
1641686342.321658 ### DEBUG: BLE START SCANNING called
1641686342.321702 ### RSSI: -43, 19, 1640051528 ,1979 
1641686342.321746 ### DEBUG: BLE START SCANNING called
1641686342.321789 ### DEBUG: BLE START SCANNING called
1641686342.321833 ### RSSI: -44, 10, 1640051530 ,1995 
1641686342.321873 ### DEBUG: BLE START SCANNING called
1641686342.321917 ### DEBUG: BLE START SCANNING called
1641686342.321957 ### RSSI: -42, 32, 1640051531 ,2010 
1641686342.322001 ### DEBUG: BLE START SCANNING called
1641686342.322045 ### DEBUG: BLE START SCANNING called
1641686342.322089 ### RSSI: -47, 1, 1640051532 ,2026 
1641686342.322133 ### DEBUG: BLE START SCANNING called
1641686342.322178 ### DEBUG: BLE START SCANNING called
1641686342.322222 ### RSSI: -43, 19, 1640051533 ,2041 
1641686342.322266 ### DEBUG: BLE START SCANNING called
1641686342.322310 ### DEBUG: BLE START SCANNING called
1641686342.322354 ### RSSI: -44, 13, 1640051534 ,2057 
1641686342.322399 ### DEBUG: BLE START SCANNING called
1641686342.322439 ### DEBUG: BLE START SCANNING called
1641686342.322483 ### RSSI: -43, 35, 1640051535 ,2073 
1641686342.322527 ### DEBUG: BLE START SCANNING called
1641686342.322571 ### DEBUG: BLE START SCANNING called
1641686342.322615 ### RSSI: -45, 1, 1640051536 ,2088 
1641686342.322659 ### DEBUG: BLE START SCANNING called
1641686342.322703 ### DEBUG: BLE START SCANNING called
1641686342.322747 ### DEBUG: BLE START SCANNING called
1641686342.322790 ### RSSI: -43, 28, 1640051538 ,2120 
1641686342.322834 ### DEBUG: BLE START SCANNING called
1641686342.322878 ### DEBUG: BLE START SCANNING called
1641686342.322918 ### RSSI: -42, 27, 1640051539 ,2135 
1641686342.322958 ### DEBUG: BLE START SCANNING called
1641686342.323002 ### DEBUG: BLE START SCANNING called
1641686342.323047 ### RSSI: -45, 3, 1640051540 ,2151 
1641686342.323091 ### DEBUG: BLE START SCANNING called
1641686342.323131 ### DEBUG: BLE START SCANNING called
1641686342.323176 ### RSSI: -42, 18, 1640051541 ,2166 
1641686342.323220 ### DEBUG: BLE START SCANNING called
1641686342.323264 ### DEBUG: BLE START SCANNING called
1641686342.323309 ### RSSI: -45, 26, 1640051542 ,2182 
1641686342.323353 ### DEBUG: BLE START SCANNING called
1641686342.323397 ### DEBUG: BLE START SCANNING called
1641686342.323441 ### RSSI: -43, 31, 1640051543 ,2198 
1641686342.323481 ### DEBUG: BLE START SCANNING called
1641686342.323521 ### DEBUG: BLE START SCANNING called
1641686342.323566 ### RSSI: -43, 19, 1640051544 ,2213 
1641686342.323610 ### DEBUG: BLE START SCANNING called
1641686342.323654 ### DEBUG: BLE START SCANNING called
1641686342.323694 ### RSSI: -44, 22, 1640051545 ,2229 
1641686342.323738 ### DEBUG: BLE START SCANNING called
1641686342.323783 ### DEBUG: BLE START SCANNING called
1641686342.323827 ### RSSI: -44, 11, 1640051546 ,2245 
1641686342.323871 ### DEBUG: BLE START SCANNING called
1641686342.323915 ### DEBUG: BLE START SCANNING called
1641686342.323959 ### RSSI: -42, 33, 1640051547 ,2260 
1641686342.324003 ### DEBUG: BLE START SCANNING called
1641686342.324047 ### DEBUG: BLE START SCANNING called
1641686342.324090 ### RSSI: -43, 25, 1640051548 ,2276 
1641686342.324135 ### DEBUG: BLE START SCANNING called
1641686342.324178 ### DEBUG: BLE START SCANNING called
1641686342.324219 ### RSSI: -44, 5, 1640051549 ,2291 
1641686342.324262 ### DEBUG: BLE START SCANNING called
1641686342.324306 ### DEBUG: BLE START SCANNING called
1641686342.324351 ### RSSI: -45, 4, 1640051550 ,2307 
1641686342.324394 ### DEBUG: BLE START SCANNING called
1641686342.324438 ### DEBUG: BLE START SCANNING called
1641686342.324482 ### RSSI: -44, 13, 1640051551 ,2323 
1641686342.324526 ### DEBUG: BLE START SCANNING called
1641686342.324570 ### DEBUG: BLE START SCANNING called
1641686342.324614 ### RSSI: -42, 33, 1640051552 ,2338 
1641686342.324653 ### DEBUG: BLE START SCANNING called
1641686342.324698 ### DEBUG: BLE START SCANNING called
1641686342.324743 ### RSSI: -42, 32, 1640051553 ,2354 
1641686342.324782 ### DEBUG: BLE START SCANNING called
1641686342.324827 ### DEBUG: BLE START SCANNING called
1641686342.324871 ### RSSI: -41, 36, 1640051554 ,2369 
1641686342.324915 ### DEBUG: BLE START SCANNING called
1641686342.324960 ### DEBUG: BLE START SCANNING called
1641686342.325020 ### RSSI: -43, 23, 1640051556 ,2385 
1641686342.325064 ### DEBUG: BLE START SCANNING called
1641686342.325108 ### DEBUG: BLE START SCANNING called
1641686342.325152 ### RSSI: -43, 16, 1640051557 ,2401 
1641686342.325196 ### DEBUG: BLE START SCANNING called
1641686342.325240 ### DEBUG: BLE START SCANNING called
1641686342.325284 ### RSSI: -43, 25, 1640051558 ,2416 
1641686342.325328 ### DEBUG: BLE START SCANNING called
1641686342.325372 ### DEBUG: BLE START SCANNING called
1641686342.325417 ### RSSI: -43, 12, 1640051559 ,2432 
1641686342.325461 ### DEBUG: BLE START SCANNING called
1641686342.325505 ### DEBUG: BLE START SCANNING called
1641686342.325549 ### RSSI: -43, 18, 1640051560 ,2448 
1641686342.325592 ### DEBUG: BLE START SCANNING called
1641686342.325636 ### DEBUG: BLE START SCANNING called
1641686342.325681 ### RSSI: -45, 1, 1640051561 ,2463 
1641686342.325720 ### DEBUG: BLE START SCANNING called
1641686342.325760 ### DEBUG: BLE START SCANNING called
1641686342.325804 ### RSSI: -43, 8, 1640051562 ,2479 
1641686342.325844 ### DEBUG: BLE START SCANNING called
1641686342.325888 ### DEBUG: BLE START SCANNING called
1641686342.325933 ### RSSI: -45, 1, 1640051563 ,2494 
1641686342.325976 ### DEBUG: BLE START SCANNING called
1641686342.326020 ### DEBUG: BLE START SCANNING called
1641686342.326064 ### RSSI: -43, 16, 1640051564 ,2510 
1641686342.326108 ### DEBUG: BLE START SCANNING called
1641686342.326152 ### DEBUG: BLE START SCANNING called
1641686342.326192 ### RSSI: -43, 9, 1640051565 ,2526 
1641686342.326232 ### DEBUG: BLE START SCANNING called
1641686342.326276 ### DEBUG: BLE START SCANNING called
1641686342.326320 ### RSSI: -43, 34, 1640051566 ,2541 
1641686342.326364 ### DEBUG: BLE START SCANNING called
1641686342.326408 ### DEBUG: BLE START SCANNING called
1641686342.326448 ### RSSI: -44, 7, 1640051567 ,2557 
1641686342.326493 ### DEBUG: BLE START SCANNING called
1641686342.326538 ### DEBUG: BLE START SCANNING called
1641686342.326582 ### RSSI: -45, 2, 1640051568 ,2572 
1641686342.326625 ### DEBUG: BLE START SCANNING called
1641686342.326670 ### DEBUG: BLE START SCANNING called
1641686342.326714 ### RSSI: -45, 22, 1640051569 ,2588 
1641686342.326758 ### DEBUG: BLE START SCANNING called
1641686342.326803 ### DEBUG: BLE START SCANNING called
1641686342.326847 ### RSSI: -43, 10, 1640051570 ,2604 
1641686342.326887 ### DEBUG: BLE START SCANNING called
1641686342.326931 ### DEBUG: BLE START SCANNING called
1641686342.326974 ### RSSI: -42, 33, 1640051571 ,2619 
1641686342.327018 ### DEBUG: BLE START SCANNING called
1641686342.327058 ### DEBUG: BLE START SCANNING called
1641686342.327102 ### RSSI: -43, 17, 1640051572 ,2635 
1641686342.327146 ### DEBUG: BLE START SCANNING called
1641686342.327190 ### DEBUG: BLE START SCANNING called
1641686342.327235 ### RSSI: -47, 33, 1640051573 ,2651 
1641686342.327274 ### DEBUG: BLE START SCANNING called
1641686342.327318 ### DEBUG: BLE START SCANNING called
1641686342.523698 ### RSSI: -42, 30, 1640051574 ,2666 
1641686342.523844 ### DEBUG: BLE START SCANNING called
1641686342.523909 ### DEBUG: BLE START SCANNING called
1641686343.523822 ### RSSI: -43, 9, 1640051575 ,2682 
1641686343.524107 ### DEBUG: BLE START SCANNING called
1641686343.524290 ### DEBUG: BLE START SCANNING called
1641686344.516066 ### RSSI: -46, 6, 1640051576 ,2697 
1641686344.516360 ### DEBUG: BLE START SCANNING called
1641686344.528101 ### DEBUG: BLE START SCANNING called
1641686345.513834 ### RSSI: -42, 31, 1640051577 ,2713 
1641686345.513944 ### DEBUG: BLE START SCANNING called
1641686345.525331 ### DEBUG: BLE START SCANNING called
1641686346.514401 ### RSSI: -42, 35, 1640051578 ,2729 
1641686346.514628 ### DEBUG: BLE START SCANNING called
1641686346.525464 ### DEBUG: BLE START SCANNING called
1641686347.516159 ### RSSI: -44, 17, 1640051579 ,2744 
1641686347.516447 ### DEBUG: BLE START SCANNING called
1641686347.527067 ### DEBUG: BLE START SCANNING called
1641686348.519555 ### RSSI: -43, 12, 1640051581 ,2760 
1641686348.519751 ### DEBUG: BLE START SCANNING called
1641686348.519841 ### DEBUG: BLE START SCANNING called
1641686349.522029 ### RSSI: -42, 30, 1640051582 ,2776 
1641686349.522192 ### DEBUG: BLE START SCANNING called
1641686349.522284 ### DEBUG: BLE START SCANNING called
1641686350.517205 ### RSSI: -43, 11, 1640051583 ,2791 
1641686350.517358 ### DEBUG: BLE START SCANNING called
1641686350.527251 ### DEBUG: BLE START SCANNING called
1641686351.524148 ### RSSI: -45, 4, 1640051584 ,2807 
1641686351.524310 ### DEBUG: BLE START SCANNING called
1641686351.524411 ### DEBUG: BLE START SCANNING called
1641686352.521325 ### RSSI: -44, 29, 1640051585 ,2822 
1641686352.521611 ### DEBUG: BLE START SCANNING called
1641686352.521795 ### DEBUG: BLE START SCANNING called
1641686353.526170 ### DEBUG: BLE START SCANNING called
1641686354.518521 ### DEBUG: BLE START SCANNING called
1641686355.528924 ### DEBUG: BLE START SCANNING called
1641686356.523777 ### DEBUG: BLE START SCANNING called
1641686356.613177 ### BLE EVENT: 17, INFO: BLE DISCONNECTED!
1641686356.613401 ### DEBUG: BLE START SCANNING called
1641686357.718475 ### DEBUG: BLE START SCANNING called
1641686357.718687 ### DEBUG: BLE START SCANNING called
1641686357.718787 ### addr: c0:98:e5:42:00:2c 
1641686357.718884 ### on_adv_report outer RSSI: -44, time:1640051590 
1641686357.718988 ### INFO: Discovered new device: c0:98:e5:42:00:2c
1641686357.719119 ### INFO: Starting the SquarePoint module...
1641686357.719272 ### INFO: Starting SquarePoint module as PARTICIPANT with timestamp 1640051590
1641686357.730889 ### DEBUG: BLE STOP SCANNING called
1641686357.731002 ### INFO: SquarePoint module successfully started!
1641686357.731057 ### REQUEST_TIME, responding with current timestamp
1641686357.731117 ### INFO: Sending timestamp 1640051590 to SquarePoint
1641686357.731173 ### ERROR: Failed to send current timestamp to the SquarePoint module!
1641686357.832866 ### DEBUG: Ticks: 2905, 2735, 0 
1641686358.171051 1640051591 ### BLE EVENT: 16, INFO: BLE CONNECTED!
1641686358.171194 ### RSSI: -43, 20, 1640051592 ,2911 
1641686358.273277 ### RSSI: -42, 30, 1640051592 ,2912 
1641686358.353857 ### DEBUG: Ticks: 2913, 8, 0 
1641686358.354133 1640049419 ### INFO: Switched Scheduler EUI from 00:00:00:00:00:00 to c0:98:e5:42:00:2c
1641686358.376074 ### RSSI: -43, 8, 1640049419 ,2914 
1641686358.477996 ### RSSI: -43, 29, 1640049419 ,2915 
1641686358.568500 ### RSSI: -43, 23, 1640049419 ,2917 
1641686358.671193 ### RSSI: -46, 6, 1640049419 ,2919 
1641686358.771821 ### RSSI: -43, 20, 1640049419 ,2920 
1641686358.870563 ### RSSI: -43, 13, 1640049419 ,2922 
1641686358.972915 ### RSSI: -42, 30, 1640049419 ,2923 
1641686359.071235 ### RSSI: -44, 5, 1640049420 ,2925 
1641686359.171291 ### RSSI: -43, 17, 1640049420 ,2926 
1641686359.272887 ### RSSI: -45, 0, 1640049420 ,2928 
1641686359.351224 ### DEBUG: Ticks: 2929, 16, 0 
1641686359.371811 1640049420 ### RSSI: -43, 20, 1640049420 ,2929 
1641686359.473176 ### RSSI: -42, 31, 1640049420 ,2931 
1641686359.573464 ### RSSI: -44, 12, 1640049420 ,2933 
1641686359.674938 ### RSSI: -45, 1, 1640049420 ,2934 
1641686359.775525 ### RSSI: -43, 29, 1640049420 ,2936 
1641686360.254060 ### DEBUG: Ticks: 2943, 14, 0 
1641686360.771961 1640049421 ### RSSI: -43, 26, 1640049421 ,2951 
1641686361.335993 ### DEBUG: Ticks: 2960, 17, 0 
1641686361.336284 1640049422 c0:98:e5:42:00:2c 267 
1641686361.336468 415 426 440 448 463 476 483 483 500 502 506 526 527 530 535 
1641686361.336659 536 551 553 557 561 571 579 584 586 588 592 622 635 648 721 
1641686361.775059 ### RSSI: -43, 22, 1640049422 ,2967 
1641686362.346087 ### DEBUG: Ticks: 2976, 16, 0 
1641686362.346254 1640049423 c0:98:e5:42:00:2c 257 
1641686362.346347 364 384 420 430 436 439 442 448 455 474 476 494 506 510 512 
1641686362.346443 518 520 526 535 537 537 541 542 548 550 553 570 577 615 670 
1641686362.769370 ### RSSI: -45, 5, 1640049423 ,2983 
1641686363.342369 ### DEBUG: Ticks: 2991, 15, 0 
1641686363.342551 1640049424 c0:98:e5:42:00:2c 267 
1641686363.342652 434 442 445 459 470 484 496 502 504 519 521 523 526 527 533 
1641686363.342753 537 548 571 572 586 586 590 598 608 616 626 633 652 675 714 
1641686363.771304 ### RSSI: -43, 24, 1640049424 ,2998 
1641686364.340688 ### DEBUG: Ticks: 3007, 16, 0 
1641686364.340976 1640049425 c0:98:e5:42:00:2c 268 
1641686364.341254 381 390 451 469 472 479 483 486 494 514 518 530 531 532 533 
1641686364.341475 539 547 552 555 555 556 560 565 569 584 593 596 630 639 729 
1641686364.776229 ### RSSI: -43, 18, 1640049425 ,3014 
1641686365.344050 ### DEBUG: Ticks: 3023, 16, 0 
1641686365.344206 1640049426 c0:98:e5:42:00:2c 315 
1641686365.344292 400 475 534 535 545 551 580 583 592 595 601 604 606 617 629 
1641686365.344379 634 641 646 655 658 659 659 667 668 674 675 687 715 723 816 
1641686365.773720 ### RSSI: -45, 7, 1640049426 ,3029 
1641686366.346884 ### DEBUG: Ticks: 3038, 15, 0 
1641686366.347059 1640049427 c0:98:e5:42:00:2c 275 
1641686366.347144 378 387 433 438 453 474 491 526 529 532 538 541 546 548 550 
1641686366.347232 552 556 557 566 579 586 609 635 638 641 642 642 657 660 694 
1641686366.776020 ### RSSI: -42, 31, 1640049428 ,3045 
1641686367.348208 ### DEBUG: Ticks: 3054, 16, 0 
1641686367.348481 1640049428 c0:98:e5:42:00:2c 286 
1641686367.348662 420 446 478 478 484 492 507 507 511 531 531 554 559 561 568 
1641686367.348853 576 582 583 584 584 587 589 591 591 607 610 624 635 695 741 
1641686367.767652 ### RSSI: -43, 16, 1640049429 ,3061 
1641686368.339196 ### DEBUG: Ticks: 3070, 16, 0 
1641686368.339470 1640049429 c0:98:e5:42:00:2c 268 
1641686368.350580 399 404 435 440 442 445 465 470 484 497 505 512 517 520 533 
1641686368.350739 540 547 547 548 551 555 556 578 583 588 593 596 621 648 693 
1641686368.769597 ### RSSI: -43, 13, 1640049430 ,3076 
1641686369.348533 ### DEBUG: Ticks: 3085, 15, 0 
1641686369.348689 1640049430 c0:98:e5:42:00:2c 297 
1641686369.348781 457 462 486 497 510 514 523 530 535 545 563 572 574 585 591 
1641686369.348876 600 604 605 607 609 611 618 618 630 634 655 657 679 690 806 
1641686369.773951 ### RSSI: -46, 0, 1640049431 ,3092 
1641686370.340087 ### DEBUG: Ticks: 3101, 16, 0 
1641686370.340251 1640049431 c0:98:e5:42:00:2c 273 
1641686370.340343 396 421 435 449 465 468 471 503 509 512 516 517 518 541 546 
1641686370.340432 546 552 556 557 571 571 575 581 585 612 615 623 625 642 645 
1641686370.776409 ### RSSI: -43, 25, 1640049432 ,3108 
1641686371.345810 ### DEBUG: Ticks: 3116, 15, 0 
1641686371.345973 1640049432 c0:98:e5:42:00:2c 310 
1641686371.346065 468 486 538 544 551 570 587 597 597 600 604 608 615 618 620 
1641686371.346153 621 631 632 633 642 652 655 678 680 682 683 707 708 712 839 
1641686371.767939 ### RSSI: -45, 2, 1640049433 ,3123 
1641686372.339896 ### DEBUG: Ticks: 3132, 16, 0 
1641686372.340053 1640049433 c0:98:e5:42:00:2c 323 
1641686372.340138 517 547 554 573 579 596 601 610 614 620 624 627 631 642 644 
1641686372.340226 649 650 658 660 673 682 690 696 708 708 711 714 722 793 810 
1641686372.768823 ### RSSI: -44, 10, 1640049434 ,3139 
1641686372.769123 ERROR: Unexpected error while mounting SD card: 1
1641686374.524186 
1641686374.524814 ----------------------------------------------
1641686374.525121 ### WARNING: Chip experienced a reset with reason 2
1641686374.770768 ### INFO: Bluetooth address: c0:98:e5:42:00:29
1641686374.782671 ### DEBUG: Time is 00:00:00, 2000/00/00
1641686374.782838 ### INFO: Time is 00:00:00, 2000/00/00
1641686374.881627 ### INFO: Initializing SD Card...
1641686375.071947 ### INFO: Connecting to the SquarePoint module...
1641686375.072222 ### INFO: SquarePoint module connection successful
1641686375.072407 ### INFO: Battery voltage currently 4031 mV
1641686375.127969 ### INFO: SD card flushed!
1641686375.163433 ### INFO: SD card flushed!
1641686375.163570 ### DEBUG: BLE START SCANNING called
1641686375.341049 ### DEBUG: Ticks: 12, 12, 0 
1641686375.341176 1640049436 c0:98:e5:42:00:2c 298 
1641686375.341231 441 459 497 513 516 519 523 544 547 554 557 563 571 576 588 
1641686375.341279 605 611 618 623 624 629 642 648 648 677 696 699 708 732 814 
1641686375.341327 ### INFO: Switched Scheduler EUI from 00:00:00:00:00:00 to c0:98:e5:42:00:2c
1641686375.341375 ### DEBUG: BLE STOP SCANNING called
1641686376.070392 ### DEBUG: BLE START SCANNING called
1641686376.347959 ### DEBUG: Ticks: 28, 16, 0 
1641686376.348239 1640049437 c0:98:e5:42:00:2c 240 
1641686376.348424 405 408 416 419 421 421 423 425 427 433 445 450 474 475 479 
1641686376.348614 484 485 486 489 489 494 496 500 505 529 536 561 610 616 633 
1641686377.166392 ### addr: c0:98:e5:42:00:2c 
1641686377.166639 ### on_adv_report outer RSSI: -50, time:1640049438 
1641686377.166732 ### INFO: Discovered new device: c0:98:e5:42:00:2c
1641686377.179473 ### DEBUG: connected? already connected
1641686377.179753 ### DEBUG: BLE START SCANNING called
1641686377.227682 ### BLE EVENT: 16, INFO: BLE CONNECTED!
1641686377.227959 ### DEBUG: BLE START SCANNING called
1641686377.228202 ### RSSI: -49, 3, 1640049438 ,42 
1641686377.228315 ### DEBUG: BLE START SCANNING called
1641686377.325399 ### RSSI: -43, 8, 1640049438 ,43 
1641686377.325570 ### DEBUG: BLE START SCANNING called
1641686377.350969 ### DEBUG: Ticks: 44, 16, 1 
1641686377.351162 1640049438 c0:98:e5:42:00:2c 251 
1641686377.351224 389 410 428 462 463 466 470 471 471 472 479 481 494 498 499 
1641686377.351428 506 507 510 515 519 523 524 525 531 535 540 550 576 585 694 
1641686377.351556 ### DEBUG: BLE START SCANNING called
1641686377.425172 ### INFO: Device is now STATIONARY
1641686377.425373 ### DEBUG: BLE START SCANNING called
1641686377.437996 ### RSSI: -50, 20, 1640049439 ,45 
1641686377.438148 ### DEBUG: BLE START SCANNING called
1641686377.534818 ### RSSI: -47, 11, 1640049439 ,46 
1641686377.535006 ### DEBUG: BLE START SCANNING called
1641686377.633169 ### RSSI: -46, 3, 1640049439 ,48 
1641686377.633299 ### DEBUG: BLE START SCANNING called
1641686377.732938 ### RSSI: -46, 12, 1640049439 ,50 
1641686377.733182 ### DEBUG: BLE START SCANNING called
1641686377.826982 ### RSSI: -53, 30, 1640049439 ,51 
1641686377.827271 ### DEBUG: BLE START SCANNING called
1641686377.936009 ### RSSI: -48, 23, 1640049439 ,53 
1641686377.936213 ### DEBUG: BLE START SCANNING called
1641686378.029507 ### RSSI: -46, 11, 1640049439 ,54 
1641686378.029661 ### DEBUG: BLE START SCANNING called
1641686378.078155 ### DEBUG: BLE START SCANNING called
1641686378.136816 ### RSSI: -45, 8, 1640049439 ,56 
1641686378.137218 ### DEBUG: BLE START SCANNING called
1641686378.234554 ### RSSI: -48, 3, 1640049439 ,57 
1641686378.234748 ### DEBUG: BLE START SCANNING called
1641686378.332059 ### RSSI: -50, 31, 1640049439 ,59 
1641686378.332215 ### DEBUG: BLE START SCANNING called
1641686378.344584 ### DEBUG: Ticks: 59, 15, 1 
1641686378.344748 1640049439 c0:98:e5:42:00:2c 344 
1641686378.344840 562 594 620 629 632 644 644 648 661 667 677 679 684 684 688 
1641686378.344924 689 696 700 716 723 728 728 738 747 749 759 766 772 794 817 
1641686378.345054 ### DEBUG: BLE START SCANNING called
1641686378.430869 ### RSSI: -50, 32, 1640049440 ,60 
1641686378.431075 ### DEBUG: BLE START SCANNING called
1641686378.529229 ### RSSI: -48, 14, 1640049440 ,62 
1641686378.529463 ### DEBUG: BLE START SCANNING called
1641686378.636935 ### RSSI: -48, 19, 1640049440 ,64 
1641686378.637468 ### DEBUG: BLE START SCANNING called
1641686378.736423 ### RSSI: -48, 7, 1640049440 ,65 
1641686378.736706 ### DEBUG: BLE START SCANNING called
1641686378.832651 ### RSSI: -49, 24, 1640049440 ,67 
1641686378.832883 ### DEBUG: BLE START SCANNING called
1641686379.072022 ### DEBUG: BLE START SCANNING called
1641686379.343191 ### DEBUG: Ticks: 75, 16, 1 
1641686379.343475 1640049440 c0:98:e5:42:00:2c 559 
1641686379.343675 823 856 880 907 923 930 931 941 944 959 963 967 976 979 982 
1641686379.343916 999 1000 1008 1017 1018 1019 1019 1027 1033 1034 1046 1053 1066 1072 1108 
1641686379.344113 ### DEBUG: BLE START SCANNING called
1641686379.825990 ### RSSI: -50, 21, 1640049440 ,82 
1641686379.826198 ### DEBUG: BLE START SCANNING called
1641686380.069657 ### DEBUG: BLE START SCANNING called
1641686380.344033 ### DEBUG: Ticks: 90, 15, 1 
1641686380.344327 1640049441 c0:98:e5:42:00:2c 626 
1641686380.344513 928 950 951 954 971 971 973 974 981 981 985 988 991 991 1002 
1641686380.344706 1004 1011 1015 1019 1023 1026 1026 1029 1033 1036 1048 1075 1095 1103 1112 
1641686380.344884 ### DEBUG: BLE START SCANNING called
1641686380.827490 ### RSSI: -51, 2, 1640049441 ,98 
1641686380.827778 ### DEBUG: BLE START SCANNING called
1641686381.344736 ### DEBUG: Ticks: 106, 16, 1 
1641686381.345148 1640049442 c0:98:e5:42:00:2c 761 
1641686381.345337 997 1041 1068 1070 1070 1077 1078 1085 1091 1105 1109 1110 1117 1120 1120 
1641686381.345530 1121 1124 1128 1134 1138 1139 1147 1155 1156 1159 1171 1190 1198 1215 1238 
1641686381.832763 ### RSSI: -52, 3, 1640049442 ,114 
1641686382.340463 ### DEBUG: Ticks: 122, 16, 1 
1641686382.340744 1640049443 c0:98:e5:42:00:2c 748 
1641686382.340943 1054 1076 1084 1120 1122 1123 1128 1133 1142 1147 1153 1155 1157 1165 1171 
1641686382.341230 1174 1176 1177 1180 1184 1184 1185 1213 1218 1220 1229 1234 1250 1262 1366 
1641686382.832025 ### RSSI: -54, 15, 1640049443 ,129 
1641686383.338292 ### DEBUG: Ticks: 137, 15, 1 
1641686383.350923 1640049444 c0:98:e5:42:00:2c 928 
1641686383.351217 1235 1254 1256 1281 1283 1304 1314 1324 1332 1334 1334 1336 1348 1348 1352 
1641686383.351415 1364 1368 1368 1370 1371 1375 1386 1391 1393 1396 1409 1418 1422 1450 1494 
1641686383.829569 ### RSSI: -58, 30, 1640049444 ,145 
1641686384.347813 ### DEBUG: Ticks: 153, 16, 1 
1641686384.348108 1640049445 c0:98:e5:42:00:2c 879 
1641686384.348297 1129 1148 1166 1169 1180 1181 1192 1201 1206 1214 1214 1221 1232 1235 1252 
1641686384.348504 1252 1253 1255 1269 1274 1282 1287 1290 1302 1306 1319 1329 1331 1357 1360 
1641686384.828558 ### RSSI: -45, 5, 1640049445 ,160 
1641686385.345621 ### DEBUG: Ticks: 168, 15, 1 
1641686385.345907 1640049446 c0:98:e5:42:00:2c 880 
1641686385.346082 1115 1129 1133 1154 1176 1183 1193 1204 1210 1217 1231 1243 1253 1256 1268 
1641686385.346172 1271 1273 1278 1288 1294 1303 1311 1325 1326 1341 1362 1365 1382 1502 1570 
1641686385.829179 ### RSSI: -53, 0, 1640049446 ,176 
1641686386.348277 ### DEBUG: Ticks: 184, 16, 1 
1641686386.348559 1640049447 c0:98:e5:42:00:2c 782 
1641686386.348759 981 998 1005 1021 1023 1032 1040 1043 1049 1051 1053 1077 1086 1095 1104 
1641686386.348938 1107 1108 1125 1132 1151 1160 1178 1182 1194 1225 1229 1237 1244 1391 1410 
1641686386.829194 ### RSSI: -48, 11, 1640049447 ,192 
1641686387.349683 ### DEBUG: Ticks: 200, 16, 1 
1641686387.349969 1640049448 c0:98:e5:42:00:2c 594 
1641686387.350153 821 869 887 912 919 927 928 938 944 949 950 960 971 976 982 
1641686387.350353 996 1005 1006 1007 1013 1023 1054 1058 1070 1074 1076 1094 1097 1180 1200 
1641686387.824236 ### RSSI: -50, 26, 1640049448 ,207 
1641686388.344942 ### DEBUG: Ticks: 215, 15, 1 
1641686388.345281 1640049449 c0:98:e5:42:00:2c 402 
1641686388.345374 613 632 666 670 710 711 731 745 756 767 779 784 789 790 800 
1641686388.345476 810 817 824 840 842 842 855 863 889 892 897 930 937 951 983 
1641686388.830627 ### RSSI: -51, 1, 1640049449 ,223 
1641686389.339913 ### DEBUG: Ticks: 231, 16, 1 
1641686389.340196 1640049450 c0:98:e5:42:00:2c 498 
1641686389.353390 709 717 757 767 767 780 796 812 836 844 860 867 875 883 901 
1641686389.353671 918 923 932 934 949 949 957 959 980 984 989 1019 1042 1049 1065 
1641686389.824448 ### RSSI: -55, 22, 1640049450 ,239 
1641686390.349915 ### DEBUG: Ticks: 247, 16, 1 
1641686390.350200 1640049451 c0:98:e5:42:00:2c 551 
1641686390.350384 847 858 878 902 932 959 960 968 974 979 982 984 987 988 996 
1641686390.350576 1005 1006 1010 1014 1027 1035 1036 1049 1062 1078 1082 1085 1105 1138 1152 
1641686390.829566 ### RSSI: -60, 7, 1640049451 ,254 
1641686391.348455 ### DEBUG: Ticks: 262, 15, 1 
1641686391.348736 1640049452 c0:98:e5:42:00:2c 652 
1641686391.348884 980 1001 1013 1031 1044 1046 1046 1061 1065 1070 1072 1073 1086 1090 1099 
1641686391.349121 1100 1119 1128 1136 1140 1145 1151 1154 1176 1181 1189 1191 1193 1209 1252 
1641686391.832700 ### RSSI: -58, 15, 1640049453 ,270 
1641686392.341641 ### DEBUG: Ticks: 278, 16, 1 
1641686392.341926 1640049453 c0:98:e5:42:00:2c 514 
1641686392.342109 793 824 839 876 893 895 914 915 920 927 940 949 949 955 962 
1641686392.342553 967 972 975 977 978 978 979 992 995 1007 1009 1022 1032 1039 1091 
1641686392.832282 ### RSSI: -73, 6, 1640049454 ,285 
1641686393.339533 ### DEBUG: Ticks: 293, 15, 1 
1641686393.349869 1640049454 c0:98:e5:42:00:2c 595 
1641686393.350110 811 828 829 845 882 888 890 893 900 926 935 937 940 950 958 
1641686393.350237 958 966 967 974 989 993 994 997 1015 1035 1040 1063 1074 1074 1109 
1641686393.832817 ### RSSI: -55, 8, 1640049455 ,301 
1641686394.340862 ### DEBUG: Ticks: 309, 16, 1 
1641686394.341075 1640049455 c0:98:e5:42:00:2c 416 
1641686394.351894 726 728 747 754 761 761 765 777 787 789 793 797 801 810 813 
1641686394.352037 827 831 857 862 872 873 874 878 892 895 899 921 955 958 976 
1641686394.824691 ### RSSI: -48, 18, 1640049456 ,317 
1641686395.338982 ### DEBUG: Ticks: 325, 16, 1 
1641686395.339143 1640049456 c0:98:e5:42:00:2c 465 
1641686395.351670 716 735 767 769 772 788 791 801 819 824 825 827 829 836 836 
1641686395.352558 841 846 846 851 854 867 871 872 889 912 916 920 968 978 1107 
1641686395.830836 ### RSSI: -60, 21, 1640049457 ,332 
1641686396.340805 ### ERROR: Failed reading SquarePoint packet length
1641686396.832619 ### RSSI: -57, 17, 1640049458 ,348 
1641686397.832692 ### RSSI: -58, 5, 1640049459 ,363 
1641686398.345141 ### DEBUG: Ticks: 372, 47, 1 
1641686398.345300 1640049459 c0:98:e5:42:00:2c 773 
1641686398.345385 1007 1016 1041 1051 1066 1068 1069 1070 1084 1088 1089 1093 1114 1121 1121 
1641686398.345473 1130 1133 1136 1148 1153 1155 1165 1167 1178 1204 1213 1215 1218 1235 1261 
1641686398.831497 ### RSSI: -52, 26, 1640049460 ,379 
1641686399.351189 ### DEBUG: Ticks: 387, 15, 1 
1641686399.351400 1640049460 c0:98:e5:42:00:2c 654 
1641686399.351522 975 992 1004 1063 1064 1066 1069 1081 1087 1099 1101 1112 1120 1121 1122 
1641686399.351669 1135 1137 1145 1146 1149 1149 1159 1162 1164 1178 1182 1183 1188 1218 1264 
1641686399.831173 ### RSSI: -49, 19, 1640049461 ,395 
1641686400.348083 ### DEBUG: Ticks: 403, 16, 1 
1641686400.348222 1640049461 c0:98:e5:42:00:2c 783 
1641686400.348291 1071 1089 1105 1115 1123 1132 1136 1136 1142 1152 1155 1156 1162 1164 1190 
1641686400.348362 1197 1197 1204 1216 1220 1221 1229 1250 1255 1261 1296 1302 1303 1303 1311 
1641686400.825634 ### RSSI: -50, 22, 1640049462 ,410 
1641686401.344226 ### DEBUG: Ticks: 418, 15, 1 
1641686401.344470 1640049462 c0:98:e5:42:00:2c 671 
1641686401.344581 1017 1032 1037 1038 1043 1050 1075 1077 1091 1105 1107 1108 1112 1116 1121 
1641686401.344706 1140 1149 1151 1152 1162 1169 1181 1182 1249 1252 1266 1292 1293 1302 1319 
1641686401.824087 ### RSSI: -48, 33, 1640049463 ,426 
1641686402.356914 ### DEBUG: Ticks: 434, 16, 1 
1641686402.357834 1640049463 c0:98:e5:42:00:2c 460 
1641686402.358737 771 774 789 808 826 860 874 876 878 878 891 891 910 913 920 
1641686402.358834 922 925 930 932 937 942 950 952 961 966 968 1006 1020 1035 1051 
1641686402.828823 ### RSSI: -53, 1, 1640049464 ,442 
1641686403.352556 ### DEBUG: Ticks: 450, 16, 1 
1641686403.352841 1640049464 c0:98:e5:42:00:2c 601 
1641686403.353123 799 832 848 852 882 893 897 917 917 919 920 925 929 931 933 
1641686403.353319 945 953 967 982 983 1012 1012 1017 1030 1040 1056 1110 1113 1128 0 
1641686403.827971 ### RSSI: -57, 17, 1640049464 ,457 
1641686404.350514 ### DEBUG: Ticks: 465, 15, 1 
1641686404.350802 1640049465 c0:98:e5:42:00:2c 753 
1641686404.350985 1051 1071 1075 1087 1092 1110 1117 1120 1125 1127 1129 1135 1143 1144 1151 
1641686404.351259 1153 1157 1161 1161 1175 1177 1191 1192 1201 1217 1218 1220 1241 1253 1325 
1641686404.826737 ### RSSI: -62, 27, 1640049465 ,473 
1641686405.344893 ### DEBUG: Ticks: 481, 16, 1 
1641686405.345240 1640049466 c0:98:e5:42:00:2c 763 
1641686405.345436 964 984 995 1031 1048 1058 1060 1063 1066 1069 1070 1071 1076 1080 1080 
1641686405.345628 1090 1093 1095 1103 1114 1114 1123 1143 1155 1162 1181 1187 1195 1197 1225 
1641686405.833365 ### RSSI: -53, 0, 1640049466 ,488 
1641686406.343529 ### DEBUG: Ticks: 496, 15, 1 
1641686406.343706 1640049467 c0:98:e5:42:00:2c 702 
1641686406.343808 950 984 1000 1004 1011 1031 1037 1043 1048 1054 1062 1069 1070 1071 1079 
1641686406.343913 1082 1088 1091 1099 1114 1119 1134 1147 1152 1157 1167 1198 1215 1215 1306 
1641686406.830526 ### RSSI: -56, 36, 1640049467 ,504 
1641686407.345885 ### DEBUG: Ticks: 512, 16, 1 
1641686407.346173 1640049468 c0:98:e5:42:00:2c 776 
1641686407.346321 1034 1045 1054 1069 1071 1084 1099 1101 1110 1116 1128 1130 1131 1134 1141 
1641686407.346411 1144 1145 1150 1152 1153 1164 1165 1174 1184 1189 1189 1198 1227 1229 1289 
1641686407.826290 ### RSSI: -55, 5, 1640049468 ,520 
1641686408.344273 ### DEBUG: Ticks: 528, 16, 1 
1641686408.344570 1640049469 c0:98:e5:42:00:2c 742 
1641686408.344756 1082 1102 1104 1114 1117 1147 1157 1167 1178 1182 1186 1203 1204 1205 1205 
1641686408.344946 1212 1212 1219 1221 1224 1228 1242 1245 1250 1254 1284 1288 1300 1303 1317 
1641686408.827969 ### RSSI: -47, 20, 1640049469 ,535 
1641686409.340370 ### DEBUG: Ticks: 543, 15, 1 
1641686409.340653 1640049470 c0:98:e5:42:00:2c 770 
1641686409.352554 1042 1059 1061 1087 1093 1093 1101 1112 1126 1131 1135 1138 1142 1147 1149 
1641686409.352850 1165 1165 1186 1203 1221 1226 1233 1234 1245 1246 1262 1273 1312 1328 1371 
1641686409.832449 ### RSSI: -48, 28, 1640049470 ,551 
1641686410.341434 ### DEBUG: Ticks: 559, 16, 1 
1641686410.341715 1640049471 c0:98:e5:42:00:2c 583 
1641686410.352740 863 887 914 931 946 954 974 974 977 979 986 1001 1001 1009 1009 
1641686410.352950 1012 1019 1024 1026 1027 1032 1051 1062 1067 1072 1100 1110 1134 1135 1185 
1641686410.704596 ### INFO: SD card flushed!
1641686410.828390 ### RSSI: -48, 18, 1640049471 ,567 
1641686411.348498 ### DEBUG: Ticks: 575, 16, 1 
1641686411.348777 1640049472 c0:98:e5:42:00:2c 433 
1641686411.349641 759 760 761 775 784 790 814 816 829 845 848 852 858 860 863 
1641686411.349832 869 880 883 884 900 914 923 936 940 948 952 952 957 959 1133 
1641686411.833378 ### RSSI: -54, 25, 1640049472 ,582 
1641686412.339275 ### DEBUG: Ticks: 590, 15, 1 
1641686412.351163 1640049473 c0:98:e5:42:00:2c 606 
1641686412.351685 866 872 889 914 915 921 921 924 925 933 947 952 956 958 965 
1641686412.351892 973 976 980 985 993 1007 1014 1018 1034 1036 1042 1045 1085 1124 1141 
1641686412.832037 ### RSSI: -58, 9, 1640049473 ,598 
1641686413.340545 ### DEBUG: Ticks: 606, 16, 1 
1641686413.340737 1640049474 c0:98:e5:42:00:2c 833 
1641686413.353085 1007 1016 1018 1061 1063 1084 1088 1097 1109 1112 1125 1134 1145 1148 1156 
1641686413.353242 1162 1163 1163 1179 1196 1206 1208 1211 1218 1226 1229 1232 1246 1256 1326 
1641686413.823148 ### RSSI: -55, 36, 1640049474 ,613 
1641686414.342139 ### DEBUG: Ticks: 621, 15, 1 
1641686414.342417 1640049475 c0:98:e5:42:00:2c 757 
1641686414.342616 927 972 991 1007 1031 1034 1037 1038 1039 1050 1052 1066 1072 1075 1081 
1641686414.342847 1084 1097 1102 1106 1112 1136 1140 1153 1155 1158 1166 1217 1227 1236 1246 
1641686414.824799 ### RSSI: -49, 23, 1640049475 ,629 
1641686415.340676 ### DEBUG: Ticks: 637, 16, 1 
1641686415.340961 1640049476 c0:98:e5:42:00:2c 636 
1641686415.341250 934 944 988 1007 1013 1013 1021 1026 1043 1054 1061 1062 1063 1070 1074 
1641686415.341488 1076 1096 1102 1107 1120 1121 1123 1130 1168 1174 1174 1201 1236 1242 1269 
1641686415.829106 ### RSSI: -58, 6, 1640049477 ,645 
1641686416.345322 ### DEBUG: Ticks: 653, 16, 1 
1641686416.345486 1640049477 c0:98:e5:42:00:2c 651 
1641686416.345566 922 961 966 976 977 986 1001 1002 1007 1011 1015 1020 1021 1028 1046 
1641686416.345637 1052 1052 1059 1059 1066 1077 1091 1092 1110 1111 1113 1127 1199 1267 1302 
1641686416.825765 ### RSSI: -54, 16, 1640049478 ,660 
1641686417.338035 ### DEBUG: Ticks: 668, 15, 1 
1641686417.352608 1640049478 c0:98:e5:42:00:2c 607 
1641686417.352811 881 895 900 907 931 940 949 952 952 954 959 963 968 975 977 
1641686417.352954 987 996 1003 1024 1027 1029 1050 1055 1055 1095 1097 1109 1113 1137 1200 
1641686417.825529 ### RSSI: -49, 36, 1640049479 ,676 
1641686418.349546 ### DEBUG: Ticks: 684, 16, 1 
1641686418.349780 1640049479 c0:98:e5:42:00:2c 379 
1641686418.349965 525 575 596 612 622 626 627 659 669 675 680 687 690 702 714 
1641686418.350159 716 717 717 723 735 739 748 754 756 759 794 796 806 894 911 
1641686418.827503 ### RSSI: -58, 35, 1640049480 ,691 
1641686419.342620 ### DEBUG: Ticks: 700, 16, 1 
1641686419.342825 1640049480 c0:98:e5:42:00:2c 431 
1641686419.342916 691 709 710 715 730 735 737 738 740 741 744 754 764 767 771 
1641686419.343066 772 778 785 787 788 789 807 808 824 827 844 861 899 907 918 
1641686419.823758 ### RSSI: -57, 25, 1640049481 ,707 
1641686420.345261 ### DEBUG: Ticks: 715, 15, 1 
1641686420.345428 1640049481 c0:98:e5:42:00:2c 745 
1641686420.345529 938 940 971 974 986 987 1000 1003 1007 1020 1021 1024 1032 1036 1038 
1641686420.345632 1044 1045 1049 1053 1054 1071 1072 1078 1102 1112 1120 1148 1177 1209 1230 
1641686420.828732 ### RSSI: -59, 19, 1640049482 ,723 
1641686421.348453 ### DEBUG: Ticks: 731, 16, 1 
1641686421.348694 1640049482 c0:98:e5:42:00:2c 748 
1641686421.348892 1012 1037 1042 1062 1105 1118 1118 1125 1131 1140 1144 1176 1179 1179 1194 
1641686421.349062 1196 1201 1206 1209 1211 1221 1224 1224 1241 1246 1261 1275 1276 1288 1317 
1641686421.823986 ### RSSI: -57, 16, 1640049483 ,738 
1641686422.351355 ### DEBUG: Ticks: 746, 15, 1 
1641686422.351520 1640049483 c0:98:e5:42:00:2c 570 
1641686422.351620 838 838 859 865 870 872 885 887 912 916 921 929 929 933 935 
1641686422.351731 936 941 949 956 963 979 981 987 993 995 996 1028 1034 1040 1089 
1641686422.822955 ### RSSI: -55, 19, 1640049484 ,754 
1641686423.342061 ### DEBUG: Ticks: 762, 16, 1 
1641686423.342277 1640049484 c0:98:e5:42:00:2c 541 
1641686423.342457 789 827 838 846 868 870 881 887 903 904 909 917 918 919 920 
1641686423.342558 926 937 942 946 946 947 952 964 977 980 985 997 1015 1041 1050 
1641686423.825753 ### RSSI: -56, 29, 1640049485 ,770 
1641686424.343958 ### DEBUG: Ticks: 778, 16, 1 
1641686424.344121 1640049485 c0:98:e5:42:00:2c 582 
1641686424.344205 826 827 844 848 870 872 878 896 898 898 908 918 921 930 937 
1641686424.344287 940 943 951 954 964 965 982 995 1001 1004 1009 1011 1014 1033 1075 
1641686424.827161 ### RSSI: -53, 33, 1640049486 ,785 
1641686425.347946 ### DEBUG: Ticks: 793, 15, 1 
1641686425.348082 1640049486 c0:98:e5:42:00:2c 519 
1641686425.348141 560 592 593 616 617 622 631 644 648 649 651 652 653 660 678 
1641686425.348203 680 680 681 693 693 706 723 726 734 747 760 791 887 900 917 
1641686425.827544 ### RSSI: -40, 18, 1640049487 ,801 
1641686426.344491 ### DEBUG: Ticks: 809, 16, 1 
1641686426.344673 1640049487 c0:98:e5:42:00:2c 435 
1641686426.344764 668 671 674 676 682 719 734 735 748 750 762 763 763 770 774 
1641686426.344861 774 781 792 796 799 806 808 813 815 817 820 828 847 858 872 
1641686426.822798 ### RSSI: -55, 3, 1640049488 ,816 
1641686427.342772 ### DEBUG: Ticks: 825, 16, 1 
1641686427.342984 1640049488 c0:98:e5:42:00:2c 672 
1641686427.343083 921 957 972 998 999 1010 1019 1019 1029 1047 1049 1058 1074 1083 1083 
1641686427.353982 1085 1089 1096 1097 1111 1124 1137 1146 1164 1172 1193 1206 1215 1218 1238 
1641686427.824356 ### RSSI: -57, 24, 1640049488 ,832 
1641686428.345218 ### DEBUG: Ticks: 840, 15, 1 
1641686428.345502 1640049489 c0:98:e5:42:00:2c 981 
1641686428.345686 1196 1205 1208 1213 1214 1215 1220 1220 1222 1222 1223 1223 1230 1233 1234 
1641686428.345908 1238 1242 1251 1256 1296 1304 1323 1325 1329 1331 1336 1468 1621 1700 0 
1641686428.825974 ### RSSI: -57, 30, 1640049489 ,848 
1641686429.345929 ### DEBUG: Ticks: 856, 16, 1 
1641686429.346098 1640049490 c0:98:e5:42:00:2c 654 
1641686429.346198 944 956 962 965 974 975 980 983 987 996 1009 1013 1018 1025 1026 
1641686429.346380 1026 1030 1034 1053 1059 1060 1060 1061 1077 1080 1087 1088 1113 1215 1236 
1641686429.826377 ### RSSI: -50, 33, 1640049490 ,863 
1641686430.349300 ### DEBUG: Ticks: 871, 15, 1 
1641686430.349585 1640049491 c0:98:e5:42:00:2c 639 
1641686430.349782 1066 1077 1083 1089 1098 1114 1128 1128 1131 1132 1132 1136 1138 1159 1163 
1641686430.349986 1172 1173 1184 1192 1199 1201 1207 1235 1278 1287 1289 1308 1331 1337 1338 
1641686430.822276 ### RSSI: -51, 21, 1640049491 ,879 
1641686431.343688 ### DEBUG: Ticks: 887, 16, 1 
1641686431.343891 1640049492 c0:98:e5:42:00:2c 767 
1641686431.343983 1042 1061 1090 1111 1116 1121 1122 1123 1124 1126 1150 1157 1171 1172 1180 
1641686431.353476 1184 1185 1197 1200 1208 1217 1227 1228 1249 1259 1294 1296 1306 1314 1333 
1641686431.825935 ### RSSI: -47, 27, 1640049492 ,895 
1641686432.343157 ### DEBUG: Ticks: 903, 16, 1 
1641686432.343416 1640049493 c0:98:e5:42:00:2c 500 
1641686432.343538 785 824 835 836 842 861 882 886 889 891 895 906 911 923 930 
1641686432.343664 933 935 940 943 943 945 953 955 958 973 982 983 1024 1027 1051 
1641686432.830793 ### RSSI: -58, 30, 1640049493 ,910 
1641686433.338274 ### DEBUG: Ticks: 918, 15, 1 
1641686433.350245 1640049494 c0:98:e5:42:00:2c 404 
1641686433.350398 656 687 698 706 725 739 757 761 783 788 789 792 803 805 808 
1641686433.350456 811 816 827 837 850 851 854 855 879 880 881 900 907 910 920 
1641686433.829669 ### RSSI: -53, 1, 1640049494 ,926 
1641686434.341628 ### DEBUG: Ticks: 934, 16, 1 
1641686434.341915 1640049495 c0:98:e5:42:00:2c 694 
1641686434.354049 937 950 993 1010 1036 1053 1053 1058 1058 1072 1073 1076 1079 1085 1094 
1641686434.354297 1113 1120 1121 1131 1134 1136 1141 1147 1148 1150 1202 1210 1265 1341 1366 
1641686434.822630 ### RSSI: -57, 11, 1640049495 ,941 
1641686435.347952 ### DEBUG: Ticks: 949, 15, 1 
1641686435.348111 1640049496 c0:98:e5:42:00:2c 742 
1641686435.348295 956 1022 1033 1037 1039 1045 1048 1050 1058 1081 1085 1091 1092 1093 1094 
1641686435.348487 1107 1112 1116 1117 1134 1142 1146 1147 1151 1168 1170 1178 1181 1221 0 
1641686435.824562 ### RSSI: -57, 11, 1640049496 ,957 
1641686436.347244 ### DEBUG: Ticks: 965, 16, 1 
1641686436.347541 1640049497 c0:98:e5:42:00:2c 676 
1641686436.347726 943 1006 1007 1012 1020 1026 1029 1029 1030 1036 1037 1046 1053 1055 1055 
1641686436.347916 1068 1068 1069 1070 1070 1084 1091 1117 1125 1145 1146 1159 1167 1182 1209 
1641686436.821814 ### RSSI: -61, 28, 1640049497 ,973 
1641686437.347822 ### DEBUG: Ticks: 981, 16, 1 
1641686437.347994 1640049498 c0:98:e5:42:00:2c 898 
1641686437.348086 1082 1091 1100 1102 1107 1112 1115 1123 1142 1147 1170 1173 1180 1201 1216 
1641686437.348182 1217 1221 1223 1233 1242 1246 1277 1279 1279 1282 1283 1338 1390 1398 1399 
1641686437.830323 ### RSSI: -55, 27, 1640049498 ,988 
1641686438.342315 ### DEBUG: Ticks: 996, 15, 1 
1641686438.342593 1640049499 c0:98:e5:42:00:2c 663 
1641686438.342752 1014 1026 1028 1037 1060 1072 1076 1077 1078 1079 1092 1094 1095 1100 1101 
1641686438.353626 1107 1110 1117 1118 1121 1135 1148 1148 1149 1153 1165 1169 1191 1210 0 
1641686438.824135 ### RSSI: -49, 13, 1640049499 ,1004 
1641686439.348654 ### DEBUG: Ticks: 1012, 16, 1 
1641686439.348816 1640049500 c0:98:e5:42:00:2c 725 
1641686439.348916 977 1054 1061 1075 1075 1086 1086 1103 1112 1124 1126 1133 1133 1141 1142 
1641686439.349070 1156 1159 1166 1180 1185 1186 1187 1192 1197 1222 1247 1276 1289 1340 1346 
1641686439.822705 ### RSSI: -48, 0, 1640049500 ,1019 
1641686440.339882 ### DEBUG: Ticks: 1028, 16, 1 
1641686440.352006 1640049501 c0:98:e5:42:00:2c 775 
1641686440.352134 1037 1050 1051 1095 1097 1099 1101 1102 1110 1114 1125 1132 1144 1153 1154 
1641686440.352194 1158 1162 1171 1190 1191 1193 1199 1204 1215 1230 1240 1271 1298 1326 1333 
1641686440.827400 ### RSSI: -60, 25, 1640049502 ,1035 
1641686441.342404 ### DEBUG: Ticks: 1043, 15, 1 
1641686441.342694 1640049502 c0:98:e5:42:00:2c 443 
1641686441.342879 688 699 726 753 768 775 788 805 825 826 828 831 832 837 837 
1641686441.343097 839 847 848 861 862 863 867 877 901 907 944 960 960 1003 1065 
1641686441.827771 ### RSSI: -69, 25, 1640049503 ,1051 
1641686442.341838 ### DEBUG: Ticks: 1059, 16, 1 
1641686442.342127 1640049503 c0:98:e5:42:00:2c 485 
1641686442.353427 754 761 775 796 822 834 836 857 862 881 883 885 886 890 892 
1641686442.353717 893 894 897 904 909 930 932 948 951 967 970 998 1014 1043 1049 
1641686442.828919 ### RSSI: -58, 10, 1640049504 ,1066 
1641686443.345308 ### DEBUG: Ticks: 1074, 15, 1 
1641686443.345603 1640049504 c0:98:e5:42:00:2c 826 
1641686443.345690 1011 1034 1045 1091 1112 1118 1128 1140 1169 1171 1175 1179 1179 1182 1202 
1641686443.345803 1205 1206 1207 1214 1224 1234 1236 1254 1259 1259 1264 1289 1350 1363 1489 
1641686443.828213 ### RSSI: -60, 11, 1640049505 ,1082 
1641686444.348722 ### DEBUG: Ticks: 1090, 16, 1 
1641686444.349104 1640049505 c0:98:e5:42:00:2c 792 
1641686444.349292 1099 1103 1146 1157 1176 1188 1193 1200 1210 1214 1235 1252 1255 1256 1260 
1641686444.349482 1265 1273 1281 1281 1285 1290 1310 1316 1324 1337 1360 1385 1388 1391 1430 
1641686444.826536 ### RSSI: -49, 13, 1640049506 ,1098 
1641686445.349453 ### DEBUG: Ticks: 1106, 16, 1 
1641686445.349642 1640049506 c0:98:e5:42:00:2c 611 
1641686445.349733 893 932 947 961 971 980 981 990 993 995 1000 1011 1022 1033 1052 
1641686445.349828 1056 1066 1070 1074 1075 1077 1081 1083 1092 1105 1130 1137 1145 1153 1203 
1641686445.690718 ### INFO: SD card flushed!
1641686445.824965 ### RSSI: -46, 35, 1640049507 ,1113 
1641686446.346143 ### DEBUG: Ticks: 1121, 15, 1 
1641686446.346431 1640049507 c0:98:e5:42:00:2c 710 
1641686446.346616 959 998 999 1004 1022 1035 1035 1048 1063 1066 1067 1068 1069 1072 1073 
1641686446.346807 1076 1081 1088 1099 1110 1121 1122 1137 1141 1148 1149 1150 1213 1316 1397 
1641686446.826975 ### RSSI: -52, 19, 1640049508 ,1129 
1641686447.343415 ### DEBUG: Ticks: 1137, 16, 1 
1641686447.343703 1640049508 c0:98:e5:42:00:2c 666 
1641686447.343886 901 919 947 950 960 965 967 996 999 1008 1013 1021 1036 1046 1046 
1641686447.344077 1051 1051 1066 1067 1068 1099 1105 1115 1149 1150 1154 1167 1234 1271 1320 
1641686447.828495 ### RSSI: -65, 19, 1640049509 ,1144 
1641686448.345879 ### DEBUG: Ticks: 1153, 16, 1 
1641686448.346105 1640049509 c0:98:e5:42:00:2c 471 
1641686448.346418 658 664 671 695 708 716 720 723 725 730 739 748 753 755 759 
1641686448.346618 762 764 769 770 778 785 814 815 819 842 852 884 926 995 1022 
1641686448.821464 ### RSSI: -54, 10, 1640049510 ,1160 
1641686449.346251 ### DEBUG: Ticks: 1168, 15, 1 
1641686449.346406 1640049510 c0:98:e5:42:00:2c 412 
1641686449.346497 682 720 726 758 761 774 779 782 783 802 803 805 807 815 819 
1641686449.346579 831 834 839 855 861 861 867 872 887 888 966 966 974 980 1064 
1641686449.828231 ### RSSI: -54, 10, 1640049511 ,1176 
1641686450.352132 ### DEBUG: Ticks: 1184, 16, 1 
1641686450.352420 1640049511 c0:98:e5:42:00:2c 696 
1641686450.352601 945 959 969 997 1002 1005 1022 1027 1042 1050 1066 1066 1079 1083 1090 
1641686450.352794 1096 1096 1107 1110 1111 1115 1129 1131 1133 1134 1179 1183 1215 1246 1266 
1641686450.830540 ### RSSI: -61, 4, 1640049512 ,1191 
1641686451.344442 ### DEBUG: Ticks: 1199, 15, 1 
1641686451.344689 1640049512 c0:98:e5:42:00:2c 693 
1641686451.344851 928 1012 1020 1033 1034 1042 1056 1073 1078 1093 1119 1133 1145 1156 1158 
1641686451.344939 1164 1167 1169 1171 1173 1196 1202 1212 1214 1217 1221 1221 1229 1295 1367 
1641686451.822599 ### RSSI: -66, 2, 1640049513 ,1207 
1641686452.347936 ### DEBUG: Ticks: 1215, 16, 1 
1641686452.348221 1640049513 c0:98:e5:42:00:2c 593 
1641686452.348404 1060 1064 1073 1073 1083 1084 1084 1088 1099 1102 1103 1111 1111 1114 1115 
1641686452.348621 1117 1120 1121 1133 1137 1142 1147 1188 1191 1216 1257 1263 1337 1354 1356 
1641686452.829171 ### RSSI: -51, 32, 1640049513 ,1223 
1641686453.346785 ### DEBUG: Ticks: 1231, 16, 1 
1641686453.347071 1640049514 c0:98:e5:42:00:2c 528 
1641686453.347207 840 851 864 884 899 906 909 913 930 935 935 947 959 963 971 
1641686453.347288 976 981 985 1005 1007 1022 1023 1043 1044 1052 1053 1054 1059 1081 0 
1641686453.826162 ### RSSI: -58, 22, 1640049514 ,1238 
1641686454.355302 ### DEBUG: Ticks: 1246, 15, 1 
1641686454.355587 1640049515 c0:98:e5:42:00:2c 567 
1641686454.355771 862 866 884 903 914 916 936 944 947 948 957 968 971 972 996 
1641686454.356019 997 1003 1005 1009 1022 1030 1034 1035 1036 1044 1065 1065 1077 1078 1082 
1641686454.830459 ### RSSI: -54, 36, 1640049515 ,1254 
1641686455.351347 ### DEBUG: Ticks: 1262, 16, 1 
1641686455.351629 1640049516 c0:98:e5:42:00:2c 421 
1641686455.351814 696 723 740 759 760 763 787 802 807 816 817 820 828 838 842 
1641686455.351927 844 847 854 860 862 864 895 899 900 902 902 912 916 965 988 
1641686455.829819 ### RSSI: -51, 7, 1640049516 ,1269 
1641686456.343498 ### DEBUG: Ticks: 1277, 15, 1 
1641686456.343781 1640049517 c0:98:e5:42:00:2c 354 
1641686456.343965 620 622 636 641 642 646 647 660 661 677 685 687 694 703 703 
1641686456.344195 715 718 728 744 748 770 771 774 774 792 794 797 808 856 865 
1641686456.822297 ### RSSI: -56, 15, 1640049517 ,1285 
1641686457.345362 ### DEBUG: Ticks: 1293, 16, 1 
1641686457.345575 1640049518 c0:98:e5:42:00:2c 732 
1641686457.345646 1002 1026 1027 1046 1054 1056 1085 1085 1099 1113 1114 1117 1118 1120 1124 
1641686457.345723 1151 1154 1154 1168 1170 1172 1180 1196 1211 1230 1233 1241 1255 1269 1314 
1641686457.824233 ### RSSI: -57, 22, 1640049518 ,1301 
1641686458.341666 ### DEBUG: Ticks: 1309, 16, 1 
1641686458.341834 1640049519 c0:98:e5:42:00:2c 1137 
1641686458.353966 1237 1258 1299 1311 1312 1341 1361 1384 1386 1405 1411 1424 1426 1439 1442 
1641686458.354252 1453 1463 1467 1468 1476 1492 1501 1501 1503 1541 1566 1578 1633 1664 1759 
1641686458.819804 ### RSSI: -58, 19, 1640049519 ,1316 
1641686459.345382 ### DEBUG: Ticks: 1324, 15, 1 
1641686459.345551 1640049520 c0:98:e5:42:00:2c 675 
1641686459.345636 979 987 991 994 1011 1015 1035 1045 1046 1050 1058 1060 1080 1091 1096 
1641686459.345723 1103 1104 1106 1115 1116 1118 1121 1123 1124 1145 1146 1165 1190 1206 1283 
1641686459.825120 ### RSSI: -54, 6, 1640049520 ,1332 
1641686460.343383 ### DEBUG: Ticks: 1340, 16, 1 
1641686460.343622 1640049521 c0:98:e5:42:00:2c 866 
1641686460.343683 986 1014 1015 1043 1057 1063 1087 1097 1098 1103 1105 1111 1123 1124 1133 
1641686460.343747 1144 1173 1181 1194 1196 1197 1198 1208 1238 1243 1246 1247 1255 1291 1380 
1641686460.827453 ### RSSI: -56, 0, 1640049521 ,1347 
1641686461.343315 ### DEBUG: Ticks: 1356, 16, 1 
1641686461.343479 1640049522 c0:98:e5:42:00:2c 717 
1641686461.343570 994 995 1024 1036 1040 1060 1067 1093 1096 1103 1104 1106 1109 1117 1119 
1641686461.353720 1122 1130 1136 1140 1142 1142 1163 1166 1188 1227 1240 1245 1260 1303 1314 
1641686461.828547 ### RSSI: -47, 19, 1640049522 ,1363 
1641686462.343021 ### DEBUG: Ticks: 1371, 15, 1 
1641686462.343171 1640049523 c0:98:e5:42:00:2c 630 
1641686462.343250 841 895 898 900 945 954 958 966 988 990 992 994 998 1002 1015 
1641686462.343355 1022 1026 1026 1039 1040 1046 1061 1065 1081 1099 1111 1122 1165 1208 1292 
1641686462.824490 ### RSSI: -53, 21, 1640049523 ,1379 
1641686463.344793 ### DEBUG: Ticks: 1387, 16, 1 
1641686463.345112 1640049524 c0:98:e5:42:00:2c 519 
1641686463.345216 753 757 776 795 804 818 819 826 826 834 841 843 845 846 857 
1641686463.345305 860 864 865 869 869 873 875 882 891 894 897 917 933 987 1017 
1641686463.826930 ### RSSI: -55, 15, 1640049524 ,1394 
1641686464.343200 ### DEBUG: Ticks: 1402, 15, 1 
1641686464.343557 1640049525 c0:98:e5:42:00:2c 686 
1641686464.343743 867 881 888 893 930 930 942 942 949 949 956 956 970 975 1008 
1641686464.356256 1010 1014 1019 1026 1043 1052 1057 1064 1066 1080 1087 1104 1125 1195 1219 
1641686464.828677 ### RSSI: -55, 9, 1640049526 ,1410 
1641686465.351406 ### DEBUG: Ticks: 1418, 16, 1 
1641686465.351578 1640049526 c0:98:e5:42:00:2c 716 
1641686465.351671 922 973 976 998 1000 1001 1014 1015 1016 1021 1023 1024 1037 1040 1048 
1641686465.351798 1057 1063 1068 1075 1076 1078 1081 1086 1095 1095 1115 1118 1127 1139 1141 
1641686465.822868 ### RSSI: -55, 4, 1640049527 ,1426 
1641686466.347853 ### DEBUG: Ticks: 1434, 16, 1 
1641686466.348020 1640049527 c0:98:e5:42:00:2c 754 
1641686466.348111 997 1031 1031 1042 1049 1053 1061 1071 1073 1078 1079 1088 1090 1101 1109 
1641686466.348206 1110 1111 1112 1112 1120 1124 1127 1130 1163 1167 1170 1181 1201 1213 1254 
1641686466.825353 ### RSSI: -60, 29, 1640049528 ,1441 
1641686467.348311 ### DEBUG: Ticks: 1449, 15, 1 
1641686467.348594 1640049528 c0:98:e5:42:00:2c 873 
1641686467.348717 1077 1094 1110 1145 1156 1156 1160 1162 1174 1175 1175 1187 1189 1206 1212 
1641686467.348817 1212 1221 1223 1241 1274 1276 1277 1279 1280 1308 1310 1369 1427 1463 1495 
1641686467.820374 ### RSSI: -57, 34, 1640049529 ,1457 
1641686468.349113 ### DEBUG: Ticks: 1465, 16, 1 
1641686468.349290 1640049529 c0:98:e5:42:00:2c 658 
1641686468.349383 990 1055 1073 1076 1090 1095 1097 1099 1100 1101 1105 1108 1109 1112 1113 
1641686468.349490 1115 1116 1117 1121 1135 1142 1145 1154 1165 1174 1177 1185 1195 1242 1277 
1641686468.821786 ### RSSI: -52, 11, 1640049530 ,1472 
1641686469.347636 ### DEBUG: Ticks: 1481, 16, 1 
1641686469.347866 1640049530 c0:98:e5:42:00:2c 730 
1641686469.348042 999 1004 1037 1037 1042 1051 1060 1065 1068 1070 1075 1079 1081 1084 1086 
1641686469.348144 1086 1088 1091 1095 1105 1121 1124 1147 1196 1197 1236 1246 1274 1292 1302 
1641686469.820742 ### RSSI: -48, 10, 1640049531 ,1488 
1641686470.347207 ### DEBUG: Ticks: 1496, 15, 1 
1641686470.347410 1640049531 c0:98:e5:42:00:2c 706 
1641686470.347549 966 987 1010 1012 1025 1026 1027 1030 1030 1040 1046 1048 1063 1071 1079 
1641686470.347744 1096 1102 1113 1118 1119 1120 1125 1129 1131 1144 1193 1236 1248 1261 1274 
1641686470.830382 ### RSSI: -55, 26, 1640049532 ,1504 
1641686471.350053 ### DEBUG: Ticks: 1512, 16, 1 
1641686471.350338 1640049532 c0:98:e5:42:00:2c 490 
1641686471.350432 823 835 839 840 857 858 897 901 903 914 915 916 917 926 944 
1641686471.350588 947 949 961 962 965 981 982 990 994 1006 1027 1047 1106 1126 1134 
1641686471.829295 ### RSSI: -54, 36, 1640049533 ,1519 
1641686472.348071 ### DEBUG: Ticks: 1527, 15, 1 
1641686472.348370 1640049533 c0:98:e5:42:00:2c 398 
1641686472.348555 679 681 686 690 722 733 735 738 751 756 762 767 769 770 778 
1641686472.348772 780 788 795 808 810 819 826 832 843 848 857 859 871 886 1032 
1641686472.830625 ### RSSI: -61, 22, 1640049534 ,1535 
1641686473.348864 ### DEBUG: Ticks: 1543, 16, 1 
1641686473.349179 1640049534 c0:98:e5:42:00:2c 761 
1641686473.349272 1024 1039 1045 1070 1091 1091 1102 1109 1111 1128 1129 1144 1152 1160 1184 
1641686473.349376 1190 1190 1200 1205 1207 1219 1221 1224 1227 1232 1233 1246 1258 1291 1315 
1641686473.819892 ### RSSI: -59, 29, 1640049535 ,1550 
1641686474.346943 ### DEBUG: Ticks: 1559, 16, 1 
1641686474.347255 1640049535 c0:98:e5:42:00:2c 796 
1641686474.347425 1016 1037 1047 1056 1061 1082 1089 1095 1122 1125 1138 1140 1142 1147 1167 
1641686474.347580 1185 1185 1193 1197 1197 1200 1201 1208 1216 1219 1220 1249 1257 1261 1398 
1641686474.825775 ### RSSI: -55, 20, 1640049536 ,1566 
1641686475.344540 ### DEBUG: Ticks: 1574, 15, 1 
1641686475.344760 1640049536 c0:98:e5:42:00:2c 742 
1641686475.344853 938 1047 1081 1090 1091 1095 1098 1100 1102 1111 1114 1115 1117 1117 1123 
1641686475.344951 1125 1138 1139 1144 1157 1166 1190 1191 1202 1205 1216 1219 1221 1293 1489 
1641686475.829757 ### RSSI: -45, 18, 1640049537 ,1582 
1641686476.343532 ### DEBUG: Ticks: 1590, 16, 1 
1641686476.343817 1640049537 c0:98:e5:42:00:2c 795 
1641686476.344086 981 985 1013 1016 1029 1040 1042 1045 1047 1047 1095 1108 1114 1127 1134 
1641686476.344223 1135 1138 1139 1147 1164 1174 1184 1189 1190 1200 1210 1231 1286 1368 1395 
1641686476.828699 ### RSSI: -56, 28, 1640049537 ,1597 
1641686477.351364 ### DEBUG: Ticks: 1605, 15, 1 
1641686477.351539 1640049538 c0:98:e5:42:00:2c 665 
1641686477.351640 909 944 967 976 979 979 990 998 1000 1000 1016 1016 1019 1028 1031 
1641686477.351865 1046 1047 1072 1075 1080 1082 1087 1091 1091 1117 1127 1155 1166 1217 1235 
1641686477.821936 ### RSSI: -61, 28, 1640049538 ,1613 
1641686478.348222 ### DEBUG: Ticks: 1621, 16, 1 
1641686478.348381 1640049539 c0:98:e5:42:00:2c 571 
1641686478.348459 758 763 779 812 833 833 852 856 858 859 870 874 878 879 889 
1641686478.348535 901 918 924 925 933 945 947 947 971 1014 1027 1061 1073 1101 1113 
1641686478.828527 ### RSSI: -46, 33, 1640049539 ,1629 
1641686479.349296 ### DEBUG: Ticks: 1637, 16, 1 
1641686479.349464 1640049540 c0:98:e5:42:00:2c 421 
1641686479.349895 734 752 756 758 773 774 776 778 786 791 795 808 824 832 837 
1641686479.350082 849 851 853 864 872 873 875 877 886 890 898 900 918 946 1014 
1641686479.829877 ### RSSI: -55, 15, 1640049540 ,1644 
1641686480.340659 ### DEBUG: Ticks: 1652, 15, 1 
1641686480.351948 1640049541 c0:98:e5:42:00:2c 635 
1641686480.352113 865 947 949 951 986 1001 1014 1014 1036 1039 1060 1091 1100 1105 1111 
1641686480.352211 1116 1123 1135 1141 1151 1152 1158 1160 1175 1181 1183 1186 1192 1234 1274 
1641686480.695749 ### INFO: SD card flushed!
1641686480.823928 ### RSSI: -62, 7, 1640049541 ,1660 
1641686481.345413 ### DEBUG: Ticks: 1668, 16, 1 
1641686481.345666 1640049542 c0:98:e5:42:00:2c 769 
1641686481.345804 1038 1041 1071 1080 1089 1094 1099 1106 1108 1113 1130 1134 1136 1158 1167 
1641686481.345946 1169 1177 1183 1183 1188 1202 1207 1209 1209 1252 1256 1305 1322 1331 1458 
1641686481.823381 ### RSSI: -69, 13, 1640049542 ,1675 
1641686482.344225 ### DEBUG: Ticks: 1684, 16, 1 
1641686482.344417 1640049543 c0:98:e5:42:00:2c 822 
1641686482.344509 1042 1045 1053 1088 1111 1115 1117 1118 1125 1128 1129 1129 1140 1158 1165 
1641686482.344604 1173 1184 1190 1191 1197 1198 1202 1220 1233 1242 1246 1252 1253 1319 1327 
1641686482.820910 ### RSSI: -52, 18, 1640049543 ,1691 
1641686483.351869 ### DEBUG: Ticks: 1699, 15, 1 
1641686483.352034 1640049544 c0:98:e5:42:00:2c 663 
1641686483.352133 1025 1065 1070 1074 1081 1095 1107 1119 1133 1138 1140 1140 1147 1149 1152 
1641686483.352222 1166 1168 1173 1180 1184 1187 1206 1208 1215 1236 1238 1243 1250 1319 1360 
1641686483.821158 ### RSSI: -58, 3, 1640049544 ,1707 
1641686484.350854 ### DEBUG: Ticks: 1715, 16, 1 
1641686484.351045 1640049545 c0:98:e5:42:00:2c 583 
1641686484.351138 838 863 872 876 885 889 916 917 920 937 939 945 947 952 956 
1641686484.351233 968 974 984 988 989 990 994 995 1010 1025 1033 1034 1036 1051 1096 
1641686484.821403 ### RSSI: -54, 34, 1640049545 ,1722 
1641686485.348103 ### DEBUG: Ticks: 1730, 15, 1 
1641686485.348271 1640049546 c0:98:e5:42:00:2c 552 
1641686485.348371 845 866 873 897 898 910 920 924 931 934 940 953 956 957 972 
1641686485.348470 986 988 997 1001 1009 1013 1017 1022 1029 1040 1041 1072 1072 1075 1087 
1641686485.824113 ### RSSI: -46, 25, 1640049546 ,1738 
1641686486.349078 ### DEBUG: Ticks: 1746, 16, 1 
1641686486.349272 1640049547 c0:98:e5:42:00:2c 402 
1641686486.349351 652 655 697 731 734 741 745 756 757 763 763 766 774 785 789 
1641686486.349433 793 801 806 810 810 819 829 841 844 853 861 867 911 924 986 
1641686486.823438 ### RSSI: -52, 0, 1640049547 ,1754 
1641686487.340276 ### DEBUG: Ticks: 1762, 16, 1 
1641686487.351873 1640049548 c0:98:e5:42:00:2c 728 
1641686487.352175 949 960 965 970 972 974 1004 1021 1031 1033 1036 1042 1046 1052 1053 
1641686487.352369 1062 1067 1068 1071 1081 1089 1102 1103 1119 1134 1138 1166 1173 1224 1304 
1641686487.821159 ### RSSI: -55, 19, 1640049548 ,1769 
1641686488.344374 ### DEBUG: Ticks: 1777, 15, 1 
1641686488.344561 1640049549 c0:98:e5:42:00:2c 736 
1641686488.344654 990 993 1004 1062 1071 1076 1090 1094 1105 1109 1113 1113 1122 1128 1145 
1641686488.344749 1145 1150 1153 1163 1179 1193 1202 1211 1222 1230 1275 1277 1309 1336 1440 
1641686488.827441 ### RSSI: -57, 4, 1640049550 ,1785 
1641686489.340949 ### DEBUG: Ticks: 1793, 16, 1 
1641686489.353152 1640049550 c0:98:e5:42:00:2c 576 
1641686489.353362 883 897 900 914 933 957 959 961 963 976 980 985 985 986 987 
1641686489.353428 988 988 989 995 997 1012 1015 1028 1036 1036 1048 1056 1061 1062 1129 
1641686489.820967 ### RSSI: -54, 30, 1640049551 ,1800 
1641686490.349722 ### DEBUG: Ticks: 1809, 16, 1 
1641686490.349873 1640049551 c0:98:e5:42:00:2c 620 
1641686490.349957 905 908 927 964 966 975 995 999 1003 1003 1010 1014 1015 1024 1024 
1641686490.350047 1033 1038 1049 1051 1063 1079 1079 1088 1103 1107 1113 1129 1129 1154 1303 
1641686490.829226 ### RSSI: -50, 21, 1640049552 ,1816 
1641686491.345228 ### DEBUG: Ticks: 1824, 15, 1 
1641686491.345430 1640049552 c0:98:e5:42:00:2c 748 
1641686491.345504 993 1010 1013 1038 1038 1053 1059 1089 1096 1096 1097 1111 1126 1127 1128 
1641686491.345581 1130 1134 1141 1143 1144 1158 1169 1235 1241 1252 1259 1269 1278 1299 1328 
1641686491.821618 ### RSSI: -48, 3, 1640049553 ,1832 
1641686492.353118 ### DEBUG: Ticks: 1840, 16, 1 
1641686492.353362 1640049553 c0:98:e5:42:00:2c 540 
1641686492.353433 811 827 861 863 870 904 908 915 922 934 940 949 960 972 977 
1641686492.353501 980 991 998 1001 1013 1023 1034 1048 1051 1054 1056 1057 1066 1108 1194 
1641686492.824535 ### RSSI: -52, 31, 1640049554 ,1847 
1641686493.352530 ### DEBUG: Ticks: 1855, 15, 1 
1641686493.352691 1640049554 c0:98:e5:42:00:2c 366 
1641686493.352775 612 644 657 660 671 674 686 693 695 706 714 717 718 725 733 
1641686493.352898 740 744 756 761 766 773 775 777 790 804 812 831 855 868 0 
1641686493.822124 ### RSSI: -54, 33, 1640049555 ,1863 
1641686494.351578 ### DEBUG: Ticks: 1871, 16, 1 
1641686494.351748 1640049555 c0:98:e5:42:00:2c 772 
1641686494.351841 901 930 954 960 980 992 1014 1024 1024 1034 1047 1050 1068 1072 1072 
1641686494.351937 1078 1079 1082 1083 1084 1090 1113 1115 1116 1120 1161 1168 1232 1244 1298 
1641686494.822335 ### RSSI: -57, 15, 1640049556 ,1878 
1641686495.342930 ### DEBUG: Ticks: 1887, 16, 1 
1641686495.343213 1640049556 c0:98:e5:42:00:2c 659 
1641686495.355988 964 1013 1022 1031 1039 1044 1063 1068 1070 1078 1079 1081 1084 1085 1088 
1641686495.356177 1094 1095 1095 1101 1106 1120 1123 1130 1131 1139 1148 1151 1155 1174 1270 
1641686495.827500 ### RSSI: -56, 10, 1640049557 ,1894 
1641686496.353230 ### DEBUG: Ticks: 1902, 15, 1 
1641686496.353398 1640049557 c0:98:e5:42:00:2c 689 
1641686496.353490 939 958 973 975 975 985 989 995 998 1000 1006 1015 1015 1016 1017 
1641686496.353585 1031 1045 1045 1051 1054 1060 1062 1082 1096 1096 1105 1107 1116 1166 0 
1641686496.825852 ### RSSI: -57, 15, 1640049558 ,1910 
1641686497.345344 ### DEBUG: Ticks: 1918, 16, 1 
1641686497.345603 1640049558 c0:98:e5:42:00:2c 638 
1641686497.345786 943 973 978 983 1020 1037 1040 1049 1053 1073 1073 1078 1081 1081 1092 
1641686497.346382 1101 1108 1114 1131 1135 1137 1146 1148 1149 1158 1170 1185 1199 1200 1253 
1641686497.823213 ### RSSI: -53, 0, 1640049559 ,1925 
1641686498.344537 ### DEBUG: Ticks: 1934, 16, 1 
1641686498.344824 1640049559 c0:98:e5:42:00:2c 886 
1641686498.355769 1150 1183 1203 1215 1218 1226 1254 1256 1272 1273 1281 1286 1295 1298 1301 
1641686498.355900 1313 1316 1322 1366 1368 1370 1393 1394 1398 1424 1439 1477 1480 1578 1586 
1641686498.820578 ### RSSI: -60, 28, 1640049560 ,1941 
1641686499.350169 ### DEBUG: Ticks: 1949, 15, 1 
1641686499.350366 1640049560 c0:98:e5:42:00:2c 608 
1641686499.350451 889 926 941 958 958 966 968 976 979 982 982 984 992 1002 1012 
1641686499.350551 1013 1016 1019 1022 1029 1030 1030 1030 1035 1037 1048 1051 1058 1060 1177 
1641686499.820919 ### RSSI: -52, 32, 1640049561 ,1957 
1641686500.348716 ### DEBUG: Ticks: 1965, 16, 1 
1641686500.349128 1640049561 c0:98:e5:42:00:2c 616 
1641686500.349275 838 862 877 884 890 892 925 932 934 935 935 938 943 946 950 
1641686500.349358 950 958 959 961 975 976 980 987 995 1002 1020 1050 1061 1092 1125 
1641686500.827677 ### RSSI: -52, 11, 1640049561 ,1972 
1641686501.352965 ### DEBUG: Ticks: 1980, 15, 1 
1641686501.353236 1640049562 c0:98:e5:42:00:2c 767 
1641686501.353321 1030 1036 1069 1076 1078 1101 1115 1119 1127 1132 1133 1133 1134 1134 1156 
1641686501.353404 1168 1169 1171 1176 1178 1181 1190 1192 1199 1214 1220 1229 1245 1245 1258 
1641686501.819467 ### RSSI: -54, 27, 1640049562 ,1988 
1641686502.344051 ### DEBUG: Ticks: 1996, 16, 1 
1641686502.344190 1640049563 c0:98:e5:42:00:2c 496 
1641686502.344260 694 729 747 747 754 759 767 768 776 788 799 800 810 811 816 
1641686502.344343 824 825 825 826 826 835 839 845 845 853 871 879 908 908 949 
1641686502.823584 ### RSSI: -47, 12, 1640049563 ,2003 
1641686503.345108 ### DEBUG: Ticks: 2012, 16, 1 
1641686503.345280 1640049564 c0:98:e5:42:00:2c 301 
1641686503.358141 460 502 502 507 517 525 526 538 549 562 574 577 583 586 600 
1641686503.358282 605 631 641 646 646 659 660 665 666 667 684 689 702 776 869 
1641686503.484371 ### INFO: Device is now IN MOTION
