1640931039.673163 ###RTT Client: ************************************************************ 
1640931039.673492 ###RTT Client: *               SEGGER Microcontroller GmbH                * 
1640931039.673676 ###RTT Client: *   Solutions for real time microcontroller applications   * 
1640931039.673798 ###RTT Client: ************************************************************ 
1640931039.673916 ###RTT Client: *                                                          * 
1640931039.674059 ###RTT Client: *       (c) 2012 - 2016  SEGGER Microcontroller GmbH       * 
1640931039.674184 ###RTT Client: *                                                          * 
1640931039.674305 ###RTT Client: *     www.segger.com     Support: support@segger.com       * 
1640931039.674426 ###RTT Client: *                                                          * 
1640931039.674543 ###RTT Client: ************************************************************ 
1640931039.674657 ###RTT Client: *                                                          * 
1640931039.674814 ###RTT Client: * SEGGER J-Link RTT Client   Compiled Jan 30 2018 18:46:58 * 
1640931039.674944 ###RTT Client: *                                                          * 
1640931039.675083 ###RTT Client: ************************************************************ 
1640931039.675203 
1640931039.675318 ###RTT Client: -----------------------------------------------
1640931039.675433 ###RTT Client: Connecting to J-Link RTT Server via localhost:9201  Connected.
1640931039.675547 SEGGER J-Link V6.30 - Real time terminal output
1640931039.675681 J-Link EDU Mini V1 compiled Oct  2 2020 17:00:40 V1.0, SN=801021851
1640931039.675825 Process: JLinkExe
1640931039.675942 ### DEBUG: Ticks: 1642, 15, 1 
1640931039.676057 1640053271 c0:98:e5:42:00:29 323 
1640931039.676192 -120 -87 -81 -80 -78 -68 -64 -49 -49 -47 -35 -33 -32 -31 -24 
1640931039.676309 -1 4 6 13 23 24 32 37 56 61 68 68 76 82 156 
1640931039.676424 ### RSSI: -48, 33, 1640053271 ,1647 
1640931039.676537 ### DEBUG: Ticks: 1658, 16, 1 
1640931039.676646 1640053272 c0:98:e5:42:00:29 320 
1640931039.676758 -69 -69 -39 -27 -25 -15 -14 -14 -9 -7 -5 4 7 28 42 
1640931039.676897 44 52 53 61 72 87 88 90 90 93 93 95 99 112 221 
1640931039.677023 ### RSSI: -48, 14, 1640053272 ,1663 
1640931039.677143 ### DEBUG: Ticks: 1674, 16, 1 
1640931039.677278 1640053273 c0:98:e5:42:00:29 334 
1640931039.677395 -83 -57 -49 -16 -13 -2 4 12 23 23 27 37 37 47 55 
1640931039.677516 59 64 81 86 86 94 98 104 106 106 116 132 133 174 181 
1640931039.677632 ### RSSI: -48, 28, 1640053273 ,1679 
1640931039.677750 ### ERROR: Failed reading SquarePoint packet length
1640931039.677867 ### RSSI: -47, 5, 1640053274 ,1694 
1640931039.678010 ### RSSI: -48, 29, 1640053276 ,1710 
1640931039.678125 ### DEBUG: Ticks: 1720, 46, 1 
1640931039.678239 1640053276 c0:98:e5:42:00:29 262 
1640931039.678376 -120 -108 -90 -89 -85 -83 -77 -69 -62 -60 -60 -59 -55 -41 -32 
1640931039.678490 -20 -13 -11 -10 4 5 28 30 36 48 49 51 52 94 128 
1640931039.678602 ### RSSI: -48, 31, 1640053277 ,1726 
1640931039.678716 ### DEBUG: Ticks: 1736, 16, 1 
1640931039.678833 1640053277 c0:98:e5:42:00:29 287 
1640931039.678955 -199 -185 -175 -159 -158 -148 -148 -147 -137 -129 -125 -121 -118 -106 -105 
1640931039.679116 -77 -62 -59 -55 -45 -45 -39 -37 -33 -32 -25 -9 -4 -2 0 
1640931039.679242 ### RSSI: -46, 19, 1640053278 ,1741 
1640931039.679392 ### DEBUG: Ticks: 1752, 16, 1 
1640931039.679517 1640053278 c0:98:e5:42:00:29 295 
1640931039.679651 -154 -152 -147 -122 -118 -104 -101 -100 -95 -94 -92 -75 -71 -62 -60 
1640931039.679771 -59 -59 -42 -37 -34 -18 -10 0 2 17 20 31 37 63 124 
1640931039.679886 ### RSSI: -50, 1, 1640053279 ,1757 
1640931039.680001 ### DEBUG: Ticks: 1767, 15, 1 
1640931039.680145 1640053279 c0:98:e5:42:00:29 280 
1640931039.680269 -123 -115 -79 -77 -76 -62 -61 -60 -60 -59 -59 -41 -39 -34 -23 
1640931039.680385 1 10 14 17 27 31 34 37 47 56 62 68 69 79 82 
1640931039.680523 ### RSSI: -48, 29, 1640053280 ,1772 
1640931039.680643 ### DEBUG: Ticks: 1783, 16, 1 
1640931039.680760 1640053280 c0:98:e5:42:00:29 349 
1640931039.680896 20 45 46 60 74 77 78 79 93 96 99 117 120 125 127 
1640931039.681044 130 135 139 141 152 162 169 171 178 178 179 195 221 230 232 
1640931039.681190 ### RSSI: -48, 16, 1640053281 ,1788 
1640931039.681306 ### DEBUG: Ticks: 1798, 15, 1 
1640931039.681420 1640053281 c0:98:e5:42:00:29 327 
1640931039.681641 -104 -88 -86 -81 -73 -62 -55 -47 -35 -33 -27 -27 -19 -8 -7 
1640931039.681777 0 3 21 22 31 36 51 55 63 77 82 91 100 100 114 
1640931039.681895 ### RSSI: -46, 36, 1640053282 ,1804 
1640931039.682010 ### DEBUG: Ticks: 1814, 16, 1 
1640931039.682150 1640053282 c0:98:e5:42:00:29 328 
1640931039.682296 -45 -22 -18 -5 0 5 8 14 16 24 25 30 36 37 58 
1640931039.682419 61 62 63 68 83 86 95 103 107 112 113 116 117 155 175 
1640931039.682536 ### RSSI: -49, 9, 1640053283 ,1819 
1640931039.682680 ### DEBUG: Ticks: 1830, 16, 1 
1640931039.682813 1640053283 c0:98:e5:42:00:29 313 
1640931039.682930 -112 -101 -100 -90 -81 -73 -69 -61 -61 -59 -54 -46 -43 -32 -24 
1640931039.683049 -4 5 8 14 15 16 27 28 28 36 37 43 60 62 76 
1640931039.683163 ### RSSI: -48, 11, 1640053283 ,1835 
1640931039.683273 ### DEBUG: Ticks: 1845, 15, 1 
1640931039.683420 1640053284 c0:98:e5:42:00:29 320 
1640931039.683532 -88 -20 -15 -12 -9 -4 -2 -1 1 30 32 33 35 43 45 
1640931039.683694 69 70 71 79 84 94 106 107 111 112 121 125 137 146 150 
1640931039.683842 ### RSSI: -48, 29, 1640053284 ,1850 
1640931039.683958 ### DEBUG: Ticks: 1861, 16, 1 
1640931039.684071 1640053285 c0:98:e5:42:00:29 316 
1640931039.684185 -32 -32 -23 -1 8 8 12 15 15 21 29 49 58 76 78 
1640931039.684296 81 81 91 97 101 101 112 113 115 121 129 131 136 138 174 
1640931039.684453 ### RSSI: -45, 36, 1640053285 ,1866 
1640931039.684611 ### INFO: SD card flushed!
1640931039.684742 ### DEBUG: Ticks: 1877, 16, 1 
1640931039.684881 1640053286 c0:98:e5:42:00:29 288 
1640931039.684994 -85 -76 -55 -44 -30 -30 -24 -20 -18 -18 -18 -16 -14 6 8 
1640931039.685107 18 22 27 39 40 43 58 68 70 82 85 92 96 121 121 
1640931039.685221 ### RSSI: -50, 10, 1640053286 ,1882 
1640931039.685333 ### ERROR: Failed reading SquarePoint packet length
1640931039.685448 ### RSSI: -54, 10, 1640053287 ,1897 
1640931039.685609 ### RSSI: -48, 24, 1640053288 ,1913 
1640931039.685724 ### DEBUG: Ticks: 1923, 46, 1 
1640931039.685838 1640053289 c0:98:e5:42:00:29 253 
1640931039.685989 -173 -161 -160 -157 -138 -133 -130 -126 -125 -124 -107 -106 -97 -91 -90 
1640931039.686102 -88 -86 -84 -83 -83 -68 -50 -46 -43 -37 -14 15 20 59 67 
1640931039.686215 ### RSSI: -48, 12, 1640053289 ,1929 
1640931039.686327 ### DEBUG: Ticks: 1939, 16, 1 
1640931039.686445 1640053290 c0:98:e5:42:00:29 307 
1640931039.686590 -71 -65 -35 -20 -18 -16 -14 -7 -2 7 14 19 20 22 35 
1640931039.686710 37 37 38 43 48 54 76 77 80 82 111 112 114 138 156 
1640931039.686825 ### RSSI: -48, 4, 1640053290 ,1944 
1640931039.686939 ### DEBUG: Ticks: 1955, 16, 1 
1640931039.687079 1640053291 c0:98:e5:42:00:29 306 
1640931039.687195 -80 -74 -71 -49 -48 -46 -37 -37 -33 -32 -32 -28 -24 -20 -17 
1640931039.687305 -9 10 10 14 18 57 61 72 78 82 90 91 94 114 136 
1640931039.687421 ### RSSI: -50, 6, 1640053291 ,1960 
1640931039.687535 ### DEBUG: Ticks: 1970, 15, 1 
1640931039.687697 1640053292 c0:98:e5:42:00:29 310 
1640931039.687818 -135 -134 -121 -117 -114 -85 -83 -77 -67 -61 -58 -45 -42 -26 -19 
1640931039.687931 -8 -4 -1 0 0 6 8 13 18 35 40 44 45 47 49 
1640931039.688066 ### RSSI: -48, 24, 1640053292 ,1975 
1640931039.688179 ### DEBUG: Ticks: 1986, 16, 1 
1640931039.688291 1640053293 c0:98:e5:42:00:29 247 
1640931039.688403 -94 -89 -79 -72 -71 -53 -39 -34 -24 -22 -21 -18 -15 -13 0 
1640931039.688514 4 11 11 17 19 21 34 35 40 42 64 66 69 88 113 
1640931039.688626 ### RSSI: -48, 27, 1640053293 ,1991 
1640931039.688769 ### DEBUG: Ticks: 2002, 16, 1 
1640931039.688891 1640053294 c0:98:e5:42:00:29 281 
1640931039.689006 -106 -77 -73 -59 -51 -38 -37 -30 -29 -27 -7 -6 -5 27 29 
1640931039.689138 31 33 34 37 47 51 55 56 61 74 75 84 88 99 128 
1640931039.689255 ### RSSI: -48, 13, 1640053294 ,2007 
1640931039.689370 ### DEBUG: Ticks: 2017, 15, 1 
1640931039.689486 1640053295 c0:98:e5:42:00:29 327 
1640931039.689625 -39 -22 -19 -11 1 6 7 7 18 18 26 34 39 56 62 
1640931039.689739 66 79 82 96 97 104 121 122 132 134 136 153 154 163 195 
1640931039.689883 ### RSSI: -47, 13, 1640053295 ,2022 
1640931039.689997 ### DEBUG: Ticks: 2033, 16, 1 
1640931039.690109 1640053296 c0:98:e5:42:00:29 285 
1640931039.690240 -158 -152 -117 -117 -88 -82 -80 -72 -71 -68 -61 -59 -52 -44 -36 
1640931039.690353 -22 -20 -12 -5 11 16 28 29 40 43 44 44 60 60 87 
1640931039.690468 ### RSSI: -48, 11, 1640053296 ,2038 
1640931039.690581 ### DEBUG: Ticks: 2048, 15, 1 
1640931039.690693 1640053297 c0:98:e5:42:00:29 232 
1640931039.690805 -114 -102 -74 -74 -68 -67 -65 -55 -54 -52 -51 -28 -27 -18 -14 
1640931039.690946 -5 -4 -3 11 21 32 34 37 38 41 51 54 60 77 104 
1640931039.691084 ### RSSI: -50, 3, 1640053297 ,2054 
1640931039.691201 ### DEBUG: Ticks: 2064, 16, 1 
1640931039.691335 1640053298 c0:98:e5:42:00:29 272 
1640931039.691452 -155 -121 -109 -106 -106 -91 -78 -78 -75 -62 -62 -51 -48 -40 -40 
1640931039.691566 -37 -37 -12 -9 1 4 11 15 19 20 22 33 53 65 68 
1640931039.691701 ### RSSI: -48, 18, 1640053298 ,2069 
1640931039.691812 ### DEBUG: Ticks: 2080, 16, 1 
1640931039.691925 1640053299 c0:98:e5:42:00:29 311 
1640931039.692073 -65 -30 -16 -4 -3 10 25 29 30 39 40 42 45 48 49 
1640931039.692261 62 62 66 72 74 109 112 118 123 131 134 138 155 183 201 
1640931039.692401 ### RSSI: -48, 29, 1640053300 ,2085 
1640931039.692516 ### ERROR: Failed reading SquarePoint packet length
1640931039.692624 ### RSSI: -50, 10, 1640053301 ,2100 
1640931039.692733 ### RSSI: -47, 30, 1640053302 ,2116 
1640931039.692889 ### DEBUG: Ticks: 2127, 47, 1 
1640931039.693004 1640053302 c0:98:e5:42:00:29 267 
1640931039.693157 -73 -48 -38 -33 -20 -18 -17 -14 -11 0 3 11 17 17 21 
1640931039.693272 25 30 37 53 60 64 66 69 70 73 75 76 86 97 105 
1640931039.693426 ### RSSI: -48, 13, 1640053303 ,2132 
1640931039.693550 ### DEBUG: Ticks: 2142, 15, 1 
1640931039.693664 1640053303 c0:98:e5:42:00:29 317 
1640931039.693776 -71 -24 -12 -9 -6 -3 0 1 6 18 32 45 55 60 65 
1640931039.693908 77 81 83 87 101 106 121 127 128 131 137 138 141 147 184 
1640931039.694035 ### RSSI: -47, 30, 1640053304 ,2147 
1640931039.694188 ### DEBUG: Ticks: 2158, 16, 1 
1640931039.694313 1640053304 c0:98:e5:42:00:29 281 
1640931039.694445 -132 -126 -118 -115 -111 -109 -88 -78 -74 -68 -54 -54 -54 -43 -40 
1640931039.694590 -36 -35 -20 -12 -11 -11 -1 3 11 47 47 47 47 48 85 
1640931039.694712 ### RSSI: -48, 11, 1640053305 ,2163 
1640931039.694825 ### DEBUG: Ticks: 2173, 15, 1 
1640931039.694940 1640053305 c0:98:e5:42:00:29 302 
1640931039.695056 -44 -34 -27 -4 -1 6 13 13 18 20 21 26 30 32 33 
1640931039.695221 41 43 53 61 74 77 78 87 96 102 121 127 144 147 223 
1640931039.695347 ### RSSI: -48, 4, 1640053306 ,2178 
1640931039.695465 ### DEBUG: Ticks: 2189, 16, 1 
1640931039.695661 1640053306 c0:98:e5:42:00:29 346 
1640931039.695807 -56 -53 -28 -13 -3 4 6 10 11 38 38 39 42 49 57 
1640931039.695923 59 63 90 90 91 95 105 105 106 110 117 117 117 125 149 
1640931039.696036 ### RSSI: -48, 31, 1640053307 ,2194 
1640931040.293825 ### DEBUG: Ticks: 2205, 16, 1 
1640931040.293926 1640053307 c0:98:e5:42:00:29 339 
1640931040.293967 -17 -1 8 44 48 57 60 62 69 75 80 80 96 101 101 
1640931040.294006 109 117 123 126 127 134 154 157 158 170 175 178 189 193 207 
1640931040.626226 ### RSSI: -44, 18, 1640053307 ,2210 
1640931041.300799 ### DEBUG: Ticks: 2220, 15, 1 
1640931041.301235 1640053308 c0:98:e5:42:00:29 285 
1640931041.301799 -101 -93 -56 -55 -53 -50 -38 -25 -10 -9 -4 -2 4 9 11 
1640931041.302347 12 17 27 54 67 67 67 72 76 81 92 115 116 123 139 
1640931041.625756 ### RSSI: -48, 32, 1640053308 ,2225 
1640931042.299025 ### DEBUG: Ticks: 2236, 16, 1 
1640931042.299169 1640053309 c0:98:e5:42:00:29 248 
1640931042.299249 -77 -71 -70 -63 -57 -38 -33 -25 -24 -14 -11 -2 7 9 13 
1640931042.299335 16 28 29 35 45 45 49 50 67 68 74 82 99 106 171 
1640931042.623660 ### RSSI: -49, 6, 1640053309 ,2241 
1640931043.292313 ### DEBUG: Ticks: 2251, 15, 1 
1640931043.303037 1640053310 c0:98:e5:42:00:29 281 
1640931043.303150 -104 -98 -89 -74 -72 -61 -54 -49 -29 -27 -22 -19 -7 -7 -5 
1640931043.303205 -1 8 10 13 14 16 23 37 50 53 56 61 79 89 158 
1640931043.621783 ### RSSI: -48, 11, 1640053310 ,2257 
1640931044.293553 ### DEBUG: Ticks: 2267, 16, 1 
1640931044.293681 1640053311 c0:98:e5:42:00:29 313 
1640931044.304893 -68 -56 -44 -43 -41 -39 -34 -33 -32 -26 -16 -11 -11 -8 1 
1640931044.305012 15 34 41 54 61 62 69 73 76 89 94 96 103 106 207 
1640931044.627470 ### RSSI: -49, 26, 1640053311 ,2272 
1640931045.302356 ### DEBUG: Ticks: 2283, 16, 1 
1640931045.302770 1640053312 c0:98:e5:42:00:29 332 
1640931045.303296 -26 -15 42 43 46 47 49 67 69 71 72 81 87 91 100 
1640931045.303969 101 114 116 116 118 130 154 155 157 157 163 170 171 188 209 
1640931045.624906 ### RSSI: -47, 30, 1640053312 ,2288 
1640931046.298232 ### ERROR: Failed reading SquarePoint packet length
1640931046.624522 ### RSSI: -47, 27, 1640053313 ,2303 
1640931047.626671 ### RSSI: -49, 25, 1640053314 ,2319 
1640931048.298240 ### DEBUG: Ticks: 2330, 47, 1 
1640931048.299935 1640053315 c0:98:e5:42:00:29 306 
1640931048.303004 -187 -157 -157 -156 -147 -130 -127 -122 -109 -108 -104 -98 -98 -92 -85 
1640931048.305371 -79 -74 -68 -63 -54 -50 -36 -30 -17 -15 -8 1 7 8 11 
1640931048.619473 ### RSSI: -47, 30, 1640053315 ,2335 
1640931049.298362 ### DEBUG: Ticks: 2345, 15, 1 
1640931049.298818 1640053316 c0:98:e5:42:00:29 292 
1640931049.299614 -162 -147 -142 -137 -135 -130 -127 -119 -118 -114 -113 -106 -104 -102 -101 
1640931049.300226 -88 -77 -77 -59 -56 -43 -39 -37 -11 -9 6 8 20 37 72 
1640931049.621898 ### RSSI: -47, 20, 1640053316 ,2350 
1640931050.299118 ### DEBUG: Ticks: 2361, 16, 1 
1640931050.299226 1640053317 c0:98:e5:42:00:29 337 
1640931050.299269 -80 -58 -48 -29 -29 -26 -15 -11 -6 8 10 15 16 17 27 
1640931050.299316 45 55 64 81 81 85 87 99 100 109 113 117 126 127 152 
1640931050.628809 ### RSSI: -51, 2, 1640053317 ,2366 
1640931051.294758 ### DEBUG: Ticks: 2376, 15, 1 
1640931051.294859 1640053318 c0:98:e5:42:00:29 286 
1640931051.295098 -88 -85 -74 -67 -58 -52 -52 -36 -36 -33 -29 -21 -11 -6 -5 
1640931051.295336 -5 4 8 23 24 33 36 41 43 56 65 67 84 99 148 
1640931051.624126 ### RSSI: -51, 2, 1640053318 ,2382 
1640931052.299786 ### DEBUG: Ticks: 2392, 16, 1 
1640931052.299890 1640053319 c0:98:e5:42:00:29 276 
1640931052.300002 -74 -56 -48 -47 -46 -30 -26 -24 -24 -23 -23 -23 -5 -3 7 
1640931052.300298 7 22 29 36 40 41 49 57 79 84 85 99 122 125 135 
1640931052.626513 ### RSSI: -48, 29, 1640053319 ,2397 
1640931053.296616 ### DEBUG: Ticks: 2408, 16, 1 
1640931053.296867 1640053320 c0:98:e5:42:00:29 312 
1640931053.297061 -114 -91 -87 -76 -71 -70 -70 -66 -60 -58 -55 -54 -40 -36 -29 
1640931053.297214 -16 -16 0 0 6 6 12 21 30 33 36 40 44 62 81 
1640931053.625809 ### RSSI: -49, 25, 1640053320 ,2413 
1640931054.300031 ### DEBUG: Ticks: 2423, 15, 1 
1640931054.300312 1640053321 c0:98:e5:42:00:29 290 
1640931054.300498 -126 -106 -100 -73 -58 -47 -47 -44 -42 -39 -21 -14 -13 -12 -1 
1640931054.300709 2 5 13 14 45 47 72 72 73 74 78 79 88 89 99 
1640931054.618967 ### RSSI: -51, 10, 1640053321 ,2428 
1640931055.294834 ### DEBUG: Ticks: 2439, 16, 1 
1640931055.295142 1640053322 c0:98:e5:42:00:29 289 
1640931055.305503 -146 -146 -141 -137 -122 -105 -103 -98 -94 -93 -76 -72 -68 -63 -59 
1640931055.305785 -50 -47 -46 -44 -26 -15 -13 -6 -2 13 16 18 25 47 106 
1640931055.624757 ### RSSI: -48, 23, 1640053322 ,2444 
1640931056.298557 ### DEBUG: Ticks: 2455, 16, 1 
1640931056.298820 1640053323 c0:98:e5:42:00:29 302 
1640931056.298975 -197 -182 -178 -177 -149 -148 -147 -147 -143 -141 -132 -132 -131 -131 -127 
1640931056.299132 -117 -102 -80 -78 -77 -71 -67 -63 -58 -45 -33 -22 -19 -16 7 
1640931056.625214 ### RSSI: -47, 15, 1640053324 ,2460 
1640931057.301750 ### DEBUG: Ticks: 2470, 15, 1 
1640931057.302201 1640053324 c0:98:e5:42:00:29 291 
1640931057.302744 -55 -46 -27 -9 -9 -1 16 20 27 29 29 33 34 44 50 
1640931057.303313 51 75 77 95 95 102 109 114 127 143 144 145 167 170 222 
1640931057.622575 ### RSSI: -48, 22, 1640053325 ,2475 
1640931058.298555 ### DEBUG: Ticks: 2486, 16, 1 
1640931058.298805 1640053325 c0:98:e5:42:00:29 321 
1640931058.298939 -42 -35 -11 1 8 18 21 27 28 38 40 44 58 69 73 
1640931058.299077 77 78 83 83 84 89 98 103 127 136 138 142 161 174 182 
1640931058.619785 ### RSSI: -47, 15, 1640053326 ,2491 
1640931058.719093 ### INFO: SD card flushed!
1640931059.294561 ### DEBUG: Ticks: 2501, 15, 1 
1640931059.294844 1640053326 c0:98:e5:42:00:29 305 
1640931059.306597 -177 -154 -136 -135 -133 -125 -122 -118 -116 -111 -105 -105 -99 -97 -94 
1640931059.306868 -93 -45 -43 -41 -35 -33 -26 -24 -19 -17 3 12 26 52 67 
1640931059.617952 ### RSSI: -48, 29, 1640053327 ,2506 
1640931060.291699 ### ERROR: Failed reading SquarePoint packet length
1640931060.619213 ### RSSI: -47, 15, 1640053328 ,2522 
1640931061.628702 ### RSSI: -48, 31, 1640053329 ,2538 
1640931062.236654 ### BLE EVENT: 16, INFO: BLE CONNECTED!
1640931062.237085 ### RSSI: -47, 22, 1640053329 ,2547 
1640931062.294571 ### DEBUG: Ticks: 2548, 47, 1 
1640931062.294821 1640053329 c0:98:e5:42:00:29 300 
1640931062.307923 -27 -27 -20 0 6 13 16 20 29 31 43 43 49 49 49 
1640931062.311287 61 74 77 78 85 90 93 95 97 114 130 136 138 155 170 
1640931062.340376 ### RSSI: -48, 16, 1640053329 ,2549 
1640931062.436735 ### RSSI: -48, 4, 1640053330 ,2551 
1640931062.545569 ### RSSI: -48, 4, 1640053330 ,2552 
1640931062.622424 ### RSSI: -49, 26, 1640053330 ,2553 
1640931062.644214 ### RSSI: -46, 36, 1640053330 ,2554 
1640931062.721171 ### RSSI: -48, 34, 1640053330 ,2555 
1640931062.742584 ### RSSI: -47, 31, 1640053330 ,2555 
1640931062.819496 ### RSSI: -47, 5, 1640053330 ,2556 
1640931062.841537 ### RSSI: -48, 26, 1640053330 ,2557 
1640931062.917564 ### RSSI: -46, 36, 1640053330 ,2558 
1640931062.940887 ### RSSI: -48, 4, 1640053330 ,2558 
1640931063.018973 ### RSSI: -48, 19, 1640053330 ,2560 
1640931063.040050 ### RSSI: -48, 25, 1640053330 ,2560 
1640931063.126370 ### RSSI: -46, 36, 1640053330 ,2561 
1640931063.137987 ### RSSI: -51, 8, 1640053330 ,2561 
1640931063.224548 ### RSSI: -48, 20, 1640053330 ,2563 
1640931063.245665 ### RSSI: -48, 12, 1640053330 ,2563 
1640931063.301267 ### DEBUG: Ticks: 2564, 16, 1 
1640931063.301368 1640053330 c0:98:e5:42:00:29 306 
1640931063.301599 -57 -31 -27 -21 -17 -12 -11 -9 10 11 12 13 23 32 36 
1640931063.301795 43 47 50 51 61 78 86 101 103 104 108 114 123 138 154 
1640931063.324589 ### RSSI: -48, 14, 1640053330 ,2564 
1640931063.347133 ### RSSI: -46, 35, 1640053331 ,2565 
1640931063.423980 ### RSSI: -47, 15, 1640053331 ,2566 
1640931063.446492 ### RSSI: -48, 12, 1640053331 ,2566 
1640931063.524621 ### RSSI: -48, 22, 1640053331 ,2567 
1640931063.546881 ### RSSI: -57, 6, 1640053331 ,2568 
1640931063.623881 ### RSSI: -50, 2, 1640053331 ,2569 
1640931063.645992 ### RSSI: -50, 2, 1640053331 ,2569 
1640931063.723033 ### RSSI: -48, 16, 1640053331 ,2571 
1640931063.745544 ### RSSI: -54, 20, 1640053331 ,2571 
1640931063.822893 ### RSSI: -48, 14, 1640053331 ,2572 
1640931063.844555 ### RSSI: -50, 1, 1640053331 ,2572 
1640931064.302783 ### DEBUG: Ticks: 2580, 16, 1 
1640931064.302886 1640053331 c0:98:e5:42:00:29 295 
1640931064.303122 -165 -150 -150 -146 -143 -136 -127 -113 -109 -109 -100 -100 -97 -95 -85 
1640931064.303322 -71 -53 -52 -39 -31 -30 -30 -28 -15 -5 0 2 28 42 86 
1640931064.823784 ### RSSI: -50, 6, 1640053331 ,2588 
1640931064.845909 ### RSSI: -46, 36, 1640053331 ,2588 
1640931065.300008 ### DEBUG: Ticks: 2595, 15, 1 
1640931065.300179 1640053332 c0:98:e5:42:00:29 315 
1640931065.300277 -57 -28 -20 -20 -13 -7 2 10 10 16 18 22 24 31 34 
1640931065.300384 46 47 62 74 75 88 97 99 100 110 117 122 128 149 213 
1640931065.823684 ### RSSI: -48, 34, 1640053332 ,2603 
1640931065.845753 ### RSSI: -51, 33, 1640053332 ,2604 
1640931066.296304 ### DEBUG: Ticks: 2611, 16, 1 
1640931066.296557 1640053333 c0:98:e5:42:00:29 313 
1640931066.296713 -26 -22 -17 -9 -7 -1 0 1 8 10 23 23 25 53 60 
1640931066.296893 63 65 66 69 80 94 94 100 108 109 118 119 126 135 143 
1640931066.486396 ### INFO: Device is now IN MOTION
1640931066.822283 ### RSSI: -47, 35, 1640053333 ,2619 
1640931066.845881 ### RSSI: -49, 9, 1640053333 ,2619 
1640931067.300367 ### DEBUG: Ticks: 2626, 15, 1 
1640931067.300619 1640053334 c0:98:e5:42:00:29 306 
1640931067.300773 -113 -97 -78 -61 -61 -54 -52 -49 -45 -45 -42 -21 -21 -15 -5 
1640931067.300953 -2 6 8 17 18 20 29 33 37 46 48 50 55 64 74 
1640931067.817604 ### RSSI: -55, 15, 1640053334 ,2635 
1640931067.840445 ### RSSI: -54, 15, 1640053334 ,2635 
1640931068.295955 ### DEBUG: Ticks: 2642, 16, 1 
1640931068.297791 1640053335 c0:98:e5:42:00:29 368 
1640931068.298014 -18 -8 22 23 35 36 40 45 46 51 56 57 61 62 67 
1640931068.298181 69 72 74 76 82 89 104 111 116 117 117 124 185 205 233 
1640931068.821174 ### RSSI: -44, 1, 1640053335 ,2650 
1640931068.842766 ### RSSI: -52, 34, 1640053335 ,2650 
1640931069.295683 ### DEBUG: Ticks: 2658, 16, 1 
1640931069.295961 1640053336 c0:98:e5:42:00:29 267 
1640931069.296137 -118 -111 -99 -93 -89 -85 -68 -67 -66 -64 -48 -36 -33 -25 -23 
1640931069.296298 -18 -16 -15 -15 -9 -5 -3 5 8 14 26 46 52 78 79 
1640931069.828158 ### RSSI: -43, 19, 1640053336 ,2666 
1640931069.839909 ### RSSI: -42, 33, 1640053336 ,2666 
1640931070.296457 ### DEBUG: Ticks: 2673, 15, 1 
1640931070.296868 1640053337 c0:98:e5:42:00:29 271 
1640931070.297026 -166 -162 -154 -149 -145 -143 -139 -118 -116 -115 -113 -111 -107 -104 -98 
1640931070.307543 -89 -78 -73 -68 -67 -66 -65 -54 -52 -41 -40 -34 -16 7 28 
1640931070.822357 ### RSSI: -45, 11, 1640053337 ,2681 
1640931070.844295 ### RSSI: -45, 17, 1640053337 ,2682 
1640931071.298651 ### DEBUG: Ticks: 2689, 16, 1 
1640931071.298871 1640053338 c0:98:e5:42:00:29 449 
1640931071.298979 49 75 77 88 92 92 94 94 101 101 102 105 106 109 109 
1640931071.299089 109 124 127 133 138 143 151 153 163 169 172 184 202 210 225 
1640931071.825742 ### RSSI: -47, 8, 1640053338 ,2697 
1640931071.836086 ### RSSI: -47, 34, 1640053338 ,2697 
1640931072.296356 ### DEBUG: Ticks: 2704, 15, 1 
1640931072.296611 1640053339 c0:98:e5:42:00:29 595 
1640931072.296764 236 239 244 276 277 285 293 294 296 298 309 312 329 331 335 
1640931072.296923 343 352 355 356 358 360 360 362 363 374 380 382 389 405 431 
1640931072.827213 ### RSSI: -48, 13, 1640053339 ,2713 
1640931072.838157 ### RSSI: -46, 17, 1640053339 ,2713 
1640931073.299015 ### DEBUG: Ticks: 2720, 16, 1 
1640931073.299261 1640053340 c0:98:e5:42:00:29 671 
1640931073.299427 275 317 317 351 359 361 368 384 388 392 400 405 407 412 412 
1640931073.299683 420 420 421 425 427 430 431 440 445 446 449 457 464 474 542 
1640931073.827540 ### RSSI: -48, 31, 1640053340 ,2728 
1640931073.837822 ### RSSI: -50, 5, 1640053340 ,2729 
1640931074.290710 ### ERROR: Failed reading SquarePoint packet length
1640931074.819509 ### RSSI: -48, 8, 1640053341 ,2744 
1640931074.841422 ### RSSI: -49, 16, 1640053341 ,2744 
1640931075.826285 ### RSSI: -51, 33, 1640053343 ,2760 
1640931075.839667 ### RSSI: -57, 23, 1640053343 ,2760 
1640931076.301263 ### DEBUG: Ticks: 2767, 47, 1 
1640931076.301551 1640053343 c0:98:e5:42:00:29 742 
1640931076.301772 330 356 371 401 401 403 409 410 411 416 418 429 431 435 438 
1640931076.301959 439 442 447 448 450 465 466 466 468 469 474 480 520 562 0 
1640931076.823077 ### RSSI: -58, 29, 1640053344 ,2775 
1640931076.845729 ### RSSI: -57, 13, 1640053344 ,2775 
1640931077.296257 ### DEBUG: Ticks: 2783, 16, 1 
1640931077.296546 1640053344 c0:98:e5:42:00:29 739 
1640931077.296726 352 353 367 368 383 384 391 420 426 427 429 430 431 433 444 
1640931077.296911 446 447 460 466 472 476 498 501 501 517 518 528 538 561 579 
1640931077.822187 ### RSSI: -60, 11, 1640053345 ,2791 
1640931077.842480 ### RSSI: -62, 23, 1640053345 ,2791 
1640931078.298868 ### DEBUG: Ticks: 2798, 15, 1 
1640931078.299129 1640053345 c0:98:e5:42:00:29 821 
1640931078.299284 492 502 505 508 519 523 528 532 539 553 554 563 564 565 570 
1640931078.299444 570 577 590 596 597 606 609 615 627 644 655 659 664 677 678 
1640931078.820142 ### RSSI: -60, 11, 1640053346 ,2806 
1640931078.842128 ### RSSI: -57, 13, 1640053346 ,2807 
1640931079.305485 ### DEBUG: Ticks: 2814, 16, 1 
1640931079.305685 1640053346 c0:98:e5:42:00:29 786 
1640931079.305806 352 398 398 400 403 421 434 443 451 453 455 458 464 465 474 
1640931079.305933 479 480 484 486 488 489 497 500 563 570 571 576 579 599 607 
1640931079.816471 ### RSSI: -55, 25, 1640053347 ,2822 
1640931079.839782 ### RSSI: -57, 33, 1640053347 ,2822 
1640931080.296685 ### DEBUG: Ticks: 2829, 15, 1 
1640931080.296910 1640053347 c0:98:e5:42:00:29 809 
1640931080.297045 478 501 510 519 524 526 539 545 545 546 548 569 578 582 587 
1640931080.297184 595 603 610 617 622 641 647 667 682 715 721 755 803 818 845 
1640931080.817449 ### RSSI: -72, 1, 1640053348 ,2838 
1640931080.839273 ### RSSI: -61, 24, 1640053348 ,2838 
1640931081.302751 ### DEBUG: Ticks: 2845, 16, 1 
1640931081.303036 1640053348 c0:98:e5:42:00:29 784 
1640931081.303216 451 474 487 488 489 492 496 496 501 502 504 512 514 519 521 
1640931081.303402 544 550 556 567 567 568 574 582 596 601 639 672 673 709 721 
1640931081.818955 ### RSSI: -60, 12, 1640053349 ,2853 
1640931081.841239 ### RSSI: -65, 2, 1640053349 ,2854 
1640931082.296696 ### DEBUG: Ticks: 2861, 16, 1 
1640931082.296895 1640053349 c0:98:e5:42:00:29 974 
1640931082.297015 563 578 583 597 601 602 610 610 612 613 613 615 615 618 624 
1640931082.297143 641 641 659 661 663 667 673 675 675 693 712 720 725 727 822 
1640931082.820859 ### RSSI: -58, 4, 1640053350 ,2869 
1640931082.844138 ### RSSI: -63, 32, 1640053350 ,2869 
1640931083.304570 ### DEBUG: Ticks: 2876, 15, 1 
1640931083.304939 1640053350 c0:98:e5:42:00:29 1523 
1640931083.305119 1077 1110 1132 1132 1134 1139 1156 1158 1159 1161 1176 1177 1178 1188 1190 
1640931083.305305 1196 1196 1198 1203 1218 1221 1225 1231 1234 1235 1236 1252 1276 1315 1368 
1640931083.820969 ### RSSI: -72, 15, 1640053351 ,2884 
1640931083.842353 ### RSSI: -66, 35, 1640053351 ,2885 
1640931084.303402 ### DEBUG: Ticks: 2892, 16, 1 
1640931084.303697 1640053351 c0:98:e5:42:00:29 1955 
1640931084.303862 1553 1561 1564 1569 1569 1577 1579 1584 1585 1586 1591 1594 1595 1601 1601 
1640931084.304032 1612 1614 1617 1619 1620 1626 1632 1646 1648 1653 1664 1666 1691 1708 1854 
1640931084.818772 ### RSSI: -60, 8, 1640053352 ,2900 
1640931084.841043 ### RSSI: -74, 33, 1640053352 ,2900 
1640931085.303200 ### DEBUG: Ticks: 2908, 16, 1 
1640931085.303405 1640053352 c0:98:e5:42:00:29 2078 
1640931085.303545 1633 1638 1639 1646 1647 1651 1660 1661 1661 1674 1675 1677 1677 1683 1684 
1640931085.303740 1685 1694 1700 1701 1702 1703 1717 1720 1723 1729 1736 1739 1754 1755 1774 
1640931085.825532 ### RSSI: -69, 6, 1640053353 ,2916 
1640931085.836015 ### RSSI: -61, 28, 1640053353 ,2916 
1640931086.301519 ### DEBUG: Ticks: 2923, 15, 1 
1640931086.301864 1640053353 c0:98:e5:42:00:29 2060 
1640931086.302045 1656 1664 1671 1684 1685 1690 1692 1694 1695 1699 1705 1707 1707 1713 1715 
1640931086.302234 1718 1721 1724 1726 1727 1735 1742 1746 1755 1756 1757 1766 1789 1798 1988 
1640931086.822021 ### RSSI: -65, 16, 1640053354 ,2931 
1640931086.844966 ### RSSI: -62, 17, 1640053354 ,2932 
1640931087.296731 ### DEBUG: Ticks: 2939, 16, 1 
1640931087.296997 1640053354 c0:98:e5:42:00:29 2063 
1640931087.297149 1593 1637 1670 1680 1699 1699 1700 1701 1709 1714 1714 1721 1722 1726 1727 
1640931087.297308 1730 1737 1740 1749 1750 1755 1766 1781 1793 1798 1800 1803 1823 1826 1827 
1640931087.822751 ### RSSI: -59, 12, 1640053355 ,2947 
1640931087.845937 ### RSSI: -58, 17, 1640053355 ,2947 
1640931088.296838 ### ERROR: Failed reading SquarePoint packet length
1640931088.815969 ### RSSI: -68, 26, 1640053356 ,2963 
1640931088.838133 ### RSSI: -69, 23, 1640053356 ,2963 
1640931088.876851 ### DEBUG: BLE START SCANNING called
1640931089.823901 ### RSSI: -68, 30, 1640053357 ,2978 
1640931089.824120 ### DEBUG: BLE START SCANNING called
1640931089.845031 ### RSSI: -71, 2, 1640053357 ,2978 
1640931089.845312 ### DEBUG: BLE START SCANNING called
1640931089.867013 ### DEBUG: BLE START SCANNING called
1640931090.304422 ### DEBUG: Ticks: 2986, 47, 1 
1640931090.304697 1640053357 c0:98:e5:42:00:29 2188 
1640931090.304897 1756 1804 1810 1815 1836 1836 1841 1846 1856 1859 1865 1867 1874 1880 1886 
1640931090.305070 1888 1896 1908 1908 1911 1926 1926 1946 1950 1980 1988 1988 1996 2004 2032 
1640931090.305255 ### DEBUG: BLE START SCANNING called
1640931090.822536 ### RSSI: -66, 20, 1640053357 ,2994 
1640931090.822723 ### DEBUG: BLE START SCANNING called
1640931090.844199 ### RSSI: -66, 36, 1640053357 ,2994 
1640931090.844470 ### DEBUG: BLE START SCANNING called
1640931090.867225 ### DEBUG: BLE START SCANNING called
1640931091.302301 ### DEBUG: Ticks: 3001, 15, 1 
1640931091.302550 1640053358 c0:98:e5:42:00:29 2110 
1640931091.302717 1707 1740 1756 1761 1763 1768 1775 1782 1788 1792 1794 1796 1798 1802 1803 
1640931091.302877 1805 1814 1816 1822 1823 1850 1854 1871 1884 1891 1904 1906 1948 1970 1983 
1640931091.731128 ### INFO: SD card flushed!
1640931091.731376 ### DEBUG: BLE START SCANNING called
1640931091.731531 ### DEBUG: BLE START SCANNING called
1640931091.820246 ### RSSI: -60, 22, 1640053358 ,3009 
1640931091.820499 ### DEBUG: BLE START SCANNING called
1640931091.843520 ### RSSI: -63, 35, 1640053358 ,3010 
1640931091.843866 ### DEBUG: BLE START SCANNING called
1640931091.877562 ### DEBUG: BLE START SCANNING called
1640931092.295540 ### DEBUG: Ticks: 3017, 16, 1 
1640931092.295829 1640053359 c0:98:e5:42:00:29 2054 
1640931092.295993 1643 1645 1678 1693 1694 1697 1710 1712 1719 1722 1729 1731 1736 1740 1742 
1640931092.308919 1743 1745 1752 1755 1774 1790 1791 1793 1805 1817 1839 1851 1869 1887 1915 
1640931092.309141 ### DEBUG: BLE START SCANNING called
1640931092.818791 ### RSSI: -55, 30, 1640053359 ,3025 
1640931092.819016 ### DEBUG: BLE START SCANNING called
1640931092.841444 ### RSSI: -59, 13, 1640053359 ,3025 
1640931092.841663 ### DEBUG: BLE START SCANNING called
1640931092.874732 ### DEBUG: BLE START SCANNING called
1640931093.301821 ### DEBUG: Ticks: 3032, 15, 1 
1640931093.302071 1640053360 c0:98:e5:42:00:29 2144 
1640931093.302226 1751 1763 1773 1823 1824 1832 1840 1850 1850 1858 1862 1864 1867 1872 1872 
1640931093.302384 1875 1881 1893 1895 1906 1916 1918 1927 1937 1952 1954 1962 2004 2041 2438 
1640931093.302560 ### DEBUG: BLE START SCANNING called
1640931093.818319 ### RSSI: -63, 32, 1640053360 ,3041 
1640931093.818542 ### DEBUG: BLE START SCANNING called
1640931093.841741 ### RSSI: -63, 33, 1640053360 ,3041 
1640931093.841975 ### DEBUG: BLE START SCANNING called
1640931094.301588 ### DEBUG: Ticks: 3048, 16, 1 
1640931094.301882 1640053361 c0:98:e5:42:00:29 2089 
1640931094.302076 1665 1685 1710 1711 1715 1734 1736 1739 1743 1745 1750 1753 1762 1764 1770 
1640931094.302261 1771 1771 1776 1776 1788 1791 1793 1794 1812 1844 1870 1871 1904 1915 1939 
1640931094.818793 ### RSSI: -65, 35, 1640053361 ,3056 
1640931094.842005 ### RSSI: -60, 27, 1640053361 ,3057 
1640931095.297245 ### DEBUG: Ticks: 3064, 16, 1 
1640931095.297478 1640053362 c0:98:e5:42:00:29 2076 
1640931095.297624 1710 1721 1722 1729 1730 1737 1740 1745 1747 1753 1754 1762 1763 1766 1767 
1640931095.297771 1768 1777 1783 1786 1788 1795 1797 1804 1805 1808 1810 1821 1842 1864 1868 
1640931095.818998 ### RSSI: -61, 21, 1640053362 ,3072 
1640931095.840524 ### RSSI: -58, 10, 1640053362 ,3072 
1640931096.299773 ### DEBUG: Ticks: 3079, 15, 1 
1640931096.300057 1640053363 c0:98:e5:42:00:29 2138 
1640931096.300240 1777 1793 1794 1817 1826 1834 1839 1852 1862 1865 1867 1869 1877 1889 1896 
1640931096.300427 1900 1905 1907 1927 1929 1930 1931 1947 1948 1955 1967 1983 1984 1991 1992 
1640931096.816517 ### RSSI: -58, 12, 1640053363 ,3087 
1640931096.839992 ### RSSI: -61, 1, 1640053363 ,3088 
1640931097.297309 ### DEBUG: Ticks: 3095, 16, 1 
1640931097.297584 1640053364 c0:98:e5:42:00:29 2080 
1640931097.297749 1729 1754 1757 1758 1787 1788 1790 1791 1800 1806 1807 1812 1817 1817 1821 
1640931097.297906 1823 1826 1834 1836 1845 1851 1855 1858 1859 1862 1864 1866 1887 1890 1915 
1640931097.823187 ### RSSI: -62, 32, 1640053364 ,3103 
1640931097.844145 ### RSSI: -67, 3, 1640053364 ,3103 
1640931098.303177 ### DEBUG: Ticks: 3111, 16, 1 
1640931098.303435 1640053365 c0:98:e5:42:00:29 2067 
1640931098.303901 1713 1722 1733 1738 1753 1754 1759 1761 1762 1767 1770 1781 1785 1795 1801 
1640931098.304081 1803 1811 1817 1819 1828 1828 1830 1837 1839 1841 1847 1847 1851 1859 1878 
1640931098.821559 ### RSSI: -57, 31, 1640053365 ,3119 
1640931098.844099 ### RSSI: -57, 19, 1640053365 ,3119 
1640931099.297735 ### DEBUG: Ticks: 3126, 15, 1 
1640931099.297960 1640053366 c0:98:e5:42:00:29 1982 
1640931099.298106 1603 1626 1638 1645 1663 1664 1664 1666 1666 1670 1671 1676 1687 1687 1692 
1640931099.298244 1694 1699 1703 1704 1704 1720 1720 1722 1727 1732 1732 1732 1734 1759 1765 
1640931099.815083 ### RSSI: -79, 14, 1640053366 ,3134 
1640931099.838691 ### RSSI: -61, 16, 1640053367 ,3135 
1640931100.297693 ### DEBUG: Ticks: 3142, 16, 1 
1640931100.297982 1640053367 c0:98:e5:42:00:29 1859 
1640931100.298138 1549 1566 1581 1605 1605 1616 1620 1622 1623 1623 1633 1636 1638 1638 1639 
1640931100.298300 1644 1650 1651 1658 1659 1673 1674 1674 1676 1678 1697 1717 1719 1719 1724 
1640931100.822196 ### RSSI: -60, 24, 1640053368 ,3150 
1640931100.845653 ### RSSI: -54, 9, 1640053368 ,3150 
1640931101.298578 ### DEBUG: Ticks: 3157, 15, 1 
1640931101.298851 1640053368 c0:98:e5:42:00:29 1559 
1640931101.298990 1135 1192 1200 1220 1227 1229 1233 1234 1235 1242 1245 1253 1253 1254 1259 
1640931101.299131 1261 1273 1275 1277 1288 1290 1291 1293 1295 1307 1322 1330 1330 1339 1374 
1640931101.816930 ### RSSI: -55, 20, 1640053369 ,3166 
1640931101.838994 ### RSSI: -55, 6, 1640053369 ,3166 
1640931102.298496 ### ERROR: Failed reading SquarePoint packet length
1640931102.817469 ### RSSI: -59, 27, 1640053370 ,3181 
1640931102.840276 ### RSSI: -57, 32, 1640053370 ,3182 
1640931103.824208 ### RSSI: -49, 36, 1640053371 ,3197 
1640931103.845520 ### RSSI: -52, 16, 1640053371 ,3197 
1640931104.295500 ### DEBUG: Ticks: 3204, 47, 1 
1640931104.295816 1640053371 c0:98:e5:42:00:29 630 
1640931104.308688 273 275 301 306 318 330 338 339 339 346 355 356 358 362 369 
1640931104.308921 372 372 374 374 381 388 400 403 410 437 444 452 458 463 494 
1640931104.823208 ### RSSI: -50, 11, 1640053372 ,3212 
1640931104.834592 ### RSSI: -56, 0, 1640053372 ,3213 
1640931105.306404 ### DEBUG: Ticks: 3220, 16, 1 
1640931105.306680 1640053372 c0:98:e5:42:00:29 654 
1640931105.306878 280 298 300 311 321 324 326 328 334 336 342 349 349 350 353 
1640931105.307098 361 364 379 381 386 388 389 391 408 426 433 462 471 485 491 
1640931105.826582 ### RSSI: -55, 36, 1640053373 ,3228 
1640931105.838887 ### RSSI: -56, 29, 1640053373 ,3228 
1640931106.301850 ### DEBUG: Ticks: 3236, 16, 1 
1640931106.302053 1640053373 c0:98:e5:42:00:29 655 
1640931106.302164 276 294 303 307 311 329 336 338 342 346 348 348 350 354 355 
1640931106.302276 356 363 372 383 385 390 406 408 408 410 424 437 438 438 474 
1640931106.820967 ### RSSI: -55, 29, 1640053374 ,3244 
1640931106.846875 ### RSSI: -61, 34, 1640053374 ,3244 
1640931107.304867 ### DEBUG: Ticks: 3251, 15, 1 
1640931107.305144 1640053374 c0:98:e5:42:00:29 678 
1640931107.305298 331 344 348 370 380 381 389 394 401 405 410 420 425 431 432 
1640931107.305485 435 436 441 447 447 449 460 463 464 470 483 488 493 543 575 
1640931107.819005 ### RSSI: -52, 12, 1640053375 ,3259 
1640931107.841738 ### RSSI: -55, 24, 1640053375 ,3260 
1640931108.303043 ### DEBUG: Ticks: 3267, 16, 1 
1640931108.303296 1640053375 c0:98:e5:42:00:29 745 
1640931108.303451 392 402 402 409 420 426 427 428 430 433 450 455 459 463 468 
1640931108.303706 483 493 497 499 512 515 525 526 537 539 546 550 555 567 618 
1640931108.820322 ### RSSI: -57, 8, 1640053376 ,3275 
1640931108.841386 ### RSSI: -64, 26, 1640053376 ,3275 
1640931109.302735 ### DEBUG: Ticks: 3282, 15, 1 
1640931109.303022 1640053376 c0:98:e5:42:00:29 1035 
1640931109.303263 641 654 658 690 694 697 703 709 717 719 721 725 728 737 741 
1640931109.303413 753 754 757 758 758 770 777 795 796 796 815 824 826 844 862 
1640931109.819277 ### RSSI: -61, 22, 1640053377 ,3291 
1640931109.934680 ### RSSI: -71, 27, 1640053377 ,3292 
1640931110.298209 ### DEBUG: Ticks: 3298, 16, 1 
1640931110.298469 1640053377 c0:98:e5:42:00:29 1456 
1640931110.298635 1008 1011 1012 1044 1045 1059 1061 1072 1080 1086 1088 1090 1095 1097 1100 
1640931110.298802 1106 1118 1139 1143 1152 1155 1161 1165 1166 1170 1198 1208 1236 1296 1410 
1640931110.816436 ### RSSI: -57, 21, 1640053378 ,3306 
1640931110.938125 ### RSSI: -64, 4, 1640053378 ,3308 
1640931111.297573 ### DEBUG: Ticks: 3314, 16, 1 
1640931111.297800 1640053378 c0:98:e5:42:00:29 1978 
1640931111.297953 1608 1620 1623 1633 1639 1643 1663 1665 1669 1671 1675 1680 1690 1693 1695 
1640931111.298319 1697 1701 1702 1707 1713 1715 1722 1724 1740 1749 1757 1779 1814 1828 1876 
1640931111.817931 ### RSSI: -72, 1, 1640053379 ,3322 
1640931111.940699 ### RSSI: -57, 16, 1640053379 ,3324 
1640931112.304490 ### DEBUG: Ticks: 3329, 15, 1 
1640931112.304767 1640053379 c0:98:e5:42:00:29 2227 
1640931112.304963 1780 1819 1828 1839 1852 1854 1855 1867 1869 1878 1884 1887 1888 1891 1897 
1640931112.305161 1900 1901 1902 1905 1911 1920 1922 1930 1940 1945 1965 1971 1972 1972 2026 
1640931112.815277 ### RSSI: -66, 32, 1640053380 ,3337 
1640931112.936685 ### RSSI: -65, 31, 1640053380 ,3339 
1640931113.302676 ### DEBUG: Ticks: 3345, 16, 1 
1640931113.302894 1640053380 c0:98:e5:42:00:29 2125 
1640931113.303040 1751 1760 1761 1782 1784 1790 1797 1801 1803 1809 1810 1820 1823 1824 1831 
1640931113.303165 1837 1838 1858 1859 1862 1874 1876 1878 1890 1901 1922 1934 1938 1954 2093 
1640931113.819788 ### RSSI: -56, 27, 1640053380 ,3353 
1640931113.942358 ### RSSI: -61, 6, 1640053380 ,3355 
1640931114.300872 ### DEBUG: Ticks: 3361, 16, 1 
1640931114.301121 1640053381 c0:98:e5:42:00:29 2132 
1640931114.301286 1799 1803 1816 1822 1824 1825 1827 1835 1837 1840 1847 1848 1849 1852 1860 
1640931114.301464 1865 1868 1874 1887 1894 1895 1898 1902 1906 1915 1944 1952 1955 2021 2095 
1640931114.820152 ### RSSI: -55, 7, 1640053381 ,3369 
1640931114.933275 ### RSSI: -58, 32, 1640053381 ,3370 
1640931115.293615 ### ERROR: Failed reading SquarePoint packet length
1640931115.816635 ### RSSI: -63, 18, 1640053382 ,3384 
1640931115.945292 ### RSSI: -57, 27, 1640053382 ,3386 
1640931116.821211 ### RSSI: -57, 19, 1640053383 ,3400 
1640931116.944187 ### RSSI: -67, 5, 1640053383 ,3402 
1640931117.305820 ### DEBUG: Ticks: 3407, 46, 1 
1640931117.306637 1640053384 c0:98:e5:42:00:29 2178 
1640931117.306836 1805 1832 1840 1844 1846 1852 1854 1855 1856 1857 1867 1869 1880 1882 1889 
1640931117.307939 1890 1892 1895 1895 1895 1897 1909 1921 1932 1941 1941 1942 1970 1980 2078 
1640931117.823339 ### RSSI: -67, 23, 1640053384 ,3415 
1640931117.934043 ### RSSI: -72, 16, 1640053384 ,3417 
1640931118.303752 ### DEBUG: Ticks: 3423, 16, 1 
1640931118.304040 1640053385 c0:98:e5:42:00:29 2214 
1640931118.304224 1876 1879 1900 1903 1905 1908 1910 1912 1916 1917 1930 1936 1939 1946 1946 
1640931118.304412 1947 1947 1949 1954 1955 1962 1970 1982 1989 1991 2006 2009 2040 2074 2081 
1640931118.816951 ### RSSI: -70, 31, 1640053385 ,3431 
1640931118.938243 ### RSSI: -60, 12, 1640053385 ,3433 
1640931119.298218 ### DEBUG: Ticks: 3439, 16, 1 
1640931119.298518 1640053386 c0:98:e5:42:00:29 2233 
1640931119.298700 1824 1853 1858 1862 1867 1868 1885 1889 1895 1902 1909 1910 1915 1916 1917 
1640931119.298867 1918 1925 1925 1927 1936 1940 1944 1958 1970 1976 1987 1999 2044 2070 2120 
1640931119.820701 ### RSSI: -60, 8, 1640053386 ,3447 
1640931119.943342 ### RSSI: -59, 0, 1640053386 ,3449 
1640931120.301018 ### DEBUG: Ticks: 3454, 15, 1 
1640931120.301282 1640053387 c0:98:e5:42:00:29 2234 
1640931120.301403 1872 1905 1921 1925 1929 1939 1945 1946 1957 1960 1963 1963 1968 1969 1970 
1640931120.301526 1973 1983 1983 1998 2006 2012 2015 2019 2020 2023 2025 2042 2104 2108 2145 
1640931120.823427 ### RSSI: -61, 36, 1640053387 ,3462 
1640931120.935805 ### RSSI: -66, 13, 1640053387 ,3464 
1640931121.297083 ### DEBUG: Ticks: 3470, 16, 1 
1640931121.297313 1640053388 c0:98:e5:42:00:29 2300 
1640931121.308268 1934 1978 1984 1988 1998 2007 2010 2013 2017 2025 2026 2027 2027 2038 2044 
1640931121.308499 2047 2048 2050 2052 2060 2077 2084 2085 2085 2085 2090 2097 2098 2103 2146 
1640931121.820799 ### RSSI: -63, 20, 1640053388 ,3478 
1640931121.936162 ### RSSI: -61, 34, 1640053389 ,3480 
1640931122.297073 ### DEBUG: Ticks: 3485, 15, 1 
1640931122.297354 1640053389 c0:98:e5:42:00:29 2332 
1640931122.297547 1978 1991 2007 2011 2012 2017 2018 2018 2022 2027 2035 2042 2047 2050 2057 
1640931122.297830 2061 2063 2064 2067 2074 2077 2085 2088 2096 2104 2108 2143 2186 2198 2235 
1640931122.819322 ### RSSI: -70, 9, 1640053389 ,3494 
1640931122.942324 ### RSSI: -59, 16, 1640053390 ,3495 
1640931123.300126 ### DEBUG: Ticks: 3501, 16, 1 
1640931123.300349 1640053390 c0:98:e5:42:00:29 2327 
1640931123.300507 1943 1943 1967 1981 1982 1996 1996 1999 2002 2014 2018 2020 2023 2026 2026 
1640931123.300643 2037 2043 2049 2049 2056 2057 2061 2063 2071 2086 2089 2099 2104 2159 2316 
1640931123.821254 ### RSSI: -63, 10, 1640053390 ,3509 
1640931123.933286 ### RSSI: -62, 6, 1640053391 ,3511 
1640931124.304494 ### DEBUG: Ticks: 3517, 16, 1 
1640931124.304775 1640053391 c0:98:e5:42:00:29 2308 
1640931124.304942 1919 1968 1969 1975 1979 1981 1981 1983 1984 1987 1989 1995 1996 1997 2009 
1640931124.305100 2010 2019 2020 2022 2024 2027 2027 2036 2041 2046 2057 2077 2079 2104 2176 
1640931124.820497 ### RSSI: -61, 12, 1640053392 ,3525 
1640931124.944170 ### RSSI: -61, 6, 1640053392 ,3527 
1640931125.303164 ### DEBUG: Ticks: 3532, 15, 1 
1640931125.303429 1640053392 c0:98:e5:42:00:29 2311 
1640931125.303697 1977 1983 2003 2004 2010 2017 2019 2021 2023 2024 2034 2035 2049 2053 2060 
1640931125.303848 2062 2063 2067 2071 2073 2080 2088 2097 2098 2100 2102 2114 2116 2183 2223 
1640931125.672845 ### INFO: SD card flushed!
1640931125.820184 ### RSSI: -68, 30, 1640053393 ,3540 
1640931125.944696 ### RSSI: -64, 12, 1640053393 ,3542 
1640931126.302163 ### DEBUG: Ticks: 3548, 16, 1 
1640931126.302380 1640053393 c0:98:e5:42:00:29 2121 
1640931126.302508 1733 1757 1759 1763 1765 1785 1790 1803 1804 1805 1812 1820 1822 1823 1825 
1640931126.302632 1826 1827 1829 1832 1844 1848 1852 1852 1858 1860 1861 1862 1872 1900 1987 
1640931126.818645 ### RSSI: -74, 15, 1640053394 ,3556 
1640931126.942356 ### RSSI: -59, 24, 1640053394 ,3558 
1640931127.298196 ### DEBUG: Ticks: 3564, 16, 1 
1640931127.298493 1640053394 c0:98:e5:42:00:29 1776 
1640931127.309834 1430 1435 1439 1439 1442 1442 1449 1451 1456 1456 1463 1465 1470 1472 1479 
1640931127.310094 1484 1498 1505 1507 1514 1519 1519 1519 1521 1526 1559 1564 1564 1582 1625 
1640931127.814240 ### RSSI: -65, 5, 1640053395 ,3572 
1640931127.938612 ### RSSI: -60, 8, 1640053395 ,3574 
1640931128.292771 ### ERROR: Failed reading SquarePoint packet length
1640931128.825063 ### RSSI: -60, 8, 1640053396 ,3587 
1640931128.934675 ### RSSI: -60, 18, 1640053396 ,3589 
1640931129.817375 ### RSSI: -56, 15, 1640053397 ,3603 
1640931129.939025 ### RSSI: -59, 26, 1640053397 ,3605 
1640931130.299721 ### DEBUG: Ticks: 3610, 46, 1 
1640931130.300012 1640053397 c0:98:e5:42:00:29 744 
1640931130.300149 344 374 375 406 408 419 436 437 441 444 455 455 457 458 462 
1640931130.300291 478 493 496 498 502 511 515 521 550 572 593 711 753 847 0 
1640931130.822016 ### RSSI: -56, 16, 1640053398 ,3619 
1640931130.933557 ### RSSI: -55, 30, 1640053398 ,3620 
1640931131.302327 ### DEBUG: Ticks: 3626, 16, 1 
1640931131.302547 1640053398 c0:98:e5:42:00:29 717 
1640931131.302695 412 422 439 446 453 457 457 458 459 464 468 478 485 487 490 
1640931131.302843 508 508 517 528 528 543 568 575 609 617 627 633 647 769 850 
1640931131.822645 ### RSSI: -60, 26, 1640053399 ,3634 
1640931131.936405 ### RSSI: -57, 8, 1640053399 ,3636 
1640931132.303726 ### DEBUG: Ticks: 3642, 16, 1 
1640931132.303908 1640053399 c0:98:e5:42:00:29 741 
1640931132.304020 503 524 530 560 566 573 593 595 598 603 607 615 624 626 627 
1640931132.304132 637 650 656 661 669 670 671 689 702 705 718 728 785 801 803 
1640931132.814183 ### RSSI: -57, 10, 1640053400 ,3650 
1640931132.941017 ### RSSI: -59, 34, 1640053400 ,3652 
1640931133.297560 ### DEBUG: Ticks: 3657, 15, 1 
1640931133.297898 1640053400 c0:98:e5:42:00:29 752 
1640931133.307835 389 405 427 452 453 457 457 460 465 465 470 473 477 477 480 
1640931133.308135 502 504 513 515 519 528 528 532 552 600 606 607 629 630 703 
1640931133.819442 ### RSSI: -56, 5, 1640053401 ,3665 
1640931133.941393 ### RSSI: -70, 2, 1640053401 ,3667 
1640931134.303237 ### DEBUG: Ticks: 3673, 16, 1 
1640931134.303509 1640053401 c0:98:e5:42:00:29 747 
1640931134.303789 385 389 393 397 403 408 428 430 431 436 445 448 455 459 463 
1640931134.303987 467 476 479 487 491 496 497 500 510 516 524 560 598 606 607 
1640931134.814160 ### RSSI: -62, 31, 1640053402 ,3681 
1640931134.937720 ### RSSI: -73, 12, 1640053402 ,3683 
1640931135.300693 ### DEBUG: Ticks: 3689, 16, 1 
1640931135.301140 1640053402 c0:98:e5:42:00:29 1100 
1640931135.301905 728 742 763 764 778 788 792 803 807 808 810 813 822 825 828 
1640931135.302062 829 835 838 844 847 849 851 852 854 856 859 868 884 910 996 
1640931135.813312 ### RSSI: -69, 2, 1640053403 ,3697 
1640931135.939794 ### RSSI: -65, 14, 1640053403 ,3698 
1640931136.305021 ### DEBUG: Ticks: 3704, 15, 1 
1640931136.305260 1640053403 c0:98:e5:42:00:29 1509 
1640931136.305429 1114 1124 1127 1132 1142 1143 1148 1162 1164 1165 1166 1168 1170 1177 1178 
1640931136.305603 1179 1184 1184 1194 1200 1204 1204 1207 1213 1247 1251 1274 1318 1328 1392 
1640931136.815651 ### RSSI: -67, 14, 1640053404 ,3712 
1640931136.941342 ### RSSI: -61, 15, 1640053404 ,3714 
1640931137.298911 ### DEBUG: Ticks: 3720, 16, 1 
1640931137.299240 1640053404 c0:98:e5:42:00:29 2024 
1640931137.299435 1612 1649 1653 1658 1661 1676 1678 1685 1687 1687 1688 1690 1694 1697 1700 
1640931137.299720 1702 1705 1706 1722 1725 1731 1744 1749 1750 1750 1756 1764 1772 1790 1804 
1640931137.814287 ### RSSI: -63, 20, 1640053404 ,3728 
1640931137.940623 ### RSSI: -61, 20, 1640053404 ,3730 
1640931138.297393 ### DEBUG: Ticks: 3735, 15, 1 
1640931138.298255 1640053405 c0:98:e5:42:00:29 2086 
1640931138.308124 1723 1740 1745 1750 1750 1751 1752 1755 1759 1762 1767 1770 1782 1784 1793 
1640931138.308390 1795 1795 1797 1798 1802 1810 1816 1817 1818 1819 1820 1833 1849 1887 1887 
1640931138.813489 ### RSSI: -73, 5, 1640053405 ,3743 
1640931138.939568 ### RSSI: -72, 29, 1640053405 ,3745 
1640931139.305855 ### DEBUG: Ticks: 3751, 16, 1 
1640931139.306114 1640053406 c0:98:e5:42:00:29 2017 
1640931139.306313 1592 1608 1610 1613 1621 1622 1626 1640 1644 1649 1649 1649 1658 1663 1672 
1640931139.306471 1676 1678 1688 1692 1697 1701 1708 1710 1713 1715 1723 1732 1747 1768 1768 
1640931139.822613 ### RSSI: -63, 16, 1640053406 ,3759 
1640931139.935475 ### RSSI: -69, 34, 1640053406 ,3761 
1640931140.305854 ### DEBUG: Ticks: 3767, 16, 1 
1640931140.306142 1640053407 c0:98:e5:42:00:29 2109 
1640931140.306692 1704 1738 1758 1759 1760 1764 1765 1770 1774 1777 1788 1792 1802 1802 1805 
1640931140.306919 1817 1818 1823 1829 1835 1841 1843 1852 1852 1856 1865 1881 1888 1894 1907 
1640931140.819715 ### RSSI: -60, 30, 1640053407 ,3775 
1640931140.940571 ### RSSI: -62, 12, 1640053407 ,3777 
1640931141.296598 ### ERROR: Failed reading SquarePoint packet length
1640931141.819346 ### RSSI: -62, 20, 1640053408 ,3790 
1640931141.942852 ### RSSI: -63, 9, 1640053408 ,3792 
1640931142.820565 ### RSSI: -65, 8, 1640053409 ,3806 
1640931142.942733 ### RSSI: -71, 18, 1640053409 ,3808 
1640931143.302344 ### DEBUG: Ticks: 3813, 46, 1 
1640931143.302695 1640053410 c0:98:e5:42:00:29 2123 
1640931143.302891 1653 1732 1757 1761 1775 1781 1783 1789 1792 1796 1804 1808 1809 1814 1816 
1640931143.303065 1823 1825 1838 1846 1853 1855 1858 1863 1911 1913 1921 1940 1951 2013 2052 
1640931143.816054 ### RSSI: -66, 5, 1640053410 ,3822 
1640931143.937281 ### RSSI: -57, 13, 1640053410 ,3823 
1640931144.304359 ### DEBUG: Ticks: 3829, 16, 1 
1640931144.304549 1640053411 c0:98:e5:42:00:29 2071 
1640931144.304649 1700 1701 1701 1702 1711 1712 1720 1726 1726 1727 1737 1738 1739 1742 1744 
1640931144.305578 1751 1757 1763 1788 1808 1815 1816 1819 1823 1842 1843 1850 1852 1865 1888 
1640931144.820413 ### RSSI: -66, 36, 1640053411 ,3837 
1640931144.932746 ### RSSI: -63, 5, 1640053411 ,3839 
1640931145.303196 ### DEBUG: Ticks: 3845, 16, 1 
1640931145.303495 1640053412 c0:98:e5:42:00:29 2019 
1640931145.303803 1622 1623 1627 1640 1644 1644 1646 1648 1649 1654 1665 1670 1671 1676 1679 
1640931145.303990 1680 1683 1688 1702 1710 1720 1724 1736 1744 1753 1803 1807 1823 1839 0 
1640931145.815084 ### RSSI: -62, 11, 1640053412 ,3853 
1640931145.939079 ### RSSI: -59, 9, 1640053413 ,3855 
1640931146.297693 ### DEBUG: Ticks: 3860, 15, 1 
1640931146.297975 1640053413 c0:98:e5:42:00:29 2065 
1640931146.298214 1654 1673 1682 1685 1687 1694 1697 1705 1716 1716 1717 1720 1728 1731 1733 
1640931146.298428 1737 1741 1743 1744 1745 1751 1756 1757 1759 1767 1784 1860 1876 1893 1964 
1640931146.821120 ### RSSI: -62, 29, 1640053413 ,3868 
1640931146.942457 ### RSSI: -62, 19, 1640053414 ,3870 
1640931147.302340 ### DEBUG: Ticks: 3876, 16, 1 
1640931147.302618 1640053414 c0:98:e5:42:00:29 2082 
1640931147.302783 1662 1694 1697 1716 1716 1722 1741 1742 1746 1751 1751 1755 1757 1763 1763 
1640931147.302942 1772 1774 1778 1784 1794 1796 1797 1797 1799 1807 1823 1824 1926 1939 2102 
1640931147.818691 ### RSSI: -62, 18, 1640053414 ,3884 
1640931147.941427 ### RSSI: -59, 7, 1640053415 ,3886 
1640931148.301988 ### DEBUG: Ticks: 3892, 16, 1 
1640931148.302403 1640053415 c0:98:e5:42:00:29 2092 
1640931148.302611 1744 1748 1750 1755 1762 1767 1768 1771 1777 1779 1786 1791 1799 1801 1810 
1640931148.302807 1810 1811 1811 1825 1828 1828 1829 1843 1849 1852 1869 1876 1893 1895 1919 
1640931148.817495 ### RSSI: -55, 36, 1640053416 ,3900 
1640931148.939746 ### RSSI: -60, 2, 1640053416 ,3902 
1640931149.300989 ### DEBUG: Ticks: 3907, 15, 1 
1640931149.301200 1640053416 c0:98:e5:42:00:29 1991 
1640931149.301348 1658 1669 1669 1681 1684 1690 1696 1701 1715 1717 1728 1736 1737 1755 1755 
1640931149.301479 1756 1756 1761 1763 1777 1779 1779 1783 1791 1796 1808 1835 1837 1846 1853 
1640931149.815121 ### RSSI: -55, 8, 1640053417 ,3915 
1640931149.939172 ### RSSI: -56, 6, 1640053417 ,3917 
1640931150.304977 ### DEBUG: Ticks: 3923, 16, 1 
1640931150.305258 1640053417 c0:98:e5:42:00:29 1983 
1640931150.305482 1552 1608 1628 1649 1650 1653 1653 1657 1657 1663 1664 1668 1674 1681 1681 
1640931150.305687 1686 1686 1691 1694 1698 1701 1705 1707 1712 1715 1757 1767 1771 1772 1783 
1640931150.817476 ### RSSI: -56, 3, 1640053418 ,3931 
1640931150.942399 ### RSSI: -55, 23, 1640053418 ,3933 
1640931151.304164 ### DEBUG: Ticks: 3938, 15, 1 
1640931151.304455 1640053418 c0:98:e5:42:00:29 1995 
1640931151.304610 1646 1657 1657 1674 1693 1699 1701 1702 1703 1706 1718 1721 1726 1730 1731 
1640931151.304770 1734 1736 1738 1741 1743 1743 1752 1755 1756 1770 1778 1781 1788 1789 1789 
1640931151.821412 ### RSSI: -54, 16, 1640053419 ,3947 
1640931151.936167 ### RSSI: -56, 6, 1640053419 ,3948 
1640931152.300096 ### DEBUG: Ticks: 3954, 16, 1 
1640931152.300320 1640053419 c0:98:e5:42:00:29 1921 
1640931152.300467 1520 1542 1580 1581 1582 1591 1594 1599 1602 1602 1605 1609 1610 1614 1614 
1640931152.300598 1614 1615 1621 1634 1637 1641 1648 1652 1660 1663 1665 1670 1680 1681 1699 
1640931152.815461 ### RSSI: -61, 1, 1640053420 ,3962 
1640931152.937453 ### RSSI: -65, 19, 1640053420 ,3964 
1640931153.306830 ### DEBUG: Ticks: 3970, 16, 1 
1640931153.308193 1640053420 c0:98:e5:42:00:29 1857 
1640931153.308372 1477 1478 1487 1495 1495 1497 1497 1516 1540 1541 1551 1551 1552 1558 1563 
1640931153.308501 1567 1568 1569 1572 1572 1573 1576 1578 1578 1588 1600 1606 1620 1621 1623 
1640931153.822110 ### RSSI: -57, 35, 1640053421 ,3978 
1640931153.935226 ### RSSI: -60, 13, 1640053421 ,3980 
1640931154.299966 ### ERROR: Failed reading SquarePoint packet length
1640931154.815468 ### RSSI: -56, 17, 1640053422 ,3993 
1640931154.936978 ### RSSI: -66, 27, 1640053422 ,3995 
1640931155.818845 ### RSSI: -60, 26, 1640053423 ,4009 
1640931155.940460 ### RSSI: -59, 27, 1640053423 ,4011 
1640931156.297603 ### DEBUG: Ticks: 4017, 47, 1 
1640931156.297889 1640053423 c0:98:e5:42:00:29 747 
1640931156.298130 346 355 398 404 407 416 419 444 448 455 459 464 466 475 503 
1640931156.309831 503 504 509 518 519 541 541 542 566 569 580 587 606 745 989 
1640931156.819751 ### RSSI: -50, 9, 1640053424 ,4025 
1640931156.932878 ### RSSI: -51, 14, 1640053424 ,4026 
1640931157.297335 ### DEBUG: Ticks: 4032, 15, 1 
1640931157.297550 1640053424 c0:98:e5:42:00:29 692 
1640931157.309181 298 342 348 358 384 384 387 387 388 391 391 395 399 400 410 
1640931157.309425 411 413 414 432 444 447 447 450 459 475 497 527 542 543 551 
1640931157.815072 ### RSSI: -53, 19, 1640053425 ,4040 
1640931157.938311 ### RSSI: -53, 25, 1640053425 ,4042 
1640931158.303834 ### DEBUG: Ticks: 4048, 16, 1 
1640931158.304073 1640053425 c0:98:e5:42:00:29 679 
1640931158.304441 357 363 371 386 389 391 399 409 415 421 422 423 423 434 436 
1640931158.304595 438 439 441 445 445 446 456 468 489 493 512 570 582 595 608 
1640931158.819993 ### RSSI: -52, 31, 1640053426 ,4056 
1640931158.932442 ### RSSI: -55, 22, 1640053426 ,4058 
1640931159.298243 ### DEBUG: Ticks: 4063, 15, 1 
1640931159.298543 1640053426 c0:98:e5:42:00:29 619 
1640931159.299528 222 253 255 260 276 283 290 295 295 295 304 304 307 307 318 
1640931159.299891 321 323 332 335 342 377 382 384 384 389 391 412 424 438 457 
1640931159.814221 ### RSSI: -53, 14, 1640053427 ,4071 
1640931159.940982 ### RSSI: -61, 26, 1640053427 ,4073 
1640931160.300405 ### DEBUG: Ticks: 4079, 16, 1 
1640931160.300691 1640053427 c0:98:e5:42:00:29 719 
1640931160.300847 340 341 367 369 376 387 391 402 405 407 408 408 408 411 413 
1640931160.301007 418 419 420 427 443 452 457 464 479 480 491 493 500 520 550 
1640931160.819696 ### RSSI: -57, 33, 1640053428 ,4087 
1640931160.933673 ### RSSI: -56, 16, 1640053428 ,4089 
1640931161.302107 ### DEBUG: Ticks: 4095, 16, 1 
1640931161.302352 1640053428 c0:98:e5:42:00:29 754 
1640931161.302516 360 360 391 408 412 412 421 431 432 432 440 450 455 465 467 
1640931161.302676 468 479 481 485 486 496 499 503 507 514 517 527 534 542 542 
1640931161.720465 ### INFO: SD card flushed!
1640931161.821762 ### RSSI: -63, 3, 1640053428 ,4103 
1640931161.933628 ### RSSI: -64, 29, 1640053428 ,4105 
1640931162.305759 ### DEBUG: Ticks: 4110, 15, 1 
1640931162.305977 1640053429 c0:98:e5:42:00:29 1012 
1640931162.306141 622 629 636 652 660 660 666 669 669 684 686 698 717 717 726 
1640931162.306278 733 749 755 757 759 765 780 797 801 804 808 816 818 865 1059 
1640931162.817326 ### RSSI: -68, 6, 1640053429 ,4118 
1640931162.939120 ### RSSI: -60, 32, 1640053429 ,4120 
1640931163.297056 ### DEBUG: Ticks: 4126, 16, 1 
1640931163.297312 1640053430 c0:98:e5:42:00:29 1407 
1640931163.309564 1018 1039 1046 1061 1064 1066 1073 1084 1091 1093 1097 1104 1110 1135 1158 
1640931163.309812 1162 1168 1183 1188 1190 1194 1201 1230 1247 1249 1265 1301 1301 1334 1412 
1640931163.821554 ### RSSI: -65, 3, 1640053430 ,4134 
1640931164.033850 ### RSSI: -68, 0, 1640053430 ,4137 
1640931164.298477 ### DEBUG: Ticks: 4142, 16, 1 
1640931164.298722 1640053431 c0:98:e5:42:00:29 1786 
1640931164.298896 1389 1409 1432 1433 1449 1457 1464 1474 1489 1493 1496 1498 1500 1504 1510 
1640931164.310223 1511 1511 1513 1516 1519 1545 1562 1570 1576 1587 1597 1607 1654 1656 1765 
1640931164.816456 ### RSSI: -60, 6, 1640053431 ,4150 
1640931165.037631 ### RSSI: -63, 22, 1640053431 ,4153 
1640931165.307160 ### DEBUG: Ticks: 4157, 15, 1 
1640931165.307384 1640053432 c0:98:e5:42:00:29 2141 
1640931165.307529 1765 1796 1800 1800 1820 1831 1835 1841 1843 1846 1850 1857 1860 1861 1866 
1640931165.307715 1876 1884 1885 1888 1889 1894 1905 1918 1938 1942 1963 1966 1974 1976 2009 
1640931165.818827 ### RSSI: -65, 22, 1640053432 ,4165 
1640931166.041808 ### RSSI: -67, 23, 1640053432 ,4169 
1640931166.299720 ### DEBUG: Ticks: 4173, 16, 1 
1640931166.300013 1640053433 c0:98:e5:42:00:29 2160 
1640931166.300199 1763 1776 1802 1805 1813 1819 1822 1826 1830 1830 1835 1843 1847 1847 1859 
1640931166.300387 1861 1862 1877 1880 1885 1888 1896 1899 1914 1920 1921 1943 1958 2022 2134 
1640931166.813046 ### RSSI: -62, 27, 1640053433 ,4181 
1640931167.036860 ### RSSI: -63, 22, 1640053433 ,4184 
1640931167.305519 ### DEBUG: Ticks: 4188, 15, 1 
1640931167.305814 1640053434 c0:98:e5:42:00:29 2127 
1640931167.305996 1779 1800 1817 1821 1831 1839 1846 1846 1848 1865 1867 1868 1869 1871 1871 
1640931167.306184 1872 1876 1885 1889 1897 1913 1931 1936 1941 1946 1948 1960 1977 2020 2156 
1640931167.820720 ### RSSI: -56, 5, 1640053434 ,4196 
1640931168.031460 ### RSSI: -52, 15, 1640053435 ,4200 
1640931168.298845 ### ERROR: Failed reading SquarePoint packet length
1640931168.814954 ### RSSI: -56, 16, 1640053435 ,4212 
1640931169.039416 ### RSSI: -64, 0, 1640053436 ,4215 
1640931169.812762 ### RSSI: -71, 35, 1640053436 ,4228 
1640931170.036246 ### RSSI: -59, 23, 1640053437 ,4231 
1640931170.298339 ### DEBUG: Ticks: 4235, 47, 1 
1640931170.298561 1640053437 c0:98:e5:42:00:29 2167 
1640931170.298697 1758 1783 1785 1788 1793 1795 1798 1802 1803 1804 1807 1813 1815 1816 1820 
1640931170.298839 1826 1827 1831 1834 1841 1843 1845 1862 1871 1911 1914 1930 1930 1930 2013 
1640931170.817881 ### RSSI: -63, 19, 1640053437 ,4243 
1640931171.034880 ### RSSI: -66, 7, 1640053438 ,4247 
1640931171.302758 ### DEBUG: Ticks: 4251, 16, 1 
1640931171.303026 1640053438 c0:98:e5:42:00:29 2194 
1640931171.303185 1828 1836 1849 1850 1853 1854 1858 1866 1871 1877 1880 1888 1890 1892 1893 
1640931171.303350 1899 1900 1908 1909 1910 1910 1913 1920 1923 1932 1954 1959 2024 2026 2067 
1640931171.817691 ### RSSI: -63, 36, 1640053438 ,4259 
1640931172.033944 ### RSSI: -64, 19, 1640053439 ,4262 
1640931172.300338 ### DEBUG: Ticks: 4266, 15, 1 
1640931172.300538 1640053439 c0:98:e5:42:00:29 2267 
1640931172.300667 1920 1958 1967 1982 1983 1989 1990 1995 2005 2015 2016 2023 2027 2027 2029 
1640931172.301049 2043 2046 2047 2052 2053 2055 2063 2067 2073 2082 2099 2100 2168 2168 2187 
1640931172.822385 ### RSSI: -70, 17, 1640053440 ,4275 
1640931173.035344 ### RSSI: -62, 7, 1640053440 ,4278 
1640931173.305425 ### DEBUG: Ticks: 4282, 16, 1 
1640931173.305707 1640053440 c0:98:e5:42:00:29 2225 
1640931173.305905 1872 1877 1891 1897 1898 1904 1916 1919 1923 1926 1936 1941 1943 1947 1957 
1640931173.306079 1960 1971 1979 1980 1987 1992 1992 1993 2003 2004 2019 2033 2036 2059 0 
1640931173.816705 ### RSSI: -70, 12, 1640053441 ,4290 
1640931174.042417 ### RSSI: -73, 16, 1640053441 ,4294 
1640931174.298732 ### DEBUG: Ticks: 4298, 16, 1 
1640931174.299065 1640053441 c0:98:e5:42:00:29 2267 
1640931174.299261 1872 1878 1880 1882 1893 1899 1902 1920 1922 1934 1938 1939 1940 1940 1941 
1640931174.299458 1942 1949 1965 1966 1969 1975 1976 1979 1979 1981 1991 2030 2047 2055 2062 
1640931175.039478 ### RSSI: -70, 21, 1640053442 ,4309 
1640931175.304143 ### DEBUG: Ticks: 4313, 15, 1 
1640931175.304408 1640053442 c0:98:e5:42:00:29 2323 
1640931175.304547 1929 1971 1980 1982 1989 1989 1994 2003 2013 2026 2027 2030 2040 2042 2043 
1640931175.304706 2045 2046 2049 2050 2054 2057 2057 2065 2070 2075 2085 2088 2093 2111 2192 
1640931175.923213 ### RSSI: -56, 3, 1640053443 ,4323 
1640931176.035961 ### RSSI: -72, 21, 1640053443 ,4325 
1640931176.306378 ### DEBUG: Ticks: 4329, 16, 1 
1640931176.306619 1640053443 c0:98:e5:42:00:29 2286 
1640931176.306817 1893 1919 1921 1936 1937 1939 1942 1946 1948 1949 1950 1950 1952 1958 1961 
1640931176.306982 1964 1965 1967 1968 1970 1971 1979 1979 1992 1992 2011 2014 2025 2098 2151 
1640931176.911851 ### RSSI: -56, 5, 1640053444 ,4339 
1640931177.034337 ### RSSI: -60, 26, 1640053444 ,4340 
1640931177.303317 ### DEBUG: Ticks: 4345, 16, 1 
1640931177.303575 1640053444 c0:98:e5:42:00:29 2285 
1640931177.303850 1945 1953 1965 1968 1972 1975 1975 1978 1993 1998 2016 2028 2032 2034 2034 
1640931177.304013 2037 2041 2046 2046 2054 2055 2058 2061 2065 2071 2072 2083 2085 2102 2234 
1640931177.913366 ### RSSI: -73, 21, 1640053445 ,4354 
1640931178.035918 ### RSSI: -63, 5, 1640053445 ,4356 
1640931178.299415 ### DEBUG: Ticks: 4360, 15, 1 
1640931178.299871 1640053445 c0:98:e5:42:00:29 2323 
1640931178.300095 1960 1967 1981 1983 1983 1987 1994 2011 2013 2015 2019 2019 2023 2027 2028 
1640931178.300275 2038 2038 2039 2041 2051 2061 2064 2065 2072 2073 2075 2089 2101 2111 2193 
1640931178.921491 ### RSSI: -71, 7, 1640053446 ,4370 
1640931179.136454 ### RSSI: -62, 18, 1640053446 ,4373 
1640931179.300331 ### DEBUG: Ticks: 4376, 16, 1 
1640931179.300503 1640053446 c0:98:e5:42:00:29 2218 
1640931179.300586 1854 1879 1906 1908 1909 1910 1913 1914 1924 1930 1935 1939 1940 1944 1949 
1640931179.300660 1950 1952 1955 1962 1967 1968 1989 1989 1991 1991 1995 2001 2007 2017 2120 
1640931179.915774 ### RSSI: -66, 31, 1640053447 ,4385 
1640931180.131770 ### RSSI: -66, 28, 1640053447 ,4389 
1640931180.297225 ### DEBUG: Ticks: 4391, 15, 1 
1640931180.297439 1640053447 c0:98:e5:42:00:29 1978 
1640931180.309432 1663 1670 1695 1701 1704 1706 1707 1711 1716 1718 1720 1730 1733 1738 1739 
1640931180.309643 1740 1743 1744 1745 1760 1761 1761 1766 1785 1787 1790 1797 1810 1830 1894 
1640931180.911853 ### RSSI: -59, 15, 1640053448 ,4401 
1640931181.131843 ### RSSI: -73, 9, 1640053448 ,4404 
1640931181.298195 ### ERROR: Failed reading SquarePoint packet length
1640931181.911804 ### RSSI: -63, 21, 1640053449 ,4417 
1640931182.138210 ### RSSI: -63, 26, 1640053449 ,4420 
1640931182.916653 ### RSSI: -62, 10, 1640053450 ,4432 
1640931183.134692 ### RSSI: -55, 7, 1640053450 ,4436 
1640931183.303336 ### DEBUG: Ticks: 4438, 47, 1 
1640931183.303539 1640053450 c0:98:e5:42:00:29 826 
1640931183.303720 357 390 393 396 398 444 446 448 449 451 455 463 464 465 469 
1640931183.303855 476 482 483 484 486 488 501 504 508 523 557 605 610 625 634 
1640931183.911449 ### RSSI: -62, 26, 1640053451 ,4448 
1640931184.134385 ### RSSI: -58, 29, 1640053451 ,4451 
1640931184.304850 ### DEBUG: Ticks: 4454, 16, 1 
1640931184.305553 1640053451 c0:98:e5:42:00:29 702 
1640931184.305829 198 204 214 223 239 240 241 244 246 247 257 261 264 267 271 
1640931184.305973 279 286 291 300 310 312 314 321 334 336 349 362 440 454 513 
1640931184.912848 ### RSSI: -63, 8, 1640053452 ,4463 
1640931185.130009 ### RSSI: -59, 31, 1640053452 ,4467 
1640931185.307427 ### DEBUG: Ticks: 4470, 16, 1 
1640931185.307653 1640053452 c0:98:e5:42:00:29 845 
1640931185.307776 509 511 517 523 533 541 543 543 549 552 557 563 566 573 598 
1640931185.307902 598 601 610 612 625 642 644 679 694 698 712 723 725 739 0 
1640931185.924546 ### RSSI: -61, 24, 1640053452 ,4479 
1640931186.136672 ### RSSI: -60, 25, 1640053452 ,4483 
1640931186.303080 ### DEBUG: Ticks: 4485, 15, 1 
1640931186.303329 1640053453 c0:98:e5:42:00:29 878 
1640931186.303465 485 492 496 518 522 525 526 526 542 549 562 565 566 572 573 
1640931186.303775 600 604 604 607 617 646 649 664 676 676 693 693 713 731 734 
1640931186.914959 ### RSSI: -58, 4, 1640053453 ,4495 
1640931187.139172 ### RSSI: -62, 4, 1640053453 ,4498 
1640931187.305973 ### DEBUG: Ticks: 4501, 16, 1 
1640931187.306828 1640053454 c0:98:e5:42:00:29 823 
1640931187.307076 428 468 483 493 496 499 501 511 512 517 518 524 527 539 543 
1640931187.307269 545 551 557 563 573 575 581 582 591 593 612 665 668 687 791 
1640931187.914861 ### RSSI: -73, 7, 1640053454 ,4510 
1640931188.134945 ### RSSI: -56, 14, 1640053454 ,4514 
1640931188.300171 ### DEBUG: Ticks: 4516, 15, 1 
1640931188.300416 1640053455 c0:98:e5:42:00:29 927 
1640931188.300553 538 550 562 568 574 584 589 591 595 597 603 605 607 621 622 
1640931188.300706 623 625 626 633 633 636 649 669 678 679 706 712 737 766 814 
1640931188.917373 ### RSSI: -64, 13, 1640053455 ,4526 
1640931189.132790 ### RSSI: -59, 1, 1640053455 ,4529 
1640931189.300050 ### DEBUG: Ticks: 4532, 16, 1 
1640931189.300302 1640053456 c0:98:e5:42:00:29 1361 
1640931189.300468 951 957 968 969 978 980 985 989 992 997 998 1000 1004 1009 1010 
1640931189.300647 1018 1019 1023 1024 1028 1037 1041 1042 1046 1070 1081 1089 1089 1136 1188 
1640931189.913918 ### RSSI: -63, 31, 1640053456 ,4542 
1640931190.140286 ### RSSI: -62, 9, 1640053457 ,4545 
1640931190.306025 ### DEBUG: Ticks: 4548, 16, 1 
1640931190.306276 1640053457 c0:98:e5:42:00:29 1823 
1640931190.306466 1426 1447 1448 1452 1454 1455 1457 1461 1463 1464 1464 1474 1484 1495 1502 
1640931190.306646 1508 1511 1516 1516 1517 1527 1533 1546 1552 1552 1555 1558 1612 1619 1723 
1640931190.918559 ### RSSI: -65, 0, 1640053457 ,4557 
1640931191.140525 ### RSSI: -64, 30, 1640053458 ,4561 
1640931191.306939 ### DEBUG: Ticks: 4563, 15, 1 
1640931191.307214 1640053458 c0:98:e5:42:00:29 2130 
1640931191.307408 1809 1829 1836 1836 1837 1844 1848 1854 1856 1863 1864 1864 1875 1875 1875 
1640931191.307689 1887 1889 1890 1894 1902 1905 1907 1917 1924 1928 1934 1951 1959 2009 2136 
1640931191.913987 ### RSSI: -57, 2, 1640053458 ,4573 
1640931192.130699 ### RSSI: -62, 11, 1640053459 ,4576 
1640931192.300277 ### DEBUG: Ticks: 4579, 16, 1 
1640931192.300581 1640053459 c0:98:e5:42:00:29 2069 
1640931192.300788 1679 1684 1686 1692 1694 1700 1707 1713 1714 1717 1717 1719 1729 1731 1734 
1640931192.300975 1745 1748 1752 1753 1758 1759 1759 1769 1777 1781 1782 1802 1819 1851 2035 
1640931192.917457 ### RSSI: -52, 0, 1640053459 ,4588 
1640931193.133094 ### RSSI: -60, 7, 1640053460 ,4592 
1640931193.301883 ### DEBUG: Ticks: 4594, 15, 1 
1640931193.302121 1640053460 c0:98:e5:42:00:29 1973 
1640931193.302434 1578 1583 1593 1600 1605 1607 1611 1612 1618 1622 1622 1627 1629 1635 1635 
1640931193.302663 1639 1642 1647 1650 1657 1662 1664 1674 1706 1708 1717 1719 1732 1740 1877 
1640931193.920292 ### RSSI: -73, 12, 1640053460 ,4604 
1640931194.141912 ### RSSI: -58, 10, 1640053461 ,4608 
1640931194.293928 ### ERROR: Failed reading SquarePoint packet length
1640931194.916300 ### RSSI: -67, 11, 1640053462 ,4620 
1640931195.140085 ### RSSI: -56, 12, 1640053462 ,4623 
1640931195.913609 ### RSSI: -61, 4, 1640053463 ,4635 
1640931196.132563 ### RSSI: -60, 10, 1640053463 ,4639 
1640931196.298753 ### DEBUG: Ticks: 4641, 47, 1 
1640931196.299014 1640053463 c0:98:e5:42:00:29 1738 
1640931196.299172 1302 1311 1312 1314 1316 1317 1319 1319 1326 1330 1331 1332 1337 1343 1346 
1640931196.299334 1351 1359 1372 1378 1381 1388 1390 1390 1392 1396 1401 1429 1438 1446 1606 
1640931196.912549 ### RSSI: -60, 33, 1640053464 ,4651 
1640931197.133403 ### RSSI: -62, 34, 1640053464 ,4654 
1640931197.302663 ### DEBUG: Ticks: 4657, 16, 1 
1640931197.302915 1640053464 c0:98:e5:42:00:29 1533 
1640931197.303108 1115 1136 1140 1146 1159 1164 1167 1175 1180 1183 1184 1184 1185 1195 1197 
1640931197.303271 1205 1209 1212 1214 1218 1232 1238 1246 1248 1250 1279 1280 1280 1287 1301 
1640931197.704947 ### INFO: SD card flushed!
1640931197.917291 ### RSSI: -74, 0, 1640053465 ,4667 
1640931198.138377 ### RSSI: -62, 12, 1640053465 ,4670 
1640931198.298105 ### DEBUG: Ticks: 4673, 16, 1 
1640931198.298384 1640053465 c0:98:e5:42:00:29 826 
1640931198.298548 389 390 404 409 417 423 426 427 429 434 437 437 443 446 449 
1640931198.298705 455 461 462 468 469 480 483 485 496 508 513 515 542 560 642 
1640931198.914920 ### RSSI: -57, 23, 1640053466 ,4682 
1640931199.138470 ### RSSI: -55, 17, 1640053466 ,4686 
1640931199.303175 ### DEBUG: Ticks: 4688, 15, 1 
1640931199.303469 1640053466 c0:98:e5:42:00:29 266 
1640931199.303816 -86 -85 -82 -50 -47 -39 -36 -28 -24 -23 -21 -6 -2 7 8 
1640931199.304011 28 36 37 44 45 48 58 66 70 72 84 87 89 116 137 
1640931199.912846 ### RSSI: -50, 3, 1640053467 ,4698 
1640931200.133016 ### RSSI: -52, 1, 1640053467 ,4701 
1640931200.300444 ### DEBUG: Ticks: 4704, 16, 1 
1640931200.300713 1640053467 c0:98:e5:42:00:29 169 
1640931200.300883 -170 -170 -148 -124 -123 -109 -101 -100 -99 -99 -94 -91 -83 -72 -60 
1640931200.301036 -45 -27 -18 -7 2 8 14 15 16 16 82 94 125 164 0 
1640931200.911468 ### RSSI: -50, 15, 1640053468 ,4713 
1640931201.132557 ### RSSI: -51, 14, 1640053468 ,4717 
1640931201.299255 ### DEBUG: Ticks: 4719, 15, 1 
1640931201.299555 1640053468 c0:98:e5:42:00:29 274 
1640931201.299824 -84 -47 -15 -11 -9 -3 4 5 5 11 13 14 26 28 55 
1640931201.300003 57 64 70 77 87 103 109 119 120 120 144 148 237 350 366 
1640931201.917716 ### RSSI: -52, 3, 1640053469 ,4729 
1640931202.139983 ### RSSI: -53, 21, 1640053469 ,4732 
1640931202.297730 ### DEBUG: Ticks: 4735, 16, 1 
1640931202.297981 1640053469 c0:98:e5:42:00:29 311 
1640931202.311932 -89 -71 -62 -30 -21 -20 -20 -17 -4 -3 12 20 27 30 30 
1640931202.312209 31 40 60 60 67 76 83 86 119 123 181 187 231 243 340 
1640931202.866983 ### INFO: Battery voltage currently 4109 mV
1640931202.909455 ### RSSI: -55, 29, 1640053470 ,4745 
1640931203.130872 ### RSSI: -54, 11, 1640053470 ,4748 
1640931203.287174 ### INFO: Device is now STATIONARY
1640931203.299770 ### DEBUG: Ticks: 4751, 16, 1 
1640931203.299993 1640053470 c0:98:e5:42:00:29 231 
1640931203.300129 -106 -97 -96 -91 -86 -59 -55 -50 -37 -28 -27 -17 -14 -12 2 
1640931203.300275 10 14 21 30 38 43 66 68 78 79 92 100 130 151 182 
1640931203.918130 ### RSSI: -54, 20, 1640053471 ,4760 
1640931204.136868 ### RSSI: -51, 14, 1640053471 ,4764 
1640931204.303228 ### DEBUG: Ticks: 4766, 15, 1 
1640931204.303454 1640053471 c0:98:e5:42:00:29 390 
1640931204.303562 31 37 44 56 93 95 97 103 111 132 133 135 143 147 156 
1640931204.303751 158 172 176 181 209 211 223 223 227 230 246 303 322 392 404 
1640931204.862513 ### INFO: BLE scanning window and interval have been set to their 300-second disconnected values
1640931204.862812 ### DEBUG: BLE STOP SCANNING called
1640931204.916871 ### RSSI: -53, 21, 1640053472 ,4776 
1640931205.240858 ### RSSI: -51, 7, 1640053472 ,4781 
1640931205.306646 ### DEBUG: Ticks: 4782, 16, 1 
1640931205.307670 1640053472 c0:98:e5:42:00:29 283 
1640931205.307904 -82 -72 -60 -53 -38 -35 -34 -27 -25 -22 -19 -18 -14 2 18 
1640931205.308163 20 27 33 46 66 75 75 101 102 122 126 128 178 190 220 
1640931205.910192 ### RSSI: -54, 20, 1640053473 ,4791 
1640931206.236487 ### RSSI: -51, 17, 1640053473 ,4796 
1640931206.304357 ### DEBUG: Ticks: 4798, 16, 1 
1640931206.304610 1640053473 c0:98:e5:42:00:29 386 
1640931206.304765 58 63 77 78 101 118 119 132 150 161 166 172 172 187 190 
1640931206.304925 197 197 201 210 212 228 241 246 268 276 294 311 353 398 419 
1640931206.918216 ### RSSI: -49, 6, 1640053474 ,4807 
1640931207.231974 ### RSSI: -50, 1, 1640053474 ,4812 
1640931207.299024 ### ERROR: Failed reading SquarePoint packet length
1640931207.919040 ### RSSI: -51, 17, 1640053475 ,4823 
1640931208.229976 ### RSSI: -54, 29, 1640053475 ,4828 
1640931208.913106 ### RSSI: -50, 0, 1640053476 ,4838 
1640931209.231257 ### RSSI: -52, 10, 1640053476 ,4843 
1640931209.299358 ### DEBUG: Ticks: 4844, 46, 1 
1640931209.299656 1640053476 c0:98:e5:42:00:29 260 
1640931209.299826 -131 -121 -108 -108 -83 -77 -75 -67 -64 -63 -62 -47 -18 -15 -13 
1640931209.299970 -9 -3 -3 0 15 18 50 51 57 61 69 76 125 164 251 
1640931209.908935 ### RSSI: -51, 15, 1640053477 ,4854 
1640931210.229016 ### RSSI: -51, 2, 1640053477 ,4859 
1640931210.299062 ### DEBUG: Ticks: 4860, 16, 1 
1640931210.299270 1640053477 c0:98:e5:42:00:29 257 
1640931210.310085 -153 -119 -101 -98 -82 -81 -62 -60 -59 -49 -45 -40 -37 -36 -31 
1640931210.310289 -20 -15 -12 4 28 45 55 68 72 117 138 147 166 211 219 
1640931210.919040 ### RSSI: -49, 7, 1640053477 ,4870 
1640931211.230930 ### RSSI: -49, 8, 1640053478 ,4875 
1640931211.298828 ### DEBUG: Ticks: 4876, 16, 1 
1640931211.299111 1640053478 c0:98:e5:42:00:29 232 
1640931211.299304 -115 -113 -76 -64 -61 -59 -55 -54 -51 -39 -38 -24 -23 -20 -4 
1640931211.299489 -2 4 8 21 39 40 52 89 91 131 136 163 164 199 213 
1640931211.908971 ### RSSI: -57, 27, 1640053478 ,4885 
1640931212.237458 ### RSSI: -56, 27, 1640053479 ,4890 
1640931212.302450 ### DEBUG: Ticks: 4891, 15, 1 
1640931212.302733 1640053479 c0:98:e5:42:00:29 334 
1640931212.302950 -16 -1 32 34 51 52 55 56 58 59 63 67 78 93 108 
1640931212.303160 112 117 122 135 136 148 157 181 187 210 214 227 264 319 352 
1640931212.908984 ### RSSI: -50, 16, 1640053479 ,4901 
1640931213.232504 ### RSSI: -57, 27, 1640053480 ,4906 
1640931213.301960 ### DEBUG: Ticks: 4907, 16, 1 
1640931213.302296 1640053480 c0:98:e5:42:00:29 210 
1640931213.302477 -123 -109 -103 -100 -98 -79 -72 -67 -59 -54 -50 -49 -31 -25 -5 
1640931213.302663 1 6 23 29 35 50 55 60 75 80 97 134 139 177 208 
1640931213.909066 ### RSSI: -52, 32, 1640053480 ,4916 
