1641077530.614705 ###RTT Client: ************************************************************ 
1641077530.614861 ###RTT Client: *               SEGGER Microcontroller GmbH                * 
1641077530.614902 ###RTT Client: *   Solutions for real time microcontroller applications   * 
1641077530.614943 ###RTT Client: ************************************************************ 
1641077530.614983 ###RTT Client: *                                                          * 
1641077530.615024 ###RTT Client: *       (c) 2012 - 2016  SEGGER Microcontroller GmbH       * 
1641077530.615103 ###RTT Client: *                                                          * 
1641077530.615147 ###RTT Client: *     www.segger.com     Support: support@segger.com       * 
1641077530.615187 ###RTT Client: *                                                          * 
1641077530.615227 ###RTT Client: ************************************************************ 
1641077530.615274 ###RTT Client: *                                                          * 
1641077530.615318 ###RTT Client: * SEGGER J-Link RTT Client   Compiled Jan 30 2018 18:46:58 * 
1641077530.615358 ###RTT Client: *                                                          * 
1641077530.615402 ###RTT Client: ************************************************************ 
1641077530.615442 
1641077530.615488 ###RTT Client: -----------------------------------------------
1641077530.615533 ###RTT Client: Connecting to J-Link RTT Server via localhost:9201  Connected.
1641077530.615578 SEGGER J-Link V6.30 - Real time terminal output
1641077530.615624 J-Link EDU Mini V1 compiled Oct 22 2019 16:28:45 V1.0, SN=801021855
1641077530.615669 Process: JLinkExe
1641077530.615715 ### DEBUG: Ticks: 625, 15, 1 
1641077530.615761 1640050286 c0:98:e5:42:00:2c 213 
1641077530.615806 325 343 346 350 352 360 361 372 380 381 394 398 416 418 427 
1641077530.615851 427 431 438 440 451 461 461 497 514 528 529 545 583 586 0 
1641077530.615896 ### RSSI: -51, 11, 1640050287 ,633 
1641077530.615936 ### DEBUG: Ticks: 641, 16, 1 
1641077530.615976 1640050287 c0:98:e5:42:00:2c 210 
1641077530.616016 330 342 344 347 358 364 364 373 389 392 399 401 402 403 420 
1641077530.616056 421 434 440 446 457 461 465 465 478 526 551 555 558 581 624 
1641077530.616096 ### RSSI: -51, 0, 1640050288 ,649 
1641077530.616136 ### DEBUG: Ticks: 656, 15, 1 
1641077530.616176 1640050288 c0:98:e5:42:00:2c 175 
1641077530.616216 249 274 276 283 284 297 299 303 321 326 326 329 342 349 350 
1641077530.616255 369 384 388 406 411 414 423 429 441 452 476 489 519 534 0 
1641077530.616301 ### RSSI: -51, 18, 1640050289 ,664 
1641077530.616341 ### DEBUG: Ticks: 672, 16, 1 
1641077530.616381 1640050289 c0:98:e5:42:00:2c 203 
1641077530.616421 294 312 313 315 322 335 335 346 356 362 379 384 385 397 404 
1641077530.616461 410 410 419 430 433 434 450 460 461 462 465 489 507 550 637 
1641077530.616501 ### RSSI: -51, 20, 1640050290 ,680 
1641077530.616541 ### DEBUG: Ticks: 688, 16, 1 
1641077530.616581 1640050290 c0:98:e5:42:00:2c 152 
1641077530.616620 176 193 235 248 251 260 271 277 279 280 284 288 297 304 329 
1641077530.616660 336 342 348 350 351 356 381 383 413 420 434 478 0 0 0 
1641077530.616701 ### RSSI: -52, 7, 1640050291 ,696 
1641077530.616740 ### DEBUG: Ticks: 703, 15, 1 
1641077530.616780 1640050291 c0:98:e5:42:00:2c 179 
1641077530.616820 210 221 248 254 260 266 272 283 288 294 304 311 339 350 351 
1641077530.616860 368 370 380 385 392 393 394 420 428 431 431 444 455 467 527 
1641077530.616900 ### RSSI: -52, 9, 1640050292 ,711 
1641077530.616946 ### DEBUG: Ticks: 719, 16, 1 
1641077530.616986 1640050292 c0:98:e5:42:00:2c 257 
1641077530.617032 357 360 411 434 438 447 456 460 460 461 478 482 498 500 514 
1641077530.617072 514 515 528 533 544 550 572 572 578 601 617 636 656 673 687 
1641077530.617117 ### RSSI: -55, 18, 1640050293 ,727 
1641077530.617157 ### DEBUG: Ticks: 735, 16, 1 
1641077530.617197 1640050293 c0:98:e5:42:00:2c 206 
1641077530.617237 303 318 325 330 358 362 373 385 392 395 395 398 398 412 412 
1641077530.617276 416 417 428 435 441 445 457 459 470 498 502 505 550 561 0 
1641077530.617322 ### RSSI: -50, 33, 1640050293 ,743 
1641077530.617361 ### DEBUG: Ticks: 750, 15, 1 
1641077530.617401 1640050294 c0:98:e5:42:00:2c 216 
1641077530.617441 302 313 348 352 363 367 379 380 386 388 390 392 426 429 430 
1641077530.617481 436 440 450 453 468 471 473 481 484 503 504 546 548 599 605 
1641077530.617521 ### RSSI: -52, 5, 1640050294 ,758 
1641077530.617561 ### DEBUG: Ticks: 766, 16, 1 
1641077530.617606 1640050295 c0:98:e5:42:00:2c 214 
1641077530.617646 283 295 296 297 307 318 327 335 368 382 383 390 416 419 419 
1641077530.617691 437 446 463 465 469 470 474 485 489 496 498 506 509 547 589 
1641077530.617764 ### RSSI: -49, 35, 1640050295 ,774 
1641077530.617810 ### DEBUG: Ticks: 781, 15, 1 
1641077530.617855 1640050296 c0:98:e5:42:00:2c 194 
1641077530.617900 254 264 277 284 306 311 311 320 347 358 360 363 364 375 388 
1641077530.617945 390 391 403 406 408 409 413 424 434 442 446 480 482 512 583 
1641077530.617985 ### RSSI: -52, 1, 1640050296 ,789 
1641077530.618030 ### DEBUG: Ticks: 797, 16, 1 
1641077530.618075 1640050297 c0:98:e5:42:00:2c 156 
1641077530.618120 239 241 242 245 247 259 266 278 280 284 285 291 295 296 302 
1641077530.618160 322 323 330 330 333 335 339 347 363 364 382 399 449 453 461 
1641077530.618205 ### RSSI: -52, 7, 1640050297 ,805 
1641077530.618250 ### RSSI: -51, 24, 1640050297 ,807 
1641077530.618296 ### DEBUG: Ticks: 813, 16, 1 
1641077530.618341 1640050298 c0:98:e5:42:00:2c 224 
1641077530.618385 310 336 357 363 377 382 384 394 407 414 418 438 443 444 447 
1641077530.618431 450 452 467 469 478 491 496 498 521 540 574 577 585 617 643 
1641077530.618475 ### RSSI: -51, 3, 1640050298 ,822 
1641077530.618520 ### RSSI: -50, 30, 1640050298 ,824 
1641077530.618565 ### DEBUG: Ticks: 828, 15, 1 
1641077530.618610 1640050299 c0:98:e5:42:00:2c 197 
1641077530.618656 291 308 322 331 331 332 335 336 347 357 360 368 368 387 392 
1641077530.618701 396 396 398 408 409 418 430 438 451 464 467 472 478 526 546 
1641077530.618746 ### BLE EVENT: 16, INFO: BLE CONNECTED!
1641077530.618790 ### RSSI: -50, 27, 1640050299 ,837 
1641077530.618835 ### RSSI: -49, 17, 1640050299 ,839 
1641077530.618880 ### RSSI: -50, 17, 1640050299 ,839 
1641077530.618925 ### RSSI: -50, 30, 1640050300 ,841 
1641077530.618970 ### RSSI: -51, 27, 1640050300 ,841 
1641077530.619015 ### RSSI: -52, 15, 1640050300 ,842 
1641077530.619059 ### RSSI: -52, 21, 1640050300 ,843 
1641077530.619104 ### RSSI: -52, 2, 1640050300 ,844 
1641077530.619149 ### DEBUG: Ticks: 844, 16, 1 
1641077530.619194 1640050300 c0:98:e5:42:00:2c 210 
1641077530.619234 306 331 333 339 356 371 376 379 380 380 383 406 412 416 419 
1641077530.619274 423 438 441 442 445 449 450 464 474 476 491 496 562 567 593 
1641077530.619314 ### RSSI: -50, 27, 1640050300 ,844 
1641077530.619359 ### RSSI: -50, 28, 1640050300 ,845 
1641077530.619404 ### RSSI: -50, 26, 1640050300 ,846 
1641077530.619449 ### RSSI: -50, 24, 1640050300 ,847 
1641077530.619488 ### RSSI: -49, 36, 1640050300 ,847 
1641077530.619528 ### RSSI: -50, 32, 1640050300 ,848 
1641077530.619568 ### RSSI: -51, 19, 1640050300 ,849 
1641077530.619612 ### RSSI: -52, 12, 1640050300 ,850 
1641077530.619652 ### RSSI: -50, 23, 1640050300 ,850 
1641077530.619696 ### RSSI: -51, 5, 1640050300 ,851 
1641077530.619736 ### RSSI: -50, 17, 1640050300 ,852 
1641077530.619781 ### RSSI: -49, 32, 1640050300 ,853 
1641077530.619821 ### RSSI: -52, 9, 1640050300 ,853 
1641077530.619866 ### RSSI: -56, 20, 1640050301 ,855 
1641077530.619905 ### RSSI: -51, 11, 1640050301 ,855 
1641077530.619950 ### RSSI: -50, 30, 1640050301 ,856 
1641077530.619990 ### RSSI: -54, 11, 1640050301 ,857 
1641077530.620030 ### RSSI: -50, 26, 1640050301 ,858 
1641077530.620070 ### RSSI: -51, 31, 1640050301 ,858 
1641077530.620115 ### RSSI: -52, 8, 1640050301 ,859 
1641077530.620155 ### DEBUG: Ticks: 860, 16, 1 
1641077530.620195 1640050301 c0:98:e5:42:00:2c 213 
1641077530.620235 282 331 340 347 352 358 358 365 387 387 388 410 413 419 423 
1641077530.620275 430 431 433 442 452 458 468 474 482 483 499 502 525 531 583 
1641077530.620315 ### RSSI: -51, 18, 1640050301 ,860 
1641077530.620354 ### RSSI: -49, 14, 1640050301 ,861 
1641077530.620394 ### RSSI: -55, 17, 1640050301 ,861 
1641077530.620434 ### RSSI: -50, 34, 1640050301 ,862 
1641077530.620478 ### DEBUG: Ticks: 875, 15, 1 
1641077530.620518 1640050302 c0:98:e5:42:00:2c 210 
1641077530.620558 276 294 302 322 322 335 350 361 376 385 392 394 413 419 421 
1641077530.620598 422 433 435 443 450 461 467 472 472 483 488 490 493 550 553 
1641077530.620638 ### RSSI: -51, 5, 1640050302 ,877 
1641077530.620677 ### RSSI: -52, 4, 1640050302 ,878 
1641077530.620716 ### DEBUG: Ticks: 891, 16, 1 
1641077530.620756 1640050303 c0:98:e5:42:00:2c 212 
1641077530.620795 295 324 328 333 350 351 358 361 369 391 404 407 417 419 422 
1641077530.620836 429 437 438 447 467 471 473 476 479 490 498 541 544 568 579 
1641077530.620875 ### RSSI: -58, 13, 1640050303 ,893 
1641077530.620915 ### RSSI: -52, 6, 1640050303 ,894 
1641077530.620954 ### DEBUG: Ticks: 906, 15, 1 
1641077530.620994 1640050304 c0:98:e5:42:00:2c 200 
1641077530.621033 315 323 323 332 333 338 341 350 353 363 385 389 391 394 400 
1641077530.621073 402 407 408 412 419 426 442 454 491 500 505 506 512 611 650 
1641077530.621113 ### RSSI: -49, 33, 1640050304 ,908 
1641077530.621152 ### RSSI: -56, 21, 1640050304 ,909 
1641077530.621192 ### DEBUG: Ticks: 922, 16, 1 
1641077530.621231 1640050305 c0:98:e5:42:00:2c 199 
1641077530.621271 252 267 287 307 322 327 335 338 368 373 376 383 385 396 396 
1641077530.621310 400 400 400 402 404 408 416 418 431 432 432 469 524 536 583 
1641077530.621350 ### RSSI: -51, 13, 1640050305 ,924 
1641077530.621390 ### RSSI: -50, 27, 1640050305 ,925 
1641077530.621429 ### DEBUG: Ticks: 938, 16, 1 
1641077530.621469 1640050306 c0:98:e5:42:00:2c 181 
1641077530.621508 260 278 279 280 281 285 292 295 304 309 311 316 344 357 362 
1641077530.621548 362 364 369 376 380 391 400 416 422 436 480 485 506 520 688 
1641077530.621587 ### RSSI: -52, 0, 1640050306 ,939 
1641077530.621627 ### RSSI: -54, 29, 1640050306 ,940 
1641077530.621666 ### DEBUG: Ticks: 953, 15, 1 
1641077530.621706 1640050307 c0:98:e5:42:00:2c 161 
1641077530.621765 179 219 244 249 250 254 255 263 276 278 294 303 307 311 321 
1641077530.621805 323 323 330 340 355 382 384 392 400 413 421 421 441 474 484 
1641077530.621845 ### RSSI: -52, 10, 1640050307 ,955 
1641077530.621885 ### RSSI: -54, 28, 1640050307 ,956 
1641077530.621929 ### DEBUG: Ticks: 969, 16, 1 
1641077530.621969 1640050308 c0:98:e5:42:00:2c 162 
1641077530.622008 216 222 225 237 241 253 255 283 291 291 296 297 303 310 325 
1641077530.622048 325 328 336 347 349 380 407 426 432 454 468 497 541 642 0 
1641077530.622088 ### RSSI: -51, 11, 1640050308 ,971 
1641077530.622127 ### RSSI: -51, 18, 1640050308 ,972 
1641077530.622167 ### DEBUG: Ticks: 984, 15, 1 
1641077530.622207 1640050309 c0:98:e5:42:00:2c 183 
1641077530.622247 224 237 266 266 269 275 278 294 299 310 324 333 344 345 361 
1641077530.622287 372 378 380 387 387 388 391 418 420 449 459 462 462 470 514 
1641077530.622326 ### RSSI: -51, 28, 1640050309 ,986 
1641077530.622366 ### RSSI: -52, 2, 1640050309 ,987 
1641077530.622405 ### DEBUG: Ticks: 1000, 16, 1 
1641077530.622445 1640050310 c0:98:e5:42:00:2c 224 
1641077530.622498 337 351 351 361 366 375 378 381 387 390 393 401 404 422 434 
1641077530.622539 463 465 467 479 482 498 498 501 510 525 567 570 572 676 705 
1641077530.622579 ### RSSI: -55, 13, 1640050310 ,1002 
1641077530.622618 
1641077530.622658 ----------------------------------------------
1641077530.622697 ### WARNING: Chip experienced a reset with reason 2
1641077530.622737 ### INFO: Bluetooth address: c0:98:e5:42:00:29
1641077530.622776 ### DEBUG: Time is 00:00:00, 2000/00/00
1641077530.622815 ### INFO: Time is 00:00:00, 2000/00/00
1641077530.622855 ### INFO: Initializing SD Card...
1641077530.622895 ### INFO: Connecting to the SquarePoint module...
1641077530.622934 ### INFO: SquarePoint module connection successful
1641077530.622973 ### INFO: Battery voltage currently 4014 mV
1641077530.623012 ### INFO: SD card flushed!
1641077530.623052 ### INFO: SD card flushed!
1641077530.623091 ### DEBUG: BLE START SCANNING called
1641077530.623131 ### DEBUG: Ticks: 22, 22, 0 
1641077530.623170 1640050313 c0:98:e5:42:00:2c 200 
1641077530.623210 282 292 296 306 317 319 321 328 337 343 377 381 391 396 400 
1641077530.623249 401 406 407 426 441 456 460 466 476 482 485 516 531 559 612 
1641077530.623288 ### INFO: Switched Scheduler EUI from 00:00:00:00:00:00 to c0:98:e5:42:00:2c
1641077530.623328 ### DEBUG: BLE STOP SCANNING called
1641077530.623368 ### DEBUG: BLE START SCANNING called
1641077530.623407 ### DEBUG: Ticks: 38, 16, 0 
1641077530.623446 1640050314 c0:98:e5:42:00:2c 256 
1641077530.623486 389 397 410 430 434 449 453 455 468 484 493 497 500 509 513 
1641077530.623525 516 526 545 550 551 561 583 587 588 611 614 623 655 731 0 
1641077530.623565 ### DEBUG: BLE START SCANNING called
1641077530.623604 ### DEBUG: BLE START SCANNING called
1641077530.623644 ### DEBUG: BLE START SCANNING called
1641077530.623683 ### DEBUG: BLE START SCANNING called
1641077530.623722 ### DEBUG: BLE START SCANNING called
1641077530.623762 ### INFO: Device is now STATIONARY
1641077530.623801 ### DEBUG: Ticks: 53, 15, 0 
1641077530.623841 1640050315 c0:98:e5:42:00:2c 209 
1641077530.623880 314 331 334 335 336 343 347 353 363 365 379 382 396 396 411 
1641077530.623920 426 430 438 445 451 459 466 468 469 491 511 521 531 547 568 
1641077530.623960 ### DEBUG: BLE START SCANNING called
1641077530.623999 ### addr: c0:98:e5:42:00:2c 
1641077530.624038 ### on_adv_report outer RSSI: -51, time:1640050315 
1641077530.624077 ### INFO: Discovered new device: c0:98:e5:42:00:2c
1641077530.624117 ### DEBUG: connected? already connected
1641077530.624156 ### DEBUG: BLE START SCANNING called
1641077530.624196 ### BLE EVENT: 16, INFO: BLE CONNECTED!
1641077530.624236 ### DEBUG: BLE START SCANNING called
1641077530.624275 ### RSSI: -50, 27, 1640050316 ,60 
1641077530.624315 ### DEBUG: BLE START SCANNING called
1641077530.624354 ### RSSI: -51, 14, 1640050316 ,62 
1641077530.624394 ### DEBUG: BLE START SCANNING called
1641077530.624433 ### RSSI: -52, 2, 1640050316 ,63 
1641077530.624472 ### DEBUG: BLE START SCANNING called
1641077530.624512 ### RSSI: -50, 30, 1640050316 ,65 
1641077530.624551 ### DEBUG: BLE START SCANNING called
1641077530.624591 ### RSSI: -54, 3, 1640050316 ,66 
1641077530.624631 ### DEBUG: BLE START SCANNING called
1641077530.624670 ### RSSI: -50, 16, 1640050316 ,68 
1641077530.624710 ### DEBUG: BLE START SCANNING called
1641077530.624749 ### DEBUG: Ticks: 69, 16, 1 
1641077530.624789 1640050316 c0:98:e5:42:00:2c 241 
1641077530.624828 320 350 354 365 377 411 416 435 438 443 456 468 469 473 476 
1641077530.624868 490 498 498 505 507 513 513 535 551 560 569 570 577 589 652 
1641077530.624908 ### DEBUG: BLE START SCANNING called
1641077530.624947 ### RSSI: -51, 21, 1640050316 ,70 
1641077530.624987 ### DEBUG: BLE START SCANNING called
1641077530.625027 ### RSSI: -50, 35, 1640050316 ,71 
1641077530.625067 ### DEBUG: BLE START SCANNING called
1641077530.625106 ### DEBUG: BLE START SCANNING called
1641077530.625145 ### RSSI: -50, 34, 1640050316 ,73 
1641077530.625185 ### DEBUG: BLE START SCANNING called
1641077530.625225 ### RSSI: -52, 6, 1640050316 ,74 
1641077530.625264 ### DEBUG: BLE START SCANNING called
1641077530.625304 ### RSSI: -51, 8, 1640050317 ,76 
1641077530.625343 ### DEBUG: BLE START SCANNING called
1641077530.625382 ### RSSI: -51, 30, 1640050317 ,77 
1641077530.625422 ### DEBUG: BLE START SCANNING called
1641077530.625461 ### RSSI: -50, 33, 1640050317 ,79 
1641077530.625501 ### DEBUG: BLE START SCANNING called
1641077530.625540 ### RSSI: -52, 20, 1640050317 ,80 
1641077530.625579 ### DEBUG: BLE START SCANNING called
1641077530.625619 ### RSSI: -52, 13, 1640050317 ,82 
1641077530.625659 ### DEBUG: BLE START SCANNING called
1641077530.625698 ### RSSI: -50, 32, 1640050317 ,84 
1641077530.625757 ### DEBUG: BLE START SCANNING called
1641077530.625797 ### DEBUG: Ticks: 85, 16, 1 
1641077530.625836 1640050317 c0:98:e5:42:00:2c 212 
1641077530.625876 272 306 322 326 358 364 365 366 381 384 399 413 418 420 421 
1641077530.625915 428 431 446 448 452 455 468 471 498 506 515 532 553 555 597 
1641077530.625954 ### DEBUG: BLE START SCANNING called
1641077530.625994 ### RSSI: -51, 20, 1640050317 ,85 
1641077530.626033 ### DEBUG: BLE START SCANNING called
1641077530.626073 ### DEBUG: BLE START SCANNING called
1641077530.626112 ### DEBUG: Ticks: 100, 15, 1 
1641077530.626152 1640050318 c0:98:e5:42:00:2c 249 
1641077530.626192 392 392 409 432 437 437 448 449 451 454 459 482 489 491 498 
1641077530.626231 516 522 531 531 541 548 557 596 602 604 637 640 670 725 0 
1641077530.626270 ### DEBUG: BLE START SCANNING called
1641077530.626309 ### RSSI: -51, 20, 1640050318 ,101 
1641077530.626349 ### DEBUG: BLE START SCANNING called
1641077530.626389 ### DEBUG: Ticks: 116, 16, 1 
1641077530.626428 1640050319 c0:98:e5:42:00:2c 203 
1641077530.626467 289 309 317 324 332 334 340 353 363 365 371 378 384 400 405 
1641077530.626506 409 411 412 413 414 419 429 444 448 481 487 497 517 537 665 
1641077530.626546 ### RSSI: -49, 36, 1640050319 ,116 
1641077530.626585 ### DEBUG: Ticks: 131, 15, 1 
1641077530.626624 1640050320 c0:98:e5:42:00:2c 192 
1641077530.626664 276 285 300 302 313 316 316 323 341 343 352 355 360 383 384 
1641077530.626704 396 396 403 409 413 428 443 450 453 456 462 494 511 516 0 
1641077530.626743 ### RSSI: -52, 3, 1640050320 ,132 
1641077530.626783 ### DEBUG: Ticks: 147, 16, 1 
1641077530.626823 1640050321 c0:98:e5:42:00:2c 241 
1641077530.626862 338 368 389 400 404 404 406 414 424 435 442 468 469 477 478 
1641077530.626901 487 488 496 506 511 517 518 527 546 553 570 605 616 625 629 
1641077530.626941 ### RSSI: -52, 6, 1640050321 ,148 
1641077530.626981 ### DEBUG: Ticks: 163, 16, 1 
1641077530.627020 1640050322 c0:98:e5:42:00:2c 237 
1641077530.627060 293 300 351 360 377 384 398 419 421 431 436 436 449 454 473 
1641077530.627099 475 482 487 492 501 506 506 525 541 548 562 574 585 625 715 
1641077530.627138 ### RSSI: -49, 36, 1640050322 ,163 
1641077530.627182 ### DEBUG: Ticks: 178, 15, 1 
1641077530.627221 1640050323 c0:98:e5:42:00:2c 213 
1641077530.627261 310 311 321 342 343 344 360 365 369 410 410 415 416 416 426 
1641077530.627301 427 439 443 453 461 485 487 490 496 504 520 549 574 580 606 
1641077530.627340 ### RSSI: -49, 36, 1640050323 ,179 
1641077530.627379 ### DEBUG: Ticks: 194, 16, 1 
1641077530.627419 1640050324 c0:98:e5:42:00:2c 220 
1641077530.627458 310 313 314 327 343 354 363 364 392 413 416 426 430 435 441 
1641077530.627497 441 452 461 462 463 475 479 483 485 515 521 544 548 579 593 
1641077530.627537 ### RSSI: -52, 10, 1640050324 ,194 
1641077530.627576 ### DEBUG: Ticks: 210, 16, 1 
1641077530.627615 1640050325 c0:98:e5:42:00:2c 179 
1641077530.627655 240 249 257 265 272 283 289 291 301 319 323 330 343 352 358 
1641077530.627695 361 368 374 377 393 398 400 407 414 416 433 436 452 491 502 
1641077530.627735 ### RSSI: -49, 26, 1640050325 ,210 
1641077530.627775 ### DEBUG: Ticks: 225, 15, 1 
1641077530.627814 1640050326 c0:98:e5:42:00:2c 195 
1641077530.627854 246 312 315 320 322 328 336 342 345 346 349 375 376 379 388 
1641077530.627893 394 405 408 411 420 423 432 434 456 459 462 464 480 535 565 
1641077530.627933 ### RSSI: -50, 27, 1640050326 ,226 
1641077530.627972 ### DEBUG: Ticks: 241, 16, 1 
1641077530.628011 1640050327 c0:98:e5:42:00:2c 226 
1641077530.628051 307 314 338 343 350 369 380 382 387 396 397 402 427 429 446 
1641077530.628090 458 460 462 469 481 488 502 512 514 516 525 549 591 596 662 
1641077530.628130 ### RSSI: -51, 18, 1640050327 ,241 
1641077530.628169 ### DEBUG: Ticks: 256, 15, 1 
1641077530.628208 1640050328 c0:98:e5:42:00:2c 208 
1641077530.628247 292 316 321 322 328 352 355 358 367 368 369 387 389 408 416 
1641077530.628287 418 438 440 444 451 463 467 478 502 504 506 564 567 589 0 
1641077530.628326 ### RSSI: -50, 21, 1640050328 ,257 
1641077530.628365 ### DEBUG: Ticks: 272, 16, 1 
1641077530.628404 1640050329 c0:98:e5:42:00:2c 190 
1641077530.628444 217 279 285 286 301 323 326 328 329 330 345 348 353 378 379 
1641077530.628484 383 385 390 414 414 416 421 432 452 456 460 462 473 547 553 
1641077530.628524 ### RSSI: -52, 9, 1640050329 ,273 
1641077530.628563 ### DEBUG: Ticks: 288, 16, 1 
1641077530.628602 1640050330 c0:98:e5:42:00:2c 221 
1641077530.628642 308 314 320 349 354 354 372 373 377 379 407 423 432 438 440 
1641077530.628681 447 480 486 486 492 514 520 533 543 559 560 573 574 640 681 
1641077530.628721 ### RSSI: -53, 0, 1640050330 ,288 
1641077530.628760 ### DEBUG: Ticks: 303, 15, 1 
1641077530.628800 1640050331 c0:98:e5:42:00:2c 216 
1641077530.628839 304 310 313 314 329 332 337 359 380 384 392 394 408 417 431 
1641077530.628878 434 434 436 446 449 450 450 464 464 465 466 490 500 534 562 
1641077530.628918 ### RSSI: -50, 23, 1640050331 ,304 
1641077530.628957 ### DEBUG: Ticks: 319, 16, 1 
1641077530.628997 1640050332 c0:98:e5:42:00:2c 224 
1641077530.629036 314 321 329 330 336 354 355 361 365 369 395 408 423 425 439 
1641077530.629076 459 469 473 473 482 506 509 512 525 555 561 567 615 644 663 
1641077530.629115 ### RSSI: -53, 0, 1640050332 ,319 
1641077530.629155 ### DEBUG: Ticks: 334, 15, 1 
1641077530.629194 1640050333 c0:98:e5:42:00:2c 215 
1641077530.629234 285 298 337 357 357 359 369 392 396 396 403 408 415 429 431 
1641077530.629274 435 449 450 451 462 462 479 492 497 509 522 570 571 594 0 
1641077530.629314 ### RSSI: -50, 27, 1640050333 ,335 
1641077530.629354 ### DEBUG: Ticks: 350, 16, 1 
1641077530.629393 1640050334 c0:98:e5:42:00:2c 216 
1641077530.629433 327 334 347 348 360 377 387 389 402 403 409 416 424 427 432 
1641077530.629475 434 443 461 467 478 503 505 508 521 541 547 554 567 575 586 
1641077530.629515 ### RSSI: -50, 25, 1640050334 ,351 
1641077530.629555 ### DEBUG: Ticks: 366, 16, 1 
1641077530.629594 1640050335 c0:98:e5:42:00:2c 201 
1641077530.629634 293 295 296 300 309 331 335 348 350 360 365 379 383 390 402 
1641077530.629674 405 412 432 435 441 448 452 453 455 466 467 468 478 530 617 
1641077530.629713 ### RSSI: -53, 1, 1640050335 ,366 
1641077530.629774 ### DEBUG: Ticks: 381, 15, 1 
1641077530.629814 1640050336 c0:98:e5:42:00:2c 197 
1641077530.629853 255 268 298 305 311 320 326 329 344 347 351 360 382 383 395 
1641077530.629893 407 419 423 424 431 432 447 453 482 509 515 556 604 665 0 
1641077530.629932 ### RSSI: -48, 31, 1640050336 ,382 
1641077530.629972 ### DEBUG: Ticks: 397, 16, 1 
1641077530.630011 1640050337 c0:98:e5:42:00:2c 169 
1641077530.630050 259 267 277 282 287 294 300 309 313 315 317 321 321 333 334 
1641077530.630090 342 351 365 384 387 398 402 404 415 431 444 485 512 587 642 
1641077530.630130 ### RSSI: -59, 6, 1640050337 ,398 
1641077530.630170 ### DEBUG: Ticks: 413, 16, 1 
1641077530.630209 1640050338 c0:98:e5:42:00:2c 230 
1641077530.630258 330 337 352 356 367 378 395 402 404 444 445 447 453 457 461 
1641077530.630298 467 475 477 489 492 495 497 510 512 512 524 525 533 596 0 
1641077530.630337 ### RSSI: -57, 0, 1640050338 ,413 
1641077530.630377 ### DEBUG: Ticks: 428, 15, 1 
1641077530.630416 1640050339 c0:98:e5:42:00:2c 247 
1641077530.630456 324 374 394 405 416 441 443 454 454 477 482 485 490 494 494 
1641077530.630495 495 504 513 522 522 523 535 537 543 557 557 561 639 690 713 
1641077530.630534 ### RSSI: -55, 15, 1640050339 ,429 
1641077530.630574 ### DEBUG: Ticks: 444, 16, 1 
1641077530.630613 1640050340 c0:98:e5:42:00:2c 275 
1641077530.630653 433 446 452 453 463 468 471 490 514 516 532 533 538 543 545 
1641077530.630692 555 557 568 572 579 580 585 585 594 599 603 633 637 704 755 
1641077530.630732 ### RSSI: -52, 30, 1640050340 ,444 
1641077530.630771 ### DEBUG: Ticks: 459, 15, 1 
1641077530.630811 1640050341 c0:98:e5:42:00:2c 310 
1641077530.630850 526 537 543 547 554 565 567 579 592 595 598 613 613 615 620 
1641077530.630890 623 632 633 640 641 646 656 660 672 689 693 730 754 817 853 
1641077530.630929 ### RSSI: -50, 32, 1640050341 ,460 
1641077530.630969 ### DEBUG: Ticks: 475, 16, 1 
1641077530.631008 1640050342 c0:98:e5:42:00:2c 312 
1641077530.631047 498 511 524 532 543 556 566 578 584 588 593 594 595 598 622 
1641077530.631087 629 638 643 648 650 653 666 668 675 679 686 687 687 693 761 
1641077530.631126 ### RSSI: -58, 9, 1640050342 ,476 
1641077530.631166 ### DEBUG: Ticks: 491, 16, 1 
1641077530.631206 1640050343 c0:98:e5:42:00:2c 277 
1641077530.631245 438 447 466 478 490 491 503 516 516 526 544 547 550 553 555 
1641077530.631285 557 557 573 575 577 601 606 620 626 628 632 655 670 674 0 
1641077530.631325 ### RSSI: -50, 0, 1640050343 ,491 
1641077530.631364 ### DEBUG: Ticks: 506, 15, 1 
1641077530.631403 1640050344 c0:98:e5:42:00:2c 278 
1641077530.631443 464 470 474 496 513 520 522 523 533 533 542 543 553 555 556 
1641077530.631483 557 561 562 572 573 576 576 577 579 582 587 591 595 667 676 
1641077530.631522 ### RSSI: -56, 31, 1640050344 ,507 
1641077530.631561 ### DEBUG: Ticks: 522, 16, 1 
1641077530.631600 1640050345 c0:98:e5:42:00:2c 303 
1641077530.631640 496 523 524 541 541 547 553 561 566 586 586 594 597 603 607 
1641077530.631680 608 624 633 648 651 658 663 676 677 678 685 694 699 725 742 
1641077530.631719 ### RSSI: -51, 15, 1640050345 ,522 
1641077530.631759 ### DEBUG: Ticks: 538, 16, 1 
1641077530.631799 1640050346 c0:98:e5:42:00:2c 286 
1641077530.631838 420 462 470 504 512 516 520 523 536 540 552 559 563 571 572 
1641077530.631880 572 575 577 583 584 593 597 598 601 619 623 630 640 673 0 
1641077530.631919 ### RSSI: -52, 10, 1640050346 ,538 
1641077530.631958 ### DEBUG: Ticks: 553, 15, 1 
1641077530.631998 1640050347 c0:98:e5:42:00:2c 305 
1641077530.632037 469 520 530 535 570 570 577 579 582 586 586 586 594 598 610 
1641077530.632077 610 617 617 619 624 629 629 636 638 654 664 666 668 678 697 
1641077530.632116 ### RSSI: -53, 26, 1640050347 ,554 
1641077530.632155 ERROR: Unable to initialize the SD card!
1641077530.632195 ERROR: Unable to power on the SD Card!
1641077530.632234 ### RSSI: -46, 20, 1640050348 ,569 
1641077530.632273 ### RSSI: -48, 20, 1640050350 ,585 
1641077530.632312 ### RSSI: -53, 6, 1640050351 ,601 
1641077530.632352 ### RSSI: -46, 12, 1640050352 ,616 
1641077530.632391 ### RSSI: -46, 18, 1640050353 ,632 
1641077530.632430 ### RSSI: -47, 6, 1640050354 ,647 
1641077530.632470 ### RSSI: -49, 17, 1640050355 ,663 
1641077530.632509 ### RSSI: -49, 30, 1640050356 ,679 
1641077530.632549 ### RSSI: -50, 28, 1640050357 ,694 
1641077530.632588 ### RSSI: -48, 24, 1640050358 ,710 
1641077530.632628 ### RSSI: -48, 33, 1640050359 ,726 
1641077530.632668 ### RSSI: -48, 33, 1640050360 ,741 
1641077530.632707 ### RSSI: -47, 10, 1640050361 ,757 
1641077530.632746 ### RSSI: -49, 30, 1640050362 ,772 
1641077530.632786 ### RSSI: -51, 6, 1640050363 ,788 
1641077530.632825 ### RSSI: -49, 8, 1640050364 ,804 
1641077530.632865 ### RSSI: -48, 22, 1640050365 ,819 
1641077530.632904 ### RSSI: -48, 12, 1640050366 ,835 
1641077530.632944 ### RSSI: -47, 12, 1640050367 ,850 
1641077530.632984 ### RSSI: -48, 14, 1640050368 ,866 
1641077530.633023 ### RSSI: -49, 35, 1640050369 ,882 
1641077530.633063 ### RSSI: -48, 13, 1640050370 ,897 
1641077530.633102 ### RSSI: -48, 26, 1640050371 ,913 
1641077530.633142 ### RSSI: -49, 4, 1640050372 ,929 
1641077530.633182 ### RSSI: -56, 9, 1640050373 ,944 
1641077530.633221 ### RSSI: -48, 15, 1640050375 ,960 
1641077530.633261 ### RSSI: -49, 20, 1640050376 ,975 
1641077530.633300 ### RSSI: -48, 15, 1640050377 ,991 
1641077530.633339 ### RSSI: -49, 36, 1640050378 ,1007 
1641077530.633378 ### RSSI: -49, 28, 1640050379 ,1022 
1641077530.633418 ### RSSI: -49, 9, 1640050380 ,1038 
1641077530.633457 ### RSSI: -50, 11, 1640050381 ,1054 
1641077530.633497 ### RSSI: -49, 17, 1640050382 ,1069 
1641077530.633536 ### RSSI: -50, 35, 1640050383 ,1085 
1641077530.633576 ### RSSI: -49, 13, 1640050384 ,1100 
1641077530.633615 ### RSSI: -47, 22, 1640050385 ,1116 
1641077530.633654 ### RSSI: -50, 11, 1640050386 ,1132 
1641077530.633694 ### RSSI: -49, 26, 1640050387 ,1147 
1641077530.633749 ### RSSI: -52, 6, 1640050388 ,1163 
1641077530.633790 ### RSSI: -48, 16, 1640050389 ,1178 
1641077530.633829 ### RSSI: -51, 1, 1640050390 ,1194 
1641077530.633869 ### RSSI: -48, 27, 1640050391 ,1210 
1641077530.633908 ### RSSI: -50, 33, 1640050392 ,1225 
1641077530.633948 ### RSSI: -48, 36, 1640050393 ,1241 
1641077530.633987 ### RSSI: -49, 33, 1640050394 ,1257 
1641077530.634027 ### RSSI: -48, 11, 1640050395 ,1272 
1641077530.634066 ### RSSI: -48, 21, 1640050396 ,1288 
1641077530.634106 ### RSSI: -48, 36, 1640050397 ,1303 
1641077530.634145 ### RSSI: -49, 22, 1640050398 ,1319 
1641077530.634185 ### RSSI: -49, 21, 1640050400 ,1335 
1641077530.634224 ### RSSI: -48, 24, 1640050401 ,1350 
1641077530.634264 ### RSSI: -52, 7, 1640050402 ,1366 
1641077530.634303 ### RSSI: -48, 35, 1640050403 ,1382 
1641077530.634342 ### RSSI: -48, 22, 1640050404 ,1397 
1641077530.634382 ### RSSI: -50, 2, 1640050405 ,1413 
1641077530.634421 ### RSSI: -49, 31, 1640050406 ,1430 
1641077530.634461 ### RSSI: -48, 9, 1640050407 ,1446 
1641077530.634500 ### RSSI: -49, 15, 1640050408 ,1461 
1641077530.634540 ### RSSI: -49, 3, 1640050409 ,1477 
1641077530.634579 ### RSSI: -49, 4, 1640050410 ,1492 
1641077530.634619 ### RSSI: -49, 4, 1640050411 ,1508 
1641077530.634659 ### RSSI: -50, 34, 1640050412 ,1524 
1641077530.634698 ### RSSI: -50, 30, 1640050413 ,1539 
1641077530.634737 ### RSSI: -49, 7, 1640050414 ,1555 
1641077530.634779 ### RSSI: -49, 27, 1640050415 ,1571 
1641077530.634819 ### RSSI: -49, 0, 1640050416 ,1586 
1641077530.634858 ### RSSI: -49, 32, 1640050417 ,1602 
1641077530.634898 ### RSSI: -49, 33, 1640050418 ,1617 
1641077530.634938 ### RSSI: -49, 25, 1640050419 ,1633 
1641077530.634977 ### RSSI: -48, 16, 1640050420 ,1649 
1641077530.635017 ### RSSI: -49, 27, 1640050421 ,1664 
1641077530.635056 ### RSSI: -50, 26, 1640050423 ,1680 
1641077530.635095 ### RSSI: -48, 21, 1640050424 ,1695 
1641077530.635134 ### RSSI: -49, 33, 1640050425 ,1711 
1641077530.635173 ### RSSI: -49, 25, 1640050426 ,1727 
1641077530.635212 ### RSSI: -49, 27, 1640050427 ,1742 
1641077530.635252 ### RSSI: -49, 33, 1640050428 ,1758 
1641077530.635291 ### RSSI: -50, 30, 1640050429 ,1774 
1641077530.635330 ### RSSI: -48, 36, 1640050430 ,1789 
1641077530.635370 ### RSSI: -49, 4, 1640050431 ,1805 
1641077530.635409 ### RSSI: -49, 7, 1640050432 ,1820 
1641077530.635449 ### RSSI: -55, 7, 1640050433 ,1836 
1641077530.635488 ### RSSI: -49, 20, 1640050434 ,1852 
1641077530.635528 ### RSSI: -49, 20, 1640050435 ,1867 
1641077530.635568 ### RSSI: -50, 31, 1640050436 ,1883 
1641077530.635607 ### RSSI: -49, 9, 1640050437 ,1898 
1641077530.635647 ### RSSI: -49, 3, 1640050438 ,1914 
1641077530.635686 ### RSSI: -49, 10, 1640050439 ,1930 
1641077530.635726 ### RSSI: -50, 30, 1640050440 ,1945 
1641077530.635766 ### RSSI: -49, 5, 1640050441 ,1961 
1641077530.635805 ### RSSI: -49, 10, 1640050442 ,1977 
1641077530.635845 ### RSSI: -49, 6, 1640050443 ,1992 
1641077531.249021 ### RSSI: -49, 26, 1640050444 ,2008 
1641077532.250444 ### RSSI: -50, 35, 1640050445 ,2023 
1641077533.249592 ### RSSI: -48, 17, 1640050446 ,2039 
1641077534.240704 ### RSSI: -49, 19, 1640050448 ,2055 
1641077535.249026 ### RSSI: -49, 24, 1640050449 ,2070 
1641077536.246659 ### RSSI: -50, 32, 1640050450 ,2086 
1641077537.249521 ### RSSI: -52, 30, 1640050451 ,2102 
1641077538.247944 ### RSSI: -48, 9, 1640050452 ,2117 
1641077539.240381 ### RSSI: -50, 26, 1640050453 ,2133 
1641077540.239967 ### RSSI: -50, 7, 1640050454 ,2148 
1641077541.250084 ### RSSI: -49, 20, 1640050455 ,2164 
1641077542.240626 ### RSSI: -49, 10, 1640050456 ,2180 
1641077543.247375 ### RSSI: -49, 35, 1640050457 ,2195 
1641077544.250308 ### RSSI: -49, 23, 1640050458 ,2211 
1641077545.249919 ### RSSI: -49, 13, 1640050459 ,2226 
1641077546.250412 ### RSSI: -49, 8, 1640050460 ,2242 
1641077547.242435 ### RSSI: -49, 19, 1640050461 ,2258 
1641077548.245853 ### RSSI: -49, 25, 1640050462 ,2273 
1641077549.241233 ### RSSI: -48, 36, 1640050463 ,2289 
1641077550.245505 ### RSSI: -50, 14, 1640050464 ,2305 
1641077551.240916 ### RSSI: -50, 30, 1640050465 ,2320 
1641077552.247461 ### RSSI: -50, 3, 1640050466 ,2336 
1641077555.687929 ### RSSI: -48, 10, 1640050467 ,2351 
1641077555.688152 ### RSSI: -50, 24, 1640050468 ,2367 
1641077555.688440 ### RSSI: -51, 1, 1640050469 ,2383 
1641077556.247669 ### RSSI: -51, 35, 1640050470 ,2398 
1641077557.243826 ### RSSI: -48, 30, 1640050471 ,2414 
1641077558.245671 ### RSSI: -50, 21, 1640050473 ,2430 
1641077559.242383 ### RSSI: -53, 23, 1640050474 ,2445 
1641077560.244965 ### RSSI: -54, 11, 1640050475 ,2461 
1641077563.146929 
1641077563.147207 ----------------------------------------------
1641077563.147406 ### WARNING: Chip experienced a reset with reason 6
1641077563.147585 ### INFO: Bluetooth address: c0:98:e5:42:00:29
1641077563.147763 ### DEBUG: Time is 00:00:00, 2000/00/00
1641077563.147960 ### INFO: Time is 00:00:00, 2000/00/00
1641077563.148163 ### INFO: Initializing SD Card...
1641077563.148340 ### INFO: Connecting to the SquarePoint module...
1641077563.148517 ### INFO: SquarePoint module connection successful
1641077563.148708 ### INFO: Battery voltage currently 4014 mV
1641077563.148897 ### INFO: SD card flushed!
1641077563.149089 ### INFO: SD card flushed!
1641077563.149277 ### DEBUG: BLE START SCANNING called
1641077563.149465 ### DEBUG: Ticks: 12, 12, 0 
1641077563.149654 1640050472 c0:98:e5:42:00:2c 645 
1641077563.149960 943 948 958 959 965 974 990 992 994 997 998 999 1003 1006 1006 
1641077563.150140 1009 1014 1014 1016 1031 1035 1040 1046 1052 1066 1068 1084 1112 1130 1167 
1641077563.150340 ### INFO: Switched Scheduler EUI from 00:00:00:00:00:00 to c0:98:e5:42:00:2c
1641077563.150519 ### DEBUG: BLE STOP SCANNING called
1641077563.969836 ### DEBUG: BLE START SCANNING called
1641077564.121330 ### DEBUG: Ticks: 28, 16, 0 
1641077564.121474 1640050473 c0:98:e5:42:00:2c 608 
1641077564.121554 901 928 930 956 957 957 967 970 971 972 972 985 997 999 1003 
1641077564.121676 1005 1007 1009 1010 1017 1017 1027 1031 1041 1043 1053 1060 1062 1062 1138 
1641077565.062504 ### DEBUG: BLE START SCANNING called
1641077565.062708 ### DEBUG: BLE START SCANNING called
1641077565.074825 ### DEBUG: BLE START SCANNING called
1641077565.075065 ### DEBUG: BLE START SCANNING called
1641077565.109212 ### addr: c0:98:e5:42:00:2c 
1641077565.109385 ### on_adv_report outer RSSI: -68, time:1640050474 
1641077565.109470 ### INFO: Discovered new device: c0:98:e5:42:00:2c
1641077565.109559 ### DEBUG: connected? already connected
1641077565.109653 ### DEBUG: BLE START SCANNING called
1641077565.121269 ### DEBUG: Ticks: 44, 16, 1 
1641077565.121546 1640050474 c0:98:e5:42:00:2c 609 
1641077565.121820 905 919 933 934 935 943 974 979 979 981 987 989 991 992 995 
1641077565.122005 997 1015 1021 1024 1027 1029 1032 1037 1053 1056 1059 1061 1078 1079 0 
1641077565.122094 ### DEBUG: BLE START SCANNING called
1641077565.168250 ### BLE EVENT: 16, INFO: BLE CONNECTED!
1641077565.168444 ### DEBUG: BLE START SCANNING called
1641077565.168534 ### RSSI: -74, 2, 1640050474 ,44 
1641077565.168622 ### DEBUG: BLE START SCANNING called
1641077565.247841 ### INFO: Device is now STATIONARY
1641077565.247996 ### DEBUG: BLE START SCANNING called
1641077565.258975 ### RSSI: -57, 16, 1640050475 ,46 
1641077565.269249 ### DEBUG: BLE START SCANNING called
1641077565.362350 ### RSSI: -60, 12, 1640050475 ,48 
1641077565.362547 ### DEBUG: BLE START SCANNING called
1641077565.465286 ### RSSI: -63, 8, 1640050475 ,49 
1641077565.465559 ### DEBUG: BLE START SCANNING called
1641077565.565987 ### RSSI: -63, 9, 1640050475 ,51 
1641077565.566151 ### DEBUG: BLE START SCANNING called
1641077565.668470 ### RSSI: -65, 7, 1640050475 ,52 
1641077565.668624 ### DEBUG: BLE START SCANNING called
1641077565.760574 ### RSSI: -59, 19, 1640050475 ,54 
1641077565.760704 ### DEBUG: BLE START SCANNING called
1641077565.860638 ### RSSI: -57, 32, 1640050475 ,55 
1641077565.860796 ### DEBUG: BLE START SCANNING called
1641077565.963912 ### RSSI: -60, 28, 1640050475 ,57 
1641077565.964154 ### DEBUG: BLE START SCANNING called
1641077565.973878 ### DEBUG: BLE START SCANNING called
1641077566.064635 ### RSSI: -61, 13, 1640050475 ,58 
1641077566.064911 ### DEBUG: BLE START SCANNING called
1641077566.120775 ### DEBUG: Ticks: 59, 15, 1 
1641077566.121057 1640050475 c0:98:e5:42:00:2c 571 
1641077566.121241 862 889 897 916 957 959 961 969 975 981 983 985 988 994 998 
1641077566.121466 1002 1021 1034 1037 1050 1054 1058 1062 1073 1076 1078 1100 1104 1119 1136 
1641077566.121660 ### DEBUG: BLE START SCANNING called
1641077566.168537 ### RSSI: -58, 31, 1640050476 ,60 
1641077566.168699 ### DEBUG: BLE START SCANNING called
1641077566.260533 ### RSSI: -61, 15, 1640050476 ,62 
1641077566.260827 ### DEBUG: BLE START SCANNING called
1641077566.363796 ### RSSI: -59, 17, 1640050476 ,63 
1641077566.364120 ### DEBUG: BLE START SCANNING called
1641077566.467273 ### RSSI: -58, 31, 1640050476 ,65 
1641077566.467441 ### DEBUG: BLE START SCANNING called
1641077566.562632 ### RSSI: -60, 19, 1640050476 ,66 
1641077566.562909 ### DEBUG: BLE START SCANNING called
1641077566.667057 ### RSSI: -72, 4, 1640050476 ,68 
1641077566.667345 ### DEBUG: BLE START SCANNING called
1641077566.771295 ### RSSI: -72, 5, 1640050476 ,69 
1641077566.771655 ### DEBUG: BLE START SCANNING called
1641077566.975977 ### DEBUG: BLE START SCANNING called
1641077567.111227 ### DEBUG: Ticks: 75, 16, 1 
1641077567.124210 1640050476 c0:98:e5:42:00:2c 717 
1641077567.124378 943 964 973 973 990 1003 1012 1022 1026 1031 1031 1033 1037 1045 1049 
1641077567.124476 1051 1059 1061 1065 1073 1077 1086 1092 1097 1098 1106 1108 1113 1115 1169 
1641077567.124566 ### DEBUG: BLE START SCANNING called
1641077567.765003 ### RSSI: -60, 23, 1640050476 ,85 
1641077567.765172 ### DEBUG: BLE START SCANNING called
1641077567.965495 ### DEBUG: BLE START SCANNING called
1641077568.114070 ### DEBUG: Ticks: 90, 15, 1 
1641077568.114236 1640050477 c0:98:e5:42:00:2c 575 
1641077568.114328 855 856 871 873 874 874 880 885 892 912 913 913 922 928 939 
1641077568.114459 954 973 974 978 981 982 992 1001 1006 1007 1008 1011 1023 1039 1040 
1641077568.124596 ### DEBUG: BLE START SCANNING called
1641077568.767061 ### RSSI: -65, 21, 1640050477 ,101 
1641077568.767192 ### DEBUG: BLE START SCANNING called
1641077569.113324 ### DEBUG: Ticks: 106, 16, 1 
1641077569.113484 1640050478 c0:98:e5:42:00:2c 617 
1641077569.113569 898 920 933 953 991 996 998 999 1001 1004 1012 1013 1023 1032 1035 
1641077569.113655 1036 1039 1047 1056 1088 1095 1139 1144 1166 1180 1218 1223 1239 1248 1299 
1641077569.764114 ### RSSI: -66, 19, 1640050478 ,116 
1641077570.120329 ### DEBUG: Ticks: 122, 16, 1 
1641077570.120478 1640050479 c0:98:e5:42:00:2c 658 
1641077570.120558 1014 1015 1022 1033 1034 1049 1050 1061 1064 1066 1089 1090 1090 1095 1105 
1641077570.120638 1110 1129 1138 1144 1152 1163 1177 1183 1198 1212 1220 1253 1260 1286 1417 
1641077570.760952 ### RSSI: -53, 8, 1640050479 ,132 
1641077571.114820 ### DEBUG: Ticks: 137, 15, 1 
1641077571.114956 1640050480 c0:98:e5:42:00:2c 1139 
1641077571.115032 1399 1424 1432 1436 1443 1449 1450 1452 1454 1465 1468 1478 1481 1482 1489 
1641077571.115098 1495 1496 1498 1499 1504 1539 1544 1544 1554 1619 1620 1651 1656 1728 1838 
1641077571.762576 ### RSSI: -56, 11, 1640050480 ,147 
1641077572.120447 ### DEBUG: Ticks: 153, 16, 1 
1641077572.120608 1640050481 c0:98:e5:42:00:2c 1772 
1641077572.120708 2025 2047 2058 2068 2074 2076 2090 2097 2099 2108 2115 2117 2123 2124 2125 
1641077572.120797 2131 2133 2144 2149 2155 2160 2161 2184 2190 2196 2203 2212 2249 2258 2266 
1641077572.763075 ### RSSI: -56, 23, 1640050481 ,163 
1641077573.121727 ### DEBUG: Ticks: 169, 16, 1 
1641077573.122075 1640050482 c0:98:e5:42:00:2c 1896 
1641077573.122233 2247 2256 2269 2288 2305 2307 2313 2321 2327 2328 2341 2341 2346 2350 2351 
1641077573.122397 2356 2362 2362 2365 2366 2369 2373 2389 2396 2406 2412 2427 2429 2451 2457 
1641077573.536040 ### BLE EVENT: 16, INFO: BLE CONNECTED!
1641077573.536167 ### RSSI: -55, 10, 1640050482 ,175 
1641077573.642095 ### RSSI: -57, 1, 1640050482 ,177 
1641077573.741044 ### RSSI: -56, 16, 1640050482 ,178 
1641077573.763711 ### RSSI: -58, 28, 1640050482 ,179 
1641077573.843166 ### RSSI: -58, 29, 1640050483 ,180 
1641077573.943664 ### RSSI: -56, 9, 1640050483 ,181 
1641077573.963889 ### RSSI: -57, 14, 1640050483 ,182 
1641077574.040653 ### RSSI: -56, 13, 1640050483 ,183 
1641077574.062813 ### RSSI: -56, 18, 1640050483 ,183 
1641077574.118496 ### DEBUG: Ticks: 184, 15, 1 
1641077574.118620 1640050483 c0:98:e5:42:00:2c 1933 
1641077574.118675 2214 2239 2252 2255 2260 2264 2282 2284 2285 2285 2294 2298 2303 2305 2308 
1641077574.118724 2309 2309 2310 2311 2313 2326 2328 2336 2344 2353 2353 2358 2412 2455 2471 
1641077574.141818 ### RSSI: -56, 15, 1640050483 ,185 
1641077574.162913 ### RSSI: -56, 10, 1640050483 ,185 
1641077574.234878 ### RSSI: -59, 33, 1640050483 ,186 
1641077574.267694 ### RSSI: -57, 36, 1640050483 ,187 
1641077574.338549 ### RSSI: -56, 2, 1640050483 ,188 
1641077574.360235 ### RSSI: -57, 25, 1640050483 ,188 
1641077574.445872 ### RSSI: -57, 28, 1640050483 ,189 
1641077574.468614 ### RSSI: -58, 31, 1640050483 ,190 
1641077574.538364 ### RSSI: -56, 6, 1640050483 ,191 
1641077574.563145 ### RSSI: -57, 22, 1640050483 ,191 
1641077574.635339 ### RSSI: -56, 22, 1640050483 ,192 
1641077574.659095 ### RSSI: -57, 20, 1640050483 ,193 
1641077574.743250 ### RSSI: -58, 30, 1640050483 ,194 
1641077574.769394 ### RSSI: -59, 33, 1640050483 ,194 
1641077574.840349 ### RSSI: -55, 12, 1640050484 ,196 
1641077574.863428 ### RSSI: -56, 21, 1640050484 ,196 
1641077574.943160 ### RSSI: -58, 32, 1640050484 ,197 
1641077574.966068 ### RSSI: -58, 28, 1640050484 ,197 
1641077575.037851 ### RSSI: -57, 35, 1640050484 ,199 
1641077575.061438 ### RSSI: -57, 15, 1640050484 ,199 
1641077575.118211 ### DEBUG: Ticks: 200, 16, 1 
1641077575.118372 1640050484 c0:98:e5:42:00:2c 1999 
1641077575.118456 2228 2246 2249 2250 2265 2269 2278 2290 2292 2297 2297 2298 2299 2308 2311 
1641077575.118519 2314 2317 2318 2322 2325 2336 2340 2348 2361 2364 2369 2388 2400 2405 2461 
1641077575.140107 ### RSSI: -55, 10, 1640050484 ,200 
1641077576.059976 ### RSSI: -54, 12, 1640050485 ,215 
1641077576.117349 ### DEBUG: Ticks: 215, 15, 1 
1641077576.117643 1640050485 c0:98:e5:42:00:2c 1794 
1641077576.118212 2066 2067 2081 2086 2093 2095 2096 2101 2106 2110 2112 2128 2139 2144 2150 
1641077576.118455 2151 2152 2163 2168 2168 2171 2183 2190 2207 2214 2228 2237 2249 2259 2368 
1641077576.245298 ### RSSI: -58, 34, 1640050485 ,217 
1641077577.069470 ### RSSI: -57, 5, 1640050486 ,230 
1641077577.115814 ### DEBUG: Ticks: 231, 16, 1 
1641077577.115977 1640050486 c0:98:e5:42:00:2c 1572 
1641077577.116063 1835 1847 1867 1895 1897 1902 1912 1928 1936 1941 1950 1952 1954 1966 1969 
1641077577.116206 1970 1977 1979 1998 2006 2017 2027 2028 2030 2036 2054 2056 2076 2097 2117 
1641077577.242211 ### RSSI: -60, 8, 1640050486 ,233 
1641077578.061444 ### RSSI: -55, 3, 1640050487 ,246 
1641077578.121306 ### DEBUG: Ticks: 247, 16, 1 
1641077578.121436 1640050487 c0:98:e5:42:00:2c 1055 
1641077578.121522 1361 1379 1390 1401 1402 1404 1405 1409 1409 1413 1419 1424 1434 1445 1450 
1641077578.121608 1454 1468 1483 1489 1491 1492 1528 1537 1562 1581 1602 1626 1649 1686 1728 
1641077578.236774 ### RSSI: -55, 18, 1640050487 ,249 
1641077579.066742 ### RSSI: -75, 12, 1640050488 ,261 
1641077579.109788 ### DEBUG: Ticks: 262, 15, 1 
1641077579.122799 1640050488 c0:98:e5:42:00:2c 812 
1641077579.122970 1005 1033 1052 1057 1059 1075 1077 1077 1080 1119 1127 1128 1152 1153 1159 
1641077579.123040 1163 1176 1182 1194 1194 1197 1207 1220 1227 1235 1241 1271 1288 1309 1435 
1641077579.242314 ### RSSI: -60, 24, 1640050488 ,264 
1641077580.062996 ### RSSI: -78, 10, 1640050489 ,277 
1641077580.120315 ### DEBUG: Ticks: 278, 16, 1 
1641077580.120483 1640050489 c0:98:e5:42:00:2c 685 
1641077580.120576 973 1018 1039 1048 1049 1053 1056 1058 1060 1061 1064 1079 1094 1096 1100 
1641077580.120685 1111 1118 1119 1122 1129 1131 1133 1144 1155 1156 1165 1196 1202 1203 1207 
1641077580.234337 ### RSSI: -86, 15, 1640050489 ,280 
1641077581.065719 ### RSSI: -69, 17, 1640050490 ,293 
1641077581.121137 ### DEBUG: Ticks: 294, 16, 1 
1641077581.121300 1640050490 c0:98:e5:42:00:2c 738 
1641077581.121385 1063 1085 1086 1090 1096 1104 1120 1123 1129 1131 1145 1150 1162 1163 1175 
1641077581.121504 1175 1193 1194 1195 1198 1198 1199 1204 1214 1236 1236 1236 1265 1279 0 
1641077581.235113 ### RSSI: -64, 18, 1640050490 ,295 
1641077582.064603 ### RSSI: -60, 27, 1640050491 ,308 
1641077582.121058 ### DEBUG: Ticks: 309, 15, 1 
1641077582.121276 1640050491 c0:98:e5:42:00:2c 735 
1641077582.121344 896 921 935 938 988 1014 1015 1021 1025 1035 1043 1046 1053 1063 1067 
1641077582.121404 1069 1071 1086 1087 1094 1097 1108 1114 1120 1128 1142 1145 1171 1186 1258 
1641077582.235095 ### RSSI: -62, 19, 1640050491 ,311 
1641077583.059119 ### RSSI: -80, 8, 1640050492 ,324 
1641077583.115930 ### DEBUG: Ticks: 325, 16, 1 
1641077583.116078 1640050492 c0:98:e5:42:00:2c 796 
1641077583.116165 989 995 1003 1012 1027 1033 1041 1043 1048 1049 1069 1084 1088 1091 1111 
1641077583.116248 1117 1117 1126 1129 1131 1132 1136 1145 1152 1165 1202 1209 1210 1223 1277 
1641077583.238509 ### RSSI: -68, 2, 1640050492 ,327 
1641077584.061465 ### RSSI: -57, 2, 1640050493 ,340 
1641077584.118572 ### DEBUG: Ticks: 340, 15, 1 
1641077584.118698 1640050493 c0:98:e5:42:00:2c 1029 
1641077584.118756 1350 1356 1358 1359 1368 1373 1373 1379 1383 1385 1402 1405 1415 1418 1419 
1641077584.118827 1420 1423 1440 1446 1447 1454 1462 1470 1477 1531 1534 1542 1663 1767 1790 
1641077584.243498 ### RSSI: -55, 20, 1640050493 ,342 
1641077585.056796 ### RSSI: -58, 15, 1640050494 ,355 
1641077585.114571 ### DEBUG: Ticks: 356, 16, 1 
1641077585.114705 1640050494 c0:98:e5:42:00:2c 1583 
1641077585.114782 1899 1917 1922 1924 1946 1948 1948 1958 1966 1972 1972 1974 1976 1979 1989 
1641077585.114859 1990 1992 1998 2008 2010 2016 2032 2039 2045 2047 2047 2067 2090 2106 2170 
1641077585.240490 ### RSSI: -55, 26, 1640050494 ,358 
1641077586.067507 ### RSSI: -55, 13, 1640050495 ,371 
1641077586.114789 ### DEBUG: Ticks: 372, 16, 1 
1641077586.115080 1640050495 c0:98:e5:42:00:2c 2013 
1641077586.115262 2269 2297 2300 2318 2318 2323 2331 2336 2348 2350 2354 2356 2358 2362 2366 
1641077586.115454 2372 2382 2384 2388 2389 2392 2397 2399 2404 2416 2425 2443 2474 2499 2512 
1641077586.241939 ### RSSI: -58, 34, 1640050495 ,374 
1641077587.068767 ### RSSI: -57, 8, 1640050496 ,386 
1641077587.116289 ### DEBUG: Ticks: 387, 15, 1 
1641077587.116443 1640050496 c0:98:e5:42:00:2c 2000 
1641077587.116535 2234 2240 2274 2282 2285 2306 2311 2313 2317 2318 2321 2324 2326 2331 2339 
1641077587.116626 2344 2351 2359 2362 2367 2389 2393 2397 2398 2401 2403 2413 2439 2455 2493 
1641077587.238068 ### RSSI: -57, 25, 1640050496 ,389 
1641077588.063889 ### RSSI: -56, 5, 1640050497 ,402 
1641077588.122443 ### DEBUG: Ticks: 403, 16, 1 
1641077588.122579 1640050497 c0:98:e5:42:00:2c 1988 
1641077588.122644 2293 2299 2322 2325 2332 2335 2341 2342 2342 2347 2351 2355 2355 2357 2357 
1641077588.122712 2362 2373 2373 2377 2382 2394 2397 2399 2408 2409 2424 2425 2457 2482 2503 
1641077588.241998 ### RSSI: -56, 4, 1640050498 ,405 
1641077589.062269 ### RSSI: -55, 8, 1640050498 ,418 
1641077589.118029 ### DEBUG: Ticks: 419, 16, 1 
1641077589.118286 1640050498 c0:98:e5:42:00:2c 1940 
1641077589.118443 2160 2200 2210 2219 2227 2233 2234 2240 2250 2256 2257 2259 2259 2261 2261 
1641077589.118606 2264 2272 2280 2281 2283 2287 2290 2296 2299 2316 2332 2346 2353 2369 2381 
1641077589.236314 ### RSSI: -56, 8, 1640050499 ,420 
1641077590.069855 ### RSSI: -56, 21, 1640050499 ,433 
1641077590.116440 ### DEBUG: Ticks: 434, 15, 1 
1641077590.116566 1640050499 c0:98:e5:42:00:2c 1713 
1641077590.116637 1927 1934 1939 1943 1963 1966 1976 1980 1983 2000 2004 2008 2024 2025 2038 
1641077590.116705 2038 2047 2047 2053 2054 2054 2059 2061 2064 2068 2072 2072 2173 2174 2206 
1641077590.243115 ### RSSI: -55, 21, 1640050500 ,436 
1641077591.064434 ### RSSI: -59, 31, 1640050500 ,449 
1641077591.119489 ### DEBUG: Ticks: 450, 16, 1 
1641077591.119747 1640050500 c0:98:e5:42:00:2c 1343 
1641077591.119819 1562 1565 1571 1576 1578 1584 1585 1611 1614 1628 1628 1633 1645 1654 1657 
1641077591.119882 1658 1661 1672 1680 1688 1714 1715 1716 1723 1723 1724 1730 1776 1827 1875 
1641077591.243297 ### RSSI: -55, 24, 1640050500 ,452 
1641077591.494202 ### INFO: SD card flushed!
1641077592.059343 ### RSSI: -66, 18, 1640050501 ,465 
1641077592.115294 ### DEBUG: Ticks: 465, 15, 1 
1641077592.115468 1640050501 c0:98:e5:42:00:2c 839 
1641077592.115568 996 1046 1047 1050 1055 1063 1071 1071 1083 1084 1087 1092 1096 1103 1110 
1641077592.115672 1117 1145 1149 1151 1153 1157 1163 1173 1182 1200 1203 1229 1248 1344 1387 
1641077592.238166 ### RSSI: -62, 25, 1640050501 ,467 
1641077593.068941 ### RSSI: -65, 21, 1640050502 ,480 
1641077593.115178 ### DEBUG: Ticks: 481, 16, 1 
1641077593.115464 1640050502 c0:98:e5:42:00:2c 631 
1641077593.115647 858 902 905 925 954 955 956 959 960 964 965 977 981 985 986 
1641077593.115838 991 1019 1024 1026 1041 1046 1049 1062 1065 1074 1112 1133 1134 1166 1170 
1641077593.239610 ### RSSI: -69, 10, 1640050502 ,483 
1641077594.061043 ### RSSI: -60, 8, 1640050503 ,496 
1641077594.117035 ### DEBUG: Ticks: 497, 16, 1 
1641077594.117198 1640050503 c0:98:e5:42:00:2c 569 
1641077594.117284 834 835 854 868 872 875 879 887 896 901 907 913 913 918 923 
1641077594.117366 928 947 950 952 955 960 961 962 963 966 967 975 995 1015 1044 
1641077594.238276 ### RSSI: -56, 35, 1640050503 ,498 
1641077595.059863 ### RSSI: -64, 7, 1640050504 ,511 
1641077595.115994 ### DEBUG: Ticks: 512, 15, 1 
1641077595.116129 1640050504 c0:98:e5:42:00:2c 592 
1641077595.116197 801 874 882 889 912 919 922 927 941 967 973 979 982 983 983 
1641077595.116289 994 998 1009 1009 1010 1010 1018 1029 1032 1039 1046 1051 1060 1109 1127 
1641077595.240724 ### RSSI: -58, 35, 1640050504 ,514 
1641077596.058674 ### RSSI: -62, 6, 1640050505 ,527 
1641077596.115254 ### DEBUG: Ticks: 528, 16, 1 
1641077596.115509 1640050505 c0:98:e5:42:00:2c 616 
1641077596.115666 840 898 915 918 933 959 963 967 970 981 984 994 998 1006 1023 
1641077596.115829 1024 1040 1040 1041 1042 1046 1056 1072 1083 1083 1107 1115 1157 1189 1209 
1641077596.240291 ### RSSI: -62, 22, 1640050505 ,530 
1641077597.065157 ### RSSI: -60, 36, 1640050506 ,543 
1641077597.122106 ### DEBUG: Ticks: 543, 15, 1 
1641077597.122238 1640050506 c0:98:e5:42:00:2c 743 
1641077597.122304 1081 1086 1088 1088 1112 1121 1130 1139 1140 1143 1148 1148 1154 1154 1169 
1641077597.122372 1171 1178 1179 1191 1191 1216 1221 1227 1270 1281 1290 1318 1327 1368 1496 
1641077597.234197 ### RSSI: -67, 30, 1640050506 ,545 
1641077598.068358 ### RSSI: -56, 22, 1640050507 ,558 
1641077598.117422 ### DEBUG: Ticks: 559, 16, 1 
1641077598.117708 1640050507 c0:98:e5:42:00:2c 1310 
1641077598.118004 1528 1533 1540 1542 1559 1563 1568 1570 1580 1580 1582 1584 1596 1606 1608 
1641077598.118090 1612 1615 1615 1615 1617 1624 1640 1641 1685 1711 1714 1742 1749 1838 1842 
1641077598.236327 ### RSSI: -60, 28, 1640050507 ,561 
1641077599.061678 ### RSSI: -55, 4, 1640050508 ,574 
1641077599.119172 ### DEBUG: Ticks: 575, 16, 1 
1641077599.119335 1640050508 c0:98:e5:42:00:2c 1831 
1641077599.119452 2097 2112 2116 2123 2135 2137 2150 2159 2164 2165 2167 2168 2168 2171 2182 
1641077599.119554 2188 2190 2194 2195 2196 2200 2206 2216 2242 2247 2251 2259 2266 2328 2345 
1641077599.233446 ### RSSI: -56, 25, 1640050508 ,577 
1641077600.062899 ### RSSI: -60, 33, 1640050509 ,589 
1641077600.119062 ### DEBUG: Ticks: 590, 15, 1 
1641077600.119234 1640050509 c0:98:e5:42:00:2c 1983 
1641077600.119326 2239 2291 2292 2298 2320 2322 2326 2328 2342 2346 2350 2358 2367 2371 2372 
1641077600.119420 2392 2398 2399 2403 2404 2407 2411 2426 2429 2435 2451 2453 2508 2539 2546 
1641077600.235415 ### RSSI: -58, 30, 1640050509 ,592 
1641077601.062052 ### RSSI: -57, 7, 1640050510 ,605 
1641077601.122462 ### DEBUG: Ticks: 606, 16, 1 
1641077601.122712 1640050510 c0:98:e5:42:00:2c 1958 
1641077601.122869 2170 2197 2203 2221 2232 2236 2239 2244 2244 2260 2261 2272 2276 2277 2284 
1641077601.123032 2294 2294 2306 2310 2313 2316 2322 2328 2337 2340 2341 2354 2375 2424 2449 
1641077601.242287 ### RSSI: -56, 16, 1640050510 ,608 
1641077602.066984 ### RSSI: -57, 6, 1640050511 ,621 
1641077602.116146 ### DEBUG: Ticks: 622, 16, 1 
1641077602.116325 1640050511 c0:98:e5:42:00:2c 1918 
1641077602.116425 2264 2282 2284 2289 2296 2300 2302 2304 2307 2314 2320 2322 2322 2325 2325 
1641077602.116530 2327 2329 2337 2342 2358 2362 2363 2370 2379 2386 2389 2404 2419 2421 2484 
1641077602.234391 ### RSSI: -57, 31, 1640050511 ,623 
1641077603.068944 ### RSSI: -54, 8, 1640050512 ,636 
1641077603.117259 ### DEBUG: Ticks: 637, 15, 1 
1641077603.117407 1640050512 c0:98:e5:42:00:2c 1835 
1641077603.117486 2161 2171 2176 2189 2190 2193 2194 2196 2197 2198 2198 2207 2213 2215 2238 
1641077603.117569 2257 2259 2259 2260 2265 2275 2276 2284 2292 2316 2320 2332 2347 2387 2519 
1641077603.233032 ### RSSI: -56, 2, 1640050512 ,639 
1641077604.067386 ### RSSI: -55, 27, 1640050513 ,652 
1641077604.119416 ### DEBUG: Ticks: 653, 16, 1 
1641077604.119589 1640050513 c0:98:e5:42:00:2c 1595 
1641077604.119698 1858 1890 1903 1907 1930 1960 1961 1964 1969 1973 1976 1979 1984 1986 1988 
1641077604.119942 1997 1998 1999 2014 2022 2025 2032 2055 2059 2082 2086 2124 2137 2164 0 
1641077604.233673 ### RSSI: -58, 28, 1640050513 ,655 
1641077605.065369 ### RSSI: -54, 21, 1640050514 ,668 
1641077605.114794 ### DEBUG: Ticks: 668, 15, 1 
1641077605.114964 1640050514 c0:98:e5:42:00:2c 1268 
1641077605.115056 1599 1607 1616 1629 1646 1647 1657 1658 1661 1670 1670 1675 1678 1678 1678 
1641077605.115150 1682 1683 1686 1703 1703 1706 1716 1735 1759 1777 1781 1859 1860 1925 0 
1641077605.232980 ### RSSI: -53, 35, 1640050514 ,670 
1641077606.065501 ### RSSI: -64, 9, 1640050515 ,683 
1641077606.113126 ### DEBUG: Ticks: 684, 16, 1 
1641077606.113262 1640050515 c0:98:e5:42:00:2c 792 
1641077606.126102 1061 1077 1101 1106 1124 1133 1141 1146 1152 1152 1168 1170 1179 1184 1212 
1641077606.126467 1214 1218 1219 1236 1246 1259 1262 1274 1275 1283 1300 1306 1308 1345 1456 
1641077606.243335 ### RSSI: -64, 13, 1640050515 ,686 
1641077607.058488 ### RSSI: -70, 14, 1640050516 ,699 
1641077607.117127 ### DEBUG: Ticks: 700, 16, 1 
1641077607.117382 1640050516 c0:98:e5:42:00:2c 784 
1641077607.117468 1028 1038 1048 1071 1073 1078 1108 1109 1111 1119 1119 1133 1138 1149 1156 
1641077607.117553 1167 1167 1175 1177 1178 1179 1179 1181 1201 1215 1232 1250 1257 1277 1312 
1641077607.232879 ### RSSI: -75, 10, 1640050516 ,702 
1641077608.057940 ### RSSI: -64, 19, 1640050517 ,714 
1641077608.114998 ### DEBUG: Ticks: 715, 15, 1 
1641077608.115164 1640050517 c0:98:e5:42:00:2c 715 
1641077608.115249 1041 1052 1056 1060 1072 1073 1098 1099 1118 1118 1130 1130 1150 1150 1151 
1641077608.115364 1154 1155 1162 1165 1176 1185 1208 1230 1231 1239 1244 1250 1254 1257 1284 
1641077608.239980 ### RSSI: -65, 15, 1640050517 ,717 
1641077609.062740 ### RSSI: -64, 20, 1640050518 ,730 
1641077609.122116 ### DEBUG: Ticks: 731, 16, 1 
1641077609.122282 1640050518 c0:98:e5:42:00:2c 812 
1641077609.122368 855 911 979 985 1001 1013 1018 1025 1027 1029 1031 1034 1038 1047 1049 
1641077609.122443 1054 1059 1066 1068 1087 1089 1092 1110 1116 1157 1170 1179 1200 1229 1298 
1641077609.239860 ### RSSI: -63, 14, 1640050518 ,733 
1641077610.064429 ### RSSI: -70, 11, 1640050519 ,746 
1641077610.112045 ### DEBUG: Ticks: 747, 16, 1 
1641077610.123665 1640050519 c0:98:e5:42:00:2c 756 
1641077610.123845 973 989 995 1021 1034 1040 1049 1058 1065 1072 1073 1080 1085 1089 1094 
1641077610.123941 1104 1113 1120 1122 1124 1141 1144 1149 1179 1179 1190 1203 1217 1232 1249 
1641077610.239922 ### RSSI: -60, 26, 1640050519 ,748 
1641077611.060359 ### RSSI: -58, 34, 1640050520 ,761 
1641077611.117948 ### DEBUG: Ticks: 762, 15, 1 
1641077611.118152 1640050520 c0:98:e5:42:00:2c 1067 
1641077611.118238 1417 1438 1443 1452 1460 1470 1470 1477 1489 1495 1496 1503 1511 1514 1517 
1641077611.118325 1518 1522 1525 1534 1540 1547 1550 1550 1591 1591 1625 1645 1652 1783 1851 
1641077611.234172 ### RSSI: -55, 15, 1640050520 ,764 
1641077612.066793 ### RSSI: -56, 13, 1640050521 ,777 
1641077612.115344 ### DEBUG: Ticks: 778, 16, 1 
1641077612.115521 1640050521 c0:98:e5:42:00:2c 1637 
1641077612.115613 1879 1908 1922 1936 1936 1952 1956 1956 1958 1959 1963 1964 1965 1967 1969 
1641077612.115708 1972 1993 1996 2012 2013 2019 2042 2046 2049 2051 2077 2079 2089 2123 2150 
1641077612.231917 ### RSSI: -58, 35, 1640050522 ,780 
1641077613.058011 ### RSSI: -56, 16, 1640050522 ,793 
1641077613.117313 ### DEBUG: Ticks: 793, 15, 1 
1641077613.117605 1640050522 c0:98:e5:42:00:2c 1994 
1641077613.117923 2246 2262 2270 2296 2300 2303 2309 2315 2324 2325 2325 2340 2347 2356 2357 
1641077613.118117 2360 2362 2370 2375 2377 2384 2392 2392 2400 2405 2418 2427 2431 2459 2517 
1641077613.233568 ### RSSI: -56, 15, 1640050523 ,795 
1641077614.060153 ### RSSI: -57, 27, 1640050523 ,808 
1641077614.120110 ### DEBUG: Ticks: 809, 16, 1 
1641077614.120276 1640050523 c0:98:e5:42:00:2c 2019 
1641077614.120376 2305 2307 2335 2351 2356 2359 2363 2368 2372 2377 2382 2384 2384 2384 2393 
1641077614.120542 2393 2405 2408 2410 2412 2433 2436 2438 2438 2441 2463 2518 2520 2529 2550 
1641077614.232394 ### RSSI: -57, 20, 1640050524 ,811 
1641077615.064601 ### RSSI: -57, 7, 1640050524 ,824 
1641077615.125600 ### DEBUG: Ticks: 825, 16, 1 
1641077615.125803 1640050524 c0:98:e5:42:00:2c 2079 
1641077615.125873 2308 2319 2323 2332 2338 2347 2356 2362 2372 2373 2374 2380 2386 2392 2393 
1641077615.125944 2397 2397 2400 2401 2419 2423 2426 2443 2459 2477 2505 2515 2534 0 0 
1641077615.232139 ### RSSI: -58, 36, 1640050524 ,826 
1641077616.067045 ### RSSI: -56, 24, 1640050524 ,839 
1641077616.115055 ### DEBUG: Ticks: 840, 15, 1 
1641077616.115206 1640050525 c0:98:e5:42:00:2c 1965 
1641077616.115280 2212 2250 2251 2255 2277 2299 2303 2304 2306 2311 2322 2326 2331 2331 2334 
1641077616.115356 2338 2344 2345 2358 2360 2361 2363 2373 2373 2379 2392 2415 2424 2470 2500 
1641077616.232632 ### RSSI: -57, 22, 1640050525 ,842 
1641077617.063386 ### RSSI: -56, 8, 1640050526 ,855 
1641077617.122962 ### DEBUG: Ticks: 856, 16, 1 
1641077617.123182 1640050526 c0:98:e5:42:00:2c 1837 
1641077617.123316 2093 2120 2134 2151 2153 2161 2164 2165 2178 2186 2189 2192 2209 2209 2216 
1641077617.123436 2222 2223 2223 2227 2239 2243 2243 2260 2263 2281 2288 2334 2336 2355 2393 
1641077617.237283 ### RSSI: -57, 18, 1640050526 ,858 
1641077618.063101 ### RSSI: -59, 8, 1640050527 ,871 
1641077618.122574 ### DEBUG: Ticks: 871, 15, 1 
1641077618.122728 1640050527 c0:98:e5:42:00:2c 1417 
1641077618.122802 1650 1664 1680 1682 1692 1715 1717 1718 1725 1727 1730 1733 1741 1750 1762 
1641077618.122879 1771 1771 1774 1776 1788 1793 1798 1800 1818 1832 1849 1854 1872 1891 1940 
1641077618.240171 ### RSSI: -60, 24, 1640050527 ,873 
1641077619.064344 ### RSSI: -61, 12, 1640050528 ,886 
1641077619.114008 ### DEBUG: Ticks: 887, 16, 1 
1641077619.114292 1640050528 c0:98:e5:42:00:2c 941 
1641077619.127263 1208 1230 1242 1256 1262 1293 1298 1300 1305 1305 1306 1308 1309 1313 1319 
1641077619.127422 1329 1349 1352 1366 1370 1381 1405 1409 1427 1433 1463 1467 1474 1496 1581 
1641077619.235176 ### RSSI: -63, 24, 1640050528 ,889 
1641077620.058147 ### RSSI: -63, 9, 1640050529 ,902 
1641077620.118856 ### DEBUG: Ticks: 903, 16, 1 
1641077620.118975 1640050529 c0:98:e5:42:00:2c 679 
1641077620.119027 861 873 887 888 912 913 919 921 929 932 946 952 971 980 980 
1641077620.119089 994 995 1000 1000 1011 1017 1018 1025 1026 1038 1043 1044 1045 1124 1150 
1641077620.235488 ### RSSI: -73, 30, 1640050529 ,905 
1641077621.066281 ### RSSI: -57, 23, 1640050530 ,917 
1641077621.114436 ### DEBUG: Ticks: 918, 15, 1 
1641077621.114605 1640050530 c0:98:e5:42:00:2c 556 
1641077621.114711 801 815 822 836 840 856 865 876 876 894 894 896 905 911 911 
1641077621.127772 915 917 918 924 925 935 944 947 964 973 976 977 978 1019 1074 
1641077621.232004 ### RSSI: -60, 8, 1640050530 ,920 
1641077622.062858 ### RSSI: -62, 16, 1640050531 ,933 
1641077622.123786 ### DEBUG: Ticks: 934, 16, 1 
1641077622.123951 1640050531 c0:98:e5:42:00:2c 562 
1641077622.124044 786 800 832 847 852 870 883 898 899 904 905 906 916 921 933 
1641077622.124260 940 943 946 947 950 952 958 965 966 979 996 999 1008 1025 1054 
1641077622.240311 ### RSSI: -56, 32, 1640050531 ,936 
1641077623.969007 
1641077623.969296 ----------------------------------------------
1641077623.969481 ### WARNING: Chip experienced a reset with reason 2
1641077624.219604 ### INFO: Bluetooth address: c0:98:e5:42:00:29
1641077624.219891 ### DEBUG: Time is 00:00:00, 2000/00/00
1641077624.220562 ### INFO: Time is 00:00:00, 2000/00/00
1641077624.321821 ### INFO: Initializing SD Card...
1641077624.597157 ### INFO: Connecting to the SquarePoint module...
1641077624.597454 ### INFO: SquarePoint module connection successful
1641077624.598394 ### INFO: Battery voltage currently 4031 mV
1641077624.699729 ### INFO: SD card flushed!
1641077624.724524 ### INFO: SD card flushed!
1641077624.724713 ### DEBUG: BLE START SCANNING called
1641077625.116254 ### DEBUG: Ticks: 17, 17, 0 
1641077625.116456 1640050534 c0:98:e5:42:00:2c 1118 
1641077625.116535 1334 1370 1371 1382 1383 1395 1409 1412 1413 1424 1424 1429 1430 1432 1443 
1641077625.116616 1447 1449 1452 1458 1458 1479 1480 1487 1493 1505 1505 1530 1573 1607 1654 
1641077625.127830 ### INFO: Switched Scheduler EUI from 00:00:00:00:00:00 to c0:98:e5:42:00:2c
1641077625.128117 ### DEBUG: BLE STOP SCANNING called
1641077625.600904 ### DEBUG: BLE START SCANNING called
1641077626.119610 ### DEBUG: Ticks: 33, 16, 0 
1641077626.119903 1640050535 c0:98:e5:42:00:2c 1683 
1641077626.120088 1932 1952 1972 1973 1980 1989 1994 2005 2012 2012 2023 2027 2030 2035 2037 
1641077626.120279 2044 2045 2052 2058 2070 2071 2085 2098 2100 2101 2134 2145 2177 2177 2193 
1641077626.689418 ### DEBUG: BLE START SCANNING called
1641077626.700002 ### DEBUG: BLE START SCANNING called
1641077626.712068 ### DEBUG: BLE START SCANNING called
1641077626.712232 ### DEBUG: BLE START SCANNING called
1641077626.735226 ### DEBUG: BLE START SCANNING called
1641077626.735452 ### DEBUG: BLE START SCANNING called
1641077626.747509 ### DEBUG: BLE START SCANNING called
1641077626.874396 ### INFO: Device is now STATIONARY
1641077627.114955 ### DEBUG: Ticks: 49, 16, 0 
1641077627.115254 1640050536 c0:98:e5:42:00:2c 1966 
1641077627.115437 2202 2228 2240 2249 2251 2251 2263 2267 2276 2278 2283 2283 2284 2285 2294 
1641077627.126868 2299 2320 2320 2323 2331 2334 2340 2342 2343 2363 2364 2375 2388 2421 2473 
1641077627.782840 ### DEBUG: BLE START SCANNING called
1641077627.783125 ### DEBUG: BLE START SCANNING called
1641077627.797130 ### DEBUG: BLE START SCANNING called
1641077627.808840 ### DEBUG: BLE START SCANNING called
1641077627.808998 ### DEBUG: BLE START SCANNING called
1641077627.809093 ### DEBUG: BLE START SCANNING called
1641077627.835338 ### addr: c0:98:e5:42:00:2c 
1641077627.835493 ### on_adv_report outer RSSI: -62, time:1640050537 
1641077627.835689 ### INFO: Discovered new device: c0:98:e5:42:00:2c
1641077627.835768 ### DEBUG: connected? already connected
1641077627.835845 ### DEBUG: BLE START SCANNING called
1641077627.883393 ### BLE EVENT: 16, INFO: BLE CONNECTED!
1641077627.883510 ### DEBUG: BLE START SCANNING called
1641077627.883633 ### RSSI: -57, 22, 1640050537 ,61 
1641077627.883751 ### DEBUG: BLE START SCANNING called
1641077627.977560 ### RSSI: -56, 13, 1640050537 ,62 
1641077627.977698 ### DEBUG: BLE START SCANNING called
1641077628.085917 ### RSSI: -57, 22, 1640050537 ,64 
1641077628.086080 ### DEBUG: BLE START SCANNING called
1641077628.121124 ### DEBUG: Ticks: 64, 15, 1 
1641077628.121244 1640050537 c0:98:e5:42:00:2c 1953 
1641077628.121304 2197 2202 2221 2232 2237 2239 2251 2258 2258 2260 2260 2268 2268 2270 2272 
1641077628.121358 2272 2272 2275 2277 2284 2286 2298 2303 2315 2324 2375 2375 2385 2413 2418 
1641077628.121412 ### DEBUG: BLE START SCANNING called
1641077628.180592 ### RSSI: -60, 31, 1640050537 ,65 
1641077628.180755 ### DEBUG: BLE START SCANNING called
1641077628.276158 ### RSSI: -57, 5, 1640050537 ,67 
1641077628.276321 ### DEBUG: BLE START SCANNING called
1641077628.385081 ### RSSI: -57, 7, 1640050537 ,68 
1641077628.385237 ### DEBUG: BLE START SCANNING called
1641077628.476740 ### RSSI: -57, 8, 1640050537 ,70 
1641077628.477030 ### DEBUG: BLE START SCANNING called
1641077628.584513 ### RSSI: -55, 18, 1640050537 ,72 
1641077628.584677 ### DEBUG: BLE START SCANNING called
1641077628.594850 ### DEBUG: BLE START SCANNING called
1641077628.677207 ### RSSI: -55, 13, 1640050537 ,73 
1641077628.677444 ### DEBUG: BLE START SCANNING called
1641077628.784427 ### RSSI: -57, 15, 1640050538 ,75 
1641077628.784713 ### DEBUG: BLE START SCANNING called
1641077628.877566 ### RSSI: -61, 34, 1640050538 ,76 
1641077628.877871 ### DEBUG: BLE START SCANNING called
1641077628.982892 ### RSSI: -58, 4, 1640050538 ,78 
1641077628.983141 ### DEBUG: BLE START SCANNING called
1641077629.079347 ### RSSI: -59, 35, 1640050538 ,79 
1641077629.079492 ### DEBUG: BLE START SCANNING called
1641077629.123674 ### DEBUG: Ticks: 80, 16, 1 
1641077629.123844 1640050538 c0:98:e5:42:00:2c 1923 
1641077629.123936 2251 2254 2264 2265 2267 2285 2289 2297 2299 2301 2303 2309 2313 2322 2331 
1641077629.124031 2337 2337 2340 2344 2345 2352 2357 2358 2359 2366 2374 2407 2448 2466 2511 
1641077629.124132 ### DEBUG: BLE START SCANNING called
1641077629.182429 ### RSSI: -58, 25, 1640050538 ,81 
1641077629.182709 ### DEBUG: BLE START SCANNING called
1641077629.283744 ### RSSI: -57, 21, 1640050538 ,82 
1641077629.283873 ### DEBUG: BLE START SCANNING called
1641077629.386040 ### RSSI: -60, 34, 1640050538 ,84 
1641077629.386175 ### DEBUG: BLE START SCANNING called
1641077629.476367 ### RSSI: -56, 23, 1640050538 ,86 
1641077629.476480 ### DEBUG: BLE START SCANNING called
1641077629.604420 ### DEBUG: BLE START SCANNING called
1641077630.114670 ### DEBUG: Ticks: 96, 16, 1 
1641077630.114876 1640050539 c0:98:e5:42:00:2c 1864 
1641077630.114964 2200 2208 2221 2226 2234 2243 2246 2246 2248 2255 2263 2263 2264 2265 2266 
1641077630.115042 2273 2275 2276 2278 2279 2282 2285 2303 2326 2331 2350 2353 2392 2396 2404 
1641077630.125509 ### DEBUG: BLE START SCANNING called
1641077630.477185 ### RSSI: -58, 35, 1640050539 ,101 
1641077630.477335 ### DEBUG: BLE START SCANNING called
1641077631.123867 ### DEBUG: Ticks: 111, 15, 1 
1641077631.124041 1640050540 c0:98:e5:42:00:2c 1696 
1641077631.124133 1969 1986 1990 2008 2010 2014 2030 2032 2038 2043 2046 2047 2049 2050 2053 
1641077631.124227 2053 2066 2075 2091 2091 2092 2097 2097 2099 2099 2140 2173 2180 2190 2273 
1641077631.478649 ### RSSI: -57, 13, 1640050540 ,117 
1641077632.122757 ### DEBUG: Ticks: 127, 16, 1 
1641077632.122896 1640050541 c0:98:e5:42:00:2c 1391 
1641077632.122961 1680 1686 1706 1708 1710 1724 1726 1726 1728 1729 1730 1740 1742 1744 1744 
1641077632.123029 1746 1746 1771 1774 1785 1789 1798 1814 1825 1825 1829 1871 1900 1929 1966 
1641077632.479451 ### RSSI: -55, 8, 1640050541 ,132 
1641077633.115935 ### DEBUG: Ticks: 142, 15, 1 
1641077633.116227 1640050542 c0:98:e5:42:00:2c 902 
1641077633.116412 1146 1154 1177 1184 1195 1220 1226 1228 1238 1244 1246 1251 1255 1260 1260 
1641077633.116719 1261 1263 1273 1275 1296 1307 1312 1313 1317 1330 1397 1457 1474 1602 0 
1641077633.475260 ### RSSI: -61, 23, 1640050542 ,148 
1641077634.118593 ### DEBUG: Ticks: 158, 16, 1 
1641077634.118889 1640050543 c0:98:e5:42:00:2c 730 
1641077634.119073 896 923 941 967 970 977 998 1022 1045 1054 1057 1064 1066 1069 1070 
1641077634.119632 1081 1083 1085 1086 1086 1091 1093 1107 1115 1126 1133 1154 1155 1205 0 
1641077634.480156 ### RSSI: -64, 10, 1640050543 ,164 
1641077635.124734 ### DEBUG: Ticks: 174, 16, 1 
1641077635.125032 1640050544 c0:98:e5:42:00:2c 791 
1641077635.125219 946 1008 1010 1030 1032 1034 1036 1043 1046 1058 1071 1074 1075 1075 1096 
1641077635.125409 1098 1098 1102 1111 1113 1117 1122 1129 1132 1148 1151 1156 1182 1360 0 
1641077636.125387 ### DEBUG: Ticks: 189, 15, 1 
1641077636.125533 1640050545 c0:98:e5:42:00:2c 767 
1641077636.125612 858 889 904 913 928 940 959 964 966 983 990 996 999 1000 1002 
1641077636.125697 1007 1013 1022 1025 1026 1030 1033 1035 1057 1058 1063 1111 1142 1148 1167 
1641077636.484435 ### RSSI: -62, 19, 1640050546 ,195 
1641077637.119879 ### DEBUG: Ticks: 205, 16, 1 
1641077637.120198 1640050546 c0:98:e5:42:00:2c 603 
1641077637.120386 901 940 945 948 952 970 993 996 1002 1002 1006 1033 1034 1045 1063 
1641077637.120581 1063 1066 1074 1074 1076 1077 1090 1108 1112 1116 1116 1128 1137 1140 1295 
1641077637.481811 ### RSSI: -61, 31, 1640050547 ,211 
1641077638.115230 ### DEBUG: Ticks: 220, 15, 1 
1641077638.115471 1640050547 c0:98:e5:42:00:2c 969 
1641077638.127668 1159 1184 1208 1209 1217 1231 1233 1234 1237 1241 1243 1249 1249 1249 1257 
1641077638.127809 1263 1277 1283 1291 1294 1304 1306 1309 1315 1321 1322 1354 1412 1435 1558 
1641077638.476462 ### RSSI: -57, 14, 1640050548 ,226 
1641077639.123388 ### DEBUG: Ticks: 236, 16, 1 
1641077639.123531 1640050548 c0:98:e5:42:00:2c 1455 
1641077639.123612 1724 1737 1764 1772 1786 1794 1794 1802 1820 1845 1850 1854 1856 1863 1865 
1641077639.123691 1876 1878 1882 1885 1890 1893 1895 1923 1947 1975 1980 1984 2059 2074 0 
1641077639.486392 ### RSSI: -56, 17, 1640050549 ,242 
1641077640.115577 ### DEBUG: Ticks: 252, 16, 1 
1641077640.115874 1640050549 c0:98:e5:42:00:2c 1866 
1641077640.116060 2147 2149 2150 2162 2182 2191 2192 2194 2199 2200 2201 2218 2223 2229 2230 
1641077640.128434 2232 2233 2234 2238 2249 2254 2259 2280 2286 2288 2288 2296 2312 2316 2377 
1641077640.474871 ### RSSI: -57, 29, 1640050550 ,257 
1641077641.122621 ### DEBUG: Ticks: 267, 15, 1 
1641077641.122902 1640050550 c0:98:e5:42:00:2c 2062 
1641077641.123105 2280 2325 2328 2329 2330 2335 2338 2349 2355 2362 2363 2364 2372 2375 2386 
1641077641.123307 2392 2395 2400 2401 2404 2414 2424 2428 2429 2430 2441 2480 2511 2540 2556 
1641077641.475311 ### RSSI: -57, 22, 1640050551 ,273 
1641077642.116511 ### DEBUG: Ticks: 283, 16, 1 
1641077642.116685 1640050551 c0:98:e5:42:00:2c 2017 
1641077642.116777 2345 2355 2360 2375 2384 2387 2399 2402 2411 2412 2416 2418 2434 2439 2443 
1641077642.116872 2444 2445 2445 2446 2448 2452 2453 2456 2473 2478 2480 2482 2536 2544 2577 
1641077642.475131 ### RSSI: -58, 20, 1640050552 ,289 
1641077643.120190 ### DEBUG: Ticks: 299, 16, 1 
1641077643.120486 1640050552 c0:98:e5:42:00:2c 1982 
1641077643.120670 2177 2206 2207 2235 2240 2241 2247 2255 2257 2262 2270 2277 2295 2299 2307 
1641077643.120862 2308 2313 2319 2320 2328 2329 2330 2331 2336 2357 2363 2373 2375 2389 2409 
1641077643.476449 ### RSSI: -57, 8, 1640050553 ,304 
1641077644.117267 ### DEBUG: Ticks: 314, 15, 1 
1641077644.117548 1640050553 c0:98:e5:42:00:2c 1843 
1641077644.117931 2083 2099 2121 2125 2134 2136 2141 2142 2144 2147 2152 2152 2162 2164 2170 
1641077644.118115 2172 2173 2175 2181 2183 2200 2207 2213 2220 2222 2226 2261 2296 2304 2468 
1641077644.484302 ### RSSI: -57, 35, 1640050554 ,320 
1641077645.119569 ### DEBUG: Ticks: 330, 16, 1 
1641077645.119778 1640050554 c0:98:e5:42:00:2c 1544 
1641077645.119870 1817 1818 1818 1823 1846 1856 1859 1860 1869 1871 1872 1895 1903 1905 1908 
1641077645.119965 1912 1917 1925 1933 1942 1943 1949 1958 1962 1990 1998 2018 2023 2034 2040 
1641077645.479939 ### RSSI: -61, 19, 1640050554 ,335 
1641077646.116124 ### DEBUG: Ticks: 345, 15, 1 
1641077646.116285 1640050555 c0:98:e5:42:00:2c 1131 
1641077646.126616 1373 1380 1383 1385 1392 1394 1394 1399 1425 1427 1429 1431 1436 1438 1441 
1641077646.126757 1446 1456 1469 1478 1481 1486 1507 1513 1535 1537 1537 1539 1558 1617 1671 
1641077646.475017 ### RSSI: -68, 15, 1640050555 ,351 
1641077647.115600 ### DEBUG: Ticks: 361, 16, 1 
1641077647.115795 1640050556 c0:98:e5:42:00:2c 669 
1641077647.115887 857 912 945 949 949 961 964 964 966 973 999 1011 1016 1023 1025 
1641077647.115983 1031 1043 1045 1046 1058 1061 1062 1063 1064 1072 1076 1078 1129 1188 1354 
1641077647.481472 ### RSSI: -66, 19, 1640050556 ,367 
1641077648.115088 ### DEBUG: Ticks: 377, 16, 1 
1641077648.115260 1640050557 c0:98:e5:42:00:2c 495 
1641077648.115352 683 697 733 750 761 762 771 771 778 779 792 802 814 818 832 
1641077648.115441 839 843 847 847 848 857 858 868 869 875 883 899 903 918 1010 
1641077648.482196 ### RSSI: -61, 20, 1640050557 ,382 
1641077649.118162 ### DEBUG: Ticks: 392, 15, 1 
1641077649.118345 1640050558 c0:98:e5:42:00:2c 628 
1641077649.118430 819 891 927 934 944 958 959 963 975 983 989 989 992 997 1001 
1641077649.118517 1015 1023 1029 1032 1036 1039 1054 1056 1058 1074 1079 1079 1111 1115 1232 
1641077649.475706 ### RSSI: -59, 8, 1640050558 ,398 
1641077650.117397 ### DEBUG: Ticks: 408, 16, 1 
1641077650.117691 1640050559 c0:98:e5:42:00:2c 601 
1641077650.117964 736 772 832 842 844 853 860 865 869 872 872 878 883 896 897 
1641077650.118060 897 898 910 910 913 916 916 918 936 937 946 953 999 999 1066 
1641077650.475153 ### RSSI: -64, 33, 1640050559 ,414 
1641077651.121145 ### DEBUG: Ticks: 424, 16, 1 
1641077651.121430 1640050560 c0:98:e5:42:00:2c 843 
1641077651.121612 1069 1105 1116 1132 1142 1143 1159 1162 1169 1183 1183 1189 1191 1207 1212 
1641077651.121925 1216 1220 1220 1232 1245 1250 1250 1270 1274 1297 1363 1408 1429 1452 1505 
1641077651.483945 ### RSSI: -54, 13, 1640050560 ,429 
1641077652.122372 ### DEBUG: Ticks: 439, 15, 1 
1641077652.122664 1640050561 c0:98:e5:42:00:2c 1316 
1641077652.122849 1524 1524 1535 1544 1548 1553 1558 1569 1574 1577 1578 1583 1593 1596 1609 
1641077652.123064 1620 1623 1626 1644 1645 1649 1662 1666 1669 1682 1689 1697 1763 1885 1892 
1641077652.480496 ### RSSI: -58, 14, 1640050561 ,445 
1641077653.117550 ### DEBUG: Ticks: 455, 16, 1 
1641077653.117800 1640050562 c0:98:e5:42:00:2c 1813 
1641077653.117898 2024 2035 2063 2064 2064 2065 2067 2069 2078 2080 2081 2088 2093 2103 2115 
1641077653.117987 2115 2115 2121 2123 2127 2132 2140 2144 2175 2178 2186 2215 2222 2263 2378 
1641077653.474235 ### RSSI: -59, 35, 1640050562 ,460 
1641077654.119473 ### DEBUG: Ticks: 470, 15, 1 
1641077654.119757 1640050563 c0:98:e5:42:00:2c 2081 
1641077654.119939 2303 2340 2341 2343 2345 2347 2360 2379 2392 2393 2396 2399 2401 2401 2411 
1641077654.120138 2416 2423 2427 2428 2432 2433 2438 2440 2452 2457 2462 2463 2513 2524 2548 
1641077654.480282 ### RSSI: -58, 29, 1640050563 ,476 
1641077655.116179 ### DEBUG: Ticks: 486, 16, 1 
1641077655.116349 1640050564 c0:98:e5:42:00:2c 2077 
1641077655.116440 2317 2322 2348 2359 2372 2373 2374 2376 2384 2385 2390 2394 2397 2402 2406 
1641077655.116536 2407 2407 2417 2429 2443 2443 2444 2450 2451 2462 2473 2485 2503 2522 2522 
1641077655.480271 ### RSSI: -57, 0, 1640050564 ,492 
1641077656.120886 ### DEBUG: Ticks: 502, 16, 1 
1641077656.121169 1640050565 c0:98:e5:42:00:2c 2004 
1641077656.121350 2307 2315 2316 2329 2337 2351 2357 2365 2369 2370 2384 2387 2392 2395 2398 
1641077656.121554 2398 2398 2413 2421 2431 2438 2439 2450 2451 2458 2460 2471 2504 2553 2573 
1641077656.478277 ### RSSI: -59, 35, 1640050565 ,507 
1641077657.117362 ### DEBUG: Ticks: 517, 15, 1 
1641077657.117644 1640050566 c0:98:e5:42:00:2c 1907 
1641077657.117948 2207 2232 2236 2240 2251 2255 2256 2256 2269 2271 2273 2275 2283 2293 2293 
1641077657.118150 2294 2297 2304 2306 2307 2308 2320 2325 2332 2343 2343 2377 2384 2390 2424 
1641077657.474470 ### RSSI: -56, 30, 1640050566 ,523 
1641077658.116547 ### DEBUG: Ticks: 533, 16, 1 
1641077658.116731 1640050567 c0:98:e5:42:00:2c 1698 
1641077658.116812 1998 2004 2007 2019 2027 2037 2041 2067 2074 2077 2083 2090 2094 2099 2104 
1641077658.116883 2116 2117 2118 2120 2131 2132 2133 2135 2167 2168 2168 2201 2245 2255 2265 
1641077658.480975 ### RSSI: -60, 31, 1640050567 ,539 
1641077659.117272 ### DEBUG: Ticks: 549, 16, 1 
1641077659.117418 1640050568 c0:98:e5:42:00:2c 1283 
1641077659.117504 1560 1563 1567 1599 1608 1609 1610 1616 1626 1637 1641 1644 1648 1649 1652 
1641077659.118001 1653 1665 1679 1682 1685 1692 1698 1725 1726 1737 1740 1764 1805 1886 1920 
1641077659.474656 ### RSSI: -56, 12, 1640050568 ,554 
1641077659.474941 ERROR: Unexpected error while mounting SD card: 1
1641077660.596106 
1641077660.596317 ----------------------------------------------
1641077660.596408 ### WARNING: Chip experienced a reset with reason 2
1641077660.845188 ### INFO: Bluetooth address: c0:98:e5:42:00:29
1641077660.858650 ### DEBUG: Time is 00:00:00, 2000/00/00
1641077660.858811 ### INFO: Time is 00:00:00, 2000/00/00
1641077660.950204 ### INFO: Initializing SD Card...
1641077661.243709 ### INFO: Connecting to the SquarePoint module...
1641077661.243901 ### INFO: SquarePoint module connection successful
1641077661.243981 ### INFO: Battery voltage currently 4014 mV
1641077661.338123 ### INFO: SD card flushed!
1641077661.361707 ### INFO: SD card flushed!
1641077661.362104 ### DEBUG: BLE START SCANNING called
1641077662.118970 ### DEBUG: Ticks: 23, 23, 0 
1641077662.119115 1640050571 c0:98:e5:42:00:2c 667 
1641077662.119199 939 991 1004 1018 1018 1056 1060 1062 1065 1065 1073 1076 1076 1076 1083 
1641077662.119277 1094 1100 1103 1105 1121 1122 1128 1138 1144 1147 1173 1185 1191 1195 1218 
1641077662.119354 ### INFO: Switched Scheduler EUI from 00:00:00:00:00:00 to c0:98:e5:42:00:2c
1641077662.119436 ### DEBUG: BLE STOP SCANNING called
1641077662.232734 ### DEBUG: BLE START SCANNING called
1641077663.123997 ### DEBUG: Ticks: 39, 16, 0 
1641077663.124287 1640050572 c0:98:e5:42:00:2c 776 
1641077663.124469 1073 1083 1108 1109 1117 1120 1133 1134 1141 1146 1152 1154 1157 1168 1186 
1641077663.124685 1193 1201 1215 1217 1218 1247 1254 1276 1296 1297 1301 1343 1353 1377 1478 
1641077663.345006 ### DEBUG: BLE START SCANNING called
1641077663.355330 ### DEBUG: BLE START SCANNING called
1641077663.507618 ### INFO: Device is now STATIONARY
1641077664.116077 ### DEBUG: Ticks: 54, 15, 0 
1641077664.116252 1640050573 c0:98:e5:42:00:2c 685 
1641077664.116351 970 1003 1011 1026 1027 1048 1048 1051 1083 1088 1096 1100 1110 1113 1114 
1641077664.116460 1115 1125 1137 1140 1142 1151 1157 1159 1159 1159 1184 1211 1219 1225 1231 
1641077664.417889 ### DEBUG: BLE START SCANNING called
1641077664.418177 ### DEBUG: BLE START SCANNING called
1641077664.418409 ### DEBUG: BLE START SCANNING called
1641077664.451164 ### DEBUG: BLE START SCANNING called
1641077664.463150 ### DEBUG: BLE START SCANNING called
1641077665.122534 ### DEBUG: Ticks: 70, 16, 0 
1641077665.122729 1640050574 c0:98:e5:42:00:2c 1037 
1641077665.122820 1310 1333 1348 1356 1359 1371 1373 1379 1391 1393 1395 1404 1409 1429 1435 
1641077665.122917 1439 1440 1443 1461 1462 1464 1471 1476 1477 1478 1496 1522 1526 1616 0 
1641077665.499945 ### DEBUG: BLE START SCANNING called
1641077665.511203 ### addr: c0:98:e5:42:00:2c 
1641077665.511486 ### on_adv_report outer RSSI: -60, time:1640050575 
1641077665.511683 ### INFO: Discovered new device: c0:98:e5:42:00:2c
1641077665.511887 ### DEBUG: connected? already connected
1641077665.512068 ### DEBUG: BLE START SCANNING called
1641077665.559541 ### BLE EVENT: 16, INFO: BLE CONNECTED!
1641077665.559826 ### DEBUG: BLE START SCANNING called
1641077665.560009 ### RSSI: -59, 10, 1640050575 ,77 
1641077665.560469 ### DEBUG: BLE START SCANNING called
1641077665.658868 ### RSSI: -62, 12, 1640050575 ,79 
1641077665.659040 ### DEBUG: BLE START SCANNING called
1641077665.766184 ### RSSI: -62, 35, 1640050575 ,80 
1641077665.766462 ### DEBUG: BLE START SCANNING called
1641077665.863136 ### RSSI: -62, 33, 1640050575 ,82 
1641077665.863303 ### DEBUG: BLE START SCANNING called
1641077665.957067 ### RSSI: -61, 26, 1640050575 ,83 
1641077665.957213 ### DEBUG: BLE START SCANNING called
1641077666.063577 ### RSSI: -57, 19, 1640050575 ,85 
1641077666.063763 ### DEBUG: BLE START SCANNING called
1641077666.124909 ### DEBUG: Ticks: 86, 16, 1 
1641077666.125064 1640050575 c0:98:e5:42:00:2c 1535 
1641077666.125250 1780 1798 1815 1832 1833 1835 1846 1848 1859 1860 1872 1877 1877 1886 1888 
1641077666.125419 1895 1902 1908 1915 1918 1919 1924 1925 1934 1942 1979 1993 2011 2028 2067 
1641077666.125510 ### DEBUG: BLE START SCANNING called
1641077666.161930 ### RSSI: -55, 5, 1640050575 ,86 
1641077666.162093 ### DEBUG: BLE START SCANNING called
1641077666.231731 ### DEBUG: BLE START SCANNING called
1641077666.255821 ### RSSI: -58, 35, 1640050575 ,88 
1641077666.269842 ### DEBUG: BLE START SCANNING called
1641077666.364753 ### RSSI: -59, 34, 1640050575 ,89 
1641077666.364898 ### DEBUG: BLE START SCANNING called
1641077666.457661 ### RSSI: -55, 19, 1640050576 ,91 
1641077666.458111 ### DEBUG: BLE START SCANNING called
1641077666.563557 ### RSSI: -56, 18, 1640050576 ,93 
1641077666.563792 ### DEBUG: BLE START SCANNING called
1641077666.660528 ### RSSI: -55, 3, 1640050576 ,94 
1641077666.660695 ### DEBUG: BLE START SCANNING called
1641077666.757355 ### RSSI: -55, 13, 1640050576 ,96 
1641077666.757540 ### DEBUG: BLE START SCANNING called
1641077666.863326 ### RSSI: -58, 31, 1640050576 ,97 
1641077666.863609 ### DEBUG: BLE START SCANNING called
1641077666.957527 ### RSSI: -56, 1, 1640050576 ,99 
1641077666.957696 ### DEBUG: BLE START SCANNING called
1641077667.059712 ### RSSI: -58, 28, 1640050576 ,100 
1641077667.059959 ### DEBUG: BLE START SCANNING called
1641077667.120291 ### DEBUG: Ticks: 101, 15, 1 
1641077667.120466 1640050576 c0:98:e5:42:00:2c 1969 
1641077667.120584 2241 2293 2301 2310 2323 2324 2326 2327 2327 2329 2330 2342 2342 2348 2353 
1641077667.120703 2366 2374 2376 2379 2379 2382 2383 2384 2394 2404 2416 2445 2447 2455 2491 
1641077667.120804 ### DEBUG: BLE START SCANNING called
1641077667.156093 ### RSSI: -55, 11, 1640050576 ,102 
1641077667.156377 ### DEBUG: BLE START SCANNING called
1641077668.118901 ### DEBUG: Ticks: 117, 16, 1 
1641077668.119105 1640050577 c0:98:e5:42:00:2c 2050 
1641077668.119226 2433 2442 2448 2452 2463 2465 2476 2498 2498 2513 2526 2528 2531 2532 2532 
1641077668.119357 2537 2540 2540 2548 2548 2552 2554 2567 2572 2581 2583 2610 2625 2645 2672 
1641077668.165310 ### RSSI: -58, 22, 1640050577 ,118 
1641077669.123593 ### DEBUG: Ticks: 133, 16, 1 
1641077669.123870 1640050578 c0:98:e5:42:00:2c 2019 
1641077669.124070 2327 2350 2372 2375 2378 2391 2391 2395 2399 2409 2410 2412 2416 2425 2427 
1641077669.124178 2435 2445 2448 2454 2456 2461 2462 2464 2469 2471 2506 2507 2521 2539 2543 
1641077669.160042 ### RSSI: -57, 23, 1640050578 ,133 
1641077670.122117 ### DEBUG: Ticks: 148, 15, 1 
1641077670.122411 1640050579 c0:98:e5:42:00:2c 2055 
1641077670.122594 2262 2264 2285 2296 2300 2317 2318 2331 2340 2352 2355 2361 2364 2366 2367 
1641077670.122783 2370 2373 2379 2387 2391 2393 2411 2415 2418 2421 2436 2440 2444 2476 2479 
1641077670.160943 ### RSSI: -58, 2, 1640050579 ,149 
1641077671.119936 ### DEBUG: Ticks: 164, 16, 1 
1641077671.120231 1640050580 c0:98:e5:42:00:2c 1865 
1641077671.120416 2046 2098 2098 2107 2109 2115 2116 2123 2128 2129 2130 2130 2137 2142 2152 
1641077671.120609 2160 2173 2175 2183 2187 2195 2195 2195 2215 2216 2219 2236 2239 2242 2291 
1641077671.155222 ### RSSI: -56, 36, 1640050580 ,164 
1641077672.120514 ### DEBUG: Ticks: 179, 15, 1 
1641077672.120808 1640050581 c0:98:e5:42:00:2c 1541 
1641077672.120992 1737 1759 1760 1791 1792 1796 1799 1801 1829 1835 1837 1839 1840 1840 1846 
1641077672.121193 1854 1855 1856 1859 1875 1879 1889 1902 1905 1926 1940 1945 1965 1984 2001 
1641077672.156338 ### RSSI: -59, 23, 1640050582 ,180 
1641077673.113810 ### DEBUG: Ticks: 195, 16, 1 
1641077673.125451 1640050582 c0:98:e5:42:00:2c 1005 
1641077673.125844 1199 1213 1235 1239 1244 1254 1265 1266 1274 1275 1275 1276 1286 1287 1290 
1641077673.126010 1303 1308 1311 1313 1336 1345 1347 1349 1360 1362 1374 1383 1391 1403 1426 
1641077673.159882 ### RSSI: -54, 17, 1640050582 ,196 
1641077674.123603 ### DEBUG: Ticks: 211, 16, 1 
1641077674.123903 1640050583 c0:98:e5:42:00:2c 689 
1641077674.124087 892 895 895 898 910 916 923 929 954 969 972 976 978 981 988 
1641077674.124303 1001 1005 1014 1027 1030 1034 1036 1038 1047 1061 1091 1096 1123 1133 1199 
1641077674.157022 ### RSSI: -65, 21, 1640050583 ,211 
1641077675.121193 ### DEBUG: Ticks: 226, 15, 1 
1641077675.121486 1640050584 c0:98:e5:42:00:2c 537 
1641077675.121670 789 828 870 878 888 893 918 924 924 933 936 939 943 944 947 
1641077675.121973 948 952 963 968 975 990 996 1007 1014 1016 1040 1053 1060 1094 1155 
1641077675.164560 ### RSSI: -73, 1, 1640050584 ,227 
1641077676.114412 ### DEBUG: Ticks: 242, 16, 1 
1641077676.126527 1640050585 c0:98:e5:42:00:2c 523 
1641077676.126734 785 807 845 851 866 870 881 893 895 899 904 905 912 928 934 
1641077676.126868 949 961 970 970 971 985 991 1012 1016 1017 1017 1037 1060 1071 1114 
1641077676.160211 ### RSSI: -62, 5, 1640050585 ,243 
1641077677.116132 ### DEBUG: Ticks: 258, 16, 1 
1641077677.116414 1640050586 c0:98:e5:42:00:2c 638 
1641077677.127941 893 916 961 962 989 992 1002 1019 1031 1032 1042 1044 1051 1053 1063 
1641077677.128225 1070 1074 1092 1098 1098 1102 1109 1113 1114 1120 1121 1127 1171 1244 1247 
1641077677.161231 ### RSSI: -61, 13, 1640050586 ,258 
1641077678.116878 ### DEBUG: Ticks: 273, 15, 1 
1641077678.116998 1640050587 c0:98:e5:42:00:2c 807 
1641077678.117062 1070 1100 1102 1107 1116 1127 1131 1149 1150 1150 1153 1155 1160 1168 1169 
1641077678.117118 1173 1184 1185 1191 1191 1211 1218 1232 1241 1263 1277 1284 1324 1341 1484 
1641077678.161641 ### RSSI: -76, 4, 1640050587 ,274 
1641077679.115469 ### DEBUG: Ticks: 289, 16, 1 
1641077679.115581 1640050588 c0:98:e5:42:00:2c 1264 
1641077679.115631 1535 1557 1563 1580 1581 1582 1590 1592 1593 1597 1601 1608 1618 1620 1629 
1641077679.128368 1638 1638 1643 1643 1651 1652 1656 1666 1668 1721 1736 1795 1808 1838 1985 
1641077679.162493 ### RSSI: -58, 21, 1640050588 ,289 
1641077680.117475 ### DEBUG: Ticks: 304, 15, 1 
1641077680.117620 1640050589 c0:98:e5:42:00:2c 1790 
1641077680.117698 1998 1998 2008 2040 2049 2059 2061 2073 2085 2086 2105 2109 2110 2112 2116 
1641077680.117840 2120 2129 2129 2131 2131 2139 2143 2160 2165 2168 2180 2200 2232 2254 2305 
1641077680.161217 ### RSSI: -55, 10, 1640050589 ,305 
1641077681.118216 ### DEBUG: Ticks: 320, 16, 1 
1641077681.118506 1640050590 c0:98:e5:42:00:2c 2046 
1641077681.118689 2304 2323 2323 2324 2340 2361 2367 2367 2368 2368 2373 2375 2378 2385 2386 
1641077681.118879 2394 2395 2397 2398 2413 2421 2424 2435 2449 2461 2468 2468 2469 2478 2527 
1641077681.162773 ### RSSI: -58, 22, 1640050590 ,321 
1641077682.124832 ### DEBUG: Ticks: 336, 16, 1 
1641077682.125123 1640050591 c0:98:e5:42:00:2c 2081 
1641077682.125318 2309 2316 2343 2352 2360 2369 2378 2379 2386 2388 2393 2394 2400 2404 2408 
1641077682.125508 2429 2440 2442 2446 2452 2459 2473 2476 2483 2488 2488 2516 2516 2521 2545 
1641077682.158448 ### RSSI: -58, 26, 1640050591 ,336 
1641077683.118558 ### DEBUG: Ticks: 351, 15, 1 
1641077683.118790 1640050592 c0:98:e5:42:00:2c 2098 
1641077683.118929 2332 2359 2379 2379 2387 2391 2401 2412 2412 2422 2423 2424 2434 2439 2440 
1641077683.119071 2440 2443 2448 2456 2463 2475 2475 2477 2488 2493 2506 2521 2541 2559 2580 
1641077683.162841 ### RSSI: -57, 23, 1640050592 ,352 
1641077684.115963 ### DEBUG: Ticks: 367, 16, 1 
1641077684.116083 1640050593 c0:98:e5:42:00:2c 2030 
1641077684.116144 2352 2362 2369 2369 2376 2425 2426 2431 2442 2451 2457 2463 2465 2466 2471 
1641077684.116205 2474 2496 2506 2510 2510 2513 2515 2520 2522 2528 2535 2550 2556 2624 2670 
1641077684.160714 ### RSSI: -62, 6, 1640050593 ,367 
1641077685.116301 ### DEBUG: Ticks: 382, 15, 1 
1641077685.116471 1640050594 c0:98:e5:42:00:2c 2060 
1641077685.116566 2327 2327 2328 2359 2360 2363 2370 2380 2391 2393 2395 2396 2406 2408 2418 
1641077685.116663 2430 2435 2436 2442 2445 2447 2450 2459 2463 2468 2469 2488 2496 2519 2613 
1641077685.162434 ### RSSI: -58, 20, 1640050594 ,383 
1641077686.116523 ### DEBUG: Ticks: 398, 16, 1 
1641077686.116668 1640050595 c0:98:e5:42:00:2c 1906 
1641077686.116926 2122 2164 2175 2177 2184 2187 2190 2192 2198 2200 2213 2213 2217 2230 2233 
1641077686.117008 2242 2243 2248 2254 2267 2267 2270 2272 2292 2296 2301 2324 2325 2327 2429 
1641077686.159009 ### RSSI: -58, 6, 1640050595 ,399 
1641077687.121997 ### DEBUG: Ticks: 414, 16, 1 
1641077687.122138 1640050596 c0:98:e5:42:00:2c 1631 
1641077687.122208 1818 1826 1841 1844 1859 1864 1875 1880 1884 1887 1889 1891 1901 1904 1924 
1641077687.122504 1925 1925 1927 1931 1940 1955 1965 1978 1982 1993 2015 2021 2022 2092 2174 
1641077687.154780 ### RSSI: -51, 13, 1640050596 ,414 
1641077688.124544 ### DEBUG: Ticks: 429, 15, 1 
1641077688.124700 1640050597 c0:98:e5:42:00:2c 1041 
1641077688.124751 1254 1261 1265 1307 1317 1317 1324 1324 1327 1341 1343 1346 1347 1355 1363 
1641077688.124803 1364 1365 1369 1372 1375 1381 1381 1382 1385 1405 1436 1464 1490 1550 1698 
1641077688.157047 ### RSSI: -53, 14, 1640050597 ,430 
1641077689.121121 ### DEBUG: Ticks: 445, 16, 1 
1641077689.121411 1640050598 c0:98:e5:42:00:2c 398 
1641077689.121594 655 676 680 683 686 689 690 691 702 710 714 716 717 730 731 
1641077689.121889 742 746 746 762 767 775 786 805 809 809 865 869 886 894 920 
1641077689.155673 ### RSSI: -48, 24, 1640050598 ,446 
1641077690.007377 ### INFO: Device is now IN MOTION
1641077690.120632 ### DEBUG: Ticks: 461, 16, 1 
1641077690.120776 1640050599 c0:98:e5:42:00:2c 206 
1641077690.120849 316 318 329 337 340 341 344 357 361 362 365 378 382 384 410 
1641077690.120925 414 414 426 427 428 439 448 466 472 483 486 491 508 517 597 
1641077690.155717 ### RSSI: -52, 29, 1640050599 ,461 
1641077691.126013 ### DEBUG: Ticks: 476, 15, 1 
1641077691.126307 1640050600 c0:98:e5:42:00:2c 232 
1641077691.126490 328 351 360 361 369 375 387 414 416 431 432 435 447 454 456 
1641077691.126682 474 485 487 494 495 500 504 518 522 544 568 578 617 629 668 
1641077691.160447 ### RSSI: -46, 23, 1640050600 ,477 
1641077692.123385 ### DEBUG: Ticks: 492, 16, 1 
1641077692.123529 1640050601 c0:98:e5:42:00:2c 251 
1641077692.123605 372 397 402 408 413 416 427 431 433 459 462 477 478 493 503 
1641077692.123682 504 527 528 530 531 537 545 559 561 588 624 627 701 715 0 
1641077692.155254 ### RSSI: -49, 1, 1640050601 ,492 
1641077692.686511 ### INFO: Device is now STATIONARY
1641077693.120310 ### DEBUG: Ticks: 507, 15, 1 
1641077693.120481 1640050602 c0:98:e5:42:00:2c 162 
1641077693.120574 214 228 253 267 274 277 279 284 291 291 293 301 304 316 325 
1641077693.120657 326 344 355 360 361 363 365 375 376 403 451 474 487 492 531 
1641077693.153953 ### RSSI: -45, 31, 1640050602 ,508 
1641077694.118622 ### DEBUG: Ticks: 523, 16, 1 
1641077694.118747 1640050603 c0:98:e5:42:00:2c 184 
1641077694.118814 238 269 270 272 297 304 309 313 314 323 333 336 338 349 366 
1641077694.118887 371 381 388 397 403 417 429 430 431 470 494 527 545 556 563 
1641077694.164857 ### RSSI: -49, 8, 1640050603 ,524 
1641077695.122057 ### DEBUG: Ticks: 539, 16, 1 
1641077695.122362 1640050604 c0:98:e5:42:00:2c 208 
1641077695.122611 287 300 303 325 329 334 336 342 342 355 359 363 368 389 405 
1641077695.122805 428 442 448 449 456 460 464 465 468 497 504 522 565 568 595 
1641077695.154571 ### RSSI: -47, 16, 1640050604 ,539 
1641077695.513395 ### INFO: SD card flushed!
1641077696.121602 ### DEBUG: Ticks: 554, 15, 1 
1641077696.121938 1640050605 c0:98:e5:42:00:2c 217 
1641077696.122095 286 350 358 360 360 366 373 375 381 382 388 390 394 424 434 
1641077696.122284 435 449 460 466 468 472 478 478 499 502 562 582 618 622 627 
1641077696.155863 ### RSSI: -46, 26, 1640050606 ,555 
1641077697.117322 ### DEBUG: Ticks: 570, 16, 1 
1641077697.117486 1640050606 c0:98:e5:42:00:2c 233 
1641077697.117578 331 340 349 353 363 373 380 383 386 388 389 423 425 427 447 
1641077697.117665 486 486 488 492 500 501 511 521 535 538 550 602 612 621 626 
1641077697.162985 ### RSSI: -47, 35, 1640050606 ,571 
1641077698.116605 ### DEBUG: Ticks: 586, 16, 1 
1641077698.116736 1640050607 c0:98:e5:42:00:2c 192 
1641077698.116800 261 293 293 316 320 325 329 339 345 347 349 349 369 377 380 
1641077698.116857 390 397 425 426 426 443 446 468 486 487 495 536 574 576 595 
1641077698.161341 ### RSSI: -48, 13, 1640050607 ,586 
1641077699.117413 ### DEBUG: Ticks: 601, 15, 1 
1641077699.117587 1640050608 c0:98:e5:42:00:2c 217 
1641077699.117657 298 337 343 350 357 363 376 384 392 394 400 412 413 427 429 
1641077699.117728 439 449 449 456 472 478 492 502 510 514 531 531 532 573 630 
1641077699.162326 ### RSSI: -49, 4, 1640050608 ,602 
1641077700.117999 ### DEBUG: Ticks: 617, 16, 1 
1641077700.118159 1640050609 c0:98:e5:42:00:2c 220 
1641077700.118260 278 324 340 347 350 360 365 365 378 390 391 425 431 440 441 
1641077700.118351 443 456 458 469 470 475 478 478 505 507 552 571 624 658 0 
1641077700.164671 ### RSSI: -48, 0, 1640050609 ,617 
