1640897685.629742 ###RTT Client: ************************************************************ 
1640897685.629934 ###RTT Client: *               SEGGER Microcontroller GmbH                * 
1640897685.629982 ###RTT Client: *   Solutions for real time microcontroller applications   * 
1640897685.630023 ###RTT Client: ************************************************************ 
1640897685.630062 ###RTT Client: *                                                          * 
1640897685.630102 ###RTT Client: *       (c) 2012 - 2016  SEGGER Microcontroller GmbH       * 
1640897685.630141 ###RTT Client: *                                                          * 
1640897685.630181 ###RTT Client: *     www.segger.com     Support: support@segger.com       * 
1640897685.630222 ###RTT Client: *                                                          * 
1640897685.630262 ###RTT Client: ************************************************************ 
1640897685.630319 ###RTT Client: *                                                          * 
1640897685.630365 ###RTT Client: * SEGGER J-Link RTT Client   Compiled Jan 30 2018 18:46:58 * 
1640897685.630411 ###RTT Client: *                                                          * 
1640897685.630456 ###RTT Client: ************************************************************ 
1640897685.630496 
1640897685.630541 ###RTT Client: -----------------------------------------------
1640897685.630581 ###RTT Client: Connecting to J-Link RTT Server via localhost:9201  Connected.
1640897685.630626 SEGGER J-Link V6.30 - Real time terminal output
1640897685.630671 J-Link EDU Mini V1 compiled Oct 22 2019 16:28:45 V1.0, SN=801021855
1640897685.630716 Process: JLinkExe
1640897685.630781 ### DEBUG: Ticks: 126, 15, 1 
1640897685.630868 1640049590 c0:98:e5:42:00:2c 277 
1640897685.630930 397 452 474 475 484 518 523 524 528 530 534 537 543 547 554 
1640897685.630994 559 561 567 572 575 582 594 597 605 610 619 619 624 633 0 
1640897685.631039 ### RSSI: -46, 18, 1640049590 ,131 
1640897685.631084 ### DEBUG: Ticks: 142, 16, 1 
1640897685.631124 1640049591 c0:98:e5:42:00:2c 268 
1640897685.631176 426 448 467 471 474 475 475 490 503 522 523 524 536 536 537 
1640897685.631274 538 538 539 547 547 551 556 568 592 592 593 596 607 643 685 
1640897685.631342 ### RSSI: -48, 1, 1640049591 ,147 
1640897685.631405 ### DEBUG: Ticks: 158, 16, 1 
1640897685.631469 1640049592 c0:98:e5:42:00:2c 273 
1640897685.631530 405 462 488 489 507 509 514 514 515 521 525 530 536 536 546 
1640897685.631592 547 551 557 558 562 583 593 597 599 601 603 624 638 652 655 
1640897685.631657 ### RSSI: -46, 12, 1640049592 ,162 
1640897685.631697 ### DEBUG: Ticks: 173, 15, 1 
1640897685.631736 1640049593 c0:98:e5:42:00:2c 265 
1640897685.631776 418 449 466 471 471 482 490 500 502 503 508 517 520 524 529 
1640897685.631815 531 546 546 555 563 568 584 585 585 593 606 615 618 627 638 
1640897685.631854 ### RSSI: -48, 2, 1640049593 ,178 
1640897685.631893 ### DEBUG: Ticks: 189, 16, 1 
1640897685.631932 1640049594 c0:98:e5:42:00:2c 270 
1640897685.631972 360 426 427 438 439 453 467 472 473 494 511 524 526 527 540 
1640897685.632012 543 551 553 556 570 572 575 589 593 599 604 610 626 643 0 
1640897685.632051 ### RSSI: -48, 10, 1640049594 ,194 
1640897685.632090 ### DEBUG: Ticks: 205, 16, 1 
1640897685.632129 1640049595 c0:98:e5:42:00:2c 277 
1640897685.632168 404 443 472 498 510 512 524 525 526 533 543 543 549 551 555 
1640897685.632208 556 557 563 568 571 572 574 578 580 581 583 586 594 598 635 
1640897685.632247 ### RSSI: -46, 20, 1640049595 ,209 
1640897685.632287 ### RSSI: -54, 35, 1640049597 ,225 
1640897685.632326 ### RSSI: -46, 16, 1640049598 ,240 
1640897685.632365 ### DEBUG: Ticks: 251, 46, 1 
1640897685.632404 1640049598 c0:98:e5:42:00:2c 291 
1640897685.632443 389 481 482 485 493 500 518 521 521 531 545 548 573 577 581 
1640897685.632483 585 589 596 597 600 600 603 625 625 632 643 655 679 687 689 
1640897685.632522 ### RSSI: -46, 16, 1640049599 ,256 
1640897685.632561 ### DEBUG: Ticks: 267, 16, 1 
1640897685.632600 1640049599 c0:98:e5:42:00:2c 294 
1640897685.632639 428 469 497 506 508 530 539 544 565 568 570 574 583 587 589 
1640897685.632679 589 592 601 606 620 629 629 634 639 640 649 652 654 666 693 
1640897685.632718 ### RSSI: -54, 36, 1640049600 ,272 
1640897685.632757 ### DEBUG: Ticks: 283, 16, 1 
1640897685.632797 1640049600 c0:98:e5:42:00:2c 311 
1640897685.632836 441 520 526 551 575 591 598 601 605 606 614 616 617 619 623 
1640897685.632876 624 629 635 639 642 649 670 671 687 693 693 705 710 710 713 
1640897685.632915 ### RSSI: -46, 16, 1640049601 ,287 
1640897685.632954 ### DEBUG: Ticks: 298, 15, 1 
1640897685.632994 1640049601 c0:98:e5:42:00:2c 328 
1640897685.633033 513 517 520 520 562 573 573 577 590 598 605 617 632 633 635 
1640897685.633073 638 639 639 643 647 648 653 659 670 681 681 683 696 734 749 
1640897685.633113 ### RSSI: -48, 8, 1640049602 ,303 
1640897685.633152 ### DEBUG: Ticks: 314, 16, 1 
1640897685.633191 1640049602 c0:98:e5:42:00:2c 270 
1640897685.633231 422 453 455 464 469 486 488 489 490 503 518 525 526 531 532 
1640897685.633270 532 546 557 565 569 573 574 586 591 594 597 611 613 641 0 
1640897685.633309 ### RSSI: -46, 12, 1640049603 ,319 
1640897685.633348 ### DEBUG: Ticks: 329, 15, 1 
1640897685.633388 1640049603 c0:98:e5:42:00:2c 289 
1640897685.633427 459 467 498 514 514 526 552 555 556 564 566 566 569 577 578 
1640897685.633466 581 582 582 595 605 606 609 611 614 614 621 627 657 662 695 
1640897685.633505 ### RSSI: -46, 18, 1640049604 ,334 
1640897685.633545 ### DEBUG: Ticks: 345, 16, 1 
1640897685.633584 1640049604 c0:98:e5:42:00:2c 243 
1640897685.633623 382 386 407 419 421 447 449 452 459 463 466 470 475 485 487 
1640897685.633662 487 492 492 494 496 506 515 522 529 529 532 562 569 579 600 
1640897685.633702 ### RSSI: -47, 9, 1640049604 ,350 
1640897685.633741 ### DEBUG: Ticks: 361, 16, 1 
1640897685.633781 1640049605 c0:98:e5:42:00:2c 291 
1640897685.633820 461 495 516 522 538 540 544 553 556 560 567 569 578 580 580 
1640897685.633859 587 590 602 603 617 642 642 645 648 665 675 678 686 690 696 
1640897685.633899 ### RSSI: -47, 3, 1640049605 ,365 
1640897685.633938 ### DEBUG: Ticks: 376, 15, 1 
1640897685.633977 1640049606 c0:98:e5:42:00:2c 265 
1640897685.634017 415 460 462 470 472 482 484 486 493 502 504 506 511 512 527 
1640897685.634056 535 536 537 554 555 555 557 562 574 583 586 591 601 604 659 
1640897685.634096 ### RSSI: -53, 33, 1640049606 ,381 
1640897685.634135 ### DEBUG: Ticks: 392, 16, 1 
1640897685.634174 1640049607 c0:98:e5:42:00:2c 285 
1640897685.634213 440 458 491 499 509 520 524 534 548 559 563 566 570 570 570 
1640897685.634255 573 581 584 610 613 613 621 625 631 636 647 662 669 670 697 
1640897685.634294 ### RSSI: -47, 15, 1640049607 ,397 
1640897685.634334 ### DEBUG: Ticks: 408, 16, 1 
1640897685.634372 1640049608 c0:98:e5:42:00:2c 294 
1640897685.634411 485 487 499 518 540 541 547 548 551 561 576 578 583 584 589 
1640897685.634451 590 591 594 595 597 602 604 613 615 617 622 640 657 672 689 
1640897685.634490 ### RSSI: -48, 10, 1640049608 ,412 
1640897685.634529 ### DEBUG: Ticks: 423, 15, 1 
1640897685.634568 1640049609 c0:98:e5:42:00:2c 293 
1640897685.634607 475 477 489 516 540 542 557 562 564 565 566 573 577 580 585 
1640897685.634646 589 590 593 594 597 604 610 610 619 623 651 657 666 696 697 
1640897685.634685 ### RSSI: -48, 8, 1640049609 ,428 
1640897685.634725 ### DEBUG: Ticks: 439, 16, 1 
1640897685.634764 1640049610 c0:98:e5:42:00:2c 322 
1640897685.634803 492 545 547 557 579 580 592 598 603 618 624 627 631 632 638 
1640897685.634843 651 660 664 671 675 684 691 693 697 699 722 725 726 754 772 
1640897685.634882 ### RSSI: -46, 19, 1640049610 ,443 
1640897685.634921 ### DEBUG: Ticks: 454, 15, 1 
1640897685.634960 1640049611 c0:98:e5:42:00:2c 252 
1640897685.634999 372 413 431 435 441 452 462 470 475 487 491 492 501 501 504 
1640897685.635038 507 509 511 512 514 525 541 554 558 560 562 568 591 599 624 
1640897685.635078 ### RSSI: -48, 7, 1640049611 ,459 
1640897685.635117 ### DEBUG: Ticks: 470, 16, 1 
1640897685.635156 1640049612 c0:98:e5:42:00:2c 265 
1640897685.635195 407 417 463 466 469 473 480 486 495 498 519 520 526 526 528 
1640897685.635246 534 537 538 542 543 555 559 563 569 576 591 603 609 648 660 
1640897685.635349 ### RSSI: -46, 19, 1640049612 ,475 
1640897685.635456 ### DEBUG: Ticks: 486, 16, 1 
1640897685.635512 1640049613 c0:98:e5:42:00:2c 285 
1640897685.635574 453 460 471 497 522 538 544 548 553 561 567 568 569 569 570 
1640897685.635614 571 575 580 583 592 595 601 603 620 627 629 636 646 663 681 
1640897685.635654 ### RSSI: -46, 18, 1640049613 ,490 
1640897685.635693 ### DEBUG: Ticks: 501, 15, 1 
1640897685.635733 1640049614 c0:98:e5:42:00:2c 278 
1640897685.635772 439 457 458 478 492 517 523 526 533 533 535 548 553 553 556 
1640897685.635811 559 561 561 582 596 596 597 597 600 605 607 608 618 637 672 
1640897685.635851 ### RSSI: -47, 27, 1640049614 ,506 
1640897685.635890 ### DEBUG: Ticks: 517, 16, 1 
1640897685.635929 1640049615 c0:98:e5:42:00:2c 301 
1640897685.635968 491 499 504 519 533 547 574 576 583 586 588 588 589 593 598 
1640897685.636007 606 607 609 618 619 634 638 657 664 665 665 667 676 688 743 
1640897685.636047 ### RSSI: -48, 28, 1640049615 ,522 
1640897685.636086 ### DEBUG: Ticks: 533, 16, 1 
1640897685.636125 1640049616 c0:98:e5:42:00:2c 263 
1640897685.636164 452 456 465 479 492 494 497 507 508 509 509 515 515 521 526 
1640897685.636203 526 529 532 549 550 564 571 574 585 589 593 597 604 615 649 
1640897685.636243 ### RSSI: -46, 20, 1640049616 ,537 
1640897685.636282 ### DEBUG: Ticks: 548, 15, 1 
1640897685.636321 1640049617 c0:98:e5:42:00:2c 267 
1640897685.636360 406 411 433 438 454 462 501 506 519 519 522 525 525 531 534 
1640897685.636400 536 541 542 545 546 549 553 558 561 578 584 587 591 599 602 
1640897685.636439 ### RSSI: -48, 4, 1640049617 ,553 
1640897685.636478 ### DEBUG: Ticks: 564, 16, 1 
1640897685.636518 1640049618 c0:98:e5:42:00:2c 266 
1640897685.636557 392 445 445 466 475 476 480 483 489 506 511 515 524 528 533 
1640897685.636596 538 540 541 560 561 561 563 572 572 599 602 622 626 635 0 
1640897685.636636 ### RSSI: -47, 25, 1640049618 ,568 
1640897685.636675 ### INFO: SD card flushed!
1640897685.927581 ### DEBUG: Ticks: 579, 15, 1 
1640897685.927680 1640049619 c0:98:e5:42:00:2c 284 
1640897685.938543 465 474 490 492 511 518 521 526 544 546 550 554 555 561 567 
1640897685.938720 569 580 580 594 597 598 600 615 635 637 660 662 677 679 679 
1640897686.222511 ### RSSI: -54, 34, 1640049619 ,584 
1640897686.937014 ### DEBUG: Ticks: 595, 16, 1 
1640897686.937114 1640049620 c0:98:e5:42:00:2c 270 
1640897686.937155 393 450 456 474 480 490 494 509 509 512 515 526 536 538 539 
1640897686.937199 541 546 560 563 564 568 571 580 589 597 603 608 624 628 679 
1640897687.231278 ### RSSI: -46, 13, 1640049621 ,600 
1640897687.931295 ### DEBUG: Ticks: 611, 16, 1 
1640897687.931400 1640049621 c0:98:e5:42:00:2c 279 
1640897687.931441 434 458 478 493 501 512 525 527 528 531 532 539 539 542 553 
1640897687.931482 563 567 567 573 579 584 590 594 618 619 622 636 644 651 652 
1640897688.228382 ### RSSI: -50, 30, 1640049622 ,615 
1640897688.929632 ### DEBUG: Ticks: 626, 15, 1 
1640897688.929734 1640049622 c0:98:e5:42:00:2c 281 
1640897688.929775 420 471 473 499 501 506 517 526 536 540 544 546 552 559 562 
1640897688.929818 563 565 569 571 572 578 592 594 607 609 619 622 623 680 683 
1640897689.229425 ### RSSI: -46, 16, 1640049623 ,631 
1640897689.935747 ### DEBUG: Ticks: 642, 16, 1 
1640897689.935849 1640049623 c0:98:e5:42:00:2c 279 
1640897689.935890 418 482 486 494 504 511 531 533 534 540 546 547 548 555 556 
1640897689.935934 562 572 573 575 586 586 587 590 597 609 619 640 641 645 679 
1640897690.222968 ### RSSI: -47, 24, 1640049624 ,647 
1640897691.224247 ### RSSI: -49, 1, 1640049625 ,662 
1640897692.225829 ### RSSI: -47, 10, 1640049626 ,678 
1640897692.927983 ### DEBUG: Ticks: 689, 47, 1 
1640897692.928085 1640049626 c0:98:e5:42:00:2c 258 
1640897692.928130 391 406 458 471 482 484 486 488 502 506 508 509 510 514 516 
1640897692.928170 518 519 522 526 529 540 544 572 574 579 587 613 616 646 657 
1640897693.226212 ### RSSI: -46, 18, 1640049627 ,693 
1640897693.934753 ### DEBUG: Ticks: 704, 15, 1 
1640897693.934865 1640049627 c0:98:e5:42:00:2c 325 
1640897693.934910 495 530 547 580 604 608 611 611 622 623 625 631 632 641 648 
1640897693.934949 655 662 664 669 677 681 683 684 688 688 697 699 700 704 773 
1640897694.225042 ### RSSI: -46, 17, 1640049628 ,709 
1640897695.231638 ### RSSI: -49, 29, 1640049629 ,725 
1640897696.226496 ### RSSI: -45, 19, 1640049630 ,740 
1640897696.932612 ### DEBUG: Ticks: 751, 47, 1 
1640897696.932723 1640049630 c0:98:e5:42:00:2c 290 
1640897696.932763 452 467 497 506 511 520 524 545 548 550 555 565 567 571 580 
1640897696.932807 580 586 591 599 600 611 616 619 625 634 634 646 660 669 676 
1640897697.222793 ### RSSI: -46, 19, 1640049630 ,756 
1640897697.932832 ### DEBUG: Ticks: 767, 16, 1 
1640897697.932935 1640049631 c0:98:e5:42:00:2c 276 
1640897697.932980 400 478 494 497 506 513 515 522 527 532 536 539 543 548 553 
1640897697.933019 553 555 560 562 565 567 583 616 623 625 647 651 665 668 0 
1640897698.224888 ### RSSI: -46, 16, 1640049631 ,771 
1640897698.931577 ### DEBUG: Ticks: 782, 15, 1 
1640897698.931680 1640049632 c0:98:e5:42:00:2c 299 
1640897698.931722 439 463 468 485 492 500 512 518 532 539 541 545 548 551 554 
1640897698.931770 556 558 559 564 566 590 593 598 598 619 620 631 635 635 672 
1640897699.229851 ### RSSI: -47, 9, 1640049632 ,787 
1640897699.928197 ### DEBUG: Ticks: 798, 16, 1 
1640897699.928373 1640049633 c0:98:e5:42:00:2c 300 
1640897699.928482 493 499 517 518 520 550 573 578 579 580 589 590 596 600 600 
1640897699.941010 601 605 608 613 623 625 642 651 653 664 674 677 680 690 691 
1640897700.226869 ### RSSI: -50, 30, 1640049633 ,803 
1640897700.933115 ### DEBUG: Ticks: 814, 16, 1 
1640897700.933288 1640049634 c0:98:e5:42:00:2c -2147483647 
1640897700.933409 -2147483647 -2147483647 -2147483647 -2147483647 -2147483647 -2147483647 -2147483647 -2147483647 -2147483647 -2147483647 -2147483647 -2147483647 -2147483647 -2147483647 -2147483647 
1640897700.933503 -2147483647 -2147483647 -2147483647 -2147483647 -2147483647 -2147483647 -2147483647 -2147483647 -2147483647 -2147483647 -2147483647 -2147483647 -2147483647 -2147483647 -2147483647 
1640897701.222616 ### RSSI: -51, 31, 1640049634 ,818 
1640897702.224646 ### RSSI: -47, 24, 1640049635 ,834 
1640897703.231759 ### RSSI: -51, 31, 1640049636 ,850 
1640897703.927932 ### DEBUG: Ticks: 861, 47, 1 
1640897703.928122 1640049637 c0:98:e5:42:00:2c -2147483647 
1640897703.939585 -2147483647 -2147483647 -2147483647 -2147483647 -2147483647 -2147483647 -2147483647 -2147483647 -2147483647 -2147483647 -2147483647 -2147483647 -2147483647 -2147483647 -2147483647 
1640897703.939718 -2147483647 -2147483647 -2147483647 -2147483647 -2147483647 -2147483647 -2147483647 -2147483647 -2147483647 -2147483647 -2147483647 -2147483647 -2147483647 -2147483647 -2147483647 
1640897704.227559 ### RSSI: -47, 25, 1640049637 ,865 
1640897704.846931 ### DEBUG: Ticks: 875, 14, 1 
1640897705.231826 1640049638 ### RSSI: -47, 17, 1640049638 ,881 
1640897705.838785 ### DEBUG: Ticks: 890, 15, 1 
1640897706.230548 1640049639 ### RSSI: -48, 15, 1640049639 ,896 
1640897706.717923 ### DEBUG: Ticks: 904, 14, 1 
1640897707.226071 1640049640 ### RSSI: -48, 8, 1640049640 ,912 
1640897707.718443 ### DEBUG: Ticks: 920, 16, 1 
1640897708.224058 1640049641 ### RSSI: -47, 23, 1640049641 ,928 
1640897708.642041 ### DEBUG: Ticks: 934, 14, 1 
1640897709.231412 1640049643 ### RSSI: -48, 8, 1640049643 ,943 
1640897709.474059 ### INFO: SquarePoint communications appear to be down...restarting
1640897709.474186 ### INFO: Switched Scheduler EUI from c0:98:e5:42:00:2c to 00:00:00:00:00:00
1640897709.720182 ### INFO: SD card flushed!
1640897709.720316 ### STOPPED, setting module to STOPPED
1640897709.720382 ### DEBUG: BLE START SCANNING called
1640897709.841668 ### INFO: Device is now IN MOTION
1640897709.841823 ### DEBUG: BLE START SCANNING called
1640897710.223179 ### RSSI: -61, 25, 1640049644 ,959 
1640897710.223342 ### DEBUG: BLE START SCANNING called
1640897710.481113 ### DEBUG: BLE START SCANNING called
1640897711.228754 ### RSSI: -47, 16, 1640049645 ,974 
1640897711.228867 ### DEBUG: BLE START SCANNING called
1640897711.475565 ### DEBUG: BLE START SCANNING called
1640897712.224307 ### RSSI: -44, 24, 1640049647 ,990 
1640897712.224418 ### DEBUG: BLE START SCANNING called
1640897712.476125 ### DEBUG: BLE START SCANNING called
1640897713.226685 ### RSSI: -46, 22, 1640049648 ,1006 
1640897713.226799 ### DEBUG: BLE START SCANNING called
1640897713.478383 ### DEBUG: BLE START SCANNING called
1640897714.226431 ### RSSI: -48, 36, 1640049649 ,1021 
1640897714.226543 ### DEBUG: BLE START SCANNING called
1640897714.478264 ### DEBUG: BLE START SCANNING called
1640897715.231872 ### RSSI: -51, 13, 1640049650 ,1037 
1640897715.232073 ### DEBUG: BLE START SCANNING called
1640897715.480219 ### DEBUG: BLE START SCANNING called
1640897716.230110 ### RSSI: -59, 32, 1640049651 ,1053 
1640897716.230211 ### DEBUG: BLE START SCANNING called
1640897716.480334 ### DEBUG: BLE START SCANNING called
1640897717.228748 ### RSSI: -66, 15, 1640049652 ,1068 
1640897717.228859 ### DEBUG: BLE START SCANNING called
1640897717.478452 ### DEBUG: BLE START SCANNING called
1640897718.229973 ### RSSI: -62, 28, 1640049653 ,1084 
1640897718.230086 ### DEBUG: BLE START SCANNING called
1640897718.475320 ### DEBUG: BLE START SCANNING called
1640897719.471528 ### DEBUG: BLE START SCANNING called
1640897720.473983 ### DEBUG: BLE START SCANNING called
1640897721.479192 ### DEBUG: BLE START SCANNING called
1640897722.325145 ### BLE EVENT: 17, INFO: BLE DISCONNECTED!
1640897722.325290 ### DEBUG: BLE START SCANNING called
1640897723.416269 ### DEBUG: BLE START SCANNING called
1640897723.439048 ### DEBUG: BLE START SCANNING called
1640897723.462363 ### DEBUG: BLE START SCANNING called
1640897724.510825 ### addr: c0:98:e5:42:00:2c 
1640897724.510942 ### on_adv_report outer RSSI: -68, time:1640049659 
1640897724.510982 ### INFO: Discovered new device: c0:98:e5:42:00:2c
1640897724.511022 ### INFO: Starting the SquarePoint module...
1640897724.511061 ### INFO: Starting SquarePoint module as PARTICIPANT with timestamp 1640049659
1640897724.522071 ### DEBUG: BLE STOP SCANNING called
1640897724.522170 ### INFO: SquarePoint module successfully started!
1640897724.522210 ### REQUEST_TIME, responding with current timestamp
1640897724.522262 ### INFO: Sending timestamp 1640049659 to SquarePoint
1640897724.522314 ### ERROR: Failed to send current timestamp to the SquarePoint module!
1640897724.621394 ### DEBUG: Ticks: 1184, 250, 0 
1640897725.316885 1640049660 ### DEBUG: Ticks: 1195, 11, 0 
1640897725.316984 1640049421 ### INFO: Switched Scheduler EUI from 00:00:00:00:00:00 to c0:98:e5:42:00:2c
1640897726.393969 ### DEBUG: Ticks: 1211, 16, 0 
1640897726.394066 1640049422 c0:98:e5:42:00:2c 5105 
1640897726.407218 5320 5348 5378 5405 5418 5426 5427 5432 5434 5435 5436 5437 5442 5443 5448 
1640897726.407379 5449 5454 5457 5459 5470 5472 5475 5493 5507 5509 5512 5517 5532 5576 5626 
1640897727.405797 ### DEBUG: Ticks: 1227, 16, 0 
1640897727.405898 1640049423 c0:98:e5:42:00:2c 5007 
1640897727.405943 5120 5230 5234 5235 5248 5248 5257 5262 5267 5269 5281 5293 5295 5297 5298 
1640897727.417413 5300 5310 5313 5320 5320 5331 5340 5340 5341 5377 5380 5394 5419 5428 5616 
1640897728.408454 ### DEBUG: Ticks: 1243, 16, 0 
1640897728.408568 1640049424 c0:98:e5:42:00:2c 4988 
1640897728.408626 5220 5237 5251 5269 5272 5283 5288 5294 5297 5324 5327 5340 5345 5347 5347 
1640897728.408713 5350 5353 5355 5357 5358 5368 5386 5387 5390 5397 5398 5419 5420 5465 5553 
1640897729.407935 ### DEBUG: Ticks: 1258, 15, 0 
1640897729.408046 1640049425 c0:98:e5:42:00:2c 5082 
1640897729.408102 5194 5256 5264 5275 5291 5296 5313 5317 5324 5325 5328 5342 5344 5344 5345 
1640897729.408151 5353 5365 5365 5365 5369 5373 5375 5397 5427 5507 5536 5555 5558 5626 5647 
1640897730.404634 ### DEBUG: Ticks: 1274, 16, 0 
1640897730.404739 1640049426 c0:98:e5:42:00:2c 4841 
1640897730.416470 5047 5048 5056 5073 5076 5081 5087 5097 5102 5104 5104 5105 5106 5111 5116 
1640897730.416581 5118 5123 5124 5126 5132 5136 5138 5152 5164 5174 5182 5200 5363 5412 5538 
1640897731.405279 ### DEBUG: Ticks: 1290, 16, 0 
1640897731.405417 1640049427 c0:98:e5:42:00:2c 4798 
1640897731.405472 4980 5012 5016 5024 5046 5050 5051 5061 5061 5062 5066 5068 5070 5078 5079 
1640897731.405530 5083 5084 5091 5098 5099 5100 5102 5112 5115 5145 5149 5155 5238 5341 5390 
1640897732.413160 ### DEBUG: Ticks: 1305, 15, 0 
1640897732.413346 1640049428 c0:98:e5:42:00:2c 4360 
1640897732.413396 4558 4580 4585 4586 4587 4604 4627 4628 4631 4636 4636 4637 4641 4642 4648 
1640897732.413445 4651 4652 4652 4656 4657 4659 4662 4685 4696 4742 4767 4791 4881 4938 5016 
1640897733.406631 ### DEBUG: Ticks: 1321, 16, 0 
1640897733.406733 1640049429 c0:98:e5:42:00:2c 3573 
1640897733.406778 3805 3824 3834 3842 3843 3846 3849 3850 3853 3855 3856 3857 3859 3860 3862 
1640897733.406823 3873 3873 3875 3882 3884 3890 3894 3901 3902 3903 3913 3914 3942 3973 4316 
1640897734.409654 ### DEBUG: Ticks: 1337, 16, 0 
1640897734.409758 1640049430 c0:98:e5:42:00:2c 2432 
1640897734.409799 2627 2637 2649 2649 2651 2657 2666 2667 2667 2675 2676 2677 2685 2695 2695 
1640897734.409855 2703 2709 2723 2728 2733 2737 2740 2744 2745 2756 2770 2779 2780 2787 3339 
1640897735.412167 ### DEBUG: Ticks: 1352, 15, 0 
1640897735.412288 1640049431 c0:98:e5:42:00:2c 1390 
1640897735.412339 1528 1584 1601 1603 1609 1613 1633 1634 1637 1644 1651 1656 1658 1667 1676 
1640897735.412391 1676 1678 1680 1681 1683 1685 1687 1687 1692 1700 1719 1751 1754 1786 2169 
1640897736.406911 ### DEBUG: Ticks: 1368, 16, 0 
1640897736.407013 1640049432 c0:98:e5:42:00:2c 1165 
1640897736.407054 1436 1440 1449 1454 1459 1462 1463 1474 1478 1483 1484 1494 1500 1502 1510 
1640897736.407099 1511 1523 1524 1527 1531 1541 1554 1555 1568 1568 1582 1608 1621 1636 1718 
1640897737.404796 ### DEBUG: Ticks: 1383, 15, 0 
1640897737.404898 1640049433 c0:98:e5:42:00:2c 1318 
1640897737.404943 1513 1516 1542 1562 1563 1574 1578 1585 1594 1595 1597 1602 1610 1615 1619 
1640897737.416596 1628 1642 1643 1644 1644 1657 1659 1670 1678 1694 1704 1720 1723 1736 1752 
1640897738.411661 ### DEBUG: Ticks: 1399, 16, 0 
1640897738.411769 1640049434 c0:98:e5:42:00:2c 1532 
1640897738.411820 1663 1683 1718 1747 1750 1752 1765 1771 1771 1776 1792 1795 1799 1800 1807 
1640897738.411867 1815 1821 1824 1835 1845 1857 1882 1899 1918 1920 1926 1927 1948 1990 2043 
1640897739.414216 ### DEBUG: Ticks: 1415, 16, 0 
1640897739.414312 1640049435 c0:98:e5:42:00:2c 1429 
1640897739.414353 1648 1669 1673 1674 1681 1686 1694 1696 1701 1705 1705 1708 1711 1716 1719 
1640897739.414400 1722 1729 1730 1751 1754 1756 1760 1760 1773 1786 1801 1814 1837 1928 2649 
1640897740.410997 ### DEBUG: Ticks: 1430, 15, 0 
1640897740.411104 1640049436 c0:98:e5:42:00:2c 1505 
1640897740.411160 1612 1625 1628 1638 1659 1674 1681 1686 1687 1689 1698 1704 1709 1709 1718 
1640897740.411215 1719 1724 1725 1728 1739 1739 1740 1759 1759 1764 1775 1779 1795 1808 1946 
1640897741.404650 ### DEBUG: Ticks: 1446, 16, 0 
1640897741.404751 1640049437 c0:98:e5:42:00:2c 1533 
1640897741.404796 1655 1681 1715 1753 1769 1776 1779 1784 1787 1790 1793 1794 1796 1806 1808 
1640897741.404836 1812 1818 1829 1849 1852 1882 1882 1888 1903 1919 1937 1939 1963 1973 2035 
1640897742.411132 ### DEBUG: Ticks: 1462, 16, 0 
1640897742.411231 1640049438 c0:98:e5:42:00:2c 1668 
1640897742.411373 1809 1836 1912 1935 1960 1964 1969 1981 1988 1994 1998 1998 1999 2001 2008 
1640897742.411414 2014 2015 2015 2035 2045 2051 2070 2083 2088 2106 2119 2130 2141 2148 2240 
1640897743.405346 ### DEBUG: Ticks: 1477, 15, 0 
1640897743.405463 1640049439 c0:98:e5:42:00:2c 1749 
1640897743.405514 1882 1886 1918 1951 1963 1968 1974 1978 1979 1983 1992 1995 1997 2012 2020 
1640897743.405574 2031 2037 2037 2038 2039 2043 2054 2054 2060 2070 2079 2088 2092 2140 2147 
1640897744.409658 ### DEBUG: Ticks: 1493, 16, 0 
1640897744.409766 1640049440 c0:98:e5:42:00:2c 1711 
1640897744.409817 1935 1947 1948 1959 1960 1972 1976 1976 1978 1981 1982 1982 1986 1989 1995 
1640897744.409866 2001 2003 2016 2018 2019 2027 2028 2029 2030 2060 2068 2073 2094 2097 2226 
1640897745.406671 ### DEBUG: Ticks: 1508, 15, 0 
1640897745.406772 1640049441 c0:98:e5:42:00:2c 1690 
1640897745.406814 1901 1913 1939 1942 1947 1947 1950 1957 1971 1972 1973 1978 1979 1981 1988 
1640897745.406854 1989 1991 1995 1996 1998 1998 1999 2026 2026 2038 2038 2050 2072 2198 2800 
1640897746.416170 ### DEBUG: Ticks: 1524, 16, 0 
1640897746.416291 1640049442 c0:98:e5:42:00:2c 1876 
1640897746.416342 2054 2061 2084 2098 2106 2108 2111 2114 2117 2119 2140 2141 2147 2151 2152 
1640897746.416395 2154 2157 2163 2172 2188 2194 2200 2200 2213 2231 2248 2252 2434 2481 3045 
1640897747.412744 ### DEBUG: Ticks: 1540, 16, 0 
1640897747.412864 1640049443 c0:98:e5:42:00:2c 1720 
1640897747.412915 1896 1910 1963 1966 1966 1970 1984 1984 1990 1992 1993 1994 1995 1997 2000 
1640897747.412970 2026 2031 2035 2036 2049 2059 2059 2061 2061 2067 2079 2085 2100 2133 2138 
1640897748.408243 ### DEBUG: Ticks: 1555, 15, 0 
1640897748.408357 1640049444 c0:98:e5:42:00:2c 1711 
1640897748.408406 1913 1933 1939 1943 1950 1951 1963 1970 1978 1982 1989 1997 1999 2000 2008 
1640897748.408461 2008 2011 2020 2023 2032 2045 2047 2055 2067 2069 2093 2094 2111 2166 2196 
1640897749.407644 ### DEBUG: Ticks: 1571, 16, 0 
1640897749.407764 1640049445 c0:98:e5:42:00:2c 1843 
1640897749.407805 2055 2062 2071 2081 2081 2089 2093 2105 2106 2108 2122 2123 2124 2127 2129 
1640897749.407849 2130 2133 2135 2138 2138 2140 2140 2141 2144 2145 2153 2171 2191 2202 2220 
1640897750.406124 ### DEBUG: Ticks: 1586, 15, 0 
1640897750.406228 1640049446 c0:98:e5:42:00:2c 2357 
1640897750.406273 2602 2602 2604 2604 2606 2607 2611 2612 2616 2617 2618 2619 2624 2629 2629 
1640897750.406313 2633 2634 2640 2646 2649 2654 2661 2670 2670 2670 2673 2689 2710 2755 2774 
1640897751.409880 ### DEBUG: Ticks: 1602, 16, 0 
1640897751.410224 1640049447 c0:98:e5:42:00:2c -2147483647 
1640897751.410277 -2147483647 -2147483647 -2147483647 -2147483647 -2147483647 -2147483647 -2147483647 -2147483647 -2147483647 -2147483647 -2147483647 -2147483647 -2147483647 -2147483647 -2147483647 
1640897751.410328 -2147483647 -2147483647 -2147483647 -2147483647 -2147483647 -2147483647 -2147483647 -2147483647 -2147483647 -2147483647 -2147483647 -2147483647 -2147483647 -2147483647 -2147483647 
1640897752.404771 ### DEBUG: Ticks: 1618, 16, 0 
1640897752.404870 1640049448 c0:98:e5:42:00:2c -2147483647 
1640897752.417902 -2147483647 -2147483647 -2147483647 -2147483647 -2147483647 -2147483647 -2147483647 -2147483647 -2147483647 -2147483647 -2147483647 -2147483647 -2147483647 -2147483647 -2147483647 
1640897752.418008 -2147483647 -2147483647 -2147483647 -2147483647 -2147483647 -2147483647 -2147483647 -2147483647 -2147483647 -2147483647 -2147483647 -2147483647 -2147483647 -2147483647 -2147483647 
1640897753.409029 ### DEBUG: Ticks: 1633, 15, 0 
1640897753.409140 1640049449 c0:98:e5:42:00:2c -2147483647 
1640897753.409192 -2147483647 -2147483647 -2147483647 -2147483647 -2147483647 -2147483647 -2147483647 -2147483647 -2147483647 -2147483647 -2147483647 -2147483647 -2147483647 -2147483647 -2147483647 
1640897753.409254 -2147483647 -2147483647 -2147483647 -2147483647 -2147483647 -2147483647 -2147483647 -2147483647 -2147483647 -2147483647 -2147483647 -2147483647 -2147483647 -2147483647 -2147483647 
1640897754.408140 ### DEBUG: Ticks: 1649, 16, 0 
1640897754.408236 1640049450 c0:98:e5:42:00:2c -2147483647 
1640897754.408283 -2147483647 -2147483647 -2147483647 -2147483647 -2147483647 -2147483647 -2147483647 -2147483647 -2147483647 -2147483647 -2147483647 -2147483647 -2147483647 -2147483647 -2147483647 
1640897754.408339 -2147483647 -2147483647 -2147483647 -2147483647 -2147483647 -2147483647 -2147483647 -2147483647 -2147483647 -2147483647 -2147483647 -2147483647 -2147483647 -2147483647 -2147483647 
1640897755.406953 ### DEBUG: Ticks: 1665, 16, 0 
1640897755.407059 1640049451 c0:98:e5:42:00:2c -2147483647 
1640897755.407151 -2147483647 -2147483647 -2147483647 -2147483647 -2147483647 -2147483647 -2147483647 -2147483647 -2147483647 -2147483647 -2147483647 -2147483647 -2147483647 -2147483647 -2147483647 
1640897755.420596 -2147483647 -2147483647 -2147483647 -2147483647 -2147483647 -2147483647 -2147483647 -2147483647 -2147483647 -2147483647 -2147483647 -2147483647 -2147483647 -2147483647 -2147483647 
1640897756.929681 ### DEBUG: Ticks: 1688, 23, 0 
1640897758.018843 1640049422 ### DEBUG: Ticks: 1705, 17, 0 
1640897758.018968 1640049423 c0:98:e5:42:00:2c -2147483647 
1640897758.019021 -2147483647 -2147483647 -2147483647 -2147483647 -2147483647 -2147483647 -2147483647 -2147483647 -2147483647 -2147483647 -2147483647 -2147483647 -2147483647 -2147483647 -2147483647 
1640897758.019081 -2147483647 -2147483647 -2147483647 -2147483647 -2147483647 -2147483647 -2147483647 -2147483647 -2147483647 -2147483647 -2147483647 -2147483647 -2147483647 -2147483647 -2147483647 
1640897759.028908 ### DEBUG: Ticks: 1721, 16, 0 
1640897759.029015 1640049424 c0:98:e5:42:00:2c -2147483647 
1640897759.029066 -2147483647 -2147483647 -2147483647 -2147483647 -2147483647 -2147483647 -2147483647 -2147483647 -2147483647 -2147483647 -2147483647 -2147483647 -2147483647 -2147483647 -2147483647 
1640897759.029115 -2147483647 -2147483647 -2147483647 -2147483647 -2147483647 -2147483647 -2147483647 -2147483647 -2147483647 -2147483647 -2147483647 -2147483647 -2147483647 -2147483647 -2147483647 
1640897760.025770 ### DEBUG: Ticks: 1737, 16, 0 
1640897760.025885 1640049425 c0:98:e5:42:00:2c -2147483647 
1640897760.025939 -2147483647 -2147483647 -2147483647 -2147483647 -2147483647 -2147483647 -2147483647 -2147483647 -2147483647 -2147483647 -2147483647 -2147483647 -2147483647 -2147483647 -2147483647 
1640897760.026119 -2147483647 -2147483647 -2147483647 -2147483647 -2147483647 -2147483647 -2147483647 -2147483647 -2147483647 -2147483647 -2147483647 -2147483647 -2147483647 -2147483647 -2147483647 
1640897761.027978 ### DEBUG: Ticks: 1752, 15, 0 
1640897761.028095 1640049426 c0:98:e5:42:00:2c -2147483647 
1640897761.028153 -2147483647 -2147483647 -2147483647 -2147483647 -2147483647 -2147483647 -2147483647 -2147483647 -2147483647 -2147483647 -2147483647 -2147483647 -2147483647 -2147483647 -2147483647 
1640897761.028220 -2147483647 -2147483647 -2147483647 -2147483647 -2147483647 -2147483647 -2147483647 -2147483647 -2147483647 -2147483647 -2147483647 -2147483647 -2147483647 -2147483647 -2147483647 
1640897761.317597 ### DEBUG: Ticks: 1757, 5, 0 
1640897761.317702 1640049427 c0:98:e5:42:00:2c 300 
1640897761.317743 384 384 384 384 384 384 384 384 384 384 384 384 384 384 384 
1640897761.317789 384 384 384 384 384 384 384 384 384 384 384 384 384 384 384 
1640897762.395832 ### DEBUG: Ticks: 1774, 17, 0 
1640897762.395943 1640049428 c0:98:e5:42:00:2c 5205 
1640897762.395994 5380 5382 5385 5388 5414 5416 5431 5444 5447 5447 5449 5452 5458 5461 5467 
1640897762.396047 5467 5478 5485 5488 5502 5519 5521 5531 5550 5583 5586 5667 5673 5730 5761 
1640897763.406598 ### DEBUG: Ticks: 1790, 16, 0 
1640897763.406694 1640049429 c0:98:e5:42:00:2c 4941 
1640897763.406735 5206 5210 5218 5228 5243 5246 5247 5252 5255 5258 5259 5259 5260 5261 5262 
1640897763.406774 5271 5272 5272 5275 5295 5296 5315 5316 5328 5336 5368 5370 5393 5437 5440 
1640897764.408607 ### DEBUG: Ticks: 1805, 15, 0 
1640897764.408722 1640049430 c0:98:e5:42:00:2c 4950 
1640897764.408772 5238 5240 5247 5251 5255 5256 5259 5268 5269 5269 5271 5275 5278 5278 5279 
1640897764.408827 5282 5286 5293 5294 5295 5300 5307 5316 5331 5332 5345 5346 5378 5387 5387 
1640897767.404740 ### DEBUG: Ticks: 1852, 47, 0 
1640897767.404840 1640049433 c0:98:e5:42:00:2c -2147483647 
1640897767.404884 -2147483647 -2147483647 -2147483647 -2147483647 -2147483647 -2147483647 -2147483647 -2147483647 -2147483647 -2147483647 -2147483647 -2147483647 -2147483647 -2147483647 -2147483647 
1640897767.416020 -2147483647 -2147483647 -2147483647 -2147483647 -2147483647 -2147483647 -2147483647 -2147483647 -2147483647 -2147483647 -2147483647 -2147483647 -2147483647 -2147483647 -2147483647 
1640897767.790598 ### INFO: SD card flushed!
1640897768.411469 ### DEBUG: Ticks: 1868, 16, 0 
1640897768.411587 1640049434 c0:98:e5:42:00:2c -2147483647 
1640897768.411637 -2147483647 -2147483647 -2147483647 -2147483647 -2147483647 -2147483647 -2147483647 -2147483647 -2147483647 -2147483647 -2147483647 -2147483647 -2147483647 -2147483647 -2147483647 
1640897768.411692 -2147483647 -2147483647 -2147483647 -2147483647 -2147483647 -2147483647 -2147483647 -2147483647 -2147483647 -2147483647 -2147483647 -2147483647 -2147483647 -2147483647 -2147483647 
1640897769.408753 ### DEBUG: Ticks: 1883, 15, 0 
1640897769.408863 1640049435 c0:98:e5:42:00:2c -2147483647 
1640897769.408910 -2147483647 -2147483647 -2147483647 -2147483647 -2147483647 -2147483647 -2147483647 -2147483647 -2147483647 -2147483647 -2147483647 -2147483647 -2147483647 -2147483647 -2147483647 
1640897769.408959 -2147483647 -2147483647 -2147483647 -2147483647 -2147483647 -2147483647 -2147483647 -2147483647 -2147483647 -2147483647 -2147483647 -2147483647 -2147483647 -2147483647 -2147483647 
1640897770.406483 ### DEBUG: Ticks: 1899, 16, 0 
1640897770.406602 1640049436 c0:98:e5:42:00:2c -2147483647 
1640897770.406659 -2147483647 -2147483647 -2147483647 -2147483647 -2147483647 -2147483647 -2147483647 -2147483647 -2147483647 -2147483647 -2147483647 -2147483647 -2147483647 -2147483647 -2147483647 
1640897770.406700 -2147483647 -2147483647 -2147483647 -2147483647 -2147483647 -2147483647 -2147483647 -2147483647 -2147483647 -2147483647 -2147483647 -2147483647 -2147483647 -2147483647 -2147483647 
1640897771.406004 ### DEBUG: Ticks: 1914, 15, 0 
1640897771.406117 1640049437 c0:98:e5:42:00:2c -2147483647 
1640897771.406173 -2147483647 -2147483647 -2147483647 -2147483647 -2147483647 -2147483647 -2147483647 -2147483647 -2147483647 -2147483647 -2147483647 -2147483647 -2147483647 -2147483647 -2147483647 
1640897771.406276 -2147483647 -2147483647 -2147483647 -2147483647 -2147483647 -2147483647 -2147483647 -2147483647 -2147483647 -2147483647 -2147483647 -2147483647 -2147483647 -2147483647 -2147483647 
1640897772.188179 ### DEBUG: Ticks: 1927, 13, 0 
1640897773.195292 1640049438 ### DEBUG: Ticks: 1942, 15, 0 
1640897774.197870 1640049439 ### DEBUG: Ticks: 1958, 16, 0 
1640897774.466691 1640049440 ### DEBUG: Ticks: 1962, 4, 0 
1640897775.459786 1640049421 ### DEBUG: Ticks: 1978, 16, 0 
1640897776.363614 1640049422 ### DEBUG: Ticks: 1992, 14, 0 
1640897776.476066 1640049423 ### INFO: SquarePoint communications appear to be down...restarting
1640897776.476173 ### INFO: Switched Scheduler EUI from c0:98:e5:42:00:2c to 00:00:00:00:00:00
1640897776.612267 ### INFO: SD card flushed!
1640897776.612371 ### STOPPED, setting module to STOPPED
1640897776.612412 ### DEBUG: BLE START SCANNING called
1640897777.726745 ### DEBUG: BLE START SCANNING called
1640897777.738235 ### DEBUG: BLE START SCANNING called
1640897778.814052 ### DEBUG: BLE START SCANNING called
1640897778.814153 ### DEBUG: BLE START SCANNING called
1640897779.883539 ### DEBUG: BLE START SCANNING called
1640897779.906096 ### DEBUG: BLE START SCANNING called
1640897780.960934 ### DEBUG: BLE START SCANNING called
1640897780.961084 ### DEBUG: BLE START SCANNING called
1640897780.994347 ### addr: c0:98:e5:42:00:2c 
1640897780.994494 ### on_adv_report outer RSSI: -68, time:1640049428 
1640897780.994545 ### INFO: Discovered new device: c0:98:e5:42:00:2c
1640897780.994593 ### INFO: Starting the SquarePoint module...
1640897781.087817 ### ERROR: Failed reading SquarePoint packet length
1640897781.201933 ### ERROR: Unable to communicate with the SquarePoint module
1640897781.202052 ### DEBUG: connected? already connected
1640897781.202103 ### DEBUG: BLE START SCANNING called
1640897781.202152 ### INFO: Starting the SquarePoint module...
1640897781.202205 ### INFO: Starting SquarePoint module as PARTICIPANT with timestamp 1640049428
1640897781.202254 ### DEBUG: BLE STOP SCANNING called
1640897781.202302 ### INFO: SquarePoint module successfully started!
1640897781.223431 ### DEBUG: Ticks: 2068, 76, 1 
1640897781.258757 1640049429 ### BLE EVENT: 16, INFO: BLE CONNECTED!
1640897781.258868 ### RSSI: -65, 3, 1640049429 ,2068 
1640897781.349750 ### RSSI: -56, 30, 1640049430 ,2070 
1640897781.451839 ### RSSI: -59, 16, 1640049430 ,2071 
1640897781.551757 ### RSSI: -68, 1, 1640049430 ,2073 
1640897781.651100 ### RSSI: -58, 5, 1640049430 ,2075 
1640897781.748926 ### RSSI: -56, 21, 1640049430 ,2076 
1640897781.852759 ### RSSI: -56, 0, 1640049430 ,2078 
1640897781.958300 ### RSSI: -54, 18, 1640049430 ,2079 
1640897782.058406 ### RSSI: -53, 4, 1640049430 ,2081 
1640897782.158778 ### RSSI: -53, 5, 1640049430 ,2082 
1640897782.258982 ### RSSI: -55, 26, 1640049430 ,2084 
1640897782.349681 ### RSSI: -54, 7, 1640049431 ,2085 
1640897782.452219 ### RSSI: -56, 35, 1640049431 ,2087 
1640897782.553050 ### RSSI: -56, 25, 1640049431 ,2089 
1640897782.650597 ### RSSI: -53, 10, 1640049431 ,2090 
1640897782.748950 ### RSSI: -52, 18, 1640049431 ,2092 
1640897782.858014 ### RSSI: -57, 28, 1640049431 ,2093 
1640897783.852276 ### RSSI: -52, 19, 1640049432 ,2109 
1640897784.201015 ### DEBUG: Ticks: 2114, 46, 1 
1640897784.201126 1640049423 c0:98:e5:42:00:2c 2749 
1640897784.201182 2673 2688 2701 2703 2704 2706 2715 2722 2724 2729 2734 2740 2741 2743 2745 
1640897784.201230 2754 2761 2765 2770 2772 2787 2788 2791 2795 2801 2805 2813 2843 2859 3125 
1640897784.201279 ### INFO: Switched Scheduler EUI from 00:00:00:00:00:00 to c0:98:e5:42:00:2c
1640897785.200539 ### DEBUG: Ticks: 2130, 16, 1 
1640897785.200644 1640049424 c0:98:e5:42:00:2c -2147483647 
1640897785.200690 -2147483647 -2147483647 -2147483647 -2147483647 -2147483647 -2147483647 -2147483647 -2147483647 -2147483647 -2147483647 -2147483647 -2147483647 -2147483647 -2147483647 -2147483647 
1640897785.212723 -2147483647 -2147483647 -2147483647 -2147483647 -2147483647 -2147483647 -2147483647 -2147483647 -2147483647 -2147483647 -2147483647 -2147483647 -2147483647 -2147483647 -2147483647 
1640897786.201417 ### DEBUG: Ticks: 2146, 16, 1 
1640897786.201545 1640049425 c0:98:e5:42:00:2c -2147483647 
1640897786.201592 -2147483647 -2147483647 -2147483647 -2147483647 -2147483647 -2147483647 -2147483647 -2147483647 -2147483647 -2147483647 -2147483647 -2147483647 -2147483647 -2147483647 -2147483647 
1640897786.212984 -2147483647 -2147483647 -2147483647 -2147483647 -2147483647 -2147483647 -2147483647 -2147483647 -2147483647 -2147483647 -2147483647 -2147483647 -2147483647 -2147483647 -2147483647 
1640897787.196752 ### DEBUG: Ticks: 2161, 15, 1 
1640897787.210098 1640049426 c0:98:e5:42:00:2c -2147483647 
1640897787.210218 -2147483647 -2147483647 -2147483647 -2147483647 -2147483647 -2147483647 -2147483647 -2147483647 -2147483647 -2147483647 -2147483647 -2147483647 -2147483647 -2147483647 -2147483647 
1640897787.210269 -2147483647 -2147483647 -2147483647 -2147483647 -2147483647 -2147483647 -2147483647 -2147483647 -2147483647 -2147483647 -2147483647 -2147483647 -2147483647 -2147483647 -2147483647 
1640897787.950937 ### BLE EVENT: 17, INFO: BLE DISCONNECTED!
1640897789.991720 ### DEBUG: Ticks: 2205, 44, 0 
1640897790.346535 1640049429 ### DEBUG: Ticks: 2210, 5, 0 
1640897791.427191 1640049422 ### DEBUG: Ticks: 2227, 17, 0 
1640897791.427372 1640049423 c0:98:e5:42:00:2c 5382 
1640897791.427428 5615 5651 5707 5707 5708 5711 5713 5714 5715 5718 5725 5731 5745 5746 5764 
1640897791.427477 5765 5765 5769 5773 5779 5780 5783 5806 5808 5813 5817 5820 5831 5835 5838 
1640897792.437039 ### DEBUG: Ticks: 2243, 16, 0 
1640897792.437152 1640049424 c0:98:e5:42:00:2c -2147483647 
1640897792.437208 -2147483647 -2147483647 -2147483647 -2147483647 -2147483647 -2147483647 -2147483647 -2147483647 -2147483647 -2147483647 -2147483647 -2147483647 -2147483647 -2147483647 -2147483647 
1640897792.437270 -2147483647 -2147483647 -2147483647 -2147483647 -2147483647 -2147483647 -2147483647 -2147483647 -2147483647 -2147483647 -2147483647 -2147483647 -2147483647 -2147483647 -2147483647 
1640897793.435201 ### DEBUG: Ticks: 2259, 16, 0 
1640897793.435373 1640049425 c0:98:e5:42:00:2c -2147483647 
1640897793.435430 -2147483647 -2147483647 -2147483647 -2147483647 -2147483647 -2147483647 -2147483647 -2147483647 -2147483647 -2147483647 -2147483647 -2147483647 -2147483647 -2147483647 -2147483647 
1640897793.435485 -2147483647 -2147483647 -2147483647 -2147483647 -2147483647 -2147483647 -2147483647 -2147483647 -2147483647 -2147483647 -2147483647 -2147483647 -2147483647 -2147483647 -2147483647 
1640897794.438036 ### DEBUG: Ticks: 2274, 15, 0 
1640897794.438136 1640049426 c0:98:e5:42:00:2c -2147483647 
1640897794.438183 -2147483647 -2147483647 -2147483647 -2147483647 -2147483647 -2147483647 -2147483647 -2147483647 -2147483647 -2147483647 -2147483647 -2147483647 -2147483647 -2147483647 -2147483647 
1640897794.438226 -2147483647 -2147483647 -2147483647 -2147483647 -2147483647 -2147483647 -2147483647 -2147483647 -2147483647 -2147483647 -2147483647 -2147483647 -2147483647 -2147483647 -2147483647 
1640897795.441413 ### DEBUG: Ticks: 2290, 16, 0 
1640897795.441515 1640049427 c0:98:e5:42:00:2c -2147483647 
1640897795.441561 -2147483647 -2147483647 -2147483647 -2147483647 -2147483647 -2147483647 -2147483647 -2147483647 -2147483647 -2147483647 -2147483647 -2147483647 -2147483647 -2147483647 -2147483647 
1640897795.441602 -2147483647 -2147483647 -2147483647 -2147483647 -2147483647 -2147483647 -2147483647 -2147483647 -2147483647 -2147483647 -2147483647 -2147483647 -2147483647 -2147483647 -2147483647 
1640897796.435761 ### DEBUG: Ticks: 2305, 15, 0 
1640897796.435879 1640049428 c0:98:e5:42:00:2c -2147483647 
1640897796.435936 -2147483647 -2147483647 -2147483647 -2147483647 -2147483647 -2147483647 -2147483647 -2147483647 -2147483647 -2147483647 -2147483647 -2147483647 -2147483647 -2147483647 -2147483647 
1640897796.435989 -2147483647 -2147483647 -2147483647 -2147483647 -2147483647 -2147483647 -2147483647 -2147483647 -2147483647 -2147483647 -2147483647 -2147483647 -2147483647 -2147483647 -2147483647 
1640897799.080800 ### DEBUG: Ticks: 2347, 42, 0 
1640897799.080918 1640049423 c0:98:e5:42:00:2c 4658 
1640897799.093253 4907 4933 4947 4949 4972 4977 4980 4985 4988 4992 4999 5001 5003 5010 5014 
1640897799.093368 5020 5027 5031 5036 5048 5053 5055 5078 5090 5091 5123 5134 5150 5160 5297 
1640897800.089175 ### DEBUG: Ticks: 2362, 15, 0 
1640897800.089290 1640049424 c0:98:e5:42:00:2c 4251 
1640897800.089348 4499 4500 4520 4523 4525 4538 4541 4545 4550 4553 4555 4560 4561 4563 4569 
1640897800.089407 4575 4582 4593 4593 4594 4608 4608 4625 4635 4669 4702 4930 4982 0 0 
1640897801.080189 ### ERROR: Failed reading SquarePoint packet length
1640897803.092838 ### DEBUG: Ticks: 2409, 47, 0 
1640897803.092953 1640049427 c0:98:e5:42:00:2c -2147483647 
1640897803.093003 -2147483647 -2147483647 -2147483647 -2147483647 -2147483647 -2147483647 -2147483647 -2147483647 -2147483647 -2147483647 -2147483647 -2147483647 -2147483647 -2147483647 -2147483647 
1640897803.093057 -2147483647 -2147483647 -2147483647 -2147483647 -2147483647 -2147483647 -2147483647 -2147483647 -2147483647 -2147483647 -2147483647 -2147483647 -2147483647 -2147483647 -2147483647 
1640897806.085230 ### DEBUG: Ticks: 2456, 47, 0 
1640897806.085332 1640049430 c0:98:e5:42:00:2c -2147483647 
1640897806.085378 -2147483647 -2147483647 -2147483647 -2147483647 -2147483647 -2147483647 -2147483647 -2147483647 -2147483647 -2147483647 -2147483647 -2147483647 -2147483647 -2147483647 -2147483647 
1640897806.085418 -2147483647 -2147483647 -2147483647 -2147483647 -2147483647 -2147483647 -2147483647 -2147483647 -2147483647 -2147483647 -2147483647 -2147483647 -2147483647 -2147483647 -2147483647 
1640897807.084174 ### DEBUG: Ticks: 2472, 16, 0 
1640897807.084275 1640049431 c0:98:e5:42:00:2c -2147483647 
1640897807.084322 -2147483647 -2147483647 -2147483647 -2147483647 -2147483647 -2147483647 -2147483647 -2147483647 -2147483647 -2147483647 -2147483647 -2147483647 -2147483647 -2147483647 -2147483647 
1640897807.084365 -2147483647 -2147483647 -2147483647 -2147483647 -2147483647 -2147483647 -2147483647 -2147483647 -2147483647 -2147483647 -2147483647 -2147483647 -2147483647 -2147483647 -2147483647 
1640897807.871946 ### DEBUG: Ticks: 2484, 12, 0 
1640897808.225805 1640049432 ### DEBUG: Ticks: 2490, 6, 0 
1640897813.075433 1640049421 ### ERROR: Failed reading SquarePoint packet length
1640897813.075546 ### INFO: SquarePoint communications appear to be down...restarting
1640897813.075596 ### INFO: Switched Scheduler EUI from c0:98:e5:42:00:2c to 00:00:00:00:00:00
1640897813.075644 ### INFO: SD card flushed!
1640897813.075692 ### STOPPED, setting module to STOPPED
1640897813.075743 ### DEBUG: BLE START SCANNING called
1640897813.820477 ### addr: c0:98:e5:42:00:2c 
1640897813.820582 ### on_adv_report outer RSSI: -64, time:1640049426 
1640897813.820622 ### INFO: Discovered new device: c0:98:e5:42:00:2c
1640897813.820666 ### INFO: Switched Scheduler EUI from 00:00:00:00:00:00 to c0:98:e5:42:00:2c
1640897813.820706 ### INFO: Starting the SquarePoint module...
1640897813.820745 ### INFO: Starting SquarePoint module as PARTICIPANT with timestamp 1640049426
1640897813.820784 ### DEBUG: BLE STOP SCANNING called
1640897813.820837 ### INFO: SquarePoint module successfully started!
1640897815.845010 ### DEBUG: Ticks: 2609, 119, 0 
1640897815.845115 1640049430 c0:98:e5:42:00:2c 1860 
1640897815.845176 2123 2149 2151 2153 2163 2166 2167 2170 2173 2175 2176 2178 2185 2188 2191 
1640897815.845228 2195 2196 2203 2204 2214 2234 2238 2241 2267 2270 2272 2280 2293 2330 2410 
1640897816.859583 ### DEBUG: Ticks: 2624, 15, 0 
1640897816.859693 1640049431 c0:98:e5:42:00:2c 2258 
1640897816.859746 2438 2478 2503 2506 2512 2513 2516 2516 2531 2537 2537 2538 2544 2544 2545 
1640897816.859792 2545 2549 2551 2554 2564 2574 2574 2578 2590 2591 2608 2616 2632 2633 2738 
1640897817.857433 ### DEBUG: Ticks: 2640, 16, 0 
1640897817.858083 1640049432 c0:98:e5:42:00:2c 2740 
1640897817.859638 2928 2930 2943 2946 2946 2973 2976 2994 3000 3002 3005 3010 3025 3025 3027 
1640897817.860473 3031 3039 3040 3048 3051 3056 3057 3059 3078 3098 3104 3130 3166 3384 3439 
1640897818.860013 ### DEBUG: Ticks: 2656, 16, 0 
1640897818.860131 1640049433 c0:98:e5:42:00:2c -2147483647 
1640897818.860174 -2147483647 -2147483647 -2147483647 -2147483647 -2147483647 -2147483647 -2147483647 -2147483647 -2147483647 -2147483647 -2147483647 -2147483647 -2147483647 -2147483647 -2147483647 
1640897818.860240 -2147483647 -2147483647 -2147483647 -2147483647 -2147483647 -2147483647 -2147483647 -2147483647 -2147483647 -2147483647 -2147483647 -2147483647 -2147483647 -2147483647 -2147483647 
1640897819.858403 ### DEBUG: Ticks: 2671, 15, 0 
1640897819.858508 1640049434 c0:98:e5:42:00:2c -2147483647 
1640897819.858554 -2147483647 -2147483647 -2147483647 -2147483647 -2147483647 -2147483647 -2147483647 -2147483647 -2147483647 -2147483647 -2147483647 -2147483647 -2147483647 -2147483647 -2147483647 
1640897819.858598 -2147483647 -2147483647 -2147483647 -2147483647 -2147483647 -2147483647 -2147483647 -2147483647 -2147483647 -2147483647 -2147483647 -2147483647 -2147483647 -2147483647 -2147483647 
1640897820.852802 ### DEBUG: Ticks: 2687, 16, 0 
1640897820.864246 1640049435 c0:98:e5:42:00:2c -2147483647 
1640897820.864360 -2147483647 -2147483647 -2147483647 -2147483647 -2147483647 -2147483647 -2147483647 -2147483647 -2147483647 -2147483647 -2147483647 -2147483647 -2147483647 -2147483647 -2147483647 
1640897820.864488 -2147483647 -2147483647 -2147483647 -2147483647 -2147483647 -2147483647 -2147483647 -2147483647 -2147483647 -2147483647 -2147483647 -2147483647 -2147483647 -2147483647 -2147483647 
1640897821.855962 ### DEBUG: Ticks: 2702, 15, 0 
1640897821.856065 1640049436 c0:98:e5:42:00:2c -2147483647 
1640897821.856106 -2147483647 -2147483647 -2147483647 -2147483647 -2147483647 -2147483647 -2147483647 -2147483647 -2147483647 -2147483647 -2147483647 -2147483647 -2147483647 -2147483647 -2147483647 
1640897821.868665 -2147483647 -2147483647 -2147483647 -2147483647 -2147483647 -2147483647 -2147483647 -2147483647 -2147483647 -2147483647 -2147483647 -2147483647 -2147483647 -2147483647 -2147483647 
1640897822.858692 ### DEBUG: Ticks: 2718, 16, 0 
1640897822.858812 1640049437 c0:98:e5:42:00:2c -2147483647 
1640897822.858864 -2147483647 -2147483647 -2147483647 -2147483647 -2147483647 -2147483647 -2147483647 -2147483647 -2147483647 -2147483647 -2147483647 -2147483647 -2147483647 -2147483647 -2147483647 
1640897822.858923 -2147483647 -2147483647 -2147483647 -2147483647 -2147483647 -2147483647 -2147483647 -2147483647 -2147483647 -2147483647 -2147483647 -2147483647 -2147483647 -2147483647 -2147483647 
1640897823.764089 ### DEBUG: Ticks: 2732, 14, 0 
1640897823.764239 1640049421 c0:98:e5:42:00:2c 300 
1640897823.764281 384 384 384 384 384 384 384 384 384 384 384 384 384 384 384 
1640897823.764321 384 384 384 384 384 384 384 384 384 384 384 384 384 384 384 
1640897826.858576 ### DEBUG: Ticks: 2781, 49, 0 
1640897826.858700 1640049424 c0:98:e5:42:00:2c 5578 
1640897826.858757 5762 5774 5780 5788 5808 5816 5823 5832 5845 5847 5852 5859 5870 5886 5891 
1640897826.858813 5892 5899 5902 5912 5920 5929 5935 5936 5940 5946 5961 5988 5991 6014 6033 
1640897827.853328 ### ERROR: Failed reading SquarePoint packet length
1640897829.854900 ### DEBUG: Ticks: 2827, 46, 0 
1640897829.855011 1640049427 c0:98:e5:42:00:2c 5306 
1640897829.855067 5568 5578 5581 5582 5586 5589 5593 5597 5598 5604 5614 5615 5619 5626 5632 
1640897829.855115 5634 5646 5653 5654 5655 5663 5665 5670 5680 5695 5721 5725 5756 5766 5848 
1640897830.859206 ### DEBUG: Ticks: 2843, 16, 0 
1640897830.859354 1640049428 c0:98:e5:42:00:2c 5110 
1640897830.859398 5359 5430 5432 5434 5440 5442 5443 5444 5448 5455 5458 5465 5467 5469 5479 
1640897830.859438 5488 5488 5495 5499 5500 5500 5508 5508 5509 5510 5512 5523 5529 5549 5805 
1640897831.856007 ### DEBUG: Ticks: 2859, 16, 0 
1640897831.856107 1640049429 c0:98:e5:42:00:2c -2147483647 
1640897831.856152 -2147483647 -2147483647 -2147483647 -2147483647 -2147483647 -2147483647 -2147483647 -2147483647 -2147483647 -2147483647 -2147483647 -2147483647 -2147483647 -2147483647 -2147483647 
1640897831.856193 -2147483647 -2147483647 -2147483647 -2147483647 -2147483647 -2147483647 -2147483647 -2147483647 -2147483647 -2147483647 -2147483647 -2147483647 -2147483647 -2147483647 -2147483647 
1640897832.859364 ### DEBUG: Ticks: 2874, 15, 0 
1640897832.859466 1640049430 c0:98:e5:42:00:2c -2147483647 
1640897832.859511 -2147483647 -2147483647 -2147483647 -2147483647 -2147483647 -2147483647 -2147483647 -2147483647 -2147483647 -2147483647 -2147483647 -2147483647 -2147483647 -2147483647 -2147483647 
1640897832.859599 -2147483647 -2147483647 -2147483647 -2147483647 -2147483647 -2147483647 -2147483647 -2147483647 -2147483647 -2147483647 -2147483647 -2147483647 -2147483647 -2147483647 -2147483647 
1640897833.853963 ### DEBUG: Ticks: 2890, 16, 0 
1640897833.854063 1640049431 c0:98:e5:42:00:2c -2147483647 
1640897833.854107 -2147483647 -2147483647 -2147483647 -2147483647 -2147483647 -2147483647 -2147483647 -2147483647 -2147483647 -2147483647 -2147483647 -2147483647 -2147483647 -2147483647 -2147483647 
1640897833.854225 -2147483647 -2147483647 -2147483647 -2147483647 -2147483647 -2147483647 -2147483647 -2147483647 -2147483647 -2147483647 -2147483647 -2147483647 -2147483647 -2147483647 -2147483647 
1640897834.854434 ### DEBUG: Ticks: 2905, 15, 0 
1640897834.854542 1640049432 c0:98:e5:42:00:2c -2147483647 
1640897834.854589 -2147483647 -2147483647 -2147483647 -2147483647 -2147483647 -2147483647 -2147483647 -2147483647 -2147483647 -2147483647 -2147483647 -2147483647 -2147483647 -2147483647 -2147483647 
1640897834.854643 -2147483647 -2147483647 -2147483647 -2147483647 -2147483647 -2147483647 -2147483647 -2147483647 -2147483647 -2147483647 -2147483647 -2147483647 -2147483647 -2147483647 -2147483647 
1640897835.854140 ### DEBUG: Ticks: 2921, 16, 0 
1640897835.854249 1640049433 c0:98:e5:42:00:2c -2147483647 
1640897835.854296 -2147483647 -2147483647 -2147483647 -2147483647 -2147483647 -2147483647 -2147483647 -2147483647 -2147483647 -2147483647 -2147483647 -2147483647 -2147483647 -2147483647 -2147483647 
1640897835.865553 -2147483647 -2147483647 -2147483647 -2147483647 -2147483647 -2147483647 -2147483647 -2147483647 -2147483647 -2147483647 -2147483647 -2147483647 -2147483647 -2147483647 -2147483647 
1640897836.362867 ### DEBUG: Ticks: 2929, 8, 0 
1640897836.362980 1640049435 c0:98:e5:42:00:2c 300 
1640897836.363038 384 384 384 384 384 384 384 384 384 384 384 384 384 384 384 
1640897836.363093 384 384 384 384 384 384 384 384 384 384 384 384 384 384 384 
1640897839.451577 ### DEBUG: Ticks: 2977, 48, 0 
1640897839.451677 1640049438 c0:98:e5:42:00:2c -2147483647 
1640897839.451724 -2147483647 -2147483647 -2147483647 -2147483647 -2147483647 -2147483647 -2147483647 -2147483647 -2147483647 -2147483647 -2147483647 -2147483647 -2147483647 -2147483647 -2147483647 
1640897839.451769 -2147483647 -2147483647 -2147483647 -2147483647 -2147483647 -2147483647 -2147483647 -2147483647 -2147483647 -2147483647 -2147483647 -2147483647 -2147483647 -2147483647 -2147483647 
1640897840.452890 ### DEBUG: Ticks: 2993, 16, 0 
1640897840.453006 1640049439 c0:98:e5:42:00:2c -2147483647 
1640897840.453057 -2147483647 -2147483647 -2147483647 -2147483647 -2147483647 -2147483647 -2147483647 -2147483647 -2147483647 -2147483647 -2147483647 -2147483647 -2147483647 -2147483647 -2147483647 
1640897840.453112 -2147483647 -2147483647 -2147483647 -2147483647 -2147483647 -2147483647 -2147483647 -2147483647 -2147483647 -2147483647 -2147483647 -2147483647 -2147483647 -2147483647 -2147483647 
1640897842.612041 ### DEBUG: Ticks: 3027, 34, 0 
1640897842.612169 1640049422 c0:98:e5:42:00:2c 2089 
1640897842.612211 2358 2375 2390 2392 2396 2408 2418 2419 2420 2426 2438 2438 2440 2442 2442 
1640897842.612261 2442 2446 2447 2449 2451 2453 2455 2456 2461 2464 2488 2502 2506 2536 2538 
1640897843.624144 ### DEBUG: Ticks: 3042, 15, 0 
1640897843.624265 1640049423 c0:98:e5:42:00:2c 2431 
1640897843.624307 2684 2718 2726 2728 2730 2734 2741 2742 2746 2753 2769 2771 2773 2779 2783 
1640897843.624364 2783 2785 2785 2786 2793 2795 2799 2800 2801 2818 2824 2826 2868 2874 2933 
1640897844.630570 ### DEBUG: Ticks: 3058, 16, 0 
1640897844.630681 1640049424 c0:98:e5:42:00:2c 2427 
1640897844.630731 2653 2654 2663 2670 2686 2693 2695 2696 2698 2713 2719 2720 2721 2722 2724 
1640897844.630780 2727 2729 2731 2732 2737 2743 2746 2753 2770 2770 2791 2792 2807 2811 2899 
1640897847.624530 ### DEBUG: Ticks: 3105, 47, 0 
1640897847.624670 1640049427 c0:98:e5:42:00:2c 1833 
1640897847.624726 2008 2037 2059 2070 2072 2073 2074 2076 2080 2080 2088 2090 2102 2116 2116 
1640897847.624776 2123 2127 2129 2130 2131 2132 2136 2151 2151 2165 2185 2198 2239 2251 2296 
1640897848.627197 ### DEBUG: Ticks: 3121, 16, 0 
1640897848.627342 1640049428 c0:98:e5:42:00:2c 1784 
1640897848.627383 1995 2044 2045 2049 2056 2071 2073 2073 2075 2076 2077 2079 2087 2090 2093 
1640897848.627424 2096 2097 2113 2114 2118 2125 2128 2128 2134 2181 2185 2185 2187 2189 2201 
1640897849.627233 ### DEBUG: Ticks: 3136, 15, 0 
1640897849.627401 1640049429 c0:98:e5:42:00:2c 2034 
1640897849.627452 2233 2240 2251 2261 2269 2269 2273 2281 2283 2293 2293 2293 2298 2302 2306 
1640897849.627510 2310 2312 2316 2325 2328 2345 2346 2356 2370 2374 2381 2386 2389 2425 2494 
1640897850.623775 ### DEBUG: Ticks: 3152, 16, 0 
1640897850.624036 1640049430 c0:98:e5:42:00:2c 2441 
1640897850.624097 2615 2642 2650 2660 2679 2681 2681 2684 2703 2704 2705 2706 2708 2709 2719 
1640897850.624142 2722 2723 2727 2731 2732 2735 2737 2762 2762 2764 2776 2780 2802 2838 3051 
1640897851.630971 ### DEBUG: Ticks: 3167, 15, 0 
1640897851.631089 1640049431 c0:98:e5:42:00:2c 2975 
1640897851.631130 3134 3190 3197 3206 3211 3215 3221 3230 3237 3242 3249 3250 3256 3256 3257 
1640897851.631186 3258 3259 3262 3264 3270 3272 3289 3294 3304 3320 3332 3344 3349 3350 3472 
1640897852.626812 ### DEBUG: Ticks: 3183, 16, 0 
1640897852.626917 1640049432 c0:98:e5:42:00:2c 3517 
1640897852.626963 3703 3711 3725 3730 3732 3737 3742 3744 3755 3756 3762 3772 3776 3781 3791 
1640897852.627007 3791 3796 3807 3810 3820 3823 3830 3842 3842 3859 3866 3868 3896 4104 4312 
1640897853.622376 ### DEBUG: Ticks: 3199, 16, 0 
1640897853.622480 1640049433 c0:98:e5:42:00:2c 3584 
1640897853.634776 3808 3828 3832 3835 3839 3843 3844 3846 3850 3856 3858 3863 3864 3889 3909 
1640897853.634894 3910 3911 3915 3922 3927 3929 3931 3932 3936 3937 3944 3957 3958 3972 4380 
1640897854.623469 ### DEBUG: Ticks: 3214, 15, 0 
1640897854.623570 1640049434 c0:98:e5:42:00:2c 3768 
1640897854.623611 3971 3973 4007 4016 4021 4021 4045 4047 4049 4057 4063 4064 4073 4074 4076 
1640897854.623657 4077 4095 4108 4111 4120 4136 4139 4172 4182 4187 4196 4203 4223 4252 0 
1640897855.627116 ### DEBUG: Ticks: 3230, 16, 0 
1640897855.627232 1640049435 c0:98:e5:42:00:2c 4059 
1640897855.627324 4257 4279 4292 4323 4334 4340 4350 4363 4366 4370 4375 4376 4378 4384 4387 
1640897855.627372 4397 4397 4398 4399 4400 4401 4402 4409 4412 4423 4430 4433 4477 4532 4594 
1640897856.566137 ### BLE EVENT: 16, INFO: BLE CONNECTED!
1640897856.566242 ### RSSI: -63, 32, 1640049436 ,3245 
1640897856.623583 ### DEBUG: Ticks: 3246, 16, 0 
1640897856.623697 1640049436 c0:98:e5:42:00:2c 4580 
1640897856.623754 4803 4861 4863 4876 4877 4893 4905 4923 4923 4926 4930 4931 4933 4934 4939 
1640897856.623808 4940 4942 4944 4944 4958 4960 4966 4969 4982 4984 4995 5000 5050 5138 5165 
1640897856.668800 ### RSSI: -71, 18, 1640049436 ,3246 
1640897856.771145 ### RSSI: -79, 28, 1640049436 ,3248 
1640897856.868542 ### RSSI: -66, 26, 1640049436 ,3249 
1640897856.966279 ### RSSI: -68, 32, 1640049436 ,3251 
1640897857.069665 ### RSSI: -71, 0, 1640049436 ,3252 
1640897857.175117 ### RSSI: -68, 32, 1640049436 ,3254 
1640897857.273561 ### RSSI: -77, 7, 1640049437 ,3256 
1640897857.364970 ### RSSI: -65, 4, 1640049437 ,3257 
1640897857.465862 ### RSSI: -75, 22, 1640049437 ,3259 
1640897857.570053 ### RSSI: -64, 3, 1640049437 ,3260 
1640897857.626494 ### DEBUG: Ticks: 3261, 15, 0 
1640897857.626597 1640049437 c0:98:e5:42:00:2c 5127 
1640897857.626639 5389 5398 5417 5421 5422 5431 5447 5450 5457 5464 5470 5476 5488 5490 5492 
1640897857.626684 5494 5495 5495 5496 5500 5501 5534 5547 5548 5550 5551 5553 5555 5681 5745 
1640897857.669024 ### RSSI: -72, 7, 1640049437 ,3262 
1640897857.768378 ### RSSI: -72, 35, 1640049437 ,3263 
1640897857.869246 ### RSSI: -77, 15, 1640049437 ,3265 
1640897857.971769 ### RSSI: -73, 13, 1640049437 ,3267 
1640897858.073145 ### RSSI: -63, 33, 1640049437 ,3268 
1640897858.167422 ### RSSI: -67, 6, 1640049438 ,3270 
1640897858.625450 ### DEBUG: Ticks: 3277, 16, 0 
1640897858.625552 1640049438 c0:98:e5:42:00:2c 5615 
1640897858.625598 5637 5672 5691 5698 5701 5711 5719 5724 5730 5753 5759 5768 5777 5778 5783 
1640897858.625643 5784 5805 5819 5822 5837 5837 5838 5842 5844 5868 5877 5877 5899 6020 6052 
1640897859.171742 ### RSSI: -67, 19, 1640049439 ,3285 
1640897859.622587 ### DEBUG: Ticks: 3292, 15, 0 
1640897859.622726 1640049439 c0:98:e5:42:00:2c 5468 
1640897859.622781 5641 5649 5654 5670 5673 5678 5683 5686 5693 5705 5708 5725 5729 5730 5733 
1640897859.622830 5740 5741 5742 5749 5758 5760 5762 5769 5772 5788 5810 5812 5818 5820 5863 
1640897860.165642 ### RSSI: -73, 10, 1640049440 ,3301 
1640897860.629777 ### DEBUG: Ticks: 3308, 16, 0 
1640897860.629878 1640049440 c0:98:e5:42:00:2c 5607 
1640897860.629922 5802 5821 5824 5840 5842 5842 5856 5856 5858 5861 5861 5870 5872 5875 5876 
1640897860.629963 5884 5885 5893 5894 5896 5913 5939 5941 5950 5960 5962 5980 6093 6138 6314 
1640897861.172865 ### RSSI: -72, 3, 1640049441 ,3317 
1640897862.170617 ### RSSI: -66, 23, 1640049442 ,3332 
1640897863.164807 ### RSSI: -74, 0, 1640049443 ,3348 
1640897863.632432 ### DEBUG: Ticks: 3355, 47, 0 
1640897863.632551 1640049443 c0:98:e5:42:00:2c 5452 
1640897863.632601 5720 5730 5732 5739 5742 5742 5745 5757 5760 5765 5767 5771 5774 5776 5778 
1640897863.632649 5780 5789 5790 5791 5794 5797 5801 5810 5810 5829 5854 5862 5872 5886 5902 
1640897864.010845 ### INFO: SD card flushed!
1640897864.172261 ### RSSI: -65, 18, 1640049444 ,3363 
1640897864.630011 ### DEBUG: Ticks: 3370, 15, 0 
1640897864.630117 1640049444 c0:98:e5:42:00:2c 5326 
1640897864.630158 5568 5577 5580 5583 5583 5584 5589 5590 5590 5604 5605 5613 5616 5622 5626 
1640897864.630205 5627 5638 5641 5655 5655 5656 5659 5664 5675 5719 5726 5759 5759 5793 5880 
1640897865.172035 ### RSSI: -69, 0, 1640049445 ,3379 
1640897865.622254 ### DEBUG: Ticks: 3386, 16, 0 
1640897865.622364 1640049445 c0:98:e5:42:00:2c 5068 
1640897865.633961 5042 5111 5112 5114 5123 5136 5144 5144 5145 5153 5155 5155 5156 5162 5164 
1640897865.634068 5167 5168 5170 5179 5180 5193 5216 5218 5223 5225 5239 5245 5303 5612 5665 
1640897866.168575 ### RSSI: -66, 13, 1640049446 ,3395 
1640897866.623764 ### DEBUG: Ticks: 3402, 16, 0 
1640897866.623879 1640049446 c0:98:e5:42:00:2c 4152 
1640897866.623930 4553 4613 4637 4643 4644 4655 4657 4660 4665 4668 4671 4674 4675 4678 4683 
1640897866.623978 4683 4684 4686 4692 4693 4696 4696 4707 4707 4709 4717 4721 4737 4800 5123 
1640897867.173059 ### RSSI: -66, 1, 1640049447 ,3410 
1640897867.628586 ### DEBUG: Ticks: 3417, 15, 0 
1640897867.628706 1640049447 c0:98:e5:42:00:2c 3700 
1640897867.628756 4076 4108 4114 4133 4144 4144 4147 4147 4150 4155 4157 4163 4165 4171 4172 
1640897867.628805 4173 4176 4183 4183 4186 4189 4206 4208 4209 4227 4234 4273 4285 0 0 
1640897868.168881 ### RSSI: -73, 11, 1640049448 ,3426 
1640897868.624644 ### DEBUG: Ticks: 3433, 16, 0 
1640897868.624744 1640049448 c0:98:e5:42:00:2c 3341 
1640897868.624785 3542 3558 3580 3588 3604 3612 3628 3629 3641 3644 3646 3655 3657 3661 3664 
1640897868.624825 3670 3671 3682 3683 3685 3686 3686 3695 3696 3700 3712 3717 3718 3733 3752 
1640897869.171514 ### RSSI: -68, 33, 1640049449 ,3441 
1640897869.624425 ### DEBUG: Ticks: 3449, 16, 0 
1640897869.624546 1640049449 c0:98:e5:42:00:2c 3231 
1640897869.624623 3406 3418 3420 3454 3456 3462 3464 3466 3468 3469 3471 3484 3486 3489 3489 
1640897869.624672 3494 3500 3502 3505 3507 3528 3533 3546 3559 3567 3576 3581 3583 3627 3654 
1640897870.170754 ### RSSI: -64, 35, 1640049450 ,3457 
1640897870.626910 ### DEBUG: Ticks: 3464, 15, 0 
1640897870.627026 1640049450 c0:98:e5:42:00:2c 3226 
1640897870.627082 3460 3468 3472 3484 3486 3487 3492 3495 3498 3505 3510 3511 3511 3515 3515 
1640897870.627138 3516 3517 3532 3537 3539 3545 3559 3576 3583 3584 3584 3598 3618 3621 3621 
1640897871.170488 ### RSSI: -62, 27, 1640049451 ,3473 
1640897871.624219 ### DEBUG: Ticks: 3480, 16, 0 
1640897871.624317 1640049451 c0:98:e5:42:00:2c 3231 
1640897871.624362 3456 3463 3464 3476 3480 3481 3485 3489 3495 3499 3499 3504 3504 3505 3507 
1640897871.624402 3508 3510 3510 3510 3516 3517 3517 3518 3525 3531 3565 3566 3596 3652 3658 
1640897872.167337 ### RSSI: -62, 35, 1640049451 ,3488 
1640897872.630877 ### DEBUG: Ticks: 3495, 15, 0 
1640897872.630975 1640049452 c0:98:e5:42:00:2c 2975 
1640897872.631016 3165 3186 3211 3212 3218 3220 3226 3234 3235 3242 3247 3247 3260 3263 3265 
1640897872.631058 3266 3266 3267 3267 3279 3279 3285 3294 3299 3307 3330 3471 3503 3534 3805 
1640897873.169034 ### RSSI: -71, 34, 1640049452 ,3504 
1640897873.630959 ### DEBUG: Ticks: 3511, 16, 0 
1640897873.631066 1640049453 c0:98:e5:42:00:2c 2399 
1640897873.631128 2530 2541 2571 2581 2604 2614 2617 2623 2624 2625 2625 2632 2634 2639 2640 
1640897873.631177 2644 2651 2655 2660 2660 2660 2662 2664 2665 2666 2675 2675 2685 2687 2690 
1640897874.170739 ### RSSI: -68, 32, 1640049453 ,3520 
1640897874.628590 ### DEBUG: Ticks: 3527, 16, 0 
1640897874.628693 1640049454 c0:98:e5:42:00:2c 1944 
1640897874.628735 2198 2203 2222 2226 2229 2230 2231 2239 2240 2247 2251 2257 2269 2277 2280 
1640897874.628774 2281 2295 2300 2300 2300 2306 2309 2312 2313 2315 2324 2329 2390 2438 2848 
1640897875.166658 ### RSSI: -60, 8, 1640049454 ,3535 
1640897875.626927 ### DEBUG: Ticks: 3542, 15, 0 
1640897875.627032 1640049455 c0:98:e5:42:00:2c 1957 
1640897875.627079 2097 2153 2155 2176 2184 2193 2209 2209 2211 2214 2218 2226 2230 2235 2242 
1640897875.627125 2249 2249 2254 2258 2261 2263 2270 2270 2273 2282 2285 2293 2308 2315 2371 
1640897876.164289 ### RSSI: -62, 21, 1640049455 ,3551 
1640897876.623938 ### DEBUG: Ticks: 3558, 16, 0 
1640897876.624042 1640049456 c0:98:e5:42:00:2c 2439 
1640897876.624084 2678 2693 2694 2701 2719 2723 2731 2741 2749 2750 2750 2751 2751 2756 2756 
1640897876.624131 2756 2763 2778 2786 2801 2805 2808 2830 2832 2847 2847 2848 2913 2999 3019 
1640897877.163009 ### RSSI: -57, 24, 1640049456 ,3566 
1640897877.625635 ### DEBUG: Ticks: 3574, 16, 0 
1640897877.625737 1640049457 c0:98:e5:42:00:2c 2489 
1640897877.625782 2763 2764 2775 2776 2779 2780 2782 2795 2799 2800 2804 2809 2818 2819 2827 
1640897877.625827 2832 2833 2834 2838 2845 2854 2870 2875 2875 2880 2893 2899 2928 2942 3073 
1640897878.165203 ### RSSI: -60, 3, 1640049457 ,3582 
1640897878.628587 ### DEBUG: Ticks: 3589, 15, 0 
1640897878.628702 1640049458 c0:98:e5:42:00:2c 2546 
1640897878.628753 2689 2700 2731 2757 2774 2776 2778 2783 2783 2792 2808 2810 2816 2818 2818 
1640897878.628813 2821 2823 2827 2834 2839 2842 2844 2851 2853 2853 2860 2876 2886 2914 2968 
1640897879.167780 ### RSSI: -56, 11, 1640049458 ,3598 
1640897879.623603 ### DEBUG: Ticks: 3605, 16, 0 
1640897879.623716 1640049459 c0:98:e5:42:00:2c 2498 
1640897879.634482 2684 2688 2706 2721 2727 2731 2745 2752 2754 2758 2759 2759 2767 2768 2770 
1640897879.634579 2770 2770 2784 2796 2800 2801 2810 2815 2822 2828 2832 2840 2869 2917 2943 
1640897880.167817 ### RSSI: -61, 25, 1640049459 ,3613 
1640897880.631491 ### DEBUG: Ticks: 3620, 15, 0 
1640897880.631609 1640049460 c0:98:e5:42:00:2c 2391 
1640897880.631659 2554 2586 2590 2596 2607 2610 2630 2642 2644 2650 2650 2657 2666 2668 2678 
1640897880.631708 2682 2685 2685 2686 2697 2700 2704 2705 2714 2718 2750 2773 2773 2777 2787 
1640897881.166663 ### RSSI: -63, 7, 1640049460 ,3629 
1640897881.623894 ### DEBUG: Ticks: 3636, 16, 0 
1640897881.623996 1640049461 c0:98:e5:42:00:2c 2187 
1640897881.624037 2382 2404 2411 2420 2425 2427 2473 2474 2502 2503 2504 2505 2511 2536 2539 
1640897881.624077 2546 2550 2556 2557 2560 2569 2580 2603 2608 2620 2629 2648 2652 2654 2656 
1640897882.164553 ### RSSI: -61, 0, 1640049461 ,3644 
1640897882.630315 ### DEBUG: Ticks: 3652, 16, 0 
1640897882.630603 1640049462 c0:98:e5:42:00:2c 2020 
1640897882.630654 2209 2223 2234 2278 2278 2279 2285 2298 2298 2306 2308 2318 2325 2326 2333 
1640897882.630706 2334 2335 2339 2345 2346 2350 2351 2352 2354 2357 2369 2381 2451 2463 2464 
1640897883.163825 ### RSSI: -64, 12, 1640049463 ,3660 
1640897883.625793 ### DEBUG: Ticks: 3667, 15, 0 
1640897883.625964 1640049463 c0:98:e5:42:00:2c 2273 
1640897883.626014 2503 2507 2525 2530 2538 2547 2548 2550 2554 2555 2561 2570 2576 2576 2587 
1640897883.626062 2588 2596 2611 2613 2615 2621 2626 2638 2654 2658 2668 2691 2700 2720 2725 
1640897884.163030 ### RSSI: -70, 28, 1640049464 ,3676 
1640897884.630008 ### DEBUG: Ticks: 3683, 16, 0 
1640897884.630265 1640049464 c0:98:e5:42:00:2c 2778 
1640897884.630316 3010 3028 3031 3036 3036 3042 3047 3049 3052 3052 3056 3075 3079 3082 3086 
1640897884.630364 3090 3098 3098 3102 3111 3112 3130 3130 3140 3146 3151 3156 3167 3183 3344 
1640897885.172412 ### RSSI: -62, 18, 1640049465 ,3691 
1640897885.631113 ### DEBUG: Ticks: 3699, 16, 0 
1640897885.631380 1640049465 c0:98:e5:42:00:2c -2147483647 
1640897885.631505 -2147483647 -2147483647 -2147483647 -2147483647 -2147483647 -2147483647 -2147483647 -2147483647 -2147483647 -2147483647 -2147483647 -2147483647 -2147483647 -2147483647 -2147483647 
1640897885.631599 -2147483647 -2147483647 -2147483647 -2147483647 -2147483647 -2147483647 -2147483647 -2147483647 -2147483647 -2147483647 -2147483647 -2147483647 -2147483647 -2147483647 -2147483647 
1640897886.625902 ### DEBUG: Ticks: 3714, 15, 0 
1640897886.626019 1640049466 c0:98:e5:42:00:2c -2147483647 
1640897886.626075 -2147483647 -2147483647 -2147483647 -2147483647 -2147483647 -2147483647 -2147483647 -2147483647 -2147483647 -2147483647 -2147483647 -2147483647 -2147483647 -2147483647 -2147483647 
1640897886.626128 -2147483647 -2147483647 -2147483647 -2147483647 -2147483647 -2147483647 -2147483647 -2147483647 -2147483647 -2147483647 -2147483647 -2147483647 -2147483647 -2147483647 -2147483647 
1640897887.629863 ### DEBUG: Ticks: 3730, 16, 0 
1640897887.629982 1640049467 c0:98:e5:42:00:2c -2147483647 
1640897887.630032 -2147483647 -2147483647 -2147483647 -2147483647 -2147483647 -2147483647 -2147483647 -2147483647 -2147483647 -2147483647 -2147483647 -2147483647 -2147483647 -2147483647 -2147483647 
1640897887.630082 -2147483647 -2147483647 -2147483647 -2147483647 -2147483647 -2147483647 -2147483647 -2147483647 -2147483647 -2147483647 -2147483647 -2147483647 -2147483647 -2147483647 -2147483647 
1640897889.271533 ### BLE EVENT: 17, INFO: BLE DISCONNECTED!
1640897892.433327 ### DEBUG: Ticks: 3805, 75, 0 
1640897892.433436 1640049423 c0:98:e5:42:00:2c 4567 
1640897892.433491 4901 4903 4956 4960 4967 4989 4992 5029 5031 5042 5065 5066 5069 5069 5073 
1640897892.433540 5076 5082 5088 5088 5088 5091 5106 5107 5116 5131 5136 5156 5194 5200 5324 
1640897893.433980 ### DEBUG: Ticks: 3820, 15, 0 
1640897893.434089 1640049424 c0:98:e5:42:00:2c 5137 
1640897893.434140 5558 5564 5584 5584 5586 5595 5601 5633 5634 5641 5658 5659 5660 5663 5663 
1640897893.434189 5667 5670 5694 5694 5695 5696 5696 5697 5699 5707 5716 5717 5719 5769 0 
1640897896.430350 ### DEBUG: Ticks: 3867, 47, 0 
1640897896.430445 1640049427 c0:98:e5:42:00:2c 5641 
1640897896.430486 5793 5809 5809 5828 5847 5875 5890 5898 5908 5908 5910 5910 5913 5919 5922 
1640897896.430530 5924 5926 5932 5934 5937 5951 5953 5970 5991 6008 6011 6024 6055 6094 6195 
1640897897.392033 ### BLE EVENT: 16, INFO: BLE CONNECTED!
1640897897.392487 ### RSSI: -67, 17, 1640049428 ,3882 
1640897897.436630 ### DEBUG: Ticks: 3883, 16, 0 
1640897897.436742 1640049428 c0:98:e5:42:00:2c 5533 
1640897897.436796 5772 5803 5809 5809 5819 5826 5828 5828 5832 5839 5839 5841 5842 5842 5849 
1640897897.436845 5853 5854 5860 5874 5874 5880 5884 5924 5925 5930 5937 5960 5979 5990 5991 
1640897897.490769 ### RSSI: -67, 36, 1640049428 ,3884 
1640897897.590138 ### RSSI: -63, 34, 1640049429 ,3885 
1640897897.689762 ### RSSI: -68, 30, 1640049429 ,3887 
1640897897.790981 ### RSSI: -69, 10, 1640049429 ,3889 
1640897897.893875 ### RSSI: -64, 4, 1640049429 ,3890 
1640897898.431958 ### DEBUG: Ticks: 3899, 16, 0 
1640897898.432113 1640049429 c0:98:e5:42:00:2c -2147483647 
1640897898.432163 -2147483647 -2147483647 -2147483647 -2147483647 -2147483647 -2147483647 -2147483647 -2147483647 -2147483647 -2147483647 -2147483647 -2147483647 -2147483647 -2147483647 -2147483647 
1640897898.432212 -2147483647 -2147483647 -2147483647 -2147483647 -2147483647 -2147483647 -2147483647 -2147483647 -2147483647 -2147483647 -2147483647 -2147483647 -2147483647 -2147483647 -2147483647 
1640897899.430256 ### DEBUG: Ticks: 3914, 15, 0 
1640897899.430359 1640049430 c0:98:e5:42:00:2c -2147483647 
1640897899.430400 -2147483647 -2147483647 -2147483647 -2147483647 -2147483647 -2147483647 -2147483647 -2147483647 -2147483647 -2147483647 -2147483647 -2147483647 -2147483647 -2147483647 -2147483647 
1640897899.442118 -2147483647 -2147483647 -2147483647 -2147483647 -2147483647 -2147483647 -2147483647 -2147483647 -2147483647 -2147483647 -2147483647 -2147483647 -2147483647 -2147483647 -2147483647 
1640897900.435536 ### DEBUG: Ticks: 3930, 16, 0 
1640897900.435640 1640049431 c0:98:e5:42:00:2c -2147483647 
1640897900.435681 -2147483647 -2147483647 -2147483647 -2147483647 -2147483647 -2147483647 -2147483647 -2147483647 -2147483647 -2147483647 -2147483647 -2147483647 -2147483647 -2147483647 -2147483647 
1640897900.435731 -2147483647 -2147483647 -2147483647 -2147483647 -2147483647 -2147483647 -2147483647 -2147483647 -2147483647 -2147483647 -2147483647 -2147483647 -2147483647 -2147483647 -2147483647 
1640897901.431542 ### DEBUG: Ticks: 3945, 15, 0 
1640897901.431642 1640049432 c0:98:e5:42:00:2c -2147483647 
1640897901.431691 -2147483647 -2147483647 -2147483647 -2147483647 -2147483647 -2147483647 -2147483647 -2147483647 -2147483647 -2147483647 -2147483647 -2147483647 -2147483647 -2147483647 -2147483647 
1640897901.431758 -2147483647 -2147483647 -2147483647 -2147483647 -2147483647 -2147483647 -2147483647 -2147483647 -2147483647 -2147483647 -2147483647 -2147483647 -2147483647 -2147483647 -2147483647 
1640897901.992220 ### BLE EVENT: 17, INFO: BLE DISCONNECTED!
1640897902.435032 ### DEBUG: Ticks: 3961, 16, 0 
1640897902.435136 1640049433 c0:98:e5:42:00:2c -2147483647 
1640897902.435181 -2147483647 -2147483647 -2147483647 -2147483647 -2147483647 -2147483647 -2147483647 -2147483647 -2147483647 -2147483647 -2147483647 -2147483647 -2147483647 -2147483647 -2147483647 
1640897902.435329 -2147483647 -2147483647 -2147483647 -2147483647 -2147483647 -2147483647 -2147483647 -2147483647 -2147483647 -2147483647 -2147483647 -2147483647 -2147483647 -2147483647 -2147483647 
1640897903.062344 ### DEBUG: Ticks: 3971, 10, 0 
1640897903.062466 1640049421 c0:98:e5:42:00:2c 300 
1640897903.062516 384 384 384 384 384 384 384 384 384 384 384 384 384 384 384 
1640897903.062565 384 384 384 384 384 384 384 384 384 384 384 384 384 384 384 
1640897904.143807 ### DEBUG: Ticks: 3988, 17, 0 
1640897904.143921 1640049422 c0:98:e5:42:00:2c 3200 
1640897904.143971 3473 3475 3479 3502 3502 3504 3512 3516 3518 3520 3527 3528 3529 3532 3539 
1640897904.144020 3539 3542 3552 3553 3555 3569 3572 3581 3583 3583 3594 3616 3627 3709 3744 
1640897905.154747 ### DEBUG: Ticks: 4003, 15, 0 
1640897905.154888 1640049423 c0:98:e5:42:00:2c 3335 
1640897905.154968 3645 3651 3661 3667 3674 3676 3682 3685 3686 3689 3692 3695 3698 3702 3705 
1640897905.155040 3705 3708 3718 3721 3722 3723 3725 3728 3735 3741 3753 3789 3864 3986 4069 
1640897905.557945 ### INFO: SD card flushed!
1640897906.151411 ### DEBUG: Ticks: 4019, 16, 0 
1640897906.151524 1640049424 c0:98:e5:42:00:2c 3361 
1640897906.151575 3581 3582 3597 3605 3620 3624 3632 3635 3637 3641 3645 3646 3653 3654 3654 
1640897906.151637 3655 3661 3672 3673 3680 3682 3688 3689 3690 3720 3734 3760 3863 3927 4065 
1640897911.145391 ### DEBUG: Ticks: 4097, 78, 0 
1640897911.157535 1640049429 c0:98:e5:42:00:2c -2147483647 
1640897911.157675 -2147483647 -2147483647 -2147483647 -2147483647 -2147483647 -2147483647 -2147483647 -2147483647 -2147483647 -2147483647 -2147483647 -2147483647 -2147483647 -2147483647 -2147483647 
1640897911.157726 -2147483647 -2147483647 -2147483647 -2147483647 -2147483647 -2147483647 -2147483647 -2147483647 -2147483647 -2147483647 -2147483647 -2147483647 -2147483647 -2147483647 -2147483647 
1640897912.151315 ### DEBUG: Ticks: 4113, 16, 0 
1640897912.151983 1640049430 c0:98:e5:42:00:2c -2147483647 
1640897912.153638 -2147483647 -2147483647 -2147483647 -2147483647 -2147483647 -2147483647 -2147483647 -2147483647 -2147483647 -2147483647 -2147483647 -2147483647 -2147483647 -2147483647 -2147483647 
1640897912.153739 -2147483647 -2147483647 -2147483647 -2147483647 -2147483647 -2147483647 -2147483647 -2147483647 -2147483647 -2147483647 -2147483647 -2147483647 -2147483647 -2147483647 -2147483647 
1640897914.935725 ### ERROR: Failed reading SquarePoint packet length
1640897916.666432 ### DEBUG: Ticks: 4183, 70, 0 
1640897916.677674 1640049422 c0:98:e5:42:00:2c 1989 
1640897916.677794 2220 2222 2230 2250 2258 2261 2261 2265 2265 2279 2285 2286 2289 2292 2301 
1640897916.677844 2302 2312 2339 2340 2359 2360 2364 2379 2381 2395 2427 2434 2445 2472 2539 
1640897917.679945 ### DEBUG: Ticks: 4199, 16, 0 
1640897917.680062 1640049423 c0:98:e5:42:00:2c 1768 
1640897917.680127 2014 2016 2030 2037 2041 2058 2067 2068 2069 2073 2074 2076 2080 2088 2103 
1640897917.690064 2105 2108 2113 2114 2121 2127 2134 2138 2165 2170 2182 2199 2238 2256 2296 
1640897918.687468 ### DEBUG: Ticks: 4215, 16, 0 
1640897918.687598 1640049424 c0:98:e5:42:00:2c 1564 
1640897918.687711 1758 1769 1776 1780 1787 1791 1792 1820 1822 1826 1833 1833 1838 1838 1843 
1640897918.687790 1844 1855 1866 1870 1878 1890 1891 1894 1898 1903 1922 1959 1968 2007 2123 
1640897919.678262 ### DEBUG: Ticks: 4230, 15, 0 
1640897919.678384 1640049425 c0:98:e5:42:00:2c 1203 
1640897919.692310 1331 1395 1443 1453 1455 1455 1459 1468 1471 1478 1484 1486 1493 1496 1501 
1640897919.692472 1503 1509 1512 1521 1522 1528 1546 1552 1560 1560 1603 1637 1669 1680 1689 
1640897920.687923 ### DEBUG: Ticks: 4246, 16, 0 
1640897920.688042 1640049426 c0:98:e5:42:00:2c 1177 
1640897920.688093 1263 1356 1368 1371 1372 1380 1381 1385 1406 1407 1409 1409 1410 1421 1426 
1640897920.688149 1426 1429 1430 1433 1445 1452 1462 1473 1482 1516 1531 1538 1541 1566 1591 
1640897921.686649 ### DEBUG: Ticks: 4262, 16, 0 
1640897921.686889 1640049427 c0:98:e5:42:00:2c 1086 
1640897921.686939 1227 1253 1256 1270 1277 1286 1303 1306 1311 1314 1316 1320 1325 1334 1335 
1640897921.686988 1338 1343 1348 1348 1364 1379 1386 1389 1403 1406 1411 1413 1440 1522 1608 
1640897922.682304 ### DEBUG: Ticks: 4277, 15, 0 
1640897922.682420 1640049428 c0:98:e5:42:00:2c -2147483647 
1640897922.682477 -2147483647 -2147483647 -2147483647 -2147483647 -2147483647 -2147483647 -2147483647 -2147483647 -2147483647 -2147483647 -2147483647 -2147483647 -2147483647 -2147483647 -2147483647 
1640897922.682530 -2147483647 -2147483647 -2147483647 -2147483647 -2147483647 -2147483647 -2147483647 -2147483647 -2147483647 -2147483647 -2147483647 -2147483647 -2147483647 -2147483647 -2147483647 
1640897923.686797 ### DEBUG: Ticks: 4293, 16, 0 
1640897923.686918 1640049429 c0:98:e5:42:00:2c -2147483647 
1640897923.686970 -2147483647 -2147483647 -2147483647 -2147483647 -2147483647 -2147483647 -2147483647 -2147483647 -2147483647 -2147483647 -2147483647 -2147483647 -2147483647 -2147483647 -2147483647 
1640897923.687024 -2147483647 -2147483647 -2147483647 -2147483647 -2147483647 -2147483647 -2147483647 -2147483647 -2147483647 -2147483647 -2147483647 -2147483647 -2147483647 -2147483647 -2147483647 
1640897924.682569 ### DEBUG: Ticks: 4309, 16, 0 
1640897924.682683 1640049430 c0:98:e5:42:00:2c -2147483647 
1640897924.682734 -2147483647 -2147483647 -2147483647 -2147483647 -2147483647 -2147483647 -2147483647 -2147483647 -2147483647 -2147483647 -2147483647 -2147483647 -2147483647 -2147483647 -2147483647 
1640897924.682788 -2147483647 -2147483647 -2147483647 -2147483647 -2147483647 -2147483647 -2147483647 -2147483647 -2147483647 -2147483647 -2147483647 -2147483647 -2147483647 -2147483647 -2147483647 
1640897925.679071 ### DEBUG: Ticks: 4324, 15, 0 
1640897925.679205 1640049431 c0:98:e5:42:00:2c -2147483647 
1640897925.692851 -2147483647 -2147483647 -2147483647 -2147483647 -2147483647 -2147483647 -2147483647 -2147483647 -2147483647 -2147483647 -2147483647 -2147483647 -2147483647 -2147483647 -2147483647 
1640897925.692991 -2147483647 -2147483647 -2147483647 -2147483647 -2147483647 -2147483647 -2147483647 -2147483647 -2147483647 -2147483647 -2147483647 -2147483647 -2147483647 -2147483647 -2147483647 
1640897926.683229 ### DEBUG: Ticks: 4340, 16, 0 
1640897926.683398 1640049432 c0:98:e5:42:00:2c -2147483647 
1640897926.683469 -2147483647 -2147483647 -2147483647 -2147483647 -2147483647 -2147483647 -2147483647 -2147483647 -2147483647 -2147483647 -2147483647 -2147483647 -2147483647 -2147483647 -2147483647 
1640897926.683520 -2147483647 -2147483647 -2147483647 -2147483647 -2147483647 -2147483647 -2147483647 -2147483647 -2147483647 -2147483647 -2147483647 -2147483647 -2147483647 -2147483647 -2147483647 
1640897927.467002 ### DEBUG: Ticks: 4352, 12, 0 
1640897930.062816 1640049433 ### DEBUG: Ticks: 4393, 41, 0 
1640897930.062926 1640049423 c0:98:e5:42:00:2c 313 
1640897930.062982 502 509 517 546 565 565 579 603 604 606 615 618 620 621 624 
1640897930.063036 630 633 636 638 641 641 647 653 657 660 666 669 716 770 794 
1640897931.065999 ### DEBUG: Ticks: 4408, 15, 0 
1640897931.066100 1640049424 c0:98:e5:42:00:2c 331 
1640897931.066141 459 483 497 515 524 525 530 546 548 549 559 559 564 565 573 
1640897931.066184 577 581 586 589 589 591 612 614 618 623 627 653 654 748 754 
1640897931.156892 ### INFO: Device is now STATIONARY
1640897931.245585 ### INFO: Device is now IN MOTION
1640897932.056730 ### ERROR: Failed reading SquarePoint packet length
1640897933.776203 ### INFO: Device is now STATIONARY
1640897934.056885 ### DEBUG: Ticks: 4455, 47, 0 
1640897934.056985 1640049427 c0:98:e5:42:00:2c 294 
1640897934.057026 445 450 486 497 507 508 530 531 533 548 549 550 565 570 589 
1640897934.057070 590 590 600 600 600 604 620 623 634 639 640 675 720 760 0 
1640897937.057733 ### DEBUG: Ticks: 4502, 47, 0 
1640897937.058293 1640049430 c0:98:e5:42:00:2c 254 
1640897937.059061 401 421 428 436 455 463 476 479 481 482 485 492 493 495 505 
1640897937.059800 514 515 518 529 533 535 542 552 561 575 582 582 588 662 692 
