1641681501.001581 ###RTT Client: ************************************************************ 
1641681501.001750 ###RTT Client: *               SEGGER Microcontroller GmbH                * 
1641681501.001796 ###RTT Client: *   Solutions for real time microcontroller applications   * 
1641681501.001840 ###RTT Client: ************************************************************ 
1641681501.001882 ###RTT Client: *                                                          * 
1641681501.001925 ###RTT Client: *       (c) 2012 - 2016  SEGGER Microcontroller GmbH       * 
1641681501.001969 ###RTT Client: *                                                          * 
1641681501.002012 ###RTT Client: *     www.segger.com     Support: support@segger.com       * 
1641681501.002055 ###RTT Client: *                                                          * 
1641681501.002098 ###RTT Client: ************************************************************ 
1641681501.002141 ###RTT Client: *                                                          * 
1641681501.002185 ###RTT Client: * SEGGER J-Link RTT Client   Compiled Jan 30 2018 18:46:58 * 
1641681501.002231 ###RTT Client: *                                                          * 
1641681501.002275 ###RTT Client: ************************************************************ 
1641681501.002318 
1641681501.002362 ###RTT Client: -----------------------------------------------
1641681501.002405 ###RTT Client: Connecting to J-Link RTT Server via localhost:9201  Connected.
1641681501.002447 SEGGER J-Link V6.30 - Real time terminal output
1641681501.002490 J-Link EDU Mini V1 compiled Oct  2 2020 17:00:40 V1.0, SN=801021851
1641681501.002533 Process: JLinkExe
1641681501.002578 ### DEBUG: Ticks: 6491, 16, 1 
1641681501.002620 1640050160 c0:98:e5:42:00:29 253 
1641681501.002663 -360 -340 -324 -323 -318 -308 -291 -290 -288 -283 -278 -255 -233 -232 -232 
1641681501.002707 -227 -215 -195 -193 -178 -177 -175 -172 -165 -158 -145 -145 -138 -121 -108 
1641681501.002751 ### RSSI: -41, 19, 1640050161 ,6504 
1641681501.002794 ### RSSI: -42, 18, 1640050161 ,6504 
1641681501.002837 ### DEBUG: Ticks: 6506, 15, 1 
1641681501.002880 1640050161 c0:98:e5:42:00:29 283 
1641681501.002923 -240 -224 -214 -182 -177 -173 -166 -164 -157 -151 -146 -141 -140 -136 -109 
1641681501.002967 -104 -94 -93 -90 -84 -67 -62 -58 -56 -53 -28 -23 19 31 80 
1641681501.003010 ### RSSI: -41, 33, 1640050162 ,6519 
1641681501.003054 ### RSSI: -43, 20, 1640050162 ,6520 
1641681501.003096 ### DEBUG: Ticks: 6522, 16, 1 
1641681501.003139 1640050162 c0:98:e5:42:00:29 261 
1641681501.003182 -316 -300 -295 -291 -276 -264 -260 -257 -239 -237 -234 -220 -207 -204 -199 
1641681501.003225 -186 -186 -183 -182 -173 -167 -136 -136 -125 -119 -109 -102 -90 -85 -44 
1641681501.003268 ### RSSI: -42, 28, 1640050163 ,6535 
1641681501.003312 ### RSSI: -43, 26, 1640050163 ,6536 
1641681501.003355 ### DEBUG: Ticks: 6537, 15, 1 
1641681501.003398 1640050163 c0:98:e5:42:00:29 284 
1641681501.003441 -225 -195 -178 -162 -150 -148 -123 -117 -115 -111 -106 -97 -80 -75 -62 
1641681501.003484 -56 -56 -55 -51 -39 -38 -25 -19 -9 2 12 19 32 34 101 
1641681501.003527 ### RSSI: -42, 27, 1640050164 ,6551 
1641681501.003570 ### RSSI: -42, 21, 1640050164 ,6551 
1641681501.003614 ### DEBUG: Ticks: 6553, 16, 1 
1641681501.003657 1640050164 c0:98:e5:42:00:29 305 
1641681501.003701 -290 -265 -253 -242 -234 -218 -211 -210 -201 -197 -195 -194 -186 -154 -152 
1641681501.003744 -149 -148 -145 -138 -127 -115 -112 -109 -104 -99 -89 -71 -70 -49 7 
1641681501.003787 ### RSSI: -45, 1, 1640050165 ,6566 
1641681501.003830 ### RSSI: -42, 23, 1640050165 ,6567 
1641681501.003873 ### DEBUG: Ticks: 6569, 16, 1 
1641681501.003915 1640050165 c0:98:e5:42:00:29 285 
1641681501.003959 -345 -342 -316 -313 -299 -290 -285 -283 -262 -257 -252 -248 -246 -245 -233 
1641681501.004002 -230 -219 -209 -201 -200 -191 -182 -169 -169 -157 -151 -148 -114 -84 -59 
1641681501.004045 ### RSSI: -43, 20, 1640050166 ,6582 
1641681501.004088 ### RSSI: -44, 9, 1640050166 ,6582 
1641681501.004131 ### ERROR: Failed reading SquarePoint packet length
1641681501.004174 ### RSSI: -42, 24, 1640050167 ,6597 
1641681501.004217 ### RSSI: -45, 4, 1640050167 ,6598 
1641681501.004259 ### RSSI: -44, 8, 1640050168 ,6613 
1641681501.004302 ### RSSI: -45, 0, 1640050168 ,6614 
1641681501.004345 ### DEBUG: Ticks: 6616, 47, 1 
1641681501.004388 1640050168 c0:98:e5:42:00:29 253 
1641681501.004433 -200 -191 -182 -167 -162 -156 -149 -146 -137 -133 -130 -106 -104 -99 -98 
1641681501.004476 -97 -83 -64 -60 -42 -31 -30 -28 -23 -14 -8 0 23 40 107 
1641681501.004519 ### RSSI: -42, 9, 1640050168 ,6629 
1641681501.004562 ### RSSI: -40, 31, 1640050168 ,6629 
1641681501.004605 ### DEBUG: Ticks: 6631, 15, 1 
1641681501.004648 1640050169 c0:98:e5:42:00:29 297 
1641681501.004692 -171 -161 -154 -152 -135 -117 -96 -95 -69 -67 -67 -64 -51 -39 -25 
1641681501.004735 -18 -15 -12 -6 -1 0 0 6 22 41 53 59 77 83 115 
1641681501.004778 ### RSSI: -43, 9, 1640050169 ,6644 
1641681501.004823 ### RSSI: -43, 20, 1640050170 ,6645 
1641681501.004866 ### DEBUG: Ticks: 6647, 16, 1 
1641681501.004909 1640050170 c0:98:e5:42:00:29 278 
1641681501.004952 -261 -249 -247 -232 -216 -211 -205 -202 -189 -188 -182 -179 -175 -159 -146 
1641681501.004996 -138 -128 -126 -123 -105 -86 -82 -55 -54 -44 -34 -28 -27 -18 16 
1641681501.005039 ### RSSI: -42, 29, 1640050171 ,6660 
1641681501.005082 ### RSSI: -43, 14, 1640050171 ,6661 
1641681501.005125 ### DEBUG: Ticks: 6662, 15, 1 
1641681501.005168 1640050171 c0:98:e5:42:00:29 234 
1641681501.005211 -217 -215 -202 -178 -176 -167 -166 -160 -155 -135 -134 -125 -115 -112 -100 
1641681501.005254 -93 -71 -67 -64 -64 -64 -52 -42 -40 -17 -11 17 19 32 40 
1641681501.005298 ### RSSI: -43, 22, 1640050172 ,6676 
1641681501.005374 ### RSSI: -42, 16, 1640050172 ,6676 
1641681501.005417 ### DEBUG: Ticks: 6678, 16, 1 
1641681501.005461 1640050172 c0:98:e5:42:00:29 254 
1641681501.005503 -294 -262 -240 -239 -233 -226 -216 -212 -209 -207 -204 -203 -194 -189 -167 
1641681501.005546 -159 -156 -152 -146 -137 -126 -125 -121 -121 -107 -94 -85 -61 -54 10 
1641681501.005590 ### RSSI: -43, 10, 1640050173 ,6691 
1641681501.005633 ### RSSI: -43, 15, 1640050173 ,6692 
1641681501.005677 ### DEBUG: Ticks: 6694, 16, 1 
1641681501.005721 1640050173 c0:98:e5:42:00:29 276 
1641681501.005765 -283 -250 -237 -235 -224 -221 -207 -190 -190 -170 -165 -161 -140 -135 -127 
1641681501.005809 -115 -114 -106 -102 -97 -90 -84 -62 -58 -54 -52 -31 -21 -1 43 
1641681501.005852 ### RSSI: -42, 28, 1640050174 ,6707 
1641681501.005955 ### RSSI: -41, 31, 1640050174 ,6707 
1641681501.005999 ### DEBUG: Ticks: 6709, 15, 1 
1641681501.006042 1640050174 c0:98:e5:42:00:29 288 
1641681501.006086 -409 -409 -402 -385 -370 -362 -355 -349 -341 -340 -339 -338 -336 -330 -329 
1641681501.006143 -319 -307 -306 -291 -282 -278 -245 -244 -239 -232 -229 -218 -210 -193 -108 
1641681501.006191 ### RSSI: -49, 14, 1640050175 ,6722 
1641681501.006234 ### RSSI: -43, 12, 1640050175 ,6723 
1641681501.006277 ### DEBUG: Ticks: 6725, 16, 1 
1641681501.006320 1640050175 c0:98:e5:42:00:29 286 
1641681501.006363 -302 -299 -298 -291 -262 -256 -253 -237 -227 -217 -205 -204 -202 -184 -184 
1641681501.006412 -182 -178 -167 -161 -146 -145 -135 -127 -120 -108 -107 -79 -74 -55 -22 
1641681501.006460 ### RSSI: -42, 13, 1640050176 ,6738 
1641681501.006518 ### RSSI: -42, 17, 1640050176 ,6739 
1641681501.006569 ### DEBUG: Ticks: 6741, 16, 1 
1641681501.006613 1640050176 c0:98:e5:42:00:29 264 
1641681501.006660 -325 -288 -274 -273 -269 -267 -225 -224 -224 -223 -221 -221 -221 -214 -195 
1641681501.006704 -181 -177 -175 -173 -166 -141 -141 -140 -119 -108 -107 -89 -84 -81 -19 
1641681501.006752 ### RSSI: -43, 10, 1640050177 ,6754 
1641681501.006801 ### RSSI: -42, 16, 1640050177 ,6754 
1641681501.006851 ### ERROR: Failed reading SquarePoint packet length
1641681501.006900 ### RSSI: -45, 1, 1640050178 ,6769 
1641681501.006949 ### RSSI: -41, 27, 1640050178 ,6770 
1641681501.006998 ### RSSI: -42, 8, 1640050179 ,6785 
1641681501.007046 ### RSSI: -46, 3, 1640050179 ,6786 
1641681501.007097 ### DEBUG: Ticks: 6787, 46, 1 
1641681501.007141 1640050179 c0:98:e5:42:00:29 260 
1641681501.007184 -287 -264 -239 -229 -213 -207 -200 -197 -177 -174 -168 -168 -167 -160 -159 
1641681501.007226 -146 -143 -131 -119 -109 -98 -94 -78 -71 -70 -63 -52 -7 -6 43 
1641681501.007269 ### RSSI: -42, 23, 1640050180 ,6800 
1641681501.007312 ### RSSI: -42, 27, 1640050180 ,6801 
1641681501.007354 ### DEBUG: Ticks: 6803, 16, 1 
1641681501.007398 1640050180 c0:98:e5:42:00:29 277 
1641681501.007441 -218 -203 -195 -184 -183 -177 -168 -154 -152 -143 -123 -107 -99 -83 -82 
1641681501.007483 -77 -76 -72 -63 -59 -53 -51 -45 -43 -42 -33 -24 28 29 52 
1641681501.007526 ### RSSI: -49, 30, 1640050181 ,6816 
1641681501.007569 ### RSSI: -43, 20, 1640050181 ,6817 
1641681501.007611 ### DEBUG: Ticks: 6819, 16, 1 
1641681501.007654 1640050181 c0:98:e5:42:00:29 271 
1641681501.007697 -317 -307 -278 -268 -259 -257 -252 -250 -241 -231 -227 -223 -215 -212 -211 
1641681501.007740 -209 -206 -206 -198 -190 -177 -161 -145 -143 -133 -129 -107 -98 -95 -84 
1641681501.007783 ### INFO: SD card flushed!
1641681501.007825 ### RSSI: -42, 35, 1640050182 ,6832 
1641681501.007869 ### RSSI: -43, 16, 1640050182 ,6832 
1641681501.007912 ### DEBUG: Ticks: 6834, 15, 1 
1641681501.007955 1640050182 c0:98:e5:42:00:29 286 
1641681501.007998 -306 -274 -260 -255 -228 -223 -214 -211 -205 -205 -205 -203 -202 -185 -170 
1641681501.008040 -152 -130 -120 -116 -115 -108 -102 -90 -87 -76 -76 -75 -68 -67 46 
1641681501.008083 ### RSSI: -43, 35, 1640050183 ,6847 
1641681501.008125 ### RSSI: -43, 21, 1640050183 ,6848 
1641681501.008168 ### DEBUG: Ticks: 6850, 16, 1 
1641681501.008211 1640050183 c0:98:e5:42:00:29 260 
1641681501.008254 -305 -274 -261 -249 -235 -202 -197 -195 -187 -184 -184 -183 -177 -165 -161 
1641681501.008297 -151 -147 -137 -123 -123 -119 -115 -99 -94 -86 -65 -65 -50 -35 -4 
1641681501.621199 ### RSSI: -44, 10, 1640050184 ,6863 
1641681501.666690 ### RSSI: -41, 32, 1640050184 ,6864 
1641681501.780788 ### DEBUG: Ticks: 6865, 15, 1 
1641681501.781073 1640050184 c0:98:e5:42:00:29 305 
1641681501.792279 -343 -342 -333 -331 -295 -285 -283 -277 -264 -260 -255 -252 -245 -240 -239 
1641681501.792703 -235 -219 -218 -201 -181 -168 -164 -164 -163 -154 -152 -150 -123 -92 -83 
1641681502.626205 ### RSSI: -45, 2, 1640050185 ,6879 
1641681502.659050 ### RSSI: -45, 0, 1640050185 ,6879 
1641681502.781406 ### DEBUG: Ticks: 6881, 16, 1 
1641681502.781689 1640050185 c0:98:e5:42:00:29 248 
1641681502.781885 -230 -229 -221 -215 -198 -188 -175 -174 -173 -165 -163 -161 -158 -149 -140 
1641681502.782093 -124 -119 -118 -109 -94 -91 -87 -83 -81 -73 -68 -66 -17 8 12 
1641681503.616714 ### RSSI: -44, 14, 1640050186 ,6894 
1641681503.662759 ### RSSI: -44, 8, 1640050186 ,6895 
1641681503.786581 ### DEBUG: Ticks: 6897, 16, 1 
1641681503.786868 1640050186 c0:98:e5:42:00:29 289 
1641681503.787060 -199 -196 -179 -174 -156 -154 -127 -114 -106 -96 -95 -92 -91 -79 -77 
1641681503.787247 -77 -62 -58 -49 -38 -38 -31 -13 -11 15 22 26 54 98 0 
1641681504.617753 ### RSSI: -43, 20, 1640050187 ,6910 
1641681504.662722 ### RSSI: -42, 25, 1640050187 ,6910 
1641681504.787271 ### DEBUG: Ticks: 6912, 15, 1 
1641681504.787555 1640050187 c0:98:e5:42:00:29 245 
1641681504.787746 -307 -299 -296 -287 -285 -276 -260 -250 -244 -235 -230 -227 -220 -211 -201 
1641681504.787931 -191 -190 -186 -177 -175 -169 -165 -158 -148 -143 -121 -116 -115 -100 -18 
1641681505.619564 ### RSSI: -44, 8, 1640050188 ,6925 
1641681505.661476 ### RSSI: -46, 6, 1640050188 ,6926 
1641681505.780602 ### DEBUG: Ticks: 6928, 16, 1 
1641681505.780892 1640050188 c0:98:e5:42:00:29 249 
1641681505.781074 -358 -352 -326 -326 -310 -298 -292 -290 -289 -281 -271 -264 -255 -250 -230 
1641681505.781262 -217 -212 -210 -198 -182 -175 -173 -172 -167 -167 -157 -156 -103 -76 -12 
1641681506.622183 ### RSSI: -41, 35, 1640050189 ,6941 
1641681506.665699 ### RSSI: -41, 33, 1640050189 ,6942 
1641681506.775053 ### ERROR: Failed reading SquarePoint packet length
1641681507.617630 ### RSSI: -44, 15, 1640050190 ,6957 
1641681507.662406 ### RSSI: -42, 28, 1640050190 ,6957 
1641681508.617404 ### RSSI: -41, 32, 1640050191 ,6972 
1641681508.659603 ### RSSI: -42, 17, 1640050191 ,6973 
1641681508.780248 ### DEBUG: Ticks: 6975, 47, 1 
1641681508.780530 1640050191 c0:98:e5:42:00:29 276 
1641681508.791848 -352 -328 -324 -311 -305 -280 -278 -271 -266 -261 -253 -247 -242 -226 -223 
1641681508.792122 -212 -201 -201 -197 -196 -182 -177 -175 -170 -156 -128 -125 -116 -73 -25 
1641681509.618039 ### RSSI: -46, 0, 1640050191 ,6988 
1641681509.660928 ### RSSI: -41, 35, 1640050191 ,6989 
1641681509.783193 ### DEBUG: Ticks: 6990, 15, 1 
1641681509.783473 1640050192 c0:98:e5:42:00:29 263 
1641681509.783664 -270 -265 -249 -248 -240 -234 -224 -196 -187 -182 -180 -167 -151 -150 -135 
1641681509.783851 -117 -109 -106 -102 -93 -92 -90 -83 -82 -66 -53 -52 -42 -3 65 
1641681510.624169 ### RSSI: -43, 22, 1640050192 ,7004 
1641681510.667272 ### RSSI: -42, 26, 1640050192 ,7004 
1641681510.785731 ### DEBUG: Ticks: 7006, 16, 1 
1641681510.786192 1640050193 c0:98:e5:42:00:29 306 
1641681510.786924 -332 -326 -297 -292 -287 -277 -263 -262 -260 -254 -253 -245 -221 -211 -210 
1641681510.787622 -202 -194 -191 -190 -181 -169 -163 -160 -154 -152 -151 -139 -93 -81 -32 
1641681511.623747 ### RSSI: -43, 19, 1640050193 ,7019 
1641681511.656686 ### RSSI: -41, 30, 1640050194 ,7020 
1641681511.780164 ### DEBUG: Ticks: 7022, 16, 1 
1641681511.780264 1640050194 c0:98:e5:42:00:29 247 
1641681511.780581 -348 -321 -285 -281 -280 -275 -264 -258 -257 -255 -241 -218 -217 -204 -200 
1641681511.791724 -193 -184 -171 -162 -161 -156 -156 -145 -126 -121 -103 -93 -75 -72 -14 
1641681512.619251 ### RSSI: -42, 26, 1640050195 ,7035 
1641681512.667633 ### RSSI: -41, 32, 1640050195 ,7035 
1641681512.778262 ### DEBUG: Ticks: 7037, 15, 1 
1641681512.790727 1640050195 c0:98:e5:42:00:29 252 
1641681512.791545 -354 -301 -298 -278 -268 -261 -259 -253 -237 -225 -214 -210 -209 -198 -187 
1641681512.792246 -170 -166 -152 -150 -145 -145 -144 -125 -119 -108 -102 -102 -63 -28 -18 
1641681513.617152 ### RSSI: -42, 28, 1640050196 ,7050 
1641681513.659000 ### RSSI: -43, 20, 1640050196 ,7051 
1641681513.789626 ### DEBUG: Ticks: 7053, 16, 1 
1641681513.789937 1640050196 c0:98:e5:42:00:29 286 
1641681513.790138 -303 -284 -278 -276 -269 -250 -226 -224 -222 -211 -206 -205 -198 -177 -172 
1641681513.790328 -170 -164 -162 -151 -134 -133 -128 -117 -116 -113 -105 -103 -93 -89 -21 
1641681514.616968 ### RSSI: -42, 26, 1640050197 ,7066 
1641681514.660278 ### RSSI: -42, 21, 1640050197 ,7067 
1641681514.781052 ### DEBUG: Ticks: 7069, 16, 1 
1641681514.781517 1640050197 c0:98:e5:42:00:29 280 
1641681514.782252 -416 -398 -389 -381 -370 -341 -331 -330 -321 -319 -317 -312 -312 -306 -295 
1641681514.782981 -286 -277 -271 -270 -261 -257 -254 -250 -234 -215 -208 -200 -190 -143 -85 
1641681515.623552 ### RSSI: -44, 4, 1640050198 ,7082 
1641681515.667087 ### RSSI: -42, 16, 1640050198 ,7082 
1641681515.782760 ### DEBUG: Ticks: 7084, 15, 1 
1641681515.782913 1640050198 c0:98:e5:42:00:29 296 
1641681515.782998 -270 -259 -257 -256 -239 -224 -222 -215 -202 -202 -197 -181 -166 -153 -147 
1641681515.783094 -139 -132 -115 -114 -108 -99 -97 -92 -78 -59 -58 -57 -57 -52 9 
1641681516.623669 ### RSSI: -45, 3, 1640050199 ,7097 
1641681516.658123 ### RSSI: -45, 4, 1640050199 ,7098 
1641681516.779289 ### DEBUG: Ticks: 7100, 16, 1 
1641681516.789121 1640050199 c0:98:e5:42:00:29 268 
1641681516.789461 -267 -266 -258 -239 -235 -232 -227 -218 -214 -208 -183 -182 -164 -163 -131 
1641681516.789651 -130 -118 -114 -112 -112 -101 -92 -82 -75 -67 -57 -45 -29 -24 -22 
1641681517.627664 ### RSSI: -42, 26, 1640050200 ,7113 
1641681517.658788 ### RSSI: -42, 17, 1640050200 ,7114 
1641681517.778131 ### DEBUG: Ticks: 7115, 15, 1 
1641681517.789637 1640050200 c0:98:e5:42:00:29 293 
1641681517.791177 -387 -364 -355 -354 -316 -303 -296 -295 -292 -292 -282 -278 -277 -267 -265 
1641681517.792661 -256 -253 -243 -240 -229 -228 -225 -208 -207 -195 -193 -187 -186 -176 -79 
1641681518.618761 ### RSSI: -43, 23, 1640050201 ,7128 
1641681518.661267 ### RSSI: -43, 13, 1640050201 ,7129 
1641681518.778493 ### ERROR: Failed reading SquarePoint packet length
1641681519.625693 ### RSSI: -43, 23, 1640050202 ,7144 
1641681519.658505 ### RSSI: -45, 7, 1640050202 ,7145 
1641681520.619604 ### RSSI: -43, 10, 1640050203 ,7160 
1641681520.664018 ### RSSI: -41, 27, 1640050203 ,7160 
1641681520.783355 ### DEBUG: Ticks: 7162, 47, 1 
1641681520.783850 1640050203 c0:98:e5:42:00:29 252 
1641681520.784626 -314 -313 -295 -286 -278 -276 -269 -268 -264 -261 -249 -247 -237 -237 -214 
1641681520.785400 -211 -202 -199 -197 -180 -170 -166 -160 -158 -156 -143 -132 -131 -84 -17 
1641681521.622563 ### RSSI: -42, 12, 1640050204 ,7175 
1641681521.665267 ### RSSI: -40, 36, 1640050204 ,7176 
1641681521.780841 ### DEBUG: Ticks: 7178, 16, 1 
1641681521.781386 1640050204 c0:98:e5:42:00:29 278 
1641681521.782177 -317 -310 -307 -300 -267 -251 -251 -251 -246 -239 -232 -230 -220 -206 -195 
1641681521.782878 -190 -180 -169 -157 -153 -150 -136 -131 -129 -124 -110 -105 -87 -80 -56 
1641681522.624382 ### RSSI: -42, 26, 1640050205 ,7191 
1641681522.658201 ### RSSI: -41, 27, 1640050205 ,7192 
1641681522.780095 ### DEBUG: Ticks: 7194, 16, 1 
1641681522.789450 1640050205 c0:98:e5:42:00:29 272 
1641681522.790271 -386 -370 -338 -333 -330 -317 -315 -313 -312 -312 -298 -285 -278 -277 -259 
1641681522.790998 -248 -232 -230 -230 -229 -223 -223 -222 -222 -218 -210 -184 -171 -158 -92 
1641681523.622419 ### RSSI: -43, 22, 1640050206 ,7207 
1641681523.656440 ### RSSI: -44, 14, 1640050206 ,7207 
1641681523.789348 ### DEBUG: Ticks: 7209, 15, 1 
1641681523.789812 1640050206 c0:98:e5:42:00:29 257 
1641681523.790545 -301 -294 -287 -284 -277 -275 -270 -259 -251 -241 -227 -211 -187 -182 -173 
1641681523.791225 -172 -169 -159 -152 -150 -148 -137 -124 -108 -104 -100 -95 -85 -63 19 
1641681524.623788 ### RSSI: -42, 19, 1640050207 ,7222 
1641681524.656421 ### RSSI: -42, 18, 1640050207 ,7223 
1641681524.786491 ### DEBUG: Ticks: 7225, 16, 1 
1641681524.786966 1640050207 c0:98:e5:42:00:29 283 
1641681524.787702 -295 -266 -264 -249 -241 -235 -235 -229 -222 -218 -207 -196 -185 -174 -169 
1641681524.788373 -152 -148 -146 -136 -129 -128 -120 -118 -117 -113 -92 -85 -81 -17 13 
1641681525.615328 ### RSSI: -42, 25, 1640050208 ,7238 
1641681525.658498 ### RSSI: -43, 13, 1640050208 ,7238 
1641681525.781691 ### DEBUG: Ticks: 7240, 15, 1 
1641681525.782150 1640050208 c0:98:e5:42:00:29 315 
1641681525.782874 -326 -292 -287 -285 -251 -234 -225 -223 -207 -206 -199 -194 -185 -177 -175 
1641681525.783564 -169 -158 -157 -151 -149 -145 -140 -134 -125 -118 -109 -88 -68 -58 -26 
1641681526.619599 ### RSSI: -41, 26, 1640050209 ,7253 
1641681526.664150 ### RSSI: -43, 15, 1640050209 ,7254 
1641681526.782665 ### DEBUG: Ticks: 7256, 16, 1 
1641681526.782773 1640050209 c0:98:e5:42:00:29 211 
1641681526.782818 -301 -276 -270 -253 -224 -218 -216 -211 -205 -203 -202 -186 -175 -171 -161 
1641681526.782857 -161 -159 -153 -147 -146 -136 -128 -122 -107 -89 -88 -76 -15 -12 -11 
1641681527.475793 ### INFO: Device is now IN MOTION
1641681527.620752 ### RSSI: -40, 35, 1640050210 ,7269 
1641681527.665011 ### RSSI: -41, 35, 1640050210 ,7270 
1641681527.782378 ### DEBUG: Ticks: 7272, 16, 1 
1641681527.782485 1640050210 c0:98:e5:42:00:29 305 
1641681527.782525 -196 -172 -162 -125 -122 -105 -93 -86 -81 -77 -65 -63 -53 -53 -33 
1641681527.782564 -29 -22 -15 3 3 10 13 16 23 32 41 52 55 58 90 
1641681528.619465 ### RSSI: -53, 28, 1640050211 ,7285 
1641681528.666195 ### RSSI: -55, 24, 1640050211 ,7285 
1641681528.789128 ### DEBUG: Ticks: 7287, 15, 1 
1641681528.789884 1640050211 c0:98:e5:42:00:29 273 
1641681528.790106 -215 -211 -204 -186 -181 -180 -163 -148 -141 -129 -126 -121 -107 -103 -102 
1641681528.790261 -98 -98 -92 -91 -60 -53 -43 -43 -36 -20 -12 -7 -6 -4 3 
1641681529.622048 ### RSSI: -46, 9, 1640050212 ,7300 
1641681529.665714 ### RSSI: -45, 19, 1640050212 ,7301 
1641681529.789510 ### ERROR: Failed reading SquarePoint packet length
1641681530.615685 ### RSSI: -50, 25, 1640050213 ,7316 
1641681530.660334 ### RSSI: -51, 35, 1640050213 ,7317 
1641681531.619505 ### RSSI: -51, 20, 1640050214 ,7332 
1641681531.664039 ### RSSI: -48, 17, 1640050214 ,7332 
1641681531.785529 ### DEBUG: Ticks: 7334, 47, 1 
1641681531.786926 1640050214 c0:98:e5:42:00:29 259 
1641681531.790536 -333 -310 -303 -281 -272 -266 -262 -256 -255 -242 -240 -239 -238 -228 -221 
1641681531.791648 -212 -211 -210 -202 -191 -190 -190 -183 -180 -164 -159 -149 -140 -135 -132 
1641681532.618509 ### RSSI: -47, 0, 1640050215 ,7347 
1641681532.659860 ### RSSI: -47, 18, 1640050215 ,7348 
1641681532.781871 ### DEBUG: Ticks: 7350, 16, 1 
1641681532.781987 1640050215 c0:98:e5:42:00:29 351 
1641681532.782044 -180 -161 -161 -156 -154 -143 -142 -140 -126 -115 -112 -108 -80 -77 -66 
1641681532.782096 -63 -61 -54 -46 -41 -39 -33 -26 -23 -22 -20 -9 27 28 37 
1641681533.619261 ### RSSI: -48, 26, 1640050215 ,7363 
1641681533.663736 ### RSSI: -48, 0, 1640050215 ,7363 
1641681533.785789 ### DEBUG: Ticks: 7365, 15, 1 
1641681533.786394 1640050216 c0:98:e5:42:00:29 493 
1641681533.786559 10 34 45 48 50 54 56 59 61 68 69 78 81 83 89 
1641681533.786688 92 93 114 116 127 129 136 144 147 149 161 164 170 173 229 
1641681534.617155 ### RSSI: -50, 0, 1640050216 ,7378 
1641681534.661817 ### RSSI: -51, 33, 1640050216 ,7379 
1641681534.787585 ### DEBUG: Ticks: 7381, 16, 1 
1641681534.787697 1640050217 c0:98:e5:42:00:29 600 
1641681534.787751 114 146 153 164 172 181 184 187 189 196 199 207 209 212 221 
1641681534.787799 222 226 229 236 238 240 255 263 263 268 269 270 292 336 338 
1641681535.165095 ### INFO: SD card flushed!
1641681535.617466 ### RSSI: -50, 20, 1640050217 ,7394 
1641681535.661927 ### RSSI: -53, 34, 1640050218 ,7395 
1641681535.787236 ### DEBUG: Ticks: 7397, 16, 1 
1641681535.787472 1640050218 c0:98:e5:42:00:29 650 
1641681535.787618 156 193 199 215 215 216 219 223 224 244 249 249 251 260 265 
1641681535.787775 272 273 288 290 296 299 304 310 316 336 348 359 372 379 405 
1641681536.619214 ### RSSI: -55, 4, 1640050219 ,7410 
1641681536.664240 ### RSSI: -58, 25, 1640050219 ,7410 
1641681536.786964 ### DEBUG: Ticks: 7412, 15, 1 
1641681536.787190 1640050219 c0:98:e5:42:00:29 653 
1641681536.787326 184 203 218 226 227 227 249 252 256 256 262 264 266 269 272 
1641681536.787465 275 286 286 296 298 310 311 312 313 316 337 344 355 364 0 
1641681537.620128 ### RSSI: -57, 31, 1640050220 ,7425 
1641681537.664840 ### RSSI: -56, 10, 1640050220 ,7426 
1641681537.781078 ### DEBUG: Ticks: 7428, 16, 1 
1641681537.781444 1640050220 c0:98:e5:42:00:29 611 
1641681537.781599 58 60 72 82 104 116 123 130 130 132 139 147 160 181 185 
1641681537.793461 186 190 190 195 197 203 212 218 218 219 230 252 267 274 279 
1641681538.623760 ### RSSI: -58, 5, 1640050221 ,7441 
1641681538.658827 ### RSSI: -57, 35, 1640050221 ,7441 
1641681538.782752 ### DEBUG: Ticks: 7443, 15, 1 
1641681538.783005 1640050221 c0:98:e5:42:00:29 634 
1641681538.783162 137 143 148 158 158 169 174 176 181 181 186 190 195 200 207 
1641681538.783348 230 232 235 237 249 252 258 277 303 329 350 376 392 418 493 
1641681539.614989 ### RSSI: -55, 27, 1640050222 ,7456 
1641681539.660888 ### RSSI: -54, 1, 1640050222 ,7457 
1641681539.786354 ### DEBUG: Ticks: 7459, 16, 1 
1641681539.786641 1640050222 c0:98:e5:42:00:29 733 
1641681539.786875 240 256 269 286 288 288 290 306 308 318 326 328 340 342 348 
1641681539.787082 349 353 357 361 370 371 379 388 390 414 429 534 686 803 811 
1641681540.626284 ### RSSI: -60, 24, 1640050223 ,7472 
1641681540.658333 ### RSSI: -60, 32, 1640050223 ,7473 
1641681540.782021 ### DEBUG: Ticks: 7475, 16, 1 
1641681540.783036 1640050223 c0:98:e5:42:00:29 724 
1641681540.783591 278 286 287 291 307 332 334 335 353 354 355 359 362 366 371 
1641681540.784076 389 392 402 411 419 419 427 436 438 481 507 555 576 665 679 
1641681541.618565 ### RSSI: -59, 23, 1640050224 ,7488 
1641681541.660663 ### RSSI: -60, 15, 1640050224 ,7488 
1641681541.785483 ### ERROR: Failed reading SquarePoint packet length
1641681542.619519 ### RSSI: -56, 11, 1640050225 ,7503 
1641681542.663888 ### RSSI: -54, 17, 1640050225 ,7504 
1641681543.624262 ### RSSI: -50, 30, 1640050226 ,7519 
1641681543.658808 ### RSSI: -51, 34, 1640050226 ,7520 
1641681543.783248 ### DEBUG: Ticks: 7522, 47, 1 
1641681543.783461 1640050226 c0:98:e5:42:00:29 647 
1641681543.783589 191 242 243 244 255 263 286 286 287 293 297 312 322 328 331 
1641681543.783722 331 336 345 346 352 360 367 375 399 401 406 419 423 467 495 
1641681544.620056 ### RSSI: -48, 20, 1640050227 ,7535 
1641681544.654831 ### RSSI: -48, 14, 1640050227 ,7535 
1641681544.781163 ### DEBUG: Ticks: 7537, 15, 1 
1641681544.781538 1640050227 c0:98:e5:42:00:29 622 
1641681544.781766 157 163 207 213 227 233 233 234 236 236 236 236 241 242 242 
1641681544.793231 257 258 261 261 262 262 265 265 268 275 363 364 375 386 436 
1641681545.619517 ### RSSI: -51, 18, 1640050228 ,7550 
1641681545.664439 ### RSSI: -52, 1, 1640050228 ,7551 
1641681545.787372 ### DEBUG: Ticks: 7553, 16, 1 
1641681545.787598 1640050228 c0:98:e5:42:00:29 893 
1641681545.787742 398 421 437 440 448 462 470 473 475 476 478 479 500 504 521 
1641681545.787928 525 528 531 531 533 540 543 544 551 558 579 597 674 696 714 
1641681546.622237 ### RSSI: -54, 20, 1640050229 ,7566 
1641681546.657703 ### RSSI: -56, 6, 1640050229 ,7566 
1641681546.784442 ### DEBUG: Ticks: 7568, 15, 1 
1641681546.784690 1640050229 c0:98:e5:42:00:29 1367 
1641681546.784864 882 900 908 920 921 924 930 949 954 955 957 957 961 964 964 
1641681546.785015 972 993 1007 1012 1025 1029 1038 1043 1048 1060 1065 1078 1090 1114 1202 
1641681547.620481 ### RSSI: -65, 11, 1640050230 ,7581 
1641681547.664191 ### RSSI: -63, 23, 1640050230 ,7582 
1641681547.786622 ### DEBUG: Ticks: 7584, 16, 1 
1641681547.786873 1640050230 c0:98:e5:42:00:29 1824 
1641681547.787030 1270 1286 1292 1306 1307 1319 1321 1342 1344 1345 1352 1355 1358 1358 1362 
1641681547.787607 1367 1368 1375 1390 1391 1395 1400 1402 1409 1427 1449 1466 1468 1532 1532 
1641681548.618079 ### RSSI: -64, 33, 1640050231 ,7597 
1641681548.661038 ### RSSI: -68, 1, 1640050231 ,7598 
1641681548.783149 ### DEBUG: Ticks: 7600, 16, 1 
1641681548.783357 1640050231 c0:98:e5:42:00:29 1913 
1641681548.783479 1420 1443 1448 1468 1480 1481 1489 1502 1503 1504 1510 1526 1527 1527 1530 
1641681548.783620 1541 1554 1572 1574 1577 1578 1579 1582 1592 1593 1595 1617 1706 1803 1803 
1641681549.616482 ### RSSI: -71, 19, 1640050232 ,7613 
1641681549.660673 ### RSSI: -71, 0, 1640050232 ,7613 
1641681549.789202 ### DEBUG: Ticks: 7615, 15, 1 
1641681549.789507 1640050232 c0:98:e5:42:00:29 1901 
1641681549.789674 1376 1405 1419 1420 1425 1425 1433 1434 1436 1442 1443 1456 1473 1487 1488 
1641681549.789832 1507 1509 1510 1512 1512 1515 1521 1522 1523 1527 1528 1544 1697 1746 1760 
1641681550.615972 ### RSSI: -68, 7, 1640050233 ,7628 
1641681550.660965 ### RSSI: -79, 2, 1640050233 ,7629 
1641681550.782087 ### DEBUG: Ticks: 7631, 16, 1 
1641681550.782419 1640050233 c0:98:e5:42:00:29 1891 
1641681550.782575 1438 1448 1466 1492 1500 1501 1507 1509 1512 1513 1514 1515 1519 1519 1536 
1641681550.782773 1539 1549 1549 1550 1556 1565 1582 1583 1591 1592 1592 1604 1639 1729 1740 
1641681551.622641 ### RSSI: -63, 8, 1640050234 ,7644 
1641681551.655209 ### RSSI: -60, 22, 1640050234 ,7645 
1641681551.789410 ### DEBUG: Ticks: 7646, 15, 1 
1641681551.789672 1640050234 c0:98:e5:42:00:29 1698 
1641681551.789840 1162 1168 1210 1213 1220 1228 1237 1242 1246 1249 1256 1260 1265 1265 1267 
1641681551.790019 1283 1291 1311 1314 1316 1318 1332 1340 1348 1351 1364 1390 1396 1428 1477 
1641681552.618318 ### RSSI: -57, 12, 1640050235 ,7660 
1641681552.663844 ### RSSI: -58, 14, 1640050235 ,7660 
1641681552.785529 ### ERROR: Failed reading SquarePoint packet length
1641681553.614703 ### RSSI: -53, 7, 1640050236 ,7675 
1641681553.659098 ### RSSI: -50, 33, 1640050236 ,7676 
1641681554.621098 ### RSSI: -49, 4, 1640050237 ,7691 
1641681554.655152 ### RSSI: -49, 0, 1640050237 ,7691 
1641681554.790765 ### DEBUG: Ticks: 7693, 47, 1 
1641681554.791011 1640050237 c0:98:e5:42:00:29 660 
1641681554.791211 147 172 180 184 195 217 218 222 224 225 229 238 240 254 262 
1641681554.791355 265 265 268 274 276 277 277 294 308 309 352 387 395 448 449 
1641681555.621911 ### RSSI: -54, 32, 1640050238 ,7706 
1641681555.655132 ### RSSI: -54, 27, 1640050238 ,7707 
1641681555.791063 ### DEBUG: Ticks: 7709, 16, 1 
1641681555.791399 1640050238 c0:98:e5:42:00:29 679 
1641681555.791989 114 127 137 147 150 154 164 175 179 183 184 194 203 205 219 
1641681555.792178 220 226 233 234 235 237 242 255 260 266 282 392 424 676 694 
1641681556.616215 ### RSSI: -55, 2, 1640050239 ,7722 
1641681556.662385 ### RSSI: -54, 9, 1640050239 ,7723 
1641681556.787384 ### DEBUG: Ticks: 7725, 16, 1 
1641681556.787607 1640050239 c0:98:e5:42:00:29 684 
1641681556.787753 167 167 181 196 197 198 205 205 232 233 251 266 273 277 277 
1641681556.787887 277 288 296 298 299 328 332 334 352 358 437 457 535 711 748 
1641681557.620037 ### RSSI: -51, 33, 1640050239 ,7738 
1641681557.664687 ### RSSI: -50, 28, 1640050239 ,7738 
1641681557.787877 ### DEBUG: Ticks: 7740, 15, 1 
1641681557.788172 1640050240 c0:98:e5:42:00:29 670 
1641681557.788309 227 246 264 279 281 282 286 286 301 309 321 326 326 336 343 
1641681557.788451 345 346 360 366 370 381 382 382 408 445 446 456 463 488 492 
1641681558.621587 ### RSSI: -51, 33, 1640050240 ,7753 
1641681558.654489 ### RSSI: -50, 17, 1640050240 ,7754 
1641681558.789720 ### DEBUG: Ticks: 7756, 16, 1 
1641681558.790022 1640050241 c0:98:e5:42:00:29 701 
1641681558.790212 235 254 284 293 293 294 300 306 309 313 332 335 342 362 365 
1641681558.790403 367 375 375 375 383 395 398 401 408 419 431 506 528 595 617 
1641681559.622346 ### RSSI: -53, 10, 1640050241 ,7769 
1641681559.656400 ### RSSI: -52, 18, 1640050241 ,7769 
1641681559.790264 ### DEBUG: Ticks: 7771, 15, 1 
1641681559.790550 1640050242 c0:98:e5:42:00:29 984 
1641681559.790732 519 520 529 536 542 546 554 562 565 574 575 586 591 592 599 
1641681559.791008 605 618 636 649 650 660 674 684 700 700 706 726 756 788 793 
1641681560.623110 ### RSSI: -58, 16, 1640050242 ,7784 
1641681560.655714 ### RSSI: -60, 21, 1640050243 ,7785 
1641681560.781242 ### DEBUG: Ticks: 7787, 16, 1 
1641681560.781603 1640050243 c0:98:e5:42:00:29 1535 
1641681560.792969 1074 1078 1094 1096 1103 1120 1127 1135 1137 1141 1152 1156 1159 1170 1181 
1641681560.793304 1182 1183 1187 1191 1197 1200 1205 1209 1216 1224 1254 1300 1335 1359 1435 
1641681561.615860 ### RSSI: -71, 4, 1640050244 ,7800 
1641681561.660079 ### RSSI: -66, 30, 1640050244 ,7801 
1641681561.787255 ### DEBUG: Ticks: 7803, 16, 1 
1641681561.788887 1640050244 c0:98:e5:42:00:29 1897 
1641681561.790134 1429 1430 1433 1463 1470 1474 1480 1500 1501 1502 1513 1520 1525 1527 1532 
1641681561.790365 1536 1542 1550 1550 1552 1556 1564 1577 1593 1593 1622 1642 1686 1714 1917 
1641681562.621133 ### RSSI: -65, 24, 1640050245 ,7816 
1641681562.654960 ### RSSI: -69, 3, 1640050245 ,7816 
1641681562.790283 ### DEBUG: Ticks: 7818, 15, 1 
1641681562.790502 1640050245 c0:98:e5:42:00:29 1873 
1641681562.790969 1298 1339 1376 1378 1393 1395 1400 1403 1418 1425 1426 1427 1433 1440 1444 
1641681562.791465 1451 1451 1454 1455 1462 1471 1482 1492 1494 1503 1514 1575 1617 1687 1767 
1641681563.614859 ### RSSI: -73, 20, 1640050246 ,7831 
1641681563.659026 ### RSSI: -65, 35, 1640050246 ,7832 
1641681563.788212 ### DEBUG: Ticks: 7834, 16, 1 
1641681563.788470 1640050246 c0:98:e5:42:00:29 1913 
1641681563.788648 1435 1446 1495 1507 1508 1509 1524 1529 1533 1534 1540 1547 1551 1552 1554 
1641681563.788826 1562 1563 1563 1564 1564 1568 1578 1591 1591 1607 1611 1642 1671 1734 1926 
1641681564.621802 ### RSSI: -68, 33, 1640050247 ,7847 
1641681564.655760 ### RSSI: -75, 8, 1640050247 ,7848 
1641681564.779084 ### ERROR: Failed reading SquarePoint packet length
1641681565.619255 ### RSSI: -61, 20, 1640050248 ,7863 
1641681565.663793 ### RSSI: -61, 10, 1640050248 ,7863 
1641681566.620024 ### RSSI: -58, 20, 1640050249 ,7878 
1641681566.663353 ### RSSI: -57, 5, 1640050249 ,7879 
1641681566.790251 ### DEBUG: Ticks: 7881, 47, 1 
1641681566.790502 1640050249 c0:98:e5:42:00:29 1277 
1641681566.790659 844 854 864 885 899 899 907 908 912 915 923 928 932 935 940 
1641681566.790829 941 942 946 963 966 967 983 1010 1013 1024 1042 1055 1079 1164 1170 
1641681567.623953 ### RSSI: -53, 9, 1640050250 ,7894 
1641681567.660158 ### RSSI: -52, 16, 1640050250 ,7894 
1641681567.792050 ### DEBUG: Ticks: 7896, 15, 1 
1641681567.792302 1640050250 c0:98:e5:42:00:29 811 
1641681567.792457 362 420 423 435 440 445 451 457 458 462 470 481 485 489 490 
1641681567.792615 499 507 518 520 523 524 533 534 534 540 542 672 678 717 744 
1641681568.615418 ### RSSI: -47, 27, 1640050251 ,7909 
1641681568.657977 ### RSSI: -49, 19, 1640050251 ,7910 
1641681568.783612 ### DEBUG: Ticks: 7912, 16, 1 
1641681568.783894 1640050251 c0:98:e5:42:00:29 671 
1641681568.784050 189 251 280 282 282 284 287 288 303 311 311 319 319 319 324 
1641681568.784229 325 326 331 365 370 377 383 393 393 394 436 475 476 503 512 
1641681569.616111 ### RSSI: -55, 17, 1640050252 ,7925 
1641681569.663487 ### RSSI: -56, 20, 1640050252 ,7926 
1641681569.787614 ### DEBUG: Ticks: 7928, 16, 1 
1641681569.787838 1640050252 c0:98:e5:42:00:29 671 
1641681569.787974 87 119 140 141 144 151 157 158 166 174 175 175 182 186 191 
1641681569.788138 192 196 200 202 204 206 210 236 272 277 330 418 558 666 687 
1641681570.616802 ### RSSI: -52, 31, 1640050253 ,7941 
1641681570.660954 ### RSSI: -53, 7, 1640050253 ,7941 
1641681570.784942 ### DEBUG: Ticks: 7943, 15, 1 
1641681570.785195 1640050253 c0:98:e5:42:00:29 583 
1641681570.785418 137 142 150 153 153 155 156 163 168 169 171 183 188 188 191 
1641681570.786116 195 201 215 220 223 229 232 247 258 264 299 321 379 382 454 
1641681571.154881 ### INFO: SD card flushed!
1641681571.623280 ### RSSI: -47, 5, 1640050254 ,7956 
1641681571.656858 ### RSSI: -48, 13, 1640050254 ,7957 
1641681571.780989 ### DEBUG: Ticks: 7959, 16, 1 
1641681571.782457 1640050254 c0:98:e5:42:00:29 661 
1641681571.793711 196 212 227 254 281 281 281 283 288 293 294 305 323 327 327 
1641681571.793917 329 331 336 339 339 345 346 357 377 409 410 412 430 446 474 
1641681572.614996 ### RSSI: -54, 33, 1640050255 ,7972 
1641681572.658268 ### RSSI: -54, 18, 1640050255 ,7973 
1641681572.785564 ### DEBUG: Ticks: 7975, 16, 1 
1641681572.785808 1640050255 c0:98:e5:42:00:29 797 
1641681572.785962 327 333 363 366 367 367 373 383 385 386 394 399 403 421 422 
1641681572.786123 426 428 433 436 436 444 445 459 465 507 614 665 669 714 0 
1641681573.616544 ### RSSI: -54, 14, 1640050256 ,7988 
1641681573.660594 ### RSSI: -55, 7, 1640050256 ,7988 
1641681573.784157 ### DEBUG: Ticks: 7990, 15, 1 
1641681573.784379 1640050256 c0:98:e5:42:00:29 1241 
1641681573.784542 742 753 782 787 792 800 807 817 818 819 827 827 834 839 848 
1641681573.784675 848 848 874 878 908 911 913 917 929 938 946 950 980 1019 1071 
1641681574.621830 ### RSSI: -61, 23, 1640050257 ,8003 
1641681574.655029 ### RSSI: -63, 36, 1640050257 ,8004 
1641681574.793003 ### DEBUG: Ticks: 8006, 16, 1 
1641681574.793471 1640050257 c0:98:e5:42:00:29 1767 
1641681574.793654 1292 1341 1344 1345 1355 1358 1358 1361 1361 1367 1370 1374 1379 1390 1395 
1641681574.793838 1400 1401 1402 1404 1408 1413 1420 1428 1430 1444 1445 1448 1462 1571 1599 
1641681575.617662 ### RSSI: -71, 6, 1640050258 ,8019 
1641681575.662369 ### RSSI: -80, 20, 1640050258 ,8019 
1641681575.787202 ### ERROR: Failed reading SquarePoint packet length
1641681576.620033 ### RSSI: -66, 24, 1640050259 ,8034 
1641681576.663935 ### RSSI: -66, 9, 1640050259 ,8035 
1641681577.623308 ### RSSI: -80, 4, 1640050260 ,8050 
1641681577.656289 ### RSSI: -82, 20, 1640050260 ,8051 
1641681577.790217 ### DEBUG: Ticks: 8053, 47, 1 
1641681577.790476 1640050260 c0:98:e5:42:00:29 1833 
1641681577.790630 1334 1353 1382 1384 1386 1386 1387 1389 1398 1399 1404 1411 1412 1413 1417 
1641681577.790790 1428 1448 1452 1453 1455 1457 1460 1471 1476 1479 1479 1486 1515 1605 1666 
1641681578.619220 ### RSSI: -62, 22, 1640050261 ,8066 
1641681578.653640 ### RSSI: -60, 14, 1640050261 ,8066 
1641681578.790128 ### DEBUG: Ticks: 8068, 15, 1 
1641681578.790351 1640050261 c0:98:e5:42:00:29 1744 
1641681578.790494 1212 1223 1230 1240 1251 1253 1261 1278 1278 1289 1297 1300 1302 1303 1306 
1641681578.790634 1311 1315 1317 1318 1321 1328 1334 1350 1353 1368 1370 1387 1400 1465 1508 
1641681579.618896 ### RSSI: -59, 34, 1640050262 ,8081 
1641681579.653435 ### RSSI: -54, 19, 1640050262 ,8082 
1641681579.787975 ### DEBUG: Ticks: 8084, 16, 1 
1641681579.788181 1640050262 c0:98:e5:42:00:29 1344 
1641681579.788302 695 775 792 801 819 826 827 831 832 836 842 855 860 868 874 
1641681579.788445 884 885 887 901 906 922 928 930 945 947 947 963 988 1015 1064 
1641681580.615477 ### RSSI: -54, 8, 1640050263 ,8097 
1641681580.659113 ### RSSI: -55, 0, 1640050263 ,8097 
1641681580.782684 ### DEBUG: Ticks: 8099, 15, 1 
1641681580.782906 1640050263 c0:98:e5:42:00:29 924 
1641681580.794306 523 526 534 553 554 555 569 573 580 585 596 603 610 613 617 
1641681580.794521 622 624 632 643 644 644 692 702 715 721 727 748 777 787 844 
1641681581.620736 ### RSSI: -50, 28, 1640050264 ,8112 
1641681581.654686 ### RSSI: -50, 32, 1640050264 ,8113 
1641681581.783046 ### DEBUG: Ticks: 8115, 16, 1 
1641681581.783350 1640050264 c0:98:e5:42:00:29 716 
1641681581.783507 279 293 313 322 325 351 353 354 356 367 375 377 377 379 382 
1641681581.783668 392 392 399 402 406 409 420 431 432 434 502 522 562 566 570 
1641681582.619076 ### RSSI: -56, 0, 1640050264 ,8128 
1641681582.654255 ### RSSI: -53, 13, 1640050264 ,8129 
1641681582.789235 ### DEBUG: Ticks: 8131, 16, 1 
1641681582.789679 1640050265 c0:98:e5:42:00:29 616 
1641681582.789894 102 112 130 133 134 141 148 151 152 154 159 159 161 169 172 
1641681582.790084 174 175 182 190 202 245 247 269 269 271 345 349 428 474 608 
1641681583.623976 ### RSSI: -55, 16, 1640050265 ,8144 
1641681583.655804 ### RSSI: -54, 5, 1640050265 ,8144 
1641681583.790990 ### DEBUG: Ticks: 8146, 15, 1 
1641681583.791230 1640050266 c0:98:e5:42:00:29 714 
1641681583.791395 224 243 255 266 269 273 287 292 299 299 309 325 337 341 344 
1641681583.791528 344 346 348 355 363 365 367 376 391 397 423 454 606 757 782 
1641681584.615393 ### RSSI: -51, 35, 1640050266 ,8159 
1641681584.663517 ### RSSI: -45, 23, 1640050267 ,8160 
1641681584.789038 ### DEBUG: Ticks: 8162, 16, 1 
1641681584.789429 1640050267 c0:98:e5:42:00:29 728 
1641681584.789629 255 275 293 315 316 333 335 342 344 348 357 367 367 371 378 
1641681584.789791 379 382 397 398 403 406 418 418 423 445 453 454 462 477 495 
1641681585.619837 ### RSSI: -51, 21, 1640050268 ,8175 
1641681585.654338 ### RSSI: -54, 30, 1640050268 ,8176 
1641681585.788227 ### DEBUG: Ticks: 8178, 16, 1 
1641681585.788450 1640050268 c0:98:e5:42:00:29 853 
1641681585.788573 398 420 434 435 436 465 471 482 482 487 487 489 495 500 519 
1641681585.788739 520 534 535 540 541 556 567 568 575 582 666 669 696 745 812 
1641681586.621464 ### RSSI: -54, 10, 1640050269 ,8191 
1641681586.655247 ### RSSI: -52, 9, 1640050269 ,8191 
1641681586.777924 ### ERROR: Failed reading SquarePoint packet length
1641681587.618706 ### RSSI: -60, 27, 1640050270 ,8206 
1641681587.663765 ### RSSI: -60, 36, 1640050270 ,8207 
1641681588.791709 ### DEBUG: Ticks: 8224, 46, 1 
1641681588.791992 1640050271 c0:98:e5:42:00:29 1923 
1641681588.792200 1343 1390 1411 1435 1435 1443 1448 1449 1463 1473 1476 1479 1489 1493 1496 
1641681588.792417 1500 1506 1507 1511 1513 1517 1518 1522 1540 1545 1547 1558 1690 1736 1799 
1641681589.784605 ### DEBUG: Ticks: 8240, 16, 1 
1641681589.786498 1640050272 c0:98:e5:42:00:29 1778 
1641681589.789887 1214 1224 1259 1266 1269 1270 1284 1284 1287 1294 1299 1301 1310 1318 1323 
1641681589.794122 1333 1336 1337 1342 1346 1353 1386 1387 1387 1392 1403 1412 1470 1561 1619 
1641681590.785099 ### DEBUG: Ticks: 8256, 16, 1 
1641681590.785494 1640050273 c0:98:e5:42:00:29 1854 
1641681590.785634 1310 1335 1336 1354 1366 1373 1379 1384 1390 1397 1405 1408 1429 1430 1430 
1641681590.785782 1435 1436 1460 1464 1466 1470 1493 1494 1499 1502 1515 1523 1604 1613 1781 
1641681591.721067 ### BLE EVENT: 17, INFO: BLE DISCONNECTED!
1641681591.753817 ### BLE EVENT: 17, INFO: BLE DISCONNECTED!
1641681591.787121 ### DEBUG: Ticks: 8271, 15, 0 
1641681591.787341 1640050274 c0:98:e5:42:00:29 1777 
1641681591.787460 1234 1242 1248 1256 1268 1282 1290 1295 1296 1310 1313 1315 1320 1324 1325 
1641681591.787571 1326 1329 1334 1352 1354 1362 1365 1367 1384 1394 1398 1405 1415 1525 1585 
1641681592.557378 ### BLE EVENT: 16, INFO: BLE CONNECTED!
1641681592.557631 ### RSSI: -63, 7, 1640050275 ,8283 
1641681592.660172 ### RSSI: -60, 30, 1640050275 ,8285 
1641681592.750561 ### RSSI: -63, 12, 1640050275 ,8286 
1641681592.782249 ### DEBUG: Ticks: 8287, 16, 0 
1641681592.782507 1640050275 c0:98:e5:42:00:29 1594 
1641681592.782675 1004 1006 1007 1020 1028 1031 1036 1041 1050 1069 1093 1094 1109 1109 1110 
1641681592.782846 1110 1113 1115 1136 1141 1142 1154 1195 1197 1200 1209 1213 1230 1297 1309 
1641681592.852967 ### RSSI: -62, 18, 1640050275 ,8288 
1641681592.953204 ### RSSI: -56, 30, 1640050275 ,8290 
1641681593.053678 ### RSSI: -63, 6, 1640050275 ,8291 
1641681593.155979 ### RSSI: -56, 27, 1640050275 ,8293 
1641681593.257852 ### RSSI: -59, 5, 1640050275 ,8294 
1641681593.350180 ### RSSI: -55, 34, 1640050276 ,8296 
1641681593.452786 ### RSSI: -54, 19, 1640050276 ,8297 
1641681593.549638 ### RSSI: -54, 25, 1640050276 ,8299 
1641681593.650288 ### RSSI: -53, 36, 1640050276 ,8300 
1641681593.759513 ### RSSI: -56, 7, 1640050276 ,8302 
1641681593.783624 ### DEBUG: Ticks: 8303, 16, 0 
1641681593.787616 1640050276 c0:98:e5:42:00:29 1245 
1641681593.787867 776 784 791 804 826 827 827 831 835 840 841 852 855 859 860 
1641681593.788090 867 871 885 885 906 909 915 921 921 940 973 981 1030 1095 1124 
1641681593.849424 ### RSSI: -52, 16, 1640050276 ,8304 
1641681593.952345 ### RSSI: -52, 8, 1640050276 ,8305 
1641681594.052599 ### RSSI: -53, 7, 1640050276 ,8307 
1641681594.151438 ### RSSI: -49, 25, 1640050276 ,8308 
1641681594.788902 ### DEBUG: Ticks: 8318, 15, 0 
1641681594.789120 1640050277 c0:98:e5:42:00:29 775 
1641681594.789255 253 264 312 323 326 332 335 348 357 359 360 362 371 373 374 
1641681594.789430 375 377 377 381 382 386 388 400 413 424 441 593 608 610 635 
1641681595.159656 ### RSSI: -48, 30, 1640050277 ,8324 
1641681595.789821 ### DEBUG: Ticks: 8334, 16, 0 
1641681595.790077 1640050278 c0:98:e5:42:00:29 607 
1641681595.790263 103 110 126 158 158 162 176 190 193 201 204 208 211 212 215 
1641681595.790440 215 219 223 239 241 241 242 277 306 309 313 315 316 329 368 
1641681596.151469 ### RSSI: -57, 20, 1640050279 ,8340 
1641681596.789053 ### DEBUG: Ticks: 8349, 15, 0 
1641681596.789265 1640050279 c0:98:e5:42:00:29 645 
1641681596.789461 200 227 228 230 234 238 251 257 257 268 272 273 283 289 291 
1641681596.789608 297 304 310 330 332 332 340 342 349 351 360 406 425 713 770 
1641681597.154354 ### RSSI: -52, 19, 1640050280 ,8355 
1641681597.787651 ### ERROR: Failed reading SquarePoint packet length
1641681598.156181 ### RSSI: -49, 33, 1640050281 ,8371 
1641681599.150977 ### RSSI: -53, 27, 1640050282 ,8386 
1641681599.783638 ### DEBUG: Ticks: 8396, 47, 0 
1641681599.783890 1640050282 c0:98:e5:42:00:29 904 
1641681599.784397 393 421 424 462 463 466 471 472 480 482 483 486 489 503 509 
1641681599.784675 509 513 521 528 528 534 537 548 555 560 596 679 691 730 754 
1641681600.150470 ### RSSI: -50, 29, 1640050283 ,8402 
1641681600.785910 ### DEBUG: Ticks: 8412, 16, 0 
1641681600.786101 1640050283 c0:98:e5:42:00:29 1386 
1641681600.786217 912 913 928 943 944 946 948 960 966 971 973 989 990 990 996 
1641681600.786339 998 999 1002 1011 1011 1014 1018 1045 1049 1052 1055 1063 1081 1130 1227 
1641681601.154357 ### RSSI: -59, 26, 1640050284 ,8418 
1641681601.786627 ### DEBUG: Ticks: 8427, 15, 0 
1641681601.786795 1640050284 c0:98:e5:42:00:29 1837 
1641681601.787005 1294 1295 1298 1302 1312 1315 1320 1321 1325 1337 1340 1352 1360 1361 1368 
1641681601.787377 1368 1371 1374 1375 1378 1381 1387 1419 1433 1437 1447 1449 1457 1530 1564 
1641681602.152684 ### RSSI: -70, 1, 1640050285 ,8433 
1641681602.780458 ### DEBUG: Ticks: 8443, 16, 0 
1641681602.793060 1640050285 c0:98:e5:42:00:29 1874 
1641681602.793368 1322 1347 1361 1378 1385 1389 1395 1400 1402 1405 1416 1420 1420 1424 1430 
1641681602.793481 1434 1436 1440 1450 1454 1456 1456 1461 1462 1467 1470 1478 1487 1625 1668 
1641681603.153607 ### RSSI: -78, 3, 1640050286 ,8449 
1641681603.790187 ### DEBUG: Ticks: 8459, 16, 0 
1641681603.790523 1640050286 c0:98:e5:42:00:29 1919 
1641681603.790734 1465 1481 1504 1514 1518 1526 1531 1543 1563 1564 1567 1569 1572 1577 1581 
1641681603.790919 1587 1593 1607 1608 1613 1628 1632 1657 1659 1660 1666 1684 1721 1783 1867 
1641681604.154634 ### RSSI: -64, 17, 1640050287 ,8464 
1641681604.788515 ### DEBUG: Ticks: 8474, 15, 0 
1641681604.788783 1640050287 c0:98:e5:42:00:29 1950 
1641681604.788947 1432 1479 1503 1516 1519 1520 1522 1525 1528 1529 1537 1542 1543 1552 1554 
1641681604.789105 1560 1570 1571 1578 1582 1592 1596 1601 1610 1619 1630 1661 1745 1757 1874 
1641681605.158416 ### RSSI: -64, 3, 1640050288 ,8480 
1641681605.787034 ### DEBUG: Ticks: 8490, 16, 0 
1641681605.787277 1640050288 c0:98:e5:42:00:29 1739 
1641681605.787420 1141 1198 1206 1213 1223 1226 1226 1233 1237 1244 1258 1258 1259 1260 1267 
1641681605.787577 1271 1276 1279 1285 1289 1298 1302 1311 1316 1318 1326 1335 1355 1392 1431 
1641681606.258499 ### RSSI: -63, 6, 1640050288 ,8497 
1641681606.787002 ### DEBUG: Ticks: 8506, 16, 0 
1641681606.787253 1640050289 c0:98:e5:42:00:29 1357 
1641681606.787390 807 843 871 874 880 897 901 905 912 913 916 918 919 928 929 
1641681606.787531 943 950 951 972 978 984 995 1012 1015 1021 1022 1049 1053 1090 1181 
1641681607.251391 ### RSSI: -56, 6, 1640050289 ,8513 
1641681607.789870 ### DEBUG: Ticks: 8521, 15, 0 
1641681607.790159 1640050290 c0:98:e5:42:00:29 1046 
1641681607.790302 644 646 666 668 669 674 676 680 697 701 702 716 718 731 740 
1641681607.790422 750 760 775 778 785 788 798 815 822 833 839 843 860 897 964 
1641681608.125619 ### INFO: SD card flushed!
1641681608.249262 ### RSSI: -51, 1, 1640050290 ,8529 
1641681608.778869 ### ERROR: Failed reading SquarePoint packet length
1641681609.256699 ### RSSI: -54, 29, 1640050291 ,8544 
1641681610.253941 ### RSSI: -61, 22, 1640050292 ,8560 
1641681610.781432 ### DEBUG: Ticks: 8568, 47, 0 
1641681610.793232 1640050293 c0:98:e5:42:00:29 747 
1641681610.793542 157 177 200 205 206 215 223 239 240 255 257 263 265 277 282 
1641681610.793708 293 304 308 322 334 335 339 340 340 372 398 501 596 746 782 
1641681611.255645 ### RSSI: -55, 18, 1640050293 ,8575 
1641681611.791637 ### DEBUG: Ticks: 8584, 16, 0 
1641681611.791850 1640050294 c0:98:e5:42:00:29 771 
1641681611.791971 327 344 360 366 369 398 406 410 413 413 414 436 438 440 442 
1641681611.792094 448 450 456 460 461 472 473 483 496 506 520 541 561 564 587 
1641681612.255927 ### RSSI: -51, 7, 1640050294 ,8591 
1641681612.791236 ### DEBUG: Ticks: 8599, 15, 0 
1641681612.791489 1640050295 c0:98:e5:42:00:29 862 
1641681612.791663 352 362 391 391 392 407 425 425 444 448 454 461 462 467 483 
1641681612.791824 491 497 501 502 504 512 515 516 528 529 547 548 596 623 652 
1641681613.251265 ### RSSI: -53, 36, 1640050295 ,8607 
1641681613.783658 ### DEBUG: Ticks: 8615, 16, 0 
1641681613.783908 1640050296 c0:98:e5:42:00:29 1177 
1641681613.784063 667 681 685 687 700 711 714 724 726 729 732 735 738 742 746 
1641681613.784250 748 748 750 805 807 810 829 859 862 871 872 874 879 891 971 
1641681614.254609 ### RSSI: -55, 21, 1640050296 ,8622 
1641681614.785052 ### DEBUG: Ticks: 8631, 16, 0 
1641681614.786353 1640050297 c0:98:e5:42:00:29 1633 
1641681614.788837 1073 1075 1102 1105 1113 1130 1145 1145 1156 1156 1158 1161 1170 1182 1185 
1641681614.789030 1188 1189 1192 1198 1220 1230 1238 1239 1250 1265 1296 1296 1320 1326 1401 
1641681615.255649 ### RSSI: -60, 29, 1640050297 ,8638 
1641681615.785745 ### DEBUG: Ticks: 8646, 15, 0 
1641681615.786036 1640050298 c0:98:e5:42:00:29 1897 
1641681615.786849 1365 1373 1397 1407 1414 1445 1447 1447 1462 1464 1471 1477 1480 1482 1485 
1641681615.787034 1486 1493 1494 1502 1512 1520 1531 1539 1543 1543 1562 1595 1688 1697 1709 
1641681616.255475 ### RSSI: -61, 23, 1640050298 ,8653 
1641681616.790601 ### DEBUG: Ticks: 8662, 16, 0 
1641681616.790854 1640050299 c0:98:e5:42:00:29 1868 
1641681616.791019 1353 1396 1428 1436 1449 1453 1460 1472 1477 1481 1491 1493 1505 1506 1514 
1641681616.791196 1518 1522 1538 1539 1560 1563 1566 1578 1595 1598 1609 1633 1639 1675 1923 
1641681617.251228 ### RSSI: -60, 22, 1640050299 ,8669 
1641681617.788947 ### DEBUG: Ticks: 8677, 15, 0 
1641681617.789169 1640050300 c0:98:e5:42:00:29 1863 
1641681617.789374 1330 1354 1362 1363 1367 1370 1397 1399 1400 1401 1416 1432 1435 1444 1446 
1641681617.789517 1449 1453 1455 1459 1468 1478 1489 1490 1493 1497 1513 1608 1703 1704 1731 
1641681618.248551 ### RSSI: -69, 13, 1640050301 ,8685 
1641681618.787760 ### DEBUG: Ticks: 8693, 16, 0 
1641681618.788081 1640050301 c0:98:e5:42:00:29 1881 
1641681618.788263 1370 1383 1391 1436 1442 1449 1451 1461 1464 1477 1479 1481 1488 1490 1494 
1641681618.788492 1497 1511 1514 1521 1523 1524 1529 1531 1538 1551 1554 1570 1686 1767 1904 
1641681619.249154 ### RSSI: -60, 21, 1640050302 ,8700 
1641681619.782311 ### ERROR: Failed reading SquarePoint packet length
1641681620.250626 ### RSSI: -58, 26, 1640050303 ,8716 
1641681621.249217 ### RSSI: -52, 14, 1640050304 ,8732 
1641681621.786813 ### DEBUG: Ticks: 8740, 47, 0 
1641681621.787058 1640050304 c0:98:e5:42:00:29 863 
1641681621.787212 329 340 354 377 383 392 398 401 402 407 410 414 423 423 438 
1641681621.787363 442 451 457 463 470 472 475 484 497 503 532 593 612 650 743 
1641681621.970905 ### DEBUG: BLE START SCANNING called
1641681621.982117 ### DEBUG: BLE START SCANNING called
1641681621.994851 ### addr: c0:98:e5:42:00:29 
1641681621.995111 ### on_adv_report outer RSSI: -53, time:1640050304 
1641681621.995281 ### INFO: Discovered new device: c0:98:e5:42:00:29
1641681621.995411 ### DEBUG: connected? already connected
1641681621.995541 ### DEBUG: BLE START SCANNING called
1641681622.052120 ### BLE EVENT: 16, INFO: BLE CONNECTED!
1641681622.052414 ### DEBUG: BLE START SCANNING called
1641681622.052646 ### RSSI: -51, 6, 1640050304 ,8744 
1641681622.052844 ### DEBUG: BLE START SCANNING called
1641681622.150096 ### RSSI: -50, 9, 1640050305 ,8746 
1641681622.150262 ### DEBUG: BLE START SCANNING called
1641681622.252277 ### RSSI: -49, 25, 1640050305 ,8747 
1641681622.252556 ### DEBUG: BLE START SCANNING called
1641681622.350695 ### RSSI: -49, 30, 1640050305 ,8749 
1641681622.350978 ### DEBUG: BLE START SCANNING called
1641681622.453824 ### RSSI: -47, 13, 1640050305 ,8750 
1641681622.454092 ### DEBUG: BLE START SCANNING called
1641681622.552895 ### RSSI: -47, 0, 1640050305 ,8752 
1641681622.553073 ### DEBUG: BLE START SCANNING called
1641681622.654373 ### RSSI: -58, 14, 1640050305 ,8753 
1641681622.656828 ### DEBUG: BLE START SCANNING called
1641681622.745404 ### RSSI: -48, 23, 1640050305 ,8755 
1641681622.745679 ### DEBUG: BLE START SCANNING called
1641681622.793402 ### DEBUG: Ticks: 8756, 16, 1 
1641681622.793655 1640050305 c0:98:e5:42:00:29 575 
1641681622.793813 108 113 166 171 176 184 186 190 194 196 198 220 227 227 237 
1641681622.793983 238 242 245 248 255 256 287 292 304 320 344 366 368 420 421 
1641681622.794132 ### DEBUG: BLE START SCANNING called
1641681622.857257 ### RSSI: -48, 17, 1640050305 ,8757 
1641681622.857616 ### DEBUG: BLE START SCANNING called
1641681622.946715 ### RSSI: -50, 34, 1640050305 ,8758 
1641681622.947001 ### DEBUG: BLE START SCANNING called
1641681622.968149 ### DEBUG: BLE START SCANNING called
1641681623.059140 ### RSSI: -52, 24, 1640050306 ,8760 
1641681623.059339 ### DEBUG: BLE START SCANNING called
1641681623.146146 ### RSSI: -52, 25, 1640050306 ,8761 
1641681623.146395 ### DEBUG: BLE START SCANNING called
1641681623.256492 ### RSSI: -52, 26, 1640050306 ,8763 
1641681623.256772 ### DEBUG: BLE START SCANNING called
1641681623.784816 ### DEBUG: Ticks: 8771, 15, 1 
1641681623.785104 1640050306 c0:98:e5:42:00:29 573 
1641681623.785284 5 8 13 23 29 32 32 35 36 40 46 52 60 61 62 
1641681623.785576 69 74 105 109 111 123 125 135 185 218 218 230 236 271 502 
1641681623.785757 ### DEBUG: BLE START SCANNING called
1641681623.969682 ### DEBUG: BLE START SCANNING called
1641681624.153869 ### RSSI: -55, 35, 1640050307 ,8777 
1641681624.153995 ### DEBUG: BLE START SCANNING called
1641681624.255956 ### RSSI: -56, 6, 1640050307 ,8778 
1641681624.256170 ### DEBUG: BLE START SCANNING called
1641681624.786665 ### DEBUG: Ticks: 8787, 16, 1 
1641681624.786830 1640050307 c0:98:e5:42:00:29 546 
1641681624.786919 21 30 44 47 61 64 65 68 71 71 74 78 81 84 89 
1641681624.787012 97 106 113 114 136 147 156 170 177 182 191 235 270 303 520 
1641681624.787098 ### DEBUG: BLE START SCANNING called
1641681624.965685 ### DEBUG: BLE START SCANNING called
1641681625.790492 ### DEBUG: Ticks: 8802, 15, 1 
1641681625.790743 1640050308 c0:98:e5:42:00:29 593 
1641681625.790898 92 101 108 119 127 136 139 139 142 144 144 146 146 149 157 
1641681625.791059 162 162 169 173 188 194 196 199 238 238 240 263 266 283 369 
1641681625.791208 ### DEBUG: BLE START SCANNING called
1641681625.970258 ### DEBUG: BLE START SCANNING called
1641681626.784144 ### DEBUG: Ticks: 8818, 16, 1 
1641681626.784347 1640050309 c0:98:e5:42:00:29 811 
1641681626.784470 324 358 368 375 376 381 382 383 386 391 408 409 416 417 420 
1641681626.796032 441 442 445 446 447 453 483 492 495 498 533 621 662 666 734 
1641681626.796238 ### DEBUG: BLE START SCANNING called
1641681627.787832 ### DEBUG: Ticks: 8834, 16, 1 
1641681627.788022 1640050310 c0:98:e5:42:00:29 1264 
1641681627.788140 724 728 763 764 768 776 776 784 787 806 819 821 821 823 851 
1641681627.788270 856 864 869 870 877 888 898 911 913 918 943 1004 1017 1049 1066 
1641681628.256340 ### BLE EVENT: 17, INFO: BLE DISCONNECTED!
1641681628.348486 ### BLE EVENT: 17, INFO: BLE DISCONNECTED!
1641681628.792058 ### DEBUG: Ticks: 8849, 15, 0 
1641681628.792349 1640050311 c0:98:e5:42:00:29 1735 
1641681628.792543 1258 1263 1263 1293 1301 1303 1304 1304 1304 1305 1305 1312 1317 1325 1325 
1641681628.792730 1335 1346 1347 1349 1350 1372 1374 1393 1395 1419 1434 1438 1476 1503 1569 
1641681629.303136 ### BLE EVENT: 16, INFO: BLE CONNECTED!
1641681629.313718 ### RSSI: -73, 8, 1640050312 ,8857 
1641681629.404731 ### RSSI: -64, 3, 1640050312 ,8859 
1641681629.510438 ### RSSI: -66, 23, 1640050312 ,8861 
1641681629.608882 ### RSSI: -69, 11, 1640050312 ,8862 
1641681629.708305 ### RSSI: -69, 11, 1640050312 ,8864 
1641681629.788197 ### DEBUG: Ticks: 8865, 16, 0 
1641681629.788399 1640050312 c0:98:e5:42:00:29 1853 
1641681629.788521 1366 1393 1416 1420 1428 1430 1437 1449 1450 1453 1454 1460 1465 1467 1473 
1641681629.788654 1480 1487 1502 1505 1513 1516 1542 1546 1551 1555 1568 1580 1612 1658 1791 
1641681629.807124 ### RSSI: -67, 24, 1640050312 ,8865 
1641681629.906827 ### RSSI: -74, 14, 1640050312 ,8867 
1641681630.008431 ### RSSI: -65, 4, 1640050312 ,8868 
1641681630.109394 ### RSSI: -65, 16, 1640050312 ,8870 
1641681630.207355 ### RSSI: -69, 15, 1640050312 ,8871 
1641681630.308329 ### RSSI: -63, 27, 1640050312 ,8873 
1641681630.408747 ### RSSI: -69, 5, 1640050312 ,8875 
1641681630.507674 ### RSSI: -61, 18, 1640050312 ,8876 
1641681630.605611 ### RSSI: -67, 28, 1640050312 ,8878 
1641681630.707217 ### RSSI: -71, 24, 1640050312 ,8879 
1641681630.784374 ### ERROR: Failed reading SquarePoint packet length
1641681630.804446 ### RSSI: -70, 8, 1640050313 ,8881 
1641681630.915462 ### RSSI: -62, 20, 1640050313 ,8882 
1641681631.909658 ### RSSI: -61, 20, 1640050314 ,8898 
1641681632.790868 ### DEBUG: Ticks: 8912, 47, 0 
1641681632.791713 1640050315 c0:98:e5:42:00:29 1760 
1641681632.791875 1325 1333 1342 1349 1359 1361 1365 1369 1371 1391 1393 1402 1402 1410 1412 
1641681632.791994 1415 1417 1421 1423 1430 1448 1453 1462 1469 1474 1480 1484 1509 1536 1627 
1641681632.913289 ### RSSI: -60, 34, 1640050315 ,8914 
1641681633.785271 ### DEBUG: Ticks: 8927, 15, 0 
1641681633.786866 1640050316 c0:98:e5:42:00:29 1506 
1641681633.787084 962 981 992 1000 1002 1010 1020 1024 1039 1041 1054 1057 1058 1061 1066 
1641681633.787258 1070 1074 1075 1078 1083 1100 1111 1116 1124 1126 1127 1129 1134 1223 1232 
1641681633.904300 ### RSSI: -60, 0, 1640050316 ,8929 
1641681634.787188 ### DEBUG: Ticks: 8943, 16, 0 
1641681634.787393 1640050317 c0:98:e5:42:00:29 1051 
1641681634.787513 560 576 614 618 619 625 627 627 628 638 646 647 654 665 668 
1641681634.787636 670 687 699 705 710 711 723 723 739 763 768 786 790 817 832 
1641681634.910668 ### RSSI: -54, 15, 1640050317 ,8945 
1641681635.785520 ### DEBUG: Ticks: 8959, 16, 0 
1641681635.785769 1640050318 c0:98:e5:42:00:29 748 
1641681635.785922 235 277 300 309 314 316 321 330 341 341 341 353 361 370 379 
1641681635.786080 380 381 384 385 390 396 398 398 406 425 489 491 555 559 0 
1641681635.906810 ### RSSI: -54, 34, 1640050318 ,8960 
1641681636.791447 ### DEBUG: Ticks: 8974, 15, 0 
1641681636.791696 1640050319 c0:98:e5:42:00:29 958 
1641681636.791861 544 582 587 608 615 619 627 627 629 632 643 657 664 669 681 
1641681636.792018 689 692 695 699 718 719 729 735 738 759 792 794 829 886 1130 
1641681636.904890 ### RSSI: -58, 35, 1640050319 ,8976 
1641681637.783812 ### DEBUG: Ticks: 8990, 16, 0 
1641681637.784948 1640050320 c0:98:e5:42:00:29 563 
1641681637.795581 59 68 70 76 89 91 93 98 113 119 128 131 145 145 151 
1641681637.795773 153 162 174 187 188 195 226 230 250 270 273 332 343 419 608 
1641681637.907556 ### RSSI: -59, 2, 1640050320 ,8992 
1641681638.784351 ### DEBUG: Ticks: 9005, 15, 0 
1641681638.784561 1640050321 c0:98:e5:42:00:29 773 
1641681638.784692 299 322 325 335 343 346 349 368 378 382 388 394 395 397 408 
1641681638.784821 409 414 422 430 432 448 470 471 471 473 482 492 506 533 574 
1641681638.905015 ### RSSI: -53, 2, 1640050321 ,9007 
1641681639.784700 ### DEBUG: Ticks: 9021, 16, 0 
1641681639.786006 1640050322 c0:98:e5:42:00:29 865 
1641681639.796950 345 360 365 369 389 395 400 408 410 414 432 432 433 439 440 
1641681639.797227 443 448 462 463 464 477 478 485 486 491 496 557 577 578 663 
1641681639.911049 ### RSSI: -52, 5, 1640050322 ,9023 
1641681640.793072 ### DEBUG: Ticks: 9037, 16, 0 
1641681640.793426 1640050323 c0:98:e5:42:00:29 1165 
1641681640.793621 675 689 694 698 700 703 709 717 725 742 747 749 767 768 772 
1641681640.793838 786 800 807 810 820 821 823 848 858 862 874 899 902 953 958 
1641681640.904966 ### RSSI: -54, 28, 1640050323 ,9039 
1641681641.785141 ### ERROR: Failed reading SquarePoint packet length
1641681641.907691 ### RSSI: -59, 19, 1640050324 ,9054 
1641681642.910359 ### RSSI: -61, 34, 1640050325 ,9070 
1641681643.787202 ### DEBUG: Ticks: 9084, 47, 0 
1641681643.787427 1640050326 c0:98:e5:42:00:29 1909 
1641681643.787572 1381 1420 1427 1431 1432 1447 1455 1458 1461 1484 1490 1491 1492 1495 1504 
1641681643.787710 1519 1519 1520 1524 1526 1531 1555 1565 1566 1572 1575 1584 1597 1697 1724 
1641681643.907783 ### RSSI: -62, 34, 1640050326 ,9085 
1641681644.793734 ### DEBUG: Ticks: 9099, 15, 0 
1641681644.795351 1640050327 c0:98:e5:42:00:29 1912 
1641681644.797504 1368 1403 1407 1408 1415 1419 1422 1448 1451 1464 1467 1482 1485 1486 1488 
1641681644.797769 1492 1495 1499 1510 1510 1513 1520 1532 1537 1547 1578 1579 1688 1728 1774 
1641681644.905773 ### RSSI: -69, 16, 1640050327 ,9101 
1641681645.785863 ### DEBUG: Ticks: 9115, 16, 0 
1641681645.787735 1640050328 c0:98:e5:42:00:29 1818 
1641681645.791309 1326 1330 1332 1333 1341 1349 1349 1356 1362 1366 1367 1378 1379 1383 1401 
1641681645.795286 1402 1403 1411 1436 1437 1441 1441 1442 1448 1453 1466 1470 1482 1577 1597 
1641681645.907064 ### RSSI: -67, 8, 1640050328 ,9117 
1641681646.786692 ### DEBUG: Ticks: 9130, 15, 0 
1641681646.786985 1640050329 c0:98:e5:42:00:29 1707 
1641681646.787166 1285 1290 1291 1293 1308 1313 1314 1318 1326 1337 1342 1354 1361 1370 1375 
1641681646.787353 1375 1376 1376 1380 1386 1387 1423 1433 1435 1443 1447 1485 1510 1559 1622 
1641681646.908708 ### RSSI: -62, 2, 1640050329 ,9132 
1641681647.186091 ### INFO: SD card flushed!
1641681647.787783 ### DEBUG: Ticks: 9146, 16, 0 
1641681647.788079 1640050330 c0:98:e5:42:00:29 1314 
1641681647.788286 842 844 850 852 854 856 863 867 878 897 901 902 904 912 917 
1641681647.788494 932 943 959 965 969 973 975 980 984 989 1014 1017 1024 1088 1143 
1641681647.910697 ### RSSI: -52, 36, 1640050330 ,9148 
1641681648.783353 ### DEBUG: Ticks: 9162, 16, 0 
1641681648.783643 1640050331 c0:98:e5:42:00:29 826 
1641681648.794674 246 290 295 304 314 330 350 353 356 361 370 373 374 381 385 
1641681648.794926 386 386 388 389 401 409 411 413 428 439 464 519 531 555 596 
1641681648.903542 ### RSSI: -53, 22, 1640050331 ,9164 
1641681649.787115 ### DEBUG: Ticks: 9177, 15, 0 
1641681649.787409 1640050332 c0:98:e5:42:00:29 655 
1641681649.787589 171 195 199 207 234 244 248 268 269 271 275 277 285 289 293 
1641681649.787776 294 301 301 308 320 334 341 352 358 372 410 415 443 451 461 
1641681649.911720 ### RSSI: -49, 25, 1640050332 ,9179 
1641681650.790630 ### DEBUG: Ticks: 9193, 16, 0 
1641681650.790926 1640050333 c0:98:e5:42:00:29 684 
1641681650.791129 173 208 220 224 226 227 239 242 245 253 258 261 268 271 273 
1641681650.791314 283 287 291 303 303 309 324 332 340 362 371 398 612 718 724 
1641681650.917895 ### RSSI: -52, 29, 1640050334 ,9195 
1641681651.781780 ### DEBUG: Ticks: 9208, 15, 0 
1641681651.794874 1640050334 c0:98:e5:42:00:29 649 
1641681651.795101 91 92 107 120 129 131 132 143 149 152 163 167 177 190 199 
1641681651.795245 202 205 206 212 215 216 223 231 236 255 264 268 314 634 655 
1641681651.907746 ### RSSI: -49, 17, 1640050335 ,9210 
1641681652.783804 ### ERROR: Failed reading SquarePoint packet length
1641681652.905422 ### RSSI: -49, 29, 1640050336 ,9226 
1641681653.906651 ### RSSI: -50, 24, 1640050337 ,9242 
1641681654.791910 ### DEBUG: Ticks: 9255, 47, 0 
1641681654.792113 1640050337 c0:98:e5:42:00:29 1159 
1641681654.792241 653 654 657 660 667 680 686 688 693 699 709 709 714 722 722 
1641681654.792364 729 735 748 763 764 769 786 790 795 834 846 860 863 881 881 
1641681654.903625 ### RSSI: -52, 21, 1640050337 ,9257 
1641681655.790923 ### DEBUG: Ticks: 9271, 16, 0 
1641681655.791397 1640050338 c0:98:e5:42:00:29 1734 
1641681655.791573 1197 1218 1229 1233 1247 1251 1258 1260 1263 1265 1281 1299 1302 1306 1306 
1641681655.791731 1318 1328 1329 1330 1330 1340 1347 1352 1377 1382 1386 1433 1490 1491 1507 
1641681655.909743 ### RSSI: -63, 3, 1640050338 ,9273 
1641681656.790227 ### DEBUG: Ticks: 9287, 16, 0 
1641681656.791958 1640050339 c0:98:e5:42:00:29 1864 
1641681656.795206 1365 1369 1376 1414 1421 1422 1431 1436 1440 1442 1443 1450 1461 1462 1469 
1641681656.796248 1469 1476 1478 1503 1507 1523 1526 1537 1541 1550 1554 1555 1674 1684 1752 
1641681656.912637 ### RSSI: -67, 22, 1640050339 ,9288 
1641681657.792261 ### DEBUG: Ticks: 9302, 15, 0 
1641681657.792528 1640050340 c0:98:e5:42:00:29 1927 
1641681657.792676 1428 1450 1456 1472 1482 1493 1494 1499 1499 1500 1505 1510 1515 1527 1530 
1641681657.792866 1531 1543 1549 1555 1581 1583 1587 1595 1610 1610 1613 1621 1685 1693 1921 
1641681657.905621 ### RSSI: -63, 18, 1640050340 ,9304 
1641681658.784079 ### DEBUG: Ticks: 9318, 16, 0 
1641681658.784336 1640050341 c0:98:e5:42:00:29 1842 
1641681658.798359 1373 1388 1393 1420 1427 1431 1431 1437 1439 1439 1445 1453 1457 1463 1473 
1641681658.802002 1477 1499 1501 1513 1519 1526 1532 1533 1539 1560 1590 1601 1646 1650 1812 
1641681658.908921 ### RSSI: -68, 9, 1640050341 ,9320 
1641681659.788970 ### DEBUG: Ticks: 9333, 15, 0 
1641681659.789219 1640050342 c0:98:e5:42:00:29 1830 
1641681659.789468 1336 1394 1394 1396 1416 1417 1424 1429 1431 1436 1438 1444 1456 1457 1464 
1641681659.789651 1471 1479 1480 1492 1494 1503 1510 1510 1519 1522 1532 1555 1592 1594 1691 
1641681659.903275 ### RSSI: -71, 30, 1640050342 ,9335 
1641681660.786638 ### DEBUG: Ticks: 9349, 16, 0 
1641681660.787813 1640050343 c0:98:e5:42:00:29 1868 
1641681660.788003 1434 1455 1460 1475 1479 1505 1506 1506 1513 1514 1520 1521 1528 1528 1530 
1641681660.797681 1538 1539 1555 1561 1562 1567 1578 1585 1586 1607 1608 1608 1681 1713 1800 
1641681660.911123 ### RSSI: -70, 0, 1640050343 ,9351 
1641681661.790202 ### DEBUG: Ticks: 9365, 16, 0 
1641681661.790377 1640050344 c0:98:e5:42:00:29 1908 
1641681661.790473 1486 1497 1500 1526 1532 1535 1538 1545 1552 1554 1568 1569 1571 1572 1574 
1641681661.790565 1576 1581 1584 1605 1609 1609 1612 1618 1620 1638 1647 1669 1697 1733 1750 
1641681662.011570 ### RSSI: -81, 19, 1640050344 ,9368 
1641681662.790780 ### DEBUG: Ticks: 9380, 15, 0 
1641681662.790975 1640050345 c0:98:e5:42:00:29 1781 
1641681662.791073 1300 1343 1395 1407 1410 1411 1414 1421 1422 1436 1436 1438 1443 1455 1459 
1641681662.791174 1463 1468 1469 1470 1488 1494 1497 1502 1505 1507 1518 1552 1572 1636 1703 
1641681663.006274 ### RSSI: -63, 3, 1640050345 ,9384 
1641681663.780277 ### ERROR: Failed reading SquarePoint packet length
1641681664.004309 ### RSSI: -56, 17, 1640050346 ,9399 
1641681665.009972 ### RSSI: -55, 10, 1640050347 ,9415 
1641681665.787292 ### DEBUG: Ticks: 9427, 47, 0 
1641681665.787447 1640050348 c0:98:e5:42:00:29 327 
1641681665.787526 -51 -41 -39 -38 -35 -32 -32 -21 -10 -10 -8 -5 -4 -3 8 
1641681665.787595 14 24 24 31 33 33 48 73 74 74 90 103 116 168 236 
1641681665.966759 ### INFO: Battery voltage currently 4170 mV
1641681666.009654 ### RSSI: -46, 12, 1640050348 ,9431 
1641681666.788187 ### DEBUG: Ticks: 9443, 16, 0 
1641681666.788481 1640050349 c0:98:e5:42:00:29 169 
1641681666.788629 -362 -340 -338 -323 -313 -310 -304 -304 -298 -296 -292 -287 -272 -271 -251 
1641681666.788769 -236 -234 -232 -228 -222 -209 -198 -196 -168 -164 -160 -139 -133 -128 -100 
1641681667.010958 ### RSSI: -47, 30, 1640050349 ,9446 
1641681667.786763 ### DEBUG: Ticks: 9458, 15, 0 
1641681667.786931 1640050350 c0:98:e5:42:00:29 191 
1641681667.787349 -475 -427 -393 -391 -383 -379 -378 -373 -367 -364 -356 -353 -348 -332 -320 
1641681667.787453 -320 -314 -310 -303 -296 -294 -281 -276 -269 -229 -223 -222 -185 -185 -157 
1641681668.008202 ### RSSI: -48, 0, 1640050350 ,9462 
1641681668.790523 ### DEBUG: Ticks: 9474, 16, 0 
1641681668.790825 1640050351 c0:98:e5:42:00:29 243 
1641681668.790992 -398 -344 -343 -341 -338 -324 -324 -316 -310 -308 -304 -292 -292 -274 -239 
1641681668.791197 -238 -233 -229 -225 -224 -220 -194 -186 -185 -182 -178 -174 -148 -102 -83 
1641681669.004268 ### RSSI: -47, 20, 1640050351 ,9477 
1641681669.785708 ### DEBUG: Ticks: 9490, 16, 0 
1641681669.786016 1640050352 c0:98:e5:42:00:29 215 
1641681669.786232 -314 -300 -298 -280 -273 -267 -264 -256 -248 -246 -242 -242 -213 -196 -194 
1641681669.786446 -179 -176 -173 -164 -163 -163 -159 -155 -153 -136 -124 -86 -86 -51 -26 
1641681670.010906 ### RSSI: -44, 36, 1640050352 ,9493 
1641681670.540192 ### INFO: Device is now STATIONARY
1641681670.786849 ### DEBUG: Ticks: 9505, 15, 0 
1641681670.787036 1640050353 c0:98:e5:42:00:29 249 
1641681670.787148 -429 -419 -392 -381 -363 -363 -355 -349 -348 -346 -328 -328 -327 -324 -323 
1641681670.787250 -307 -301 -296 -288 -270 -259 -257 -250 -237 -216 -211 -211 -163 -158 -151 
1641681671.012457 ### RSSI: -47, 0, 1640050353 ,9509 
1641681671.794202 ### DEBUG: Ticks: 9521, 16, 0 
1641681671.794486 1640050354 c0:98:e5:42:00:29 215 
1641681671.794679 -290 -279 -268 -264 -260 -250 -241 -240 -238 -233 -214 -207 -199 -191 -187 
1641681671.794867 -182 -177 -167 -162 -158 -151 -142 -139 -130 -119 -112 -102 -81 -23 12 
1641681672.006746 ### RSSI: -48, 8, 1640050354 ,9524 
1641681672.786051 ### DEBUG: Ticks: 9537, 16, 0 
1641681672.786338 1640050355 c0:98:e5:42:00:29 252 
1641681672.786519 -457 -420 -407 -405 -396 -395 -390 -388 -385 -384 -368 -366 -366 -346 -341 
1641681672.786703 -339 -339 -334 -326 -316 -301 -295 -293 -291 -291 -263 -206 -202 -202 -167 
1641681673.005217 ### RSSI: -44, 36, 1640050356 ,9540 
