1641515617.268956 ###RTT Client: ************************************************************ 
1641515617.269532 ###RTT Client: *               SEGGER Microcontroller GmbH                * 
1641515617.269784 ###RTT Client: *   Solutions for real time microcontroller applications   * 
1641515617.270003 ###RTT Client: ************************************************************ 
1641515617.270210 ###RTT Client: *                                                          * 
1641515617.270427 ###RTT Client: *       (c) 2012 - 2016  SEGGER Microcontroller GmbH       * 
1641515617.270670 ###RTT Client: *                                                          * 
1641515617.270883 ###RTT Client: *     www.segger.com     Support: support@segger.com       * 
1641515617.271088 ###RTT Client: *                                                          * 
1641515617.271300 ###RTT Client: ************************************************************ 
1641515617.271507 ###RTT Client: *                                                          * 
1641515617.271833 ###RTT Client: * SEGGER J-Link RTT Client   Compiled Jan 30 2018 18:46:58 * 
1641515617.272059 ###RTT Client: *                                                          * 
1641515617.272433 ###RTT Client: ************************************************************ 
1641515617.272685 
1641515617.272943 ###RTT Client: -----------------------------------------------
1641515617.273190 ###RTT Client: Connecting to J-Link RTT Server via localhost:9201  Connected.
1641515617.273483 SEGGER J-Link V6.30 - Real time terminal output
1641515617.273700 J-Link EDU Mini V1 compiled Oct  2 2020 17:00:40 V1.0, SN=801021851
1641515617.273933 Process: JLinkExe
1641515617.274183 ### DEBUG: Ticks: 2264, 16, 1 
1641515617.274480 1640049838 c0:98:e5:42:00:29 214 
1641515617.274742 -366 -330 -318 -317 -309 -299 -297 -276 -272 -268 -265 -245 -241 -241 -237 
1641515617.274952 -228 -219 -217 -212 -205 -204 -203 -199 -199 -176 -161 -158 -150 -118 -77 
1641515617.275188 ### RSSI: -47, 34, 1640049839 ,2273 
1641515617.275483 ### ERROR: Failed reading SquarePoint packet length
1641515617.275700 ### RSSI: -46, 20, 1640049840 ,2288 
1641515617.275937 ### RSSI: -46, 36, 1640049841 ,2304 
1641515617.276170 ### DEBUG: Ticks: 2311, 47, 1 
1641515617.276482 1640049841 c0:98:e5:42:00:29 245 
1641515617.276768 -369 -310 -288 -274 -267 -252 -236 -236 -236 -231 -231 -230 -230 -192 -191 
1641515617.276989 -187 -173 -172 -171 -167 -164 -157 -146 -141 -139 -131 -131 -103 -94 -58 
1641515617.277272 ### RSSI: -46, 21, 1640049841 ,2320 
1641515617.277600 ### DEBUG: Ticks: 2326, 15, 1 
1641515617.277814 1640049842 c0:98:e5:42:00:29 249 
1641515617.278021 -330 -329 -323 -305 -303 -301 -300 -285 -282 -278 -274 -254 -243 -239 -233 
1641515617.278228 -227 -216 -215 -214 -206 -205 -195 -183 -182 -171 -170 -162 -152 -137 -100 
1641515617.278556 ### RSSI: -43, 0, 1640049842 ,2335 
1641515617.278799 ### DEBUG: Ticks: 2342, 16, 1 
1641515617.279016 1640049843 c0:98:e5:42:00:29 249 
1641515617.279224 -346 -343 -317 -317 -311 -294 -290 -286 -283 -248 -245 -245 -240 -235 -217 
1641515617.279921 -217 -209 -204 -202 -200 -186 -183 -182 -178 -173 -163 -152 -125 -117 -107 
1641515617.280174 ### RSSI: -46, 23, 1640049843 ,2351 
1641515617.280407 ### DEBUG: Ticks: 2358, 16, 1 
1641515617.280626 1640049844 c0:98:e5:42:00:29 261 
1641515617.280860 -390 -376 -369 -365 -361 -356 -349 -345 -335 -331 -330 -315 -309 -304 -301 
1641515617.281078 -299 -282 -279 -269 -264 -253 -244 -243 -230 -229 -215 -207 -200 -185 -174 
1641515617.281289 ### RSSI: -46, 25, 1640049844 ,2366 
1641515617.281500 ### DEBUG: Ticks: 2373, 15, 1 
1641515617.281715 1640049845 c0:98:e5:42:00:29 227 
1641515617.281947 -348 -334 -310 -302 -301 -295 -289 -279 -276 -272 -260 -251 -250 -243 -239 
1641515617.282174 -231 -226 -215 -212 -210 -203 -195 -188 -184 -167 -167 -164 -161 -140 -127 
1641515617.282387 ### RSSI: -45, 17, 1640049845 ,2382 
1641515617.282595 ### DEBUG: Ticks: 2389, 16, 1 
1641515617.282804 1640049846 c0:98:e5:42:00:29 196 
1641515617.283042 -333 -306 -300 -282 -279 -276 -268 -267 -258 -250 -245 -240 -235 -220 -214 
1641515617.283283 -208 -208 -203 -199 -190 -180 -179 -162 -161 -155 -146 -131 -123 -121 -111 
1641515617.283499 ### RSSI: -44, 15, 1640049846 ,2398 
1641515617.283771 ### DEBUG: Ticks: 2404, 15, 1 
1641515617.283998 1640049847 c0:98:e5:42:00:29 231 
1641515617.284235 -280 -245 -242 -220 -216 -205 -201 -198 -183 -164 -159 -157 -156 -155 -146 
1641515617.284451 -135 -133 -111 -109 -106 -102 -102 -92 -86 -78 -74 -38 -29 -26 -16 
1641515617.284658 ### RSSI: -47, 35, 1640049847 ,2413 
1641515617.284876 ### DEBUG: Ticks: 2420, 16, 1 
1641515617.285107 1640049848 c0:98:e5:42:00:29 264 
1641515617.285341 -366 -299 -297 -283 -281 -257 -256 -253 -245 -237 -235 -223 -223 -217 -215 
1641515617.285553 -214 -214 -204 -200 -200 -189 -180 -174 -166 -156 -152 -130 -124 -97 -24 
1641515617.285759 ### RSSI: -44, 3, 1640049848 ,2429 
1641515617.285967 ### DEBUG: Ticks: 2436, 16, 1 
1641515617.286173 1640049849 c0:98:e5:42:00:29 187 
1641515617.286412 -419 -411 -407 -401 -397 -380 -368 -358 -357 -354 -348 -347 -342 -339 -323 
1641515617.286641 -321 -309 -305 -303 -293 -293 -289 -287 -282 -278 -277 -273 -256 -235 -213 
1641515617.286854 ### RSSI: -43, 1, 1640049850 ,2445 
1641515617.287056 ### DEBUG: Ticks: 2451, 15, 1 
1641515617.287253 1640049850 c0:98:e5:42:00:29 199 
1641515617.287482 -436 -417 -390 -382 -382 -378 -369 -363 -362 -339 -322 -321 -308 -298 -292 
1641515617.287695 -291 -287 -286 -283 -283 -271 -265 -261 -252 -248 -246 -238 -221 -212 -206 
1641515617.287922 ### RSSI: -44, 16, 1640049851 ,2460 
1641515617.288135 ### ERROR: Failed reading SquarePoint packet length
1641515617.288338 ### RSSI: -43, 12, 1640049852 ,2476 
1641515617.288565 ### RSSI: -44, 15, 1640049853 ,2491 
1641515617.288780 ### DEBUG: Ticks: 2498, 47, 1 
1641515617.288988 1640049853 c0:98:e5:42:00:29 223 
1641515617.289196 -438 -434 -382 -358 -352 -349 -340 -332 -323 -302 -297 -296 -295 -286 -274 
1641515617.289413 -272 -270 -270 -258 -253 -248 -248 -230 -229 -224 -218 -213 -196 -176 -169 
1641515617.289649 ### RSSI: -44, 11, 1640049854 ,2507 
1641515617.289875 ### DEBUG: Ticks: 2514, 16, 1 
1641515617.290088 1640049854 c0:98:e5:42:00:29 204 
1641515617.290296 -300 -285 -260 -257 -257 -254 -251 -248 -246 -237 -236 -234 -230 -205 -201 
1641515617.290505 -201 -195 -184 -183 -182 -181 -170 -167 -165 -164 -156 -150 -149 -110 -60 
1641515617.290728 ### RSSI: -48, 28, 1640049855 ,2523 
1641515617.290923 ### DEBUG: Ticks: 2529, 15, 1 
1641515617.291116 1640049855 c0:98:e5:42:00:29 223 
1641515617.291308 -297 -292 -286 -283 -275 -257 -246 -244 -232 -228 -226 -221 -220 -215 -191 
1641515617.291502 -185 -182 -167 -156 -155 -149 -139 -138 -129 -122 -120 -119 -90 -72 -71 
1641515617.291728 ### RSSI: -48, 31, 1640049856 ,2538 
1641515617.292092 ### DEBUG: Ticks: 2545, 16, 1 
1641515617.292566 1640049856 c0:98:e5:42:00:29 195 
1641515617.292861 -318 -300 -297 -297 -269 -265 -259 -238 -235 -213 -209 -205 -196 -194 -186 
1641515617.293102 -186 -185 -183 -182 -181 -173 -172 -162 -161 -161 -104 -94 -78 -72 -68 
1641515617.293412 ### INFO: SD card flushed!
1641515617.293653 ### RSSI: -43, 0, 1640049857 ,2554 
1641515617.293869 ### DEBUG: Ticks: 2561, 16, 1 
1641515617.294142 1640049857 c0:98:e5:42:00:29 279 
1641515617.294531 -289 -288 -257 -223 -218 -205 -201 -200 -195 -178 -175 -172 -171 -169 -168 
1641515617.294782 -167 -167 -166 -163 -158 -155 -153 -147 -127 -127 -103 -100 -74 -53 1 
1641515617.295029 ### RSSI: -45, 19, 1640049858 ,2569 
1641515617.295400 ### DEBUG: Ticks: 2576, 15, 1 
1641515617.295784 1640049858 c0:98:e5:42:00:29 209 
1641515617.296041 -402 -358 -338 -338 -336 -334 -327 -325 -322 -320 -311 -305 -300 -295 -277 
1641515617.296388 -276 -271 -270 -255 -251 -247 -246 -239 -227 -221 -217 -206 -202 -197 -157 
1641515617.323034 ### RSSI: -43, 13, 1640049859 ,2585 
1641515617.755362 ### DEBUG: Ticks: 2592, 16, 1 
1641515617.755573 1640049859 c0:98:e5:42:00:29 273 
1641515617.755661 -274 -264 -253 -251 -247 -218 -202 -200 -192 -186 -184 -183 -179 -175 -169 
1641515617.755746 -162 -153 -143 -135 -134 -128 -127 -124 -115 -97 -88 -79 -66 -39 20 
1641515618.319860 ### RSSI: -44, 14, 1640049860 ,2601 
1641515618.759619 ### DEBUG: Ticks: 2608, 16, 1 
1641515618.760119 1640049860 c0:98:e5:42:00:29 221 
1641515618.760882 -246 -238 -224 -210 -206 -183 -172 -168 -165 -160 -145 -145 -134 -116 -115 
1641515618.761500 -106 -100 -98 -86 -76 -59 -57 -37 -35 -30 -23 -14 1 2 15 
1641515619.325711 ### RSSI: -47, 32, 1640049861 ,2616 
1641515619.759835 ### DEBUG: Ticks: 2623, 15, 1 
1641515619.759983 1640049861 c0:98:e5:42:00:29 241 
1641515619.760049 -462 -442 -438 -405 -393 -392 -387 -372 -367 -351 -343 -332 -317 -316 -310 
1641515619.760124 -308 -297 -296 -293 -288 -285 -276 -261 -259 -256 -249 -248 -247 -247 -218 
1641515620.324695 ### RSSI: -46, 21, 1640049862 ,2632 
1641515620.759806 ### DEBUG: Ticks: 2639, 16, 1 
1641515620.760370 1640049862 c0:98:e5:42:00:29 267 
1641515620.761348 -330 -326 -322 -320 -305 -304 -298 -294 -290 -289 -286 -284 -266 -258 -254 
1641515620.762431 -249 -242 -237 -236 -227 -217 -208 -207 -196 -185 -183 -183 -160 -138 -124 
1641515621.321370 ### RSSI: -48, 28, 1640049863 ,2648 
1641515621.758421 ### ERROR: Failed reading SquarePoint packet length
1641515622.319675 ### RSSI: -45, 18, 1640049864 ,2663 
1641515623.324401 ### RSSI: -43, 0, 1640049865 ,2679 
1641515623.758412 ### DEBUG: Ticks: 2686, 47, 1 
1641515623.758694 1640049865 c0:98:e5:42:00:29 247 
1641515623.758888 -511 -510 -494 -488 -481 -476 -470 -464 -464 -451 -449 -448 -433 -425 -416 
1641515623.759075 -402 -402 -393 -392 -388 -376 -375 -370 -348 -343 -336 -335 -332 -329 -317 
1641515624.317797 ### RSSI: -48, 31, 1640049865 ,2694 
1641515624.755487 ### DEBUG: Ticks: 2701, 15, 1 
1641515624.755702 1640049866 c0:98:e5:42:00:29 261 
1641515624.755923 -267 -234 -232 -218 -217 -214 -212 -192 -192 -180 -178 -167 -165 -146 -141 
1641515624.756066 -140 -140 -137 -109 -108 -102 -92 -85 -85 -84 -83 -83 -64 -62 -21 
1641515625.317601 ### RSSI: -48, 34, 1640049866 ,2710 
1641515625.755226 ### DEBUG: Ticks: 2717, 16, 1 
1641515625.755331 1640049867 c0:98:e5:42:00:29 251 
1641515625.755452 -252 -252 -232 -231 -224 -223 -211 -208 -205 -203 -199 -181 -178 -173 -170 
1641515625.755582 -159 -155 -140 -137 -132 -122 -118 -112 -108 -106 -100 -89 -85 -58 -45 
1641515626.317441 ### RSSI: -43, 5, 1640049867 ,2726 
1641515626.760344 ### DEBUG: Ticks: 2732, 15, 1 
1641515626.761187 1640049868 c0:98:e5:42:00:29 223 
1641515626.762791 -377 -356 -355 -330 -329 -328 -327 -324 -324 -313 -310 -298 -291 -280 -279 
1641515626.764510 -264 -242 -241 -235 -235 -234 -219 -212 -205 -198 -197 -192 -178 -149 -145 
1641515627.325754 ### RSSI: -44, 14, 1640049868 ,2741 
1641515627.754906 ### DEBUG: Ticks: 2748, 16, 1 
1641515627.755196 1640049869 c0:98:e5:42:00:29 200 
1641515627.765885 -329 -319 -311 -308 -287 -265 -254 -251 -244 -239 -235 -233 -230 -230 -228 
1641515627.766169 -224 -213 -190 -190 -175 -159 -151 -151 -147 -142 -117 -108 -106 -72 -71 
1641515628.317417 ### RSSI: -46, 23, 1640049869 ,2757 
1641515628.755548 ### DEBUG: Ticks: 2764, 16, 1 
1641515628.756047 1640049870 c0:98:e5:42:00:29 220 
1641515628.756943 -394 -322 -320 -299 -290 -289 -276 -275 -271 -267 -251 -250 -245 -237 -218 
1641515628.757867 -215 -209 -208 -206 -203 -192 -176 -168 -167 -155 -144 -137 -128 -128 -103 
1641515629.319394 ### RSSI: -43, 0, 1640049870 ,2773 
1641515629.756291 ### DEBUG: Ticks: 2779, 15, 1 
1641515629.756785 1640049871 c0:98:e5:42:00:29 269 
1641515629.757505 -266 -261 -232 -224 -219 -213 -207 -206 -200 -197 -176 -175 -175 -163 -162 
1641515629.758223 -158 -158 -151 -134 -132 -132 -124 -122 -112 -102 -90 -82 -75 -70 -7 
1641515630.322811 ### RSSI: -43, 8, 1640049871 ,2788 
1641515630.759919 ### DEBUG: Ticks: 2795, 16, 1 
1641515630.760373 1640049872 c0:98:e5:42:00:29 234 
1641515630.761065 -170 -156 -154 -139 -136 -127 -116 -116 -115 -104 -92 -91 -86 -80 -71 
1641515630.761580 -64 -63 -39 -36 -22 -16 -15 7 9 11 32 34 46 53 85 
1641515631.320202 ### RSSI: -47, 32, 1640049872 ,2804 
1641515631.760508 ### DEBUG: Ticks: 2811, 16, 1 
1641515631.760610 1640049873 c0:98:e5:42:00:29 246 
1641515631.760884 -279 -272 -256 -238 -221 -220 -213 -204 -200 -199 -197 -191 -190 -186 -181 
1641515631.761098 -175 -162 -156 -154 -152 -151 -146 -139 -133 -115 -110 -96 -72 -32 -26 
1641515632.317249 ### RSSI: -45, 15, 1640049873 ,2819 
1641515632.757467 ### DEBUG: Ticks: 2826, 15, 1 
1641515632.757925 1640049874 c0:98:e5:42:00:29 242 
1641515632.758644 -249 -248 -240 -236 -228 -225 -213 -197 -191 -183 -179 -179 -173 -171 -166 
1641515632.759315 -165 -155 -140 -125 -118 -111 -105 -102 -99 -96 -95 -52 -38 -27 -12 
1641515633.316930 ### RSSI: -43, 8, 1640049875 ,2835 
1641515633.755678 ### ERROR: Failed reading SquarePoint packet length
1641515634.323447 ### RSSI: -44, 14, 1640049876 ,2851 
1641515634.476700 ### BLE EVENT: 16, INFO: BLE CONNECTED!
1641515634.477222 ### RSSI: -43, 11, 1640049876 ,2853 
1641515634.576953 ### RSSI: -48, 31, 1640049876 ,2855 
1641515634.673437 ### RSSI: -44, 7, 1640049876 ,2856 
1641515634.773022 ### RSSI: -48, 32, 1640049876 ,2858 
1641515634.872868 ### RSSI: -43, 8, 1640049876 ,2859 
1641515634.972934 ### RSSI: -43, 7, 1640049876 ,2861 
1641515635.072474 ### RSSI: -47, 31, 1640049876 ,2862 
1641515635.168315 ### RSSI: -44, 10, 1640049876 ,2864 
1641515635.274814 ### RSSI: -44, 14, 1640049877 ,2865 
1641515635.317433 ### RSSI: -44, 15, 1640049877 ,2866 
1641515635.371119 ### RSSI: -45, 24, 1640049877 ,2867 
1641515635.422586 ### RSSI: -47, 28, 1640049877 ,2868 
1641515635.476074 ### RSSI: -43, 9, 1640049877 ,2869 
1641515635.519962 ### RSSI: -44, 14, 1640049877 ,2869 
1641515635.572688 ### RSSI: -47, 35, 1640049877 ,2870 
1641515635.625797 ### RSSI: -47, 27, 1640049877 ,2871 
1641515635.669622 ### RSSI: -46, 19, 1640049877 ,2872 
1641515635.721543 ### RSSI: -44, 17, 1640049877 ,2872 
1641515635.754352 ### DEBUG: Ticks: 2873, 47, 1 
1641515635.754620 1640049877 c0:98:e5:42:00:29 222 
1641515635.754844 -129 -121 -104 -104 -66 -45 -43 -42 -39 -39 -31 -18 -4 15 16 
1641515635.755030 16 34 37 38 39 49 50 53 60 61 62 76 98 129 175 
1641515635.776422 ### RSSI: -47, 27, 1640049877 ,2873 
1641515635.818540 ### RSSI: -44, 14, 1640049877 ,2874 
1641515635.871558 ### RSSI: -44, 1, 1640049877 ,2875 
1641515635.926709 ### RSSI: -44, 7, 1640049877 ,2876 
1641515635.968016 ### RSSI: -44, 7, 1640049877 ,2876 
1641515636.021996 ### RSSI: -43, 5, 1640049877 ,2877 
1641515636.075915 ### RSSI: -43, 0, 1640049877 ,2878 
1641515636.751444 ### DEBUG: Ticks: 2889, 16, 1 
1641515636.765049 1640049878 c0:98:e5:42:00:29 275 
1641515636.765329 -302 -288 -272 -254 -250 -244 -236 -232 -231 -224 -222 -220 -200 -195 -195 
1641515636.765533 -194 -194 -188 -187 -186 -173 -169 -165 -153 -148 -134 -126 -125 -122 -86 
1641515637.019418 ### RSSI: -45, 18, 1640049878 ,2893 
1641515637.075429 ### RSSI: -43, 8, 1640049878 ,2894 
1641515637.757773 ### DEBUG: Ticks: 2904, 15, 1 
1641515637.758059 1640049879 c0:98:e5:42:00:29 240 
1641515637.758255 -389 -330 -314 -311 -310 -310 -300 -292 -282 -272 -268 -267 -252 -249 -245 
1641515637.758443 -228 -227 -227 -224 -208 -196 -194 -191 -190 -179 -171 -165 -152 -150 -115 
1641515638.024931 ### RSSI: -46, 21, 1640049879 ,2908 
1641515638.069983 ### RSSI: -44, 13, 1640049879 ,2909 
1641515638.762676 ### DEBUG: Ticks: 2920, 16, 1 
1641515638.762788 1640049880 c0:98:e5:42:00:29 221 
1641515638.763042 -371 -327 -298 -283 -277 -276 -273 -268 -262 -257 -255 -255 -250 -243 -234 
1641515638.763338 -211 -209 -209 -202 -195 -187 -179 -171 -164 -160 -156 -152 -139 -128 -120 
1641515639.019141 ### RSSI: -44, 14, 1640049880 ,2924 
1641515639.074297 ### RSSI: -49, 34, 1640049881 ,2925 
1641515639.756062 ### DEBUG: Ticks: 2936, 16, 1 
1641515639.756558 1640049881 c0:98:e5:42:00:29 232 
1641515639.757499 -443 -414 -409 -408 -390 -387 -361 -358 -354 -349 -348 -346 -333 -326 -324 
1641515639.758293 -323 -317 -298 -291 -282 -280 -269 -259 -252 -245 -241 -231 -218 -201 -201 
1641515640.023320 ### RSSI: -44, 18, 1640049882 ,2940 
1641515640.078777 ### RSSI: -47, 34, 1640049882 ,2940 
1641515640.760694 ### DEBUG: Ticks: 2951, 15, 1 
1641515640.760963 1640049882 c0:98:e5:42:00:29 195 
1641515640.761185 -501 -460 -460 -456 -450 -449 -427 -420 -417 -413 -407 -400 -392 -391 -391 
1641515640.761379 -375 -367 -363 -353 -348 -343 -330 -323 -321 -316 -316 -313 -272 -268 -259 
1641515641.024489 ### RSSI: -48, 35, 1640049883 ,2955 
1641515641.068629 ### RSSI: -47, 6, 1640049883 ,2956 
1641515641.540757 ### DEBUG: BLE START SCANNING called
1641515641.761760 ### DEBUG: Ticks: 2967, 16, 1 
1641515641.762048 1640049883 c0:98:e5:42:00:29 229 
1641515641.762231 -331 -299 -295 -287 -277 -276 -274 -257 -253 -249 -245 -244 -244 -229 -216 
1641515641.762428 -204 -201 -198 -182 -181 -178 -178 -177 -168 -165 -151 -132 -127 -96 -80 
1641515641.762604 ### DEBUG: BLE START SCANNING called
1641515642.017866 ### RSSI: -43, 4, 1640049884 ,2971 
1641515642.018143 ### DEBUG: BLE START SCANNING called
1641515642.076558 ### RSSI: -43, 8, 1640049884 ,2972 
1641515642.076838 ### DEBUG: BLE START SCANNING called
1641515642.540937 ### DEBUG: BLE START SCANNING called
1641515642.754771 ### DEBUG: Ticks: 2982, 15, 1 
1641515642.755056 1640049884 c0:98:e5:42:00:29 239 
1641515642.755237 -186 -173 -161 -159 -149 -125 -116 -114 -108 -107 -103 -99 -87 -85 -45 
1641515642.755411 -44 -41 -32 -29 -28 -28 -25 -21 -16 13 15 20 35 35 91 
1641515642.755585 ### DEBUG: BLE START SCANNING called
1641515643.022210 ### RSSI: -46, 19, 1640049885 ,2986 
1641515643.022688 ### DEBUG: BLE START SCANNING called
1641515643.067819 ### RSSI: -43, 1, 1640049885 ,2987 
1641515643.079510 ### DEBUG: BLE START SCANNING called
1641515643.541377 ### DEBUG: BLE START SCANNING called
1641515643.756197 ### DEBUG: Ticks: 2998, 16, 1 
1641515643.756479 1640049885 c0:98:e5:42:00:29 221 
1641515643.756695 -393 -364 -346 -325 -313 -299 -286 -280 -270 -269 -266 -264 -262 -251 -247 
1641515643.768256 -242 -242 -241 -239 -239 -238 -228 -224 -218 -206 -187 -184 -168 -142 -139 
1641515643.768563 ### DEBUG: BLE START SCANNING called
1641515644.024114 ### RSSI: -46, 25, 1640049886 ,3002 
1641515644.024431 ### DEBUG: BLE START SCANNING called
1641515644.069725 ### RSSI: -51, 28, 1640049886 ,3003 
1641515644.070019 ### DEBUG: BLE START SCANNING called
1641515644.540316 ### DEBUG: BLE START SCANNING called
1641515644.757315 ### DEBUG: Ticks: 3014, 16, 1 
1641515644.757609 1640049886 c0:98:e5:42:00:29 198 
1641515644.757818 -302 -297 -294 -293 -258 -252 -252 -248 -242 -236 -232 -224 -223 -223 -221 
1641515644.758018 -219 -218 -214 -209 -176 -169 -168 -166 -152 -145 -141 -130 -113 -95 -63 
1641515644.758196 ### DEBUG: BLE START SCANNING called
1641515645.017749 ### RSSI: -44, 2, 1640049887 ,3018 
1641515645.019948 ### DEBUG: BLE START SCANNING called
1641515645.073871 ### RSSI: -49, 34, 1640049887 ,3019 
1641515645.074151 ### DEBUG: BLE START SCANNING called
1641515645.541728 ### DEBUG: BLE START SCANNING called
1641515645.758265 ### ERROR: Failed reading SquarePoint packet length
1641515645.758539 ### DEBUG: BLE START SCANNING called
1641515646.021808 ### RSSI: -44, 11, 1640049888 ,3033 
1641515646.022087 ### DEBUG: BLE START SCANNING called
1641515646.076475 ### RSSI: -44, 19, 1640049888 ,3034 
1641515646.076764 ### DEBUG: BLE START SCANNING called
1641515647.019687 ### RSSI: -44, 14, 1640049889 ,3049 
1641515647.076306 ### RSSI: -45, 24, 1640049889 ,3050 
1641515647.761912 ### DEBUG: Ticks: 3060, 46, 1 
1641515647.762219 1640049889 c0:98:e5:42:00:29 229 
1641515647.762403 -431 -388 -387 -356 -356 -339 -335 -334 -328 -326 -313 -302 -297 -292 -291 
1641515647.762618 -286 -284 -281 -280 -271 -269 -259 -249 -237 -232 -212 -212 -209 -184 -179 
1641515648.016800 ### RSSI: -48, 31, 1640049889 ,3065 
1641515648.073876 ### RSSI: -44, 11, 1640049889 ,3065 
1641515648.758080 ### DEBUG: Ticks: 3076, 16, 1 
1641515648.758634 1640049890 c0:98:e5:42:00:29 257 
1641515648.758821 -414 -398 -364 -359 -353 -351 -346 -339 -335 -325 -308 -295 -288 -287 -287 
1641515648.759008 -287 -286 -281 -275 -273 -267 -263 -258 -257 -257 -242 -237 -236 -218 -112 
1641515649.023099 ### RSSI: -46, 36, 1640049890 ,3080 
1641515649.066792 ### RSSI: -48, 29, 1640049890 ,3081 
1641515649.756739 ### DEBUG: Ticks: 3092, 16, 1 
1641515649.757022 1640049891 c0:98:e5:42:00:29 242 
1641515649.757214 -315 -286 -281 -251 -250 -246 -240 -239 -238 -237 -221 -218 -194 -179 -177 
1641515649.757402 -175 -171 -171 -167 -161 -159 -153 -150 -144 -143 -139 -130 -119 -85 -22 
1641515650.025113 ### RSSI: -44, 12, 1640049891 ,3096 
1641515650.071487 ### RSSI: -43, 1, 1640049891 ,3097 
1641515650.558889 ### INFO: Device is now IN MOTION
1641515651.001810 ### INFO: SD card flushed!
1641515651.002097 ### DEBUG: Ticks: 3111, 19, 1 
1641515651.002312 1640049892 c0:98:e5:42:00:29 182 
1641515651.002538 -344 -294 -263 -252 -234 -225 -218 -216 -209 -207 -199 -198 -165 -165 -156 
1641515651.002713 -155 -154 -145 -135 -133 -130 -119 -109 -108 -107 -104 -97 -90 -55 -21 
1641515651.024004 ### RSSI: -46, 36, 1640049892 ,3111 
1641515651.069186 ### RSSI: -51, 29, 1640049892 ,3112 
1641515651.755573 ### DEBUG: Ticks: 3123, 12, 1 
1641515651.755998 1640049893 c0:98:e5:42:00:29 242 
1641515651.756138 -266 -245 -212 -207 -192 -188 -180 -179 -168 -155 -153 -147 -140 -127 -106 
1641515651.756256 -105 -102 -99 -98 -97 -86 -76 -74 -63 -62 -55 -44 -35 11 60 
1641515652.021530 ### RSSI: -66, 31, 1640049893 ,3127 
1641515652.075502 ### RSSI: -55, 13, 1640049893 ,3128 
1641515652.762089 ### DEBUG: Ticks: 3139, 16, 1 
1641515652.762314 1640049894 c0:98:e5:42:00:29 301 
1641515652.762457 -248 -238 -228 -224 -221 -196 -181 -170 -169 -165 -155 -153 -153 -152 -151 
1641515652.762598 -150 -145 -134 -134 -126 -122 -121 -107 -91 -86 -79 -78 -63 -44 -23 
1641515653.020618 ### RSSI: -43, 29, 1640049894 ,3143 
1641515653.079081 ### RSSI: -45, 10, 1640049894 ,3143 
1641515653.759601 ### DEBUG: Ticks: 3154, 15, 1 
1641515653.760863 1640049895 c0:98:e5:42:00:29 233 
1641515653.761831 -296 -289 -284 -272 -266 -262 -255 -254 -248 -244 -242 -227 -224 -219 -218 
1641515653.764355 -218 -203 -200 -188 -187 -187 -186 -186 -179 -179 -173 -171 -95 -78 -53 
1641515654.020711 ### RSSI: -42, 36, 1640049895 ,3158 
1641515654.076573 ### RSSI: -41, 25, 1640049895 ,3159 
1641515654.754236 ### DEBUG: Ticks: 3170, 16, 1 
1641515654.754510 1640049896 c0:98:e5:42:00:29 291 
1641515654.766077 -270 -257 -247 -239 -228 -223 -220 -218 -211 -206 -204 -198 -196 -184 -184 
1641515654.766327 -176 -176 -165 -156 -151 -150 -140 -140 -137 -133 -107 -97 -70 -16 11 
1641515655.024092 ### RSSI: -43, 12, 1640049896 ,3174 
1641515655.071089 ### RSSI: -44, 36, 1640049896 ,3175 
1641515655.762355 ### DEBUG: Ticks: 3185, 15, 1 
1641515655.762639 1640049897 c0:98:e5:42:00:29 468 
1641515655.762806 -17 -15 -7 -4 0 29 33 37 41 46 47 49 49 53 55 
1641515655.762940 70 73 77 88 92 95 105 106 108 108 130 169 176 227 246 
1641515656.024966 ### RSSI: -48, 35, 1640049897 ,3190 
1641515656.072465 ### RSSI: -48, 5, 1640049897 ,3190 
1641515656.755447 ### DEBUG: Ticks: 3201, 16, 1 
1641515656.755751 1640049898 c0:98:e5:42:00:29 699 
1641515656.756006 270 282 311 311 311 317 347 350 355 362 375 376 382 383 393 
1641515656.756226 401 403 406 410 411 413 422 429 430 430 431 453 471 507 546 
1641515657.024228 ### RSSI: -48, 8, 1640049898 ,3205 
1641515657.068144 ### RSSI: -48, 12, 1640049898 ,3206 
1641515657.755431 ### ERROR: Failed reading SquarePoint packet length
1641515658.015918 ### RSSI: -49, 27, 1640049899 ,3221 
1641515658.070507 ### RSSI: -50, 13, 1640049899 ,3222 
1641515659.019282 ### RSSI: -50, 30, 1640049900 ,3236 
1641515659.076890 ### RSSI: -51, 29, 1640049900 ,3237 
1641515659.756096 ### DEBUG: Ticks: 3248, 47, 1 
1641515659.756435 1640049901 c0:98:e5:42:00:29 893 
1641515659.758582 434 439 466 468 481 490 491 498 500 501 509 515 515 520 521 
1641515659.758861 524 528 541 551 555 556 557 561 565 595 600 602 617 735 789 
1641515660.021710 ### RSSI: -52, 9, 1640049901 ,3252 
1641515660.066336 ### RSSI: -55, 34, 1640049901 ,3253 
1641515660.762690 ### DEBUG: Ticks: 3264, 16, 1 
1641515660.762982 1640049902 c0:98:e5:42:00:29 849 
1641515660.763190 351 359 368 390 392 392 392 408 415 423 431 433 436 436 437 
1641515660.763377 447 454 454 455 460 467 490 502 505 519 524 528 532 552 553 
1641515661.023420 ### RSSI: -52, 13, 1640049902 ,3268 
1641515661.069265 ### RSSI: -53, 22, 1640049902 ,3268 
1641515661.756197 ### DEBUG: Ticks: 3279, 15, 1 
1641515661.756430 1640049903 c0:98:e5:42:00:29 817 
1641515661.756567 313 342 353 366 368 393 397 401 404 417 418 419 425 428 446 
1641515661.756708 451 461 463 465 468 468 481 483 492 509 511 516 551 592 636 
1641515662.023517 ### RSSI: -68, 7, 1640049903 ,3283 
1641515662.068397 ### RSSI: -75, 17, 1640049903 ,3284 
1641515662.762145 ### DEBUG: Ticks: 3295, 16, 1 
1641515662.762430 1640049904 c0:98:e5:42:00:29 760 
1641515662.762612 338 340 351 356 362 373 377 377 389 398 408 411 412 412 418 
1641515662.762800 420 426 430 440 456 462 465 473 474 477 487 500 509 543 592 
1641515663.020033 ### RSSI: -62, 26, 1640049904 ,3299 
1641515663.074937 ### RSSI: -61, 7, 1640049905 ,3300 
1641515663.761816 ### DEBUG: Ticks: 3310, 15, 1 
1641515663.762066 1640049905 c0:98:e5:42:00:29 594 
1641515663.762222 36 40 46 49 61 62 64 70 76 81 81 88 89 101 113 
1641515663.762380 113 114 115 127 128 128 128 129 140 140 160 191 202 206 207 
1641515664.019725 ### RSSI: -55, 24, 1640049905 ,3314 
1641515664.075584 ### RSSI: -57, 34, 1640049906 ,3315 
1641515664.763304 ### DEBUG: Ticks: 3326, 16, 1 
1641515664.763544 1640049906 c0:98:e5:42:00:29 532 
1641515664.763681 112 115 124 148 150 151 159 166 167 168 181 183 185 207 214 
1641515664.763875 226 229 237 248 254 264 282 288 298 311 312 318 342 396 397 
1641515665.018446 ### RSSI: -60, 9, 1640049907 ,3330 
1641515665.074085 ### RSSI: -66, 20, 1640049907 ,3331 
1641515665.760576 ### DEBUG: Ticks: 3342, 16, 1 
1641515665.760816 1640049907 c0:98:e5:42:00:29 373 
1641515665.760952 -74 -72 -68 -57 -51 -41 -26 -16 -11 -10 -10 -7 -5 1 14 
1641515665.761091 21 41 45 45 51 61 70 79 95 99 104 129 134 134 200 
1641515666.020793 ### RSSI: -57, 34, 1640049908 ,3346 
1641515666.074053 ### RSSI: -58, 10, 1640049908 ,3347 
1641515666.757280 ### DEBUG: Ticks: 3357, 15, 1 
1641515666.757532 1640049908 c0:98:e5:42:00:29 602 
1641515666.757688 107 127 131 150 158 183 196 199 205 209 216 238 244 247 249 
1641515666.757850 250 250 269 290 299 307 309 309 321 330 331 336 338 351 390 
1641515667.024137 ### RSSI: -59, 33, 1640049909 ,3361 
1641515667.069836 ### RSSI: -58, 27, 1640049909 ,3362 
1641515667.757975 ### DEBUG: Ticks: 3373, 16, 1 
1641515667.759028 1640049909 c0:98:e5:42:00:29 650 
1641515667.759241 151 163 165 170 170 192 209 214 215 217 227 230 239 246 257 
1641515667.759398 267 270 286 298 322 323 329 333 335 350 352 376 388 389 457 
1641515668.019232 ### RSSI: -64, 26, 1640049910 ,3377 
1641515668.076757 ### RSSI: -58, 16, 1640049910 ,3378 
1641515668.755380 ### DEBUG: Ticks: 3389, 16, 1 
1641515668.755683 1640049910 c0:98:e5:42:00:29 585 
1641515668.755935 106 116 135 143 145 147 150 157 158 171 174 182 186 188 192 
1641515668.756127 196 202 209 214 214 222 226 255 263 268 270 313 343 354 356 
1641515669.014586 ### RSSI: -56, 9, 1640049911 ,3393 
1641515669.071261 ### RSSI: -57, 22, 1640049911 ,3393 
1641515669.752781 ### ERROR: Failed reading SquarePoint packet length
1641515670.024368 ### RSSI: -55, 13, 1640049912 ,3408 
1641515670.066935 ### RSSI: -53, 15, 1640049912 ,3409 
1641515671.024494 ### RSSI: -58, 25, 1640049913 ,3424 
1641515671.068405 ### RSSI: -61, 15, 1640049913 ,3425 
1641515671.753467 ### DEBUG: Ticks: 3435, 46, 1 
1641515671.765387 1640049913 c0:98:e5:42:00:29 376 
1641515671.765661 -136 -120 -118 -116 -114 -111 -107 -89 -81 -77 -73 -72 -62 -51 -50 
1641515671.765827 -46 -45 -21 -20 -2 -1 0 2 16 20 35 55 66 74 80 
1641515672.021845 ### RSSI: -52, 3, 1640049913 ,3439 
1641515672.068298 ### RSSI: -49, 31, 1640049913 ,3440 
1641515672.759810 ### DEBUG: Ticks: 3451, 16, 1 
1641515672.760829 1640049914 c0:98:e5:42:00:29 551 
1641515672.761022 158 165 185 196 198 207 218 223 227 235 236 245 245 258 266 
1641515672.761182 278 279 292 307 350 351 355 356 370 383 427 443 451 574 588 
1641515673.018126 ### RSSI: -57, 21, 1640049914 ,3455 
1641515673.074639 ### RSSI: -57, 19, 1640049914 ,3456 
1641515673.757006 ### DEBUG: Ticks: 3467, 16, 1 
1641515673.758352 1640049915 c0:98:e5:42:00:29 776 
1641515673.759310 349 355 374 380 391 403 404 413 415 421 424 427 429 437 438 
1641515673.759517 442 446 451 473 485 506 510 516 535 539 542 563 564 569 581 
1641515674.018077 ### RSSI: -66, 31, 1640049915 ,3471 
1641515674.074662 ### RSSI: -62, 24, 1640049915 ,3471 
1641515674.762791 ### DEBUG: Ticks: 3482, 15, 1 
1641515674.762998 1640049916 c0:98:e5:42:00:29 817 
1641515674.763120 316 350 376 396 411 415 416 417 417 418 426 455 458 466 478 
1641515674.763239 493 494 496 497 503 508 512 516 517 523 552 558 565 574 604 
1641515675.022720 ### RSSI: -54, 4, 1640049916 ,3486 
1641515675.068301 ### RSSI: -58, 15, 1640049916 ,3487 
1641515675.758642 ### DEBUG: Ticks: 3498, 16, 1 
1641515675.758894 1640049917 c0:98:e5:42:00:29 643 
1641515675.759030 210 235 243 251 255 259 268 269 270 277 290 291 294 295 296 
1641515675.759172 301 314 315 316 323 333 348 349 362 369 394 403 462 514 526 
1641515676.024786 ### RSSI: -58, 31, 1640049917 ,3502 
1641515676.067990 ### RSSI: -56, 11, 1640049917 ,3503 
1641515676.765921 ### DEBUG: Ticks: 3513, 15, 1 
1641515676.766198 1640049918 c0:98:e5:42:00:29 793 
1641515676.766395 247 249 254 274 276 288 291 305 306 323 326 328 331 337 355 
1641515676.766594 359 371 375 378 384 387 396 399 402 416 425 435 522 549 558 
1641515677.015909 ### RSSI: -61, 18, 1640049918 ,3518 
1641515677.070064 ### RSSI: -61, 17, 1640049918 ,3518 
1641515677.757695 ### DEBUG: Ticks: 3529, 16, 1 
1641515677.757943 1640049919 c0:98:e5:42:00:29 618 
1641515677.758099 162 166 176 178 194 198 199 205 210 211 212 218 231 232 249 
1641515677.758306 253 255 257 268 272 282 283 292 319 327 328 330 339 419 445 
1641515678.016498 ### RSSI: -57, 12, 1640049919 ,3533 
1641515678.070618 ### RSSI: -58, 28, 1640049919 ,3534 
1641515678.761781 ### DEBUG: Ticks: 3545, 16, 1 
1641515678.762060 1640049920 c0:98:e5:42:00:29 544 
1641515678.762218 -5 0 21 22 35 39 56 64 72 72 73 93 123 131 132 
1641515678.762397 133 151 156 167 172 172 174 201 205 211 221 221 236 332 372 
1641515679.021994 ### RSSI: -62, 17, 1640049920 ,3549 
1641515679.074881 ### RSSI: -63, 7, 1640049920 ,3550 
1641515679.756220 ### DEBUG: Ticks: 3560, 15, 1 
1641515679.756449 1640049921 c0:98:e5:42:00:29 337 
1641515679.756580 -90 -83 -78 -58 -43 -31 -23 -19 -17 -12 -8 -7 -6 -5 -2 
1641515679.756713 3 7 19 20 49 57 73 83 102 103 104 105 109 120 155 
1641515680.019936 ### RSSI: -54, 10, 1640049921 ,3564 
1641515680.076056 ### RSSI: -56, 25, 1640049921 ,3565 
1641515680.759373 ### DEBUG: Ticks: 3576, 16, 1 
1641515680.759642 1640049922 c0:98:e5:42:00:29 658 
1641515680.759816 212 247 253 258 263 272 283 286 287 292 292 296 297 299 314 
1641515680.759963 325 328 338 345 348 350 353 358 363 365 371 397 405 424 428 
1641515681.020638 ### RSSI: -53, 26, 1640049922 ,3580 
1641515681.075571 ### RSSI: -53, 31, 1640049922 ,3581 
1641515681.759850 ### ERROR: Failed reading SquarePoint packet length
1641515682.015437 ### RSSI: -52, 34, 1640049923 ,3596 
1641515682.072392 ### RSSI: -53, 20, 1640049923 ,3596 
1641515683.016178 ### RSSI: -57, 13, 1640049924 ,3611 
1641515683.074100 ### RSSI: -58, 8, 1640049924 ,3612 
1641515683.758702 ### DEBUG: Ticks: 3623, 47, 1 
1641515683.758958 1640049925 c0:98:e5:42:00:29 774 
1641515683.759143 326 347 358 364 377 379 400 405 406 409 415 418 429 433 434 
1641515683.759322 435 439 464 471 484 488 493 505 506 526 527 536 544 554 581 
1641515684.017614 ### RSSI: -56, 0, 1640049925 ,3627 
1641515684.074005 ### RSSI: -56, 0, 1640049925 ,3628 
1641515684.762411 ### DEBUG: Ticks: 3638, 15, 1 
1641515684.762744 1640049926 c0:98:e5:42:00:29 737 
1641515684.763342 102 136 141 148 151 157 161 165 168 173 178 180 184 197 198 
1641515684.763508 216 226 242 246 252 264 268 274 280 285 296 300 327 330 348 
1641515685.017091 ### RSSI: -51, 0, 1640049926 ,3642 
1641515685.072700 ### RSSI: -49, 11, 1640049926 ,3643 
1641515685.757599 ### DEBUG: Ticks: 3654, 16, 1 
1641515685.757925 1640049927 c0:98:e5:42:00:29 866 
1641515685.758106 508 509 524 526 530 531 537 556 573 575 575 577 583 588 589 
1641515685.758293 595 600 602 603 610 611 611 616 630 645 664 678 739 739 846 
1641515686.015095 ### RSSI: -50, 23, 1640049927 ,3658 
1641515686.070761 ### RSSI: -49, 21, 1640049927 ,3659 
1641515686.757100 ### DEBUG: Ticks: 3670, 16, 1 
1641515686.757675 1640049928 c0:98:e5:42:00:29 826 
1641515686.757907 367 372 380 397 416 419 436 437 442 447 449 450 455 457 457 
1641515686.758099 458 460 477 481 484 486 494 496 515 520 541 542 559 623 648 
1641515687.015282 ### RSSI: -50, 7, 1640049928 ,3674 
1641515687.015578 ERROR: Unexpected error while mounting SD card: 1
1641515688.538783 
1641515688.539671 ----------------------------------------------
1641515688.539924 ### WARNING: Chip experienced a reset with reason 2
1641515688.786912 ### INFO: Bluetooth address: c0:98:e5:42:00:2c
1641515688.798102 ### DEBUG: Time is 00:00:00, 2000/00/00
1641515688.798368 ### INFO: Time is 00:00:00, 2000/00/00
1641515688.888484 ### INFO: Initializing SD Card...
1641515692.331858 ### INFO: Connecting to the SquarePoint module...
1641515692.332111 ### INFO: SquarePoint module connection successful
1641515692.332266 ### INFO: Battery voltage currently 4247 mV
1641515692.568463 ### INFO: SD card flushed!
1641515692.625782 ### INFO: SD card flushed!
1641515692.626120 ### DEBUG: BLE START SCANNING called
1641515692.752356 ### ERROR: Failed reading SquarePoint packet length
1641515693.724359 ### DEBUG: BLE START SCANNING called
1641515693.752610 ### DEBUG: BLE START SCANNING called
1641515693.752920 ### DEBUG: BLE START SCANNING called
1641515693.753107 ### addr: c0:98:e5:42:00:29 
1641515693.753292 ### on_adv_report outer RSSI: -58, time:1640049420 
1641515693.753455 ### INFO: Discovered new device: c0:98:e5:42:00:29
1641515693.764058 ### INFO: Switched Scheduler EUI from 00:00:00:00:00:00 to c0:98:e5:42:00:2c
1641515693.764319 ### INFO: Starting the SquarePoint module...
1641515693.764507 ### INFO: Starting SquarePoint module as SCHEDULER with timestamp 1640049420
1641515693.764656 ### DEBUG: BLE STOP SCANNING called
1641515693.764818 ### INFO: SquarePoint module successfully started!
1641515694.759118 ### DEBUG: Ticks: 97, 97, 0 
1641515694.759394 1640049936 c0:98:e5:42:00:29 405 
1641515694.759589 -63 -42 20 21 22 24 26 31 31 31 35 44 53 69 70 
1641515694.759834 71 85 104 107 113 113 114 114 117 128 147 151 167 251 262 
1641515695.760236 ### DEBUG: Ticks: 112, 15, 0 
1641515695.760558 1640049937 c0:98:e5:42:00:29 475 
1641515695.760741 -43 -25 -18 -4 1 1 4 6 14 15 16 21 38 43 50 
1641515695.760942 55 57 63 63 64 73 86 96 115 116 130 169 185 189 296 
1641515696.760036 ### DEBUG: Ticks: 128, 16, 0 
1641515696.760231 1640049938 c0:98:e5:42:00:29 705 
1641515696.760349 160 219 228 237 245 254 258 275 275 296 298 299 307 311 317 
1641515696.760615 326 328 331 347 358 361 365 373 383 389 395 403 421 459 469 
1641515697.762222 ### DEBUG: Ticks: 144, 16, 0 
1641515697.762489 1640049939 c0:98:e5:42:00:29 771 
1641515697.762644 316 328 348 352 354 357 358 370 381 383 384 387 400 409 411 
1641515697.762804 435 438 453 464 476 487 493 506 510 520 526 530 569 570 596 
1641515698.755345 ### DEBUG: Ticks: 159, 15, 0 
1641515698.755628 1640049940 c0:98:e5:42:00:29 641 
1641515698.767142 115 159 191 215 217 223 239 240 244 249 250 251 266 275 275 
1641515698.767423 280 281 297 300 304 307 320 324 327 329 339 359 388 392 499 
1641515699.756804 ### DEBUG: Ticks: 175, 16, 0 
1641515699.757105 1640049941 c0:98:e5:42:00:29 761 
1641515699.757287 193 225 235 235 249 252 264 273 274 283 298 309 320 324 330 
1641515699.757475 331 333 346 351 357 367 374 379 395 402 403 438 444 483 583 
1641515700.760858 ### DEBUG: Ticks: 190, 15, 0 
1641515700.761147 1640049942 c0:98:e5:42:00:29 630 
1641515700.761332 157 163 163 175 211 216 221 222 234 234 237 239 252 254 257 
1641515700.761556 271 287 290 291 293 294 305 320 334 357 392 399 441 470 489 
1641515701.756379 ### DEBUG: Ticks: 206, 16, 0 
1641515701.756665 1640049943 c0:98:e5:42:00:29 501 
1641515701.756846 53 53 88 95 96 115 132 133 134 136 144 164 165 167 169 
1641515701.757060 178 195 208 213 216 233 234 235 239 252 253 256 259 265 291 
1641515702.762816 ### DEBUG: Ticks: 222, 16, 0 
1641515702.763044 1640049944 c0:98:e5:42:00:29 437 
1641515702.763153 -92 -80 -73 -66 -60 -48 -46 -27 -26 -23 -19 -15 -13 -9 -6 
1641515702.763255 0 5 11 26 26 46 87 93 110 123 126 153 165 189 220 
1641515703.761931 ### DEBUG: Ticks: 237, 15, 0 
1641515703.762221 1640049945 c0:98:e5:42:00:29 738 
1641515703.762402 267 298 304 315 317 319 325 332 333 333 337 346 359 368 378 
1641515703.762588 392 394 395 397 405 407 434 448 472 480 483 491 506 519 521 
1641515704.181720 ### BLE EVENT: 16, INFO: BLE CONNECTED!
1641515704.182006 ### RSSI: -63, 33, 1640049946 ,244 
1641515704.283173 ### RSSI: -61, 34, 1640049946 ,245 
1641515704.382675 ### RSSI: -63, 22, 1640049946 ,247 
1641515704.483085 ### RSSI: -60, 4, 1640049946 ,248 
1641515704.583546 ### RSSI: -71, 23, 1640049946 ,250 
1641515704.682177 ### RSSI: -65, 14, 1640049946 ,252 
1641515704.759529 ### ERROR: Failed reading SquarePoint packet length
1641515704.781983 ### RSSI: -57, 3, 1640049946 ,253 
1641515704.883358 ### RSSI: -62, 13, 1640049947 ,255 
1641515704.977869 ### RSSI: -61, 9, 1640049947 ,256 
1641515705.080067 ### RSSI: -58, 33, 1640049947 ,258 
1641515705.183967 ### RSSI: -60, 26, 1640049947 ,259 
1641515705.276797 ### RSSI: -64, 20, 1640049947 ,261 
1641515705.376295 ### RSSI: -58, 29, 1640049947 ,263 
1641515705.476882 ### RSSI: -54, 5, 1640049947 ,264 
1641515705.578351 ### RSSI: -54, 1, 1640049947 ,266 
1641515705.677109 ### RSSI: -57, 19, 1640049947 ,267 
1641515705.777446 ### RSSI: -52, 1, 1640049947 ,269 
1641515706.759086 ### DEBUG: Ticks: 284, 47, 0 
1641515706.759374 1640049948 c0:98:e5:42:00:29 656 
1641515706.759556 252 260 283 288 294 297 301 302 304 323 326 333 351 357 362 
1641515706.759872 368 384 388 392 395 397 406 408 409 411 427 435 459 501 563 
1641515706.781806 ### RSSI: -61, 31, 1640049948 ,284 
1641515707.761787 ### DEBUG: Ticks: 300, 16, 0 
1641515707.762111 1640049949 c0:98:e5:42:00:29 660 
1641515707.762290 116 120 133 161 161 161 165 165 172 173 179 181 188 189 203 
1641515707.762476 216 223 226 239 240 259 261 274 277 319 323 323 370 387 396 
1641515707.773423 ### RSSI: -58, 29, 1640049949 ,300 
1641515708.755960 ### DEBUG: Ticks: 315, 15, 0 
1641515708.756240 1640049950 c0:98:e5:42:00:29 530 
1641515708.766794 89 106 117 124 136 143 143 159 176 180 180 183 195 195 199 
1641515708.767075 204 213 223 227 232 237 241 244 250 286 309 339 361 392 450 
1641515708.779409 ### RSSI: -59, 26, 1640049950 ,316 
1641515709.755909 ### DEBUG: Ticks: 331, 16, 0 
1641515709.756194 1640049951 c0:98:e5:42:00:29 465 
1641515709.768192 -8 14 40 45 45 64 70 80 89 95 96 98 100 111 112 
1641515709.768469 117 124 137 140 155 157 172 182 193 210 223 228 246 246 287 
1641515709.778589 ### RSSI: -57, 20, 1640049951 ,331 
1641515710.766429 ### DEBUG: Ticks: 347, 16, 0 
1641515710.766660 1640049952 c0:98:e5:42:00:29 766 
1641515710.766808 288 330 332 334 348 351 352 355 358 372 373 381 385 398 408 
1641515710.766940 410 416 435 439 452 464 467 475 482 488 488 491 495 503 505 
1641515710.777121 ### RSSI: -51, 36, 1640049952 ,347 
1641515711.756235 ### DEBUG: Ticks: 362, 15, 0 
1641515711.756555 1640049953 c0:98:e5:42:00:29 719 
1641515711.757038 266 272 278 290 291 294 298 300 303 304 326 326 330 339 342 
1641515711.757379 349 355 362 365 383 385 395 396 396 417 420 423 459 480 485 
1641515711.779235 ### RSSI: -53, 24, 1640049953 ,362 
1641515712.761000 ### DEBUG: Ticks: 378, 16, 0 
1641515712.761270 1640049954 c0:98:e5:42:00:29 744 
1641515712.761447 326 328 353 368 369 380 388 393 398 398 404 405 407 417 424 
1641515712.761644 441 444 452 462 463 465 471 489 492 494 494 497 519 553 557 
1641515712.782888 ### RSSI: -54, 4, 1640049954 ,378 
1641515713.759911 ### DEBUG: Ticks: 393, 15, 0 
1641515713.760114 1640049955 c0:98:e5:42:00:29 771 
1641515713.760232 396 397 432 433 437 452 452 454 457 458 481 481 482 488 489 
1641515713.760358 490 504 506 507 519 525 534 565 574 611 612 617 670 674 709 
1641515713.882356 ### RSSI: -62, 29, 1640049955 ,395 
1641515714.762394 ### DEBUG: Ticks: 409, 16, 0 
1641515714.762600 1640049956 c0:98:e5:42:00:29 769 
1641515714.762722 207 230 232 237 256 258 263 276 286 292 294 294 308 314 316 
1641515714.762851 320 323 325 331 335 336 338 339 341 357 362 369 385 403 424 
1641515714.874938 ### RSSI: -51, 36, 1640049956 ,411 
1641515715.757207 ### DEBUG: Ticks: 425, 16, 0 
1641515715.757490 1640049957 c0:98:e5:42:00:29 792 
1641515715.757672 261 265 271 271 281 286 293 303 305 310 310 315 318 318 324 
1641515715.757858 332 335 340 342 345 353 360 362 368 388 411 421 423 426 595 
1641515715.881753 ### RSSI: -49, 24, 1640049957 ,427 
1641515716.752422 ### ERROR: Failed reading SquarePoint packet length
1641515716.877321 ### RSSI: -50, 25, 1640049958 ,442 
1641515717.880018 ### RSSI: -58, 14, 1640049959 ,458 
1641515718.761566 ### DEBUG: Ticks: 472, 47, 0 
1641515718.761811 1640049960 c0:98:e5:42:00:29 499 
1641515718.761946 -1 13 30 36 48 48 52 54 68 70 78 84 89 97 98 
1641515718.762085 100 102 109 111 119 121 121 128 128 134 155 157 157 181 182 
1641515718.874395 ### RSSI: -57, 25, 1640049960 ,473 
1641515719.763406 ### DEBUG: Ticks: 487, 15, 0 
1641515719.763608 1640049961 c0:98:e5:42:00:29 813 
1641515719.763736 283 288 315 319 333 336 339 347 351 355 361 378 388 392 393 
1641515719.763938 393 400 402 408 416 417 421 425 426 432 432 436 468 480 593 
1641515719.877033 ### RSSI: -57, 36, 1640049961 ,489 
1641515720.759504 ### DEBUG: Ticks: 503, 16, 0 
1641515720.759827 1640049962 c0:98:e5:42:00:29 732 
1641515720.760009 212 233 234 234 254 257 276 281 291 296 301 311 325 327 327 
1641515720.760162 329 329 331 335 349 351 357 378 387 393 394 402 421 429 439 
1641515720.882296 ### RSSI: -50, 4, 1640049962 ,505 
1641515721.763697 ### DEBUG: Ticks: 518, 15, 0 
1641515721.763976 1640049963 c0:98:e5:42:00:29 726 
1641515721.764113 308 328 337 339 342 358 360 375 385 397 404 408 433 435 438 
1641515721.764254 440 440 443 455 456 458 463 469 479 485 491 497 523 551 564 
1641515721.874883 ### RSSI: -71, 32, 1640049963 ,520 
1641515722.760100 ### DEBUG: Ticks: 534, 16, 0 
1641515722.760341 1640049964 c0:98:e5:42:00:29 827 
1641515722.760480 348 390 404 412 420 422 436 440 452 452 453 458 464 469 473 
1641515722.760626 473 476 477 480 483 487 491 494 500 531 553 558 633 661 768 
1641515722.872321 ### RSSI: -64, 12, 1640049964 ,536 
1641515723.761424 ### DEBUG: Ticks: 550, 16, 0 
1641515723.761693 1640049965 c0:98:e5:42:00:29 699 
1641515723.761809 253 278 281 315 318 321 322 326 331 331 334 337 344 347 349 
1641515723.761922 349 350 352 354 356 360 366 376 390 400 404 410 462 519 602 
1641515723.876235 ### RSSI: -56, 33, 1640049965 ,551 
1641515724.759689 ### DEBUG: Ticks: 565, 15, 0 
1641515724.760061 1640049966 c0:98:e5:42:00:29 391 
1641515724.760246 2 12 14 19 20 28 41 45 50 50 60 60 68 70 71 
1641515724.760462 78 79 89 96 99 100 118 120 125 127 161 179 207 216 232 
1641515724.880605 ### RSSI: -62, 36, 1640049966 ,567 
1641515725.758648 ### DEBUG: Ticks: 581, 16, 0 
1641515725.761241 1640049967 c0:98:e5:42:00:29 429 
1641515725.761516 -37 -25 -25 -16 -11 -11 -9 7 14 26 26 51 54 63 63 
1641515725.761696 63 68 68 77 84 96 112 115 117 141 147 150 159 206 232 
1641515725.880948 ### RSSI: -56, 0, 1640049967 ,583 
1641515726.758477 ### DEBUG: Ticks: 596, 15, 0 
1641515726.758737 1640049968 c0:98:e5:42:00:29 680 
1641515726.758893 207 216 220 235 240 242 263 267 269 272 312 316 319 321 325 
1641515726.759055 332 342 344 349 382 397 403 404 412 412 414 416 427 450 476 
1641515726.881264 ### RSSI: -54, 16, 1640049968 ,598 
1641515727.757953 ### DEBUG: Ticks: 612, 16, 0 
1641515727.758154 1640049969 c0:98:e5:42:00:29 637 
1641515727.758275 106 106 106 113 124 150 151 155 155 159 181 185 188 195 197 
1641515727.758440 204 209 230 230 234 246 251 261 270 275 294 314 314 323 338 
1641515727.878914 ### RSSI: -55, 17, 1640049969 ,614 
1641515728.757464 ### ERROR: Failed reading SquarePoint packet length
1641515728.874001 ### RSSI: -56, 6, 1640049971 ,630 
1641515729.873299 ### RSSI: -53, 3, 1640049972 ,645 
1641515730.758445 ### DEBUG: Ticks: 659, 47, 0 
1641515730.758695 1640049972 c0:98:e5:42:00:29 617 
1641515730.758844 148 167 173 190 199 227 229 233 237 238 247 248 262 267 276 
1641515730.758993 277 278 280 299 329 333 339 348 356 358 373 377 392 497 506 
1641515730.883836 ### RSSI: -56, 36, 1640049973 ,661 
1641515731.764818 ### DEBUG: Ticks: 675, 16, 0 
1641515731.765133 1640049973 c0:98:e5:42:00:29 434 
1641515731.765316 -142 -133 -115 -112 -108 -100 -97 -88 -78 -70 -65 -64 -49 -49 -43 
1641515731.765524 -36 -31 -30 -27 -17 -11 -3 24 25 28 35 39 48 55 56 
1641515731.878355 ### RSSI: -53, 35, 1640049973 ,676 
1641515732.764118 ### DEBUG: Ticks: 690, 15, 0 
1641515732.764389 1640049974 c0:98:e5:42:00:29 472 
1641515732.764587 21 38 53 67 88 109 112 114 115 115 116 135 136 145 155 
1641515732.764919 158 161 163 172 175 181 206 216 232 245 272 287 304 324 331 
1641515732.875972 ### RSSI: -56, 18, 1640049974 ,692 
1641515733.756572 ### DEBUG: Ticks: 706, 16, 0 
1641515733.756854 1640049975 c0:98:e5:42:00:29 791 
1641515733.769792 355 363 381 384 385 394 402 410 416 417 432 433 441 447 448 
1641515733.770038 459 475 502 511 526 533 534 534 537 550 556 573 588 589 632 
1641515733.872536 ### RSSI: -61, 27, 1640049975 ,708 
1641515734.763590 ### DEBUG: Ticks: 721, 15, 0 
1641515734.763893 1640049976 c0:98:e5:42:00:29 765 
1641515734.764058 346 348 357 367 368 371 373 382 386 391 395 397 400 406 410 
1641515734.764217 449 453 456 476 483 487 491 496 505 508 512 513 518 528 621 
1641515734.872864 ### RSSI: -64, 31, 1640049976 ,723 
1641515735.231909 ### INFO: SD card flushed!
1641515735.757649 ### DEBUG: Ticks: 737, 16, 0 
1641515735.757879 1640049977 c0:98:e5:42:00:29 683 
1641515735.758015 235 259 260 262 265 270 277 284 285 291 299 306 312 325 326 
1641515735.758153 348 356 356 357 357 370 374 380 381 402 410 411 415 541 550 
1641515735.879141 ### RSSI: -55, 27, 1640049977 ,739 
1641515736.761755 ### DEBUG: Ticks: 753, 16, 0 
1641515736.762044 1640049978 c0:98:e5:42:00:29 667 
1641515736.762211 203 207 222 225 228 231 243 253 262 263 264 265 285 287 310 
1641515736.762372 311 317 322 333 340 340 349 351 363 363 383 389 442 461 484 
1641515736.873872 ### RSSI: -62, 14, 1640049978 ,755 
1641515737.756901 ### DEBUG: Ticks: 768, 15, 0 
1641515737.757131 1640049979 c0:98:e5:42:00:29 555 
1641515737.757276 165 184 197 212 213 219 219 227 229 237 239 242 245 249 258 
1641515737.768612 267 278 279 283 284 308 313 315 317 326 344 358 385 424 441 
1641515738.759220 ### DEBUG: Ticks: 784, 16, 0 
1641515738.759469 1640049980 c0:98:e5:42:00:29 556 
1641515738.759623 171 177 201 220 221 228 229 230 242 248 253 259 276 286 298 
1641515738.759847 311 320 327 331 343 354 355 371 377 378 384 404 423 498 544 
1641515739.758209 ### DEBUG: Ticks: 800, 16, 0 
1641515739.758459 1640049981 c0:98:e5:42:00:29 424 
1641515739.758614 -60 -1 12 16 22 34 34 37 39 43 50 54 56 57 69 
1641515739.758773 72 74 84 92 103 112 120 144 157 159 160 183 210 236 237 
1641515740.761030 ### ERROR: Failed reading SquarePoint packet length
1641515740.971737 ### BLE EVENT: 17, INFO: BLE DISCONNECTED!
1641515741.917721 ### BLE EVENT: 16, INFO: BLE CONNECTED!
1641515741.917942 ### RSSI: -52, 23, 1640049983 ,833 
1641515742.019606 ### RSSI: -53, 13, 1640049983 ,835 
1641515742.117684 ### RSSI: -51, 33, 1640049983 ,836 
1641515742.218933 ### RSSI: -55, 5, 1640049983 ,838 
1641515742.316871 ### RSSI: -52, 26, 1640049984 ,840 
1641515742.418438 ### RSSI: -53, 25, 1640049984 ,841 
1641515742.519065 ### RSSI: -53, 28, 1640049984 ,843 
1641515742.621216 ### RSSI: -52, 25, 1640049984 ,844 
1641515742.719488 ### RSSI: -54, 21, 1640049984 ,846 
1641515742.764683 ### DEBUG: Ticks: 846, 46, 0 
1641515742.764902 1640049984 c0:98:e5:42:00:29 774 
1641515742.765038 334 341 342 352 362 369 382 389 389 392 402 408 412 430 433 
1641515742.765215 446 448 453 471 473 480 483 489 490 492 521 535 541 543 572 
1641515742.819573 ### RSSI: -52, 32, 1640049984 ,847 
1641515742.918951 ### RSSI: -52, 31, 1640049984 ,849 
1641515743.023629 ### RSSI: -53, 31, 1640049984 ,851 
1641515743.122906 ### RSSI: -54, 24, 1640049984 ,852 
1641515743.223144 ### RSSI: -54, 23, 1640049984 ,854 
1641515743.318993 ### RSSI: -56, 23, 1640049985 ,855 
1641515743.420626 ### RSSI: -63, 12, 1640049985 ,857 
1641515743.520414 ### RSSI: -63, 13, 1640049985 ,858 
1641515743.758718 ### DEBUG: Ticks: 862, 16, 0 
1641515743.759045 1640049985 c0:98:e5:42:00:29 789 
1641515743.759228 421 425 425 436 437 452 458 468 472 475 476 478 489 494 497 
1641515743.759401 512 514 516 517 520 523 541 557 568 570 584 591 595 612 632 
1641515744.525437 ### RSSI: -53, 14, 1640049986 ,874 
1641515744.760174 ### DEBUG: Ticks: 878, 16, 0 
1641515744.760425 1640049986 c0:98:e5:42:00:29 619 
1641515744.760580 137 158 184 200 201 203 206 215 223 226 230 232 236 241 246 
1641515744.760739 252 254 258 259 260 264 275 279 279 282 307 315 327 354 363 
1641515745.518041 ### RSSI: -50, 3, 1640049987 ,890 
1641515745.760457 ### DEBUG: Ticks: 893, 15, 0 
1641515745.760685 1640049987 c0:98:e5:42:00:29 648 
1641515745.760824 177 179 188 200 205 217 224 235 239 242 243 263 267 280 280 
1641515745.760986 281 282 283 288 288 292 307 308 309 321 323 327 329 338 437 
1641515746.516164 ### RSSI: -50, 5, 1640049988 ,905 
1641515746.759194 ### DEBUG: Ticks: 909, 16, 0 
1641515746.759423 1640049988 c0:98:e5:42:00:29 643 
1641515746.759568 157 163 172 187 187 188 210 218 219 248 250 252 257 258 277 
1641515746.759696 278 282 283 287 291 293 296 306 314 322 335 382 390 446 476 
1641515747.522214 ### RSSI: -51, 25, 1640049989 ,921 
1641515747.760293 ### DEBUG: Ticks: 925, 16, 0 
1641515747.760477 1640049989 c0:98:e5:42:00:29 567 
1641515747.760584 73 93 94 120 124 130 132 133 134 147 157 157 167 187 194 
1641515747.760699 220 229 235 242 251 253 256 265 269 272 277 295 302 318 324 
1641515748.522353 ### RSSI: -61, 20, 1640049990 ,936 
1641515748.757100 ### DEBUG: Ticks: 940, 15, 0 
1641515748.757308 1640049990 c0:98:e5:42:00:29 546 
1641515748.757406 109 138 151 155 158 189 197 198 202 202 203 205 216 219 222 
1641515748.757508 224 243 248 255 259 260 278 279 281 281 284 288 307 307 333 
1641515749.523856 ### RSSI: -61, 15, 1640049991 ,952 
1641515749.757686 ### DEBUG: Ticks: 956, 16, 0 
1641515749.757876 1640049991 c0:98:e5:42:00:29 821 
1641515749.757984 326 329 344 352 358 370 376 385 407 411 422 430 434 438 440 
1641515749.758098 442 446 453 454 466 473 479 483 492 494 495 507 534 546 553 
1641515750.523294 ### RSSI: -69, 35, 1640049992 ,968 
1641515750.756188 ### DEBUG: Ticks: 971, 15, 0 
1641515750.756467 1640049992 c0:98:e5:42:00:29 823 
1641515750.768581 280 296 315 317 335 337 342 343 347 360 376 381 384 392 400 
1641515750.768827 415 419 422 424 427 432 443 443 451 455 459 500 506 516 524 
1641515751.517591 ### RSSI: -52, 16, 1640049993 ,983 
1641515751.760447 ### ERROR: Failed reading SquarePoint packet length
1641515752.519540 ### RSSI: -62, 5, 1640049994 ,999 
1641515753.521657 ### RSSI: -59, 18, 1640049995 ,1014 
1641515753.759605 ### DEBUG: Ticks: 1018, 47, 0 
1641515753.759950 1640049995 c0:98:e5:42:00:29 645 
1641515753.760135 207 260 262 272 287 295 303 306 307 311 319 320 322 323 328 
1641515753.760324 339 342 343 343 354 372 382 389 391 392 393 410 430 472 485 
1641515754.524532 ### RSSI: -71, 1, 1640049996 ,1030 
1641515754.760248 ### DEBUG: Ticks: 1034, 16, 0 
1641515754.760501 1640049996 c0:98:e5:42:00:29 462 
1641515754.760667 61 102 126 129 132 133 134 138 140 143 163 169 170 174 191 
1641515754.760827 192 198 205 228 231 250 253 256 267 273 314 321 328 352 461 
1641515755.519586 ### RSSI: -61, 27, 1640049997 ,1046 
1641515755.756515 ### DEBUG: Ticks: 1049, 15, 0 
1641515755.756794 1640049997 c0:98:e5:42:00:29 450 
1641515755.769107 7 18 36 39 48 50 53 70 73 74 78 80 81 83 91 
1641515755.769397 97 103 109 127 128 133 136 138 144 166 190 203 219 239 280 
1641515756.519444 ### RSSI: -53, 25, 1640049998 ,1061 
1641515756.765755 ### DEBUG: Ticks: 1065, 16, 0 
1641515756.766010 1640049998 c0:98:e5:42:00:29 740 
1641515756.766211 251 284 290 319 327 327 335 360 369 373 377 389 391 391 392 
1641515756.766383 400 423 426 427 430 432 444 454 455 456 470 475 476 506 553 
1641515757.520414 ### RSSI: -54, 27, 1640049998 ,1077 
1641515757.766657 ### DEBUG: Ticks: 1081, 16, 0 
1641515757.766862 1640049999 c0:98:e5:42:00:29 778 
1641515757.766995 282 333 353 353 357 386 406 410 424 437 444 450 458 463 470 
1641515757.767121 470 479 483 484 492 537 545 546 553 558 575 575 582 597 645 
1641515758.525328 ### RSSI: -58, 16, 1640049999 ,1093 
1641515758.759381 ### DEBUG: Ticks: 1096, 15, 0 
1641515758.759676 1640050000 c0:98:e5:42:00:29 712 
1641515758.759962 246 252 272 280 294 298 306 309 311 321 325 325 336 340 341 
1641515758.760152 342 362 363 369 377 407 408 411 415 422 432 438 452 464 489 
1641515759.523981 ### RSSI: -51, 8, 1640050000 ,1108 
1641515759.758337 ### DEBUG: Ticks: 1112, 16, 0 
1641515759.758600 1640050001 c0:98:e5:42:00:29 740 
1641515759.758717 340 350 352 364 380 390 396 398 403 410 412 412 414 437 448 
1641515759.758823 453 459 463 487 491 506 517 524 525 537 547 549 581 671 813 
1641515760.519080 ### RSSI: -52, 27, 1640050001 ,1124 
1641515760.762746 ### DEBUG: Ticks: 1128, 16, 0 
1641515760.764444 1640050002 c0:98:e5:42:00:29 693 
1641515760.765635 181 224 224 231 235 242 242 257 268 269 270 275 290 290 305 
1641515760.765844 316 322 338 357 360 367 384 391 401 405 412 423 428 513 528 
1641515761.517347 ### RSSI: -55, 27, 1640050002 ,1139 
1641515761.761462 ### DEBUG: Ticks: 1143, 15, 0 
1641515761.761665 1640050003 c0:98:e5:42:00:29 490 
1641515761.761776 8 18 30 40 48 58 69 78 86 86 88 107 113 122 127 
1641515761.761887 141 148 162 163 166 181 186 188 201 215 218 219 225 229 255 
1641515762.522293 ### RSSI: -50, 7, 1640050004 ,1155 
1641515762.759333 ### DEBUG: Ticks: 1159, 16, 0 
1641515762.760979 1640050004 c0:98:e5:42:00:29 491 
1641515762.763442 -10 64 68 103 103 105 117 117 119 126 127 139 144 154 160 
1641515762.765956 164 173 183 186 191 192 207 208 210 231 247 248 253 285 327 
1641515763.517653 ### RSSI: -58, 34, 1640050005 ,1171 
1641515763.755370 ### ERROR: Failed reading SquarePoint packet length
1641515764.524709 ### RSSI: -61, 34, 1640050006 ,1186 
1641515765.519116 ### RSSI: -61, 7, 1640050007 ,1202 
1641515765.761862 ### DEBUG: Ticks: 1206, 47, 0 
1641515765.762090 1640050007 c0:98:e5:42:00:29 733 
1641515765.762209 275 281 287 295 305 318 318 326 335 341 345 345 346 362 370 
1641515765.762333 381 392 393 397 402 415 420 423 425 433 495 516 582 610 706 
1641515766.519977 ### RSSI: -59, 19, 1640050008 ,1218 
1641515766.757601 ### DEBUG: Ticks: 1221, 15, 0 
1641515766.758177 1640050008 c0:98:e5:42:00:29 722 
1641515766.758370 220 236 240 242 256 271 276 283 284 285 290 295 298 304 310 
1641515766.769061 325 333 339 343 358 379 379 392 411 418 422 433 447 471 476 
1641515767.515429 ### RSSI: -60, 3, 1640050009 ,1233 
1641515767.759546 ### DEBUG: Ticks: 1237, 16, 0 
1641515767.759919 1640050009 c0:98:e5:42:00:29 571 
1641515767.760140 84 127 137 141 158 164 173 174 175 178 179 191 195 196 197 
1641515767.760362 216 220 225 241 243 246 247 264 276 278 284 303 341 405 405 
1641515768.521517 ### RSSI: -60, 26, 1640050010 ,1249 
1641515768.763648 ### DEBUG: Ticks: 1253, 16, 0 
1641515768.763997 1640050010 c0:98:e5:42:00:29 463 
1641515768.764181 -65 -55 -51 -50 -45 -44 -43 -35 -24 -23 -17 -15 2 5 5 
1641515768.764465 6 20 22 27 27 30 31 34 35 46 71 86 99 104 107 
1641515769.524159 ### RSSI: -56, 24, 1640050011 ,1264 
1641515769.759329 ### DEBUG: Ticks: 1268, 15, 0 
1641515769.759605 1640050011 c0:98:e5:42:00:29 372 
1641515769.759826 -100 -94 -83 -81 -65 -64 -60 -52 -47 -42 -38 -33 -31 -10 0 
1641515769.759962 4 19 23 44 46 49 61 81 88 89 93 98 99 123 143 
1641515770.517290 ### RSSI: -52, 3, 1640050012 ,1280 
1641515770.762960 ### DEBUG: Ticks: 1284, 16, 0 
1641515770.763393 1640050012 c0:98:e5:42:00:29 613 
1641515770.763575 154 156 157 175 178 192 195 195 211 223 226 240 241 244 245 
1641515770.763829 252 271 274 283 292 295 295 307 308 323 333 337 345 381 0 
1641515771.517966 ### RSSI: -51, 21, 1640050013 ,1296 
1641515771.760399 ### DEBUG: Ticks: 1299, 15, 0 
1641515771.760610 1640050013 c0:98:e5:42:00:29 748 
1641515771.760730 259 269 292 306 307 310 315 315 318 331 344 348 352 363 364 
1641515771.760853 370 373 386 389 392 395 402 422 423 453 456 463 468 484 508 
1641515772.520867 ### RSSI: -51, 32, 1640050014 ,1311 
1641515772.755020 ### DEBUG: Ticks: 1315, 16, 0 
1641515772.767558 1640050014 c0:98:e5:42:00:29 683 
1641515772.767881 204 229 258 271 279 280 284 290 293 295 297 299 321 325 327 
1641515772.768051 332 338 343 344 354 363 379 390 406 421 421 428 430 435 441 
1641515773.525426 ### RSSI: -53, 14, 1640050015 ,1327 
1641515773.756745 ### DEBUG: Ticks: 1331, 16, 0 
1641515773.756970 1640050015 c0:98:e5:42:00:29 742 
1641515773.773401 318 323 327 340 347 355 363 364 365 373 390 399 402 405 416 
1641515773.773622 430 433 435 439 440 465 479 486 486 488 519 527 527 535 560 
1641515774.195599 ### INFO: SD card flushed!
1641515774.520284 ### RSSI: -69, 7, 1640050016 ,1342 
1641515774.765658 ### DEBUG: Ticks: 1346, 15, 0 
1641515774.766751 1640050016 c0:98:e5:42:00:29 770 
1641515774.767001 318 344 352 356 358 383 389 392 396 399 406 406 413 420 421 
1641515774.767194 422 436 438 449 450 456 500 505 541 548 553 608 615 623 624 
1641515775.518574 ### RSSI: -52, 20, 1640050017 ,1358 
1641515775.755329 ### ERROR: Failed reading SquarePoint packet length
1641515776.524349 ### RSSI: -52, 11, 1640050018 ,1374 
1641515777.524075 ### RSSI: -52, 28, 1640050019 ,1389 
1641515777.756895 ### DEBUG: Ticks: 1393, 47, 0 
1641515777.757078 1640050019 c0:98:e5:42:00:29 540 
1641515777.757178 90 123 127 141 146 146 151 155 156 158 165 167 182 189 193 
1641515777.769680 193 200 203 205 205 207 236 238 240 248 261 264 276 343 355 
1641515778.516809 ### RSSI: -49, 11, 1640050020 ,1405 
1641515778.762043 ### DEBUG: Ticks: 1409, 16, 0 
1641515778.763915 1640050020 c0:98:e5:42:00:29 319 
1641515778.765750 -158 -153 -144 -139 -133 -114 -110 -110 -103 -101 -87 -85 -72 -67 -58 
1641515778.765972 -56 -53 -36 -26 -26 -24 -23 -13 -12 -2 14 27 32 34 81 
1641515779.520665 ### RSSI: -46, 1, 1640050021 ,1421 
1641515779.765946 ### DEBUG: Ticks: 1424, 15, 0 
1641515779.766202 1640050021 c0:98:e5:42:00:29 259 
1641515779.766357 -169 -155 -151 -149 -140 -118 -107 -106 -102 -101 -101 -92 -80 -66 -62 
1641515779.766514 -51 -49 -43 -37 -32 -22 -16 -14 -8 30 34 73 77 92 125 
1641515780.521617 ### RSSI: -50, 7, 1640050022 ,1436 
1641515780.757705 ### DEBUG: Ticks: 1440, 16, 0 
1641515780.757964 1640050022 c0:98:e5:42:00:29 239 
1641515780.758120 -376 -331 -321 -321 -304 -297 -286 -283 -272 -271 -267 -261 -250 -247 -240 
1641515780.758281 -230 -220 -215 -208 -207 -194 -193 -186 -179 -178 -162 -161 -125 -124 -95 
1641515781.524359 ### RSSI: -51, 15, 1640050022 ,1452 
1641515781.755642 ### DEBUG: Ticks: 1456, 16, 0 
1641515781.766681 1640050023 c0:98:e5:42:00:29 231 
1641515781.766905 -297 -297 -248 -240 -238 -236 -232 -232 -231 -229 -215 -208 -203 -196 -189 
1641515781.767101 -189 -164 -161 -159 -144 -137 -117 -103 -101 -89 -88 -84 -54 -47 -22 
1641515782.523135 ### RSSI: -52, 16, 1640050023 ,1467 
1641515782.756978 ### DEBUG: Ticks: 1471, 15, 0 
1641515782.757220 1640050024 c0:98:e5:42:00:29 276 
1641515782.769197 -416 -408 -403 -392 -365 -365 -357 -342 -340 -339 -335 -333 -332 -324 -319 
1641515782.769409 -308 -307 -296 -292 -273 -263 -261 -260 -255 -233 -231 -218 -214 -177 -161 
1641515783.523654 ### RSSI: -55, 36, 1640050024 ,1483 
1641515783.766118 ### DEBUG: Ticks: 1487, 16, 0 
1641515783.766403 1640050025 c0:98:e5:42:00:29 224 
1641515783.766586 -421 -381 -377 -359 -350 -343 -338 -328 -313 -302 -297 -296 -288 -267 -262 
1641515783.766775 -258 -253 -246 -245 -242 -241 -234 -221 -213 -208 -202 -199 -196 -156 -151 
1641515784.496082 ### INFO: Device is now STATIONARY
1641515784.517358 ### RSSI: -53, 3, 1640050025 ,1499 
1641515784.574137 ### INFO: Device is now IN MOTION
1641515784.762197 ### DEBUG: Ticks: 1502, 15, 0 
1641515784.762488 1640050026 c0:98:e5:42:00:29 225 
1641515784.762643 -425 -387 -382 -357 -344 -335 -331 -329 -308 -307 -302 -296 -290 -290 -286 
1641515784.762836 -279 -271 -261 -259 -254 -251 -238 -227 -225 -212 -209 -147 -144 -143 -136 
1641515785.516757 ### RSSI: -49, 16, 1640050026 ,1514 
1641515785.762672 ### DEBUG: Ticks: 1518, 16, 0 
1641515785.762888 1640050027 c0:98:e5:42:00:29 238 
1641515785.763032 -292 -291 -266 -258 -248 -242 -240 -237 -233 -228 -226 -224 -206 -196 -190 
1641515785.763165 -189 -188 -184 -175 -170 -120 -118 -106 -105 -96 -92 -92 -50 -20 -5 
1641515786.514076 ### RSSI: -52, 7, 1640050028 ,1530 
1641515786.759827 ### ERROR: Failed reading SquarePoint packet length
1641515787.149681 ### INFO: Device is now STATIONARY
1641515787.513585 ### RSSI: -57, 35, 1640050029 ,1546 
1641515788.521467 ### RSSI: -52, 7, 1640050030 ,1561 
1641515788.764722 ### DEBUG: Ticks: 1565, 47, 0 
1641515788.765028 1640050030 c0:98:e5:42:00:29 286 
1641515788.765250 -408 -354 -337 -319 -318 -309 -294 -280 -263 -261 -261 -255 -254 -247 -244 
1641515788.765435 -237 -231 -231 -224 -217 -204 -203 -182 -159 -155 -150 -145 -135 -101 -99 
