1640981412.606369 ###RTT Client: ************************************************************ 
1640981412.606523 ###RTT Client: *               SEGGER Microcontroller GmbH                * 
1640981412.606566 ###RTT Client: *   Solutions for real time microcontroller applications   * 
1640981412.606606 ###RTT Client: ************************************************************ 
1640981412.606646 ###RTT Client: *                                                          * 
1640981412.606686 ###RTT Client: *       (c) 2012 - 2016  SEGGER Microcontroller GmbH       * 
1640981412.606732 ###RTT Client: *                                                          * 
1640981412.606907 ###RTT Client: *     www.segger.com     Support: support@segger.com       * 
1640981412.606998 ###RTT Client: *                                                          * 
1640981412.607039 ###RTT Client: ************************************************************ 
1640981412.607080 ###RTT Client: *                                                          * 
1640981412.607120 ###RTT Client: * SEGGER J-Link RTT Client   Compiled Jan 30 2018 18:46:58 * 
1640981412.607160 ###RTT Client: *                                                          * 
1640981412.607200 ###RTT Client: ************************************************************ 
1640981412.607240 
1640981412.607280 ###RTT Client: -----------------------------------------------
1640981412.607319 ###RTT Client: Connecting to J-Link RTT Server via localhost:9201  Connected.
1640981432.573560 SEGGER J-Link V6.30 - Real time terminal output
1640981432.573664 J-Link EDU Mini V1 compiled Oct 22 2019 16:28:45 V1.0, SN=801021855
1640981432.573705 Process: JLinkExe
1640981433.007442 ### DEBUG: Ticks: 52, 16, 1 
1640981433.007550 1640049895 c0:98:e5:42:00:2c 284 
1640981433.007596 462 480 491 502 505 506 511 513 524 531 532 535 537 539 545 
1640981433.007635 549 550 555 564 567 587 608 609 611 612 616 618 627 650 751 
1640981433.007675 ### DEBUG: BLE START SCANNING called
1640981433.296806 ### DEBUG: BLE START SCANNING called
1640981433.524926 ### BLE EVENT: 16, INFO: BLE CONNECTED!
1640981433.525024 ### DEBUG: BLE START SCANNING called
1640981433.525064 ### RSSI: -46, 32, 1640049896 ,60 
1640981433.525103 ### DEBUG: BLE START SCANNING called
1640981433.633272 ### RSSI: -46, 5, 1640049896 ,61 
1640981433.633360 ### DEBUG: BLE START SCANNING called
1640981433.732453 ### RSSI: -47, 13, 1640049896 ,63 
1640981433.732562 ### DEBUG: BLE START SCANNING called
1640981433.829510 ### RSSI: -47, 31, 1640049896 ,64 
1640981433.829601 ### DEBUG: BLE START SCANNING called
1640981433.926809 ### RSSI: -47, 33, 1640049896 ,66 
1640981433.926902 ### DEBUG: BLE START SCANNING called
1640981434.005535 ### DEBUG: Ticks: 67, 15, 1 
1640981434.005619 1640049896 c0:98:e5:42:00:2c 290 
1640981434.005663 439 475 509 511 512 512 515 528 545 548 551 558 562 567 580 
1640981434.005703 582 584 584 598 600 604 628 630 632 640 643 643 644 677 727 
1640981434.016041 ### DEBUG: BLE START SCANNING called
1640981434.027518 ### RSSI: -47, 2, 1640049896 ,68 
1640981434.027578 ### DEBUG: BLE START SCANNING called
1640981434.125110 ### RSSI: -47, 28, 1640049896 ,69 
1640981434.125193 ### DEBUG: BLE START SCANNING called
1640981434.232972 ### RSSI: -46, 22, 1640049896 ,71 
1640981434.233059 ### DEBUG: BLE START SCANNING called
1640981434.298104 ### DEBUG: BLE START SCANNING called
1640981434.330850 ### RSSI: -46, 8, 1640049896 ,72 
1640981434.330939 ### DEBUG: BLE START SCANNING called
1640981434.428541 ### RSSI: -47, 35, 1640049896 ,74 
1640981434.428628 ### DEBUG: BLE START SCANNING called
1640981434.525923 ### RSSI: -47, 17, 1640049897 ,75 
1640981434.526016 ### DEBUG: BLE START SCANNING called
1640981434.624165 ### RSSI: -46, 5, 1640049897 ,77 
1640981434.624262 ### DEBUG: BLE START SCANNING called
1640981434.733274 ### RSSI: -46, 30, 1640049897 ,79 
1640981434.733379 ### DEBUG: BLE START SCANNING called
1640981434.831870 ### RSSI: -47, 6, 1640049897 ,80 
1640981434.831960 ### DEBUG: BLE START SCANNING called
1640981434.928714 ### RSSI: -46, 23, 1640049897 ,82 
1640981434.928812 ### DEBUG: BLE START SCANNING called
1640981435.006408 ### DEBUG: Ticks: 83, 16, 1 
1640981435.006509 1640049897 c0:98:e5:42:00:2c 323 
1640981435.006551 533 543 575 578 584 603 608 622 623 626 631 639 640 645 647 
1640981435.006595 649 652 654 657 662 662 675 689 706 712 725 734 756 814 0 
1640981435.006634 ### DEBUG: BLE START SCANNING called
1640981435.029052 ### RSSI: -46, 9, 1640049897 ,83 
1640981435.029153 ### DEBUG: BLE START SCANNING called
1640981435.125849 ### RSSI: -50, 14, 1640049897 ,85 
1640981435.126035 ### DEBUG: BLE START SCANNING called
1640981435.293024 ### DEBUG: BLE START SCANNING called
1640981436.009810 ### DEBUG: Ticks: 99, 16, 1 
1640981436.009927 1640049898 c0:98:e5:42:00:2c 327 
1640981436.009978 511 515 535 538 543 545 550 554 558 576 578 586 592 594 594 
1640981436.010026 596 605 606 608 618 626 633 641 651 659 660 663 672 692 708 
1640981436.010077 ### DEBUG: BLE START SCANNING called
1640981436.123208 ### RSSI: -48, 16, 1640049898 ,100 
1640981436.133562 ### DEBUG: BLE START SCANNING called
1640981437.012416 ### DEBUG: Ticks: 114, 15, 1 
1640981437.012525 1640049899 c0:98:e5:42:00:2c 317 
1640981437.012567 482 501 505 506 511 515 516 528 531 545 547 549 551 570 572 
1640981437.012615 572 577 580 599 603 605 607 613 639 639 642 646 648 651 716 
1640981437.127377 ### RSSI: -49, 20, 1640049899 ,116 
1640981437.935739 ### INFO: Device is now IN MOTION
1640981438.005029 ### DEBUG: Ticks: 130, 16, 1 
1640981438.005156 1640049900 c0:98:e5:42:00:2c 420 
1640981438.005206 506 547 550 554 573 588 606 630 630 637 644 647 648 655 655 
1640981438.017346 665 695 697 721 729 729 732 740 781 786 791 814 865 876 890 
1640981438.129309 ### RSSI: -45, 8, 1640049900 ,132 
1640981439.013050 ### DEBUG: Ticks: 145, 15, 1 
1640981439.013178 1640049901 c0:98:e5:42:00:2c 345 
1640981439.013236 522 535 548 563 567 580 592 595 600 606 612 613 615 615 616 
1640981439.013283 618 618 620 622 625 627 631 633 634 643 649 658 668 766 793 
1640981439.125143 ### RSSI: -51, 35, 1640049901 ,147 
1640981440.012658 ### DEBUG: Ticks: 161, 16, 1 
1640981440.012764 1640049902 c0:98:e5:42:00:2c 305 
1640981440.012805 512 561 566 574 584 585 591 597 599 600 600 601 603 605 607 
1640981440.012845 613 615 620 625 628 630 634 639 639 640 640 651 661 686 716 
1640981440.125065 ### RSSI: -54, 35, 1640049902 ,163 
1640981441.014492 ### DEBUG: Ticks: 177, 16, 1 
1640981441.014593 1640049903 c0:98:e5:42:00:2c 792 
1640981441.014638 917 980 991 1004 1005 1007 1011 1017 1018 1018 1019 1020 1022 1030 1031 
1640981441.014678 1032 1039 1044 1047 1048 1054 1055 1056 1059 1059 1075 1075 1100 1116 1228 
1640981441.127325 ### RSSI: -57, 29, 1640049903 ,179 
1640981442.006756 ### DEBUG: Ticks: 192, 15, 1 
1640981442.006863 1640049904 c0:98:e5:42:00:2c 1442 
1640981442.006909 1666 1713 1733 1736 1739 1742 1743 1744 1747 1748 1750 1752 1752 1753 1756 
1640981442.006949 1769 1770 1771 1776 1777 1789 1793 1803 1805 1805 1806 1806 1836 1956 1957 
1640981442.136451 ### RSSI: -60, 5, 1640049904 ,194 
1640981443.008366 ### DEBUG: Ticks: 208, 16, 1 
1640981443.008478 1640049905 c0:98:e5:42:00:2c 2599 
1640981443.008528 2813 2863 2874 2878 2880 2889 2892 2893 2899 2902 2906 2908 2920 2921 2929 
1640981443.008576 2934 2935 2937 2940 2940 2942 2942 2950 2954 2956 2963 2975 2978 2994 3111 
1640981443.131693 ### RSSI: -61, 7, 1640049906 ,210 
1640981444.011004 ### DEBUG: Ticks: 223, 15, 1 
1640981444.011112 1640049906 c0:98:e5:42:00:2c 3773 
1640981444.011159 3984 3989 3989 3993 4003 4007 4017 4022 4029 4033 4035 4037 4040 4042 4044 
1640981444.011208 4046 4047 4049 4050 4057 4058 4060 4065 4083 4084 4111 4116 4118 4145 4243 
1640981444.129560 ### RSSI: -78, 5, 1640049907 ,225 
1640981445.012561 ### DEBUG: Ticks: 239, 16, 1 
1640981445.012678 1640049907 c0:98:e5:42:00:2c 4932 
1640981445.012721 5206 5207 5208 5210 5214 5219 5220 5220 5229 5234 5243 5246 5255 5256 5261 
1640981445.012764 5263 5266 5271 5273 5275 5282 5285 5289 5289 5292 5305 5312 5326 5394 5429 
1640981445.125538 ### RSSI: -66, 19, 1640049908 ,241 
1640981484.022194 
1640981484.022981 ----------------------------------------------
1640981484.023433 ### WARNING: Chip experienced a reset with reason 1
1640981484.023505 ### INFO: Bluetooth address: c0:98:e5:42:00:29
1640981484.023559 ### DEBUG: Time is 00:00:00, 2000/00/00
1640981484.023621 ### INFO: Time is 00:00:00, 2000/00/00
1640981484.023674 ### INFO: Initializing SD Card...
1640981484.023727 ### INFO: Connecting to the SquarePoint module...
1640981484.023776 ### INFO: SquarePoint module connection successful
1640981484.023828 ### INFO: Battery voltage currently 4053 mV
1640981484.023880 ### INFO: SD card flushed!
1640981484.023938 ### INFO: SD card flushed!
1640981484.023990 ### DEBUG: BLE START SCANNING called
1640981484.024042 ### DEBUG: Ticks: 24, 24, 0 
1640981484.024094 1640049946 c0:98:e5:42:00:2c 5522 
1640981484.024150 5718 5742 5747 5758 5763 5772 5780 5783 5785 5787 5790 5791 5798 5799 5805 
1640981484.024204 5816 5818 5818 5824 5834 5840 5849 5866 5879 5892 5916 5919 5930 5942 6073 
1640981484.024267 ### INFO: Switched Scheduler EUI from 00:00:00:00:00:00 to c0:98:e5:42:00:2c
1640981484.024317 ### DEBUG: BLE STOP SCANNING called
1640981484.024366 ### DEBUG: BLE START SCANNING called
1640981484.024421 ### DEBUG: Ticks: 40, 16, 0 
1640981484.024475 1640049947 c0:98:e5:42:00:2c 5401 
1640981484.024530 5635 5635 5637 5653 5665 5674 5681 5697 5702 5707 5709 5709 5709 5712 5721 
1640981484.025420 5725 5726 5726 5729 5732 5733 5739 5752 5761 5761 5768 5773 5796 5820 5995 
1640981484.025471 ### addr: c0:98:e5:42:00:2c 
1640981484.025511 ### on_adv_report outer RSSI: -74, time:1640049947 
1640981484.025554 ### INFO: Discovered new device: c0:98:e5:42:00:2c
1640981484.025594 ### DEBUG: connected? already connected
1640981484.025639 ### DEBUG: BLE START SCANNING called
1640981484.025692 ### BLE EVENT: 16, INFO: BLE CONNECTED!
1640981484.025764 ### DEBUG: BLE START SCANNING called
1640981484.025805 ### RSSI: -75, 18, 1640049947 ,43 
1640981484.025847 ### DEBUG: BLE START SCANNING called
1640981484.025886 ### RSSI: -70, 8, 1640049947 ,44 
1640981484.032999 ### DEBUG: BLE START SCANNING called
1640981484.120796 ### RSSI: -69, 19, 1640049948 ,46 
1640981484.120907 ### DEBUG: BLE START SCANNING called
1640981484.219595 ### RSSI: -81, 32, 1640049948 ,48 
1640981484.219715 ### DEBUG: BLE START SCANNING called
1640981484.317797 ### RSSI: -68, 4, 1640049948 ,49 
1640981484.317926 ### DEBUG: BLE START SCANNING called
1640981484.417014 ### RSSI: -71, 0, 1640049948 ,51 
1640981484.417155 ### DEBUG: BLE START SCANNING called
1640981484.515168 ### RSSI: -67, 20, 1640049948 ,52 
1640981484.515277 ### DEBUG: BLE START SCANNING called
1640981484.615515 ### RSSI: -85, 28, 1640049948 ,54 
1640981484.615621 ### DEBUG: BLE START SCANNING called
1640981484.715613 ### RSSI: -72, 9, 1640049948 ,55 
1640981484.715730 ### DEBUG: BLE START SCANNING called
1640981484.728569 ### DEBUG: Ticks: 56, 16, 1 
1640981484.728676 1640049948 c0:98:e5:42:00:2c 5389 
1640981484.728718 5603 5615 5621 5634 5654 5655 5655 5673 5677 5681 5685 5687 5687 5694 5697 
1640981484.728767 5701 5701 5704 5706 5718 5727 5728 5733 5735 5737 5752 5758 5760 5763 5777 
1640981484.728918 ### DEBUG: BLE START SCANNING called
1640981484.760806 ### DEBUG: BLE START SCANNING called
1640981484.816327 ### RSSI: -60, 30, 1640049948 ,57 
1640981484.816433 ### DEBUG: BLE START SCANNING called
1640981484.918306 ### RSSI: -72, 4, 1640049948 ,59 
1640981484.918414 ### DEBUG: BLE START SCANNING called
1640981485.116017 ### RSSI: -69, 19, 1640049949 ,62 
1640981485.116126 ### DEBUG: BLE START SCANNING called
1640981485.215857 ### RSSI: -72, 0, 1640049949 ,63 
1640981485.216002 ### DEBUG: BLE START SCANNING called
1640981485.317356 ### RSSI: -75, 9, 1640049949 ,65 
1640981485.317466 ### DEBUG: BLE START SCANNING called
1640981485.418107 ### RSSI: -77, 26, 1640049949 ,66 
1640981485.418205 ### DEBUG: BLE START SCANNING called
1640981485.624759 ### RSSI: -76, 32, 1640049949 ,69 
1640981485.624866 ### DEBUG: BLE START SCANNING called
1640981485.715835 ### RSSI: -68, 4, 1640049949 ,71 
1640981485.715947 ### DEBUG: BLE START SCANNING called
1640981485.727683 ### DEBUG: Ticks: 71, 15, 1 
1640981485.727811 1640049949 c0:98:e5:42:00:2c 5418 
1640981485.727864 5619 5638 5645 5645 5651 5657 5660 5660 5671 5674 5686 5697 5700 5704 5710 
1640981485.727920 5722 5724 5727 5729 5737 5739 5749 5751 5756 5765 5769 5778 5828 5848 5975 
1640981485.739351 ### DEBUG: BLE START SCANNING called
1640981485.760745 ### DEBUG: BLE START SCANNING called
1640981486.719381 ### RSSI: -73, 0, 1640049950 ,87 
1640981486.719591 ### DEBUG: BLE START SCANNING called
1640981486.729724 ### DEBUG: Ticks: 87, 16, 1 
1640981486.729888 1640049950 c0:98:e5:42:00:2c 5383 
1640981486.729939 5547 5557 5575 5575 5579 5579 5584 5592 5599 5625 5625 5643 5649 5650 5658 
1640981486.729988 5660 5663 5669 5670 5684 5685 5687 5689 5705 5728 5733 5776 5794 5804 6030 
1640981486.730037 ### DEBUG: BLE START SCANNING called
1640981486.762676 ### DEBUG: BLE START SCANNING called
1640981487.719304 ### RSSI: -66, 20, 1640049951 ,102 
1640981487.719413 ### DEBUG: BLE START SCANNING called
1640981487.730634 ### DEBUG: Ticks: 102, 15, 1 
1640981487.730754 1640049951 c0:98:e5:42:00:2c 5293 
1640981487.730795 5519 5520 5524 5545 5551 5558 5584 5585 5588 5599 5612 5614 5620 5620 5624 
1640981487.730835 5628 5628 5632 5633 5636 5650 5652 5656 5659 5667 5708 5743 5773 5782 5939 
1640981487.730878 ### DEBUG: BLE START SCANNING called
1640981488.720081 ### RSSI: -62, 30, 1640049952 ,118 
1640981488.730682 ### DEBUG: Ticks: 118, 16, 1 
1640981488.730808 1640049952 c0:98:e5:42:00:2c 5174 
1640981488.730858 5370 5384 5388 5393 5409 5413 5415 5420 5426 5426 5433 5438 5446 5453 5457 
1640981488.730916 5464 5466 5468 5473 5474 5474 5479 5481 5482 5505 5506 5513 5531 5631 5654 
1640981489.713958 ### RSSI: -66, 19, 1640049953 ,134 
1640981489.728359 ### DEBUG: Ticks: 134, 16, 1 
1640981489.728476 1640049953 c0:98:e5:42:00:2c 5173 
1640981489.728526 5382 5400 5416 5424 5425 5431 5439 5442 5445 5449 5453 5454 5459 5462 5470 
1640981489.739131 5473 5477 5478 5486 5490 5490 5496 5500 5502 5512 5513 5526 5588 5653 5764 
1640981490.716093 ### RSSI: -63, 26, 1640049954 ,149 
1640981490.728874 ### DEBUG: Ticks: 149, 15, 1 
1640981490.728987 1640049954 c0:98:e5:42:00:2c 4940 
1640981490.729041 5151 5203 5205 5206 5207 5214 5214 5214 5218 5218 5219 5220 5222 5225 5231 
1640981490.729089 5234 5238 5239 5241 5244 5252 5256 5259 5266 5269 5283 5287 5293 5297 5433 
1640981491.715214 ### RSSI: -74, 18, 1640049956 ,165 
1640981491.727141 ### DEBUG: Ticks: 165, 16, 1 
1640981491.727263 1640049955 c0:98:e5:42:00:2c 4881 
1640981491.727314 5020 5045 5079 5079 5082 5091 5107 5115 5121 5124 5132 5142 5150 5157 5158 
1640981491.727367 5160 5164 5164 5167 5170 5171 5182 5196 5199 5216 5216 5221 5255 5263 5276 
1640981492.717658 ### RSSI: -63, 16, 1640049956 ,180 
1640981492.730305 ### DEBUG: Ticks: 181, 16, 1 
1640981492.730423 1640049956 c0:98:e5:42:00:2c 4540 
1640981492.730483 4685 4735 4740 4748 4774 4782 4783 4789 4795 4796 4797 4802 4803 4816 4817 
1640981492.730546 4820 4831 4846 4848 4853 4859 4861 4879 4891 4908 4915 4917 5089 5169 5195 
1640981493.720296 ### RSSI: -61, 7, 1640049957 ,196 
1640981493.732169 ### DEBUG: Ticks: 196, 15, 1 
1640981493.732288 1640049957 c0:98:e5:42:00:2c 4035 
1640981493.732342 4144 4170 4173 4209 4211 4213 4235 4238 4243 4243 4254 4255 4258 4271 4272 
1640981493.732404 4272 4273 4275 4278 4290 4297 4298 4322 4326 4330 4362 4366 4378 4394 4446 
1640981494.715789 ### RSSI: -64, 30, 1640049958 ,212 
1640981494.727964 ### DEBUG: Ticks: 212, 16, 1 
1640981494.728092 1640049958 c0:98:e5:42:00:2c 3277 
1640981494.728143 3497 3511 3518 3524 3528 3545 3556 3559 3560 3569 3577 3583 3588 3594 3597 
1640981494.728191 3600 3600 3601 3607 3613 3617 3633 3633 3644 3659 3666 3678 3696 3857 4272 
1640981495.723414 ### RSSI: -81, 16, 1640049959 ,227 
1640981495.734711 ### DEBUG: Ticks: 227, 15, 1 
1640981495.734845 1640049959 c0:98:e5:42:00:2c 2553 
1640981495.734904 2736 2776 2789 2791 2794 2795 2796 2799 2810 2813 2819 2838 2842 2844 2845 
1640981495.734998 2846 2848 2857 2863 2871 2872 2874 2878 2896 2900 2902 2943 2960 2969 3032 
1640981496.723049 ### RSSI: -63, 20, 1640049960 ,243 
1640981496.734643 ### DEBUG: Ticks: 243, 16, 1 
1640981496.734764 1640049960 c0:98:e5:42:00:2c 2070 
1640981496.734815 2230 2232 2256 2262 2273 2285 2297 2299 2300 2301 2306 2312 2316 2318 2320 
1640981496.734864 2322 2324 2334 2336 2339 2351 2359 2379 2382 2383 2396 2400 2410 2447 2624 
1640981497.719213 ### RSSI: -73, 7, 1640049961 ,258 
1640981497.730239 ### DEBUG: Ticks: 259, 16, 1 
1640981497.730345 1640049961 c0:98:e5:42:00:2c 1531 
1640981497.730392 1725 1759 1786 1788 1789 1804 1805 1808 1815 1816 1817 1820 1830 1834 1838 
1640981497.730442 1843 1844 1846 1850 1852 1855 1860 1866 1880 1895 1924 1938 1946 1953 1994 
1640981498.720298 ### RSSI: -65, 4, 1640049962 ,274 
1640981498.731585 ### DEBUG: Ticks: 274, 15, 1 
1640981498.731710 1640049962 c0:98:e5:42:00:2c 1480 
1640981498.731762 1758 1766 1771 1774 1779 1788 1790 1791 1792 1795 1808 1808 1813 1813 1826 
1640981498.731816 1831 1833 1845 1858 1868 1874 1877 1881 1895 1898 1902 1971 2040 2063 2134 
1640981499.713633 ### RSSI: -58, 6, 1640049963 ,290 
1640981499.727782 ### DEBUG: Ticks: 290, 16, 1 
1640981499.727900 1640049963 c0:98:e5:42:00:2c 1378 
1640981499.739507 1517 1554 1572 1574 1581 1587 1589 1589 1598 1600 1603 1604 1604 1612 1613 
1640981499.739669 1618 1629 1640 1642 1645 1647 1654 1658 1659 1663 1719 1732 1743 1787 1839 
1640981500.714530 ### RSSI: -70, 11, 1640049964 ,305 
1640981500.736612 ### DEBUG: Ticks: 306, 16, 1 
1640981500.736722 1640049964 c0:98:e5:42:00:2c 1566 
1640981500.736768 1679 1708 1712 1719 1725 1731 1733 1735 1741 1746 1777 1780 1783 1785 1785 
1640981500.736818 1795 1797 1797 1798 1804 1814 1818 1826 1827 1847 1867 1939 1946 0 0 
1640981501.723076 ### RSSI: -53, 7, 1640049965 ,321 
1640981501.734363 ### DEBUG: Ticks: 321, 15, 1 
1640981501.734485 1640049965 c0:98:e5:42:00:2c 1853 
1640981501.734527 1997 1997 2017 2017 2024 2037 2040 2044 2056 2060 2085 2087 2094 2094 2099 
1640981501.734571 2102 2106 2109 2118 2128 2130 2133 2135 2137 2156 2157 2160 2161 2169 2347 
1640981502.715314 ### RSSI: -73, 32, 1640049966 ,337 
1640981502.727864 ### DEBUG: Ticks: 337, 16, 1 
1640981502.727970 1640049966 c0:98:e5:42:00:2c 2121 
1640981502.728015 2284 2293 2309 2335 2340 2352 2356 2363 2366 2370 2375 2380 2382 2384 2396 
1640981502.728054 2398 2399 2408 2410 2410 2413 2422 2434 2436 2438 2438 2445 2457 2502 2572 
1640981503.719288 ### RSSI: -67, 23, 1640049967 ,352 
1640981503.730607 ### DEBUG: Ticks: 352, 15, 1 
1640981503.730722 1640049967 c0:98:e5:42:00:2c 2181 
1640981503.730768 2293 2359 2371 2379 2385 2390 2395 2397 2400 2401 2410 2413 2413 2414 2436 
1640981503.730814 2440 2452 2462 2469 2472 2475 2478 2480 2484 2488 2489 2503 2503 2504 2508 
1640981504.722826 ### RSSI: -52, 11, 1640049968 ,368 
1640981504.734059 ### DEBUG: Ticks: 368, 16, 1 
1640981504.734164 1640049968 c0:98:e5:42:00:2c 1966 
1640981504.734214 2089 2126 2145 2157 2163 2175 2177 2185 2193 2198 2219 2227 2231 2233 2235 
1640981504.734274 2237 2240 2240 2251 2259 2268 2271 2284 2286 2294 2296 2299 2313 2313 2452 
1640981505.721154 ### RSSI: -55, 29, 1640049969 ,383 
1640981505.731879 ### DEBUG: Ticks: 384, 16, 1 
1640981505.731998 1640049969 c0:98:e5:42:00:2c 2013 
1640981505.732053 2200 2203 2208 2212 2216 2220 2237 2246 2256 2259 2262 2265 2265 2271 2282 
1640981505.732102 2283 2289 2289 2291 2291 2311 2312 2316 2320 2357 2369 2407 2487 2497 2573 
1640981506.712941 ### RSSI: -63, 7, 1640049970 ,399 
1640981506.736046 ### DEBUG: Ticks: 399, 15, 1 
1640981506.736151 1640049970 c0:98:e5:42:00:2c 1827 
1640981506.736192 2050 2056 2078 2089 2090 2102 2105 2107 2109 2116 2123 2127 2128 2129 2132 
1640981506.736237 2135 2136 2157 2170 2177 2180 2181 2201 2229 2233 2253 2361 2373 2377 2465 
1640981507.719358 ### RSSI: -61, 33, 1640049971 ,415 
1640981507.731455 ### DEBUG: Ticks: 415, 16, 1 
1640981507.731566 1640049971 c0:98:e5:42:00:2c 1867 
1640981507.731620 2073 2092 2098 2115 2117 2127 2133 2136 2144 2151 2151 2154 2163 2176 2177 
1640981507.731668 2179 2182 2184 2197 2198 2198 2202 2243 2248 2251 2269 2283 2313 2315 2432 
1640981508.714544 ### RSSI: -67, 22, 1640049972 ,430 
1640981508.725639 ### DEBUG: Ticks: 430, 15, 1 
1640981508.737717 1640049972 c0:98:e5:42:00:2c 1928 
1640981508.737917 2099 2108 2124 2127 2131 2134 2145 2146 2147 2166 2173 2182 2184 2192 2202 
1640981508.737970 2204 2208 2228 2229 2235 2244 2252 2261 2278 2288 2293 2308 2341 2349 2435 
1640981509.720626 ### RSSI: -61, 15, 1640049973 ,446 
1640981509.732855 ### DEBUG: Ticks: 446, 16, 1 
1640981509.732974 1640049973 c0:98:e5:42:00:2c 2122 
1640981509.733026 2303 2305 2306 2320 2329 2338 2340 2341 2348 2351 2356 2359 2360 2361 2362 
1640981509.733087 2365 2368 2369 2374 2380 2381 2390 2394 2398 2436 2448 2478 2508 2621 2653 
1640981510.722638 ### RSSI: -67, 8, 1640049974 ,462 
1640981510.735159 ### DEBUG: Ticks: 462, 16, 1 
1640981510.735272 1640049974 c0:98:e5:42:00:2c 2487 
1640981510.735326 2699 2700 2721 2722 2736 2736 2737 2746 2749 2754 2775 2777 2780 2782 2786 
1640981510.735375 2794 2795 2797 2798 2798 2811 2816 2816 2819 2822 2824 2835 2840 2945 3035 
1640981511.721960 ### RSSI: -70, 6, 1640049975 ,477 
1640981511.733140 ### DEBUG: Ticks: 477, 15, 1 
1640981511.733251 1640049975 c0:98:e5:42:00:2c 3033 
1640981511.733303 3275 3276 3285 3288 3291 3293 3307 3313 3313 3322 3325 3326 3341 3343 3344 
1640981511.733361 3345 3346 3353 3354 3357 3361 3367 3378 3379 3387 3393 3394 3401 3409 3448 
1640981512.714979 ### RSSI: -62, 34, 1640049976 ,493 
1640981512.728423 ### DEBUG: Ticks: 493, 16, 1 
1640981512.728531 1640049976 c0:98:e5:42:00:2c 3647 
1640981512.728588 3846 3857 3859 3873 3873 3874 3894 3900 3902 3904 3913 3915 3920 3922 3925 
1640981512.741602 3927 3928 3930 3932 3936 3939 3940 3943 3948 3959 3965 3971 3976 3978 4010 
1640981513.721976 ### RSSI: -63, 28, 1640049977 ,508 
1640981513.735426 ### DEBUG: Ticks: 509, 16, 1 
1640981513.735545 1640049977 c0:98:e5:42:00:2c 4071 
1640981513.735606 4249 4283 4284 4290 4290 4291 4297 4300 4306 4309 4317 4317 4320 4321 4322 
1640981513.735660 4324 4325 4334 4336 4353 4361 4370 4371 4372 4376 4380 4381 4388 4412 4425 
1640981514.713555 ### RSSI: -77, 0, 1640049978 ,524 
1640981514.725278 ### DEBUG: Ticks: 524, 15, 1 
1640981514.736071 1640049978 c0:98:e5:42:00:2c 4623 
1640981514.736174 4884 4899 4905 4918 4921 4927 4932 4938 4940 4946 4951 4952 4952 4958 4970 
1640981514.736216 4973 4977 5003 5016 5018 5018 5032 5043 5044 5044 5046 5054 5060 5166 5220 
1640981515.719886 ### RSSI: -70, 11, 1640049980 ,540 
1640981515.730849 ### DEBUG: Ticks: 540, 16, 1 
1640981515.730967 1640049979 c0:98:e5:42:00:2c 5147 
1640981515.731017 5348 5378 5392 5393 5395 5410 5413 5427 5429 5431 5434 5434 5436 5437 5437 
1640981515.731071 5437 5442 5450 5461 5468 5470 5485 5487 5488 5494 5513 5530 5557 5564 5710 
1640981516.717993 ### RSSI: -72, 9, 1640049980 ,555 
1640981517.767749 
1640981517.767858 ----------------------------------------------
1640981517.767909 ### WARNING: Chip experienced a reset with reason 2
1640981518.021439 ### INFO: Bluetooth address: c0:98:e5:42:00:29
1640981518.021554 ### DEBUG: Time is 00:00:00, 2000/00/00
1640981518.021604 ### INFO: Time is 00:00:00, 2000/00/00
1640981518.120571 ### INFO: Initializing SD Card...
1640981518.393167 ### INFO: Connecting to the SquarePoint module...
1640981518.393294 ### INFO: SquarePoint module connection successful
1640981518.393358 ### INFO: Battery voltage currently 4070 mV
1640981518.490761 ### INFO: SD card flushed!
1640981518.514517 ### INFO: SD card flushed!
1640981518.514641 ### DEBUG: BLE START SCANNING called
1640981518.728767 ### DEBUG: Ticks: 15, 15, 0 
1640981518.728869 1640049982 c0:98:e5:42:00:2c 5462 
1640981518.728911 5652 5661 5684 5686 5693 5709 5711 5712 5724 5733 5750 5751 5762 5768 5775 
1640981518.728955 5775 5778 5779 5781 5784 5790 5795 5804 5812 5812 5826 5826 5835 5835 5986 
1640981518.741313 ### INFO: Switched Scheduler EUI from 00:00:00:00:00:00 to c0:98:e5:42:00:2c
1640981518.741431 ### DEBUG: BLE STOP SCANNING called
1640981519.389102 ### DEBUG: BLE START SCANNING called
1640981519.734038 ### DEBUG: Ticks: 30, 15, 0 
1640981519.734162 1640049983 c0:98:e5:42:00:2c 5485 
1640981519.734210 5616 5623 5628 5652 5683 5719 5722 5723 5723 5725 5725 5730 5736 5741 5747 
1640981519.734251 5764 5766 5782 5783 5795 5796 5797 5800 5808 5813 5829 5832 5889 5894 5912 
1640981520.503197 ### DEBUG: BLE START SCANNING called
1640981520.535832 ### DEBUG: BLE START SCANNING called
1640981520.728630 ### DEBUG: Ticks: 46, 16, 0 
1640981520.728762 1640049984 c0:98:e5:42:00:2c 5612 
1640981520.728813 5808 5815 5816 5827 5831 5832 5863 5873 5876 5882 5898 5907 5907 5908 5927 
1640981520.728863 5937 5940 5942 5944 5956 5962 5966 5967 5969 5972 5978 5997 6025 6055 6110 
1640981521.593799 ### DEBUG: BLE START SCANNING called
1640981521.615588 ### DEBUG: BLE START SCANNING called
1640981521.626649 ### DEBUG: BLE START SCANNING called
1640981521.725437 ### DEBUG: Ticks: 61, 15, 0 
1640981521.737880 1640049985 c0:98:e5:42:00:2c 5482 
1640981521.737980 5675 5720 5753 5753 5754 5758 5776 5776 5783 5788 5793 5796 5799 5801 5806 
1640981521.738025 5809 5811 5811 5842 5844 5846 5851 5851 5862 5883 5885 5907 5939 5939 0 
1640981522.666905 ### DEBUG: BLE START SCANNING called
1640981522.677063 ### DEBUG: BLE START SCANNING called
1640981522.689480 ### addr: c0:98:e5:42:00:2c 
1640981522.689587 ### on_adv_report outer RSSI: -66, time:1640049986 
1640981522.689636 ### INFO: Discovered new device: c0:98:e5:42:00:2c
1640981522.689685 ### DEBUG: connected? already connected
1640981522.689811 ### DEBUG: BLE START SCANNING called
1640981522.733987 ### DEBUG: Ticks: 77, 16, 1 
1640981522.734095 1640049986 c0:98:e5:42:00:2c 5392 
1640981522.734137 5526 5581 5663 5667 5671 5674 5675 5686 5688 5694 5697 5708 5711 5717 5717 
1640981522.734176 5719 5720 5723 5724 5725 5729 5734 5739 5743 5755 5766 5808 5810 5824 5825 
1640981522.734216 ### DEBUG: BLE START SCANNING called
1640981522.734256 ### BLE EVENT: 16, INFO: BLE CONNECTED!
1640981522.734296 ### DEBUG: BLE START SCANNING called
1640981522.734339 ### RSSI: -58, 19, 1640049986 ,77 
1640981522.734378 ### DEBUG: BLE START SCANNING called
1640981522.833405 ### RSSI: -61, 17, 1640049986 ,79 
1640981522.833517 ### DEBUG: BLE START SCANNING called
1640981522.934412 ### RSSI: -63, 15, 1640049986 ,80 
1640981522.934512 ### DEBUG: BLE START SCANNING called
1640981523.035129 ### RSSI: -70, 35, 1640049986 ,82 
1640981523.035240 ### DEBUG: BLE START SCANNING called
1640981523.140009 ### RSSI: -73, 14, 1640049986 ,83 
1640981523.140161 ### DEBUG: BLE START SCANNING called
1640981523.239118 ### RSSI: -68, 18, 1640049986 ,85 
1640981523.239233 ### DEBUG: BLE START SCANNING called
1640981523.337904 ### RSSI: -78, 24, 1640049986 ,87 
1640981523.338006 ### DEBUG: BLE START SCANNING called
1640981523.393670 ### DEBUG: BLE START SCANNING called
1640981523.437133 ### RSSI: -67, 16, 1640049986 ,88 
1640981523.437276 ### DEBUG: BLE START SCANNING called
1640981523.536741 ### RSSI: -73, 16, 1640049987 ,90 
1640981523.536843 ### DEBUG: BLE START SCANNING called
1640981523.635387 ### RSSI: -70, 36, 1640049987 ,91 
1640981523.635488 ### DEBUG: BLE START SCANNING called
1640981523.735698 ### DEBUG: Ticks: 93, 16, 1 
1640981523.735799 1640049987 c0:98:e5:42:00:2c 5006 
1640981523.735845 5047 5092 5101 5103 5105 5124 5135 5158 5163 5164 5182 5187 5189 5190 5192 
1640981523.735885 5203 5205 5205 5209 5214 5230 5232 5238 5263 5280 5299 5330 5368 5430 0 
1640981523.735928 ### DEBUG: BLE START SCANNING called
1640981523.735968 ### RSSI: -64, 32, 1640049987 ,93 
1640981523.736011 ### DEBUG: BLE START SCANNING called
1640981523.836339 ### RSSI: -67, 4, 1640049987 ,94 
1640981523.836438 ### DEBUG: BLE START SCANNING called
1640981523.936265 ### RSSI: -70, 18, 1640049987 ,96 
1640981523.936370 ### DEBUG: BLE START SCANNING called
1640981524.033552 ### RSSI: -64, 36, 1640049987 ,97 
1640981524.033657 ### DEBUG: BLE START SCANNING called
1640981524.132595 ### RSSI: -76, 32, 1640049987 ,99 
1640981524.132713 ### DEBUG: BLE START SCANNING called
1640981524.232795 ### RSSI: -66, 0, 1640049987 ,101 
1640981524.232921 ### DEBUG: BLE START SCANNING called
1640981524.333702 ### RSSI: -72, 15, 1640049987 ,102 
1640981524.333881 ### DEBUG: BLE START SCANNING called
1640981524.735241 ### DEBUG: Ticks: 108, 15, 1 
1640981524.735360 1640049988 c0:98:e5:42:00:2c 4945 
1640981524.735410 5139 5181 5185 5185 5189 5191 5199 5209 5211 5223 5224 5224 5225 5229 5232 
1640981524.735459 5234 5235 5235 5242 5244 5245 5250 5259 5261 5262 5275 5282 5287 5291 5307 
1640981525.330829 ### RSSI: -67, 21, 1640049988 ,118 
1640981525.728225 ### DEBUG: Ticks: 124, 16, 1 
1640981525.728331 1640049989 c0:98:e5:42:00:2c 4772 
1640981525.738958 4969 4977 4990 4995 5004 5007 5010 5011 5011 5020 5032 5039 5039 5040 5046 
1640981525.739067 5056 5061 5064 5064 5071 5078 5078 5079 5080 5082 5102 5106 5106 5110 5165 
1640981526.334493 ### RSSI: -74, 18, 1640049989 ,133 
1640981527.339690 ### RSSI: -67, 30, 1640049990 ,149 
1640981528.331151 ### RSSI: -62, 21, 1640049992 ,165 
1640981528.732912 ### DEBUG: Ticks: 171, 47, 1 
1640981528.733108 1640049992 c0:98:e5:42:00:2c 3234 
1640981528.733159 3369 3371 3402 3449 3471 3477 3479 3488 3496 3511 3512 3513 3516 3517 3518 
1640981528.733207 3521 3522 3527 3537 3553 3554 3556 3558 3561 3565 3574 3593 3603 3631 3664 
1640981529.340718 ### RSSI: -60, 36, 1640049993 ,180 
1640981529.736443 ### DEBUG: Ticks: 186, 15, 1 
1640981529.736567 1640049993 c0:98:e5:42:00:2c 3043 
1640981529.736622 3193 3229 3236 3254 3263 3275 3281 3282 3284 3289 3295 3296 3309 3313 3314 
1640981529.736670 3320 3320 3322 3336 3341 3344 3345 3359 3362 3403 3428 3442 3478 3595 3603 
1640981530.337262 ### RSSI: -65, 6, 1640049994 ,196 
1640981530.727767 ### DEBUG: Ticks: 202, 16, 1 
1640981530.727867 1640049994 c0:98:e5:42:00:2c 2700 
1640981530.740511 2872 2918 2949 2968 2974 2975 2984 2991 2992 2995 3015 3018 3020 3022 3029 
1640981530.740614 3031 3031 3036 3036 3039 3041 3051 3061 3067 3070 3086 3101 3133 3173 3184 
1640981531.334010 ### RSSI: -68, 15, 1640049995 ,211 
1640981531.732242 ### DEBUG: Ticks: 218, 16, 1 
1640981531.732375 1640049995 c0:98:e5:42:00:2c 2300 
1640981531.732435 2545 2549 2552 2556 2561 2567 2581 2586 2587 2587 2589 2593 2595 2605 2609 
1640981531.732509 2613 2625 2634 2634 2635 2638 2642 2646 2656 2663 2694 2710 2723 2805 2859 
1640981532.337853 ### RSSI: -57, 24, 1640049996 ,227 
1640981532.734353 ### DEBUG: Ticks: 233, 15, 1 
1640981532.734457 1640049996 c0:98:e5:42:00:2c 1799 
1640981532.734497 1975 1988 2007 2011 2013 2025 2034 2041 2044 2047 2048 2056 2057 2058 2066 
1640981532.734537 2068 2079 2089 2093 2094 2103 2106 2124 2142 2143 2328 2331 2344 2348 0 
1640981533.332708 ### RSSI: -79, 0, 1640049997 ,243 
1640981533.725583 ### DEBUG: Ticks: 249, 16, 1 
1640981533.737506 1640049997 c0:98:e5:42:00:2c 1393 
1640981533.737612 1591 1597 1598 1607 1610 1613 1637 1638 1648 1654 1657 1663 1669 1685 1685 
1640981533.737653 1689 1692 1693 1693 1700 1701 1706 1710 1717 1721 1729 1758 1849 1894 1954 
1640981534.332942 ### RSSI: -71, 19, 1640049998 ,258 
1640981534.729835 ### DEBUG: Ticks: 264, 15, 1 
1640981534.729957 1640049998 c0:98:e5:42:00:2c 1697 
1640981534.730000 1795 1813 1818 1842 1853 1861 1869 1872 1873 1884 1884 1900 1907 1908 1909 
1640981534.730040 1917 1920 1922 1922 1923 1940 1954 1955 1956 1979 2027 2042 2059 2123 2200 
1640981535.331182 ### RSSI: -60, 24, 1640049999 ,274 
1640981535.729681 ### DEBUG: Ticks: 280, 16, 1 
1640981535.729836 1640049999 c0:98:e5:42:00:2c 2040 
1640981535.729878 2264 2269 2272 2281 2289 2294 2303 2324 2327 2331 2333 2336 2339 2339 2340 
1640981535.729917 2343 2354 2358 2365 2366 2376 2377 2385 2418 2418 2425 2426 2452 2456 2459 
1640981536.333450 ### RSSI: -59, 23, 1640050000 ,290 
1640981536.729832 ### DEBUG: Ticks: 296, 16, 1 
1640981536.729962 1640050000 c0:98:e5:42:00:2c 2422 
1640981536.730015 2570 2620 2634 2638 2647 2647 2649 2649 2650 2657 2662 2672 2676 2686 2688 
1640981536.742299 2689 2690 2690 2693 2695 2702 2708 2709 2713 2728 2733 2738 2744 2762 2789 
1640981537.340508 ### RSSI: -62, 11, 1640050001 ,305 
1640981537.731153 ### DEBUG: Ticks: 311, 15, 1 
1640981537.731272 1640050001 c0:98:e5:42:00:2c 2386 
1640981537.731313 2567 2574 2600 2611 2613 2630 2636 2637 2638 2640 2643 2662 2665 2666 2668 
1640981537.731353 2674 2676 2682 2682 2683 2693 2701 2702 2723 2723 2731 2743 2752 2771 2780 
1640981538.342682 ### RSSI: -64, 20, 1640050002 ,321 
1640981538.733065 ### DEBUG: Ticks: 327, 16, 1 
1640981538.733223 1640050002 c0:98:e5:42:00:2c 2196 
1640981538.733279 2331 2387 2393 2397 2409 2431 2434 2440 2442 2445 2449 2449 2450 2458 2466 
1640981538.733336 2467 2473 2492 2495 2496 2504 2512 2525 2527 2528 2546 2547 2557 2586 0 
1640981539.330748 ### RSSI: -60, 13, 1640050003 ,336 
1640981539.727747 ### DEBUG: Ticks: 343, 16, 1 
1640981539.727860 1640050003 c0:98:e5:42:00:2c 1978 
1640981539.741337 2187 2216 2232 2243 2254 2263 2266 2269 2273 2281 2282 2289 2294 2296 2297 
1640981539.741532 2300 2320 2320 2321 2330 2352 2355 2370 2374 2389 2402 2413 2533 2574 2711 
1640981540.333221 ### RSSI: -54, 25, 1640050004 ,352 
1640981540.732979 ### DEBUG: Ticks: 358, 15, 1 
1640981540.733087 1640050004 c0:98:e5:42:00:2c 1878 
1640981540.733129 2057 2086 2089 2104 2111 2111 2117 2118 2119 2132 2133 2138 2139 2140 2142 
1640981540.733194 2149 2151 2160 2173 2176 2176 2183 2185 2218 2235 2247 2288 2290 2294 2355 
1640981541.331185 ### RSSI: -66, 31, 1640050005 ,368 
1640981541.736116 ### DEBUG: Ticks: 374, 16, 1 
1640981541.736231 1640050005 c0:98:e5:42:00:2c 1969 
1640981541.736280 2095 2111 2139 2185 2186 2192 2199 2203 2206 2209 2219 2223 2234 2241 2249 
1640981541.736329 2252 2259 2261 2262 2270 2282 2293 2296 2298 2334 2348 2372 2374 2382 2395 
1640981542.331683 ### RSSI: -60, 26, 1640050006 ,383 
1640981542.738196 ### DEBUG: Ticks: 389, 15, 1 
1640981542.738323 1640050006 c0:98:e5:42:00:2c 2070 
1640981542.738375 2327 2349 2373 2382 2386 2396 2398 2398 2399 2412 2417 2421 2421 2431 2431 
1640981542.738424 2470 2477 2479 2481 2494 2505 2532 2534 2561 2585 2588 2605 2616 2628 2650 
1640981543.331589 ### RSSI: -69, 15, 1640050007 ,399 
1640981543.726353 ### DEBUG: Ticks: 405, 16, 1 
1640981543.739452 1640050007 c0:98:e5:42:00:2c 2437 
1640981543.739552 2680 2691 2691 2697 2697 2712 2714 2714 2718 2719 2720 2722 2724 2731 2738 
1640981543.739594 2741 2753 2756 2771 2774 2780 2783 2795 2797 2804 2817 2821 2849 2911 2998 
1640981544.336514 ### RSSI: -71, 25, 1640050007 ,414 
1640981544.733031 ### DEBUG: Ticks: 421, 16, 1 
1640981544.733149 1640050008 c0:98:e5:42:00:2c 2934 
1640981544.733199 3108 3153 3181 3182 3185 3198 3199 3199 3203 3208 3211 3216 3216 3218 3218 
1640981544.733248 3223 3225 3227 3228 3230 3236 3236 3238 3278 3280 3281 3283 3343 3460 4270 
1640981545.335587 ### RSSI: -73, 16, 1640050008 ,430 
1640981545.729054 ### DEBUG: Ticks: 436, 15, 1 
1640981545.729162 1640050009 c0:98:e5:42:00:2c 3446 
1640981545.729213 3612 3632 3640 3645 3648 3652 3668 3672 3674 3676 3680 3681 3683 3700 3703 
1640981545.739929 3704 3705 3710 3712 3713 3723 3726 3732 3750 3752 3752 3764 3767 3810 3857 
1640981546.331917 ### RSSI: -59, 21, 1640050009 ,446 
1640981546.728597 ### DEBUG: Ticks: 452, 16, 1 
1640981546.728708 1640050010 c0:98:e5:42:00:2c 3576 
1640981546.739915 3774 3801 3814 3816 3820 3821 3822 3826 3829 3834 3838 3838 3844 3845 3862 
1640981546.740016 3866 3871 3872 3874 3875 3881 3888 3894 3896 3900 3901 3917 3921 3948 4077 
1640981547.332331 ### RSSI: -66, 2, 1640050010 ,461 
1640981547.729566 ### DEBUG: Ticks: 468, 16, 1 
1640981547.729676 1640050011 c0:98:e5:42:00:2c 3738 
1640981547.729717 3879 3919 3970 3981 3983 3989 3990 3991 3991 3992 3995 3997 4001 4004 4008 
1640981547.729795 4013 4021 4022 4035 4045 4051 4062 4063 4063 4074 4080 4090 4093 4228 4371 
1640981548.340016 ### RSSI: -73, 28, 1640050011 ,477 
1640981548.729317 ### DEBUG: Ticks: 483, 15, 1 
1640981548.729420 1640050012 c0:98:e5:42:00:2c 4150 
1640981548.729461 4331 4346 4346 4350 4350 4382 4399 4399 4404 4410 4422 4424 4432 4432 4433 
1640981548.740527 4434 4447 4448 4450 4457 4460 4467 4473 4484 4485 4491 4491 4503 4508 4522 
1640981549.332568 ### RSSI: -68, 35, 1640050012 ,493 
1640981549.733879 ### DEBUG: Ticks: 499, 16, 1 
1640981549.733988 1640050013 c0:98:e5:42:00:2c 4658 
1640981549.734029 4850 4857 4874 4885 4898 4909 4915 4931 4933 4940 4940 4941 4944 4948 4960 
1640981549.734069 4962 4973 4975 4977 4989 4989 4992 4998 5021 5021 5025 5037 5046 5084 5091 
1640981550.336679 ### RSSI: -73, 5, 1640050013 ,508 
1640981550.736206 ### DEBUG: Ticks: 514, 15, 1 
1640981550.736316 1640050014 c0:98:e5:42:00:2c 5249 
1640981550.736357 5444 5465 5494 5501 5504 5504 5512 5539 5541 5542 5544 5544 5546 5549 5552 
1640981550.736397 5553 5562 5564 5567 5570 5597 5604 5630 5633 5643 5649 5650 5662 5667 5740 
1640981551.336297 ### RSSI: -86, 14, 1640050014 ,524 
1640981552.337063 ### RSSI: -67, 14, 1640050015 ,539 
1640981553.335904 ### RSSI: -76, 36, 1640050017 ,555 
1640981553.731517 ### DEBUG: Ticks: 561, 47, 1 
1640981553.731639 1640050017 c0:98:e5:42:00:2c 5686 
1640981553.731691 5848 5855 5857 5871 5879 5908 5933 5944 5952 5953 5953 5958 5959 5968 5971 
1640981553.731743 5973 5985 5986 5986 5990 6002 6011 6012 6016 6020 6029 6040 6051 6077 6088 
1640981554.335431 ### RSSI: -65, 2, 1640050018 ,571 
1640981554.731430 ### DEBUG: Ticks: 577, 16, 1 
1640981554.731531 1640050018 c0:98:e5:42:00:2c 5667 
1640981554.731573 5820 5832 5870 5874 5875 5876 5887 5887 5887 5889 5897 5907 5908 5914 5921 
1640981554.731613 5942 5944 5949 5956 5962 5974 5976 5978 5991 5992 5995 5998 5999 6010 6039 
1640981555.334134 ### RSSI: -67, 22, 1640050019 ,586 
1640981555.730104 ### DEBUG: Ticks: 593, 16, 1 
1640981555.730551 1640050019 c0:98:e5:42:00:2c 5649 
1640981555.731338 5772 5862 5865 5870 5880 5883 5889 5891 5893 5897 5907 5909 5915 5919 5923 
1640981555.732119 5935 5937 5940 5951 5960 5964 5965 5997 6002 6004 6030 6047 6088 6097 6102 
1640981556.115212 ### INFO: SD card flushed!
1640981556.335355 ### RSSI: -80, 22, 1640050020 ,602 
1640981556.729522 ### DEBUG: Ticks: 608, 15, 1 
1640981556.729646 1640050020 c0:98:e5:42:00:2c 5632 
1640981556.729697 5813 5828 5891 5892 5892 5904 5906 5912 5912 5927 5933 5934 5936 5941 5945 
1640981556.729800 5947 5948 5957 5963 5965 5970 5972 5980 6004 6008 6030 6049 6083 6189 6273 
1640981557.338433 ### RSSI: -65, 20, 1640050021 ,618 
1640981557.731836 ### DEBUG: Ticks: 624, 16, 1 
1640981557.731984 1640050021 c0:98:e5:42:00:2c 5445 
1640981557.732052 5646 5692 5701 5712 5712 5713 5716 5727 5734 5738 5750 5753 5759 5761 5763 
1640981557.732119 5764 5764 5765 5767 5772 5773 5776 5784 5796 5812 5821 5836 5845 6045 6122 
1640981558.337216 ### RSSI: -57, 36, 1640050022 ,633 
1640981558.731723 ### DEBUG: Ticks: 639, 15, 1 
1640981558.731831 1640050022 c0:98:e5:42:00:2c 4704 
1640981558.731873 4735 4747 4755 4779 4788 4791 4796 4800 4808 4814 4815 4830 4832 4840 4860 
1640981558.731925 4868 4868 4874 4874 4875 4876 4877 4878 4898 4902 4940 4943 4973 5043 5124 
1640981559.729967 ### DEBUG: Ticks: 655, 16, 1 
1640981559.730073 1640050023 c0:98:e5:42:00:2c 4356 
1640981559.730120 4596 4612 4624 4624 4626 4629 4643 4654 4657 4661 4664 4666 4678 4685 4687 
1640981559.730165 4689 4697 4699 4701 4706 4713 4713 4713 4722 4732 4734 4758 4760 4797 4809 
1640981560.330278 ### RSSI: -64, 2, 1640050024 ,664 
1640981560.726091 ### DEBUG: Ticks: 671, 16, 1 
1640981560.738117 1640050024 c0:98:e5:42:00:2c 3808 
1640981560.738230 4008 4037 4054 4069 4084 4090 4091 4102 4108 4112 4115 4118 4120 4122 4127 
1640981560.738273 4128 4138 4140 4145 4150 4151 4151 4158 4163 4172 4182 4183 4205 4208 4391 
1640981561.331856 ### RSSI: -61, 32, 1640050025 ,680 
1640981562.333476 ### RSSI: -64, 8, 1640050026 ,696 
1640981563.338806 ### RSSI: -71, 36, 1640050027 ,711 
1640981563.729565 ### DEBUG: Ticks: 717, 46, 1 
1640981563.729808 1640050027 c0:98:e5:42:00:2c 3219 
1640981563.729866 3431 3442 3470 3470 3479 3484 3484 3492 3502 3504 3504 3512 3513 3514 3518 
1640981563.729915 3521 3527 3527 3532 3532 3537 3551 3556 3564 3571 3574 3585 3600 3608 3627 
1640981564.335968 ### RSSI: -66, 2, 1640050028 ,727 
1640981564.731300 ### DEBUG: Ticks: 733, 16, 1 
1640981564.731416 1640050028 c0:98:e5:42:00:2c 3235 
1640981564.731472 3424 3475 3485 3488 3491 3493 3502 3502 3505 3506 3507 3523 3529 3535 3536 
1640981564.731529 3538 3538 3548 3549 3550 3558 3574 3575 3575 3584 3587 3635 3737 3793 3806 
1640981565.334422 ### RSSI: -60, 34, 1640050029 ,742 
1640981565.732576 ### DEBUG: Ticks: 749, 16, 1 
1640981565.732697 1640050029 c0:98:e5:42:00:2c 2611 
1640981565.732754 2921 2989 3025 3028 3028 3045 3047 3054 3058 3061 3064 3070 3088 3089 3091 
1640981565.732810 3094 3095 3101 3112 3116 3135 3146 3146 3150 3151 3154 3167 3188 3320 3324 
1640981566.336166 ### RSSI: -65, 8, 1640050030 ,758 
1640981566.730625 ### DEBUG: Ticks: 764, 15, 1 
1640981566.730744 1640050030 c0:98:e5:42:00:2c 2211 
1640981566.730799 2425 2443 2454 2466 2479 2487 2491 2503 2505 2526 2527 2534 2535 2542 2552 
1640981566.741210 2569 2571 2575 2578 2583 2584 2587 2587 2600 2604 2612 2703 2740 2814 2839 
1640981567.332892 ### RSSI: -62, 10, 1640050031 ,774 
1640981567.734518 ### DEBUG: Ticks: 780, 16, 1 
1640981567.734636 1640050031 c0:98:e5:42:00:2c 1908 
1640981567.734688 2059 2109 2117 2130 2132 2132 2137 2156 2157 2166 2173 2178 2186 2189 2200 
1640981567.734736 2201 2210 2221 2228 2234 2239 2242 2249 2271 2283 2315 2329 2364 2408 2459 
1640981568.337914 ### RSSI: -63, 23, 1640050031 ,789 
1640981568.733667 ### DEBUG: Ticks: 796, 16, 1 
1640981568.733833 1640050032 c0:98:e5:42:00:2c 2081 
1640981568.733876 2246 2297 2328 2329 2330 2341 2341 2342 2345 2350 2352 2355 2357 2358 2358 
1640981568.733923 2375 2378 2385 2391 2395 2398 2412 2419 2421 2425 2432 2461 2466 2489 2530 
1640981569.339572 ### RSSI: -65, 33, 1640050032 ,805 
1640981569.729622 ### DEBUG: Ticks: 811, 15, 1 
1640981569.729764 1640050033 c0:98:e5:42:00:2c 2460 
1640981569.729807 2653 2676 2677 2712 2712 2746 2751 2766 2766 2776 2777 2781 2784 2790 2791 
1640981569.729846 2801 2816 2817 2819 2840 2842 2844 2845 2854 2858 2900 2909 2918 2999 3004 
1640981570.334759 ### RSSI: -71, 34, 1640050033 ,821 
1640981570.732127 ### DEBUG: Ticks: 827, 16, 1 
1640981570.732232 1640050034 c0:98:e5:42:00:2c 2506 
1640981570.732272 2679 2691 2702 2703 2704 2704 2706 2710 2719 2723 2730 2731 2751 2759 2759 
1640981570.732314 2761 2761 2769 2772 2775 2780 2780 2785 2789 2809 2820 2828 2845 2854 2859 
1640981571.329697 ### RSSI: -63, 9, 1640050034 ,836 
1640981571.734252 ### DEBUG: Ticks: 842, 15, 1 
1640981571.734371 1640050035 c0:98:e5:42:00:2c 2440 
1640981571.734424 2600 2636 2651 2653 2663 2681 2683 2688 2690 2691 2693 2695 2699 2718 2725 
1640981571.734480 2729 2732 2733 2734 2735 2738 2739 2752 2769 2773 2775 2790 2800 2803 2820 
1640981572.331298 ### RSSI: -58, 7, 1640050035 ,852 
1640981572.736386 ### DEBUG: Ticks: 858, 16, 1 
1640981572.736537 1640050036 c0:98:e5:42:00:2c 2401 
1640981572.736623 2638 2652 2657 2666 2670 2670 2679 2683 2686 2701 2702 2705 2710 2718 2719 
1640981572.736674 2720 2721 2726 2734 2738 2755 2759 2760 2764 2768 2774 2780 2790 2807 2995 
1640981573.331918 ### RSSI: -55, 31, 1640050036 ,867 
1640981573.729533 ### DEBUG: Ticks: 874, 16, 1 
1640981573.729652 1640050037 c0:98:e5:42:00:2c 2326 
1640981573.729703 2489 2495 2513 2532 2542 2555 2562 2567 2587 2594 2598 2603 2607 2610 2613 
1640981573.741693 2629 2629 2637 2663 2664 2672 2694 2695 2704 2710 2717 2779 2791 2804 2875 
1640981574.335813 ### RSSI: -54, 22, 1640050037 ,883 
1640981574.735017 ### DEBUG: Ticks: 889, 15, 1 
1640981574.735122 1640050038 c0:98:e5:42:00:2c 2086 
1640981574.735163 2269 2270 2282 2282 2296 2310 2320 2323 2330 2330 2331 2333 2351 2360 2377 
1640981574.735207 2404 2408 2414 2420 2429 2438 2442 2453 2485 2489 2489 2502 2504 2536 2536 
1640981575.335513 ### RSSI: -73, 16, 1640050038 ,899 
1640981575.729640 ### DEBUG: Ticks: 905, 16, 1 
1640981575.729782 1640050039 c0:98:e5:42:00:2c 2076 
1640981575.729827 2222 2228 2230 2252 2252 2253 2258 2258 2272 2290 2292 2296 2300 2306 2310 
1640981575.729867 2314 2333 2343 2344 2361 2397 2409 2416 2419 2422 2429 2475 2489 2551 2556 
1640981576.332272 ### RSSI: -64, 20, 1640050039 ,914 
1640981576.733370 ### DEBUG: Ticks: 921, 16, 1 
1640981576.733499 1640050040 c0:98:e5:42:00:2c 2502 
1640981576.733541 2648 2674 2684 2689 2693 2697 2698 2715 2718 2737 2747 2752 2755 2762 2762 
1640981576.733586 2765 2766 2770 2778 2782 2809 2813 2816 2850 2861 2891 2901 2992 3022 3058 
1640981577.336920 ### RSSI: -61, 17, 1640050041 ,930 
1640981577.735193 ### DEBUG: Ticks: 936, 15, 1 
1640981577.735303 1640050041 c0:98:e5:42:00:2c 3066 
1640981577.735344 3233 3262 3267 3269 3285 3298 3308 3321 3327 3332 3341 3342 3343 3344 3348 
1640981577.735383 3354 3356 3363 3401 3411 3422 3460 3465 3488 3497 3564 3572 3582 3583 3765 
1640981578.338646 ### RSSI: -68, 31, 1640050042 ,946 
1640981578.729336 ### DEBUG: Ticks: 952, 16, 1 
1640981578.729458 1640050042 c0:98:e5:42:00:2c 3533 
1640981578.740566 3768 3780 3783 3793 3797 3810 3811 3811 3813 3823 3835 3839 3862 3865 3865 
1640981578.740690 3868 3886 3896 3900 3901 3914 3922 3928 3939 3955 4000 4013 4062 4075 4270 
1640981579.329271 ### RSSI: -78, 19, 1640050043 ,961 
1640981579.734902 ### DEBUG: Ticks: 967, 15, 1 
1640981579.735011 1640050043 c0:98:e5:42:00:2c 3683 
1640981579.735056 3807 3831 3833 3843 3847 3852 3859 3866 3870 3876 3879 3884 3890 3899 3902 
1640981579.735126 3902 3910 3921 3924 3925 3935 3936 3937 3939 3940 3950 3965 3968 3973 4051 
1640981580.334903 ### RSSI: -62, 26, 1640050044 ,977 
1640981580.735373 ### DEBUG: Ticks: 983, 16, 1 
1640981580.735480 1640050044 c0:98:e5:42:00:2c 3657 
1640981580.735525 3752 3789 3790 3795 3798 3802 3819 3834 3863 3865 3878 3887 3888 3891 3892 
1640981580.735571 3897 3899 3900 3905 3912 3919 3920 3927 3930 3941 3976 3989 4001 4149 4158 
1640981581.338676 ### RSSI: -72, 14, 1640050045 ,992 
1640981581.727532 ### DEBUG: Ticks: 999, 16, 1 
1640981581.738931 1640050045 c0:98:e5:42:00:2c 3607 
1640981581.739048 3829 3849 3856 3858 3885 3887 3890 3903 3903 3909 3913 3921 3921 3921 3942 
1640981581.739099 3943 3953 3957 3965 3979 3985 3991 3992 4001 4012 4020 4028 4193 4234 5381 
1640981582.332301 ### RSSI: -72, 32, 1640050046 ,1008 
1640981583.329457 ### RSSI: -67, 33, 1640050047 ,1024 
1640981584.330270 ### RSSI: -66, 24, 1640050048 ,1039 
1640981584.730970 ### DEBUG: Ticks: 1045, 46, 1 
1640981584.731078 1640050048 c0:98:e5:42:00:2c 4586 
1640981584.731128 4765 4803 4828 4843 4848 4870 4888 4890 4892 4893 4896 4911 4912 4915 4915 
1640981584.731180 4915 4922 4927 4928 4931 4952 4954 4956 4971 4973 4989 4999 5007 5061 5110 
1640981585.336627 ### RSSI: -71, 8, 1640050049 ,1055 
1640981585.730032 ### DEBUG: Ticks: 1061, 16, 1 
1640981585.730150 1640050049 c0:98:e5:42:00:2c 5185 
1640981585.742551 5357 5383 5412 5454 5457 5458 5459 5462 5468 5469 5481 5483 5484 5494 5497 
1640981585.742673 5499 5510 5511 5515 5528 5533 5538 5545 5557 5558 5569 5590 5608 5613 5650 
1640981586.337527 ### RSSI: -78, 31, 1640050050 ,1070 
1640981586.737046 ### DEBUG: Ticks: 1077, 16, 1 
1640981586.737160 1640050050 c0:98:e5:42:00:2c 5651 
1640981586.737214 5841 5859 5863 5877 5896 5896 5897 5901 5903 5914 5915 5917 5942 5945 5946 
1640981586.737452 5952 5960 5963 5971 5979 5991 5994 6000 6004 6008 6015 6029 6140 6166 6167 
1640981587.331314 ### RSSI: -70, 6, 1640050051 ,1086 
1640981587.730735 ### DEBUG: Ticks: 1092, 15, 1 
1640981587.730831 1640050051 c0:98:e5:42:00:2c 5513 
1640981587.730872 5683 5712 5736 5742 5763 5787 5796 5801 5805 5813 5814 5821 5822 5823 5825 
1640981587.730916 5839 5840 5844 5846 5864 5877 5879 5896 5897 5914 5985 6010 6074 6222 6234 
1640981588.333039 ### RSSI: -73, 15, 1640050052 ,1102 
1640981588.731633 ### DEBUG: Ticks: 1108, 16, 1 
1640981588.731745 1640050052 c0:98:e5:42:00:2c 5621 
1640981588.731787 5691 5727 5733 5739 5740 5746 5746 5760 5783 5784 5787 5793 5798 5815 5815 
1640981588.731826 5821 5822 5822 5823 5824 5826 5833 5844 5845 5845 5852 5857 5858 5889 5989 
1640981589.332890 ### RSSI: -59, 27, 1640050053 ,1117 
1640981589.731819 ### DEBUG: Ticks: 1124, 16, 1 
1640981589.731931 1640050053 c0:98:e5:42:00:2c 5684 
1640981589.731980 5888 5928 5928 5931 5951 5952 5969 5974 5976 5982 5992 6002 6005 6007 6014 
1640981589.732033 6020 6023 6040 6042 6048 6051 6052 6071 6078 6103 6132 6174 6199 6212 6286 
1640981590.337994 ### RSSI: -63, 11, 1640050054 ,1133 
1640981590.736819 ### DEBUG: Ticks: 1139, 15, 1 
1640981590.738229 1640050054 c0:98:e5:42:00:2c 5588 
1640981590.738352 5829 5860 5861 5861 5868 5868 5874 5876 5891 5895 5900 5900 5911 5912 5926 
1640981590.738392 5934 5943 5945 5948 5951 5953 5972 5987 6021 6024 6026 6027 6165 6191 6226 
1640981591.332167 ### RSSI: -59, 5, 1640050055 ,1149 
1640981591.732132 ### DEBUG: Ticks: 1155, 16, 1 
1640981591.732240 1640050055 c0:98:e5:42:00:2c 5333 
1640981591.732281 5628 5631 5640 5641 5656 5669 5682 5683 5692 5704 5709 5716 5717 5718 5728 
1640981591.732324 5729 5734 5735 5736 5751 5752 5754 5758 5759 5771 5789 5810 5839 5863 6011 
1640981592.332251 ### RSSI: -63, 9, 1640050055 ,1164 
1640981592.729564 ### DEBUG: Ticks: 1170, 15, 1 
1640981592.729679 1640050056 c0:98:e5:42:00:2c 4628 
1640981592.741423 4709 4711 4738 4740 4740 4743 4744 4750 4753 4762 4768 4774 4789 4790 4792 
1640981592.741541 4797 4799 4804 4805 4823 4823 4830 4844 4848 4848 4852 4867 4878 4882 4916 
1640981593.331395 ### RSSI: -66, 12, 1640050056 ,1180 
1640981593.730354 ### DEBUG: Ticks: 1186, 16, 1 
1640981593.730935 1640050057 c0:98:e5:42:00:2c 3940 
1640981593.742211 4112 4162 4186 4194 4199 4200 4204 4204 4207 4209 4210 4210 4211 4232 4234 
1640981593.742339 4238 4242 4245 4246 4246 4247 4250 4258 4268 4271 4289 4309 4358 4398 4458 
1640981594.336686 ### RSSI: -77, 27, 1640050057 ,1195 
1640981594.731776 ### DEBUG: Ticks: 1202, 16, 1 
1640981594.731882 1640050058 c0:98:e5:42:00:2c 3594 
1640981594.732040 3882 3914 3921 3932 3937 3948 3952 3959 3964 3975 3989 3991 3993 3994 3997 
1640981594.732096 3997 3998 4000 4002 4002 4009 4014 4021 4024 4029 4029 4033 4045 4076 4180 
1640981595.141246 ### INFO: SD card flushed!
1640981595.336891 ### RSSI: -60, 0, 1640050058 ,1211 
1640981595.732421 ### DEBUG: Ticks: 1217, 15, 1 
1640981595.732520 1640050059 c0:98:e5:42:00:2c 3272 
1640981595.732565 3541 3542 3555 3556 3563 3563 3563 3566 3569 3572 3574 3575 3579 3584 3598 
1640981595.732606 3603 3604 3605 3610 3612 3615 3617 3617 3621 3624 3626 3648 3656 3668 3669 
1640981596.330390 ### RSSI: -61, 33, 1640050059 ,1227 
1640981596.731453 ### DEBUG: Ticks: 1233, 16, 1 
1640981596.731554 1640050060 c0:98:e5:42:00:2c 3165 
1640981596.731595 3354 3374 3378 3385 3388 3394 3400 3408 3415 3427 3429 3430 3431 3439 3450 
1640981596.731637 3458 3460 3462 3466 3469 3479 3491 3494 3497 3498 3508 3515 3521 3628 3722 
1640981597.335816 ### RSSI: -65, 4, 1640050060 ,1242 
1640981597.730480 ### DEBUG: Ticks: 1249, 16, 1 
1640981597.730587 1640050061 c0:98:e5:42:00:2c 3498 
1640981597.741923 3682 3724 3732 3744 3748 3755 3757 3758 3764 3768 3768 3774 3779 3782 3784 
1640981597.742034 3790 3804 3807 3813 3819 3833 3834 3840 3844 3850 3871 3887 3976 4024 4034 
1640981598.332185 ### RSSI: -56, 3, 1640050061 ,1258 
1640981598.733692 ### DEBUG: Ticks: 1264, 15, 1 
1640981598.733862 1640050062 c0:98:e5:42:00:2c 3369 
1640981598.733916 3598 3638 3642 3655 3657 3657 3681 3681 3683 3687 3692 3695 3698 3699 3704 
1640981598.733973 3710 3713 3713 3716 3725 3746 3748 3755 3796 3797 3802 3843 3872 3942 3945 
1640981599.336873 ### RSSI: -61, 8, 1640050062 ,1274 
1640981599.728186 ### DEBUG: Ticks: 1280, 16, 1 
1640981599.739876 1640050063 c0:98:e5:42:00:2c 3102 
1640981599.739992 3684 3703 3709 3716 3728 3743 3745 3751 3753 3772 3790 3809 3836 3841 3857 
1640981599.740041 3864 3864 3866 3868 3870 3872 3872 3877 3888 3889 3902 3919 3954 4010 4032 
1640981600.336127 ### RSSI: -63, 11, 1640050063 ,1289 
1640981600.731572 ### DEBUG: Ticks: 1295, 15, 1 
1640981600.731686 1640050064 c0:98:e5:42:00:2c 2814 
1640981600.731739 3065 3109 3109 3110 3120 3128 3134 3136 3142 3144 3157 3157 3157 3159 3159 
1640981600.731793 3159 3165 3168 3169 3182 3184 3217 3221 3241 3275 3281 3282 3303 3340 3436 
1640981601.328030 ### RSSI: -61, 4, 1640050065 ,1305 
1640981601.736746 ### DEBUG: Ticks: 1311, 16, 1 
1640981601.736852 1640050065 c0:98:e5:42:00:2c 2648 
1640981601.736893 2861 2866 2884 2884 2892 2894 2895 2917 2921 2931 2932 2944 2945 2950 2951 
1640981601.736943 2958 2958 2962 2971 2977 2980 2987 3013 3019 3055 3099 3105 3109 3157 0 
1640981602.331846 ### RSSI: -66, 30, 1640050066 ,1320 
1640981602.731933 ### DEBUG: Ticks: 1327, 16, 1 
1640981602.732059 1640050066 c0:98:e5:42:00:2c 2459 
1640981602.732107 2621 2657 2690 2698 2700 2704 2715 2716 2719 2723 2724 2730 2731 2742 2742 
1640981602.732148 2748 2748 2748 2749 2762 2770 2774 2779 2794 2796 2796 2827 2833 2838 2842 
1640981603.330389 ### RSSI: -85, 13, 1640050067 ,1336 
1640981603.730973 ### DEBUG: Ticks: 1342, 15, 1 
1640981603.731095 1640050067 c0:98:e5:42:00:2c 2379 
1640981603.742178 2630 2683 2684 2690 2693 2705 2707 2723 2723 2726 2740 2748 2754 2767 2769 
1640981603.742284 2769 2769 2779 2784 2786 2789 2797 2801 2804 2828 2844 2858 2865 2898 2900 
1640981604.328017 ### RSSI: -62, 31, 1640050068 ,1352 
1640981605.328773 ### RSSI: -61, 1, 1640050069 ,1367 
1640981606.330806 ### RSSI: -60, 36, 1640050070 ,1383 
1640981606.738858 ### DEBUG: Ticks: 1389, 47, 1 
1640981606.738978 1640050070 c0:98:e5:42:00:2c 2580 
1640981606.739036 2719 2759 2768 2778 2782 2784 2785 2787 2791 2795 2795 2797 2804 2805 2812 
1640981606.739087 2813 2820 2822 2825 2832 2835 2841 2849 2859 2868 2870 2892 2894 2916 2950 
1640981607.329294 ### RSSI: -60, 16, 1640050071 ,1398 
1640981607.731598 ### DEBUG: Ticks: 1405, 16, 1 
1640981607.731700 1640050071 c0:98:e5:42:00:2c 2569 
1640981607.741718 2716 2734 2748 2753 2758 2774 2793 2826 2831 2849 2859 2868 2878 2891 2904 
1640981607.741829 2911 2930 2948 2955 2960 2967 2969 2974 2986 2988 3004 3051 3081 3150 3204 
1640981608.337517 ### RSSI: -61, 29, 1640050072 ,1414 
1640981608.733794 ### DEBUG: Ticks: 1420, 15, 1 
1640981608.733922 1640050072 c0:98:e5:42:00:2c 2391 
1640981608.734003 2580 2617 2628 2640 2658 2664 2667 2669 2680 2687 2698 2705 2705 2706 2711 
1640981608.734081 2720 2721 2728 2753 2756 2761 2783 2805 2833 2838 2841 2857 2858 2859 2884 
1640981611.730645 ### DEBUG: Ticks: 1467, 47, 1 
1640981611.730780 1640050075 c0:98:e5:42:00:2c 3418 
1640981611.730853 3551 3571 3598 3601 3624 3624 3639 3643 3643 3653 3656 3662 3670 3671 3694 
1640981611.730903 3698 3699 3709 3722 3749 3753 3754 3783 3783 3813 3913 3917 3918 5290 0 
1640981612.436172 ### BLE EVENT: 17, INFO: BLE DISCONNECTED!
1640981612.730860 ### DEBUG: Ticks: 1483, 16, 0 
1640981612.730967 1640050076 c0:98:e5:42:00:2c 3720 
1640981612.731008 3893 3930 3930 3936 3938 3938 3957 3964 3975 3975 3976 3976 3983 4003 4006 
1640981612.731057 4030 4041 4045 4060 4065 4069 4072 4076 4099 4106 4131 4132 4133 4161 4219 
1640981613.733477 ### DEBUG: Ticks: 1498, 15, 0 
1640981613.733583 1640050077 c0:98:e5:42:00:2c 3791 
1640981613.733624 3959 3992 4043 4069 4084 4090 4099 4103 4110 4112 4118 4147 4157 4162 4163 
1640981613.733667 4177 4177 4178 4183 4193 4203 4210 4212 4223 4227 4246 4290 4334 4368 4714 
1640981614.739339 ### DEBUG: Ticks: 1514, 16, 0 
1640981614.739459 1640050078 c0:98:e5:42:00:2c 4144 
1640981614.739512 4063 4102 4119 4119 4124 4126 4128 4129 4140 4163 4172 4199 4215 4225 4232 
1640981614.739563 4257 4262 4281 4282 4296 4331 4340 4350 4377 4405 4410 4602 4659 5411 6450 
1640981614.828608 ### BLE EVENT: 16, INFO: BLE CONNECTED!
1640981614.828710 ### RSSI: -61, 32, 1640050079 ,1516 
1640981614.929475 ### RSSI: -84, 25, 1640050079 ,1517 
1640981615.028325 ### RSSI: -73, 2, 1640050079 ,1519 
1640981615.130640 ### RSSI: -72, 2, 1640050079 ,1520 
1640981615.229221 ### RSSI: -68, 8, 1640050079 ,1522 
1640981615.329809 ### RSSI: -63, 29, 1640050079 ,1523 
1640981615.428264 ### RSSI: -61, 19, 1640050079 ,1525 
1640981615.531386 ### RSSI: -60, 9, 1640050079 ,1527 
1640981615.630879 ### RSSI: -60, 21, 1640050079 ,1528 
1640981615.733504 ### RSSI: -63, 12, 1640050080 ,1530 
1640981615.733609 ### DEBUG: Ticks: 1530, 16, 0 
1640981615.733651 1640050079 c0:98:e5:42:00:2c 3607 
1640981615.733698 3781 3876 3883 3887 3892 3902 3903 3906 3907 3918 3918 3920 3936 3942 3945 
1640981615.733819 3947 3947 3948 3953 3953 3954 3965 3966 3976 3995 4000 4004 4211 5854 6029 
1640981615.833439 ### RSSI: -62, 19, 1640050079 ,1531 
1640981615.932469 ### RSSI: -67, 29, 1640050079 ,1533 
1640981616.029321 ### RSSI: -67, 34, 1640050079 ,1534 
1640981616.132285 ### RSSI: -63, 28, 1640050079 ,1536 
1640981616.431559 ### RSSI: -69, 12, 1640050079 ,1541 
1640981616.532106 ### RSSI: -67, 12, 1640050079 ,1542 
1640981616.631802 ### RSSI: -62, 8, 1640050079 ,1544 
1640981616.732231 ### RSSI: -66, 8, 1640050080 ,1545 
1640981616.732345 ### DEBUG: Ticks: 1545, 15, 0 
1640981616.732400 1640050080 c0:98:e5:42:00:2c 3618 
1640981616.732447 3784 3805 3818 3834 3840 3842 3861 3881 3887 3888 3903 3905 3906 3918 3919 
1640981616.732487 3926 3934 3942 3949 3950 3955 3955 3961 3964 3967 3976 3978 4013 4069 4296 
1640981617.732345 ### RSSI: -75, 31, 1640050081 ,1561 
1640981617.732538 ### DEBUG: Ticks: 1561, 16, 0 
1640981617.732588 1640050081 c0:98:e5:42:00:2c 3817 
1640981617.732637 3959 3993 3998 4047 4078 4081 4084 4098 4100 4102 4103 4105 4110 4126 4127 
1640981617.743223 4128 4139 4139 4144 4149 4153 4156 4161 4167 4213 4218 4220 4297 4315 4435 
1640981618.728874 ### RSSI: -75, 27, 1640050082 ,1577 
1640981618.741956 ### DEBUG: Ticks: 1577, 16, 0 
1640981618.742078 1640050082 c0:98:e5:42:00:2c 4190 
1640981618.742131 4399 4400 4429 4436 4463 4466 4470 4482 4490 4493 4496 4498 4500 4514 4519 
1640981618.742180 4521 4521 4521 4531 4532 4534 4539 4542 4552 4553 4556 4596 4607 4628 4649 
1640981619.736528 ### RSSI: -67, 1, 1640050083 ,1592 
1640981619.736643 ### DEBUG: Ticks: 1592, 15, 0 
1640981619.736698 1640050083 c0:98:e5:42:00:2c 4893 
1640981619.736746 5122 5130 5148 5159 5162 5168 5171 5171 5176 5182 5193 5198 5207 5209 5226 
1640981619.736795 5227 5228 5239 5239 5243 5246 5248 5249 5252 5257 5265 5291 5337 5358 5458 
1640981620.736808 ### RSSI: -62, 0, 1640050084 ,1608 
1640981620.736933 ### DEBUG: Ticks: 1608, 16, 0 
1640981620.736992 1640050084 c0:98:e5:42:00:2c 5492 
1640981620.737051 5731 5771 5772 5776 5783 5789 5793 5794 5796 5802 5810 5814 5818 5824 5833 
1640981620.737109 5838 5841 5848 5850 5851 5875 5881 5881 5892 5895 5938 6049 6069 6090 6103 
1640981621.737153 ### RSSI: -64, 27, 1640050085 ,1623 
1640981621.737265 ### DEBUG: Ticks: 1623, 15, 0 
1640981621.737315 1640050085 c0:98:e5:42:00:2c 5664 
1640981621.737365 5844 5928 5948 5956 5958 5962 5977 5983 5994 5995 5998 6002 6003 6004 6011 
1640981621.737416 6015 6018 6022 6024 6034 6040 6059 6061 6088 6105 6141 6158 6184 6187 6246 
1640981622.736887 ### RSSI: -57, 23, 1640050086 ,1639 
1640981622.737008 ### DEBUG: Ticks: 1639, 16, 0 
1640981622.737058 1640050086 c0:98:e5:42:00:2c 5636 
1640981622.737106 5824 5854 5855 5901 5915 5921 5923 5930 5940 5941 5944 5944 5946 5951 5952 
1640981622.737166 5953 5963 5966 5972 5975 5978 5990 5991 6006 6009 6011 6013 6084 6203 0 
1640981623.731754 ### RSSI: -63, 18, 1640050087 ,1655 
1640981623.731879 ### DEBUG: Ticks: 1655, 16, 0 
1640981623.731931 1640050087 c0:98:e5:42:00:2c 5574 
1640981623.731993 5801 5803 5818 5824 5837 5838 5851 5869 5873 5875 5879 5885 5891 5894 5894 
1640981623.743846 5897 5898 5898 5906 5917 5918 5921 5928 5936 5950 5950 5955 5959 5965 5992 
1640981624.729232 ### RSSI: -68, 16, 1640050088 ,1670 
1640981624.741248 ### DEBUG: Ticks: 1670, 15, 0 
1640981624.741485 1640050088 c0:98:e5:42:00:2c 5692 
1640981624.741535 5931 5932 5956 5957 5962 5966 5967 5971 5975 5975 5981 5982 5992 5994 5994 
1640981624.741585 5999 5999 6001 6001 6014 6042 6048 6051 6063 6078 6096 6120 6161 6272 6347 
1640981625.731852 ### RSSI: -73, 9, 1640050089 ,1686 
1640981625.731977 ### DEBUG: Ticks: 1686, 16, 0 
1640981625.732030 1640050089 c0:98:e5:42:00:2c 4907 
1640981625.732080 5307 5311 5324 5327 5342 5343 5351 5354 5358 5368 5368 5371 5373 5381 5391 
1640981625.742723 5401 5407 5413 5414 5416 5417 5431 5447 5453 5456 5478 5484 5489 5500 5504 
1640981626.734559 ### RSSI: -66, 2, 1640050090 ,1702 
1640981626.734661 ### DEBUG: Ticks: 1702, 16, 0 
1640981626.734702 1640050090 c0:98:e5:42:00:2c 4547 
1640981626.734746 4723 4757 4772 4775 4780 4786 4788 4790 4797 4800 4807 4808 4829 4835 4836 
1640981626.734789 4838 4839 4841 4843 4861 4869 4871 4878 4880 4893 4899 4930 4933 4936 4951 
1640981627.736782 ### RSSI: -71, 5, 1640050091 ,1717 
1640981627.736879 ### DEBUG: Ticks: 1717, 15, 0 
1640981627.736920 1640050091 c0:98:e5:42:00:2c 3846 
1640981627.736964 3988 4020 4079 4081 4081 4087 4101 4102 4106 4109 4109 4109 4113 4119 4124 
1640981627.737008 4129 4130 4136 4136 4142 4144 4149 4152 4159 4180 4202 4205 4232 4242 4257 
1640981628.734111 ### RSSI: -68, 13, 1640050092 ,1733 
1640981628.734230 ### DEBUG: Ticks: 1733, 16, 0 
1640981628.734280 1640050092 c0:98:e5:42:00:2c 3299 
1640981628.734329 3575 3580 3584 3587 3588 3592 3595 3597 3603 3605 3620 3624 3625 3636 3639 
1640981628.734381 3640 3647 3650 3652 3656 3663 3670 3671 3673 3673 3680 3695 3698 3701 3710 
1640981629.735080 ### RSSI: -70, 30, 1640050093 ,1748 
1640981629.735191 ### DEBUG: Ticks: 1748, 15, 0 
1640981629.735242 1640050093 c0:98:e5:42:00:2c 3201 
1640981629.735290 3428 3430 3432 3452 3452 3458 3459 3460 3466 3467 3470 3472 3484 3487 3489 
1640981629.735342 3492 3492 3492 3495 3501 3504 3506 3514 3515 3522 3525 3532 3538 3538 3598 
1640981630.733908 ### RSSI: -64, 4, 1640050094 ,1764 
1640981630.734025 ### DEBUG: Ticks: 1764, 16, 0 
1640981630.734080 1640050094 c0:98:e5:42:00:2c 3200 
1640981630.734128 3415 3420 3429 3443 3449 3470 3472 3496 3498 3503 3511 3517 3520 3521 3522 
1640981630.734176 3528 3534 3536 3539 3539 3539 3545 3557 3567 3573 3577 3578 3591 3641 3668 
1640981631.729562 ### RSSI: -68, 34, 1640050095 ,1780 
1640981631.741419 ### DEBUG: Ticks: 1780, 16, 0 
1640981631.741529 1640050095 c0:98:e5:42:00:2c 3181 
1640981631.741569 3356 3357 3366 3367 3370 3373 3374 3375 3386 3396 3397 3400 3404 3417 3419 
1640981631.741609 3421 3433 3441 3461 3466 3475 3495 3495 3495 3552 3572 3574 3584 3626 3632 
1640981632.126537 ### INFO: SD card flushed!
1640981632.731159 ### RSSI: -65, 1, 1640050096 ,1795 
1640981632.731272 ### DEBUG: Ticks: 1795, 15, 0 
1640981632.742659 1640050096 c0:98:e5:42:00:2c 3125 
1640981632.742773 3233 3261 3267 3321 3327 3340 3353 3363 3376 3377 3392 3394 3403 3406 3419 
1640981632.742814 3422 3429 3430 3432 3442 3443 3443 3445 3449 3451 3452 3488 3494 3554 3625 
1640981633.732899 ### RSSI: -66, 30, 1640050097 ,1811 
1640981633.733013 ### DEBUG: Ticks: 1811, 16, 0 
1640981633.733054 1640050097 c0:98:e5:42:00:2c 3240 
1640981633.733098 3417 3432 3454 3470 3483 3491 3493 3494 3496 3501 3505 3514 3516 3528 3530 
1640981633.733139 3539 3545 3546 3553 3559 3560 3571 3572 3573 3586 3590 3606 3620 3650 3748 
1640981634.731932 ### RSSI: -60, 1, 1640050098 ,1826 
1640981634.732044 ### DEBUG: Ticks: 1826, 15, 0 
1640981634.732086 1640050098 c0:98:e5:42:00:2c 3251 
1640981634.732141 3424 3466 3481 3490 3491 3491 3495 3499 3508 3522 3528 3536 3538 3542 3561 
1640981634.743712 3566 3569 3571 3574 3578 3589 3602 3604 3605 3618 3635 3654 3674 3695 3737 
1640981635.735726 ### RSSI: -71, 14, 1640050099 ,1842 
1640981635.735825 ### DEBUG: Ticks: 1842, 16, 0 
1640981635.735867 1640050099 c0:98:e5:42:00:2c 3413 
1640981635.735914 3409 3462 3462 3471 3497 3500 3503 3505 3524 3526 3535 3541 3548 3557 3557 
1640981635.735954 3565 3566 3570 3588 3595 3627 3635 3639 3649 3662 3687 3687 3691 3701 3872 
1640981636.738455 ### RSSI: -65, 15, 1640050100 ,1858 
1640981636.738556 ### DEBUG: Ticks: 1858, 16, 0 
1640981636.738597 1640050100 c0:98:e5:42:00:2c 3010 
1640981636.738644 3222 3242 3249 3250 3254 3258 3260 3261 3264 3269 3269 3270 3276 3277 3286 
1640981636.738684 3299 3306 3307 3311 3315 3327 3343 3347 3372 3378 3382 3394 3397 3412 3482 
1640981637.732896 ### RSSI: -72, 30, 1640050101 ,1873 
1640981637.732999 ### DEBUG: Ticks: 1873, 15, 0 
1640981637.733044 1640050101 c0:98:e5:42:00:2c 2530 
1640981637.733090 2699 2760 2772 2777 2789 2791 2792 2795 2799 2810 2810 2811 2813 2813 2826 
1640981637.733130 2826 2832 2837 2844 2845 2846 2854 2878 2878 2890 2898 2914 2920 2922 2982 
1640981638.728697 ### RSSI: -68, 11, 1640050102 ,1889 
1640981638.740415 ### DEBUG: Ticks: 1889, 16, 0 
1640981638.740538 1640050102 c0:98:e5:42:00:2c 2359 
1640981638.740591 2572 2586 2592 2628 2632 2635 2644 2644 2644 2660 2662 2673 2675 2685 2688 
1640981638.740647 2690 2691 2697 2717 2719 2725 2728 2729 2730 2753 2786 2792 2812 2822 2875 
1640981639.738727 ### RSSI: -64, 17, 1640050104 ,1905 
1640981639.738827 ### DEBUG: Ticks: 1905, 16, 0 
1640981639.738868 1640050103 c0:98:e5:42:00:2c 2511 
1640981639.738907 2511 2580 2583 2588 2597 2604 2619 2621 2622 2623 2625 2627 2629 2641 2645 
1640981639.738947 2650 2658 2672 2673 2679 2694 2695 2710 2749 2790 2800 2802 2807 2968 0 
1640981640.740110 ### RSSI: -67, 5, 1640050104 ,1920 
1640981640.740235 ### DEBUG: Ticks: 1920, 15, 0 
1640981640.740290 1640050104 c0:98:e5:42:00:2c 2447 
1640981640.740350 2655 2664 2674 2698 2706 2707 2714 2714 2720 2724 2724 2725 2726 2729 2729 
1640981640.740408 2733 2734 2735 2735 2740 2742 2757 2766 2771 2789 2791 2793 2826 2850 2907 
1640981641.739415 ### RSSI: -70, 31, 1640050105 ,1936 
1640981641.739527 ### DEBUG: Ticks: 1936, 16, 0 
1640981641.739577 1640050105 c0:98:e5:42:00:2c 2449 
1640981641.739626 2619 2626 2653 2678 2695 2698 2714 2728 2729 2738 2738 2740 2742 2744 2751 
1640981641.739683 2751 2758 2800 2804 2812 2812 2814 2825 2827 2841 2842 2844 2849 2854 2912 
1640981642.732473 ### RSSI: -64, 0, 1640050106 ,1951 
1640981642.732592 ### DEBUG: Ticks: 1951, 15, 0 
1640981642.732643 1640050106 c0:98:e5:42:00:2c 2353 
1640981642.732703 2541 2554 2574 2582 2583 2584 2590 2594 2597 2610 2612 2618 2622 2624 2626 
1640981642.744619 2633 2634 2638 2666 2678 2693 2707 2713 2726 2732 2749 2753 2758 2778 2814 
1640981643.732864 ### RSSI: -56, 21, 1640050107 ,1967 
1640981643.732963 ### DEBUG: Ticks: 1967, 16, 0 
1640981643.733004 1640050107 c0:98:e5:42:00:2c 1908 
1640981643.733053 2126 2144 2148 2149 2152 2157 2164 2176 2181 2191 2193 2193 2211 2216 2219 
1640981643.733092 2220 2222 2229 2247 2247 2258 2269 2278 2285 2285 2305 2315 2324 2373 2375 
1640981644.738883 ### RSSI: -70, 32, 1640050108 ,1983 
1640981644.738998 ### DEBUG: Ticks: 1983, 16, 0 
1640981644.739048 1640050108 c0:98:e5:42:00:2c 1437 
1640981644.739097 1561 1617 1636 1653 1674 1678 1678 1694 1695 1699 1704 1708 1708 1711 1713 
1640981644.739148 1718 1725 1732 1732 1737 1737 1739 1739 1741 1744 1744 1769 1783 1845 1987 
1640981645.738686 ### RSSI: -50, 32, 1640050109 ,1998 
1640981645.738796 ### DEBUG: Ticks: 1998, 15, 0 
1640981645.738839 1640050109 c0:98:e5:42:00:2c 1482 
1640981645.738883 1601 1611 1625 1627 1655 1657 1665 1678 1707 1708 1711 1714 1722 1728 1753 
1640981645.738924 1757 1759 1774 1781 1793 1810 1820 1825 1827 1838 1853 1954 1982 1990 2034 
1640981646.737279 ### RSSI: -56, 1, 1640050110 ,2014 
1640981646.737390 ### DEBUG: Ticks: 2014, 16, 0 
1640981646.737443 1640050110 c0:98:e5:42:00:2c 1098 
1640981646.737483 1274 1297 1324 1327 1331 1334 1338 1342 1353 1355 1358 1360 1361 1371 1380 
1640981646.737527 1388 1398 1404 1428 1431 1434 1446 1455 1461 1479 1487 1491 1496 1521 1589 
1640981647.733256 ### RSSI: -83, 27, 1640050111 ,2029 
1640981647.733374 ### DEBUG: Ticks: 2030, 16, 0 
1640981647.733455 1640050111 c0:98:e5:42:00:2c 1083 
1640981647.733540 1270 1310 1354 1373 1380 1382 1387 1399 1401 1406 1406 1413 1415 1422 1422 
1640981647.733594 1436 1441 1452 1455 1464 1474 1478 1487 1504 1535 1538 1558 1563 1610 1659 
1640981648.732876 ### RSSI: -57, 4, 1640050112 ,2045 
1640981648.732991 ### DEBUG: Ticks: 2045, 15, 0 
1640981648.733041 1640050112 c0:98:e5:42:00:2c 1095 
1640981648.733091 1287 1294 1301 1301 1306 1313 1323 1332 1334 1339 1341 1348 1357 1365 1386 
1640981648.733149 1390 1393 1395 1398 1400 1405 1412 1416 1428 1435 1482 1484 1491 1505 1590 
1640981649.734448 ### RSSI: -47, 12, 1640050113 ,2061 
1640981649.734570 ### DEBUG: Ticks: 2061, 16, 0 
1640981649.734621 1640050113 c0:98:e5:42:00:2c 1011 
1640981649.734670 1197 1263 1268 1272 1289 1299 1314 1323 1332 1334 1348 1356 1363 1373 1374 
1640981649.734731 1378 1381 1384 1393 1398 1409 1411 1414 1415 1420 1430 1447 1503 1507 1618 
1640981650.734011 ### RSSI: -54, 8, 1640050114 ,2076 
1640981650.734131 ### DEBUG: Ticks: 2076, 15, 0 
1640981650.734181 1640050114 c0:98:e5:42:00:2c 920 
1640981650.734230 1140 1147 1151 1171 1190 1194 1199 1203 1207 1215 1217 1218 1220 1223 1228 
1640981650.734286 1233 1236 1244 1245 1251 1257 1261 1270 1279 1306 1306 1319 1325 1635 0 
1640981651.726028 ### RSSI: -62, 4, 1640050115 ,2092 
1640981651.738094 ### DEBUG: Ticks: 2092, 16, 0 
1640981651.738199 1640050115 c0:98:e5:42:00:2c 865 
1640981651.738241 1038 1056 1069 1070 1098 1100 1106 1110 1111 1121 1122 1124 1127 1128 1135 
1640981651.738289 1140 1146 1153 1155 1158 1161 1165 1172 1190 1200 1202 1208 1210 1242 1250 
1640981652.731610 ### RSSI: -60, 33, 1640050116 ,2108 
1640981652.731746 ### DEBUG: Ticks: 2108, 16, 0 
1640981652.731809 1640050116 c0:98:e5:42:00:2c 696 
1640981652.742975 863 867 888 919 924 937 937 944 946 947 953 954 954 957 959 
1640981652.743124 962 967 972 976 983 995 1004 1020 1029 1029 1042 1044 1052 1055 1163 
1640981653.728562 ### RSSI: -53, 9, 1640050117 ,2123 
1640981653.741017 ### DEBUG: Ticks: 2123, 15, 0 
1640981653.741128 1640050117 c0:98:e5:42:00:2c 481 
1640981653.741183 640 684 724 728 738 738 749 751 753 760 773 773 775 784 787 
1640981653.741232 790 797 811 814 815 815 829 832 836 841 843 862 866 924 1044 
1640981654.726264 ### RSSI: -53, 14, 1640050118 ,2139 
1640981654.737503 ### DEBUG: Ticks: 2139, 16, 0 
1640981654.737620 1640050118 c0:98:e5:42:00:2c 475 
1640981654.737671 655 660 675 702 706 710 718 719 729 742 755 759 761 772 782 
1640981654.737725 783 787 788 801 803 805 811 812 823 825 838 855 902 927 1004 
1640981655.726579 ### RSSI: -55, 14, 1640050119 ,2154 
1640981655.738345 ### DEBUG: Ticks: 2154, 15, 0 
1640981655.738461 1640050119 c0:98:e5:42:00:2c 383 
1640981655.738516 620 623 646 663 674 680 686 698 699 700 700 711 714 718 722 
1640981655.738564 743 752 760 760 768 769 770 780 787 812 821 848 890 941 1047 
1640981656.725896 ### RSSI: -52, 30, 1640050120 ,2170 
1640981656.736416 ### DEBUG: Ticks: 2170, 16, 0 
1640981656.736520 1640050120 c0:98:e5:42:00:2c 298 
1640981656.736562 483 485 497 498 545 551 553 556 563 578 580 583 584 585 597 
1640981656.736601 598 600 616 617 621 653 655 656 664 667 674 681 685 795 903 
1640981657.735056 ### RSSI: -46, 19, 1640050121 ,2186 
1640981658.725776 ### RSSI: -53, 32, 1640050122 ,2201 
1640981659.632289 ### INFO: Device is now STATIONARY
1640981659.731482 ### RSSI: -52, 4, 1640050123 ,2217 
1640981659.731582 ### DEBUG: Ticks: 2217, 47, 0 
1640981659.731624 1640050123 c0:98:e5:42:00:2c 359 
1640981659.731677 504 547 548 551 555 580 583 584 587 590 601 602 604 616 620 
1640981659.731720 630 648 655 657 680 683 687 697 700 701 703 737 752 770 854 
