1640938230.455196 ###RTT Client: ************************************************************ 
1640938230.455418 ###RTT Client: *               SEGGER Microcontroller GmbH                * 
1640938230.455484 ###RTT Client: *   Solutions for real time microcontroller applications   * 
1640938230.455547 ###RTT Client: ************************************************************ 
1640938230.455665 ###RTT Client: *                                                          * 
1640938230.455736 ###RTT Client: *       (c) 2012 - 2016  SEGGER Microcontroller GmbH       * 
1640938230.455800 ###RTT Client: *                                                          * 
1640938230.455854 ###RTT Client: *     www.segger.com     Support: support@segger.com       * 
1640938230.455913 ###RTT Client: *                                                          * 
1640938230.455966 ###RTT Client: ************************************************************ 
1640938230.456025 ###RTT Client: *                                                          * 
1640938230.456084 ###RTT Client: * SEGGER J-Link RTT Client   Compiled Jan 30 2018 18:46:58 * 
1640938230.456136 ###RTT Client: *                                                          * 
1640938230.456195 ###RTT Client: ************************************************************ 
1640938230.456255 
1640938230.456308 ###RTT Client: -----------------------------------------------
1640938230.456367 ###RTT Client: Connecting to J-Link RTT Server via localhost:9201  Connected.
1640938230.456418 SEGGER J-Link V6.30 - Real time terminal output
1640938230.456471 J-Link EDU Mini V1 compiled Oct  2 2020 17:00:40 V1.0, SN=801021851
1640938230.456529 Process: JLinkExe
1640938230.456587 ### DEBUG: BLE START SCANNING called
1640938230.456649 ### RSSI: -54, 18, 1640051590 ,7998 
1640938230.456701 
1640938230.456754 ----------------------------------------------
1640938230.456812 ### WARNING: Chip experienced a reset with reason 2
1640938230.456871 ### INFO: Bluetooth address: c0:98:e5:42:00:2c
1640938230.456930 ### DEBUG: Time is 00:00:00, 2000/00/00
1640938230.456983 ### INFO: Time is 00:00:00, 2000/00/00
1640938230.457043 ### INFO: Initializing SD Card...
1640938230.457097 ### INFO: Connecting to the SquarePoint module...
1640938230.457155 ### INFO: SquarePoint module connection successful
1640938230.457214 ### INFO: Device is now STATIONARY
1640938230.457274 ### INFO: Battery voltage currently 3992 mV
1640938230.457327 ### INFO: SD card flushed!
1640938230.457385 ### INFO: SD card flushed!
1640938230.457443 ### DEBUG: BLE START SCANNING called
1640938230.457502 ### DEBUG: Ticks: 72, 72, 0 
1640938230.457555 1640051596 c0:98:e5:42:00:29 313 
1640938230.457607 -140 -109 -105 -103 -99 -97 -82 -66 -59 -58 -57 -56 -55 -50 -49 
1640938230.457666 -48 -45 -44 -38 -31 -23 -16 -14 -8 7 16 41 56 63 170 
1640938230.457725 ### INFO: Switched Scheduler EUI from 00:00:00:00:00:00 to c0:98:e5:42:00:2c
1640938230.457786 ### DEBUG: BLE STOP SCANNING called
1640938230.457838 ### DEBUG: BLE START SCANNING called
1640938230.457896 ### DEBUG: Ticks: 88, 16, 0 
1640938230.457955 1640051597 c0:98:e5:42:00:29 307 
1640938230.458008 -178 -172 -151 -147 -145 -144 -144 -129 -126 -125 -119 -110 -109 -108 -108 
1640938230.458067 -108 -108 -99 -97 -93 -90 -90 -85 -76 -52 -42 -30 -28 -1 125 
1640938230.458126 ### DEBUG: BLE START SCANNING called
1640938230.458180 ### addr: c0:98:e5:42:00:29 
1640938230.458238 ### on_adv_report outer RSSI: -53, time:1640051598 
1640938230.458297 ### INFO: Discovered new device: c0:98:e5:42:00:29
1640938230.458356 ### DEBUG: connected? already connected
1640938230.458409 ### DEBUG: BLE START SCANNING called
1640938230.458467 ### BLE EVENT: 16, INFO: BLE CONNECTED!
1640938230.458525 ### DEBUG: BLE START SCANNING called
1640938230.458578 ### RSSI: -50, 4, 1640051598 ,91 
1640938230.458631 ### DEBUG: BLE START SCANNING called
1640938230.458684 ### RSSI: -52, 23, 1640051598 ,93 
1640938230.458735 ### DEBUG: BLE START SCANNING called
1640938230.458787 ### RSSI: -51, 35, 1640051598 ,94 
1640938230.458840 ### DEBUG: BLE START SCANNING called
1640938230.458892 ### RSSI: -52, 21, 1640051598 ,96 
1640938230.458945 ### DEBUG: BLE START SCANNING called
1640938230.458997 ### RSSI: -52, 14, 1640051598 ,98 
1640938230.459050 ### DEBUG: BLE START SCANNING called
1640938230.459102 ### RSSI: -51, 31, 1640051598 ,99 
1640938230.459154 ### DEBUG: BLE START SCANNING called
1640938230.459207 ### RSSI: -52, 13, 1640051598 ,101 
1640938230.459258 ### DEBUG: BLE START SCANNING called
1640938230.459310 ### RSSI: -53, 19, 1640051598 ,102 
1640938230.459362 ### DEBUG: BLE START SCANNING called
1640938230.459414 ### ERROR: Failed reading SquarePoint packet length
1640938230.459467 ### DEBUG: BLE START SCANNING called
1640938230.459520 ### RSSI: -49, 3, 1640051598 ,104 
1640938230.459576 ### DEBUG: BLE START SCANNING called
1640938230.459657 ### DEBUG: BLE START SCANNING called
1640938230.459710 ### RSSI: -53, 18, 1640051599 ,105 
1640938230.459761 ### DEBUG: BLE START SCANNING called
1640938230.459814 ### RSSI: -49, 28, 1640051599 ,107 
1640938230.459872 ### DEBUG: BLE START SCANNING called
1640938230.459921 ### RSSI: -52, 23, 1640051599 ,108 
1640938230.459971 ### DEBUG: BLE START SCANNING called
1640938230.460020 ### RSSI: -50, 4, 1640051599 ,110 
1640938230.460071 ### DEBUG: BLE START SCANNING called
1640938230.460120 ### RSSI: -52, 10, 1640051599 ,112 
1640938230.460169 ### DEBUG: BLE START SCANNING called
1640938230.460218 ### RSSI: -54, 12, 1640051599 ,113 
1640938230.460268 ### DEBUG: BLE START SCANNING called
1640938230.460318 ### RSSI: -52, 23, 1640051599 ,115 
1640938230.460367 ### DEBUG: BLE START SCANNING called
1640938230.460417 ### RSSI: -52, 12, 1640051599 ,116 
1640938230.460467 ### DEBUG: BLE START SCANNING called
1640938230.460517 ### DEBUG: BLE START SCANNING called
1640938230.460566 ### RSSI: -50, 33, 1640051600 ,132 
1640938230.460616 ### DEBUG: BLE START SCANNING called
1640938230.460666 ### DEBUG: Ticks: 135, 47, 1 
1640938230.460716 1640051600 c0:98:e5:42:00:29 362 
1640938230.460766 87 93 104 110 116 116 124 127 132 136 144 148 149 152 153 
1640938230.460816 155 157 162 164 166 167 183 184 199 221 222 225 265 277 383 
1640938230.460866 ### DEBUG: BLE START SCANNING called
1640938230.460916 ### DEBUG: BLE START SCANNING called
1640938230.460966 ### RSSI: -51, 34, 1640051600 ,148 
1640938230.461016 ### DEBUG: BLE START SCANNING called
1640938230.461065 ### DEBUG: Ticks: 150, 15, 1 
1640938230.461115 1640051601 c0:98:e5:42:00:29 294 
1640938230.461165 -191 -186 -178 -176 -175 -169 -162 -160 -150 -145 -140 -132 -129 -128 -120 
1640938230.461215 -116 -114 -105 -104 -101 -95 -95 -92 -89 -87 -86 -47 -45 8 43 
1640938230.461265 ### DEBUG: BLE START SCANNING called
1640938230.461314 ### RSSI: -49, 35, 1640051601 ,163 
1640938230.461364 ### DEBUG: Ticks: 166, 16, 1 
1640938230.461413 1640051602 c0:98:e5:42:00:29 396 
1640938230.461463 26 43 61 66 69 73 74 78 81 82 84 88 89 94 100 
1640938230.461513 101 103 107 109 110 116 116 120 130 131 154 164 214 257 314 
1640938230.461564 ### RSSI: -50, 31, 1640051602 ,179 
1640938230.461613 ### DEBUG: Ticks: 182, 16, 1 
1640938230.461663 1640051603 c0:98:e5:42:00:29 394 
1640938230.461713 40 47 49 49 49 52 61 63 70 73 82 82 84 87 87 
1640938230.461763 92 94 98 99 101 101 103 115 115 117 136 141 199 204 312 
1640938230.461813 ### RSSI: -51, 10, 1640051603 ,194 
1640938230.461864 ### DEBUG: Ticks: 197, 15, 1 
1640938230.461914 1640051604 c0:98:e5:42:00:29 310 
1640938230.461963 19 24 33 37 38 40 40 42 46 48 49 51 57 59 62 
1640938230.462013 68 69 76 76 78 82 88 89 93 94 121 123 128 147 278 
1640938230.462063 ### RSSI: -48, 29, 1640051605 ,210 
1640938230.462113 ### DEBUG: Ticks: 213, 16, 1 
1640938230.462162 1640051605 c0:98:e5:42:00:29 290 
1640938230.462213 -81 -62 -48 -30 -30 -24 -23 -14 -12 -9 -8 -7 -7 -2 -1 
1640938230.462262 1 1 2 5 12 15 20 22 29 36 37 52 62 84 224 
1640938230.462313 ### RSSI: -51, 14, 1640051606 ,226 
1640938230.525802 ### DEBUG: Ticks: 229, 16, 1 
1640938230.526000 1640051606 c0:98:e5:42:00:29 270 
1640938230.526122 -158 -156 -140 -139 -135 -135 -132 -129 -129 -127 -125 -117 -112 -106 -104 
1640938230.526256 -99 -97 -93 -82 -80 -79 -73 -61 -61 -54 -48 -29 -16 -9 143 
1640938231.338015 ### RSSI: -48, 36, 1640051607 ,241 
1640938231.521076 ### DEBUG: Ticks: 244, 15, 1 
1640938231.521373 1640051607 c0:98:e5:42:00:29 310 
1640938231.522021 -126 -112 -102 -98 -97 -96 -92 -91 -87 -81 -76 -75 -70 -70 -66 
1640938231.535882 -65 -61 -55 -55 -48 -48 -46 -44 -43 -28 -15 36 38 63 108 
1640938232.336023 ### RSSI: -51, 17, 1640051608 ,257 
1640938232.528364 ### DEBUG: Ticks: 260, 16, 1 
1640938232.528692 1640051608 c0:98:e5:42:00:29 348 
1640938232.528873 1 27 31 36 36 36 40 44 49 56 60 62 64 64 73 
1640938232.529062 76 83 87 91 92 100 121 122 131 140 161 182 192 196 294 
1640938233.336501 ### RSSI: -48, 28, 1640051609 ,272 
1640938233.525644 ### DEBUG: Ticks: 275, 15, 1 
1640938233.525955 1640051609 c0:98:e5:42:00:29 297 
1640938233.526147 -139 -133 -104 -103 -102 -102 -100 -95 -93 -91 -84 -80 -75 -63 -60 
1640938233.526324 -59 -57 -56 -54 -51 -43 -29 -26 -23 -20 -19 0 6 29 152 
1640938234.329667 ### RSSI: -48, 3, 1640051610 ,288 
1640938234.520366 ### DEBUG: Ticks: 291, 16, 1 
1640938234.531077 1640051610 c0:98:e5:42:00:29 342 
1640938234.531381 -93 -84 -76 -74 -69 -69 -66 -65 -63 -59 -59 -56 -54 -54 -53 
1640938234.531561 -52 -48 -47 -46 -44 -39 -24 -16 -8 14 41 42 45 84 173 
1640938235.335338 ### RSSI: -52, 11, 1640051611 ,304 
1640938235.526253 ### DEBUG: Ticks: 307, 16, 1 
1640938235.526471 1640051611 c0:98:e5:42:00:29 279 
1640938235.526605 -85 -78 -64 -57 -55 -53 -52 -51 -50 -47 -44 -39 -39 -28 -27 
1640938235.526767 -25 -24 -18 -10 -7 -6 19 26 35 37 69 77 109 151 181 
1640938236.329876 ### RSSI: -48, 3, 1640051612 ,319 
1640938236.521744 ### ERROR: Failed reading SquarePoint packet length
1640938237.329628 ### RSSI: -51, 24, 1640051613 ,335 
1640938238.329046 ### RSSI: -48, 0, 1640051614 ,351 
1640938238.521118 ### DEBUG: Ticks: 354, 47, 1 
1640938238.521443 1640051614 c0:98:e5:42:00:29 262 
1640938238.535563 -144 -133 -128 -124 -120 -117 -116 -113 -111 -108 -101 -99 -98 -97 -93 
1640938238.535885 -93 -84 -77 -75 -72 -63 -62 -41 -38 -33 -14 9 10 27 146 
1640938239.336213 ### RSSI: -50, 32, 1640051615 ,366 
1640938239.529755 ### DEBUG: Ticks: 369, 15, 1 
1640938239.530008 1640051615 c0:98:e5:42:00:29 278 
1640938239.530174 -75 -71 -56 -41 -39 -38 -38 -34 -30 -29 -26 -22 -20 -19 -17 
1640938239.530325 -14 -12 -4 -3 -3 -2 4 5 12 13 17 36 49 85 220 
1640938240.332444 ### RSSI: -52, 23, 1640051616 ,382 
1640938240.523083 ### DEBUG: Ticks: 385, 16, 1 
1640938240.523335 1640051616 c0:98:e5:42:00:29 288 
1640938240.523498 -190 -190 -185 -173 -173 -172 -168 -162 -156 -154 -153 -144 -142 -141 -133 
1640938240.523745 -132 -125 -123 -120 -119 -106 -99 -94 -91 -88 -86 -75 -71 -37 91 
1640938241.328946 ### RSSI: -54, 18, 1640051617 ,397 
1640938241.523067 ### DEBUG: Ticks: 400, 15, 1 
1640938241.523370 1640051617 c0:98:e5:42:00:29 323 
1640938241.523508 -118 -83 -82 -67 -67 -66 -58 -56 -55 -46 -45 -45 -44 -41 -41 
1640938241.523709 -39 -33 -29 -27 -21 -4 -3 8 16 17 30 32 46 77 208 
1640938242.334704 ### RSSI: -49, 3, 1640051618 ,413 
1640938242.524282 ### DEBUG: Ticks: 416, 16, 1 
1640938242.524513 1640051618 c0:98:e5:42:00:29 419 
1640938242.524633 37 52 52 79 82 82 83 90 93 103 105 105 105 111 112 
1640938242.524772 113 117 120 121 123 126 128 141 142 152 167 188 233 254 365 
1640938243.329451 ### RSSI: -51, 33, 1640051619 ,429 
1640938243.529567 ### DEBUG: Ticks: 432, 16, 1 
1640938243.529821 1640051619 c0:98:e5:42:00:29 262 
1640938243.529975 -90 -84 -80 -78 -74 -69 -68 -62 -52 -50 -49 -49 -46 -39 -37 
1640938243.530136 -37 -37 -36 -35 -32 -16 -15 -7 0 1 10 25 35 71 178 
1640938244.330154 ### RSSI: -51, 21, 1640051620 ,444 
1640938244.521151 ### DEBUG: Ticks: 447, 15, 1 
1640938244.521439 1640051620 c0:98:e5:42:00:29 286 
1640938244.521632 -81 -67 -64 -62 -51 -51 -49 -48 -44 -42 -41 -40 -40 -39 -27 
1640938244.521856 -25 -23 -23 -21 -19 -9 -2 1 31 36 41 55 85 138 196 
1640938245.334501 ### RSSI: -50, 25, 1640051621 ,460 
1640938245.529785 ### DEBUG: Ticks: 463, 16, 1 
1640938245.530091 1640051621 c0:98:e5:42:00:29 296 
1640938245.530285 -171 -154 -149 -144 -139 -132 -131 -129 -127 -124 -120 -117 -116 -114 -114 
1640938245.530472 -103 -102 -95 -88 -83 -82 -76 -71 -60 -57 -28 -23 -16 7 147 
1640938246.333069 ### RSSI: -51, 8, 1640051622 ,476 
1640938246.522971 ### DEBUG: Ticks: 479, 16, 1 
1640938246.523253 1640051622 c0:98:e5:42:00:29 384 
1640938246.523433 16 38 46 57 66 78 84 90 94 96 97 97 97 99 111 
1640938246.523715 112 112 113 117 126 126 133 138 148 149 193 197 212 259 358 
1640938247.333913 ### RSSI: -53, 12, 1640051623 ,491 
1640938247.523303 ### DEBUG: Ticks: 494, 15, 1 
1640938247.523530 1640051623 c0:98:e5:42:00:29 311 
1640938247.523733 1 20 20 20 30 38 43 43 44 47 48 48 48 53 55 
1640938247.523877 58 60 64 67 73 89 91 95 118 120 131 138 140 157 312 
1640938248.332512 ### RSSI: -60, 15, 1640051624 ,507 
1640938248.526680 ### DEBUG: Ticks: 510, 16, 1 
1640938248.526942 1640051624 c0:98:e5:42:00:29 322 
1640938248.527098 -8 -7 14 18 25 27 36 36 38 43 46 46 59 60 62 
1640938248.527260 65 68 76 76 81 85 87 88 92 107 112 126 128 143 312 
1640938249.328497 ### RSSI: -49, 26, 1640051624 ,522 
1640938249.524938 ### DEBUG: Ticks: 525, 15, 1 
1640938249.525225 1640051625 c0:98:e5:42:00:29 282 
1640938249.525451 -79 -75 -69 -51 -50 -48 -42 -40 -36 -29 -25 -23 -23 -22 -21 
1640938249.525628 -21 -19 -16 -14 -12 -10 -9 3 6 20 20 27 47 75 221 
1640938250.331025 ### RSSI: -52, 9, 1640051625 ,538 
1640938250.519949 ### ERROR: Failed reading SquarePoint packet length
1640938251.334168 ### RSSI: -48, 0, 1640051626 ,554 
1640938252.331425 ### RSSI: -52, 34, 1640051627 ,569 
1640938252.522817 ### DEBUG: Ticks: 572, 47, 1 
1640938252.523025 1640051628 c0:98:e5:42:00:29 382 
1640938252.523146 0 39 40 43 45 50 53 56 58 61 67 75 77 77 78 
1640938252.523269 81 86 86 86 88 90 97 98 99 110 141 148 200 236 325 
1640938253.332344 ### RSSI: -52, 14, 1640051629 ,585 
1640938253.523771 ### DEBUG: Ticks: 588, 16, 1 
1640938253.524020 1640051629 c0:98:e5:42:00:29 336 
1640938253.524184 -45 -37 -29 -29 -28 -24 -14 -11 -10 -5 2 3 10 11 19 
1640938253.524334 21 22 26 34 35 35 39 53 57 82 87 123 143 241 0 
1640938254.332608 ### RSSI: -52, 7, 1640051630 ,600 
1640938254.525063 ### DEBUG: Ticks: 603, 15, 1 
1640938254.525276 1640051630 c0:98:e5:42:00:29 345 
1640938254.525397 15 24 30 43 48 49 50 50 52 54 57 57 62 64 69 
1640938254.525521 76 77 82 83 86 88 91 94 106 112 135 150 185 288 0 
1640938255.334836 ### RSSI: -50, 25, 1640051631 ,616 
1640938255.525719 ### DEBUG: Ticks: 619, 16, 1 
1640938255.526349 1640051631 c0:98:e5:42:00:29 282 
1640938255.526556 -87 -85 -80 -75 -66 -63 -61 -50 -43 -41 -40 -39 -38 -35 -34 
1640938255.527028 -27 -21 -11 -1 2 6 6 11 12 20 21 34 59 81 212 
1640938256.337392 ### RSSI: -52, 7, 1640051632 ,632 
1640938256.527051 ### DEBUG: Ticks: 635, 16, 1 
1640938256.527297 1640051632 c0:98:e5:42:00:29 304 
1640938256.527440 -50 -18 -10 11 12 16 18 19 21 22 26 30 36 37 37 
1640938256.527840 40 40 41 41 44 45 56 57 67 79 97 98 135 143 275 
1640938257.337966 ### RSSI: -48, 2, 1640051633 ,647 
1640938257.528400 ### DEBUG: Ticks: 650, 15, 1 
1640938257.530016 1640051633 c0:98:e5:42:00:29 416 
1640938257.531989 -15 7 7 7 7 9 14 29 38 44 47 52 54 61 64 
1640938257.533874 65 66 73 78 85 85 89 90 97 101 117 120 131 160 253 
1640938258.333137 ### RSSI: -50, 35, 1640051634 ,663 
1640938258.527474 ### DEBUG: Ticks: 666, 16, 1 
1640938258.527809 1640051634 c0:98:e5:42:00:29 260 
1640938258.527965 -110 -80 -76 -73 -67 -66 -62 -61 -61 -56 -55 -48 -46 -41 -40 
1640938258.528125 -33 -32 -28 -28 -20 -8 0 7 16 22 34 46 66 70 172 
1640938259.337037 ### RSSI: -53, 10, 1640051635 ,679 
1640938259.522644 ### DEBUG: Ticks: 682, 16, 1 
1640938259.522932 1640051635 c0:98:e5:42:00:29 332 
1640938259.537024 -149 -149 -116 -115 -106 -103 -101 -98 -94 -94 -92 -89 -87 -84 -84 
1640938259.537309 -83 -80 -79 -77 -70 -67 -66 -61 -60 -39 -27 -9 -3 0 144 
1640938259.895770 ### INFO: SD card flushed!
1640938260.335019 ### RSSI: -50, 5, 1640051636 ,694 
1640938260.529306 ### DEBUG: Ticks: 697, 15, 1 
1640938260.529589 1640051636 c0:98:e5:42:00:29 356 
1640938260.529914 -83 -56 -28 -22 -17 -17 -16 -16 -12 -7 -6 0 0 0 2 
1640938260.530100 3 3 6 7 12 21 24 45 51 64 64 66 83 115 236 
1640938261.331132 ### RSSI: -54, 19, 1640051637 ,710 
1640938261.524284 ### DEBUG: Ticks: 713, 16, 1 
1640938261.524541 1640051637 c0:98:e5:42:00:29 347 
1640938261.525044 -217 -212 -209 -201 -194 -189 -184 -173 -168 -155 -151 -147 -145 -143 -142 
1640938261.525505 -142 -134 -133 -129 -125 -115 -113 -110 -105 -80 -56 -53 -49 -38 65 
1640938262.329643 ### RSSI: -48, 1, 1640051638 ,725 
1640938262.531241 ### DEBUG: Ticks: 728, 15, 1 
1640938262.531533 1640051638 c0:98:e5:42:00:29 344 
1640938262.531752 -4 4 15 26 28 29 29 29 33 42 50 51 62 64 64 
1640938262.531915 66 69 70 73 81 84 86 92 93 98 103 114 138 153 301 
1640938263.330456 ### RSSI: -48, 36, 1640051639 ,741 
1640938263.529838 ### DEBUG: Ticks: 744, 16, 1 
1640938263.530092 1640051639 c0:98:e5:42:00:29 308 
1640938263.530312 -8 4 11 20 27 33 36 39 40 42 48 48 48 63 67 
1640938263.530474 71 72 77 79 85 86 88 104 105 109 118 131 142 148 304 
1640938264.333111 ### RSSI: -49, 27, 1640051640 ,757 
1640938264.523655 ### ERROR: Failed reading SquarePoint packet length
1640938265.329857 ### RSSI: -51, 23, 1640051641 ,772 
1640938266.330333 ### RSSI: -50, 35, 1640051642 ,788 
1640938266.523141 ### DEBUG: Ticks: 791, 47, 1 
1640938266.523392 1640051642 c0:98:e5:42:00:29 294 
1640938266.523689 -134 -111 -104 -97 -87 -80 -68 -65 -63 -57 -57 -56 -53 -50 -50 
1640938266.523857 -49 -47 -45 -43 -42 -35 -31 -26 -19 -6 8 33 41 47 144 
1640938267.326975 ### RSSI: -50, 4, 1640051643 ,804 
1640938267.529018 ### DEBUG: Ticks: 807, 16, 1 
1640938267.529274 1640051643 c0:98:e5:42:00:29 352 
1640938267.529430 -40 -21 -4 -1 0 5 9 12 14 16 20 26 31 33 39 
1640938267.529610 39 39 42 49 61 64 68 69 77 79 84 105 134 137 291 
1640938268.334210 ### RSSI: -48, 27, 1640051644 ,819 
1640938268.527110 ### DEBUG: Ticks: 822, 15, 1 
1640938268.527467 1640051644 c0:98:e5:42:00:29 389 
1640938268.527743 -5 10 15 23 27 32 34 38 39 39 41 46 49 50 64 
1640938268.527938 67 69 72 74 79 81 84 86 92 119 140 149 166 205 283 
1640938269.327447 ### RSSI: -50, 16, 1640051645 ,835 
1640938269.526045 ### DEBUG: Ticks: 838, 16, 1 
1640938269.526342 1640051645 c0:98:e5:42:00:29 257 
1640938269.526525 -118 -109 -96 -77 -76 -74 -73 -70 -62 -60 -58 -52 -47 -47 -42 
1640938269.526737 -42 -37 -35 -31 -30 -18 -17 -12 -11 3 29 39 45 97 182 
1640938270.329775 ### RSSI: -53, 18, 1640051646 ,850 
1640938270.521513 ### DEBUG: Ticks: 853, 15, 1 
1640938270.521807 1640051646 c0:98:e5:42:00:29 330 
1640938270.533908 -69 -57 -34 -34 -31 -30 -30 -26 -24 -20 -18 -16 -16 -16 -16 
1640938270.534236 -15 -9 -5 -2 -1 0 2 3 13 25 25 27 28 66 212 
1640938271.333975 ### RSSI: -54, 10, 1640051647 ,866 
1640938271.523691 ### DEBUG: Ticks: 869, 16, 1 
1640938271.523991 1640051647 c0:98:e5:42:00:29 374 
1640938271.524172 -65 -57 -55 -53 -52 -42 -36 -36 -31 -30 -22 -22 -18 -16 -14 
1640938271.524388 -12 -6 -3 6 7 20 21 27 34 37 47 82 84 128 193 
1640938272.334400 ### RSSI: -50, 29, 1640051648 ,882 
1640938272.527182 ### DEBUG: Ticks: 885, 16, 1 
1640938272.527471 1640051648 c0:98:e5:42:00:29 303 
1640938272.527761 -46 -35 -34 -26 -22 -11 -10 -5 -3 9 10 13 17 20 20 
1640938272.527955 29 29 31 42 42 43 44 44 56 62 74 96 100 106 241 
1640938273.331535 ### RSSI: -50, 5, 1640051648 ,897 
1640938273.522035 ### DEBUG: Ticks: 900, 15, 1 
1640938273.522286 1640051649 c0:98:e5:42:00:29 393 
1640938273.522441 -2 16 23 24 31 43 47 50 51 56 61 61 63 66 66 
1640938273.522652 67 74 74 79 81 92 97 98 104 106 137 141 154 199 282 
1640938274.327196 ### RSSI: -52, 23, 1640051649 ,913 
1640938274.528498 ### DEBUG: Ticks: 916, 16, 1 
1640938274.528746 1640051650 c0:98:e5:42:00:29 394 
1640938274.528900 37 48 59 63 65 75 83 84 87 91 93 94 97 101 101 
1640938274.529196 109 113 117 122 124 126 127 130 142 163 176 211 233 334 0 
1640938275.330155 ### RSSI: -51, 15, 1640051650 ,928 
1640938275.532123 ### DEBUG: Ticks: 931, 15, 1 
1640938275.532412 1640051651 c0:98:e5:42:00:29 302 
1640938275.532624 -21 -12 14 33 33 41 43 48 51 52 57 58 61 69 72 
1640938275.532812 74 75 75 77 80 82 101 106 106 108 139 141 161 217 332 
1640938276.331776 ### RSSI: -51, 32, 1640051651 ,944 
1640938276.526068 ### DEBUG: Ticks: 947, 16, 1 
1640938276.526330 1640051652 c0:98:e5:42:00:29 308 
1640938276.526485 -125 -112 -110 -95 -88 -87 -79 -74 -70 -70 -69 -68 -60 -57 -57 
1640938276.526644 -55 -49 -47 -43 -40 -32 -26 -25 -23 -17 15 16 23 37 164 
1640938277.326384 ### RSSI: -49, 29, 1640051653 ,960 
1640938277.518618 ### ERROR: Failed reading SquarePoint packet length
1640938278.332535 ### RSSI: -49, 3, 1640051654 ,975 
1640938279.327908 ### RSSI: -51, 6, 1640051655 ,991 
1640938279.529306 ### DEBUG: Ticks: 994, 47, 1 
1640938279.529553 1640051655 c0:98:e5:42:00:29 383 
1640938279.529709 12 22 23 26 29 32 33 34 37 41 43 43 46 47 52 
1640938279.529867 58 60 64 68 75 78 86 98 102 106 108 113 126 164 281 
1640938280.327778 ### RSSI: -47, 0, 1640051656 ,1007 
1640938280.524399 ### DEBUG: Ticks: 1010, 16, 1 
1640938280.524701 1640051656 c0:98:e5:42:00:29 327 
1640938280.524837 -43 -34 -33 -24 -24 -23 -19 -19 -18 -9 -1 2 7 8 9 
1640938280.524967 23 25 25 26 32 38 38 40 53 59 62 78 89 137 262 
1640938281.332120 ### RSSI: -54, 18, 1640051657 ,1022 
1640938281.527273 ### DEBUG: Ticks: 1025, 15, 1 
1640938281.527525 1640051657 c0:98:e5:42:00:29 380 
1640938281.527742 1 3 8 15 33 34 36 39 49 52 53 57 57 59 67 
1640938281.528273 69 70 82 96 100 101 105 111 112 115 117 121 154 181 310 
1640938282.327139 ### RSSI: -58, 15, 1640051658 ,1038 
1640938282.521601 ### DEBUG: Ticks: 1041, 16, 1 
1640938282.521887 1640051658 c0:98:e5:42:00:29 345 
1640938282.534472 32 46 51 62 71 80 83 89 94 99 99 100 102 104 108 
1640938282.534755 111 113 113 121 127 131 133 141 145 156 166 204 211 217 380 
1640938283.331401 ### RSSI: -51, 21, 1640051659 ,1053 
1640938283.523841 ### DEBUG: Ticks: 1056, 15, 1 
1640938283.524114 1640051659 c0:98:e5:42:00:29 321 
1640938283.524309 22 26 36 46 49 54 55 58 59 63 68 70 70 73 74 
1640938283.524483 76 77 77 81 87 94 99 102 104 107 118 139 190 217 322 
1640938284.327322 ### RSSI: -51, 34, 1640051660 ,1069 
1640938284.528720 ### DEBUG: Ticks: 1072, 16, 1 
1640938284.529000 1640051660 c0:98:e5:42:00:29 310 
1640938284.529193 -33 -19 -12 -9 -9 -7 -6 -1 3 12 12 13 23 28 28 
1640938284.529369 35 37 38 45 50 53 53 56 65 73 88 107 123 147 247 
1640938285.335892 ### RSSI: -51, 34, 1640051661 ,1085 
1640938285.524546 ### DEBUG: Ticks: 1088, 16, 1 
1640938285.524790 1640051661 c0:98:e5:42:00:29 291 
1640938285.524945 -44 -26 -20 -8 -7 -6 -2 -1 7 9 10 20 20 22 24 
1640938285.525123 24 29 30 37 44 46 48 53 57 58 76 97 113 155 265 
1640938286.329746 ### RSSI: -52, 13, 1640051662 ,1100 
1640938286.522753 ### DEBUG: Ticks: 1103, 15, 1 
1640938286.523041 1640051662 c0:98:e5:42:00:29 341 
1640938286.523224 -17 -5 -3 2 11 12 21 22 35 40 42 43 46 46 49 
1640938286.523411 63 66 69 70 74 76 77 78 78 81 122 125 131 141 280 
1640938287.333917 ### RSSI: -51, 22, 1640051663 ,1116 
1640938287.523794 ### DEBUG: Ticks: 1119, 16, 1 
1640938287.524101 1640051663 c0:98:e5:42:00:29 379 
1640938287.524281 64 71 86 97 101 103 105 108 112 113 113 118 124 127 129 
1640938287.524503 139 140 145 149 156 158 166 166 169 187 197 217 223 261 372 
1640938288.329167 ### RSSI: -49, 4, 1640051664 ,1132 
1640938288.524364 ### DEBUG: Ticks: 1135, 16, 1 
1640938288.524598 1640051664 c0:98:e5:42:00:29 281 
1640938288.524778 -117 -91 -89 -85 -78 -76 -66 -66 -62 -58 -51 -49 -48 -46 -45 
1640938288.524928 -38 -34 -32 -31 -16 -15 -14 -13 -6 12 20 27 37 63 179 
1640938289.326405 ### RSSI: -50, 30, 1640051665 ,1147 
1640938289.529503 ### DEBUG: Ticks: 1150, 15, 1 
1640938289.529706 1640051665 c0:98:e5:42:00:29 382 
1640938289.529837 0 8 9 15 20 22 38 40 41 43 44 46 47 47 47 
1640938289.529962 48 49 52 54 57 62 65 70 72 77 110 111 147 159 276 
1640938290.326391 ### RSSI: -52, 15, 1640051666 ,1163 
1640938290.518928 ### ERROR: Failed reading SquarePoint packet length
1640938291.325852 ### RSSI: -51, 21, 1640051667 ,1178 
1640938292.336547 ### RSSI: -50, 33, 1640051668 ,1194 
1640938292.529780 ### DEBUG: Ticks: 1197, 47, 1 
1640938292.530952 1640051668 c0:98:e5:42:00:29 332 
1640938292.531229 -20 1 2 3 7 14 16 19 20 22 25 26 27 32 33 
1640938292.531411 39 41 48 52 62 62 68 72 83 99 102 105 154 185 282 
1640938293.330314 ### RSSI: -50, 16, 1640051669 ,1210 
1640938293.521467 ### DEBUG: Ticks: 1213, 16, 1 
1640938293.533325 1640051669 c0:98:e5:42:00:29 284 
1640938293.533581 -201 -197 -195 -186 -176 -174 -160 -149 -145 -141 -137 -133 -130 -129 -125 
1640938293.533777 -125 -120 -117 -117 -112 -110 -102 -102 -100 -89 -84 -71 -68 -27 62 
1640938294.327318 ### RSSI: -49, 26, 1640051670 ,1225 
1640938294.527377 ### DEBUG: Ticks: 1228, 15, 1 
1640938294.527735 1640051670 c0:98:e5:42:00:29 384 
1640938294.527942 27 28 40 55 77 78 87 90 91 91 93 93 98 101 105 
1640938294.528149 107 117 120 121 126 141 153 154 156 168 170 176 179 202 328 
1640938295.334974 ### RSSI: -48, 2, 1640051671 ,1241 
1640938295.524417 ### DEBUG: Ticks: 1244, 16, 1 
1640938295.524671 1640051671 c0:98:e5:42:00:29 382 
1640938295.524826 68 85 89 97 110 111 111 120 120 122 130 130 131 131 138 
1640938295.524998 141 145 148 148 149 156 173 177 182 203 209 215 274 333 388 
1640938296.332404 ### RSSI: -52, 10, 1640051672 ,1256 
1640938296.526719 ### DEBUG: Ticks: 1260, 16, 1 
1640938296.527007 1640051672 c0:98:e5:42:00:29 351 
1640938296.527202 -101 -95 -92 -80 -79 -76 -76 -68 -67 -52 -50 -48 -41 -36 -36 
1640938296.527378 -32 -26 -25 -25 -22 -18 -9 -8 0 4 19 42 43 119 202 
1640938297.324700 ### RSSI: -50, 5, 1640051672 ,1272 
1640938297.526753 ### DEBUG: Ticks: 1275, 15, 1 
1640938297.527035 1640051673 c0:98:e5:42:00:29 337 
1640938297.527218 -48 -31 -25 -19 -17 -8 -6 -6 -4 -2 -1 6 6 7 8 
1640938297.527404 9 29 30 34 34 34 39 43 44 49 56 69 77 90 213 
1640938298.330539 ### RSSI: -49, 29, 1640051673 ,1288 
1640938298.524109 ### DEBUG: Ticks: 1291, 16, 1 
1640938298.524385 1640051674 c0:98:e5:42:00:29 307 
1640938298.524560 -63 -22 -19 -11 -1 1 3 4 11 14 14 14 15 17 19 
1640938298.524721 26 27 31 34 39 44 55 70 73 87 137 143 182 184 269 
1640938299.329840 ### RSSI: -48, 27, 1640051674 ,1303 
1640938299.528676 ### DEBUG: Ticks: 1306, 15, 1 
1640938299.528970 1640051675 c0:98:e5:42:00:29 373 
1640938299.529153 -124 -118 -106 -105 -104 -97 -92 -87 -84 -80 -78 -78 -76 -72 -61 
1640938299.529363 -60 -56 -50 -48 -46 -46 -45 -42 -40 -28 -28 -27 -18 -4 135 
1640938299.881572 ### INFO: SD card flushed!
1640938300.336459 ### RSSI: -51, 17, 1640051675 ,1319 
1640938300.525506 ### DEBUG: Ticks: 1322, 16, 1 
1640938300.525796 1640051676 c0:98:e5:42:00:29 311 
1640938300.525977 -57 -32 -9 -8 -3 8 11 20 20 24 24 27 27 31 32 
1640938300.526161 43 47 50 51 53 53 58 61 62 72 86 89 115 132 253 
1640938301.332316 ### RSSI: -47, 1, 1640051677 ,1335 
1640938301.524997 ### DEBUG: Ticks: 1338, 16, 1 
1640938301.525286 1640051677 c0:98:e5:42:00:29 341 
1640938301.525479 -80 -78 -77 -65 -60 -54 -48 -40 -35 -35 -35 -34 -32 -25 -17 
1640938301.525679 -16 -12 -9 -8 3 5 11 14 20 21 43 45 46 117 210 
1640938302.326884 ### RSSI: -50, 32, 1640051678 ,1350 
1640938302.531468 ### DEBUG: Ticks: 1353, 15, 1 
1640938302.531799 1640051678 c0:98:e5:42:00:29 309 
1640938302.531997 -35 25 36 38 40 41 41 43 51 51 55 57 64 69 71 
1640938302.532231 80 82 88 94 95 97 98 98 114 120 135 152 155 216 300 
1640938303.331355 ### RSSI: -52, 17, 1640051679 ,1366 
1640938303.525991 ### DEBUG: Ticks: 1369, 16, 1 
1640938303.526243 1640051679 c0:98:e5:42:00:29 261 
1640938303.526409 -107 -77 -77 -70 -69 -66 -63 -63 -61 -61 -59 -55 -55 -50 -47 
1640938303.526617 -41 -31 -30 -22 -11 -9 -9 1 3 6 37 55 66 70 184 
1640938304.329508 ### RSSI: -52, 6, 1640051680 ,1381 
1640938304.521973 ### ERROR: Failed reading SquarePoint packet length
1640938305.335260 ### RSSI: -52, 11, 1640051681 ,1397 
1640938306.333555 ### RSSI: -53, 19, 1640051682 ,1413 
1640938306.524330 ### DEBUG: Ticks: 1416, 47, 1 
1640938306.524621 1640051682 c0:98:e5:42:00:29 306 
1640938306.524801 -37 -25 -11 -2 0 2 4 5 7 7 17 18 21 23 26 
1640938306.525017 28 33 35 40 40 42 44 51 56 61 80 100 100 107 250 
1640938307.326421 ### RSSI: -50, 4, 1640051683 ,1428 
1640938307.528243 ### DEBUG: Ticks: 1431, 15, 1 
1640938307.528530 1640051683 c0:98:e5:42:00:29 394 
1640938307.528712 -16 6 6 6 11 18 18 20 30 34 37 39 48 51 58 
1640938307.528930 60 65 65 69 72 72 74 88 93 105 131 140 182 189 309 
1640938308.329829 ### RSSI: -49, 27, 1640051684 ,1444 
1640938308.521047 ### DEBUG: Ticks: 1447, 16, 1 
1640938308.534169 1640051684 c0:98:e5:42:00:29 300 
1640938308.534462 -21 -11 -9 -8 0 7 31 35 38 40 41 45 48 49 50 
1640938308.534666 57 57 59 60 63 65 69 73 75 79 83 141 142 150 299 
1640938309.329388 ### RSSI: -52, 14, 1640051685 ,1459 
1640938309.530979 ### DEBUG: Ticks: 1463, 16, 1 
1640938309.531265 1640051685 c0:98:e5:42:00:29 357 
1640938309.531447 1 1 15 26 26 30 40 44 44 51 52 55 65 67 69 
1640938309.531722 77 78 78 79 90 90 99 101 124 151 155 160 166 199 306 
1640938310.327328 ### RSSI: -53, 7, 1640051686 ,1475 
1640938310.523390 ### DEBUG: Ticks: 1478, 15, 1 
1640938310.523693 1640051686 c0:98:e5:42:00:29 286 
1640938310.534349 -65 -38 -37 -36 -29 -28 -26 -26 -21 -14 -11 -8 -1 0 3 
1640938310.534601 4 6 6 12 12 20 27 29 39 39 51 73 104 119 191 
1640938311.334103 ### RSSI: -50, 32, 1640051687 ,1491 
1640938311.528804 ### DEBUG: Ticks: 1494, 16, 1 
1640938311.529058 1640051687 c0:98:e5:42:00:29 335 
1640938311.529218 -17 -5 -3 23 32 39 40 44 47 47 48 48 58 59 64 
1640938311.529380 66 67 68 70 76 79 87 93 97 113 121 142 155 174 322 
1640938312.332894 ### RSSI: -52, 17, 1640051688 ,1506 
1640938312.524921 ### DEBUG: Ticks: 1509, 15, 1 
1640938312.525179 1640051688 c0:98:e5:42:00:29 282 
1640938312.525333 -72 -54 -52 -49 -39 -33 -27 -12 -12 -12 -11 -3 -2 -2 0 
1640938312.525508 0 3 10 16 21 26 29 45 55 85 92 107 112 113 247 
1640938313.331996 ### RSSI: -53, 17, 1640051689 ,1522 
1640938313.524952 ### DEBUG: Ticks: 1525, 16, 1 
1640938313.525241 1640051689 c0:98:e5:42:00:29 318 
1640938313.525420 -70 -60 -47 -46 -44 -39 -31 -31 -29 -17 -15 -12 -9 -7 -6 
1640938313.525605 0 0 0 1 2 5 17 36 51 57 58 66 103 107 216 
1640938314.334117 ### RSSI: -51, 31, 1640051690 ,1538 
1640938314.525630 ### DEBUG: Ticks: 1541, 16, 1 
1640938314.525871 1640051690 c0:98:e5:42:00:29 415 
1640938314.526035 1 27 36 37 43 48 60 63 66 67 68 69 72 74 84 
1640938314.526184 88 88 93 96 96 100 108 114 125 126 131 160 162 193 336 
1640938315.332157 ### RSSI: -50, 30, 1640051691 ,1553 
1640938315.532225 ### DEBUG: Ticks: 1556, 15, 1 
1640938315.532510 1640051691 c0:98:e5:42:00:29 298 
1640938315.532717 -18 -16 -11 -10 -4 0 0 3 3 5 12 17 18 18 19 
1640938315.532934 21 27 32 35 36 38 41 44 59 74 104 118 129 263 0 
1640938316.329349 ### RSSI: -54, 11, 1640051692 ,1569 
1640938316.524277 ### DEBUG: Ticks: 1572, 16, 1 
1640938316.524573 1640051692 c0:98:e5:42:00:29 339 
1640938316.524791 -134 -119 -103 -91 -88 -87 -84 -82 -80 -77 -77 -74 -67 -65 -61 
1640938316.525000 -59 -59 -56 -45 -44 -40 -33 -21 -4 0 8 38 43 58 175 
1640938317.334716 ### RSSI: -51, 23, 1640051693 ,1584 
1640938317.527704 ### ERROR: Failed reading SquarePoint packet length
1640938318.329656 ### RSSI: -53, 13, 1640051694 ,1600 
1640938319.329960 ### RSSI: -52, 22, 1640051695 ,1616 
1640938319.529089 ### DEBUG: Ticks: 1619, 47, 1 
1640938319.529377 1640051695 c0:98:e5:42:00:29 367 
1640938319.529558 -13 11 13 19 24 26 34 34 36 36 37 40 42 49 53 
1640938319.529767 58 63 64 68 70 74 77 87 99 108 124 132 144 175 280 
1640938320.323861 ### RSSI: -53, 9, 1640051696 ,1631 
1640938320.528299 ### DEBUG: Ticks: 1634, 15, 1 
1640938320.528617 1640051696 c0:98:e5:42:00:29 293 
1640938320.528823 -140 -124 -116 -94 -85 -81 -73 -72 -69 -68 -66 -58 -56 -48 -43 
1640938320.528999 -35 -31 -29 -21 -21 -20 -19 -11 0 1 2 3 21 55 154 
1640938321.330828 ### RSSI: -54, 10, 1640051697 ,1647 
1640938321.521708 ### DEBUG: Ticks: 1650, 16, 1 
1640938321.533785 1640051697 c0:98:e5:42:00:29 336 
1640938321.534070 -117 -90 -85 -76 -72 -68 -64 -59 -57 -52 -49 -48 -48 -46 -42 
1640938321.534287 -32 -21 -14 -4 -1 0 2 6 8 15 21 70 73 126 197 
1640938322.333560 ### RSSI: -52, 14, 1640051697 ,1663 
1640938322.520996 ### DEBUG: Ticks: 1666, 16, 1 
1640938322.533127 1640051698 c0:98:e5:42:00:29 287 
1640938322.533377 -88 -81 -81 -79 -77 -57 -49 -47 -43 -30 -29 -25 -20 -12 -12 
1640938322.533542 -9 -7 -6 -2 1 3 6 21 31 35 40 54 101 108 182 
1640938323.333280 ### RSSI: -54, 19, 1640051698 ,1678 
1640938323.525799 ### DEBUG: Ticks: 1681, 15, 1 
1640938323.526756 1640051699 c0:98:e5:42:00:29 333 
1640938323.536063 -2 1 13 20 37 47 50 51 64 65 69 70 73 75 76 
1640938323.536344 85 87 87 97 98 100 107 114 117 126 136 142 195 231 328 
1640938324.325382 ### RSSI: -52, 22, 1640051699 ,1694 
1640938324.531499 ### DEBUG: Ticks: 1697, 16, 1 
1640938324.531835 1640051700 c0:98:e5:42:00:29 346 
1640938324.531990 50 80 84 89 99 100 102 104 105 106 114 115 117 118 122 
1640938324.532162 123 124 127 133 135 146 146 147 169 185 195 206 236 279 349 
1640938325.327653 ### RSSI: -54, 19, 1640051700 ,1709 
1640938325.531266 ### DEBUG: Ticks: 1712, 15, 1 
1640938325.531649 1640051701 c0:98:e5:42:00:29 288 
1640938325.531834 -44 -43 -39 -34 -32 -28 -28 -25 -21 -20 -9 -3 1 6 9 
1640938325.532016 12 15 23 29 34 34 36 37 49 78 81 100 135 160 227 
1640938326.323153 ### RSSI: -49, 35, 1640051702 ,1725 
1640938326.526666 ### DEBUG: Ticks: 1728, 16, 1 
1640938326.526946 1640051702 c0:98:e5:42:00:29 294 
1640938326.527136 -94 -85 -85 -81 -71 -65 -64 -58 -57 -52 -51 -47 -44 -44 -39 
1640938326.527310 -30 -28 -26 -17 -17 -11 3 11 11 14 18 27 37 42 184 
1640938327.324310 ### RSSI: -51, 2, 1640051703 ,1741 
1640938327.525927 ### DEBUG: Ticks: 1744, 16, 1 
1640938327.526218 1640051703 c0:98:e5:42:00:29 302 
1640938327.526399 -9 0 8 11 11 14 28 30 33 35 39 41 43 45 46 
1640938327.526582 49 51 52 59 68 69 70 82 95 128 141 143 167 170 288 
1640938328.334542 ### RSSI: -51, 7, 1640051704 ,1756 
1640938328.524748 ### DEBUG: Ticks: 1759, 15, 1 
1640938328.525092 1640051704 c0:98:e5:42:00:29 384 
1640938328.525268 14 20 33 37 43 51 57 65 66 71 71 72 84 85 89 
1640938328.525454 91 95 101 101 102 104 110 117 120 121 126 149 160 169 314 
1640938329.324769 ### RSSI: -50, 25, 1640051705 ,1772 
1640938329.528882 ### DEBUG: Ticks: 1775, 16, 1 
1640938329.529140 1640051705 c0:98:e5:42:00:29 370 
1640938329.529332 -152 -114 -110 -101 -101 -100 -89 -85 -85 -84 -81 -79 -76 -76 -76 
1640938329.529513 -72 -70 -69 -66 -65 -61 -30 -23 -22 -12 -8 3 16 74 118 
1640938330.329745 ### RSSI: -49, 35, 1640051706 ,1787 
1640938330.528409 ### ERROR: Failed reading SquarePoint packet length
1640938331.332003 ### RSSI: -47, 1, 1640051707 ,1803 
1640938332.333694 ### RSSI: -51, 32, 1640051708 ,1819 
1640938332.524204 ### DEBUG: Ticks: 1822, 47, 1 
1640938332.524459 1640051708 c0:98:e5:42:00:29 341 
1640938332.535204 31 41 46 63 64 65 67 70 78 79 81 89 90 94 95 
1640938332.535476 96 97 100 106 107 115 118 122 123 141 146 147 168 180 332 
1640938333.327987 ### RSSI: -52, 6, 1640051709 ,1834 
1640938333.529308 ### DEBUG: Ticks: 1837, 15, 1 
1640938333.529532 1640051709 c0:98:e5:42:00:29 293 
1640938333.529672 -11 8 9 17 18 25 25 30 36 38 40 45 48 58 62 
1640938333.529813 64 67 72 76 76 79 84 91 99 105 125 126 141 143 305 
1640938334.329480 ### RSSI: -54, 19, 1640051710 ,1850 
1640938334.528062 ### DEBUG: Ticks: 1853, 16, 1 
1640938334.528340 1640051710 c0:98:e5:42:00:29 271 
1640938334.528535 -90 -73 -70 -61 -58 -54 -41 -40 -38 -27 -27 -19 -17 -11 -9 
1640938334.528732 -6 0 3 7 12 13 14 37 45 54 73 114 116 127 229 
1640938335.332497 ### RSSI: -47, 1, 1640051711 ,1866 
1640938335.522645 ### DEBUG: Ticks: 1869, 16, 1 
1640938335.534819 1640051711 c0:98:e5:42:00:29 395 
1640938335.535070 137 161 163 168 174 179 190 190 199 206 209 215 221 224 225 
1640938335.535234 225 228 230 231 231 231 256 265 273 277 299 302 314 325 473 
1640938336.325879 ### RSSI: -52, 22, 1640051712 ,1881 
1640938336.525624 ### DEBUG: Ticks: 1884, 15, 1 
1640938336.525917 1640051712 c0:98:e5:42:00:29 311 
1640938336.526098 -160 -145 -139 -134 -130 -121 -109 -108 -108 -105 -99 -92 -84 -84 -84 
1640938336.526284 -75 -72 -67 -66 -65 -53 -43 -43 -42 -23 -19 -1 35 38 147 
1640938337.329902 ### RSSI: -50, 30, 1640051713 ,1897 
1640938337.533529 ### DEBUG: Ticks: 1900, 16, 1 
1640938337.533811 1640051713 c0:98:e5:42:00:29 345 
1640938337.533991 -123 -103 -92 -86 -83 -73 -72 -72 -62 -58 -55 -54 -53 -46 -44 
1640938337.534176 -43 -39 -31 -31 -30 -21 -20 -19 3 13 28 29 59 126 170 
1640938338.331900 ### RSSI: -48, 2, 1640051714 ,1912 
1640938338.524319 ### DEBUG: Ticks: 1916, 16, 1 
1640938338.524705 1640051714 c0:98:e5:42:00:29 334 
1640938338.536212 -142 -99 -92 -81 -80 -80 -69 -67 -62 -61 -58 -58 -53 -42 -41 
1640938338.536493 -40 -35 -33 -27 -21 -18 -14 -8 13 17 26 48 70 114 146 
1640938339.331489 ### RSSI: -52, 14, 1640051715 ,1928 
1640938339.532492 ### DEBUG: Ticks: 1931, 15, 1 
1640938339.532787 1640051715 c0:98:e5:42:00:29 346 
1640938339.532967 -25 -9 11 22 28 32 35 42 42 45 47 48 51 54 56 
1640938339.533153 57 64 64 67 69 75 78 86 86 99 114 139 156 188 287 
1640938339.882576 ### INFO: SD card flushed!
1640938340.330834 ### RSSI: -50, 35, 1640051716 ,1944 
1640938340.524973 ### DEBUG: Ticks: 1947, 16, 1 
1640938340.525257 1640051716 c0:98:e5:42:00:29 287 
1640938340.525438 -23 -15 -10 -7 -2 -1 -1 4 7 8 9 12 14 20 25 
1640938340.525625 29 44 55 59 60 65 74 75 79 79 96 106 171 198 262 
1640938341.327846 ### RSSI: -48, 36, 1640051717 ,1959 
1640938341.529986 ### DEBUG: Ticks: 1962, 15, 1 
1640938341.530281 1640051717 c0:98:e5:42:00:29 288 
1640938341.530460 -72 -67 -48 -41 -34 -29 -27 -21 -19 -17 -16 -15 -14 -11 -4 
1640938341.530645 -3 -3 0 5 20 28 31 35 42 45 50 69 89 154 192 
1640938342.332227 ### RSSI: -50, 35, 1640051718 ,1975 
1640938342.527083 ### DEBUG: Ticks: 1978, 16, 1 
1640938342.527322 1640051718 c0:98:e5:42:00:29 391 
1640938342.527443 -3 16 31 33 41 43 44 45 48 49 55 55 57 62 64 
1640938342.527566 66 66 66 69 71 73 77 79 86 120 138 201 212 225 325 
1640938343.326815 ### RSSI: -53, 11, 1640051719 ,1991 
1640938343.519418 ### ERROR: Failed reading SquarePoint packet length
1640938344.326020 ### RSSI: -50, 29, 1640051720 ,2006 
1640938345.327990 ### RSSI: -47, 1, 1640051721 ,2022 
1640938345.534075 ### DEBUG: Ticks: 2025, 47, 1 
1640938345.534361 1640051721 c0:98:e5:42:00:29 335 
1640938345.534540 7 16 17 31 33 35 40 41 45 47 49 49 50 55 61 
1640938345.534725 62 65 69 69 70 72 79 86 97 115 119 137 181 186 313 
1640938346.328583 ### RSSI: -51, 24, 1640051721 ,2037 
1640938346.533182 ### DEBUG: Ticks: 2041, 16, 1 
1640938346.533508 1640051722 c0:98:e5:42:00:29 373 
1640938346.533694 -59 -54 -34 -33 -25 -24 -24 -22 -21 -20 -19 -11 0 1 3 
1640938346.533879 5 7 8 12 21 23 26 43 43 45 51 66 80 112 242 
1640938347.327906 ### RSSI: -52, 23, 1640051722 ,2053 
1640938347.530821 ### DEBUG: Ticks: 2056, 15, 1 
1640938347.531038 1640051723 c0:98:e5:42:00:29 254 
1640938347.531185 -149 -134 -117 -112 -109 -94 -91 -84 -83 -82 -82 -81 -81 -80 -78 
1640938347.531334 -72 -71 -58 -58 -55 -41 -39 -30 -25 -14 12 18 23 40 143 
1640938348.322647 ### RSSI: -51, 30, 1640051723 ,2069 
1640938348.532288 ### DEBUG: Ticks: 2072, 16, 1 
1640938348.532560 1640051724 c0:98:e5:42:00:29 298 
1640938348.532712 -81 -79 -70 -61 -58 -57 -50 -46 -45 -38 -35 -31 -26 -11 -1 
1640938348.532870 2 9 14 16 20 20 21 41 44 44 48 76 102 121 216 
1640938349.327914 ### RSSI: -51, 15, 1640051724 ,2084 
1640938349.530312 ### DEBUG: Ticks: 2087, 15, 1 
1640938349.530559 1640051725 c0:98:e5:42:00:29 285 
1640938349.530714 -74 -70 -55 -52 -48 -43 -40 -36 -30 -29 -29 -24 -18 -15 -14 
1640938349.530893 -12 -12 -7 -4 -4 -3 0 0 0 2 6 27 44 130 212 
1640938350.322297 ### RSSI: -49, 28, 1640051726 ,2100 
1640938350.524992 ### DEBUG: Ticks: 2103, 16, 1 
1640938350.525275 1640051726 c0:98:e5:42:00:29 274 
1640938350.525471 -76 -47 -46 -46 -43 -32 -25 -25 -7 -1 3 3 8 14 15 
1640938350.525671 15 19 20 23 26 37 41 42 50 60 72 73 87 95 208 
1640938351.322148 ### RSSI: -54, 18, 1640051727 ,2115 
1640938351.526379 ### DEBUG: Ticks: 2119, 16, 1 
1640938351.526664 1640051727 c0:98:e5:42:00:29 371 
1640938351.526845 -84 -58 -46 -32 -29 -26 -26 -26 -24 -21 -17 -6 -5 -4 0 
1640938351.527082 3 6 7 17 18 19 33 35 39 54 98 103 109 120 235 
1640938352.327542 ### RSSI: -48, 36, 1640051728 ,2131 
1640938352.531519 ### DEBUG: Ticks: 2134, 15, 1 
1640938352.531861 1640051728 c0:98:e5:42:00:29 309 
1640938352.532060 -229 -228 -225 -215 -198 -190 -182 -174 -169 -154 -151 -146 -145 -143 -138 
1640938352.532233 -137 -136 -133 -131 -130 -123 -120 -114 -113 -106 -100 -98 -65 -23 69 
1640938353.325785 ### RSSI: -54, 10, 1640051729 ,2147 
1640938353.527045 ### DEBUG: Ticks: 2150, 16, 1 
1640938353.527317 1640051729 c0:98:e5:42:00:29 333 
1640938353.527510 -176 -165 -148 -144 -137 -131 -131 -129 -129 -123 -117 -116 -115 -109 -108 
1640938353.528544 -106 -95 -92 -91 -91 -88 -79 -59 -58 -53 -32 -12 -2 97 0 
1640938354.325212 ### RSSI: -52, 9, 1640051730 ,2162 
1640938354.530031 ### DEBUG: Ticks: 2165, 15, 1 
1640938354.530289 1640051730 c0:98:e5:42:00:29 328 
1640938354.530445 -26 -5 1 26 30 31 33 38 39 42 43 47 59 64 65 
1640938354.530634 66 77 80 82 86 89 91 95 100 107 109 120 126 129 297 
1640938355.324233 ### RSSI: -51, 16, 1640051731 ,2178 
1640938355.529691 ### DEBUG: Ticks: 2181, 16, 1 
1640938355.530085 1640051731 c0:98:e5:42:00:29 327 
1640938355.530778 -154 -127 -118 -116 -116 -108 -107 -105 -101 -95 -94 -92 -90 -83 -72 
1640938355.531002 -69 -69 -67 -58 -56 -54 -48 -43 -42 -37 -34 -33 -19 27 132 
1640938356.322418 ### RSSI: -47, 1, 1640051732 ,2194 
1640938356.527068 ### ERROR: Failed reading SquarePoint packet length
1640938357.325872 ### RSSI: -53, 12, 1640051733 ,2209 
1640938358.330582 ### RSSI: -49, 26, 1640051734 ,2225 
1640938358.533663 ### DEBUG: Ticks: 2228, 47, 1 
1640938358.533952 1640051734 c0:98:e5:42:00:29 302 
1640938358.534145 -129 -111 -110 -109 -97 -95 -94 -92 -90 -83 -74 -72 -63 -57 -56 
1640938358.534404 -54 -47 -40 -35 -31 -16 -15 -15 -14 -11 -1 36 39 81 179 
1640938359.325477 ### RSSI: -48, 36, 1640051735 ,2240 
1640938359.531399 ### DEBUG: Ticks: 2244, 16, 1 
1640938359.531756 1640051735 c0:98:e5:42:00:29 400 
1640938359.531943 109 118 135 140 147 152 153 154 154 155 156 160 162 173 185 
1640938359.532156 192 192 193 194 197 201 202 204 210 214 231 249 264 296 418 
1640938360.327783 ### RSSI: -51, 17, 1640051736 ,2256 
1640938360.531934 ### DEBUG: Ticks: 2259, 15, 1 
1640938360.532219 1640051736 c0:98:e5:42:00:29 310 
1640938360.532420 -47 -46 -27 -23 -14 -7 -7 -4 -1 0 2 15 17 19 21 
1640938360.532632 26 28 28 31 35 43 51 57 69 75 104 104 147 238 0 
1640938361.321755 ### RSSI: -52, 17, 1640051737 ,2272 
1640938361.525758 ### DEBUG: Ticks: 2275, 16, 1 
1640938361.525988 1640051737 c0:98:e5:42:00:29 297 
1640938361.538620 -55 -45 -32 -30 -26 -24 -22 -20 -3 -3 3 7 10 10 11 
1640938361.539899 13 27 28 31 42 43 61 64 73 82 85 91 91 92 243 
1640938362.329863 ### RSSI: -52, 10, 1640051738 ,2287 
1640938362.532887 ### DEBUG: Ticks: 2290, 15, 1 
1640938362.533404 1640051738 c0:98:e5:42:00:29 344 
1640938362.533612 -56 -44 -39 -32 -32 -23 -18 -13 -10 -6 -3 -1 5 10 13 
1640938362.534402 15 22 24 31 32 36 46 49 58 65 67 74 111 184 252 
1640938363.325278 ### RSSI: -48, 4, 1640051739 ,2303 
1640938363.528161 ### DEBUG: Ticks: 2306, 16, 1 
1640938363.528502 1640051739 c0:98:e5:42:00:29 390 
1640938363.528714 -29 -29 -28 -13 -9 -8 2 7 7 9 25 30 34 40 44 
1640938363.528937 49 53 57 60 63 70 72 73 77 86 90 92 97 104 276 
1640938364.330084 ### RSSI: -47, 1, 1640051740 ,2319 
1640938364.532246 ### DEBUG: Ticks: 2322, 16, 1 
1640938364.532504 1640051740 c0:98:e5:42:00:29 344 
1640938364.532660 61 68 93 101 104 113 114 118 119 123 131 131 134 137 140 
1640938364.532885 141 144 147 148 153 166 168 178 185 188 193 208 231 303 412 
1640938365.331739 ### RSSI: -53, 10, 1640051741 ,2334 
1640938365.525595 ### DEBUG: Ticks: 2337, 15, 1 
1640938365.525880 1640051741 c0:98:e5:42:00:29 315 
1640938365.526062 -91 -66 -56 -50 -44 -38 -36 -26 -20 -19 -16 -14 -14 -13 -11 
1640938365.526246 -8 -3 -2 4 12 17 25 25 25 26 26 36 45 113 213 
1640938366.325767 ### RSSI: -51, 16, 1640051742 ,2350 
1640938366.526906 ### DEBUG: Ticks: 2353, 16, 1 
1640938366.527194 1640051742 c0:98:e5:42:00:29 304 
1640938366.527375 -89 -75 -75 -60 -57 -53 -48 -45 -43 -38 -37 -32 -31 -20 -18 
1640938366.527562 -15 -11 -8 -2 0 6 9 11 12 15 28 45 54 77 184 
1640938367.324727 ### RSSI: -50, 26, 1640051743 ,2365 
1640938367.527414 ### DEBUG: Ticks: 2369, 16, 1 
1640938367.527749 1640051743 c0:98:e5:42:00:29 350 
1640938367.527906 -1 4 11 12 19 23 23 31 34 39 43 43 47 51 54 
1640938367.528055 55 58 58 58 59 65 85 86 103 109 113 119 131 146 280 
1640938368.328593 ### RSSI: -53, 12, 1640051744 ,2381 
1640938368.530443 ### DEBUG: Ticks: 2384, 15, 1 
1640938368.530727 1640051744 c0:98:e5:42:00:29 348 
1640938368.530910 -53 -47 -43 -39 -38 -34 -20 -15 -7 -6 -4 -3 -2 -2 -2 
1640938368.531119 -1 6 10 11 19 25 36 40 46 54 56 61 99 111 234 
1640938369.322454 ### RSSI: -54, 18, 1640051745 ,2397 
1640938369.527525 ### ERROR: Failed reading SquarePoint packet length
1640938370.328785 ### RSSI: -53, 19, 1640051746 ,2412 
1640938371.331210 ### RSSI: -50, 33, 1640051747 ,2428 
1640938371.533734 ### DEBUG: Ticks: 2431, 47, 1 
1640938371.534014 1640051747 c0:98:e5:42:00:29 316 
1640938371.534205 -89 -75 -70 -60 -59 -56 -54 -53 -47 -40 -38 -32 -31 -30 -29 
1640938371.534419 -29 -27 -24 -17 -16 -15 -5 16 19 38 70 79 91 118 215 
1640938372.327642 ### RSSI: -50, 32, 1640051747 ,2443 
1640938372.531839 ### DEBUG: Ticks: 2447, 16, 1 
1640938372.532100 1640051748 c0:98:e5:42:00:29 328 
1640938372.532266 -43 -37 -24 -23 -20 -11 -11 -7 7 11 19 27 34 35 39 
1640938372.532417 42 43 45 45 45 49 61 62 66 84 94 101 105 144 237 
1640938373.328131 ### RSSI: -51, 23, 1640051748 ,2459 
1640938373.533432 ### DEBUG: Ticks: 2462, 15, 1 
1640938373.535334 1640051749 c0:98:e5:42:00:29 360 
1640938373.537619 -9 -6 6 9 11 18 25 28 37 38 41 43 45 54 54 
1640938373.539987 63 69 70 71 75 78 82 83 85 85 88 99 142 198 309 
1640938374.329485 ### RSSI: -53, 6, 1640051750 ,2475 
1640938374.529555 ### DEBUG: Ticks: 2478, 16, 1 
1640938374.529836 1640051750 c0:98:e5:42:00:29 328 
1640938374.530081 -79 -58 -54 -51 -48 -40 -35 -34 -26 -24 -24 -20 -18 -17 -17 
1640938374.530261 -9 -8 -7 -1 2 11 13 14 22 48 69 70 102 102 227 
1640938375.327100 ### RSSI: -50, 35, 1640051751 ,2490 
1640938375.530203 ### DEBUG: Ticks: 2493, 15, 1 
1640938375.530501 1640051751 c0:98:e5:42:00:29 351 
1640938375.530704 13 14 26 28 31 38 39 43 47 49 52 53 55 56 57 
1640938375.530909 58 58 59 61 61 69 89 94 95 106 115 125 164 170 313 
1640938376.325734 ### RSSI: -53, 6, 1640051752 ,2506 
1640938376.524457 ### DEBUG: Ticks: 2509, 16, 1 
1640938376.524763 1640051752 c0:98:e5:42:00:29 315 
1640938376.537825 -54 -41 -27 -8 -5 2 8 9 10 12 12 13 15 18 18 
1640938376.540212 21 35 45 48 49 56 59 61 79 92 92 115 128 140 253 
1640938377.321992 ### RSSI: -53, 11, 1640051753 ,2522 
1640938377.534769 ### DEBUG: Ticks: 2525, 16, 1 
1640938377.535068 1640051753 c0:98:e5:42:00:29 370 
1640938377.535236 35 82 88 93 97 107 108 111 112 114 114 120 121 123 125 
1640938377.535387 127 128 132 147 149 151 158 159 161 165 178 216 219 225 344 
1640938378.320986 ### RSSI: -53, 14, 1640051754 ,2537 
1640938378.527361 ### DEBUG: Ticks: 2540, 15, 1 
1640938378.527782 1640051754 c0:98:e5:42:00:29 257 
1640938378.527972 -82 -67 -52 -42 -40 -39 -34 -31 -31 -25 -23 -21 -17 -16 -16 
1640938378.528136 -12 -9 -8 -2 1 1 10 18 26 28 30 34 47 57 192 
1640938379.324079 ### RSSI: -51, 25, 1640051755 ,2553 
1640938379.528740 ### DEBUG: Ticks: 2556, 16, 1 
1640938379.529029 1640051755 c0:98:e5:42:00:29 423 
1640938379.529208 46 51 61 65 69 72 87 90 93 94 94 106 109 110 114 
1640938379.529394 114 119 121 123 127 129 131 134 137 151 186 239 241 251 394 
1640938379.914246 ### INFO: SD card flushed!
1640938380.327455 ### RSSI: -52, 22, 1640051756 ,2568 
1640938380.533337 ### DEBUG: Ticks: 2572, 16, 1 
1640938380.533626 1640051756 c0:98:e5:42:00:29 313 
1640938380.533817 -51 -44 -33 -32 -23 -22 -22 -10 -7 1 6 8 9 9 11 
1640938380.534029 14 14 14 17 28 32 32 33 36 66 73 119 149 163 258 
1640938381.328734 ### RSSI: -49, 27, 1640051757 ,2584 
1640938381.526254 ### DEBUG: Ticks: 2587, 15, 1 
1640938381.526531 1640051757 c0:98:e5:42:00:29 316 
1640938381.526713 -104 -95 -88 -86 -75 -74 -73 -67 -59 -59 -55 -55 -47 -34 -33 
1640938381.526950 -33 -32 -30 -10 -7 -7 -3 -1 10 28 30 65 80 85 198 
1640938382.328339 ### RSSI: -49, 3, 1640051758 ,2600 
1640938382.526538 ### ERROR: Failed reading SquarePoint packet length
1640938383.325937 ### RSSI: -49, 29, 1640051759 ,2615 
1640938384.327990 ### RSSI: -53, 10, 1640051760 ,2631 
1640938384.530487 ### DEBUG: Ticks: 2634, 47, 1 
1640938384.530714 1640051760 c0:98:e5:42:00:29 342 
1640938384.530851 -43 -24 -16 -5 -3 0 5 14 14 18 19 21 22 26 28 
1640938384.530990 30 34 39 45 48 64 69 71 74 80 83 84 119 132 247 
1640938385.328268 ### RSSI: -52, 24, 1640051761 ,2647 
1640938385.530266 ### DEBUG: Ticks: 2650, 16, 1 
1640938385.531052 1640051761 c0:98:e5:42:00:29 350 
1640938385.531402 -25 -21 -20 -19 -3 1 20 26 28 31 37 39 44 46 60 
1640938385.531959 62 67 69 70 74 75 75 76 99 129 132 145 148 148 277 
1640938386.326022 ### RSSI: -54, 12, 1640051762 ,2662 
1640938386.528771 ### DEBUG: Ticks: 2665, 15, 1 
1640938386.529063 1640051762 c0:98:e5:42:00:29 399 
1640938386.529201 81 87 99 108 112 117 117 120 133 137 138 139 142 154 157 
1640938386.529342 160 165 166 167 168 169 178 182 188 204 226 235 238 239 372 
1640938387.323712 ### RSSI: -53, 20, 1640051763 ,2678 
1640938387.526100 ### DEBUG: Ticks: 2681, 16, 1 
1640938387.526403 1640051763 c0:98:e5:42:00:29 342 
1640938387.526599 -131 -108 -96 -93 -83 -83 -81 -78 -76 -73 -69 -66 -66 -65 -56 
1640938387.526798 -54 -49 -39 -38 -34 -33 -30 -30 -29 -29 -24 -11 -2 20 151 
1640938388.325991 ### RSSI: -52, 22, 1640051764 ,2693 
1640938388.526469 ### DEBUG: Ticks: 2697, 16, 1 
1640938388.526783 1640051764 c0:98:e5:42:00:29 344 
1640938388.526965 43 53 59 65 69 77 78 80 89 90 93 96 97 100 104 
1640938388.527152 104 106 108 109 112 113 115 122 122 145 152 180 192 202 348 
1640938389.326133 ### RSSI: -48, 36, 1640051765 ,2709 
1640938389.530915 ### DEBUG: Ticks: 2712, 15, 1 
1640938389.531403 1640051765 c0:98:e5:42:00:29 347 
1640938389.531647 -14 -12 -11 10 13 14 19 20 24 27 28 29 32 32 36 
1640938389.531831 36 37 37 43 49 55 68 99 103 105 117 121 149 156 268 
1640938390.320415 ### RSSI: -51, 25, 1640051766 ,2725 
1640938390.534691 ### DEBUG: Ticks: 2728, 16, 1 
1640938390.536190 1640051766 c0:98:e5:42:00:29 348 
1640938390.538255 -3 -1 8 10 19 20 20 29 32 36 38 40 41 43 45 
1640938390.539119 50 50 54 57 57 60 64 64 76 101 122 160 207 219 303 
1640938391.325182 ### RSSI: -55, 19, 1640051767 ,2740 
1640938391.527847 ### DEBUG: Ticks: 2743, 15, 1 
1640938391.528189 1640051767 c0:98:e5:42:00:29 260 
1640938391.528376 -53 -40 -26 -23 -22 -21 -19 -15 -14 -8 -6 -4 -3 0 4 
1640938391.528626 4 18 23 26 31 36 41 48 48 59 68 77 101 143 231 
1640938392.321435 ### RSSI: -52, 14, 1640051768 ,2756 
1640938392.523868 ### DEBUG: Ticks: 2759, 16, 1 
1640938392.535391 1640051768 c0:98:e5:42:00:29 287 
1640938392.535821 -154 -143 -142 -133 -127 -126 -117 -106 -101 -99 -98 -95 -84 -80 -80 
1640938392.536042 -79 -66 -62 -59 -57 -56 -51 -40 -39 -39 -35 -33 -13 52 102 
1640938393.321924 ### RSSI: -55, 19, 1640051769 ,2771 
1640938393.525547 ### DEBUG: Ticks: 2775, 16, 1 
1640938393.525833 1640051769 c0:98:e5:42:00:29 345 
1640938393.538501 77 80 123 123 124 128 128 129 136 138 138 146 146 147 148 
1640938393.538784 148 150 150 151 157 166 169 180 189 221 248 249 250 273 417 
1640938394.325426 ### RSSI: -51, 31, 1640051769 ,2787 
1640938394.531411 ### DEBUG: Ticks: 2790, 15, 1 
1640938394.531783 1640051770 c0:98:e5:42:00:29 292 
1640938394.531968 -72 -64 -64 -51 -50 -49 -44 -42 -40 -37 -33 -32 -29 -27 -21 
1640938394.532172 -20 -15 -13 -12 -11 -7 -5 -3 5 6 12 20 25 70 183 
1640938395.330373 ### RSSI: -50, 30, 1640051770 ,2803 
1640938395.530763 ### ERROR: Failed reading SquarePoint packet length
1640938396.320941 ### RSSI: -52, 16, 1640051771 ,2818 
1640938397.321041 ### RSSI: -51, 33, 1640051772 ,2834 
1640938397.533809 ### DEBUG: Ticks: 2837, 47, 1 
1640938397.534094 1640051773 c0:98:e5:42:00:29 314 
1640938397.534277 -39 -37 -32 -25 -25 -25 -18 -15 -11 -11 -8 -8 -7 -4 -2 
1640938397.534509 2 4 4 9 16 19 23 24 30 46 61 74 98 153 246 
1640938398.322782 ### RSSI: -49, 29, 1640051774 ,2850 
1640938398.490507 ### BLE EVENT: 16, INFO: BLE CONNECTED!
1640938398.502566 ### RSSI: -51, 8, 1640051774 ,2852 
1640938398.526018 ### DEBUG: Ticks: 2853, 16, 1 
1640938398.526309 1640051774 c0:98:e5:42:00:29 379 
1640938398.526514 24 29 36 42 60 61 70 70 81 82 83 83 85 92 101 
1640938398.526705 103 104 104 109 112 112 114 115 120 126 152 157 202 242 341 
1640938398.594545 ### RSSI: -53, 12, 1640051774 ,2854 
1640938398.697130 ### RSSI: -54, 12, 1640051774 ,2855 
1640938398.797011 ### RSSI: -50, 35, 1640051774 ,2857 
1640938398.898357 ### RSSI: -52, 7, 1640051774 ,2859 
1640938398.997970 ### RSSI: -50, 4, 1640051774 ,2860 
1640938399.096869 ### RSSI: -52, 14, 1640051774 ,2862 
1640938399.197348 ### RSSI: -54, 19, 1640051774 ,2863 
1640938399.300527 ### RSSI: -51, 8, 1640051775 ,2865 
1640938399.324646 ### RSSI: -48, 36, 1640051775 ,2865 
1640938399.401690 ### RSSI: -49, 28, 1640051775 ,2866 
1640938399.425298 ### RSSI: -52, 23, 1640051775 ,2867 
1640938399.493932 ### RSSI: -50, 35, 1640051775 ,2868 
1640938399.527245 ### RSSI: -54, 19, 1640051775 ,2868 
1640938399.527512 ### DEBUG: Ticks: 2868, 15, 1 
1640938399.528504 1640051775 c0:98:e5:42:00:29 326 
1640938399.529375 -159 -141 -131 -129 -126 -120 -113 -110 -108 -106 -104 -101 -100 -96 -95 
1640938399.529832 -88 -87 -84 -74 -69 -60 -59 -57 -30 -22 -21 14 27 58 161 
1640938399.594226 ### RSSI: -50, 4, 1640051775 ,2869 
1640938399.629635 ### RSSI: -51, 31, 1640051775 ,2870 
1640938399.697494 ### RSSI: -49, 3, 1640051775 ,2871 
1640938399.721229 ### RSSI: -49, 29, 1640051775 ,2871 
1640938399.801046 ### RSSI: -52, 6, 1640051775 ,2873 
1640938399.825341 ### RSSI: -52, 34, 1640051775 ,2873 
1640938399.892648 ### RSSI: -53, 20, 1640051775 ,2874 
1640938399.927227 ### RSSI: -50, 30, 1640051775 ,2875 
1640938399.995469 ### RSSI: -49, 3, 1640051775 ,2876 
1640938400.028410 ### RSSI: -48, 0, 1640051775 ,2876 
1640938400.094505 ### RSSI: -53, 12, 1640051775 ,2877 
1640938400.533380 ### DEBUG: Ticks: 2884, 16, 1 
1640938400.533667 1640051776 c0:98:e5:42:00:29 457 
1640938400.533848 58 72 80 85 89 91 93 94 102 105 108 119 123 133 135 
1640938400.534035 138 142 144 150 152 153 154 169 179 181 186 197 223 236 329 
1640938401.027001 ### RSSI: -50, 31, 1640051776 ,2892 
1640938401.092837 ### RSSI: -52, 6, 1640051776 ,2893 
1640938401.526647 ### DEBUG: Ticks: 2900, 16, 1 
1640938401.527014 1640051777 c0:98:e5:42:00:29 335 
1640938401.538144 -131 -122 -119 -117 -114 -108 -90 -89 -86 -85 -77 -76 -75 -74 -73 
1640938401.538431 -61 -54 -43 -36 -33 -28 -25 -22 -19 -8 9 24 33 80 193 
1640938402.018506 ### RSSI: -49, 3, 1640051777 ,2907 
1640938402.099830 ### RSSI: -54, 12, 1640051777 ,2908 
1640938402.533064 ### DEBUG: Ticks: 2915, 15, 1 
1640938402.533286 1640051778 c0:98:e5:42:00:29 265 
1640938402.533415 -109 -103 -91 -89 -73 -57 -52 -51 -45 -44 -43 -43 -43 -38 -36 
1640938402.533538 -31 -25 -24 -16 -11 2 3 7 19 20 20 31 100 119 195 
1640938403.025234 ### RSSI: -49, 28, 1640051778 ,2923 
1640938403.092961 ### RSSI: -54, 11, 1640051778 ,2924 
1640938403.527142 ### DEBUG: Ticks: 2931, 16, 1 
1640938403.527429 1640051779 c0:98:e5:42:00:29 319 
1640938403.527700 -241 -219 -208 -203 -194 -186 -180 -180 -177 -175 -168 -166 -151 -149 -147 
1640938403.528676 -144 -142 -135 -130 -128 -128 -128 -128 -125 -111 -109 -106 -43 -23 73 
1640938404.026242 ### RSSI: -49, 36, 1640051779 ,2939 
1640938404.092407 ### RSSI: -49, 29, 1640051780 ,2940 
1640938404.531701 ### DEBUG: Ticks: 2946, 15, 1 
1640938404.531994 1640051780 c0:98:e5:42:00:29 371 
1640938404.532210 15 26 37 51 54 62 63 64 64 67 71 72 73 76 82 
1640938404.532425 85 86 87 104 107 108 109 118 126 129 159 159 163 189 312 
1640938405.027045 ### RSSI: -51, 22, 1640051780 ,2954 
1640938405.095379 ### RSSI: -51, 25, 1640051781 ,2955 
1640938405.535979 ### DEBUG: Ticks: 2962, 16, 1 
1640938405.536380 1640051781 c0:98:e5:42:00:29 284 
1640938405.536560 -171 -168 -168 -164 -163 -157 -155 -154 -146 -141 -125 -123 -116 -115 -114 
1640938405.536734 -106 -105 -100 -90 -86 -84 -79 -67 -66 -62 -41 -40 -38 21 116 
1640938405.544660 ### DEBUG: BLE START SCANNING called
1640938406.025920 ### RSSI: -52, 9, 1640051782 ,2970 
1640938406.026202 ### DEBUG: BLE START SCANNING called
1640938406.093744 ### RSSI: -53, 10, 1640051782 ,2971 
1640938406.094035 ### DEBUG: BLE START SCANNING called
1640938406.526419 ### DEBUG: Ticks: 2978, 16, 1 
1640938406.527512 1640051782 c0:98:e5:42:00:29 304 
1640938406.537166 -104 -73 -64 -62 -61 -61 -60 -56 -53 -37 -34 -27 -23 -18 -12 
1640938406.537452 -7 -5 -2 0 2 6 12 17 35 42 50 59 67 119 194 
1640938406.537693 ### DEBUG: BLE START SCANNING called
1640938406.549300 ### DEBUG: BLE START SCANNING called
1640938407.029347 ### RSSI: -52, 7, 1640051783 ,2985 
1640938407.029631 ### DEBUG: BLE START SCANNING called
1640938407.095909 ### RSSI: -49, 26, 1640051783 ,2987 
1640938407.096201 ### DEBUG: BLE START SCANNING called
1640938407.527381 ### DEBUG: Ticks: 2993, 15, 1 
1640938407.528365 1640051783 c0:98:e5:42:00:29 351 
1640938407.528629 -122 -121 -114 -103 -96 -86 -85 -81 -80 -78 -63 -63 -62 -58 -57 
1640938407.538600 -56 -48 -47 -46 -46 -42 -36 -29 -26 -19 -6 56 83 100 132 
1640938407.538864 ### DEBUG: BLE START SCANNING called
1640938407.549696 ### DEBUG: BLE START SCANNING called
1640938408.018664 ### RSSI: -52, 24, 1640051784 ,3001 
1640938408.018931 ### DEBUG: BLE START SCANNING called
1640938408.099364 ### RSSI: -54, 18, 1640051784 ,3002 
1640938408.099696 ### DEBUG: BLE START SCANNING called
1640938408.529176 ### ERROR: Failed reading SquarePoint packet length
1640938408.529466 ### DEBUG: BLE START SCANNING called
1640938408.540238 ### DEBUG: BLE START SCANNING called
1640938409.023111 ### RSSI: -51, 22, 1640051785 ,3017 
1640938409.023387 ### DEBUG: BLE START SCANNING called
1640938409.092417 ### RSSI: -53, 20, 1640051785 ,3018 
1640938409.092732 ### DEBUG: BLE START SCANNING called
1640938409.544991 ### DEBUG: BLE START SCANNING called
1640938410.028214 ### RSSI: -54, 20, 1640051786 ,3032 
1640938410.028472 ### DEBUG: BLE START SCANNING called
1640938410.098178 ### RSSI: -52, 21, 1640051786 ,3033 
1640938410.098470 ### DEBUG: BLE START SCANNING called
1640938410.535351 ### DEBUG: Ticks: 3040, 47, 1 
1640938410.535711 1640051786 c0:98:e5:42:00:29 377 
1640938410.535898 -33 -32 -22 -20 -14 -13 -10 -3 0 15 19 20 27 34 35 
1640938410.536509 35 35 37 41 42 50 52 62 70 74 86 87 93 98 271 
1640938410.536688 ### DEBUG: BLE START SCANNING called
1640938411.020536 ### RSSI: -52, 20, 1640051787 ,3048 
1640938411.099112 ### RSSI: -51, 14, 1640051787 ,3049 
1640938411.530641 ### DEBUG: Ticks: 3056, 16, 1 
1640938411.530968 1640051787 c0:98:e5:42:00:29 373 
1640938411.531147 -9 -3 2 12 16 19 26 27 30 33 34 41 45 46 48 
1640938411.531321 50 58 60 65 66 67 69 71 77 78 79 79 117 127 249 
1640938412.022303 ### RSSI: -51, 31, 1640051788 ,3064 
1640938412.098914 ### RSSI: -51, 8, 1640051788 ,3065 
1640938412.526777 ### DEBUG: Ticks: 3071, 15, 1 
1640938412.527049 1640051788 c0:98:e5:42:00:29 298 
1640938412.527233 13 17 26 27 28 36 40 51 52 52 56 65 69 73 74 
1640938412.527406 76 77 78 79 80 82 84 87 94 96 121 124 130 134 273 
1640938413.022319 ### RSSI: -53, 12, 1640051789 ,3079 
1640938413.100876 ### RSSI: -51, 7, 1640051789 ,3080 
1640938413.534429 ### DEBUG: Ticks: 3087, 16, 1 
1640938413.534689 1640051789 c0:98:e5:42:00:29 340 
1640938413.534846 -39 -37 -16 -11 -8 7 7 9 15 15 20 22 25 27 30 
1640938413.535006 31 40 42 42 45 48 51 52 71 74 89 94 120 167 241 
1640938414.018339 ### RSSI: -52, 23, 1640051790 ,3095 
1640938414.098898 ### RSSI: -48, 27, 1640051790 ,3096 
1640938414.528106 ### DEBUG: Ticks: 3103, 16, 1 
1640938414.528365 1640051790 c0:98:e5:42:00:29 367 
1640938414.528520 60 63 79 92 98 103 111 116 120 122 125 130 131 136 136 
1640938414.528681 137 140 140 142 148 167 170 170 194 195 197 197 251 252 383 
1640938415.018493 ### RSSI: -52, 13, 1640051791 ,3110 
1640938415.098984 ### RSSI: -52, 13, 1640051791 ,3112 
1640938415.529004 ### DEBUG: Ticks: 3118, 15, 1 
1640938415.529306 1640051791 c0:98:e5:42:00:29 319 
1640938415.529487 -177 -144 -144 -140 -133 -133 -119 -116 -100 -100 -95 -93 -86 -86 -84 
1640938415.529672 -83 -83 -81 -74 -72 -65 -60 -39 -36 -18 -8 12 16 19 101 
1640938415.912929 ### INFO: SD card flushed!
1640938416.026013 ### RSSI: -52, 34, 1640051792 ,3126 
1640938416.096496 ### RSSI: -48, 36, 1640051792 ,3127 
1640938416.525816 ### DEBUG: Ticks: 3134, 16, 1 
1640938416.526102 1640051792 c0:98:e5:42:00:29 374 
1640938416.526310 -16 -7 8 10 15 16 32 33 37 42 44 47 52 57 59 
1640938416.526495 60 64 65 69 72 75 88 103 112 122 126 149 163 181 311 
1640938417.023365 ### RSSI: -51, 32, 1640051793 ,3142 
1640938417.100206 ### RSSI: -49, 2, 1640051793 ,3143 
1640938417.530937 ### DEBUG: Ticks: 3150, 16, 1 
1640938417.531221 1640051793 c0:98:e5:42:00:29 287 
1640938417.531411 -113 -87 -73 -69 -61 -57 -57 -55 -54 -51 -49 -46 -46 -45 -41 
1640938417.531657 -41 -38 -37 -23 -19 -14 -7 1 9 20 25 68 74 80 216 
1640938418.026130 ### RSSI: -53, 20, 1640051793 ,3157 
1640938418.092592 ### RSSI: -50, 25, 1640051793 ,3158 
1640938418.528898 ### DEBUG: Ticks: 3165, 15, 1 
1640938418.529156 1640051794 c0:98:e5:42:00:29 277 
1640938418.529309 -124 -99 -86 -84 -74 -67 -66 -60 -54 -54 -46 -43 -40 -38 -36 
1640938418.529469 -33 -32 -23 -17 -17 -12 -9 -3 -2 0 11 18 18 63 173 
1640938419.026910 ### RSSI: -49, 3, 1640051794 ,3173 
1640938419.094050 ### RSSI: -52, 6, 1640051794 ,3174 
1640938419.531911 ### DEBUG: Ticks: 3181, 16, 1 
1640938419.532163 1640051795 c0:98:e5:42:00:29 368 
1640938419.532353 -35 -31 -29 -16 -13 -7 -4 -2 2 3 8 11 14 15 15 
1640938419.532557 19 21 24 31 32 47 50 57 72 81 82 86 97 101 282 
1640938420.018917 ### RSSI: -51, 16, 1640051795 ,3188 
1640938420.097536 ### RSSI: -52, 14, 1640051795 ,3190 
1640938420.532348 ### DEBUG: Ticks: 3196, 15, 1 
1640938420.532602 1640051796 c0:98:e5:42:00:29 347 
1640938420.532755 10 18 21 37 47 53 55 55 57 62 72 73 75 75 82 
1640938420.532911 82 83 84 91 98 99 109 113 114 140 159 160 199 214 328 
1640938421.025882 ### RSSI: -49, 2, 1640051796 ,3204 
1640938421.094512 ### RSSI: -52, 10, 1640051796 ,3205 
1640938421.528149 ### ERROR: Failed reading SquarePoint packet length
1640938422.021686 ### RSSI: -50, 4, 1640051797 ,3220 
1640938422.096893 ### RSSI: -52, 22, 1640051797 ,3221 
1640938423.024236 ### RSSI: -48, 1, 1640051798 ,3235 
1640938423.090157 ### RSSI: -55, 11, 1640051798 ,3236 
1640938423.525977 ### DEBUG: Ticks: 3243, 47, 1 
1640938423.526265 1640051799 c0:98:e5:42:00:29 379 
1640938423.537650 27 52 57 57 58 60 65 67 68 70 72 74 77 81 86 
1640938423.537927 90 93 96 98 99 99 105 112 115 120 137 156 167 207 298 
1640938424.019231 ### RSSI: -49, 2, 1640051799 ,3251 
1640938424.098343 ### RSSI: -52, 23, 1640051799 ,3252 
1640938424.532113 ### DEBUG: Ticks: 3259, 16, 1 
1640938424.532401 1640051800 c0:98:e5:42:00:29 393 
1640938424.532581 72 109 118 119 130 138 140 141 142 146 150 151 153 155 157 
1640938424.532766 158 164 164 166 167 168 181 197 208 213 215 249 251 287 437 
1640938425.024627 ### RSSI: -54, 19, 1640051800 ,3267 
1640938425.093288 ### RSSI: -49, 27, 1640051800 ,3268 
1640938425.532263 ### DEBUG: Ticks: 3274, 15, 1 
1640938425.532621 1640051801 c0:98:e5:42:00:29 335 
1640938425.532833 -40 -4 0 9 24 25 28 34 39 40 44 44 45 47 51 
1640938425.533058 52 52 57 61 71 73 73 85 102 116 129 137 142 209 290 
1640938426.020298 ### RSSI: -51, 32, 1640051801 ,3282 
1640938426.097620 ### RSSI: -54, 18, 1640051801 ,3283 
1640938426.527016 ### DEBUG: Ticks: 3290, 16, 1 
1640938426.527306 1640051802 c0:98:e5:42:00:29 367 
1640938426.527522 -76 -44 -37 -26 -26 -25 -20 -19 -11 -8 -7 -7 -1 0 0 
1640938426.527797 8 19 23 24 28 38 40 41 62 70 74 81 91 152 228 
1640938427.017936 ### RSSI: -49, 28, 1640051802 ,3298 
1640938427.096528 ### RSSI: -50, 4, 1640051802 ,3299 
1640938427.528040 ### DEBUG: Ticks: 3306, 16, 1 
1640938427.528320 1640051803 c0:98:e5:42:00:29 335 
1640938427.538208 -135 -127 -119 -118 -110 -110 -107 -107 -100 -99 -96 -96 -95 -91 -85 
1640938427.538495 -82 -69 -62 -53 -50 -45 -41 -33 -29 -25 -20 -11 -10 45 160 
1640938428.024840 ### RSSI: -54, 11, 1640051803 ,3313 
1640938428.090606 ### RSSI: -52, 14, 1640051804 ,3315 
1640938428.529460 ### DEBUG: Ticks: 3321, 15, 1 
1640938428.529743 1640051804 c0:98:e5:42:00:29 312 
1640938428.529922 -47 -20 -16 -13 -10 -7 -1 3 7 12 14 17 18 20 24 
1640938428.530106 26 27 34 40 41 46 56 57 81 85 91 105 113 125 233 
1640938429.026525 ### RSSI: -51, 22, 1640051804 ,3329 
1640938429.096411 ### RSSI: -51, 22, 1640051805 ,3330 
1640938429.525899 ### DEBUG: Ticks: 3337, 16, 1 
1640938429.526215 1640051805 c0:98:e5:42:00:29 295 
1640938429.537993 -65 -54 -23 -21 -18 -4 -2 0 4 4 9 13 13 13 13 
1640938429.538271 13 16 16 23 25 30 35 44 46 51 63 72 79 98 210 
1640938430.019139 ### RSSI: -50, 5, 1640051806 ,3345 
1640938430.097740 ### RSSI: -51, 8, 1640051806 ,3346 
1640938430.525765 ### DEBUG: Ticks: 3353, 16, 1 
1640938430.526052 1640051806 c0:98:e5:42:00:29 287 
1640938430.537694 -57 -33 -11 -9 -8 -6 -3 0 6 7 9 9 11 19 23 
1640938430.537985 24 24 35 42 43 50 52 55 58 66 69 75 78 145 245 
1640938431.027395 ### RSSI: -50, 16, 1640051807 ,3360 
1640938431.095323 ### RSSI: -49, 2, 1640051807 ,3361 
1640938431.527250 ### DEBUG: Ticks: 3368, 15, 1 
1640938431.527534 1640051807 c0:98:e5:42:00:29 322 
1640938431.527894 -142 -119 -96 -95 -93 -89 -81 -78 -63 -62 -61 -60 -59 -56 -56 
1640938431.528071 -53 -49 -48 -36 -35 -28 -27 -26 -21 -3 -1 10 14 30 146 
1640938432.017678 ### RSSI: -49, 28, 1640051808 ,3376 
1640938432.096254 ### RSSI: -50, 5, 1640051808 ,3377 
1640938432.527300 ### DEBUG: Ticks: 3384, 16, 1 
1640938432.527647 1640051808 c0:98:e5:42:00:29 279 
1640938432.527844 -152 -146 -142 -140 -136 -134 -131 -125 -119 -115 -113 -113 -109 -106 -105 
1640938432.528028 -104 -95 -86 -86 -82 -80 -77 -57 -53 -49 -47 -47 -13 9 115 
1640938433.026961 ### RSSI: -51, 22, 1640051809 ,3392 
1640938433.094862 ### RSSI: -48, 1, 1640051809 ,3393 
1640938433.532989 ### DEBUG: Ticks: 3399, 15, 1 
1640938433.533216 1640051809 c0:98:e5:42:00:29 403 
1640938433.533394 0 17 26 31 31 36 41 43 48 48 49 54 54 59 61 
1640938433.533525 77 79 81 81 90 100 101 102 105 109 128 142 145 157 291 
1640938434.017629 ### RSSI: -52, 34, 1640051810 ,3407 
1640938434.095876 ### RSSI: -52, 13, 1640051810 ,3408 
1640938434.528431 ### ERROR: Failed reading SquarePoint packet length
1640938435.027054 ### RSSI: -53, 10, 1640051811 ,3423 
1640938435.094583 ### RSSI: -49, 28, 1640051811 ,3424 
1640938436.022529 ### RSSI: -50, 35, 1640051812 ,3438 
1640938436.091330 ### RSSI: -50, 4, 1640051812 ,3440 
1640938436.531705 ### DEBUG: Ticks: 3446, 47, 1 
1640938436.532051 1640051812 c0:98:e5:42:00:29 361 
1640938436.532233 -51 -27 -5 -3 -3 -3 -2 -1 0 2 4 9 11 18 20 
1640938436.532429 22 28 35 39 40 44 54 58 61 65 92 98 105 134 216 
1640938437.026337 ### RSSI: -52, 14, 1640051813 ,3454 
1640938437.092624 ### RSSI: -52, 9, 1640051813 ,3455 
1640938437.530007 ### DEBUG: Ticks: 3462, 16, 1 
1640938437.530295 1640051813 c0:98:e5:42:00:29 338 
1640938437.530477 -10 1 9 10 15 24 26 31 42 42 47 47 48 53 55 
1640938437.530663 56 60 63 63 68 70 76 90 97 99 101 116 124 144 288 
1640938438.018880 ### RSSI: -51, 17, 1640051814 ,3470 
1640938438.100445 ### RSSI: -54, 19, 1640051814 ,3471 
1640938438.534407 ### DEBUG: Ticks: 3478, 16, 1 
1640938438.534696 1640051814 c0:98:e5:42:00:29 351 
1640938438.534879 -1 1 5 12 16 19 21 24 30 30 30 39 40 41 42 
1640938438.535062 46 46 47 56 61 61 62 71 78 86 93 111 135 188 301 
1640938439.021352 ### RSSI: -54, 19, 1640051815 ,3485 
1640938439.099991 ### RSSI: -51, 8, 1640051815 ,3486 
1640938439.527221 ### DEBUG: Ticks: 3493, 15, 1 
1640938439.527458 1640051815 c0:98:e5:42:00:29 361 
1640938439.540145 -35 -18 -17 -3 9 10 13 18 22 22 30 33 42 48 49 
1640938439.540440 50 50 54 56 57 58 62 70 75 76 85 103 145 160 252 
1640938440.025484 ### RSSI: -48, 0, 1640051816 ,3501 
1640938440.192646 ### RSSI: -52, 13, 1640051816 ,3504 
1640938440.528134 ### DEBUG: Ticks: 3509, 16, 1 
1640938440.528425 1640051816 c0:98:e5:42:00:29 334 
1640938440.528672 -81 -75 -72 -38 -37 -36 -31 -30 -28 -23 -22 -21 -8 -4 -4 
1640938440.528858 -1 5 6 6 19 22 25 30 39 47 50 62 75 90 220 
1640938441.027464 ### RSSI: -51, 9, 1640051817 ,3516 
1640938441.200938 ### RSSI: -52, 10, 1640051817 ,3519 
1640938441.527356 ### DEBUG: Ticks: 3524, 15, 1 
1640938441.527636 1640051817 c0:98:e5:42:00:29 292 
1640938441.527775 -43 -13 6 10 13 26 26 27 35 40 45 46 49 53 54 
1640938441.527934 58 59 65 66 68 69 74 85 106 116 130 150 168 194 294 
1640938442.022740 ### RSSI: -54, 11, 1640051818 ,3532 
1640938442.190366 ### RSSI: -54, 12, 1640051818 ,3535 
1640938442.533855 ### DEBUG: Ticks: 3540, 16, 1 
1640938442.534164 1640051818 c0:98:e5:42:00:29 332 
1640938442.534345 -110 -110 -106 -93 -91 -76 -70 -67 -66 -61 -55 -46 -45 -45 -42 
1640938442.534532 -41 -38 -33 -26 -25 -22 -16 -12 14 15 34 35 65 171 0 
1640938443.025875 ### RSSI: -52, 13, 1640051818 ,3548 
1640938443.196059 ### RSSI: -49, 1, 1640051818 ,3550 
1640938443.532137 ### DEBUG: Ticks: 3556, 16, 1 
1640938443.532421 1640051819 c0:98:e5:42:00:29 308 
1640938443.532598 -46 -36 -35 -30 -26 -26 -16 -11 -6 -3 0 11 12 17 19 
1640938443.532750 37 38 40 41 50 50 51 51 59 60 94 104 152 163 256 
1640938444.027919 ### RSSI: -50, 35, 1640051819 ,3563 
1640938444.195516 ### RSSI: -51, 9, 1640051819 ,3566 
1640938444.528284 ### DEBUG: Ticks: 3571, 15, 1 
1640938444.528592 1640051820 c0:98:e5:42:00:29 370 
1640938444.528774 94 97 105 116 128 136 136 143 143 145 146 149 154 155 157 
1640938444.528958 161 172 175 181 197 200 205 206 215 217 222 225 235 240 434 
1640938445.026216 ### RSSI: -49, 2, 1640051820 ,3579 
1640938445.195129 ### RSSI: -50, 30, 1640051820 ,3582 
1640938445.533453 ### DEBUG: Ticks: 3587, 16, 1 
1640938445.533838 1640051821 c0:98:e5:42:00:29 350 
1640938445.534019 -83 -81 -79 -65 -56 -43 -39 -36 -32 -27 -22 -20 -20 -14 -13 
1640938445.534204 -13 -9 -9 -6 -6 7 11 13 13 22 23 25 87 89 209 
1640938446.022643 ### RSSI: -50, 35, 1640051821 ,3595 
1640938446.193945 ### RSSI: -49, 28, 1640051821 ,3597 
1640938446.533372 ### DEBUG: Ticks: 3603, 16, 1 
1640938446.534966 1640051822 c0:98:e5:42:00:29 335 
1640938446.538056 -193 -174 -161 -156 -146 -146 -146 -145 -145 -138 -136 -135 -131 -122 -120 
1640938446.540638 -116 -116 -96 -96 -95 -93 -86 -85 -81 -80 -64 -51 -47 -45 74 
1640938447.019879 ### RSSI: -55, 7, 1640051822 ,3610 
1640938447.192582 ### RSSI: -51, 7, 1640051822 ,3613 
1640938447.532653 ### ERROR: Failed reading SquarePoint packet length
1640938448.025094 ### RSSI: -53, 19, 1640051823 ,3626 
1640938448.196741 ### RSSI: -50, 35, 1640051823 ,3629 
1640938449.019318 ### RSSI: -50, 31, 1640051824 ,3641 
1640938449.189938 ### RSSI: -50, 4, 1640051824 ,3644 
1640938449.528129 ### DEBUG: Ticks: 3649, 46, 1 
1640938449.528430 1640051825 c0:98:e5:42:00:29 285 
1640938449.528625 -179 -175 -174 -171 -170 -168 -157 -156 -153 -139 -128 -126 -126 -125 -124 
1640938449.528811 -114 -110 -109 -105 -99 -86 -85 -76 -67 -60 -55 -37 -17 4 62 
1640938450.025535 ### RSSI: -50, 4, 1640051825 ,3657 
1640938450.192128 ### RSSI: -54, 18, 1640051826 ,3660 
1640938450.527854 ### DEBUG: Ticks: 3665, 16, 1 
1640938450.528105 1640051826 c0:98:e5:42:00:29 343 
1640938450.539843 -187 -172 -169 -161 -161 -159 -154 -137 -132 -127 -123 -122 -116 -115 -113 
1640938450.540114 -104 -95 -91 -86 -80 -78 -72 -68 -59 -36 -35 -22 -16 85 0 
1640938451.025157 ### RSSI: -52, 17, 1640051826 ,3673 
1640938451.196231 ### RSSI: -50, 5, 1640051827 ,3675 
1640938451.529134 ### DEBUG: Ticks: 3681, 16, 1 
1640938451.529439 1640051827 c0:98:e5:42:00:29 329 
1640938451.538999 -113 -103 -95 -89 -79 -78 -75 -59 -51 -50 -47 -38 -37 -37 -34 
1640938451.539283 -33 -30 -29 -26 -20 -18 -17 -16 0 6 7 14 56 111 146 
1640938451.945071 ### INFO: SD card flushed!
1640938452.025198 ### RSSI: -50, 30, 1640051827 ,3688 
1640938452.196440 ### RSSI: -49, 27, 1640051828 ,3691 
1640938452.536783 ### DEBUG: Ticks: 3696, 15, 1 
1640938452.537073 1640051828 c0:98:e5:42:00:29 418 
1640938452.537254 23 44 51 55 56 57 63 64 71 71 72 73 76 76 80 
1640938452.537442 84 84 86 88 90 91 91 112 118 133 158 160 176 193 337 
1640938453.024760 ### RSSI: -53, 10, 1640051828 ,3704 
1640938453.198795 ### RSSI: -51, 14, 1640051829 ,3707 
1640938453.533877 ### DEBUG: Ticks: 3712, 16, 1 
1640938453.534166 1640051829 c0:98:e5:42:00:29 288 
1640938453.534377 -16 9 9 10 14 20 22 26 28 30 33 34 42 46 47 
1640938453.534585 52 55 59 63 63 67 77 82 88 97 133 136 149 161 270 
1640938454.017552 ### RSSI: -53, 12, 1640051830 ,3720 
1640938454.190637 ### RSSI: -52, 10, 1640051830 ,3722 
1640938454.530681 ### DEBUG: Ticks: 3727, 15, 1 
1640938454.530984 1640051830 c0:98:e5:42:00:29 311 
1640938454.531140 -73 -42 -34 -30 -28 -23 -23 -10 0 0 3 6 8 11 12 
1640938454.531299 12 13 17 18 19 19 24 26 32 68 93 97 112 124 205 
1640938455.023686 ### RSSI: -51, 16, 1640051831 ,3735 
1640938455.193687 ### RSSI: -54, 18, 1640051831 ,3738 
1640938455.529061 ### DEBUG: Ticks: 3743, 16, 1 
1640938455.529285 1640051831 c0:98:e5:42:00:29 352 
1640938455.529420 20 25 34 44 48 53 53 55 58 65 74 77 79 81 86 
1640938455.529560 88 95 102 102 105 119 123 126 133 138 138 142 149 161 325 
1640938456.024004 ### RSSI: -52, 23, 1640051832 ,3751 
1640938456.191356 ### RSSI: -52, 24, 1640051832 ,3753 
1640938456.535298 ### DEBUG: Ticks: 3759, 16, 1 
1640938456.537705 1640051832 c0:98:e5:42:00:29 333 
1640938456.540495 20 26 49 55 60 70 71 72 74 74 75 77 79 79 82 
1640938456.541596 85 86 89 91 92 108 120 124 127 153 200 201 211 216 332 
1640938457.019285 ### RSSI: -50, 4, 1640051833 ,3766 
1640938457.199807 ### RSSI: -50, 31, 1640051833 ,3769 
1640938457.528769 ### DEBUG: Ticks: 3774, 15, 1 
1640938457.529062 1640051833 c0:98:e5:42:00:29 347 
1640938457.529246 39 45 49 54 58 58 59 64 70 73 74 75 75 83 84 
1640938457.529419 85 85 86 96 99 102 104 106 113 131 142 144 157 163 302 
1640938458.026819 ### RSSI: -52, 22, 1640051834 ,3782 
1640938458.197080 ### RSSI: -51, 32, 1640051834 ,3785 
1640938458.533403 ### DEBUG: Ticks: 3790, 16, 1 
1640938458.533692 1640051834 c0:98:e5:42:00:29 363 
1640938458.533884 -94 -91 -61 -57 -56 -46 -40 -36 -34 -33 -27 -25 -20 -19 -17 
1640938458.534061 -15 -12 -10 0 5 6 9 11 13 16 40 47 51 84 242 
1640938459.022284 ### RSSI: -52, 33, 1640051835 ,3798 
1640938459.191828 ### RSSI: -52, 15, 1640051835 ,3800 
1640938459.533502 ### DEBUG: Ticks: 3806, 16, 1 
1640938459.534373 1640051835 c0:98:e5:42:00:29 335 
1640938459.534929 -26 -10 -9 -7 -7 -7 -3 8 13 15 18 29 30 38 41 
1640938459.535115 42 44 48 53 65 69 69 70 93 93 123 124 131 196 246 
1640938460.015537 ### RSSI: -50, 5, 1640051836 ,3813 
1640938460.198898 ### RSSI: -49, 29, 1640051836 ,3816 
1640938460.532898 ### ERROR: Failed reading SquarePoint packet length
1640938461.023856 ### RSSI: -51, 16, 1640051837 ,3829 
1640938461.194798 ### RSSI: -50, 35, 1640051837 ,3832 
1640938462.020459 ### RSSI: -52, 17, 1640051838 ,3844 
1640938462.197793 ### RSSI: -51, 8, 1640051838 ,3847 
1640938462.535214 ### DEBUG: Ticks: 3852, 46, 1 
1640938462.535463 1640051838 c0:98:e5:42:00:29 281 
1640938462.535665 -66 -60 -43 -35 -32 -31 -30 -24 -24 -21 -13 -12 -7 -7 -4 
1640938462.535810 -4 2 9 11 13 18 24 29 34 38 51 61 78 134 235 
1640938463.019840 ### RSSI: -51, 35, 1640051839 ,3860 
1640938463.198181 ### RSSI: -55, 11, 1640051839 ,3863 
1640938463.532741 ### DEBUG: Ticks: 3868, 16, 1 
1640938463.533030 1640051839 c0:98:e5:42:00:29 341 
1640938463.533216 -70 -68 -51 -41 -37 -31 -30 -26 -25 -20 -17 -17 -14 -11 -9 
1640938463.533448 -9 -1 3 3 8 26 27 27 39 58 89 124 132 137 230 
1640938464.020838 ### RSSI: -52, 10, 1640051840 ,3876 
1640938464.196572 ### RSSI: -52, 17, 1640051840 ,3878 
1640938464.527379 ### DEBUG: Ticks: 3884, 16, 1 
1640938464.528020 1640051840 c0:98:e5:42:00:29 313 
1640938464.528568 -107 -97 -91 -82 -75 -73 -67 -66 -63 -59 -58 -57 -55 -52 -46 
1640938464.539872 -35 -35 -34 -32 -26 -25 -24 -18 -15 4 7 25 28 39 143 
1640938465.024101 ### RSSI: -53, 10, 1640051841 ,3891 
1640938465.193891 ### RSSI: -51, 32, 1640051841 ,3894 
1640938465.531375 ### DEBUG: Ticks: 3899, 15, 1 
1640938465.531794 1640051841 c0:98:e5:42:00:29 300 
1640938465.531994 -191 -169 -156 -145 -144 -137 -132 -128 -126 -124 -119 -115 -100 -97 -96 
1640938465.532192 -85 -84 -78 -76 -72 -71 -64 -57 -57 -47 -47 -6 -4 28 119 
1640938466.023564 ### RSSI: -48, 27, 1640051842 ,3907 
1640938466.191159 ### RSSI: -49, 26, 1640051842 ,3910 
1640938466.526236 ### DEBUG: Ticks: 3915, 16, 1 
1640938466.537727 1640051842 c0:98:e5:42:00:29 297 
1640938466.537978 -1 8 12 14 15 29 42 43 44 48 51 52 53 54 56 
1640938466.538134 56 58 81 95 97 106 111 112 114 118 126 126 148 191 293 
1640938467.022968 ### RSSI: -52, 34, 1640051842 ,3923 
1640938467.191801 ### RSSI: -50, 31, 1640051842 ,3925 
1640938467.529057 ### DEBUG: Ticks: 3931, 16, 1 
1640938467.529308 1640051843 c0:98:e5:42:00:29 374 
1640938467.529462 -15 -9 -2 25 26 26 32 59 59 59 63 65 72 76 76 
1640938467.529622 84 84 88 92 93 97 97 98 113 124 135 153 164 192 306 
1640938468.016260 ### RSSI: -50, 26, 1640051843 ,3938 
1640938468.199709 ### RSSI: -48, 1, 1640051843 ,3941 
1640938468.530254 ### DEBUG: Ticks: 3946, 15, 1 
1640938468.530499 1640051844 c0:98:e5:42:00:29 278 
1640938468.530664 -81 -57 -50 -47 -43 -39 -37 -36 -35 -34 -30 -29 -26 -25 -19 
1640938468.530821 -14 -12 -7 -7 -5 -2 -1 7 14 43 52 58 78 125 194 
1640938469.022786 ### RSSI: -48, 1, 1640051844 ,3954 
1640938469.196340 ### RSSI: -51, 7, 1640051844 ,3957 
1640938469.536570 ### DEBUG: Ticks: 3962, 16, 1 
1640938469.536842 1640051845 c0:98:e5:42:00:29 290 
1640938469.537039 -13 -4 12 22 23 37 42 47 48 51 52 53 55 60 65 
1640938469.537285 67 68 72 79 92 93 96 103 112 127 141 177 202 204 285 
1640938470.022872 ### RSSI: -53, 19, 1640051845 ,3969 
1640938470.189915 ### RSSI: -52, 20, 1640051845 ,3972 
1640938470.529162 ### DEBUG: Ticks: 3977, 15, 1 
1640938470.529439 1640051846 c0:98:e5:42:00:29 365 
1640938470.529633 -33 -17 0 3 9 27 27 35 37 42 43 46 53 54 60 
1640938470.529810 60 63 65 66 81 95 95 95 117 120 130 135 178 196 322 
1640938471.017909 ### RSSI: -49, 27, 1640051846 ,3985 
1640938471.190448 ### RSSI: -52, 10, 1640051846 ,3988 
1640938471.533939 ### DEBUG: Ticks: 3993, 16, 1 
1640938471.535899 1640051847 c0:98:e5:42:00:29 316 
1640938471.538916 -106 -84 -80 -72 -71 -65 -64 -63 -59 -57 -48 -43 -40 -38 -33 
1640938471.541273 -32 -27 -24 -18 -12 -7 -6 10 20 23 28 56 68 71 174 
1640938472.017523 ### RSSI: -52, 9, 1640051847 ,4001 
1640938472.187999 ### RSSI: -52, 20, 1640051847 ,4003 
1640938472.531660 ### DEBUG: Ticks: 4009, 16, 1 
1640938472.531949 1640051848 c0:98:e5:42:00:29 245 
1640938472.532133 -152 -129 -107 -101 -96 -96 -94 -93 -93 -89 -82 -78 -69 -60 -60 
1640938472.532322 -52 -44 -43 -39 -38 -36 -35 -29 -22 -8 -8 6 8 33 156 
1640938473.016011 ### RSSI: -51, 32, 1640051848 ,4016 
1640938473.194958 ### RSSI: -51, 8, 1640051848 ,4019 
1640938473.524198 ### ERROR: Failed reading SquarePoint packet length
1640938474.015398 ### RSSI: -53, 6, 1640051849 ,4032 
1640938474.195841 ### RSSI: -52, 10, 1640051850 ,4035 
1640938475.021095 ### RSSI: -49, 29, 1640051850 ,4048 
1640938475.189539 ### RSSI: -50, 5, 1640051851 ,4050 
1640938475.530086 ### DEBUG: Ticks: 4055, 46, 1 
1640938475.530335 1640051851 c0:98:e5:42:00:29 386 
1640938475.530491 14 20 29 30 47 65 67 83 85 89 91 91 96 103 109 
1640938475.530650 109 114 116 117 124 124 124 133 136 147 157 172 179 226 322 
1640938476.015358 ### RSSI: -51, 8, 1640051851 ,4063 
1640938476.192948 ### RSSI: -52, 14, 1640051852 ,4066 
1640938476.536048 ### DEBUG: Ticks: 4071, 16, 1 
1640938476.536353 1640051852 c0:98:e5:42:00:29 433 
1640938476.536535 69 79 91 95 101 105 107 107 108 117 118 120 127 137 138 
1640938476.536720 150 151 152 153 158 162 169 170 185 221 223 243 250 272 400 
1640938477.019244 ### RSSI: -52, 8, 1640051852 ,4079 
1640938477.199927 ### RSSI: -49, 3, 1640051853 ,4081 
1640938477.535008 ### DEBUG: Ticks: 4087, 16, 1 
1640938477.535295 1640051853 c0:98:e5:42:00:29 306 
1640938477.535484 -169 -168 -164 -159 -153 -120 -118 -100 -96 -95 -92 -92 -92 -90 -81 
1640938477.535757 -80 -79 -77 -74 -71 -69 -65 -60 -57 -53 -49 -26 -14 12 106 
1640938478.019673 ### RSSI: -53, 6, 1640051853 ,4094 
1640938478.189448 ### RSSI: -57, 14, 1640051854 ,4097 
1640938478.528117 ### DEBUG: Ticks: 4102, 15, 1 
1640938478.528401 1640051854 c0:98:e5:42:00:29 382 
1640938478.528557 23 52 59 69 73 76 80 81 94 101 102 105 105 111 112 
1640938478.528716 114 115 115 117 121 128 130 133 139 139 182 225 238 245 355 
1640938479.017119 ### RSSI: -57, 21, 1640051855 ,4110 
1640938479.192573 ### RSSI: -51, 16, 1640051855 ,4113 
1640938479.533610 ### DEBUG: Ticks: 4118, 16, 1 
1640938479.533871 1640051855 c0:98:e5:42:00:29 328 
1640938479.534028 54 57 58 58 59 63 65 68 72 73 73 81 84 89 92 
1640938479.534188 93 93 94 106 111 112 118 118 130 131 149 165 187 191 343 
1640938480.017708 ### RSSI: -51, 8, 1640051856 ,4126 
1640938480.199042 ### RSSI: -50, 35, 1640051856 ,4128 
1640938480.526527 ### DEBUG: Ticks: 4134, 16, 1 
1640938480.538328 1640051856 c0:98:e5:42:00:29 377 
1640938480.538582 -49 -30 -26 -25 -8 -8 -1 10 15 17 22 32 33 36 38 
1640938480.538737 44 44 50 51 60 61 82 88 90 92 105 129 129 146 271 
1640938481.015314 ### RSSI: -54, 18, 1640051857 ,4141 
1640938481.193956 ### RSSI: -50, 35, 1640051857 ,4144 
1640938481.529511 ### DEBUG: Ticks: 4149, 15, 1 
1640938481.529801 1640051857 c0:98:e5:42:00:29 280 
1640938481.529981 -55 -47 -40 -40 -32 -31 -30 -24 -10 0 0 1 3 4 4 
1640938481.530166 5 7 9 10 11 16 21 28 35 46 88 99 118 138 241 
1640938482.021514 ### RSSI: -49, 36, 1640051858 ,4157 
1640938482.190893 ### RSSI: -52, 21, 1640051858 ,4160 
1640938482.538550 ### DEBUG: Ticks: 4165, 16, 1 
1640938482.538809 1640051858 c0:98:e5:42:00:29 344 
1640938482.538976 -94 -92 -72 -60 -46 -36 -34 -29 -25 -20 -19 -14 -11 -9 -3 
1640938482.539160 -2 6 9 10 18 27 27 28 38 39 50 58 68 113 208 
1640938483.023307 ### RSSI: -52, 7, 1640051859 ,4172 
1640938483.191382 ### RSSI: -54, 18, 1640051859 ,4175 
1640938483.534723 ### DEBUG: Ticks: 4180, 15, 1 
1640938483.534984 1640051859 c0:98:e5:42:00:29 356 
1640938483.535149 40 82 94 103 109 109 111 113 114 121 122 125 129 137 137 
1640938483.535325 144 145 146 152 157 161 173 181 184 186 200 209 218 274 375 
1640938484.014997 ### RSSI: -52, 22, 1640051860 ,4188 
1640938484.196214 ### RSSI: -50, 30, 1640051860 ,4191 
1640938484.531980 ### DEBUG: Ticks: 4196, 16, 1 
1640938484.532270 1640051860 c0:98:e5:42:00:29 300 
1640938484.532502 9 15 16 28 35 35 36 38 43 44 46 46 49 57 58 
1640938484.532689 61 64 71 86 93 94 103 105 112 120 138 143 147 169 307 
1640938485.019106 ### RSSI: -50, 31, 1640051861 ,4204 
1640938485.187480 ### RSSI: -51, 15, 1640051861 ,4206 
1640938485.537634 ### DEBUG: Ticks: 4212, 16, 1 
1640938485.537957 1640051861 c0:98:e5:42:00:29 362 
1640938485.538142 -38 -20 -15 -6 -6 0 0 1 2 2 2 6 7 9 17 
1640938485.538327 27 29 32 35 38 39 41 52 53 59 59 145 154 154 213 
1640938485.904247 ### INFO: SD card flushed!
1640938486.018328 ### RSSI: -52, 7, 1640051862 ,4219 
1640938486.187268 ### RSSI: -50, 31, 1640051862 ,4222 
1640938486.532757 ### ERROR: Failed reading SquarePoint packet length
1640938487.017205 ### RSSI: -51, 22, 1640051863 ,4235 
1640938487.194905 ### RSSI: -51, 8, 1640051863 ,4238 
1640938488.022686 ### RSSI: -50, 5, 1640051864 ,4251 
1640938488.190104 ### RSSI: -49, 27, 1640051864 ,4253 
