1641168095.902353 ###RTT Client: ************************************************************ 
1641168095.902531 ###RTT Client: *               SEGGER Microcontroller GmbH                * 
1641168095.902573 ###RTT Client: *   Solutions for real time microcontroller applications   * 
1641168095.902613 ###RTT Client: ************************************************************ 
1641168095.902653 ###RTT Client: *                                                          * 
1641168095.902693 ###RTT Client: *       (c) 2012 - 2016  SEGGER Microcontroller GmbH       * 
1641168095.902733 ###RTT Client: *                                                          * 
1641168095.902793 ###RTT Client: *     www.segger.com     Support: support@segger.com       * 
1641168095.902836 ###RTT Client: *                                                          * 
1641168095.902876 ###RTT Client: ************************************************************ 
1641168095.902919 ###RTT Client: *                                                          * 
1641168095.902962 ###RTT Client: * SEGGER J-Link RTT Client   Compiled Jan 30 2018 18:46:58 * 
1641168095.903001 ###RTT Client: *                                                          * 
1641168095.903041 ###RTT Client: ************************************************************ 
1641168095.903080 
1641168095.903125 ###RTT Client: -----------------------------------------------
1641168095.903170 ###RTT Client: Connecting to J-Link RTT Server via localhost:9201  Connected.
1641168095.903214 SEGGER J-Link V6.30 - Real time terminal output
1641168095.903258 J-Link EDU Mini V1 compiled Oct 22 2019 16:28:45 V1.0, SN=801021855
1641168095.903302 Process: JLinkExe
1641168095.903350 ### DEBUG: BLE START SCANNING called
1641168095.903417 ### DEBUG: Ticks: 97, 16, 1 
1641168095.903477 1640049917 c0:98:e5:42:00:2c 301 
1641168095.903518 504 520 527 535 557 561 569 570 574 580 581 581 584 594 598 
1641168095.903557 609 617 619 632 639 657 660 683 685 687 699 711 729 730 731 
1641168095.903601 ### DEBUG: BLE START SCANNING called
1641168095.903646 ### RSSI: -65, 19, 1640049917 ,102 
1641168095.903692 ### DEBUG: BLE START SCANNING called
1641168095.903731 ### DEBUG: Ticks: 112, 15, 1 
1641168095.903775 1640049918 c0:98:e5:42:00:2c 333 
1641168095.903819 550 563 566 574 577 583 598 602 607 613 614 627 637 652 656 
1641168095.903863 676 677 680 684 690 698 704 707 709 717 729 745 754 762 805 
1641168095.903903 ### RSSI: -66, 21, 1640049918 ,118 
1641168095.903949 ### DEBUG: Ticks: 128, 16, 1 
1641168095.903995 1640049919 c0:98:e5:42:00:2c 302 
1641168095.904041 481 488 489 498 516 516 517 539 555 556 566 577 580 594 605 
1641168095.904085 606 607 617 618 622 623 635 640 644 680 683 693 712 713 726 
1641168095.904129 ### RSSI: -59, 14, 1640049919 ,134 
1641168095.904174 ### DEBUG: Ticks: 143, 15, 1 
1641168095.904214 1640049920 c0:98:e5:42:00:2c 274 
1641168095.904258 442 463 467 478 480 494 494 495 497 497 500 535 538 543 545 
1641168095.904302 552 558 566 570 581 591 591 597 608 616 620 656 662 664 706 
1641168095.904342 ### RSSI: -58, 27, 1640049920 ,149 
1641168095.904382 ### DEBUG: Ticks: 159, 16, 1 
1641168095.904426 1640049921 c0:98:e5:42:00:2c 300 
1641168095.904486 477 498 508 530 537 556 562 564 570 573 590 590 594 594 600 
1641168095.904531 601 611 623 626 638 658 661 666 668 669 676 687 694 694 696 
1641168095.904575 ### RSSI: -62, 17, 1640049922 ,165 
1641168095.904621 ### DEBUG: Ticks: 175, 16, 1 
1641168095.904660 1640049922 c0:98:e5:42:00:2c 354 
1641168095.904700 549 565 585 596 615 619 648 651 662 673 691 694 697 699 708 
1641168095.904739 711 718 719 722 730 753 756 757 763 794 794 820 827 832 834 
1641168095.904779 ### RSSI: -60, 25, 1640049923 ,180 
1641168095.904818 ### DEBUG: Ticks: 190, 15, 1 
1641168095.904860 1640049923 c0:98:e5:42:00:2c 253 
1641168095.904900 406 423 424 447 451 457 464 471 472 480 481 486 487 498 507 
1641168095.904939 507 507 515 527 530 538 548 578 578 580 607 621 624 640 648 
1641168095.904978 ### RSSI: -52, 35, 1640049924 ,196 
1641168095.905018 ### DEBUG: Ticks: 206, 16, 1 
1641168095.905057 1640049924 c0:98:e5:42:00:2c 317 
1641168095.905096 452 458 462 476 484 484 490 491 503 510 518 522 523 534 553 
1641168095.905136 560 561 566 570 577 578 593 601 605 608 608 630 637 639 668 
1641168095.905175 ### RSSI: -52, 34, 1640049925 ,212 
1641168095.905215 ### DEBUG: Ticks: 222, 16, 1 
1641168095.905255 1640049925 c0:98:e5:42:00:2c 339 
1641168095.905294 558 560 564 566 567 572 612 622 626 636 646 662 665 677 678 
1641168095.905333 679 680 685 686 690 692 697 716 719 737 739 759 773 775 822 
1641168095.905373 ### RSSI: -55, 10, 1640049926 ,227 
1641168095.905412 ### DEBUG: Ticks: 237, 15, 1 
1641168095.905451 1640049926 c0:98:e5:42:00:2c 324 
1641168095.905507 544 553 579 595 597 600 602 604 616 621 628 628 630 640 647 
1641168095.905546 649 656 661 661 665 668 703 708 717 726 733 752 755 759 776 
1641168095.905586 ### RSSI: -54, 11, 1640049927 ,243 
1641168095.905625 ### DEBUG: Ticks: 253, 16, 1 
1641168095.905664 1640049927 c0:98:e5:42:00:2c 317 
1641168095.905703 521 526 528 545 566 571 588 593 596 604 606 616 628 630 635 
1641168095.905743 635 656 658 675 693 699 711 716 725 734 734 738 751 784 788 
1641168095.905782 ### RSSI: -62, 17, 1640049928 ,259 
1641168095.905821 ### DEBUG: Ticks: 268, 15, 1 
1641168095.905861 1640049928 c0:98:e5:42:00:2c 310 
1641168095.905900 520 541 543 546 547 552 556 565 571 580 588 590 600 612 615 
1641168095.905940 625 632 633 636 636 656 661 667 683 691 701 709 710 720 739 
1641168095.905980 ### RSSI: -67, 21, 1640049929 ,274 
1641168095.906019 ### DEBUG: Ticks: 284, 16, 1 
1641168095.906059 1640049929 c0:98:e5:42:00:2c 302 
1641168095.906098 448 472 491 494 494 504 504 512 531 543 554 557 577 579 597 
1641168095.906137 613 614 616 621 623 627 628 632 645 645 648 650 657 670 711 
1641168095.906177 ### RSSI: -51, 8, 1640049930 ,290 
1641168095.906216 ### DEBUG: Ticks: 300, 16, 1 
1641168095.906256 1640049930 c0:98:e5:42:00:2c 335 
1641168095.906296 525 549 568 578 581 600 609 610 613 614 615 620 634 659 669 
1641168095.906335 673 696 704 708 708 717 731 741 766 773 782 790 791 793 796 
1641168095.906375 ### RSSI: -53, 31, 1640049930 ,305 
1641168095.906414 ### DEBUG: Ticks: 315, 15, 1 
1641168095.906453 1640049931 c0:98:e5:42:00:2c 300 
1641168095.906510 430 473 513 518 524 526 534 535 544 557 564 575 576 594 598 
1641168095.906550 604 613 613 614 615 635 635 636 647 653 653 661 666 671 673 
1641168095.906590 ### RSSI: -52, 32, 1640049931 ,321 
1641168095.906629 ### DEBUG: Ticks: 331, 16, 1 
1641168095.906668 1640049932 c0:98:e5:42:00:2c 290 
1641168095.906708 439 462 488 494 494 499 500 505 531 546 551 558 560 578 579 
1641168095.906747 581 594 608 612 615 618 621 648 649 650 663 666 674 700 752 
1641168095.906786 ### RSSI: -54, 11, 1640049932 ,337 
1641168095.906826 ### DEBUG: Ticks: 347, 16, 1 
1641168095.906865 1640049933 c0:98:e5:42:00:2c 298 
1641168095.906905 441 468 475 500 507 508 509 523 537 554 557 560 564 569 571 
1641168095.906944 577 586 593 596 596 611 616 629 640 640 646 674 674 677 684 
1641168095.906984 ### RSSI: -51, 4, 1640049933 ,352 
1641168095.907024 ### DEBUG: Ticks: 362, 15, 1 
1641168095.907063 1640049934 c0:98:e5:42:00:2c 312 
1641168095.907102 487 508 515 520 543 546 564 566 572 577 585 593 597 598 620 
1641168095.907142 630 639 643 646 646 647 647 647 647 666 693 697 714 724 728 
1641168095.907182 ### RSSI: -52, 5, 1640049934 ,368 
1641168095.907221 ### DEBUG: Ticks: 378, 16, 1 
1641168095.907260 1640049935 c0:98:e5:42:00:2c 314 
1641168095.907299 477 498 522 523 527 534 542 551 556 575 584 591 594 603 607 
1641168095.907339 649 653 656 661 662 666 667 669 688 690 710 719 722 739 763 
1641168095.907395 ### RSSI: -52, 32, 1640049935 ,384 
1641168095.907436 ### DEBUG: Ticks: 393, 15, 1 
1641168095.907494 1640049936 c0:98:e5:42:00:2c 289 
1641168095.907533 503 514 523 523 523 524 534 536 536 546 548 565 568 569 578 
1641168095.907574 580 586 587 599 600 603 621 626 627 636 645 665 665 678 733 
1641168095.907613 ### RSSI: -52, 4, 1640049936 ,399 
1641168095.907653 ### DEBUG: Ticks: 409, 16, 1 
1641168095.907693 1640049937 c0:98:e5:42:00:2c 312 
1641168095.907732 477 530 542 543 554 561 579 581 584 597 604 615 616 623 625 
1641168095.907772 639 639 640 644 644 671 671 682 697 705 708 736 745 751 0 
1641168095.907811 ### RSSI: -56, 29, 1640049937 ,415 
1641168095.907850 ### DEBUG: Ticks: 425, 16, 1 
1641168095.907890 1640049938 c0:98:e5:42:00:2c 325 
1641168095.907929 541 545 548 572 576 580 580 598 606 622 631 633 638 642 646 
1641168095.907969 656 667 668 671 673 687 690 692 697 709 723 724 751 755 757 
1641168095.908009 ### RSSI: -55, 30, 1640049938 ,430 
1641168095.908049 ### DEBUG: Ticks: 440, 15, 1 
1641168095.908088 1640049939 c0:98:e5:42:00:2c 316 
1641168095.908127 493 520 525 529 545 557 557 558 562 579 584 602 615 620 633 
1641168095.908167 634 635 646 646 659 669 684 713 722 724 730 755 759 773 0 
1641168095.908207 ### RSSI: -53, 8, 1640049939 ,446 
1641168095.908246 ### DEBUG: Ticks: 456, 16, 1 
1641168095.908286 1640049940 c0:98:e5:42:00:2c 333 
1641168095.908325 513 572 575 578 591 595 609 627 630 631 642 657 662 663 666 
1641168095.908365 668 690 696 697 701 712 718 718 764 767 775 776 780 782 815 
1641168095.908404 ### RSSI: -61, 17, 1640049940 ,462 
1641168095.908443 ### DEBUG: Ticks: 471, 15, 1 
1641168095.908499 1640049941 c0:98:e5:42:00:2c 300 
1641168095.908598 441 491 511 523 534 536 543 548 553 554 567 574 575 598 601 
1641168095.908639 601 601 605 630 634 658 661 664 664 671 677 683 714 720 0 
1641168095.908679 ### RSSI: -53, 8, 1640049941 ,477 
1641168095.908719 ### DEBUG: Ticks: 487, 16, 1 
1641168095.908758 1640049942 c0:98:e5:42:00:2c 306 
1641168095.908798 470 501 508 522 540 545 548 548 562 564 577 578 591 602 612 
1641168095.908838 614 633 641 652 654 660 662 685 690 697 715 728 730 744 763 
1641168095.908877 ### RSSI: -66, 22, 1640049942 ,493 
1641168095.908917 ### DEBUG: Ticks: 503, 16, 1 
1641168095.908956 1640049943 c0:98:e5:42:00:2c 313 
1641168095.908997 506 532 544 546 546 549 561 570 582 582 596 598 610 612 626 
1641168095.909036 638 645 645 657 659 673 706 713 720 720 720 730 746 753 0 
1641168095.909075 ### RSSI: -68, 21, 1640049943 ,508 
1641168095.909115 ### DEBUG: Ticks: 518, 15, 1 
1641168095.909155 1640049944 c0:98:e5:42:00:2c 292 
1641168095.909195 447 470 511 517 520 525 526 528 535 570 579 580 581 582 585 
1641168095.909239 586 588 598 607 614 617 651 664 666 669 672 698 705 711 729 
1641168095.909284 ### RSSI: -56, 29, 1640049944 ,524 
1641168095.909324 ### DEBUG: Ticks: 534, 16, 1 
1641168095.909364 1640049945 c0:98:e5:42:00:2c 382 
1641168095.909409 579 590 602 610 625 628 629 632 655 670 671 677 682 685 698 
1641168095.909448 707 708 710 735 743 744 757 767 779 782 790 804 812 821 825 
1641168095.909509 ### RSSI: -51, 36, 1640049946 ,540 
1641168095.909548 
1641168095.909593 ----------------------------------------------
1641168095.909632 ### WARNING: Chip experienced a reset with reason 2
1641168095.909676 ### INFO: Bluetooth address: c0:98:e5:42:00:29
1641168095.909721 ### DEBUG: Time is 00:00:00, 2000/00/00
1641168095.909765 ### INFO: Time is 00:00:00, 2000/00/00
1641168095.909805 ### INFO: Initializing SD Card...
1641168095.909863 ### INFO: Connecting to the SquarePoint module...
1641168095.909910 ### INFO: SquarePoint module connection successful
1641168095.909955 ### INFO: Battery voltage currently 4014 mV
1641168095.909999 ### INFO: SD card flushed!
1641168095.910044 ### INFO: SD card flushed!
1641168095.910088 ### DEBUG: BLE START SCANNING called
1641168095.910132 ### DEBUG: Ticks: 23, 23, 0 
1641168095.910171 1640049948 c0:98:e5:42:00:2c 286 
1641168095.910215 445 466 484 493 499 506 515 520 540 544 552 553 560 561 571 
1641168095.910255 573 586 590 595 599 608 615 625 628 632 639 653 672 691 699 
1641168095.910299 ### INFO: Switched Scheduler EUI from 00:00:00:00:00:00 to c0:98:e5:42:00:2c
1641168095.910339 ### DEBUG: BLE STOP SCANNING called
1641168095.910383 ### DEBUG: BLE START SCANNING called
1641168095.910423 ### DEBUG: Ticks: 39, 16, 0 
1641168095.910482 1640049949 c0:98:e5:42:00:2c 311 
1641168095.910528 512 523 551 552 560 565 578 584 585 596 597 605 609 611 618 
1641168095.910572 629 636 637 656 661 671 672 687 696 702 722 731 742 749 757 
1641168095.910617 ### DEBUG: BLE START SCANNING called
1641168095.910661 ### DEBUG: BLE START SCANNING called
1641168095.910706 ### DEBUG: BLE START SCANNING called
1641168095.910750 ### DEBUG: BLE START SCANNING called
1641168095.910794 ### DEBUG: BLE START SCANNING called
1641168095.910839 ### INFO: Device is now STATIONARY
1641168095.910883 ### DEBUG: Ticks: 55, 16, 0 
1641168095.910929 1640049950 c0:98:e5:42:00:2c 284 
1641168095.910975 444 448 458 474 478 485 490 509 517 518 526 532 537 553 567 
1641168095.911021 571 574 577 588 595 605 613 621 623 627 631 636 656 670 674 
1641168095.911066 ### DEBUG: BLE START SCANNING called
1641168095.911123 ### DEBUG: BLE START SCANNING called
1641168095.911167 ### DEBUG: BLE START SCANNING called
1641168095.911212 ### DEBUG: BLE START SCANNING called
1641168095.911266 ### DEBUG: BLE START SCANNING called
1641168095.911311 ### DEBUG: Ticks: 70, 15, 0 
1641168095.911355 1640049951 c0:98:e5:42:00:2c 330 
1641168095.911432 532 558 563 569 591 591 593 604 610 613 614 615 618 653 658 
1641168095.911493 662 679 679 704 708 708 717 718 725 738 743 747 753 755 781 
1641168095.911538 ### DEBUG: BLE START SCANNING called
1641168095.911582 ### addr: c0:98:e5:42:00:2c 
1641168095.911621 ### on_adv_report outer RSSI: -51, time:1640049952 
1641168095.911666 ### INFO: Discovered new device: c0:98:e5:42:00:2c
1641168095.911711 ### DEBUG: connected? already connected
1641168095.911756 ### DEBUG: BLE START SCANNING called
1641168095.911800 ### BLE EVENT: 16, INFO: BLE CONNECTED!
1641168095.911881 ### DEBUG: BLE START SCANNING called
1641168095.911926 ### RSSI: -52, 5, 1640049952 ,79 
1641168095.911972 ### DEBUG: BLE START SCANNING called
1641168095.912016 ### RSSI: -54, 31, 1640049952 ,80 
1641168095.912061 ### DEBUG: BLE START SCANNING called
1641168095.912105 ### RSSI: -51, 4, 1640049952 ,82 
1641168095.912150 ### DEBUG: BLE START SCANNING called
1641168095.912196 ### RSSI: -58, 26, 1640049952 ,83 
1641168095.912296 ### DEBUG: BLE START SCANNING called
1641168095.912342 ### RSSI: -52, 5, 1640049952 ,85 
1641168095.912387 ### DEBUG: BLE START SCANNING called
1641168095.912431 ### DEBUG: Ticks: 86, 16, 1 
1641168095.912495 1640049952 c0:98:e5:42:00:2c 345 
1641168095.912540 542 551 568 573 579 581 608 614 632 632 634 662 667 689 691 
1641168095.912584 692 694 699 702 721 725 728 758 761 762 776 785 790 795 817 
1641168095.912630 ### DEBUG: BLE START SCANNING called
1641168095.912675 ### RSSI: -64, 19, 1640049952 ,86 
1641168095.912719 ### DEBUG: BLE START SCANNING called
1641168095.912764 ### RSSI: -54, 11, 1640049952 ,88 
1641168095.912810 ### DEBUG: BLE START SCANNING called
1641168095.912850 ### DEBUG: BLE START SCANNING called
1641168095.912895 ### RSSI: -61, 25, 1640049952 ,89 
1641168095.912982 ### DEBUG: BLE START SCANNING called
1641168095.913043 ### RSSI: -55, 12, 1640049953 ,91 
1641168095.913084 ### DEBUG: BLE START SCANNING called
1641168095.913124 ### RSSI: -63, 23, 1640049953 ,93 
1641168095.913164 ### DEBUG: BLE START SCANNING called
1641168095.913203 ### RSSI: -56, 29, 1640049953 ,94 
1641168095.913243 ### DEBUG: BLE START SCANNING called
1641168095.913283 ### RSSI: -60, 26, 1640049953 ,96 
1641168095.913323 ### DEBUG: BLE START SCANNING called
1641168095.913363 ### RSSI: -51, 1, 1640049953 ,97 
1641168095.913403 ### DEBUG: BLE START SCANNING called
1641168095.913444 ### RSSI: -71, 19, 1640049953 ,99 
1641168095.913509 ### DEBUG: BLE START SCANNING called
1641168095.913555 ### RSSI: -54, 11, 1640049953 ,100 
1641168095.913601 ### DEBUG: BLE START SCANNING called
1641168095.913646 ### DEBUG: Ticks: 101, 15, 1 
1641168095.913690 1640049953 c0:98:e5:42:00:2c 339 
1641168095.913736 556 564 569 590 598 628 629 635 638 641 646 660 663 669 670 
1641168095.913780 688 697 702 702 705 746 747 752 762 784 789 789 801 814 815 
1641168095.913825 ### DEBUG: BLE START SCANNING called
1641168095.913870 ### RSSI: -58, 28, 1640049953 ,102 
1641168095.913914 ### DEBUG: BLE START SCANNING called
1641168095.913960 ### RSSI: -55, 12, 1640049953 ,104 
1641168095.913999 ### DEBUG: BLE START SCANNING called
1641168095.914044 ### DEBUG: Ticks: 117, 16, 1 
1641168095.914089 1640049954 c0:98:e5:42:00:2c 307 
1641168095.914134 514 514 515 516 522 523 541 545 565 568 600 600 606 609 614 
1641168095.914179 614 617 619 625 636 650 675 680 681 681 697 701 702 721 762 
1641168095.914224 ### RSSI: -54, 31, 1640049954 ,119 
1641168095.914269 ### DEBUG: Ticks: 133, 16, 1 
1641168095.914314 1640049955 c0:98:e5:42:00:2c 272 
1641168095.914359 471 485 497 503 505 509 512 517 519 519 524 528 532 534 536 
1641168095.914403 553 562 565 567 587 593 602 617 631 631 642 662 678 681 696 
1641168095.914459 ### RSSI: -56, 29, 1640049956 ,135 
1641168095.914505 ### DEBUG: Ticks: 148, 15, 1 
1641168095.914549 1640049956 c0:98:e5:42:00:2c 333 
1641168095.914594 547 556 572 595 599 601 602 605 613 619 629 632 632 654 659 
1641168095.914639 675 679 694 699 711 717 720 722 732 734 740 758 767 777 791 
1641168095.914684 ### RSSI: -60, 15, 1640049957 ,150 
1641168095.914729 ### DEBUG: Ticks: 164, 16, 1 
1641168095.914773 1640049957 c0:98:e5:42:00:2c 298 
1641168095.914819 465 472 476 488 496 531 542 543 553 556 567 572 575 590 591 
1641168095.914863 602 609 610 637 646 647 655 660 660 664 672 673 691 713 734 
1641168095.914909 ### RSSI: -59, 14, 1640049958 ,166 
1641168095.914953 ### DEBUG: Ticks: 180, 16, 1 
1641168095.914999 1640049958 c0:98:e5:42:00:2c 269 
1641168095.915044 390 412 418 441 445 462 473 479 485 487 512 513 515 518 534 
1641168095.915089 542 548 573 575 577 579 579 592 607 610 625 644 652 661 700 
1641168095.915133 ### RSSI: -54, 11, 1640049958 ,182 
1641168095.915178 ### DEBUG: Ticks: 195, 15, 1 
1641168095.915223 1640049959 c0:98:e5:42:00:2c 260 
1641168095.915269 425 438 451 452 454 467 474 475 482 498 502 504 512 517 518 
1641168095.915314 525 525 532 534 547 552 552 553 559 561 566 571 575 598 649 
1641168095.915358 ### DEBUG: Ticks: 211, 16, 1 
1641168095.915427 1640049960 c0:98:e5:42:00:2c 329 
1641168095.915484 518 540 544 556 569 573 575 593 593 608 615 619 623 634 655 
1641168095.915529 662 667 668 668 676 684 704 709 709 720 730 735 743 772 775 
1641168095.915574 ### RSSI: -53, 35, 1640049960 ,213 
1641168095.915618 ### DEBUG: Ticks: 226, 15, 1 
1641168095.915662 1640049961 c0:98:e5:42:00:2c 308 
1641168095.915707 498 518 537 555 564 569 573 585 586 593 594 602 610 613 616 
1641168095.915751 619 627 636 652 655 660 664 682 682 683 687 717 744 748 752 
1641168095.915796 ### RSSI: -52, 35, 1640049961 ,228 
1641168095.915841 ### DEBUG: Ticks: 242, 16, 1 
1641168095.915885 1640049962 c0:98:e5:42:00:2c 306 
1641168095.915929 492 497 509 514 522 531 551 559 561 565 577 580 588 600 608 
1641168095.915974 616 617 620 639 655 671 671 677 682 689 693 722 724 727 754 
1641168095.916019 ### RSSI: -59, 15, 1640049962 ,244 
1641168095.916063 ### DEBUG: Ticks: 258, 16, 1 
1641168095.916108 1640049963 c0:98:e5:42:00:2c 297 
1641168095.916153 457 459 494 522 528 539 542 549 552 566 568 575 575 576 587 
1641168095.916197 604 610 617 621 632 644 647 647 651 651 689 690 699 710 746 
1641168095.916242 ### RSSI: -57, 29, 1640049963 ,260 
1641168095.916287 ### DEBUG: Ticks: 273, 15, 1 
1641168095.916332 1640049964 c0:98:e5:42:00:2c 295 
1641168095.916376 476 490 500 507 512 515 527 528 533 545 548 562 563 574 588 
1641168095.916416 592 598 606 619 632 640 640 669 670 673 686 688 690 712 720 
1641168095.916471 ### RSSI: -68, 21, 1640049964 ,275 
1641168095.916517 ### DEBUG: Ticks: 289, 16, 1 
1641168095.916562 1640049965 c0:98:e5:42:00:2c 306 
1641168095.916606 524 529 532 543 551 552 557 561 563 578 581 591 595 596 605 
1641168095.916652 621 629 630 637 648 653 654 668 682 690 690 693 694 730 749 
1641168095.916696 ### RSSI: -53, 7, 1640049965 ,291 
1641168095.916742 ### DEBUG: Ticks: 305, 16, 1 
1641168095.916786 1640049966 c0:98:e5:42:00:2c 310 
1641168095.916831 528 546 555 565 571 577 580 583 584 598 601 605 616 616 620 
1641168095.916876 623 623 630 645 651 655 671 674 688 695 708 709 732 750 754 
1641168095.916921 ### RSSI: -61, 24, 1640049966 ,307 
1641168095.916966 ### DEBUG: Ticks: 320, 15, 1 
1641168095.917011 1640049967 c0:98:e5:42:00:2c 297 
1641168095.917051 463 473 496 500 500 501 511 528 533 539 540 542 561 578 581 
1641168095.917096 609 618 619 622 624 637 637 654 672 675 688 694 702 707 750 
1641168095.917141 ### RSSI: -52, 5, 1640049967 ,322 
1641168095.917186 ### DEBUG: Ticks: 336, 16, 1 
1641168095.917231 1640049968 c0:98:e5:42:00:2c 342 
1641168095.917275 542 562 576 577 613 613 621 624 624 635 642 662 672 674 674 
1641168095.917320 695 702 705 718 728 733 734 742 748 763 769 769 778 807 811 
1641168095.917365 ### RSSI: -55, 12, 1640049968 ,338 
1641168095.917410 ### DEBUG: Ticks: 351, 15, 1 
1641168095.917465 1640049969 c0:98:e5:42:00:2c 312 
1641168095.917510 498 503 503 522 527 532 543 544 555 563 564 590 591 608 620 
1641168095.917556 628 629 633 636 641 657 657 669 674 674 679 685 710 725 732 
1641168095.917601 ### RSSI: -50, 1, 1640049969 ,353 
1641168095.917646 ### DEBUG: Ticks: 367, 16, 1 
1641168095.917690 1640049970 c0:98:e5:42:00:2c 340 
1641168095.917735 519 539 553 557 581 583 589 593 601 603 618 641 654 668 672 
1641168095.917780 688 688 692 705 711 715 715 739 740 746 747 762 785 792 806 
1641168095.917824 ### RSSI: -50, 1, 1640049970 ,369 
1641168095.917869 ### DEBUG: Ticks: 383, 16, 1 
1641168095.917914 1640049971 c0:98:e5:42:00:2c 303 
1641168095.917960 458 480 504 537 538 545 546 551 553 571 571 573 576 596 607 
1641168095.918004 608 616 619 620 625 628 639 645 650 660 692 702 704 718 747 
1641168095.918048 ### RSSI: -52, 35, 1640049971 ,385 
1641168095.918093 ### DEBUG: Ticks: 398, 15, 1 
1641168095.918137 1640049972 c0:98:e5:42:00:2c 339 
1641168095.918182 537 548 558 576 576 578 585 589 633 637 637 671 674 677 678 
1641168095.918227 683 683 685 704 709 709 715 717 731 737 758 778 785 791 0 
1641168095.918271 ### RSSI: -52, 35, 1640049972 ,400 
1641168095.918316 ### DEBUG: Ticks: 414, 16, 1 
1641168095.918361 1640049973 c0:98:e5:42:00:2c 287 
1641168095.918406 429 439 453 455 482 485 501 501 515 521 530 535 539 568 574 
1641168095.918459 578 580 593 598 608 609 609 610 611 624 627 634 675 699 0 
1641168095.918505 ### RSSI: -61, 15, 1640049973 ,416 
1641168095.918550 ### DEBUG: Ticks: 429, 15, 1 
1641168095.918594 1640049974 c0:98:e5:42:00:2c 338 
1641168095.918638 587 589 595 605 606 609 610 612 615 633 639 648 654 666 669 
1641168095.918684 686 688 695 702 710 710 719 725 758 760 769 780 790 802 810 
1641168095.918728 ### RSSI: -57, 13, 1640049974 ,432 
1641168095.918773 ### DEBUG: Ticks: 445, 16, 1 
1641168095.918824 1640049975 c0:98:e5:42:00:2c 294 
1641168095.918869 462 464 476 482 498 503 505 511 520 537 537 556 559 562 587 
1641168095.918914 590 603 618 623 625 626 626 626 626 647 651 653 664 689 704 
1641168095.918958 ### RSSI: -62, 19, 1640049975 ,447 
1641168095.919003 ### DEBUG: Ticks: 461, 16, 1 
1641168095.919048 1640049976 c0:98:e5:42:00:2c 342 
1641168095.919093 541 553 568 576 577 592 609 634 648 650 657 666 670 671 672 
1641168095.919138 676 680 687 687 694 708 723 723 742 750 753 755 756 766 774 
1641168095.919182 ### RSSI: -64, 23, 1640049976 ,463 
1641168095.919227 ### DEBUG: Ticks: 476, 15, 1 
1641168095.919272 1640049977 c0:98:e5:42:00:2c 326 
1641168095.919317 521 527 533 556 562 579 587 588 600 604 611 618 630 638 646 
1641168095.919362 660 663 664 675 676 678 698 709 711 715 736 746 768 776 787 
1641168095.919422 ### RSSI: -51, 0, 1640049977 ,478 
1641168095.919479 ### DEBUG: Ticks: 492, 16, 1 
1641168095.919524 1640049978 c0:98:e5:42:00:2c 320 
1641168095.919569 532 553 557 561 569 572 577 588 590 591 602 602 609 615 637 
1641168095.919614 646 648 652 656 662 665 683 691 692 700 723 725 733 774 774 
1641168095.919659 ### RSSI: -67, 19, 1640049978 ,494 
1641168095.919703 ### DEBUG: Ticks: 508, 16, 1 
1641168095.919748 1640049979 c0:98:e5:42:00:2c 251 
1641168095.919793 390 409 435 441 446 447 448 460 470 474 478 478 486 494 502 
1641168095.919838 503 506 525 527 530 535 539 552 557 564 564 633 654 665 672 
1641168095.919883 ### RSSI: -52, 9, 1640049980 ,510 
1641168095.919929 ### DEBUG: Ticks: 523, 15, 1 
1641168095.919973 1640049980 c0:98:e5:42:00:2c 321 
1641168095.920018 498 521 534 542 552 564 570 576 581 582 588 598 606 630 643 
1641168095.920063 644 647 652 658 661 662 679 697 703 712 713 718 727 752 755 
1641168095.920108 ### RSSI: -63, 23, 1640049981 ,525 
1641168095.920153 ### DEBUG: Ticks: 539, 16, 1 
1641168095.920197 1640049981 c0:98:e5:42:00:2c 235 
1641168095.920242 365 386 391 394 418 422 424 424 426 428 429 462 463 469 470 
1641168095.920286 470 472 478 488 504 508 508 520 543 547 567 568 579 590 602 
1641168095.920330 ### INFO: Device is now IN MOTION
1641168095.920375 ### RSSI: -59, 29, 1640049982 ,541 
1641168097.841609 ###RTT Client: Connection closed by J-Link DLL. Going to reconnect.
1641168097.842667 ###RTT Client: Connecting to J-Link RTT Server via localhost:9201  Connected.
1641168097.852157 SEGGER J-Link V6.30 - Real time terminal output
1641168097.852299 J-Link EDU Mini V1 compiled Oct 22 2019 16:28:45 V1.0, SN=801021855
1641168097.852377 Process: JLinkExe
1641168134.367057 
1641168134.367165 ----------------------------------------------
1641168134.367206 ### WARNING: Chip experienced a reset with reason 1
1641168134.367245 ### INFO: Bluetooth address: c0:98:e5:42:00:29
1641168134.367284 ### DEBUG: Time is 00:00:00, 2000/00/00
1641168134.367343 ### INFO: Time is 00:00:00, 2000/00/00
1641168134.367427 ### INFO: Initializing SD Card...
1641168134.367479 ### INFO: Connecting to the SquarePoint module...
1641168134.367519 ### INFO: SquarePoint module connection successful
1641168134.367558 ### INFO: Battery voltage currently 4031 mV
1641168134.367598 ### INFO: SD card flushed!
1641168134.367637 ### INFO: SD card flushed!
1641168134.367676 ### DEBUG: BLE START SCANNING called
1641168134.367719 ### DEBUG: BLE START SCANNING called
1641168134.367759 ### addr: c0:98:e5:42:00:2c 
1641168134.367806 ### on_adv_report outer RSSI: -78, time:1640503230 
1641168134.367846 ### INFO: Discovered new device: c0:98:e5:42:00:2c
1641168134.367885 ### INFO: Switched Scheduler EUI from 00:00:00:00:00:00 to c0:98:e5:42:00:2c
1641168134.367924 ### INFO: Starting the SquarePoint module...
1641168134.367963 ### INFO: Starting SquarePoint module as PARTICIPANT with timestamp 1640503230
1641168134.368006 ### DEBUG: BLE STOP SCANNING called
1641168134.368045 ### INFO: SquarePoint module successfully started!
1641168134.368084 ### DEBUG: Ticks: 33, 33, 0 
1641168134.639678 1640503231 ### DEBUG: Ticks: 49, 16, 0 
1641168135.723204 1640050128 ### DEBUG: Ticks: 66, 17, 0 
1641168135.723334 1640050129 c0:98:e5:42:00:2c 5162 
1641168135.723439 5412 5478 5515 5519 5525 5534 5535 5535 5566 5567 5570 5573 5575 5575 5582 
1641168135.723499 5583 5586 5588 5592 5594 5595 5597 5609 5610 5618 5624 5640 5651 5662 5672 
1641168136.736261 ### DEBUG: Ticks: 81, 15, 0 
1641168136.736370 1640050130 c0:98:e5:42:00:2c 5019 
1641168136.736411 5287 5379 5395 5408 5421 5432 5447 5450 5452 5455 5456 5465 5473 5479 5488 
1641168136.736451 5490 5491 5495 5500 5500 5501 5504 5505 5513 5515 5518 5530 5551 5553 5573 
1641168137.734361 ### DEBUG: Ticks: 97, 16, 0 
1641168137.734473 1640050131 c0:98:e5:42:00:2c 4967 
1641168137.734527 5222 5322 5328 5328 5329 5357 5364 5373 5381 5388 5390 5395 5396 5403 5410 
1641168137.734573 5414 5416 5418 5419 5429 5432 5434 5437 5442 5446 5454 5460 5470 5475 5480 
1641168138.730331 ### DEBUG: Ticks: 113, 16, 0 
1641168138.730486 1640050132 c0:98:e5:42:00:2c 4878 
1641168138.730541 5079 5144 5192 5199 5210 5212 5214 5218 5223 5238 5254 5263 5268 5269 5274 
1641168138.730599 5281 5284 5285 5288 5295 5296 5300 5312 5321 5335 5335 5336 5338 5353 5356 
1641168139.734473 ### DEBUG: Ticks: 128, 15, 0 
1641168139.734578 1640050133 c0:98:e5:42:00:2c 4912 
1641168139.734619 5056 5176 5180 5207 5219 5222 5230 5235 5243 5244 5263 5270 5273 5275 5281 
1641168139.734658 5282 5284 5285 5292 5293 5296 5302 5304 5308 5320 5330 5375 5386 5393 5395 
1641168140.727322 ### DEBUG: Ticks: 144, 16, 0 
1641168140.727714 1640050134 c0:98:e5:42:00:2c 5015 
1641168140.738654 5276 5290 5304 5330 5337 5351 5358 5358 5361 5363 5372 5377 5387 5401 5405 
1641168140.738755 5410 5419 5419 5424 5433 5438 5445 5459 5469 5532 5534 5572 5630 5682 5741 
1641168141.728095 ### DEBUG: Ticks: 159, 15, 0 
1641168141.728213 1640050135 c0:98:e5:42:00:2c 4708 
1641168141.728263 4997 5063 5064 5066 5070 5081 5081 5083 5085 5089 5089 5104 5109 5114 5115 
1641168141.728312 5127 5144 5157 5159 5161 5164 5176 5177 5188 5198 5200 5213 5224 5323 5412 
1641168142.731606 ### DEBUG: Ticks: 175, 16, 0 
1641168142.731711 1640050136 c0:98:e5:42:00:2c 4699 
1641168142.731752 4968 4969 4990 5001 5003 5024 5025 5025 5026 5030 5031 5033 5042 5047 5052 
1641168142.731791 5055 5056 5056 5060 5068 5076 5076 5080 5083 5086 5098 5104 5136 5234 5270 
1641168143.730507 ### DEBUG: Ticks: 191, 16, 0 
1641168143.730621 1640050137 c0:98:e5:42:00:2c 4406 
1641168143.730683 4718 4720 4723 4729 4731 4735 4736 4737 4760 4763 4780 4782 4790 4800 4802 
1641168143.730735 4803 4813 4817 4819 4822 4836 4837 4838 4851 4860 4875 4884 4935 4999 0 
1641168144.729736 ### DEBUG: Ticks: 206, 15, 0 
1641168144.729849 1640050138 c0:98:e5:42:00:2c 3609 
1641168144.729903 3896 3900 3907 3914 3934 3935 3957 3962 3971 3983 3986 3988 3989 4007 4020 
1641168144.729952 4021 4021 4028 4036 4037 4038 4052 4056 4060 4061 4093 4116 4121 4139 4233 
1641168145.731299 ### DEBUG: Ticks: 222, 16, 0 
1641168145.731447 1640050139 c0:98:e5:42:00:2c 2497 
1641168145.731489 2773 2793 2795 2798 2803 2817 2818 2825 2826 2830 2833 2860 2866 2891 2896 
1641168145.731533 2899 2901 2907 2912 2918 2923 2923 2925 2926 2935 2937 2945 2947 3000 3111 
1641168146.733433 ### DEBUG: Ticks: 238, 16, 0 
1641168146.733537 1640050140 c0:98:e5:42:00:2c 1480 
1641168146.733583 1767 1779 1783 1794 1818 1820 1820 1834 1838 1839 1841 1844 1859 1866 1870 
1641168146.733630 1875 1880 1894 1895 1902 1913 1926 1935 1939 1940 1945 1946 1970 1974 1975 
1641168147.730075 ### DEBUG: Ticks: 253, 15, 0 
1641168147.730180 1640050141 c0:98:e5:42:00:2c 1052 
1641168147.730224 1260 1276 1284 1294 1295 1301 1303 1338 1340 1341 1356 1359 1376 1394 1411 
1641168147.730271 1415 1418 1430 1431 1432 1435 1443 1459 1461 1463 1463 1463 1497 1507 1555 
1641168148.733800 ### DEBUG: Ticks: 269, 16, 0 
1641168148.733900 1640050142 c0:98:e5:42:00:2c 1131 
1641168148.733941 1505 1507 1511 1518 1539 1557 1566 1568 1572 1575 1589 1592 1593 1597 1598 
1641168148.733983 1608 1613 1614 1632 1635 1650 1651 1653 1661 1670 1675 1678 1695 1701 1811 
1641168149.730274 ### DEBUG: Ticks: 284, 15, 0 
1641168149.730383 1640050143 c0:98:e5:42:00:2c 1191 
1641168149.730433 1628 1631 1647 1667 1674 1684 1693 1697 1697 1703 1709 1710 1712 1718 1728 
1641168149.730486 1735 1738 1759 1760 1767 1769 1771 1777 1794 1808 1824 1841 1918 1960 1993 
1641168150.728349 ### DEBUG: Ticks: 300, 16, 0 
1641168150.728491 1640050144 c0:98:e5:42:00:2c 1261 
1641168150.728555 1560 1583 1585 1588 1602 1603 1607 1609 1623 1627 1634 1641 1642 1642 1643 
1641168150.739884 1644 1653 1672 1681 1685 1686 1687 1692 1704 1711 1715 1764 1764 1782 1826 
1641168151.735278 ### DEBUG: Ticks: 316, 16, 0 
1641168151.735467 1640050145 c0:98:e5:42:00:2c 1365 
1641168151.735518 1651 1669 1693 1696 1698 1703 1707 1708 1712 1714 1721 1721 1733 1737 1740 
1641168151.735566 1755 1755 1760 1760 1766 1768 1774 1774 1775 1783 1792 1797 1833 1880 1882 
1641168152.729903 ### DEBUG: Ticks: 331, 15, 0 
1641168152.730008 1640050146 c0:98:e5:42:00:2c 1525 
1641168152.730049 1830 1849 1874 1912 1918 1919 1924 1924 1925 1925 1928 1930 1942 1944 1953 
1641168152.730092 1954 1955 1962 1963 1964 1966 1967 1986 2001 2002 2004 2015 2046 2139 2166 
