1641692264.336567 ###RTT Client: ************************************************************ 
1641692264.336810 ###RTT Client: *               SEGGER Microcontroller GmbH                * 
1641692264.336881 ###RTT Client: *   Solutions for real time microcontroller applications   * 
1641692264.337154 ###RTT Client: ************************************************************ 
1641692264.337224 ###RTT Client: *                                                          * 
1641692264.337290 ###RTT Client: *       (c) 2012 - 2016  SEGGER Microcontroller GmbH       * 
1641692264.337383 ###RTT Client: *                                                          * 
1641692264.337449 ###RTT Client: *     www.segger.com     Support: support@segger.com       * 
1641692264.337516 ###RTT Client: *                                                          * 
1641692264.337755 ###RTT Client: ************************************************************ 
1641692264.337892 ###RTT Client: *                                                          * 
1641692264.338021 ###RTT Client: * SEGGER J-Link RTT Client   Compiled Jan 30 2018 18:46:58 * 
1641692264.338148 ###RTT Client: *                                                          * 
1641692264.338215 ###RTT Client: ************************************************************ 
1641692264.338281 
1641692264.338465 ###RTT Client: -----------------------------------------------
1641692264.338637 ###RTT Client: Connecting to J-Link RTT Server via localhost:9201  Connected.
1641692285.369025 SEGGER J-Link V6.30 - Real time terminal output
1641692285.369387 J-Link EDU Mini V1 compiled Oct  2 2020 17:00:40 V1.0, SN=801021851
1641692285.369618 Process: JLinkExe
1641692287.366807 ### INFO: Connecting to the SquarePoint module...
1641692287.367092 ### INFO: SquarePoint module connection successful
1641692287.367284 ### INFO: Battery voltage currently 4131 mV
1641692287.452941 ### INFO: SD card flushed!
1641692287.485934 ### INFO: SD card flushed!
1641692287.486551 ### DEBUG: BLE START SCANNING called
1641692287.752296 ### DEBUG: Ticks: 42, 42, 0 
1641692287.752758 1640050070 c0:98:e5:42:00:29 258 
1641692287.753538 -388 -386 -355 -350 -338 -333 -325 -325 -323 -308 -302 -301 -298 -296 -275 
1641692287.754279 -263 -258 -253 -253 -250 -247 -245 -228 -223 -222 -213 -204 -164 -156 -91 
1641692287.755031 ### INFO: Switched Scheduler EUI from 00:00:00:00:00:00 to c0:98:e5:42:00:2c
1641692287.755441 ### DEBUG: BLE STOP SCANNING called
1641692287.929385 ### INFO: Device is now STATIONARY
1641692288.369875 ### DEBUG: BLE START SCANNING called
1641692288.745121 ### DEBUG: Ticks: 58, 16, 0 
1641692288.745574 1640050071 c0:98:e5:42:00:29 264 
1641692288.746284 -384 -378 -338 -333 -330 -326 -326 -324 -304 -299 -292 -288 -275 -270 -267 
1641692288.746982 -265 -260 -250 -242 -237 -229 -229 -227 -222 -219 -214 -213 -186 -149 -8 
1641692289.496780 ### addr: c0:98:e5:42:00:29 
1641692289.499199 ### on_adv_report outer RSSI: -47, time:1640050072 
1641692289.499922 ### INFO: Discovered new device: c0:98:e5:42:00:29
1641692289.500127 ### DEBUG: connected? already connected
1641692289.500541 ### DEBUG: BLE START SCANNING called
1641692289.553216 ### BLE EVENT: 16, INFO: BLE CONNECTED!
1641692289.553556 ### DEBUG: BLE START SCANNING called
1641692289.553716 ### RSSI: -59, 29, 1640050072 ,71 
1641692289.553963 ### DEBUG: BLE START SCANNING called
1641692289.655194 ### RSSI: -48, 21, 1640050072 ,72 
1641692289.655442 ### DEBUG: BLE START SCANNING called
1641692289.748209 ### DEBUG: Ticks: 74, 16, 1 
1641692289.748510 1640050072 c0:98:e5:42:00:29 214 
1641692289.748736 -306 -300 -250 -238 -232 -224 -220 -208 -204 -200 -198 -194 -190 -190 -188 
1641692289.748949 -187 -186 -177 -175 -172 -156 -147 -145 -140 -139 -120 -112 -31 -14 14 
1641692289.749136 ### DEBUG: BLE START SCANNING called
1641692289.749399 ### RSSI: -46, 3, 1640050072 ,74 
1641692289.759363 ### DEBUG: BLE START SCANNING called
1641692289.850936 ### RSSI: -46, 5, 1640050073 ,75 
1641692289.851223 ### DEBUG: BLE START SCANNING called
1641692289.951800 ### RSSI: -49, 31, 1640050073 ,77 
1641692289.952436 ### DEBUG: BLE START SCANNING called
1641692290.054296 ### RSSI: -47, 21, 1640050073 ,78 
1641692290.056575 ### DEBUG: BLE START SCANNING called
1641692290.152850 ### RSSI: -46, 2, 1640050073 ,80 
1641692290.153175 ### DEBUG: BLE START SCANNING called
1641692290.256327 ### RSSI: -45, 18, 1640050073 ,82 
1641692290.257830 ### DEBUG: BLE START SCANNING called
1641692290.349006 ### RSSI: -46, 17, 1640050073 ,83 
1641692290.349440 ### DEBUG: BLE START SCANNING called
1641692290.364199 ### DEBUG: BLE START SCANNING called
1641692290.451400 ### RSSI: -47, 15, 1640050073 ,85 
1641692290.451694 ### DEBUG: BLE START SCANNING called
1641692290.497038 ### INFO: Device is now IN MOTION
1641692290.497435 ### DEBUG: BLE START SCANNING called
1641692290.555248 ### RSSI: -47, 6, 1640050073 ,86 
1641692290.555502 ### DEBUG: BLE START SCANNING called
1641692290.655567 ### RSSI: -44, 8, 1640050073 ,88 
1641692290.655852 ### DEBUG: BLE START SCANNING called
1641692290.745684 ### DEBUG: Ticks: 89, 15, 1 
1641692290.745904 1640050073 c0:98:e5:42:00:29 246 
1641692290.746051 -397 -394 -374 -372 -370 -369 -368 -365 -344 -338 -323 -316 -311 -310 -305 
1641692290.746190 -302 -290 -290 -288 -287 -270 -265 -265 -257 -248 -240 -236 -235 -190 -100 
1641692290.746329 ### DEBUG: BLE START SCANNING called
1641692290.759378 ### RSSI: -46, 18, 1640050073 ,89 
1641692290.759602 ### DEBUG: BLE START SCANNING called
1641692290.851206 ### RSSI: -46, 3, 1640050074 ,91 
1641692290.851886 ### DEBUG: BLE START SCANNING called
1641692290.951013 ### RSSI: -47, 6, 1640050074 ,92 
1641692290.951300 ### DEBUG: BLE START SCANNING called
1641692291.056572 ### RSSI: -47, 3, 1640050074 ,94 
1641692291.056819 ### DEBUG: BLE START SCANNING called
1641692291.157280 ### RSSI: -48, 3, 1640050074 ,96 
1641692291.157671 ### DEBUG: BLE START SCANNING called
1641692291.361712 ### DEBUG: BLE START SCANNING called
1641692291.747596 ### DEBUG: Ticks: 105, 16, 1 
1641692291.747862 1640050074 c0:98:e5:42:00:29 298 
1641692291.748058 -355 -342 -327 -297 -279 -278 -276 -275 -274 -266 -263 -261 -258 -257 -256 
1641692291.748239 -249 -227 -223 -220 -202 -195 -180 -172 -160 -159 -148 -145 -142 -137 -135 
1641692291.748455 ### DEBUG: BLE START SCANNING called
1641692292.153784 ### RSSI: -53, 32, 1640050074 ,111 
1641692292.154065 ### DEBUG: BLE START SCANNING called
1641692292.360983 ### DEBUG: BLE START SCANNING called
1641692292.745144 ### DEBUG: Ticks: 120, 15, 1 
1641692292.745520 1640050075 c0:98:e5:42:00:29 315 
1641692292.745692 -373 -349 -328 -328 -321 -319 -314 -314 -311 -305 -305 -295 -293 -291 -288 
1641692292.745851 -284 -270 -269 -268 -268 -261 -253 -237 -234 -225 -163 -161 -153 -111 -99 
1641692292.757259 ### DEBUG: BLE START SCANNING called
1641692293.152615 ### RSSI: -46, 20, 1640050075 ,127 
1641692293.152902 ### DEBUG: BLE START SCANNING called
1641692293.749895 ### DEBUG: Ticks: 136, 16, 1 
1641692293.750177 1640050076 c0:98:e5:42:00:29 252 
1641692293.750361 -468 -435 -434 -432 -431 -431 -429 -419 -418 -417 -409 -408 -406 -402 -402 
1641692293.750575 -401 -401 -397 -391 -387 -380 -371 -362 -360 -337 -298 -287 -282 -269 0 
1641692294.153251 ### RSSI: -46, 7, 1640050076 ,142 
1641692294.753515 ### DEBUG: Ticks: 152, 16, 1 
1641692294.753803 1640050077 c0:98:e5:42:00:29 365 
1641692294.753996 -137 -108 -86 -81 -75 -64 -63 -62 -61 -50 -35 -34 -34 -34 -23 
1641692294.754172 -21 -19 -16 -14 -10 -1 4 18 21 47 52 99 103 171 203 
1641692295.155146 ### RSSI: -51, 4, 1640050077 ,158 
1641692295.746347 ### DEBUG: Ticks: 167, 15, 1 
1641692295.746575 1640050078 c0:98:e5:42:00:29 902 
1641692295.746719 422 427 431 435 438 449 451 470 478 484 487 501 510 519 520 
1641692295.746877 520 522 526 539 542 548 548 549 549 554 568 568 572 596 629 
1641692296.150266 ### RSSI: -55, 24, 1640050078 ,174 
1641692296.747996 ### DEBUG: Ticks: 183, 16, 1 
1641692296.748284 1640050079 c0:98:e5:42:00:29 1840 
1641692296.748476 1359 1373 1375 1381 1394 1403 1410 1411 1421 1425 1426 1427 1430 1434 1435 
1641692296.748661 1447 1459 1460 1471 1475 1483 1485 1486 1495 1502 1520 1529 1539 1560 1561 
1641692297.156438 ### RSSI: -60, 0, 1640050079 ,189 
1641692297.745894 ### DEBUG: Ticks: 199, 16, 1 
1641692297.746152 1640050080 c0:98:e5:42:00:29 2968 
1641692297.746321 2499 2513 2525 2529 2531 2534 2539 2542 2560 2574 2575 2576 2577 2577 2580 
1641692297.746487 2582 2583 2596 2605 2615 2615 2618 2626 2629 2635 2639 2655 2661 2661 2799 
1641692298.155977 ### RSSI: -74, 31, 1640050080 ,205 
1641692298.744740 ### DEBUG: Ticks: 214, 15, 1 
1641692298.744961 1640050081 c0:98:e5:42:00:29 4106 
1641692298.757563 3610 3612 3620 3621 3632 3640 3644 3658 3658 3659 3663 3676 3684 3687 3692 
1641692298.757821 3700 3711 3714 3719 3720 3726 3730 3732 3738 3739 3742 3744 3764 3764 3773 
1641692299.146471 ### RSSI: -69, 29, 1640050081 ,221 
1641692299.747078 ### DEBUG: Ticks: 230, 16, 1 
1641692299.747378 1640050082 c0:98:e5:42:00:29 5156 
1641692299.747546 4682 4690 4695 4696 4697 4699 4703 4716 4721 4735 4750 4751 4761 4766 4769 
1641692299.747694 4769 4778 4778 4790 4792 4800 4804 4807 4810 4814 4822 4826 4831 4842 4863 
1641692300.148694 ### RSSI: -69, 6, 1640050082 ,236 
1641692300.752607 ### DEBUG: Ticks: 245, 15, 1 
1641692300.752885 1640050083 c0:98:e5:42:00:29 5169 
1641692300.753066 4713 4718 4727 4732 4736 4738 4751 4756 4768 4769 4771 4774 4775 4790 4797 
1641692300.753224 4805 4805 4822 4824 4829 4832 4833 4833 4834 4835 4859 4888 4894 4895 4921 
1641692301.151088 ### RSSI: -70, 13, 1640050083 ,252 
1641692301.747738 ### DEBUG: Ticks: 261, 16, 1 
1641692301.747960 1640050084 c0:98:e5:42:00:29 5239 
1641692301.748104 4789 4792 4794 4794 4797 4805 4806 4806 4816 4822 4831 4833 4852 4853 4853 
1641692301.748242 4855 4857 4875 4877 4878 4879 4882 4898 4904 4906 4919 4950 4960 4977 5188 
1641692302.147560 ### RSSI: -73, 11, 1640050084 ,267 
1641692302.749732 ### DEBUG: Ticks: 277, 16, 1 
1641692302.749990 1640050085 c0:98:e5:42:00:29 5183 
1641692302.750157 4715 4732 4733 4750 4760 4761 4762 4767 4774 4775 4785 4786 4789 4804 4808 
1641692302.750337 4812 4818 4824 4824 4825 4831 4834 4837 4855 4861 4864 4866 4895 4896 4922 
1641692303.158235 ### RSSI: -66, 10, 1640050085 ,283 
1641692303.746135 ### DEBUG: Ticks: 292, 15, 1 
1641692303.746681 1640050086 c0:98:e5:42:00:29 5188 
1641692303.746845 4669 4670 4678 4684 4684 4695 4696 4708 4711 4729 4731 4742 4746 4749 4751 
1641692303.758271 4756 4756 4770 4775 4787 4792 4798 4798 4802 4820 4862 4868 4870 4918 4925 
1641692304.147373 ### RSSI: -66, 6, 1640050086 ,299 
1641692304.745239 ### DEBUG: Ticks: 308, 16, 1 
1641692304.745684 1640050087 c0:98:e5:42:00:29 5163 
1641692304.746597 4576 4678 4684 4688 4697 4703 4715 4722 4741 4742 4742 4743 4744 4747 4758 
1641692304.757589 4763 4770 4776 4788 4795 4797 4835 4837 4852 4866 4866 4883 4901 4904 4998 
1641692305.146634 ### RSSI: -71, 24, 1640050087 ,314 
1641692306.148436 ### RSSI: -70, 12, 1640050089 ,330 
1641692307.156373 ### RSSI: -70, 2, 1640050090 ,345 
1641692307.752746 ### DEBUG: Ticks: 355, 47, 1 
1641692307.753129 1640050090 c0:98:e5:42:00:29 4889 
1641692307.753374 4351 4369 4394 4402 4410 4415 4428 4436 4440 4445 4449 4459 4468 4485 4486 
1641692307.753568 4490 4491 4503 4507 4510 4519 4529 4529 4535 4540 4545 4569 4580 4636 4775 
1641692308.157444 ### RSSI: -77, 24, 1640050091 ,361 
1641692308.747182 ### DEBUG: Ticks: 370, 15, 1 
1641692308.747479 1640050091 c0:98:e5:42:00:29 4776 
1641692308.747660 4174 4251 4289 4309 4315 4316 4317 4324 4324 4336 4344 4346 4361 4362 4364 
1641692308.747847 4373 4378 4383 4395 4407 4410 4412 4417 4423 4454 4455 4486 4488 4534 4611 
1641692309.255191 ### RSSI: -74, 16, 1640050092 ,378 
1641692309.754436 ### DEBUG: Ticks: 386, 16, 1 
1641692309.754750 1640050092 c0:98:e5:42:00:29 4702 
1641692309.754934 4165 4188 4199 4207 4219 4220 4238 4242 4258 4260 4266 4268 4282 4291 4296 
1641692309.755154 4306 4314 4316 4332 4345 4346 4349 4356 4366 4378 4396 4414 4416 4433 4585 
1641692310.250197 ### RSSI: -76, 11, 1640050093 ,394 
1641692310.753415 ### DEBUG: Ticks: 402, 16, 1 
1641692310.753703 1640050093 c0:98:e5:42:00:29 4834 
1641692310.753883 4321 4331 4342 4343 4351 4354 4366 4367 4376 4378 4381 4396 4396 4397 4404 
1641692310.754094 4404 4420 4422 4429 4429 4445 4454 4479 4506 4507 4507 4560 4599 4600 4691 
1641692311.256387 ### RSSI: -75, 35, 1640050094 ,409 
1641692311.753623 ### DEBUG: Ticks: 417, 15, 1 
1641692311.753911 1640050094 c0:98:e5:42:00:29 4710 
1641692311.754155 4272 4304 4311 4316 4317 4328 4341 4343 4343 4344 4345 4350 4354 4358 4387 
1641692311.754319 4388 4392 4401 4413 4413 4415 4423 4427 4435 4436 4454 4496 4508 4525 4649 
1641692312.254923 ### RSSI: -77, 32, 1640050095 ,425 
1641692312.752336 ### DEBUG: Ticks: 433, 16, 1 
1641692312.752626 1640050095 c0:98:e5:42:00:29 4571 
1641692312.752833 4091 4100 4120 4121 4123 4125 4127 4132 4145 4161 4164 4175 4181 4193 4205 
1641692312.753085 4208 4210 4211 4218 4219 4228 4230 4236 4249 4259 4260 4274 4297 4328 4353 
1641692313.256872 ### RSSI: -76, 23, 1640050096 ,441 
1641692313.746293 ### DEBUG: Ticks: 448, 15, 1 
1641692313.746517 1640050096 c0:98:e5:42:00:29 4173 
1641692313.757192 3588 3631 3635 3658 3671 3674 3682 3690 3693 3697 3706 3712 3714 3722 3729 
1641692313.757474 3730 3747 3748 3754 3755 3758 3763 3776 3788 3801 3802 3834 3841 3908 4023 
1641692314.755225 ### DEBUG: Ticks: 464, 16, 1 
1641692314.755462 1640050097 c0:98:e5:42:00:29 3467 
1641692314.755629 2975 3010 3016 3019 3024 3029 3037 3038 3040 3045 3057 3068 3080 3087 3094 
1641692314.755812 3099 3100 3119 3126 3126 3128 3129 3129 3132 3156 3162 3163 3198 3217 3229 
1641692315.253213 ### RSSI: -85, 28, 1640050098 ,472 
1641692315.750127 ### DEBUG: Ticks: 480, 16, 1 
1641692315.750436 1640050098 c0:98:e5:42:00:29 2441 
1641692315.750682 1861 1915 1935 1953 1957 1964 1965 1966 1967 1971 1971 1973 1987 1989 2003 
1641692315.750892 2006 2013 2014 2019 2022 2024 2026 2027 2031 2031 2075 2085 2105 2140 2155 
1641692316.255442 ### RSSI: -85, 20, 1640050098 ,488 
1641692316.746101 ### DEBUG: Ticks: 495, 15, 1 
1641692316.746386 1640050099 c0:98:e5:42:00:29 1461 
1641692316.757387 980 990 996 998 1003 1006 1017 1017 1044 1045 1056 1057 1061 1067 1072 
1641692316.757611 1076 1077 1087 1091 1099 1102 1113 1115 1118 1126 1143 1149 1152 1195 1322 
1641692317.245516 ### RSSI: -64, 2, 1640050099 ,503 
1641692317.753654 ### DEBUG: Ticks: 511, 16, 1 
1641692317.753942 1640050100 c0:98:e5:42:00:29 1050 
1641692317.754125 595 602 610 640 646 648 650 654 658 681 682 687 691 696 699 
1641692317.754342 703 706 707 712 720 729 733 758 772 782 826 843 854 856 871 
1641692318.247376 ### RSSI: -63, 32, 1640050100 ,519 
1641692318.749034 ### DEBUG: Ticks: 527, 16, 1 
1641692318.749301 1640050101 c0:98:e5:42:00:29 1101 
1641692318.749571 695 714 727 732 737 747 753 755 756 757 757 761 761 770 779 
1641692318.749703 779 803 825 831 837 843 846 851 853 872 882 883 889 907 965 
1641692319.246711 ### RSSI: -60, 22, 1640050101 ,534 
1641692319.753497 ### DEBUG: Ticks: 542, 15, 1 
1641692319.753782 1640050102 c0:98:e5:42:00:29 1155 
1641692319.753978 678 692 698 705 706 710 725 739 740 760 764 769 777 780 782 
1641692319.754153 784 814 815 817 817 824 827 828 831 837 847 851 856 874 917 
1641692320.248452 ### RSSI: -58, 29, 1640050102 ,550 
1641692320.747478 ### DEBUG: Ticks: 558, 16, 1 
1641692320.747766 1640050103 c0:98:e5:42:00:29 1226 
1641692320.747961 817 829 840 846 847 853 855 859 861 864 871 875 888 889 894 
1641692320.748137 900 903 921 935 938 982 983 990 994 998 1006 1037 1045 1051 1061 
1641692321.247269 ### RSSI: -55, 27, 1640050103 ,566 
1641692321.746802 ### DEBUG: Ticks: 573, 15, 1 
1641692321.747056 1640050104 c0:98:e5:42:00:29 1290 
1641692321.747448 855 856 861 877 888 892 895 903 911 911 922 923 926 929 935 
1641692321.757397 935 936 937 939 964 988 999 1024 1033 1037 1039 1059 1060 1062 1073 
1641692322.256253 ### RSSI: -69, 27, 1640050104 ,581 
1641692322.753953 ### DEBUG: Ticks: 589, 16, 1 
1641692322.755947 1640050105 c0:98:e5:42:00:29 1480 
1641692322.758899 728 740 762 772 776 780 795 813 828 833 834 836 837 841 850 
1641692322.762385 855 856 860 861 873 884 885 896 902 934 958 1000 1039 1087 1137 
1641692323.135379 ### INFO: SD card flushed!
1641692323.248707 ### RSSI: -70, 18, 1640050105 ,597 
1641692323.748596 ### DEBUG: Ticks: 605, 16, 1 
1641692323.748852 1640050106 c0:98:e5:42:00:29 1666 
1641692323.749005 1193 1218 1225 1236 1246 1247 1260 1261 1278 1280 1282 1289 1296 1297 1300 
1641692323.749182 1305 1309 1318 1325 1328 1332 1334 1356 1356 1373 1415 1445 1450 1453 1460 
1641692324.255129 ### RSSI: -74, 24, 1640050106 ,613 
1641692324.746312 ### DEBUG: Ticks: 620, 15, 1 
1641692324.746561 1640050107 c0:98:e5:42:00:29 1928 
1641692324.746724 1393 1426 1456 1462 1464 1486 1490 1509 1511 1515 1518 1528 1529 1541 1543 
1641692324.746949 1548 1554 1556 1556 1559 1562 1563 1601 1609 1627 1637 1687 1730 1752 1869 
1641692325.254240 ### RSSI: -65, 16, 1640050107 ,628 
1641692325.746521 ### DEBUG: Ticks: 636, 16, 1 
1641692325.746727 1640050108 c0:98:e5:42:00:29 1647 
1641692325.746858 1215 1216 1228 1237 1240 1245 1247 1257 1269 1276 1282 1284 1300 1305 1305 
1641692325.746975 1316 1323 1332 1332 1339 1344 1344 1357 1395 1399 1417 1427 1437 1459 1463 
1641692326.253510 ### RSSI: -65, 20, 1640050108 ,644 
1641692326.745675 ### DEBUG: Ticks: 652, 16, 1 
1641692326.745919 1640050109 c0:98:e5:42:00:29 1618 
1641692326.757718 1085 1106 1116 1126 1151 1160 1164 1169 1171 1177 1179 1181 1182 1195 1210 
1641692326.757977 1231 1232 1234 1236 1237 1259 1278 1282 1284 1290 1321 1330 1349 1355 1355 
1641692327.244882 ### RSSI: -61, 10, 1640050109 ,659 
1641692328.252034 ### RSSI: -65, 11, 1640050111 ,675 
1641692329.245152 ### RSSI: -62, 34, 1640050112 ,691 
1641692329.750168 ### DEBUG: Ticks: 698, 46, 1 
1641692329.750482 1640050112 c0:98:e5:42:00:29 1666 
1641692329.750739 1206 1218 1233 1236 1246 1248 1251 1262 1262 1269 1270 1270 1278 1284 1290 
1641692329.750928 1296 1318 1323 1336 1338 1345 1350 1356 1368 1372 1374 1410 1410 1436 1446 
1641692330.251288 ### RSSI: -57, 16, 1640050113 ,706 
1641692330.750360 ### DEBUG: Ticks: 714, 16, 1 
1641692330.750633 1640050113 c0:98:e5:42:00:29 1668 
1641692330.750786 1233 1237 1238 1251 1255 1255 1262 1264 1270 1288 1298 1298 1300 1302 1304 
1641692330.750944 1306 1307 1313 1324 1326 1331 1331 1364 1367 1367 1371 1380 1389 1412 1526 
1641692331.252000 ### RSSI: -61, 21, 1640050114 ,722 
1641692331.747176 ### DEBUG: Ticks: 730, 16, 1 
1641692331.747464 1640050114 c0:98:e5:42:00:29 2055 
1641692331.747647 1543 1581 1583 1593 1601 1605 1606 1612 1618 1623 1629 1630 1630 1635 1638 
1641692331.747856 1646 1654 1657 1666 1668 1671 1671 1680 1686 1689 1706 1712 1714 1731 1733 
1641692332.246682 ### RSSI: -61, 30, 1640050115 ,737 
1641692332.750747 ### DEBUG: Ticks: 745, 15, 1 
1641692332.751047 1640050115 c0:98:e5:42:00:29 2876 
1641692332.751252 2374 2394 2404 2407 2414 2425 2429 2433 2434 2440 2444 2451 2465 2472 2474 
1641692332.751440 2478 2479 2480 2483 2493 2497 2504 2518 2523 2524 2534 2534 2534 2543 2568 
1641692333.246522 ### RSSI: -70, 34, 1640050116 ,753 
1641692333.748391 ### DEBUG: Ticks: 761, 16, 1 
1641692333.748641 1640050116 c0:98:e5:42:00:29 3674 
1641692333.748804 3210 3213 3220 3223 3224 3225 3256 3256 3257 3258 3259 3261 3262 3262 3270 
1641692333.748964 3272 3283 3284 3285 3285 3294 3298 3306 3306 3310 3320 3325 3335 3350 3351 
1641692334.245663 ### RSSI: -66, 7, 1640050117 ,769 
1641692334.744397 ### DEBUG: Ticks: 777, 16, 1 
1641692334.756048 1640050117 c0:98:e5:42:00:29 4358 
1641692334.757804 3809 3850 3866 3871 3874 3875 3876 3877 3883 3896 3901 3903 3904 3904 3914 
1641692334.758020 3925 3931 3931 3942 3945 3945 3955 3958 3980 3982 3982 3985 3995 4000 4002 
1641692335.253872 ### RSSI: -66, 30, 1640050118 ,784 
1641692335.749666 ### DEBUG: Ticks: 792, 15, 1 
1641692335.749955 1640050118 c0:98:e5:42:00:29 5067 
1641692335.750134 4584 4587 4588 4590 4602 4618 4623 4632 4633 4634 4636 4637 4639 4641 4646 
1641692335.750319 4669 4670 4672 4673 4688 4692 4706 4734 4744 4749 4749 4754 4775 4790 4795 
1641692336.253245 ### RSSI: -66, 1, 1640050119 ,800 
1641692336.751927 ### DEBUG: Ticks: 808, 16, 1 
1641692336.752205 1640050119 c0:98:e5:42:00:29 5085 
1641692336.752400 4591 4595 4607 4614 4629 4646 4646 4646 4649 4650 4656 4660 4663 4666 4667 
1641692336.752601 4668 4675 4681 4682 4692 4701 4702 4703 4717 4727 4732 4735 4751 4770 4782 
1641692337.250242 ### RSSI: -72, 24, 1640050120 ,816 
1641692337.747136 ### DEBUG: Ticks: 823, 15, 1 
1641692337.747366 1640050120 c0:98:e5:42:00:29 5070 
1641692337.747527 4537 4544 4552 4554 4569 4569 4577 4579 4581 4588 4588 4593 4599 4601 4607 
1641692337.747668 4611 4625 4638 4650 4653 4659 4663 4663 4664 4666 4677 4692 4700 4714 4857 
1641692338.254123 ### RSSI: -80, 9, 1640050121 ,831 
1641692338.746923 ### ERROR: Failed reading SquarePoint packet length
1641692339.250726 ### RSSI: -71, 25, 1640050122 ,847 
1641692340.257219 ### RSSI: -67, 6, 1640050123 ,862 
1641692340.746215 ### DEBUG: Ticks: 870, 47, 1 
1641692340.746497 1640050123 c0:98:e5:42:00:29 5125 
1641692340.759608 4569 4583 4584 4599 4600 4604 4609 4618 4620 4623 4643 4654 4668 4668 4673 
1641692340.759868 4688 4691 4697 4699 4704 4706 4709 4716 4731 4735 4739 4756 4770 4846 4927 
1641692341.251695 ### RSSI: -77, 32, 1640050123 ,878 
1641692341.754763 ### DEBUG: Ticks: 886, 16, 1 
1641692341.755095 1640050124 c0:98:e5:42:00:29 5012 
1641692341.755249 4431 4474 4502 4526 4530 4551 4562 4563 4569 4576 4578 4582 4584 4589 4599 
1641692341.755409 4599 4607 4625 4643 4643 4649 4663 4664 4668 4668 4675 4693 4702 4707 4909 
1641692342.352131 ### RSSI: -86, 35, 1640050124 ,895 
1641692342.746143 ### DEBUG: Ticks: 901, 15, 1 
1641692342.746551 1640050125 c0:98:e5:42:00:29 4961 
1641692342.757530 4392 4447 4462 4463 4463 4467 4470 4478 4488 4490 4496 4517 4519 4520 4522 
1641692342.757836 4533 4541 4551 4553 4569 4574 4577 4579 4592 4598 4603 4612 4622 4648 4851 
1641692343.349521 ### RSSI: -69, 6, 1640050125 ,911 
1641692343.750942 ### DEBUG: Ticks: 917, 16, 1 
1641692343.751190 1640050126 c0:98:e5:42:00:29 4794 
1641692343.751353 4286 4327 4353 4360 4361 4373 4379 4383 4385 4398 4402 4410 4413 4423 4427 
1641692343.752108 4432 4434 4445 4457 4459 4459 4471 4475 4485 4500 4516 4528 4566 4590 4595 
1641692344.348380 ### RSSI: -74, 30, 1640050126 ,926 
1641692344.750200 ### DEBUG: Ticks: 933, 16, 1 
1641692344.750424 1640050127 c0:98:e5:42:00:29 4694 
1641692344.750570 4217 4234 4241 4245 4246 4247 4248 4268 4280 4285 4304 4304 4307 4308 4312 
1641692344.750736 4313 4314 4314 4315 4328 4337 4347 4355 4374 4387 4416 4438 4478 4617 4707 
1641692345.348269 ### RSSI: -77, 2, 1640050127 ,942 
1641692345.752656 ### DEBUG: Ticks: 948, 15, 1 
1641692345.752880 1640050128 c0:98:e5:42:00:29 4890 
1641692345.753014 4413 4432 4452 4452 4463 4476 4488 4489 4498 4503 4505 4513 4525 4531 4533 
1641692345.753153 4544 4564 4570 4570 4572 4587 4591 4592 4593 4604 4606 4614 4617 4635 4640 
1641692346.351665 ### RSSI: -80, 36, 1640050128 ,958 
1641692346.754667 ### DEBUG: Ticks: 964, 16, 1 
1641692346.756360 1640050129 c0:98:e5:42:00:29 4483 
1641692346.760938 3996 4019 4033 4033 4046 4051 4052 4055 4056 4057 4063 4070 4073 4074 4077 
1641692346.762709 4084 4088 4102 4113 4117 4118 4120 4123 4126 4138 4139 4162 4181 4213 4228 
1641692347.349027 ### RSSI: -73, 31, 1640050129 ,973 
1641692347.747381 ### DEBUG: Ticks: 980, 16, 1 
1641692347.747621 1640050130 c0:98:e5:42:00:29 4202 
1641692347.747777 3709 3710 3716 3718 3719 3727 3727 3736 3740 3745 3755 3768 3774 3775 3783 
1641692347.747941 3789 3790 3791 3793 3795 3820 3829 3836 3836 3850 3863 3886 3941 3942 3957 
1641692348.351720 ### RSSI: -77, 30, 1640050130 ,989 
1641692348.755490 ### DEBUG: Ticks: 995, 15, 1 
1641692348.757823 1640050131 c0:98:e5:42:00:29 3640 
1641692348.760467 3071 3128 3129 3131 3147 3161 3167 3168 3170 3179 3182 3195 3204 3209 3219 
1641692348.760717 3229 3234 3235 3239 3239 3243 3244 3250 3251 3251 3252 3313 3349 3393 3535 
1641692349.347565 ### RSSI: -68, 33, 1640050132 ,1005 
1641692349.742811 ### ERROR: Failed reading SquarePoint packet length
1641692350.350765 ### RSSI: -74, 26, 1640050133 ,1020 
1641692351.348804 ### RSSI: -63, 2, 1640050134 ,1036 
1641692351.744081 ### DEBUG: Ticks: 1042, 47, 1 
1641692351.757189 1640050134 c0:98:e5:42:00:29 1953 
1641692351.757582 1425 1455 1470 1477 1493 1493 1505 1507 1507 1516 1518 1533 1542 1544 1544 
1641692351.757779 1545 1549 1553 1555 1575 1576 1588 1590 1600 1614 1626 1659 1663 1692 1733 
1641692352.353006 ### RSSI: -64, 34, 1640050135 ,1051 
1641692352.755148 ### DEBUG: Ticks: 1058, 16, 1 
1641692352.755432 1640050135 c0:98:e5:42:00:29 1331 
1641692352.755611 818 821 843 858 859 884 887 890 891 891 892 892 923 925 927 
1641692352.755820 934 950 955 956 957 958 958 964 966 976 993 1021 1024 1025 1037 
1641692353.348693 ### RSSI: -64, 13, 1640050136 ,1067 
1641692353.752200 ### DEBUG: Ticks: 1073, 15, 1 
1641692353.752493 1640050136 c0:98:e5:42:00:29 1226 
1641692353.752675 765 799 802 811 831 832 833 839 841 841 852 853 859 862 864 
1641692353.752860 866 871 875 895 896 898 899 900 918 925 942 949 976 1021 1043 
1641692354.355287 ### RSSI: -60, 27, 1640050137 ,1083 
1641692354.754637 ### DEBUG: Ticks: 1089, 16, 1 
1641692354.754941 1640050137 c0:98:e5:42:00:29 1244 
1641692354.755257 644 673 677 685 687 696 704 708 726 731 736 740 742 752 758 
1641692354.755791 760 766 771 772 773 785 788 790 803 804 830 840 854 883 918 
1641692355.354853 ### RSSI: -68, 8, 1640050138 ,1098 
1641692355.747638 ### DEBUG: Ticks: 1105, 16, 1 
1641692355.747924 1640050138 c0:98:e5:42:00:29 1343 
1641692355.748107 874 896 898 902 936 942 955 957 972 978 978 980 998 1000 1003 
1641692355.748311 1011 1012 1018 1018 1034 1035 1037 1041 1044 1052 1054 1056 1075 1077 1200 
1641692356.345860 ### RSSI: -69, 22, 1640050139 ,1114 
1641692356.747007 ### DEBUG: Ticks: 1120, 15, 1 
1641692356.747230 1640050139 c0:98:e5:42:00:29 1798 
1641692356.747373 1303 1362 1367 1380 1382 1390 1393 1400 1403 1405 1412 1422 1424 1427 1430 
1641692356.747514 1435 1440 1454 1470 1472 1475 1480 1486 1486 1493 1493 1519 1570 1586 1598 
1641692357.354547 ### RSSI: -71, 7, 1640050140 ,1130 
1641692357.747091 ### DEBUG: Ticks: 1136, 16, 1 
1641692357.747359 1640050140 c0:98:e5:42:00:29 2111 
1641692357.758642 1637 1641 1651 1661 1665 1673 1676 1694 1697 1701 1701 1706 1712 1713 1715 
1641692357.758905 1716 1722 1733 1735 1737 1742 1745 1749 1750 1788 1823 1839 1865 1869 1875 
1641692358.346277 ### RSSI: -65, 1, 1640050141 ,1145 
1641692358.755276 ### DEBUG: Ticks: 1151, 15, 1 
1641692358.756117 1640050141 c0:98:e5:42:00:29 1988 
1641692358.756295 1513 1528 1537 1547 1548 1553 1561 1561 1564 1569 1571 1572 1575 1579 1586 
1641692358.756526 1591 1607 1609 1614 1621 1630 1636 1639 1650 1667 1679 1695 1708 1743 1750 
1641692359.349967 ### RSSI: -70, 4, 1640050142 ,1161 
1641692359.747091 ### DEBUG: Ticks: 1167, 16, 1 
1641692359.747340 1640050142 c0:98:e5:42:00:29 1844 
1641692359.747503 1353 1367 1387 1389 1390 1409 1412 1412 1420 1425 1426 1431 1448 1453 1460 
1641692359.747662 1467 1476 1482 1483 1492 1492 1498 1516 1530 1547 1558 1559 1561 1572 1574 
1641692360.349734 ### RSSI: -72, 26, 1640050143 ,1176 
1641692360.747601 ### ERROR: Failed reading SquarePoint packet length
1641692361.350385 ### RSSI: -78, 18, 1640050144 ,1192 
1641692362.347908 ### RSSI: -70, 16, 1640050145 ,1208 
1641692362.754917 ### DEBUG: Ticks: 1214, 47, 1 
1641692362.755498 1640050145 c0:98:e5:42:00:29 1585 
1641692362.755706 1164 1173 1173 1180 1186 1188 1190 1201 1203 1203 1207 1210 1213 1217 1222 
1641692362.755958 1224 1235 1237 1239 1272 1274 1293 1308 1309 1322 1331 1343 1343 1492 1507 
1641692363.350859 ### RSSI: -70, 31, 1640050146 ,1223 
1641692363.748728 ### DEBUG: Ticks: 1229, 15, 1 
1641692363.749012 1640050146 c0:98:e5:42:00:29 1652 
1641692363.749218 1154 1158 1174 1179 1194 1198 1198 1199 1199 1218 1241 1243 1244 1246 1250 
1641692363.749489 1252 1254 1257 1259 1260 1266 1272 1299 1303 1315 1325 1383 1395 1481 1493 
1641692364.344297 ### RSSI: -61, 0, 1640050147 ,1239 
1641692364.748059 ### DEBUG: Ticks: 1245, 16, 1 
1641692364.748326 1640050147 c0:98:e5:42:00:29 1960 
1641692364.748545 1518 1525 1544 1547 1549 1564 1568 1571 1578 1587 1609 1625 1626 1635 1637 
1641692364.748725 1638 1651 1652 1652 1661 1662 1671 1689 1695 1698 1701 1733 1754 1768 1811 
1641692365.158424 ### INFO: SD card flushed!
1641692365.348453 ### RSSI: -61, 19, 1640050147 ,1254 
1641692365.753131 ### DEBUG: Ticks: 1261, 16, 1 
1641692365.753675 1640050148 c0:98:e5:42:00:29 2480 
1641692365.753848 2162 2193 2194 2194 2200 2222 2231 2241 2243 2243 2245 2258 2261 2270 2271 
1641692365.753988 2271 2273 2275 2309 2321 2323 2330 2331 2357 2367 2369 2396 2398 2415 2450 
1641692366.349826 ### RSSI: -65, 10, 1640050148 ,1270 
1641692366.753928 ### DEBUG: Ticks: 1276, 15, 1 
1641692366.754181 1640050149 c0:98:e5:42:00:29 2922 
1641692366.754345 2422 2446 2472 2473 2474 2478 2478 2483 2505 2509 2515 2522 2529 2530 2532 
1641692366.756546 2538 2542 2544 2554 2556 2556 2563 2571 2571 2573 2580 2585 2589 2628 2656 
1641692367.348711 ### RSSI: -65, 30, 1640050149 ,1286 
1641692367.751598 ### DEBUG: Ticks: 1292, 16, 1 
1641692367.751945 1640050150 c0:98:e5:42:00:29 3329 
1641692367.752153 2850 2851 2851 2862 2867 2878 2885 2892 2898 2900 2906 2912 2915 2917 2927 
1641692367.752366 2930 2939 2946 2954 2956 2960 2960 2964 2965 2968 2969 2981 2996 3019 3026 
1641692368.352625 ### RSSI: -71, 17, 1640050150 ,1301 
1641692368.746926 ### DEBUG: Ticks: 1308, 16, 1 
1641692368.747256 1640050151 c0:98:e5:42:00:29 3550 
1641692368.760930 2985 3068 3075 3079 3086 3090 3090 3100 3104 3106 3108 3110 3113 3117 3123 
1641692368.761183 3142 3143 3144 3145 3148 3149 3150 3161 3165 3175 3177 3201 3204 3223 3352 
1641692369.343452 ### RSSI: -63, 29, 1640050151 ,1317 
1641692369.753682 ### DEBUG: Ticks: 1323, 15, 1 
1641692369.755570 1640050152 c0:98:e5:42:00:29 4037 
1641692369.756998 3512 3561 3576 3581 3583 3586 3592 3599 3613 3614 3625 3629 3637 3640 3652 
1641692369.757184 3654 3655 3657 3669 3670 3674 3706 3715 3716 3739 3746 3747 3759 3769 3781 
1641692370.347252 ### RSSI: -71, 34, 1640050152 ,1333 
1641692370.742041 ### ERROR: Failed reading SquarePoint packet length
1641692371.347530 ### RSSI: -69, 18, 1640050153 ,1348 
1641692372.346201 ### RSSI: -76, 1, 1640050154 ,1364 
1641692372.751383 ### DEBUG: Ticks: 1370, 47, 1 
1641692372.751598 1640050155 c0:98:e5:42:00:29 5208 
1641692372.751726 4713 4714 4716 4719 4726 4743 4754 4762 4767 4772 4776 4783 4789 4808 4809 
1641692372.751850 4811 4813 4822 4823 4824 4826 4829 4830 4839 4846 4846 4849 4850 4859 4873 
1641692373.347549 ### RSSI: -79, 16, 1640050155 ,1379 
1641692373.750157 ### DEBUG: Ticks: 1386, 16, 1 
1641692373.750445 1640050156 c0:98:e5:42:00:29 5156 
1641692373.750623 4678 4694 4724 4729 4731 4732 4733 4744 4755 4766 4773 4777 4780 4783 4784 
1641692373.750807 4788 4791 4793 4810 4825 4826 4832 4833 4836 4856 4856 4863 4886 4901 4912 
1641692374.346733 ### RSSI: -73, 6, 1640050157 ,1395 
1641692374.753208 ### DEBUG: Ticks: 1401, 15, 1 
1641692374.753573 1640050157 c0:98:e5:42:00:29 5204 
1641692374.753748 4736 4746 4747 4760 4766 4771 4775 4776 4776 4781 4799 4799 4802 4805 4812 
1641692374.753912 4814 4818 4819 4825 4836 4836 4839 4856 4858 4864 4871 4888 4966 5000 5005 
1641692375.352976 ### RSSI: -67, 0, 1640050158 ,1411 
1641692375.746678 ### DEBUG: Ticks: 1417, 16, 1 
1641692375.746857 1640050158 c0:98:e5:42:00:29 5248 
1641692375.759289 4719 4748 4749 4749 4753 4753 4754 4754 4757 4760 4767 4773 4775 4777 4797 
1641692375.759494 4801 4815 4823 4831 4833 4839 4841 4852 4861 4868 4877 4885 4904 5057 5066 
1641692376.348994 ### RSSI: -67, 16, 1640050159 ,1426 
1641692376.759535 ### DEBUG: Ticks: 1433, 16, 1 
1641692376.759753 1640050159 c0:98:e5:42:00:29 5222 
1641692376.759900 4669 4674 4682 4686 4691 4694 4695 4695 4705 4718 4725 4727 4736 4736 4739 
1641692376.760031 4747 4749 4768 4774 4785 4794 4798 4806 4830 4848 4849 4861 4862 4874 5087 
1641692377.344567 ### RSSI: -65, 11, 1640050160 ,1442 
1641692377.746780 ### DEBUG: Ticks: 1448, 15, 1 
1641692377.747001 1640050160 c0:98:e5:42:00:29 5166 
1641692377.760205 4575 4659 4678 4680 4685 4693 4706 4709 4711 4718 4730 4737 4737 4744 4756 
1641692377.760447 4758 4764 4767 4770 4772 4777 4798 4817 4829 4879 4885 4917 4934 4949 4981 
1641692378.342165 ### RSSI: -77, 34, 1640050161 ,1458 
1641692378.749534 ### DEBUG: Ticks: 1464, 16, 1 
1641692378.749797 1640050161 c0:98:e5:42:00:29 4990 
1641692378.749953 4459 4462 4481 4487 4494 4494 4504 4521 4525 4528 4531 4535 4542 4546 4548 
1641692378.750145 4552 4553 4564 4570 4573 4583 4599 4599 4614 4625 4658 4665 4666 4681 4685 
1641692379.342778 ### RSSI: -77, 13, 1640050162 ,1473 
1641692379.746914 ### DEBUG: Ticks: 1479, 15, 1 
1641692379.747151 1640050162 c0:98:e5:42:00:29 4773 
1641692379.758856 4179 4193 4199 4205 4206 4223 4224 4225 4238 4244 4254 4255 4256 4266 4267 
1641692379.759059 4269 4269 4271 4276 4286 4298 4301 4307 4309 4316 4322 4324 4342 4375 4433 
1641692380.354356 ### RSSI: -75, 9, 1640050163 ,1489 
1641692380.753899 ### DEBUG: Ticks: 1495, 16, 1 
1641692380.754186 1640050163 c0:98:e5:42:00:29 4427 
1641692380.754353 3873 3962 3967 3969 3969 3990 3991 4003 4010 4010 4013 4014 4015 4025 4046 
1641692380.754515 4047 4049 4051 4054 4056 4056 4064 4081 4081 4089 4093 4094 4118 4119 4284 
1641692381.352664 ### RSSI: -75, 6, 1640050164 ,1504 
1641692381.745646 ### ERROR: Failed reading SquarePoint packet length
1641692382.348119 ### RSSI: -70, 9, 1640050165 ,1520 
1641692383.350021 ### RSSI: -71, 7, 1640050166 ,1536 
1641692383.754319 ### DEBUG: Ticks: 1542, 47, 1 
1641692383.754541 1640050166 c0:98:e5:42:00:29 2933 
1641692383.754685 2396 2436 2441 2445 2453 2475 2477 2477 2480 2486 2495 2495 2495 2504 2514 
1641692383.754823 2516 2547 2549 2552 2554 2555 2561 2565 2583 2593 2674 2674 2695 2706 2707 
1641692384.351130 ### RSSI: -75, 11, 1640050167 ,1551 
1641692384.747608 ### DEBUG: Ticks: 1558, 16, 1 
1641692384.747891 1640050167 c0:98:e5:42:00:29 2891 
1641692384.760004 2312 2352 2386 2419 2423 2423 2428 2428 2432 2442 2444 2446 2450 2452 2458 
1641692384.760298 2471 2474 2483 2489 2503 2512 2514 2522 2528 2539 2573 2577 2600 2628 2647 
1641692385.347224 ### RSSI: -62, 10, 1640050168 ,1567 
1641692385.749182 ### DEBUG: Ticks: 1573, 15, 1 
1641692385.749568 1640050168 c0:98:e5:42:00:29 2781 
1641692385.749739 2304 2323 2326 2340 2343 2346 2355 2358 2367 2367 2378 2383 2399 2404 2409 
1641692385.749916 2414 2417 2420 2435 2446 2450 2451 2452 2459 2463 2485 2497 2498 2529 2600 
1641692386.346802 ### RSSI: -73, 33, 1640050169 ,1582 
1641692386.753582 ### DEBUG: Ticks: 1589, 16, 1 
1641692386.753872 1640050169 c0:98:e5:42:00:29 2290 
1641692386.754068 1834 1872 1880 1880 1883 1884 1885 1904 1910 1915 1919 1920 1924 1927 1928 
1641692386.754254 1928 1943 1945 1958 1963 1967 1975 1976 1982 2004 2018 2030 2034 2044 2049 
1641692387.346105 ### RSSI: -61, 9, 1640050170 ,1598 
1641692387.754537 ### DEBUG: Ticks: 1604, 15, 1 
1641692387.754748 1640050170 c0:98:e5:42:00:29 1698 
1641692387.754869 1222 1245 1251 1261 1261 1262 1271 1274 1277 1280 1280 1283 1284 1287 1293 
1641692387.754993 1294 1317 1320 1326 1328 1336 1347 1358 1362 1371 1380 1393 1398 1414 1523 
1641692388.346127 ### RSSI: -61, 19, 1640050171 ,1614 
1641692388.755544 ### DEBUG: Ticks: 1620, 16, 1 
1641692388.756999 1640050171 c0:98:e5:42:00:29 1322 
1641692388.759408 934 971 989 994 996 1004 1009 1010 1019 1021 1024 1029 1031 1034 1035 
1641692388.759599 1041 1051 1052 1071 1072 1076 1081 1098 1098 1099 1112 1127 1144 1159 1160 
1641692389.345039 ### RSSI: -68, 21, 1640050171 ,1629 
1641692389.746780 ### DEBUG: Ticks: 1636, 16, 1 
1641692389.757863 1640050172 c0:98:e5:42:00:29 1535 
1641692389.758117 1073 1074 1095 1102 1103 1109 1109 1111 1112 1120 1122 1123 1126 1128 1132 
1641692389.758602 1133 1136 1145 1149 1152 1160 1166 1178 1215 1227 1228 1255 1280 1309 1333 
1641692390.353666 ### RSSI: -62, 29, 1640050172 ,1645 
1641692390.747605 ### DEBUG: Ticks: 1651, 15, 1 
1641692390.747897 1640050173 c0:98:e5:42:00:29 1865 
1641692390.759472 1385 1386 1389 1401 1402 1418 1423 1433 1442 1447 1448 1456 1456 1461 1468 
1641692390.759777 1492 1499 1499 1500 1502 1511 1524 1524 1525 1531 1542 1553 1557 1558 1715 
1641692391.349722 ### RSSI: -69, 19, 1640050173 ,1661 
1641692391.750701 ### ERROR: Failed reading SquarePoint packet length
1641692392.348650 ### RSSI: -71, 10, 1640050174 ,1676 
1641692393.348394 ### RSSI: -68, 25, 1640050175 ,1692 
1641692393.748164 ### DEBUG: Ticks: 1698, 47, 1 
1641692393.748376 1640050176 c0:98:e5:42:00:29 2234 
1641692393.748507 1780 1781 1791 1792 1792 1794 1803 1805 1812 1831 1831 1834 1849 1850 1859 
1641692393.760361 1863 1866 1877 1899 1900 1905 1913 1927 1929 1943 1949 1978 1986 2006 2007 
1641692394.351800 ### RSSI: -64, 0, 1640050176 ,1707 
1641692394.754871 ### DEBUG: Ticks: 1714, 16, 1 
1641692394.755125 1640050177 c0:98:e5:42:00:29 1973 
1641692394.755279 1513 1516 1519 1527 1533 1537 1538 1541 1553 1554 1554 1558 1560 1564 1566 
1641692394.755437 1571 1574 1594 1600 1614 1619 1638 1640 1641 1654 1664 1691 1697 1750 1752 
1641692395.345289 ### RSSI: -67, 19, 1640050177 ,1723 
1641692395.751032 ### DEBUG: Ticks: 1729, 15, 1 
1641692395.752276 1640050178 c0:98:e5:42:00:29 1791 
1641692395.752617 1322 1330 1339 1350 1355 1358 1360 1362 1362 1365 1373 1373 1394 1396 1400 
1641692395.752834 1418 1421 1429 1431 1434 1464 1469 1480 1500 1508 1523 1553 1559 1561 1583 
1641692396.342292 ### RSSI: -68, 6, 1640050178 ,1739 
1641692396.749060 ### DEBUG: Ticks: 1745, 16, 1 
1641692396.749396 1640050179 c0:98:e5:42:00:29 1635 
1641692396.749583 1113 1153 1154 1161 1166 1170 1179 1181 1181 1183 1184 1189 1201 1209 1211 
1641692396.760693 1211 1216 1220 1220 1226 1238 1268 1274 1281 1287 1319 1347 1353 1467 1478 
1641692397.350188 ### RSSI: -72, 22, 1640050179 ,1754 
1641692397.747450 ### DEBUG: Ticks: 1761, 16, 1 
1641692397.747707 1640050180 c0:98:e5:42:00:29 1772 
1641692397.747871 1221 1250 1266 1273 1276 1286 1289 1292 1299 1303 1316 1317 1337 1339 1342 
1641692397.748032 1342 1343 1345 1347 1358 1359 1365 1365 1386 1401 1442 1444 1489 1554 1584 
1641692398.342110 ### RSSI: -70, 3, 1640050181 ,1770 
1641692398.753201 ### DEBUG: Ticks: 1776, 15, 1 
1641692398.753532 1640050181 c0:98:e5:42:00:29 2097 
1641692398.753687 1579 1590 1642 1645 1654 1657 1657 1663 1667 1669 1674 1677 1678 1682 1683 
1641692398.753829 1699 1708 1713 1716 1727 1730 1739 1748 1749 1757 1762 1806 1822 1936 1948 
1641692399.351487 ### RSSI: -69, 23, 1640050182 ,1786 
1641692399.756473 ### DEBUG: Ticks: 1792, 16, 1 
1641692399.756799 1640050182 c0:98:e5:42:00:29 2688 
1641692399.757004 2192 2210 2224 2226 2227 2233 2264 2266 2268 2269 2276 2278 2281 2286 2298 
1641692399.757216 2309 2311 2322 2323 2326 2329 2346 2350 2369 2370 2387 2392 2415 2555 2580 
1641692400.349389 ### RSSI: -64, 23, 1640050183 ,1801 
1641692400.752673 ### DEBUG: Ticks: 1807, 15, 1 
1641692400.752875 1640050183 c0:98:e5:42:00:29 3272 
1641692400.753033 2816 2821 2843 2846 2847 2860 2862 2863 2868 2869 2870 2871 2877 2885 2888 
1641692400.753163 2895 2902 2905 2915 2923 2925 2932 2941 2948 2969 2980 2999 3014 3139 3169 
1641692401.347919 ### RSSI: -69, 14, 1640050184 ,1817 
1641692401.748899 ### DEBUG: Ticks: 1823, 16, 1 
1641692401.749156 1640050184 c0:98:e5:42:00:29 3060 
1641692401.749423 2520 2552 2558 2576 2582 2583 2587 2591 2596 2598 2600 2601 2605 2605 2606 
1641692401.749983 2615 2615 2646 2647 2649 2664 2675 2687 2700 2708 2725 2745 2749 2817 2819 
1641692402.346032 ### RSSI: -64, 36, 1640050185 ,1832 
1641692402.748188 ### ERROR: Failed reading SquarePoint packet length
1641692403.350061 ### RSSI: -62, 24, 1640050186 ,1848 
1641692404.346994 ### RSSI: -69, 33, 1640050187 ,1864 
1641692404.750587 ### DEBUG: Ticks: 1870, 47, 1 
1641692404.750809 1640050187 c0:98:e5:42:00:29 3563 
1641692404.750955 3035 3061 3083 3086 3091 3100 3100 3104 3116 3123 3125 3131 3134 3134 3134 
1641692404.751174 3152 3162 3163 3171 3174 3178 3179 3184 3189 3194 3197 3198 3198 3211 3263 
1641692405.351164 ### RSSI: -73, 2, 1640050188 ,1879 
1641692405.749284 ### DEBUG: Ticks: 1886, 16, 1 
1641692405.749532 1640050188 c0:98:e5:42:00:29 4099 
1641692405.760376 3548 3572 3584 3596 3600 3613 3618 3621 3625 3625 3632 3639 3643 3648 3655 
1641692405.760606 3668 3686 3694 3694 3696 3701 3701 3701 3703 3709 3726 3732 3741 3746 3762 
1641692406.341423 ### RSSI: -81, 29, 1640050189 ,1895 
1641692406.756422 ### DEBUG: Ticks: 1901, 15, 1 
1641692406.757002 1640050189 c0:98:e5:42:00:29 4637 
1641692406.757188 4086 4126 4131 4132 4158 4159 4159 4162 4163 4180 4185 4186 4193 4202 4208 
1641692406.757439 4209 4211 4214 4217 4221 4221 4223 4233 4240 4250 4265 4267 4275 4284 4318 
1641692407.124004 ### INFO: SD card flushed!
1641692407.343211 ### RSSI: -70, 36, 1640050190 ,1910 
1641692407.753535 ### DEBUG: Ticks: 1917, 16, 1 
1641692407.753765 1640050190 c0:98:e5:42:00:29 5127 
1641692407.753910 4634 4643 4666 4673 4674 4696 4697 4701 4701 4705 4710 4714 4717 4741 4744 
1641692407.754073 4748 4750 4757 4762 4769 4783 4786 4791 4791 4793 4797 4803 4810 4817 4906 
1641692408.343598 ### RSSI: -71, 6, 1640050191 ,1926 
1641692408.750986 ### DEBUG: Ticks: 1932, 15, 1 
1641692408.751312 1640050191 c0:98:e5:42:00:29 5211 
1641692408.751517 4676 4749 4763 4768 4774 4778 4791 4794 4795 4799 4800 4807 4820 4821 4830 
1641692408.751692 4831 4832 4838 4842 4844 4851 4854 4854 4865 4878 4887 4892 4916 4942 5082 
1641692409.348934 ### RSSI: -75, 8, 1640050192 ,1942 
1641692409.747537 ### DEBUG: Ticks: 1948, 16, 1 
1641692409.747826 1640050192 c0:98:e5:42:00:29 5296 
1641692409.759731 4815 4834 4841 4842 4850 4854 4860 4867 4869 4875 4878 4884 4885 4889 4889 
1641692409.759983 4891 4894 4899 4907 4911 4917 4917 4918 4919 4923 4933 4954 4958 4964 5021 
1641692410.345607 ### RSSI: -66, 10, 1640050193 ,1957 
1641692410.755869 ### DEBUG: Ticks: 1964, 16, 1 
1641692410.757103 1640050193 c0:98:e5:42:00:29 5233 
1641692410.759407 4808 4837 4841 4849 4855 4857 4858 4860 4863 4868 4875 4878 4883 4887 4891 
1641692410.761934 4896 4910 4922 4923 4929 4942 4946 4959 4967 4970 4970 4974 5037 5045 5120 
1641692411.347012 ### RSSI: -66, 27, 1640050194 ,1973 
1641692411.747666 ### DEBUG: Ticks: 1979, 15, 1 
1641692411.747950 1640050194 c0:98:e5:42:00:29 5358 
1641692411.759938 4849 4861 4874 4879 4882 4883 4884 4884 4894 4895 4896 4899 4905 4906 4918 
1641692411.760223 4935 4942 4944 4949 4957 4963 4972 4994 5013 5036 5040 5065 5081 5114 5187 
1641692412.112726 ### BLE EVENT: 16, INFO: BLE CONNECTED!
1641692412.113073 ### RSSI: -84, 33, 1640050195 ,1985 
1641692412.213085 ### RSSI: -81, 2, 1640050195 ,1986 
1641692412.314346 ### RSSI: -84, 33, 1640050195 ,1988 
1641692412.347892 ### RSSI: -79, 18, 1640050195 ,1989 
1641692412.419647 ### RSSI: -82, 32, 1640050195 ,1990 
1641692412.441159 ### RSSI: -78, 5, 1640050195 ,1990 
1641692412.518489 ### RSSI: -84, 26, 1640050195 ,1991 
1641692412.540606 ### RSSI: -80, 5, 1640050195 ,1992 
1641692412.618622 ### RSSI: -84, 36, 1640050195 ,1993 
1641692412.641231 ### RSSI: -80, 15, 1640050195 ,1993 
1641692412.717516 ### RSSI: -77, 35, 1640050195 ,1994 
1641692412.752588 ### RSSI: -76, 35, 1640050196 ,1995 
1641692412.752798 ### ERROR: Failed reading SquarePoint packet length
1641692412.817540 ### RSSI: -73, 32, 1640050196 ,1996 
1641692412.840750 ### RSSI: -72, 28, 1640050196 ,1996 
1641692412.909463 ### RSSI: -73, 17, 1640050196 ,1997 
1641692412.943658 ### RSSI: -78, 7, 1640050196 ,1998 
1641692413.009581 ### RSSI: -82, 30, 1640050196 ,1999 
1641692413.042635 ### RSSI: -79, 33, 1640050196 ,1999 
1641692413.118730 ### RSSI: -79, 24, 1640050196 ,2001 
1641692413.141572 ### RSSI: -82, 18, 1640050196 ,2001 
1641692413.218097 ### RSSI: -82, 12, 1640050196 ,2002 
1641692413.240836 ### RSSI: -78, 36, 1640050196 ,2003 
1641692413.320161 ### RSSI: -85, 21, 1640050196 ,2004 
1641692413.343737 ### RSSI: -84, 2, 1640050196 ,2004 
1641692413.409634 ### RSSI: -78, 26, 1640050196 ,2005 
1641692413.441681 ### RSSI: -78, 33, 1640050196 ,2006 
1641692413.510314 ### RSSI: -85, 22, 1640050196 ,2007 
1641692413.542808 ### RSSI: -82, 27, 1640050196 ,2007 
1641692413.610983 ### RSSI: -85, 10, 1640050196 ,2008 
1641692413.808290 ### RSSI: -80, 7, 1640050197 ,2011 
1641692414.550528 ### RSSI: -80, 30, 1640050197 ,2023 
1641692414.748607 ### DEBUG: Ticks: 2026, 47, 1 
1641692414.748886 1640050197 c0:98:e5:42:00:29 4585 
1641692414.749103 4109 4110 4112 4131 4137 4140 4143 4151 4154 4160 4170 4173 4186 4201 4214 
1641692414.749300 4222 4229 4231 4234 4234 4235 4236 4241 4244 4249 4270 4270 4270 4272 4304 
1641692414.819613 ### RSSI: -79, 8, 1640050197 ,2027 
1641692415.551610 ### RSSI: -70, 31, 1640050197 ,2039 
1641692415.748812 ### DEBUG: Ticks: 2042, 16, 1 
1641692415.749074 1640050198 c0:98:e5:42:00:29 3933 
1641692415.749236 3409 3420 3465 3468 3470 3471 3477 3505 3506 3506 3508 3519 3521 3521 3529 
1641692415.749466 3534 3537 3538 3544 3563 3564 3571 3574 3582 3588 3589 3595 3610 3675 3683 
1641692415.816921 ### RSSI: -69, 16, 1640050198 ,2043 
1641692416.548572 ### RSSI: -68, 36, 1640050198 ,2054 
1641692416.749460 ### DEBUG: Ticks: 2057, 15, 1 
1641692416.749756 1640050199 c0:98:e5:42:00:29 3398 
1641692416.749936 2839 2871 2877 2894 2900 2905 2907 2918 2920 2921 2926 2930 2932 2934 2952 
1641692416.750096 2965 2991 2993 2994 2996 2998 3000 3006 3010 3016 3017 3036 3037 3043 3345 
1641692416.816791 ### RSSI: -70, 35, 1640050199 ,2058 
1641692417.540966 ### RSSI: -69, 12, 1640050200 ,2070 
1641692417.752062 ### DEBUG: Ticks: 2073, 16, 1 
1641692417.752277 1640050200 c0:98:e5:42:00:29 3062 
1641692417.752423 2630 2653 2664 2668 2676 2689 2696 2700 2704 2705 2714 2720 2726 2727 2728 
1641692417.752570 2730 2735 2745 2746 2750 2761 2785 2785 2791 2792 2798 2846 2862 2873 0 
1641692417.808240 ### RSSI: -70, 16, 1640050200 ,2074 
1641692418.541902 ### RSSI: -68, 3, 1640050201 ,2085 
1641692418.755971 ### DEBUG: Ticks: 2089, 16, 1 
1641692418.756223 1640050201 c0:98:e5:42:00:29 3074 
1641692418.756367 2698 2709 2723 2723 2742 2747 2763 2767 2769 2775 2776 2788 2792 2793 2795 
1641692418.756506 2800 2805 2808 2809 2812 2816 2821 2837 2861 2870 2877 2877 2890 2899 3008 
1641692418.812501 ### RSSI: -76, 31, 1640050201 ,2090 
1641692419.542169 ### RSSI: -68, 25, 1640050202 ,2101 
1641692419.750142 ### DEBUG: Ticks: 2104, 15, 1 
1641692419.750472 1640050202 c0:98:e5:42:00:29 3094 
1641692419.750666 2612 2649 2656 2664 2673 2677 2681 2690 2691 2699 2701 2702 2708 2720 2723 
1641692419.750850 2739 2750 2761 2766 2771 2775 2785 2788 2789 2791 2801 2803 2825 2839 2882 
1641692419.815911 ### RSSI: -75, 7, 1640050202 ,2105 
1641692420.545145 ### RSSI: -65, 29, 1640050203 ,2117 
1641692420.757852 ### DEBUG: Ticks: 2120, 16, 1 
1641692420.758123 1640050203 c0:98:e5:42:00:29 2982 
1641692420.758342 2484 2497 2503 2514 2517 2518 2531 2531 2543 2556 2560 2568 2573 2576 2580 
1641692420.758520 2581 2582 2583 2597 2604 2608 2615 2628 2633 2638 2640 2643 2673 2701 2711 
1641692420.812495 ### RSSI: -63, 25, 1640050203 ,2121 
1641692421.540912 ### RSSI: -62, 8, 1640050204 ,2132 
1641692421.752883 ### DEBUG: Ticks: 2135, 15, 1 
1641692421.753176 1640050204 c0:98:e5:42:00:29 2738 
1641692421.753520 2284 2301 2317 2320 2322 2322 2334 2341 2354 2358 2364 2367 2371 2381 2384 
1641692421.753766 2386 2387 2393 2396 2403 2405 2414 2429 2434 2434 2438 2485 2495 2525 2537 
1641692421.808291 ### RSSI: -65, 21, 1640050204 ,2136 
1641692422.548351 ### RSSI: -63, 1, 1640050205 ,2148 
1641692422.746657 ### ERROR: Failed reading SquarePoint packet length
1641692422.812504 ### RSSI: -64, 8, 1640050205 ,2152 
1641692423.547557 ### RSSI: -69, 12, 1640050206 ,2163 
1641692423.819529 ### RSSI: -61, 5, 1640050206 ,2168 
1641692424.549084 ### RSSI: -69, 19, 1640050207 ,2179 
1641692424.750912 ### DEBUG: Ticks: 2182, 47, 1 
1641692424.751209 1640050207 c0:98:e5:42:00:29 1938 
1641692424.751424 1428 1465 1467 1482 1487 1490 1492 1504 1509 1514 1526 1527 1530 1537 1546 
1641692424.751613 1549 1556 1559 1563 1574 1576 1577 1584 1616 1623 1626 1632 1634 1637 1700 
1641692424.816471 ### RSSI: -64, 23, 1640050207 ,2183 
1641692425.547644 ### RSSI: -59, 17, 1640050208 ,2195 
1641692425.748794 ### DEBUG: Ticks: 2198, 16, 1 
1641692425.749048 1640050208 c0:98:e5:42:00:29 2208 
1641692425.749212 1777 1796 1798 1814 1821 1826 1849 1852 1871 1871 1873 1873 1896 1903 1908 
1641692425.749493 1917 1924 1927 1927 1943 1950 1950 1964 1969 1981 1981 1983 2011 2016 2058 
1641692425.816067 ### RSSI: -63, 35, 1640050208 ,2199 
1641692426.548859 ### RSSI: -62, 35, 1640050209 ,2210 
1641692426.756581 ### DEBUG: Ticks: 2214, 16, 1 
1641692426.756858 1640050209 c0:98:e5:42:00:29 2207 
1641692426.757038 1554 1642 1644 1660 1664 1671 1672 1676 1681 1691 1706 1707 1710 1711 1714 
1641692426.757248 1721 1722 1723 1728 1730 1736 1739 1742 1757 1762 1777 1786 1793 1801 1823 
1641692426.810591 ### RSSI: -63, 34, 1640050209 ,2215 
1641692427.545885 ### RSSI: -66, 27, 1640050210 ,2226 
1641692427.749242 ### DEBUG: Ticks: 2229, 15, 1 
1641692427.749554 1640050210 c0:98:e5:42:00:29 2236 
1641692427.749722 1795 1797 1799 1807 1810 1821 1826 1827 1827 1832 1844 1851 1857 1859 1861 
1641692427.749885 1876 1912 1914 1916 1917 1919 1919 1933 1937 1940 1945 1953 1958 1996 2073 
1641692427.816179 ### RSSI: -64, 12, 1640050210 ,2230 
1641692428.543113 ### RSSI: -64, 9, 1640050211 ,2242 
1641692428.752298 ### DEBUG: Ticks: 2245, 16, 1 
1641692428.752528 1640050211 c0:98:e5:42:00:29 2348 
1641692428.752693 1840 1865 1870 1882 1887 1889 1898 1914 1916 1933 1941 1950 1968 1975 1979 
1641692428.752836 1990 1991 1994 2003 2009 2011 2014 2017 2027 2033 2044 2048 2096 2129 2152 
1641692428.811359 ### RSSI: -69, 12, 1640050211 ,2246 
1641692429.544018 ### RSSI: -75, 29, 1640050212 ,2257 
1641692429.756595 ### DEBUG: Ticks: 2260, 15, 1 
1641692429.756863 1640050212 c0:98:e5:42:00:29 2359 
1641692429.757050 1768 1885 1895 1899 1902 1905 1921 1923 1924 1929 1930 1944 1950 1951 1954 
1641692429.757297 1968 1973 1973 2031 2040 2060 2072 2137 2138 2145 2195 2196 2214 2219 2236 
1641692429.811332 ### RSSI: -72, 9, 1640050212 ,2261 
1641692430.541257 ### RSSI: -68, 15, 1640050213 ,2273 
1641692430.749014 ### DEBUG: Ticks: 2276, 16, 1 
1641692430.749239 1640050213 c0:98:e5:42:00:29 2145 
1641692430.749475 1676 1695 1708 1730 1738 1740 1743 1751 1754 1758 1760 1760 1778 1782 1784 
1641692430.761267 1788 1792 1799 1831 1864 1879 1901 1906 1909 1937 1992 2048 2084 2093 2125 
1641692430.817252 ### RSSI: -66, 11, 1640050213 ,2277 
1641692431.544183 ### RSSI: -67, 20, 1640050214 ,2288 
1641692431.755772 ### DEBUG: Ticks: 2292, 16, 1 
1641692431.756055 1640050214 c0:98:e5:42:00:29 1862 
1641692431.756302 1394 1398 1399 1402 1412 1416 1422 1423 1423 1431 1432 1444 1459 1461 1470 
1641692431.756489 1476 1485 1489 1502 1517 1539 1545 1549 1553 1556 1614 1619 1665 1731 1746 
1641692431.809939 ### RSSI: -76, 2, 1640050214 ,2293 
1641692432.545897 ### RSSI: -72, 20, 1640050215 ,2304 
1641692432.749452 ### DEBUG: Ticks: 2307, 15, 1 
1641692432.749639 1640050215 c0:98:e5:42:00:29 2112 
1641692432.749756 1609 1668 1669 1673 1681 1683 1685 1694 1696 1699 1703 1704 1705 1707 1711 
1641692432.749866 1730 1732 1737 1741 1745 1767 1768 1794 1814 1817 1827 1896 1919 1978 1982 
1641692432.816929 ### RSSI: -69, 32, 1640050215 ,2308 
1641692433.645215 ### RSSI: -69, 21, 1640050216 ,2321 
1641692433.746753 ### ERROR: Failed reading SquarePoint packet length
1641692433.814520 ### RSSI: -75, 21, 1640050216 ,2324 
1641692434.643403 ### RSSI: -71, 31, 1640050217 ,2337 
1641692434.908905 ### RSSI: -77, 34, 1640050218 ,2341 
1641692435.648789 ### RSSI: -75, 9, 1640050218 ,2352 
1641692435.751650 ### DEBUG: Ticks: 2354, 47, 1 
1641692435.751827 1640050218 c0:98:e5:42:00:29 3241 
1641692435.751920 2669 2691 2698 2701 2702 2707 2720 2730 2731 2750 2753 2755 2757 2758 2760 
1641692435.752024 2767 2769 2772 2783 2801 2806 2815 2820 2824 2826 2835 2837 2893 2927 3026 
1641692435.915063 ### RSSI: -73, 2, 1640050219 ,2357 
1641692436.639640 ### RSSI: -68, 1, 1640050219 ,2368 
1641692436.753475 ### DEBUG: Ticks: 2370, 16, 1 
1641692436.753729 1640050219 c0:98:e5:42:00:29 3490 
1641692436.753895 2980 3017 3021 3032 3034 3037 3040 3042 3056 3063 3068 3076 3082 3086 3100 
1641692436.754053 3101 3102 3102 3127 3132 3132 3139 3156 3189 3197 3220 3223 3241 3348 3364 
1641692436.916735 ### RSSI: -62, 35, 1640050219 ,2372 
1641692437.649931 ### RSSI: -73, 3, 1640050219 ,2384 
1641692437.751717 ### DEBUG: Ticks: 2385, 15, 1 
1641692437.752017 1640050220 c0:98:e5:42:00:29 2998 
1641692437.752213 2548 2555 2565 2576 2590 2597 2602 2604 2614 2626 2626 2635 2637 2642 2647 
1641692437.752398 2647 2649 2649 2654 2658 2663 2670 2698 2701 2714 2726 2750 2754 2799 2837 
1641692437.917277 ### RSSI: -69, 31, 1640050220 ,2388 
1641692438.640451 ### RSSI: -77, 9, 1640050220 ,2399 
1641692438.757176 ### DEBUG: Ticks: 2401, 16, 1 
1641692438.757499 1640050221 c0:98:e5:42:00:29 3285 
1641692438.757628 2761 2777 2779 2786 2792 2816 2824 2827 2835 2839 2840 2840 2845 2849 2851 
1641692438.757752 2864 2864 2865 2868 2875 2883 2888 2888 2895 2903 2908 2912 2918 2924 2946 
1641692438.909934 ### RSSI: -73, 27, 1640050221 ,2403 
1641692439.643161 ### RSSI: -80, 29, 1640050222 ,2415 
1641692439.756128 ### DEBUG: Ticks: 2417, 16, 1 
1641692439.756413 1640050222 c0:98:e5:42:00:29 3371 
1641692439.756622 2849 2887 2892 2903 2906 2909 2916 2921 2922 2924 2932 2937 2938 2940 2943 
1641692439.756849 2944 2963 2972 2975 2976 2977 2984 2987 2992 2993 2999 3005 3009 3022 3029 
1641692439.912615 ### RSSI: -76, 31, 1640050222 ,2419 
1641692440.639850 ### RSSI: -68, 10, 1640050223 ,2431 
1641692440.752822 ### DEBUG: Ticks: 2432, 15, 1 
1641692440.753105 1640050223 c0:98:e5:42:00:29 3756 
1641692440.753410 3191 3245 3252 3257 3263 3272 3277 3284 3284 3284 3288 3294 3305 3316 3316 
1641692440.753601 3324 3328 3339 3355 3357 3358 3360 3364 3370 3374 3375 3382 3382 3388 3489 
1641692440.910255 ### RSSI: -67, 35, 1640050223 ,2435 
1641692440.919243 ERROR: Unexpected error while mounting SD card: 1
1641692442.359504 
1641692442.359805 ----------------------------------------------
1641692442.360021 ### WARNING: Chip experienced a reset with reason 2
1641692442.607329 ### INFO: Bluetooth address: c0:98:e5:42:00:2c
1641692442.617519 ### DEBUG: Time is 00:00:00, 2000/00/00
1641692442.617771 ### INFO: Time is 00:00:00, 2000/00/00
1641692442.714726 ### INFO: Initializing SD Card...
1641692445.371275 ### INFO: Connecting to the SquarePoint module...
1641692445.371558 ### INFO: SquarePoint module connection successful
1641692445.371771 ### INFO: Battery voltage currently 4109 mV
1641692445.462002 ### INFO: SD card flushed!
1641692445.497270 ### INFO: SD card flushed!
1641692445.498438 ### DEBUG: BLE START SCANNING called
1641692445.743153 ### ERROR: Failed reading SquarePoint packet length
1641692446.589902 ### addr: c0:98:e5:42:00:29 
1641692446.590202 ### on_adv_report outer RSSI: -81, time:1640049419 
1641692446.590429 ### INFO: Discovered new device: c0:98:e5:42:00:29
1641692446.590619 ### INFO: Switched Scheduler EUI from 00:00:00:00:00:00 to c0:98:e5:42:00:2c
1641692446.590817 ### INFO: Starting the SquarePoint module...
1641692446.714010 ### ERROR: Unable to communicate with the SquarePoint module
1641692446.715552 ### DEBUG: connected? already connected
1641692446.717821 ### DEBUG: BLE START SCANNING called
1641692446.766897 ### BLE EVENT: 16, INFO: BLE CONNECTED!
1641692446.767097 ### INFO: Starting the SquarePoint module...
1641692446.767181 ### INFO: Starting SquarePoint module as SCHEDULER with timestamp 1640049419
1641692446.767266 ### DEBUG: BLE STOP SCANNING called
1641692446.767347 ### INFO: SquarePoint module successfully started!
1641692446.767438 ### RSSI: -75, 34, 1640049419 ,68 
1641692446.964195 ### RSSI: -80, 24, 1640049419 ,71 
1641692447.162721 ### RSSI: -83, 23, 1640049420 ,75 
1641692447.264238 ### RSSI: -89, 18, 1640049420 ,76 
1641692447.362298 ### RSSI: -82, 12, 1640049420 ,78 
1641692447.564035 ### RSSI: -81, 22, 1640049420 ,81 
1641692447.663781 ### RSSI: -77, 7, 1640049420 ,82 
1641692447.752506 ### DEBUG: Ticks: 84, 84, 1 
1641692447.752680 1640050230 c0:98:e5:42:00:29 4922 
1641692447.752787 4442 4442 4445 4447 4451 4452 4459 4478 4482 4482 4486 4493 4495 4506 4508 
1641692447.753412 4514 4515 4518 4523 4542 4544 4546 4554 4567 4569 4598 4608 4617 4652 4679 
1641692447.763290 ### RSSI: -86, 10, 1640050230 ,84 
1641692447.869670 ### RSSI: -76, 31, 1640050230 ,85 
1641692447.970608 ### RSSI: -79, 30, 1640050230 ,87 
1641692448.069261 ### RSSI: -77, 20, 1640050230 ,89 
1641692448.159922 ### RSSI: -74, 1, 1640050231 ,90 
1641692448.260470 ### RSSI: -78, 21, 1640050231 ,92 
1641692448.365859 ### RSSI: -76, 32, 1640050231 ,93 
1641692448.462816 ### RSSI: -85, 8, 1640050231 ,95 
1641692448.562972 ### RSSI: -75, 28, 1640050231 ,96 
1641692448.660770 ### RSSI: -76, 11, 1640050231 ,98 
1641692448.751037 ### DEBUG: Ticks: 99, 15, 1 
1641692448.751247 1640050231 c0:98:e5:42:00:29 4391 
1641692448.751400 3815 3824 3840 3843 3848 3865 3867 3871 3875 3879 3883 3889 3903 3903 3904 
1641692448.751527 3904 3912 3914 3922 3931 3948 3966 3968 3988 3997 4008 4026 4040 4041 4082 
1641692449.662421 ### RSSI: -73, 3, 1640050232 ,114 
1641692449.750766 ### DEBUG: Ticks: 115, 16, 1 
1641692449.750992 1640050232 c0:98:e5:42:00:29 3614 
1641692449.751136 3078 3093 3093 3104 3111 3112 3115 3119 3144 3146 3147 3160 3162 3170 3171 
1641692449.751277 3173 3183 3187 3187 3195 3207 3209 3214 3218 3238 3243 3244 3250 3282 3285 
1641692450.661182 ### RSSI: -72, 17, 1640050233 ,129 
1641692450.751449 ### DEBUG: Ticks: 131, 16, 1 
1641692450.751709 1640050233 c0:98:e5:42:00:29 3174 
1641692450.751839 2674 2677 2687 2696 2700 2706 2722 2723 2747 2748 2750 2758 2770 2772 2773 
1641692450.752040 2777 2781 2784 2788 2789 2790 2799 2800 2808 2809 2819 2828 2832 2849 2900 
1641692451.663727 ### RSSI: -76, 7, 1640050234 ,145 
1641692451.753222 ### DEBUG: Ticks: 146, 15, 1 
1641692451.753491 1640050234 c0:98:e5:42:00:29 3032 
1641692451.753636 2494 2584 2590 2590 2591 2595 2601 2602 2609 2611 2614 2615 2618 2624 2634 
1641692451.753751 2636 2638 2645 2663 2676 2683 2686 2689 2704 2708 2709 2729 2734 2735 0 
1641692452.667166 ### RSSI: -71, 4, 1640050235 ,160 
1641692452.749691 ### DEBUG: Ticks: 162, 16, 1 
1641692452.749964 1640050235 c0:98:e5:42:00:29 3025 
1641692452.762758 2545 2561 2565 2568 2573 2580 2587 2598 2606 2607 2611 2614 2618 2620 2626 
1641692452.763045 2627 2631 2636 2638 2651 2670 2674 2675 2680 2685 2694 2720 2754 2802 2819 
1641692453.658872 ### RSSI: -75, 34, 1640050236 ,176 
1641692453.750085 ### DEBUG: Ticks: 177, 15, 1 
1641692453.750288 1640050236 c0:98:e5:42:00:29 3062 
1641692453.750422 2628 2631 2634 2635 2635 2637 2642 2664 2680 2686 2692 2692 2699 2712 2714 
1641692453.750608 2723 2734 2736 2740 2742 2748 2752 2758 2766 2774 2774 2787 2789 2844 2917 
1641692454.663631 ### RSSI: -72, 24, 1640050237 ,192 
1641692454.751739 ### DEBUG: Ticks: 193, 16, 1 
1641692454.752017 1640050237 c0:98:e5:42:00:29 3119 
1641692454.752207 2627 2678 2682 2683 2692 2700 2701 2701 2701 2702 2710 2715 2718 2725 2734 
1641692454.752390 2735 2735 2737 2748 2751 2760 2761 2773 2775 2781 2783 2796 2808 2829 2837 
1641692455.665981 ### RSSI: -67, 24, 1640050238 ,207 
1641692455.754470 ### DEBUG: Ticks: 209, 16, 1 
1641692455.754754 1640050238 c0:98:e5:42:00:29 3134 
1641692455.754972 2692 2714 2717 2729 2734 2735 2736 2737 2744 2754 2763 2763 2774 2792 2797 
1641692455.755157 2804 2805 2815 2817 2835 2844 2850 2850 2852 2853 2887 2905 2919 2941 2964 
1641692456.665113 ### RSSI: -69, 1, 1640050239 ,223 
1641692456.753616 ### ERROR: Failed reading SquarePoint packet length
1641692457.659805 ### RSSI: -80, 26, 1640050240 ,239 
1641692458.668981 ### RSSI: -67, 13, 1640050241 ,254 
1641692458.757506 ### DEBUG: Ticks: 256, 47, 1 
1641692458.758318 1640050241 c0:98:e5:42:00:29 2879 
1641692458.758792 2418 2443 2465 2467 2467 2468 2468 2468 2469 2471 2472 2472 2473 2474 2475 
1641692458.758969 2480 2485 2489 2499 2502 2506 2507 2515 2540 2542 2574 2580 2590 2597 2634 
1641692459.659858 ### RSSI: -62, 21, 1640050242 ,270 
1641692459.752526 ### DEBUG: Ticks: 271, 15, 1 
1641692459.752707 1640050242 c0:98:e5:42:00:29 2442 
1641692459.752825 1994 2000 2008 2023 2027 2033 2035 2042 2045 2046 2047 2057 2058 2058 2062 
1641692459.752964 2064 2076 2081 2088 2092 2094 2099 2111 2112 2112 2141 2148 2150 2168 2177 
1641692460.661979 ### RSSI: -60, 22, 1640050243 ,285 
1641692460.751440 ### DEBUG: Ticks: 287, 16, 1 
1641692460.751702 1640050243 c0:98:e5:42:00:29 2272 
1641692460.751848 1719 1741 1748 1805 1805 1807 1817 1817 1819 1820 1829 1832 1833 1836 1843 
1641692460.752011 1847 1849 1851 1851 1855 1865 1872 1892 1901 1904 1904 1907 1916 1921 1955 
1641692461.664250 ### RSSI: -61, 18, 1640050244 ,301 
1641692461.752681 ### DEBUG: Ticks: 302, 15, 1 
1641692461.752884 1640050244 c0:98:e5:42:00:29 2254 
1641692461.752992 1725 1742 1763 1781 1786 1819 1830 1832 1832 1840 1841 1841 1846 1850 1851 
1641692461.753104 1857 1859 1860 1868 1873 1884 1886 1887 1891 1892 1896 1935 1937 1943 2082 
1641692462.663852 ### RSSI: -66, 25, 1640050245 ,317 
1641692462.751627 ### DEBUG: Ticks: 318, 16, 1 
1641692462.751872 1640050245 c0:98:e5:42:00:29 2410 
1641692462.752036 1862 1883 1885 1892 1913 1918 1923 1925 1928 1958 1965 1970 1975 1976 1986 
1641692462.752194 1986 1998 2001 2007 2010 2011 2011 2024 2048 2050 2051 2082 2092 2117 2226 
1641692463.665962 ### RSSI: -65, 5, 1640050246 ,332 
1641692463.754913 ### DEBUG: Ticks: 334, 16, 1 
1641692463.756993 1640050246 c0:98:e5:42:00:29 2361 
1641692463.760942 1940 1974 1999 2005 2021 2023 2036 2040 2041 2046 2048 2050 2061 2078 2082 
1641692463.762463 2101 2102 2114 2114 2115 2139 2140 2145 2147 2159 2177 2195 2263 2313 2325 
1641692464.666648 ### RSSI: -67, 18, 1640050247 ,348 
1641692464.758761 ### DEBUG: Ticks: 349, 15, 1 
1641692464.759017 1640050247 c0:98:e5:42:00:29 2331 
1641692464.759183 1835 1860 1874 1879 1887 1894 1900 1919 1923 1927 1930 1952 1957 1966 1968 
1641692464.759343 1985 1989 2001 2003 2008 2009 2020 2032 2034 2047 2063 2073 2103 2127 2157 
1641692465.659612 ### RSSI: -69, 14, 1640050248 ,363 
1641692465.757670 ### DEBUG: Ticks: 365, 16, 1 
1641692465.757948 1640050248 c0:98:e5:42:00:29 2813 
1641692465.758128 2159 2193 2194 2196 2197 2206 2216 2216 2216 2220 2230 2231 2239 2266 2269 
1641692465.758316 2271 2288 2299 2327 2330 2355 2355 2368 2369 2371 2444 2462 2488 2584 2592 
1641692466.666277 ### RSSI: -72, 26, 1640050249 ,379 
1641692466.756233 ### DEBUG: Ticks: 380, 15, 1 
1641692466.758280 1640050249 c0:98:e5:42:00:29 2819 
1641692466.762813 2274 2305 2310 2315 2318 2329 2333 2336 2340 2341 2360 2362 2367 2368 2382 
1641692466.763085 2398 2401 2409 2451 2453 2468 2469 2494 2531 2533 2540 2566 2585 2602 2618 
1641692467.662256 ### RSSI: -63, 34, 1640050250 ,395 
1641692467.759167 ### ERROR: Failed reading SquarePoint packet length
1641692468.669785 ### RSSI: -75, 18, 1640050251 ,410 
1641692469.662660 ### RSSI: -65, 6, 1640050252 ,426 
1641692469.752655 ### DEBUG: Ticks: 427, 47, 1 
1641692469.752869 1640050252 c0:98:e5:42:00:29 3429 
1641692469.752998 2890 2897 2901 2904 2912 2912 2917 2927 2931 2935 2939 2959 2964 3007 3009 
1641692469.753178 3009 3010 3015 3018 3019 3038 3047 3082 3087 3090 3097 3098 3106 3118 3163 
1641692470.667823 ### RSSI: -67, 4, 1640050253 ,442 
1641692470.757557 ### DEBUG: Ticks: 443, 16, 1 
1641692470.757856 1640050253 c0:98:e5:42:00:29 3349 
1641692470.758037 2906 2908 2908 2922 2926 2933 2936 2940 2940 2948 2952 2952 2952 2954 2976 
1641692470.758211 2989 3005 3017 3017 3022 3028 3037 3073 3104 3111 3151 3163 3219 3282 3294 
1641692471.663202 ### RSSI: -75, 35, 1640050254 ,457 
1641692471.753050 ### DEBUG: Ticks: 459, 16, 1 
1641692471.753368 1640050254 c0:98:e5:42:00:29 3298 
1641692471.753536 2841 2850 2850 2851 2853 2861 2861 2890 2892 2894 2898 2908 2912 2917 2923 
1641692471.753695 2936 2952 2954 2963 2967 2976 2977 2977 2984 2987 2988 2996 3009 3012 3023 
1641692472.663800 ### RSSI: -70, 13, 1640050255 ,473 
1641692472.751361 ### DEBUG: Ticks: 474, 15, 1 
1641692472.751568 1640050255 c0:98:e5:42:00:29 3307 
1641692472.751691 2907 2909 2913 2915 2916 2922 2932 2942 2946 2959 2959 2964 2966 2982 2983 
1641692472.751829 2984 2985 2999 3001 3030 3037 3049 3050 3054 3056 3079 3082 3103 3152 3159 
1641692473.664233 ### RSSI: -71, 17, 1640050256 ,488 
1641692473.753741 ### DEBUG: Ticks: 490, 16, 1 
1641692473.753922 1640050256 c0:98:e5:42:00:29 3366 
1641692473.754026 2853 2862 2883 2884 2886 2893 2893 2894 2897 2901 2919 2921 2934 2937 2942 
1641692473.754304 2944 2955 2959 2964 2969 2973 2977 2981 2982 2987 3006 3010 3013 3028 3115 
1641692474.659138 ### RSSI: -69, 3, 1640050257 ,504 
1641692474.758367 ### DEBUG: Ticks: 505, 15, 1 
1641692474.758571 1640050257 c0:98:e5:42:00:29 3470 
1641692474.758692 2976 2991 2999 3005 3007 3014 3014 3020 3032 3032 3043 3045 3055 3065 3074 
1641692474.758819 3083 3090 3091 3095 3096 3105 3111 3111 3125 3126 3129 3131 3164 3183 3278 
1641692475.660007 ### RSSI: -64, 33, 1640050258 ,520 
1641692475.752209 ### DEBUG: Ticks: 521, 16, 1 
1641692475.752432 1640050258 c0:98:e5:42:00:29 3765 
1641692475.752576 3213 3231 3234 3252 3263 3267 3269 3284 3286 3287 3292 3294 3294 3299 3299 
1641692475.752715 3300 3306 3309 3313 3314 3316 3316 3321 3321 3329 3330 3356 3359 3369 3369 
1641692476.659407 ### RSSI: -72, 11, 1640050259 ,535 
1641692476.747445 ### DEBUG: Ticks: 537, 16, 1 
1641692476.759190 1640050259 c0:98:e5:42:00:29 4122 
1641692476.759453 3616 3664 3671 3677 3689 3691 3693 3701 3708 3711 3719 3723 3728 3728 3732 
1641692476.759632 3742 3744 3752 3756 3757 3760 3762 3770 3770 3774 3780 3781 3792 3852 4007 
1641692477.667585 ### RSSI: -63, 9, 1640050260 ,551 
1641692477.756658 ### DEBUG: Ticks: 552, 15, 1 
1641692477.756955 1640050260 c0:98:e5:42:00:29 4645 
1641692477.757115 4058 4091 4102 4113 4124 4139 4145 4149 4188 4189 4200 4202 4206 4211 4214 
1641692477.757272 4219 4219 4227 4228 4231 4232 4243 4248 4250 4263 4276 4281 4301 4383 4391 
1641692478.661854 ### RSSI: -71, 36, 1640050261 ,567 
1641692478.748561 ### ERROR: Failed reading SquarePoint packet length
1641692479.666953 ### RSSI: -77, 16, 1640050262 ,582 
1641692480.661576 ### RSSI: -77, 24, 1640050263 ,598 
1641692480.750028 ### DEBUG: Ticks: 599, 47, 1 
1641692480.750367 1640050263 c0:98:e5:42:00:29 4917 
1641692480.750562 4396 4433 4436 4451 4485 4490 4490 4493 4498 4505 4507 4509 4510 4516 4519 
1641692480.750737 4524 4531 4547 4553 4553 4560 4574 4574 4598 4599 4606 4614 4679 4691 4781 
1641692481.667779 ### RSSI: -77, 9, 1640050264 ,613 
1641692481.752443 ### DEBUG: Ticks: 615, 16, 1 
1641692481.752775 1640050264 c0:98:e5:42:00:29 4626 
1641692481.752961 4198 4208 4215 4219 4219 4222 4223 4230 4247 4248 4250 4259 4263 4264 4265 
1641692481.753158 4267 4275 4283 4296 4303 4312 4316 4324 4344 4362 4385 4409 4432 4448 4451 
1641692482.662751 ### RSSI: -72, 4, 1640050264 ,629 
1641692482.751473 ### DEBUG: Ticks: 630, 15, 1 
1641692482.751713 1640050265 c0:98:e5:42:00:29 4026 
1641692482.751904 3493 3501 3507 3507 3514 3550 3553 3554 3559 3585 3590 3591 3592 3594 3595 
1641692482.752056 3596 3598 3602 3604 3607 3616 3620 3622 3628 3658 3672 3701 3743 3798 3855 
1641692483.664362 ### RSSI: -73, 24, 1640050266 ,645 
1641692483.752404 ### DEBUG: Ticks: 646, 16, 1 
1641692483.752672 1640050266 c0:98:e5:42:00:29 3614 
1641692483.752828 3171 3172 3172 3178 3184 3189 3191 3194 3204 3207 3209 3230 3233 3235 3237 
1641692483.753049 3241 3248 3252 3255 3260 3275 3291 3294 3297 3313 3351 3377 3384 3390 3446 
1641692484.665367 ### RSSI: -67, 33, 1640050267 ,660 
1641692484.752695 ### DEBUG: Ticks: 662, 16, 1 
1641692484.752923 1640050267 c0:98:e5:42:00:29 3356 
1641692484.753074 2758 2849 2879 2889 2894 2909 2913 2920 2923 2931 2934 2935 2944 2945 2945 
1641692484.753233 2946 2949 2966 2967 2968 2990 2991 2996 3002 3022 3026 3037 3046 3051 3057 
1641692485.659715 ### RSSI: -75, 12, 1640050268 ,676 
1641692485.758270 ### DEBUG: Ticks: 677, 15, 1 
1641692485.758451 1640050268 c0:98:e5:42:00:29 3130 
1641692485.758571 2663 2665 2666 2673 2677 2683 2683 2685 2686 2687 2689 2699 2709 2730 2731 
1641692485.758702 2731 2732 2733 2734 2739 2750 2768 2773 2789 2798 2798 2809 2813 2815 2858 
1641692486.665548 ### RSSI: -72, 14, 1640050269 ,691 
1641692488.366732 
1641692488.366988 ----------------------------------------------
1641692488.367132 ### WARNING: Chip experienced a reset with reason 2
1641692488.623280 ### INFO: Bluetooth address: c0:98:e5:42:00:2c
1641692488.624468 ### DEBUG: Time is 00:00:00, 2000/00/00
1641692488.625903 ### INFO: Time is 00:00:00, 2000/00/00
1641692488.721636 ### INFO: Initializing SD Card...
1641692491.564591 ### INFO: Connecting to the SquarePoint module...
1641692491.564883 ### INFO: SquarePoint module connection successful
1641692491.565069 ### INFO: Battery voltage currently 4148 mV
1641692491.748114 ### ERROR: Failed reading SquarePoint packet length
1641692491.781115 ### INFO: SD card flushed!
1641692491.847037 ### INFO: SD card flushed!
1641692491.847247 ### DEBUG: BLE START SCANNING called
1641692492.960529 ### DEBUG: BLE START SCANNING called
1641692492.973766 ### addr: c0:98:e5:42:00:29 
1641692492.973996 ### on_adv_report outer RSSI: -64, time:1640049419 
1641692492.974114 ### INFO: Discovered new device: c0:98:e5:42:00:29
1641692492.974239 ### INFO: Switched Scheduler EUI from 00:00:00:00:00:00 to c0:98:e5:42:00:2c
1641692492.974362 ### INFO: Starting the SquarePoint module...
1641692492.974486 ### INFO: Starting SquarePoint module as SCHEDULER with timestamp 1640049419
1641692492.974609 ### DEBUG: BLE STOP SCANNING called
1641692492.974731 ### INFO: SquarePoint module successfully started!
1641692493.758249 ### DEBUG: Ticks: 84, 84, 0 
1641692493.760207 1640050276 c0:98:e5:42:00:29 3156 
1641692493.762058 2680 2704 2709 2714 2718 2718 2719 2736 2746 2747 2748 2751 2755 2756 2762 
1641692493.762319 2769 2771 2771 2772 2787 2792 2795 2796 2798 2801 2822 2844 2887 2892 2894 
1641692494.751696 ### DEBUG: Ticks: 99, 15, 0 
1641692494.751885 1640050277 c0:98:e5:42:00:29 2804 
1641692494.752000 2406 2407 2410 2417 2428 2428 2436 2458 2458 2466 2472 2473 2475 2477 2479 
1641692494.752101 2480 2483 2488 2490 2497 2498 2510 2517 2534 2542 2551 2575 2588 2601 2605 
1641692495.751351 ### DEBUG: Ticks: 115, 16, 0 
1641692495.751550 1640050278 c0:98:e5:42:00:29 2418 
1641692495.751671 1993 1999 2010 2013 2026 2027 2030 2041 2051 2064 2065 2071 2072 2074 2078 
1641692495.751814 2082 2083 2084 2093 2094 2099 2106 2116 2136 2139 2144 2154 2158 2174 2191 
1641692496.755926 ### DEBUG: Ticks: 130, 15, 0 
1641692496.756228 1640050279 c0:98:e5:42:00:29 2336 
1641692496.756385 1907 1908 1908 1911 1922 1923 1933 1936 1936 1937 1938 1943 1944 1944 1945 
1641692496.756544 1953 1957 1965 1967 1969 1996 2003 2013 2016 2035 2041 2043 2056 2058 2078 
1641692497.756381 ### DEBUG: Ticks: 146, 16, 0 
1641692497.756612 1640050280 c0:98:e5:42:00:29 2353 
1641692497.756756 1907 1929 1934 1939 1942 1945 1945 1946 1946 1951 1954 1956 1959 1960 1974 
1641692497.756894 1978 1980 1981 1987 1987 2001 2008 2014 2016 2025 2034 2042 2044 2140 2157 
1641692498.752180 ### DEBUG: Ticks: 162, 16, 0 
1641692498.753676 1640050281 c0:98:e5:42:00:29 2277 
1641692498.757282 1767 1803 1806 1812 1816 1821 1822 1825 1838 1854 1856 1862 1863 1865 1866 
1641692498.760198 1867 1867 1869 1870 1875 1882 1903 1903 1903 1909 1949 1971 1989 2017 2023 
1641692499.751922 ### DEBUG: Ticks: 177, 15, 0 
1641692499.752172 1640050282 c0:98:e5:42:00:29 2278 
1641692499.752648 1807 1818 1824 1829 1833 1833 1838 1839 1841 1844 1855 1861 1861 1867 1879 
1641692499.752819 1881 1893 1899 1900 1908 1918 1936 1942 1954 1959 1960 1984 1997 1998 2026 
1641692500.750181 ### DEBUG: Ticks: 193, 16, 0 
1641692500.750361 1640050283 c0:98:e5:42:00:29 2078 
1641692500.750460 1567 1595 1599 1613 1625 1626 1629 1631 1633 1633 1636 1637 1650 1654 1655 
1641692500.750562 1659 1673 1684 1704 1705 1706 1710 1714 1718 1729 1740 1764 1778 1819 1822 
1641692501.759634 ### DEBUG: Ticks: 209, 16, 0 
1641692501.759952 1640050284 c0:98:e5:42:00:29 1744 
1641692501.760201 1217 1247 1259 1268 1281 1282 1283 1283 1290 1293 1294 1297 1299 1300 1303 
1641692501.760432 1306 1317 1324 1332 1342 1354 1377 1378 1379 1392 1400 1400 1408 1442 1442 
1641692502.750131 ### ERROR: Failed reading SquarePoint packet length
1641692504.754102 ### DEBUG: Ticks: 255, 46, 0 
1641692504.754417 1640050287 c0:98:e5:42:00:29 796 
1641692504.754599 385 400 402 420 423 427 431 432 437 438 438 441 446 460 483 
1641692504.754806 486 498 499 503 506 515 568 570 572 586 606 608 624 635 635 
1641692505.754395 ### DEBUG: Ticks: 271, 16, 0 
1641692505.754728 1640050288 c0:98:e5:42:00:29 810 
1641692505.754939 327 334 344 346 350 359 373 373 376 380 384 389 391 400 425 
1641692505.755124 447 449 452 478 480 487 502 504 516 519 532 533 578 581 587 
1641692506.751243 ### DEBUG: Ticks: 287, 16, 0 
1641692506.751482 1640050289 c0:98:e5:42:00:29 743 
1641692506.751617 176 201 206 213 220 228 230 231 232 234 238 262 263 271 274 
1641692506.751754 276 283 305 323 333 333 340 345 370 395 398 398 398 426 467 
1641692507.524213 ### INFO: Device is now STATIONARY
1641692507.757526 ### DEBUG: Ticks: 302, 15, 0 
1641692507.757783 1640050290 c0:98:e5:42:00:29 742 
1641692507.757939 246 252 253 263 264 271 276 277 278 286 291 297 312 325 330 
1641692507.758103 332 338 341 364 370 373 382 383 398 423 430 439 458 511 515 
1641692507.927350 ### INFO: Device is now IN MOTION
1641692508.754822 ### DEBUG: Ticks: 318, 16, 0 
1641692508.756125 1640050291 c0:98:e5:42:00:29 694 
1641692508.758196 258 294 301 303 305 310 311 314 316 324 327 327 344 357 360 
1641692508.758418 368 394 401 402 405 407 407 409 415 431 440 449 474 492 511 
1641692509.750889 ### DEBUG: Ticks: 334, 16, 0 
1641692509.751152 1640050292 c0:98:e5:42:00:29 630 
1641692509.763008 94 99 100 101 106 119 141 149 156 157 158 159 159 165 168 
1641692509.763285 169 175 176 178 180 201 204 208 214 217 218 266 280 332 345 
1641692510.505270 ### INFO: Device is now STATIONARY
1641692510.752110 ### DEBUG: Ticks: 349, 15, 0 
1641692510.752357 1640050293 c0:98:e5:42:00:29 478 
1641692510.752511 32 41 62 63 73 93 103 105 116 122 122 124 129 131 131 
1641692510.752671 136 140 142 149 153 157 161 177 181 205 207 220 250 266 0 
1641692511.749744 ### DEBUG: Ticks: 365, 16, 0 
1641692511.760464 1640050294 c0:98:e5:42:00:29 308 
1641692511.760661 -193 -164 -152 -143 -133 -130 -124 -116 -114 -114 -113 -109 -106 -106 -99 
1641692511.760790 -99 -94 -93 -89 -81 -71 -68 -66 -64 -50 -36 -16 -4 -2 29 
1641692512.755817 ### ERROR: Failed reading SquarePoint packet length
1641692514.753059 ### DEBUG: Ticks: 412, 47, 0 
1641692514.753297 1640050297 c0:98:e5:42:00:29 169 
1641692514.753546 -562 -556 -550 -539 -519 -519 -516 -512 -508 -508 -503 -485 -482 -481 -476 
1641692514.753725 -475 -469 -469 -462 -459 -457 -447 -430 -420 -420 -419 -408 -401 -349 -259 
1641692515.760293 ### DEBUG: Ticks: 427, 15, 0 
1641692515.760603 1640050298 c0:98:e5:42:00:29 202 
1641692515.760786 -528 -516 -508 -495 -492 -491 -490 -486 -484 -472 -469 -469 -462 -459 -445 
1641692515.760972 -444 -430 -426 -424 -424 -412 -407 -402 -401 -397 -369 -360 -352 -314 0 
1641692516.748353 ### DEBUG: Ticks: 443, 16, 0 
1641692516.760427 1640050299 c0:98:e5:42:00:29 206 
1641692516.760694 -583 -578 -576 -560 -541 -538 -533 -533 -532 -526 -519 -511 -505 -504 -496 
1641692516.760851 -493 -488 -486 -471 -470 -465 -464 -457 -453 -447 -444 -435 -428 -404 -324 
1641692517.755006 ### DEBUG: Ticks: 458, 15, 0 
1641692517.755234 1640050300 c0:98:e5:42:00:29 208 
1641692517.755376 -518 -518 -517 -512 -508 -495 -494 -466 -466 -460 -452 -450 -444 -434 -431 
1641692517.755514 -428 -428 -427 -427 -423 -422 -417 -411 -409 -397 -382 -363 -330 -327 -261 
1641692518.752245 ### DEBUG: Ticks: 474, 16, 0 
1641692518.753958 1640050301 c0:98:e5:42:00:29 194 
1641692518.757338 -548 -525 -517 -514 -503 -500 -496 -486 -481 -481 -480 -479 -478 -478 -475 
1641692518.760206 -475 -473 -462 -461 -451 -447 -442 -441 -437 -430 -425 -420 -367 -321 -272 
1641692519.753860 ### DEBUG: Ticks: 490, 16, 0 
1641692519.754039 1640050302 c0:98:e5:42:00:29 239 
1641692519.754194 -657 -636 -632 -614 -609 -600 -597 -594 -578 -564 -563 -562 -561 -554 -554 
1641692519.754521 -553 -543 -538 -533 -521 -520 -520 -515 -510 -507 -498 -493 -451 -406 -371 
