1641071560.971508 ###RTT Client: ************************************************************ 
1641071560.971662 ###RTT Client: *               SEGGER Microcontroller GmbH                * 
1641071560.971704 ###RTT Client: *   Solutions for real time microcontroller applications   * 
1641071560.971745 ###RTT Client: ************************************************************ 
1641071560.971785 ###RTT Client: *                                                          * 
1641071560.971825 ###RTT Client: *       (c) 2012 - 2016  SEGGER Microcontroller GmbH       * 
1641071560.971865 ###RTT Client: *                                                          * 
1641071560.971905 ###RTT Client: *     www.segger.com     Support: support@segger.com       * 
1641071560.971944 ###RTT Client: *                                                          * 
1641071560.971983 ###RTT Client: ************************************************************ 
1641071560.972023 ###RTT Client: *                                                          * 
1641071560.972063 ###RTT Client: * SEGGER J-Link RTT Client   Compiled Jan 30 2018 18:46:58 * 
1641071560.972106 ###RTT Client: *                                                          * 
1641071560.972146 ###RTT Client: ************************************************************ 
1641071560.972185 
1641071560.972224 ###RTT Client: -----------------------------------------------
1641071560.972264 ###RTT Client: Connecting to J-Link RTT Server via localhost:9201  Connected.
1641071560.972303 SEGGER J-Link V6.30 - Real time terminal output
1641071560.972342 J-Link EDU Mini V1 compiled Oct 22 2019 16:28:45 V1.0, SN=801021855
1641071560.972382 Process: JLinkExe
1641071560.972421 ### DEBUG: Ticks: 4776, 16, 1 
1641071560.972460 1640049784 c0:98:e5:42:00:2c 294 
1641071560.972500 424 484 486 490 502 510 530 532 538 543 551 560 565 571 579 
1641071560.972540 587 591 598 601 604 609 611 622 636 640 670 714 729 773 792 
1641071560.972579 ### RSSI: -49, 22, 1640049785 ,4787 
1641071560.972619 ### RSSI: -54, 9, 1640049785 ,4788 
1641071560.972659 ### DEBUG: Ticks: 4791, 15, 1 
1641071560.972698 1640049785 c0:98:e5:42:00:2c 306 
1641071560.972738 486 531 533 540 542 543 559 570 572 586 586 587 590 600 610 
1641071560.972778 617 622 626 627 627 638 646 649 658 678 688 689 721 821 826 
1641071560.972818 ### INFO: SD card flushed!
1641071560.972858 ### RSSI: -50, 27, 1640049786 ,4803 
1641071560.972897 ### RSSI: -52, 21, 1640049786 ,4804 
1641071560.972937 ### DEBUG: Ticks: 4807, 16, 1 
1641071560.972976 1640049786 c0:98:e5:42:00:2c 200 
1641071560.973015 275 322 333 337 349 351 354 364 373 374 381 385 391 394 400 
1641071560.973054 401 411 413 415 426 427 437 437 444 455 481 486 557 588 647 
1641071560.973094 ### RSSI: -49, 2, 1640049787 ,4818 
1641071560.973133 ### RSSI: -56, 28, 1640049787 ,4820 
1641071560.973172 ### DEBUG: Ticks: 4822, 15, 1 
1641071560.973212 1640049787 c0:98:e5:42:00:2c 283 
1641071560.973251 450 467 473 474 474 493 502 506 515 531 536 540 543 549 557 
1641071560.973426 576 576 578 585 586 592 595 601 610 626 629 646 670 713 751 
1641071560.973468 ### RSSI: -48, 4, 1640049788 ,4834 
1641071560.973507 ### RSSI: -53, 25, 1640049788 ,4835 
1641071560.973547 ### DEBUG: Ticks: 4838, 16, 1 
1641071560.973586 1640049788 c0:98:e5:42:00:2c 273 
1641071560.973626 353 390 429 434 439 460 465 472 480 481 484 489 494 498 501 
1641071560.973665 508 517 520 528 530 535 541 543 548 583 601 638 639 661 695 
1641071560.973705 ### RSSI: -48, 8, 1640049789 ,4850 
1641071560.973764 ### RSSI: -52, 23, 1640049789 ,4851 
1641071560.973804 ### DEBUG: Ticks: 4854, 16, 1 
1641071560.973843 1640049789 c0:98:e5:42:00:2c 235 
1641071560.973882 405 406 408 411 426 436 439 442 444 449 456 461 466 469 471 
1641071560.973922 472 480 481 489 494 521 521 534 567 571 580 581 605 655 762 
1641071560.973962 ### RSSI: -49, 25, 1640049790 ,4865 
1641071560.974002 ### RSSI: -52, 17, 1640049790 ,4866 
1641071560.974041 ### DEBUG: Ticks: 4869, 15, 1 
1641071560.974080 1640049790 c0:98:e5:42:00:2c 293 
1641071560.974120 415 491 492 496 515 519 520 524 526 527 531 540 543 553 558 
1641071560.974160 570 574 588 591 598 609 612 613 631 638 645 665 699 735 860 
1641071560.974199 ### RSSI: -48, 3, 1640049791 ,4881 
1641071560.974238 ### RSSI: -55, 30, 1640049791 ,4882 
1641071560.974278 ### DEBUG: Ticks: 4885, 16, 1 
1641071560.974371 1640049791 c0:98:e5:42:00:2c 324 
1641071560.974412 501 508 514 525 546 548 555 564 579 581 584 587 593 596 601 
1641071560.974451 603 613 625 627 627 641 643 644 653 659 679 682 725 805 806 
1641071560.974491 ### RSSI: -48, 9, 1640049792 ,4897 
1641071560.974530 ### RSSI: -50, 3, 1640049792 ,4898 
1641071560.974569 ### DEBUG: Ticks: 4901, 16, 1 
1641071560.974609 1640049792 c0:98:e5:42:00:2c 292 
1641071560.974648 427 481 517 521 534 536 544 548 548 553 553 554 558 570 584 
1641071560.974688 586 588 594 599 602 604 620 633 639 657 691 699 701 816 851 
1641071560.974727 ### RSSI: -49, 1, 1640049793 ,4912 
1641071560.974766 ### RSSI: -52, 6, 1640049793 ,4913 
1641071560.974805 ### DEBUG: Ticks: 4916, 15, 1 
1641071560.974845 1640049793 c0:98:e5:42:00:2c 263 
1641071560.974884 373 428 446 458 471 481 493 497 503 508 513 514 515 518 520 
1641071560.974924 534 535 545 558 562 572 573 576 583 583 585 638 657 721 751 
1641071560.974963 ### RSSI: -48, 23, 1640049794 ,4928 
1641071560.975003 ### RSSI: -49, 23, 1640049794 ,4929 
1641071560.975043 ### DEBUG: Ticks: 4932, 16, 1 
1641071560.975082 1640049794 c0:98:e5:42:00:2c 264 
1641071560.975122 423 426 431 442 461 471 474 478 483 483 488 502 506 511 527 
1641071560.975161 531 531 536 537 550 558 562 563 575 580 582 593 643 710 740 
1641071560.975201 ### RSSI: -48, 12, 1640049795 ,4943 
1641071560.975240 ### RSSI: -50, 25, 1640049795 ,4945 
1641071560.975280 ### DEBUG: Ticks: 4947, 15, 1 
1641071560.975358 1640049795 c0:98:e5:42:00:2c 270 
1641071560.975399 447 449 460 473 478 492 494 511 519 521 531 531 534 537 539 
1641071560.975438 544 545 549 554 565 588 590 593 597 599 630 634 646 751 784 
1641071560.975478 ### RSSI: -48, 17, 1640049796 ,4959 
1641071560.975517 ### RSSI: -49, 12, 1640049796 ,4960 
1641071560.975556 ### DEBUG: Ticks: 4963, 16, 1 
1641071560.975595 1640049796 c0:98:e5:42:00:2c 273 
1641071560.975635 428 447 460 466 476 487 489 503 507 517 519 540 543 546 547 
1641071560.975674 548 552 559 571 575 577 580 583 598 609 618 645 670 725 821 
1641071560.975713 ### RSSI: -49, 20, 1640049797 ,4975 
1641071560.975753 ### RSSI: -53, 31, 1640049797 ,4976 
1641071560.975792 ### DEBUG: Ticks: 4979, 16, 1 
1641071560.975884 1640049797 c0:98:e5:42:00:2c 255 
1641071560.975925 418 430 453 456 457 460 463 474 479 484 492 495 502 505 508 
1641071560.975965 513 520 545 549 554 562 565 568 568 576 579 589 611 627 714 
1641071560.976004 ### RSSI: -49, 1, 1640049798 ,4990 
1641071560.976044 ### RSSI: -50, 10, 1640049798 ,4991 
1641071560.976084 ### DEBUG: Ticks: 4994, 15, 1 
1641071560.976123 1640049798 c0:98:e5:42:00:2c 198 
1641071560.976162 276 334 339 342 353 356 359 361 368 373 376 383 392 395 397 
1641071560.976202 398 409 414 414 419 431 438 440 441 451 456 468 476 528 606 
1641071560.976282 ### RSSI: -51, 32, 1640049799 ,5006 
1641071560.976322 ### RSSI: -49, 19, 1640049799 ,5007 
1641071560.976362 ### DEBUG: Ticks: 5010, 16, 1 
1641071560.976401 1640049799 c0:98:e5:42:00:2c 321 
1641071560.976440 436 443 447 463 463 476 495 507 508 512 513 518 524 537 540 
1641071560.976480 548 550 551 554 562 562 572 577 585 601 606 614 653 687 760 
1641071560.976520 ### RSSI: -48, 9, 1640049799 ,5022 
1641071560.976559 ### RSSI: -49, 21, 1640049799 ,5023 
1641071560.976598 ### DEBUG: Ticks: 5025, 15, 1 
1641071560.976637 1640049800 c0:98:e5:42:00:2c 308 
1641071560.976677 471 499 534 535 540 549 557 559 570 576 581 586 590 600 614 
1641071560.976716 619 626 627 627 636 641 648 665 666 667 681 681 721 786 790 
1641071560.976756 ### RSSI: -51, 35, 1640049800 ,5037 
1641071560.976795 ### RSSI: -50, 26, 1640049800 ,5038 
1641071560.976835 ### DEBUG: Ticks: 5041, 16, 1 
1641071560.976874 1640049801 c0:98:e5:42:00:2c 315 
1641071560.976914 467 513 524 529 532 548 571 581 583 587 603 611 614 616 629 
1641071560.976953 632 642 642 646 668 671 672 685 699 699 711 756 759 789 923 
1641071560.976994 ### RSSI: -48, 5, 1640049801 ,5053 
1641071560.977033 ### RSSI: -50, 22, 1640049801 ,5054 
1641071560.977073 ### DEBUG: Ticks: 5057, 16, 1 
1641071560.977113 1640049802 c0:98:e5:42:00:2c 253 
1641071560.977153 405 421 439 448 455 462 465 474 476 483 484 487 493 496 506 
1641071560.977192 507 517 521 522 523 529 536 550 572 580 580 626 630 697 729 
1641071560.977231 ### RSSI: -49, 2, 1640049802 ,5068 
1641071560.977271 ### RSSI: -50, 24, 1640049802 ,5069 
1641071560.977350 ### DEBUG: Ticks: 5072, 15, 1 
1641071560.977389 1640049803 c0:98:e5:42:00:2c 297 
1641071560.977429 483 497 524 545 548 549 552 556 558 558 569 574 589 592 594 
1641071560.977469 597 602 603 609 615 619 622 629 637 653 661 668 712 773 874 
1641071560.977508 ### RSSI: -54, 3, 1640049803 ,5084 
1641071560.977548 ### RSSI: -50, 10, 1640049804 ,5085 
1641071560.977587 ### DEBUG: Ticks: 5088, 16, 1 
1641071560.977627 1640049804 c0:98:e5:42:00:2c 274 
1641071560.977666 392 443 459 462 466 475 486 495 514 521 525 526 531 531 535 
1641071560.977705 548 555 567 568 579 606 612 627 635 646 664 664 666 756 825 
1641071560.977775 ### RSSI: -49, 2, 1640049805 ,5100 
1641071560.977815 ### RSSI: -50, 21, 1640049805 ,5101 
1641071560.977855 ### DEBUG: Ticks: 5104, 16, 1 
1641071560.977895 1640049805 c0:98:e5:42:00:2c 263 
1641071560.977935 390 431 435 439 449 468 471 476 484 490 496 503 508 514 514 
1641071560.977975 516 520 545 549 573 583 585 586 586 595 612 620 643 731 732 
1641071560.978014 ### RSSI: -48, 25, 1640049806 ,5115 
1641071560.978054 ### RSSI: -49, 19, 1640049806 ,5116 
1641071560.978093 ### DEBUG: Ticks: 5119, 15, 1 
1641071560.978133 1640049806 c0:98:e5:42:00:2c 298 
1641071560.978173 439 494 498 508 516 520 535 537 553 570 571 572 583 591 597 
1641071560.978213 598 603 604 615 623 626 628 638 647 660 667 676 679 696 771 
1641071560.978292 ### RSSI: -48, 10, 1640049807 ,5131 
1641071560.978333 ### RSSI: -49, 18, 1640049807 ,5132 
1641071560.978373 ### DEBUG: Ticks: 5135, 16, 1 
1641071560.978412 1640049807 c0:98:e5:42:00:2c 226 
1641071560.978451 350 360 387 391 398 402 415 418 418 424 432 434 445 445 448 
1641071560.978491 459 468 473 476 479 484 485 492 506 506 527 537 539 606 628 
1641071560.978531 ### RSSI: -49, 6, 1640049808 ,5146 
1641071560.978570 ### RSSI: -54, 34, 1640049808 ,5148 
1641071560.978608 ### DEBUG: Ticks: 5150, 15, 1 
1641071560.978648 1640049808 c0:98:e5:42:00:2c 248 
1641071560.978687 389 391 407 417 431 433 445 447 449 452 464 466 471 471 471 
1641071560.978726 482 485 487 489 506 510 520 527 534 538 543 572 604 689 710 
1641071560.978765 ### RSSI: -50, 29, 1640049809 ,5162 
1641071560.978805 ### RSSI: -48, 11, 1640049809 ,5163 
1641071560.978844 ### DEBUG: Ticks: 5166, 16, 1 
1641071560.978884 1640049809 c0:98:e5:42:00:2c 291 
1641071560.978924 386 451 488 489 494 513 515 518 521 526 543 552 556 558 582 
1641071560.978963 583 585 597 605 605 613 614 615 616 619 638 650 684 701 833 
1641071561.035890 ### RSSI: -49, 1, 1640049810 ,5178 
1641071561.111823 ### RSSI: -53, 33, 1640049810 ,5179 
1641071561.296960 ### DEBUG: Ticks: 5182, 16, 1 
1641071561.297125 1640049810 c0:98:e5:42:00:2c 284 
1641071561.297212 385 398 446 448 458 485 493 496 508 513 516 523 528 545 569 
1641071561.297260 570 580 591 592 599 607 613 618 625 630 645 657 657 689 775 
1641071562.037530 ### RSSI: -50, 36, 1640049811 ,5193 
1641071562.112613 ### RSSI: -51, 14, 1640049811 ,5194 
1641071562.295220 ### DEBUG: Ticks: 5197, 15, 1 
1641071562.295317 1640049811 c0:98:e5:42:00:2c 279 
1641071562.295362 417 449 465 479 501 501 510 522 524 530 533 534 540 540 552 
1641071562.295622 566 569 575 591 592 595 600 606 622 622 630 664 682 750 800 
1641071563.042582 ### RSSI: -55, 3, 1640049812 ,5209 
1641071563.107175 ### RSSI: -50, 9, 1640049812 ,5210 
1641071563.292068 ### DEBUG: Ticks: 5213, 16, 1 
1641071563.292545 1640049812 c0:98:e5:42:00:2c 278 
1641071563.293208 467 469 474 484 493 497 503 522 523 527 533 538 543 551 553 
1641071563.293938 561 569 572 575 586 588 599 603 604 613 629 631 717 726 800 
1641071564.041648 ### RSSI: -48, 5, 1640049813 ,5225 
1641071564.106861 ### RSSI: -49, 13, 1640049813 ,5226 
1641071564.289971 ### DEBUG: Ticks: 5229, 16, 1 
1641071564.290074 1640049813 c0:98:e5:42:00:2c 273 
1641071564.290115 435 470 477 490 491 500 515 517 523 531 531 538 539 544 547 
1641071564.290155 548 552 563 564 565 571 584 595 596 617 617 634 690 773 777 
1641071565.033389 ### RSSI: -48, 15, 1640049814 ,5240 
1641071565.109375 ### RSSI: -49, 22, 1640049814 ,5241 
1641071565.291620 ### DEBUG: Ticks: 5244, 15, 1 
1641071565.291741 1640049814 c0:98:e5:42:00:2c 300 
1641071565.291782 438 474 478 497 511 513 516 517 519 522 525 545 545 552 560 
1641071565.291826 563 571 576 579 583 591 597 598 604 629 665 675 690 769 803 
1641071566.041976 ### RSSI: -48, 17, 1640049815 ,5256 
1641071566.105463 ### RSSI: -51, 10, 1640049815 ,5257 
1641071566.291412 ### DEBUG: Ticks: 5260, 16, 1 
1641071566.291518 1640049815 c0:98:e5:42:00:2c 228 
1641071566.291559 350 351 359 384 395 397 403 418 423 432 439 441 448 452 456 
1641071566.291603 458 470 470 478 478 480 498 503 511 527 563 599 605 631 675 
1641071567.037698 ### RSSI: -48, 15, 1640049816 ,5271 
1641071567.112724 ### RSSI: -53, 32, 1640049816 ,5273 
1641071567.294488 ### DEBUG: Ticks: 5275, 15, 1 
1641071567.294592 1640049816 c0:98:e5:42:00:2c 295 
1641071567.294637 386 434 449 455 462 462 462 464 464 477 481 491 494 497 508 
1641071567.294676 512 519 525 527 528 547 556 562 570 588 619 621 636 726 759 
1641071567.702805 ### INFO: SD card flushed!
1641071568.033217 ### RSSI: -47, 16, 1640049817 ,5287 
1641071568.108251 ### RSSI: -50, 24, 1640049817 ,5288 
1641071568.289858 ### DEBUG: Ticks: 5291, 16, 1 
1641071568.289962 1640049817 c0:98:e5:42:00:2c 290 
1641071568.290007 428 478 488 506 509 517 520 538 544 544 548 549 552 558 572 
1641071568.290047 576 579 591 594 598 610 613 615 618 622 622 623 688 702 772 
1641071569.037929 ### RSSI: -48, 12, 1640049818 ,5303 
1641071569.103099 ### RSSI: -50, 12, 1640049818 ,5304 
1641071569.291879 ### DEBUG: Ticks: 5307, 16, 1 
1641071569.291986 1640049818 c0:98:e5:42:00:2c 270 
1641071569.292026 431 441 453 466 486 487 494 498 505 507 522 524 532 534 540 
1641071569.292066 543 543 550 561 571 579 584 584 593 600 606 644 664 709 723 
1641071570.034752 ### RSSI: -50, 32, 1640049819 ,5318 
1641071570.109767 ### RSSI: -50, 20, 1640049819 ,5319 
1641071570.289460 ### DEBUG: Ticks: 5322, 15, 1 
1641071570.289566 1640049819 c0:98:e5:42:00:2c 278 
1641071570.289611 444 458 461 492 494 502 511 515 532 534 535 540 540 541 552 
1641071570.289651 561 563 570 578 578 584 589 590 590 591 622 689 698 747 781 
1641071571.032564 ### RSSI: -48, 15, 1640049820 ,5334 
1641071571.109789 ### RSSI: -51, 7, 1640049820 ,5335 
1641071571.293263 ### DEBUG: Ticks: 5338, 16, 1 
1641071571.293367 1640049820 c0:98:e5:42:00:2c 273 
1641071571.293408 398 440 476 478 492 504 509 511 520 523 532 532 532 541 544 
1641071571.293451 548 562 563 570 586 588 598 607 621 628 635 642 647 776 778 
1641071572.037961 ### RSSI: -48, 14, 1640049821 ,5350 
1641071572.111765 ### RSSI: -50, 13, 1640049821 ,5351 
1641071572.295516 ### DEBUG: Ticks: 5354, 16, 1 
1641071572.295695 1640049821 c0:98:e5:42:00:2c 328 
1641071572.295780 481 540 543 555 572 581 586 587 601 603 614 636 649 650 657 
1641071572.295864 658 663 663 669 670 670 672 686 701 711 725 733 735 836 859 
1641071573.035792 ### RSSI: -48, 20, 1640049822 ,5365 
1641071573.110700 ### RSSI: -49, 12, 1640049822 ,5366 
1641071573.294425 ### DEBUG: Ticks: 5369, 15, 1 
1641071573.294601 1640049822 c0:98:e5:42:00:2c 283 
1641071573.294691 430 454 468 486 494 498 500 509 512 521 531 551 554 558 566 
1641071573.294775 569 581 582 582 594 596 603 620 622 625 672 690 791 807 0 
1641071574.039540 ### RSSI: -48, 3, 1640049823 ,5381 
1641071574.103886 ### RSSI: -49, 19, 1640049823 ,5382 
1641071574.296756 ### DEBUG: Ticks: 5385, 16, 1 
1641071574.296941 1640049823 c0:98:e5:42:00:2c 262 
1641071574.297030 352 422 428 468 484 490 495 497 499 501 503 511 512 514 518 
1641071574.297117 531 535 544 557 559 560 566 579 580 588 599 624 641 729 809 
1641071575.038740 ### RSSI: -49, 26, 1640049823 ,5396 
1641071575.102977 ### RSSI: -50, 21, 1640049823 ,5397 
1641071575.297949 ### DEBUG: Ticks: 5400, 15, 1 
1641071575.298128 1640049824 c0:98:e5:42:00:2c 302 
1641071575.298212 493 500 506 521 541 555 563 568 572 575 575 581 590 594 597 
1641071575.298295 611 615 630 633 646 647 647 652 659 663 673 692 695 745 789 
1641071576.041325 ### RSSI: -50, 36, 1640049824 ,5412 
1641071576.105446 ### RSSI: -51, 3, 1640049824 ,5413 
1641071576.290084 ### DEBUG: Ticks: 5416, 16, 1 
1641071576.290258 1640049825 c0:98:e5:42:00:2c 314 
1641071576.302174 471 482 484 493 497 516 532 551 562 562 562 570 575 582 583 
1641071576.302287 587 591 599 602 610 625 632 652 657 667 691 693 710 778 810 
1641071577.032191 ### RSSI: -48, 11, 1640049825 ,5428 
1641071577.107485 ### RSSI: -49, 23, 1640049825 ,5429 
1641071577.289425 ### DEBUG: Ticks: 5432, 16, 1 
1641071577.289605 1640049826 c0:98:e5:42:00:2c 286 
1641071577.300568 441 473 480 483 492 507 519 538 542 544 553 563 564 568 570 
1641071577.300678 575 575 576 577 583 583 591 601 606 614 641 684 709 778 809 
1641071578.033549 ### RSSI: -48, 24, 1640049826 ,5443 
1641071578.108122 ### RSSI: -53, 34, 1640049826 ,5444 
1641071578.296575 ### DEBUG: Ticks: 5447, 15, 1 
1641071578.296673 1640049827 c0:98:e5:42:00:2c 304 
1641071578.296713 450 450 509 510 526 527 557 564 581 586 586 587 587 596 608 
1641071578.296758 611 630 638 643 645 648 649 650 671 672 673 700 743 813 817 
1641071579.034181 ### RSSI: -47, 12, 1640049827 ,5459 
1641071579.110251 ### RSSI: -52, 30, 1640049828 ,5460 
1641071579.294525 ### DEBUG: Ticks: 5463, 16, 1 
1641071579.294622 1640049828 c0:98:e5:42:00:2c 274 
1641071579.294664 383 469 475 485 488 490 491 500 510 522 523 528 541 542 549 
1641071579.294713 550 562 564 564 576 578 583 583 584 596 607 617 672 679 726 
1641071580.037011 ### RSSI: -48, 26, 1640049828 ,5474 
1641071580.111966 ### RSSI: -52, 0, 1640049829 ,5476 
1641071580.297486 ### DEBUG: Ticks: 5478, 15, 1 
1641071580.297584 1640049829 c0:98:e5:42:00:2c 258 
1641071580.297625 418 420 426 439 462 463 469 476 483 492 492 503 505 513 515 
1641071580.297670 519 522 525 529 531 535 536 538 540 555 577 582 694 717 719 
1641071581.038441 ### RSSI: -51, 2, 1640049830 ,5490 
1641071581.104106 ### RSSI: -52, 2, 1640049830 ,5491 
1641071581.298224 ### DEBUG: Ticks: 5494, 16, 1 
1641071581.298327 1640049830 c0:98:e5:42:00:2c 266 
1641071581.298368 357 433 451 454 468 482 485 490 494 498 510 516 517 518 532 
1641071581.298408 535 536 536 538 542 553 554 566 579 583 589 598 603 725 750 
1641071582.036519 ### RSSI: -48, 9, 1640049831 ,5506 
1641071582.111236 ### RSSI: -50, 12, 1640049831 ,5507 
1641071582.294561 ### DEBUG: Ticks: 5510, 16, 1 
1641071582.294660 1640049831 c0:98:e5:42:00:2c 314 
1641071582.294704 469 515 523 533 545 560 575 583 589 591 598 611 611 620 624 
1641071582.294751 632 637 649 651 655 660 660 661 667 678 685 691 743 822 838 
1641071583.035809 ### RSSI: -50, 28, 1640049832 ,5521 
1641071583.110667 ### RSSI: -52, 5, 1640049832 ,5522 
1641071583.294077 ### DEBUG: Ticks: 5525, 15, 1 
1641071583.294190 1640049832 c0:98:e5:42:00:2c 270 
1641071583.294240 406 407 448 467 475 476 479 485 497 499 508 511 515 534 540 
1641071583.294289 540 545 545 547 567 575 583 593 597 597 597 604 643 680 744 
1641071584.034153 ### RSSI: -47, 12, 1640049833 ,5537 
1641071584.110036 ### RSSI: -49, 17, 1640049833 ,5538 
1641071584.292890 ### DEBUG: Ticks: 5541, 16, 1 
1641071584.292998 1640049833 c0:98:e5:42:00:2c 253 
1641071584.293049 368 404 419 421 439 442 451 455 483 486 488 491 500 505 506 
1641071584.293097 511 518 523 524 534 546 551 553 567 579 586 646 714 730 0 
1641071585.039074 ### RSSI: -49, 7, 1640049834 ,5553 
1641071585.106848 ### RSSI: -52, 30, 1640049834 ,5554 
1641071585.296876 ### DEBUG: Ticks: 5557, 16, 1 
1641071585.296993 1640049834 c0:98:e5:42:00:2c 305 
1641071585.297045 450 520 534 562 569 574 576 581 581 581 584 586 588 595 609 
1641071585.297136 612 621 630 635 642 642 644 661 689 694 694 705 729 816 827 
1641071586.035728 ### RSSI: -47, 8, 1640049835 ,5568 
1641071586.112164 ### RSSI: -52, 4, 1640049835 ,5569 
1641071586.296501 ### DEBUG: Ticks: 5572, 15, 1 
1641071586.296607 1640049835 c0:98:e5:42:00:2c 286 
1641071586.296654 446 500 513 520 525 534 537 540 543 552 555 557 560 571 573 
1641071586.296699 574 575 584 591 609 622 629 630 637 655 660 666 683 753 778 
1641071586.745809 ### INFO: Device is now IN MOTION
1641071587.034276 ### RSSI: -52, 8, 1640049836 ,5584 
1641071587.103067 ### RSSI: -49, 31, 1640049836 ,5585 
1641071587.294012 ### DEBUG: Ticks: 5588, 16, 1 
1641071587.294114 1640049836 c0:98:e5:42:00:2c 262 
1641071587.294274 378 436 439 449 454 482 488 491 497 499 516 517 522 522 524 
1641071587.294316 536 537 539 540 551 559 561 569 570 577 584 595 642 677 0 
1641071588.037295 ### RSSI: -47, 32, 1640049837 ,5599 
1641071588.102261 ### RSSI: -49, 18, 1640049837 ,5601 
1641071588.290991 ### DEBUG: Ticks: 5603, 15, 1 
1641071588.291111 1640049837 c0:98:e5:42:00:2c 283 
1641071588.291162 432 453 476 482 491 496 498 515 524 536 549 551 559 563 566 
1641071588.291214 566 567 571 592 594 616 626 629 641 643 659 714 753 778 936 
1641071589.035499 ### RSSI: -49, 20, 1640049838 ,5615 
1641071589.102099 ### RSSI: -50, 26, 1640049838 ,5616 
1641071589.290327 ### DEBUG: Ticks: 5619, 16, 1 
1641071589.290432 1640049838 c0:98:e5:42:00:2c 339 
1641071589.290474 509 533 535 540 573 574 575 579 583 589 592 592 598 605 608 
1641071589.290514 609 612 614 619 630 641 649 649 657 663 667 670 687 697 707 
1641071590.034606 ### RSSI: -53, 3, 1640049839 ,5631 
1641071590.110126 ### RSSI: -60, 19, 1640049839 ,5632 
1641071590.290875 ### DEBUG: Ticks: 5635, 16, 1 
1641071590.290989 1640049839 c0:98:e5:42:00:2c 742 
1641071590.291030 924 945 952 969 1017 1018 1021 1029 1033 1033 1036 1036 1054 1068 1070 
1641071590.291073 1073 1074 1076 1093 1107 1124 1144 1146 1152 1171 1182 1187 1203 1229 1380 
1641071591.035601 ### RSSI: -58, 18, 1640049840 ,5646 
1641071591.101956 ### RSSI: -61, 23, 1640049840 ,5647 
1641071591.290508 ### DEBUG: Ticks: 5650, 15, 1 
1641071591.290607 1640049840 c0:98:e5:42:00:2c 1612 
1641071591.290653 1786 1835 1840 1862 1885 1912 1925 1930 1935 1936 1949 1965 1966 1973 1974 
1641071591.290698 1978 1985 1988 1991 2006 2013 2016 2019 2030 2043 2045 2090 2103 2142 2158 
1641071592.039297 ### RSSI: -60, 1, 1640049841 ,5662 
1641071592.106641 ### RSSI: -64, 20, 1640049841 ,5663 
1641071592.292909 ### DEBUG: Ticks: 5666, 16, 1 
1641071592.293020 1640049841 c0:98:e5:42:00:2c 2648 
1641071592.293110 2863 2926 2935 2948 2954 2969 2981 3001 3001 3001 3012 3014 3018 3022 3025 
1641071592.293176 3036 3037 3045 3047 3048 3054 3057 3059 3082 3126 3149 3161 3179 3199 3296 
1641071593.039222 ### RSSI: -65, 35, 1640049842 ,5678 
1641071593.103373 ### RSSI: -62, 9, 1640049842 ,5679 
1641071593.295307 ### DEBUG: Ticks: 5682, 16, 1 
1641071593.295418 1640049842 c0:98:e5:42:00:2c 3803 
1641071593.295468 4038 4054 4072 4074 4084 4112 4116 4131 4132 4133 4140 4141 4155 4156 4176 
1641071593.295524 4179 4182 4189 4194 4200 4203 4211 4224 4228 4278 4282 4284 4294 4331 4354 
1641071594.042069 ### RSSI: -63, 21, 1640049843 ,5693 
1641071594.109092 ### RSSI: -69, 22, 1640049843 ,5694 
1641071594.298034 ### DEBUG: Ticks: 5697, 15, 1 
1641071594.298144 1640049843 c0:98:e5:42:00:2c 4959 
1641071594.298203 5179 5188 5211 5213 5219 5227 5230 5235 5241 5250 5250 5255 5259 5269 5273 
1641071594.298254 5273 5274 5282 5289 5291 5294 5305 5313 5314 5357 5364 5387 5395 5449 5460 
1641071617.404491 
1641071617.404674 ----------------------------------------------
1641071617.404745 ### WARNING: Chip experienced a reset with reason 1
1641071617.404795 ### INFO: Bluetooth address: c0:98:e5:42:00:29
1641071617.404847 ### DEBUG: Time is 00:00:00, 2000/00/00
1641071617.404895 ### INFO: Time is 00:00:00, 2000/00/00
1641071617.404943 ### INFO: Initializing SD Card...
1641071617.404998 ### INFO: Connecting to the SquarePoint module...
1641071617.405047 ### ERROR: Failed reading SquarePoint packet length
1641071617.405095 ### ERROR: SquarePoint module connection unsuccessful!
1641071617.405143 ### INFO: Connecting to the SquarePoint module...
1641071617.405195 ### INFO: SquarePoint module connection successful
1641071617.405243 ### INFO: Battery voltage currently 4031 mV
1641071617.405294 ### INFO: SD card flushed!
1641071617.405333 ### INFO: SD card flushed!
1641071617.405372 ### DEBUG: BLE START SCANNING called
1641071617.418152 ### DEBUG: BLE START SCANNING called
1641071617.418269 ### DEBUG: BLE START SCANNING called
1641071617.418326 ### DEBUG: BLE START SCANNING called
1641071617.418375 ### DEBUG: BLE START SCANNING called
1641071617.418423 ### addr: c0:98:e5:42:00:2c 
1641071617.418471 ### on_adv_report outer RSSI: -61, time:1640503230 
1641071617.418518 ### INFO: Discovered new device: c0:98:e5:42:00:2c
1641071617.418571 ### INFO: Switched Scheduler EUI from 00:00:00:00:00:00 to c0:98:e5:42:00:2c
1641071617.418630 ### INFO: Starting the SquarePoint module...
1641071617.418683 ### INFO: Starting SquarePoint module as PARTICIPANT with timestamp 1640503230
1641071617.418732 ### DEBUG: BLE STOP SCANNING called
1641071617.418780 ### INFO: SquarePoint module successfully started!
1641071617.418834 ### DEBUG: Ticks: 33, 33, 0 
1641071617.538987 1640503231 ### DEBUG: Ticks: 46, 13, 0 
1641071618.623802 1640049422 ### DEBUG: Ticks: 63, 17, 0 
1641071618.623927 1640049423 c0:98:e5:42:00:2c 1528 
1641071618.624013 1875 1883 1884 1886 1896 1897 1904 1911 1914 1915 1923 1923 1926 1940 1945 
1641071618.633602 1951 1953 1953 1954 1955 1956 1968 1970 1973 1976 1982 1985 2005 2013 2044 
1641071619.635783 ### DEBUG: Ticks: 79, 16, 0 
1641071619.635896 1640049424 c0:98:e5:42:00:2c 1619 
1641071619.635950 1929 1932 1943 1947 1951 1951 1956 1961 1983 1990 1993 2003 2003 2005 2007 
1641071619.635999 2013 2021 2022 2029 2036 2039 2046 2055 2055 2056 2059 2069 2071 2075 2106 
1641071620.639443 ### DEBUG: Ticks: 95, 16, 0 
1641071620.639566 1640049425 c0:98:e5:42:00:2c 1476 
1641071620.639616 1748 1773 1777 1777 1787 1789 1793 1796 1800 1801 1802 1803 1806 1809 1810 
1641071620.639664 1811 1815 1815 1817 1817 1827 1840 1848 1850 1853 1896 1903 1910 1922 1985 
1641071621.633073 ### DEBUG: Ticks: 110, 15, 0 
1641071621.633184 1640049426 c0:98:e5:42:00:2c 1510 
1641071621.633234 1692 1727 1732 1736 1738 1744 1750 1751 1759 1764 1771 1777 1780 1782 1784 
1641071621.633287 1790 1821 1831 1835 1841 1845 1889 1890 1913 1929 1930 1934 1959 2083 2128 
1641071622.633173 ### DEBUG: Ticks: 126, 16, 0 
1641071622.633272 1640049427 c0:98:e5:42:00:2c 1504 
1641071622.633314 1759 1787 1800 1818 1819 1823 1827 1835 1852 1852 1853 1875 1875 1877 1900 
1641071622.633353 1901 1918 1930 1933 1940 1944 1956 1962 1962 1989 1991 1996 2027 2044 2075 
1641071623.632601 ### DEBUG: Ticks: 142, 16, 0 
1641071623.632710 1640049428 c0:98:e5:42:00:2c 1779 
1641071623.632752 2025 2051 2091 2092 2101 2106 2121 2124 2124 2127 2127 2137 2140 2147 2153 
1641071623.642844 2166 2173 2179 2180 2185 2191 2199 2219 2228 2234 2267 2295 2329 2416 2489 
1641071624.633114 ### DEBUG: Ticks: 157, 15, 0 
1641071624.633228 1640049429 c0:98:e5:42:00:2c 1612 
1641071624.633270 1895 1941 1968 1982 1983 1985 1990 1994 2000 2001 2004 2004 2009 2012 2014 
1641071624.633310 2022 2030 2031 2041 2047 2053 2062 2065 2089 2090 2098 2110 2128 2170 2194 
1641071625.635182 ### DEBUG: Ticks: 173, 16, 0 
1641071625.635307 1640049430 c0:98:e5:42:00:2c 1740 
1641071625.635357 2003 2008 2010 2010 2011 2013 2022 2055 2056 2056 2058 2061 2064 2065 2080 
1641071625.635410 2084 2090 2093 2093 2096 2110 2116 2117 2123 2174 2203 2211 2214 2247 2288 
1641071626.631350 ### DEBUG: Ticks: 188, 15, 0 
1641071626.631452 1640049431 c0:98:e5:42:00:2c 1997 
1641071626.643159 2158 2160 2192 2223 2224 2240 2248 2250 2254 2258 2260 2273 2273 2275 2276 
1641071626.643268 2278 2288 2289 2291 2291 2294 2294 2306 2308 2308 2309 2318 2347 2352 2440 
1641071627.631156 ### DEBUG: Ticks: 204, 16, 0 
1641071627.631254 1640049432 c0:98:e5:42:00:2c 2574 
1641071627.643125 2703 2746 2776 2780 2811 2815 2819 2828 2831 2834 2858 2865 2875 2879 2881 
1641071627.643227 2885 2887 2899 2902 2904 2905 2905 2910 2913 2922 2924 2926 2942 2945 3000 
1641071628.633702 ### DEBUG: Ticks: 220, 16, 0 
1641071628.633860 1640049433 c0:98:e5:42:00:2c 3473 
1641071628.633916 3629 3658 3666 3731 3746 3755 3756 3761 3762 3763 3769 3770 3770 3777 3778 
1641071628.633959 3780 3780 3784 3789 3792 3792 3794 3803 3804 3817 3823 3824 3867 3872 3908 
1641071629.635923 ### DEBUG: Ticks: 235, 15, 0 
1641071629.636033 1640049434 c0:98:e5:42:00:2c 4170 
1641071629.636084 4362 4372 4426 4435 4438 4447 4450 4455 4471 4475 4476 4483 4485 4494 4502 
1641071629.636137 4504 4504 4506 4507 4508 4512 4523 4531 4541 4542 4548 4554 4557 4637 4689 
1641071630.639895 ### DEBUG: Ticks: 251, 16, 0 
1641071630.640009 1640049435 c0:98:e5:42:00:2c 4829 
1641071630.640059 4964 4967 5022 5062 5092 5094 5096 5105 5113 5113 5114 5114 5121 5125 5125 
1641071630.640112 5125 5133 5139 5143 5144 5151 5163 5165 5173 5173 5183 5197 5207 5224 5443 
1641071631.633968 ### DEBUG: Ticks: 267, 16, 0 
1641071631.634086 1640049436 c0:98:e5:42:00:2c 5483 
1641071631.634142 5645 5718 5739 5761 5791 5792 5798 5799 5819 5819 5827 5828 5835 5839 5844 
1641071631.634192 5860 5867 5870 5886 5896 5907 5919 5925 5938 5939 5950 5956 5963 6016 6019 
1641071660.172363 
1641071660.172487 ----------------------------------------------
1641071660.172538 ### WARNING: Chip experienced a reset with reason 1
1641071660.172587 ### INFO: Bluetooth address: c0:98:e5:42:00:29
1641071660.172669 ### DEBUG: Time is 00:00:00, 2000/00/00
1641071660.172718 ### INFO: Time is 00:00:00, 2000/00/00
1641071660.226198 ### INFO: Initializing SD Card...
1641071660.438904 ### INFO: Connecting to the SquarePoint module...
1641071660.439018 ### INFO: SquarePoint module connection successful
1641071660.439067 ### INFO: Battery voltage currently 4031 mV
1641071660.505502 ### INFO: SD card flushed!
1641071660.529326 ### INFO: SD card flushed!
1641071660.529433 ### DEBUG: BLE START SCANNING called
1641071661.643951 ### DEBUG: BLE START SCANNING called
1641071661.644071 ### DEBUG: BLE START SCANNING called
1641071661.657039 ### addr: c0:98:e5:42:00:2c 
1641071661.657155 ### on_adv_report outer RSSI: -59, time:1640503229 
1641071661.657205 ### INFO: Discovered new device: c0:98:e5:42:00:2c
1641071661.657254 ### INFO: Switched Scheduler EUI from 00:00:00:00:00:00 to c0:98:e5:42:00:2c
1641071661.657302 ### INFO: Starting the SquarePoint module...
1641071661.657355 ### INFO: Starting SquarePoint module as PARTICIPANT with timestamp 1640503229
1641071661.657403 ### DEBUG: BLE STOP SCANNING called
1641071661.657455 ### INFO: SquarePoint module successfully started!
1641071661.680042 ### DEBUG: Ticks: 28, 28, 0 
1641071662.678667 1640503230 ### DEBUG: Ticks: 43, 15, 0 
1641071663.075282 1640503231 ### BLE EVENT: 16, INFO: BLE CONNECTED!
1641071663.075395 ### RSSI: -61, 14, 1640503232 ,50 
1641071663.177242 ### RSSI: -63, 28, 1640503232 ,51 
1641071663.676685 ### DEBUG: Ticks: 59, 16, 0 
1641071664.678732 1640503232 ### STOPPED, setting module to STOPPED
1641071664.678840 ### INFO: Switched Scheduler EUI from c0:98:e5:42:00:2c to 00:00:00:00:00:00
1641071664.745194 ### INFO: SD card flushed!
1641071664.745315 ### DEBUG: BLE START SCANNING called
1641071665.873428 ### DEBUG: BLE START SCANNING called
1641071665.873544 ### DEBUG: BLE START SCANNING called
1641071665.883204 ### DEBUG: BLE START SCANNING called
1641071687.782892 
1641071687.783008 ----------------------------------------------
1641071687.783057 ### WARNING: Chip experienced a reset with reason 1
1641071687.783106 ### INFO: Bluetooth address: c0:98:e5:42:00:29
1641071687.783166 ### DEBUG: Time is 00:00:00, 2000/00/00
1641071687.783227 ### INFO: Time is 00:00:00, 2000/00/00
1641071687.783281 ### INFO: Initializing SD Card...
1641071687.783329 ### INFO: Connecting to the SquarePoint module...
1641071687.783385 ### INFO: SquarePoint module connection successful
1641071687.783439 ### INFO: Battery voltage currently 4014 mV
1641071687.783491 ### INFO: SD card flushed!
1641071687.783539 ### INFO: SD card flushed!
1641071687.783593 ### DEBUG: BLE START SCANNING called
1641071687.783650 ### addr: c0:98:e5:42:00:2c 
1641071687.783698 ### on_adv_report outer RSSI: -66, time:1640503229 
1641071687.783746 ### INFO: Discovered new device: c0:98:e5:42:00:2c
1641071687.795254 ### INFO: Switched Scheduler EUI from 00:00:00:00:00:00 to c0:98:e5:42:00:2c
1641071687.795358 ### INFO: Starting the SquarePoint module...
1641071687.795398 ### INFO: Starting SquarePoint module as PARTICIPANT with timestamp 1640503229
1641071687.795438 ### DEBUG: BLE STOP SCANNING called
1641071687.795480 ### INFO: SquarePoint module successfully started!
1641071687.795518 ### DEBUG: Ticks: 28, 28, 0 
1641071687.795558 1640503230 ### DEBUG: Ticks: 43, 15, 0 
1641071688.792752 1640503231 ### DEBUG: Ticks: 59, 16, 0 
1641071689.796987 1640503232 ### DEBUG: Ticks: 75, 16, 0 
1641071689.830152 1640503233 ### STOPPED, setting module to STOPPED
1641071689.830257 ### INFO: Switched Scheduler EUI from c0:98:e5:42:00:2c to 00:00:00:00:00:00
1641071689.830299 ### DEBUG: BLE START SCANNING called
1641071690.950565 ### addr: c0:98:e5:42:00:2c 
1641071690.950671 ### on_adv_report outer RSSI: -57, time:1640503234 
1641071690.950713 ### INFO: Discovered new device: c0:98:e5:42:00:2c
1641071690.950760 ### INFO: Switched Scheduler EUI from 00:00:00:00:00:00 to c0:98:e5:42:00:2c
1641071690.962663 ### INFO: Starting the SquarePoint module...
1641071690.962760 ### INFO: Starting SquarePoint module as PARTICIPANT with timestamp 1640503234
1641071690.962801 ### DEBUG: BLE STOP SCANNING called
1641071690.962840 ### INFO: SquarePoint module successfully started!
1641071690.973326 ### DEBUG: Ticks: 93, 18, 0 
1641071691.193108 1640503235 ### DEBUG: Ticks: 96, 3, 0 
1641071692.269068 1640049445 ### DEBUG: Ticks: 113, 17, 0 
1641071692.269173 1640049446 c0:98:e5:42:00:2c 1696 
1641071692.269221 2024 2046 2048 2052 2055 2072 2080 2081 2087 2087 2088 2089 2091 2107 2110 
1641071692.269260 2110 2112 2119 2123 2127 2135 2139 2144 2149 2160 2162 2183 2187 2205 2205 
1641071693.278571 ### DEBUG: Ticks: 129, 16, 0 
1641071693.278677 1640049447 c0:98:e5:42:00:2c 1854 
1641071693.278718 2081 2110 2149 2150 2165 2168 2168 2170 2180 2186 2188 2207 2209 2213 2236 
1641071693.278761 2239 2248 2255 2272 2273 2296 2300 2303 2306 2320 2325 2336 2392 2445 2575 
1641071694.277117 ### DEBUG: Ticks: 145, 16, 0 
1641071694.277220 1640049448 c0:98:e5:42:00:2c 2153 
1641071694.289524 2389 2397 2419 2421 2423 2427 2434 2447 2448 2450 2455 2455 2470 2495 2509 
1641071694.289650 2512 2521 2523 2524 2533 2543 2544 2555 2557 2569 2589 2600 2663 2699 2732 
1641071695.281102 ### DEBUG: Ticks: 160, 15, 0 
1641071695.281201 1640049449 c0:98:e5:42:00:2c 2697 
1641071695.281247 2997 3002 3009 3011 3018 3019 3021 3024 3028 3041 3042 3052 3054 3065 3067 
1641071695.281292 3070 3076 3087 3102 3102 3107 3127 3129 3170 3177 3179 3191 3211 3214 3243 
1641071696.278397 ### DEBUG: Ticks: 176, 16, 0 
1641071696.278509 1640049450 c0:98:e5:42:00:2c 3152 
1641071696.289796 3400 3468 3472 3472 3472 3479 3484 3486 3494 3496 3496 3498 3500 3508 3514 
1641071696.289909 3517 3536 3540 3543 3545 3550 3566 3566 3590 3592 3596 3599 3606 3634 3803 
1641071697.282188 ### DEBUG: Ticks: 192, 16, 0 
1641071697.282286 1640049451 c0:98:e5:42:00:2c 3498 
1641071697.282329 3763 3778 3798 3810 3810 3823 3827 3830 3838 3846 3851 3867 3876 3880 3886 
1641071697.282376 3900 3904 3916 3919 3921 3924 3926 3929 3933 3957 3958 3993 4008 4028 4065 
1641071698.287689 ### DEBUG: Ticks: 207, 15, 0 
1641071698.287805 1640049452 c0:98:e5:42:00:2c 3438 
1641071698.287855 3600 3657 3670 3706 3726 3733 3734 3740 3754 3758 3761 3767 3775 3779 3782 
1641071698.287904 3783 3790 3791 3792 3792 3800 3804 3809 3811 3819 3824 3843 3862 3870 3929 
1641071699.277987 ### DEBUG: Ticks: 223, 16, 0 
1641071699.278097 1640049453 c0:98:e5:42:00:2c 3724 
1641071699.289586 3853 3867 3928 3965 3975 3975 3996 4000 4005 4017 4017 4019 4024 4045 4050 
1641071699.289701 4050 4061 4068 4071 4071 4078 4132 4141 4153 4153 4158 4174 4186 4216 4235 
1641071700.282542 ### DEBUG: Ticks: 238, 15, 0 
1641071700.282640 1640049454 c0:98:e5:42:00:2c 4046 
1641071700.282682 4308 4348 4353 4367 4368 4370 4391 4396 4400 4400 4401 4406 4407 4415 4419 
1641071700.282725 4425 4426 4426 4426 4431 4435 4438 4446 4451 4476 4481 4537 4544 4568 4634 
1641071701.281696 ### DEBUG: Ticks: 254, 16, 0 
1641071701.281828 1640049455 c0:98:e5:42:00:2c 4512 
1641071701.281869 4768 4769 4804 4809 4818 4841 4842 4843 4844 4844 4847 4852 4856 4858 4863 
1641071701.281912 4869 4874 4876 4882 4885 4901 4905 4909 4923 4968 4975 5006 5075 5152 5169 
1641071702.279479 ### DEBUG: Ticks: 270, 16, 0 
1641071702.279581 1640049456 c0:98:e5:42:00:2c 5062 
1641071702.279626 5303 5313 5326 5340 5397 5401 5401 5410 5411 5417 5426 5433 5434 5441 5443 
1641071702.279665 5446 5447 5449 5459 5463 5463 5465 5491 5499 5504 5519 5522 5574 5615 5639 
1641071715.586198 
1641071715.586307 ----------------------------------------------
1641071715.586348 ### WARNING: Chip experienced a reset with reason 1
1641071715.586392 ### INFO: Bluetooth address: c0:98:e5:42:00:29
1641071715.586432 ### DEBUG: Time is 00:00:00, 2000/00/00
1641071715.586471 ### INFO: Time is 00:00:00, 2000/00/00
1641071715.586511 ### INFO: Initializing SD Card...
1641071715.586549 ### INFO: Connecting to the SquarePoint module...
1641071715.586589 ### INFO: SquarePoint module connection successful
1641071715.586628 ### INFO: Battery voltage currently 3992 mV
1641071715.586667 ### INFO: SD card flushed!
1641071715.586712 ### INFO: SD card flushed!
1641071715.586751 ### DEBUG: BLE START SCANNING called
1641071715.586790 ### STOPPED, setting module to STOPPED
1641071715.586829 ### DEBUG: BLE START SCANNING called
1641071715.586868 ### addr: c0:98:e5:42:00:2c 
1641071715.586907 ### on_adv_report outer RSSI: -84, time:1640503229 
1641071715.586946 ### INFO: Discovered new device: c0:98:e5:42:00:2c
1641071715.586985 ### INFO: Switched Scheduler EUI from 00:00:00:00:00:00 to c0:98:e5:42:00:2c
1641071715.587024 ### INFO: Starting the SquarePoint module...
1641071715.587063 ### INFO: Starting SquarePoint module as PARTICIPANT with timestamp 1640503229
1641071715.587102 ### DEBUG: BLE STOP SCANNING called
1641071715.587144 ### INFO: SquarePoint module successfully started!
1641071716.552685 ### DEBUG: Ticks: 59, 59, 0 
1641071717.330430 1640503232 ### DEBUG: Ticks: 71, 12, 0 
1641071718.406325 1640049474 ### DEBUG: Ticks: 88, 17, 0 
1641071718.417395 1640049475 c0:98:e5:42:00:2c 2280 
1641071718.417510 2660 2666 2680 2688 2688 2689 2689 2690 2697 2702 2707 2713 2719 2720 2721 
1641071718.417567 2722 2724 2734 2736 2736 2746 2750 2752 2756 2767 2770 2777 2780 2803 2862 
1641071719.423370 ### DEBUG: Ticks: 104, 16, 0 
1641071719.423501 1640049476 c0:98:e5:42:00:2c 1853 
1641071719.423577 2172 2175 2177 2211 2213 2213 2216 2218 2222 2224 2224 2230 2233 2234 2235 
1641071719.423628 2240 2245 2248 2253 2257 2273 2286 2290 2300 2300 2305 2310 2322 2341 2389 
1641071731.598638 
1641071731.598738 ----------------------------------------------
1641071731.598785 ### WARNING: Chip experienced a reset with reason 2
1641071731.598844 ### INFO: Bluetooth address: c0:98:e5:42:00:29
1641071731.598884 ### DEBUG: Time is 00:00:00, 2000/00/00
1641071731.598927 ### INFO: Time is 00:00:00, 2000/00/00
1641071731.598976 ### INFO: Initializing SD Card...
1641071731.599016 ### INFO: Connecting to the SquarePoint module...
1641071731.599065 ### INFO: SquarePoint module connection successful
1641071731.599119 ### INFO: Battery voltage currently 4031 mV
1641071731.599164 ### INFO: SD card flushed!
1641071731.599210 ### INFO: SD card flushed!
1641071731.599249 ### DEBUG: BLE START SCANNING called
1641071732.123295 ### DEBUG: Ticks: 19, 19, 0 
1641071732.123403 1640049490 c0:98:e5:42:00:2c 3546 
1641071732.123445 3822 3841 3851 3866 3893 3894 3901 3903 3904 3912 3915 3917 3927 3934 3940 
1641071732.123504 3945 3947 3954 3962 3970 3974 3976 3976 3985 3994 4011 4032 4038 4076 4093 
1641071732.123547 ### INFO: Switched Scheduler EUI from 00:00:00:00:00:00 to c0:98:e5:42:00:2c
1641071732.133301 ### DEBUG: BLE STOP SCANNING called
1641071732.475217 ### DEBUG: BLE START SCANNING called
1641071733.122070 ### DEBUG: Ticks: 34, 15, 0 
1641071733.122196 1640049491 c0:98:e5:42:00:2c 3641 
1641071733.122256 3731 3767 3770 3777 3791 3808 3826 3833 3842 3865 3866 3879 3902 3914 3926 
1641071733.122327 3942 3984 4011 4012 4030 4030 4038 4042 4050 4051 4066 4066 4127 4187 4273 
1641071733.577445 ### addr: c0:98:e5:42:00:2c 
1641071733.577552 ### on_adv_report outer RSSI: -80, time:1640049491 
1641071733.577598 ### INFO: Discovered new device: c0:98:e5:42:00:2c
1641071733.577637 ### DEBUG: connected? already connected
1641071733.577680 ### DEBUG: BLE START SCANNING called
1641071733.634963 ### BLE EVENT: 16, INFO: BLE CONNECTED!
1641071733.635061 ### DEBUG: BLE START SCANNING called
1641071733.635103 ### RSSI: -82, 18, 1640049491 ,42 
1641071733.635142 ### DEBUG: BLE START SCANNING called
1641071733.733347 ### RSSI: -75, 6, 1640049491 ,44 
1641071733.733452 ### DEBUG: BLE START SCANNING called
1641071733.832951 ### RSSI: -67, 31, 1640049492 ,45 
1641071733.833053 ### DEBUG: BLE START SCANNING called
1641071733.933951 ### RSSI: -68, 1, 1640049492 ,47 
1641071733.934050 ### DEBUG: BLE START SCANNING called
1641071734.122075 ### DEBUG: Ticks: 50, 16, 1 
1641071734.122202 1640049492 c0:98:e5:42:00:2c 3587 
1641071734.122253 3891 3916 3917 3918 3928 3941 3947 3947 3953 3958 3962 3964 3971 3982 3991 
1641071734.122301 3991 3991 3992 3998 4001 4007 4010 4014 4029 4033 4037 4038 4065 4121 4159 
1641071734.132755 ### DEBUG: BLE START SCANNING called
1641071734.132869 ### RSSI: -71, 1, 1640049492 ,50 
1641071734.132909 ### DEBUG: BLE START SCANNING called
1641071734.231570 ### RSSI: -65, 16, 1640049492 ,52 
1641071734.231674 ### DEBUG: BLE START SCANNING called
1641071734.330944 ### RSSI: -70, 6, 1640049492 ,53 
1641071734.331070 ### DEBUG: BLE START SCANNING called
1641071734.431563 ### RSSI: -68, 25, 1640049492 ,55 
1641071734.431682 ### DEBUG: BLE START SCANNING called
1641071734.475090 ### DEBUG: BLE START SCANNING called
1641071734.529882 ### RSSI: -67, 29, 1640049492 ,56 
1641071734.529997 ### DEBUG: BLE START SCANNING called
1641071734.629829 ### RSSI: -75, 5, 1640049492 ,58 
1641071734.629941 ### DEBUG: BLE START SCANNING called
1641071734.728237 ### RSSI: -69, 30, 1640049492 ,59 
1641071734.728354 ### DEBUG: BLE START SCANNING called
1641071734.826681 ### RSSI: -67, 22, 1640049493 ,61 
1641071734.826783 ### DEBUG: BLE START SCANNING called
1641071734.936441 ### RSSI: -69, 16, 1640049493 ,63 
1641071734.936541 ### DEBUG: BLE START SCANNING called
1641071735.034487 ### RSSI: -69, 14, 1640049493 ,64 
1641071735.034586 ### DEBUG: BLE START SCANNING called
1641071735.122253 ### DEBUG: Ticks: 66, 16, 1 
1641071735.122363 1640049493 c0:98:e5:42:00:2c 3722 
1641071735.122413 4047 4051 4056 4069 4073 4073 4078 4087 4090 4096 4100 4100 4109 4109 4112 
1641071735.122466 4119 4129 4130 4133 4136 4138 4141 4145 4175 4185 4188 4223 4228 4277 4314 
1641071735.133503 ### DEBUG: BLE START SCANNING called
1641071735.133606 ### RSSI: -66, 26, 1640049493 ,66 
1641071735.133650 ### DEBUG: BLE START SCANNING called
1641071735.233502 ### RSSI: -69, 16, 1640049493 ,67 
1641071735.233614 ### DEBUG: BLE START SCANNING called
1641071735.331636 ### RSSI: -65, 32, 1640049493 ,69 
1641071735.331757 ### DEBUG: BLE START SCANNING called
1641071735.471723 ### DEBUG: BLE START SCANNING called
1641071736.120966 ### DEBUG: Ticks: 81, 15, 1 
1641071736.121084 1640049494 c0:98:e5:42:00:2c 4106 
1641071736.133552 4312 4339 4359 4387 4398 4410 4412 4413 4413 4419 4431 4432 4432 4442 4443 
1641071736.133703 4445 4445 4471 4474 4474 4475 4480 4489 4502 4519 4529 4537 4551 4590 4601 
1641071736.133813 ### DEBUG: BLE START SCANNING called
1641071736.333190 ### RSSI: -71, 0, 1640049494 ,84 
1641071736.333292 ### DEBUG: BLE START SCANNING called
1641071736.474907 ### DEBUG: BLE START SCANNING called
1641071737.125693 ### DEBUG: Ticks: 97, 16, 1 
1641071737.125827 1640049495 c0:98:e5:42:00:2c 4680 
1641071737.125868 4926 4934 4940 4944 4975 4981 4986 4990 5022 5024 5033 5040 5047 5049 5057 
1641071737.125912 5058 5061 5064 5072 5076 5083 5084 5087 5089 5097 5116 5125 5138 5152 5315 
1641071737.125957 ### DEBUG: BLE START SCANNING called
1641071737.334733 ### RSSI: -76, 11, 1640049495 ,100 
1641071737.334839 ### DEBUG: BLE START SCANNING called
1641071738.122460 ### DEBUG: Ticks: 112, 15, 1 
1641071738.122566 1640049496 c0:98:e5:42:00:2c 5284 
1641071738.122607 5461 5526 5541 5554 5556 5567 5568 5581 5589 5593 5595 5597 5620 5626 5630 
1641071738.122654 5633 5634 5637 5649 5650 5654 5657 5663 5664 5677 5680 5682 5707 5746 5776 
1641071738.334672 ### RSSI: -69, 29, 1640049496 ,116 
1641071739.122131 ### DEBUG: Ticks: 128, 16, 1 
1641071739.122245 1640049497 c0:98:e5:42:00:2c 5543 
1641071739.122295 5755 5792 5801 5838 5839 5845 5847 5852 5866 5868 5876 5881 5884 5884 5896 
1641071739.122346 5897 5898 5904 5910 5925 5926 5927 5928 5942 5943 5983 6007 6049 6096 6114 
1641071739.329279 ### RSSI: -70, 15, 1640049497 ,131 
1641071740.332804 ### RSSI: -75, 21, 1640049498 ,147 
1641071741.331178 ### RSSI: -69, 8, 1640049499 ,163 
1641071742.125476 ### DEBUG: Ticks: 175, 47, 1 
1641071742.125581 1640049500 c0:98:e5:42:00:2c 5450 
1641071742.125621 5757 5769 5779 5783 5795 5796 5798 5799 5800 5805 5812 5817 5817 5817 5824 
1641071742.125665 5832 5834 5847 5858 5864 5866 5872 5885 5901 5907 5932 5938 5948 5987 5988 
1641071742.331894 ### RSSI: -66, 21, 1640049500 ,178 
1641071743.121185 ### DEBUG: Ticks: 191, 16, 1 
1641071743.121294 1640049501 c0:98:e5:42:00:2c 5197 
1641071743.121343 5577 5582 5588 5599 5603 5622 5631 5633 5634 5641 5642 5644 5644 5648 5652 
1641071743.121409 5656 5656 5661 5674 5685 5690 5693 5699 5710 5713 5716 5728 5729 5748 5764 
1641071743.330203 ### RSSI: -68, 30, 1640049501 ,194 
1641071744.123948 ### DEBUG: Ticks: 206, 15, 1 
1641071744.124061 1640049502 c0:98:e5:42:00:2c 4896 
1641071744.124105 5171 5184 5202 5206 5209 5218 5233 5237 5241 5246 5251 5257 5259 5262 5267 
1641071744.124146 5270 5271 5273 5279 5280 5280 5291 5295 5296 5308 5320 5323 5328 5342 5414 
1641071745.123826 ### DEBUG: Ticks: 222, 16, 1 
1641071745.123930 1640049503 c0:98:e5:42:00:2c 4433 
1641071745.123971 4715 4724 4735 4744 4784 4787 4808 4809 4809 4812 4813 4817 4818 4828 4830 
1641071745.124018 4834 4843 4845 4848 4849 4854 4860 4864 4883 4883 4894 4898 4898 4906 4915 
1641071745.335609 ### RSSI: -73, 25, 1640049504 ,225 
1641071746.122588 ### DEBUG: Ticks: 237, 15, 1 
1641071746.122689 1640049504 c0:98:e5:42:00:2c 3774 
1641071746.122734 3983 4047 4092 4097 4109 4113 4122 4124 4129 4136 4138 4144 4147 4150 4152 
1641071746.122776 4153 4156 4161 4162 4169 4169 4176 4177 4187 4189 4190 4194 4231 4231 4233 
1641071746.329218 ### RSSI: -66, 31, 1640049505 ,241 
1641071747.121450 ### DEBUG: Ticks: 253, 16, 1 
1641071747.121553 1640049505 c0:98:e5:42:00:2c 3263 
1641071747.121593 3515 3536 3539 3546 3561 3568 3575 3577 3577 3586 3586 3604 3626 3627 3627 
1641071747.132985 3630 3631 3634 3636 3639 3642 3658 3665 3668 3689 3691 3692 3734 3754 3783 
1641071787.086063 
1641071787.087104 ----------------------------------------------
1641071787.087735 ### WARNING: Chip experienced a reset with reason 1
1641071787.088235 ### INFO: Bluetooth address: c0:98:e5:42:00:29
1641071787.088317 ### DEBUG: Time is 00:00:00, 2000/00/00
1641071787.088359 ### INFO: Time is 00:00:00, 2000/00/00
1641071787.088398 ### INFO: Initializing SD Card...
1641071787.088442 ### INFO: Connecting to the SquarePoint module...
1641071787.088482 ### INFO: SquarePoint module connection successful
1641071787.088522 ### INFO: Battery voltage currently 4031 mV
1641071787.088561 ### INFO: SD card flushed!
1641071787.088601 ### INFO: SD card flushed!
1641071787.088641 ### DEBUG: BLE START SCANNING called
1641071787.088693 ### addr: c0:98:e5:42:00:2c 
1641071787.088733 ### on_adv_report outer RSSI: -69, time:1640503229 
1641071787.088773 ### INFO: Discovered new device: c0:98:e5:42:00:2c
1641071787.097300 ### INFO: Switched Scheduler EUI from 00:00:00:00:00:00 to c0:98:e5:42:00:2c
1641071787.097403 ### INFO: Starting the SquarePoint module...
1641071787.097449 ### INFO: Starting SquarePoint module as PARTICIPANT with timestamp 1640503229
1641071787.097494 ### DEBUG: BLE STOP SCANNING called
1641071787.097540 ### INFO: SquarePoint module successfully started!
1641071787.097579 ### DEBUG: Ticks: 28, 28, 0 
1641071787.129578 1640503230 ### DEBUG: Ticks: 43, 15, 0 
1641071788.131671 1640503231 ### DEBUG: Ticks: 59, 16, 0 
1641071788.879434 1640503232 ### DEBUG: Ticks: 71, 12, 0 
1641071789.959933 1640049549 ### DEBUG: Ticks: 88, 17, 0 
1641071789.960041 1640049550 c0:98:e5:42:00:2c 2778 
1641071789.960082 3064 3121 3148 3162 3164 3165 3193 3195 3200 3203 3209 3212 3212 3215 3228 
1641071789.960122 3232 3232 3234 3238 3254 3270 3272 3274 3278 3287 3339 3361 3561 3563 3570 
1641071790.973247 ### DEBUG: Ticks: 103, 15, 0 
1641071790.973346 1640049551 c0:98:e5:42:00:2c 2490 
1641071790.973392 2769 2770 2799 2803 2804 2821 2830 2836 2838 2840 2852 2856 2857 2870 2872 
1641071790.973437 2873 2874 2880 2881 2894 2898 2901 2907 2908 2912 2915 2919 2927 2967 3130 
