1641071559.099791 ###RTT Client: ************************************************************ 
1641071559.100054 ###RTT Client: *               SEGGER Microcontroller GmbH                * 
1641071559.100140 ###RTT Client: *   Solutions for real time microcontroller applications   * 
1641071559.100229 ###RTT Client: ************************************************************ 
1641071559.100309 ###RTT Client: *                                                          * 
1641071559.100395 ###RTT Client: *       (c) 2012 - 2016  SEGGER Microcontroller GmbH       * 
1641071559.100480 ###RTT Client: *                                                          * 
1641071559.100565 ###RTT Client: *     www.segger.com     Support: support@segger.com       * 
1641071559.100651 ###RTT Client: *                                                          * 
1641071559.100737 ###RTT Client: ************************************************************ 
1641071559.100820 ###RTT Client: *                                                          * 
1641071559.100905 ###RTT Client: * SEGGER J-Link RTT Client   Compiled Jan 30 2018 18:46:58 * 
1641071559.100989 ###RTT Client: *                                                          * 
1641071559.101074 ###RTT Client: ************************************************************ 
1641071559.101157 
1641071559.101243 ###RTT Client: -----------------------------------------------
1641071559.101327 ###RTT Client: Connecting to J-Link RTT Server via localhost:9201  Connected.
1641071559.101411 SEGGER J-Link V6.30 - Real time terminal output
1641071559.101497 J-Link EDU Mini V1 compiled Oct  2 2020 17:00:40 V1.0, SN=801021851
1641071559.101581 Process: JLinkExe
1641071559.101665 ### DEBUG: Ticks: 5573, 16, 1 
1641071559.101748 1640049777 c0:98:e5:42:00:29 284 
1641071559.101833 -191 -176 -173 -163 -146 -135 -133 -133 -123 -118 -114 -102 -87 -86 -82 
1641071559.101918 -81 -78 -54 -51 -48 -21 -7 -4 3 23 25 28 46 62 63 
1641071559.102000 ### RSSI: -47, 1, 1640049778 ,5585 
1641071559.102080 ### RSSI: -52, 3, 1640049778 ,5586 
1641071559.102161 ### DEBUG: Ticks: 5588, 15, 1 
1641071559.102245 1640049778 c0:98:e5:42:00:29 311 
1641071559.102331 -118 -96 -78 -64 -54 -49 -40 -38 -31 -17 -11 -7 0 7 33 
1641071559.102414 33 34 40 48 51 61 63 82 83 93 96 110 123 134 153 
1641071559.102498 ### RSSI: -47, 4, 1640049779 ,5600 
1641071559.102581 ### RSSI: -53, 10, 1640049779 ,5601 
1641071559.102665 ### DEBUG: Ticks: 5604, 16, 1 
1641071559.102750 1640049779 c0:98:e5:42:00:29 292 
1641071559.102833 -114 -109 -95 -92 -91 -72 -67 -64 -60 -50 -45 -31 -24 -17 0 
1641071559.102918 2 11 27 33 41 52 58 67 67 74 91 93 100 107 164 
1641071559.103002 ### RSSI: -47, 5, 1640049780 ,5616 
1641071559.103086 ### RSSI: -52, 22, 1640049780 ,5617 
1641071559.103170 ### DEBUG: Ticks: 5620, 16, 1 
1641071559.103254 1640049780 c0:98:e5:42:00:29 291 
1641071559.103339 -184 -183 -156 -136 -125 -124 -122 -121 -120 -115 -111 -99 -91 -86 -83 
1641071559.103424 -74 -67 -61 -60 -58 -54 -53 -42 -39 -25 -17 -7 -5 23 85 
1641071559.103550 ### RSSI: -47, 7, 1640049781 ,5631 
1641071559.103642 ### RSSI: -50, 16, 1640049781 ,5632 
1641071559.103721 ### DEBUG: Ticks: 5635, 15, 1 
1641071559.103799 1640049781 c0:98:e5:42:00:29 269 
1641071559.103879 -366 -311 -307 -305 -292 -284 -283 -278 -277 -275 -275 -274 -272 -272 -269 
1641071559.103960 -259 -224 -222 -213 -211 -210 -202 -198 -191 -184 -181 -177 -165 -154 -50 
1641071559.104039 ### RSSI: -46, 12, 1640049782 ,5647 
1641071559.104118 ### RSSI: -52, 15, 1640049782 ,5648 
1641071559.104192 ### DEBUG: Ticks: 5651, 16, 1 
1641071559.104270 1640049782 c0:98:e5:42:00:29 287 
1641071559.104347 -114 -96 -90 -84 -70 -62 -50 -49 -36 -22 -9 -9 -8 -7 -7 
1641071559.104425 4 4 9 18 26 37 40 49 49 72 78 92 121 131 179 
1641071559.104505 ### INFO: SD card flushed!
1641071559.104582 ### RSSI: -48, 36, 1640049783 ,5663 
1641071559.104661 ### RSSI: -54, 3, 1640049783 ,5664 
1641071559.104740 ### DEBUG: Ticks: 5667, 16, 1 
1641071559.104819 1640049783 c0:98:e5:42:00:29 282 
1641071559.104899 -180 -173 -171 -159 -158 -145 -143 -141 -137 -137 -127 -92 -76 -69 -59 
1641071559.104974 -52 -49 -48 -39 -36 -33 -25 -22 -19 -18 1 2 15 37 52 
1641071559.105049 ### RSSI: -47, 5, 1640049784 ,5678 
1641071559.105124 ### RSSI: -52, 9, 1640049784 ,5679 
1641071559.105199 ### DEBUG: Ticks: 5682, 15, 1 
1641071559.105275 1640049784 c0:98:e5:42:00:29 294 
1641071559.105350 -134 -115 -84 -81 -81 -78 -74 -71 -56 -53 -51 -48 -19 -4 0 
1641071559.105425 11 16 22 33 37 45 52 55 71 72 74 74 82 107 138 
1641071559.105501 ### RSSI: -47, 22, 1640049785 ,5694 
1641071559.105576 ### RSSI: -52, 9, 1640049785 ,5695 
1641071559.105651 ### DEBUG: Ticks: 5698, 16, 1 
1641071559.105727 1640049785 c0:98:e5:42:00:29 306 
1641071559.105803 -167 -165 -151 -143 -134 -133 -128 -126 -122 -112 -103 -100 -96 -53 -47 
1641071559.105878 -33 -23 -16 -15 -5 -2 0 3 10 12 15 31 38 76 99 
1641071559.105953 ### RSSI: -48, 27, 1640049786 ,5709 
1641071559.106091 ### RSSI: -51, 21, 1640049786 ,5711 
1641071559.106170 ### DEBUG: Ticks: 5713, 15, 1 
1641071559.106245 1640049786 c0:98:e5:42:00:29 200 
1641071559.106319 -214 -123 -107 -100 -99 -98 -98 -92 -78 -67 -61 -58 -51 -50 -45 
1641071559.106393 -40 -37 -28 -22 -9 -9 4 12 15 28 44 48 50 118 158 
1641071559.106467 ### RSSI: -48, 2, 1640049787 ,5725 
1641071559.106541 ### RSSI: -54, 28, 1640049787 ,5726 
1641071559.106615 ### DEBUG: Ticks: 5729, 16, 1 
1641071559.106689 1640049787 c0:98:e5:42:00:29 283 
1641071559.106762 -141 -137 -136 -135 -131 -107 -104 -96 -71 -71 -68 -68 -62 -56 -50 
1641071559.106835 -42 -37 -34 -26 -11 -7 0 5 29 31 42 49 56 81 106 
1641071559.106908 ### RSSI: -47, 4, 1640049788 ,5741 
1641071559.106982 ### RSSI: -52, 25, 1640049788 ,5742 
1641071559.107056 ### DEBUG: Ticks: 5745, 16, 1 
1641071559.107129 1640049788 c0:98:e5:42:00:29 273 
1641071559.107204 -89 -80 -50 -45 -35 -17 -16 3 12 14 29 35 35 36 42 
1641071559.107278 44 51 56 63 65 71 72 103 103 105 116 126 142 181 210 
1641071559.107352 ### RSSI: -46, 8, 1640049788 ,5756 
1641071559.107427 ### RSSI: -50, 23, 1640049788 ,5757 
1641071559.107521 ### DEBUG: Ticks: 5760, 15, 1 
1641071559.107600 1640049789 c0:98:e5:42:00:29 235 
1641071559.107674 -174 -155 -153 -146 -144 -142 -130 -130 -127 -123 -118 -107 -106 -104 -99 
1641071559.107749 -99 -90 -68 -62 -48 -46 -43 -38 -24 -22 -17 5 10 45 52 
1641071559.107823 ### RSSI: -46, 25, 1640049789 ,5772 
1641071559.107899 ### RSSI: -50, 17, 1640049789 ,5773 
1641071559.107973 ### DEBUG: Ticks: 5776, 16, 1 
1641071559.108047 1640049790 c0:98:e5:42:00:29 293 
1641071559.108122 -80 -75 -46 -42 -41 -37 -27 -26 -19 -19 -18 -10 0 2 9 
1641071559.108196 36 42 43 48 58 59 60 74 82 85 102 111 111 166 181 
1641071559.108270 ### RSSI: -46, 3, 1640049790 ,5788 
1641071559.108344 ### RSSI: -53, 30, 1640049790 ,5789 
1641071559.108418 ### DEBUG: Ticks: 5792, 16, 1 
1641071559.108493 1640049791 c0:98:e5:42:00:29 324 
1641071559.108567 -62 -60 -51 -50 -43 -41 -11 -6 0 1 6 14 23 33 39 
1641071559.108642 54 54 55 62 65 87 95 104 109 110 126 128 142 160 194 
1641071559.108716 ### RSSI: -46, 9, 1640049791 ,5803 
1641071559.108790 ### RSSI: -51, 3, 1640049791 ,5804 
1641071559.108864 ### DEBUG: Ticks: 5807, 15, 1 
1641071559.108938 1640049792 c0:98:e5:42:00:29 292 
1641071559.109012 -197 -159 -154 -133 -114 -113 -111 -110 -108 -108 -104 -96 -87 -65 -60 
1641071559.109087 -48 -47 -33 -30 -29 -5 0 0 3 16 16 36 44 64 113 
1641071559.109161 ### RSSI: -47, 1, 1640049792 ,5819 
1641071559.109236 ### RSSI: -52, 6, 1640049793 ,5820 
1641071559.109310 ### DEBUG: Ticks: 5823, 16, 1 
1641071559.109384 1640049793 c0:98:e5:42:00:29 263 
1641071559.109458 -128 -100 -99 -88 -86 -77 -76 -74 -63 -61 -61 -41 -40 -36 -36 
1641071559.109533 -7 -6 0 1 22 25 30 36 42 53 53 76 82 98 132 
1641071559.109607 ### RSSI: -46, 23, 1640049793 ,5834 
1641071559.109681 ### RSSI: -49, 23, 1640049794 ,5836 
1641071559.109755 ### DEBUG: Ticks: 5838, 15, 1 
1641071559.109829 1640049794 c0:98:e5:42:00:29 264 
1641071559.109903 -199 -194 -193 -173 -169 -160 -159 -130 -129 -125 -124 -124 -120 -101 -97 
1641071559.109978 -90 -85 -74 -55 -29 -25 -21 -17 -11 -9 0 8 12 32 65 
1641071559.110051 ### RSSI: -46, 12, 1640049795 ,5850 
1641071559.110125 ### RSSI: -48, 25, 1640049795 ,5851 
1641071559.110199 ### DEBUG: Ticks: 5854, 16, 1 
1641071559.110272 1640049795 c0:98:e5:42:00:29 270 
1641071559.110346 -137 -137 -134 -129 -125 -120 -115 -108 -80 -78 -75 -69 -61 -57 -55 
1641071559.110421 -38 -33 -31 -31 -27 -26 -17 -14 -13 -5 3 19 26 27 64 
1641071559.110494 ### RSSI: -45, 17, 1640049796 ,5866 
1641071559.110568 ### RSSI: -47, 12, 1640049796 ,5867 
1641071559.110642 ### DEBUG: Ticks: 5870, 16, 1 
1641071559.110716 1640049796 c0:98:e5:42:00:29 273 
1641071559.110790 -222 -219 -206 -202 -199 -188 -167 -153 -152 -152 -144 -131 -125 -118 -113 
1641071559.110864 -113 -98 -96 -95 -79 -72 -60 -52 -48 -43 -39 -16 -16 -2 67 
1641071559.110938 ### RSSI: -46, 20, 1640049797 ,5881 
1641071559.111014 ### RSSI: -50, 31, 1640049797 ,5882 
1641071559.111088 ### DEBUG: Ticks: 5885, 15, 1 
1641071559.111162 1640049797 c0:98:e5:42:00:29 255 
1641071559.111236 -239 -194 -174 -173 -169 -165 -135 -126 -120 -120 -116 -115 -109 -102 -76 
1641071559.111311 -71 -59 -59 -57 -53 -47 -40 -32 -23 -19 -15 -8 -2 54 72 
1641071559.111385 ### RSSI: -46, 1, 1640049798 ,5897 
1641071559.111472 ### RSSI: -47, 10, 1640049798 ,5898 
1641071559.111566 ### DEBUG: Ticks: 5901, 16, 1 
1641071559.111642 1640049798 c0:98:e5:42:00:29 198 
1641071559.111717 -160 -157 -156 -152 -146 -139 -138 -123 -117 -109 -103 -99 -93 -87 -87 
1641071559.111792 -79 -70 -60 -47 -46 -46 -46 -32 -23 -15 -12 2 8 40 0 
1641071559.111865 ### RSSI: -49, 32, 1640049799 ,5913 
1641071559.111939 ### RSSI: -48, 19, 1640049799 ,5914 
1641071559.112014 ### DEBUG: Ticks: 5916, 15, 1 
1641071559.112088 1640049799 c0:98:e5:42:00:29 321 
1641071559.112162 -6 -4 17 19 42 49 58 58 63 67 74 76 84 88 97 
1641071559.112237 102 108 108 144 152 158 159 170 182 183 187 195 200 214 219 
1641071559.112312 ### RSSI: -46, 9, 1640049800 ,5928 
1641071559.112385 ### RSSI: -48, 21, 1640049800 ,5929 
1641071559.112459 ### DEBUG: Ticks: 5932, 16, 1 
1641071559.112533 1640049800 c0:98:e5:42:00:29 308 
1641071559.112607 -284 -248 -235 -224 -223 -217 -215 -214 -213 -199 -194 -188 -170 -168 -155 
1641071559.112682 -153 -153 -152 -142 -138 -127 -116 -115 -109 -108 -75 -74 -70 -27 19 
1641071559.112756 ### RSSI: -50, 35, 1640049801 ,5944 
1641071559.112830 ### RSSI: -50, 26, 1640049801 ,5945 
1641071559.112903 ### DEBUG: Ticks: 5948, 16, 1 
1641071559.112977 1640049801 c0:98:e5:42:00:29 315 
1641071559.113051 -178 -166 -140 -132 -116 -111 -111 -107 -106 -103 -101 -97 -97 -92 -91 
1641071559.113125 -73 -62 -22 -9 -6 -5 -1 1 9 12 37 41 54 70 72 
1641071559.113199 ### RSSI: -46, 5, 1640049802 ,5959 
1641071559.113274 ### RSSI: -49, 22, 1640049802 ,5960 
1641071559.113348 ### DEBUG: Ticks: 5963, 15, 1 
1641071559.113422 1640049802 c0:98:e5:42:00:29 253 
1641071559.113496 -244 -192 -188 -170 -159 -157 -149 -145 -136 -136 -130 -129 -125 -95 -93 
1641071559.113570 -90 -81 -69 -66 -59 -52 -51 -46 -40 -32 -29 -29 3 7 17 
1641071559.113644 ### RSSI: -47, 2, 1640049803 ,5975 
1641071559.113719 ### RSSI: -49, 24, 1640049803 ,5976 
1641071559.113793 ### ERROR: Failed reading SquarePoint packet length
1641071559.113882 ### RSSI: -46, 3, 1640049804 ,5991 
1641071559.113956 ### RSSI: -47, 10, 1640049804 ,5992 
1641071559.114030 ### RSSI: -47, 2, 1640049805 ,6006 
1641071559.114104 ### RSSI: -49, 21, 1640049805 ,6007 
1641071559.114178 ### DEBUG: Ticks: 6010, 47, 1 
1641071559.114253 1640049805 c0:98:e5:42:00:29 263 
1641071559.114328 -121 -80 -77 -72 -71 -53 -47 -30 -18 -16 -16 -10 -7 6 10 
1641071559.114402 12 15 32 49 49 69 75 75 77 78 85 94 99 116 122 
1641071559.114476 ### RSSI: -46, 25, 1640049806 ,6022 
1641071559.114551 ### RSSI: -48, 19, 1640049806 ,6023 
1641071559.114625 ### DEBUG: Ticks: 6026, 16, 1 
1641071559.114699 1640049806 c0:98:e5:42:00:29 298 
1641071559.114774 -164 -123 -109 -104 -81 -62 -55 -51 -47 -43 -28 -28 -26 -20 -19 
1641071559.114848 -8 -5 4 20 31 32 35 46 58 64 78 91 95 105 0 
1641071559.114922 ### RSSI: -46, 10, 1640049807 ,6037 
1641071559.114996 ### RSSI: -47, 18, 1640049807 ,6039 
1641071559.115071 ### DEBUG: Ticks: 6041, 15, 1 
1641071559.115145 1640049807 c0:98:e5:42:00:29 226 
1641071559.115219 -138 -135 -113 -105 -104 -102 -99 -93 -83 -78 -67 -59 -58 -55 -47 
1641071559.115293 -33 -32 -28 -17 -16 -11 -7 -2 9 16 16 20 28 57 89 
1641071559.115366 ### RSSI: -47, 6, 1640049808 ,6053 
1641071559.115439 ### RSSI: -53, 34, 1640049808 ,6054 
1641071559.289611 ### DEBUG: Ticks: 6057, 16, 1 
1641071559.289711 1640049808 c0:98:e5:42:00:29 248 
1641071559.289760 -124 -90 -74 -50 -42 -28 -23 -22 -17 -16 -11 -11 -2 12 21 
1641071559.300899 41 44 51 53 54 60 62 62 79 87 101 107 117 137 0 
1641071560.037395 ### RSSI: -52, 29, 1640049809 ,6069 
1641071560.104895 ### RSSI: -48, 11, 1640049809 ,6070 
1641071560.297624 ### DEBUG: Ticks: 6073, 16, 1 
1641071560.297880 1640049809 c0:98:e5:42:00:29 291 
1641071560.298027 -149 -118 -106 -92 -76 -56 -54 -51 -35 -34 -25 -21 -19 -18 -12 
1641071560.298161 -8 7 18 40 48 50 54 56 57 63 70 76 82 136 178 
1641071561.036772 ### RSSI: -46, 1, 1640049810 ,6084 
1641071561.113588 ### RSSI: -51, 33, 1640049810 ,6085 
1641071561.291982 ### DEBUG: Ticks: 6088, 15, 1 
1641071561.292507 1640049810 c0:98:e5:42:00:29 284 
1641071561.293473 -233 -223 -216 -206 -201 -188 -183 -176 -175 -169 -162 -161 -156 -155 -152 
1641071561.294358 -147 -147 -134 -132 -120 -115 -101 -80 -76 -75 -71 -66 -59 -21 36 
1641071562.033392 ### RSSI: -48, 36, 1640049811 ,6100 
1641071562.110095 ### RSSI: -48, 14, 1640049811 ,6101 
1641071562.287274 ### DEBUG: Ticks: 6104, 16, 1 
1641071562.300135 1640049811 c0:98:e5:42:00:29 279 
1641071562.303189 -165 -123 -118 -110 -110 -98 -87 -86 -83 -76 -72 -66 -60 -47 -41 
1641071562.306110 -40 -39 -37 -23 -20 -12 -10 -7 -4 4 11 22 27 45 56 
1641071563.039115 ### RSSI: -46, 3, 1640049812 ,6116 
1641071563.106918 ### RSSI: -48, 9, 1640049812 ,6117 
1641071563.297136 ### DEBUG: Ticks: 6120, 16, 1 
1641071563.297412 1640049812 c0:98:e5:42:00:29 278 
1641071563.297631 -223 -186 -175 -171 -171 -165 -156 -142 -142 -135 -129 -118 -110 -110 -106 
1641071563.297806 -104 -101 -95 -87 -87 -86 -81 -64 -60 -43 -32 -28 -18 4 22 
1641071564.043028 ### RSSI: -46, 5, 1640049812 ,6131 
1641071564.109108 ### RSSI: -49, 13, 1640049812 ,6132 
1641071564.294392 ### ERROR: Failed reading SquarePoint packet length
1641071565.042329 ### RSSI: -46, 15, 1640049813 ,6147 
1641071565.106389 ### RSSI: -51, 22, 1640049813 ,6148 
1641071566.036738 ### RSSI: -46, 17, 1640049814 ,6162 
1641071566.103732 ### RSSI: -49, 10, 1640049814 ,6164 
1641071566.294600 ### DEBUG: Ticks: 6166, 46, 1 
1641071566.295040 1640049815 c0:98:e5:42:00:29 228 
1641071566.295741 -165 -160 -140 -122 -108 -107 -104 -99 -98 -95 -94 -88 -84 -72 -50 
1641071566.296382 -41 -36 -24 -23 -22 -17 -10 -9 -7 1 32 36 51 65 0 
1641071567.040952 ### RSSI: -46, 15, 1640049815 ,6178 
1641071567.107605 ### RSSI: -51, 32, 1640049815 ,6179 
1641071567.292383 ### DEBUG: Ticks: 6182, 16, 1 
1641071567.292666 1640049816 c0:98:e5:42:00:29 295 
1641071567.292845 -83 -45 -19 -15 7 14 18 21 23 35 44 51 59 60 75 
1641071567.293028 86 91 105 111 116 123 126 127 128 135 144 192 205 218 247 
1641071567.632301 ### INFO: SD card flushed!
1641071568.042450 ### RSSI: -46, 16, 1640049816 ,6194 
1641071568.108040 ### RSSI: -49, 24, 1640049817 ,6195 
1641071568.295935 ### DEBUG: Ticks: 6198, 16, 1 
1641071568.296216 1640049817 c0:98:e5:42:00:29 290 
1641071568.296397 -107 -106 -67 -58 -56 -56 -53 -42 -32 -30 -24 -23 -10 -1 6 
1641071568.296601 8 22 28 32 51 60 63 69 89 89 98 99 103 110 139 
1641071569.036971 ### RSSI: -46, 12, 1640049817 ,6209 
1641071569.113177 ### RSSI: -48, 12, 1640049818 ,6210 
1641071569.293507 ### DEBUG: Ticks: 6213, 15, 1 
1641071569.293784 1640049818 c0:98:e5:42:00:29 270 
1641071569.293964 -114 -114 -108 -88 -76 -70 -70 -65 -36 -36 -33 -30 -28 -18 -3 
1641071569.294189 -1 0 6 8 20 21 30 45 49 54 59 72 88 89 105 
1641071570.038172 ### RSSI: -49, 32, 1640049819 ,6225 
1641071570.103580 ### RSSI: -47, 20, 1640049819 ,6226 
1641071570.292993 ### DEBUG: Ticks: 6229, 16, 1 
1641071570.293264 1640049819 c0:98:e5:42:00:29 278 
1641071570.293481 -143 -112 -99 -97 -95 -95 -82 -75 -69 -69 -64 -59 -58 -52 -18 
1641071570.293693 -18 -10 -9 -5 -3 0 15 20 22 25 46 62 73 128 129 
1641071571.041495 ### RSSI: -46, 15, 1640049820 ,6241 
1641071571.106336 ### RSSI: -47, 7, 1640049820 ,6242 
1641071571.291062 ### DEBUG: Ticks: 6245, 16, 1 
1641071571.291344 1640049820 c0:98:e5:42:00:29 273 
1641071571.291615 -120 -111 -110 -94 -88 -88 -76 -72 -63 -56 -46 -45 -41 -40 -33 
1641071571.291791 -31 -3 1 2 5 8 29 39 51 60 60 81 86 87 121 
1641071572.042247 ### RSSI: -46, 14, 1640049821 ,6256 
1641071572.109130 ### RSSI: -48, 13, 1640049821 ,6257 
1641071572.289783 ### DEBUG: Ticks: 6260, 15, 1 
1641071572.290110 1640049821 c0:98:e5:42:00:29 328 
1641071572.301942 -250 -249 -238 -232 -229 -217 -216 -201 -201 -197 -196 -184 -173 -150 -146 
1641071572.302217 -140 -129 -125 -123 -119 -118 -109 -97 -88 -87 -84 -73 -57 -42 -21 
1641071573.043624 ### RSSI: -46, 20, 1640049822 ,6272 
1641071573.108972 ### RSSI: -48, 12, 1640049822 ,6273 
1641071573.294208 ### DEBUG: Ticks: 6276, 16, 1 
1641071573.294541 1640049822 c0:98:e5:42:00:29 283 
1641071573.294722 -239 -229 -202 -194 -194 -191 -190 -183 -175 -174 -167 -157 -156 -129 -121 
1641071573.294922 -118 -110 -109 -101 -101 -98 -88 -71 -53 -48 -44 -26 0 21 29 
1641071574.033496 ### RSSI: -46, 3, 1640049823 ,6287 
1641071574.110514 ### RSSI: -48, 19, 1640049823 ,6288 
1641071574.288543 ### ERROR: Failed reading SquarePoint packet length
1641071575.039151 ### RSSI: -47, 26, 1640049824 ,6303 
1641071575.106204 ### RSSI: -48, 21, 1640049824 ,6304 
1641071576.041030 ### RSSI: -48, 36, 1640049825 ,6319 
1641071576.107394 ### RSSI: -49, 3, 1640049825 ,6320 
1641071576.292346 ### DEBUG: Ticks: 6323, 47, 1 
1641071576.292803 1640049825 c0:98:e5:42:00:29 314 
1641071576.293313 -51 -39 -37 -30 -26 -22 -12 -5 -3 3 5 12 15 20 27 
1641071576.293844 59 68 78 84 92 95 96 98 104 110 133 146 151 154 160 
1641071577.036902 ### RSSI: -45, 11, 1640049826 ,6334 
1641071577.103050 ### RSSI: -48, 23, 1640049826 ,6335 
1641071577.290358 ### DEBUG: Ticks: 6338, 15, 1 
1641071577.290643 1640049826 c0:98:e5:42:00:29 286 
1641071577.290876 -240 -214 -211 -209 -204 -203 -191 -188 -168 -161 -161 -149 -127 -120 -119 
1641071577.291091 -117 -112 -105 -95 -93 -90 -87 -87 -77 -74 -65 -27 -19 10 12 
1641071578.034323 ### RSSI: -46, 24, 1640049827 ,6350 
1641071578.110001 ### RSSI: -52, 34, 1640049827 ,6351 
1641071578.289737 ### DEBUG: Ticks: 6354, 16, 1 
1641071578.290012 1640049827 c0:98:e5:42:00:29 304 
1641071578.290247 -166 -158 -150 -135 -134 -128 -123 -104 -104 -99 -94 -92 -76 -58 -57 
1641071578.290439 -49 -35 -31 -20 -19 -18 -16 -12 -8 -4 26 31 48 105 115 
1641071579.037943 ### RSSI: -46, 12, 1640049828 ,6365 
1641071579.104281 ### RSSI: -50, 30, 1640049828 ,6367 
1641071579.295126 ### DEBUG: Ticks: 6369, 15, 1 
1641071579.295432 1640049828 c0:98:e5:42:00:29 274 
1641071579.295723 -177 -158 -152 -134 -124 -120 -104 -98 -87 -77 -74 -64 -62 -59 -53 
1641071579.295943 -43 -9 -5 3 3 12 24 35 41 45 48 54 54 109 129 
1641071580.035810 ### RSSI: -47, 26, 1640049829 ,6381 
1641071580.112514 ### RSSI: -51, 0, 1640049829 ,6382 
1641071580.290390 ### DEBUG: Ticks: 6385, 16, 1 
1641071580.290579 1640049829 c0:98:e5:42:00:29 258 
1641071580.290705 -129 -117 -101 -96 -91 -87 -85 -54 -53 -52 -41 -31 -9 -6 -5 
1641071580.290826 -1 3 12 13 15 17 24 35 39 39 57 87 109 141 165 
1641071581.031804 ### RSSI: -46, 2, 1640049830 ,6397 
1641071581.109159 ### RSSI: -50, 2, 1640049830 ,6398 
1641071581.298468 ### DEBUG: Ticks: 6401, 16, 1 
1641071581.298571 1640049830 c0:98:e5:42:00:29 266 
1641071581.298855 -154 -154 -142 -116 -115 -114 -106 -105 -104 -100 -89 -89 -65 -62 -41 
1641071581.299018 -40 -39 -33 -24 -19 -11 -1 3 7 10 22 38 55 60 75 
1641071582.038622 ### RSSI: -46, 9, 1640049831 ,6412 
1641071582.104757 ### RSSI: -48, 12, 1640049831 ,6413 
1641071582.295478 ### DEBUG: Ticks: 6416, 15, 1 
1641071582.295811 1640049831 c0:98:e5:42:00:29 314 
1641071582.295975 -134 -120 -85 -75 -72 -67 -61 -60 -60 -42 -39 -15 -14 -11 -10 
1641071582.296122 -10 -6 5 16 16 25 36 48 62 64 68 85 88 102 121 
1641071583.033744 ### RSSI: -51, 28, 1640049832 ,6428 
1641071583.106012 ### RSSI: -48, 5, 1640049832 ,6429 
1641071583.296553 ### DEBUG: Ticks: 6432, 16, 1 
1641071583.296771 1640049832 c0:98:e5:42:00:29 270 
1641071583.296893 -263 -240 -219 -216 -208 -206 -203 -201 -201 -192 -179 -169 -167 -166 -151 
1641071583.297065 -149 -126 -126 -125 -122 -102 -101 -95 -88 -87 -75 -74 -59 -45 -40 
1641071584.034170 ### RSSI: -45, 12, 1640049833 ,6444 
1641071584.111172 ### RSSI: -48, 17, 1640049833 ,6445 
1641071584.294558 ### ERROR: Failed reading SquarePoint packet length
1641071585.035137 ### RSSI: -55, 7, 1640049834 ,6459 
1641071585.101433 ### RSSI: -50, 30, 1640049834 ,6460 
1641071586.038901 ### RSSI: -45, 8, 1640049835 ,6475 
1641071586.073620 ### INFO: Device is now IN MOTION
1641071586.107594 ### RSSI: -49, 4, 1640049835 ,6476 
1641071586.292320 ### DEBUG: Ticks: 6479, 47, 1 
1641071586.292611 1640049835 c0:98:e5:42:00:29 286 
1641071586.292826 -150 -142 -121 -114 -103 -101 -101 -97 -96 -95 -82 -78 -76 -70 -63 
1641071586.293015 -50 -31 -27 -27 -19 -16 -6 -6 1 8 10 23 29 30 213 
1641071587.032590 ### RSSI: -49, 8, 1640049836 ,6490 
1641071587.110760 ### RSSI: -47, 31, 1640049836 ,6492 
1641071587.295230 ### DEBUG: Ticks: 6494, 15, 1 
1641071587.295844 1640049836 c0:98:e5:42:00:29 262 
1641071587.296033 -130 -122 -107 -84 -71 -60 -58 -56 -50 -43 -38 -34 -31 -30 -18 
1641071587.296209 -17 -17 -4 -3 0 4 5 34 39 52 73 74 89 114 144 
1641071588.035728 ### RSSI: -45, 32, 1640049837 ,6506 
1641071588.102900 ### RSSI: -47, 18, 1640049837 ,6507 
1641071588.295904 ### DEBUG: Ticks: 6510, 16, 1 
1641071588.296177 1640049837 c0:98:e5:42:00:29 283 
1641071588.296359 -244 -244 -235 -199 -194 -193 -182 -179 -173 -172 -168 -166 -160 -159 -153 
1641071588.296570 -152 -150 -149 -143 -141 -134 -128 -128 -104 -101 -85 -13 44 190 204 
1641071589.031876 ### RSSI: -48, 20, 1640049837 ,6522 
1641071589.109939 ### RSSI: -48, 26, 1640049837 ,6523 
1641071589.291631 ### DEBUG: Ticks: 6526, 16, 1 
1641071589.291889 1640049838 c0:98:e5:42:00:29 339 
1641071589.292075 -13 -12 -10 -3 0 4 5 5 11 18 36 42 49 63 69 
1641071589.292263 72 74 80 82 83 90 92 95 103 114 115 149 152 170 183 
1641071590.037736 ### RSSI: -52, 3, 1640049838 ,6537 
1641071590.105372 ### RSSI: -59, 19, 1640049838 ,6538 
1641071590.295003 ### DEBUG: Ticks: 6541, 15, 1 
1641071590.295200 1640049839 c0:98:e5:42:00:29 742 
1641071590.295308 287 307 334 337 344 348 355 355 366 378 381 382 394 402 409 
1641071590.295421 417 417 418 423 424 430 435 436 438 440 444 464 480 499 584 
1641071591.038719 ### RSSI: -56, 18, 1640049839 ,6553 
1641071591.104941 ### RSSI: -60, 23, 1640049839 ,6554 
1641071591.297462 ### DEBUG: Ticks: 6557, 16, 1 
1641071591.297733 1640049840 c0:98:e5:42:00:29 1612 
1641071591.297896 1164 1189 1194 1203 1205 1207 1209 1210 1214 1227 1229 1237 1240 1240 1244 
1641071591.298055 1252 1256 1261 1262 1265 1267 1270 1302 1309 1310 1311 1317 1325 1437 1482 
1641071592.040998 ### RSSI: -59, 1, 1640049840 ,6569 
1641071592.107223 ### RSSI: -62, 20, 1640049841 ,6570 
1641071592.300069 ### DEBUG: Ticks: 6573, 16, 1 
1641071592.300273 1640049841 c0:98:e5:42:00:29 2648 
1641071592.300418 2176 2178 2186 2199 2201 2218 2223 2246 2254 2257 2261 2263 2263 2263 2264 
1641071592.301137 2271 2274 2278 2282 2288 2293 2294 2310 2311 2319 2322 2324 2356 2447 2512 
1641071593.041503 ### RSSI: -63, 35, 1640049841 ,6584 
1641071593.108530 ### RSSI: -60, 9, 1640049842 ,6585 
1641071593.293144 ### DEBUG: Ticks: 6588, 15, 1 
1641071593.293393 1640049842 c0:98:e5:42:00:29 3803 
1641071593.293556 3272 3339 3349 3358 3367 3371 3378 3390 3395 3397 3404 3408 3408 3415 3430 
1641071593.293722 3430 3431 3433 3434 3461 3473 3474 3481 3491 3491 3499 3503 3507 3588 3613 
1641071594.033606 ### RSSI: -62, 21, 1640049843 ,6600 
1641071594.101752 ### RSSI: -67, 22, 1640049843 ,6601 
1641071594.293991 ### ERROR: Failed reading SquarePoint packet length
1641071596.293819 ### ERROR: Failed reading SquarePoint packet length
1641071598.135645 ### BLE EVENT: 17, INFO: BLE DISCONNECTED!
1641071598.204378 ### BLE EVENT: 17, INFO: BLE DISCONNECTED!
1641071598.294603 ### ERROR: Failed reading SquarePoint packet length
1641071599.231103 ### INFO: SquarePoint communications appear to be down...restarting
1641071599.231417 ### INFO: Switched Scheduler EUI from c0:98:e5:42:00:2c to 00:00:00:00:00:00
1641071599.549365 ### INFO: SD card flushed!
1641071599.549592 ### STOPPED, setting module to STOPPED
1641071599.549747 ### DEBUG: BLE START SCANNING called
1641071600.660724 ### addr: c0:98:e5:42:00:29 
1641071600.660976 ### on_adv_report outer RSSI: -88, time:1640049849 
1641071600.661144 ### INFO: Discovered new device: c0:98:e5:42:00:29
1641071600.661324 ### INFO: Switched Scheduler EUI from 00:00:00:00:00:00 to c0:98:e5:42:00:2c
1641071600.661496 ### INFO: Starting the SquarePoint module...
1641071600.661781 ### INFO: Starting SquarePoint module as SCHEDULER with timestamp 1640049849
1641071600.661939 ### DEBUG: BLE STOP SCANNING called
1641071600.662099 ### INFO: SquarePoint module successfully started!
1641071600.781709 ### DEBUG: Ticks: 6705, 117, 0 
1641071601.882037 1640049850 ### DEBUG: Ticks: 6722, 17, 0 
1641071601.882346 1640049851 c0:98:e5:42:00:29 4619 
1641071601.882578 4476 4520 4532 4535 4558 4559 4569 4570 4571 4578 4586 4588 4597 4617 4619 
1641071601.882796 4620 4636 4640 4646 4649 4659 4662 4664 4665 4666 4667 4672 4684 4687 4702 
1641071602.890392 ### DEBUG: Ticks: 6738, 16, 0 
1641071602.890688 1640049852 c0:98:e5:42:00:29 4922 
1641071602.890907 4494 4495 4496 4502 4505 4506 4509 4511 4512 4524 4525 4526 4530 4556 4564 
1641071602.891096 4567 4569 4585 4588 4594 4598 4600 4604 4605 4608 4613 4624 4628 4634 4637 
1641071603.889498 ### DEBUG: Ticks: 6754, 16, 0 
1641071603.889803 1640049853 c0:98:e5:42:00:29 -2147483647 
1641071603.890136 -2147483647 -2147483647 -2147483647 -2147483647 -2147483647 -2147483647 -2147483647 -2147483647 -2147483647 -2147483647 -2147483647 -2147483647 -2147483647 -2147483647 -2147483647 
1641071603.890889 -2147483647 -2147483647 -2147483647 -2147483647 -2147483647 -2147483647 -2147483647 -2147483647 -2147483647 -2147483647 -2147483647 -2147483647 -2147483647 -2147483647 -2147483647 
1641071604.885352 ### DEBUG: Ticks: 6769, 15, 0 
1641071604.885700 1640049854 c0:98:e5:42:00:29 -2147483647 
1641071604.886089 -2147483647 -2147483647 -2147483647 -2147483647 -2147483647 -2147483647 -2147483647 -2147483647 -2147483647 -2147483647 -2147483647 -2147483647 -2147483647 -2147483647 -2147483647 
1641071604.886762 -2147483647 -2147483647 -2147483647 -2147483647 -2147483647 -2147483647 -2147483647 -2147483647 -2147483647 -2147483647 -2147483647 -2147483647 -2147483647 -2147483647 -2147483647 
1641071605.883653 ### DEBUG: Ticks: 6785, 16, 0 
1641071605.883937 1640049855 c0:98:e5:42:00:29 -2147483647 
1641071605.884452 -2147483647 -2147483647 -2147483647 -2147483647 -2147483647 -2147483647 -2147483647 -2147483647 -2147483647 -2147483647 -2147483647 -2147483647 -2147483647 -2147483647 -2147483647 
1641071605.896923 -2147483647 -2147483647 -2147483647 -2147483647 -2147483647 -2147483647 -2147483647 -2147483647 -2147483647 -2147483647 -2147483647 -2147483647 -2147483647 -2147483647 -2147483647 
1641071606.889641 ### DEBUG: Ticks: 6800, 15, 0 
1641071606.889938 1640049856 c0:98:e5:42:00:29 -2147483647 
1641071606.890158 -2147483647 -2147483647 -2147483647 -2147483647 -2147483647 -2147483647 -2147483647 -2147483647 -2147483647 -2147483647 -2147483647 -2147483647 -2147483647 -2147483647 -2147483647 
1641071606.890556 -2147483647 -2147483647 -2147483647 -2147483647 -2147483647 -2147483647 -2147483647 -2147483647 -2147483647 -2147483647 -2147483647 -2147483647 -2147483647 -2147483647 -2147483647 
1641071607.883789 ### DEBUG: Ticks: 6816, 16, 0 
1641071607.884082 1640049857 c0:98:e5:42:00:29 -2147483647 
1641071607.884279 -2147483647 -2147483647 -2147483647 -2147483647 -2147483647 -2147483647 -2147483647 -2147483647 -2147483647 -2147483647 -2147483647 -2147483647 -2147483647 -2147483647 -2147483647 
1641071607.896268 -2147483647 -2147483647 -2147483647 -2147483647 -2147483647 -2147483647 -2147483647 -2147483647 -2147483647 -2147483647 -2147483647 -2147483647 -2147483647 -2147483647 -2147483647 
1641071608.886923 ### DEBUG: Ticks: 6832, 16, 0 
1641071608.887220 1640049858 c0:98:e5:42:00:29 -2147483647 
1641071608.887470 -2147483647 -2147483647 -2147483647 -2147483647 -2147483647 -2147483647 -2147483647 -2147483647 -2147483647 -2147483647 -2147483647 -2147483647 -2147483647 -2147483647 -2147483647 
1641071608.889132 -2147483647 -2147483647 -2147483647 -2147483647 -2147483647 -2147483647 -2147483647 -2147483647 -2147483647 -2147483647 -2147483647 -2147483647 -2147483647 -2147483647 -2147483647 
1641071608.990674 ### STOPPED, setting module to STOPPED
1641071608.990971 ### INFO: Switched Scheduler EUI from c0:98:e5:42:00:2c to 00:00:00:00:00:00
1641071609.102877 ### INFO: SD card flushed!
1641071609.103174 ### DEBUG: BLE START SCANNING called
1641071612.231379 
1641071612.231746 ----------------------------------------------
1641071612.231927 ### WARNING: Chip experienced a reset with reason 6
1641071612.232113 ### INFO: Bluetooth address: c0:98:e5:42:00:2c
1641071612.232285 ### DEBUG: Time is 00:00:00, 2000/00/00
1641071612.232457 ### INFO: Time is 00:00:00, 2000/00/00
1641071612.232640 ### INFO: Initializing SD Card...
1641071614.974896 ### INFO: Connecting to the SquarePoint module...
1641071615.074548 ### ERROR: Failed reading SquarePoint packet length
1641071615.186552 ### ERROR: SquarePoint module connection unsuccessful!
1641071615.230957 ### INFO: Connecting to the SquarePoint module...
1641071615.231242 ### INFO: SquarePoint module connection successful
1641071615.231378 ### INFO: Battery voltage currently 4186 mV
1641071615.286125 ### INFO: SD card flushed!
1641071615.311445 ### INFO: SD card flushed!
1641071615.321826 ### DEBUG: BLE START SCANNING called
1641071616.406090 ### addr: c0:98:e5:42:00:29 
1641071616.406342 ### on_adv_report outer RSSI: -61, time:1640049420 
1641071616.406537 ### INFO: Discovered new device: c0:98:e5:42:00:29
1641071616.406688 ### INFO: Starting the SquarePoint module...
1641071616.406830 ### INFO: Starting SquarePoint module as SCHEDULER with timestamp 1640049420
1641071616.406970 ### DEBUG: BLE STOP SCANNING called
1641071616.407125 ### INFO: SquarePoint module successfully started!
1641071616.531286 ### DEBUG: Ticks: 82, 82, 0 
1641071616.531603 1640049421 ### INFO: Switched Scheduler EUI from 00:00:00:00:00:00 to c0:98:e5:42:00:2c
1641071617.543320 ### DEBUG: Ticks: 98, 16, 0 
1641071618.631858 1640049422 ### DEBUG: Ticks: 115, 17, 0 
1641071618.632137 1640049423 c0:98:e5:42:00:29 1109 
1641071618.642279 1038 1048 1053 1057 1076 1080 1083 1091 1093 1093 1097 1100 1101 1104 1107 
1641071618.642564 1111 1112 1117 1119 1122 1134 1169 1172 1174 1189 1197 1201 1204 1218 1235 
1641071619.633380 ### DEBUG: Ticks: 131, 16, 0 
1641071619.633661 1640049424 c0:98:e5:42:00:29 1619 
1641071619.633853 1133 1141 1158 1168 1176 1185 1194 1200 1202 1212 1221 1221 1222 1226 1226 
1641071619.634071 1233 1237 1242 1253 1258 1260 1284 1293 1296 1297 1312 1314 1331 1332 1336 
1641071620.638144 ### DEBUG: Ticks: 146, 15, 0 
1641071620.638436 1640049425 c0:98:e5:42:00:29 1476 
1641071620.638627 1025 1070 1090 1093 1109 1110 1113 1115 1115 1119 1123 1131 1137 1140 1143 
1641071620.638863 1144 1149 1153 1158 1179 1198 1206 1207 1210 1223 1223 1224 1230 1244 1389 
1641071621.638926 ### DEBUG: Ticks: 162, 16, 0 
1641071621.639192 1640049426 c0:98:e5:42:00:29 1510 
1641071621.639347 1126 1132 1140 1153 1162 1164 1166 1169 1173 1181 1192 1201 1205 1219 1231 
1641071621.639601 1237 1241 1246 1252 1268 1287 1319 1338 1364 1364 1365 1374 1377 1386 1429 
1641071622.636550 ### DEBUG: Ticks: 178, 16, 0 
1641071622.636796 1640049427 c0:98:e5:42:00:29 1504 
1641071622.636960 906 989 990 1001 1014 1024 1032 1059 1071 1075 1076 1079 1087 1098 1107 
1641071622.637122 1111 1113 1114 1127 1135 1137 1165 1191 1192 1198 1206 1208 1213 1227 1230 
1641071623.637742 ### DEBUG: Ticks: 193, 15, 0 
1641071623.638014 1640049428 c0:98:e5:42:00:29 1779 
1641071623.638177 1284 1308 1320 1333 1348 1355 1362 1363 1368 1372 1384 1386 1387 1388 1398 
1641071623.638339 1400 1414 1416 1417 1434 1446 1460 1467 1472 1475 1475 1486 1490 1571 1753 
1641071624.633185 ### DEBUG: Ticks: 209, 16, 0 
1641071624.633477 1640049429 c0:98:e5:42:00:29 1612 
1641071624.633641 1069 1113 1125 1144 1154 1157 1165 1166 1166 1170 1174 1177 1178 1197 1207 
1641071624.633801 1208 1209 1216 1217 1243 1256 1259 1270 1277 1289 1295 1311 1314 1378 1432 
1641071625.638427 ### DEBUG: Ticks: 224, 15, 0 
1641071625.638703 1640049430 c0:98:e5:42:00:29 1740 
1641071625.638868 1302 1306 1325 1327 1331 1341 1341 1347 1363 1372 1377 1380 1381 1397 1399 
1641071625.639051 1400 1409 1410 1410 1412 1425 1431 1434 1436 1441 1455 1537 1570 1610 1666 
1641071626.640969 ### DEBUG: Ticks: 240, 16, 0 
1641071626.641252 1640049431 c0:98:e5:42:00:29 1997 
1641071626.641444 1613 1630 1644 1645 1651 1658 1669 1685 1687 1687 1700 1700 1701 1702 1711 
1641071626.641630 1723 1727 1731 1732 1734 1735 1750 1752 1758 1769 1771 1780 1780 1828 1832 
1641071627.632272 ### DEBUG: Ticks: 256, 16, 0 
1641071627.632556 1640049432 c0:98:e5:42:00:29 2574 
1641071627.632750 2176 2184 2194 2195 2204 2208 2212 2222 2241 2241 2245 2246 2254 2256 2265 
1641071627.632935 2265 2271 2276 2279 2285 2293 2296 2305 2308 2312 2314 2318 2323 2331 2430 
1641071628.639217 ### DEBUG: Ticks: 271, 15, 0 
1641071628.639500 1640049433 c0:98:e5:42:00:29 3473 
1641071628.639791 3046 3059 3069 3080 3082 3088 3114 3119 3136 3143 3144 3146 3148 3164 3165 
1641071628.639981 3170 3172 3172 3180 3181 3182 3183 3185 3190 3196 3213 3220 3222 3247 3340 
1641071629.635210 ### DEBUG: Ticks: 287, 16, 0 
1641071629.635471 1640049434 c0:98:e5:42:00:29 4170 
1641071629.635686 3717 3728 3764 3772 3779 3780 3790 3792 3795 3800 3806 3813 3814 3825 3833 
1641071629.635829 3842 3849 3852 3857 3858 3859 3873 3873 3876 3879 3890 3899 3923 3931 3970 
1641071632.344322 ### DEBUG: Ticks: 303, 16, 0 
1641071632.344572 1640049435 c0:98:e5:42:00:29 4829 
1641071632.344738 4434 4466 4467 4483 4489 4491 4499 4502 4506 4511 4515 4516 4522 4522 4533 
1641071632.344897 4536 4537 4540 4541 4548 4558 4559 4560 4561 4566 4567 4573 4577 4587 4594 
1641071632.345055 ### DEBUG: Ticks: 318, 15, 0 
1641071632.345204 1640049436 c0:98:e5:42:00:29 5483 
1641071632.345363 4980 4988 5017 5034 5051 5051 5064 5082 5083 5085 5090 5092 5102 5105 5113 
1641071632.345525 5117 5128 5137 5145 5148 5161 5164 5176 5188 5209 5212 5240 5242 5255 5289 
1641071632.634760 ### DEBUG: Ticks: 334, 16, 0 
1641071633.635981 1640049437 ### DEBUG: Ticks: 349, 15, 0 
1641071634.634657 1640049438 ### DEBUG: Ticks: 365, 16, 0 
1641071635.633581 1640049439 ### DEBUG: Ticks: 381, 16, 0 
1641071636.627043 1640049440 ### DEBUG: Ticks: 396, 15, 0 
1641071636.740184 1640049441 ### STOPPED, setting module to STOPPED
1641071636.740436 ### INFO: Switched Scheduler EUI from c0:98:e5:42:00:2c to 00:00:00:00:00:00
1641071636.887338 ### INFO: SD card flushed!
1641071636.887685 ### DEBUG: BLE START SCANNING called
1641071637.998395 ### DEBUG: BLE START SCANNING called
1641071638.045939 ### addr: c0:98:e5:42:00:29 
1641071638.047429 ### on_adv_report outer RSSI: -86, time:1640049442 
1641071638.047770 ### INFO: Discovered new device: c0:98:e5:42:00:29
1641071638.047963 ### INFO: Starting the SquarePoint module...
1641071638.048149 ### INFO: Starting SquarePoint module as SCHEDULER with timestamp 1640049442
1641071638.048334 ### DEBUG: BLE STOP SCANNING called
1641071638.048532 ### INFO: SquarePoint module successfully started!
1641071638.171858 ### DEBUG: Ticks: 420, 24, 0 
1641071638.172138 1640049443 ### INFO: Switched Scheduler EUI from 00:00:00:00:00:00 to c0:98:e5:42:00:2c
1641071639.270272 ### DEBUG: Ticks: 437, 17, 0 
1641071639.270634 1640049444 c0:98:e5:42:00:29 4523 
1641071639.270862 4455 4462 4467 4467 4468 4470 4478 4485 4496 4501 4507 4508 4517 4517 4520 
1641071639.271347 4527 4533 4538 4541 4545 4549 4553 4579 4591 4591 4605 4613 4665 4716 4732 
1641071640.272633 ### DEBUG: Ticks: 453, 16, 0 
1641071640.272858 1640049445 c0:98:e5:42:00:29 4934 
1641071640.273003 4384 4442 4475 4494 4501 4506 4510 4512 4512 4516 4520 4524 4531 4541 4545 
1641071640.273318 4547 4550 4550 4557 4558 4558 4560 4565 4582 4587 4591 4603 4605 4678 4713 
1641071641.267429 ### DEBUG: Ticks: 469, 16, 0 
1641071641.268410 1640049446 c0:98:e5:42:00:29 4865 
1641071641.268630 4395 4421 4422 4424 4428 4430 4431 4438 4441 4442 4445 4460 4465 4468 4490 
1641071641.268818 4502 4506 4507 4512 4513 4517 4519 4521 4546 4548 4552 4555 4560 4565 4575 
1641071642.268390 ### DEBUG: Ticks: 484, 15, 0 
1641071642.268626 1640049447 c0:98:e5:42:00:29 4686 
1641071642.268761 4238 4239 4283 4283 4284 4285 4287 4305 4306 4307 4311 4326 4329 4341 4345 
1641071642.268902 4351 4361 4370 4377 4377 4380 4381 4390 4391 4398 4407 4408 4424 4466 4517 
1641071643.271013 ### DEBUG: Ticks: 500, 16, 0 
1641071643.271211 1640049448 c0:98:e5:42:00:29 4348 
1641071643.271330 3969 3986 4009 4013 4014 4017 4022 4040 4049 4056 4065 4066 4069 4071 4086 
1641071643.271459 4099 4103 4115 4118 4121 4122 4138 4140 4146 4159 4160 4166 4184 4195 4233 
1641071646.600146 
1641071646.600409 ----------------------------------------------
1641071646.600579 ### WARNING: Chip experienced a reset with reason 6
1641071646.600745 ### INFO: Bluetooth address: c0:98:e5:42:00:2c
1641071646.600927 ### DEBUG: Time is 00:00:00, 2000/00/00
1641071646.601098 ### INFO: Time is 00:00:00, 2000/00/00
1641071646.601249 ### INFO: Initializing SD Card...
1641071648.967813 ### INFO: Connecting to the SquarePoint module...
1641071648.968058 ### INFO: SquarePoint module connection successful
1641071648.980584 ### INFO: Battery voltage currently 4170 mV
1641071649.113831 ### INFO: SD card flushed!
1641071649.170101 ### INFO: SD card flushed!
1641071649.171209 ### DEBUG: BLE START SCANNING called
1641071649.273737 ### DEBUG: Ticks: 62, 62, 0 
1641071649.273986 1640049454 ### INFO: Switched Scheduler EUI from 00:00:00:00:00:00 to c0:98:e5:42:00:2c
1641071649.274151 ### DEBUG: BLE STOP SCANNING called
1641071649.973682 ### DEBUG: BLE START SCANNING called
1641071650.272162 ### DEBUG: Ticks: 78, 16, 0 
1641071651.094402 1640049455 ### DEBUG: BLE START SCANNING called
1641071651.094590 ### addr: c0:98:e5:42:00:29 
1641071651.094699 ### on_adv_report outer RSSI: -59, time:1640049456 
1641071651.094811 ### INFO: Discovered new device: c0:98:e5:42:00:29
1641071651.094915 ### DEBUG: connected? already connected
1641071651.095018 ### DEBUG: BLE START SCANNING called
1641071651.142071 ### BLE EVENT: 16, INFO: BLE CONNECTED!
1641071651.142295 ### DEBUG: BLE START SCANNING called
1641071651.153716 ### RSSI: -59, 14, 1640049456 ,92 
1641071651.153984 ### DEBUG: BLE START SCANNING called
1641071651.242520 ### RSSI: -61, 13, 1640049456 ,93 
1641071651.253503 ### DEBUG: BLE START SCANNING called
1641071651.265346 ### DEBUG: Ticks: 94, 16, 1 
1641071651.266689 1640049456 ### DEBUG: BLE START SCANNING called
1641071651.354581 ### RSSI: -60, 4, 1640049456 ,95 
1641071651.354807 ### DEBUG: BLE START SCANNING called
1641071651.444264 ### RSSI: -58, 28, 1640049456 ,96 
1641071651.444482 ### DEBUG: BLE START SCANNING called
1641071651.546743 ### RSSI: -61, 21, 1640049456 ,98 
1641071651.546982 ### DEBUG: BLE START SCANNING called
1641071651.648549 ### RSSI: -58, 20, 1640049456 ,100 
1641071651.648828 ### DEBUG: BLE START SCANNING called
1641071651.747316 ### RSSI: -58, 1, 1640049456 ,101 
1641071651.747608 ### DEBUG: BLE START SCANNING called
1641071651.848568 ### RSSI: -61, 12, 1640049456 ,103 
1641071651.848819 ### DEBUG: BLE START SCANNING called
1641071651.949238 ### RSSI: -60, 1, 1640049456 ,104 
1641071651.949463 ### DEBUG: BLE START SCANNING called
1641071651.972489 ### DEBUG: BLE START SCANNING called
1641071652.052013 ### RSSI: -65, 20, 1640049457 ,106 
1641071652.052761 ### DEBUG: BLE START SCANNING called
1641071652.149351 ### RSSI: -64, 20, 1640049457 ,107 
1641071652.149580 ### DEBUG: BLE START SCANNING called
1641071652.249395 ### RSSI: -65, 36, 1640049457 ,109 
1641071652.249613 ### DEBUG: BLE START SCANNING called
1641071652.272918 ### DEBUG: Ticks: 109, 15, 1 
1641071652.273087 1640049457 ### DEBUG: BLE START SCANNING called
1641071652.352692 ### RSSI: -63, 5, 1640049457 ,111 
1641071652.352900 ### DEBUG: BLE START SCANNING called
1641071652.454332 ### RSSI: -62, 19, 1640049457 ,112 
1641071652.454591 ### DEBUG: BLE START SCANNING called
1641071652.544792 ### RSSI: -62, 22, 1640049457 ,114 
1641071652.545089 ### DEBUG: BLE START SCANNING called
1641071652.646617 ### RSSI: -62, 15, 1640049457 ,115 
1641071652.646821 ### DEBUG: BLE START SCANNING called
1641071652.750776 ### RSSI: -65, 20, 1640049457 ,117 
1641071652.751004 ### DEBUG: BLE START SCANNING called
1641071652.974484 ### DEBUG: BLE START SCANNING called
1641071653.266120 ### DEBUG: Ticks: 125, 16, 1 
1641071653.266306 1640049458 ### DEBUG: BLE START SCANNING called
1641071653.393993 ### STOPPED, setting module to STOPPED
1641071653.394289 ### INFO: Switched Scheduler EUI from c0:98:e5:42:00:2c to 00:00:00:00:00:00
1641071653.481240 ### INFO: SD card flushed!
1641071653.481466 ### INFO: Starting the SquarePoint module...
1641071653.481611 ### INFO: Starting SquarePoint module as SCHEDULER with timestamp 1640049458
1641071653.481776 ### DEBUG: BLE STOP SCANNING called
1641071653.481906 ### INFO: SquarePoint module successfully started!
1641071653.605600 ### DEBUG: Ticks: 130, 5, 1 
1641071653.605883 1640049459 ### INFO: Switched Scheduler EUI from 00:00:00:00:00:00 to c0:98:e5:42:00:2c
1641071653.749805 ### RSSI: -64, 6, 1640049459 ,132 
1641071654.713926 ### DEBUG: Ticks: 147, 17, 1 
1641071654.714250 1640049460 c0:98:e5:42:00:29 1492 
1641071654.714441 1417 1425 1425 1439 1443 1458 1460 1461 1462 1470 1470 1471 1476 1476 1488 
1641071654.714630 1496 1506 1509 1514 1514 1518 1530 1536 1563 1565 1570 1575 1613 1628 1684 
1641071654.748706 ### RSSI: -62, 27, 1640049460 ,148 
1641071655.709308 ### DEBUG: Ticks: 163, 16, 1 
1641071655.709559 1640049461 c0:98:e5:42:00:29 1737 
1641071655.709722 1225 1228 1228 1235 1243 1248 1256 1261 1265 1270 1272 1272 1274 1280 1290 
1641071655.709881 1293 1316 1318 1320 1325 1337 1354 1355 1370 1373 1377 1390 1400 1406 1412 
1641071655.742860 ### RSSI: -72, 8, 1640049461 ,164 
1641071656.705961 ### DEBUG: Ticks: 179, 16, 1 
1641071656.706192 1640049462 c0:98:e5:42:00:29 1741 
1641071656.706341 1274 1301 1302 1319 1327 1337 1345 1350 1374 1380 1384 1387 1390 1400 1401 
1641071656.706482 1404 1407 1412 1422 1438 1443 1449 1452 1461 1463 1477 1483 1490 1526 1547 
1641071656.751650 ### RSSI: -68, 17, 1640049462 ,179 
1641071657.705525 ### DEBUG: Ticks: 194, 15, 1 
1641071658.701378 1640049463 ### DEBUG: Ticks: 210, 16, 1 
1641071659.698835 1640049464 ### DEBUG: Ticks: 225, 15, 1 
1641071660.708428 1640049465 ### DEBUG: Ticks: 241, 16, 1 
1641071660.845717 1640049466 ### BLE EVENT: 17, INFO: BLE DISCONNECTED!
1641071661.706286 ### DEBUG: Ticks: 257, 16, 0 
1641071661.828677 1640049467 ### STOPPED, setting module to STOPPED
1641071661.828944 ### INFO: Switched Scheduler EUI from c0:98:e5:42:00:2c to 00:00:00:00:00:00
1641071661.906698 ### INFO: SD card flushed!
1641071661.906889 ### DEBUG: BLE START SCANNING called
1641071662.999173 ### DEBUG: BLE START SCANNING called
1641071663.010822 ### addr: c0:98:e5:42:00:29 
1641071663.011058 ### on_adv_report outer RSSI: -60, time:1640049468 
1641071663.011224 ### INFO: Discovered new device: c0:98:e5:42:00:29
1641071663.025813 ### INFO: Switched Scheduler EUI from 00:00:00:00:00:00 to c0:98:e5:42:00:2c
1641071663.026691 ### INFO: Starting the SquarePoint module...
1641071663.026908 ### ERROR: Unable to communicate with the SquarePoint module
1641071663.027071 ### DEBUG: connected? already connected
1641071663.027220 ### DEBUG: BLE START SCANNING called
1641071663.082900 ### BLE EVENT: 16, INFO: BLE CONNECTED!
1641071663.083105 ### INFO: Starting the SquarePoint module...
1641071663.083243 ### RSSI: -59, 14, 1640049468 ,278 
1641071663.175255 ### RSSI: -61, 28, 1640049468 ,280 
1641071663.198127 ### ERROR: Unable to communicate with the SquarePoint module
1641071663.198331 ### DEBUG: BLE START SCANNING called
1641071663.198469 ### INFO: Starting the SquarePoint module...
1641071673.876571 
1641071673.876834 ----------------------------------------------
1641071673.877652 ### WARNING: Chip experienced a reset with reason 1
1641071673.877819 ### INFO: Bluetooth address: c0:98:e5:42:00:2c
1641071673.878057 ### DEBUG: Time is 00:00:00, 2000/00/00
1641071673.878208 ### INFO: Time is 00:00:00, 2000/00/00
1641071673.878355 ### INFO: Initializing SD Card...
1641071674.710299 ### INFO: Connecting to the SquarePoint module...
1641071674.710502 ### INFO: SquarePoint module connection successful
1641071674.710656 ### INFO: Battery voltage currently 4131 mV
1641071674.765131 ### INFO: SD card flushed!
1641071674.788373 ### INFO: SD card flushed!
1641071674.788581 ### DEBUG: BLE START SCANNING called
1641071675.365749 ### DEBUG: Ticks: 67, 67, 0 
1641071675.366036 1640049428 c0:98:e5:42:00:29 4949 
1641071675.366244 4489 4500 4508 4514 4517 4517 4528 4531 4537 4541 4542 4543 4545 4547 4548 
1641071675.366432 4557 4561 4563 4570 4572 4586 4593 4598 4610 4613 4619 4627 4632 4635 4642 
1641071675.366934 ### INFO: Switched Scheduler EUI from 00:00:00:00:00:00 to c0:98:e5:42:00:2c
1641071675.367157 ### DEBUG: BLE STOP SCANNING called
1641071675.703761 ### DEBUG: BLE START SCANNING called
1641071675.715253 ### addr: c0:98:e5:42:00:29 
1641071675.727927 ### on_adv_report outer RSSI: -67, time:1640049428 
1641071675.728187 ### INFO: Discovered new device: c0:98:e5:42:00:29
1641071675.728341 ### DEBUG: connected? already connected
1641071675.728498 ### DEBUG: BLE START SCANNING called
1641071675.774426 ### BLE EVENT: 16, INFO: BLE CONNECTED!
1641071675.774672 ### DEBUG: BLE START SCANNING called
1641071675.774826 ### RSSI: -67, 20, 1640049428 ,74 
1641071675.774984 ### DEBUG: BLE START SCANNING called
1641071675.876215 ### RSSI: -73, 15, 1640049429 ,75 
1641071675.876442 ### DEBUG: BLE START SCANNING called
1641071675.977408 ### RSSI: -67, 30, 1640049429 ,77 
1641071675.977724 ### DEBUG: BLE START SCANNING called
1641071676.078259 ### RSSI: -73, 3, 1640049429 ,78 
1641071676.078547 ### DEBUG: BLE START SCANNING called
1641071676.179717 ### RSSI: -65, 19, 1640049429 ,80 
1641071676.179967 ### DEBUG: BLE START SCANNING called
1641071676.279261 ### RSSI: -67, 18, 1640049429 ,81 
1641071676.279543 ### DEBUG: BLE START SCANNING called
1641071676.357759 ### DEBUG: Ticks: 83, 16, 1 
1641071676.357953 1640049429 ### DEBUG: BLE START SCANNING called
1641071676.380827 ### RSSI: -77, 6, 1640049429 ,83 
1641071676.381026 ### DEBUG: BLE START SCANNING called
1641071676.472663 ### RSSI: -68, 12, 1640049429 ,85 
1641071676.472884 ### DEBUG: BLE START SCANNING called
1641071676.572772 ### RSSI: -82, 1, 1640049429 ,86 
1641071676.573030 ### DEBUG: BLE START SCANNING called
1641071676.675081 ### RSSI: -68, 17, 1640049429 ,88 
1641071676.675252 ### DEBUG: BLE START SCANNING called
1641071676.707858 ### DEBUG: BLE START SCANNING called
1641071676.777784 ### RSSI: -71, 34, 1640049429 ,89 
1641071676.778015 ### DEBUG: BLE START SCANNING called
1641071676.879992 ### RSSI: -70, 23, 1640049430 ,91 
1641071676.880227 ### DEBUG: BLE START SCANNING called
1641071676.972451 ### RSSI: -81, 23, 1640049430 ,92 
1641071676.972744 ### DEBUG: BLE START SCANNING called
1641071677.180020 ### RSSI: -77, 30, 1640049430 ,96 
1641071677.180275 ### DEBUG: BLE START SCANNING called
1641071677.280970 ### RSSI: -84, 30, 1640049430 ,97 
1641071677.281237 ### DEBUG: BLE START SCANNING called
1641071677.360840 ### DEBUG: Ticks: 98, 15, 1 
1641071677.361128 1640049430 ### DEBUG: BLE START SCANNING called
1641071677.473713 ### RSSI: -73, 36, 1640049430 ,100 
1641071677.473956 ### DEBUG: BLE START SCANNING called
1641071677.575195 ### RSSI: -69, 5, 1640049430 ,102 
1641071677.575448 ### DEBUG: BLE START SCANNING called
1641071677.708460 ### DEBUG: BLE START SCANNING called
1641071678.355564 ### DEBUG: Ticks: 114, 16, 1 
1641071678.355826 1640049431 ### DEBUG: BLE START SCANNING called
1641071678.579898 ### RSSI: -68, 32, 1640049431 ,117 
1641071678.580187 ### DEBUG: BLE START SCANNING called
1641071678.707318 ### DEBUG: BLE START SCANNING called
1641071679.355031 ### DEBUG: Ticks: 130, 16, 1 
1641071679.355285 1640049432 ### DEBUG: BLE START SCANNING called
1641071679.571330 ### RSSI: -64, 9, 1640049432 ,133 
1641071679.571713 ### DEBUG: BLE START SCANNING called
1641071679.711469 ### DEBUG: BLE START SCANNING called
1641071680.358862 ### DEBUG: Ticks: 145, 15, 1 
1641071680.359075 1640049433 ### DEBUG: BLE START SCANNING called
1641071680.469588 ### STOPPED, setting module to STOPPED
1641071680.484247 ### INFO: Switched Scheduler EUI from c0:98:e5:42:00:2c to 00:00:00:00:00:00
1641071680.559353 ### INFO: SD card flushed!
1641071680.559723 ### INFO: Starting the SquarePoint module...
1641071680.559966 ### INFO: Starting SquarePoint module as SCHEDULER with timestamp 1640049433
1641071680.560140 ### DEBUG: BLE STOP SCANNING called
1641071680.560325 ### INFO: SquarePoint module successfully started!
1641071680.570280 ### RSSI: -74, 2, 1640049433 ,149 
1641071680.669726 ### RSSI: -78, 26, 1640049434 ,150 
1641071680.682743 ### DEBUG: Ticks: 150, 5, 1 
1641071680.683034 1640049434 ### INFO: Switched Scheduler EUI from 00:00:00:00:00:00 to c0:98:e5:42:00:2c
1641071681.677056 ### RSSI: -69, 29, 1640049435 ,166 
1641071681.691716 ### DEBUG: Ticks: 166, 16, 1 
1641071682.680896 1640049435 ### RSSI: -65, 8, 1640049436 ,181 
1641071682.689872 ### DEBUG: Ticks: 182, 16, 1 
1641071683.670786 1640049436 ### RSSI: -63, 5, 1640049437 ,197 
1641071683.785432 ### DEBUG: Ticks: 199, 17, 1 
1641071683.785704 1640049437 c0:98:e5:42:00:29 1167 
1641071683.785899 1101 1108 1111 1118 1120 1121 1131 1152 1153 1155 1156 1158 1160 1162 1165 
1641071683.786098 1170 1170 1176 1178 1179 1181 1183 1187 1196 1223 1225 1248 1266 1309 1337 
1641071684.784365 ### DEBUG: Ticks: 214, 15, 1 
1641071685.788180 1640049438 ### DEBUG: Ticks: 230, 16, 1 
1641071686.788840 1640049439 ### DEBUG: Ticks: 246, 16, 1 
1641071687.774671 1640049440 ### BLE EVENT: 17, INFO: BLE DISCONNECTED!
1641071687.786073 ### DEBUG: Ticks: 261, 15, 0 
1641071688.866820 1640049441 ### STOPPED, setting module to STOPPED
1641071688.867168 ### INFO: Switched Scheduler EUI from c0:98:e5:42:00:2c to 00:00:00:00:00:00
1641071688.933510 ### INFO: SD card flushed!
1641071688.933782 ### DEBUG: BLE START SCANNING called
1641071690.054977 ### addr: c0:98:e5:42:00:29 
1641071690.055317 ### on_adv_report outer RSSI: -64, time:1640049443 
1641071690.055595 ### INFO: Discovered new device: c0:98:e5:42:00:29
1641071690.055785 ### INFO: Starting the SquarePoint module...
1641071690.056006 ### INFO: Starting SquarePoint module as SCHEDULER with timestamp 1640049443
1641071690.056278 ### DEBUG: BLE STOP SCANNING called
1641071690.056478 ### INFO: SquarePoint module successfully started!
1641071690.179001 ### DEBUG: Ticks: 299, 38, 0 
1641071690.179285 1640049444 ### INFO: Switched Scheduler EUI from 00:00:00:00:00:00 to c0:98:e5:42:00:2c
1641071691.188213 ### DEBUG: Ticks: 314, 15, 0 
1641071692.281119 1640049445 ### DEBUG: Ticks: 331, 17, 0 
1641071692.281399 1640049446 c0:98:e5:42:00:29 1282 
1641071692.281630 1197 1205 1210 1224 1235 1239 1241 1242 1248 1259 1261 1262 1262 1272 1281 
1641071692.281817 1284 1284 1286 1302 1315 1321 1327 1355 1387 1397 1401 1403 1412 1414 1419 
1641071693.278633 ### DEBUG: Ticks: 347, 16, 0 
1641071693.280107 1640049447 c0:98:e5:42:00:29 1854 
1641071693.290342 1358 1365 1374 1387 1388 1404 1408 1410 1423 1427 1454 1458 1466 1469 1469 
1641071693.290566 1475 1476 1491 1509 1509 1518 1552 1571 1574 1576 1582 1610 1619 1621 1651 
1641071694.284884 ### DEBUG: Ticks: 363, 16, 0 
1641071694.285111 1640049448 c0:98:e5:42:00:29 2153 
1641071694.285288 1640 1661 1688 1691 1696 1706 1710 1736 1742 1745 1757 1760 1769 1792 1792 
1641071694.285430 1803 1803 1810 1831 1844 1855 1861 1874 1884 1884 1891 1908 1929 1941 1969 
1641071695.279060 ### DEBUG: Ticks: 378, 15, 0 
1641071695.279348 1640049449 c0:98:e5:42:00:29 2697 
1641071695.279658 2256 2261 2272 2276 2279 2288 2288 2297 2303 2311 2313 2315 2321 2321 2326 
1641071695.279887 2329 2337 2349 2350 2355 2357 2358 2362 2372 2391 2452 2453 2516 2545 2547 
1641071696.278056 ### DEBUG: Ticks: 394, 16, 0 
1641071696.278306 1640049450 c0:98:e5:42:00:29 3152 
1641071696.278471 2672 2705 2711 2726 2727 2734 2743 2751 2756 2761 2762 2769 2773 2783 2785 
1641071696.290929 2796 2804 2812 2820 2825 2854 2855 2868 2879 2882 2920 2923 2952 3011 3077 
1641071697.286176 ### DEBUG: Ticks: 410, 16, 0 
1641071697.286453 1640049451 c0:98:e5:42:00:29 3498 
1641071697.286619 3024 3042 3042 3059 3063 3067 3072 3073 3077 3078 3080 3094 3095 3095 3096 
1641071697.286778 3111 3114 3120 3125 3130 3132 3133 3147 3151 3155 3162 3164 3188 3258 3280 
1641071698.286476 ### DEBUG: Ticks: 425, 15, 0 
1641071698.286750 1640049452 c0:98:e5:42:00:29 3438 
1641071698.286984 3004 3013 3021 3025 3037 3054 3056 3068 3069 3069 3076 3082 3084 3086 3092 
1641071698.287182 3096 3110 3111 3113 3126 3133 3134 3136 3137 3140 3140 3141 3144 3167 3184 
1641071699.279998 ### DEBUG: Ticks: 441, 16, 0 
1641071699.280211 1640049453 c0:98:e5:42:00:29 3724 
1641071699.280332 3238 3293 3310 3317 3327 3335 3337 3342 3344 3357 3369 3380 3385 3391 3395 
1641071699.280456 3402 3405 3423 3433 3433 3445 3454 3460 3461 3474 3490 3493 3509 3617 3632 
1641071700.282026 ### DEBUG: Ticks: 456, 15, 0 
1641071700.282245 1640049454 c0:98:e5:42:00:29 4046 
1641071700.282381 3580 3596 3597 3615 3617 3634 3649 3650 3655 3655 3659 3660 3663 3668 3671 
1641071700.282526 3672 3678 3689 3702 3720 3720 3724 3727 3728 3751 3770 3771 3799 3844 3874 
1641071701.278798 ### DEBUG: Ticks: 472, 16, 0 
1641071701.279020 1640049455 c0:98:e5:42:00:29 4512 
1641071701.279163 4048 4062 4065 4073 4084 4087 4107 4112 4123 4124 4139 4142 4148 4152 4153 
1641071701.279303 4164 4165 4165 4167 4172 4182 4191 4194 4214 4216 4253 4258 4291 4334 4335 
1641071702.279429 ### DEBUG: Ticks: 488, 16, 0 
1641071702.279714 1640049456 c0:98:e5:42:00:29 5062 
1641071702.280531 4572 4578 4600 4605 4609 4618 4624 4626 4642 4658 4661 4662 4669 4671 4681 
1641071702.280675 4682 4687 4687 4698 4710 4712 4714 4716 4729 4775 4790 4801 4836 4867 4878 
1641071703.282204 ### DEBUG: Ticks: 503, 15, 0 
1641071703.282438 1640049457 c0:98:e5:42:00:29 -2147483647 
1641071703.282733 -2147483647 -2147483647 -2147483647 -2147483647 -2147483647 -2147483647 -2147483647 -2147483647 -2147483647 -2147483647 -2147483647 -2147483647 -2147483647 -2147483647 -2147483647 
1641071703.283343 -2147483647 -2147483647 -2147483647 -2147483647 -2147483647 -2147483647 -2147483647 -2147483647 -2147483647 -2147483647 -2147483647 -2147483647 -2147483647 -2147483647 -2147483647 
1641071704.286550 ### DEBUG: Ticks: 519, 16, 0 
1641071704.286776 1640049458 c0:98:e5:42:00:29 -2147483647 
1641071704.287124 -2147483647 -2147483647 -2147483647 -2147483647 -2147483647 -2147483647 -2147483647 -2147483647 -2147483647 -2147483647 -2147483647 -2147483647 -2147483647 -2147483647 -2147483647 
1641071704.288813 -2147483647 -2147483647 -2147483647 -2147483647 -2147483647 -2147483647 -2147483647 -2147483647 -2147483647 -2147483647 -2147483647 -2147483647 -2147483647 -2147483647 -2147483647 
1641071705.280501 ### DEBUG: Ticks: 535, 16, 0 
1641071705.282453 1640049459 c0:98:e5:42:00:29 -2147483647 
1641071705.291874 -2147483647 -2147483647 -2147483647 -2147483647 -2147483647 -2147483647 -2147483647 -2147483647 -2147483647 -2147483647 -2147483647 -2147483647 -2147483647 -2147483647 -2147483647 
1641071705.292339 -2147483647 -2147483647 -2147483647 -2147483647 -2147483647 -2147483647 -2147483647 -2147483647 -2147483647 -2147483647 -2147483647 -2147483647 -2147483647 -2147483647 -2147483647 
1641071706.283751 ### DEBUG: Ticks: 550, 15, 0 
1641071706.285824 1640049460 c0:98:e5:42:00:29 -2147483647 
1641071706.288026 -2147483647 -2147483647 -2147483647 -2147483647 -2147483647 -2147483647 -2147483647 -2147483647 -2147483647 -2147483647 -2147483647 -2147483647 -2147483647 -2147483647 -2147483647 
1641071706.296735 -2147483647 -2147483647 -2147483647 -2147483647 -2147483647 -2147483647 -2147483647 -2147483647 -2147483647 -2147483647 -2147483647 -2147483647 -2147483647 -2147483647 -2147483647 
1641071707.283703 ### DEBUG: Ticks: 566, 16, 0 
1641071707.283915 1640049461 c0:98:e5:42:00:29 -2147483647 
1641071707.284235 -2147483647 -2147483647 -2147483647 -2147483647 -2147483647 -2147483647 -2147483647 -2147483647 -2147483647 -2147483647 -2147483647 -2147483647 -2147483647 -2147483647 -2147483647 
1641071707.284735 -2147483647 -2147483647 -2147483647 -2147483647 -2147483647 -2147483647 -2147483647 -2147483647 -2147483647 -2147483647 -2147483647 -2147483647 -2147483647 -2147483647 -2147483647 
1641071707.373164 ### STOPPED, setting module to STOPPED
1641071707.373460 ### INFO: Switched Scheduler EUI from c0:98:e5:42:00:2c to 00:00:00:00:00:00
1641071707.558097 ### INFO: SD card flushed!
1641071707.560189 ### DEBUG: BLE START SCANNING called
1641071708.644285 ### addr: c0:98:e5:42:00:29 
1641071708.646505 ### on_adv_report outer RSSI: -66, time:1640049463 
1641071708.648171 ### INFO: Discovered new device: c0:98:e5:42:00:29
1641071708.648679 ### INFO: Starting the SquarePoint module...
1641071708.655036 ### INFO: Starting SquarePoint module as SCHEDULER with timestamp 1640049463
1641071708.655732 ### DEBUG: BLE STOP SCANNING called
1641071708.656265 ### INFO: SquarePoint module successfully started!
1641071708.777585 ### DEBUG: Ticks: 589, 23, 0 
1641071708.777876 1640049464 ### INFO: Switched Scheduler EUI from 00:00:00:00:00:00 to c0:98:e5:42:00:2c
1641071709.779587 ### DEBUG: Ticks: 605, 16, 0 
1641071710.875077 1640049465 ### DEBUG: Ticks: 622, 17, 0 
1641071710.877931 1640049466 c0:98:e5:42:00:29 3854 
1641071710.889135 3772 3778 3789 3790 3799 3809 3824 3831 3837 3838 3844 3844 3845 3853 3854 
1641071710.892777 3855 3867 3873 3874 3876 3883 3893 3905 3910 3915 3919 3965 3970 3983 4025 
1641071711.875610 ### DEBUG: Ticks: 638, 16, 0 
1641071711.875868 1640049467 c0:98:e5:42:00:29 -2147483647 
1641071711.876197 -2147483647 -2147483647 -2147483647 -2147483647 -2147483647 -2147483647 -2147483647 -2147483647 -2147483647 -2147483647 -2147483647 -2147483647 -2147483647 -2147483647 -2147483647 
1641071711.876753 -2147483647 -2147483647 -2147483647 -2147483647 -2147483647 -2147483647 -2147483647 -2147483647 -2147483647 -2147483647 -2147483647 -2147483647 -2147483647 -2147483647 -2147483647 
1641071712.881830 ### DEBUG: Ticks: 653, 15, 0 
1641071712.882132 1640049468 c0:98:e5:42:00:29 -2147483647 
1641071712.882491 -2147483647 -2147483647 -2147483647 -2147483647 -2147483647 -2147483647 -2147483647 -2147483647 -2147483647 -2147483647 -2147483647 -2147483647 -2147483647 -2147483647 -2147483647 
1641071712.883101 -2147483647 -2147483647 -2147483647 -2147483647 -2147483647 -2147483647 -2147483647 -2147483647 -2147483647 -2147483647 -2147483647 -2147483647 -2147483647 -2147483647 -2147483647 
1641071713.876177 ### DEBUG: Ticks: 669, 16, 0 
1641071713.876487 1640049469 c0:98:e5:42:00:29 -2147483647 
1641071713.876973 -2147483647 -2147483647 -2147483647 -2147483647 -2147483647 -2147483647 -2147483647 -2147483647 -2147483647 -2147483647 -2147483647 -2147483647 -2147483647 -2147483647 -2147483647 
1641071713.877434 -2147483647 -2147483647 -2147483647 -2147483647 -2147483647 -2147483647 -2147483647 -2147483647 -2147483647 -2147483647 -2147483647 -2147483647 -2147483647 -2147483647 -2147483647 
1641071714.881677 ### DEBUG: Ticks: 684, 15, 0 
1641071714.881987 1640049470 c0:98:e5:42:00:29 -2147483647 
1641071714.882390 -2147483647 -2147483647 -2147483647 -2147483647 -2147483647 -2147483647 -2147483647 -2147483647 -2147483647 -2147483647 -2147483647 -2147483647 -2147483647 -2147483647 -2147483647 
1641071714.883168 -2147483647 -2147483647 -2147483647 -2147483647 -2147483647 -2147483647 -2147483647 -2147483647 -2147483647 -2147483647 -2147483647 -2147483647 -2147483647 -2147483647 -2147483647 
1641071715.880887 ### DEBUG: Ticks: 700, 16, 0 
1641071715.882875 1640049471 c0:98:e5:42:00:29 -2147483647 
1641071715.884975 -2147483647 -2147483647 -2147483647 -2147483647 -2147483647 -2147483647 -2147483647 -2147483647 -2147483647 -2147483647 -2147483647 -2147483647 -2147483647 -2147483647 -2147483647 
1641071715.885542 -2147483647 -2147483647 -2147483647 -2147483647 -2147483647 -2147483647 -2147483647 -2147483647 -2147483647 -2147483647 -2147483647 -2147483647 -2147483647 -2147483647 -2147483647 
1641071715.980013 ### STOPPED, setting module to STOPPED
1641071715.980201 ### INFO: Switched Scheduler EUI from c0:98:e5:42:00:2c to 00:00:00:00:00:00
1641071716.080636 ### INFO: SD card flushed!
1641071716.080936 ### DEBUG: BLE START SCANNING called
1641071717.189559 ### addr: c0:98:e5:42:00:29 
1641071717.189813 ### on_adv_report outer RSSI: -71, time:1640049473 
1641071717.189984 ### INFO: Discovered new device: c0:98:e5:42:00:29
1641071717.201841 ### INFO: Switched Scheduler EUI from 00:00:00:00:00:00 to c0:98:e5:42:00:2c
1641071717.202098 ### INFO: Starting the SquarePoint module...
1641071717.202282 ### INFO: Starting SquarePoint module as SCHEDULER with timestamp 1640049473
1641071717.202446 ### DEBUG: BLE STOP SCANNING called
1641071717.202608 ### INFO: SquarePoint module successfully started!
1641071717.313933 ### DEBUG: Ticks: 723, 23, 0 
1641071718.427699 1640049474 ### DEBUG: Ticks: 740, 17, 0 
1641071718.427962 1640049475 c0:98:e5:42:00:29 1839 
1641071718.428127 1742 1757 1767 1767 1777 1780 1797 1806 1807 1808 1818 1820 1822 1829 1838 
1641071718.428286 1840 1840 1843 1847 1849 1849 1851 1856 1859 1863 1876 1895 1908 1996 2034 
1641071719.421194 ### DEBUG: Ticks: 755, 15, 0 
1641071719.421380 1640049476 c0:98:e5:42:00:29 1853 
1641071719.421497 1414 1417 1425 1426 1429 1434 1436 1438 1442 1443 1451 1460 1467 1467 1469 
1641071719.421608 1470 1472 1476 1481 1485 1494 1505 1516 1519 1531 1538 1546 1575 1608 1654 
1641071724.708960 ### INFO: SquarePoint communications appear to be down...restarting
1641071724.709182 ### INFO: Switched Scheduler EUI from c0:98:e5:42:00:2c to 00:00:00:00:00:00
1641071724.775981 ### INFO: SD card flushed!
1641071724.776202 ### DEBUG: BLE START SCANNING called
1641071724.800045 ### STOPPED, setting module to STOPPED
1641071725.898315 ### addr: c0:98:e5:42:00:29 
1641071725.898686 ### on_adv_report outer RSSI: -57, time:1640049483 
1641071725.898944 ### INFO: Discovered new device: c0:98:e5:42:00:29
1641071725.899135 ### INFO: Switched Scheduler EUI from 00:00:00:00:00:00 to c0:98:e5:42:00:2c
1641071725.899285 ### INFO: Starting the SquarePoint module...
1641071725.899444 ### INFO: Starting SquarePoint module as SCHEDULER with timestamp 1640049483
1641071725.899722 ### DEBUG: BLE STOP SCANNING called
1641071725.899897 ### INFO: SquarePoint module successfully started!
1641071726.020730 ### DEBUG: Ticks: 858, 103, 0 
1641071727.122257 1640049484 ### DEBUG: Ticks: 876, 18, 0 
1641071727.122511 1640049485 c0:98:e5:42:00:29 1482 
1641071727.122670 1406 1426 1432 1435 1438 1439 1440 1447 1456 1458 1472 1474 1479 1480 1482 
1641071727.122868 1483 1483 1485 1495 1495 1498 1516 1520 1560 1586 1620 1645 1663 1685 1710 
1641071728.124138 ### DEBUG: Ticks: 891, 15, 0 
1641071728.125352 1640049486 c0:98:e5:42:00:29 2073 
1641071728.127058 1580 1589 1614 1617 1618 1626 1627 1633 1635 1645 1670 1673 1685 1691 1694 
1641071728.127224 1697 1698 1703 1704 1744 1744 1746 1755 1768 1780 1811 1819 1833 1841 2050 
1641071729.128410 ### DEBUG: Ticks: 907, 16, 0 
1641071729.128586 1640049487 c0:98:e5:42:00:29 2604 
1641071729.128858 2093 2114 2127 2146 2158 2160 2171 2178 2194 2197 2198 2201 2202 2208 2213 
1641071729.129129 2218 2222 2239 2256 2258 2260 2261 2293 2310 2319 2332 2337 2344 2383 2467 
1641071730.126315 ### DEBUG: Ticks: 923, 16, 0 
1641071730.128345 1640049488 c0:98:e5:42:00:29 3180 
1641071730.128612 2644 2713 2714 2738 2777 2788 2799 2802 2802 2808 2810 2811 2828 2828 2831 
1641071730.129665 2833 2834 2837 2843 2847 2850 2852 2882 2886 2892 2955 2984 2999 3005 3022 
1641071731.121169 ### DEBUG: Ticks: 938, 15, 0 
1641071731.121478 1640049489 c0:98:e5:42:00:29 3739 
1641071731.134705 3227 3229 3273 3273 3274 3280 3282 3307 3313 3316 3317 3320 3324 3327 3332 
1641071731.134878 3333 3352 3354 3359 3362 3375 3378 3380 3381 3405 3419 3431 3438 3572 3618 
1641071732.127683 ### DEBUG: Ticks: 954, 16, 0 
1641071732.127996 1640049490 c0:98:e5:42:00:29 3546 
1641071732.128179 3051 3052 3076 3093 3108 3111 3111 3116 3122 3124 3126 3131 3132 3134 3150 
1641071732.128378 3153 3154 3160 3170 3175 3179 3186 3209 3212 3245 3258 3271 3280 3281 3296 
1641071733.121609 ### DEBUG: Ticks: 969, 15, 0 
1641071733.121822 1640049491 c0:98:e5:42:00:29 3641 
1641071733.121944 3189 3227 3228 3245 3251 3253 3254 3256 3257 3297 3306 3307 3307 3315 3338 
1641071733.122067 3358 3360 3402 3418 3420 3426 3428 3434 3441 3444 3505 3551 3560 3575 3643 
1641071733.626706 ### BLE EVENT: 16, INFO: BLE CONNECTED!
1641071733.627011 ### RSSI: -80, 18, 1640049492 ,977 
1641071733.727616 ### RSSI: -73, 6, 1640049492 ,979 
1641071733.828702 ### RSSI: -66, 31, 1640049492 ,980 
1641071733.929413 ### RSSI: -66, 1, 1640049492 ,982 
1641071734.122053 ### DEBUG: Ticks: 985, 16, 0 
1641071734.122292 1640049492 c0:98:e5:42:00:29 3587 
1641071734.122412 3058 3083 3093 3101 3102 3104 3106 3141 3150 3158 3163 3167 3170 3180 3183 
1641071734.122636 3184 3189 3190 3203 3204 3215 3215 3216 3218 3254 3265 3265 3267 3315 3368 
1641071734.132837 ### RSSI: -69, 1, 1640049492 ,985 
1641071734.235988 ### RSSI: -64, 16, 1640049492 ,987 
1641071734.336007 ### RSSI: -69, 6, 1640049492 ,988 
1641071734.424614 ### RSSI: -67, 25, 1640049493 ,990 
1641071734.535180 ### RSSI: -65, 29, 1640049493 ,991 
1641071734.633652 ### RSSI: -73, 5, 1640049493 ,993 
1641071734.730472 ### RSSI: -67, 30, 1640049493 ,995 
1641071734.831671 ### RSSI: -65, 22, 1640049493 ,996 
1641071734.931212 ### RSSI: -67, 16, 1640049493 ,998 
1641071735.028983 ### RSSI: -68, 14, 1640049493 ,999 
1641071735.125316 ### DEBUG: Ticks: 1001, 16, 0 
1641071735.125497 1640049493 c0:98:e5:42:00:29 3722 
1641071735.125597 3232 3234 3244 3259 3262 3273 3284 3305 3308 3313 3318 3319 3323 3324 3328 
1641071735.125692 3333 3337 3346 3348 3349 3357 3367 3375 3377 3387 3410 3416 3442 3469 3542 
1641071735.133254 ### RSSI: -64, 26, 1640049493 ,1001 
1641071735.234273 ### RSSI: -67, 16, 1640049493 ,1002 
1641071735.334592 ### RSSI: -64, 32, 1640049493 ,1004 
1641071736.127365 ### DEBUG: Ticks: 1016, 15, 0 
1641071736.130721 1640049494 c0:98:e5:42:00:29 4106 
1641071736.131884 3630 3676 3680 3693 3693 3694 3727 3739 3742 3747 3747 3754 3757 3761 3767 
1641071736.132054 3770 3771 3779 3783 3785 3788 3793 3810 3811 3811 3812 3843 3861 3872 3986 
1641071736.327382 ### RSSI: -70, 0, 1640049495 ,1020 
1641071737.124951 ### DEBUG: Ticks: 1032, 16, 0 
1641071737.125144 1640049495 c0:98:e5:42:00:29 4680 
1641071737.125252 4193 4199 4214 4216 4236 4246 4248 4252 4254 4254 4264 4271 4288 4293 4298 
1641071737.125409 4308 4314 4314 4318 4324 4334 4334 4337 4341 4356 4366 4403 4438 4460 4481 
1641071737.327771 ### RSSI: -74, 11, 1640049496 ,1035 
1641071738.124282 ### DEBUG: Ticks: 1048, 16, 0 
1641071738.125692 1640049496 c0:98:e5:42:00:29 5284 
1641071738.127623 4828 4834 4876 4883 4892 4896 4901 4909 4911 4916 4919 4920 4933 4933 4938 
1641071738.127857 4938 4956 4965 4974 4982 4995 4997 5009 5018 5034 5042 5042 5058 5153 5176 
1641071738.331883 ### RSSI: -68, 29, 1640049497 ,1051 
1641071739.128196 ### DEBUG: Ticks: 1063, 15, 0 
1641071739.128470 1640049497 c0:98:e5:42:00:29 5543 
1641071739.128607 5062 5084 5111 5123 5136 5137 5143 5143 5150 5150 5151 5161 5173 5177 5189 
1641071739.128812 5193 5204 5208 5224 5227 5234 5242 5244 5266 5279 5283 5397 5437 5444 5461 
1641071739.331100 ### RSSI: -68, 15, 1640049498 ,1066 
1641071740.129482 ### DEBUG: Ticks: 1079, 16, 0 
1641071740.129694 1640049498 c0:98:e5:42:00:29 5387 
1641071740.129850 4923 4923 4927 4952 4958 4960 4974 4975 4975 4987 4993 5010 5011 5016 5020 
1641071740.129975 5022 5032 5036 5036 5041 5042 5059 5067 5069 5075 5100 5115 5142 5225 5288 
1641071740.327698 ### RSSI: -73, 21, 1640049499 ,1082 
1641071741.125563 ### DEBUG: Ticks: 1094, 15, 0 
1641071741.125855 1640049499 c0:98:e5:42:00:29 5409 
1641071741.126033 4900 4944 4946 4954 4981 4982 4990 4997 5014 5018 5021 5028 5031 5037 5046 
1641071741.126198 5062 5073 5073 5086 5094 5104 5109 5116 5124 5134 5136 5136 5139 5149 5158 
1641071741.328488 ### RSSI: -67, 8, 1640049500 ,1098 
1641071742.125666 ### DEBUG: Ticks: 1110, 16, 0 
1641071742.126179 1640049500 c0:98:e5:42:00:29 5450 
1641071742.126378 4922 4957 4959 4988 4990 5000 5015 5022 5031 5036 5057 5058 5059 5070 5071 
1641071742.126527 5073 5080 5085 5095 5098 5106 5107 5107 5116 5134 5149 5161 5223 5223 5252 
1641071742.328371 ### RSSI: -64, 21, 1640049500 ,1113 
1641071743.130472 ### DEBUG: Ticks: 1126, 16, 0 
1641071743.130773 1640049501 c0:98:e5:42:00:29 5197 
1641071743.131008 4642 4655 4670 4686 4707 4712 4714 4715 4716 4718 4723 4727 4730 4733 4734 
1641071743.131198 4748 4752 4764 4764 4774 4786 4797 4799 4801 4801 4816 4838 4850 4935 4937 
1641071743.331890 ### RSSI: -67, 30, 1640049501 ,1129 
1641071744.122374 ### DEBUG: Ticks: 1141, 15, 0 
1641071744.122656 1640049502 c0:98:e5:42:00:29 4896 
1641071744.122856 4421 4438 4463 4468 4481 4484 4485 4485 4488 4489 4496 4498 4506 4514 4520 
1641071744.123035 4531 4533 4539 4549 4554 4571 4572 4575 4575 4576 4581 4592 4634 4729 4730 
1641071744.334744 ### RSSI: -70, 32, 1640049502 ,1144 
1641071745.124106 ### DEBUG: Ticks: 1157, 16, 0 
1641071745.124398 1640049503 c0:98:e5:42:00:29 4433 
1641071745.124579 3974 3974 3981 3988 3990 4002 4002 4005 4007 4026 4026 4026 4028 4033 4035 
1641071745.124753 4035 4037 4047 4049 4056 4064 4068 4073 4084 4092 4107 4107 4131 4171 4193 
1641071745.324329 ### RSSI: -71, 25, 1640049503 ,1160 
1641071746.123228 ### DEBUG: Ticks: 1172, 15, 0 
1641071746.123412 1640049504 c0:98:e5:42:00:29 3774 
1641071746.123573 3282 3296 3330 3339 3347 3351 3357 3359 3363 3364 3367 3375 3388 3393 3393 
1641071746.123677 3399 3402 3409 3412 3413 3442 3445 3445 3446 3448 3459 3462 3469 3544 3600 
1641071746.326880 ### RSSI: -65, 31, 1640049504 ,1176 
1641071747.125754 ### DEBUG: Ticks: 1188, 16, 0 
1641071747.126014 1640049505 c0:98:e5:42:00:29 3263 
1641071747.126183 2844 2859 2862 2866 2870 2878 2879 2879 2880 2884 2886 2888 2896 2896 2896 
1641071747.126379 2900 2911 2912 2913 2914 2927 2932 2936 2938 2948 2950 2974 2975 3048 3104 
1641071748.122433 ### DEBUG: Ticks: 1204, 16, 0 
1641071749.122777 1640049506 ### DEBUG: Ticks: 1219, 15, 0 
1641071750.121428 1640049507 ### DEBUG: Ticks: 1235, 16, 0 
1641071750.424993 1640049508 ### BLE EVENT: 17, INFO: BLE DISCONNECTED!
1641071751.120775 ### DEBUG: Ticks: 1251, 16, 0 
1641071752.125684 1640049509 ### DEBUG: Ticks: 1266, 15, 0 
1641071752.242324 1640049510 ### STOPPED, setting module to STOPPED
1641071752.253538 ### INFO: Switched Scheduler EUI from c0:98:e5:42:00:2c to 00:00:00:00:00:00
1641071752.484421 ### INFO: SD card flushed!
1641071752.484672 ### DEBUG: BLE START SCANNING called
1641071753.573665 ### addr: c0:98:e5:42:00:29 
1641071753.573962 ### on_adv_report outer RSSI: -66, time:1640049511 
1641071753.574144 ### INFO: Discovered new device: c0:98:e5:42:00:29
1641071753.574320 ### INFO: Switched Scheduler EUI from 00:00:00:00:00:00 to c0:98:e5:42:00:2c
1641071753.574508 ### INFO: Starting the SquarePoint module...
1641071753.574682 ### INFO: Starting SquarePoint module as SCHEDULER with timestamp 1640049511
1641071753.574855 ### DEBUG: BLE STOP SCANNING called
1641071753.575029 ### INFO: SquarePoint module successfully started!
1641071753.693589 ### DEBUG: Ticks: 1291, 25, 0 
1641071754.806117 1640049512 ### DEBUG: Ticks: 1308, 17, 0 
1641071754.806374 1640049513 c0:98:e5:42:00:29 1949 
1641071754.806496 1855 1874 1897 1901 1901 1903 1908 1912 1920 1925 1931 1933 1937 1941 1944 
1641071754.806630 1955 1957 1960 1970 1977 2004 2010 2011 2013 2014 2029 2039 2053 2216 2231 
1641071755.800295 ### DEBUG: Ticks: 1324, 16, 0 
1641071755.802619 1640049514 c0:98:e5:42:00:29 1973 
1641071755.806513 1868 1879 1881 1886 1887 1888 1916 1920 1935 1940 1949 1950 1951 1952 1972 
1641071755.807860 1975 1980 1986 1990 1993 1997 2001 2002 2011 2029 2040 2043 2070 2113 2160 
1641071756.799240 ### DEBUG: Ticks: 1339, 15, 0 
1641071757.805057 1640049515 ### DEBUG: Ticks: 1355, 16, 0 
1641071758.801999 1640049516 ### DEBUG: Ticks: 1370, 15, 0 
1641071759.798243 1640049517 ### DEBUG: Ticks: 1386, 16, 0 
1641071760.794310 1640049518 ### DEBUG: Ticks: 1402, 16, 0 
1641071760.893487 1640049519 ### STOPPED, setting module to STOPPED
1641071760.893747 ### INFO: Switched Scheduler EUI from c0:98:e5:42:00:2c to 00:00:00:00:00:00
1641071760.969574 ### INFO: SD card flushed!
1641071760.970191 ### DEBUG: BLE START SCANNING called
1641071763.161047 ### DEBUG: BLE START SCANNING called
1641071763.172979 ### addr: c0:98:e5:42:00:29 
1641071763.173251 ### on_adv_report outer RSSI: -63, time:1640049521 
1641071763.173417 ### INFO: Discovered new device: c0:98:e5:42:00:29
1641071763.173577 ### INFO: Starting the SquarePoint module...
1641071763.173738 ### INFO: Starting SquarePoint module as SCHEDULER with timestamp 1640049521
1641071763.173896 ### DEBUG: BLE STOP SCANNING called
1641071763.174047 ### INFO: SquarePoint module successfully started!
1641071763.295606 ### DEBUG: Ticks: 1441, 39, 0 
1641071763.297118 1640049522 ### INFO: Switched Scheduler EUI from 00:00:00:00:00:00 to c0:98:e5:42:00:2c
1641071764.398136 ### DEBUG: Ticks: 1458, 17, 0 
1641071764.398373 1640049523 c0:98:e5:42:00:29 -2147483647 
1641071764.398523 -2147483647 -2147483647 -2147483647 -2147483647 -2147483647 -2147483647 -2147483647 -2147483647 -2147483647 -2147483647 -2147483647 -2147483647 -2147483647 -2147483647 -2147483647 
1641071764.409189 -2147483647 -2147483647 -2147483647 -2147483647 -2147483647 -2147483647 -2147483647 -2147483647 -2147483647 -2147483647 -2147483647 -2147483647 -2147483647 -2147483647 -2147483647 
1641071765.402202 ### DEBUG: Ticks: 1474, 16, 0 
1641071765.402595 1640049524 c0:98:e5:42:00:29 -2147483647 
1641071765.402799 -2147483647 -2147483647 -2147483647 -2147483647 -2147483647 -2147483647 -2147483647 -2147483647 -2147483647 -2147483647 -2147483647 -2147483647 -2147483647 -2147483647 -2147483647 
1641071765.402989 -2147483647 -2147483647 -2147483647 -2147483647 -2147483647 -2147483647 -2147483647 -2147483647 -2147483647 -2147483647 -2147483647 -2147483647 -2147483647 -2147483647 -2147483647 
1641071766.400280 ### DEBUG: Ticks: 1489, 15, 0 
1641071766.400499 1640049525 c0:98:e5:42:00:29 -2147483647 
1641071766.400883 -2147483647 -2147483647 -2147483647 -2147483647 -2147483647 -2147483647 -2147483647 -2147483647 -2147483647 -2147483647 -2147483647 -2147483647 -2147483647 -2147483647 -2147483647 
1641071766.401385 -2147483647 -2147483647 -2147483647 -2147483647 -2147483647 -2147483647 -2147483647 -2147483647 -2147483647 -2147483647 -2147483647 -2147483647 -2147483647 -2147483647 -2147483647 
1641071767.392365 ### DEBUG: Ticks: 1505, 16, 0 
1641071767.404675 1640049526 c0:98:e5:42:00:29 -2147483647 
1641071767.405141 -2147483647 -2147483647 -2147483647 -2147483647 -2147483647 -2147483647 -2147483647 -2147483647 -2147483647 -2147483647 -2147483647 -2147483647 -2147483647 -2147483647 -2147483647 
1641071767.405644 -2147483647 -2147483647 -2147483647 -2147483647 -2147483647 -2147483647 -2147483647 -2147483647 -2147483647 -2147483647 -2147483647 -2147483647 -2147483647 -2147483647 -2147483647 
1641071767.482577 ### STOPPED, setting module to STOPPED
1641071767.482830 ### INFO: Switched Scheduler EUI from c0:98:e5:42:00:2c to 00:00:00:00:00:00
1641071767.571418 ### INFO: SD card flushed!
1641071767.571637 ### DEBUG: BLE START SCANNING called
1641071768.661381 ### DEBUG: BLE START SCANNING called
1641071768.672469 ### DEBUG: BLE START SCANNING called
1641071768.685299 ### addr: c0:98:e5:42:00:29 
1641071768.685576 ### on_adv_report outer RSSI: -61, time:1640049527 
1641071768.685737 ### INFO: Discovered new device: c0:98:e5:42:00:29
1641071768.685878 ### INFO: Switched Scheduler EUI from 00:00:00:00:00:00 to c0:98:e5:42:00:2c
1641071768.686008 ### INFO: Starting the SquarePoint module...
1641071768.702886 ### INFO: Starting SquarePoint module as SCHEDULER with timestamp 1640049527
1641071768.703116 ### DEBUG: BLE STOP SCANNING called
1641071768.703254 ### INFO: SquarePoint module successfully started!
1641071768.819798 ### DEBUG: Ticks: 1527, 22, 0 
1641071769.824004 1640049528 ### DEBUG: Ticks: 1543, 16, 0 
1641071770.826612 1640049529 ### DEBUG: Ticks: 1558, 15, 0 
1641071771.914810 1640049530 ### DEBUG: Ticks: 1575, 17, 0 
1641071771.915098 1640049531 c0:98:e5:42:00:29 3720 
1641071771.915252 3620 3629 3661 3663 3665 3665 3670 3673 3676 3678 3690 3699 3708 3708 3717 
1641071771.915407 3724 3733 3737 3738 3744 3750 3751 3759 3769 3775 3781 3798 3806 3843 3868 
1641071772.924949 ### DEBUG: Ticks: 1591, 16, 0 
1641071772.926250 1640049532 c0:98:e5:42:00:29 -2147483647 
1641071772.929646 -2147483647 -2147483647 -2147483647 -2147483647 -2147483647 -2147483647 -2147483647 -2147483647 -2147483647 -2147483647 -2147483647 -2147483647 -2147483647 -2147483647 -2147483647 
1641071772.930415 -2147483647 -2147483647 -2147483647 -2147483647 -2147483647 -2147483647 -2147483647 -2147483647 -2147483647 -2147483647 -2147483647 -2147483647 -2147483647 -2147483647 -2147483647 
1641071773.916899 ### DEBUG: Ticks: 1607, 16, 0 
1641071773.917196 1640049533 c0:98:e5:42:00:29 -2147483647 
1641071773.917422 -2147483647 -2147483647 -2147483647 -2147483647 -2147483647 -2147483647 -2147483647 -2147483647 -2147483647 -2147483647 -2147483647 -2147483647 -2147483647 -2147483647 -2147483647 
1641071773.929013 -2147483647 -2147483647 -2147483647 -2147483647 -2147483647 -2147483647 -2147483647 -2147483647 -2147483647 -2147483647 -2147483647 -2147483647 -2147483647 -2147483647 -2147483647 
1641071774.920790 ### DEBUG: Ticks: 1622, 15, 0 
1641071774.922435 1640049534 c0:98:e5:42:00:29 -2147483647 
1641071774.926322 -2147483647 -2147483647 -2147483647 -2147483647 -2147483647 -2147483647 -2147483647 -2147483647 -2147483647 -2147483647 -2147483647 -2147483647 -2147483647 -2147483647 -2147483647 
1641071774.926800 -2147483647 -2147483647 -2147483647 -2147483647 -2147483647 -2147483647 -2147483647 -2147483647 -2147483647 -2147483647 -2147483647 -2147483647 -2147483647 -2147483647 -2147483647 
1641071775.925052 ### DEBUG: Ticks: 1638, 16, 0 
1641071775.926864 1640049535 c0:98:e5:42:00:29 -2147483647 
1641071775.927582 -2147483647 -2147483647 -2147483647 -2147483647 -2147483647 -2147483647 -2147483647 -2147483647 -2147483647 -2147483647 -2147483647 -2147483647 -2147483647 -2147483647 -2147483647 
1641071775.932345 -2147483647 -2147483647 -2147483647 -2147483647 -2147483647 -2147483647 -2147483647 -2147483647 -2147483647 -2147483647 -2147483647 -2147483647 -2147483647 -2147483647 -2147483647 
1641071776.920054 ### DEBUG: Ticks: 1653, 15, 0 
1641071776.920368 1640049536 c0:98:e5:42:00:29 -2147483647 
1641071776.920888 -2147483647 -2147483647 -2147483647 -2147483647 -2147483647 -2147483647 -2147483647 -2147483647 -2147483647 -2147483647 -2147483647 -2147483647 -2147483647 -2147483647 -2147483647 
1641071776.921694 -2147483647 -2147483647 -2147483647 -2147483647 -2147483647 -2147483647 -2147483647 -2147483647 -2147483647 -2147483647 -2147483647 -2147483647 -2147483647 -2147483647 -2147483647 
1641071779.670315 ### DEBUG: Ticks: 1669, 16, 0 
1641071779.670482 1640049537 c0:98:e5:42:00:29 -2147483647 
1641071779.670713 -2147483647 -2147483647 -2147483647 -2147483647 -2147483647 -2147483647 -2147483647 -2147483647 -2147483647 -2147483647 -2147483647 -2147483647 -2147483647 -2147483647 -2147483647 
1641071779.671101 -2147483647 -2147483647 -2147483647 -2147483647 -2147483647 -2147483647 -2147483647 -2147483647 -2147483647 -2147483647 -2147483647 -2147483647 -2147483647 -2147483647 -2147483647 
1641071779.671196 ### DEBUG: Ticks: 1685, 16, 0 
1641071779.671289 1640049538 c0:98:e5:42:00:29 -2147483647 
1641071779.671609 -2147483647 -2147483647 -2147483647 -2147483647 -2147483647 -2147483647 -2147483647 -2147483647 -2147483647 -2147483647 -2147483647 -2147483647 -2147483647 -2147483647 -2147483647 
1641071779.684596 -2147483647 -2147483647 -2147483647 -2147483647 -2147483647 -2147483647 -2147483647 -2147483647 -2147483647 -2147483647 -2147483647 -2147483647 -2147483647 -2147483647 -2147483647 
1641071779.684767 ### STOPPED, setting module to STOPPED
1641071779.684872 ### INFO: Switched Scheduler EUI from c0:98:e5:42:00:2c to 00:00:00:00:00:00
1641071779.684967 ### INFO: SD card flushed!
1641071779.685061 ### DEBUG: BLE START SCANNING called
1641071780.228809 ### addr: c0:98:e5:42:00:29 
1641071780.229109 ### on_adv_report outer RSSI: -71, time:1640049539 
1641071780.229264 ### INFO: Discovered new device: c0:98:e5:42:00:29
1641071780.229423 ### INFO: Switched Scheduler EUI from 00:00:00:00:00:00 to c0:98:e5:42:00:2c
1641071780.229571 ### INFO: Starting the SquarePoint module...
1641071780.229729 ### INFO: Starting SquarePoint module as SCHEDULER with timestamp 1640049539
1641071780.229879 ### DEBUG: BLE STOP SCANNING called
1641071780.230097 ### INFO: SquarePoint module successfully started!
1641071780.358925 ### DEBUG: Ticks: 1707, 22, 0 
1641071781.455983 1640049540 ### DEBUG: Ticks: 1724, 17, 0 
1641071781.456189 1640049541 c0:98:e5:42:00:29 2605 
1641071781.456318 2529 2553 2555 2560 2562 2570 2573 2577 2577 2580 2583 2583 2597 2598 2605 
1641071781.456465 2606 2612 2613 2614 2616 2627 2629 2638 2639 2643 2646 2655 2663 2668 2672 
1641071782.450951 ### DEBUG: Ticks: 1740, 16, 0 
1641071782.462925 1640049542 c0:98:e5:42:00:29 3122 
1641071782.463218 2643 2658 2665 2668 2668 2673 2676 2679 2683 2685 2686 2710 2721 2727 2729 
1641071782.463438 2729 2735 2739 2751 2755 2771 2799 2848 2852 2862 2881 2888 2894 2895 2945 
1641071783.452652 ### DEBUG: Ticks: 1756, 16, 0 
1641071784.450851 1640049543 ### DEBUG: Ticks: 1771, 15, 0 
1641071785.453069 1640049544 ### DEBUG: Ticks: 1787, 16, 0 
1641071786.457210 1640049545 ### DEBUG: Ticks: 1802, 15, 0 
1641071787.451908 1640049546 ### ERROR: Failed reading SquarePoint packet length
1641071787.542774 ### STOPPED, setting module to STOPPED
1641071787.543006 ### INFO: Switched Scheduler EUI from c0:98:e5:42:00:2c to 00:00:00:00:00:00
1641071787.604590 ### INFO: SD card flushed!
1641071787.604783 ### DEBUG: BLE START SCANNING called
1641071788.725252 ### DEBUG: BLE START SCANNING called
1641071788.748898 ### addr: c0:98:e5:42:00:29 
1641071788.749160 ### on_adv_report outer RSSI: -64, time:1640049548 
1641071788.749296 ### INFO: Discovered new device: c0:98:e5:42:00:29
1641071788.749465 ### INFO: Switched Scheduler EUI from 00:00:00:00:00:00 to c0:98:e5:42:00:2c
1641071788.749594 ### INFO: Starting the SquarePoint module...
1641071788.749759 ### INFO: Starting SquarePoint module as SCHEDULER with timestamp 1640049548
1641071788.749893 ### DEBUG: BLE STOP SCANNING called
1641071788.750032 ### INFO: SquarePoint module successfully started!
1641071788.870811 ### DEBUG: Ticks: 1840, 38, 0 
1641071789.968854 1640049549 ### DEBUG: Ticks: 1857, 17, 0 
1641071789.969112 1640049550 c0:98:e5:42:00:29 2327 
1641071789.969276 2182 2207 2225 2256 2257 2262 2266 2267 2292 2294 2302 2302 2314 2320 2326 
1641071789.969434 2328 2331 2341 2342 2344 2354 2357 2365 2369 2374 2384 2390 2393 2689 2701 
1641071790.976318 ### DEBUG: Ticks: 1873, 16, 0 
1641071790.977396 1640049551 c0:98:e5:42:00:29 2490 
1641071790.983390 2014 2016 2022 2023 2042 2043 2060 2060 2063 2073 2076 2098 2100 2101 2105 
1641071790.983612 2113 2114 2116 2125 2128 2134 2139 2143 2150 2163 2164 2189 2215 2221 2344 
1641071791.965204 ### DEBUG: Ticks: 1889, 16, 0 
1641071792.969008 1640049552 ### DEBUG: Ticks: 1904, 15, 0 
1641071793.972171 1640049553 ### DEBUG: Ticks: 1920, 16, 0 
1641071794.970616 1640049554 ### DEBUG: Ticks: 1935, 15, 0 
1641071798.160975 1640049555 ### DEBUG: Ticks: 1951, 16, 0 
1641071798.161758 1640049556 ### STOPPED, setting module to STOPPED
1641071798.161967 ### INFO: Switched Scheduler EUI from c0:98:e5:42:00:2c to 00:00:00:00:00:00
1641071798.162128 ### INFO: SD card flushed!
1641071798.162284 ### DEBUG: BLE START SCANNING called
1641071798.162432 ### DEBUG: BLE START SCANNING called
1641071798.162591 ### DEBUG: BLE START SCANNING called
1641071798.162741 ### DEBUG: BLE START SCANNING called
1641071798.162890 ### addr: c0:98:e5:42:00:29 
1641071798.163049 ### on_adv_report outer RSSI: -71, time:1640049556 
1641071798.165039 ### INFO: Discovered new device: c0:98:e5:42:00:29
1641071798.165242 ### INFO: Starting the SquarePoint module...
1641071798.165419 ### INFO: Starting SquarePoint module as SCHEDULER with timestamp 1640049556
1641071798.165560 ### DEBUG: BLE STOP SCANNING called
1641071798.165705 ### INFO: SquarePoint module successfully started!
1641071798.172372 ### DEBUG: Ticks: 1956, 5, 0 
1641071798.172953 1640049557 ### INFO: Switched Scheduler EUI from 00:00:00:00:00:00 to c0:98:e5:42:00:2c
1641071798.173123 ### DEBUG: Ticks: 1972, 16, 0 
1641071798.391895 1640049558 ### DEBUG: Ticks: 1989, 17, 0 
1641071798.392178 1640049559 c0:98:e5:42:00:29 940 
1641071798.392385 880 883 885 886 893 896 906 915 916 922 924 927 935 936 938 
1641071798.404212 943 957 966 970 974 976 977 1002 1042 1050 1065 1069 1080 1217 1227 
1641071799.391747 ### DEBUG: Ticks: 2005, 16, 0 
1641071799.391953 1640049560 c0:98:e5:42:00:29 1099 
1641071799.403412 614 617 624 627 629 649 653 657 660 668 670 677 685 694 696 
1641071799.403670 708 712 720 725 740 745 747 756 795 804 824 833 870 886 887 
1641071800.392609 ### DEBUG: Ticks: 2020, 15, 0 
1641071800.392804 1640049561 c0:98:e5:42:00:29 1052 
1641071800.392945 610 616 648 654 660 664 679 688 706 715 717 720 722 725 726 
1641071800.393076 728 732 736 752 752 762 782 802 808 835 850 898 937 976 987 
1641071801.399838 ### DEBUG: Ticks: 2036, 16, 0 
1641071801.400072 1640049562 c0:98:e5:42:00:29 1019 
1641071801.400209 539 543 553 578 595 595 601 606 607 611 614 634 637 642 650 
1641071801.400348 653 657 666 669 688 695 709 710 725 734 754 803 838 854 869 
1641071802.398798 ### DEBUG: Ticks: 2051, 15, 0 
1641071802.399087 1640049563 c0:98:e5:42:00:29 1038 
1641071802.400146 663 679 686 692 707 708 710 714 719 720 734 739 741 744 752 
1641071802.400362 760 770 772 796 796 798 807 819 819 851 876 898 923 976 986 
1641071803.378579 ### INFO: Device is now STATIONARY
1641071803.390949 ### DEBUG: Ticks: 2067, 16, 0 
1641071803.403842 1640049564 c0:98:e5:42:00:29 916 
1641071803.405031 437 441 461 473 476 483 495 503 505 506 531 536 537 538 548 
1641071803.405637 553 559 560 579 584 586 588 591 604 612 613 613 623 631 635 
1641071804.394302 ### DEBUG: Ticks: 2083, 16, 0 
1641071804.394581 1640049565 c0:98:e5:42:00:29 954 
1641071804.394735 452 496 497 500 500 504 513 516 519 522 523 524 525 533 538 
1641071804.394892 539 544 555 557 557 563 578 580 594 596 596 600 609 613 614 
1641071805.396189 ### DEBUG: Ticks: 2098, 15, 0 
1641071805.397208 1640049566 c0:98:e5:42:00:29 917 
1641071805.399037 439 455 463 470 477 482 483 486 514 522 524 525 530 535 537 
1641071805.400704 537 539 542 546 548 550 566 569 574 585 634 642 647 648 796 
1641071806.400191 ### DEBUG: Ticks: 2114, 16, 0 
1641071806.400457 1640049567 c0:98:e5:42:00:29 662 
1641071806.400541 110 112 132 151 153 153 156 160 170 174 174 194 194 198 203 
1641071806.400621 206 206 232 240 258 268 270 276 276 285 312 316 322 365 387 
1641071807.390571 ### DEBUG: Ticks: 2130, 16, 0 
1641071807.401532 1640049568 c0:98:e5:42:00:29 504 
1641071807.401782 87 91 99 103 111 116 117 130 135 138 139 142 148 170 172 
1641071807.401947 174 175 185 185 192 196 197 218 225 233 240 244 259 266 388 
1641071808.393371 ### DEBUG: Ticks: 2145, 15, 0 
1641071808.394794 1640049569 c0:98:e5:42:00:29 408 
1641071808.397253 -193 -182 -170 -165 -162 -148 -140 -140 -136 -133 -128 -123 -121 -112 -102 
1641071808.397439 -96 -94 -93 -84 -76 -70 -68 -65 -52 -15 -11 -10 16 28 31 
1641071809.393395 ### DEBUG: Ticks: 2161, 16, 0 
1641071809.395013 1640049570 c0:98:e5:42:00:29 317 
1641071809.397774 -188 -178 -162 -148 -138 -125 -122 -120 -120 -96 -89 -85 -82 -82 -80 
1641071809.400132 -75 -73 -68 -66 -45 -45 -10 -7 32 34 43 58 172 262 0 
1641071810.398154 ### DEBUG: Ticks: 2176, 15, 0 
1641071810.398526 1640049571 c0:98:e5:42:00:29 312 
1641071810.398712 -114 -91 -73 -72 -72 -71 -66 -64 -63 -61 -40 -39 -23 -18 -5 
1641071810.398889 -4 0 1 10 15 17 20 21 26 43 88 104 145 159 333 
1641071811.392702 ### DEBUG: Ticks: 2192, 16, 0 
1641071811.394091 1640049572 c0:98:e5:42:00:29 300 
1641071811.403334 -138 -128 -92 -88 -77 -76 -72 -61 -55 -52 -48 -46 -43 -39 -27 
1641071811.403618 -21 -21 -9 11 15 16 17 19 20 21 29 104 106 109 159 
1641071812.394349 ### DEBUG: Ticks: 2208, 16, 0 
1641071812.394751 1640049573 c0:98:e5:42:00:29 362 
1641071812.394867 -15 10 30 43 44 50 53 57 60 63 66 68 75 76 85 
1641071812.394974 91 106 112 150 154 157 158 165 180 185 189 214 220 312 0 
1641071813.392275 ### DEBUG: Ticks: 2223, 15, 0 
1641071813.392556 1640049574 c0:98:e5:42:00:29 325 
1641071813.392749 -146 -145 -139 -137 -132 -131 -114 -107 -87 -78 -76 -75 -74 -73 -63 
1641071813.392971 -62 -59 -59 -56 -54 -37 -25 -23 -1 4 30 50 80 119 243 
1641071814.392136 ### DEBUG: Ticks: 2239, 16, 0 
1641071814.392251 1640049575 c0:98:e5:42:00:29 339 
1641071814.392292 -184 -179 -166 -150 -146 -143 -135 -118 -110 -109 -105 -105 -100 -91 -89 
1641071814.405948 -88 -74 -73 -62 -57 -54 -54 -49 -45 -33 -24 -5 2 10 50 
1641071815.402735 ### DEBUG: Ticks: 2254, 15, 0 
1641071815.403021 1640049576 c0:98:e5:42:00:29 319 
1641071815.403203 -105 -99 -98 -87 -85 -84 -74 -69 -50 -41 -35 -32 -31 -26 -26 
1641071815.403412 -23 -9 0 3 5 6 14 16 25 32 62 68 74 123 124 
