1640928721.480872 ###RTT Client: ************************************************************ 
1640928721.481053 ###RTT Client: *               SEGGER Microcontroller GmbH                * 
1640928721.481097 ###RTT Client: *   Solutions for real time microcontroller applications   * 
1640928721.481137 ###RTT Client: ************************************************************ 
1640928721.481176 ###RTT Client: *                                                          * 
1640928721.481215 ###RTT Client: *       (c) 2012 - 2016  SEGGER Microcontroller GmbH       * 
1640928721.481254 ###RTT Client: *                                                          * 
1640928721.481293 ###RTT Client: *     www.segger.com     Support: support@segger.com       * 
1640928721.481332 ###RTT Client: *                                                          * 
1640928721.481371 ###RTT Client: ************************************************************ 
1640928721.481410 ###RTT Client: *                                                          * 
1640928721.481449 ###RTT Client: * SEGGER J-Link RTT Client   Compiled Jan 30 2018 18:46:58 * 
1640928721.481488 ###RTT Client: *                                                          * 
1640928721.481527 ###RTT Client: ************************************************************ 
1640928721.481565 
1640928721.481604 ###RTT Client: -----------------------------------------------
1640928721.481642 ###RTT Client: Connecting to J-Link RTT Server via localhost:9201  Connected.
1640928721.481682 SEGGER J-Link V6.30 - Real time terminal output
1640928721.481721 J-Link EDU Mini V1 compiled Oct  2 2020 17:00:40 V1.0, SN=801021851
1640928721.481760 Process: JLinkExe
1640928721.481799 ### DEBUG: Ticks: 2224, 15, 1 
1640928721.481838 1640050943 c0:98:e5:42:00:29 287 
1640928721.481876 -189 -162 -159 -139 -137 -135 -130 -113 -112 -110 -108 -102 -95 -93 -87 
1640928721.481915 -80 -74 -71 -69 -61 -55 -37 -36 -16 -15 -13 -6 -2 -2 6 
1640928721.481954 ### RSSI: -46, 23, 1640050943 ,2229 
1640928721.481993 ### DEBUG: Ticks: 2240, 16, 1 
1640928721.482031 1640050944 c0:98:e5:42:00:29 285 
1640928721.482070 -123 -88 -85 -70 -61 -59 -48 -47 -47 -45 -45 -42 -36 -27 -23 
1640928721.482109 -16 -11 -9 -6 9 31 41 44 49 49 62 69 71 78 79 
1640928721.482148 ### RSSI: -47, 21, 1640050944 ,2245 
1640928721.482189 ### DEBUG: Ticks: 2256, 16, 1 
1640928721.482233 1640050945 c0:98:e5:42:00:29 292 
1640928721.482276 -117 -102 -93 -85 -70 -61 -48 -42 -42 -40 -22 -22 -20 -15 0 
1640928721.482315 1 2 8 9 12 17 19 32 34 53 57 83 93 100 103 
1640928721.482354 ### RSSI: -46, 23, 1640050945 ,2260 
1640928721.482396 ### DEBUG: Ticks: 2271, 15, 1 
1640928721.482435 1640050946 c0:98:e5:42:00:29 307 
1640928721.482474 -70 -41 -39 -34 -23 -19 6 7 13 20 25 27 30 30 67 
1640928721.482513 69 73 73 74 75 77 79 80 93 94 95 96 120 132 138 
1640928721.482552 ### RSSI: -48, 11, 1640050946 ,2276 
1640928721.482591 ### DEBUG: Ticks: 2287, 16, 1 
1640928721.482633 1640050947 c0:98:e5:42:00:29 263 
1640928721.482675 -174 -168 -129 -120 -119 -112 -111 -104 -96 -92 -90 -89 -87 -83 -75 
1640928721.482717 -74 -70 -60 -44 -36 -30 -19 -12 -9 -6 -2 -1 12 14 19 
1640928721.482760 ### RSSI: -46, 12, 1640050947 ,2292 
1640928721.482802 ### ERROR: Failed reading SquarePoint packet length
1640928721.482844 ### RSSI: -46, 29, 1640050948 ,2307 
1640928721.482887 ### RSSI: -48, 18, 1640050949 ,2323 
1640928721.482929 ### DEBUG: Ticks: 2334, 47, 1 
1640928721.482971 1640050950 c0:98:e5:42:00:29 296 
1640928721.483014 -102 -72 -62 -47 -34 -28 -27 -23 -19 -19 -17 -15 -14 -1 3 
1640928721.483056 5 15 22 32 33 34 37 42 46 55 59 69 85 87 96 
1640928721.483098 ### RSSI: -48, 10, 1640050950 ,2339 
1640928721.483140 ### DEBUG: Ticks: 2349, 15, 1 
1640928721.483182 1640050951 c0:98:e5:42:00:29 273 
1640928721.483224 -160 -151 -123 -115 -109 -103 -100 -98 -82 -71 -67 -64 -59 -54 -44 
1640928721.483267 -28 -28 -23 -9 -8 1 5 9 14 18 18 23 80 86 129 
1640928721.483309 ### RSSI: -47, 21, 1640050951 ,2354 
1640928721.483353 ### DEBUG: Ticks: 2365, 16, 1 
1640928721.483395 1640050952 c0:98:e5:42:00:29 271 
1640928721.483437 -82 -73 -60 -51 -45 -40 -31 -28 -20 -16 -10 -2 2 26 35 
1640928721.483477 38 43 44 45 55 61 69 70 80 91 99 111 113 130 140 
1640928721.483520 ### RSSI: -46, 31, 1640050953 ,2370 
1640928721.483562 ### DEBUG: Ticks: 2381, 16, 1 
1640928721.485676 1640050953 c0:98:e5:42:00:29 278 
1640928721.485736 -151 -134 -132 -123 -122 -112 -109 -102 -97 -96 -84 -76 -64 -62 -59 
1640928721.485776 -51 -33 -33 -28 -14 -13 -5 -3 -2 0 0 12 22 91 105 
1640928721.485815 ### RSSI: -49, 7, 1640050954 ,2385 
1640928721.485854 ### DEBUG: Ticks: 2396, 15, 1 
1640928721.485892 1640050954 c0:98:e5:42:00:29 285 
1640928721.485931 -50 -44 -41 -30 -25 -22 -16 -12 -12 -10 -6 -2 24 28 36 
1640928721.485971 41 54 56 58 63 66 72 75 76 80 88 91 93 97 0 
1640928721.486010 ### RSSI: -48, 8, 1640050955 ,2401 
1640928721.486049 ### DEBUG: Ticks: 2412, 16, 1 
1640928721.486087 1640050955 c0:98:e5:42:00:29 303 
1640928721.486126 -35 -34 -28 -16 -3 9 16 23 24 25 35 38 47 50 52 
1640928721.486165 53 56 59 71 75 77 88 88 90 90 95 101 112 133 194 
1640928721.486204 ### RSSI: -45, 23, 1640050956 ,2417 
1640928721.486243 ### DEBUG: Ticks: 2427, 15, 1 
1640928721.486281 1640050956 c0:98:e5:42:00:29 300 
1640928721.486320 -143 -116 -111 -106 -102 -86 -66 -61 -60 -57 -53 -52 -48 -45 -36 
1640928721.486358 -36 -31 -14 -5 0 0 3 4 14 25 26 27 51 55 158 
1640928721.486397 ### RSSI: -48, 17, 1640050957 ,2432 
1640928721.486436 ### DEBUG: Ticks: 2443, 16, 1 
1640928721.486474 1640050957 c0:98:e5:42:00:29 307 
1640928721.486513 -88 -79 -73 -57 -57 -51 -38 -28 -25 -21 -15 1 19 21 21 
1640928721.486552 23 25 35 41 46 54 68 76 78 81 93 95 101 104 108 
1640928721.486592 ### RSSI: -48, 8, 1640050958 ,2448 
1640928721.486631 ### DEBUG: Ticks: 2459, 16, 1 
1640928721.486669 1640050958 c0:98:e5:42:00:29 302 
1640928721.486708 -90 -74 -73 -58 -54 -44 -41 -40 -35 -31 -27 -16 -14 -6 2 
1640928721.486747 9 10 11 24 33 47 51 55 68 80 81 88 91 127 152 
1640928721.486787 ### RSSI: -49, 1, 1640050959 ,2464 
1640928721.486826 ### DEBUG: Ticks: 2474, 15, 1 
1640928721.486869 1640050959 c0:98:e5:42:00:29 307 
1640928721.486912 -27 4 14 15 20 20 28 29 35 39 43 43 61 68 77 
1640928721.486954 78 82 88 91 123 129 131 135 140 141 154 156 161 170 189 
1640928721.486993 ### DEBUG: Ticks: 2490, 16, 1 
1640928721.487032 1640050960 c0:98:e5:42:00:29 244 
1640928721.487070 -98 -72 -64 -41 -38 -34 -33 -31 -31 -23 -14 -10 -7 -5 2 
1640928721.487109 15 23 25 28 40 41 49 59 67 76 81 87 104 114 163 
1640928721.487152 ### ERROR: Failed reading SquarePoint packet length
1640928721.487195 ### BLE EVENT: 17, INFO: BLE DISCONNECTED!
1640928721.487237 ### DEBUG: Ticks: 2537, 47, 0 
1640928721.487279 1640050963 c0:98:e5:42:00:29 288 
1640928721.487321 -110 -82 -82 -81 -78 -70 -66 -65 -62 -60 -57 -56 -42 -37 -36 
1640928721.487363 -29 -5 0 2 5 7 8 21 23 25 38 67 80 107 112 
1640928721.487405 ### BLE EVENT: 16, INFO: BLE CONNECTED!
1640928721.487447 ### RSSI: -45, 27, 1640050963 ,2548 
1640928721.487489 ### RSSI: -48, 19, 1640050963 ,2549 
1640928721.487531 
1640928721.487574 ----------------------------------------------
1640928721.491743 ### WARNING: Chip experienced a reset with reason 2
1640928721.491787 ### INFO: Bluetooth address: c0:98:e5:42:00:2c
1640928721.491830 ### DEBUG: Time is 00:00:00, 2000/00/00
1640928721.491872 ### INFO: Time is 00:00:00, 2000/00/00
1640928721.491914 ### INFO: Initializing SD Card...
1640928721.491956 ### INFO: Connecting to the SquarePoint module...
1640928721.491999 ### INFO: SquarePoint module connection successful
1640928721.492041 ### INFO: Device is now STATIONARY
1640928721.492083 ### INFO: Battery voltage currently 4131 mV
1640928721.492125 ### INFO: SD card flushed!
1640928721.492167 ### INFO: SD card flushed!
1640928721.492206 ### DEBUG: BLE START SCANNING called
1640928721.492245 ### DEBUG: Ticks: 59, 59, 0 
1640928721.492285 1640050969 c0:98:e5:42:00:29 320 
1640928721.492324 -57 -55 -11 -8 -6 9 10 13 30 33 36 38 40 53 56 
1640928721.492363 58 65 68 83 88 92 98 99 108 118 120 129 135 177 231 
1640928721.492402 ### INFO: Switched Scheduler EUI from 00:00:00:00:00:00 to c0:98:e5:42:00:2c
1640928721.492440 ### DEBUG: BLE STOP SCANNING called
1640928721.492479 ### DEBUG: BLE START SCANNING called
1640928721.492518 ### DEBUG: Ticks: 74, 15, 0 
1640928721.492557 1640050970 c0:98:e5:42:00:29 272 
1640928721.492596 -92 -82 -72 -65 -62 -60 -59 -51 -43 -33 -33 -33 -31 -28 -27 
1640928721.492635 -23 -18 -11 -2 0 15 31 42 48 51 51 53 55 122 152 
1640928721.492673 ### DEBUG: Ticks: 89, 15, 0 
1640928721.492712 1640050971 c0:98:e5:42:00:29 325 
1640928721.492751 -141 -93 -92 -84 -75 -75 -72 -62 -61 -60 -52 -49 -40 -36 -36 
1640928721.492790 -32 -21 -18 -14 -7 10 21 31 40 50 50 56 98 106 119 
1640928721.492829 ### DEBUG: BLE START SCANNING called
1640928721.492868 ### addr: c0:98:e5:42:00:29 
1640928721.492907 ### on_adv_report outer RSSI: -47, time:1640050972 
1640928721.492946 ### INFO: Discovered new device: c0:98:e5:42:00:29
1640928721.492984 ### DEBUG: connected? already connected
1640928721.493023 ### DEBUG: BLE START SCANNING called
1640928721.493062 ### BLE EVENT: 16, INFO: BLE CONNECTED!
1640928721.493100 ### DEBUG: BLE START SCANNING called
1640928721.493139 ### RSSI: -46, 24, 1640050972 ,92 
1640928721.493178 ### DEBUG: BLE START SCANNING called
1640928721.493216 ### RSSI: -46, 25, 1640050972 ,93 
1640928721.493255 ### DEBUG: BLE START SCANNING called
1640928721.493293 ### RSSI: -49, 17, 1640050972 ,95 
1640928721.493332 ### DEBUG: BLE START SCANNING called
1640928721.493370 ### RSSI: -46, 31, 1640050972 ,96 
1640928721.493409 ### DEBUG: BLE START SCANNING called
1640928721.493448 ### RSSI: -48, 15, 1640050972 ,98 
1640928721.493486 ### DEBUG: BLE START SCANNING called
1640928721.493525 ### RSSI: -47, 32, 1640050972 ,99 
1640928721.493563 ### DEBUG: BLE START SCANNING called
1640928721.493602 ### RSSI: -44, 18, 1640050972 ,101 
1640928721.493641 ### DEBUG: BLE START SCANNING called
1640928721.493680 ### RSSI: -46, 28, 1640050972 ,102 
1640928721.493719 ### DEBUG: BLE START SCANNING called
1640928721.493758 ### RSSI: -48, 18, 1640050972 ,104 
1640928721.493797 ### DEBUG: BLE START SCANNING called
1640928721.493841 ### DEBUG: BLE START SCANNING called
1640928721.493884 ### DEBUG: Ticks: 105, 16, 1 
1640928721.493923 1640050972 c0:98:e5:42:00:29 280 
1640928721.493962 -94 -94 -54 -48 -44 -39 -34 -22 -19 -11 -7 -3 8 18 21 
1640928721.494001 37 51 51 52 63 69 74 76 87 89 99 100 111 125 0 
1640928721.494040 ### DEBUG: BLE START SCANNING called
1640928721.494079 ### RSSI: -49, 1, 1640050972 ,106 
1640928721.494123 ### DEBUG: BLE START SCANNING called
1640928721.494165 ### RSSI: -47, 15, 1640050972 ,107 
1640928721.494207 ### DEBUG: BLE START SCANNING called
1640928721.494249 ### RSSI: -49, 16, 1640050972 ,109 
1640928721.494292 ### DEBUG: BLE START SCANNING called
1640928721.494334 ### RSSI: -46, 23, 1640050972 ,110 
1640928721.494377 ### DEBUG: BLE START SCANNING called
1640928721.494419 ### RSSI: -48, 8, 1640050972 ,112 
1640928721.494462 ### DEBUG: BLE START SCANNING called
1640928721.494504 ### RSSI: -50, 2, 1640050972 ,113 
1640928721.494546 ### DEBUG: BLE START SCANNING called
1640928721.494590 ### RSSI: -49, 3, 1640050972 ,115 
1640928721.494633 ### DEBUG: BLE START SCANNING called
1640928721.494676 ### RSSI: -49, 16, 1640050972 ,117 
1640928721.494718 ### DEBUG: BLE START SCANNING called
1640928721.494760 ### DEBUG: BLE START SCANNING called
1640928721.494817 ### DEBUG: Ticks: 120, 15, 1 
1640928721.494862 1640050973 c0:98:e5:42:00:29 289 
1640928721.494904 -89 -81 -78 -64 -45 -36 -35 -32 -22 -6 -3 -3 2 4 6 
1640928721.494947 9 28 37 39 40 49 53 63 63 75 112 113 128 133 204 
1640928721.494989 ### DEBUG: BLE START SCANNING called
1640928721.495031 ### RSSI: -45, 26, 1640050973 ,132 
1640928721.495075 ### DEBUG: BLE START SCANNING called
1640928721.495119 ### DEBUG: BLE START SCANNING called
1640928721.495180 ### ERROR: Failed reading SquarePoint packet length
1640928721.495223 ### DEBUG: BLE START SCANNING called
1640928721.495266 ### RSSI: -49, 0, 1640050974 ,148 
1640928721.495308 ### DEBUG: BLE START SCANNING called
1640928721.495350 ### RSSI: -46, 21, 1640050975 ,163 
1640928721.495392 ### DEBUG: Ticks: 167, 47, 1 
1640928721.495433 1640050976 c0:98:e5:42:00:29 303 
1640928721.495476 -127 -117 -105 -75 -73 -72 -72 -66 -64 -62 -61 -55 -45 -18 -12 
1640928721.495519 -3 0 6 8 8 9 23 29 29 54 56 61 68 84 133 
1640928721.495562 ### RSSI: -47, 24, 1640050976 ,179 
1640928721.495674 ### DEBUG: Ticks: 183, 16, 1 
1640928721.495719 1640050977 c0:98:e5:42:00:29 265 
1640928721.495762 -103 -100 -88 -87 -86 -74 -68 -55 -41 -39 -33 -31 -28 -26 0 
1640928721.495804 1 8 14 23 23 26 27 28 33 37 61 82 115 121 133 
1640928721.495844 ### RSSI: -50, 2, 1640050978 ,195 
1640928721.495885 ### DEBUG: Ticks: 199, 16, 1 
1640928721.495928 1640050978 c0:98:e5:42:00:29 322 
1640928721.495970 -78 -36 -30 -27 -20 -16 -7 -5 -5 0 7 12 16 27 43 
1640928721.496012 44 46 47 52 53 58 59 65 67 70 78 79 95 126 182 
1640928721.496055 ### RSSI: -46, 24, 1640050979 ,210 
1640928721.496098 ### DEBUG: Ticks: 214, 15, 1 
1640928721.496141 1640050979 c0:98:e5:42:00:29 274 
1640928721.496183 -84 -82 -52 -50 -24 -20 -16 -11 -10 -5 -2 0 26 26 30 
1640928721.496227 33 41 42 45 48 48 62 63 66 88 89 108 121 152 161 
1640928721.496269 ### RSSI: -49, 7, 1640050980 ,226 
1640928721.496311 ### DEBUG: Ticks: 230, 16, 1 
1640928721.496354 1640050980 c0:98:e5:42:00:29 273 
1640928721.496396 -134 -117 -115 -96 -81 -79 -77 -72 -71 -69 -62 -60 -52 -51 -33 
1640928721.496439 -29 -29 -25 -16 -6 0 3 7 10 13 36 37 68 74 84 
1640928721.496480 ### RSSI: -47, 14, 1640050981 ,241 
1640928721.496522 ### DEBUG: Ticks: 245, 15, 1 
1640928721.496565 1640050981 c0:98:e5:42:00:29 300 
1640928721.496607 -94 -91 -76 -53 -49 -44 -44 -38 -37 -36 -19 -17 -16 6 19 
1640928721.496650 23 23 25 31 49 66 69 75 75 77 84 100 118 128 147 
1640928721.496692 ### RSSI: -48, 5, 1640050982 ,257 
1640928721.496735 ### DEBUG: Ticks: 261, 16, 1 
1640928721.496777 1640050982 c0:98:e5:42:00:29 297 
1640928721.496818 -44 -44 -34 -28 -28 -26 -17 -9 -5 1 3 17 23 30 31 
1640928721.496860 41 43 44 51 51 57 61 61 78 91 92 93 101 118 124 
1640928721.496902 ### RSSI: -46, 12, 1640050983 ,273 
1640928721.496942 ### DEBUG: Ticks: 277, 16, 1 
1640928721.496983 1640050983 c0:98:e5:42:00:29 294 
1640928721.497026 -58 -47 -40 -19 -8 0 2 2 11 19 24 26 47 54 56 
1640928721.497068 71 76 81 83 99 103 114 116 118 119 134 136 136 141 166 
1640928721.497110 ### RSSI: -49, 16, 1640050984 ,288 
1640928721.497152 ### DEBUG: Ticks: 292, 15, 1 
1640928721.497193 1640050984 c0:98:e5:42:00:29 276 
1640928721.497232 -72 -68 -63 -50 -49 -38 -27 -26 -18 -12 -2 6 7 18 23 
1640928721.497271 24 37 38 63 66 67 67 83 90 96 101 106 110 116 162 
1640928721.497310 ### RSSI: -46, 26, 1640050985 ,304 
1640928721.497349 ### DEBUG: Ticks: 308, 16, 1 
1640928721.497388 1640050985 c0:98:e5:42:00:29 273 
1640928721.497427 -100 -82 -74 -73 -67 -67 -62 -55 -54 -54 -51 -49 -41 -36 -33 
1640928721.497466 -18 -12 -9 11 13 16 22 30 36 46 49 56 76 81 93 
1640928721.497506 ### RSSI: -45, 28, 1640050986 ,320 
1640928721.497545 ### DEBUG: Ticks: 323, 15, 1 
1640928721.497584 1640050986 c0:98:e5:42:00:29 320 
1640928721.497623 -74 -49 -45 -35 -31 -24 -21 -19 0 0 17 23 25 27 46 
1640928721.497662 46 57 72 73 73 74 80 81 84 89 107 108 133 133 205 
1640928721.497701 ### RSSI: -47, 9, 1640050987 ,335 
1640928721.497740 ### ERROR: Failed reading SquarePoint packet length
1640928721.497779 ### RSSI: -46, 31, 1640050988 ,351 
1640928721.889424 ### RSSI: -46, 13, 1640050989 ,366 
1640928722.147127 ### DEBUG: Ticks: 370, 47, 1 
1640928722.147567 1640050989 c0:98:e5:42:00:29 314 
1640928722.148152 -104 -96 -85 -61 -38 -22 -13 -10 -9 -9 -8 -1 4 6 8 
1640928722.148659 21 23 28 30 32 45 79 79 84 84 86 87 95 140 190 
1640928722.893779 ### RSSI: -49, 3, 1640050990 ,382 
1640928723.139984 ### DEBUG: Ticks: 386, 16, 1 
1640928723.140429 1640050990 c0:98:e5:42:00:29 266 
1640928723.140997 -69 -66 -51 -43 -38 -29 -28 -28 -18 -18 -15 -15 -13 4 5 
1640928723.141507 8 17 27 43 48 50 50 54 61 65 67 67 103 140 173 
1640928723.889935 ### RSSI: -46, 13, 1640050991 ,398 
1640928724.139210 ### DEBUG: Ticks: 402, 16, 1 
1640928724.139448 1640050991 c0:98:e5:42:00:29 249 
1640928724.153070 -99 -82 -52 -50 -43 -34 -33 -32 -30 -29 -21 -11 -3 0 6 
1640928724.153764 7 12 13 28 39 39 41 55 77 82 109 118 130 144 0 
1640928724.897409 ### RSSI: -48, 20, 1640050992 ,413 
1640928725.144651 ### DEBUG: Ticks: 417, 15, 1 
1640928725.144835 1640050992 c0:98:e5:42:00:29 305 
1640928725.144926 -135 -118 -114 -104 -96 -85 -84 -73 -69 -66 -64 -47 -42 -32 -32 
1640928725.145037 -27 -7 -4 6 7 14 15 23 24 39 53 54 64 74 96 
1640928725.895551 ### RSSI: -47, 32, 1640050993 ,429 
1640928726.146022 ### DEBUG: Ticks: 433, 16, 1 
1640928726.146136 1640050993 c0:98:e5:42:00:29 256 
1640928726.146177 -104 -81 -55 -49 -41 -38 -37 -34 -23 -22 -9 -8 -3 -3 -2 
1640928726.146216 0 5 8 20 20 31 32 36 37 49 50 55 69 102 107 
1640928726.890549 ### RSSI: -49, 3, 1640050994 ,445 
1640928727.139624 ### DEBUG: Ticks: 448, 15, 1 
1640928727.139725 1640050994 c0:98:e5:42:00:29 263 
1640928727.150375 -129 -123 -106 -103 -103 -98 -94 -90 -74 -70 -69 -67 -66 -64 -57 
1640928727.150469 -43 -40 -39 -38 -36 -36 -23 -18 -12 0 6 9 21 28 47 
1640928727.894873 ### RSSI: -46, 22, 1640050995 ,460 
1640928728.141548 ### DEBUG: Ticks: 464, 16, 1 
1640928728.141653 1640050995 c0:98:e5:42:00:29 259 
1640928728.141693 -197 -193 -187 -155 -143 -142 -137 -135 -130 -129 -127 -124 -101 -100 -77 
1640928728.141735 -74 -70 -61 -60 -57 -54 -50 -50 -45 -37 -22 -3 21 28 62 
1640928728.892315 ### RSSI: -47, 9, 1640050996 ,476 
1640928729.148866 ### DEBUG: Ticks: 480, 16, 1 
1640928729.149330 1640050996 c0:98:e5:42:00:29 327 
1640928729.149842 -72 -39 -23 -1 7 7 9 10 16 19 29 33 46 46 55 
1640928729.150458 59 66 66 81 97 103 104 118 122 125 135 138 140 152 162 
1640928729.886630 ### RSSI: -45, 27, 1640050996 ,491 
1640928730.146028 ### DEBUG: Ticks: 495, 15, 1 
1640928730.146141 1640050997 c0:98:e5:42:00:29 262 
1640928730.146190 -105 -89 -76 -61 -45 -42 -38 -35 -35 -28 -21 -20 -19 -8 -7 
1640928730.146241 -1 7 9 31 31 39 40 54 54 55 70 71 79 87 94 
1640928730.895880 ### RSSI: -45, 24, 1640050997 ,507 
1640928731.140403 ### DEBUG: Ticks: 511, 16, 1 
1640928731.140501 1640050998 c0:98:e5:42:00:29 341 
1640928731.140545 -42 -26 -15 -13 -12 -8 -5 2 2 3 15 18 22 36 38 
1640928731.140586 44 55 63 71 76 84 85 88 94 122 129 132 145 147 201 
1640928731.892149 ### RSSI: -47, 15, 1640050998 ,523 
1640928732.139636 ### DEBUG: Ticks: 527, 16, 1 
1640928732.140099 1640050999 c0:98:e5:42:00:29 286 
1640928732.151375 -177 -155 -153 -146 -139 -138 -138 -136 -128 -116 -116 -113 -111 -107 -104 
1640928732.152108 -94 -94 -91 -89 -89 -75 -64 -53 -48 -38 -38 -27 -13 54 65 
1640928732.889809 ### RSSI: -49, 4, 1640050999 ,538 
1640928733.143384 ### ERROR: Failed reading SquarePoint packet length
1640928733.890175 ### RSSI: -47, 26, 1640051000 ,554 
1640928734.893019 ### RSSI: -46, 29, 1640051001 ,569 
1640928735.140810 ### DEBUG: Ticks: 573, 46, 1 
1640928735.141085 1640051002 c0:98:e5:42:00:29 276 
1640928735.141310 -111 -74 -59 -52 -49 -43 -29 -28 -28 -26 -24 -22 -18 -17 3 
1640928735.153301 13 23 25 28 28 33 43 45 53 64 66 72 99 110 133 
1640928735.896218 ### RSSI: -46, 24, 1640051003 ,585 
1640928736.146477 ### DEBUG: Ticks: 589, 16, 1 
1640928736.146574 1640051003 c0:98:e5:42:00:29 300 
1640928736.146849 -84 -78 -19 -19 -18 -6 -3 2 7 27 28 37 38 45 48 
1640928736.146903 51 65 66 75 78 81 90 97 97 100 105 105 105 146 203 
1640928736.887899 ### RSSI: -48, 18, 1640051004 ,601 
1640928737.138440 ### DEBUG: Ticks: 605, 16, 1 
1640928737.150689 1640051004 c0:98:e5:42:00:29 290 
1640928737.150968 -134 -101 -99 -92 -91 -75 -74 -69 -61 -56 -55 -43 -40 -39 -38 
1640928737.151190 -25 -22 -13 -11 6 11 16 22 36 50 60 66 73 75 87 
1640928737.893936 ### RSSI: -47, 11, 1640051005 ,616 
1640928738.140975 ### DEBUG: Ticks: 620, 15, 1 
1640928738.141307 1640051005 c0:98:e5:42:00:29 259 
1640928738.141520 -145 -136 -129 -110 -96 -93 -88 -79 -77 -72 -66 -65 -65 -58 -53 
1640928738.141710 -47 -44 -41 -33 -18 -9 -9 -4 0 6 11 24 27 33 60 
1640928738.888269 ### RSSI: -49, 35, 1640051006 ,632 
1640928739.144362 ### DEBUG: Ticks: 636, 16, 1 
1640928739.144653 1640051006 c0:98:e5:42:00:29 328 
1640928739.144836 -138 -126 -124 -122 -98 -72 -71 -53 -45 -43 -41 -37 -26 -24 -3 
1640928739.145027 -3 0 11 20 23 24 51 53 54 55 61 92 92 102 157 
1640928739.894507 ### RSSI: -48, 15, 1640051007 ,648 
1640928740.147465 ### DEBUG: Ticks: 652, 16, 1 
1640928740.147564 1640051007 c0:98:e5:42:00:29 335 
1640928740.147646 -50 -49 -35 -10 -1 2 7 10 13 16 34 37 52 55 57 
1640928740.147685 60 61 82 92 97 104 113 116 122 132 134 145 158 160 211 
1640928740.895326 ### RSSI: -49, 1, 1640051008 ,663 
1640928741.147317 ### DEBUG: Ticks: 667, 15, 1 
1640928741.147419 1640051008 c0:98:e5:42:00:29 238 
1640928741.147801 -171 -162 -150 -138 -135 -131 -127 -127 -123 -114 -111 -109 -105 -100 -90 
1640928741.148037 -87 -71 -70 -68 -46 -38 -34 -22 -21 -15 -15 -14 -12 51 77 
1640928741.490337 ### INFO: SD card flushed!
1640928741.889250 ### RSSI: -47, 32, 1640051009 ,679 
1640928742.145701 ### DEBUG: Ticks: 683, 16, 1 
1640928742.146150 1640051009 c0:98:e5:42:00:29 278 
1640928742.146801 -107 -105 -104 -92 -77 -64 -53 -46 -38 -36 -33 -31 -24 -22 -9 
1640928742.147257 0 2 4 22 30 32 32 46 48 66 76 82 84 87 102 
1640928742.887011 ### RSSI: -48, 4, 1640051010 ,694 
1640928743.139290 ### DEBUG: Ticks: 698, 15, 1 
1640928743.149228 1640051010 c0:98:e5:42:00:29 298 
1640928743.150005 -161 -139 -133 -133 -119 -113 -112 -100 -97 -94 -92 -87 -84 -78 -64 
1640928743.150536 -58 -57 -50 -47 -26 -23 -17 -4 2 21 24 33 51 61 64 
1640928743.895882 ### RSSI: -45, 29, 1640051011 ,710 
1640928744.147858 ### DEBUG: Ticks: 714, 16, 1 
1640928744.147963 1640051011 c0:98:e5:42:00:29 326 
1640928744.148004 -110 -94 -88 -82 -78 -72 -70 -69 -69 -67 -66 -66 -60 -53 -49 
1640928744.148042 -31 -25 -13 -12 9 11 15 16 32 39 45 47 54 112 123 
1640928744.895020 ### RSSI: -45, 27, 1640051012 ,726 
1640928745.143962 ### DEBUG: Ticks: 730, 16, 1 
1640928745.144235 1640051012 c0:98:e5:42:00:29 318 
1640928745.144464 -43 -33 -3 0 0 7 37 42 45 47 47 56 64 64 64 
1640928745.144643 66 67 67 78 87 88 117 119 128 143 160 162 163 189 242 
1640928745.892479 ### RSSI: -49, 17, 1640051013 ,741 
1640928746.144317 ### ERROR: Failed reading SquarePoint packet length
1640928746.893763 ### RSSI: -49, 34, 1640051014 ,757 
1640928747.887718 ### RSSI: -45, 27, 1640051015 ,773 
1640928748.138379 ### DEBUG: Ticks: 776, 46, 1 
1640928748.150134 1640051015 c0:98:e5:42:00:29 320 
1640928748.150323 -31 -3 20 29 65 75 80 83 91 98 99 110 127 136 138 
1640928748.150439 144 148 155 161 163 166 167 169 175 175 187 192 194 200 0 
1640928748.895790 ### RSSI: -45, 25, 1640051016 ,788 
1640928749.140284 ### DEBUG: Ticks: 792, 16, 1 
1640928749.140655 1640051016 c0:98:e5:42:00:29 241 
1640928749.140812 -85 -62 -62 -59 -56 -35 -32 -29 -24 -20 -17 -14 -12 -8 7 
1640928749.140961 9 12 16 19 37 40 63 64 67 72 81 98 119 121 137 
1640928749.893028 ### RSSI: -48, 8, 1640051017 ,804 
1640928750.143068 ### DEBUG: Ticks: 808, 16, 1 
1640928750.143516 1640051017 c0:98:e5:42:00:29 302 
1640928750.144186 -145 -128 -92 -89 -84 -82 -76 -66 -56 -54 -45 -36 -35 -35 -15 
1640928750.144821 -14 -14 -10 6 10 13 17 18 19 35 42 48 61 74 110 
1640928750.896226 ### RSSI: -47, 32, 1640051018 ,819 
1640928751.145368 ### DEBUG: Ticks: 823, 15, 1 
1640928751.146018 1640051018 c0:98:e5:42:00:29 309 
1640928751.146763 -130 -108 -107 -89 -88 -82 -72 -68 -67 -57 -48 -45 -37 -31 -24 
1640928751.147628 -22 -20 -19 -16 -14 0 6 18 19 23 26 44 54 54 58 
1640928751.888634 ### RSSI: -47, 20, 1640051019 ,835 
1640928752.143531 ### DEBUG: Ticks: 839, 16, 1 
1640928752.144168 1640051019 c0:98:e5:42:00:29 372 
1640928752.144773 6 25 49 60 70 73 85 89 90 93 102 118 123 133 133 
1640928752.145485 141 143 146 158 167 177 180 193 194 195 195 205 223 234 283 
1640928752.886893 ### RSSI: -47, 20, 1640051020 ,851 
1640928753.140607 ### DEBUG: Ticks: 855, 16, 1 
1640928753.140712 1640051020 c0:98:e5:42:00:29 323 
1640928753.140759 -3 5 7 12 14 19 32 41 41 42 44 52 53 58 62 
1640928753.140915 70 71 75 81 83 98 105 114 117 128 135 149 160 191 235 
1640928753.891153 ### RSSI: -49, 4, 1640051020 ,866 
1640928754.141929 ### DEBUG: Ticks: 870, 15, 1 
1640928754.142212 1640051021 c0:98:e5:42:00:29 250 
1640928754.142408 -184 -163 -149 -148 -144 -139 -116 -112 -107 -96 -95 -90 -81 -79 -66 
1640928754.142586 -56 -50 -29 -26 -23 -22 -17 -13 -11 7 25 27 39 39 44 
1640928754.891471 ### RSSI: -47, 14, 1640051021 ,882 
1640928755.060433 ### INFO: Device is now IN MOTION
1640928755.142078 ### DEBUG: Ticks: 886, 16, 1 
1640928755.142363 1640051022 c0:98:e5:42:00:29 305 
1640928755.142545 -89 -46 -46 -45 -37 -35 -31 -25 -6 -3 0 6 7 9 11 
1640928755.142808 18 20 22 24 25 42 43 57 64 70 74 79 106 126 197 
1640928755.887233 ### RSSI: -52, 4, 1640051022 ,897 
1640928756.147682 ### DEBUG: Ticks: 901, 15, 1 
1640928756.147931 1640051023 c0:98:e5:42:00:29 346 
1640928756.148125 -90 -65 -63 -60 -48 -41 -36 -35 -33 -16 -6 21 22 25 27 
1640928756.148306 33 37 37 41 55 55 72 84 103 104 106 109 120 122 136 
1640928756.891789 ### RSSI: -42, 9, 1640051023 ,913 
1640928757.149497 ### DEBUG: Ticks: 917, 16, 1 
1640928757.149780 1640051024 c0:98:e5:42:00:29 292 
1640928757.149961 -73 -63 -49 -49 -43 -36 -34 -28 -23 -22 -22 -11 -11 7 13 
1640928757.150146 13 14 16 18 19 21 33 35 40 50 56 58 74 142 152 
1640928757.892182 ### RSSI: -45, 2, 1640051024 ,929 
1640928758.142731 ### DEBUG: Ticks: 933, 16, 1 
1640928758.143112 1640051025 c0:98:e5:42:00:29 244 
1640928758.143297 -206 -198 -194 -185 -162 -141 -137 -134 -134 -126 -125 -123 -114 -113 -108 
1640928758.143506 -107 -105 -96 -95 -91 -86 -85 -75 -74 -71 -70 -57 -56 -26 -16 
1640928758.891967 ### RSSI: -45, 2, 1640051025 ,944 
1640928759.141506 ### ERROR: Failed reading SquarePoint packet length
1640928759.893251 ### RSSI: -46, 27, 1640051027 ,960 
1640928760.889428 ### RSSI: -49, 4, 1640051028 ,976 
1640928761.139807 ### DEBUG: Ticks: 980, 47, 1 
1640928761.150369 1640051028 c0:98:e5:42:00:29 599 
1640928761.150622 230 235 240 250 254 258 259 261 265 281 282 284 285 288 290 
1640928761.150818 297 300 308 311 312 314 316 317 320 332 333 333 376 383 414 
1640928761.893428 ### RSSI: -49, 21, 1640051029 ,991 
1640928762.146622 ### DEBUG: Ticks: 995, 15, 1 
1640928762.146876 1640051029 c0:98:e5:42:00:29 698 
1640928762.147031 309 358 366 375 389 395 395 403 404 410 419 424 425 432 434 
1640928762.147199 435 435 435 438 459 459 461 462 463 482 483 489 499 542 779 
1640928762.891342 ### RSSI: -52, 9, 1640051030 ,1007 
1640928763.147194 ### DEBUG: Ticks: 1011, 16, 1 
1640928763.147448 1640051030 c0:98:e5:42:00:29 749 
1640928763.147723 376 380 381 384 384 386 389 395 404 405 414 420 424 425 426 
1640928763.147909 428 434 437 438 441 444 462 467 468 477 531 534 549 552 586 
1640928763.886708 ### RSSI: -49, 23, 1640051031 ,1022 
1640928764.147194 ### DEBUG: Ticks: 1026, 15, 1 
1640928764.148844 1640051031 c0:98:e5:42:00:29 927 
1640928764.151791 474 513 522 557 563 567 568 570 581 585 586 588 590 592 593 
1640928764.153572 614 619 622 622 623 628 640 644 648 648 653 655 656 745 811 
1640928764.887875 ### RSSI: -57, 30, 1640051032 ,1038 
1640928765.148411 ### DEBUG: Ticks: 1042, 16, 1 
1640928765.148687 1640051032 c0:98:e5:42:00:29 790 
1640928765.148883 405 449 455 457 457 459 462 466 469 475 476 479 481 491 496 
1640928765.149092 502 505 510 512 518 531 537 542 543 544 545 553 600 637 640 
1640928765.890150 ### RSSI: -57, 25, 1640051033 ,1054 
1640928766.150524 ### DEBUG: Ticks: 1058, 16, 1 
1640928766.150807 1640051033 c0:98:e5:42:00:29 847 
1640928766.150990 540 547 556 564 571 574 578 585 592 594 596 602 608 614 614 
1640928766.151183 617 619 626 630 635 653 654 658 659 671 688 735 746 753 754 
1640928766.894988 ### RSSI: -54, 0, 1640051034 ,1069 
1640928767.142148 ### DEBUG: Ticks: 1073, 15, 1 
1640928767.142380 1640051034 c0:98:e5:42:00:29 758 
1640928767.142535 342 348 367 400 401 403 405 407 409 410 412 426 427 430 439 
1640928767.142667 442 453 453 462 470 480 488 489 504 504 507 508 522 553 556 
1640928767.892769 ### RSSI: -53, 8, 1640051035 ,1085 
1640928768.140997 ### DEBUG: Ticks: 1089, 16, 1 
1640928768.141226 1640051035 c0:98:e5:42:00:29 862 
1640928768.153444 469 476 503 511 517 525 525 526 526 533 540 548 548 551 560 
1640928768.153668 561 562 562 567 571 578 579 590 594 605 612 639 652 659 672 
1640928768.888758 ### RSSI: -57, 33, 1640051036 ,1101 
1640928769.151907 ### DEBUG: Ticks: 1104, 15, 1 
1640928769.152156 1640051036 c0:98:e5:42:00:29 1163 
1640928769.152292 714 729 738 761 766 774 775 778 780 792 802 807 810 823 830 
1640928769.152809 832 833 837 847 847 858 864 864 874 882 899 899 932 936 979 
1640928769.885410 ### RSSI: -60, 7, 1640051037 ,1116 
1640928770.145498 ### DEBUG: Ticks: 1120, 16, 1 
1640928770.145789 1640051037 c0:98:e5:42:00:29 1548 
1640928770.145970 1174 1185 1203 1208 1208 1240 1245 1247 1249 1250 1258 1259 1261 1276 1282 
1640928770.146157 1289 1296 1298 1301 1307 1313 1318 1341 1350 1360 1361 1364 1382 1424 1634 
1640928770.886227 ### RSSI: -63, 26, 1640051038 ,1132 
1640928771.138694 ### ERROR: Failed reading SquarePoint packet length
1640928771.885722 ### RSSI: -56, 23, 1640051039 ,1147 
1640928772.893200 ### RSSI: -73, 8, 1640051040 ,1163 
1640928773.144410 ### DEBUG: Ticks: 1167, 47, 1 
1640928773.144692 1640051040 c0:98:e5:42:00:29 1962 
1640928773.144888 1577 1579 1594 1608 1616 1618 1632 1633 1636 1639 1640 1650 1652 1656 1663 
1640928773.145064 1667 1673 1674 1677 1688 1693 1696 1696 1698 1703 1704 1712 1719 1746 1862 
1640928773.886223 ### RSSI: -59, 19, 1640051041 ,1179 
1640928774.147777 ### DEBUG: Ticks: 1183, 16, 1 
1640928774.148072 1640051041 c0:98:e5:42:00:29 1998 
1640928774.148276 1605 1644 1654 1662 1665 1669 1672 1688 1689 1691 1702 1704 1707 1709 1712 
1640928774.148464 1716 1729 1739 1740 1743 1746 1758 1759 1759 1759 1775 1786 1812 1823 1851 
1640928774.893610 ### RSSI: -63, 1, 1640051042 ,1194 
1640928775.141847 ### DEBUG: Ticks: 1198, 15, 1 
1640928775.142101 1640051042 c0:98:e5:42:00:29 1808 
1640928775.153684 1468 1471 1473 1484 1487 1504 1508 1510 1511 1514 1516 1518 1518 1528 1529 
1640928775.153949 1531 1538 1547 1552 1566 1570 1576 1576 1581 1587 1596 1605 1638 1642 1653 
1640928775.888147 ### RSSI: -63, 3, 1640051043 ,1210 
1640928776.147839 ### DEBUG: Ticks: 1214, 16, 1 
1640928776.149272 1640051043 c0:98:e5:42:00:29 1534 
1640928776.152374 1133 1135 1140 1142 1155 1157 1159 1173 1199 1207 1211 1212 1214 1214 1222 
1640928776.153125 1226 1228 1245 1246 1257 1263 1264 1266 1273 1289 1312 1332 1346 1350 1394 
1640928776.893620 ### RSSI: -64, 1, 1640051044 ,1225 
1640928777.145058 ### DEBUG: Ticks: 1229, 15, 1 
1640928777.145310 1640051044 c0:98:e5:42:00:29 1155 
1640928777.145475 686 739 757 771 779 786 788 789 791 802 806 814 817 818 822 
1640928777.145635 841 861 868 869 878 883 891 901 916 925 932 944 959 984 1083 
1640928777.885363 ### RSSI: -59, 36, 1640051045 ,1241 
1640928778.144786 ### DEBUG: Ticks: 1245, 16, 1 
1640928778.145071 1640051045 c0:98:e5:42:00:29 881 
1640928778.145263 499 505 516 530 539 546 552 553 556 556 558 569 569 574 575 
1640928778.145450 576 582 583 591 593 598 608 614 622 632 633 646 665 705 739 
1640928778.892974 ### RSSI: -58, 7, 1640051045 ,1257 
1640928779.143019 ### DEBUG: Ticks: 1261, 16, 1 
1640928779.143302 1640051046 c0:98:e5:42:00:29 901 
1640928779.143482 535 540 543 555 569 569 574 576 584 587 603 604 605 606 607 
1640928779.143788 615 621 627 636 647 651 659 661 666 676 681 696 726 727 735 
1640928779.884502 ### RSSI: -51, 31, 1640051046 ,1272 
1640928780.144672 ### DEBUG: Ticks: 1276, 15, 1 
1640928780.144957 1640051047 c0:98:e5:42:00:29 896 
1640928780.145178 511 522 527 535 546 555 561 563 564 565 569 580 583 590 593 
1640928780.145363 604 607 607 610 611 612 623 624 627 632 650 650 657 662 685 
1640928780.891946 ### RSSI: -52, 15, 1640051047 ,1288 
1640928781.149411 ### DEBUG: Ticks: 1292, 16, 1 
1640928781.149725 1640051048 c0:98:e5:42:00:29 969 
1640928781.149919 631 639 646 653 657 662 666 671 673 683 693 694 699 703 705 
1640928781.150137 707 707 714 722 724 735 738 744 744 745 750 780 797 809 862 
1640928781.574284 ### INFO: SD card flushed!
1640928781.887977 ### RSSI: -56, 36, 1640051048 ,1304 
1640928782.147930 ### DEBUG: Ticks: 1308, 16, 1 
1640928782.149824 1640051049 c0:98:e5:42:00:29 985 
1640928782.153668 589 614 650 656 666 667 668 669 672 675 684 688 688 704 706 
1640928782.157609 708 711 713 716 724 734 750 757 761 763 768 778 800 813 828 
1640928782.885337 ### RSSI: -68, 7, 1640051049 ,1319 
1640928783.147021 ### DEBUG: Ticks: 1323, 15, 1 
1640928783.147272 1640051050 c0:98:e5:42:00:29 1227 
1640928783.147429 824 862 864 870 881 884 889 893 904 912 915 928 933 941 955 
1640928783.147656 956 961 964 971 977 999 1011 1014 1020 1045 1049 1055 1117 1137 1290 
1640928783.887139 ### RSSI: -61, 24, 1640051051 ,1335 
1640928784.142889 ### ERROR: Failed reading SquarePoint packet length
1640928784.885711 ### RSSI: -68, 35, 1640051052 ,1350 
1640928785.893404 ### RSSI: -56, 27, 1640051053 ,1366 
1640928786.148155 ### DEBUG: Ticks: 1370, 47, 1 
1640928786.148445 1640051053 c0:98:e5:42:00:29 2088 
1640928786.148641 1701 1705 1707 1710 1717 1738 1760 1764 1767 1777 1780 1786 1789 1794 1797 
1640928786.148826 1798 1799 1814 1820 1820 1822 1825 1842 1842 1843 1865 1877 1884 1887 1931 
1640928786.890792 ### RSSI: -64, 10, 1640051054 ,1382 
1640928787.151478 ### DEBUG: Ticks: 1386, 16, 1 
1640928787.151824 1640051054 c0:98:e5:42:00:29 2128 
1640928787.152019 1765 1791 1804 1807 1807 1811 1814 1819 1842 1845 1846 1846 1852 1859 1867 
1640928787.152280 1869 1881 1886 1900 1912 1917 1923 1931 1953 1956 1958 1969 1971 1976 1996 
1640928787.887101 ### RSSI: -69, 5, 1640051055 ,1397 
1640928788.149885 ### DEBUG: Ticks: 1401, 15, 1 
1640928788.150160 1640051055 c0:98:e5:42:00:29 2124 
1640928788.150316 1718 1728 1751 1751 1762 1768 1771 1782 1783 1802 1810 1812 1815 1816 1818 
1640928788.150511 1819 1821 1822 1826 1826 1839 1845 1865 1866 1875 1884 1886 1935 1947 1996 
1640928788.885233 ### RSSI: -62, 16, 1640051056 ,1413 
1640928789.142675 ### DEBUG: Ticks: 1417, 16, 1 
1640928789.142996 1640051056 c0:98:e5:42:00:29 2023 
1640928789.143187 1641 1660 1660 1679 1681 1690 1693 1697 1702 1716 1721 1728 1732 1735 1735 
1640928789.143375 1744 1744 1749 1756 1756 1770 1777 1777 1779 1798 1819 1824 1843 1850 1864 
1640928789.889093 ### RSSI: -68, 15, 1640051057 ,1429 
1640928790.145111 ### DEBUG: Ticks: 1433, 16, 1 
1640928790.145417 1640051057 c0:98:e5:42:00:29 1680 
1640928790.145648 1330 1347 1362 1364 1372 1377 1390 1391 1413 1415 1418 1426 1428 1429 1433 
1640928790.145848 1433 1453 1454 1467 1467 1474 1481 1489 1509 1512 1516 1529 1552 1557 1560 
1640928790.892009 ### RSSI: -61, 18, 1640051058 ,1444 
1640928791.142186 ### DEBUG: Ticks: 1448, 15, 1 
1640928791.142483 1640051058 c0:98:e5:42:00:29 1319 
1640928791.142690 861 895 903 936 937 944 949 950 954 954 954 960 970 974 980 
1640928791.142856 981 985 991 1000 1003 1005 1033 1038 1040 1047 1049 1088 1109 1154 1318 
1640928791.884333 ### RSSI: -63, 26, 1640051059 ,1460 
1640928792.147209 ### DEBUG: Ticks: 1464, 16, 1 
1640928792.147499 1640051059 c0:98:e5:42:00:29 996 
1640928792.147798 638 640 652 657 657 658 669 681 702 703 706 716 717 727 735 
1640928792.147991 740 758 764 764 776 783 796 809 811 824 830 907 913 926 1023 
1640928792.890985 ### RSSI: -58, 28, 1640051060 ,1475 
1640928793.152178 ### DEBUG: Ticks: 1479, 15, 1 
1640928793.152448 1640051060 c0:98:e5:42:00:29 791 
1640928793.152607 396 404 407 420 422 434 447 452 452 455 459 461 464 466 472 
1640928793.152791 477 478 482 494 495 496 496 500 506 517 526 531 537 569 632 
1640928793.886161 ### RSSI: -58, 33, 1640051061 ,1491 
1640928794.147258 ### DEBUG: Ticks: 1495, 16, 1 
1640928794.147506 1640051061 c0:98:e5:42:00:29 778 
1640928794.147745 400 421 436 454 469 470 474 475 482 484 489 494 499 505 505 
1640928794.147925 508 520 523 537 544 544 554 554 555 578 588 599 603 610 613 
1640928794.887566 ### RSSI: -57, 28, 1640051062 ,1507 
1640928795.150228 ### DEBUG: Ticks: 1511, 16, 1 
1640928795.152282 1640051062 c0:98:e5:42:00:29 780 
1640928795.153973 390 410 411 415 417 424 428 437 439 455 466 474 475 482 483 
1640928795.154595 489 509 510 515 515 523 524 530 532 538 541 561 563 631 0 
1640928795.890351 ### RSSI: -76, 21, 1640051063 ,1522 
1640928796.142915 ### DEBUG: Ticks: 1526, 15, 1 
1640928796.143195 1640051063 c0:98:e5:42:00:29 955 
1640928796.143387 563 578 602 603 603 604 622 630 638 639 644 645 652 659 667 
1640928796.143573 668 689 694 695 696 697 700 730 739 745 757 758 764 815 844 
1640928796.891515 ### RSSI: -61, 14, 1640051064 ,1538 
1640928797.141017 ### ERROR: Failed reading SquarePoint packet length
1640928797.886042 ### RSSI: -71, 36, 1640051065 ,1553 
1640928798.887900 ### RSSI: -55, 12, 1640051066 ,1569 
1640928799.150064 ### DEBUG: Ticks: 1573, 47, 1 
1640928799.150405 1640051066 c0:98:e5:42:00:29 2134 
1640928799.150592 1759 1773 1774 1776 1785 1797 1803 1805 1810 1820 1833 1833 1840 1848 1849 
1640928799.150800 1851 1854 1870 1885 1886 1889 1895 1907 1909 1911 1922 1932 1972 1979 1988 
1640928799.888587 ### RSSI: -66, 24, 1640051067 ,1585 
1640928800.147798 ### DEBUG: Ticks: 1589, 16, 1 
1640928800.148021 1640051067 c0:98:e5:42:00:29 2105 
1640928800.148185 1726 1736 1760 1760 1767 1777 1784 1785 1796 1797 1802 1812 1815 1815 1818 
1640928800.148433 1826 1833 1835 1837 1843 1846 1875 1889 1892 1903 1911 1913 1914 1930 2007 
1640928800.882373 ### RSSI: -62, 20, 1640051068 ,1600 
1640928801.142189 ### DEBUG: Ticks: 1604, 15, 1 
1640928801.142497 1640051068 c0:98:e5:42:00:29 2093 
1640928801.155924 1726 1739 1748 1760 1765 1770 1786 1787 1787 1790 1793 1808 1814 1823 1825 
1640928801.156217 1826 1832 1844 1844 1845 1848 1851 1869 1894 1908 1914 1916 1935 1936 1947 
1640928801.887402 ### RSSI: -60, 26, 1640051069 ,1616 
1640928802.150820 ### DEBUG: Ticks: 1620, 16, 1 
1640928802.151104 1640051069 c0:98:e5:42:00:29 2072 
1640928802.151273 1658 1679 1681 1694 1697 1707 1709 1710 1725 1726 1732 1735 1741 1743 1750 
1640928802.151434 1756 1758 1774 1774 1775 1788 1805 1805 1824 1829 1834 1847 1853 1899 0 
1640928802.892858 ### RSSI: -54, 5, 1640051069 ,1632 
1640928803.150605 ### DEBUG: Ticks: 1636, 16, 1 
1640928803.150883 1640051070 c0:98:e5:42:00:29 1929 
1640928803.151128 1549 1558 1583 1583 1587 1597 1603 1617 1627 1630 1631 1636 1642 1648 1648 
1640928803.151305 1649 1652 1655 1661 1665 1668 1678 1682 1703 1720 1722 1725 1742 1763 1812 
1640928803.891041 ### RSSI: -60, 28, 1640051070 ,1647 
1640928804.143453 ### DEBUG: Ticks: 1651, 15, 1 
1640928804.143792 1640051071 c0:98:e5:42:00:29 1671 
1640928804.143986 1179 1253 1261 1263 1288 1304 1307 1312 1319 1320 1327 1336 1338 1342 1344 
1640928804.144198 1355 1363 1364 1371 1384 1427 1430 1436 1437 1442 1465 1471 1508 1679 1684 
1640928804.883536 ### RSSI: -64, 0, 1640051071 ,1663 
1640928805.142659 ### DEBUG: Ticks: 1667, 16, 1 
1640928805.142921 1640051072 c0:98:e5:42:00:29 1265 
1640928805.143077 869 911 936 951 958 960 962 972 973 980 983 990 996 998 1002 
1640928805.156596 1005 1015 1018 1024 1034 1062 1063 1068 1069 1075 1091 1099 1109 1133 1151 
1640928805.890404 ### RSSI: -54, 35, 1640051072 ,1678 
1640928806.147082 ### DEBUG: Ticks: 1682, 15, 1 
1640928806.147340 1640051073 c0:98:e5:42:00:29 986 
1640928806.147476 581 583 591 605 613 620 622 623 626 636 641 642 646 652 653 
1640928806.147675 660 660 663 689 692 695 698 699 716 717 718 722 724 735 756 
1640928806.889881 ### RSSI: -52, 26, 1640051073 ,1694 
1640928807.147723 ### DEBUG: Ticks: 1698, 16, 1 
1640928807.147971 1640051074 c0:98:e5:42:00:29 1002 
1640928807.148128 620 647 658 688 695 706 709 710 710 718 720 721 722 725 725 
1640928807.148292 736 736 739 740 747 748 751 761 778 784 799 804 817 868 881 
1640928807.888826 ### RSSI: -54, 16, 1640051075 ,1710 
1640928808.147535 ### DEBUG: Ticks: 1714, 16, 1 
1640928808.147818 1640051075 c0:98:e5:42:00:29 990 
1640928808.147963 628 668 698 702 704 720 733 738 741 742 742 745 748 748 763 
1640928808.148131 767 770 772 774 775 779 780 780 781 806 808 819 848 866 1001 
1640928808.888052 ### RSSI: -57, 14, 1640051076 ,1725 
1640928809.147347 ### DEBUG: Ticks: 1729, 15, 1 
1640928809.147669 1640051076 c0:98:e5:42:00:29 928 
1640928809.147844 578 582 582 582 589 610 613 629 631 634 639 643 648 653 662 
1640928809.148025 669 671 671 678 685 692 695 695 697 723 732 737 760 767 866 
1640928809.882240 ### RSSI: -55, 16, 1640051077 ,1741 
1640928810.142703 ### ERROR: Failed reading SquarePoint packet length
1640928810.892232 ### RSSI: -62, 20, 1640051078 ,1757 
1640928811.885661 ### RSSI: -57, 28, 1640051079 ,1772 
1640928812.152814 ### DEBUG: Ticks: 1776, 47, 1 
1640928812.154822 1640051079 c0:98:e5:42:00:29 1911 
1640928812.159106 1509 1510 1510 1512 1530 1531 1550 1554 1554 1555 1570 1573 1574 1589 1589 
1640928812.159382 1597 1600 1602 1612 1615 1633 1650 1654 1659 1664 1697 1698 1754 1811 1882 
1640928812.886647 ### RSSI: -56, 5, 1640051080 ,1788 
1640928813.143033 ### DEBUG: Ticks: 1792, 16, 1 
1640928813.143263 1640051080 c0:98:e5:42:00:29 2175 
1640928813.143398 1783 1793 1838 1840 1842 1855 1877 1879 1882 1884 1885 1902 1903 1904 1908 
1640928813.143538 1908 1914 1933 1935 1938 1946 1950 1954 1959 1981 1996 2009 2019 2063 2085 
1640928813.885684 ### RSSI: -60, 4, 1640051081 ,1803 
1640928814.140764 ### DEBUG: Ticks: 1807, 15, 1 
1640928814.152106 1640051081 c0:98:e5:42:00:29 2086 
1640928814.152375 1692 1719 1721 1722 1723 1724 1739 1741 1754 1755 1762 1769 1780 1781 1787 
1640928814.152545 1794 1795 1798 1798 1804 1808 1848 1848 1851 1866 1875 1878 1885 1897 1922 
1640928814.889340 ### RSSI: -60, 30, 1640051082 ,1819 
1640928815.148673 ### DEBUG: Ticks: 1823, 16, 1 
1640928815.151043 1640051082 c0:98:e5:42:00:29 2075 
1640928815.155132 1687 1691 1696 1702 1705 1717 1732 1734 1738 1742 1750 1752 1765 1777 1782 
1640928815.156744 1782 1792 1798 1803 1808 1821 1834 1837 1843 1848 1858 1868 1870 1874 1910 
1640928815.889028 ### RSSI: -70, 1, 1640051083 ,1835 
1640928816.149043 ### DEBUG: Ticks: 1839, 16, 1 
1640928816.149295 1640051083 c0:98:e5:42:00:29 2069 
1640928816.149450 1701 1701 1704 1708 1713 1713 1723 1746 1763 1766 1766 1775 1776 1776 1780 
1640928816.149607 1782 1784 1789 1793 1808 1811 1833 1835 1845 1865 1868 1883 1908 1929 1944 
1640928816.883055 ### RSSI: -71, 15, 1640051084 ,1850 
1640928817.149721 ### DEBUG: Ticks: 1854, 15, 1 
1640928817.149997 1640051084 c0:98:e5:42:00:29 1872 
1640928817.150212 1532 1534 1565 1575 1579 1589 1596 1599 1603 1609 1612 1622 1626 1630 1637 
1640928817.150390 1637 1641 1649 1659 1669 1670 1679 1681 1688 1688 1717 1723 1755 1771 1805 
1640928817.882937 ### RSSI: -66, 17, 1640051085 ,1866 
1640928818.142876 ### DEBUG: Ticks: 1870, 16, 1 
1640928818.143144 1640051085 c0:98:e5:42:00:29 1504 
1640928818.143310 1078 1085 1085 1099 1113 1127 1134 1141 1171 1174 1176 1179 1186 1186 1214 
1640928818.143495 1215 1218 1221 1222 1223 1224 1253 1278 1298 1301 1334 1381 1404 1406 1536 
1640928818.889181 ### RSSI: -60, 12, 1640051086 ,1881 
1640928819.149770 ### DEBUG: Ticks: 1885, 15, 1 
1640928819.150020 1640051086 c0:98:e5:42:00:29 1114 
1640928819.150238 730 750 754 757 759 772 776 785 794 800 802 804 813 817 856 
1640928819.150404 860 861 864 877 898 903 908 927 939 975 988 992 994 1028 1237 
1640928819.888513 ### RSSI: -53, 3, 1640051087 ,1897 
1640928820.147128 ### DEBUG: Ticks: 1901, 16, 1 
1640928820.147407 1640051087 c0:98:e5:42:00:29 829 
1640928820.147660 505 516 521 522 527 528 532 547 549 550 552 556 564 576 590 
1640928820.148039 593 600 600 602 603 604 612 625 627 629 632 647 664 704 747 
1640928820.886401 ### RSSI: -53, 21, 1640051088 ,1913 
1640928821.145819 ### DEBUG: Ticks: 1917, 16, 1 
1640928821.146035 1640051088 c0:98:e5:42:00:29 858 
1640928821.146180 500 510 527 531 533 536 538 552 553 558 574 574 578 586 589 
1640928821.146321 590 590 590 612 612 614 615 623 626 627 641 644 645 727 727 
1640928821.516700 ### INFO: SD card flushed!
1640928821.887759 ### RSSI: -55, 19, 1640051089 ,1928 
1640928822.142567 ### DEBUG: Ticks: 1932, 15, 1 
1640928822.142740 1640051089 c0:98:e5:42:00:29 847 
1640928822.155658 452 465 465 480 485 487 496 501 502 503 511 523 529 532 533 
1640928822.155958 534 544 549 558 576 578 581 581 595 615 617 621 623 628 697 
1640928822.888284 ### RSSI: -54, 15, 1640051090 ,1944 
1640928823.141440 ### ERROR: Failed reading SquarePoint packet length
1640928823.890615 ### RSSI: -62, 0, 1640051091 ,1960 
1640928824.881166 ### RSSI: -75, 6, 1640051092 ,1975 
1640928825.140579 ### DEBUG: Ticks: 1979, 47, 1 
1640928825.154022 1640051092 c0:98:e5:42:00:29 1618 
1640928825.154301 1251 1253 1258 1259 1270 1271 1277 1285 1292 1301 1308 1322 1323 1331 1335 
1640928825.154486 1357 1358 1359 1359 1360 1361 1365 1366 1384 1388 1424 1433 1517 1595 1679 
1640928825.892011 ### RSSI: -57, 8, 1640051093 ,1991 
1640928826.147720 ### DEBUG: Ticks: 1995, 16, 1 
1640928826.148027 1640051093 c0:98:e5:42:00:29 2055 
1640928826.148218 1613 1654 1663 1674 1693 1697 1698 1703 1710 1711 1715 1718 1723 1725 1730 
1640928826.148381 1739 1739 1742 1742 1747 1760 1783 1788 1803 1809 1811 1827 1832 1838 1861 
1640928826.892214 ### RSSI: -62, 15, 1640051093 ,2006 
1640928827.151109 ### DEBUG: Ticks: 2010, 15, 1 
1640928827.151393 1640051094 c0:98:e5:42:00:29 2085 
1640928827.151775 1725 1731 1735 1749 1751 1762 1766 1772 1785 1797 1798 1798 1801 1810 1811 
1640928827.151962 1811 1812 1813 1813 1829 1830 1840 1858 1870 1872 1882 1884 1895 1898 1964 
1640928827.891109 ### RSSI: -61, 19, 1640051094 ,2022 
1640928828.146389 ### DEBUG: Ticks: 2026, 16, 1 
1640928828.146642 1640051095 c0:98:e5:42:00:29 2103 
1640928828.146816 1719 1729 1730 1737 1739 1758 1764 1766 1767 1781 1784 1785 1795 1795 1798 
1640928828.146976 1798 1801 1803 1808 1816 1823 1826 1827 1837 1843 1856 1866 1890 1941 1945 
1640928828.886307 ### RSSI: -59, 5, 1640051095 ,2038 
1640928829.147206 ### DEBUG: Ticks: 2042, 16, 1 
1640928829.147465 1640051096 c0:98:e5:42:00:29 2106 
1640928829.147673 1727 1731 1740 1755 1757 1768 1768 1772 1786 1795 1797 1802 1806 1807 1817 
1640928829.147846 1818 1824 1827 1840 1848 1849 1876 1883 1890 1893 1897 1899 1900 1907 1916 
1640928829.889672 ### RSSI: -58, 0, 1640051096 ,2053 
1640928830.148073 ### DEBUG: Ticks: 2057, 15, 1 
1640928830.149316 1640051097 c0:98:e5:42:00:29 1901 
1640928830.153064 1519 1535 1541 1547 1549 1557 1570 1582 1583 1588 1591 1594 1595 1601 1605 
1640928830.153240 1619 1627 1630 1631 1641 1652 1654 1657 1661 1667 1677 1679 1680 1712 1718 
1640928830.890599 ### RSSI: -62, 25, 1640051097 ,2069 
1640928831.144728 ### DEBUG: Ticks: 2073, 16, 1 
1640928831.144947 1640051098 c0:98:e5:42:00:29 1731 
1640928831.145096 1303 1313 1330 1340 1345 1346 1371 1383 1391 1397 1400 1401 1413 1413 1414 
1640928831.145462 1415 1439 1445 1446 1446 1447 1467 1496 1497 1505 1513 1532 1542 1600 1740 
1640928831.885067 ### RSSI: -55, 2, 1640051098 ,2084 
1640928832.149148 ### DEBUG: Ticks: 2089, 16, 1 
1640928832.149447 1640051099 c0:98:e5:42:00:29 1348 
1640928832.149614 910 912 954 958 975 979 984 988 999 1001 1026 1026 1031 1054 1055 
1640928832.149774 1067 1073 1075 1092 1093 1094 1103 1104 1118 1119 1126 1165 1170 1187 1220 
1640928832.885397 ### RSSI: -53, 25, 1640051100 ,2100 
1640928833.146861 ### DEBUG: Ticks: 2104, 15, 1 
1640928833.147090 1640051100 c0:98:e5:42:00:29 944 
1640928833.147250 548 575 579 584 585 597 602 603 605 606 609 619 620 630 630 
1640928833.147391 640 645 654 655 684 687 695 697 697 698 710 711 725 730 768 
1640928833.889886 ### RSSI: -53, 34, 1640051101 ,2116 
1640928834.144301 ### DEBUG: Ticks: 2120, 16, 1 
1640928834.144579 1640051101 c0:98:e5:42:00:29 1005 
1640928834.144735 633 636 639 662 668 681 688 690 692 694 694 694 701 711 723 
1640928834.144896 726 727 729 750 752 761 761 777 788 796 801 819 822 834 834 
1640928834.886854 ### RSSI: -61, 15, 1640051102 ,2131 
1640928835.148395 ### DEBUG: Ticks: 2135, 15, 1 
1640928835.148654 1640051102 c0:98:e5:42:00:29 998 
1640928835.148800 581 589 595 614 626 633 644 644 647 649 654 658 671 676 696 
1640928835.148939 697 701 704 707 709 709 712 712 732 732 750 762 806 820 846 
1640928835.884199 ### RSSI: -57, 1, 1640051103 ,2147 
1640928836.143046 ### DEBUG: Ticks: 2151, 16, 1 
1640928836.143275 1640051103 c0:98:e5:42:00:29 1019 
1640928836.156003 600 611 611 625 634 638 639 646 649 655 662 666 675 687 703 
1640928836.156229 705 718 721 722 731 732 737 738 739 748 771 778 814 818 868 
1640928836.883062 ### RSSI: -54, 17, 1640051104 ,2163 
1640928837.140777 ### ERROR: Failed reading SquarePoint packet length
1640928837.882715 ### RSSI: -67, 36, 1640051105 ,2178 
1640928838.880979 ### RSSI: -62, 10, 1640051106 ,2194 
1640928839.148302 ### DEBUG: Ticks: 2198, 47, 1 
1640928839.148518 1640051106 c0:98:e5:42:00:29 1877 
1640928839.148662 1499 1518 1519 1547 1548 1553 1554 1559 1559 1562 1569 1570 1590 1593 1599 
1640928839.148817 1606 1619 1631 1631 1649 1659 1661 1662 1664 1691 1701 1709 1711 1727 1824 
1640928839.884316 ### RSSI: -68, 11, 1640051107 ,2209 
1640928840.150371 ### DEBUG: Ticks: 2214, 16, 1 
1640928840.150654 1640051107 c0:98:e5:42:00:29 2125 
1640928840.150847 1732 1743 1753 1769 1784 1793 1794 1803 1809 1809 1810 1823 1823 1827 1833 
1640928840.151073 1843 1858 1860 1863 1869 1875 1885 1893 1902 1903 1919 1929 1939 1942 1998 
1640928840.886079 ### RSSI: -72, 33, 1640051108 ,2225 
1640928841.144872 ### DEBUG: Ticks: 2229, 15, 1 
1640928841.145102 1640051108 c0:98:e5:42:00:29 2106 
1640928841.145248 1665 1685 1686 1691 1701 1715 1724 1727 1753 1754 1756 1767 1769 1771 1771 
1640928841.145776 1773 1773 1779 1783 1794 1800 1805 1825 1828 1857 1857 1859 1870 1884 1888 
1640928841.881089 ### RSSI: -55, 36, 1640051109 ,2241 
1640928842.146617 ### DEBUG: Ticks: 2245, 16, 1 
1640928842.146875 1640051109 c0:98:e5:42:00:29 2125 
1640928842.147041 1715 1731 1743 1752 1761 1778 1785 1790 1792 1801 1813 1820 1825 1832 1841 
1640928842.147200 1841 1841 1846 1855 1855 1858 1862 1872 1895 1907 1928 1949 1951 1961 1963 
1640928842.884718 ### RSSI: -63, 13, 1640051110 ,2256 
1640928843.147792 ### DEBUG: Ticks: 2260, 15, 1 
1640928843.148065 1640051110 c0:98:e5:42:00:29 2045 
1640928843.148268 1657 1678 1682 1694 1707 1722 1723 1737 1741 1743 1744 1754 1760 1762 1763 
1640928843.148449 1763 1765 1768 1773 1781 1794 1800 1809 1814 1821 1825 1834 1881 1882 1914 
1640928843.885582 ### RSSI: -65, 12, 1640051111 ,2272 
1640928844.145087 ### DEBUG: Ticks: 2276, 16, 1 
1640928844.145303 1640051111 c0:98:e5:42:00:29 1839 
1640928844.145447 1452 1454 1461 1468 1488 1499 1513 1520 1524 1528 1534 1544 1549 1554 1561 
1640928844.145587 1568 1573 1576 1595 1601 1601 1602 1616 1621 1627 1654 1665 1674 1677 1709 
1640928844.881763 ### RSSI: -54, 32, 1640051112 ,2288 
1640928845.144083 ### DEBUG: Ticks: 2292, 16, 1 
1640928845.144352 1640051112 c0:98:e5:42:00:29 1492 
1640928845.155025 1138 1142 1163 1167 1169 1174 1194 1202 1203 1210 1218 1220 1225 1244 1246 
1640928845.155270 1247 1252 1258 1265 1266 1296 1327 1345 1351 1356 1356 1432 1513 1543 0 
1640928845.880768 ### RSSI: -65, 0, 1640051113 ,2303 
1640928846.150779 ### DEBUG: Ticks: 2307, 15, 1 
1640928846.152087 1640051113 c0:98:e5:42:00:29 1155 
1640928846.152458 751 789 807 814 821 828 829 843 855 860 863 867 901 909 913 
1640928846.152716 916 949 956 959 971 976 994 1007 1015 1016 1017 1065 1075 1085 1185 
1640928846.882865 ### RSSI: -56, 4, 1640051114 ,2319 
1640928847.144063 ### DEBUG: Ticks: 2323, 16, 1 
1640928847.144288 1640051114 c0:98:e5:42:00:29 882 
1640928847.144424 540 552 557 565 582 585 592 603 610 617 626 628 630 630 637 
1640928847.154643 646 648 652 654 656 658 661 685 693 695 703 709 744 744 801 
1640928847.883326 ### RSSI: -53, 23, 1640051115 ,2334 
1640928848.152833 ### DEBUG: Ticks: 2338, 15, 1 
1640928848.153075 1640051115 c0:98:e5:42:00:29 908 
1640928848.153224 500 507 553 574 581 584 586 589 591 591 597 601 617 619 629 
1640928848.153395 632 635 642 645 646 652 662 670 675 677 679 716 753 762 820 
1640928848.892168 ### RSSI: -54, 26, 1640051116 ,2350 
1640928849.149385 ### DEBUG: Ticks: 2354, 16, 1 
1640928849.150610 1640051116 c0:98:e5:42:00:29 832 
1640928849.151869 483 492 508 518 522 523 525 527 540 541 544 551 554 558 562 
1640928849.152066 572 573 574 578 580 587 588 589 592 594 601 677 680 707 748 
1640928849.880471 ### RSSI: -55, 22, 1640051117 ,2366 
1640928850.140085 ### ERROR: Failed reading SquarePoint packet length
1640928850.880727 ### RSSI: -56, 22, 1640051118 ,2381 
1640928851.883463 ### RSSI: -63, 19, 1640051119 ,2397 
1640928852.147494 ### DEBUG: Ticks: 2401, 47, 1 
1640928852.147851 1640051119 c0:98:e5:42:00:29 1497 
1640928852.148087 1039 1086 1091 1091 1097 1111 1120 1143 1144 1160 1165 1171 1171 1173 1174 
1640928852.148345 1178 1186 1193 1195 1215 1231 1242 1250 1257 1261 1275 1276 1292 1374 1440 
1640928852.881648 ### RSSI: -60, 7, 1640051119 ,2412 
1640928853.143361 ### DEBUG: Ticks: 2417, 16, 1 
1640928853.143810 1640051120 c0:98:e5:42:00:29 1927 
1640928853.155177 1504 1504 1530 1536 1549 1570 1574 1583 1585 1586 1590 1593 1596 1597 1605 
1640928853.155501 1606 1609 1609 1616 1623 1633 1661 1664 1679 1682 1683 1687 1700 1728 1737 
1640928853.880918 ### RSSI: -56, 15, 1640051120 ,2428 
1640928854.153616 ### DEBUG: Ticks: 2432, 15, 1 
1640928854.154445 1640051121 c0:98:e5:42:00:29 2077 
1640928854.154682 1733 1734 1745 1752 1771 1783 1784 1785 1788 1795 1798 1803 1814 1815 1818 
1640928854.154967 1821 1827 1831 1841 1844 1844 1851 1873 1874 1886 1893 1906 1910 1927 1934 
1640928854.885249 ### RSSI: -62, 9, 1640051121 ,2444 
1640928855.146041 ### DEBUG: Ticks: 2448, 16, 1 
1640928855.147956 1640051122 c0:98:e5:42:00:29 2100 
1640928855.151060 1720 1733 1737 1745 1749 1754 1762 1762 1769 1770 1773 1782 1782 1785 1786 
1640928855.151290 1789 1793 1798 1798 1818 1822 1841 1852 1866 1867 1895 1895 1907 1913 1917 
1640928855.890377 ### RSSI: -62, 19, 1640051122 ,2459 
1640928856.147917 ### DEBUG: Ticks: 2463, 15, 1 
1640928856.148208 1640051123 c0:98:e5:42:00:29 2063 
1640928856.148373 1704 1715 1731 1738 1750 1751 1752 1754 1761 1767 1770 1771 1772 1773 1776 
1640928856.148533 1781 1783 1789 1792 1793 1802 1819 1820 1830 1835 1851 1854 1863 1871 1878 
1640928856.889145 ### RSSI: -62, 16, 1640051124 ,2475 
1640928857.146861 ### DEBUG: Ticks: 2479, 16, 1 
1640928857.148678 1640051124 c0:98:e5:42:00:29 1963 
1640928857.152241 1567 1584 1594 1602 1627 1631 1635 1642 1644 1646 1647 1651 1654 1658 1668 
1640928857.154271 1668 1671 1678 1679 1679 1697 1705 1725 1727 1728 1732 1745 1751 1756 1770 
1640928857.887387 ### RSSI: -64, 16, 1640051125 ,2491 
1640928858.143479 ### DEBUG: Ticks: 2495, 16, 1 
1640928858.143805 1640051125 c0:98:e5:42:00:29 1739 
1640928858.155346 1344 1352 1368 1378 1395 1397 1397 1398 1411 1412 1414 1416 1418 1441 1444 
1640928858.155699 1444 1451 1468 1474 1480 1488 1492 1531 1539 1542 1543 1546 1555 1644 1750 
1640928858.888930 ### RSSI: -63, 2, 1640051126 ,2506 
1640928859.147679 ### DEBUG: Ticks: 2510, 15, 1 
1640928859.148862 1640051126 c0:98:e5:42:00:29 1320 
1640928859.149078 917 926 939 944 954 964 967 970 974 975 981 987 991 996 1001 
1640928859.149278 1010 1015 1026 1034 1052 1056 1063 1067 1085 1086 1086 1089 1097 1133 1191 
1640928859.885716 ### RSSI: -62, 34, 1640051127 ,2522 
1640928860.144105 ### DEBUG: Ticks: 2526, 16, 1 
1640928860.144315 1640051127 c0:98:e5:42:00:29 1086 
1640928860.144447 665 677 679 682 685 702 706 726 726 732 735 735 740 752 753 
1640928860.144571 753 772 774 775 778 779 792 800 803 803 814 837 846 873 905 
1640928860.879995 ### RSSI: -61, 10, 1640051128 ,2537 
1640928861.147972 ### DEBUG: Ticks: 2542, 16, 1 
1640928861.148252 1640051128 c0:98:e5:42:00:29 981 
1640928861.148410 609 620 627 640 642 647 650 651 661 668 678 689 695 697 705 
1640928861.148572 708 711 717 718 735 743 747 756 758 781 782 794 810 815 825 
1640928861.500475 ### INFO: SD card flushed!
1640928861.881264 ### RSSI: -62, 12, 1640051129 ,2553 
1640928862.151774 ### DEBUG: Ticks: 2557, 15, 1 
1640928862.152061 1640051129 c0:98:e5:42:00:29 1019 
1640928862.153732 678 690 712 713 715 717 724 736 749 753 754 758 770 775 780 
1640928862.154656 787 790 798 800 801 823 828 829 835 840 860 876 878 901 905 
1640928862.884435 ### RSSI: -53, 35, 1640051130 ,2569 
1640928863.140180 ### ERROR: Failed reading SquarePoint packet length
1640928863.882225 ### RSSI: -60, 8, 1640051131 ,2584 
1640928864.880639 ### RSSI: -55, 11, 1640051132 ,2600 
1640928865.149025 ### DEBUG: Ticks: 2604, 47, 1 
1640928865.151027 1640051132 c0:98:e5:42:00:29 1330 
1640928865.154535 850 871 896 911 916 922 932 944 945 947 956 959 971 975 982 
1640928865.155274 997 1004 1023 1029 1036 1043 1045 1057 1057 1062 1066 1073 1087 1132 1230 
1640928865.885308 ### RSSI: -60, 22, 1640051133 ,2616 
1640928866.143631 ### DEBUG: Ticks: 2620, 16, 1 
1640928866.154980 1640051133 c0:98:e5:42:00:29 1778 
1640928866.155181 1368 1373 1412 1421 1424 1446 1455 1460 1468 1473 1479 1481 1501 1501 1505 
1640928866.155314 1506 1514 1519 1524 1528 1552 1574 1577 1577 1591 1609 1656 1668 1768 1811 
1640928866.883153 ### RSSI: -73, 0, 1640051134 ,2631 
1640928867.151836 ### DEBUG: Ticks: 2635, 15, 1 
1640928867.152095 1640051134 c0:98:e5:42:00:29 2084 
1640928867.152255 1674 1691 1714 1715 1723 1729 1731 1733 1742 1759 1761 1762 1773 1775 1775 
1640928867.152396 1778 1782 1790 1797 1802 1818 1820 1827 1836 1838 1842 1849 1854 1857 1928 
1640928867.886103 ### RSSI: -72, 24, 1640051135 ,2647 
1640928868.151887 ### DEBUG: Ticks: 2651, 16, 1 
1640928868.152183 1640051135 c0:98:e5:42:00:29 2108 
1640928868.152377 1726 1755 1756 1768 1771 1784 1792 1793 1793 1795 1806 1821 1825 1829 1830 
1640928868.152591 1831 1834 1840 1840 1850 1860 1863 1878 1891 1892 1892 1903 1909 1918 1919 
1640928868.882533 ### RSSI: -62, 11, 1640051136 ,2662 
1640928869.153940 ### DEBUG: Ticks: 2666, 15, 1 
1640928869.154187 1640051136 c0:98:e5:42:00:29 2143 
1640928869.154357 1779 1780 1782 1789 1797 1801 1804 1827 1833 1842 1846 1846 1846 1852 1855 
1640928869.154537 1863 1864 1868 1882 1895 1902 1904 1914 1920 1928 1953 1959 1966 1993 1993 
1640928869.880185 ### RSSI: -57, 17, 1640051137 ,2678 
1640928870.148394 ### DEBUG: Ticks: 2682, 16, 1 
1640928870.148699 1640051137 c0:98:e5:42:00:29 2054 
1640928870.148865 1647 1650 1656 1660 1664 1667 1688 1693 1702 1710 1719 1721 1727 1730 1738 
1640928870.149026 1740 1741 1741 1748 1750 1759 1761 1773 1781 1790 1793 1805 1809 1820 1869 
1640928870.879841 ### RSSI: -61, 10, 1640051138 ,2694 
1640928871.146896 ### DEBUG: Ticks: 2698, 16, 1 
1640928871.148982 1640051138 c0:98:e5:42:00:29 1817 
1640928871.152847 1419 1452 1453 1459 1462 1471 1480 1481 1485 1496 1497 1504 1508 1508 1509 
1640928871.153337 1515 1521 1527 1532 1546 1548 1551 1553 1554 1558 1571 1586 1598 1608 1659 
1640928871.880120 ### RSSI: -71, 7, 1640051139 ,2709 
1640928872.144629 ### DEBUG: Ticks: 2713, 15, 1 
1640928872.144878 1640051139 c0:98:e5:42:00:29 1546 
1640928872.145061 1089 1112 1138 1147 1167 1169 1178 1180 1191 1206 1210 1221 1222 1224 1225 
1640928872.145192 1230 1231 1234 1259 1263 1266 1303 1303 1305 1320 1327 1347 1400 1479 1491 
1640928872.886631 ### RSSI: -55, 4, 1640051140 ,2725 
1640928873.145024 ### DEBUG: Ticks: 2729, 16, 1 
1640928873.146011 1640051140 c0:98:e5:42:00:29 1187 
1640928873.156605 737 810 826 826 831 835 837 851 857 862 877 885 894 906 906 
1640928873.156897 907 918 919 932 943 958 967 969 972 973 977 1007 1074 1107 0 
1640928873.889108 ### RSSI: -57, 10, 1640051141 ,2740 
1640928874.145142 ### DEBUG: Ticks: 2745, 16, 1 
1640928874.145432 1640051141 c0:98:e5:42:00:29 963 
1640928874.145588 532 562 593 603 604 620 623 625 641 643 646 655 660 661 661 
1640928874.145753 672 678 693 694 696 700 705 707 714 730 739 752 762 789 850 
1640928874.886544 ### RSSI: -51, 22, 1640051141 ,2756 
1640928875.142155 ### ERROR: Failed reading SquarePoint packet length
1640928875.881923 ### RSSI: -52, 30, 1640051142 ,2772 
1640928876.884010 ### RSSI: -50, 14, 1640051143 ,2787 
1640928877.149678 ### DEBUG: Ticks: 2791, 46, 1 
1640928877.149962 1640051144 c0:98:e5:42:00:29 933 
1640928877.150156 499 521 528 545 550 551 556 561 562 566 570 575 585 590 590 
1640928877.150347 598 599 608 620 626 628 630 637 639 672 676 696 719 721 790 
1640928877.880076 ### RSSI: -53, 11, 1640051144 ,2803 
1640928878.144798 ### DEBUG: Ticks: 2807, 16, 1 
1640928878.145050 1640051145 c0:98:e5:42:00:29 1143 
1640928878.145216 752 770 774 781 804 809 812 812 816 818 820 822 834 843 851 
1640928878.145368 852 853 855 877 912 920 944 946 963 968 969 984 992 1096 0 
1640928878.888550 ### RSSI: -61, 10, 1640051145 ,2819 
1640928879.145218 ### DEBUG: Ticks: 2823, 16, 1 
1640928879.145469 1640051146 c0:98:e5:42:00:29 1450 
1640928879.145626 1045 1055 1081 1085 1086 1096 1097 1102 1114 1115 1129 1145 1147 1150 1152 
1640928879.156118 1162 1169 1171 1175 1192 1196 1205 1214 1217 1227 1231 1235 1278 1384 1400 
1640928879.656001 ### BLE EVENT: 16, INFO: BLE CONNECTED!
1640928879.656167 ### RSSI: -61, 9, 1640051146 ,2831 
1640928879.762651 ### RSSI: -65, 35, 1640051146 ,2832 
1640928879.861957 ### RSSI: -58, 34, 1640051146 ,2834 
1640928879.882659 ### RSSI: -65, 0, 1640051146 ,2834 
1640928879.960721 ### RSSI: -65, 10, 1640051147 ,2835 
1640928879.981572 ### RSSI: -62, 18, 1640051147 ,2836 
1640928880.062122 ### RSSI: -60, 15, 1640051147 ,2837 
1640928880.084585 ### RSSI: -68, 21, 1640051147 ,2837 
1640928880.152925 ### DEBUG: Ticks: 2838, 15, 1 
1640928880.153106 1640051147 c0:98:e5:42:00:29 1910 
1640928880.153225 1542 1544 1555 1563 1568 1576 1580 1588 1596 1601 1606 1613 1615 1617 1628 
1640928880.153332 1628 1639 1642 1655 1663 1663 1663 1667 1668 1686 1689 1699 1704 1722 1733 
1640928880.153444 ### RSSI: -61, 4, 1640051147 ,2838 
1640928880.186249 ### RSSI: -60, 1, 1640051147 ,2839 
1640928880.253867 ### RSSI: -59, 14, 1640051147 ,2840 
1640928880.286645 ### RSSI: -58, 21, 1640051147 ,2840 
1640928880.352165 ### RSSI: -55, 23, 1640051147 ,2842 
1640928880.391338 ### RSSI: -61, 21, 1640051147 ,2842 
1640928880.453110 ### RSSI: -55, 26, 1640051147 ,2843 
1640928880.487662 ### RSSI: -59, 22, 1640051147 ,2844 
1640928880.553341 ### RSSI: -61, 20, 1640051147 ,2845 
1640928880.585403 ### RSSI: -58, 35, 1640051147 ,2845 
1640928880.661696 ### RSSI: -64, 3, 1640051147 ,2846 
1640928880.684172 ### RSSI: -67, 32, 1640051147 ,2847 
1640928880.763288 ### RSSI: -54, 10, 1640051147 ,2848 
1640928880.784438 ### RSSI: -62, 22, 1640051147 ,2848 
1640928880.852497 ### RSSI: -64, 20, 1640051147 ,2849 
1640928880.884881 ### RSSI: -63, 29, 1640051148 ,2850 
1640928880.951872 ### RSSI: -61, 36, 1640051148 ,2851 
1640928880.984599 ### RSSI: -55, 26, 1640051148 ,2851 
1640928881.052741 ### RSSI: -56, 24, 1640051148 ,2853 
1640928881.087244 ### RSSI: -59, 35, 1640051148 ,2853 
1640928881.146538 ### DEBUG: Ticks: 2854, 16, 1 
1640928881.146727 1640051148 c0:98:e5:42:00:29 2076 
1640928881.146929 1707 1737 1741 1751 1764 1775 1778 1780 1783 1784 1786 1790 1804 1808 1812 
1640928881.147217 1816 1819 1826 1826 1830 1849 1852 1858 1860 1865 1872 1872 1884 1897 1903 
1640928881.156598 ### RSSI: -65, 0, 1640051148 ,2854 
1640928881.180239 ### RSSI: -56, 23, 1640051148 ,2854 
1640928881.255921 ### RSSI: -58, 5, 1640051148 ,2856 
1640928882.151326 ### DEBUG: Ticks: 2870, 16, 1 
1640928882.151705 1640051149 c0:98:e5:42:00:29 1984 
1640928882.151940 1562 1580 1587 1592 1593 1599 1618 1621 1631 1641 1644 1650 1654 1654 1661 
1640928882.152119 1662 1663 1664 1674 1680 1684 1687 1696 1709 1711 1716 1725 1730 1747 1781 
1640928882.184145 ### RSSI: -64, 21, 1640051149 ,2870 
1640928882.260413 ### RSSI: -61, 11, 1640051149 ,2871 
1640928883.150365 ### DEBUG: Ticks: 2885, 15, 1 
1640928883.150615 1640051150 c0:98:e5:42:00:29 2039 
1640928883.150803 1689 1709 1717 1726 1728 1730 1730 1732 1735 1750 1756 1768 1772 1774 1774 
1640928883.150961 1781 1782 1784 1788 1790 1796 1807 1812 1814 1830 1838 1845 1883 1892 1970 
1640928883.183159 ### RSSI: -61, 21, 1640051150 ,2886 
1640928883.257458 ### RSSI: -67, 1, 1640051150 ,2887 
1640928884.141803 ### DEBUG: Ticks: 2901, 16, 1 
1640928884.155285 1640051151 c0:98:e5:42:00:29 2023 
1640928884.155495 1679 1681 1687 1692 1698 1710 1714 1715 1718 1726 1729 1736 1740 1742 1746 
1640928884.155689 1748 1750 1759 1761 1769 1777 1778 1783 1788 1793 1799 1804 1807 1826 1873 
1640928884.188002 ### RSSI: -57, 15, 1640051151 ,2901 
1640928884.254829 ### RSSI: -59, 28, 1640051151 ,2902 
1640928885.151470 ### DEBUG: Ticks: 2916, 15, 1 
1640928885.151853 1640051152 c0:98:e5:42:00:29 1919 
1640928885.152084 1539 1540 1557 1580 1599 1599 1602 1604 1604 1610 1612 1614 1614 1617 1623 
1640928885.152338 1627 1632 1633 1636 1647 1650 1652 1654 1675 1678 1682 1693 1694 1722 1892 
1640928885.184383 ### RSSI: -56, 12, 1640051152 ,2917 
1640928885.259704 ### RSSI: -69, 35, 1640051152 ,2918 
1640928886.144582 ### DEBUG: Ticks: 2932, 16, 1 
1640928886.144804 1640051153 c0:98:e5:42:00:29 1772 
1640928886.144921 1387 1393 1404 1408 1410 1419 1419 1420 1426 1427 1427 1429 1430 1432 1435 
1640928886.145033 1437 1448 1457 1459 1461 1475 1494 1503 1507 1507 1525 1533 1536 1574 1762 
1640928886.178121 ### RSSI: -61, 16, 1640051153 ,2933 
1640928886.256884 ### RSSI: -60, 11, 1640051153 ,2934 
1640928887.146674 ### DEBUG: Ticks: 2948, 16, 1 
1640928887.146925 1640051154 c0:98:e5:42:00:29 1227 
1640928887.147089 838 879 882 884 886 892 897 901 904 905 908 915 915 917 923 
1640928887.147249 923 932 933 935 937 938 946 953 967 996 1005 1008 1034 1082 1241 
1640928887.180409 ### RSSI: -57, 16, 1640051154 ,2948 
1640928887.257463 ### RSSI: -56, 6, 1640051154 ,2949 
1640928888.097308 ### DEBUG: BLE START SCANNING called
1640928888.142346 ### ERROR: Failed reading SquarePoint packet length
1640928888.142577 ### DEBUG: BLE START SCANNING called
1640928888.188574 ### RSSI: -56, 9, 1640051155 ,2964 
1640928888.190355 ### DEBUG: BLE START SCANNING called
1640928888.255208 ### RSSI: -55, 33, 1640051155 ,2965 
1640928888.255427 ### DEBUG: BLE START SCANNING called
1640928889.095405 ### DEBUG: BLE START SCANNING called
1640928889.181964 ### RSSI: -53, 2, 1640051156 ,2979 
1640928889.182246 ### DEBUG: BLE START SCANNING called
1640928889.261729 ### RSSI: -49, 11, 1640051156 ,2981 
1640928889.261942 ### DEBUG: BLE START SCANNING called
1640928890.089806 ### DEBUG: BLE START SCANNING called
1640928890.146919 ### DEBUG: Ticks: 2995, 47, 1 
1640928890.148271 1640051157 c0:98:e5:42:00:29 427 
1640928890.150378 44 56 58 67 69 85 97 100 109 116 120 121 125 141 144 
1640928890.153769 144 156 159 169 173 190 190 192 193 200 210 217 235 252 256 
1640928890.153989 ### DEBUG: BLE START SCANNING called
1640928890.180496 ### RSSI: -49, 9, 1640051157 ,2995 
1640928890.180681 ### DEBUG: BLE START SCANNING called
1640928890.258608 ### RSSI: -50, 2, 1640051157 ,2996 
1640928890.258839 ### DEBUG: BLE START SCANNING called
1640928891.092661 ### DEBUG: BLE START SCANNING called
1640928891.148513 ### DEBUG: Ticks: 3010, 15, 1 
1640928891.148702 1640051158 c0:98:e5:42:00:29 361 
1640928891.148817 27 28 39 62 64 73 77 78 82 83 84 92 94 96 98 
1640928891.148951 99 100 109 124 140 142 144 145 153 157 159 172 179 206 210 
1640928891.149056 ### DEBUG: BLE START SCANNING called
1640928891.186161 ### RSSI: -50, 10, 1640051158 ,3011 
1640928891.186432 ### DEBUG: BLE START SCANNING called
1640928891.252636 ### RSSI: -53, 21, 1640051158 ,3012 
1640928891.252879 ### DEBUG: BLE START SCANNING called
1640928892.090675 ### DEBUG: BLE START SCANNING called
1640928892.145622 ### DEBUG: Ticks: 3026, 16, 1 
1640928892.145833 1640051159 c0:98:e5:42:00:29 445 
1640928892.145956 85 89 105 124 133 136 138 139 141 152 153 159 165 172 175 
1640928892.146090 179 185 189 190 193 201 202 203 205 224 245 252 268 269 322 
1640928892.146210 ### DEBUG: BLE START SCANNING called
1640928892.179522 ### RSSI: -52, 26, 1640051159 ,3026 
1640928892.179814 ### DEBUG: BLE START SCANNING called
1640928892.259981 ### RSSI: -52, 30, 1640051159 ,3027 
1640928892.260183 ### DEBUG: BLE START SCANNING called
1640928893.155158 ### DEBUG: Ticks: 3041, 15, 1 
1640928893.155444 1640051160 c0:98:e5:42:00:29 373 
1640928893.155714 12 17 29 32 35 47 48 49 55 56 63 75 75 76 79 
1640928893.155858 79 88 89 111 116 118 120 135 143 143 152 160 177 204 207 
1640928893.177815 ### RSSI: -55, 34, 1640051160 ,3042 
1640928893.253373 ### RSSI: -50, 22, 1640051160 ,3043 
1640928894.149420 ### DEBUG: Ticks: 3057, 16, 1 
1640928894.149694 1640051161 c0:98:e5:42:00:29 320 
1640928894.149875 -89 -49 -45 -38 -33 -28 -25 -14 -7 -5 -3 4 5 8 9 
1640928894.150045 12 19 24 26 28 42 43 49 51 63 66 77 94 96 129 
1640928894.182306 ### RSSI: -49, 18, 1640051161 ,3058 
1640928894.260500 ### RSSI: -54, 34, 1640051161 ,3059 
1640928894.306589 ### INFO: Device is now STATIONARY
1640928894.464002 ### INFO: Device is now IN MOTION
1640928895.149717 ### DEBUG: Ticks: 3073, 16, 1 
1640928895.149965 1640051162 c0:98:e5:42:00:29 343 
1640928895.150113 -5 -4 -3 8 10 21 25 30 30 40 44 51 53 56 59 
1640928895.150397 69 74 94 97 100 101 101 101 103 103 104 139 161 181 202 
1640928895.181910 ### RSSI: -53, 30, 1640051162 ,3073 
1640928895.260016 ### RSSI: -52, 11, 1640051162 ,3074 
1640928896.149118 ### DEBUG: Ticks: 3088, 15, 1 
1640928896.149276 1640051163 c0:98:e5:42:00:29 348 
1640928896.149366 -76 -71 -59 -49 -48 -44 -44 -36 -31 -11 -9 2 5 8 14 
1640928896.149488 16 22 23 25 33 33 37 38 39 40 48 60 102 106 175 
1640928896.182028 ### RSSI: -53, 11, 1640051163 ,3089 
1640928896.259915 ### RSSI: -54, 12, 1640051164 ,3090 
1640928896.260148 ERROR: Unexpected error while mounting SD card: 1
1640928898.094673 
1640928898.094967 ----------------------------------------------
1640928898.095155 ### WARNING: Chip experienced a reset with reason 2
1640928898.346648 ### INFO: Bluetooth address: c0:98:e5:42:00:2c
1640928898.346870 ### DEBUG: Time is 00:00:00, 2000/00/00
1640928898.347007 ### INFO: Time is 00:00:00, 2000/00/00
1640928898.447922 ### INFO: Initializing SD Card...
1640928901.780528 ### INFO: Connecting to the SquarePoint module...
1640928901.780839 ### INFO: SquarePoint module connection successful
1640928901.791385 ### INFO: Device is now STATIONARY
1640928901.791754 ### INFO: Battery voltage currently 4092 mV
1640928901.871673 ### INFO: SD card flushed!
1640928901.893934 ### INFO: SD card flushed!
1640928901.895553 ### DEBUG: BLE START SCANNING called
1640928902.140075 ### ERROR: Failed reading SquarePoint packet length
1640928903.002204 ### addr: c0:98:e5:42:00:29 
1640928903.002488 ### on_adv_report outer RSSI: -51, time:1640049420 
1640928903.002645 ### INFO: Discovered new device: c0:98:e5:42:00:29
1640928903.002807 ### INFO: Switched Scheduler EUI from 00:00:00:00:00:00 to c0:98:e5:42:00:2c
1640928903.002990 ### INFO: Starting the SquarePoint module...
1640928903.127421 ### ERROR: Unable to communicate with the SquarePoint module
1640928903.127750 ### DEBUG: connected? already connected
1640928903.127909 ### DEBUG: BLE START SCANNING called
1640928903.161618 ### BLE EVENT: 16, INFO: BLE CONNECTED!
1640928903.161843 ### INFO: Starting the SquarePoint module...
1640928903.161988 ### INFO: Starting SquarePoint module as SCHEDULER with timestamp 1640049420
1640928903.162121 ### DEBUG: BLE STOP SCANNING called
1640928903.162261 ### INFO: SquarePoint module successfully started!
1640928903.162435 ### RSSI: -51, 16, 1640049420 ,79 
1640928903.259989 ### RSSI: -51, 7, 1640049420 ,80 
1640928903.360632 ### RSSI: -49, 2, 1640049420 ,82 
1640928903.461296 ### RSSI: -51, 5, 1640049420 ,83 
1640928903.561692 ### RSSI: -53, 35, 1640049420 ,85 
1640928903.664618 ### RSSI: -51, 16, 1640049420 ,86 
1640928903.765793 ### RSSI: -51, 17, 1640049420 ,88 
1640928903.866095 ### RSSI: -55, 33, 1640049421 ,90 
1640928903.967065 ### RSSI: -50, 1, 1640049421 ,91 
1640928904.067233 ### RSSI: -51, 8, 1640049421 ,93 
1640928904.146323 ### DEBUG: Ticks: 94, 94, 1 
1640928904.146607 1640051171 c0:98:e5:42:00:29 364 
1640928904.146787 -31 -30 10 16 28 29 36 36 37 51 52 52 55 56 58 
1640928904.146975 62 72 81 83 89 96 113 116 123 133 136 142 145 198 203 
1640928904.167756 ### RSSI: -51, 27, 1640051171 ,94 
1640928904.259881 ### RSSI: -50, 26, 1640051171 ,96 
1640928904.361863 ### RSSI: -51, 27, 1640051171 ,97 
1640928904.463555 ### RSSI: -49, 1, 1640051171 ,99 
1640928904.564207 ### RSSI: -50, 1, 1640051171 ,100 
1640928904.666495 ### RSSI: -51, 16, 1640051171 ,102 
1640928904.767484 ### RSSI: -51, 27, 1640051171 ,104 
1640928905.144756 ### DEBUG: Ticks: 110, 16, 1 
1640928905.145026 1640051172 c0:98:e5:42:00:29 391 
1640928905.145183 30 65 65 67 76 83 94 101 101 101 102 106 112 129 132 
1640928905.156124 136 140 141 142 147 152 155 161 166 169 173 175 175 177 262 
1640928905.765628 ### RSSI: -49, 2, 1640051172 ,119 
1640928906.147552 ### DEBUG: Ticks: 125, 15, 1 
1640928906.147915 1640051173 c0:98:e5:42:00:29 406 
1640928906.148124 56 84 90 98 100 104 115 116 117 132 133 139 139 140 149 
1640928906.148340 154 156 172 178 179 181 190 191 201 213 215 223 227 270 279 
1640928906.758725 ### RSSI: -50, 3, 1640051174 ,135 
1640928907.145227 ### DEBUG: Ticks: 141, 16, 1 
1640928907.145471 1640051174 c0:98:e5:42:00:29 346 
1640928907.145644 -35 -28 -15 -14 -10 -7 4 7 11 16 19 20 23 25 28 
1640928907.156182 33 43 45 47 53 69 74 83 85 86 92 110 125 152 180 
