1641155211.484111 ###RTT Client: ************************************************************ 
1641155211.484268 ###RTT Client: *               SEGGER Microcontroller GmbH                * 
1641155211.484468 ###RTT Client: *   Solutions for real time microcontroller applications   * 
1641155211.484512 ###RTT Client: ************************************************************ 
1641155211.484580 ###RTT Client: *                                                          * 
1641155211.484620 ###RTT Client: *       (c) 2012 - 2016  SEGGER Microcontroller GmbH       * 
1641155211.484765 ###RTT Client: *                                                          * 
1641155211.484877 ###RTT Client: *     www.segger.com     Support: support@segger.com       * 
1641155211.485024 ###RTT Client: *                                                          * 
1641155211.485131 ###RTT Client: ************************************************************ 
1641155211.485238 ###RTT Client: *                                                          * 
1641155211.485355 ###RTT Client: * SEGGER J-Link RTT Client   Compiled Jan 30 2018 18:46:58 * 
1641155211.485465 ###RTT Client: *                                                          * 
1641155211.485596 ###RTT Client: ************************************************************ 
1641155211.485707 
1641155211.485814 ###RTT Client: -----------------------------------------------
1641155211.485920 ###RTT Client: Connecting to J-Link RTT Server via localhost:9201  Connected.
1641155211.486050 SEGGER J-Link V6.30 - Real time terminal output
1641155211.486159 J-Link EDU Mini V1 compiled Oct 22 2019 16:28:45 V1.0, SN=801021855
1641155211.486281 Process: JLinkExe
1641155211.486389 ### RSSI: -50, 8, 1640049659 ,211 
1641155211.486498 ### DEBUG: Ticks: 218, 16, 1 
1641155211.486615 1640049659 c0:98:e5:42:00:2c 265 
1641155211.486723 386 425 457 478 482 493 499 512 515 518 521 521 522 523 529 
1641155211.486897 532 533 542 542 553 554 556 559 566 572 593 594 599 613 628 
1641155211.487005 ### RSSI: -50, 11, 1640049660 ,227 
1641155211.487113 ### DEBUG: Ticks: 233, 15, 1 
1641155211.487220 1640049660 c0:98:e5:42:00:2c 273 
1641155211.487325 381 445 489 497 502 503 505 507 519 520 524 536 536 537 542 
1641155211.487454 552 553 554 561 566 577 577 579 583 583 584 598 639 641 672 
1641155211.487560 ### RSSI: -50, 9, 1640049661 ,242 
1641155211.487670 ### DEBUG: Ticks: 249, 16, 1 
1641155211.487719 1640049661 c0:98:e5:42:00:2c 289 
1641155211.487826 421 446 495 505 522 530 531 531 531 534 542 544 558 564 578 
1641155211.487943 583 584 586 587 592 613 629 632 632 634 635 647 647 677 0 
1641155211.488050 ### RSSI: -56, 32, 1640049662 ,258 
1641155211.488156 ### DEBUG: Ticks: 264, 15, 1 
1641155211.488263 1640049662 c0:98:e5:42:00:2c 259 
1641155211.488390 403 418 421 429 452 453 460 467 469 476 489 494 496 504 518 
1641155211.488495 518 519 519 520 522 529 531 532 533 549 560 562 568 579 603 
1641155211.488614 ### RSSI: -50, 11, 1640049663 ,273 
1641155211.488656 ### DEBUG: Ticks: 280, 16, 1 
1641155211.488717 1640049663 c0:98:e5:42:00:2c 246 
1641155211.488776 342 357 422 425 427 431 432 449 451 452 468 478 483 485 491 
1641155211.488817 494 504 507 508 516 525 531 532 538 539 544 546 549 568 601 
1641155211.489017 ### RSSI: -51, 14, 1640049664 ,289 
1641155211.489071 ### DEBUG: Ticks: 296, 16, 1 
1641155211.489110 1640049664 c0:98:e5:42:00:2c 256 
1641155211.489150 367 415 436 448 468 469 473 476 492 493 494 494 495 504 512 
1641155211.489190 513 515 522 526 532 534 535 541 550 556 558 580 580 608 650 
1641155211.489230 ### RSSI: -50, 12, 1640049665 ,305 
1641155211.489270 ### DEBUG: Ticks: 311, 15, 1 
1641155211.489310 1640049665 c0:98:e5:42:00:2c 293 
1641155211.489349 429 499 502 511 521 526 539 539 547 556 564 577 579 583 585 
1641155211.489589 587 593 594 594 603 611 614 614 617 619 622 630 634 648 652 
1641155211.489678 ### RSSI: -50, 2, 1640049666 ,320 
1641155211.489786 ### DEBUG: Ticks: 327, 16, 1 
1641155211.489893 1640049666 c0:98:e5:42:00:2c 277 
1641155211.490001 456 466 480 488 520 525 528 531 534 535 540 540 546 552 555 
1641155211.490108 556 575 581 584 584 586 589 598 602 602 603 614 643 658 679 
1641155211.490216 ### RSSI: -50, 9, 1640049667 ,336 
1641155211.490379 ### DEBUG: Ticks: 343, 16, 1 
1641155211.490487 1640049667 c0:98:e5:42:00:2c 276 
1641155211.490609 418 419 472 472 480 489 496 505 512 517 519 524 543 545 553 
1641155211.490689 556 558 559 569 572 575 576 577 581 584 598 598 613 631 0 
1641155211.490802 ### RSSI: -50, 11, 1640049668 ,352 
1641155211.490911 ### DEBUG: Ticks: 358, 15, 1 
1641155211.491017 1640049668 c0:98:e5:42:00:2c 275 
1641155211.491123 449 464 476 480 484 503 505 510 513 517 523 524 544 548 551 
1641155211.491229 552 553 553 562 566 573 575 586 586 590 600 602 654 670 0 
1641155211.491339 ### RSSI: -54, 24, 1640049669 ,367 
1641155211.491482 ### DEBUG: Ticks: 374, 16, 1 
1641155211.491590 1640049669 c0:98:e5:42:00:2c 300 
1641155211.491696 460 503 509 524 547 565 565 571 573 574 575 591 597 597 601 
1641155211.491808 602 613 615 618 618 621 631 633 642 649 654 664 666 691 734 
1641155211.491936 ### RSSI: -55, 35, 1640049670 ,383 
1641155211.492018 ### DEBUG: Ticks: 389, 15, 1 
1641155211.492125 1640049670 c0:98:e5:42:00:2c 288 
1641155211.492166 447 503 510 517 526 527 532 544 560 560 561 563 565 574 576 
1641155211.492271 579 588 593 593 597 601 613 613 620 634 642 643 648 650 662 
1641155211.492379 ### RSSI: -50, 10, 1640049671 ,398 
1641155211.492498 ### DEBUG: Ticks: 405, 16, 1 
1641155211.492604 1640049671 c0:98:e5:42:00:2c 249 
1641155211.492722 391 416 429 431 444 452 461 469 470 478 484 486 493 496 498 
1641155211.492846 500 504 506 507 510 527 539 544 551 559 562 563 564 572 575 
1641155211.492955 ### RSSI: -49, 1, 1640049671 ,414 
1641155211.493061 ### DEBUG: Ticks: 421, 16, 1 
1641155211.493167 1640049672 c0:98:e5:42:00:2c 259 
1641155211.493273 396 403 443 457 464 466 468 468 480 492 499 499 501 511 515 
1641155211.493379 522 525 529 532 532 534 537 551 553 558 567 569 583 586 616 
1641155211.493498 ### RSSI: -51, 4, 1640049672 ,430 
1641155211.493605 ### RSSI: -57, 31, 1640049673 ,445 
1641155211.493715 ### RSSI: -51, 17, 1640049674 ,461 
1641155211.493821 ### DEBUG: Ticks: 467, 46, 1 
1641155211.493932 1640049675 c0:98:e5:42:00:2c 292 
1641155211.494039 451 480 531 540 547 550 555 558 561 565 566 567 572 582 584 
1641155211.494145 586 589 612 615 621 622 631 634 635 645 663 664 674 692 0 
1641155211.494251 ### RSSI: -53, 22, 1640049675 ,477 
1641155211.494359 ### DEBUG: Ticks: 483, 16, 1 
1641155211.494484 1640049676 c0:98:e5:42:00:2c 291 
1641155211.494603 422 499 511 519 527 545 550 560 563 566 568 574 575 576 579 
1641155211.494713 585 596 598 601 606 613 615 625 626 640 643 645 653 663 680 
1641155211.494821 ### RSSI: -54, 27, 1640049676 ,492 
1641155211.494927 ### DEBUG: Ticks: 499, 16, 1 
1641155211.495044 1640049677 c0:98:e5:42:00:2c 283 
1641155211.495150 458 466 492 498 505 507 511 525 526 539 545 548 558 559 566 
1641155211.495256 566 566 575 592 596 596 607 608 611 612 631 633 638 682 683 
1641155211.495363 ### RSSI: -50, 5, 1640049677 ,508 
1641155211.495512 ### RSSI: -56, 32, 1640049678 ,523 
1641155211.495595 ### RSSI: -51, 15, 1640049679 ,539 
1641155211.495704 ### DEBUG: Ticks: 546, 47, 1 
1641155211.495835 1640049680 c0:98:e5:42:00:2c 273 
1641155211.495941 406 410 417 462 478 482 486 490 499 514 518 519 519 541 542 
1641155211.496059 550 551 552 561 564 566 567 567 571 576 577 577 578 594 653 
1641155211.496165 ### RSSI: -49, 1, 1640049681 ,555 
1641155211.496275 ### DEBUG: Ticks: 561, 15, 1 
1641155211.496381 1640049681 c0:98:e5:42:00:2c 284 
1641155211.496500 422 501 524 533 535 537 537 539 541 541 544 557 559 565 567 
1641155211.496608 570 578 587 590 598 607 617 631 634 634 642 650 677 694 702 
1641155211.496715 ### RSSI: -51, 15, 1640049682 ,570 
1641155211.496821 ### DEBUG: Ticks: 577, 16, 1 
1641155211.496927 1640049682 c0:98:e5:42:00:2c 267 
1641155211.497034 401 420 422 432 433 437 448 460 506 518 519 525 526 527 534 
1641155211.497116 535 536 538 538 540 548 551 562 571 576 580 583 592 598 622 
1641155211.497223 ### RSSI: -50, 8, 1640049683 ,586 
1641155211.497333 ### DEBUG: Ticks: 592, 15, 1 
1641155211.497565 1640049683 c0:98:e5:42:00:2c 274 
1641155211.497612 421 438 452 461 498 503 505 505 522 524 529 534 538 543 548 
1641155211.497720 548 550 555 561 562 571 573 576 580 588 602 602 611 639 670 
1641155211.497826 ### INFO: SD card flushed!
1641155211.497933 ### RSSI: -51, 2, 1640049684 ,601 
1641155211.498040 ### DEBUG: Ticks: 608, 16, 1 
1641155211.498147 1640049684 c0:98:e5:42:00:2c 288 
1641155211.498258 445 448 491 495 516 517 534 536 546 556 558 560 561 566 576 
1641155211.498376 578 582 584 584 589 591 591 592 596 601 605 618 620 646 696 
1641155211.498507 ### RSSI: -50, 3, 1640049685 ,617 
1641155211.498666 ### DEBUG: Ticks: 624, 16, 1 
1641155211.498755 1640049685 c0:98:e5:42:00:2c 255 
1641155211.498840 345 441 449 450 452 453 475 476 476 478 484 485 502 506 511 
1641155211.498960 512 513 519 519 526 529 541 547 551 555 568 590 590 601 621 
1641155211.499045 ### RSSI: -52, 22, 1640049686 ,633 
1641155211.499128 ### DEBUG: Ticks: 639, 15, 1 
1641155211.499212 1640049686 c0:98:e5:42:00:2c 256 
1641155211.499295 380 423 441 444 445 458 468 490 491 494 495 497 504 506 512 
1641155211.499423 513 519 519 522 524 532 540 547 554 560 562 579 590 604 611 
1641155211.499529 ### RSSI: -53, 36, 1640049687 ,648 
1641155211.499611 ### DEBUG: Ticks: 655, 16, 1 
1641155211.499694 1640049687 c0:98:e5:42:00:2c 301 
1641155211.499776 455 491 535 551 554 556 558 560 561 564 581 587 591 600 602 
1641155211.499859 605 606 614 619 621 628 630 631 635 636 653 669 681 694 704 
1641155211.499942 ### RSSI: -55, 32, 1640049688 ,664 
1641155211.500026 ### DEBUG: Ticks: 671, 16, 1 
1641155211.500110 1640049688 c0:98:e5:42:00:2c 260 
1641155211.500193 390 445 454 462 468 469 470 478 483 489 497 499 505 518 521 
1641155211.500276 526 531 537 538 555 557 558 561 576 577 585 605 607 673 0 
1641155211.500359 ### RSSI: -55, 34, 1640049689 ,680 
1641155211.500457 ### DEBUG: Ticks: 686, 15, 1 
1641155211.500543 1640049689 c0:98:e5:42:00:2c 264 
1641155211.500628 414 441 450 462 469 481 483 483 484 492 493 495 501 513 528 
1641155211.500835 528 528 529 532 541 542 545 558 565 568 579 586 588 606 651 
1641155211.500944 ### RSSI: -50, 9, 1640049690 ,695 
1641155211.501052 ### DEBUG: Ticks: 702, 16, 1 
1641155211.501159 1640049690 c0:98:e5:42:00:2c 261 
1641155211.501265 374 420 464 469 478 480 500 501 505 505 508 509 510 518 523 
1641155211.501393 524 526 530 531 538 542 543 546 573 577 592 596 615 617 657 
1641155211.501527 ### RSSI: -50, 2, 1640049691 ,711 
1641155211.501610 ### DEBUG: Ticks: 717, 15, 1 
1641155211.501717 1640049691 c0:98:e5:42:00:2c 276 
1641155211.501825 413 494 515 517 518 523 529 530 531 539 540 543 545 546 549 
1641155211.501933 556 571 571 586 586 588 594 597 607 622 626 632 634 641 675 
1641155211.502041 ### RSSI: -51, 2, 1640049692 ,726 
1641155211.502149 ### DEBUG: Ticks: 733, 16, 1 
1641155211.502289 1640049692 c0:98:e5:42:00:2c 250 
1641155211.502396 359 392 416 422 453 455 464 465 472 474 478 491 496 497 500 
1641155211.502586 501 507 508 513 513 535 537 537 538 539 540 549 563 564 594 
1641155211.502741 ### RSSI: -53, 35, 1640049693 ,742 
1641155211.502867 ### DEBUG: Ticks: 749, 16, 1 
1641155211.502950 1640049693 c0:98:e5:42:00:2c 276 
1641155211.503057 391 436 490 495 511 518 525 530 535 535 535 539 544 546 551 
1641155211.503165 556 558 565 577 586 591 596 598 605 610 614 617 650 659 704 
1641155211.503271 ### RSSI: -51, 9, 1640049694 ,758 
1641155211.503447 ### DEBUG: Ticks: 764, 15, 1 
1641155211.503512 1640049694 c0:98:e5:42:00:2c 246 
1641155211.503614 364 401 403 422 439 444 445 456 461 464 472 476 476 488 489 
1641155211.503721 496 496 502 505 506 508 514 515 518 521 552 555 560 568 594 
1641155211.503828 ### RSSI: -54, 33, 1640049695 ,773 
1641155211.503936 ### DEBUG: Ticks: 780, 16, 1 
1641155211.504044 1640049695 c0:98:e5:42:00:2c 264 
1641155211.504151 390 424 433 460 469 484 488 491 491 495 501 504 504 516 527 
1641155211.504323 532 536 538 540 540 543 545 550 558 560 561 567 588 598 601 
1641155211.504407 ### RSSI: -54, 35, 1640049695 ,789 
1641155211.504606 ### DEBUG: Ticks: 795, 15, 1 
1641155211.504692 1640049696 c0:98:e5:42:00:2c 293 
1641155211.504805 469 474 495 528 538 540 553 563 563 564 564 567 575 581 585 
1641155211.504912 588 592 596 615 618 620 622 623 626 626 628 631 654 659 721 
1641155211.505019 ### RSSI: -55, 28, 1640049696 ,805 
1641155211.505127 ### DEBUG: Ticks: 811, 16, 1 
1641155211.505234 1640049697 c0:98:e5:42:00:2c 268 
1641155211.505340 406 414 452 459 465 477 480 485 485 487 517 518 524 529 531 
1641155211.505500 541 545 545 548 552 553 561 574 576 584 589 591 594 601 645 
1641155211.505647 ### RSSI: -55, 30, 1640049697 ,820 
1641155211.505731 ### RSSI: -55, 32, 1640049698 ,836 
1641155211.505838 ### RSSI: -50, 7, 1640049699 ,851 
1641155211.505945 ### DEBUG: Ticks: 858, 47, 1 
1641155211.506176 1640049700 c0:98:e5:42:00:2c 253 
1641155211.506237 370 434 452 457 459 461 464 468 484 486 488 493 495 499 503 
1641155211.506346 512 521 525 529 529 530 549 553 563 574 580 581 587 596 624 
1641155211.506588 ### RSSI: -51, 9, 1640049700 ,867 
1641155211.506637 ### DEBUG: Ticks: 874, 16, 1 
1641155211.506756 1640049701 c0:98:e5:42:00:2c 244 
1641155211.506864 357 413 428 438 440 442 444 447 456 462 473 474 475 476 487 
1641155211.506971 491 508 514 516 516 521 522 528 534 540 556 561 570 592 615 
1641155211.557446 ### RSSI: -49, 15, 1640049701 ,883 
1641155211.981084 ### DEBUG: Ticks: 889, 15, 1 
1641155211.981192 1640049702 c0:98:e5:42:00:2c 283 
1641155211.981234 460 469 492 502 508 510 525 529 532 533 542 544 545 553 566 
1641155211.981332 566 571 571 578 583 590 592 598 600 609 619 622 637 655 681 
1641155212.560036 ### RSSI: -54, 23, 1640049702 ,898 
1641155212.981040 ### DEBUG: Ticks: 905, 16, 1 
1641155212.981145 1640049703 c0:98:e5:42:00:2c 249 
1641155212.981187 409 416 423 436 450 451 457 465 466 467 470 479 485 495 496 
1641155212.981227 502 503 509 510 515 518 519 530 549 552 569 570 573 586 601 
1641155213.561277 ### RSSI: -49, 1, 1640049703 ,914 
1641155213.980483 ### DEBUG: Ticks: 920, 15, 1 
1641155213.980974 1640049704 c0:98:e5:42:00:2c 275 
1641155213.981667 390 432 481 490 492 493 495 519 524 528 529 531 537 544 551 
1641155213.982397 551 567 567 569 570 573 575 577 589 591 595 605 614 641 657 
1641155214.560064 ### RSSI: -52, 6, 1640049704 ,929 
1641155214.983230 ### DEBUG: Ticks: 936, 16, 1 
1641155214.983338 1640049705 c0:98:e5:42:00:2c 279 
1641155214.983516 426 436 494 497 502 517 519 521 532 539 539 540 541 543 550 
1641155214.983588 567 580 585 585 586 587 594 595 596 605 610 614 623 627 677 
1641155215.557246 ### RSSI: -55, 35, 1640049706 ,945 
1641155215.978517 ### DEBUG: Ticks: 952, 16, 1 
1641155215.978621 1640049706 c0:98:e5:42:00:2c 283 
1641155215.978663 431 486 498 500 506 520 522 538 541 549 549 551 551 557 563 
1641155215.990952 571 582 585 586 596 596 601 607 611 614 625 627 641 648 655 
1641155216.561397 ### RSSI: -50, 10, 1640049707 ,961 
1641155216.983705 ### DEBUG: Ticks: 967, 15, 1 
1641155216.983804 1640049707 c0:98:e5:42:00:2c 297 
1641155216.983845 422 495 506 528 536 538 544 548 551 565 568 569 576 588 595 
1641155216.983885 595 595 601 603 605 615 622 623 630 641 646 652 665 667 680 
1641155217.554601 ### RSSI: -51, 10, 1640049708 ,976 
1641155217.985436 ### DEBUG: Ticks: 983, 16, 1 
1641155217.985542 1640049708 c0:98:e5:42:00:2c 277 
1641155217.985598 452 463 492 495 501 502 509 518 533 536 538 545 548 551 553 
1641155217.985813 557 560 561 568 572 575 585 609 617 621 632 632 637 646 654 
1641155218.557372 ### RSSI: -52, 14, 1640049709 ,992 
1641155218.979011 ### DEBUG: Ticks: 999, 16, 1 
1641155218.979117 1640049709 c0:98:e5:42:00:2c 285 
1641155218.979158 462 492 495 510 515 526 533 535 539 539 541 543 546 548 569 
1641155218.979203 574 575 577 582 583 587 588 589 595 598 629 631 639 640 673 
1641155219.559337 ### RSSI: -49, 0, 1640049710 ,1008 
1641155219.979289 ### DEBUG: Ticks: 1014, 15, 1 
1641155219.979432 1640049710 c0:98:e5:42:00:2c 303 
1641155219.979483 468 472 519 530 547 553 562 577 579 581 588 593 596 602 604 
1641155219.979529 609 611 612 633 634 637 639 639 639 648 650 661 663 673 678 
1641155220.561165 ### RSSI: -51, 11, 1640049711 ,1023 
1641155220.983721 ### DEBUG: Ticks: 1030, 16, 1 
1641155220.983820 1640049711 c0:98:e5:42:00:2c 265 
1641155220.983862 389 390 474 474 488 495 498 498 499 501 506 507 508 515 522 
1641155220.983910 538 542 543 550 560 561 567 568 569 583 587 588 589 613 616 
1641155221.556843 ### RSSI: -55, 26, 1640049712 ,1039 
1641155221.987250 ### DEBUG: Ticks: 1045, 15, 1 
1641155221.987357 1640049712 c0:98:e5:42:00:2c 261 
1641155221.987447 392 410 440 446 454 460 461 474 485 499 502 506 508 512 520 
1641155221.987494 525 526 534 535 535 542 548 549 556 571 573 575 577 583 629 
1641155222.557469 ### RSSI: -51, 6, 1640049713 ,1054 
1641155222.978056 ### DEBUG: Ticks: 1061, 16, 1 
1641155222.978176 1640049713 c0:98:e5:42:00:2c 283 
1641155222.990216 422 429 487 495 496 504 506 526 529 532 538 540 547 554 566 
1641155222.990325 567 567 569 574 574 578 582 592 593 597 600 604 615 643 651 
1641155223.560151 ### RSSI: -56, 29, 1640049714 ,1070 
1641155223.982711 ### DEBUG: Ticks: 1077, 16, 1 
1641155223.982809 1640049714 c0:98:e5:42:00:2c 251 
1641155223.982855 375 396 411 431 431 455 467 472 481 490 492 493 500 501 503 
1641155223.982901 504 507 514 515 523 528 529 542 542 543 548 562 566 571 602 
1641155224.553574 ### RSSI: -50, 5, 1640049715 ,1086 
1641155224.986607 ### DEBUG: Ticks: 1092, 15, 1 
1641155224.986717 1640049715 c0:98:e5:42:00:2c 256 
1641155224.986772 404 427 457 460 460 467 487 491 492 494 498 504 504 505 508 
1641155224.986821 518 519 539 540 545 547 547 555 555 557 563 565 576 604 641 
1641155225.556136 ### RSSI: -56, 29, 1640049716 ,1101 
1641155225.979514 ### DEBUG: Ticks: 1108, 16, 1 
1641155225.979614 1640049716 c0:98:e5:42:00:2c 243 
1641155225.990360 342 380 402 426 428 436 444 446 448 448 461 463 480 487 487 
1641155225.990462 493 494 497 499 504 506 514 518 521 534 542 542 543 603 0 
1641155226.564435 ### RSSI: -53, 21, 1640049717 ,1117 
1641155226.984033 ### DEBUG: Ticks: 1124, 16, 1 
1641155226.984135 1640049717 c0:98:e5:42:00:2c 240 
1641155226.984260 350 368 420 435 443 445 448 450 451 453 454 457 458 459 479 
1641155226.984302 484 486 487 492 494 497 498 516 531 537 539 555 579 579 613 
1641155227.552919 ### RSSI: -50, 2, 1640049718 ,1132 
1641155227.985038 ### DEBUG: Ticks: 1139, 15, 1 
1641155227.985266 1640049718 c0:98:e5:42:00:2c 273 
1641155227.985317 396 427 467 468 500 501 501 511 514 522 531 534 536 538 546 
1641155227.985361 549 557 568 569 570 580 580 582 586 590 596 620 625 635 635 
1641155228.557193 ### RSSI: -50, 11, 1640049719 ,1148 
1641155228.987561 ### DEBUG: Ticks: 1155, 16, 1 
1641155228.987671 1640049719 c0:98:e5:42:00:2c 236 
1641155228.987713 356 377 421 427 437 451 454 455 455 456 458 467 467 468 471 
1641155228.987754 473 477 480 483 493 501 511 514 514 517 520 525 551 557 612 
1641155229.559268 ### RSSI: -50, 18, 1640049719 ,1164 
1641155229.979111 ### DEBUG: Ticks: 1170, 15, 1 
1641155229.979597 1640049720 c0:98:e5:42:00:2c 291 
1641155229.980205 472 517 542 547 551 553 554 557 561 561 565 575 576 578 581 
1641155229.980724 586 587 594 594 595 598 615 621 632 638 642 652 661 674 725 
1641155230.424804 ### INFO: SD card flushed!
1641155230.556087 ### RSSI: -48, 4, 1640049720 ,1179 
1641155230.979112 ### DEBUG: Ticks: 1186, 16, 1 
1641155230.979210 1640049721 c0:98:e5:42:00:2c 265 
1641155230.979251 422 476 476 476 492 505 512 515 516 517 523 524 526 527 528 
1641155230.991196 533 534 536 541 550 558 559 562 571 573 574 576 583 626 655 
1641155231.553674 ### RSSI: -56, 28, 1640049721 ,1195 
1641155231.985748 ### DEBUG: Ticks: 1202, 16, 1 
1641155231.985849 1640049722 c0:98:e5:42:00:2c 280 
1641155231.985895 433 435 503 505 510 512 514 517 519 519 526 541 542 557 559 
1641155231.985938 562 573 578 580 582 587 595 595 599 602 603 627 632 637 666 
1641155232.558116 ### RSSI: -56, 31, 1640049722 ,1211 
1641155232.978881 ### DEBUG: Ticks: 1217, 15, 1 
1641155232.978980 1640049723 c0:98:e5:42:00:2c 260 
1641155232.979022 407 449 479 481 484 484 490 497 502 506 507 513 515 517 518 
1641155232.990136 524 534 535 536 542 547 550 562 562 563 565 570 582 586 664 
1641155233.562400 ### RSSI: -51, 7, 1640049723 ,1226 
1641155233.986105 ### DEBUG: Ticks: 1233, 16, 1 
1641155233.986210 1640049724 c0:98:e5:42:00:2c 270 
1641155233.986252 412 469 474 477 482 490 494 497 498 505 508 529 532 532 538 
1641155233.986296 543 546 547 558 558 559 561 563 571 578 579 604 612 617 621 
1641155234.557497 ### RSSI: -54, 27, 1640049724 ,1242 
1641155234.979975 ### DEBUG: Ticks: 1248, 15, 1 
1641155234.980076 1640049725 c0:98:e5:42:00:2c 290 
1641155234.980123 414 474 480 500 505 522 538 542 546 547 549 551 553 566 579 
1641155234.980168 581 583 585 589 595 599 601 604 606 626 631 633 638 658 700 
1641155235.514404 ### INFO: Device is now IN MOTION
1641155235.559609 ### RSSI: -54, 26, 1640049725 ,1257 
1641155236.555195 ### RSSI: -57, 20, 1640049726 ,1273 
1641155237.553657 ### RSSI: -52, 9, 1640049727 ,1289 
1641155237.987717 ### DEBUG: Ticks: 1295, 47, 1 
1641155237.987823 1640049728 c0:98:e5:42:00:2c 223 
1641155237.987884 367 393 393 413 418 418 426 428 429 431 432 436 438 442 446 
1641155237.987946 446 453 455 458 461 468 477 488 488 511 521 531 550 561 567 
1641155238.562357 ### RSSI: -46, 20, 1640049728 ,1304 
1641155238.988289 ### DEBUG: Ticks: 1311, 16, 1 
1641155238.988407 1640049729 c0:98:e5:42:00:2c 247 
1641155238.988457 438 438 449 452 456 464 468 469 472 473 477 486 489 491 492 
1641155238.988506 496 503 509 510 515 517 519 521 525 536 557 560 572 578 666 
1641155239.559885 ### RSSI: -49, 8, 1640049730 ,1320 
1641155240.558876 ### RSSI: -57, 17, 1640049731 ,1336 
1641155241.553930 ### RSSI: -62, 6, 1640049732 ,1351 
1641155241.982136 ### DEBUG: Ticks: 1358, 47, 1 
1641155241.982270 1640049732 c0:98:e5:42:00:2c 2218 
1641155241.982332 2449 2471 2472 2475 2481 2489 2490 2498 2501 2501 2505 2513 2525 2528 2531 
1641155241.982396 2538 2538 2538 2543 2546 2548 2551 2553 2557 2570 2612 2647 2736 2790 0 
1641155242.560862 ### RSSI: -64, 35, 1640049733 ,1367 
1641155242.980010 ### DEBUG: Ticks: 1373, 15, 1 
1641155242.980517 1640049733 c0:98:e5:42:00:2c 3393 
1641155242.991233 3707 3716 3719 3721 3734 3736 3738 3745 3747 3748 3756 3757 3758 3762 3762 
1641155242.991357 3765 3765 3767 3773 3777 3788 3794 3801 3811 3812 3826 3837 3839 3983 4014 
1641155243.556315 ### RSSI: -64, 19, 1640049734 ,1382 
1641155243.987040 ### DEBUG: Ticks: 1389, 16, 1 
1641155243.987158 1640049734 c0:98:e5:42:00:2c 4550 
1641155243.987208 4733 4826 4829 4833 4841 4843 4847 4849 4851 4855 4858 4859 4863 4866 4867 
1641155243.987265 4868 4872 4873 4879 4880 4881 4884 4888 4896 4898 4902 4903 4925 4940 5089 
1641155244.553622 ### RSSI: -76, 6, 1640049735 ,1398 
1641155244.979489 ### DEBUG: Ticks: 1405, 16, 1 
1641155244.980067 1640049735 c0:98:e5:42:00:2c 5284 
1641155244.991711 5562 5575 5631 5632 5634 5635 5644 5655 5656 5657 5658 5661 5671 5672 5676 
1641155244.991825 5678 5680 5683 5686 5700 5707 5712 5718 5723 5728 5737 5756 5785 5794 5856 
1641155245.559157 ### RSSI: -70, 5, 1640049736 ,1414 
1641155245.983096 ### DEBUG: Ticks: 1420, 15, 1 
1641155245.983195 1640049736 c0:98:e5:42:00:2c 5336 
1641155245.983236 5628 5654 5657 5670 5671 5672 5673 5688 5689 5690 5694 5704 5712 5718 5721 
1641155245.983278 5721 5722 5726 5728 5729 5738 5742 5751 5755 5768 5805 5814 5856 5874 5923 
1641155246.562012 ### RSSI: -73, 7, 1640049737 ,1429 
1641155246.979664 ### DEBUG: Ticks: 1436, 16, 1 
1641155246.979804 1640049737 c0:98:e5:42:00:2c 5386 
1641155246.991959 5533 5590 5592 5597 5620 5620 5638 5639 5642 5643 5657 5663 5666 5673 5685 
1641155246.992083 5691 5706 5707 5709 5723 5726 5726 5731 5745 5785 5801 5831 5835 5915 6072 
1641155247.559371 ### RSSI: -77, 25, 1640049738 ,1445 
1641155247.988990 ### DEBUG: Ticks: 1452, 16, 1 
1641155247.989267 1640049738 c0:98:e5:42:00:2c 5174 
1641155247.989428 5368 5379 5380 5395 5404 5428 5430 5431 5434 5434 5436 5440 5445 5468 5474 
1641155247.989478 5474 5479 5479 5482 5483 5496 5499 5502 5507 5538 5553 5564 5571 5671 5757 
1641155248.552201 ### RSSI: -66, 17, 1640049739 ,1460 
1641155248.982644 ### DEBUG: Ticks: 1467, 15, 1 
1641155248.982752 1640049739 c0:98:e5:42:00:2c 5180 
1641155248.982800 5402 5419 5438 5443 5449 5462 5476 5479 5482 5486 5503 5506 5513 5513 5516 
1641155248.982847 5517 5519 5526 5533 5540 5541 5545 5548 5558 5558 5573 5594 5601 5635 5637 
1641155249.557969 ### RSSI: -69, 22, 1640049740 ,1476 
1641155249.977991 ### DEBUG: Ticks: 1483, 16, 1 
1641155249.992095 1640049740 c0:98:e5:42:00:2c 5208 
1641155249.992217 5347 5418 5432 5444 5450 5464 5471 5471 5478 5487 5493 5501 5513 5519 5528 
1641155249.992267 5534 5538 5538 5540 5541 5550 5552 5552 5555 5563 5575 5580 5588 5589 5633 
1641155250.562408 ### RSSI: -70, 28, 1640049741 ,1492 
1641155250.982287 ### DEBUG: Ticks: 1498, 15, 1 
1641155250.982409 1640049741 c0:98:e5:42:00:2c 5133 
1641155250.982461 5247 5393 5429 5436 5441 5442 5454 5454 5465 5466 5468 5471 5472 5477 5486 
1641155250.982511 5491 5508 5522 5523 5530 5530 5533 5533 5541 5544 5560 5573 5591 5601 5630 
1641155251.564393 ### RSSI: -65, 11, 1640049742 ,1507 
1641155251.979813 ### DEBUG: Ticks: 1514, 16, 1 
1641155251.979933 1640049742 c0:98:e5:42:00:2c 5071 
1641155251.991862 5202 5235 5289 5296 5323 5336 5352 5362 5366 5367 5372 5382 5390 5407 5409 
1641155251.991962 5410 5419 5423 5435 5435 5439 5444 5451 5454 5456 5459 5464 5519 5524 5552 
1641155252.560987 ### RSSI: -66, 10, 1640049743 ,1523 
1641155252.981954 ### DEBUG: Ticks: 1530, 16, 1 
1641155252.982059 1640049743 c0:98:e5:42:00:2c 4979 
1641155252.982101 5154 5186 5186 5219 5261 5263 5269 5283 5285 5286 5293 5309 5315 5321 5323 
1641155252.982146 5325 5349 5349 5360 5365 5369 5370 5374 5375 5387 5394 5407 5409 5423 5451 
1641155253.559217 ### RSSI: -63, 21, 1640049743 ,1539 
1641155253.974940 ### ERROR: Failed reading SquarePoint packet length
1641155254.560231 ### RSSI: -63, 11, 1640049744 ,1554 
1641155255.561390 ### RSSI: -66, 3, 1640049745 ,1570 
1641155255.979882 ### DEBUG: Ticks: 1576, 46, 1 
1641155255.980009 1640049746 c0:98:e5:42:00:2c 4828 
1641155255.992034 5083 5098 5108 5131 5136 5149 5165 5173 5175 5181 5181 5186 5194 5200 5202 
1641155255.992148 5205 5205 5211 5214 5222 5228 5235 5236 5283 5378 5402 5419 5441 5725 0 
1641155256.559144 ### RSSI: -74, 0, 1640049746 ,1585 
1641155256.987459 ### DEBUG: Ticks: 1592, 16, 1 
1641155256.987577 1640049747 c0:98:e5:42:00:2c 4676 
1641155256.987628 4901 4918 4934 4938 4950 4966 4977 4981 4985 4986 4988 4992 5002 5003 5012 
1641155256.987680 5013 5022 5023 5025 5030 5031 5032 5032 5040 5040 5043 5048 5052 5054 5058 
1641155257.554691 ### RSSI: -72, 30, 1640049747 ,1601 
1641155257.986241 ### DEBUG: Ticks: 1608, 16, 1 
1641155257.986353 1640049748 c0:98:e5:42:00:2c 4552 
1641155257.986398 4848 4858 4859 4861 4867 4882 4885 4888 4901 4915 4916 4924 4925 4933 4933 
1641155257.986442 4938 4939 4942 4945 4961 4967 4970 4979 4981 4983 4984 4992 4992 4995 5003 
1641155258.562608 ### RSSI: -78, 2, 1640049748 ,1617 
1641155258.980557 ### DEBUG: Ticks: 1623, 15, 1 
1641155258.980659 1640049749 c0:98:e5:42:00:2c 4288 
1641155258.980704 4508 4511 4532 4551 4552 4554 4555 4568 4569 4594 4598 4599 4608 4608 4612 
1641155258.993135 4628 4634 4636 4643 4644 4644 4651 4655 4658 4662 4673 4691 4703 4725 4741 
1641155259.553268 ### RSSI: -71, 9, 1640049749 ,1632 
1641155259.979973 ### DEBUG: Ticks: 1639, 16, 1 
1641155259.980086 1640049750 c0:98:e5:42:00:2c 3762 
1641155259.980136 4000 4043 4045 4047 4047 4050 4050 4055 4057 4058 4060 4061 4070 4078 4082 
1641155259.980189 4082 4089 4091 4094 4105 4111 4114 4135 4136 4143 4147 4153 4154 4163 4212 
1641155260.555766 ### RSSI: -79, 4, 1640049750 ,1648 
1641155260.980535 ### DEBUG: Ticks: 1655, 16, 1 
1641155260.980656 1640049751 c0:98:e5:42:00:2c 3004 
1641155260.980699 3251 3256 3279 3283 3296 3299 3299 3302 3305 3320 3322 3323 3337 3339 3341 
1641155260.980752 3343 3345 3361 3364 3365 3374 3377 3383 3400 3406 3421 3431 3435 3474 3489 
1641155261.559300 ### RSSI: -63, 18, 1640049751 ,1664 
1641155261.987771 ### DEBUG: Ticks: 1670, 15, 1 
1641155261.987901 1640049752 c0:98:e5:42:00:2c 2053 
1641155261.987952 2210 2243 2256 2261 2268 2274 2284 2290 2304 2307 2307 2321 2327 2331 2334 
1641155261.988064 2335 2338 2351 2353 2354 2355 2358 2388 2391 2398 2402 2418 2428 2489 2493 
1641155262.554163 ### RSSI: -62, 21, 1640049752 ,1679 
1641155262.980248 ### DEBUG: Ticks: 1686, 16, 1 
1641155262.980373 1640049753 c0:98:e5:42:00:2c 1475 
1641155262.980423 1720 1720 1731 1732 1734 1734 1738 1752 1757 1762 1763 1765 1767 1767 1782 
1641155262.992590 1782 1790 1790 1825 1831 1844 1846 1849 1851 1852 1869 1886 1925 1926 1927 
1641155263.552985 ### RSSI: -58, 3, 1640049754 ,1695 
1641155263.982169 ### DEBUG: Ticks: 1701, 15, 1 
1641155263.982270 1640049754 c0:98:e5:42:00:2c 1142 
1641155263.982311 1391 1395 1398 1420 1421 1421 1421 1436 1458 1459 1467 1469 1474 1475 1487 
1641155263.982356 1499 1500 1504 1514 1517 1523 1531 1542 1566 1575 1579 1606 1609 1622 1639 
1641155274.281016 
1641155274.281184 ----------------------------------------------
1641155274.281267 ### INFO: Bluetooth address: c0:98:e5:42:00:29
1641155274.281350 ### DEBUG: Time is 00:00:00, 2000/00/00
1641155274.281433 ### INFO: Time is 00:00:00, 2000/00/00
1641155274.281515 ### INFO: Initializing SD Card...
1641155274.281597 ### INFO: Connecting to the SquarePoint module...
1641155274.281680 ### INFO: SquarePoint module connection successful
1641155274.281763 ### INFO: Battery voltage currently 4053 mV
1641155274.281846 ### INFO: SD card flushed!
1641155274.281928 ### INFO: SD card flushed!
1641155274.282035 ### DEBUG: BLE START SCANNING called
1641155274.282118 ### DEBUG: BLE START SCANNING called
1641155274.282200 ### STOPPED, setting module to STOPPED
1641155274.282282 ### DEBUG: BLE START SCANNING called
1641155274.282364 ### DEBUG: BLE START SCANNING called
1641155274.282445 ### DEBUG: BLE START SCANNING called
1641155274.282528 ### DEBUG: BLE START SCANNING called
1641155274.282610 ### DEBUG: BLE START SCANNING called
1641155274.282692 ### addr: c0:98:e5:42:00:2c 
1641155274.282775 ### on_adv_report outer RSSI: -63, time:1640503232 
1641155274.282857 ### INFO: Discovered new device: c0:98:e5:42:00:2c
1641155274.282941 ### INFO: Switched Scheduler EUI from 00:00:00:00:00:00 to c0:98:e5:42:00:2c
1641155274.283025 ### INFO: Starting the SquarePoint module...
1641155274.283449 ### INFO: Starting SquarePoint module as PARTICIPANT with timestamp 1640503232
1641155274.283603 ### DEBUG: BLE STOP SCANNING called
1641155274.283689 ### INFO: SquarePoint module successfully started!
1641155274.283767 ### DEBUG: Ticks: 66, 66, 0 
1641155274.283817 1640503233 ### DEBUG: Ticks: 81, 15, 0 
1641155274.283866 1640503234 ### DEBUG: Ticks: 97, 16, 0 
1641155274.283914 1640503235 ### DEBUG: Ticks: 104, 7, 0 
1641155274.283964 1640049761 ### DEBUG: Ticks: 121, 17, 0 
1641155274.284012 1640049762 c0:98:e5:42:00:2c 1544 
1641155274.284063 1792 1885 1902 1911 1911 1914 1922 1927 1928 1934 1941 1942 1942 1944 1953 
1641155274.284111 1960 1964 1966 1969 1976 1977 1985 1985 1987 1996 2007 2018 2118 2142 2210 
1641155274.284156 ### DEBUG: Ticks: 137, 16, 0 
1641155274.284204 1640049763 c0:98:e5:42:00:2c 1588 
1641155274.284248 1914 1947 1955 1957 1960 1961 1962 1968 1970 1970 1980 1987 1990 1995 2001 
1641155274.284293 2007 2012 2018 2019 2022 2029 2034 2041 2048 2050 2080 2084 2136 2140 2233 
1641155274.284337 ### DEBUG: Ticks: 153, 16, 0 
1641155274.284386 1640049764 c0:98:e5:42:00:2c 1715 
1641155274.284438 1988 1997 2016 2018 2020 2026 2028 2033 2044 2049 2055 2055 2057 2063 2073 
1641155274.284488 2074 2076 2076 2078 2080 2082 2094 2098 2110 2115 2147 2147 2152 2177 2212 
1641155274.847293 ### DEBUG: Ticks: 168, 15, 0 
1641155274.847460 1640049765 c0:98:e5:42:00:2c 1807 
1641155274.847519 2011 2024 2027 2029 2031 2033 2051 2055 2068 2071 2078 2083 2087 2099 2102 
1641155274.847573 2110 2112 2124 2133 2136 2154 2167 2189 2199 2199 2214 2248 2264 2346 3075 
1641155275.847154 ### DEBUG: Ticks: 184, 16, 0 
1641155275.847272 1640049766 c0:98:e5:42:00:2c 1780 
1641155275.847328 2049 2053 2061 2085 2104 2110 2119 2120 2121 2122 2125 2129 2130 2132 2136 
1641155275.847377 2145 2147 2150 2152 2161 2161 2193 2209 2243 2294 2299 2306 2322 2343 2358 
1641155276.845333 ### DEBUG: Ticks: 200, 16, 0 
1641155276.845447 1640049767 c0:98:e5:42:00:2c 1971 
1641155276.845489 2207 2229 2243 2253 2256 2257 2268 2270 2275 2278 2279 2282 2284 2290 2291 
1641155276.845529 2294 2298 2300 2301 2304 2313 2319 2323 2335 2337 2356 2358 2384 2391 2426 
1641155277.842608 ### DEBUG: Ticks: 215, 15, 0 
1641155277.842713 1640049768 c0:98:e5:42:00:2c 2407 
1641155277.842761 2623 2637 2660 2672 2688 2694 2699 2699 2703 2705 2708 2716 2719 2725 2726 
1641155277.842807 2727 2735 2736 2740 2742 2753 2762 2764 2786 2812 2822 2823 2844 2906 0 
1641155278.843240 ### DEBUG: Ticks: 231, 16, 0 
1641155278.843357 1640049769 c0:98:e5:42:00:2c 3168 
1641155278.843490 3412 3458 3469 3473 3474 3476 3479 3482 3484 3487 3488 3494 3499 3499 3511 
1641155278.843553 3513 3515 3526 3526 3531 3550 3554 3557 3591 3602 3605 3613 3615 3627 3769 
1641155279.842511 ### DEBUG: Ticks: 246, 15, 0 
1641155279.842614 1640049770 c0:98:e5:42:00:2c 4021 
1641155279.842741 4240 4277 4291 4291 4300 4304 4313 4314 4325 4326 4333 4334 4335 4337 4337 
1641155279.842788 4341 4345 4346 4349 4354 4363 4381 4387 4391 4404 4424 4434 4440 4447 4465 
1641155280.844580 ### DEBUG: Ticks: 262, 16, 0 
1641155280.844747 1640049771 c0:98:e5:42:00:2c 4646 
1641155280.844798 4895 4919 4922 4923 4925 4934 4938 4947 4955 4964 4965 4966 4980 4985 4990 
1641155280.844846 4991 4994 4996 5000 5008 5009 5018 5019 5022 5028 5038 5042 5052 5053 5060 
1641155281.848805 ### DEBUG: Ticks: 278, 16, 0 
1641155281.848907 1640049772 c0:98:e5:42:00:2c 5425 
1641155281.848980 5591 5594 5618 5629 5635 5639 5641 5642 5643 5654 5656 5678 5689 5689 5697 
1641155281.849043 5698 5699 5701 5710 5712 5722 5723 5734 5744 5764 5770 5792 5796 5804 5807 
1641155295.954740 
1641155295.954867 ----------------------------------------------
1641155295.954907 ### WARNING: Chip experienced a reset with reason 1
1641155295.954952 ### INFO: Bluetooth address: c0:98:e5:42:00:29
1641155295.954991 ### DEBUG: Time is 00:00:00, 2000/00/00
1641155295.955031 ### INFO: Time is 00:00:00, 2000/00/00
1641155295.955070 ### INFO: Initializing SD Card...
1641155295.955109 ### INFO: Connecting to the SquarePoint module...
1641155295.955149 ### INFO: SquarePoint module connection successful
1641155295.955188 ### INFO: Battery voltage currently 4070 mV
1641155295.955228 ### INFO: SD card flushed!
1641155295.955267 ### INFO: SD card flushed!
1641155295.955309 ### DEBUG: BLE START SCANNING called
1641155295.955358 ### DEBUG: Ticks: 19, 19, 0 
1641155295.955440 1640049786 c0:98:e5:42:00:2c 3701 
1641155295.955479 4032 4037 4039 4041 4043 4045 4047 4055 4059 4068 4074 4075 4075 4077 4088 
1641155295.955519 4092 4099 4104 4106 4110 4116 4135 4138 4160 4168 4182 4184 4193 4222 4244 
1641155295.955559 ### INFO: Switched Scheduler EUI from 00:00:00:00:00:00 to c0:98:e5:42:00:2c
1641155295.955599 ### DEBUG: BLE STOP SCANNING called
1641155295.955638 ### DEBUG: BLE START SCANNING called
1641155295.955679 ### DEBUG: Ticks: 34, 15, 0 
1641155295.955718 1640049787 c0:98:e5:42:00:2c 2988 
1641155295.955771 3256 3259 3263 3267 3273 3281 3283 3288 3297 3297 3298 3307 3314 3324 3334 
1641155295.956675 3335 3337 3341 3342 3342 3343 3373 3381 3389 3390 3393 3400 3446 3447 3537 
1641155296.513956 ### DEBUG: BLE START SCANNING called
1641155296.525047 ### DEBUG: BLE START SCANNING called
1641155296.537118 ### addr: c0:98:e5:42:00:2c 
1641155296.537303 ### on_adv_report outer RSSI: -72, time:1640049787 
1641155296.537353 ### INFO: Discovered new device: c0:98:e5:42:00:2c
1641155296.537402 ### DEBUG: connected? already connected
1641155296.537451 ### DEBUG: BLE START SCANNING called
1641155296.593289 ### BLE EVENT: 16, INFO: BLE CONNECTED!
1641155296.593412 ### DEBUG: BLE START SCANNING called
1641155296.593468 ### RSSI: -70, 26, 1640049788 ,45 
1641155296.593516 ### DEBUG: BLE START SCANNING called
1641155296.693792 ### RSSI: -68, 19, 1640049788 ,47 
1641155296.693898 ### DEBUG: BLE START SCANNING called
1641155296.792919 ### RSSI: -67, 27, 1640049788 ,48 
1641155296.793023 ### DEBUG: BLE START SCANNING called
1641155296.892495 ### RSSI: -68, 9, 1640049788 ,50 
1641155296.892610 ### DEBUG: BLE START SCANNING called
1641155296.906765 ### DEBUG: Ticks: 50, 16, 1 
1641155296.906915 1640049788 c0:98:e5:42:00:2c 2422 
1641155296.906967 2661 2671 2674 2675 2696 2701 2703 2711 2718 2722 2723 2735 2739 2745 2747 
1641155296.907023 2749 2751 2755 2757 2763 2771 2775 2777 2793 2800 2801 2860 2864 2903 2914 
1641155296.907078 ### DEBUG: BLE START SCANNING called
1641155296.994130 ### RSSI: -66, 18, 1640049788 ,51 
1641155296.994246 ### DEBUG: BLE START SCANNING called
1641155297.092813 ### RSSI: -65, 6, 1640049788 ,53 
1641155297.092915 ### DEBUG: BLE START SCANNING called
1641155297.191362 ### RSSI: -61, 18, 1640049788 ,54 
1641155297.191545 ### DEBUG: BLE START SCANNING called
1641155297.290944 ### RSSI: -62, 8, 1640049788 ,56 
1641155297.291046 ### DEBUG: BLE START SCANNING called
1641155297.389175 ### RSSI: -74, 12, 1640049788 ,58 
1641155297.389338 ### DEBUG: BLE START SCANNING called
1641155297.400022 ### DEBUG: BLE START SCANNING called
1641155297.492056 ### RSSI: -78, 8, 1640049788 ,59 
1641155297.492164 ### DEBUG: BLE START SCANNING called
1641155297.592736 ### RSSI: -74, 2, 1640049789 ,61 
1641155297.592853 ### DEBUG: BLE START SCANNING called
1641155297.693003 ### RSSI: -60, 22, 1640049789 ,62 
1641155297.693111 ### DEBUG: BLE START SCANNING called
1641155297.794420 ### RSSI: -60, 9, 1640049789 ,64 
1641155297.794533 ### DEBUG: BLE START SCANNING called
1641155297.893288 ### RSSI: -67, 29, 1640049789 ,65 
1641155297.893390 ### DEBUG: BLE START SCANNING called
1641155297.904527 ### DEBUG: Ticks: 66, 16, 1 
1641155297.904643 1640049789 c0:98:e5:42:00:2c 1888 
1641155297.904694 2064 2071 2077 2088 2103 2109 2118 2121 2128 2129 2137 2144 2156 2157 2173 
1641155297.904748 2177 2189 2189 2189 2192 2201 2204 2209 2215 2225 2231 2237 2300 2318 2374 
1641155297.904800 ### DEBUG: BLE START SCANNING called
1641155297.995435 ### RSSI: -64, 0, 1640049789 ,67 
1641155297.995546 ### DEBUG: BLE START SCANNING called
1641155298.094332 ### RSSI: -61, 24, 1640049789 ,68 
1641155298.094446 ### DEBUG: BLE START SCANNING called
1641155298.193576 ### RSSI: -59, 26, 1640049789 ,70 
1641155298.193691 ### DEBUG: BLE START SCANNING called
1641155298.399472 ### DEBUG: BLE START SCANNING called
1641155298.901673 ### DEBUG: Ticks: 81, 15, 1 
1641155298.901805 1640049790 c0:98:e5:42:00:2c 1429 
1641155298.901865 1713 1717 1722 1726 1728 1729 1734 1738 1744 1751 1751 1756 1761 1768 1770 
1641155298.901914 1772 1772 1785 1792 1794 1807 1821 1826 1826 1827 1831 1841 1867 1918 1988 
1641155298.901963 ### DEBUG: BLE START SCANNING called
1641155299.193753 ### RSSI: -59, 25, 1640049790 ,86 
1641155299.193873 ### DEBUG: BLE START SCANNING called
1641155299.406073 ### DEBUG: BLE START SCANNING called
1641155318.992143 
1641155318.992260 ----------------------------------------------
1641155318.992314 ### WARNING: Chip experienced a reset with reason 2
1641155318.992365 ### INFO: Bluetooth address: c0:98:e5:42:00:29
1641155318.992429 ### DEBUG: Time is 00:00:00, 2000/00/00
1641155318.992481 ### INFO: Time is 00:00:00, 2000/00/00
1641155318.992528 ### INFO: Initializing SD Card...
1641155318.992568 ### INFO: Connecting to the SquarePoint module...
1641155318.992608 ### INFO: SquarePoint module connection successful
1641155318.992648 ### INFO: Battery voltage currently 4092 mV
1641155319.135756 ### INFO: SD card flushed!
1641155319.169485 ### INFO: SD card flushed!
1641155319.169710 ### DEBUG: BLE START SCANNING called
1641155319.968108 ### DEBUG: Ticks: 26, 26, 0 
1641155319.968214 1640049812 c0:98:e5:42:00:2c 5253 
1641155319.968255 5485 5502 5521 5524 5537 5542 5550 5554 5559 5567 5574 5580 5580 5581 5588 
1641155319.981667 5588 5590 5597 5602 5614 5619 5620 5632 5636 5637 5646 5654 5671 5673 5679 
1641155319.981824 ### INFO: Switched Scheduler EUI from 00:00:00:00:00:00 to c0:98:e5:42:00:2c
1641155319.981874 ### DEBUG: BLE STOP SCANNING called
1641155319.981923 ### DEBUG: BLE START SCANNING called
1641155320.971647 ### DEBUG: Ticks: 42, 16, 0 
1641155320.971772 1640049813 c0:98:e5:42:00:2c 5316 
1641155320.971823 5528 5552 5606 5607 5618 5619 5629 5633 5636 5637 5637 5642 5654 5658 5670 
1641155320.971876 5671 5690 5695 5698 5701 5717 5724 5726 5730 5733 5734 5735 5749 5793 5830 
1641155321.081485 ### DEBUG: BLE START SCANNING called
1641155321.115179 ### DEBUG: BLE START SCANNING called
1641155321.128270 ### DEBUG: BLE START SCANNING called
1641155321.128591 ### addr: c0:98:e5:42:00:2c 
1641155321.128654 ### on_adv_report outer RSSI: -67, time:1640049813 
1641155321.128708 ### INFO: Discovered new device: c0:98:e5:42:00:2c
1641155321.128757 ### DEBUG: connected? already connected
1641155321.128806 ### DEBUG: BLE START SCANNING called
1641155321.184818 ### BLE EVENT: 16, INFO: BLE CONNECTED!
1641155321.184974 ### DEBUG: BLE START SCANNING called
1641155321.185024 ### RSSI: -77, 17, 1640049814 ,45 
1641155321.185073 ### DEBUG: BLE START SCANNING called
1641155321.286810 ### RSSI: -69, 1, 1640049814 ,47 
1641155321.286916 ### DEBUG: BLE START SCANNING called
1641155321.391112 ### RSSI: -77, 0, 1640049814 ,48 
1641155321.391302 ### DEBUG: BLE START SCANNING called
1641155321.480761 ### RSSI: -73, 10, 1640049814 ,50 
1641155321.481243 ### DEBUG: BLE START SCANNING called
1641155321.582279 ### RSSI: -67, 4, 1640049814 ,52 
1641155321.582393 ### DEBUG: BLE START SCANNING called
1641155321.685509 ### RSSI: -68, 6, 1640049814 ,53 
1641155321.685619 ### DEBUG: BLE START SCANNING called
1641155321.785434 ### RSSI: -71, 12, 1640049814 ,55 
1641155321.785549 ### DEBUG: BLE START SCANNING called
1641155321.888796 ### RSSI: -75, 25, 1640049814 ,56 
1641155321.888908 ### DEBUG: BLE START SCANNING called
1641155321.969285 ### DEBUG: Ticks: 58, 16, 1 
1641155321.969400 1640049814 c0:98:e5:42:00:2c 5369 
1641155321.969451 5602 5609 5633 5639 5650 5653 5658 5680 5684 5693 5715 5716 5720 5728 5731 
1641155321.969506 5738 5743 5747 5748 5751 5767 5772 5775 5779 5800 5801 5802 5813 5819 5823 
1641155321.969563 ### DEBUG: BLE START SCANNING called
1641155321.979955 ### DEBUG: BLE START SCANNING called
1641155322.081876 ### RSSI: -78, 25, 1640049814 ,59 
1641155322.081993 ### RSSI: -79, 25, 1640049814 ,59 
1641155322.082043 ### DEBUG: BLE START SCANNING called
1641155322.082097 ### DEBUG: BLE START SCANNING called
1641155322.184481 ### RSSI: -76, 25, 1640049815 ,61 
1641155322.184621 ### DEBUG: BLE START SCANNING called
1641155322.287649 ### RSSI: -75, 18, 1640049815 ,62 
1641155322.287764 ### DEBUG: BLE START SCANNING called
1641155322.388367 ### RSSI: -71, 36, 1640049815 ,64 
1641155322.388470 ### DEBUG: BLE START SCANNING called
1641155322.488476 ### RSSI: -72, 9, 1640049815 ,66 
1641155322.488589 ### DEBUG: BLE START SCANNING called
1641155322.589861 ### RSSI: -72, 36, 1640049815 ,67 
1641155322.589977 ### DEBUG: BLE START SCANNING called
1641155322.680590 ### RSSI: -70, 16, 1640049815 ,69 
1641155322.680700 ### DEBUG: BLE START SCANNING called
1641155322.782624 ### RSSI: -69, 12, 1640049815 ,70 
1641155322.782749 ### DEBUG: BLE START SCANNING called
1641155322.971679 ### DEBUG: Ticks: 73, 15, 1 
1641155322.971791 1640049815 c0:98:e5:42:00:2c 5319 
1641155322.971834 5479 5509 5515 5519 5566 5571 5573 5585 5591 5592 5593 5595 5607 5619 5643 
1641155322.971877 5643 5651 5658 5661 5664 5667 5668 5668 5670 5672 5677 5689 5695 5712 5737 
1641155322.971916 ### DEBUG: BLE START SCANNING called
1641155322.982601 ### DEBUG: BLE START SCANNING called
1641155323.786561 ### RSSI: -69, 27, 1640049816 ,86 
1641155323.786678 ### DEBUG: BLE START SCANNING called
1641155323.969130 ### DEBUG: Ticks: 89, 16, 1 
1641155323.969252 1640049816 c0:98:e5:42:00:2c 5251 
1641155323.969306 5467 5469 5469 5472 5517 5522 5533 5565 5566 5570 5580 5592 5595 5597 5601 
1641155323.969356 5605 5614 5618 5637 5640 5641 5646 5654 5678 5681 5687 5688 5740 5759 5780 
1641155323.980440 ### DEBUG: BLE START SCANNING called
1641155323.980565 ### DEBUG: BLE START SCANNING called
1641155324.787731 ### RSSI: -69, 28, 1640049817 ,102 
1641155324.787836 ### DEBUG: BLE START SCANNING called
1641155324.967285 ### DEBUG: Ticks: 104, 15, 1 
1641155324.967428 1640049817 c0:98:e5:42:00:2c 5057 
1641155324.979334 5288 5322 5340 5357 5360 5360 5362 5370 5371 5371 5383 5390 5391 5393 5399 
1641155324.979502 5403 5412 5414 5426 5427 5450 5453 5455 5457 5458 5462 5474 5483 5495 5568 
1641155324.979579 ### DEBUG: BLE START SCANNING called
1641155325.787047 ### RSSI: -70, 10, 1640049818 ,117 
1641155325.972774 ### DEBUG: Ticks: 120, 16, 1 
1641155325.972883 1640049818 c0:98:e5:42:00:2c 4970 
1641155325.972927 5269 5269 5275 5278 5286 5294 5305 5305 5305 5306 5315 5317 5323 5329 5332 
1641155325.972975 5334 5339 5341 5348 5355 5362 5362 5366 5373 5376 5379 5383 5383 5446 5461 
1641155339.965803 
1641155339.965932 ----------------------------------------------
1641155339.965989 ### WARNING: Chip experienced a reset with reason 2
1641155339.966046 ### INFO: Bluetooth address: c0:98:e5:42:00:29
1641155339.966102 ### DEBUG: Time is 00:00:00, 2000/00/00
1641155339.966168 ### INFO: Time is 00:00:00, 2000/00/00
1641155339.966250 ### INFO: Initializing SD Card...
1641155340.044569 ### INFO: Connecting to the SquarePoint module...
1641155340.044723 ### INFO: SquarePoint module connection successful
1641155340.044843 ### INFO: Battery voltage currently 4092 mV
1641155340.189395 ### INFO: SD card flushed!
1641155340.226208 ### INFO: SD card flushed!
1641155340.226363 ### DEBUG: BLE START SCANNING called
1641155340.675350 ### DEBUG: Ticks: 21, 21, 0 
1641155340.675545 1640049834 c0:98:e5:42:00:2c 2170 
1641155340.675601 2386 2399 2420 2451 2458 2462 2468 2471 2475 2483 2483 2487 2493 2498 2506 
1641155340.675664 2515 2526 2527 2531 2533 2541 2553 2553 2555 2556 2571 2577 2587 2642 2744 
1641155340.675712 ### INFO: Switched Scheduler EUI from 00:00:00:00:00:00 to c0:98:e5:42:00:2c
1641155340.675761 ### DEBUG: BLE STOP SCANNING called
1641155341.039112 ### DEBUG: BLE START SCANNING called
1641155341.674615 ### DEBUG: Ticks: 36, 15, 0 
1641155341.674725 1640049835 c0:98:e5:42:00:2c 1940 
1641155341.674776 2132 2176 2182 2182 2195 2212 2214 2214 2222 2222 2223 2223 2235 2240 2243 
1641155341.674829 2252 2268 2273 2276 2287 2294 2295 2295 2309 2319 2330 2331 2336 2361 2379 
1641155342.136730 ### DEBUG: BLE START SCANNING called
1641155342.180675 ### addr: c0:98:e5:42:00:2c 
1641155342.180781 ### on_adv_report outer RSSI: -56, time:1640049835 
1641155342.180823 ### INFO: Discovered new device: c0:98:e5:42:00:2c
1641155342.180862 ### DEBUG: connected? already connected
1641155342.180902 ### DEBUG: BLE START SCANNING called
1641155342.237567 ### BLE EVENT: 16, INFO: BLE CONNECTED!
1641155342.237958 ### DEBUG: BLE START SCANNING called
1641155342.238034 ### RSSI: -56, 34, 1640049836 ,45 
1641155342.238076 ### DEBUG: BLE START SCANNING called
1641155342.339859 ### RSSI: -56, 12, 1640049836 ,47 
1641155342.339962 ### DEBUG: BLE START SCANNING called
1641155342.438660 ### RSSI: -58, 17, 1640049836 ,48 
1641155342.438788 ### DEBUG: BLE START SCANNING called
1641155342.537727 ### RSSI: -57, 18, 1640049836 ,50 
1641155342.537847 ### DEBUG: BLE START SCANNING called
1641155342.637164 ### RSSI: -58, 24, 1640049836 ,51 
1641155342.637273 ### DEBUG: BLE START SCANNING called
1641155342.672155 ### DEBUG: Ticks: 52, 16, 1 
1641155342.672270 1640049836 c0:98:e5:42:00:2c 1738 
1641155342.672319 1995 2007 2027 2028 2031 2032 2041 2049 2051 2053 2055 2057 2059 2060 2060 
1641155342.672373 2074 2074 2075 2078 2102 2109 2110 2113 2145 2158 2160 2166 2203 2206 2212 
1641155342.672441 ### DEBUG: BLE START SCANNING called
1641155342.739836 ### RSSI: -57, 19, 1640049836 ,53 
1641155342.739986 ### DEBUG: BLE START SCANNING called
1641155342.839804 ### RSSI: -61, 17, 1640049836 ,55 
1641155342.839921 ### DEBUG: BLE START SCANNING called
1641155342.938363 ### RSSI: -63, 27, 1640049836 ,56 
1641155342.938516 ### DEBUG: BLE START SCANNING called
1641155343.037427 ### RSSI: -61, 6, 1640049836 ,58 
1641155343.037544 ### DEBUG: BLE START SCANNING called
1641155343.047932 ### DEBUG: BLE START SCANNING called
1641155343.138504 ### RSSI: -61, 14, 1640049836 ,59 
1641155343.138625 ### DEBUG: BLE START SCANNING called
1641155343.239728 ### RSSI: -57, 9, 1640049837 ,61 
1641155343.239850 ### DEBUG: BLE START SCANNING called
1641155343.339038 ### RSSI: -64, 25, 1640049837 ,62 
1641155343.339149 ### DEBUG: BLE START SCANNING called
1641155343.439902 ### RSSI: -61, 6, 1640049837 ,64 
1641155343.440021 ### DEBUG: BLE START SCANNING called
1641155343.539042 ### RSSI: -62, 1, 1640049837 ,66 
1641155343.539168 ### DEBUG: BLE START SCANNING called
1641155343.636804 ### RSSI: -66, 15, 1640049837 ,67 
1641155343.636920 ### DEBUG: BLE START SCANNING called
1641155343.672437 ### DEBUG: Ticks: 68, 16, 1 
1641155343.672571 1640049837 c0:98:e5:42:00:2c 1786 
1641155343.672623 1975 1994 2022 2024 2037 2038 2043 2046 2049 2054 2057 2067 2076 2081 2082 
1641155343.672672 2087 2091 2098 2099 2103 2105 2119 2136 2165 2171 2197 2231 2271 2304 2966 
1641155343.672763 ### DEBUG: BLE START SCANNING called
1641155343.740326 ### RSSI: -60, 13, 1640049837 ,69 
1641155343.740437 ### DEBUG: BLE START SCANNING called
1641155343.837906 ### RSSI: -60, 22, 1640049837 ,70 
1641155343.838022 ### DEBUG: BLE START SCANNING called
1641155344.036770 ### DEBUG: BLE START SCANNING called
1641155344.672952 ### DEBUG: Ticks: 83, 15, 1 
1641155344.673069 1640049838 c0:98:e5:42:00:2c 1969 
1641155344.673130 2288 2345 2362 2368 2372 2376 2377 2378 2379 2388 2388 2393 2396 2397 2409 
1641155344.673183 2412 2415 2423 2425 2450 2451 2461 2468 2484 2503 2555 2599 2610 2921 2926 
1641155344.673232 ### DEBUG: BLE START SCANNING called
1641155344.839075 ### RSSI: -61, 27, 1640049838 ,86 
1641155344.839244 ### DEBUG: BLE START SCANNING called
1641155345.046184 ### DEBUG: BLE START SCANNING called
1641155345.668416 ### DEBUG: Ticks: 99, 16, 1 
1641155345.668533 1640049839 c0:98:e5:42:00:2c 2380 
1641155345.668585 2671 2685 2703 2705 2730 2734 2734 2740 2747 2749 2757 2758 2759 2762 2763 
1641155345.668634 2764 2766 2773 2777 2777 2783 2810 2865 2896 2903 2907 2977 3014 3075 3240 
1641155345.668690 ### DEBUG: BLE START SCANNING called
1641155345.834237 ### RSSI: -67, 11, 1640049839 ,101 
1641155345.834350 ### DEBUG: BLE START SCANNING called
1641155346.671416 ### DEBUG: Ticks: 114, 15, 1 
1641155346.671524 1640049840 c0:98:e5:42:00:2c 2785 
1641155346.671581 2987 3008 3011 3016 3031 3040 3047 3049 3053 3054 3059 3060 3062 3070 3072 
1641155346.671631 3079 3101 3105 3113 3129 3141 3144 3156 3160 3176 3191 3212 3229 3345 3389 
1641155346.836339 ### RSSI: -65, 19, 1640049840 ,117 
1641155347.673569 ### DEBUG: Ticks: 130, 16, 1 
1641155347.673685 1640049841 c0:98:e5:42:00:2c 3258 
1641155347.673737 3478 3493 3516 3529 3534 3541 3544 3547 3551 3556 3557 3563 3564 3565 3572 
1641155347.673787 3572 3575 3584 3611 3616 3633 3643 3644 3657 3663 3664 3667 3697 3701 3715 
1641155347.839093 ### RSSI: -66, 30, 1640049841 ,133 
1641155348.670422 ### DEBUG: Ticks: 146, 16, 1 
1641155348.670543 1640049842 c0:98:e5:42:00:2c 3422 
1641155348.670594 3668 3678 3684 3694 3699 3717 3720 3729 3731 3735 3739 3739 3741 3746 3747 
1641155348.670674 3752 3752 3753 3768 3777 3778 3779 3786 3820 3832 3835 3836 3838 3866 3870 
1641155348.836599 ### RSSI: -64, 25, 1640049842 ,148 
1641155349.675521 ### DEBUG: Ticks: 161, 15, 1 
1641155349.675657 1640049843 c0:98:e5:42:00:2c 3645 
1641155349.675740 3859 3868 3884 3905 3906 3911 3919 3925 3932 3954 3960 3964 3968 3972 3973 
1641155349.675790 3974 3985 3986 4000 4006 4018 4029 4041 4048 4061 4099 4101 4109 4110 4176 
1641155349.831729 ### RSSI: -71, 30, 1640049843 ,164 
1641155350.668010 ### DEBUG: Ticks: 177, 16, 1 
1641155350.668127 1640049844 c0:98:e5:42:00:2c 4066 
1641155350.668179 4318 4335 4350 4352 4354 4363 4364 4367 4373 4377 4386 4388 4390 4405 4416 
1641155350.668231 4417 4424 4426 4428 4430 4442 4447 4464 4476 4490 4508 4520 4550 4580 4629 
1641155350.835215 ### RSSI: -74, 30, 1640049845 ,180 
1641155351.669448 ### DEBUG: Ticks: 193, 16, 1 
1641155351.669561 1640049845 c0:98:e5:42:00:2c 4246 
1641155351.669608 4698 4749 4764 4766 4774 4795 4799 4802 4819 4823 4840 4845 4851 4854 4857 
1641155351.669648 4870 4872 4895 4897 4903 4908 4916 4917 4924 4930 4942 4988 4997 5036 5051 
1641155351.834579 ### RSSI: -68, 33, 1640049846 ,195 
1641155352.666964 ### DEBUG: Ticks: 208, 15, 1 
1641155352.667073 1640049846 c0:98:e5:42:00:2c 4702 
1641155352.667115 5078 5089 5092 5109 5120 5121 5127 5163 5176 5180 5183 5183 5185 5191 5201 
1641155352.667154 5209 5212 5213 5213 5213 5222 5226 5234 5254 5254 5263 5286 5313 5319 5405 
1641155352.839092 ### RSSI: -79, 1, 1640049847 ,211 
1641155353.669590 ### DEBUG: Ticks: 224, 16, 1 
1641155353.669703 1640049847 c0:98:e5:42:00:2c 5528 
1641155353.669758 5647 5698 5782 5789 5789 5791 5822 5824 5842 5848 5848 5854 5858 5863 5869 
1641155353.669807 5870 5870 5871 5876 5879 5884 5888 5899 5902 5913 5927 5937 5962 5980 0 
1641155353.835455 ### RSSI: -69, 35, 1640049848 ,226 
1641155354.671896 ### DEBUG: Ticks: 239, 15, 1 
1641155354.672018 1640049848 c0:98:e5:42:00:2c 5265 
1641155354.672070 5416 5516 5542 5542 5551 5555 5563 5567 5580 5585 5588 5597 5603 5609 5630 
1641155354.672127 5636 5637 5641 5651 5659 5659 5663 5675 5679 5693 5695 5701 5713 5734 5749 
1641155354.837578 ### RSSI: -76, 22, 1640049849 ,242 
1641155355.666657 ### DEBUG: Ticks: 255, 16, 1 
1641155355.666786 1640049849 c0:98:e5:42:00:2c 5311 
1641155355.678205 5452 5487 5499 5501 5506 5510 5511 5513 5520 5522 5529 5541 5546 5546 5548 
1641155355.678310 5552 5555 5562 5562 5576 5579 5579 5585 5585 5597 5602 5602 5611 5639 5644 
1641155355.832596 ### RSSI: -77, 7, 1640049849 ,258 
1641155356.675033 ### DEBUG: Ticks: 271, 16, 1 
1641155356.675152 1640049850 c0:98:e5:42:00:2c 5345 
1641155356.675207 5505 5517 5572 5580 5582 5585 5588 5594 5604 5609 5616 5629 5638 5646 5657 
1641155356.675257 5659 5665 5665 5679 5680 5684 5687 5689 5697 5699 5704 5706 5722 5736 5770 
1641155356.839941 ### RSSI: -75, 7, 1640049850 ,273 
1641155357.834212 ### RSSI: -64, 1, 1640049851 ,289 
1641155358.835493 ### RSSI: -66, 16, 1640049852 ,304 
1641155359.674038 ### DEBUG: Ticks: 318, 47, 1 
1641155359.674148 1640049853 c0:98:e5:42:00:2c 5106 
1641155359.674205 5347 5381 5397 5410 5421 5424 5430 5436 5442 5443 5447 5455 5458 5489 5490 
1641155359.674261 5494 5497 5502 5503 5507 5511 5513 5521 5522 5531 5536 5537 5548 5556 5557 
1641155359.839058 ### RSSI: -75, 14, 1640049853 ,320 
1641155360.668071 ### DEBUG: Ticks: 333, 15, 1 
1641155360.668190 1640049854 c0:98:e5:42:00:2c 4868 
1641155360.668242 5126 5127 5130 5137 5142 5144 5145 5169 5172 5173 5180 5186 5187 5192 5195 
1641155360.668303 5200 5201 5201 5201 5210 5210 5218 5226 5232 5232 5247 5257 5274 5289 5520 
1641155360.836527 ### RSSI: -72, 9, 1640049854 ,336 
1641155361.668403 ### DEBUG: Ticks: 349, 16, 1 
1641155361.668517 1640049855 c0:98:e5:42:00:2c 4551 
1641155361.668567 4783 4808 4814 4838 4871 4871 4872 4875 4875 4884 4886 4888 4899 4899 4900 
1641155361.668619 4902 4909 4915 4915 4922 4926 4927 4938 4942 4945 4947 4958 4986 5010 5056 
1641155361.834917 ### RSSI: -70, 25, 1640049855 ,351 
1641155362.672750 ### DEBUG: Ticks: 364, 15, 1 
1641155362.672865 1640049856 c0:98:e5:42:00:2c 4072 
1641155362.672908 4260 4265 4269 4279 4281 4294 4304 4307 4308 4325 4326 4329 4330 4339 4342 
1641155362.672949 4342 4343 4343 4345 4346 4353 4355 4367 4376 4379 4380 4390 4395 4406 4457 
1641155362.832157 ### RSSI: -71, 15, 1640049856 ,367 
1641155363.677540 ### DEBUG: Ticks: 380, 16, 1 
1641155363.677686 1640049857 c0:98:e5:42:00:2c 3439 
1641155363.677736 3733 3745 3760 3767 3772 3774 3778 3778 3780 3795 3798 3801 3809 3813 3816 
1641155363.677785 3819 3826 3831 3851 3853 3856 3864 3865 3866 3868 3869 3876 3890 3903 3930 
1641155363.835832 ### RSSI: -65, 36, 1640049857 ,383 
1641155364.667360 ### DEBUG: Ticks: 396, 16, 1 
1641155364.667535 1640049858 c0:98:e5:42:00:2c 3068 
1641155364.679465 3373 3375 3382 3413 3419 3420 3421 3425 3426 3430 3432 3433 3434 3435 3437 
1641155364.679589 3449 3452 3457 3462 3467 3474 3483 3508 3515 3518 3536 3541 3557 3560 3570 
1641155364.833063 ### RSSI: -68, 26, 1640049858 ,398 
1641155365.669945 ### DEBUG: Ticks: 411, 15, 1 
1641155365.670049 1640049859 c0:98:e5:42:00:2c 3027 
1641155365.670091 3299 3303 3309 3311 3312 3314 3328 3329 3345 3355 3356 3359 3368 3369 3375 
1641155365.670136 3377 3380 3386 3388 3394 3400 3405 3408 3412 3421 3430 3458 3521 3535 3538 
1641155365.835062 ### RSSI: -64, 32, 1640049859 ,414 
1641155366.672066 ### DEBUG: Ticks: 427, 16, 1 
1641155366.672173 1640049860 c0:98:e5:42:00:2c 3106 
1641155366.672214 3328 3337 3359 3365 3368 3375 3377 3381 3385 3398 3403 3409 3421 3421 3423 
1641155366.672261 3437 3446 3450 3450 3455 3460 3465 3473 3484 3493 3515 3517 3550 3570 3572 
1641155366.838948 ### RSSI: -64, 9, 1640049860 ,429 
1641155367.673986 ### DEBUG: Ticks: 442, 15, 1 
1641155367.674087 1640049861 c0:98:e5:42:00:2c 2711 
1641155367.674128 2943 2966 2980 2990 2992 2999 3006 3012 3017 3019 3021 3023 3023 3024 3026 
1641155367.674172 3029 3030 3033 3036 3043 3048 3049 3064 3066 3076 3097 3101 3103 3104 3124 
1641155367.829610 ### RSSI: -67, 29, 1640049861 ,445 
1641155368.668104 ### DEBUG: Ticks: 458, 16, 1 
1641155368.668219 1640049862 c0:98:e5:42:00:2c 2317 
1641155368.680848 2594 2600 2603 2614 2649 2659 2664 2667 2675 2676 2679 2681 2682 2689 2703 
1641155368.680968 2707 2711 2712 2713 2715 2716 2728 2737 2740 2742 2760 2761 2764 2771 2790 
1641155368.832909 ### RSSI: -65, 27, 1640049862 ,461 
1641155369.675770 ### DEBUG: Ticks: 474, 16, 1 
1641155369.675884 1640049863 c0:98:e5:42:00:2c 1904 
1641155369.675926 2084 2103 2128 2135 2135 2144 2150 2154 2160 2164 2166 2169 2173 2174 2185 
1641155369.675976 2185 2186 2193 2194 2194 2196 2197 2203 2204 2205 2216 2223 2246 2265 2293 
1641155369.835005 ### RSSI: -60, 0, 1640049863 ,476 
1641155370.671686 ### DEBUG: Ticks: 489, 15, 1 
1641155370.671799 1640049864 c0:98:e5:42:00:2c 1777 
1641155370.671840 1936 1986 2009 2011 2013 2024 2026 2040 2051 2052 2055 2055 2056 2060 2060 
1641155370.671879 2062 2067 2069 2070 2076 2081 2082 2088 2088 2096 2108 2111 2113 2129 2194 
1641155370.837302 ### RSSI: -57, 31, 1640049864 ,492 
1641155371.670479 ### DEBUG: Ticks: 505, 16, 1 
1641155371.670598 1640049865 c0:98:e5:42:00:2c 2179 
1641155371.670643 2430 2458 2464 2473 2473 2476 2524 2526 2531 2539 2542 2542 2543 2543 2543 
1641155371.670710 2547 2548 2554 2555 2558 2560 2565 2576 2582 2585 2589 2591 2630 2645 2726 
1641155371.835820 ### RSSI: -58, 24, 1640049865 ,508 
1641155372.674605 ### DEBUG: Ticks: 521, 16, 1 
1641155372.674717 1640049866 c0:98:e5:42:00:2c 2557 
1641155372.674768 2768 2806 2810 2813 2835 2845 2845 2848 2849 2856 2857 2867 2869 2870 2870 
1641155372.674820 2872 2874 2875 2876 2885 2889 2890 2896 2909 2909 2910 2931 2959 3009 3012 
1641155372.832082 ### RSSI: -68, 22, 1640049866 ,523 
1641155373.667287 ### DEBUG: Ticks: 536, 15, 1 
1641155373.667427 1640049867 c0:98:e5:42:00:2c 2532 
1641155373.679238 2764 2783 2788 2797 2807 2821 2826 2827 2831 2835 2840 2841 2847 2849 2852 
1641155373.679332 2852 2858 2858 2867 2869 2873 2876 2881 2897 2897 2899 2919 2955 3024 3049 
1641155373.832774 ### RSSI: -65, 2, 1640049867 ,539 
1641155374.675370 ### DEBUG: Ticks: 552, 16, 1 
1641155374.675510 1640049868 c0:98:e5:42:00:2c 2532 
1641155374.675551 2791 2799 2808 2834 2851 2857 2862 2872 2878 2880 2881 2882 2882 2885 2885 
1641155374.675594 2885 2894 2896 2902 2903 2917 2924 2933 2948 2950 2958 2978 2981 2986 3005 
1641155374.830509 ### RSSI: -61, 1, 1640049868 ,554 
1641155375.668042 ### DEBUG: Ticks: 567, 15, 1 
1641155375.668152 1640049869 c0:98:e5:42:00:2c 2474 
1641155375.679880 2717 2721 2725 2729 2732 2735 2739 2744 2748 2760 2762 2767 2768 2768 2770 
1641155375.680859 2771 2784 2801 2803 2820 2824 2828 2830 2839 2839 2842 2867 2872 2879 2896 
1641155375.834569 ### RSSI: -60, 25, 1640049870 ,570 
1641155376.109641 ### INFO: SD card flushed!
1641155376.674871 ### DEBUG: Ticks: 583, 16, 1 
1641155376.674974 1640049870 c0:98:e5:42:00:2c 2386 
1641155376.675015 2586 2606 2615 2627 2634 2637 2637 2646 2649 2679 2682 2693 2706 2714 2718 
1641155376.675055 2731 2738 2757 2769 2770 2774 2776 2792 2801 2812 2842 2847 2897 2919 2919 
1641155376.833012 ### RSSI: -72, 23, 1640049871 ,586 
1641155377.668076 ### DEBUG: Ticks: 599, 16, 1 
1641155377.668181 1640049871 c0:98:e5:42:00:2c 2080 
1641155377.668230 2293 2305 2316 2323 2330 2338 2342 2347 2356 2359 2361 2375 2412 2429 2431 
1641155377.668283 2434 2448 2459 2483 2487 2490 2490 2504 2508 2518 2532 2581 2630 2731 3386 
1641155377.833146 ### RSSI: -62, 36, 1640049872 ,601 
1641155378.669993 ### DEBUG: Ticks: 614, 15, 1 
1641155378.670108 1640049872 c0:98:e5:42:00:2c 2143 
1641155378.670150 2372 2374 2404 2415 2428 2435 2435 2439 2443 2446 2446 2448 2454 2456 2457 
1641155378.670190 2462 2465 2465 2477 2477 2477 2484 2488 2495 2510 2527 2530 2546 2575 2598 
1641155378.836108 ### RSSI: -63, 16, 1640049873 ,617 
1641155379.676422 ### DEBUG: Ticks: 630, 16, 1 
1641155379.676533 1640049873 c0:98:e5:42:00:2c 2687 
1641155379.676588 2758 2795 2809 2813 2818 2819 2826 2827 2840 2843 2845 2846 2855 2857 2862 
1641155379.676642 2865 2869 2871 2875 2906 2939 2945 2947 2986 2995 3020 3027 3136 3184 4072 
1641155379.832437 ### RSSI: -71, 28, 1640049873 ,632 
1641155380.674451 ### DEBUG: Ticks: 646, 16, 1 
1641155380.674564 1640049874 c0:98:e5:42:00:2c 3301 
1641155380.674610 3345 3363 3376 3380 3398 3399 3404 3408 3421 3423 3425 3426 3426 3427 3430 
1641155380.674651 3436 3437 3452 3462 3471 3536 3543 3559 3593 3603 3611 3704 3757 4020 4025 
1641155380.829109 ### RSSI: -65, 3, 1640049874 ,648 
1641155381.676730 ### DEBUG: Ticks: 661, 15, 1 
1641155381.676917 1640049875 c0:98:e5:42:00:2c 3699 
1641155381.676968 3818 3861 3870 3871 3878 3878 3881 3882 3886 3900 3908 3916 3919 3929 3933 
1641155381.677016 3955 3956 3960 3964 3976 4037 4049 4052 4067 4073 4077 4148 4149 4212 4213 
1641155381.837582 ### RSSI: -73, 2, 1640049875 ,664 
1641155382.674889 ### DEBUG: Ticks: 677, 16, 1 
1641155382.675013 1640049876 c0:98:e5:42:00:2c 3629 
1641155382.675065 3832 3877 3880 3894 3900 3903 3915 3919 3923 3931 3931 3934 3939 3949 3956 
1641155382.675125 3972 3975 3979 3985 3988 4006 4007 4051 4058 4091 4117 4138 4153 4155 4664 
1641155382.839185 ### RSSI: -68, 8, 1640049876 ,679 
1641155383.671368 ### DEBUG: Ticks: 692, 15, 1 
1641155383.671516 1640049877 c0:98:e5:42:00:2c 3649 
1641155383.671558 3826 3871 3878 3880 3883 3893 3895 3899 3915 3916 3917 3930 3943 3944 3956 
1641155383.671598 3958 3972 3972 3988 3992 4027 4032 4044 4072 4083 4083 4098 4112 4175 4210 
1641155383.837134 ### RSSI: -72, 35, 1640049877 ,695 
1641155384.668757 ### DEBUG: Ticks: 708, 16, 1 
1641155384.668862 1640049878 c0:98:e5:42:00:2c 3618 
1641155384.668908 3856 3865 3881 3915 3918 3926 3927 3930 3934 3936 3938 3940 3948 3949 3959 
1641155384.668949 3961 3965 3966 3970 3972 3984 3998 4012 4015 4021 4028 4044 4066 4111 4215 
1641155384.835030 ### RSSI: -72, 0, 1640049878 ,711 
1641155385.676283 ### DEBUG: Ticks: 724, 16, 1 
1641155385.676385 1640049879 c0:98:e5:42:00:2c 3846 
1641155385.676430 4186 4197 4232 4247 4249 4252 4262 4278 4284 4295 4298 4301 4304 4305 4309 
1641155385.676483 4314 4316 4317 4322 4331 4336 4340 4344 4353 4367 4370 4376 4468 4490 4490 
1641155385.837448 ### RSSI: -72, 19, 1640049879 ,726 
1641155386.673808 ### DEBUG: Ticks: 739, 15, 1 
1641155386.673924 1640049880 c0:98:e5:42:00:2c 3929 
1641155386.673971 4140 4160 4178 4186 4192 4206 4217 4222 4225 4231 4248 4250 4255 4259 4263 
1641155386.674017 4263 4264 4268 4272 4276 4276 4284 4287 4293 4294 4305 4308 4339 4357 4358 
1641155386.829331 ### RSSI: -67, 32, 1640049880 ,742 
1641155387.668285 ### DEBUG: Ticks: 755, 16, 1 
1641155387.668401 1640049881 c0:98:e5:42:00:2c 4440 
1641155387.668442 4658 4714 4734 4742 4766 4773 4780 4788 4794 4795 4797 4799 4807 4810 4812 
1641155387.668481 4812 4813 4814 4816 4817 4823 4824 4832 4832 4850 4870 4878 4890 4891 5004 
1641155387.831658 ### RSSI: -67, 32, 1640049881 ,757 
1641155388.676962 ### DEBUG: Ticks: 771, 16, 1 
1641155388.677076 1640049882 c0:98:e5:42:00:2c 4931 
1641155388.677132 5172 5192 5193 5198 5199 5222 5226 5231 5252 5260 5261 5264 5267 5267 5268 
1641155388.677181 5274 5274 5289 5291 5291 5292 5297 5301 5309 5326 5336 5338 5339 5341 5449 
1641155388.831278 ### RSSI: -77, 21, 1640049882 ,773 
1641155389.676012 ### DEBUG: Ticks: 786, 15, 1 
1641155389.676130 1640049883 c0:98:e5:42:00:2c 5253 
1641155389.676232 5490 5491 5529 5542 5553 5555 5559 5559 5560 5565 5565 5572 5575 5575 5597 
1641155389.676303 5599 5606 5624 5631 5632 5640 5644 5652 5654 5658 5667 5685 5690 5696 5719 
1641155389.831772 ### RSSI: -74, 14, 1640049883 ,789 
1641155398.827454 
1641155398.827562 ----------------------------------------------
1641155398.827615 ### WARNING: Chip experienced a reset with reason 2
1641155398.827655 ### INFO: Bluetooth address: c0:98:e5:42:00:29
1641155398.827696 ### DEBUG: Time is 00:00:00, 2000/00/00
1641155398.827742 ### INFO: Time is 00:00:00, 2000/00/00
1641155398.827782 ### INFO: Initializing SD Card...
1641155398.827822 ### INFO: Connecting to the SquarePoint module...
1641155398.827862 ### INFO: SquarePoint module connection successful
1641155398.827910 ### INFO: Battery voltage currently 4109 mV
1641155398.970264 ### INFO: SD card flushed!
1641155399.003765 ### INFO: SD card flushed!
1641155399.003884 ### DEBUG: BLE START SCANNING called
1641155399.667592 ### BLE EVENT: 16, INFO: BLE CONNECTED!
1641155399.667696 ### DEBUG: BLE START SCANNING called
1641155399.667737 ### RSSI: -69, 26, 1640503229 ,24 
1641155399.667777 ### DEBUG: BLE START SCANNING called
1641155399.735122 ### STOPPED, setting module to STOPPED
1641155399.767772 ### RSSI: -67, 22, 1640503229 ,26 
1641155399.864672 ### RSSI: -68, 7, 1640503229 ,27 
1641155399.887279 ### INFO: SD card flushed!
1641155399.887423 ### DEBUG: BLE START SCANNING called
1641155399.975354 ### RSSI: -68, 8, 1640503229 ,29 
1641155399.975862 ### DEBUG: BLE START SCANNING called
1641155400.075938 ### RSSI: -68, 16, 1640503230 ,31 
1641155400.076049 ### DEBUG: BLE START SCANNING called
1641155400.132146 ### addr: c0:98:e5:42:00:2c 
1641155400.132259 ### on_adv_report outer RSSI: -68, time:1640503230 
1641155400.132301 ### INFO: Discovered new device: c0:98:e5:42:00:2c
1641155400.132351 ### INFO: Switched Scheduler EUI from 00:00:00:00:00:00 to c0:98:e5:42:00:2c
1641155400.132409 ### INFO: Starting the SquarePoint module...
1641155400.132454 ### INFO: Starting SquarePoint module as PARTICIPANT with timestamp 1640503230
1641155400.132497 ### DEBUG: BLE STOP SCANNING called
1641155400.132539 ### INFO: SquarePoint module successfully started!
1641155400.152859 ### DEBUG: Ticks: 32, 32, 0 
1641155400.164593 1640503231 ### RSSI: -83, 6, 1640503231 ,32 
1641155400.274099 ### RSSI: -74, 13, 1640503231 ,34 
1641155400.373875 ### RSSI: -67, 36, 1640503231 ,35 
1641155400.564868 ### RSSI: -72, 29, 1640503231 ,38 
1641155400.675245 ### RSSI: -71, 18, 1640503231 ,40 
1641155400.773379 ### RSSI: -71, 19, 1640503231 ,41 
1641155400.783518 ### DEBUG: Ticks: 42, 10, 0 
1641155400.869574 1640049896 ### RSSI: -73, 33, 1640049896 ,43 
1641155400.969285 ### RSSI: -70, 28, 1640049897 ,45 
1641155401.068525 ### RSSI: -70, 30, 1640049897 ,46 
1641155401.170336 ### RSSI: -66, 27, 1640049897 ,48 
1641155401.271099 ### RSSI: -72, 35, 1640049897 ,49 
1641155401.370341 ### RSSI: -69, 30, 1640049897 ,51 
1641155401.871939 ### DEBUG: Ticks: 59, 17, 0 
1641155401.872044 1640049897 c0:98:e5:42:00:2c 3052 
1641155401.872086 3357 3364 3386 3386 3394 3394 3402 3408 3409 3409 3409 3413 3414 3416 3417 
1641155401.872138 3417 3418 3422 3425 3439 3442 3444 3448 3456 3467 3468 3471 3480 3494 3510 
1641155402.370898 ### RSSI: -67, 23, 1640049898 ,66 
1641155402.879868 ### DEBUG: Ticks: 74, 15, 0 
1641155402.879979 1640049898 c0:98:e5:42:00:2c 2940 
1641155402.880033 3219 3247 3249 3261 3265 3265 3273 3278 3281 3281 3283 3284 3285 3286 3287 
1641155402.880082 3289 3298 3299 3302 3303 3307 3320 3326 3332 3336 3348 3352 3353 3371 3382 
1641155403.364225 ### RSSI: -66, 12, 1640049899 ,82 
1641155403.883479 ### DEBUG: Ticks: 90, 16, 0 
1641155403.883599 1640049899 c0:98:e5:42:00:2c 2813 
1641155403.883651 3089 3092 3098 3101 3111 3113 3114 3115 3116 3120 3124 3126 3131 3132 3133 
1641155403.883712 3151 3152 3153 3154 3155 3155 3157 3163 3173 3173 3180 3196 3207 3208 3219 
1641155404.366421 ### RSSI: -61, 33, 1640049899 ,98 
1641155404.883175 ### DEBUG: Ticks: 106, 16, 0 
1641155404.883287 1640049900 c0:98:e5:42:00:2c 2649 
1641155404.883338 2908 2918 2962 2972 2973 2988 2989 2992 2993 2994 2994 2997 3004 3005 3009 
1641155404.883430 3011 3014 3015 3028 3038 3043 3043 3050 3053 3055 3057 3076 3078 3080 3098 
1641155405.370145 ### RSSI: -60, 1, 1640049900 ,113 
1641155405.885320 ### DEBUG: Ticks: 121, 15, 0 
1641155405.885426 1640049901 c0:98:e5:42:00:2c 2612 
1641155405.885468 2872 2906 2916 2928 2958 2968 2968 2970 2978 2985 2985 2989 2990 2994 2996 
1641155405.885519 3002 3005 3013 3021 3026 3029 3030 3038 3048 3049 3060 3062 3076 3108 3189 
1641155406.365832 ### RSSI: -58, 23, 1640049901 ,129 
1641155406.882296 ### DEBUG: Ticks: 137, 16, 0 
1641155406.882404 1640049902 c0:98:e5:42:00:2c 2611 
1641155406.882445 2859 2872 2878 2888 2895 2910 2918 2922 2923 2927 2927 2939 2945 2945 2947 
1641155406.882485 2951 2954 2958 2959 2969 2971 2978 2988 2990 2996 2999 3016 3021 3065 3204 
1641155407.372594 ### RSSI: -60, 16, 1640049902 ,145 
1641155407.878874 ### DEBUG: Ticks: 153, 16, 0 
1641155407.878997 1640049903 c0:98:e5:42:00:2c 2479 
1641155407.879038 2757 2767 2784 2786 2793 2800 2805 2813 2821 2823 2824 2826 2829 2829 2841 
1641155407.879082 2841 2843 2845 2846 2857 2858 2860 2864 2865 2886 2890 2902 2902 2937 2964 
1641155408.369090 ### RSSI: -64, 9, 1640049903 ,160 
1641155408.886249 ### DEBUG: Ticks: 168, 15, 0 
1641155408.886375 1640049904 c0:98:e5:42:00:2c 2574 
1641155408.886432 2743 2782 2852 2853 2860 2873 2877 2880 2881 2882 2891 2895 2903 2905 2908 
1641155408.886492 2908 2910 2914 2925 2930 2935 2943 2963 2966 2975 2978 2986 2998 3026 3131 
1641155409.372922 ### RSSI: -66, 32, 1640049904 ,176 
1641155409.881186 ### DEBUG: Ticks: 184, 16, 0 
1641155409.881297 1640049905 c0:98:e5:42:00:2c 2667 
1641155409.881352 2898 2906 2913 2913 2914 2934 2961 2963 2965 2991 3009 3018 3023 3024 3025 
1641155409.881402 3035 3037 3038 3046 3048 3057 3062 3065 3077 3088 3092 3092 3092 3105 3915 
1641155410.371513 ### RSSI: -77, 11, 1640049905 ,191 
1641155410.878172 ### DEBUG: Ticks: 199, 15, 0 
1641155410.878276 1640049906 c0:98:e5:42:00:2c 2727 
1641155410.878318 2868 2877 2908 2936 2956 2960 2972 2979 2985 2988 2990 2991 2994 2994 3019 
1641155410.878358 3023 3025 3036 3045 3064 3072 3084 3087 3098 3102 3118 3152 3191 3222 3258 
1641155411.371480 ### RSSI: -72, 22, 1640049906 ,207 
1641155411.878528 ### DEBUG: Ticks: 215, 16, 0 
1641155411.878651 1640049907 c0:98:e5:42:00:2c 2667 
1641155411.890248 2730 2781 2798 2801 2817 2819 2851 2854 2878 2880 2884 2890 2892 2918 2932 
1641155411.890370 2934 2936 2940 2944 2952 2954 2963 2964 3004 3018 3020 3022 3023 3069 3165 
1641155412.367724 ### RSSI: -76, 2, 1640049907 ,223 
1641155412.879653 ### DEBUG: Ticks: 231, 16, 0 
1641155412.879796 1640049908 c0:98:e5:42:00:2c 2468 
1641155412.879847 2703 2729 2738 2763 2764 2764 2780 2788 2795 2797 2806 2807 2831 2863 2869 
1641155412.879897 2885 2886 2932 2934 2940 2943 2952 2953 2967 2981 2981 2997 3020 3082 3852 
1641155413.369061 ### RSSI: -67, 12, 1640049908 ,238 
1641155413.879054 ### DEBUG: Ticks: 246, 15, 0 
1641155413.879188 1640049909 c0:98:e5:42:00:2c 2762 
1641155413.879247 3065 3096 3097 3097 3100 3101 3101 3103 3110 3112 3113 3128 3133 3139 3144 
1641155413.890484 3149 3154 3172 3173 3183 3187 3197 3217 3217 3242 3256 3329 3363 3980 3999 
1641155414.368458 ### RSSI: -67, 4, 1640049909 ,254 
1641155414.878670 ### DEBUG: Ticks: 262, 16, 0 
1641155414.878793 1640049910 c0:98:e5:42:00:2c 3368 
1641155414.878852 3504 3550 3551 3570 3589 3592 3602 3606 3612 3614 3617 3618 3624 3625 3627 
1641155414.878904 3627 3631 3641 3655 3656 3668 3709 3730 3736 3737 3822 3865 3921 4730 4778 
1641155440.727632 
1641155440.727746 ----------------------------------------------
1641155440.727797 ### WARNING: Chip experienced a reset with reason 2
1641155440.727846 ### INFO: Bluetooth address: c0:98:e5:42:00:29
1641155440.727898 ### DEBUG: Time is 00:00:00, 2000/00/00
1641155440.727947 ### INFO: Time is 00:00:00, 2000/00/00
1641155440.727995 ### INFO: Initializing SD Card...
1641155440.728044 ### INFO: Connecting to the SquarePoint module...
1641155440.728093 ### INFO: SquarePoint module connection successful
1641155440.728144 ### INFO: Battery voltage currently 4070 mV
1641155440.728192 ### INFO: SD card flushed!
1641155440.728241 ### INFO: SD card flushed!
1641155440.728289 ### DEBUG: BLE START SCANNING called
1641155440.960684 ### STOPPED, setting module to STOPPED
1641155441.254003 ### DEBUG: BLE START SCANNING called
1641155441.278251 ### addr: c0:98:e5:42:00:2c 
1641155441.278350 ### on_adv_report outer RSSI: -60, time:1640503229 
1641155441.278395 ### INFO: Discovered new device: c0:98:e5:42:00:2c
1641155441.278436 ### INFO: Switched Scheduler EUI from 00:00:00:00:00:00 to c0:98:e5:42:00:2c
1641155441.290369 ### INFO: Starting the SquarePoint module...
1641155441.290488 ### INFO: Starting SquarePoint module as PARTICIPANT with timestamp 1640503229
1641155441.290540 ### DEBUG: BLE STOP SCANNING called
1641155441.290590 ### INFO: SquarePoint module successfully started!
1641155441.302098 ### DEBUG: Ticks: 27, 27, 0 
1641155442.166907 1640503230 ### DEBUG: Ticks: 41, 14, 0 
1641155443.246991 1640049939 ### DEBUG: Ticks: 58, 17, 0 
1641155443.247111 1640049940 c0:98:e5:42:00:2c 2559 
1641155443.247182 2834 2855 2861 2862 2885 2906 2908 2910 2912 2917 2918 2921 2924 2925 2927 
1641155443.247251 2927 2928 2929 2931 2943 2948 2950 2953 2955 2973 2983 2989 2998 3059 3189 
1641155444.259758 ### DEBUG: Ticks: 73, 15, 0 
1641155444.259880 1640049941 c0:98:e5:42:00:2c 2529 
1641155444.259935 2826 2850 2868 2875 2897 2900 2911 2912 2914 2917 2926 2928 2931 2934 2935 
1641155444.259986 2939 2941 2943 2950 2954 2957 2958 2968 2974 2980 3009 3019 3027 3061 3136 
1641155445.263758 ### DEBUG: Ticks: 89, 16, 0 
1641155445.263872 1640049942 c0:98:e5:42:00:2c 2601 
1641155445.263923 2872 2898 2906 2916 2925 2930 2933 2937 2943 2954 2960 2965 2970 2971 2973 
1641155445.263977 2975 2978 2983 2985 2991 3000 3014 3024 3035 3054 3055 3060 3060 3064 3152 
1641155446.258832 ### DEBUG: Ticks: 105, 16, 0 
1641155446.258941 1640049943 c0:98:e5:42:00:2c 2626 
1641155446.258982 2864 2871 2896 2904 2909 2910 2913 2916 2927 2931 2932 2933 2935 2936 2946 
1641155446.259022 2948 2951 2952 2954 2966 2969 2970 2972 2975 2982 3002 3028 3046 3080 3268 
1641155447.260151 ### DEBUG: Ticks: 120, 15, 0 
1641155447.260260 1640049944 c0:98:e5:42:00:2c 2400 
1641155447.260310 2727 2727 2734 2773 2774 2778 2779 2780 2780 2788 2805 2809 2809 2810 2817 
1641155447.260359 2819 2819 2822 2824 2832 2836 2853 2856 2877 2892 2937 2939 2941 2947 2985 
1641155452.258064 ### DEBUG: Ticks: 198, 78, 0 
1641155452.258170 1640049949 c0:98:e5:42:00:2c 1091 
1641155452.258213 1387 1399 1407 1416 1425 1431 1432 1432 1435 1440 1440 1446 1449 1452 1456 
1641155452.258258 1471 1472 1474 1490 1493 1503 1511 1522 1528 1530 1551 1612 1630 1701 1756 
1641155453.262621 ### DEBUG: Ticks: 214, 16, 0 
1641155453.262766 1640049950 c0:98:e5:42:00:2c 1065 
1641155453.262818 1321 1338 1346 1347 1363 1363 1374 1376 1380 1390 1394 1407 1408 1418 1421 
1641155453.262868 1424 1428 1430 1431 1445 1451 1456 1467 1485 1493 1497 1570 1617 1630 1674 
1641155454.256086 ### DEBUG: Ticks: 230, 16, 0 
1641155454.256224 1640049951 c0:98:e5:42:00:2c 927 
1641155454.267185 1133 1155 1160 1189 1199 1206 1211 1227 1228 1228 1234 1235 1247 1261 1266 
1641155454.267285 1268 1270 1274 1285 1286 1293 1299 1303 1303 1318 1328 1330 1332 1353 0 
1641155455.261174 ### DEBUG: Ticks: 245, 15, 0 
1641155455.261435 1640049952 c0:98:e5:42:00:2c 896 
1641155455.261486 1112 1117 1124 1130 1137 1142 1148 1163 1166 1179 1183 1186 1191 1191 1199 
1641155455.261535 1206 1213 1213 1214 1233 1252 1252 1254 1255 1261 1271 1290 1303 1382 1394 
1641155456.263790 ### DEBUG: Ticks: 261, 16, 0 
1641155456.263891 1640049953 c0:98:e5:42:00:2c 837 
1641155456.263933 1081 1081 1085 1110 1142 1151 1158 1158 1159 1163 1179 1185 1188 1195 1195 
1641155456.263983 1195 1196 1208 1208 1215 1222 1225 1240 1247 1265 1277 1279 1285 1298 1310 
1641155457.262570 ### DEBUG: Ticks: 276, 15, 0 
1641155457.262679 1640049954 c0:98:e5:42:00:2c 740 
1641155457.262734 961 963 970 989 994 1001 1036 1043 1046 1052 1061 1067 1068 1072 1079 
1641155457.262783 1082 1092 1093 1100 1117 1117 1131 1145 1150 1160 1177 1178 1196 1214 0 
1641155458.257579 ### DEBUG: Ticks: 292, 16, 0 
1641155458.257697 1640049955 c0:98:e5:42:00:2c 454 
1641155458.257747 603 666 670 674 679 682 687 701 710 714 714 720 729 731 736 
1641155458.257796 737 739 740 752 766 769 777 787 793 794 800 802 874 876 0 
1641155459.262494 ### DEBUG: Ticks: 308, 16, 0 
1641155459.262612 1640049956 c0:98:e5:42:00:2c 384 
1641155459.262664 605 605 612 619 620 620 626 638 644 647 649 663 663 677 680 
1641155459.262719 683 686 688 692 695 695 705 715 715 721 750 759 788 816 827 
1641155460.257103 ### DEBUG: Ticks: 323, 15, 0 
1641155460.257214 1640049957 c0:98:e5:42:00:2c 324 
1641155460.257269 529 561 563 567 594 598 610 611 614 622 630 633 637 643 645 
1641155460.257317 653 658 659 659 671 682 684 709 712 720 747 752 754 788 870 
