1641155209.561211 ###RTT Client: ************************************************************ 
1641155209.561403 ###RTT Client: *               SEGGER Microcontroller GmbH                * 
1641155209.561459 ###RTT Client: *   Solutions for real time microcontroller applications   * 
1641155209.561513 ###RTT Client: ************************************************************ 
1641155209.561571 ###RTT Client: *                                                          * 
1641155209.561624 ###RTT Client: *       (c) 2012 - 2016  SEGGER Microcontroller GmbH       * 
1641155209.561677 ###RTT Client: *                                                          * 
1641155209.561734 ###RTT Client: *     www.segger.com     Support: support@segger.com       * 
1641155209.561903 ###RTT Client: *                                                          * 
1641155209.561960 ###RTT Client: ************************************************************ 
1641155209.562030 ###RTT Client: *                                                          * 
1641155209.562089 ###RTT Client: * SEGGER J-Link RTT Client   Compiled Jan 30 2018 18:46:58 * 
1641155209.562147 ###RTT Client: *                                                          * 
1641155209.562265 ###RTT Client: ************************************************************ 
1641155209.562323 
1641155209.562380 ###RTT Client: -----------------------------------------------
1641155209.562437 ###RTT Client: Connecting to J-Link RTT Server via localhost:9201  Connected.
1641155209.562493 SEGGER J-Link V6.30 - Real time terminal output
1641155209.562550 J-Link EDU Mini V1 compiled Oct  2 2020 17:00:40 V1.0, SN=801021851
1641155209.562606 Process: JLinkExe
1641155209.562662 ### DEBUG: Ticks: 216, 16, 0 
1641155209.562721 1640049647 c0:98:e5:42:00:29 261 
1641155209.562778 -223 -216 -207 -194 -187 -184 -181 -179 -173 -173 -160 -152 -151 -149 -146 
1641155209.562834 -142 -133 -127 -122 -116 -99 -90 -84 -81 -80 -75 -75 -39 -34 -24 
1641155209.563012 ### BLE EVENT: 16, INFO: BLE CONNECTED!
1641155209.563070 ### RSSI: -50, 20, 1640049648 ,231 
1641155209.563127 ### DEBUG: Ticks: 231, 15, 0 
1641155209.563182 1640049648 c0:98:e5:42:00:29 283 
1641155209.563239 -312 -263 -257 -245 -238 -233 -229 -212 -200 -199 -192 -185 -181 -178 -169 
1641155209.563295 -164 -158 -149 -133 -132 -127 -117 -112 -108 -108 -107 -103 -102 -95 -66 
1641155209.563351 ### RSSI: -46, 9, 1640049648 ,233 
1641155209.563406 ### RSSI: -47, 14, 1640049648 ,234 
1641155209.563563 ### RSSI: -48, 3, 1640049648 ,236 
1641155209.563622 ### RSSI: -46, 7, 1640049648 ,237 
1641155209.563679 ### RSSI: -54, 28, 1640049648 ,239 
1641155209.563734 ### RSSI: -46, 11, 1640049649 ,240 
1641155209.563790 ### RSSI: -54, 29, 1640049649 ,242 
1641155209.563845 ### RSSI: -46, 2, 1640049649 ,243 
1641155209.563901 ### RSSI: -46, 11, 1640049649 ,245 
1641155209.563956 ### RSSI: -47, 13, 1640049649 ,247 
1641155209.564012 ### DEBUG: Ticks: 247, 16, 0 
1641155209.564068 1640049649 c0:98:e5:42:00:29 264 
1641155209.564199 -254 -234 -218 -214 -209 -208 -182 -169 -165 -165 -165 -165 -164 -158 -143 
1641155209.564259 -135 -129 -118 -115 -102 -89 -86 -82 -75 -74 -66 -56 -55 -33 -26 
1641155209.564316 ### RSSI: -50, 22, 1640049649 ,248 
1641155209.564372 ### RSSI: -46, 2, 1640049649 ,250 
1641155209.564427 ### RSSI: -47, 11, 1640049649 ,251 
1641155209.564483 ### RSSI: -53, 33, 1640049649 ,253 
1641155209.564540 ### RSSI: -50, 22, 1640049649 ,254 
1641155209.564634 ### RSSI: -47, 2, 1640049650 ,256 
1641155209.564690 ### DEBUG: Ticks: 262, 15, 0 
1641155209.564746 1640049650 c0:98:e5:42:00:29 269 
1641155209.564801 -269 -228 -209 -184 -173 -171 -159 -158 -157 -155 -132 -132 -126 -124 -106 
1641155209.564857 -93 -88 -87 -82 -80 -79 -78 -60 -49 -42 -33 -26 -26 -8 -1 
1641155209.564913 ### RSSI: -51, 36, 1640049651 ,272 
1641155209.564969 ### DEBUG: Ticks: 278, 16, 0 
1641155209.565061 1640049651 c0:98:e5:42:00:29 276 
1641155209.565117 -283 -281 -272 -260 -258 -257 -251 -246 -243 -238 -236 -226 -218 -214 -193 
1641155209.565174 -181 -175 -174 -166 -162 -152 -144 -141 -139 -137 -135 -121 -118 -114 -105 
1641155209.565229 ### RSSI: -54, 28, 1640049652 ,287 
1641155209.565287 ### ERROR: Failed reading SquarePoint packet length
1641155209.565342 ### RSSI: -47, 0, 1640049653 ,303 
1641155209.565397 ### RSSI: -46, 2, 1640049654 ,318 
1641155209.565453 ### DEBUG: Ticks: 325, 47, 0 
1641155209.565509 1640049654 c0:98:e5:42:00:29 282 
1641155209.565567 -304 -297 -290 -280 -277 -268 -258 -249 -249 -246 -244 -243 -236 -236 -229 
1641155209.565624 -221 -212 -209 -195 -192 -184 -175 -174 -168 -153 -149 -145 -142 -139 -117 
1641155209.565680 ### RSSI: -50, 20, 1640049655 ,334 
1641155209.565737 ### DEBUG: Ticks: 341, 16, 0 
1641155209.565946 1640049655 c0:98:e5:42:00:29 271 
1641155209.566008 -303 -246 -240 -236 -217 -213 -207 -204 -191 -185 -181 -181 -173 -168 -167 
1641155209.566103 -145 -145 -132 -129 -128 -125 -97 -90 -87 -84 -82 -82 -73 -62 -59 
1641155209.566160 ### RSSI: -47, 4, 1640049656 ,350 
1641155209.566215 ### DEBUG: Ticks: 356, 15, 0 
1641155209.566271 1640049656 c0:98:e5:42:00:29 254 
1641155209.566328 -203 -191 -172 -163 -162 -151 -148 -144 -132 -128 -114 -109 -108 -97 -97 
1641155209.566384 -95 -93 -90 -88 -76 -72 -71 -69 -67 -52 -50 -43 -12 -11 -5 
1641155209.566475 ### RSSI: -46, 12, 1640049657 ,365 
1641155209.566533 ### DEBUG: Ticks: 372, 16, 0 
1641155209.566590 1640049657 c0:98:e5:42:00:29 289 
1641155209.566645 -246 -244 -238 -231 -226 -197 -185 -182 -176 -175 -172 -168 -158 -150 -148 
1641155209.566698 -134 -132 -131 -115 -109 -108 -105 -105 -99 -84 -81 -78 -75 -69 -54 
1641155209.566755 ### RSSI: -48, 4, 1640049658 ,381 
1641155209.566807 ### DEBUG: Ticks: 387, 15, 0 
1641155209.566864 1640049658 c0:98:e5:42:00:29 275 
1641155209.566917 -219 -213 -202 -201 -193 -181 -175 -167 -165 -159 -150 -142 -132 -131 -122 
1641155209.566972 -121 -117 -116 -98 -93 -83 -80 -77 -75 -74 -68 -55 -40 -10 0 
1641155209.567029 ### RSSI: -46, 8, 1640049659 ,397 
1641155209.567085 ### DEBUG: Ticks: 403, 16, 0 
1641155209.567141 1640049659 c0:98:e5:42:00:29 265 
1641155209.567193 -271 -267 -247 -244 -238 -212 -211 -209 -208 -206 -205 -202 -195 -193 -189 
1641155209.567248 -188 -187 -178 -175 -174 -151 -145 -144 -134 -124 -122 -122 -119 -114 -55 
1641155209.567305 ### RSSI: -48, 11, 1640049660 ,412 
1641155209.567361 ### DEBUG: Ticks: 419, 16, 0 
1641155209.567413 1640049660 c0:98:e5:42:00:29 273 
1641155209.567720 -262 -192 -179 -158 -154 -147 -132 -132 -131 -130 -130 -120 -117 -108 -96 
1641155209.567853 -90 -87 -63 -59 -58 -46 -43 -38 -36 -34 -30 -29 -25 -19 4 
1641155209.567908 ### RSSI: -46, 9, 1640049661 ,428 
1641155209.567962 ### DEBUG: Ticks: 434, 15, 0 
1641155209.568014 1640049661 c0:98:e5:42:00:29 289 
1641155209.568071 -281 -257 -246 -238 -229 -227 -225 -221 -212 -195 -195 -188 -187 -183 -177 
1641155209.568127 -165 -164 -152 -150 -146 -142 -117 -115 -114 -109 -103 -102 -89 -86 -66 
1641155209.568183 ### RSSI: -54, 32, 1640049662 ,443 
1641155209.568239 ### DEBUG: Ticks: 450, 16, 0 
1641155209.568336 1640049662 c0:98:e5:42:00:29 259 
1641155209.568392 -170 -165 -154 -153 -147 -130 -127 -122 -120 -118 -109 -106 -103 -83 -83 
1641155209.568478 -79 -76 -66 -46 -37 -32 -30 -26 -25 -21 -4 1 13 13 24 
1641155209.568534 ### RSSI: -49, 11, 1640049662 ,459 
1641155209.568590 ### DEBUG: Ticks: 466, 16, 0 
1641155209.568645 1640049663 c0:98:e5:42:00:29 246 
1641155209.568699 -280 -275 -263 -256 -251 -230 -223 -216 -211 -205 -200 -195 -195 -188 -188 
1641155209.568754 -186 -184 -167 -156 -155 -130 -127 -120 -118 -113 -97 -96 -96 -94 -87 
1641155209.568809 ### RSSI: -48, 14, 1640049663 ,475 
1641155209.568865 ### DEBUG: Ticks: 481, 15, 0 
1641155209.568921 1640049664 c0:98:e5:42:00:29 256 
1641155209.568976 -225 -202 -188 -168 -155 -138 -132 -130 -127 -126 -123 -117 -110 -104 -98 
1641155209.569029 -97 -95 -83 -83 -60 -54 -43 -41 -37 -23 -18 -18 -6 13 32 
1641155209.569084 ### RSSI: -47, 12, 1640049664 ,490 
1641155209.569137 ### DEBUG: Ticks: 497, 16, 0 
1641155209.569193 1640049665 c0:98:e5:42:00:29 293 
1641155209.569249 -201 -197 -194 -186 -177 -166 -159 -157 -149 -132 -125 -117 -111 -110 -107 
1641155209.569305 -97 -84 -80 -80 -77 -76 -69 -59 -51 -46 -30 -22 -19 0 1 
1641155209.569357 ### RSSI: -48, 2, 1640049665 ,506 
1641155209.569595 ### ERROR: Failed reading SquarePoint packet length
1641155209.569697 ### RSSI: -47, 9, 1640049666 ,521 
1641155209.569754 ### RSSI: -46, 11, 1640049667 ,537 
1641155209.569806 ### DEBUG: Ticks: 544, 47, 0 
1641155209.569863 1640049668 c0:98:e5:42:00:29 275 
1641155209.569919 -268 -268 -254 -233 -230 -221 -216 -216 -214 -209 -198 -188 -183 -183 -176 
1641155209.569973 -164 -162 -151 -146 -144 -141 -132 -118 -106 -101 -97 -92 -92 -83 -82 
1641155209.570028 ### RSSI: -52, 24, 1640049668 ,553 
1641155209.570083 ### DEBUG: Ticks: 559, 15, 0 
1641155209.570139 1640049669 c0:98:e5:42:00:29 300 
1641155209.570236 -281 -272 -263 -245 -242 -238 -238 -237 -229 -227 -227 -218 -210 -201 -192 
1641155209.570293 -187 -183 -178 -174 -161 -160 -149 -148 -147 -144 -120 -106 -104 -104 -90 
1641155209.570349 ### RSSI: -53, 35, 1640049669 ,568 
1641155209.570405 ### DEBUG: Ticks: 575, 16, 0 
1641155209.570461 1640049670 c0:98:e5:42:00:29 288 
1641155209.570517 -247 -241 -238 -232 -221 -212 -208 -207 -202 -200 -196 -194 -186 -180 -175 
1641155209.570573 -163 -161 -153 -147 -131 -127 -126 -120 -117 -115 -99 -98 -96 -92 -92 
1641155209.570668 ### RSSI: -48, 10, 1640049670 ,584 
1641155209.570725 ### DEBUG: Ticks: 590, 15, 0 
1641155209.570781 1640049671 c0:98:e5:42:00:29 249 
1641155209.570837 -199 -198 -170 -168 -166 -157 -154 -134 -129 -125 -115 -107 -106 -97 -97 
1641155209.570890 -89 -87 -71 -70 -64 -56 -53 -50 -38 -13 -10 -10 -2 9 19 
1641155209.570946 ### RSSI: -47, 1, 1640049672 ,600 
1641155209.571002 ### DEBUG: Ticks: 606, 16, 0 
1641155209.571059 1640049672 c0:98:e5:42:00:29 259 
1641155209.571114 -243 -231 -205 -205 -190 -185 -177 -172 -169 -168 -160 -159 -154 -141 -138 
1641155209.571170 -130 -129 -124 -121 -102 -99 -97 -92 -92 -84 -82 -74 -62 -61 -38 
1641155209.571226 ### RSSI: -47, 4, 1640049673 ,615 
1641155209.571283 ### DEBUG: Ticks: 622, 16, 0 
1641155209.571338 1640049673 c0:98:e5:42:00:29 247 
1641155209.571427 -282 -278 -250 -221 -218 -214 -211 -196 -179 -177 -175 -173 -165 -160 -160 
1641155209.571483 -151 -147 -128 -127 -124 -109 -102 -97 -94 -87 -86 -81 -77 -68 -51 
1641155209.571569 ### RSSI: -55, 31, 1640049674 ,631 
1641155209.571808 ### DEBUG: Ticks: 637, 15, 0 
1641155209.571907 1640049674 c0:98:e5:42:00:29 269 
1641155209.571957 -253 -242 -240 -216 -213 -213 -205 -205 -203 -202 -200 -180 -177 -173 -168 
1641155209.572009 -165 -158 -158 -132 -119 -115 -112 -108 -108 -107 -106 -102 -88 -76 -61 
1641155209.572058 ### RSSI: -49, 17, 1640049675 ,646 
1641155209.572105 ### DEBUG: Ticks: 653, 16, 0 
1641155209.572157 1640049675 c0:98:e5:42:00:29 292 
1641155209.572209 -342 -328 -309 -291 -285 -275 -271 -243 -238 -238 -238 -236 -218 -217 -200 
1641155209.572257 -195 -192 -188 -166 -158 -158 -155 -153 -152 -150 -132 -132 -108 -74 -63 
1641155209.572322 ### RSSI: -50, 22, 1640049676 ,662 
1641155209.572419 ### DEBUG: Ticks: 669, 16, 0 
1641155209.572467 1640049676 c0:98:e5:42:00:29 291 
1641155209.572519 -365 -336 -312 -298 -292 -284 -283 -282 -279 -276 -274 -259 -257 -244 -236 
1641155209.572601 -236 -230 -230 -210 -196 -194 -192 -188 -172 -166 -162 -127 -122 -120 0 
1641155209.572650 ### RSSI: -53, 27, 1640049677 ,678 
1641155209.572699 ### DEBUG: Ticks: 684, 15, 0 
1641155209.572750 1640049677 c0:98:e5:42:00:29 283 
1641155209.572798 -231 -211 -205 -197 -192 -177 -173 -165 -164 -161 -156 -151 -148 -143 -142 
1641155209.572848 -139 -122 -91 -87 -85 -79 -75 -75 -69 -65 -64 -64 -59 -57 -39 
1641155209.572896 ### INFO: SD card flushed!
1641155209.572946 ### RSSI: -48, 5, 1640049678 ,693 
1641155209.572994 ### DEBUG: Ticks: 700, 16, 0 
1641155209.573045 1640049678 c0:98:e5:42:00:29 247 
1641155209.573093 -325 -310 -274 -252 -250 -245 -244 -242 -242 -237 -230 -230 -224 -218 -215 
1641155209.573141 -213 -206 -196 -187 -168 -158 -158 -156 -151 -145 -139 -132 -129 -128 -93 
1641155209.573193 ### RSSI: -54, 32, 1640049679 ,709 
1641155209.573245 ### DEBUG: Ticks: 715, 15, 0 
1641155209.573293 1640049679 c0:98:e5:42:00:29 285 
1641155209.573341 -297 -283 -276 -276 -269 -265 -255 -252 -237 -236 -229 -225 -218 -215 -208 
1641155209.573392 -201 -191 -183 -173 -171 -164 -163 -162 -149 -149 -148 -129 -88 -82 0 
1641155209.573440 ### RSSI: -47, 15, 1640049680 ,724 
1641155209.573491 ### DEBUG: Ticks: 731, 16, 0 
1641155209.573544 1640049680 c0:98:e5:42:00:29 273 
1641155209.573592 -279 -241 -239 -217 -215 -213 -200 -188 -187 -182 -177 -163 -155 -154 -154 
1641155209.573643 -139 -109 -108 -106 -96 -95 -92 -89 -88 -87 -84 -61 -55 -52 -31 
1641155209.573690 ### RSSI: -47, 1, 1640049681 ,740 
1641155209.573741 ### ERROR: Failed reading SquarePoint packet length
1641155209.573789 ### RSSI: -49, 15, 1640049682 ,756 
1641155209.573837 ### RSSI: -46, 8, 1640049683 ,771 
1641155209.573887 ### DEBUG: Ticks: 778, 47, 0 
1641155209.573935 1640049683 c0:98:e5:42:00:29 274 
1641155209.573985 -190 -183 -163 -157 -142 -141 -132 -131 -128 -126 -121 -119 -118 -115 -115 
1641155209.574034 -102 -87 -78 -73 -71 -62 -60 -52 -43 -42 -32 -30 -9 -3 -3 
1641155209.574084 ### RSSI: -47, 2, 1640049684 ,787 
1641155209.574131 ### DEBUG: Ticks: 794, 16, 0 
1641155209.574182 1640049684 c0:98:e5:42:00:29 288 
1641155209.574230 -223 -217 -216 -204 -191 -183 -177 -171 -166 -154 -150 -149 -146 -143 -141 
1641155209.574282 -140 -122 -104 -95 -92 -92 -86 -84 -81 -61 -60 -51 -36 -35 -27 
1641155209.574334 ### RSSI: -48, 3, 1640049685 ,803 
1641155209.574382 ### DEBUG: Ticks: 809, 15, 0 
1641155209.574434 1640049685 c0:98:e5:42:00:29 255 
1641155209.574481 -179 -174 -172 -163 -127 -123 -113 -107 -100 -93 -87 -86 -86 -84 -73 
1641155209.574532 -68 -64 -47 -47 -45 -41 -33 -23 -23 -18 -11 -10 -5 5 6 
1641155209.574580 ### RSSI: -51, 22, 1640049686 ,818 
1641155209.574630 ### DEBUG: Ticks: 825, 16, 0 
1641155209.574678 1640049686 c0:98:e5:42:00:29 256 
1641155209.574726 -183 -181 -168 -162 -149 -144 -136 -127 -124 -115 -91 -88 -86 -85 -81 
1641155209.574778 -76 -70 -62 -61 -48 -47 -45 -43 -37 -27 -17 -13 -2 1 21 
1641155209.574825 ### RSSI: -51, 36, 1640049686 ,834 
1641155209.574875 ### DEBUG: Ticks: 840, 15, 0 
1641155209.574923 1640049687 c0:98:e5:42:00:29 301 
1641155209.574974 -208 -198 -148 -144 -123 -119 -116 -114 -106 -105 -103 -100 -98 -86 -72 
1641155209.575022 -69 -63 -58 -57 -52 -48 -39 -26 -23 -22 -17 -14 -5 10 26 
1641155209.575073 ### RSSI: -53, 32, 1640049687 ,849 
1641155209.575121 ### DEBUG: Ticks: 856, 16, 0 
1641155209.575172 1640049688 c0:98:e5:42:00:29 260 
1641155209.575220 -318 -301 -282 -276 -269 -261 -260 -253 -242 -233 -226 -223 -220 -219 -213 
1641155209.575560 -192 -186 -185 -184 -181 -163 -161 -157 -152 -134 -116 -112 -112 -109 -101 
1641155209.575642 ### RSSI: -54, 34, 1640049688 ,865 
1641155209.575682 ### DEBUG: Ticks: 872, 16, 0 
1641155209.575722 1640049689 c0:98:e5:42:00:29 264 
1641155209.575764 -288 -280 -280 -279 -275 -272 -261 -260 -235 -224 -221 -220 -203 -199 -199 
1641155209.575806 -198 -187 -165 -160 -159 -159 -158 -137 -128 -126 -123 -123 -105 -99 -96 
1641155209.575848 ### RSSI: -46, 9, 1640049689 ,881 
1641155209.575890 ### DEBUG: Ticks: 887, 15, 0 
1641155209.575932 1640049690 c0:98:e5:42:00:29 261 
1641155209.575974 -329 -312 -289 -285 -285 -276 -276 -274 -272 -270 -269 -262 -256 -250 -244 
1641155209.576017 -227 -211 -210 -202 -182 -177 -170 -168 -165 -161 -159 -153 -140 -136 -121 
1641155209.576109 ### RSSI: -47, 2, 1640049690 ,896 
1641155209.576149 ### DEBUG: Ticks: 903, 16, 0 
1641155209.576189 1640049691 c0:98:e5:42:00:29 276 
1641155209.576229 -339 -321 -300 -275 -273 -272 -259 -240 -234 -231 -229 -227 -226 -222 -221 
1641155209.576268 -211 -199 -184 -183 -182 -178 -172 -169 -162 -160 -148 -140 -136 -129 -104 
1641155209.576310 ### RSSI: -47, 2, 1640049691 ,912 
1641155209.576352 ### DEBUG: Ticks: 919, 16, 0 
1641155209.576394 1640049692 c0:98:e5:42:00:29 250 
1641155209.576437 -238 -221 -192 -189 -183 -182 -178 -146 -144 -143 -136 -134 -128 -126 -115 
1641155209.576479 -103 -100 -95 -89 -87 -81 -73 -73 -71 -66 -58 -57 -56 -20 -11 
1641155209.576521 ### RSSI: -52, 35, 1640049692 ,928 
1641155209.576563 ### DEBUG: Ticks: 934, 15, 0 
1641155209.576602 1640049693 c0:98:e5:42:00:29 276 
1641155209.576645 -316 -291 -285 -282 -275 -258 -258 -255 -242 -238 -224 -215 -211 -195 -193 
1641155209.576684 -183 -182 -181 -175 -169 -163 -162 -156 -155 -155 -155 -137 -134 -130 -109 
1641155209.576726 ### RSSI: -48, 9, 1640049693 ,943 
1641155209.576839 ### DEBUG: Ticks: 950, 16, 0 
1641155209.576881 1640049694 c0:98:e5:42:00:29 246 
1641155209.576923 -255 -191 -171 -165 -163 -161 -157 -148 -147 -146 -142 -139 -133 -130 -124 
1641155209.576966 -122 -115 -105 -91 -88 -75 -64 -57 -52 -51 -36 -21 -14 -12 -3 
1641155209.577007 ### RSSI: -52, 33, 1640049694 ,959 
1641155209.577049 ### DEBUG: Ticks: 965, 15, 0 
1641155209.577128 1640049695 c0:98:e5:42:00:29 264 
1641155209.577170 -202 -198 -195 -178 -173 -169 -167 -163 -157 -156 -152 -151 -144 -127 -118 
1641155209.577212 -113 -110 -88 -85 -83 -74 -66 -64 -62 -61 -58 -51 -51 -48 -22 
1641155209.577254 ### RSSI: -52, 35, 1640049695 ,974 
1641155209.577296 ### ERROR: Failed reading SquarePoint packet length
1641155209.577338 ### RSSI: -53, 28, 1640049697 ,990 
1641155209.577380 ### RSSI: -53, 30, 1640049698 ,1006 
1641155209.577422 ### DEBUG: Ticks: 1012, 47, 0 
1641155209.577464 1640049698 c0:98:e5:42:00:29 271 
1641155209.577506 -354 -351 -347 -340 -329 -317 -295 -289 -285 -279 -279 -278 -272 -245 -243 
1641155209.577547 -241 -233 -209 -205 -201 -196 -192 -192 -185 -185 -183 -177 -174 -163 -160 
1641155209.577589 ### RSSI: -53, 32, 1640049699 ,1021 
1641155209.577631 ### DEBUG: Ticks: 1028, 16, 0 
1641155209.577670 1640049699 c0:98:e5:42:00:29 271 
1641155209.577753 -381 -325 -322 -319 -315 -315 -307 -307 -284 -282 -281 -268 -264 -258 -253 
1641155209.577793 -237 -227 -201 -197 -189 -188 -182 -173 -166 -165 -164 -156 -156 -153 -127 
1641155209.577833 ### RSSI: -48, 7, 1640049700 ,1037 
1641155209.981691 ### DEBUG: Ticks: 1043, 15, 0 
1641155209.982195 1640049700 c0:98:e5:42:00:29 253 
1641155209.983083 -275 -269 -256 -252 -238 -236 -236 -221 -217 -209 -203 -199 -196 -193 -176 
1641155209.983993 -174 -171 -171 -144 -144 -136 -128 -122 -120 -119 -118 -117 -102 -91 -53 
1641155210.557050 ### RSSI: -48, 9, 1640049701 ,1052 
1641155210.982861 ### DEBUG: Ticks: 1059, 16, 0 
1641155210.983075 1640049701 c0:98:e5:42:00:29 244 
1641155210.983300 -255 -245 -241 -227 -218 -189 -187 -187 -185 -180 -178 -176 -170 -170 -161 
1641155210.983787 -152 -150 -140 -127 -109 -106 -105 -100 -82 -79 -77 -68 -67 -63 -55 
1641155211.561811 ### RSSI: -50, 15, 1640049702 ,1068 
1641155211.979309 ### DEBUG: Ticks: 1075, 16, 0 
1641155211.979549 1640049702 c0:98:e5:42:00:29 283 
1641155211.979683 -296 -276 -275 -236 -235 -234 -232 -227 -226 -222 -209 -198 -194 -187 -184 
1641155211.979987 -183 -149 -143 -140 -131 -131 -125 -119 -114 -111 -111 -94 -71 -71 -66 
1641155212.553436 ### RSSI: -51, 23, 1640049703 ,1084 
1641155212.987255 ### DEBUG: Ticks: 1090, 15, 0 
1641155212.988083 1640049703 c0:98:e5:42:00:29 249 
1641155212.988596 -253 -252 -251 -248 -245 -208 -202 -197 -194 -187 -183 -183 -182 -174 -172 
1641155212.988761 -154 -153 -152 -134 -125 -125 -123 -110 -110 -106 -92 -88 -88 -66 -42 
1641155213.559895 ### RSSI: -47, 1, 1640049704 ,1099 
1641155213.980839 ### DEBUG: Ticks: 1106, 16, 0 
1641155213.982083 1640049704 c0:98:e5:42:00:29 275 
1641155213.982336 -237 -234 -202 -189 -180 -177 -170 -165 -158 -155 -149 -140 -137 -136 -126 
1641155213.983311 -124 -119 -114 -90 -88 -85 -79 -78 -68 -64 -54 -51 -46 -42 1 
1641155214.556444 ### RSSI: -48, 6, 1640049705 ,1115 
1641155214.980122 ### DEBUG: Ticks: 1122, 16, 0 
1641155214.980525 1640049705 c0:98:e5:42:00:29 279 
1641155214.981260 -240 -238 -235 -216 -205 -193 -193 -186 -186 -182 -181 -172 -165 -165 -161 
1641155214.981890 -158 -156 -125 -123 -118 -109 -97 -90 -88 -83 -81 -69 -59 -58 -54 
1641155215.556686 ### RSSI: -53, 35, 1640049706 ,1131 
1641155215.977999 ### DEBUG: Ticks: 1137, 15, 0 
1641155215.978449 1640049706 c0:98:e5:42:00:29 283 
1641155215.990097 -242 -203 -196 -193 -173 -168 -165 -156 -155 -150 -147 -138 -133 -127 -115 
1641155215.990790 -106 -98 -97 -90 -88 -87 -54 -54 -53 -51 -49 -42 -41 -35 -33 
1641155216.562628 ### RSSI: -47, 10, 1640049707 ,1146 
1641155216.981843 ### DEBUG: Ticks: 1153, 16, 0 
1641155216.982292 1640049707 c0:98:e5:42:00:29 297 
1641155216.983015 -247 -242 -229 -219 -218 -217 -212 -212 -201 -197 -196 -195 -187 -185 -180 
1641155216.983800 -167 -153 -141 -129 -129 -129 -117 -111 -110 -108 -106 -103 -94 -79 -78 
1641155217.553343 ### RSSI: -47, 10, 1640049708 ,1162 
1641155217.983069 ### DEBUG: Ticks: 1168, 15, 0 
1641155217.983184 1640049708 c0:98:e5:42:00:29 277 
1641155217.983424 -154 -151 -146 -135 -127 -124 -122 -122 -120 -115 -104 -102 -85 -83 -75 
1641155217.983702 -69 -64 -55 -50 -43 -29 -25 -23 -14 -11 -2 1 16 29 0 
1641155218.555550 ### RSSI: -49, 14, 1640049709 ,1177 
1641155218.979277 ### DEBUG: Ticks: 1184, 16, 0 
1641155218.979807 1640049709 c0:98:e5:42:00:29 285 
1641155218.990298 -233 -231 -221 -219 -206 -206 -197 -181 -177 -176 -175 -175 -173 -169 -148 
1641155218.991034 -148 -146 -140 -137 -106 -94 -84 -74 -71 -69 -68 -67 -56 -48 -32 
1641155219.560780 ### RSSI: -46, 0, 1640049710 ,1193 
1641155219.981051 ### ERROR: Failed reading SquarePoint packet length
1641155220.556078 ### RSSI: -47, 11, 1640049711 ,1209 
1641155221.558684 ### RSSI: -52, 26, 1640049712 ,1224 
1641155221.981107 ### DEBUG: Ticks: 1231, 47, 0 
1641155221.981383 1640049712 c0:98:e5:42:00:29 261 
1641155221.981575 -257 -253 -222 -205 -196 -192 -183 -178 -177 -172 -166 -166 -152 -142 -132 
1641155221.981761 -116 -112 -108 -106 -103 -91 -78 -75 -74 -71 -60 -57 -51 -34 -29 
1641155222.555168 ### RSSI: -49, 6, 1640049712 ,1240 
1641155222.986249 ### DEBUG: Ticks: 1247, 16, 0 
1641155222.986620 1640049713 c0:98:e5:42:00:29 283 
1641155222.986814 -248 -233 -225 -217 -213 -205 -198 -194 -189 -188 -186 -181 -176 -164 -161 
1641155222.986997 -158 -146 -145 -141 -140 -131 -126 -125 -106 -91 -88 -76 -74 -70 0 
1641155223.559995 ### RSSI: -54, 29, 1640049713 ,1256 
1641155223.986164 ### DEBUG: Ticks: 1262, 15, 0 
1641155223.986508 1640049714 c0:98:e5:42:00:29 251 
1641155223.986873 -332 -313 -310 -308 -288 -280 -279 -277 -275 -275 -271 -265 -261 -258 -244 
1641155223.987264 -241 -224 -222 -220 -203 -198 -196 -187 -183 -182 -179 -164 -160 -148 -124 
1641155224.560011 ### RSSI: -46, 5, 1640049714 ,1271 
1641155224.982178 ### DEBUG: Ticks: 1278, 16, 0 
1641155224.982459 1640049715 c0:98:e5:42:00:29 256 
1641155224.982665 -218 -217 -184 -180 -176 -169 -166 -165 -165 -165 -159 -155 -152 -150 -144 
1641155224.982843 -130 -126 -118 -110 -96 -90 -85 -82 -79 -75 -71 -69 -65 -52 -17 
1641155225.556081 ### RSSI: -54, 29, 1640049715 ,1287 
1641155225.985157 ### DEBUG: Ticks: 1293, 15, 0 
1641155225.985497 1640049716 c0:98:e5:42:00:29 243 
1641155225.985678 -337 -319 -311 -303 -297 -265 -265 -261 -259 -258 -253 -237 -233 -231 -229 
1641155225.985955 -226 -217 -181 -178 -177 -172 -169 -169 -165 -154 -152 -142 -141 -138 -114 
1641155226.561207 ### RSSI: -51, 21, 1640049716 ,1302 
1641155226.984542 ### DEBUG: Ticks: 1309, 16, 0 
1641155226.984839 1640049717 c0:98:e5:42:00:29 240 
1641155226.985024 -232 -230 -220 -217 -212 -207 -204 -189 -184 -179 -170 -167 -163 -162 -140 
1641155226.985199 -126 -124 -121 -111 -109 -99 -99 -96 -87 -79 -75 -67 -66 -60 -54 
1641155227.425336 ### INFO: SD card flushed!
1641155227.554462 ### RSSI: -45, 2, 1640049717 ,1318 
1641155227.981230 ### DEBUG: Ticks: 1325, 16, 0 
1641155227.981678 1640049718 c0:98:e5:42:00:29 273 
1641155227.982397 -281 -244 -236 -231 -229 -226 -223 -220 -216 -211 -191 -177 -170 -157 -157 
1641155227.983082 -153 -148 -146 -142 -137 -132 -130 -128 -96 -94 -91 -79 -67 -59 -34 
1641155228.561571 ### RSSI: -47, 11, 1640049718 ,1334 
1641155228.980230 ### DEBUG: Ticks: 1340, 15, 0 
1641155228.980332 1640049719 c0:98:e5:42:00:29 236 
1641155228.980720 -132 -118 -86 -86 -66 -61 -52 -45 -42 -42 -36 -32 -22 -15 -3 
1641155228.980891 0 2 4 13 15 20 27 61 61 62 67 83 90 91 0 
1641155229.559031 ### RSSI: -49, 18, 1640049719 ,1349 
1641155229.979754 ### DEBUG: Ticks: 1356, 16, 0 
1641155229.980358 1640049720 c0:98:e5:42:00:29 291 
1641155229.981174 -200 -195 -176 -174 -165 -158 -155 -141 -137 -137 -118 -113 -106 -95 -87 
1641155229.981825 -78 -74 -69 -68 -64 -50 -41 -36 -36 -31 -19 -15 -1 0 8 
1641155230.557456 ### RSSI: -47, 4, 1640049721 ,1365 
1641155230.979071 ### DEBUG: Ticks: 1372, 16, 0 
1641155230.979549 1640049721 c0:98:e5:42:00:29 265 
1641155230.980322 -316 -313 -290 -287 -272 -271 -269 -267 -261 -252 -248 -246 -241 -235 -218 
1641155230.991840 -216 -198 -192 -191 -174 -167 -164 -163 -143 -142 -139 -132 -114 -106 -86 
1641155231.559261 ### RSSI: -54, 28, 1640049722 ,1380 
1641155231.978551 ### DEBUG: Ticks: 1387, 15, 0 
1641155231.978998 1640049722 c0:98:e5:42:00:29 280 
1641155231.993806 -225 -225 -217 -209 -206 -196 -187 -180 -174 -152 -152 -151 -148 -148 -130 
1641155231.994666 -129 -121 -115 -112 -112 -95 -86 -83 -80 -80 -67 -65 -53 -52 -36 
1641155232.560331 ### RSSI: -53, 31, 1640049723 ,1396 
1641155232.979269 ### DEBUG: Ticks: 1403, 16, 0 
1641155232.979747 1640049723 c0:98:e5:42:00:29 260 
1641155232.980501 -209 -172 -167 -165 -146 -139 -135 -131 -130 -127 -126 -123 -116 -93 -88 
1641155232.981089 -88 -84 -80 -64 -58 -57 -47 -45 -42 -29 -28 -27 -23 -22 -8 
1641155233.555019 ### RSSI: -48, 7, 1640049724 ,1412 
1641155233.975768 ### ERROR: Failed reading SquarePoint packet length
1641155234.560339 ### RSSI: -53, 27, 1640049725 ,1427 
1641155235.534209 ### INFO: Device is now IN MOTION
1641155235.556121 ### RSSI: -52, 26, 1640049726 ,1443 
1641155235.980976 ### DEBUG: Ticks: 1450, 47, 0 
1641155235.981317 1640049726 c0:98:e5:42:00:29 251 
1641155235.981498 -327 -297 -292 -290 -278 -268 -268 -266 -264 -262 -257 -254 -240 -236 -217 
1641155235.981685 -215 -210 -208 -203 -189 -186 -175 -175 -175 -170 -165 -165 -163 -135 -67 
1641155236.564722 ### RSSI: -52, 20, 1640049727 ,1459 
1641155236.986095 ### DEBUG: Ticks: 1465, 15, 0 
1641155236.986344 1640049727 c0:98:e5:42:00:29 261 
1641155236.986508 -259 -238 -217 -203 -191 -183 -183 -182 -173 -159 -156 -153 -148 -147 -144 
1641155236.986665 -138 -131 -120 -119 -117 -113 -110 -104 -102 -78 -66 -63 -59 121 0 
1641155237.558583 ### RSSI: -51, 9, 1640049728 ,1474 
1641155237.985654 ### DEBUG: Ticks: 1481, 16, 0 
1641155237.987636 1640049728 c0:98:e5:42:00:29 223 
1641155237.990681 -196 -194 -192 -187 -185 -177 -147 -138 -133 -126 -126 -119 -117 -97 -91 
1641155237.991561 -91 -88 -84 -83 -78 -62 -60 -58 -55 -48 -42 -30 -13 12 38 
1641155238.553065 ### RSSI: -45, 20, 1640049729 ,1490 
1641155238.980372 ### DEBUG: Ticks: 1496, 15, 0 
1641155238.980563 1640049729 c0:98:e5:42:00:29 247 
1641155238.980679 -265 -262 -257 -251 -230 -227 -216 -212 -204 -201 -195 -193 -192 -187 -180 
1641155238.980790 -175 -171 -151 -139 -133 -131 -123 -123 -121 -118 -117 -111 -103 -79 -19 
1641155239.556588 ### RSSI: -46, 8, 1640049730 ,1505 
1641155239.985781 ### DEBUG: Ticks: 1512, 16, 0 
1641155239.986071 1640049730 c0:98:e5:42:00:29 483 
1641155239.986252 54 57 80 80 81 88 107 117 118 124 133 140 141 141 159 
1641155239.986439 162 162 167 168 168 171 177 177 192 193 204 205 208 290 339 
1641155240.556594 ### RSSI: -55, 17, 1640049731 ,1521 
1641155240.985254 ### DEBUG: Ticks: 1528, 16, 0 
1641155240.985539 1640049731 c0:98:e5:42:00:29 1144 
1641155240.985731 660 680 691 692 699 703 712 726 728 733 737 737 740 752 757 
1641155240.985946 760 764 765 769 771 775 793 795 809 821 825 826 827 971 981 
1641155241.552553 ### RSSI: -60, 6, 1640049732 ,1537 
1641155241.987608 ### DEBUG: Ticks: 1543, 15, 0 
1641155241.987852 1640049732 c0:98:e5:42:00:29 2218 
1641155241.988020 1823 1838 1839 1859 1859 1859 1867 1877 1880 1896 1896 1899 1905 1905 1905 
1641155241.988177 1907 1909 1914 1921 1926 1928 1931 1931 1944 1944 1951 1968 1969 2094 2098 
1641155242.563571 ### RSSI: -63, 35, 1640049733 ,1552 
1641155242.980917 ### DEBUG: Ticks: 1559, 16, 0 
1641155242.981129 1640049733 c0:98:e5:42:00:29 3393 
1641155242.981288 2857 2932 2946 2948 2956 2956 2962 2964 2966 2989 3006 3016 3019 3020 3023 
1641155242.981438 3023 3024 3026 3031 3034 3041 3042 3045 3054 3058 3061 3062 3063 3093 3263 
1641155243.556638 ### RSSI: -62, 19, 1640049734 ,1568 
1641155243.984225 ### DEBUG: Ticks: 1575, 16, 0 
1641155243.984454 1640049734 c0:98:e5:42:00:29 4550 
1641155243.984599 4087 4137 4137 4140 4160 4180 4181 4195 4199 4203 4204 4205 4211 4217 4232 
1641155243.984739 4237 4241 4245 4248 4251 4251 4252 4252 4255 4280 4287 4288 4308 4313 4398 
1641155244.555983 ### RSSI: -74, 6, 1640049734 ,1584 
1641155244.983170 ### DEBUG: Ticks: 1590, 15, 0 
1641155244.984115 1640049735 c0:98:e5:42:00:29 5284 
1641155244.984319 4839 4842 4850 4854 4854 4855 4859 4860 4861 4861 4864 4873 4874 4889 4891 
1641155244.984480 4891 4901 4908 4915 4917 4919 4919 4919 4935 4938 4953 4975 4988 5072 5118 
1641155245.552419 ### RSSI: -69, 5, 1640049735 ,1599 
1641155245.986133 ### DEBUG: Ticks: 1606, 16, 0 
1641155245.986380 1640049736 c0:98:e5:42:00:29 5336 
1641155245.986545 4888 4898 4904 4906 4906 4906 4917 4921 4929 4934 4938 4938 4942 4944 4950 
1641155245.986733 4954 4972 4982 4992 4994 5001 5003 5003 5019 5030 5065 5069 5129 5210 5238 
1641155246.557529 ### RSSI: -71, 7, 1640049736 ,1615 
1641155246.984884 ### DEBUG: Ticks: 1621, 15, 0 
1641155246.985161 1640049737 c0:98:e5:42:00:29 5386 
1641155246.985320 4916 4948 4984 5010 5038 5045 5046 5046 5048 5050 5052 5053 5069 5074 5079 
1641155246.985500 5091 5096 5106 5119 5142 5147 5150 5156 5156 5176 5214 5228 5242 5304 5307 
1641155247.557430 ### RSSI: -75, 25, 1640049737 ,1630 
1641155247.982666 ### ERROR: Failed reading SquarePoint packet length
1641155248.552634 ### RSSI: -64, 17, 1640049738 ,1646 
1641155249.552167 ### RSSI: -67, 22, 1640049739 ,1662 
1641155249.981935 ### DEBUG: Ticks: 1668, 47, 0 
1641155249.982212 1640049740 c0:98:e5:42:00:29 5208 
1641155249.991468 4800 4813 4814 4819 4834 4842 4843 4847 4860 4868 4873 4876 4876 4876 4880 
1641155249.991779 4892 4895 4897 4903 4905 4922 4935 4939 4941 4942 4961 4965 4981 4989 5080 
1641155250.560946 ### RSSI: -69, 28, 1640049740 ,1677 
1641155250.982000 ### DEBUG: Ticks: 1684, 16, 0 
1641155250.982309 1640049741 c0:98:e5:42:00:29 5133 
1641155250.982478 4600 4689 4694 4702 4703 4708 4726 4727 4740 4742 4759 4760 4771 4774 4778 
1641155250.982639 4779 4781 4786 4786 4794 4807 4810 4810 4827 4838 4846 4867 4890 4891 4906 
1641155251.556130 ### RSSI: -63, 11, 1640049741 ,1693 
1641155251.989096 ### DEBUG: Ticks: 1700, 16, 0 
1641155251.989383 1640049742 c0:98:e5:42:00:29 5071 
1641155251.989620 4524 4661 4673 4681 4695 4702 4715 4717 4718 4720 4721 4721 4732 4732 4733 
1641155251.989807 4734 4736 4738 4741 4759 4785 4789 4804 4808 4809 4811 4812 4870 4878 4878 
1641155252.560579 ### RSSI: -65, 10, 1640049742 ,1708 
1641155252.981897 ### DEBUG: Ticks: 1715, 15, 0 
1641155252.982213 1640049743 c0:98:e5:42:00:29 4979 
1641155252.982404 4432 4534 4560 4561 4566 4566 4569 4569 4579 4602 4606 4610 4621 4622 4633 
1641155252.982602 4636 4638 4643 4651 4667 4671 4672 4672 4672 4692 4701 4703 4727 4730 4740 
1641155253.551190 ### RSSI: -62, 21, 1640049743 ,1724 
1641155253.987252 ### DEBUG: Ticks: 1731, 16, 0 
1641155253.987579 1640049744 c0:98:e5:42:00:29 4835 
1641155253.987748 4329 4393 4425 4434 4441 4450 4456 4465 4466 4475 4477 4478 4484 4494 4507 
1641155253.987932 4507 4513 4518 4525 4527 4535 4537 4538 4538 4550 4578 4587 4608 4638 4657 
1641155254.555597 ### RSSI: -63, 11, 1640049745 ,1740 
1641155254.981407 ### DEBUG: Ticks: 1746, 15, 0 
1641155254.981699 1640049745 c0:98:e5:42:00:29 4759 
1641155254.981880 4357 4379 4379 4409 4409 4412 4416 4421 4423 4428 4433 4436 4444 4448 4455 
1641155254.982067 4476 4476 4481 4482 4485 4488 4499 4501 4505 4518 4530 4536 4545 4552 4567 
1641155255.559079 ### RSSI: -64, 3, 1640049746 ,1755 
1641155255.984019 ### DEBUG: Ticks: 1762, 16, 0 
1641155255.984276 1640049746 c0:98:e5:42:00:29 4828 
1641155255.984444 4397 4414 4416 4416 4421 4422 4426 4428 4430 4431 4437 4438 4443 4448 4451 
1641155255.984603 4458 4462 4462 4464 4466 4473 4474 4489 4493 4530 4568 4630 4682 4692 4720 
1641155256.560920 ### RSSI: -73, 0, 1640049747 ,1771 
1641155256.981702 ### DEBUG: Ticks: 1778, 16, 0 
1641155256.981969 1640049747 c0:98:e5:42:00:29 4676 
1641155256.991622 4227 4249 4260 4261 4270 4271 4291 4293 4300 4301 4302 4305 4320 4329 4332 
1641155256.991876 4349 4361 4361 4362 4364 4374 4375 4377 4384 4389 4393 4395 4403 4403 4406 
1641155257.558467 ### RSSI: -71, 30, 1640049748 ,1787 
1641155257.980988 ### DEBUG: Ticks: 1793, 15, 0 
1641155257.981237 1640049748 c0:98:e5:42:00:29 4552 
1641155257.981402 4081 4093 4110 4116 4117 4118 4122 4124 4129 4132 4142 4143 4149 4157 4167 
1641155257.981562 4173 4179 4180 4184 4194 4204 4206 4220 4221 4225 4229 4236 4239 4254 4292 
1641155258.559435 ### RSSI: -77, 2, 1640049749 ,1802 
1641155258.984290 ### DEBUG: Ticks: 1809, 16, 0 
1641155258.984576 1640049749 c0:98:e5:42:00:29 4288 
1641155258.984769 3871 3902 3904 3911 3915 3919 3923 3925 3931 3941 3944 3945 3949 3956 3956 
1641155258.984956 3957 3966 3975 3983 3985 3987 3987 3998 4020 4021 4023 4028 4035 4098 4142 
1641155259.557254 ### RSSI: -70, 9, 1640049750 ,1818 
1641155259.982285 ### DEBUG: Ticks: 1824, 15, 0 
1641155259.983295 1640049750 c0:98:e5:42:00:29 3762 
1641155259.983499 3318 3347 3350 3372 3375 3387 3387 3392 3397 3406 3411 3417 3423 3426 3440 
1641155259.983899 3445 3448 3454 3455 3460 3464 3470 3471 3472 3487 3494 3520 3524 3542 3585 
1641155260.552246 ### RSSI: -78, 4, 1640049751 ,1833 
1641155260.986045 ### ERROR: Failed reading SquarePoint packet length
1641155261.560023 ### RSSI: -61, 18, 1640049752 ,1849 
1641155262.556987 ### RSSI: -61, 21, 1640049753 ,1865 
1641155262.989466 ### DEBUG: Ticks: 1871, 47, 0 
1641155262.989752 1640049753 c0:98:e5:42:00:29 1475 
1641155262.989943 1099 1102 1108 1113 1121 1133 1133 1135 1150 1153 1156 1158 1164 1167 1169 
1641155262.990130 1169 1187 1193 1196 1210 1213 1215 1225 1230 1233 1260 1276 1279 1289 1306 
1641155263.556971 ### RSSI: -56, 3, 1640049754 ,1880 
1641155263.987843 ### DEBUG: Ticks: 1887, 16, 0 
1641155263.988096 1640049754 c0:98:e5:42:00:29 1142 
1641155263.988251 672 709 712 720 725 743 751 752 752 758 770 771 776 777 784 
1641155263.988410 799 801 816 818 825 825 828 831 853 866 884 920 948 954 964 
1641155264.983582 ### DEBUG: Ticks: 1903, 16, 0 
1641155265.977398 1640049755 ### DEBUG: Ticks: 1918, 15, 0 
1641155266.977327 1640049756 ### DEBUG: Ticks: 1934, 16, 0 
1641155267.656592 1640049757 ### BLE EVENT: 17, INFO: BLE DISCONNECTED!
1641155267.979177 ### DEBUG: Ticks: 1949, 15, 0 
1641155268.977115 1640049758 ### DEBUG: Ticks: 1965, 16, 0 
1641155269.069509 1640049759 ### STOPPED, setting module to STOPPED
1641155269.071310 ### INFO: Switched Scheduler EUI from c0:98:e5:42:00:2c to 00:00:00:00:00:00
1641155269.474289 ### INFO: SD card flushed!
1641155269.474564 ### DEBUG: BLE START SCANNING called
1641155270.612944 ### addr: c0:98:e5:42:00:29 
1641155270.613225 ### on_adv_report outer RSSI: -63, time:1640049760 
1641155270.613474 ### INFO: Discovered new device: c0:98:e5:42:00:29
1641155270.613661 ### INFO: Switched Scheduler EUI from 00:00:00:00:00:00 to c0:98:e5:42:00:2c
1641155270.613849 ### INFO: Starting the SquarePoint module...
1641155270.624389 ### INFO: Starting SquarePoint module as SCHEDULER with timestamp 1640049760
1641155270.624674 ### DEBUG: BLE STOP SCANNING called
1641155270.624857 ### INFO: SquarePoint module successfully started!
1641155270.745349 ### DEBUG: Ticks: 1993, 28, 0 
1641155271.842571 1640049761 ### DEBUG: Ticks: 2010, 17, 0 
1641155271.842844 1640049762 c0:98:e5:42:00:29 1132 
1641155271.852690 952 1042 1059 1059 1072 1076 1083 1086 1091 1094 1097 1100 1109 1127 1132 
1641155271.852968 1132 1137 1145 1169 1171 1177 1179 1182 1204 1211 1242 1283 1315 1370 1374 
1641155272.842844 ### DEBUG: Ticks: 2025, 15, 0 
1641155272.843129 1640049763 c0:98:e5:42:00:29 1588 
1641155272.843320 1032 1085 1102 1103 1108 1113 1118 1118 1133 1134 1137 1146 1150 1151 1168 
1641155272.843574 1178 1182 1185 1187 1193 1199 1204 1211 1217 1221 1223 1281 1324 1409 1441 
1641155273.841397 ### DEBUG: Ticks: 2041, 16, 0 
1641155273.841654 1640049764 c0:98:e5:42:00:29 1715 
1641155273.841810 1264 1273 1276 1289 1291 1300 1316 1317 1318 1320 1325 1340 1342 1349 1353 
1641155273.841970 1361 1368 1370 1377 1378 1378 1381 1389 1390 1391 1409 1435 1446 1472 1554 
1641155274.843720 ### DEBUG: Ticks: 2057, 16, 0 
1641155274.843976 1640049765 c0:98:e5:42:00:29 1807 
1641155274.844143 1269 1438 1451 1452 1457 1458 1461 1471 1476 1484 1485 1486 1490 1499 1505 
1641155274.844312 1511 1511 1514 1519 1529 1537 1542 1549 1604 1649 1753 1767 1786 1808 2009 
1641155275.841390 ### DEBUG: Ticks: 2072, 15, 0 
1641155275.841589 1640049766 c0:98:e5:42:00:29 1780 
1641155275.852674 1327 1348 1360 1364 1370 1376 1381 1395 1396 1402 1403 1413 1416 1417 1420 
1641155275.852882 1425 1426 1441 1447 1457 1484 1485 1489 1541 1550 1556 1587 1593 1647 0 
1641155276.842769 ### DEBUG: Ticks: 2088, 16, 0 
1641155276.843046 1640049767 c0:98:e5:42:00:29 1971 
1641155276.843200 1566 1583 1590 1599 1602 1607 1612 1622 1627 1627 1634 1636 1647 1650 1650 
1641155276.843359 1651 1652 1653 1659 1663 1666 1676 1676 1678 1679 1691 1699 1701 1757 1781 
1641155277.842785 ### DEBUG: Ticks: 2103, 15, 0 
1641155277.843068 1640049768 c0:98:e5:42:00:29 2407 
1641155277.843237 1980 2007 2009 2012 2025 2041 2050 2058 2061 2070 2071 2072 2079 2083 2089 
1641155277.843387 2090 2094 2096 2097 2105 2105 2107 2109 2113 2115 2119 2144 2174 2174 2243 
1641155278.851153 ### DEBUG: Ticks: 2119, 16, 0 
1641155278.851446 1640049769 c0:98:e5:42:00:29 3168 
1641155278.851665 2725 2725 2729 2744 2779 2790 2795 2801 2801 2805 2810 2816 2816 2824 2824 
1641155278.851798 2825 2826 2832 2832 2846 2846 2849 2851 2862 2873 2882 2886 2908 2924 2974 
1641155279.848886 ### DEBUG: Ticks: 2135, 16, 0 
1641155279.850077 1640049770 c0:98:e5:42:00:29 4021 
1641155279.850272 3576 3593 3623 3625 3629 3655 3666 3667 3670 3681 3686 3691 3693 3697 3704 
1641155279.850401 3705 3714 3720 3721 3722 3730 3731 3731 3733 3760 3769 3788 3788 3797 3829 
1641155280.849896 ### DEBUG: Ticks: 2150, 15, 0 
1641155280.851437 1640049771 c0:98:e5:42:00:29 4646 
1641155280.851779 4199 4218 4246 4246 4256 4257 4262 4263 4265 4268 4279 4279 4290 4295 4302 
1641155280.852027 4305 4307 4310 4311 4324 4325 4329 4331 4335 4336 4346 4355 4391 4403 4411 
1641155281.841966 ### DEBUG: Ticks: 2166, 16, 0 
1641155281.842254 1640049772 c0:98:e5:42:00:29 5425 
1641155281.854349 5067 5072 5083 5084 5101 5102 5120 5122 5133 5134 5136 5136 5140 5142 5150 
1641155281.854628 5159 5159 5172 5184 5190 5196 5207 5236 5258 5274 5304 5308 5314 5323 5345 
1641155282.844652 ### DEBUG: Ticks: 2182, 16, 0 
1641155283.836978 1640049773 ### DEBUG: Ticks: 2197, 15, 0 
1641155284.837560 1640049774 ### DEBUG: Ticks: 2213, 16, 0 
1641155285.842390 1640049775 ### DEBUG: Ticks: 2228, 15, 0 
1641155286.842726 1640049776 ### DEBUG: Ticks: 2244, 16, 0 
1641155286.904630 1640049777 ### INFO: SquarePoint communications appear to be down...restarting
1641155286.904847 ### INFO: Switched Scheduler EUI from c0:98:e5:42:00:2c to 00:00:00:00:00:00
1641155287.116388 ### INFO: SD card flushed!
1641155287.117610 ### STOPPED, setting module to STOPPED
1641155287.117823 ### DEBUG: BLE START SCANNING called
1641155288.260674 ### DEBUG: BLE START SCANNING called
1641155289.322213 ### DEBUG: BLE START SCANNING called
1641155289.345721 ### DEBUG: BLE START SCANNING called
1641155289.345996 ### DEBUG: BLE START SCANNING called
1641155290.374329 ### DEBUG: BLE START SCANNING called
1641155290.420346 ### DEBUG: BLE START SCANNING called
1641155290.420902 ### DEBUG: BLE START SCANNING called
1641155291.481635 ### DEBUG: BLE START SCANNING called
1641155292.539723 ### DEBUG: BLE START SCANNING called
1641155292.585802 ### addr: c0:98:e5:42:00:29 
1641155292.586090 ### on_adv_report outer RSSI: -69, time:1640049783 
1641155292.586283 ### INFO: Discovered new device: c0:98:e5:42:00:29
1641155292.586469 ### INFO: Starting the SquarePoint module...
1641155292.586684 ### INFO: Starting SquarePoint module as SCHEDULER with timestamp 1640049783
1641155292.586870 ### DEBUG: BLE STOP SCANNING called
1641155292.587056 ### INFO: SquarePoint module successfully started!
1641155292.598604 ### REQUEST_TIME, responding with current timestamp
1641155292.598900 ### INFO: Sending timestamp 1640049783 to SquarePoint
1641155292.599067 ### ERROR: Failed to send current timestamp to the SquarePoint module!
1641155292.800494 ### DEBUG: Ticks: 2337, 93, 0 
1641155292.800752 1640049784 ### INFO: Switched Scheduler EUI from 00:00:00:00:00:00 to c0:98:e5:42:00:2c
1641155293.814789 ### DEBUG: Ticks: 2353, 16, 0 
1641155294.906158 1640049785 ### DEBUG: Ticks: 2370, 17, 0 
1641155294.906406 1640049786 c0:98:e5:42:00:29 3312 
1641155294.906594 3225 3243 3262 3262 3272 3276 3286 3288 3290 3295 3297 3302 3302 3304 3307 
1641155294.906755 3318 3325 3332 3337 3341 3351 3356 3370 3389 3396 3403 3405 3407 3433 3454 
1641155295.902822 ### DEBUG: Ticks: 2386, 16, 0 
1641155295.903097 1640049787 c0:98:e5:42:00:29 2988 
1641155295.903293 2550 2571 2592 2600 2604 2609 2610 2616 2619 2624 2625 2625 2625 2632 2638 
1641155295.903494 2649 2651 2655 2659 2662 2674 2675 2677 2705 2728 2739 2739 2740 2772 2776 
1641155296.594809 ### BLE EVENT: 16, INFO: BLE CONNECTED!
1641155296.595110 ### RSSI: -68, 26, 1640049787 ,2396 
1641155296.703044 ### RSSI: -66, 19, 1640049787 ,2398 
1641155296.792534 ### RSSI: -65, 27, 1640049787 ,2399 
1641155296.889714 ### RSSI: -67, 9, 1640049788 ,2401 
1641155296.902936 ### DEBUG: Ticks: 2401, 15, 0 
1641155296.903223 1640049788 c0:98:e5:42:00:29 2422 
1641155296.903416 2026 2032 2052 2055 2056 2060 2065 2068 2070 2071 2073 2077 2080 2080 2086 
1641155296.903692 2108 2132 2141 2143 2154 2155 2161 2182 2191 2191 2226 2229 2242 2247 2302 
1641155296.991600 ### RSSI: -63, 18, 1640049788 ,2403 
1641155297.092047 ### RSSI: -63, 6, 1640049788 ,2404 
1641155297.192242 ### RSSI: -59, 18, 1640049788 ,2406 
1641155297.291847 ### RSSI: -61, 8, 1640049788 ,2407 
1641155297.393771 ### RSSI: -73, 12, 1640049788 ,2409 
1641155297.498059 ### RSSI: -76, 8, 1640049788 ,2410 
1641155297.596641 ### RSSI: -72, 2, 1640049788 ,2412 
1641155297.697231 ### RSSI: -57, 22, 1640049788 ,2413 
1641155297.787682 ### RSSI: -58, 9, 1640049789 ,2415 
1641155297.888947 ### RSSI: -64, 29, 1640049789 ,2417 
1641155297.902222 ### DEBUG: Ticks: 2417, 16, 0 
1641155297.902492 1640049789 c0:98:e5:42:00:29 1888 
1641155297.902648 1488 1500 1507 1514 1530 1550 1556 1558 1560 1568 1578 1592 1593 1594 1602 
1641155297.902830 1602 1606 1611 1611 1620 1629 1644 1644 1656 1663 1671 1689 1776 1832 1847 
1641155297.990081 ### RSSI: -62, 0, 1640049789 ,2418 
1641155298.092497 ### RSSI: -59, 24, 1640049789 ,2420 
1641155298.193251 ### RSSI: -57, 26, 1640049789 ,2421 
1641155298.908825 ### DEBUG: Ticks: 2432, 15, 0 
1641155298.909089 1640049790 c0:98:e5:42:00:29 1429 
1641155298.909211 999 1026 1037 1038 1038 1040 1041 1044 1051 1063 1066 1067 1075 1079 1086 
1641155298.909335 1088 1091 1095 1099 1099 1105 1113 1127 1129 1135 1149 1159 1178 1237 1238 
1641155299.192558 ### RSSI: -58, 25, 1640049790 ,2437 
1641155299.897065 ### DEBUG: Ticks: 2448, 16, 0 
1641155300.898420 1640049791 ### DEBUG: Ticks: 2464, 16, 0 
1641155301.896593 1640049792 ### DEBUG: Ticks: 2479, 15, 0 
1641155302.902335 1640049793 ### DEBUG: Ticks: 2495, 16, 0 
1641155303.296087 1640049794 ### BLE EVENT: 17, INFO: BLE DISCONNECTED!
1641155304.020779 ### STOPPED, setting module to STOPPED
1641155304.021868 ### INFO: Switched Scheduler EUI from c0:98:e5:42:00:2c to 00:00:00:00:00:00
1641155304.222938 ### INFO: SD card flushed!
1641155304.223184 ### DEBUG: BLE START SCANNING called
1641155305.351094 ### DEBUG: BLE START SCANNING called
1641155305.351373 ### DEBUG: BLE START SCANNING called
1641155305.373881 ### addr: c0:98:e5:42:00:29 
1641155305.374160 ### on_adv_report outer RSSI: -62, time:1640049796 
1641155305.374326 ### INFO: Discovered new device: c0:98:e5:42:00:29
1641155305.374491 ### INFO: Switched Scheduler EUI from 00:00:00:00:00:00 to c0:98:e5:42:00:2c
1641155305.374677 ### INFO: Starting the SquarePoint module...
1641155305.375010 ### INFO: Starting SquarePoint module as SCHEDULER with timestamp 1640049796
1641155305.375228 ### DEBUG: BLE STOP SCANNING called
1641155305.375400 ### INFO: SquarePoint module successfully started!
1641155305.498570 ### DEBUG: Ticks: 2535, 40, 0 
1641155306.501198 1640049797 ### DEBUG: Ticks: 2551, 16, 0 
1641155307.503589 1640049798 ### DEBUG: Ticks: 2567, 16, 0 
1641155308.505695 1640049799 ### DEBUG: Ticks: 2582, 15, 0 
1641155309.505732 1640049800 ### DEBUG: Ticks: 2598, 16, 0 
1641155309.619208 1640049801 ### STOPPED, setting module to STOPPED
1641155309.619470 ### INFO: Switched Scheduler EUI from c0:98:e5:42:00:2c to 00:00:00:00:00:00
1641155309.619700 ### DEBUG: BLE START SCANNING called
1641155310.722541 ### DEBUG: BLE START SCANNING called
1641155310.722762 ### DEBUG: BLE START SCANNING called
1641155310.745059 ### addr: c0:98:e5:42:00:29 
1641155310.745365 ### on_adv_report outer RSSI: -73, time:1640049802 
1641155310.745559 ### INFO: Discovered new device: c0:98:e5:42:00:29
1641155310.745743 ### INFO: Switched Scheduler EUI from 00:00:00:00:00:00 to c0:98:e5:42:00:2c
1641155310.745931 ### INFO: Starting the SquarePoint module...
1641155310.746115 ### INFO: Starting SquarePoint module as SCHEDULER with timestamp 1640049802
1641155310.746299 ### DEBUG: BLE STOP SCANNING called
1641155310.746488 ### INFO: SquarePoint module successfully started!
1641155310.868590 ### DEBUG: Ticks: 2619, 21, 0 
1641155311.874917 1640049803 ### DEBUG: Ticks: 2635, 16, 0 
1641155312.880494 1640049804 ### DEBUG: Ticks: 2651, 16, 0 
1641155313.873482 1640049805 ### DEBUG: Ticks: 2666, 15, 0 
1641155314.971359 1640049806 ### DEBUG: Ticks: 2683, 17, 0 
1641155314.971672 1640049807 c0:98:e5:42:00:29 3414 
1641155314.971820 3313 3330 3340 3359 3360 3366 3371 3379 3385 3391 3392 3395 3404 3407 3413 
1641155314.971959 3415 3416 3416 3418 3427 3429 3431 3433 3433 3438 3455 3466 3506 3513 3532 
1641155315.968333 ### DEBUG: Ticks: 2699, 16, 0 
1641155315.968587 1640049808 c0:98:e5:42:00:29 4524 
1641155315.968753 4014 4083 4089 4090 4101 4104 4109 4111 4116 4121 4127 4131 4134 4142 4149 
1641155315.968913 4155 4161 4169 4184 4197 4216 4218 4232 4238 4270 4307 4316 4323 4346 4362 
1641155316.976143 ### DEBUG: Ticks: 2715, 16, 0 
1641155316.976343 1640049809 c0:98:e5:42:00:29 4814 
1641155316.976443 4228 4327 4350 4355 4364 4374 4375 4393 4397 4403 4403 4418 4420 4430 4438 
1641155316.976544 4440 4451 4457 4458 4460 4465 4470 4490 4497 4518 4586 4605 4618 4691 4716 
1641155317.968330 ### DEBUG: Ticks: 2730, 15, 0 
1641155317.970463 1640049810 c0:98:e5:42:00:29 5486 
1641155317.980431 4979 5073 5090 5091 5094 5094 5095 5098 5106 5108 5114 5127 5129 5136 5139 
1641155317.980713 5141 5151 5168 5172 5180 5190 5197 5199 5206 5211 5214 5217 5217 5265 5299 
1641155318.974242 ### DEBUG: Ticks: 2746, 16, 0 
1641155318.974528 1640049811 c0:98:e5:42:00:29 5215 
1641155318.974721 4792 4838 4840 4841 4845 4851 4855 4860 4874 4875 4875 4887 4894 4897 4898 
1641155318.974909 4898 4903 4906 4908 4910 4923 4928 4935 4938 4940 4947 4950 4968 4980 5043 
1641155319.966060 ### DEBUG: Ticks: 2761, 15, 0 
1641155319.966284 1640049812 c0:98:e5:42:00:29 5253 
1641155319.980716 4819 4826 4831 4833 4871 4873 4876 4887 4894 4900 4902 4909 4912 4914 4918 
1641155319.980970 4919 4922 4926 4929 4933 4946 4947 4948 4949 4951 4957 4968 4980 4988 4990 
1641155320.975313 ### DEBUG: Ticks: 2777, 16, 0 
1641155320.975609 1640049813 c0:98:e5:42:00:29 5316 
1641155320.975773 4875 4881 4883 4898 4903 4919 4924 4926 4928 4929 4930 4940 4946 4955 4957 
1641155320.975916 4967 4967 4972 4972 4985 4990 5002 5005 5007 5018 5036 5036 5055 5092 5117 
1641155321.184209 ### BLE EVENT: 16, INFO: BLE CONNECTED!
1641155321.184491 ### RSSI: -76, 17, 1640049813 ,2780 
1641155321.281663 ### RSSI: -67, 1, 1640049813 ,2782 
1641155321.382242 ### RSSI: -76, 0, 1640049813 ,2784 
1641155321.484550 ### RSSI: -73, 10, 1640049813 ,2785 
1641155321.584018 ### RSSI: -65, 4, 1640049813 ,2787 
1641155321.685155 ### RSSI: -66, 6, 1640049813 ,2788 
1641155321.786570 ### RSSI: -70, 12, 1640049814 ,2790 
1641155321.888410 ### RSSI: -73, 25, 1640049814 ,2791 
1641155321.968384 ### DEBUG: Ticks: 2793, 16, 0 
1641155321.968595 1640049814 c0:98:e5:42:00:29 5369 
1641155321.968711 4917 4925 4928 4935 4964 4965 4965 4986 4990 4993 4994 4995 4996 5000 5003 
1641155321.968823 5007 5011 5013 5016 5017 5033 5042 5055 5081 5081 5084 5090 5091 5093 5123 
1641155321.979215 ### RSSI: -67, 12, 1640049814 ,2793 
1641155322.077880 ### RSSI: -77, 25, 1640049814 ,2794 
1641155322.091851 ### RSSI: -77, 25, 1640049814 ,2794 
1641155322.182200 ### RSSI: -74, 25, 1640049814 ,2796 
1641155322.280265 ### RSSI: -74, 18, 1640049814 ,2798 
1641155322.380773 ### RSSI: -70, 36, 1640049814 ,2799 
1641155322.481702 ### RSSI: -71, 9, 1640049814 ,2801 
1641155322.584098 ### RSSI: -70, 36, 1640049814 ,2802 
1641155322.688237 ### RSSI: -69, 16, 1640049814 ,2804 
1641155322.779035 ### RSSI: -67, 12, 1640049815 ,2805 
1641155322.971881 ### DEBUG: Ticks: 2808, 15, 0 
1641155322.972106 1640049815 c0:98:e5:42:00:29 5319 
1641155322.972277 4780 4871 4873 4925 4938 4940 4940 4946 4970 4975 4978 4986 4987 4988 4995 
1641155322.972440 4997 5020 5027 5033 5038 5044 5044 5046 5050 5056 5070 5075 5084 5100 5107 
1641155323.782642 ### RSSI: -68, 27, 1640049816 ,2821 
1641155323.975301 ### DEBUG: Ticks: 2824, 16, 0 
1641155323.975556 1640049816 c0:98:e5:42:00:29 5251 
1641155323.975689 4814 4823 4829 4834 4840 4845 4845 4845 4849 4851 4855 4876 4880 4892 4899 
1641155323.976105 4902 4909 4911 4914 4925 4925 4987 4988 4994 4995 4999 4999 5015 5058 5096 
1641155324.780965 ### RSSI: -67, 28, 1640049817 ,2837 
1641155324.971775 ### DEBUG: Ticks: 2840, 16, 0 
1641155324.972062 1640049817 c0:98:e5:42:00:29 5057 
1641155324.972256 4623 4625 4646 4664 4670 4673 4673 4679 4689 4695 4696 4699 4701 4702 4703 
1641155324.972440 4725 4725 4727 4730 4731 4733 4745 4775 4787 4793 4798 4808 4815 4845 4845 
1641155325.778490 ### RSSI: -69, 10, 1640049818 ,2852 
1641155325.972092 ### DEBUG: Ticks: 2855, 15, 0 
1641155325.972289 1640049818 c0:98:e5:42:00:29 4970 
1641155325.972407 4497 4541 4558 4562 4574 4575 4581 4586 4589 4590 4595 4596 4596 4602 4607 
1641155325.972512 4609 4609 4614 4624 4634 4637 4649 4664 4676 4677 4689 4691 4693 4697 4702 
1641155326.974308 ### DEBUG: Ticks: 2871, 16, 0 
1641155327.972033 1640049819 ### DEBUG: Ticks: 2886, 15, 0 
1641155328.962355 1640049820 ### DEBUG: Ticks: 2902, 16, 0 
1641155329.880164 1640049821 ### BLE EVENT: 17, INFO: BLE DISCONNECTED!
1641155329.968791 ### DEBUG: Ticks: 2918, 16, 0 
1641155330.968649 1640049822 ### DEBUG: Ticks: 2933, 15, 0 
1641155331.092302 1640049823 ### STOPPED, setting module to STOPPED
1641155331.092520 ### INFO: Switched Scheduler EUI from c0:98:e5:42:00:2c to 00:00:00:00:00:00
1641155331.343489 ### INFO: SD card flushed!
1641155331.345685 ### DEBUG: BLE START SCANNING called
1641155332.438061 ### addr: c0:98:e5:42:00:29 
1641155332.438389 ### on_adv_report outer RSSI: -69, time:1640049825 
1641155332.439124 ### INFO: Discovered new device: c0:98:e5:42:00:29
1641155332.439320 ### INFO: Switched Scheduler EUI from 00:00:00:00:00:00 to c0:98:e5:42:00:2c
1641155332.439472 ### INFO: Starting the SquarePoint module...
1641155332.451096 ### INFO: Starting SquarePoint module as SCHEDULER with timestamp 1640049825
1641155332.451340 ### DEBUG: BLE STOP SCANNING called
1641155332.451499 ### INFO: SquarePoint module successfully started!
1641155332.561678 ### DEBUG: Ticks: 2958, 25, 0 
1641155333.575166 1640049826 ### DEBUG: Ticks: 2974, 16, 0 
1641155334.576593 1640049827 ### DEBUG: Ticks: 2990, 16, 0 
1641155335.574940 1640049828 ### DEBUG: Ticks: 3005, 15, 0 
1641155336.666569 1640049829 ### DEBUG: Ticks: 3022, 17, 0 
1641155336.666749 1640049830 c0:98:e5:42:00:29 1246 
1641155336.666849 1116 1172 1181 1185 1186 1194 1195 1205 1211 1217 1227 1229 1230 1242 1246 
1641155336.666950 1247 1249 1252 1258 1260 1263 1289 1294 1294 1297 1300 1306 1327 1386 1406 
1641155337.671570 ### DEBUG: Ticks: 3038, 16, 0 
1641155337.671826 1640049831 c0:98:e5:42:00:29 2004 
1641155337.671969 1534 1554 1554 1560 1569 1576 1581 1589 1591 1592 1598 1619 1625 1629 1635 
1641155337.672109 1639 1642 1644 1647 1650 1651 1664 1668 1673 1676 1683 1691 1724 1725 1884 
1641155338.666960 ### DEBUG: Ticks: 3054, 16, 0 
1641155338.668543 1640049832 c0:98:e5:42:00:29 2410 
1641155338.678458 1995 1998 2001 2007 2009 2013 2021 2023 2026 2033 2038 2040 2047 2069 2070 
1641155338.678662 2075 2081 2091 2102 2109 2111 2111 2113 2116 2119 2132 2140 2155 2160 2243 
1641155339.666634 ### DEBUG: Ticks: 3069, 15, 0 
1641155339.666875 1640049833 c0:98:e5:42:00:29 2331 
1641155339.667021 1847 1896 1911 1913 1919 1927 1928 1935 1946 1947 1961 1963 1965 1972 1973 
1641155339.667161 1974 1994 2000 2012 2016 2038 2038 2039 2041 2044 2044 2044 2047 2048 2147 
1641155340.668067 ### DEBUG: Ticks: 3085, 16, 0 
1641155340.669109 1640049834 c0:98:e5:42:00:29 2170 
1641155340.669664 1697 1749 1767 1770 1778 1785 1804 1807 1810 1812 1813 1813 1819 1820 1820 
1641155340.669798 1842 1859 1860 1866 1877 1882 1890 1892 1892 1900 1907 1909 1917 1928 2001 
1641155341.667168 ### DEBUG: Ticks: 3100, 15, 0 
1641155341.667378 1640049835 c0:98:e5:42:00:29 1940 
1641155341.667568 1546 1548 1556 1572 1576 1586 1593 1602 1605 1605 1607 1612 1619 1621 1633 
1641155341.667697 1635 1642 1654 1657 1694 1694 1698 1713 1720 1739 1748 1750 1771 1790 1792 
1641155342.238726 ### BLE EVENT: 16, INFO: BLE CONNECTED!
1641155342.238977 ### RSSI: -54, 34, 1640049836 ,3109 
1641155342.340238 ### RSSI: -55, 12, 1640049836 ,3111 
1641155342.431924 ### RSSI: -56, 17, 1640049836 ,3112 
1641155342.532148 ### RSSI: -56, 18, 1640049836 ,3114 
1641155342.631086 ### RSSI: -56, 24, 1640049836 ,3115 
1641155342.675334 ### DEBUG: Ticks: 3116, 16, 0 
1641155342.675607 1640049836 c0:98:e5:42:00:29 1738 
1641155342.675752 1339 1339 1351 1364 1368 1369 1372 1376 1377 1378 1394 1396 1405 1405 1407 
1641155342.675895 1411 1413 1418 1420 1424 1426 1443 1445 1450 1459 1504 1532 1572 1613 1632 
1641155342.730283 ### RSSI: -56, 19, 1640049836 ,3117 
1641155342.832053 ### RSSI: -60, 17, 1640049836 ,3119 
1641155342.932534 ### RSSI: -62, 27, 1640049837 ,3120 
1641155343.035902 ### RSSI: -58, 6, 1640049837 ,3122 
1641155343.134903 ### RSSI: -60, 14, 1640049837 ,3123 
1641155343.237599 ### RSSI: -56, 9, 1640049837 ,3125 
1641155343.336233 ### RSSI: -62, 25, 1640049837 ,3126 
1641155343.434698 ### RSSI: -58, 6, 1640049837 ,3128 
1641155343.540389 ### RSSI: -60, 1, 1640049837 ,3130 
1641155343.637448 ### RSSI: -64, 15, 1640049837 ,3131 
1641155343.670922 ### DEBUG: Ticks: 3132, 16, 0 
1641155343.671151 1640049837 c0:98:e5:42:00:29 1786 
1641155343.671289 1365 1404 1447 1451 1454 1461 1462 1467 1469 1469 1479 1485 1485 1486 1487 
1641155343.671472 1490 1490 1493 1494 1503 1567 1568 1571 1587 1640 1675 1686 1731 1804 2490 
1641155343.737781 ### RSSI: -57, 13, 1640049837 ,3133 
1641155343.836128 ### RSSI: -58, 22, 1640049837 ,3134 
1641155344.669811 ### DEBUG: Ticks: 3147, 15, 0 
1641155344.670094 1640049838 c0:98:e5:42:00:29 1969 
1641155344.670253 1473 1487 1490 1493 1496 1500 1500 1503 1504 1505 1511 1512 1512 1515 1524 
1641155344.670415 1534 1543 1545 1553 1575 1586 1609 1629 1636 1676 1700 1725 1769 1794 1827 
1641155344.830124 ### RSSI: -60, 27, 1640049839 ,3150 
1641155345.667333 ### DEBUG: Ticks: 3163, 16, 0 
1641155345.667708 1640049839 c0:98:e5:42:00:29 2380 
1641155345.667912 1944 1946 1948 1948 1957 1958 1967 1968 1970 1970 1972 1984 1986 1993 1995 
1641155345.668090 2000 2012 2018 2026 2035 2036 2082 2098 2115 2134 2161 2192 2299 2330 3146 
1641155345.837302 ### RSSI: -64, 11, 1640049840 ,3165 
1641155346.672454 ### DEBUG: Ticks: 3178, 15, 0 
1641155346.672679 1640049840 c0:98:e5:42:00:29 2785 
1641155346.672827 2407 2408 2412 2420 2432 2437 2438 2441 2448 2466 2482 2487 2493 2494 2496 
1641155346.672970 2496 2514 2521 2523 2527 2528 2532 2599 2605 2608 2665 2697 2727 2794 3083 
1641155346.838767 ### RSSI: -63, 19, 1640049841 ,3181 
1641155347.674877 ### DEBUG: Ticks: 3194, 16, 0 
1641155347.675105 1640049841 c0:98:e5:42:00:29 3258 
1641155347.675260 2873 2873 2873 2886 2886 2892 2894 2921 2925 2925 2926 2932 2935 2937 2940 
1641155347.675402 2949 2952 2958 2958 2965 2968 2970 2985 2992 2992 2994 3009 3034 3050 3051 
1641155347.832864 ### RSSI: -64, 30, 1640049842 ,3197 
1641155348.669975 ### DEBUG: Ticks: 3210, 16, 0 
1641155348.670304 1640049842 c0:98:e5:42:00:29 3422 
1641155348.670486 2989 3040 3041 3043 3051 3051 3053 3055 3060 3066 3070 3073 3081 3084 3094 
1641155348.670673 3096 3104 3107 3109 3109 3111 3123 3129 3131 3162 3165 3171 3173 3191 3199 
1641155348.835495 ### RSSI: -62, 25, 1640049842 ,3212 
1641155349.666553 ### DEBUG: Ticks: 3225, 15, 0 
1641155349.666744 1640049843 c0:98:e5:42:00:29 3645 
1641155349.666859 3227 3229 3234 3250 3250 3255 3255 3271 3278 3281 3290 3299 3302 3306 3316 
1641155349.678750 3321 3321 3330 3332 3335 3342 3372 3374 3389 3398 3438 3454 3466 3520 3661 
1641155349.835287 ### RSSI: -70, 30, 1640049843 ,3228 
1641155350.666619 ### DEBUG: Ticks: 3241, 16, 0 
1641155350.666892 1640049844 c0:98:e5:42:00:29 4066 
1641155350.667060 3629 3632 3640 3661 3671 3671 3677 3679 3687 3694 3694 3704 3710 3710 3712 
1641155350.678844 3722 3724 3728 3732 3737 3743 3744 3756 3783 3794 3808 3816 3857 3958 3985 
1641155350.833238 ### RSSI: -72, 30, 1640049844 ,3244 
1641155351.669722 ### DEBUG: Ticks: 3257, 16, 0 
1641155351.669893 1640049845 c0:98:e5:42:00:29 4246 
1641155351.669984 3515 3522 3579 3585 3587 3591 3600 3602 3604 3608 3610 3617 3619 3621 3626 
1641155351.670066 3635 3641 3645 3647 3657 3660 3674 3693 3721 3758 3767 3769 3788 3816 3864 
1641155351.838434 ### RSSI: -66, 33, 1640049845 ,3259 
1641155352.666658 ### DEBUG: Ticks: 3272, 15, 0 
1641155352.666898 1640049846 c0:98:e5:42:00:29 4702 
1641155352.667044 4077 4108 4131 4143 4157 4162 4164 4169 4173 4173 4176 4179 4188 4191 4195 
1641155352.667185 4206 4206 4209 4211 4221 4223 4235 4244 4260 4278 4303 4324 4348 4365 4413 
1641155352.832675 ### RSSI: -77, 1, 1640049846 ,3275 
1641155353.674262 ### DEBUG: Ticks: 3288, 16, 0 
1641155353.674465 1640049847 c0:98:e5:42:00:29 5528 
1641155353.674594 4993 5074 5096 5109 5113 5136 5142 5144 5147 5152 5159 5160 5165 5181 5185 
1641155353.674718 5191 5200 5200 5205 5206 5209 5211 5212 5216 5220 5237 5265 5267 5303 5365 
1641155353.831901 ### RSSI: -67, 35, 1640049847 ,3290 
1641155354.667189 ### DEBUG: Ticks: 3303, 15, 0 
1641155354.667415 1640049848 c0:98:e5:42:00:29 5265 
1641155354.667635 4771 4782 4819 4824 4824 4829 4836 4839 4845 4846 4849 4860 4874 4875 4881 
1641155354.667777 4914 4925 4929 4937 4938 4940 4942 4948 4952 4956 4960 4966 4994 5003 5122 
1641155354.832562 ### RSSI: -74, 22, 1640049848 ,3306 
1641155355.668162 ### DEBUG: Ticks: 3319, 16, 0 
1641155355.668390 1640049849 c0:98:e5:42:00:29 5311 
1641155355.668535 4991 5003 5009 5012 5018 5023 5024 5037 5038 5040 5050 5050 5062 5064 5070 
1641155355.668709 5074 5081 5085 5086 5089 5091 5096 5112 5114 5116 5118 5124 5134 5149 5165 
1641155355.835009 ### RSSI: -76, 7, 1640049849 ,3322 
1641155356.672819 ### DEBUG: Ticks: 3335, 16, 0 
1641155356.673118 1640049850 c0:98:e5:42:00:29 5345 
1641155356.673314 4930 4964 4969 4971 4982 4997 5002 5004 5006 5009 5009 5024 5025 5028 5029 
1641155356.673502 5036 5037 5040 5040 5045 5066 5072 5076 5080 5090 5095 5102 5105 5113 5155 
1641155356.829177 ### RSSI: -73, 7, 1640049850 ,3337 
1641155357.675421 ### DEBUG: Ticks: 3350, 15, 0 
1641155357.676971 1640049851 c0:98:e5:42:00:29 5373 
1641155357.678000 4904 4922 4948 4968 4970 4981 4994 4995 4998 4998 4999 5002 5006 5023 5024 
1641155357.678186 5032 5037 5037 5038 5038 5039 5043 5047 5051 5053 5061 5078 5082 5138 5148 
1641155357.830692 ### RSSI: -62, 1, 1640049851 ,3353 
1641155358.674802 ### DEBUG: Ticks: 3366, 16, 0 
1641155358.675094 1640049852 c0:98:e5:42:00:29 5324 
1641155358.675280 4865 4879 4884 4892 4894 4899 4907 4915 4921 4925 4927 4929 4930 4944 4948 
1641155358.675470 4956 4960 4967 4968 4977 4978 4983 4983 4990 4994 5022 5067 5146 5197 5243 
1641155358.841411 ### RSSI: -64, 16, 1640049852 ,3369 
1641155359.668414 ### DEBUG: Ticks: 3382, 16, 0 
1641155359.669920 1640049853 c0:98:e5:42:00:29 5106 
1641155359.673140 4630 4636 4658 4666 4667 4672 4673 4676 4679 4702 4706 4709 4709 4710 4715 
1641155359.673500 4726 4731 4732 4751 4754 4757 4763 4775 4788 4800 4804 4813 4840 4857 4883 
1641155359.833879 ### RSSI: -73, 14, 1640049853 ,3384 
1641155360.671065 ### DEBUG: Ticks: 3397, 15, 0 
1641155360.671245 1640049854 c0:98:e5:42:00:29 4868 
1641155360.671344 4424 4455 4464 4482 4485 4487 4495 4507 4507 4509 4514 4519 4528 4532 4533 
1641155360.671446 4547 4548 4550 4550 4556 4557 4574 4575 4589 4595 4596 4597 4607 4614 4641 
1641155360.838208 ### RSSI: -71, 9, 1640049854 ,3400 
1641155361.672786 ### DEBUG: Ticks: 3413, 16, 0 
1641155361.673073 1640049855 c0:98:e5:42:00:29 4551 
1641155361.673268 4111 4133 4142 4150 4154 4156 4160 4160 4163 4167 4174 4175 4189 4195 4195 
1641155361.673490 4208 4216 4216 4220 4222 4223 4231 4233 4235 4252 4252 4264 4270 4273 4304 
1641155361.839338 ### RSSI: -69, 25, 1640049855 ,3415 
1641155362.673809 ### DEBUG: Ticks: 3428, 15, 0 
1641155362.674134 1640049856 c0:98:e5:42:00:29 4072 
1641155362.674346 3723 3739 3743 3746 3752 3756 3757 3764 3768 3769 3771 3774 3783 3794 3798 
1641155362.674552 3809 3810 3810 3811 3817 3825 3832 3835 3838 3839 3843 3859 3862 3879 3890 
1641155362.828828 ### RSSI: -68, 15, 1640049856 ,3431 
1641155363.675182 ### DEBUG: Ticks: 3444, 16, 0 
1641155363.675405 1640049857 c0:98:e5:42:00:29 3439 
1641155363.675603 2992 3020 3027 3030 3032 3035 3035 3036 3037 3041 3044 3052 3052 3056 3061 
1641155363.675770 3062 3075 3077 3081 3085 3085 3097 3098 3112 3131 3136 3145 3183 3186 3206 
1641155363.831234 ### RSSI: -63, 36, 1640049857 ,3447 
1641155364.674147 ### DEBUG: Ticks: 3460, 16, 0 
1641155364.674384 1640049858 c0:98:e5:42:00:29 3068 
1641155364.674506 2633 2636 2638 2645 2649 2651 2652 2656 2659 2662 2666 2672 2673 2675 2693 
1641155364.674776 2695 2696 2697 2700 2702 2710 2711 2718 2726 2746 2757 2757 2781 2782 2803 
1641155364.832320 ### RSSI: -67, 26, 1640049858 ,3462 
1641155365.669624 ### DEBUG: Ticks: 3475, 15, 0 
1641155365.669852 1640049859 c0:98:e5:42:00:29 3027 
1641155365.669971 2603 2622 2627 2634 2639 2641 2646 2648 2649 2656 2659 2666 2672 2674 2679 
1641155365.670084 2680 2683 2693 2696 2709 2713 2722 2738 2739 2762 2771 2802 2830 2849 2909 
1641155365.835293 ### RSSI: -63, 32, 1640049859 ,3478 
1641155366.836669 ### RSSI: -62, 9, 1640049860 ,3493 
1641155367.667005 ### DEBUG: Ticks: 3507, 32, 0 
1641155367.667152 1640049861 c0:98:e5:42:00:29 2711 
1641155367.667589 2301 2319 2325 2333 2341 2343 2345 2349 2352 2353 2366 2372 2376 2381 2386 
1641155367.683739 2405 2406 2406 2412 2419 2420 2420 2421 2422 2431 2440 2453 2462 2466 2480 
1641155367.837904 ### RSSI: -65, 29, 1640049861 ,3509 
1641155368.668364 ### DEBUG: Ticks: 3522, 15, 0 
1641155368.670748 1640049862 c0:98:e5:42:00:29 2317 
1641155368.672237 1860 1870 1873 1876 1883 1886 1887 1887 1889 1890 1896 1898 1904 1914 1928 
1641155368.672502 1932 1937 1939 1942 1946 1948 1950 1963 1964 1972 2000 2000 2004 2011 2020 
1641155368.833651 ### RSSI: -64, 27, 1640049863 ,3525 
1641155369.680780 ### DEBUG: Ticks: 3538, 16, 0 
1641155369.682082 1640049863 c0:98:e5:42:00:29 1904 
1641155369.685125 1540 1549 1552 1560 1577 1587 1587 1590 1590 1591 1592 1614 1615 1615 1622 
1641155369.687754 1626 1626 1631 1645 1648 1660 1663 1668 1673 1678 1680 1696 1700 1702 1723 
1641155369.831434 ### RSSI: -58, 0, 1640049864 ,3540 
1641155370.669015 ### DEBUG: Ticks: 3553, 15, 0 
1641155370.669265 1640049864 c0:98:e5:42:00:29 1777 
1641155370.669646 1378 1409 1416 1433 1442 1444 1447 1452 1456 1458 1470 1478 1488 1491 1492 
1641155370.670076 1495 1501 1507 1508 1508 1514 1518 1519 1521 1525 1534 1574 1583 1595 1606 
1641155370.833748 ### RSSI: -54, 31, 1640049865 ,3556 
1641155371.671652 ### DEBUG: Ticks: 3569, 16, 0 
1641155371.671881 1640049865 c0:98:e5:42:00:29 2179 
1641155371.672027 1724 1726 1732 1738 1753 1763 1771 1771 1774 1775 1775 1796 1801 1807 1814 
1641155371.672170 1815 1824 1825 1830 1831 1835 1837 1842 1849 1854 1862 1875 1880 1937 1977 
1641155371.837680 ### RSSI: -56, 24, 1640049866 ,3572 
1641155372.179017 ### INFO: SD card flushed!
1641155372.675445 ### DEBUG: Ticks: 3585, 16, 0 
1641155372.675731 1640049866 c0:98:e5:42:00:29 2557 
1641155372.675869 2174 2185 2187 2191 2196 2196 2198 2203 2205 2206 2209 2219 2224 2237 2244 
1641155372.676009 2244 2253 2255 2255 2257 2272 2279 2281 2284 2287 2292 2293 2315 2318 2376 
1641155372.829741 ### RSSI: -66, 22, 1640049866 ,3587 
1641155373.672221 ### DEBUG: Ticks: 3600, 15, 0 
1641155373.672384 1640049867 c0:98:e5:42:00:29 2532 
1641155373.672469 2139 2158 2160 2164 2168 2171 2173 2175 2178 2180 2187 2189 2193 2197 2213 
1641155373.672550 2214 2218 2220 2222 2223 2223 2228 2242 2247 2250 2256 2278 2287 2301 2377 
1641155373.830096 ### RSSI: -63, 2, 1640049867 ,3603 
1641155374.667272 ### DEBUG: Ticks: 3616, 16, 0 
1641155374.667499 1640049868 c0:98:e5:42:00:29 2532 
1641155374.667727 2095 2117 2118 2125 2126 2128 2136 2145 2153 2156 2159 2160 2160 2167 2178 
1641155374.667955 2182 2182 2185 2191 2202 2226 2228 2229 2233 2235 2242 2246 2255 2257 2316 
1641155374.834797 ### RSSI: -60, 1, 1640049868 ,3618 
1641155375.670137 ### DEBUG: Ticks: 3631, 15, 0 
1641155375.670425 1640049869 c0:98:e5:42:00:29 2474 
1641155375.670618 2077 2085 2107 2108 2124 2125 2130 2134 2134 2142 2146 2150 2170 2172 2179 
1641155375.670803 2180 2187 2189 2197 2198 2209 2210 2213 2216 2222 2230 2233 2236 2273 2278 
1641155375.833597 ### RSSI: -59, 25, 1640049869 ,3634 
1641155376.667026 ### DEBUG: Ticks: 3647, 16, 0 
1641155376.667203 1640049870 c0:98:e5:42:00:29 2386 
1641155376.678894 1926 1938 1947 1980 1983 2000 2012 2014 2023 2024 2030 2034 2038 2040 2042 
1641155376.679192 2054 2064 2065 2092 2098 2124 2156 2158 2177 2193 2206 2211 2214 2220 2238 
1641155376.834233 ### RSSI: -71, 23, 1640049870 ,3650 
1641155377.667423 ### DEBUG: Ticks: 3663, 16, 0 
1641155377.667693 1640049871 c0:98:e5:42:00:29 2080 
1641155377.667824 1606 1624 1637 1638 1647 1665 1667 1674 1677 1685 1687 1707 1714 1722 1727 
1641155377.667949 1732 1741 1767 1775 1807 1817 1831 1867 1882 1894 1902 1913 1959 1967 2721 
1641155377.836592 ### RSSI: -61, 36, 1640049871 ,3665 
1641155378.670363 ### DEBUG: Ticks: 3678, 15, 0 
1641155378.670649 1640049872 c0:98:e5:42:00:29 2143 
1641155378.670842 1754 1754 1757 1782 1787 1792 1796 1804 1808 1811 1820 1822 1822 1825 1827 
1641155378.671085 1827 1832 1839 1841 1844 1848 1851 1853 1869 1874 1944 1966 2000 2010 2022 
1641155378.837239 ### RSSI: -62, 16, 1640049872 ,3681 
1641155379.674030 ### DEBUG: Ticks: 3694, 16, 0 
1641155379.674256 1640049873 c0:98:e5:42:00:29 2687 
1641155379.674442 2406 2428 2471 2473 2473 2473 2476 2484 2491 2492 2497 2500 2503 2504 2505 
1641155379.674693 2517 2520 2551 2556 2560 2563 2581 2596 2624 2636 2640 2651 2681 2824 3605 
1641155379.831083 ### RSSI: -70, 28, 1640049873 ,3696 
1641155380.672768 ### DEBUG: Ticks: 3710, 16, 0 
1641155380.673066 1640049874 c0:98:e5:42:00:29 3301 
1641155380.673281 3014 3016 3030 3041 3066 3067 3098 3101 3107 3110 3111 3112 3115 3130 3168 
1641155380.673457 3172 3172 3193 3200 3212 3215 3218 3221 3225 3255 3271 3286 3294 3369 3601 
1641155380.838183 ### RSSI: -63, 3, 1640049874 ,3712 
1641155381.668704 ### DEBUG: Ticks: 3725, 15, 0 
1641155381.668976 1640049875 c0:98:e5:42:00:29 3699 
1641155381.669123 3349 3358 3362 3365 3375 3390 3393 3400 3403 3405 3415 3433 3437 3438 3451 
1641155381.669313 3458 3473 3474 3488 3495 3503 3505 3528 3547 3579 3581 3715 3732 3800 4510 
1641155381.834493 ### RSSI: -71, 2, 1640049875 ,3728 
1641155382.672336 ### DEBUG: Ticks: 3741, 16, 0 
1641155382.672628 1640049876 c0:98:e5:42:00:29 3629 
1641155382.672821 3123 3232 3239 3245 3248 3251 3251 3256 3258 3261 3267 3268 3269 3285 3295 
1641155382.673009 3296 3301 3337 3340 3350 3360 3360 3364 3385 3396 3445 3475 3478 3481 3952 
1641155382.836462 ### RSSI: -66, 8, 1640049876 ,3743 
1641155383.674393 ### DEBUG: Ticks: 3756, 15, 0 
1641155383.674683 1640049877 c0:98:e5:42:00:29 3649 
1641155383.674877 3222 3246 3250 3264 3277 3280 3284 3294 3296 3296 3299 3301 3320 3334 3340 
1641155383.675065 3344 3345 3360 3376 3378 3395 3397 3398 3406 3415 3478 3506 3541 3556 3560 
1641155383.837995 ### RSSI: -70, 35, 1640049877 ,3759 
1641155384.671252 ### DEBUG: Ticks: 3772, 16, 0 
1641155384.671645 1640049878 c0:98:e5:42:00:29 3618 
1641155384.671867 3182 3190 3193 3200 3204 3217 3226 3235 3246 3249 3250 3259 3260 3264 3275 
1641155384.672045 3279 3279 3286 3289 3302 3302 3306 3316 3332 3348 3349 3372 3441 3508 3542 
1641155384.834847 ### RSSI: -70, 0, 1640049878 ,3775 
1641155385.671291 ### DEBUG: Ticks: 3788, 16, 0 
1641155385.672669 1640049879 c0:98:e5:42:00:29 3846 
1641155385.674058 3293 3313 3324 3326 3336 3342 3345 3352 3356 3361 3365 3370 3374 3375 3379 
1641155385.674253 3385 3388 3389 3390 3395 3399 3436 3438 3439 3457 3489 3526 3567 3625 3664 
1641155385.829126 ### RSSI: -70, 19, 1640049879 ,3790 
1641155386.671132 ### DEBUG: Ticks: 3803, 15, 0 
1641155386.671421 1640049880 c0:98:e5:42:00:29 3929 
1641155386.671806 3484 3528 3533 3534 3549 3565 3566 3575 3578 3580 3584 3586 3590 3593 3594 
1641155386.672028 3598 3602 3626 3636 3640 3640 3640 3642 3651 3653 3657 3659 3674 3691 3717 
1641155386.840224 ### RSSI: -65, 32, 1640049880 ,3806 
1641155387.668181 ### DEBUG: Ticks: 3819, 16, 0 
1641155387.668427 1640049881 c0:98:e5:42:00:29 4440 
1641155387.668572 3908 3931 3996 3998 4005 4017 4026 4032 4037 4046 4052 4055 4056 4059 4064 
1641155387.668712 4072 4084 4088 4088 4095 4098 4100 4101 4102 4109 4120 4122 4126 4129 4163 
1641155387.832291 ### RSSI: -64, 32, 1640049881 ,3821 
1641155388.671443 ### DEBUG: Ticks: 3835, 16, 0 
1641155388.671772 1640049882 c0:98:e5:42:00:29 4931 
1641155388.671949 4481 4512 4512 4519 4530 4536 4537 4538 4552 4554 4556 4570 4589 4590 4590 
1641155388.672113 4592 4595 4595 4607 4608 4615 4615 4618 4618 4619 4620 4623 4630 4635 4728 
1641155388.830740 ### RSSI: -76, 21, 1640049882 ,3837 
1641155389.669973 ### DEBUG: Ticks: 3850, 15, 0 
1641155389.670220 1640049883 c0:98:e5:42:00:29 5253 
1641155389.670385 4733 4813 4849 4851 4856 4861 4868 4870 4888 4895 4901 4902 4903 4904 4905 
1641155389.670550 4911 4911 4915 4923 4927 4927 4935 4937 4962 4964 4973 4974 4993 5015 5028 
1641155389.833566 ### RSSI: -73, 14, 1640049883 ,3853 
1641155390.668169 ### DEBUG: Ticks: 3866, 16, 0 
1641155391.669289 1640049884 ### DEBUG: Ticks: 3881, 15, 0 
1641155392.665852 1640049885 ### DEBUG: Ticks: 3897, 16, 0 
1641155393.673824 1640049886 ### DEBUG: Ticks: 3913, 16, 0 
1641155393.938464 1640049887 ### BLE EVENT: 17, INFO: BLE DISCONNECTED!
1641155394.670329 ### DEBUG: Ticks: 3928, 15, 0 
1641155394.791887 1640049888 ### STOPPED, setting module to STOPPED
1641155394.792097 ### INFO: Switched Scheduler EUI from c0:98:e5:42:00:2c to 00:00:00:00:00:00
1641155395.078005 ### INFO: SD card flushed!
1641155395.078285 ### DEBUG: BLE START SCANNING called
1641155396.165655 ### DEBUG: BLE START SCANNING called
1641155396.178435 ### DEBUG: BLE START SCANNING called
1641155396.191827 ### DEBUG: BLE START SCANNING called
1641155396.204203 ### DEBUG: BLE START SCANNING called
1641155396.214355 ### DEBUG: BLE START SCANNING called
1641155396.215805 ### DEBUG: BLE START SCANNING called
1641155396.225592 ### DEBUG: BLE START SCANNING called
1641155396.226799 ### DEBUG: BLE START SCANNING called
1641155396.228055 ### DEBUG: BLE START SCANNING called
1641155397.265349 ### DEBUG: BLE START SCANNING called
1641155397.320166 ### DEBUG: BLE START SCANNING called
1641155398.354734 ### DEBUG: BLE START SCANNING called
1641155398.367712 ### DEBUG: BLE START SCANNING called
1641155398.367890 ### DEBUG: BLE START SCANNING called
1641155398.378770 ### DEBUG: BLE START SCANNING called
1641155398.391609 ### DEBUG: BLE START SCANNING called
1641155398.404583 ### DEBUG: BLE START SCANNING called
1641155399.421234 ### DEBUG: BLE START SCANNING called
1641155399.433177 ### DEBUG: BLE START SCANNING called
1641155399.433454 ### DEBUG: BLE START SCANNING called
1641155399.444298 ### addr: c0:98:e5:42:00:29 
1641155399.444518 ### on_adv_report outer RSSI: -64, time:1640049893 
1641155399.444664 ### INFO: Discovered new device: c0:98:e5:42:00:29
1641155399.444804 ### INFO: Starting the SquarePoint module...
1641155399.546071 ### ERROR: Failed reading SquarePoint packet length
1641155399.651359 ### ERROR: Unable to communicate with the SquarePoint module
1641155399.663146 ### DEBUG: connected? already connected
1641155399.663314 ### DEBUG: BLE START SCANNING called
1641155399.663404 ### INFO: Starting the SquarePoint module...
1641155399.663497 ### INFO: Starting SquarePoint module as SCHEDULER with timestamp 1640049894
1641155399.663629 ### DEBUG: BLE STOP SCANNING called
1641155399.664686 ### INFO: SquarePoint module successfully started!
1641155399.674700 ### BLE EVENT: 16, INFO: BLE CONNECTED!
1641155399.674874 ### RSSI: -68, 26, 1640049894 ,4006 
1641155399.763820 ### RSSI: -66, 22, 1640049894 ,4008 
1641155399.776449 ### DEBUG: Ticks: 4008, 80, 1 
1641155399.776745 1640049895 ### INFO: Switched Scheduler EUI from 00:00:00:00:00:00 to c0:98:e5:42:00:2c
1641155399.873566 ### RSSI: -66, 7, 1640049895 ,4009 
1641155399.973663 ### RSSI: -66, 8, 1640049895 ,4011 
1641155400.073655 ### RSSI: -66, 16, 1640049895 ,4013 
1641155400.174554 ### RSSI: -80, 6, 1640049895 ,4014 
1641155400.272456 ### RSSI: -72, 13, 1640049895 ,4016 
1641155400.371395 ### RSSI: -66, 36, 1640049895 ,4017 
1641155400.569373 ### RSSI: -70, 29, 1640049896 ,4020 
1641155400.669766 ### RSSI: -69, 18, 1640049896 ,4022 
1641155400.768487 ### RSSI: -70, 19, 1640049896 ,4024 
1641155400.791271 ### DEBUG: Ticks: 4024, 16, 1 
1641155400.868410 1640049896 ### RSSI: -71, 33, 1640049896 ,4025 
1641155400.965903 ### RSSI: -67, 28, 1640049896 ,4027 
1641155401.070057 ### RSSI: -68, 30, 1640049896 ,4028 
1641155401.168941 ### RSSI: -65, 27, 1640049896 ,4030 
1641155401.266097 ### RSSI: -70, 35, 1640049896 ,4031 
1641155401.363915 ### RSSI: -67, 30, 1640049896 ,4033 
1641155401.878070 ### DEBUG: Ticks: 4041, 17, 1 
1641155401.878303 1640049897 c0:98:e5:42:00:29 2687 
1641155401.878449 2616 2617 2624 2630 2642 2648 2649 2649 2651 2660 2662 2669 2671 2680 2687 
1641155401.878638 2688 2688 2700 2701 2701 2702 2702 2709 2715 2726 2726 2731 2762 2766 2785 
1641155402.372059 ### RSSI: -66, 23, 1640049897 ,4048 
1641155402.885954 ### DEBUG: Ticks: 4056, 15, 1 
1641155402.886197 1640049898 c0:98:e5:42:00:29 2940 
1641155402.886317 2520 2527 2537 2541 2552 2557 2558 2558 2567 2574 2575 2581 2583 2585 2586 
1641155402.886441 2599 2601 2612 2615 2618 2620 2621 2624 2627 2631 2634 2641 2645 2672 2694 
1641155403.369594 ### RSSI: -64, 12, 1640049898 ,4064 
1641155403.880531 ### DEBUG: Ticks: 4072, 16, 1 
1641155403.880700 1640049899 c0:98:e5:42:00:29 2813 
1641155403.880778 2412 2416 2419 2443 2445 2448 2450 2450 2453 2454 2462 2462 2466 2467 2483 
1641155403.880858 2487 2488 2489 2493 2493 2496 2502 2503 2508 2508 2522 2523 2533 2535 2543 
1641155404.370226 ### RSSI: -60, 33, 1640049900 ,4080 
1641155404.878891 ### DEBUG: Ticks: 4088, 16, 1 
1641155404.879086 1640049900 c0:98:e5:42:00:29 2649 
1641155404.879196 2240 2245 2247 2249 2251 2251 2255 2260 2263 2278 2278 2280 2281 2283 2285 
1641155404.879308 2293 2296 2298 2303 2303 2304 2308 2315 2321 2327 2338 2342 2351 2368 2368 
1641155405.372660 ### RSSI: -58, 1, 1640049901 ,4095 
1641155405.880655 ### DEBUG: Ticks: 4103, 15, 1 
1641155405.881823 1640049901 c0:98:e5:42:00:29 2612 
1641155405.882474 2154 2159 2163 2164 2173 2178 2184 2186 2190 2193 2193 2199 2216 2220 2220 
1641155405.882655 2231 2233 2234 2240 2242 2248 2248 2250 2256 2262 2271 2275 2297 2316 2364 
1641155406.370097 ### RSSI: -56, 23, 1640049902 ,4111 
1641155406.883940 ### DEBUG: Ticks: 4119, 16, 1 
1641155406.884211 1640049902 c0:98:e5:42:00:29 2611 
1641155406.884425 2173 2174 2175 2213 2216 2225 2227 2232 2235 2236 2237 2252 2258 2263 2269 
1641155406.884588 2279 2284 2285 2286 2288 2296 2298 2299 2302 2304 2321 2329 2343 2375 2501 
1641155407.370745 ### RSSI: -58, 16, 1640049903 ,4127 
1641155407.877831 ### DEBUG: Ticks: 4135, 16, 1 
1641155407.878082 1640049903 c0:98:e5:42:00:29 2479 
1641155407.888461 2058 2064 2076 2077 2083 2088 2092 2093 2099 2100 2101 2102 2109 2113 2117 
1641155407.888729 2119 2126 2131 2131 2137 2152 2153 2165 2170 2172 2175 2177 2182 2204 2221 
1641155408.367901 ### RSSI: -62, 9, 1640049904 ,4142 
1641155408.879012 ### DEBUG: Ticks: 4150, 15, 1 
1641155408.879212 1640049904 c0:98:e5:42:00:29 2574 
1641155408.879309 2107 2170 2173 2174 2175 2178 2179 2187 2194 2195 2215 2221 2224 2236 2237 
1641155408.879677 2245 2246 2253 2257 2260 2263 2265 2268 2270 2271 2275 2280 2288 2352 2357 
1641155409.365999 ### RSSI: -65, 32, 1640049905 ,4158 
1641155409.884283 ### DEBUG: Ticks: 4166, 16, 1 
1641155409.884558 1640049905 c0:98:e5:42:00:29 2667 
1641155409.884764 2219 2236 2247 2252 2256 2263 2267 2269 2275 2289 2290 2292 2298 2300 2303 
1641155409.884956 2305 2307 2339 2341 2342 2362 2364 2367 2383 2388 2396 2413 2433 2444 2604 
1641155410.365105 ### RSSI: -75, 11, 1640049906 ,4173 
1641155410.877473 ### DEBUG: Ticks: 4181, 15, 1 
1641155410.877665 1640049906 c0:98:e5:42:00:29 2727 
1641155410.889475 2316 2321 2323 2342 2343 2352 2364 2366 2371 2372 2376 2404 2414 2424 2434 
1641155410.889733 2434 2436 2441 2457 2462 2473 2481 2500 2551 2564 2597 2614 2676 2677 2697 
1641155411.365201 ### RSSI: -70, 22, 1640049907 ,4189 
1641155411.881679 ### DEBUG: Ticks: 4197, 16, 1 
1641155411.881886 1640049907 c0:98:e5:42:00:29 2667 
1641155411.882015 2269 2280 2294 2311 2313 2313 2315 2332 2346 2346 2353 2358 2363 2377 2388 
1641155411.882140 2414 2419 2428 2430 2447 2473 2477 2487 2492 2504 2506 2519 2576 2669 2670 
1641155412.364115 ### RSSI: -74, 2, 1640049908 ,4205 
1641155412.881919 ### DEBUG: Ticks: 4213, 16, 1 
1641155412.884740 1640049908 c0:98:e5:42:00:29 2468 
1641155412.888900 1964 1969 1993 1994 2005 2011 2017 2019 2027 2036 2041 2045 2046 2049 2054 
1641155412.891087 2065 2116 2121 2126 2136 2150 2160 2165 2178 2183 2219 2236 2246 2312 3007 
1641155413.371619 ### RSSI: -65, 12, 1640049909 ,4220 
1641155413.877941 ### DEBUG: Ticks: 4228, 15, 1 
1641155413.878219 1640049909 c0:98:e5:42:00:29 2762 
1641155413.889319 2317 2317 2347 2354 2355 2356 2358 2359 2362 2364 2365 2372 2374 2378 2378 
1641155413.889625 2379 2382 2384 2385 2386 2392 2409 2462 2466 2526 2535 2547 2551 2574 3160 
1641155414.364817 ### RSSI: -66, 4, 1640049910 ,4236 
1641155414.881778 ### DEBUG: Ticks: 4244, 16, 1 
1641155414.882014 1640049910 c0:98:e5:42:00:29 3368 
1641155414.882169 3040 3043 3051 3059 3060 3064 3066 3071 3072 3084 3090 3091 3096 3102 3106 
1641155414.882481 3112 3113 3114 3120 3121 3133 3159 3199 3230 3308 3412 3419 3458 3742 4253 
1641155415.879446 ### DEBUG: Ticks: 4259, 15, 1 
1641155416.881045 1640049911 ### DEBUG: Ticks: 4275, 16, 1 
1641155417.881039 1640049912 ### DEBUG: Ticks: 4291, 16, 1 
1641155418.465057 1640049913 ### BLE EVENT: 17, INFO: BLE DISCONNECTED!
1641155418.882348 ### DEBUG: Ticks: 4306, 15, 0 
1641155419.882469 1640049914 ### DEBUG: Ticks: 4322, 16, 0 
1641155419.893688 1640049915 ### INFO: SquarePoint communications appear to be down...restarting
1641155419.893943 ### INFO: Switched Scheduler EUI from c0:98:e5:42:00:2c to 00:00:00:00:00:00
1641155420.157217 ### INFO: SD card flushed!
1641155420.157386 ### STOPPED, setting module to STOPPED
1641155420.157495 ### DEBUG: BLE START SCANNING called
1641155421.271469 ### DEBUG: BLE START SCANNING called
1641155421.309808 ### addr: c0:98:e5:42:00:29 
1641155421.310049 ### on_adv_report outer RSSI: -80, time:1640049916 
1641155421.310171 ### INFO: Discovered new device: c0:98:e5:42:00:29
1641155421.310301 ### INFO: Starting the SquarePoint module...
1641155421.310427 ### INFO: Starting SquarePoint module as SCHEDULER with timestamp 1640049916
1641155421.310554 ### DEBUG: BLE STOP SCANNING called
1641155421.310687 ### INFO: SquarePoint module successfully started!
1641155421.430319 ### DEBUG: Ticks: 4346, 24, 0 
1641155421.433250 1640049917 ### INFO: Switched Scheduler EUI from 00:00:00:00:00:00 to c0:98:e5:42:00:2c
1641155422.434546 ### DEBUG: Ticks: 4362, 16, 0 
1641155423.530759 1640049918 ### DEBUG: Ticks: 4379, 17, 0 
1641155423.531051 1640049919 c0:98:e5:42:00:29 4225 
1641155423.531245 4109 4121 4124 4153 4169 4172 4184 4188 4196 4197 4206 4219 4221 4221 4224 
1641155423.531432 4226 4226 4227 4228 4229 4236 4239 4247 4248 4258 4272 4296 4298 4305 4429 
1641155424.530116 ### DEBUG: Ticks: 4395, 16, 0 
1641155424.530415 1640049920 c0:98:e5:42:00:29 5104 
1641155424.530598 4635 4642 4690 4698 4704 4704 4721 4725 4744 4744 4748 4755 4764 4769 4774 
1641155424.530757 4776 4776 4780 4789 4793 4794 4795 4798 4814 4815 4820 4866 4872 4888 4892 
1641155425.537353 ### DEBUG: Ticks: 4410, 15, 0 
1641155425.537562 1640049921 c0:98:e5:42:00:29 5286 
1641155425.537692 4829 4841 4848 4854 4855 4870 4878 4881 4897 4901 4914 4919 4927 4932 4933 
1641155425.537814 4933 4934 4950 4964 4969 4970 4973 4973 4976 4989 5000 5046 5059 5104 5109 
1641155426.532492 ### DEBUG: Ticks: 4426, 16, 0 
1641155426.532697 1640049922 c0:98:e5:42:00:29 5334 
1641155426.532826 4929 4942 4964 4970 4983 5001 5015 5016 5022 5025 5027 5030 5033 5036 5040 
1641155426.532950 5046 5053 5054 5066 5068 5070 5078 5083 5090 5131 5133 5157 5202 5271 5311 
1641155427.528062 ### DEBUG: Ticks: 4441, 15, 0 
1641155427.528277 1640049923 c0:98:e5:42:00:29 5248 
1641155427.528396 4808 4852 4854 4857 4860 4863 4864 4879 4884 4890 4895 4896 4898 4909 4918 
1641155427.528598 4919 4924 4943 4948 4953 4955 4958 4961 4961 4963 4968 4988 5027 5045 5064 
1641155428.530461 ### DEBUG: Ticks: 4457, 16, 0 
1641155428.530691 1640049924 c0:98:e5:42:00:29 4999 
1641155428.530827 4528 4575 4579 4585 4598 4614 4619 4623 4626 4632 4637 4648 4661 4663 4665 
1641155428.530968 4671 4678 4691 4693 4701 4706 4706 4713 4735 4738 4756 4759 4774 4783 4788 
1641155429.534629 ### DEBUG: Ticks: 4473, 16, 0 
1641155429.534849 1640049925 c0:98:e5:42:00:29 4559 
1641155429.534996 4145 4164 4170 4174 4175 4177 4181 4191 4195 4204 4207 4213 4230 4231 4235 
1641155429.535152 4240 4254 4256 4285 4286 4294 4303 4317 4321 4321 4346 4358 4364 4371 4372 
1641155430.527202 ### DEBUG: Ticks: 4488, 15, 0 
1641155430.527373 1640049926 c0:98:e5:42:00:29 3985 
1641155430.527481 3569 3582 3585 3601 3604 3604 3610 3621 3625 3631 3632 3640 3643 3646 3657 
1641155430.540213 3659 3670 3680 3685 3703 3714 3720 3729 3731 3732 3766 3768 3775 3795 3807 
1641155431.529119 ### DEBUG: Ticks: 4504, 16, 0 
1641155431.529632 1640049927 c0:98:e5:42:00:29 3253 
1641155431.529809 2760 2803 2806 2813 2821 2826 2827 2835 2837 2837 2844 2846 2853 2854 2854 
1641155431.529953 2861 2864 2871 2898 2903 2909 2915 2918 2927 2935 2947 2958 2979 3029 3038 
1641155432.536745 ### DEBUG: Ticks: 4520, 16, 0 
1641155432.536973 1640049928 c0:98:e5:42:00:29 3210 
1641155432.537113 2779 2830 2836 2838 2856 2856 2858 2859 2863 2863 2863 2885 2894 2896 2899 
1641155432.537239 2905 2908 2915 2925 2933 2936 2938 2947 2959 2964 2968 2978 2983 2993 3053 
1641155433.534900 ### DEBUG: Ticks: 4535, 15, 0 
1641155433.535607 1640049929 c0:98:e5:42:00:29 3151 
1641155433.535844 2755 2767 2768 2774 2776 2786 2791 2794 2798 2807 2808 2810 2814 2821 2834 
1641155433.536103 2834 2836 2841 2847 2850 2855 2865 2875 2880 2925 2927 2962 2976 2980 2991 
1641155434.531576 ### DEBUG: Ticks: 4551, 16, 0 
1641155435.527231 1640049930 ### DEBUG: Ticks: 4566, 15, 0 
1641155436.529940 1640049931 ### DEBUG: Ticks: 4582, 16, 0 
1641155437.527623 1640049932 ### DEBUG: Ticks: 4598, 16, 0 
1641155438.524364 1640049933 ### DEBUG: Ticks: 4613, 15, 0 
1641155438.644802 1640049934 ### STOPPED, setting module to STOPPED
1641155438.645055 ### INFO: Switched Scheduler EUI from c0:98:e5:42:00:2c to 00:00:00:00:00:00
1641155438.847202 ### INFO: SD card flushed!
1641155438.848518 ### DEBUG: BLE START SCANNING called
1641155439.980060 ### DEBUG: BLE START SCANNING called
1641155440.001303 ### DEBUG: BLE START SCANNING called
1641155440.001522 ### DEBUG: BLE START SCANNING called
1641155441.026073 ### addr: c0:98:e5:42:00:29 
1641155441.026301 ### on_adv_report outer RSSI: -60, time:1640049937 
1641155441.037767 ### INFO: Discovered new device: c0:98:e5:42:00:29
1641155441.037936 ### INFO: Starting the SquarePoint module...
1641155441.038034 ### INFO: Starting SquarePoint module as SCHEDULER with timestamp 1640049937
1641155441.038122 ### DEBUG: BLE STOP SCANNING called
1641155441.038216 ### INFO: SquarePoint module successfully started!
1641155441.160333 ### DEBUG: Ticks: 4654, 41, 0 
1641155441.160624 1640049938 ### INFO: Switched Scheduler EUI from 00:00:00:00:00:00 to c0:98:e5:42:00:2c
1641155442.166619 ### DEBUG: Ticks: 4670, 16, 0 
1641155443.255979 1640049939 ### DEBUG: Ticks: 4687, 17, 0 
1641155443.256189 1640049940 c0:98:e5:42:00:29 2191 
1641155443.256320 2083 2108 2118 2119 2123 2123 2127 2140 2150 2150 2154 2160 2183 2185 2188 
1641155443.256462 2195 2204 2205 2205 2206 2209 2218 2225 2226 2235 2236 2238 2252 2297 2351 
1641155444.265479 ### DEBUG: Ticks: 4703, 16, 0 
1641155444.266729 1640049941 c0:98:e5:42:00:29 2529 
1641155444.268924 2046 2049 2070 2071 2073 2087 2089 2091 2097 2102 2109 2116 2118 2119 2121 
1641155444.269555 2123 2155 2165 2167 2171 2173 2175 2179 2184 2187 2188 2204 2220 2243 2258 
1641155445.262419 ### DEBUG: Ticks: 4718, 15, 0 
1641155445.263745 1640049942 c0:98:e5:42:00:29 2601 
1641155445.266313 2129 2148 2156 2157 2160 2178 2196 2197 2203 2205 2210 2214 2220 2220 2228 
1641155445.266528 2230 2247 2255 2265 2267 2274 2283 2292 2293 2308 2310 2313 2321 2321 2355 
1641155446.256448 ### DEBUG: Ticks: 4734, 16, 0 
1641155446.257706 1640049943 c0:98:e5:42:00:29 2626 
1641155446.257890 2211 2222 2228 2242 2242 2258 2260 2263 2272 2283 2289 2292 2296 2296 2301 
1641155446.268305 2309 2309 2316 2322 2327 2332 2332 2338 2353 2360 2362 2377 2397 2406 2419 
1641155446.887778 ### INFO: Battery voltage currently 4247 mV
1641155447.256871 ### DEBUG: Ticks: 4750, 16, 0 
1641155447.257151 1640049944 c0:98:e5:42:00:29 2400 
1641155447.257341 1893 1906 1915 1928 1939 1940 1941 1946 1947 1950 1959 1959 1965 1971 1981 
1641155447.257957 1983 1985 1990 1998 2005 2009 2018 2019 2053 2067 2139 2149 2156 2162 2182 
1641155448.263796 ### DEBUG: Ticks: 4765, 15, 0 
1641155448.263984 1640049945 c0:98:e5:42:00:29 2080 
1641155448.264164 1555 1586 1602 1606 1607 1611 1620 1624 1628 1638 1641 1650 1651 1653 1653 
1641155448.264441 1654 1654 1671 1679 1682 1684 1685 1724 1731 1748 1766 1798 1801 1833 1850 
1641155449.261643 ### DEBUG: Ticks: 4781, 16, 0 
1641155449.261937 1640049946 c0:98:e5:42:00:29 1524 
1641155449.262150 1018 1027 1040 1043 1045 1049 1053 1061 1071 1071 1083 1084 1085 1096 1101 
1641155449.262337 1103 1103 1109 1118 1124 1158 1168 1176 1177 1215 1227 1258 1264 1327 1419 
1641155450.256106 ### DEBUG: Ticks: 4797, 16, 0 
1641155450.256389 1640049947 c0:98:e5:42:00:29 1212 
1641155450.256546 806 809 827 848 850 851 856 865 868 883 885 886 886 889 901 
1641155450.256726 908 913 924 926 930 939 940 967 1053 1056 1056 1104 1132 1141 1154 
1641155451.262013 ### DEBUG: Ticks: 4812, 15, 0 
1641155451.262196 1640049948 c0:98:e5:42:00:29 1088 
1641155451.262305 623 644 663 672 676 692 699 712 714 721 726 732 739 742 747 
1641155451.262408 750 750 757 769 771 776 791 792 845 871 949 965 977 1021 1023 
1641155452.256716 ### DEBUG: Ticks: 4828, 16, 0 
1641155452.256923 1640049949 c0:98:e5:42:00:29 1091 
1641155452.257061 666 669 684 684 689 691 695 702 706 707 712 718 718 718 720 
1641155452.257189 720 722 725 743 746 755 763 771 786 831 834 908 993 1002 1050 
1641155453.260487 ### ERROR: Failed reading SquarePoint packet length
1641155455.261615 ### DEBUG: Ticks: 4875, 47, 0 
1641155455.261742 1640049952 c0:98:e5:42:00:29 896 
1641155455.261808 508 513 529 539 540 542 542 542 543 558 559 564 569 571 577 
1641155455.261884 603 612 616 625 630 637 659 661 667 689 696 698 708 714 741 
1641155456.257021 ### DEBUG: Ticks: 4890, 15, 0 
1641155456.258919 1640049953 c0:98:e5:42:00:29 837 
1641155456.269411 379 422 429 431 434 440 445 462 462 466 470 472 477 478 479 
1641155456.270153 481 482 483 483 496 507 542 543 564 564 569 576 577 579 593 
1641155456.628614 ### INFO: Device is now STATIONARY
1641155457.262000 ### DEBUG: Ticks: 4906, 16, 0 
1641155457.262208 1640049954 c0:98:e5:42:00:29 740 
1641155457.262449 309 333 355 359 363 367 368 371 372 381 386 388 388 401 401 
1641155457.262700 403 409 410 422 422 427 433 442 461 479 488 503 517 549 586 
1641155458.259451 ### DEBUG: Ticks: 4921, 15, 0 
1641155458.259699 1640049955 c0:98:e5:42:00:29 454 
1641155458.259809 51 72 87 107 111 120 125 132 135 139 145 149 150 160 164 
1641155458.260008 182 183 183 184 194 201 220 220 232 236 274 274 277 307 330 
1641155459.262558 ### DEBUG: Ticks: 4937, 16, 0 
1641155459.262786 1640049956 c0:98:e5:42:00:29 384 
1641155459.262934 -4 3 24 33 34 38 41 41 55 62 68 76 77 82 86 
1641155459.263114 89 90 91 112 116 117 126 128 148 156 158 169 237 272 276 
1641155460.263418 ### DEBUG: Ticks: 4953, 16, 0 
1641155460.263598 1640049957 c0:98:e5:42:00:29 324 
1641155460.263659 -199 -179 -159 -155 -154 -150 -150 -149 -140 -139 -130 -125 -117 -105 -103 
1641155460.263729 -82 -81 -79 -78 -75 -65 -64 -59 -52 -45 -21 7 10 94 157 
1641155465.258039 ### DEBUG: Ticks: 5031, 78, 0 
1641155465.356070 1640049962 ### STOPPED, setting module to STOPPED
1641155465.356305 ### INFO: Switched Scheduler EUI from c0:98:e5:42:00:2c to 00:00:00:00:00:00
1641155465.609831 ### INFO: SD card flushed!
1641155465.610132 ### DEBUG: BLE START SCANNING called
1641155466.726034 ### DEBUG: BLE START SCANNING called
1641155466.726219 ### addr: c0:98:e5:42:00:29 
1641155466.726317 ### on_adv_report outer RSSI: -49, time:1640049963 
1641155466.726437 ### INFO: Discovered new device: c0:98:e5:42:00:29
1641155466.726533 ### INFO: Starting the SquarePoint module...
1641155466.726635 ### INFO: Starting SquarePoint module as SCHEDULER with timestamp 1640049963
1641155466.726732 ### DEBUG: BLE STOP SCANNING called
1641155466.726832 ### INFO: SquarePoint module successfully started!
1641155466.851426 ### DEBUG: Ticks: 5056, 25, 0 
1641155466.851799 1640049964 ### INFO: Switched Scheduler EUI from 00:00:00:00:00:00 to c0:98:e5:42:00:2c
1641155467.960545 ### DEBUG: Ticks: 5073, 17, 0 
1641155467.960730 1640049965 c0:98:e5:42:00:29 0 
1641155467.960809 -257 -252 -244 -241 -240 -239 -226 -218 -216 -204 -203 -201 -198 -194 -193 
1641155467.960884 -188 -184 -181 -180 -174 -173 -158 -150 -137 -117 -112 -27 -20 -17 64 
