1641070117.590767 ###RTT Client: ************************************************************ 
1641070117.590929 ###RTT Client: *               SEGGER Microcontroller GmbH                * 
1641070117.590974 ###RTT Client: *   Solutions for real time microcontroller applications   * 
1641070117.591017 ###RTT Client: ************************************************************ 
1641070117.591058 ###RTT Client: *                                                          * 
1641070117.591100 ###RTT Client: *       (c) 2012 - 2016  SEGGER Microcontroller GmbH       * 
1641070117.591142 ###RTT Client: *                                                          * 
1641070117.591184 ###RTT Client: *     www.segger.com     Support: support@segger.com       * 
1641070117.591226 ###RTT Client: *                                                          * 
1641070117.591269 ###RTT Client: ************************************************************ 
1641070117.591318 ###RTT Client: *                                                          * 
1641070117.591367 ###RTT Client: * SEGGER J-Link RTT Client   Compiled Jan 30 2018 18:46:58 * 
1641070117.591409 ###RTT Client: *                                                          * 
1641070117.591455 ###RTT Client: ************************************************************ 
1641070117.591498 
1641070117.591574 ###RTT Client: -----------------------------------------------
1641070117.591614 ###RTT Client: Connecting to J-Link RTT Server via localhost:9201  Connected.
1641070117.591656 SEGGER J-Link V6.30 - Real time terminal output
1641070117.591696 J-Link EDU Mini V1 compiled Oct  2 2020 17:00:40 V1.0, SN=801021851
1641070117.591842 Process: JLinkExe
1641070117.591881 ### RSSI: -52, 35, 1640049765 ,106 
1641070117.591920 ### DEBUG: BLE START SCANNING called
1641070117.591965 ### DEBUG: BLE START SCANNING called
1641070117.592008 ### RSSI: -47, 2, 1640049765 ,107 
1641070117.592092 ### DEBUG: BLE START SCANNING called
1641070117.592135 ### RSSI: -48, 24, 1640049765 ,109 
1641070117.592229 ### DEBUG: BLE START SCANNING called
1641070117.592273 ### RSSI: -46, 16, 1640049765 ,110 
1641070117.592316 ### DEBUG: BLE START SCANNING called
1641070117.592360 ### RSSI: -48, 2, 1640049765 ,112 
1641070117.592405 ### DEBUG: BLE START SCANNING called
1641070117.592449 ### RSSI: -54, 32, 1640049765 ,114 
1641070117.592492 ### DEBUG: BLE START SCANNING called
1641070117.592579 ### RSSI: -54, 33, 1640049765 ,115 
1641070117.592622 ### DEBUG: BLE START SCANNING called
1641070117.592666 ### DEBUG: Ticks: 117, 16, 1 
1641070117.592710 1640049765 c0:98:e5:42:00:29 252 
1641070117.592753 -316 -297 -280 -278 -277 -277 -275 -268 -268 -266 -257 -251 -234 -230 -223 
1641070117.592797 -220 -214 -212 -191 -183 -183 -180 -180 -175 -167 -151 -115 -90 -88 -10 
1641070117.592841 ### DEBUG: BLE START SCANNING called
1641070117.592884 ### RSSI: -49, 25, 1640049765 ,117 
1641070117.592928 ### DEBUG: BLE START SCANNING called
1641070117.593011 ### RSSI: -46, 16, 1640049765 ,118 
1641070117.593055 ### DEBUG: BLE START SCANNING called
1641070117.593099 ### DEBUG: BLE START SCANNING called
1641070117.593142 ### ERROR: Failed reading SquarePoint packet length
1641070117.593185 ### DEBUG: BLE START SCANNING called
1641070117.593229 ### RSSI: -46, 11, 1640049766 ,134 
1641070117.593272 ### DEBUG: BLE START SCANNING called
1641070117.593315 ### DEBUG: BLE START SCANNING called
1641070117.593358 ### RSSI: -47, 13, 1640049768 ,150 
1641070117.593427 ### DEBUG: BLE START SCANNING called
1641070117.593472 ### DEBUG: Ticks: 163, 46, 1 
1641070117.593511 1640049768 c0:98:e5:42:00:29 304 
1641070117.593551 -349 -327 -326 -321 -318 -307 -306 -303 -295 -289 -277 -274 -272 -266 -265 
1641070117.593590 -262 -254 -248 -247 -236 -229 -224 -213 -211 -208 -198 -191 -185 -139 -60 
1641070117.593634 ### RSSI: -50, 22, 1640049769 ,165 
1641070117.593673 ### DEBUG: Ticks: 179, 16, 1 
1641070117.593712 1640049769 c0:98:e5:42:00:29 283 
1641070117.593751 -406 -359 -352 -346 -346 -337 -326 -319 -318 -318 -317 -309 -306 -299 -294 
1641070117.593794 -291 -271 -251 -246 -237 -231 -230 -208 -196 -195 -193 -178 -169 -167 -84 
1641070117.593885 ### RSSI: -48, 7, 1640049770 ,181 
1641070117.593925 ### DEBUG: Ticks: 195, 16, 1 
1641070117.593965 1640049770 c0:98:e5:42:00:29 257 
1641070117.594004 -250 -240 -222 -218 -208 -194 -193 -189 -186 -168 -163 -160 -160 -155 -142 
1641070117.594044 -139 -133 -130 -126 -101 -80 -72 -71 -64 -64 -47 -27 -9 -2 53 
1641070117.594084 ### RSSI: -51, 33, 1640049770 ,196 
1641070117.594128 ### DEBUG: Ticks: 210, 15, 1 
1641070117.594167 1640049771 c0:98:e5:42:00:29 237 
1641070117.594210 -374 -372 -340 -337 -334 -330 -329 -311 -309 -309 -304 -303 -295 -273 -269 
1641070117.594250 -268 -263 -261 -260 -247 -242 -237 -230 -227 -219 -216 -186 -152 -123 -61 
1641070117.594366 ### RSSI: -50, 27, 1640049771 ,212 
1641070117.594411 ### DEBUG: Ticks: 226, 16, 1 
1641070117.594450 1640049772 c0:98:e5:42:00:29 236 
1641070117.594490 -272 -226 -224 -208 -195 -194 -194 -190 -188 -181 -172 -164 -159 -135 -132 
1641070117.594529 -124 -117 -114 -112 -107 -100 -97 -81 -76 -72 -27 -25 -20 4 61 
1641070117.594568 ### RSSI: -47, 9, 1640049772 ,228 
1641070117.594612 ### DEBUG: Ticks: 241, 15, 1 
1641070117.594651 1640049773 c0:98:e5:42:00:29 261 
1641070117.594691 -287 -280 -252 -238 -233 -228 -228 -226 -204 -204 -203 -192 -188 -183 -174 
1641070117.594730 -174 -172 -163 -150 -131 -126 -121 -111 -108 -85 -77 -67 -48 -22 61 
1641070117.594776 ### RSSI: -49, 24, 1640049773 ,243 
1641070117.594815 ### DEBUG: Ticks: 257, 16, 1 
1641070117.594859 1640049774 c0:98:e5:42:00:29 313 
1641070117.594898 -295 -258 -240 -235 -230 -229 -214 -211 -211 -207 -201 -190 -181 -172 -170 
1641070117.594937 -156 -151 -149 -147 -144 -141 -140 -138 -127 -123 -114 -96 -59 -28 33 
1641070117.594976 ### RSSI: -47, 11, 1640049774 ,259 
1641070117.595021 ### DEBUG: Ticks: 273, 16, 1 
1641070117.595064 1640049775 c0:98:e5:42:00:29 279 
1641070117.595109 -319 -294 -285 -274 -260 -249 -246 -245 -242 -241 -231 -219 -212 -211 -200 
1641070117.595148 -196 -194 -189 -185 -176 -173 -167 -166 -144 -126 -118 -113 -106 -90 -29 
1641070117.595192 ### RSSI: -48, 6, 1640049775 ,274 
1641070117.595231 ### DEBUG: Ticks: 288, 15, 1 
1641070117.595331 1640049776 c0:98:e5:42:00:29 265 
1641070117.595376 -163 -155 -149 -140 -117 -116 -105 -94 -88 -87 -75 -69 -68 -52 -51 
1641070117.595416 -44 -35 -33 -30 -26 -22 -21 -14 -10 0 8 16 18 71 192 
1641070117.595460 ### ERROR: Failed reading SquarePoint packet length
1641070117.595499 ### DEBUG: Ticks: 335, 47, 1 
1641070117.595552 1640049779 c0:98:e5:42:00:29 255 
1641070117.595592 -221 -200 -190 -171 -165 -165 -151 -135 -117 -115 -112 -111 -108 -103 -92 
1641070117.595636 -91 -84 -84 -71 -68 -49 -39 -33 -26 -14 -10 -2 23 40 96 
1641070117.595676 ### BLE EVENT: 17, INFO: BLE DISCONNECTED!
1641070117.595720 ### BLE EVENT: 16, INFO: BLE CONNECTED!
1641070117.595759 ### RSSI: -47, 12, 1640049779 ,344 
1641070117.595849 ### RSSI: -51, 35, 1640049780 ,346 
1641070117.595888 ### RSSI: -52, 35, 1640049780 ,347 
1641070117.595933 ### RSSI: -50, 14, 1640049780 ,349 
1641070117.595972 ### RSSI: -47, 12, 1640049780 ,350 
1641070117.596016 ### DEBUG: Ticks: 351, 16, 0 
1641070117.596055 1640049780 c0:98:e5:42:00:29 268 
1641070117.596100 -374 -351 -346 -345 -328 -324 -312 -291 -281 -276 -272 -258 -258 -256 -255 
1641070117.596139 -246 -242 -241 -236 -212 -205 -192 -164 -159 -158 -151 -146 -142 -133 -55 
1641070117.596182 ### RSSI: -50, 29, 1640049780 ,352 
1641070117.596221 ### RSSI: -48, 7, 1640049780 ,353 
1641070117.596294 ### RSSI: -51, 33, 1640049780 ,355 
1641070117.596333 ### RSSI: -47, 15, 1640049780 ,357 
1641070117.596377 ### RSSI: -50, 30, 1640049780 ,358 
1641070117.596446 ### RSSI: -52, 35, 1640049781 ,360 
1641070117.596485 ### RSSI: -46, 19, 1640049781 ,361 
1641070117.596528 ### RSSI: -48, 5, 1640049781 ,363 
1641070117.596567 ### RSSI: -57, 35, 1640049781 ,364 
1641070117.596611 ### RSSI: -47, 14, 1640049781 ,366 
1641070117.596650 ### DEBUG: Ticks: 366, 15, 0 
1641070117.596694 1640049781 c0:98:e5:42:00:29 271 
1641070117.596733 -433 -417 -385 -382 -377 -377 -368 -359 -349 -343 -324 -315 -315 -303 -296 
1641070117.596777 -296 -291 -289 -279 -269 -266 -262 -253 -246 -245 -236 -223 -221 -188 -90 
1641070117.596816 ### RSSI: -48, 6, 1640049781 ,367 
1641070117.596855 ### RSSI: -51, 28, 1640049781 ,369 
1641070117.596895 ### DEBUG: Ticks: 382, 16, 0 
1641070117.596983 1640049782 c0:98:e5:42:00:29 231 
1641070117.597029 -262 -257 -245 -224 -192 -187 -186 -175 -160 -159 -159 -156 -142 -133 -132 
1641070117.597068 -132 -128 -120 -105 -98 -85 -72 -71 -58 -52 -44 -17 -15 -10 114 
1641070117.597114 ### RSSI: -46, 1, 1640049782 ,385 
1641070117.597153 ### DEBUG: Ticks: 398, 16, 0 
1641070117.597198 1640049783 c0:98:e5:42:00:29 282 
1641070117.597237 -276 -265 -256 -253 -248 -238 -209 -201 -195 -190 -179 -176 -170 -169 -166 
1641070117.597391 -165 -161 -143 -126 -104 -98 -93 -75 -75 -43 -23 -20 -14 -11 54 
1641070117.597434 ### RSSI: -47, 17, 1640049783 ,400 
1641070117.597477 ### DEBUG: Ticks: 413, 15, 0 
1641070117.597516 1640049784 c0:98:e5:42:00:29 315 
1641070117.597561 -276 -250 -226 -212 -199 -183 -171 -169 -166 -163 -161 -158 -153 -151 -146 
1641070117.597600 -132 -127 -122 -120 -107 -89 -68 -45 -34 -20 -15 -11 -2 49 68 
1641070117.597644 ### RSSI: -47, 21, 1640049784 ,416 
1641070117.597684 ### DEBUG: Ticks: 429, 16, 0 
1641070117.597728 1640049785 c0:98:e5:42:00:29 277 
1641070117.597768 -290 -275 -272 -245 -233 -232 -229 -219 -215 -209 -208 -201 -200 -195 -192 
1641070117.597812 -186 -162 -160 -158 -152 -131 -123 -122 -107 -102 -87 -84 -82 -75 -12 
1641070117.597851 ### RSSI: -47, 17, 1640049785 ,432 
1641070117.597891 ### DEBUG: Ticks: 445, 16, 0 
1641070117.597930 1640049786 c0:98:e5:42:00:29 290 
1641070117.597974 -337 -335 -315 -313 -308 -306 -297 -285 -281 -274 -265 -257 -253 -251 -245 
1641070117.598014 -230 -220 -212 -201 -198 -194 -184 -178 -175 -164 -161 -149 -135 -46 -36 
1641070117.598053 ### RSSI: -50, 28, 1640049786 ,447 
1641070117.598136 ### DEBUG: Ticks: 460, 15, 0 
1641070117.598176 1640049787 c0:98:e5:42:00:29 273 
1641070117.598216 -448 -397 -377 -375 -374 -366 -363 -357 -355 -355 -342 -341 -336 -335 -335 
1641070117.598384 -332 -323 -320 -283 -281 -281 -261 -259 -252 -235 -233 -230 -224 -214 -147 
1641070117.598425 ### RSSI: -47, 1, 1640049787 ,463 
1641070117.598469 ### ERROR: Failed reading SquarePoint packet length
1641070117.598509 ### RSSI: -49, 25, 1640049788 ,478 
1641070117.598553 ### RSSI: -51, 31, 1640049789 ,494 
1641070117.598593 ### DEBUG: Ticks: 507, 47, 0 
1641070117.598637 1640049790 c0:98:e5:42:00:29 271 
1641070117.598678 -355 -322 -284 -279 -272 -271 -267 -264 -263 -254 -245 -244 -244 -241 -238 
1641070117.598722 -234 -228 -219 -202 -196 -178 -172 -170 -162 -142 -138 -116 -98 -80 16 
1641070117.598762 ### RSSI: -47, 21, 1640049791 ,510 
1641070117.598805 ### DEBUG: Ticks: 523, 16, 0 
1641070117.598845 1640049791 c0:98:e5:42:00:29 283 
1641070117.598889 -299 -287 -275 -274 -272 -270 -266 -266 -250 -241 -237 -234 -229 -224 -218 
1641070117.598929 -216 -209 -208 -197 -194 -177 -164 -161 -151 -150 -144 -138 -115 -41 -39 
1641070117.598988 ### RSSI: -48, 24, 1640049792 ,525 
1641070117.599034 ### DEBUG: Ticks: 538, 15, 0 
1641070117.599074 1640049792 c0:98:e5:42:00:29 303 
1641070117.599118 -377 -368 -359 -353 -352 -350 -350 -332 -330 -328 -327 -326 -318 -301 -300 
1641070117.599157 -300 -294 -292 -284 -270 -268 -254 -251 -240 -215 -207 -206 -179 -172 -48 
1641070117.599197 ### RSSI: -49, 25, 1640049793 ,541 
1641070117.599236 ### DEBUG: Ticks: 554, 16, 0 
1641070117.599283 1640049793 c0:98:e5:42:00:29 280 
1641070117.599322 -533 -515 -506 -494 -488 -486 -476 -465 -462 -460 -459 -451 -445 -442 -441 
1641070117.599367 -436 -430 -414 -411 -411 -409 -387 -381 -381 -363 -351 -326 -316 -237 -197 
1641070117.599612 ### RSSI: -46, 2, 1640049794 ,556 
1641070117.599655 ### DEBUG: Ticks: 569, 15, 0 
1641070117.599694 1640049794 c0:98:e5:42:00:29 261 
1641070117.599876 -405 -393 -392 -390 -387 -381 -370 -368 -367 -361 -354 -350 -342 -333 -332 
1641070117.599930 -325 -324 -316 -303 -294 -294 -274 -268 -246 -223 -209 -204 -164 -158 -116 
1641070117.599974 ### RSSI: -48, 9, 1640049795 ,572 
1641070117.600084 ### DEBUG: Ticks: 585, 16, 0 
1641070117.600130 1640049795 c0:98:e5:42:00:29 299 
1641070117.600174 -288 -267 -247 -245 -237 -234 -227 -227 -225 -225 -217 -217 -181 -175 -162 
1641070117.600217 -158 -153 -151 -144 -129 -125 -115 -103 -101 -93 -93 -90 -77 -31 14 
1641070117.600322 ### RSSI: -48, 1, 1640049795 ,588 
1641070117.600404 ### DEBUG: Ticks: 601, 16, 0 
1641070117.600450 1640049796 c0:98:e5:42:00:29 285 
1641070117.600489 -362 -344 -344 -317 -315 -308 -297 -289 -285 -281 -276 -273 -266 -260 -259 
1641070117.600533 -255 -249 -242 -238 -232 -211 -196 -177 -171 -163 -162 -152 -133 -131 -19 
1641070117.600573 ### RSSI: -47, 9, 1640049796 ,603 
1641070117.600618 ### DEBUG: Ticks: 616, 15, 0 
1641070117.600657 1640049797 c0:98:e5:42:00:29 261 
1641070117.600697 -233 -214 -205 -198 -180 -170 -168 -163 -163 -153 -152 -149 -136 -132 -127 
1641070117.600736 -121 -97 -93 -90 -82 -74 -70 -63 -47 -47 -40 -21 -7 7 69 
1641070117.600849 ### RSSI: -50, 31, 1640049797 ,619 
1641070117.600896 ### DEBUG: Ticks: 632, 16, 0 
1641070117.600936 1640049798 c0:98:e5:42:00:29 297 
1641070117.600975 -184 -181 -181 -177 -151 -149 -149 -137 -137 -135 -130 -111 -111 -90 -88 
1641070117.601014 -88 -67 -57 -46 -43 -27 -25 -22 -22 -15 3 45 52 104 115 
1641070117.601058 ### RSSI: -48, 7, 1640049798 ,635 
1641070117.601147 ### ERROR: Failed reading SquarePoint packet length
1641070117.601186 ### RSSI: -48, 5, 1640049799 ,650 
1641070117.601230 ### RSSI: -47, 13, 1640049800 ,666 
1641070117.601270 ### DEBUG: Ticks: 679, 47, 0 
1641070117.601314 1640049801 c0:98:e5:42:00:29 280 
1641070117.601353 -292 -288 -270 -253 -251 -242 -238 -236 -236 -231 -223 -223 -217 -214 -192 
1641070117.601397 -191 -189 -175 -168 -165 -154 -128 -121 -115 -112 -82 -80 -79 -69 13 
1641070117.601436 ### RSSI: -48, 23, 1640049801 ,681 
1641070117.601475 ### RSSI: -49, 32, 1640049802 ,697 
1641070117.601514 ### INFO: SD card flushed!
1641070117.601559 ### DEBUG: Ticks: 709, 30, 0 
1641070117.601598 1640049802 c0:98:e5:42:00:29 241 
1641070117.601642 -269 -234 -215 -209 -190 -185 -181 -179 -178 -176 -174 -168 -164 -160 -157 
1641070117.601723 -145 -127 -126 -125 -123 -123 -100 -96 -83 -59 -46 -43 -38 -12 60 
1641070117.601768 ### DEBUG: Ticks: 710, 1, 0 
1641070117.601807 1640049803 c0:98:e5:42:00:29 238 
1641070117.601846 -256 -255 -232 -227 -215 -214 -202 -198 -173 -170 -164 -153 -149 -148 -136 
1641070117.601885 -132 -129 -127 -122 -103 -102 -96 -96 -90 -69 -67 -47 -34 18 0 
1641070117.601924 ### RSSI: -50, 24, 1640049803 ,713 
1641070117.601963 ### DEBUG: Ticks: 726, 16, 0 
1641070117.602008 1640049804 c0:98:e5:42:00:29 252 
1641070117.602080 -167 -150 -137 -127 -116 -109 -90 -89 -89 -87 -85 -72 -71 -54 -46 
1641070117.602119 -22 -21 -14 -14 -12 -6 1 4 6 8 12 28 71 72 104 
1641070117.602164 ### RSSI: -47, 19, 1640049804 ,728 
1641070117.602203 ### DEBUG: Ticks: 741, 15, 0 
1641070117.602272 1640049805 c0:98:e5:42:00:29 273 
1641070117.602311 -365 -359 -354 -349 -325 -322 -318 -313 -312 -305 -300 -287 -284 -282 -269 
1641070117.602355 -268 -261 -244 -241 -231 -225 -206 -201 -199 -183 -180 -174 -145 -100 -22 
1641070117.602394 ### RSSI: -48, 1, 1640049805 ,744 
1641070117.602439 ### DEBUG: Ticks: 757, 16, 0 
1641070117.602478 1640049806 c0:98:e5:42:00:29 273 
1641070117.602522 -262 -258 -226 -213 -211 -208 -200 -200 -194 -187 -187 -167 -165 -152 -138 
1641070117.602561 -133 -128 -128 -122 -119 -116 -108 -104 -101 -48 -38 -37 -31 12 48 
1641070117.602605 ### RSSI: -47, 9, 1640049806 ,760 
1641070117.602645 ### DEBUG: Ticks: 773, 16, 0 
1641070117.602684 1640049807 c0:98:e5:42:00:29 315 
1641070117.602765 -375 -368 -361 -358 -352 -350 -341 -337 -327 -318 -316 -314 -304 -298 -287 
1641070117.602805 -284 -281 -279 -273 -243 -234 -230 -211 -208 -194 -170 -164 -146 -139 -35 
1641070117.602878 ### RSSI: -46, 16, 1640049807 ,775 
1641070117.602917 ### DEBUG: Ticks: 788, 15, 0 
1641070117.602961 1640049808 c0:98:e5:42:00:29 292 
1641070117.603005 -350 -332 -330 -302 -300 -298 -282 -274 -274 -267 -266 -260 -258 -254 -252 
1641070117.603045 -236 -228 -218 -214 -212 -192 -190 -184 -168 -166 -159 -117 -110 -83 -25 
1641070117.603089 ### RSSI: -50, 26, 1640049808 ,791 
1641070117.603128 ### DEBUG: Ticks: 804, 16, 0 
1641070117.603166 1640049809 c0:98:e5:42:00:29 244 
1641070117.603205 -302 -296 -283 -273 -264 -258 -257 -249 -245 -243 -235 -235 -229 -215 -212 
1641070117.603250 -212 -205 -192 -159 -152 -137 -131 -131 -127 -112 -102 -96 -90 -64 2 
1641070117.603290 ### RSSI: -48, 5, 1640049809 ,806 
1641070117.603334 ### DEBUG: Ticks: 819, 15, 0 
1641070117.603373 1640049810 c0:98:e5:42:00:29 269 
1641070117.603417 -257 -252 -220 -219 -219 -213 -211 -211 -205 -186 -184 -173 -171 -160 -157 
1641070117.603457 -144 -142 -132 -124 -122 -115 -108 -107 -101 -78 -69 -64 -61 -50 26 
1641070117.603515 ### RSSI: -50, 25, 1640049810 ,822 
1641070117.603557 ### ERROR: Failed reading SquarePoint packet length
1641070117.603596 ### RSSI: -47, 19, 1640049811 ,838 
1641070117.603635 ### RSSI: -49, 2, 1640049812 ,853 
1641070117.603674 ### DEBUG: Ticks: 866, 47, 0 
1641070117.603855 1640049813 c0:98:e5:42:00:29 265 
1641070117.603900 -204 -199 -193 -191 -186 -186 -183 -174 -158 -153 -148 -148 -142 -138 -134 
1641070117.603980 -130 -120 -117 -114 -107 -99 -91 -65 -62 -58 -48 -1 63 82 0 
1641070117.604020 ### DEBUG: Ticks: 882, 16, 0 
1641070117.604060 1640049814 c0:98:e5:42:00:29 303 
1641070117.604099 -348 -329 -329 -316 -308 -305 -279 -271 -260 -257 -255 -252 -248 -248 -244 
1641070117.604139 -229 -224 -224 -214 -212 -211 -188 -171 -169 -154 -105 -97 -89 -77 -10 
1641070117.604178 ### DEBUG: Ticks: 898, 16, 0 
1641070117.604222 1640049815 c0:98:e5:42:00:29 267 
1641070117.604261 -203 -186 -172 -160 -140 -130 -112 -110 -110 -97 -96 -88 -87 -79 -72 
1641070117.604305 -63 -58 -51 -43 -27 -12 2 29 31 48 55 66 76 81 128 
1641070117.604344 ### DEBUG: Ticks: 913, 15, 0 
1641070117.604388 1640049816 c0:98:e5:42:00:29 334 
1641070117.604428 -256 -249 -246 -244 -236 -216 -214 -212 -206 -205 -204 -203 -199 -188 -183 
1641070117.604497 -175 -166 -151 -141 -141 -128 -117 -112 -108 -97 -85 -37 -37 -6 18 
1641070117.604536 ### BLE EVENT: 17, INFO: BLE DISCONNECTED!
1641070117.604580 ### DEBUG: Ticks: 929, 16, 0 
1641070117.604619 1640049817 c0:98:e5:42:00:29 295 
1641070117.604658 -323 -295 -266 -258 -252 -246 -246 -241 -239 -210 -209 -202 -202 -201 -198 
1641070117.604697 -190 -171 -167 -167 -163 -159 -155 -139 -130 -129 -121 -106 -71 -46 16 
1641070117.604780 ### BLE EVENT: 16, INFO: BLE CONNECTED!
1641070117.604826 ### RSSI: -49, 7, 1640049818 ,934 
1641070117.604866 ### RSSI: -49, 2, 1640049818 ,936 
1641070117.604905 ### RSSI: -47, 19, 1640049818 ,938 
1641070117.604944 ### RSSI: -48, 5, 1640049818 ,939 
1641070117.605016 ### RSSI: -49, 15, 1640049818 ,941 
1641070117.605056 ### RSSI: -49, 12, 1640049818 ,942 
1641070117.605095 ### RSSI: -48, 8, 1640049818 ,944 
1641070117.605134 ### DEBUG: Ticks: 944, 15, 0 
1641070117.605173 1640049818 c0:98:e5:42:00:29 298 
1641070117.605217 -258 -255 -238 -221 -214 -201 -200 -198 -193 -193 -175 -174 -171 -159 -152 
1641070117.605257 -148 -144 -142 -133 -128 -124 -122 -115 -93 -93 -47 -36 -23 5 77 
1641070117.605302 ### RSSI: -55, 34, 1640049819 ,945 
1641070117.605341 ### RSSI: -48, 4, 1640049819 ,947 
1641070117.605385 ### RSSI: -47, 9, 1640049819 ,948 
1641070117.605424 ### RSSI: -48, 9, 1640049819 ,950 
1641070117.605468 ### RSSI: -47, 18, 1640049819 ,952 
1641070117.605507 ### RSSI: -49, 7, 1640049819 ,953 
1641070117.605552 ### RSSI: -49, 17, 1640049819 ,955 
1641070117.605591 ### RSSI: -48, 9, 1640049819 ,956 
1641070117.605636 ### RSSI: -52, 36, 1640049819 ,958 
1641070117.605675 ### RSSI: -48, 0, 1640049819 ,959 
1641070117.605714 ### DEBUG: Ticks: 960, 16, 0 
1641070117.605753 1640049819 c0:98:e5:42:00:29 326 
1641070117.605792 -246 -191 -181 -158 -152 -146 -144 -141 -136 -134 -133 -112 -105 -89 -87 
1641070117.606015 -82 -81 -71 -68 -61 -37 -33 -24 -14 -7 2 23 24 27 123 
1641070117.606144 ### RSSI: -48, 8, 1640049820 ,975 
1641070117.606190 ### DEBUG: Ticks: 976, 16, 0 
1641070117.606230 1640049820 c0:98:e5:42:00:29 268 
1641070117.606269 -276 -250 -247 -242 -240 -236 -231 -227 -220 -214 -195 -195 -192 -180 -178 
1641070117.606340 -178 -175 -163 -148 -143 -142 -135 -134 -133 -130 -100 -86 -69 -55 50 
1641070117.606380 ### RSSI: -51, 32, 1640049821 ,991 
1641070117.606419 ### DEBUG: Ticks: 991, 15, 0 
1641070117.606458 1640049821 c0:98:e5:42:00:29 261 
1641070117.606501 -392 -374 -326 -325 -323 -318 -306 -306 -305 -305 -296 -291 -283 -279 -258 
1641070117.606541 -251 -250 -248 -243 -242 -216 -209 -203 -198 -194 -178 -174 -148 -97 -43 
1641070117.606585 ### RSSI: -47, 23, 1640049822 ,1006 
1641070117.606624 ### ERROR: Failed reading SquarePoint packet length
1641070117.606663 ### RSSI: -51, 32, 1640049823 ,1022 
1641070117.606701 ### RSSI: -47, 5, 1640049824 ,1037 
1641070117.606740 ### DEBUG: Ticks: 1038, 47, 0 
1641070117.606785 1640049824 c0:98:e5:42:00:29 264 
1641070117.606824 -342 -302 -297 -274 -271 -271 -263 -262 -262 -256 -243 -224 -214 -212 -202 
1641070117.606868 -183 -179 -177 -174 -171 -170 -169 -169 -155 -154 -122 -109 -108 -92 -6 
1641070117.606907 ### RSSI: -51, 29, 1640049825 ,1053 
1641070117.606952 ### DEBUG: Ticks: 1054, 16, 0 
1641070117.606995 1640049825 c0:98:e5:42:00:29 301 
1641070117.607035 -279 -267 -263 -255 -253 -235 -231 -231 -230 -230 -220 -219 -208 -199 -196 
1641070117.607107 -191 -191 -183 -171 -165 -163 -160 -159 -158 -140 -131 -107 -78 -74 5 
1641070117.607146 ### RSSI: -48, 18, 1640049826 ,1069 
1641070117.607186 ### DEBUG: Ticks: 1069, 15, 0 
1641070117.607267 1640049826 c0:98:e5:42:00:29 312 
1641070117.607313 -326 -318 -314 -309 -304 -301 -297 -296 -292 -275 -270 -261 -256 -232 -227 
1641070117.607353 -215 -215 -208 -203 -186 -178 -178 -172 -168 -157 -150 -120 -115 -105 -50 
1641070117.607398 ### RSSI: -48, 6, 1640049827 ,1084 
1641070117.607437 ### DEBUG: Ticks: 1085, 16, 0 
1641070117.607481 1640049827 c0:98:e5:42:00:29 272 
1641070117.607535 -241 -223 -218 -214 -210 -201 -191 -180 -176 -162 -155 -143 -139 -129 -128 
1641070117.607575 -127 -123 -122 -105 -97 -84 -76 -61 -41 -29 -24 -8 -6 39 47 
1641070118.258727 ### RSSI: -51, 33, 1640049828 ,1100 
1641070118.303139 ### DEBUG: Ticks: 1101, 16, 0 
1641070118.304773 1640049828 c0:98:e5:42:00:29 224 
1641070118.308445 -365 -364 -357 -356 -356 -350 -328 -320 -315 -314 -313 -310 -309 -291 -287 
1641070118.308838 -272 -270 -269 -264 -252 -251 -247 -237 -207 -207 -186 -167 -167 -135 -87 
1641070119.258736 ### RSSI: -47, 9, 1640049829 ,1116 
1641070119.303649 ### DEBUG: Ticks: 1116, 15, 0 
1641070119.303760 1640049829 c0:98:e5:42:00:29 293 
1641070119.303809 -238 -217 -214 -204 -194 -186 -175 -172 -172 -163 -145 -144 -141 -138 -123 
1641070119.303860 -111 -110 -100 -95 -88 -80 -79 -76 -72 -43 -29 -28 8 25 48 
1641070120.261010 ### RSSI: -47, 5, 1640049830 ,1131 
1641070120.304940 ### DEBUG: Ticks: 1132, 16, 0 
1641070120.305174 1640049830 c0:98:e5:42:00:29 287 
1641070120.305320 -223 -208 -175 -172 -169 -165 -160 -143 -138 -138 -131 -127 -124 -104 -103 
1641070120.305461 -91 -76 -70 -64 -32 -30 -26 -23 -17 -8 1 1 31 42 76 
1641070121.260995 ### RSSI: -48, 20, 1640049831 ,1147 
1641070121.306330 ### DEBUG: Ticks: 1147, 15, 0 
1641070121.307305 1640049831 c0:98:e5:42:00:29 293 
1641070121.307615 -306 -276 -271 -271 -270 -268 -265 -264 -260 -259 -248 -243 -243 -221 -213 
1641070121.307876 -210 -204 -189 -176 -169 -167 -143 -133 -129 -127 -118 -99 -95 -92 -25 
1641070122.262253 ### RSSI: -51, 27, 1640049832 ,1162 
1641070122.307183 ### DEBUG: Ticks: 1163, 16, 0 
1641070122.307487 1640049832 c0:98:e5:42:00:29 285 
1641070122.307699 -287 -277 -275 -264 -254 -251 -248 -244 -239 -237 -234 -231 -216 -208 -199 
1641070122.307866 -191 -190 -188 -173 -170 -169 -148 -139 -134 -119 -72 -61 -60 -6 0 
1641070123.265988 ### RSSI: -47, 2, 1640049833 ,1178 
1641070123.297938 ### DEBUG: Ticks: 1179, 16, 0 
1641070123.309665 1640049833 c0:98:e5:42:00:29 269 
1641070123.309957 -242 -240 -238 -225 -221 -192 -192 -184 -184 -165 -163 -162 -161 -160 -156 
1641070123.310145 -142 -133 -122 -121 -117 -115 -100 -100 -95 -87 -75 -37 -2 17 58 
1641070124.263188 ### RSSI: -47, 3, 1640049834 ,1194 
1641070124.295846 ### ERROR: Failed reading SquarePoint packet length
1641070125.267575 ### RSSI: -52, 35, 1640049835 ,1209 
1641070126.262851 ### RSSI: -47, 10, 1640049836 ,1225 
1641070126.308981 ### DEBUG: Ticks: 1226, 47, 0 
1641070126.309276 1640049836 c0:98:e5:42:00:29 292 
1641070126.309633 -374 -373 -373 -372 -367 -357 -350 -342 -341 -328 -324 -320 -318 -311 -304 
1641070126.310327 -297 -276 -271 -252 -251 -233 -207 -206 -192 -180 -173 -169 -147 -138 -61 
1641070127.264185 ### RSSI: -50, 27, 1640049837 ,1240 
1641070127.309619 ### DEBUG: Ticks: 1241, 15, 0 
1641070127.309902 1640049837 c0:98:e5:42:00:29 342 
1641070127.310096 -226 -212 -211 -207 -204 -185 -173 -173 -170 -167 -165 -165 -148 -140 -122 
1641070127.310281 -121 -119 -106 -105 -101 -99 -89 -88 -60 -48 -14 -9 14 37 48 
1641070128.267273 ### RSSI: -47, 16, 1640049838 ,1256 
1641070128.300784 ### DEBUG: Ticks: 1257, 16, 0 
1641070128.301067 1640049838 c0:98:e5:42:00:29 310 
1641070128.311351 -336 -328 -292 -290 -288 -275 -274 -254 -250 -249 -247 -247 -233 -214 -213 
1641070128.311721 -213 -212 -199 -190 -186 -178 -174 -173 -170 -163 -135 -120 -112 -84 -30 
1641070129.260468 ### RSSI: -52, 28, 1640049839 ,1272 
1641070129.305346 ### DEBUG: Ticks: 1272, 15, 0 
1641070129.305623 1640049839 c0:98:e5:42:00:29 252 
1641070129.305809 -321 -313 -301 -293 -283 -273 -267 -256 -243 -240 -237 -234 -233 -230 -218 
1641070129.306013 -212 -210 -206 -197 -194 -182 -177 -170 -147 -134 -116 -92 -51 8 0 
1641070130.257413 ### RSSI: -47, 11, 1640049840 ,1287 
1641070130.301985 ### DEBUG: Ticks: 1288, 16, 0 
1641070130.302274 1640049840 c0:98:e5:42:00:29 270 
1641070130.302471 -351 -347 -320 -319 -298 -295 -291 -281 -280 -278 -272 -262 -261 -255 -252 
1641070130.302688 -249 -243 -225 -220 -217 -211 -197 -176 -176 -173 -168 -151 -134 -17 0 
1641070130.762094 ### INFO: SD card flushed!
1641070131.259466 ### RSSI: -51, 35, 1640049841 ,1303 
1641070131.303718 ### DEBUG: Ticks: 1304, 16, 0 
1641070131.304001 1640049841 c0:98:e5:42:00:29 253 
1641070131.304207 -315 -305 -298 -286 -285 -283 -280 -271 -260 -258 -251 -250 -240 -223 -219 
1641070131.304418 -214 -213 -198 -193 -189 -189 -183 -177 -171 -147 -144 -143 -126 -104 67 
1641070132.260255 ### RSSI: -47, 7, 1640049842 ,1319 
1641070132.307243 ### DEBUG: Ticks: 1319, 15, 0 
1641070132.307645 1640049842 c0:98:e5:42:00:29 276 
1641070132.307829 -253 -251 -214 -214 -210 -210 -198 -165 -161 -160 -159 -154 -151 -135 -134 
1641070132.308019 -132 -131 -131 -119 -101 -97 -94 -90 -87 -79 -60 -32 22 63 0 
1641070133.257988 ### RSSI: -49, 24, 1640049843 ,1334 
1641070133.303621 ### DEBUG: Ticks: 1335, 16, 0 
1641070133.303959 1640049843 c0:98:e5:42:00:29 271 
1641070133.304143 -223 -215 -212 -210 -192 -192 -184 -182 -177 -176 -154 -150 -142 -138 -119 
1641070133.304332 -118 -118 -115 -103 -100 -99 -95 -78 -65 -64 -29 -21 14 22 92 
1641070134.257741 ### RSSI: -48, 4, 1640049844 ,1350 
1641070134.304364 ### DEBUG: Ticks: 1350, 15, 0 
1641070134.304667 1640049844 c0:98:e5:42:00:29 283 
1641070134.304852 -172 -148 -146 -107 -102 -94 -94 -94 -94 -85 -80 -80 -61 -52 -38 
1641070134.305052 -36 -27 -27 -21 -13 20 23 25 39 59 70 76 93 101 167 
1641070135.258756 ### RSSI: -48, 20, 1640049845 ,1365 
1641070135.303043 ### ERROR: Failed reading SquarePoint packet length
1641070136.260301 ### RSSI: -47, 19, 1640049846 ,1381 
1641070137.256735 ### RSSI: -49, 25, 1640049847 ,1397 
1641070137.302059 ### DEBUG: Ticks: 1397, 47, 0 
1641070137.302352 1640049847 c0:98:e5:42:00:29 302 
1641070137.302576 -207 -181 -179 -174 -157 -156 -152 -147 -119 -108 -106 -94 -83 -82 -71 
1641070137.302790 -71 -64 -58 -52 -47 -28 -19 -13 -6 1 5 37 44 115 117 
1641070138.265557 ### RSSI: -49, 24, 1640049848 ,1412 
1641070138.310428 ### DEBUG: Ticks: 1413, 16, 0 
1641070138.310888 1640049848 c0:98:e5:42:00:29 319 
1641070138.311429 -90 -78 -75 -72 -52 -32 -25 -22 -5 -2 10 12 20 32 40 
1641070138.311970 42 46 48 49 57 62 63 66 77 85 111 115 120 180 267 
1641070139.267230 ### RSSI: -50, 27, 1640049849 ,1428 
1641070139.301122 ### DEBUG: Ticks: 1429, 16, 0 
1641070139.301423 1640049849 c0:98:e5:42:00:29 277 
1641070139.313168 -265 -235 -225 -223 -195 -191 -179 -172 -169 -159 -156 -155 -150 -143 -138 
1641070139.313471 -130 -128 -115 -111 -79 -67 -64 -55 -55 -40 -39 -25 -24 -20 79 
1641070140.262675 ### RSSI: -47, 3, 1640049850 ,1444 
1641070140.306867 ### DEBUG: Ticks: 1444, 15, 0 
1641070140.307071 1640049850 c0:98:e5:42:00:29 297 
1641070140.307203 -408 -396 -393 -388 -387 -385 -379 -356 -348 -347 -342 -339 -333 -324 -289 
1641070140.307329 -288 -281 -273 -264 -261 -260 -256 -239 -235 -229 -229 -226 -205 -199 -119 
1641070141.258253 ### RSSI: -50, 25, 1640049851 ,1459 
1641070141.302763 ### DEBUG: Ticks: 1460, 16, 0 
1641070141.303214 1640049851 c0:98:e5:42:00:29 283 
1641070141.303903 -155 -142 -139 -135 -104 -102 -94 -94 -88 -84 -72 -70 -65 -64 -44 
1641070141.304430 -38 -37 -30 -28 -13 -10 10 17 19 25 34 38 44 75 157 
1641070142.264225 ### RSSI: -47, 14, 1640049852 ,1475 
1641070142.307087 ### DEBUG: Ticks: 1475, 15, 0 
1641070142.307376 1640049852 c0:98:e5:42:00:29 267 
1641070142.307684 -259 -251 -250 -249 -244 -243 -241 -240 -218 -214 -213 -210 -205 -189 -186 
1641070142.307874 -180 -171 -169 -168 -168 -157 -156 -105 -87 -85 -66 -65 -63 -61 -3 
1641070143.257294 ### RSSI: -53, 30, 1640049853 ,1490 
1641070143.302523 ### DEBUG: Ticks: 1491, 16, 0 
1641070143.302789 1640049853 c0:98:e5:42:00:29 298 
1641070143.303750 -292 -280 -275 -258 -240 -239 -238 -238 -228 -224 -223 -219 -218 -208 -207 
1641070143.303909 -188 -174 -154 -153 -144 -137 -134 -133 -123 -105 -99 -81 -70 -59 23 
1641070144.257598 ### RSSI: -53, 33, 1640049854 ,1506 
1641070144.302701 ### DEBUG: Ticks: 1507, 16, 0 
1641070144.302994 1640049854 c0:98:e5:42:00:29 327 
1641070144.303191 -156 -93 -92 -90 -89 -82 -80 -71 -43 -35 -24 -18 -7 -5 2 
1641070144.303911 6 7 10 23 33 34 38 39 57 58 67 69 79 159 224 
1641070144.718628 ### INFO: Device is now IN MOTION
1641070145.263171 ### RSSI: -46, 24, 1640049855 ,1522 
1641070145.309074 ### DEBUG: Ticks: 1522, 15, 0 
1641070145.309365 1640049855 c0:98:e5:42:00:29 220 
1641070145.309581 -104 -86 -83 -82 -74 -63 -34 -26 -21 -15 -5 0 7 8 9 
1641070145.309773 19 19 20 29 39 52 54 76 85 106 107 107 146 192 192 
1641070146.255996 ### RSSI: -46, 16, 1640049856 ,1537 
1641070146.303036 ### ERROR: Failed reading SquarePoint packet length
1641070147.266307 ### RSSI: -47, 19, 1640049857 ,1553 
1641070148.260989 ### RSSI: -53, 6, 1640049858 ,1568 
1641070148.306693 ### DEBUG: Ticks: 1569, 47, 0 
1641070148.307398 1640049858 c0:98:e5:42:00:29 610 
1641070148.307651 137 141 152 166 167 171 181 183 185 192 194 194 198 206 212 
1641070148.307798 213 219 221 225 226 230 232 238 240 253 261 272 299 320 461 
1641070149.266453 ### RSSI: -55, 0, 1640049859 ,1584 
1641070149.309177 ### DEBUG: Ticks: 1585, 16, 0 
1641070149.309472 1640049859 c0:98:e5:42:00:29 1486 
1641070149.309666 1085 1107 1108 1116 1120 1126 1148 1149 1151 1154 1155 1157 1161 1170 1176 
1641070149.309856 1184 1190 1190 1196 1204 1217 1222 1224 1225 1235 1239 1246 1276 1354 1366 
1641070150.263146 ### RSSI: -59, 3, 1640049860 ,1600 
1641070150.308071 ### DEBUG: Ticks: 1600, 15, 0 
1641070150.308326 1640049860 c0:98:e5:42:00:29 2553 
1641070150.308485 2080 2080 2095 2099 2127 2139 2145 2152 2155 2161 2163 2165 2168 2176 2180 
1641070150.308649 2181 2181 2189 2202 2217 2219 2224 2233 2244 2257 2262 2276 2279 2375 2544 
1641070151.259751 ### RSSI: -60, 20, 1640049861 ,1615 
1641070151.306608 ### DEBUG: Ticks: 1616, 16, 0 
1641070151.307308 1640049861 c0:98:e5:42:00:29 3691 
1641070151.307589 3173 3174 3191 3207 3210 3220 3225 3233 3234 3238 3238 3247 3249 3257 3283 
1641070151.307759 3286 3291 3292 3293 3297 3305 3308 3309 3321 3336 3338 3340 3347 3457 3500 
1641070265.793697 
1641070265.794017 ----------------------------------------------
1641070265.794221 ### WARNING: Chip experienced a reset with reason 1
1641070265.794403 ### INFO: Bluetooth address: c0:98:e5:42:00:2c
1641070265.794583 ### DEBUG: Time is 00:00:00, 2000/00/00
1641070265.794762 ### INFO: Time is 00:00:00, 2000/00/00
1641070265.794988 ### INFO: Initializing SD Card...
1641070266.711405 ### INFO: Connecting to the SquarePoint module...
1641070266.711635 ### INFO: SquarePoint module connection successful
1641070266.711747 ### INFO: Battery voltage currently 4186 mV
1641070266.858180 ### INFO: SD card flushed!
1641070266.879947 ### INFO: SD card flushed!
1641070266.880249 ### DEBUG: BLE START SCANNING called
1641070267.003971 ### DEBUG: Ticks: 63, 63, 0 
1641070267.004263 1640049499 c0:98:e5:42:00:29 5426 
1641070267.004458 4912 4948 4970 4970 4976 4977 4987 4988 4989 4995 5004 5006 5008 5014 5015 
1641070267.004672 5022 5039 5045 5050 5051 5056 5065 5065 5085 5091 5099 5102 5159 5209 5233 
1641070267.005061 ### INFO: Switched Scheduler EUI from 00:00:00:00:00:00 to c0:98:e5:42:00:2c
1641070267.005243 ### DEBUG: BLE STOP SCANNING called
1641070267.706124 ### DEBUG: BLE START SCANNING called
1641070321.381078 
1641070321.383152 ----------------------------------------------
1641070321.385860 ### WARNING: Chip experienced a reset with reason 1
1641070321.388267 ### INFO: Bluetooth address: c0:98:e5:42:00:2c
1641070321.390366 ### DEBUG: Time is 00:00:00, 2000/00/00
1641070321.392573 ### INFO: Time is 00:00:00, 2000/00/00
1641070321.393547 ### INFO: Initializing SD Card...
1641070322.370818 ### INFO: Connecting to the SquarePoint module...
1641070322.371020 ### INFO: SquarePoint module connection successful
1641070322.371164 ### INFO: Battery voltage currently 4186 mV
1641070322.516900 ### INFO: SD card flushed!
1641070322.539940 ### INFO: SD card flushed!
1641070322.540149 ### DEBUG: BLE START SCANNING called
1641070323.295911 ### DEBUG: Ticks: 73, 73, 0 
1641070323.296178 1640049471 c0:98:e5:42:00:29 3360 
1641070323.296348 2875 2905 2919 2932 2944 2959 2960 2961 2978 2980 2982 2983 3005 3014 3043 
1641070323.296557 3050 3059 3060 3063 3074 3075 3119 3122 3159 3164 3166 3170 3175 3196 3200 
1641070323.296753 ### INFO: Switched Scheduler EUI from 00:00:00:00:00:00 to c0:98:e5:42:00:2c
1641070323.296903 ### DEBUG: BLE STOP SCANNING called
1641070323.373547 ### DEBUG: BLE START SCANNING called
1641070324.297805 ### DEBUG: Ticks: 89, 16, 0 
1641070324.298063 1640049472 c0:98:e5:42:00:29 3451 
1641070324.298249 2933 2961 2986 3007 3011 3012 3029 3042 3054 3067 3068 3070 3084 3088 3101 
1641070324.298411 3121 3122 3124 3127 3134 3134 3135 3138 3149 3154 3158 3165 3185 3244 3246 
1641070324.494956 ### addr: c0:98:e5:42:00:29 
1641070324.496898 ### on_adv_report outer RSSI: -62, time:1640049473 
1641070324.498688 ### INFO: Discovered new device: c0:98:e5:42:00:29
1641070324.500104 ### DEBUG: connected? already connected
1641070324.501364 ### DEBUG: BLE START SCANNING called
1641070324.548737 ### BLE EVENT: 16, INFO: BLE CONNECTED!
1641070324.548983 ### DEBUG: BLE START SCANNING called
1641070324.649275 ### RSSI: -61, 9, 1640049473 ,95 
1641070324.649537 ### DEBUG: BLE START SCANNING called
1641070324.749055 ### RSSI: -64, 14, 1640049473 ,96 
1641070324.749345 ### DEBUG: BLE START SCANNING called
1641070324.852436 ### RSSI: -67, 16, 1640049473 ,98 
1641070324.854309 ### DEBUG: BLE START SCANNING called
1641070324.941426 ### RSSI: -67, 1, 1640049473 ,99 
1641070324.951465 ### DEBUG: BLE START SCANNING called
1641070325.045444 ### RSSI: -64, 24, 1640049473 ,101 
1641070325.046891 ### DEBUG: BLE START SCANNING called
1641070325.145313 ### RSSI: -66, 16, 1640049473 ,102 
1641070325.145538 ### DEBUG: BLE START SCANNING called
1641070325.244876 ### RSSI: -67, 11, 1640049473 ,104 
1641070325.245969 ### DEBUG: BLE START SCANNING called
1641070325.306694 ### DEBUG: Ticks: 105, 16, 1 
1641070325.306961 1640049473 c0:98:e5:42:00:29 3513 
1641070325.307113 3135 3149 3156 3168 3190 3199 3206 3206 3221 3221 3232 3235 3239 3251 3252 
1641070325.307254 3254 3258 3260 3260 3269 3273 3295 3327 3338 3361 3367 3386 3391 3397 3409 
1641070325.307388 ### DEBUG: BLE START SCANNING called
1641070325.350473 ### RSSI: -67, 20, 1640049473 ,105 
1641070325.350712 ### DEBUG: BLE START SCANNING called
1641070325.371916 ### DEBUG: BLE START SCANNING called
1641070325.451726 ### RSSI: -72, 3, 1640049473 ,107 
1641070325.451950 ### DEBUG: BLE START SCANNING called
1641070325.550348 ### RSSI: -74, 29, 1640049473 ,109 
1641070325.550574 ### DEBUG: BLE START SCANNING called
1641070325.650846 ### RSSI: -69, 3, 1640049473 ,110 
1641070325.651100 ### DEBUG: BLE START SCANNING called
1641070325.752617 ### RSSI: -69, 7, 1640049473 ,112 
1641070325.752867 ### DEBUG: BLE START SCANNING called
1641070325.845581 ### RSSI: -77, 14, 1640049473 ,113 
1641070325.845865 ### DEBUG: BLE START SCANNING called
1641070325.945878 ### RSSI: -73, 31, 1640049473 ,115 
1641070325.946049 ### DEBUG: BLE START SCANNING called
1641070326.046356 ### RSSI: -73, 34, 1640049473 ,116 
1641070326.046577 ### DEBUG: BLE START SCANNING called
1641070326.145257 ### RSSI: -75, 35, 1640049473 ,118 
1641070326.145565 ### DEBUG: BLE START SCANNING called
1641070326.247070 ### RSSI: -80, 5, 1640049474 ,120 
1641070326.247276 ### DEBUG: BLE START SCANNING called
1641070326.293502 ### DEBUG: Ticks: 120, 15, 1 
1641070326.293689 1640049474 c0:98:e5:42:00:29 3228 
1641070326.293913 2458 2491 2566 2573 2574 2574 2580 2603 2614 2617 2621 2626 2641 2653 2689 
1641070326.294210 2692 2704 2713 2722 2731 2733 2751 2765 2766 2769 2788 2835 2941 2970 3030 
1641070326.304740 ### DEBUG: BLE START SCANNING called
1641070326.371878 ### DEBUG: BLE START SCANNING called
1641070327.246981 ### RSSI: -71, 6, 1640049475 ,135 
1641070327.248066 ### DEBUG: BLE START SCANNING called
1641070327.293595 ### DEBUG: Ticks: 136, 16, 1 
1641070327.293839 1640049475 c0:98:e5:42:00:29 3183 
1641070327.293993 2550 2555 2566 2572 2575 2589 2602 2604 2620 2625 2630 2636 2640 2655 2666 
1641070327.304478 2668 2673 2687 2687 2717 2722 2722 2750 2778 2779 2824 2846 2856 2871 2877 
1641070327.304729 ### DEBUG: BLE START SCANNING called
1641070327.370077 ### DEBUG: BLE START SCANNING called
1641070328.242661 ### RSSI: -66, 2, 1640049476 ,151 
1641070328.247131 ### DEBUG: BLE START SCANNING called
1641070328.296694 ### DEBUG: Ticks: 152, 16, 1 
1641070328.296865 1640049476 c0:98:e5:42:00:29 3364 
1641070328.296973 2977 3000 3010 3013 3017 3021 3024 3033 3039 3042 3050 3058 3060 3060 3062 
1641070328.297069 3076 3093 3096 3114 3119 3124 3139 3141 3142 3149 3157 3161 3170 3212 3218 
1641070328.297164 ### DEBUG: BLE START SCANNING called
1641070329.246372 ### RSSI: -82, 24, 1640049477 ,166 
1641070329.292834 ### DEBUG: Ticks: 167, 15, 1 
1641070329.293052 1640049477 c0:98:e5:42:00:29 3466 
1641070329.307351 3007 3012 3020 3029 3040 3046 3053 3066 3069 3075 3079 3081 3085 3096 3096 
1641070329.309789 3097 3101 3103 3105 3110 3121 3123 3134 3134 3136 3152 3176 3215 3238 3240 
1641070330.248503 ### RSSI: -69, 27, 1640049478 ,182 
1641070330.295413 ### DEBUG: Ticks: 183, 16, 1 
1641070330.297051 1640049478 c0:98:e5:42:00:29 3691 
1641070330.299831 3184 3208 3231 3242 3254 3255 3264 3266 3272 3283 3290 3294 3295 3295 3298 
1641070330.303484 3318 3319 3326 3329 3336 3337 3353 3359 3364 3366 3403 3403 3489 3498 3565 
1641070331.251941 ### RSSI: -70, 24, 1640049479 ,198 
1641070331.295595 ### DEBUG: Ticks: 198, 15, 1 
1641070331.295806 1640049479 c0:98:e5:42:00:29 4145 
1641070331.295927 3588 3640 3642 3648 3651 3661 3681 3688 3692 3694 3700 3712 3713 3723 3728 
1641070331.296183 3734 3740 3741 3751 3754 3770 3773 3790 3794 3807 3831 3851 3913 3921 3938 
1641070332.248425 ### RSSI: -68, 35, 1640049480 ,213 
1641070332.293940 ### DEBUG: Ticks: 214, 16, 1 
1641070332.294192 1640049480 c0:98:e5:42:00:29 4708 
1641070332.294358 4236 4240 4273 4311 4316 4318 4334 4335 4336 4348 4349 4351 4351 4367 4375 
1641070332.305292 4381 4402 4405 4407 4422 4425 4443 4443 4454 4473 4512 4572 4578 4584 4623 
1641070333.248012 ### RSSI: -70, 27, 1640049481 ,229 
1641070333.294144 ### DEBUG: Ticks: 230, 16, 1 
1641070333.296290 1640049481 c0:98:e5:42:00:29 5176 
1641070333.299078 4685 4699 4704 4709 4751 4763 4767 4770 4777 4796 4796 4807 4810 4810 4812 
1641070333.303008 4814 4840 4840 4842 4842 4852 4856 4856 4861 4866 4871 4873 4948 4960 4976 
1641070334.242647 ### RSSI: -76, 35, 1640049482 ,244 
1641070334.297216 ### DEBUG: Ticks: 245, 15, 1 
1641070334.297422 1640049482 c0:98:e5:42:00:29 5425 
1641070334.297552 4978 4985 4989 5009 5010 5018 5019 5041 5046 5053 5054 5059 5079 5090 5096 
1641070334.297678 5097 5100 5125 5127 5130 5147 5149 5150 5167 5178 5185 5205 5214 5298 5305 
1641070335.249158 ### RSSI: -63, 36, 1640049483 ,260 
1641070335.293327 ### DEBUG: Ticks: 261, 16, 1 
1641070335.293511 1640049483 c0:98:e5:42:00:29 5293 
1641070335.293610 4813 4830 4838 4854 4858 4867 4873 4874 4897 4900 4904 4910 4912 4912 4916 
1641070335.293822 4918 4935 4943 4947 4950 4951 4963 4974 4980 4984 4985 4990 5006 5018 5042 
1641070336.243804 ### RSSI: -70, 27, 1640049484 ,276 
1641070336.297405 ### DEBUG: Ticks: 276, 15, 1 
1641070336.297635 1640049484 c0:98:e5:42:00:29 5258 
1641070336.297783 4786 4793 4800 4806 4813 4815 4815 4830 4847 4866 4866 4880 4886 4892 4899 
1641070336.297915 4900 4900 4901 4907 4912 4913 4914 4921 4922 4927 4938 4939 4970 4992 5008 
1641070337.294644 ### DEBUG: Ticks: 292, 16, 1 
1641070337.294899 1640049485 c0:98:e5:42:00:29 5019 
1641070337.295071 4521 4535 4546 4556 4568 4589 4596 4596 4601 4601 4609 4615 4617 4619 4627 
1641070337.295246 4627 4627 4631 4636 4638 4648 4661 4688 4690 4696 4704 4717 4720 4769 4822 
1641070337.349234 ### RSSI: -66, 30, 1640049485 ,293 
1641070338.292744 ### DEBUG: Ticks: 308, 16, 1 
1641070338.292970 1640049486 c0:98:e5:42:00:29 4499 
1641070338.293162 4034 4037 4051 4064 4065 4066 4069 4072 4090 4102 4105 4111 4115 4115 4120 
1641070338.293304 4123 4126 4133 4149 4156 4158 4165 4189 4200 4211 4232 4234 4268 4354 4368 
1641070338.349394 ### RSSI: -69, 34, 1640049486 ,309 
1641070339.292669 ### ERROR: Failed reading SquarePoint packet length
1641070339.349302 ### RSSI: -77, 4, 1640049487 ,324 
1641070340.341855 ### RSSI: -66, 2, 1640049488 ,340 
1641070341.295764 ### DEBUG: Ticks: 355, 47, 1 
1641070341.295963 1640049489 c0:98:e5:42:00:29 3259 
1641070341.296073 2755 2771 2780 2785 2791 2794 2796 2802 2806 2807 2809 2811 2822 2826 2829 
1641070341.296187 2830 2831 2833 2841 2849 2850 2860 2860 2870 2875 2876 2878 2883 2946 2960 
1641070341.339698 ### RSSI: -62, 19, 1640049489 ,355 
1641070342.295224 ### DEBUG: Ticks: 370, 15, 1 
1641070342.295481 1640049490 c0:98:e5:42:00:29 3285 
1641070342.295760 2795 2796 2810 2818 2826 2828 2835 2837 2842 2843 2848 2855 2858 2871 2873 
1641070342.295916 2877 2878 2914 2916 2919 2923 2937 2961 2965 2967 2970 2991 3048 3051 3063 
1641070342.339983 ### RSSI: -66, 15, 1640049490 ,371 
1641070343.293195 ### DEBUG: Ticks: 386, 16, 1 
1641070343.293429 1640049491 c0:98:e5:42:00:29 3365 
1641070343.293568 2906 2938 2949 2954 2957 2959 2962 2977 2990 2996 3003 3004 3018 3022 3026 
1641070343.305051 3028 3030 3034 3040 3040 3040 3045 3046 3051 3062 3062 3067 3068 3080 3085 
1641070343.348407 ### RSSI: -63, 16, 1640049491 ,387 
1641070344.294043 ### DEBUG: Ticks: 401, 15, 1 
1641070344.294264 1640049492 c0:98:e5:42:00:29 3334 
1641070344.306655 2907 2920 2936 2936 2937 2940 2965 2971 2972 2991 2997 3007 3010 3010 3013 
1641070344.306917 3013 3015 3028 3028 3032 3079 3083 3096 3096 3109 3128 3134 3135 3184 3254 
1641070344.350707 ### RSSI: -67, 12, 1640049492 ,402 
1641070345.297149 ### DEBUG: Ticks: 417, 16, 1 
1641070345.297409 1640049493 c0:98:e5:42:00:29 3288 
1641070345.297597 2829 2846 2855 2859 2875 2883 2887 2888 2895 2899 2902 2903 2904 2905 2906 
1641070345.297763 2922 2934 2934 2949 2957 2967 2975 2981 2987 2988 2994 3003 3007 3028 3037 
1641070345.342716 ### RSSI: -68, 7, 1640049493 ,418 
1641070346.298043 ### DEBUG: Ticks: 433, 16, 1 
1641070346.298338 1640049494 c0:98:e5:42:00:29 3479 
1641070346.298515 3022 3035 3038 3038 3039 3053 3061 3067 3067 3072 3073 3086 3087 3091 3091 
1641070346.298693 3091 3093 3094 3101 3103 3117 3118 3127 3136 3142 3148 3163 3218 3331 3336 
1641070346.341621 ### RSSI: -75, 18, 1640049494 ,433 
1641070347.296658 ### DEBUG: Ticks: 448, 15, 1 
1641070347.296946 1640049495 c0:98:e5:42:00:29 3575 
1641070347.297128 3104 3126 3142 3142 3163 3169 3169 3181 3182 3184 3185 3191 3197 3198 3200 
1641070347.297290 3204 3212 3215 3217 3222 3227 3227 3240 3249 3263 3264 3265 3270 3280 3299 
1641070347.342059 ### RSSI: -66, 29, 1640049495 ,449 
1641070348.132085 ### STOPPED, setting module to STOPPED
1641070348.132337 ### INFO: Switched Scheduler EUI from c0:98:e5:42:00:2c to 00:00:00:00:00:00
1641070348.348570 ### RSSI: -83, 20, 1640049497 ,465 
1641070348.481983 ### INFO: SD card flushed!
1641070348.482234 ### DEBUG: BLE START SCANNING called
1641070348.482393 ### DEBUG: BLE START SCANNING called
1641070349.350096 ### RSSI: -67, 17, 1640049498 ,480 
1641070349.350429 ### DEBUG: BLE START SCANNING called
1641070349.372021 ### DEBUG: BLE START SCANNING called
1641070350.349358 ### RSSI: -74, 16, 1640049499 ,496 
1641070350.349571 ### DEBUG: BLE START SCANNING called
1641070350.371272 ### DEBUG: BLE START SCANNING called
1641070351.346958 ### RSSI: -71, 16, 1640049500 ,512 
1641070351.347219 ### DEBUG: BLE START SCANNING called
1641070351.369604 ### DEBUG: BLE START SCANNING called
1641070352.350215 ### RSSI: -71, 14, 1640049501 ,527 
1641070352.350415 ### DEBUG: BLE START SCANNING called
1641070352.373786 ### DEBUG: BLE START SCANNING called
1641070352.516719 ### INFO: Device is now STATIONARY
1641070352.517862 ### DEBUG: BLE START SCANNING called
1641070353.076568 ### INFO: Device is now IN MOTION
1641070353.077886 ### DEBUG: BLE START SCANNING called
1641070353.350567 ### RSSI: -71, 24, 1640049502 ,543 
1641070353.352021 ### DEBUG: BLE START SCANNING called
1641070353.373337 ### DEBUG: BLE START SCANNING called
1641070354.341860 ### RSSI: -61, 31, 1640049503 ,558 
1641070354.342066 ### DEBUG: BLE START SCANNING called
1641070354.372144 ### DEBUG: BLE START SCANNING called
1641070355.349150 ### RSSI: -74, 16, 1640049504 ,574 
1641070355.349339 ### DEBUG: BLE START SCANNING called
1641070355.370674 ### DEBUG: BLE START SCANNING called
1641070356.348116 ### RSSI: -62, 19, 1640049505 ,590 
1641070356.348323 ### DEBUG: BLE START SCANNING called
1641070356.371047 ### DEBUG: BLE START SCANNING called
1641070357.339315 ### RSSI: -60, 34, 1640049506 ,605 
1641070357.339487 ### DEBUG: BLE START SCANNING called
1641070357.372000 ### DEBUG: BLE START SCANNING called
1641070358.347560 ### RSSI: -53, 12, 1640049507 ,621 
1641070358.347754 ### DEBUG: BLE START SCANNING called
1641070358.369222 ### DEBUG: BLE START SCANNING called
1641070359.341427 ### RSSI: -54, 24, 1640049508 ,636 
1641070359.341584 ### DEBUG: BLE START SCANNING called
1641070359.363247 ### DEBUG: BLE START SCANNING called
1641070360.344249 ### RSSI: -59, 11, 1640049509 ,652 
1641070360.344449 ### DEBUG: BLE START SCANNING called
1641070360.364760 ### DEBUG: BLE START SCANNING called
1641070361.349874 ### RSSI: -58, 19, 1640049510 ,668 
1641070361.350140 ### DEBUG: BLE START SCANNING called
1641070361.376512 ### DEBUG: BLE START SCANNING called
1641070362.347348 ### RSSI: -63, 6, 1640049511 ,683 
1641070362.347621 ### DEBUG: BLE START SCANNING called
1641070362.368730 ### DEBUG: BLE START SCANNING called
1641070363.343619 ### RSSI: -54, 7, 1640049512 ,699 
1641070363.351263 ### DEBUG: BLE START SCANNING called
1641070363.373360 ### DEBUG: BLE START SCANNING called
1641070364.344257 ### RSSI: -62, 30, 1640049513 ,715 
1641070364.344505 ### DEBUG: BLE START SCANNING called
1641070364.366104 ### DEBUG: BLE START SCANNING called
1641070365.123984 ### INFO: Device is now STATIONARY
1641070365.124223 ### DEBUG: BLE START SCANNING called
1641070365.347070 ### RSSI: -74, 19, 1640049514 ,730 
1641070365.347349 ### DEBUG: BLE START SCANNING called
1641070365.371186 ### DEBUG: BLE START SCANNING called
1641070366.344271 ### RSSI: -62, 26, 1640049515 ,746 
1641070366.344492 ### DEBUG: BLE START SCANNING called
1641070366.365879 ### DEBUG: BLE START SCANNING called
1641070367.338415 ### RSSI: -55, 10, 1640049516 ,761 
1641070367.350100 ### DEBUG: BLE START SCANNING called
1641070367.373301 ### DEBUG: BLE START SCANNING called
1641070368.344157 ### RSSI: -54, 3, 1640049517 ,777 
1641070368.344459 ### DEBUG: BLE START SCANNING called
1641070368.362084 ### DEBUG: BLE START SCANNING called
1641070368.878041 ### INFO: Device is now IN MOTION
1641070368.878371 ### DEBUG: BLE START SCANNING called
1641070369.340530 ### RSSI: -45, 20, 1640049518 ,793 
1641070369.340724 ### DEBUG: BLE START SCANNING called
1641070369.362556 ### DEBUG: BLE START SCANNING called
1641070370.341610 ### RSSI: -44, 6, 1640049519 ,808 
1641070370.341815 ### DEBUG: BLE START SCANNING called
1641070370.363607 ### DEBUG: BLE START SCANNING called
1641070371.341404 ### RSSI: -43, 9, 1640049520 ,824 
1641070371.341725 ### DEBUG: BLE START SCANNING called
1641070371.366923 ### DEBUG: BLE START SCANNING called
1641070372.349167 ### RSSI: -44, 3, 1640049522 ,840 
1641070372.349575 ### DEBUG: BLE START SCANNING called
1641070372.370301 ### DEBUG: BLE START SCANNING called
1641070372.788053 ### INFO: Device is now STATIONARY
1641070372.789415 ### DEBUG: BLE START SCANNING called
