1640680663.368713 ###RTT Client: ************************************************************ 
1640680663.368873 ###RTT Client: *               SEGGER Microcontroller GmbH                * 
1640680663.368915 ###RTT Client: *   Solutions for real time microcontroller applications   * 
1640680663.368955 ###RTT Client: ************************************************************ 
1640680663.368995 ###RTT Client: *                                                          * 
1640680663.369035 ###RTT Client: *       (c) 2012 - 2016  SEGGER Microcontroller GmbH       * 
1640680663.369075 ###RTT Client: *                                                          * 
1640680663.369115 ###RTT Client: *     www.segger.com     Support: support@segger.com       * 
1640680663.369235 ###RTT Client: *                                                          * 
1640680663.369275 ###RTT Client: ************************************************************ 
1640680663.369315 ###RTT Client: *                                                          * 
1640680663.369399 ###RTT Client: * SEGGER J-Link RTT Client   Compiled Jan 30 2018 18:46:58 * 
1640680663.369438 ###RTT Client: *                                                          * 
1640680663.369478 ###RTT Client: ************************************************************ 
1640680663.369518 
1640680663.369557 ###RTT Client: -----------------------------------------------
1640680663.369597 ###RTT Client: Connecting to J-Link RTT Server via localhost:9201  Connected.
1640680663.369637 SEGGER J-Link V6.30 - Real time terminal output
1640680663.369697 J-Link EDU Mini V1 compiled Oct 22 2019 16:28:45 V1.0, SN=801021855
1640680663.369736 Process: JLinkExe
1640680663.369802 
1640680663.369842 ----------------------------------------------
1640680663.369882 ### WARNING: Chip experienced a reset with reason 2
1640680663.369921 ### INFO: Bluetooth address: c0:98:e5:42:00:29
1640680663.369961 ### DEBUG: Time is 00:00:00, 2000/00/00
1640680663.370044 ### INFO: Time is 00:00:00, 2000/00/00
1640680663.370084 ### INFO: Initializing SD Card...
1640680663.370145 ### INFO: Connecting to the SquarePoint module...
1640680663.370184 ### INFO: SquarePoint module connection successful
1640680663.370224 ### INFO: Battery voltage currently 4131 mV
1640680663.370264 ### INFO: SD card flushed!
1640680663.370303 ### INFO: SD card flushed!
1640680663.370343 ### DEBUG: BLE START SCANNING called
1640680663.370383 ### DEBUG: Ticks: 19, 19, 0 
1640680663.370422 1640049806 c0:98:e5:42:00:2c 265 
1640680663.370504 422 436 438 469 477 478 486 497 501 512 515 518 519 524 528 
1640680663.370544 534 539 541 541 559 568 569 569 570 573 599 612 614 641 655 
1640680663.370583 ### INFO: Switched Scheduler EUI from 00:00:00:00:00:00 to c0:98:e5:42:00:2c
1640680663.370623 ### DEBUG: BLE STOP SCANNING called
1640680663.370680 ### DEBUG: BLE START SCANNING called
1640680663.370719 ### DEBUG: Ticks: 34, 15, 0 
1640680663.370759 1640049807 c0:98:e5:42:00:2c 319 
1640680663.370799 430 549 551 565 567 569 577 583 583 583 607 608 620 633 639 
1640680663.370839 640 647 648 652 656 657 665 678 682 684 711 718 719 720 730 
1640680663.370879 ### DEBUG: BLE START SCANNING called
1640680663.370918 ### DEBUG: BLE START SCANNING called
1640680663.370958 ### INFO: Device is now STATIONARY
1640680663.371046 ### DEBUG: Ticks: 50, 16, 0 
1640680663.371086 1640049808 c0:98:e5:42:00:2c 326 
1640680663.371126 544 560 573 595 599 611 613 628 634 636 642 646 646 648 652 
1640680663.371165 654 660 666 677 681 682 694 696 721 739 750 752 762 799 815 
1640680663.371205 ### DEBUG: BLE START SCANNING called
1640680663.371244 ### addr: c0:98:e5:42:00:2c 
1640680663.371284 ### on_adv_report outer RSSI: -57, time:1640049808 
1640680663.371324 ### INFO: Discovered new device: c0:98:e5:42:00:2c
1640680663.371363 ### DEBUG: connected? already connected
1640680663.371402 ### DEBUG: BLE START SCANNING called
1640680663.371442 ### BLE EVENT: 16, INFO: BLE CONNECTED!
1640680663.371482 ### DEBUG: BLE START SCANNING called
1640680663.371561 ### RSSI: -59, 28, 1640049809 ,60 
1640680663.371600 ### DEBUG: BLE START SCANNING called
1640680663.371640 ### RSSI: -57, 9, 1640049809 ,61 
1640680663.371693 ### DEBUG: BLE START SCANNING called
1640680663.371732 ### RSSI: -63, 14, 1640049809 ,63 
1640680663.371772 ### DEBUG: BLE START SCANNING called
1640680663.371812 ### RSSI: -55, 2, 1640049809 ,64 
1640680663.371851 ### DEBUG: BLE START SCANNING called
1640680663.371891 ### DEBUG: Ticks: 65, 15, 1 
1640680663.371930 1640049809 c0:98:e5:42:00:2c 296 
1640680663.371970 481 505 513 547 549 552 554 562 569 572 575 575 576 592 593 
1640680663.372009 594 595 596 618 620 630 640 645 653 658 663 691 731 771 0 
1640680663.372049 ### DEBUG: BLE START SCANNING called
1640680663.372088 ### RSSI: -58, 22, 1640049809 ,66 
1640680663.372128 ### DEBUG: BLE START SCANNING called
1640680663.372167 ### RSSI: -59, 4, 1640049809 ,68 
1640680663.372221 ### DEBUG: BLE START SCANNING called
1640680663.372261 ### RSSI: -57, 27, 1640049809 ,69 
1640680663.372300 ### DEBUG: BLE START SCANNING called
1640680663.372340 ### RSSI: -60, 12, 1640049809 ,71 
1640680663.372585 ### DEBUG: BLE START SCANNING called
1640680663.372643 ### DEBUG: BLE START SCANNING called
1640680663.372704 ### RSSI: -61, 29, 1640049809 ,72 
1640680663.372743 ### DEBUG: BLE START SCANNING called
1640680663.372783 ### RSSI: -56, 7, 1640049809 ,74 
1640680663.372823 ### DEBUG: BLE START SCANNING called
1640680663.372862 ### RSSI: -61, 14, 1640049810 ,77 
1640680663.372902 ### RSSI: -62, 14, 1640049810 ,77 
1640680663.372941 ### DEBUG: BLE START SCANNING called
1640680663.372981 ### DEBUG: BLE START SCANNING called
1640680663.373020 ### RSSI: -55, 5, 1640049810 ,78 
1640680663.373059 ### DEBUG: BLE START SCANNING called
1640680663.373099 ### RSSI: -57, 25, 1640049810 ,80 
1640680663.373139 ### DEBUG: BLE START SCANNING called
1640680663.373179 ### DEBUG: Ticks: 81, 16, 1 
1640680663.373218 1640049810 c0:98:e5:42:00:2c 270 
1640680663.373258 389 466 471 473 475 475 482 486 495 499 502 502 508 519 539 
1640680663.373298 544 563 565 570 572 586 587 589 593 615 623 630 644 645 646 
1640680663.373337 ### DEBUG: BLE START SCANNING called
1640680663.373377 ### RSSI: -56, 6, 1640049810 ,82 
1640680663.373416 ### DEBUG: BLE START SCANNING called
1640680663.373456 ### RSSI: -66, 29, 1640049810 ,83 
1640680663.373610 ### DEBUG: BLE START SCANNING called
1640680663.373696 ### RSSI: -56, 2, 1640049810 ,85 
1640680663.373784 ### DEBUG: BLE START SCANNING called
1640680663.373825 ### DEBUG: BLE START SCANNING called
1640680663.373864 ### DEBUG: Ticks: 97, 16, 1 
1640680663.373904 1640049811 c0:98:e5:42:00:2c 293 
1640680663.373984 429 480 490 518 520 534 550 552 561 568 572 577 577 578 579 
1640680663.374025 594 594 595 612 613 619 623 625 634 649 659 662 682 702 703 
1640680663.374065 ### DEBUG: BLE START SCANNING called
1640680663.374107 ### RSSI: -57, 27, 1640049811 ,100 
1640680663.374165 ### DEBUG: BLE START SCANNING called
1640680663.374205 ### DEBUG: Ticks: 112, 15, 1 
1640680663.374245 1640049812 c0:98:e5:42:00:2c 260 
1640680663.374286 413 442 466 477 479 479 480 492 495 502 507 510 516 518 521 
1640680663.374352 521 528 532 538 540 551 556 564 582 583 583 599 611 619 666 
1640680663.374393 ### RSSI: -55, 17, 1640049812 ,116 
1640680663.374520 ### DEBUG: Ticks: 128, 16, 1 
1640680663.374561 1640049813 c0:98:e5:42:00:2c 262 
1640680663.374601 385 485 490 493 494 494 495 497 504 510 512 512 522 522 523 
1640680663.374701 526 536 541 544 554 560 577 578 578 591 613 627 636 646 670 
1640680663.374742 ### RSSI: -57, 10, 1640049813 ,132 
1640680663.374782 ### DEBUG: Ticks: 144, 16, 1 
1640680663.374822 1640049814 c0:98:e5:42:00:2c 305 
1640680663.374862 494 532 532 554 556 566 573 575 575 584 591 591 602 606 609 
1640680663.374902 613 625 629 634 634 638 644 644 664 672 677 683 715 725 763 
1640680663.374942 ### RSSI: -56, 9, 1640049814 ,147 
1640680663.374982 ### DEBUG: Ticks: 159, 15, 1 
1640680663.375022 1640049815 c0:98:e5:42:00:2c 317 
1640680663.375061 453 553 556 572 585 586 589 592 594 610 610 611 630 631 632 
1640680663.375101 637 652 655 668 672 681 686 689 690 702 712 717 733 735 751 
1640680663.375141 ### RSSI: -57, 10, 1640049815 ,163 
1640680663.375181 ### DEBUG: Ticks: 175, 16, 1 
1640680663.375221 1640049816 c0:98:e5:42:00:2c 294 
1640680663.375261 485 506 509 516 528 544 546 551 558 560 563 577 579 579 588 
1640680663.375301 600 600 603 614 619 621 626 628 642 645 652 680 696 717 0 
1640680663.375428 ### RSSI: -54, 0, 1640049816 ,178 
1640680663.375470 ### DEBUG: Ticks: 190, 15, 1 
1640680663.375510 1640049817 c0:98:e5:42:00:2c 305 
1640680663.375550 480 538 540 544 552 558 561 565 587 589 595 595 597 604 610 
1640680663.375590 617 623 624 626 643 646 654 656 664 676 697 699 699 770 0 
1640680663.375630 ### RSSI: -60, 13, 1640049817 ,194 
1640680663.375692 ### DEBUG: Ticks: 206, 16, 1 
1640680663.375732 1640049818 c0:98:e5:42:00:2c 290 
1640680663.375772 421 459 478 508 517 520 531 534 536 557 562 567 574 576 580 
1640680663.375812 581 583 585 595 597 613 618 625 634 658 663 679 684 708 735 
1640680663.375852 ### RSSI: -58, 22, 1640049819 ,210 
1640680663.375892 ### DEBUG: Ticks: 222, 16, 1 
1640680663.375932 1640049819 c0:98:e5:42:00:2c 364 
1640680663.375972 523 603 608 621 624 625 626 634 645 647 666 668 676 676 677 
1640680663.376012 678 679 679 681 686 688 699 699 727 731 750 754 784 785 817 
1640680663.376052 ### RSSI: -57, 25, 1640049820 ,225 
1640680663.376091 ### DEBUG: Ticks: 237, 15, 1 
1640680663.376131 1640049820 c0:98:e5:42:00:2c 255 
1640680663.376171 403 423 428 448 453 456 461 462 462 469 481 487 502 510 510 
1640680663.376211 511 512 517 528 540 544 546 551 557 560 567 567 605 622 634 
1640680663.376251 ### RSSI: -54, 20, 1640049821 ,241 
1640680663.376291 ### DEBUG: Ticks: 253, 16, 1 
1640680663.376330 1640049821 c0:98:e5:42:00:2c 304 
1640680663.376370 458 542 549 552 552 558 569 572 579 585 590 591 595 598 608 
1640680663.376552 608 610 611 623 627 635 635 639 652 663 673 683 712 731 769 
1640680663.376594 ### RSSI: -63, 30, 1640049822 ,257 
1640680663.376638 ### DEBUG: Ticks: 269, 16, 1 
1640680663.376701 1640049822 c0:98:e5:42:00:2c 307 
1640680663.376742 502 511 518 544 562 577 577 582 588 592 600 604 606 606 612 
1640680663.376782 618 629 634 638 639 653 662 668 671 708 721 730 740 745 750 
1640680663.376822 ### RSSI: -56, 16, 1640049823 ,272 
1640680663.376862 ### DEBUG: Ticks: 284, 15, 1 
1640680663.376901 1640049823 c0:98:e5:42:00:2c 312 
1640680663.376941 444 545 547 555 574 576 583 584 589 596 598 603 611 619 625 
1640680663.376981 627 631 633 645 656 659 677 682 683 695 706 720 739 786 0 
1640680663.377021 ### RSSI: -56, 26, 1640049824 ,288 
1640680663.377060 ### DEBUG: Ticks: 300, 16, 1 
1640680663.377100 1640049824 c0:98:e5:42:00:2c 311 
1640680663.377140 435 543 552 553 561 562 579 588 592 596 601 604 613 613 621 
1640680663.377180 623 627 628 629 641 642 647 650 650 687 694 698 709 727 780 
1640680663.377221 ### RSSI: -57, 16, 1640049824 ,303 
1640680663.377260 ### DEBUG: Ticks: 315, 15, 1 
1640680663.377300 1640049825 c0:98:e5:42:00:2c 325 
1640680663.377340 498 570 591 595 600 609 615 618 621 632 635 639 642 643 645 
1640680663.377379 656 668 674 674 683 705 707 708 712 713 725 727 729 776 780 
1640680663.377419 ### RSSI: -56, 26, 1640049825 ,319 
1640680663.377459 ### DEBUG: Ticks: 331, 16, 1 
1640680663.377499 1640049826 c0:98:e5:42:00:2c 322 
1640680663.377554 475 548 558 575 578 582 583 593 599 609 610 627 630 641 642 
1640680663.377595 648 649 651 673 673 682 685 689 689 691 695 741 741 742 764 
1640680663.377635 ### RSSI: -58, 22, 1640049826 ,335 
1640680663.377693 ### DEBUG: Ticks: 347, 16, 1 
1640680663.377734 1640049827 c0:98:e5:42:00:2c 268 
1640680663.377774 417 440 462 464 468 474 478 480 490 495 509 525 527 531 533 
1640680663.378084 540 550 553 555 566 572 578 589 591 613 627 629 634 639 683 
1640680663.378193 ### RSSI: -61, 29, 1640049827 ,350 
1640680663.378235 ### DEBUG: Ticks: 362, 15, 1 
1640680663.378275 1640049828 c0:98:e5:42:00:2c 265 
1640680663.378316 395 400 440 441 445 450 458 465 467 481 492 494 495 495 498 
1640680663.378357 508 508 514 520 520 524 533 535 544 548 553 554 556 573 661 
1640680663.378397 ### RSSI: -57, 9, 1640049828 ,366 
1640680663.378437 ### DEBUG: Ticks: 378, 16, 1 
1640680663.378477 1640049829 c0:98:e5:42:00:2c 355 
1640680663.378517 517 615 618 622 623 649 652 660 662 673 673 680 699 701 702 
1640680663.378557 719 725 729 736 736 737 738 767 771 779 794 802 808 812 814 
1640680663.378596 ### RSSI: -59, 22, 1640049829 ,381 
1640680663.378636 ### DEBUG: Ticks: 393, 15, 1 
1640680663.378754 1640049830 c0:98:e5:42:00:2c 287 
1640680663.378795 390 458 472 473 489 496 512 517 530 530 532 536 541 546 548 
1640680663.378836 549 556 557 570 571 574 576 605 608 632 636 654 657 673 674 
1640680663.378876 ### RSSI: -57, 5, 1640049830 ,397 
1640680663.378915 ### RSSI: -57, 27, 1640049831 ,413 
1640680663.378955 ### RSSI: -64, 33, 1640049832 ,428 
1640680663.378994 ### DEBUG: Ticks: 440, 47, 1 
1640680663.379034 1640049833 c0:98:e5:42:00:2c 249 
1640680663.379074 394 407 408 439 440 449 450 454 458 466 470 474 483 493 496 
1640680663.379115 501 513 525 525 537 539 544 552 554 555 565 571 620 624 638 
1640680663.379154 ### RSSI: -57, 25, 1640049833 ,444 
1640680663.379194 ### DEBUG: Ticks: 456, 16, 1 
1640680663.379234 1640049834 c0:98:e5:42:00:2c 286 
1640680663.379274 451 485 489 509 529 534 542 543 546 552 561 565 566 570 571 
1640680663.379314 575 580 587 588 600 608 612 618 631 632 638 659 659 684 694 
1640680663.379354 ### RSSI: -57, 8, 1640049834 ,460 
1640680663.379393 ### DEBUG: Ticks: 472, 16, 1 
1640680663.379470 1640049835 c0:98:e5:42:00:2c 248 
1640680663.379510 384 404 408 408 432 434 437 445 446 449 456 456 456 459 483 
1640680663.379550 492 496 519 521 524 525 526 527 535 541 544 567 599 629 673 
1640680663.379590 ### RSSI: -56, 8, 1640049835 ,475 
1640680663.379630 ### DEBUG: Ticks: 487, 15, 1 
1640680663.379688 1640049836 c0:98:e5:42:00:2c 258 
1640680663.379727 365 436 461 462 465 478 481 484 491 492 496 499 501 506 517 
1640680663.379767 519 530 530 540 543 548 559 565 566 567 573 575 638 719 0 
1640680663.379807 ### RSSI: -58, 22, 1640049836 ,492 
1640680663.379884 ### DEBUG: Ticks: 503, 16, 1 
1640680663.379965 1640049837 c0:98:e5:42:00:2c 300 
1640680663.380007 473 477 487 489 502 506 513 520 534 544 551 556 559 559 564 
1640680663.380047 565 567 571 571 573 574 594 598 601 601 609 617 641 707 737 
1640680663.380087 ### RSSI: -58, 4, 1640049837 ,508 
1640680663.380127 ### DEBUG: Ticks: 518, 15, 1 
1640680663.380167 1640049838 c0:98:e5:42:00:2c 252 
1640680663.380207 386 389 424 433 441 450 456 458 463 463 471 472 494 497 503 
1640680663.380247 505 506 508 529 530 530 531 531 546 548 554 554 568 591 636 
1640680663.380287 ### RSSI: -56, 9, 1640049838 ,524 
1640680663.380327 ### DEBUG: Ticks: 534, 16, 1 
1640680663.380367 1640049839 c0:98:e5:42:00:2c 321 
1640680663.380407 465 480 494 502 535 538 546 550 553 556 562 567 568 574 578 
1640680663.380447 592 592 597 598 616 617 623 635 636 645 646 651 683 695 712 
1640680663.380486 ### RSSI: -56, 8, 1640049839 ,539 
1640680663.380526 ### DEBUG: Ticks: 550, 16, 1 
1640680663.380565 1640049840 c0:98:e5:42:00:2c 325 
1640680663.380605 469 534 534 560 584 585 593 594 595 595 599 602 607 610 610 
1640680663.380663 612 620 622 628 637 643 650 651 662 711 711 714 722 722 814 
1640680663.380704 ### RSSI: -59, 24, 1640049841 ,555 
1640680663.380744 ### DEBUG: Ticks: 565, 15, 1 
1640680663.380784 1640049841 c0:98:e5:42:00:2c 285 
1640680663.380824 428 474 479 481 485 486 503 504 506 508 519 536 540 544 551 
1640680663.380864 557 561 566 578 582 583 588 590 594 598 603 638 649 700 715 
1640680663.380904 ### RSSI: -55, 20, 1640049842 ,570 
1640680663.380943 ### INFO: SD card flushed!
1640680663.380983 ### DEBUG: Ticks: 581, 16, 1 
1640680663.381023 1640049842 c0:98:e5:42:00:2c 270 
1640680663.381113 440 440 448 466 473 478 480 481 491 494 503 505 507 526 540 
1640680663.381154 543 544 546 555 559 565 565 566 568 589 601 607 673 679 709 
1640680663.381194 ### RSSI: -64, 31, 1640049843 ,586 
1640680663.381234 ### DEBUG: Ticks: 597, 16, 1 
1640680663.381277 1640049843 c0:98:e5:42:00:2c 283 
1640680663.381317 404 456 467 489 494 501 522 532 536 536 536 539 542 544 563 
1640680663.381417 569 570 574 583 586 592 593 601 601 603 610 612 617 646 674 
1640680663.381458 ### RSSI: -57, 27, 1640049844 ,602 
1640680663.381498 ### DEBUG: Ticks: 612, 15, 1 
1640680663.381538 1640049844 c0:98:e5:42:00:2c 271 
1640680663.381578 442 445 452 460 468 468 469 471 493 497 498 511 513 537 540 
1640680663.381618 546 555 556 556 564 571 573 573 584 586 623 630 652 658 675 
1640680663.381674 ### RSSI: -56, 9, 1640049845 ,617 
1640680663.381714 ### DEBUG: Ticks: 628, 16, 1 
1640680663.381754 1640049845 c0:98:e5:42:00:2c 266 
1640680663.381793 404 422 475 478 482 486 496 505 510 510 513 514 522 525 527 
1640680663.381833 537 548 551 557 561 562 566 572 588 596 604 619 640 664 729 
1640680663.381873 ### RSSI: -54, 19, 1640049846 ,633 
1640680663.381913 ### DEBUG: Ticks: 643, 15, 1 
1640680663.381953 1640049846 c0:98:e5:42:00:2c 269 
1640680663.381992 412 422 434 469 486 508 512 513 516 517 518 521 526 531 538 
1640680663.382033 538 541 550 551 556 570 571 574 583 591 591 600 621 640 691 
1640680663.382073 ### RSSI: -54, 19, 1640049847 ,649 
1640680663.382133 ### DEBUG: Ticks: 659, 16, 1 
1640680663.382173 1640049847 c0:98:e5:42:00:2c 271 
1640680663.382213 404 432 438 475 486 494 495 505 509 510 511 512 517 518 530 
1640680663.382253 545 549 556 557 561 571 581 589 589 592 597 609 645 646 724 
1640680663.382294 ### RSSI: -56, 21, 1640049848 ,664 
1640680663.382333 ### DEBUG: Ticks: 675, 16, 1 
1640680663.382373 1640049848 c0:98:e5:42:00:2c 336 
1640680663.382414 477 576 591 594 597 601 621 636 643 647 647 663 664 671 672 
1640680663.382454 673 679 685 687 699 700 703 728 735 751 761 771 784 798 801 
1640680663.382494 ### RSSI: -65, 32, 1640049848 ,680 
1640680663.382534 ### RSSI: -53, 18, 1640049849 ,695 
1640680663.382574 ### RSSI: -60, 24, 1640049850 ,711 
1640680663.382613 ### DEBUG: Ticks: 721, 46, 1 
1640680663.382673 1640049851 c0:98:e5:42:00:2c 315 
1640680663.382714 373 434 458 466 478 479 484 491 494 496 498 500 501 503 505 
1640680663.382754 506 511 519 519 531 552 552 554 560 561 570 586 602 617 698 
1640680663.382807 ### RSSI: -57, 6, 1640049851 ,727 
1640680663.382847 ### DEBUG: Ticks: 737, 16, 1 
1640680663.382887 1640049852 c0:98:e5:42:00:2c 254 
1640680663.382927 420 432 441 445 453 454 455 468 469 483 484 490 495 507 509 
1640680663.382967 512 520 522 529 538 564 570 573 575 598 600 616 674 681 0 
1640680663.383007 ### RSSI: -64, 31, 1640049852 ,742 
1640680663.383046 ### DEBUG: Ticks: 753, 16, 1 
1640680663.383086 1640049853 c0:98:e5:42:00:2c 346 
1640680663.383126 508 544 560 581 589 598 607 611 618 623 628 633 637 662 665 
1640680663.383166 667 675 678 681 681 681 688 690 708 710 734 739 768 769 791 
1640680663.383206 ### RSSI: -65, 32, 1640049853 ,758 
1640680663.383258 ### DEBUG: Ticks: 768, 15, 1 
1640680663.383298 1640049854 c0:98:e5:42:00:2c 257 
1640680663.383338 379 428 438 448 453 470 471 488 494 497 504 506 507 509 513 
1640680663.383378 517 522 523 526 535 538 540 542 559 570 594 606 619 634 686 
1640680663.383418 ### RSSI: -56, 16, 1640049854 ,773 
1640680663.383458 ### DEBUG: Ticks: 784, 16, 1 
1640680663.383498 1640049855 c0:98:e5:42:00:2c 273 
1640680663.383538 395 484 487 495 499 503 504 509 513 529 532 536 540 540 547 
1640680663.383577 550 556 561 565 565 574 589 591 596 623 654 667 675 700 0 
1640680663.383617 ### RSSI: -57, 25, 1640049855 ,789 
1640680663.383668 ### DEBUG: Ticks: 800, 16, 1 
1640680663.383708 1640049856 c0:98:e5:42:00:2c 380 
1640680663.383748 506 594 602 605 606 613 624 625 640 648 651 656 669 678 679 
1640680663.383788 685 685 686 696 706 713 714 715 725 734 770 771 786 799 828 
1640680663.383827 ### RSSI: -57, 9, 1640049856 ,805 
1640680663.383867 ### DEBUG: Ticks: 815, 15, 1 
1640680663.383907 1640049857 c0:98:e5:42:00:2c 293 
1640680663.383947 494 504 514 525 525 528 531 543 548 558 562 565 576 579 586 
1640680663.383987 587 594 606 618 621 626 628 628 632 669 669 672 694 703 714 
1640680663.384031 ### RSSI: -65, 31, 1640049857 ,820 
1640680663.384071 ### DEBUG: Ticks: 831, 16, 1 
1640680663.384110 1640049858 c0:98:e5:42:00:2c 332 
1640680663.384150 468 564 571 577 590 593 594 594 596 598 601 604 615 623 637 
1640680663.384190 638 642 652 656 662 669 677 682 697 710 712 730 754 776 0 
1640680663.384230 ### RSSI: -54, 19, 1640049858 ,836 
1640680663.384269 ### DEBUG: Ticks: 846, 15, 1 
1640680663.384510 1640049859 c0:98:e5:42:00:2c 287 
1640680663.384702 474 483 499 512 522 523 525 527 531 533 534 536 563 567 570 
1640680663.384745 580 588 594 606 609 610 610 616 630 630 633 634 650 692 709 
1640680663.384785 ### RSSI: -57, 6, 1640049859 ,852 
1640680663.384825 ### RSSI: -62, 30, 1640049860 ,867 
1640680663.384865 ### RSSI: -57, 9, 1640049861 ,883 
1640680663.384905 ### DEBUG: Ticks: 893, 47, 1 
1640680663.384944 1640049862 c0:98:e5:42:00:2c 280 
1640680663.384984 429 456 475 500 507 509 512 515 517 522 524 525 533 543 556 
1640680663.385024 565 569 575 581 583 587 590 591 596 614 645 651 655 661 764 
1640680663.385064 ### RSSI: -62, 30, 1640049862 ,898 
1640680663.385104 ### DEBUG: Ticks: 909, 16, 1 
1640680663.385143 1640049863 c0:98:e5:42:00:2c 305 
1640680663.385184 492 524 529 532 533 541 558 561 567 569 572 573 597 606 608 
1640680663.385223 612 618 619 624 626 639 640 642 648 652 681 704 716 720 726 
1640680663.385263 ### RSSI: -59, 22, 1640049863 ,914 
1640680663.385363 ### DEBUG: Ticks: 925, 16, 1 
1640680663.385404 1640049864 c0:98:e5:42:00:2c 315 
1640680663.385444 479 556 565 568 571 574 584 593 603 607 608 610 622 626 629 
1640680663.385484 633 638 648 648 649 651 656 660 661 664 673 675 679 739 800 
1640680663.385523 ### RSSI: -61, 13, 1640049865 ,930 
1640680663.385563 ### DEBUG: Ticks: 940, 15, 1 
1640680663.385603 1640049865 c0:98:e5:42:00:2c 323 
1640680663.385655 494 517 548 573 585 595 598 603 609 615 617 626 635 636 645 
1640680663.385695 647 648 655 658 659 663 668 684 688 700 709 714 720 737 739 
1640680663.385735 ### RSSI: -54, 17, 1640049866 ,945 
1640680663.385775 ### DEBUG: Ticks: 956, 16, 1 
1640680663.385814 1640049866 c0:98:e5:42:00:2c 263 
1640680663.385854 400 414 434 446 446 474 481 481 487 496 497 509 513 522 524 
1640680663.385895 530 536 538 539 542 543 552 557 564 568 582 612 615 616 618 
1640680663.385935 ### RSSI: -64, 32, 1640049867 ,961 
1640680663.385975 ### DEBUG: Ticks: 971, 15, 1 
1640680663.386014 1640049867 c0:98:e5:42:00:2c 317 
1640680663.386054 504 515 517 518 537 547 549 553 553 559 559 567 574 575 584 
1640680663.386094 591 602 602 606 610 616 629 631 635 635 648 655 661 705 727 
1640680663.386152 ### RSSI: -62, 29, 1640049868 ,977 
1640680663.386192 ### DEBUG: Ticks: 987, 16, 1 
1640680663.386241 1640049868 c0:98:e5:42:00:2c 321 
1640680663.386331 427 487 493 515 525 526 534 538 552 553 561 574 574 578 582 
1640680663.386372 584 589 593 606 612 616 618 618 621 636 656 664 669 679 706 
1640680663.386412 ### RSSI: -58, 10, 1640049869 ,992 
1640680663.386452 ### DEBUG: Ticks: 1003, 16, 1 
1640680663.386492 1640049869 c0:98:e5:42:00:2c 307 
1640680663.386573 447 516 519 539 561 562 574 575 576 581 588 603 609 611 611 
1640680663.386613 612 623 628 633 635 640 649 655 658 688 701 718 721 736 762 
1640680663.386666 ### RSSI: -60, 15, 1640049870 ,1008 
1640680663.386706 ### DEBUG: Ticks: 1018, 15, 1 
1640680663.386746 1640049870 c0:98:e5:42:00:2c 263 
1640680663.386786 416 438 442 458 461 466 470 478 484 493 498 510 511 514 525 
1640680663.386826 527 534 544 555 556 557 567 570 584 587 592 603 618 652 669 
1640680663.386866 ### RSSI: -66, 34, 1640049871 ,1023 
1640680663.386906 ### RSSI: -56, 8, 1640049872 ,1039 
1640680663.386946 ### RSSI: -54, 1, 1640049873 ,1055 
1640680663.386986 ### DEBUG: Ticks: 1065, 47, 1 
1640680663.387026 1640049873 c0:98:e5:42:00:2c 275 
1640680663.387065 439 450 454 463 473 485 499 509 512 516 516 536 543 543 551 
1640680663.387105 555 556 567 568 569 574 584 586 590 594 610 667 669 673 0 
1640680663.387186 ### RSSI: -54, 17, 1640049873 ,1070 
1640680663.695450 ### RSSI: -56, 2, 1640049874 ,1086 
1640680664.697630 ### RSSI: -56, 26, 1640049875 ,1101 
1640680665.375095 ### DEBUG: Ticks: 1112, 47, 1 
1640680665.375194 1640049876 c0:98:e5:42:00:2c 244 
1640680665.375236 400 404 406 412 421 422 435 456 458 462 468 469 471 476 476 
1640680665.375281 483 493 503 518 520 521 524 529 545 545 548 552 561 602 625 
1640680665.698484 ### RSSI: -60, 13, 1640049876 ,1117 
1640680666.372706 ### DEBUG: Ticks: 1128, 16, 1 
1640680666.372803 1640049877 c0:98:e5:42:00:2c 303 
1640680666.372844 485 490 512 544 547 559 560 560 561 571 580 581 585 588 607 
1640680666.372884 610 610 613 626 632 634 634 642 646 653 664 698 748 770 0 
1640680666.696855 ### RSSI: -59, 11, 1640049877 ,1133 
1640680667.377200 ### DEBUG: Ticks: 1143, 15, 1 
1640680667.377301 1640049878 c0:98:e5:42:00:2c 271 
1640680667.377341 413 448 448 454 484 484 485 489 492 521 530 538 539 539 542 
1640680667.377385 546 548 552 557 564 583 586 586 594 604 605 608 655 674 0 
1640680667.701058 ### RSSI: -64, 31, 1640049878 ,1148 
1640680668.369031 ### DEBUG: Ticks: 1159, 16, 1 
1640680668.369137 1640049879 c0:98:e5:42:00:2c 318 
1640680668.369178 459 531 534 567 576 581 584 589 590 594 605 617 618 623 629 
1640680668.369227 638 639 642 646 647 648 651 661 674 694 700 725 749 753 756 
1640680668.694566 ### RSSI: -62, 30, 1640049879 ,1164 
1640680669.372616 ### DEBUG: Ticks: 1174, 15, 1 
1640680669.372716 1640049880 c0:98:e5:42:00:2c 332 
1640680669.372757 476 542 558 589 603 619 626 633 638 640 647 654 659 659 663 
1640680669.372805 666 666 668 671 692 692 692 701 706 708 720 727 774 781 802 
1640680669.695904 ### RSSI: -58, 4, 1640049880 ,1180 
1640680670.371743 ### DEBUG: Ticks: 1190, 16, 1 
1640680670.371840 1640049881 c0:98:e5:42:00:2c 270 
1640680670.371884 396 436 454 457 479 480 493 494 512 513 526 530 534 535 536 
1640680670.371923 546 547 559 559 559 561 570 571 578 600 620 623 633 637 647 
1640680670.695651 ### RSSI: -53, 18, 1640049881 ,1195 
1640680671.375176 ### DEBUG: Ticks: 1206, 16, 1 
1640680671.375276 1640049882 c0:98:e5:42:00:2c 303 
1640680671.375317 502 507 517 521 530 545 549 552 559 563 566 568 575 579 582 
1640680671.375357 583 590 609 615 619 630 633 640 642 647 650 672 713 734 0 
1640680671.696122 ### RSSI: -60, 35, 1640049882 ,1211 
1640680672.373485 ### DEBUG: Ticks: 1221, 15, 1 
1640680672.373583 1640049883 c0:98:e5:42:00:2c 340 
1640680672.373625 483 487 513 519 525 531 531 546 568 569 572 573 580 580 588 
1640680672.373675 604 606 614 619 622 629 630 631 632 635 640 674 698 705 717 
1640680672.696224 ### RSSI: -56, 36, 1640049883 ,1226 
1640680672.760788 ### INFO: SD card flushed!
1640680673.374719 ### DEBUG: Ticks: 1237, 16, 1 
1640680673.374819 1640049884 c0:98:e5:42:00:2c 304 
1640680673.374860 451 480 511 555 562 562 563 566 573 582 583 583 584 589 593 
1640680673.374900 596 604 608 608 620 634 635 636 644 644 648 669 694 710 771 
1640680673.697724 ### RSSI: -57, 5, 1640049884 ,1242 
1640680674.369251 ### DEBUG: Ticks: 1253, 16, 1 
1640680674.369358 1640049885 c0:98:e5:42:00:2c 259 
1640680674.381327 397 417 441 453 455 473 486 492 492 493 499 501 501 511 519 
1640680674.381429 520 525 530 541 549 552 555 556 562 566 576 610 613 618 628 
1640680674.704166 ### RSSI: -65, 31, 1640049885 ,1258 
1640680675.373296 ### DEBUG: Ticks: 1268, 15, 1 
1640680675.373399 1640049886 c0:98:e5:42:00:2c 333 
1640680675.373441 438 510 519 526 545 546 553 555 556 559 564 565 565 568 579 
1640680675.373480 583 589 595 599 602 606 610 613 618 667 686 691 713 724 741 
1640680675.694720 ### RSSI: -55, 20, 1640049886 ,1273 
1640680676.374005 ### DEBUG: Ticks: 1284, 16, 1 
1640680676.374189 1640049887 c0:98:e5:42:00:2c 299 
1640680676.374233 455 488 491 518 521 534 542 544 552 577 578 589 591 592 595 
1640680676.374273 601 606 614 615 616 616 623 637 645 651 658 670 704 708 709 
1640680676.695975 ### RSSI: -57, 6, 1640049887 ,1289 
1640680677.370905 ### DEBUG: Ticks: 1299, 15, 1 
1640680677.371002 1640049888 c0:98:e5:42:00:2c 249 
1640680677.371043 390 395 411 445 450 468 472 476 481 482 483 485 488 494 497 
1640680677.371093 500 522 522 526 528 538 538 546 560 560 562 563 584 626 631 
1640680677.703356 ### RSSI: -64, 33, 1640049889 ,1305 
1640680678.369440 ### DEBUG: Ticks: 1315, 16, 1 
1640680678.369538 1640049889 c0:98:e5:42:00:2c 314 
1640680678.369579 443 500 528 553 554 555 557 562 564 572 577 581 589 590 591 
1640680678.381788 618 620 632 635 636 636 652 677 686 697 702 708 724 727 768 
1640680678.704256 ### RSSI: -61, 14, 1640049890 ,1320 
1640680679.376934 ### DEBUG: Ticks: 1331, 16, 1 
1640680679.377432 1640049890 c0:98:e5:42:00:2c 287 
1640680679.378054 419 443 475 487 499 504 508 515 523 536 539 541 542 555 565 
1640680679.378358 566 566 571 580 591 592 622 633 638 645 645 647 658 667 770 
1640680679.698017 ### RSSI: -56, 21, 1640049891 ,1336 
1640680680.377330 ### DEBUG: Ticks: 1346, 15, 1 
1640680680.377434 1640049891 c0:98:e5:42:00:2c 281 
1640680680.377480 428 451 452 461 512 513 514 527 530 532 537 546 548 562 563 
1640680680.377521 564 570 571 574 583 586 587 595 601 608 615 624 650 670 690 
1640680680.696131 ### RSSI: -62, 22, 1640049892 ,1351 
1640680681.370195 ### DEBUG: Ticks: 1362, 16, 1 
1640680681.370301 1640049892 c0:98:e5:42:00:2c 253 
1640680681.370343 411 421 422 426 428 444 460 480 484 489 490 495 497 503 506 
1640680681.370387 508 518 519 521 522 525 530 530 556 556 557 561 569 590 603 
1640680681.603162 ### INFO: Device is now IN MOTION
1640680681.704175 ### RSSI: -48, 13, 1640049893 ,1367 
1640680682.372506 ### DEBUG: Ticks: 1378, 16, 1 
1640680682.372645 1640049893 c0:98:e5:42:00:2c 305 
1640680682.372688 450 458 473 486 521 526 543 566 581 585 586 596 602 604 606 
1640680682.372728 607 619 638 643 646 663 668 670 677 695 708 713 732 856 899 
1640680682.700844 ### RSSI: -54, 30, 1640049894 ,1383 
1640680683.370692 ### DEBUG: Ticks: 1393, 15, 1 
1640680683.370801 1640049894 c0:98:e5:42:00:2c 235 
1640680683.370852 388 406 429 431 437 442 445 445 459 459 461 462 465 465 470 
1640680683.370907 473 473 474 479 489 491 494 497 503 522 533 549 574 682 979 
1640680683.706029 ### RSSI: -51, 29, 1640049895 ,1398 
1640680684.371239 ### DEBUG: Ticks: 1409, 16, 1 
1640680684.371356 1640049895 c0:98:e5:42:00:2c 381 
1640680684.371424 611 611 625 636 643 650 655 656 657 658 659 659 669 673 675 
1640680684.371481 685 686 691 696 696 711 711 719 739 745 761 769 774 776 776 
1640680684.426560 ### BLE EVENT: 16, INFO: BLE CONNECTED!
1640680684.426690 ### RSSI: -52, 11, 1640049896 ,1410 
1640680684.527639 ### RSSI: -53, 14, 1640049896 ,1411 
1640680684.626406 ### RSSI: -56, 11, 1640049896 ,1413 
1640680684.703522 ### RSSI: -54, 16, 1640049896 ,1414 
1640680684.736027 ### RSSI: -52, 7, 1640049896 ,1414 
1640680684.802040 ### RSSI: -54, 29, 1640049896 ,1415 
1640680684.834470 ### RSSI: -54, 14, 1640049896 ,1416 
1640680684.898827 ### RSSI: -54, 11, 1640049896 ,1417 
1640680684.930728 ### RSSI: -56, 13, 1640049896 ,1417 
1640680684.994737 ### RSSI: -53, 0, 1640049896 ,1419 
1640680685.029034 ### RSSI: -56, 28, 1640049896 ,1419 
1640680685.105066 ### RSSI: -55, 20, 1640049896 ,1420 
1640680685.127397 ### RSSI: -56, 22, 1640049896 ,1421 
1640680685.203452 ### RSSI: -56, 15, 1640049896 ,1422 
1640680685.236486 ### RSSI: -56, 18, 1640049896 ,1422 
1640680685.301829 ### RSSI: -57, 13, 1640049896 ,1423 
1640680685.335666 ### RSSI: -57, 33, 1640049896 ,1424 
1640680685.370478 ### DEBUG: Ticks: 1424, 15, 1 
1640680685.370583 1640049896 c0:98:e5:42:00:2c 897 
1640680685.370627 1097 1099 1100 1106 1120 1121 1125 1126 1128 1132 1134 1143 1145 1146 1150 
1640680685.383032 1150 1158 1159 1163 1164 1174 1191 1197 1200 1208 1213 1222 1232 1240 1270 
1640680685.403717 ### RSSI: -57, 28, 1640049897 ,1425 
1640680685.425911 ### RSSI: -57, 16, 1640049897 ,1425 
1640680685.529869 ### RSSI: -53, 33, 1640049897 ,1427 
1640680686.375018 ### DEBUG: Ticks: 1440, 16, 1 
1640680686.375147 1640049897 c0:98:e5:42:00:2c 1835 
1640680686.375208 2006 2013 2030 2034 2038 2059 2062 2070 2076 2079 2079 2083 2085 2092 2097 
1640680686.375273 2099 2101 2106 2120 2126 2127 2128 2132 2135 2142 2151 2164 2165 2174 2191 
1640680686.397284 ### RSSI: -60, 28, 1640049897 ,1440 
1640680686.532861 ### RSSI: -66, 27, 1640049897 ,1442 
1640680687.370453 ### DEBUG: Ticks: 1456, 16, 1 
1640680687.370553 1640049898 c0:98:e5:42:00:2c 2954 
1640680687.381566 3180 3184 3186 3192 3193 3197 3198 3199 3206 3207 3216 3218 3219 3222 3222 
1640680687.381671 3223 3228 3230 3231 3234 3241 3242 3249 3252 3258 3271 3284 3291 3314 3764 
1640680688.373552 ### DEBUG: Ticks: 1471, 15, 1 
1640680688.373661 1640049899 c0:98:e5:42:00:2c 4204 
1640680688.373711 4303 4405 4407 4425 4446 4450 4456 4457 4463 4467 4473 4475 4475 4478 4488 
1640680688.373760 4495 4504 4505 4507 4511 4512 4536 4545 4545 4549 4565 4594 4657 0 0 
1640680689.371729 ### DEBUG: Ticks: 1487, 16, 1 
1640680689.371833 1640049900 c0:98:e5:42:00:2c 5362 
1640680689.371878 5524 5526 5533 5541 5548 5554 5564 5566 5574 5585 5593 5596 5597 5599 5611 
1640680689.371922 5622 5625 5653 5668 5673 5674 5680 5683 5684 5687 5688 5731 5795 6085 0 
1640680714.037479 
1640680714.037626 ----------------------------------------------
1640680714.037683 ### WARNING: Chip experienced a reset with reason 1
1640680714.037734 ### INFO: Bluetooth address: c0:98:e5:42:00:29
1640680714.037790 ### DEBUG: Time is 00:00:00, 2000/00/00
1640680714.037841 ### INFO: Time is 00:00:00, 2000/00/00
1640680714.037891 ### INFO: Initializing SD Card...
1640680714.037942 ### INFO: Connecting to the SquarePoint module...
1640680714.037992 ### INFO: SquarePoint module connection successful
1640680714.038043 ### INFO: Battery voltage currently 4092 mV
1640680714.038093 ### INFO: SD card flushed!
1640680714.038263 ### INFO: SD card flushed!
1640680714.038350 ### DEBUG: BLE START SCANNING called
1640680714.038426 ### DEBUG: Ticks: 15, 15, 0 
1640680714.038503 1640049925 ### DEBUG: BLE STOP SCANNING called
1640680714.038578 ### STOPPED, setting module to STOPPED
1640680714.038673 ### DEBUG: BLE START SCANNING called
1640680714.038749 ### addr: c0:98:e5:42:00:2c 
1640680714.038825 ### on_adv_report outer RSSI: -67, time:1640049925 
1640680714.038902 ### INFO: Discovered new device: c0:98:e5:42:00:2c
1640680714.038979 ### INFO: Starting the SquarePoint module...
1640680714.039057 ### INFO: Starting SquarePoint module as PARTICIPANT with timestamp 1640049925
1640680714.039135 ### DEBUG: BLE STOP SCANNING called
1640680714.039212 ### INFO: SquarePoint module successfully started!
1640680714.039288 ### DEBUG: Ticks: 17, 2, 0 
1640680714.039369 1640049926 ### DEBUG: Ticks: 33, 16, 0 
1640680714.295727 1640049927 ### DEBUG: Ticks: 48, 15, 0 
1640680735.497470 
1640680735.497596 ----------------------------------------------
1640680735.497648 ### WARNING: Chip experienced a reset with reason 2
1640680735.497699 ### INFO: Bluetooth address: c0:98:e5:42:00:29
1640680735.497750 ### DEBUG: Time is 00:00:00, 2000/00/00
1640680735.497815 ### INFO: Time is 00:00:00, 2000/00/00
1640680735.497893 ### INFO: Initializing SD Card...
1640680735.598737 ### INFO: Connecting to the SquarePoint module...
1640680735.598880 ### INFO: SquarePoint module connection successful
1640680735.598930 ### INFO: Battery voltage currently 4131 mV
1640680735.677733 ### INFO: SD card flushed!
1640680735.701251 ### INFO: SD card flushed!
1640680735.701368 ### DEBUG: BLE START SCANNING called
1640680736.318271 ### DEBUG: Ticks: 20, 20, 0 
1640680736.318378 1640049950 c0:98:e5:42:00:2c 4564 
1640680736.318420 4796 4810 4817 4820 4824 4831 4835 4835 4844 4848 4852 4857 4863 4869 4873 
1640680736.318460 4876 4882 4884 4886 4890 4893 4896 4901 4902 4902 4909 4915 4943 5044 5092 
1640680736.318501 ### INFO: Switched Scheduler EUI from 00:00:00:00:00:00 to c0:98:e5:42:00:2c
1640680736.329182 ### DEBUG: BLE STOP SCANNING called
1640680736.595381 ### DEBUG: BLE START SCANNING called
1640680737.321459 ### DEBUG: Ticks: 36, 16, 0 
1640680737.321575 1640049951 c0:98:e5:42:00:2c 3921 
1640680737.321625 4135 4135 4167 4171 4175 4177 4177 4185 4194 4199 4203 4207 4207 4207 4224 
1640680737.321679 4224 4224 4226 4228 4232 4249 4250 4251 4253 4273 4284 4303 4312 4347 4427 
1640680737.735587 ### addr: c0:98:e5:42:00:2c 
1640680737.735694 ### on_adv_report outer RSSI: -72, time:1640049951 
1640680737.735743 ### INFO: Discovered new device: c0:98:e5:42:00:2c
1640680737.735789 ### DEBUG: connected? already connected
1640680737.735833 ### DEBUG: BLE START SCANNING called
1640680737.789921 ### BLE EVENT: 16, INFO: BLE CONNECTED!
1640680737.790024 ### DEBUG: BLE START SCANNING called
1640680737.790066 ### RSSI: -72, 2, 1640049951 ,43 
1640680737.790162 ### DEBUG: BLE START SCANNING called
1640680737.892765 ### RSSI: -77, 28, 1640049952 ,45 
1640680737.892865 ### DEBUG: BLE START SCANNING called
1640680737.993965 ### RSSI: -63, 27, 1640049952 ,46 
1640680737.994082 ### DEBUG: BLE START SCANNING called
1640680738.085375 ### RSSI: -58, 13, 1640049952 ,48 
1640680738.085531 ### DEBUG: BLE START SCANNING called
1640680738.184663 ### RSSI: -61, 33, 1640049952 ,50 
1640680738.184859 ### DEBUG: BLE START SCANNING called
1640680738.288424 ### RSSI: -69, 19, 1640049952 ,51 
1640680738.288523 ### DEBUG: BLE START SCANNING called
1640680738.323713 ### DEBUG: Ticks: 52, 16, 1 
1640680738.323822 1640049952 c0:98:e5:42:00:2c 2936 
1640680738.323878 3133 3142 3143 3145 3149 3151 3161 3165 3172 3178 3179 3184 3185 3186 3193 
1640680738.323937 3193 3196 3199 3203 3206 3215 3220 3230 3233 3234 3235 3244 3260 3261 3377 
1640680738.323986 ### DEBUG: BLE START SCANNING called
1640680738.391042 ### RSSI: -64, 33, 1640049952 ,53 
1640680738.391143 ### DEBUG: BLE START SCANNING called
1640680738.492859 ### RSSI: -62, 23, 1640049952 ,54 
1640680738.493211 ### DEBUG: BLE START SCANNING called
1640680738.591707 ### DEBUG: BLE START SCANNING called
1640680738.691798 ### RSSI: -63, 26, 1640049952 ,57 
1640680738.691902 ### RSSI: -61, 26, 1640049952 ,57 
1640680738.691943 ### DEBUG: BLE START SCANNING called
1640680738.784612 ### RSSI: -66, 27, 1640049952 ,59 
1640680738.784719 ### DEBUG: BLE START SCANNING called
1640680738.885760 ### RSSI: -74, 15, 1640049953 ,61 
1640680738.885867 ### DEBUG: BLE START SCANNING called
1640680738.985396 ### RSSI: -69, 3, 1640049953 ,62 
1640680738.985509 ### DEBUG: BLE START SCANNING called
1640680739.086068 ### RSSI: -61, 17, 1640049953 ,64 
1640680739.086174 ### DEBUG: BLE START SCANNING called
1640680739.187038 ### RSSI: -63, 2, 1640049953 ,65 
1640680739.187146 ### DEBUG: BLE START SCANNING called
1640680739.289776 ### RSSI: -68, 0, 1640049953 ,67 
1640680739.289886 ### DEBUG: BLE START SCANNING called
1640680739.312306 ### DEBUG: BLE START SCANNING called
1640680739.390323 ### RSSI: -75, 33, 1640049953 ,68 
1640680739.390441 ### DEBUG: BLE START SCANNING called
1640680739.588967 ### DEBUG: BLE START SCANNING called
1640680740.593345 ### DEBUG: BLE START SCANNING called
1640680740.835703 ### STOPPED, setting module to STOPPED
1640680740.835821 ### INFO: Switched Scheduler EUI from c0:98:e5:42:00:2c to 00:00:00:00:00:00
1640680740.955953 ### INFO: SD card flushed!
1640680740.956080 ### INFO: Starting the SquarePoint module...
1640680740.956131 ### INFO: Starting SquarePoint module as PARTICIPANT with timestamp 1640049955
1640680740.956178 ### DEBUG: BLE STOP SCANNING called
1640680740.956218 ### INFO: SquarePoint module successfully started!
1640680740.980199 ### DEBUG: Ticks: 93, 41, 1 
1640680741.975638 1640049956 ### DEBUG: Ticks: 109, 16, 1 
1640680742.975020 1640049957 ### DEBUG: Ticks: 124, 15, 1 
1640680743.483916 1640049958 ### BLE EVENT: 17, INFO: BLE DISCONNECTED!
1640680743.995350 ### STOPPED, setting module to STOPPED
1640680743.995455 ### DEBUG: BLE START SCANNING called
1640680745.078718 ### DEBUG: BLE START SCANNING called
1640680745.111434 ### DEBUG: BLE START SCANNING called
1640680745.111551 ### addr: c0:98:e5:42:00:2c 
1640680745.111602 ### on_adv_report outer RSSI: -61, time:1640049960 
1640680745.111651 ### INFO: Discovered new device: c0:98:e5:42:00:2c
1640680745.111709 ### INFO: Switched Scheduler EUI from 00:00:00:00:00:00 to c0:98:e5:42:00:2c
1640680745.111757 ### INFO: Starting the SquarePoint module...
1640680745.111805 ### INFO: Starting SquarePoint module as PARTICIPANT with timestamp 1640049960
1640680745.111858 ### DEBUG: BLE STOP SCANNING called
1640680745.111910 ### INFO: SquarePoint module successfully started!
1640680745.133702 ### DEBUG: Ticks: 158, 34, 0 
1640680745.947268 1640049961 ### DEBUG: Ticks: 171, 13, 0 
1640680747.024798 1640049422 ### DEBUG: Ticks: 188, 17, 0 
1640680747.024913 1640049423 c0:98:e5:42:00:2c 1739 
1640680747.037465 2008 2018 2020 2048 2054 2065 2069 2074 2077 2079 2083 2084 2089 2093 2105 
1640680747.037583 2112 2113 2113 2124 2125 2129 2140 2186 2187 2232 2239 2240 2251 2258 2319 
1640680748.041989 ### DEBUG: Ticks: 203, 15, 0 
1640680748.042100 1640049424 c0:98:e5:42:00:2c 1731 
1640680748.042241 2001 2007 2008 2029 2031 2041 2042 2051 2054 2055 2059 2067 2076 2078 2092 
1640680748.042292 2094 2105 2122 2123 2126 2134 2138 2146 2161 2184 2187 2204 2206 2247 2381 
1640680749.042797 ### DEBUG: Ticks: 219, 16, 0 
1640680749.042894 1640049425 c0:98:e5:42:00:2c 1720 
1640680749.042935 1967 2008 2015 2025 2053 2055 2060 2062 2071 2075 2084 2089 2091 2093 2103 
1640680749.042994 2106 2107 2107 2126 2129 2130 2134 2164 2165 2167 2168 2183 2202 2230 2375 
1640680750.039465 ### DEBUG: Ticks: 235, 16, 0 
1640680750.039573 1640049426 c0:98:e5:42:00:2c 1777 
1640680750.039614 1922 1961 1982 1983 1994 1995 1996 2000 2004 2031 2035 2041 2044 2045 2048 
1640680750.039654 2051 2060 2062 2064 2066 2084 2086 2098 2113 2117 2129 2132 2139 2156 2222 
1640680751.039291 ### DEBUG: Ticks: 250, 15, 0 
1640680751.039397 1640049427 c0:98:e5:42:00:2c 1791 
1640680751.039440 1906 1997 2019 2030 2037 2058 2059 2061 2064 2064 2067 2069 2072 2076 2083 
1640680751.039482 2084 2084 2085 2093 2096 2109 2121 2134 2143 2163 2167 2213 2232 2235 2298 
1640680752.033588 ### DEBUG: Ticks: 266, 16, 0 
1640680752.043338 1640049428 c0:98:e5:42:00:2c 1704 
1640680752.043449 1965 1977 1980 2016 2022 2023 2032 2035 2039 2043 2047 2054 2055 2055 2058 
1640680752.043491 2060 2076 2089 2092 2097 2098 2104 2112 2115 2127 2142 2152 2297 2394 2875 
1640680753.039933 ### DEBUG: Ticks: 282, 16, 0 
1640680753.040053 1640049429 c0:98:e5:42:00:2c 1697 
1640680753.040126 1960 1962 1971 1999 2000 2001 2002 2003 2010 2020 2022 2023 2023 2024 2025 
1640680753.040179 2029 2035 2046 2046 2058 2075 2081 2092 2098 2100 2143 2148 2214 2314 2834 
1640680754.041866 ### DEBUG: Ticks: 297, 15, 0 
1640680754.041976 1640049430 c0:98:e5:42:00:2c 1973 
1640680754.042018 2184 2187 2200 2201 2203 2209 2221 2222 2244 2247 2248 2249 2250 2251 2261 
1640680754.042058 2262 2263 2265 2266 2267 2276 2278 2286 2296 2313 2318 2325 2347 2359 2438 
1640680755.038329 ### DEBUG: Ticks: 313, 16, 0 
1640680755.038434 1640049431 c0:98:e5:42:00:2c 2583 
1640680755.038490 2818 2825 2850 2854 2861 2869 2876 2878 2879 2883 2890 2893 2896 2897 2898 
1640680755.038543 2907 2908 2911 2914 2925 2926 2933 2936 2946 2946 2955 2964 2969 2981 3029 
1640680756.043544 ### DEBUG: Ticks: 328, 15, 0 
1640680756.043661 1640049432 c0:98:e5:42:00:2c 3549 
1640680756.043711 3824 3835 3838 3848 3850 3852 3877 3883 3886 3887 3895 3898 3898 3899 3900 
1640680756.043765 3904 3904 3905 3916 3939 3947 3955 3970 3971 3980 3985 4004 4005 4021 4088 
1640680757.036971 ### DEBUG: Ticks: 344, 16, 0 
1640680757.037092 1640049433 c0:98:e5:42:00:2c 4496 
1640680757.048795 4696 4702 4704 4751 4756 4757 4762 4762 4763 4769 4769 4770 4774 4779 4779 
1640680757.048917 4780 4782 4782 4808 4811 4813 4813 4814 4815 4847 4876 4923 4950 4955 5017 
1640680758.036579 ### DEBUG: Ticks: 360, 16, 0 
1640680758.036699 1640049434 c0:98:e5:42:00:2c 5134 
1640680758.036749 5364 5383 5394 5417 5424 5433 5436 5444 5477 5484 5490 5510 5511 5523 5543 
1640680758.036810 5544 5546 5551 5552 5562 5562 5582 5587 5587 5615 5650 5700 5740 5835 5896 
1640680759.041343 ### DEBUG: Ticks: 375, 15, 0 
1640680759.041453 1640049435 c0:98:e5:42:00:2c 5556 
1640680759.041498 5760 5761 5762 5797 5800 5803 5817 5821 5827 5830 5831 5833 5833 5839 5841 
1640680759.041542 5844 5858 5869 5873 5876 5908 5909 5929 5933 5937 5983 6033 6060 6127 6142 
1640680760.038774 ### DEBUG: Ticks: 391, 16, 0 
1640680760.039151 1640049436 c0:98:e5:42:00:2c 5360 
1640680760.039208 5557 5567 5602 5602 5607 5611 5614 5618 5623 5628 5630 5632 5635 5639 5642 
1640680760.039252 5642 5644 5654 5654 5661 5668 5674 5682 5703 5707 5715 5728 5747 5895 5921 
1640680761.037153 ### DEBUG: Ticks: 406, 15, 0 
1640680761.037253 1640049437 c0:98:e5:42:00:2c 5459 
1640680761.037294 5514 5628 5631 5651 5652 5663 5688 5690 5699 5709 5710 5712 5714 5719 5739 
1640680761.037353 5751 5759 5761 5772 5773 5775 5782 5788 5804 5804 5817 5826 5838 5860 6058 
1640680762.037809 ### DEBUG: Ticks: 422, 16, 0 
1640680762.037926 1640049438 c0:98:e5:42:00:2c 5483 
1640680762.037977 5713 5741 5767 5771 5774 5782 5792 5794 5795 5801 5806 5806 5810 5813 5824 
1640680762.038036 5828 5850 5855 5863 5867 5873 5885 5888 5903 5906 5956 5957 5960 5962 5963 
1640680763.044361 ### DEBUG: Ticks: 438, 16, 0 
1640680763.044521 1640049439 c0:98:e5:42:00:2c 5375 
1640680763.044572 5595 5659 5660 5679 5697 5705 5713 5713 5720 5726 5727 5728 5729 5734 5737 
1640680763.044620 5740 5744 5750 5752 5754 5770 5770 5772 5773 5782 5785 5851 5871 5944 5976 
1640680764.041669 ### DEBUG: Ticks: 453, 15, 0 
1640680764.041773 1640049440 c0:98:e5:42:00:2c 5468 
1640680764.041814 5659 5668 5690 5700 5700 5715 5725 5739 5743 5744 5752 5755 5757 5761 5767 
1640680764.041854 5779 5780 5785 5786 5800 5804 5836 5837 5841 5857 5862 5873 5946 6000 6066 
1640680765.043035 ### DEBUG: Ticks: 469, 16, 0 
1640680765.043166 1640049441 c0:98:e5:42:00:2c -2147483647 
1640680765.043228 -2147483647 -2147483647 -2147483647 -2147483647 -2147483647 -2147483647 -2147483647 -2147483647 -2147483647 -2147483647 -2147483647 -2147483647 -2147483647 -2147483647 -2147483647 
1640680765.043284 -2147483647 -2147483647 -2147483647 -2147483647 -2147483647 -2147483647 -2147483647 -2147483647 -2147483647 -2147483647 -2147483647 -2147483647 -2147483647 -2147483647 -2147483647 
1640680766.036992 ### DEBUG: Ticks: 485, 16, 0 
1640680766.037091 1640049442 c0:98:e5:42:00:2c -2147483647 
1640680766.037134 -2147483647 -2147483647 -2147483647 -2147483647 -2147483647 -2147483647 -2147483647 -2147483647 -2147483647 -2147483647 -2147483647 -2147483647 -2147483647 -2147483647 -2147483647 
1640680766.050005 -2147483647 -2147483647 -2147483647 -2147483647 -2147483647 -2147483647 -2147483647 -2147483647 -2147483647 -2147483647 -2147483647 -2147483647 -2147483647 -2147483647 -2147483647 
1640680767.039794 ### DEBUG: Ticks: 500, 15, 0 
1640680767.039896 1640049443 c0:98:e5:42:00:2c -2147483647 
1640680767.039938 -2147483647 -2147483647 -2147483647 -2147483647 -2147483647 -2147483647 -2147483647 -2147483647 -2147483647 -2147483647 -2147483647 -2147483647 -2147483647 -2147483647 -2147483647 
1640680767.039983 -2147483647 -2147483647 -2147483647 -2147483647 -2147483647 -2147483647 -2147483647 -2147483647 -2147483647 -2147483647 -2147483647 -2147483647 -2147483647 -2147483647 -2147483647 
1640680768.039312 ### DEBUG: Ticks: 516, 16, 0 
1640680768.039418 1640049444 c0:98:e5:42:00:2c -2147483647 
1640680768.039464 -2147483647 -2147483647 -2147483647 -2147483647 -2147483647 -2147483647 -2147483647 -2147483647 -2147483647 -2147483647 -2147483647 -2147483647 -2147483647 -2147483647 -2147483647 
1640680768.039586 -2147483647 -2147483647 -2147483647 -2147483647 -2147483647 -2147483647 -2147483647 -2147483647 -2147483647 -2147483647 -2147483647 -2147483647 -2147483647 -2147483647 -2147483647 
1640680769.033516 ### DEBUG: Ticks: 531, 15, 0 
1640680769.045859 1640049445 c0:98:e5:42:00:2c -2147483647 
1640680769.045967 -2147483647 -2147483647 -2147483647 -2147483647 -2147483647 -2147483647 -2147483647 -2147483647 -2147483647 -2147483647 -2147483647 -2147483647 -2147483647 -2147483647 -2147483647 
1640680769.046015 -2147483647 -2147483647 -2147483647 -2147483647 -2147483647 -2147483647 -2147483647 -2147483647 -2147483647 -2147483647 -2147483647 -2147483647 -2147483647 -2147483647 -2147483647 
1640680769.974186 ### DEBUG: Ticks: 546, 15, 0 
1640680771.064942 1640049421 ### DEBUG: Ticks: 563, 17, 0 
1640680771.065054 1640049422 c0:98:e5:42:00:2c 3824 
1640680771.065104 4075 4082 4083 4084 4092 4100 4101 4101 4104 4109 4110 4113 4114 4122 4124 
1640680771.065157 4126 4129 4130 4130 4131 4143 4149 4149 4150 4176 4183 4219 4224 4266 4289 
1640680772.069467 ### DEBUG: Ticks: 579, 16, 0 
1640680772.069579 1640049423 c0:98:e5:42:00:2c 2872 
1640680772.080446 3117 3121 3127 3136 3142 3144 3145 3146 3148 3150 3159 3163 3164 3170 3172 
1640680772.080562 3173 3174 3175 3186 3191 3194 3195 3202 3220 3221 3225 3248 3256 3277 3329 
1640680773.076769 ### DEBUG: Ticks: 594, 15, 0 
1640680773.076891 1640049424 c0:98:e5:42:00:2c 1950 
1640680773.076943 2224 2226 2233 2236 2241 2244 2245 2249 2251 2257 2258 2259 2260 2271 2273 
1640680773.076995 2275 2281 2281 2286 2293 2294 2294 2297 2299 2307 2326 2331 2362 2362 2448 
1640680774.077096 ### DEBUG: Ticks: 610, 16, 0 
1640680774.077213 1640049425 c0:98:e5:42:00:2c -2147483647 
1640680774.077269 -2147483647 -2147483647 -2147483647 -2147483647 -2147483647 -2147483647 -2147483647 -2147483647 -2147483647 -2147483647 -2147483647 -2147483647 -2147483647 -2147483647 -2147483647 
1640680774.077319 -2147483647 -2147483647 -2147483647 -2147483647 -2147483647 -2147483647 -2147483647 -2147483647 -2147483647 -2147483647 -2147483647 -2147483647 -2147483647 -2147483647 -2147483647 
1640680775.078413 ### DEBUG: Ticks: 626, 16, 0 
1640680775.078528 1640049426 c0:98:e5:42:00:2c -2147483647 
1640680775.078569 -2147483647 -2147483647 -2147483647 -2147483647 -2147483647 -2147483647 -2147483647 -2147483647 -2147483647 -2147483647 -2147483647 -2147483647 -2147483647 -2147483647 -2147483647 
1640680775.078613 -2147483647 -2147483647 -2147483647 -2147483647 -2147483647 -2147483647 -2147483647 -2147483647 -2147483647 -2147483647 -2147483647 -2147483647 -2147483647 -2147483647 -2147483647 
1640680776.072046 ### DEBUG: Ticks: 641, 15, 0 
1640680776.072156 1640049427 c0:98:e5:42:00:2c -2147483647 
1640680776.072207 -2147483647 -2147483647 -2147483647 -2147483647 -2147483647 -2147483647 -2147483647 -2147483647 -2147483647 -2147483647 -2147483647 -2147483647 -2147483647 -2147483647 -2147483647 
1640680776.083584 -2147483647 -2147483647 -2147483647 -2147483647 -2147483647 -2147483647 -2147483647 -2147483647 -2147483647 -2147483647 -2147483647 -2147483647 -2147483647 -2147483647 -2147483647 
1640680777.075324 ### DEBUG: Ticks: 657, 16, 0 
1640680777.075945 1640049428 c0:98:e5:42:00:2c -2147483647 
1640680777.076462 -2147483647 -2147483647 -2147483647 -2147483647 -2147483647 -2147483647 -2147483647 -2147483647 -2147483647 -2147483647 -2147483647 -2147483647 -2147483647 -2147483647 -2147483647 
1640680777.076662 -2147483647 -2147483647 -2147483647 -2147483647 -2147483647 -2147483647 -2147483647 -2147483647 -2147483647 -2147483647 -2147483647 -2147483647 -2147483647 -2147483647 -2147483647 
1640680778.078208 ### DEBUG: Ticks: 673, 16, 0 
1640680778.078328 1640049429 c0:98:e5:42:00:2c -2147483647 
1640680778.078379 -2147483647 -2147483647 -2147483647 -2147483647 -2147483647 -2147483647 -2147483647 -2147483647 -2147483647 -2147483647 -2147483647 -2147483647 -2147483647 -2147483647 -2147483647 
1640680778.078428 -2147483647 -2147483647 -2147483647 -2147483647 -2147483647 -2147483647 -2147483647 -2147483647 -2147483647 -2147483647 -2147483647 -2147483647 -2147483647 -2147483647 -2147483647 
1640680778.393092 ### DEBUG: Ticks: 678, 5, 0 
1640680778.393284 1640049430 c0:98:e5:42:00:2c 300 
1640680778.393335 384 384 384 384 384 384 384 384 384 384 384 384 384 384 384 
1640680778.393383 384 384 384 384 384 384 384 384 384 384 384 384 384 384 384 
1640680779.479382 ### DEBUG: Ticks: 694, 16, 0 
1640680779.479489 1640049431 c0:98:e5:42:00:2c -2147483647 
1640680779.479533 -2147483647 -2147483647 -2147483647 -2147483647 -2147483647 -2147483647 -2147483647 -2147483647 -2147483647 -2147483647 -2147483647 -2147483647 -2147483647 -2147483647 -2147483647 
1640680779.479646 -2147483647 -2147483647 -2147483647 -2147483647 -2147483647 -2147483647 -2147483647 -2147483647 -2147483647 -2147483647 -2147483647 -2147483647 -2147483647 -2147483647 -2147483647 
1640680780.484101 ### DEBUG: Ticks: 710, 16, 0 
1640680780.484219 1640049432 c0:98:e5:42:00:2c -2147483647 
1640680780.484275 -2147483647 -2147483647 -2147483647 -2147483647 -2147483647 -2147483647 -2147483647 -2147483647 -2147483647 -2147483647 -2147483647 -2147483647 -2147483647 -2147483647 -2147483647 
1640680780.484330 -2147483647 -2147483647 -2147483647 -2147483647 -2147483647 -2147483647 -2147483647 -2147483647 -2147483647 -2147483647 -2147483647 -2147483647 -2147483647 -2147483647 -2147483647 
1640680783.267661 ### DEBUG: Ticks: 754, 44, 0 
1640680785.545238 1640049435 ### STOPPED, setting module to STOPPED
1640680785.545352 ### INFO: Switched Scheduler EUI from c0:98:e5:42:00:2c to 00:00:00:00:00:00
1640680785.879496 ### INFO: SD card flushed!
1640680785.879603 ### DEBUG: BLE START SCANNING called
1640680785.904411 ### addr: c0:98:e5:42:00:2c 
1640680785.904525 ### on_adv_report outer RSSI: -62, time:1640049438 
1640680785.904576 ### INFO: Discovered new device: c0:98:e5:42:00:2c
1640680785.904630 ### INFO: Starting the SquarePoint module...
1640680785.904679 ### INFO: Starting SquarePoint module as PARTICIPANT with timestamp 1640049438
1640680785.904729 ### DEBUG: BLE STOP SCANNING called
1640680785.904778 ### INFO: SquarePoint module successfully started!
1640680785.925967 ### DEBUG: Ticks: 795, 41, 0 
1640680786.451972 1640049439 ### DEBUG: Ticks: 803, 8, 0 
1640680786.453165 1640049421 ### INFO: Switched Scheduler EUI from 00:00:00:00:00:00 to c0:98:e5:42:00:2c
1640680787.534507 ### DEBUG: Ticks: 820, 17, 0 
1640680787.534615 1640049422 c0:98:e5:42:00:2c 1889 
1640680787.534656 2140 2170 2178 2181 2189 2198 2202 2213 2219 2221 2235 2242 2244 2251 2262 
1640680787.534696 2263 2266 2268 2275 2283 2288 2292 2293 2309 2315 2317 2325 2326 2350 2354 
1640680788.542568 ### DEBUG: Ticks: 836, 16, 0 
1640680788.542679 1640049423 c0:98:e5:42:00:2c 2393 
1640680788.542729 2670 2670 2671 2691 2701 2709 2713 2720 2727 2737 2744 2744 2752 2754 2773 
1640680788.542791 2776 2779 2782 2792 2801 2809 2813 2817 2829 2842 2844 2865 2900 2939 3208 
1640680789.548663 ### DEBUG: Ticks: 852, 16, 0 
1640680789.548777 1640049424 c0:98:e5:42:00:2c 3219 
1640680789.548827 3434 3438 3473 3474 3479 3496 3513 3518 3528 3530 3536 3541 3549 3559 3564 
1640680789.548876 3564 3573 3574 3577 3581 3584 3590 3596 3606 3627 3725 3741 3788 3916 4021 
1640680790.545537 ### DEBUG: Ticks: 867, 15, 0 
1640680790.545639 1640049425 c0:98:e5:42:00:2c 4069 
1640680790.545684 4268 4333 4334 4337 4342 4348 4351 4351 4353 4357 4388 4389 4391 4391 4393 
1640680790.545729 4394 4404 4405 4406 4407 4408 4411 4415 4422 4426 4449 4453 4465 4486 4905 
1640680791.542610 ### DEBUG: Ticks: 883, 16, 0 
1640680791.542720 1640049426 c0:98:e5:42:00:2c 4695 
1640680791.542775 4878 4913 4950 4958 4962 4965 4967 4968 4970 4982 4983 4983 4984 4986 4987 
1640680791.542833 4988 4988 4994 5000 5008 5015 5015 5018 5022 5023 5032 5032 5041 5050 5157 
1640680792.543260 ### DEBUG: Ticks: 899, 16, 0 
1640680792.543359 1640049427 c0:98:e5:42:00:2c 5387 
1640680792.543421 5579 5582 5604 5607 5619 5621 5623 5629 5629 5633 5637 5647 5661 5670 5682 
1640680792.543461 5690 5694 5694 5695 5716 5718 5739 5742 5760 5785 5838 5842 5873 5950 6056 
1640680844.888391 
1640680844.888501 ----------------------------------------------
1640680844.888542 ### WARNING: Chip experienced a reset with reason 1
1640680844.888581 ### INFO: Bluetooth address: c0:98:e5:42:00:29
1640680844.888625 ### DEBUG: Time is 00:00:00, 2000/00/00
1640680844.888664 ### INFO: Time is 00:00:00, 2000/00/00
1640680844.888704 ### INFO: Initializing SD Card...
1640680844.888743 ### INFO: Connecting to the SquarePoint module...
1640680844.888782 ### INFO: SquarePoint module connection successful
1640680844.888821 ### INFO: Battery voltage currently 4092 mV
1640680844.888861 ### INFO: SD card flushed!
1640680844.888908 ### INFO: SD card flushed!
1640680844.888947 ### DEBUG: BLE START SCANNING called
1640680844.888987 ### DEBUG: Ticks: 11, 11, 0 
1640680844.889026 1640049481 c0:98:e5:42:00:2c -2147483647 
1640680844.889068 -2147483647 -2147483647 -2147483647 -2147483647 -2147483647 -2147483647 -2147483647 -2147483647 -2147483647 -2147483647 -2147483647 -2147483647 -2147483647 -2147483647 -2147483647 
1640680844.889108 -2147483647 -2147483647 -2147483647 -2147483647 -2147483647 -2147483647 -2147483647 -2147483647 -2147483647 -2147483647 -2147483647 -2147483647 -2147483647 -2147483647 -2147483647 
1640680844.889147 ### INFO: Switched Scheduler EUI from 00:00:00:00:00:00 to c0:98:e5:42:00:2c
1640680844.890083 ### DEBUG: BLE STOP SCANNING called
1640680844.890189 ### DEBUG: BLE START SCANNING called
1640680844.890230 ### DEBUG: Ticks: 28, 17, 0 
1640680844.890272 1640049482 c0:98:e5:42:00:2c -2147483647 
1640680844.890317 -2147483647 -2147483647 -2147483647 -2147483647 -2147483647 -2147483647 -2147483647 -2147483647 -2147483647 -2147483647 -2147483647 -2147483647 -2147483647 -2147483647 -2147483647 
1640680844.890366 -2147483647 -2147483647 -2147483647 -2147483647 -2147483647 -2147483647 -2147483647 -2147483647 -2147483647 -2147483647 -2147483647 -2147483647 -2147483647 -2147483647 -2147483647 
1640680844.890406 ### DEBUG: BLE START SCANNING called
1640680844.890448 ### DEBUG: BLE START SCANNING called
1640680844.890488 ### DEBUG: BLE START SCANNING called
1640680844.890527 ### DEBUG: BLE START SCANNING called
1640680844.890566 ### DEBUG: Ticks: 43, 15, 0 
1640680844.890608 1640049483 c0:98:e5:42:00:2c -2147483647 
1640680844.890648 -2147483647 -2147483647 -2147483647 -2147483647 -2147483647 -2147483647 -2147483647 -2147483647 -2147483647 -2147483647 -2147483647 -2147483647 -2147483647 -2147483647 -2147483647 
1640680845.860247 ### DEBUG: Ticks: 59, 16, 0 
1640680845.860435 1640049484 c0:98:e5:42:00:2c -2147483647 
1640680845.860482 -2147483647 -2147483647 -2147483647 -2147483647 -2147483647 -2147483647 -2147483647 -2147483647 -2147483647 -2147483647 -2147483647 -2147483647 -2147483647 -2147483647 -2147483647 
1640680845.860523 -2147483647 -2147483647 -2147483647 -2147483647 -2147483647 -2147483647 -2147483647 -2147483647 -2147483647 -2147483647 -2147483647 -2147483647 -2147483647 -2147483647 -2147483647 
1640680845.872081 ### DEBUG: BLE START SCANNING called
1640680845.872182 ### DEBUG: BLE START SCANNING called
1640680845.872223 ### DEBUG: BLE START SCANNING called
1640680845.872266 ### addr: c0:98:e5:42:00:2c 
1640680845.872305 ### on_adv_report outer RSSI: -63, time:1640049484 
1640680845.872345 ### INFO: Discovered new device: c0:98:e5:42:00:2c
1640680845.872384 ### DEBUG: connected? already connected
1640680845.872423 ### DEBUG: BLE START SCANNING called
1640680845.925917 ### BLE EVENT: 16, INFO: BLE CONNECTED!
1640680845.926040 ### DEBUG: BLE START SCANNING called
1640680845.926083 ### RSSI: -63, 33, 1640049485 ,60 
1640680845.926185 ### DEBUG: BLE START SCANNING called
1640680846.027644 ### RSSI: -79, 31, 1640049485 ,61 
1640680846.027756 ### DEBUG: BLE START SCANNING called
1640680846.130978 ### RSSI: -62, 1, 1640049485 ,63 
1640680846.131080 ### DEBUG: BLE START SCANNING called
1640680846.224192 ### RSSI: -68, 24, 1640049485 ,65 
1640680846.224532 ### DEBUG: BLE START SCANNING called
1640680846.322770 ### RSSI: -62, 6, 1640049485 ,66 
1640680846.322869 ### DEBUG: BLE START SCANNING called
1640680846.422855 ### RSSI: -56, 35, 1640049485 ,68 
1640680846.422953 ### DEBUG: BLE START SCANNING called
1640680846.523917 ### RSSI: -63, 26, 1640049485 ,69 
1640680846.524049 ### DEBUG: BLE START SCANNING called
1640680846.623481 ### RSSI: -68, 21, 1640049485 ,71 
1640680846.623599 ### DEBUG: BLE START SCANNING called
1640680846.677293 ### DEBUG: BLE START SCANNING called
1640680846.724330 ### RSSI: -58, 33, 1640049485 ,72 
1640680846.724446 ### DEBUG: BLE START SCANNING called
1640680846.822101 ### RSSI: -65, 29, 1640049485 ,74 
1640680846.822227 ### DEBUG: BLE START SCANNING called
1640680846.857188 ### DEBUG: Ticks: 74, 15, 1 
1640680846.857302 1640049485 c0:98:e5:42:00:2c -2147483647 
1640680846.857347 -2147483647 -2147483647 -2147483647 -2147483647 -2147483647 -2147483647 -2147483647 -2147483647 -2147483647 -2147483647 -2147483647 -2147483647 -2147483647 -2147483647 -2147483647 
1640680846.857586 -2147483647 -2147483647 -2147483647 -2147483647 -2147483647 -2147483647 -2147483647 -2147483647 -2147483647 -2147483647 -2147483647 -2147483647 -2147483647 -2147483647 -2147483647 
1640680846.857680 ### DEBUG: BLE START SCANNING called
1640680846.925568 ### RSSI: -64, 12, 1640049486 ,75 
1640680846.925684 ### DEBUG: BLE START SCANNING called
1640680847.024175 ### DEBUG: Ticks: 77, 3, 1 
1640680847.024294 1640049421 c0:98:e5:42:00:2c 300 
1640680847.024335 384 384 384 384 384 384 384 384 384 384 384 384 384 384 384 
1640680847.024376 384 384 384 384 384 384 384 384 384 384 384 384 384 384 384 
1640680847.024426 ### DEBUG: BLE START SCANNING called
1640680847.024466 ### RSSI: -65, 23, 1640049421 ,77 
1640680847.024522 ### DEBUG: BLE START SCANNING called
1640680847.123453 ### RSSI: -62, 3, 1640049421 ,79 
1640680847.123551 ### DEBUG: BLE START SCANNING called
1640680847.222098 ### RSSI: -67, 12, 1640049421 ,80 
1640680847.231649 ### DEBUG: BLE START SCANNING called
1640680847.330610 ### RSSI: -59, 5, 1640049421 ,82 
1640680847.330713 ### DEBUG: BLE START SCANNING called
1640680847.431850 ### RSSI: -62, 4, 1640049421 ,83 
1640680847.431958 ### DEBUG: BLE START SCANNING called
1640680847.529650 ### RSSI: -73, 22, 1640049421 ,85 
1640680847.529752 ### DEBUG: BLE START SCANNING called
1640680847.682876 ### DEBUG: BLE START SCANNING called
1640680848.103682 ### DEBUG: BLE START SCANNING called
1640680848.530775 ### RSSI: -60, 34, 1640049422 ,100 
1640680848.530888 ### DEBUG: BLE START SCANNING called
1640680849.524396 ### RSSI: -68, 10, 1640049423 ,116 
1640680850.114544 ### DEBUG: Ticks: 125, 48, 1 
1640680850.114647 1640049424 c0:98:e5:42:00:2c 2006 
1640680850.114692 2167 2174 2176 2188 2205 2212 2213 2217 2218 2230 2237 2243 2252 2254 2254 
1640680850.114874 2275 2277 2279 2294 2295 2299 2303 2319 2330 2332 2339 2339 2345 2389 2408 
1640680850.526938 ### RSSI: -63, 17, 1640049424 ,132 
1640680851.105419 ### ERROR: Failed reading SquarePoint packet length
1640680851.524347 ### RSSI: -70, 33, 1640049425 ,147 
1640680852.529612 ### RSSI: -61, 3, 1640049426 ,163 
1640680853.115310 ### DEBUG: Ticks: 172, 47, 1 
1640680853.115422 1640049427 c0:98:e5:42:00:2c 2139 
1640680853.115463 2341 2360 2362 2367 2374 2381 2388 2390 2395 2396 2403 2410 2411 2411 2421 
1640680853.115506 2426 2428 2429 2435 2436 2445 2447 2447 2449 2458 2464 2467 2477 2501 2525 
1640680853.528141 ### RSSI: -71, 11, 1640049427 ,179 
1640680854.116462 ### DEBUG: Ticks: 188, 16, 1 
1640680854.116557 1640049428 c0:98:e5:42:00:2c 2049 
1640680854.116598 2279 2316 2320 2323 2326 2341 2342 2346 2355 2356 2371 2375 2376 2393 2397 
1640680854.116638 2400 2407 2408 2410 2410 2423 2447 2449 2454 2456 2494 2509 2529 2537 2568 
1640680854.522752 ### RSSI: -68, 22, 1640049428 ,194 
1640680855.114452 ### DEBUG: Ticks: 203, 15, 1 
1640680855.114565 1640049429 c0:98:e5:42:00:2c 2151 
1640680855.114610 2353 2381 2401 2402 2408 2420 2424 2429 2435 2439 2443 2447 2448 2460 2461 
1640680855.114656 2467 2469 2470 2470 2476 2480 2481 2482 2483 2494 2496 2502 2529 2582 2606 
1640680855.523028 ### RSSI: -58, 34, 1640049430 ,210 
1640680856.113519 ### DEBUG: Ticks: 219, 16, 1 
1640680856.113637 1640049430 c0:98:e5:42:00:2c 2215 
1640680856.113843 2418 2433 2446 2448 2450 2462 2471 2473 2476 2485 2490 2494 2501 2503 2505 
1640680856.113893 2510 2511 2514 2515 2520 2529 2529 2530 2532 2541 2559 2588 2589 2628 2645 
1640680856.527869 ### RSSI: -62, 11, 1640049431 ,225 
1640680857.115019 ### DEBUG: Ticks: 235, 16, 1 
1640680857.115125 1640049431 c0:98:e5:42:00:2c 2519 
1640680857.115167 2690 2700 2704 2713 2742 2744 2748 2752 2765 2768 2779 2783 2791 2792 2795 
1640680857.115206 2802 2803 2806 2809 2810 2819 2827 2827 2836 2844 2873 2886 2910 2915 3060 
1640680857.527133 ### RSSI: -63, 9, 1640049432 ,241 
1640680858.113421 ### DEBUG: Ticks: 250, 15, 1 
1640680858.113535 1640049432 c0:98:e5:42:00:2c 3269 
1640680858.113690 3465 3487 3494 3502 3526 3540 3541 3549 3552 3553 3559 3563 3563 3564 3568 
1640680858.113746 3571 3576 3578 3587 3604 3616 3619 3620 3625 3628 3640 3725 3778 3850 3969 
1640680858.526247 ### RSSI: -57, 26, 1640049433 ,257 
1640680859.523002 ### RSSI: -59, 35, 1640049434 ,272 
1640680860.522237 ### RSSI: -65, 3, 1640049435 ,288 
1640680861.112573 ### DEBUG: Ticks: 297, 47, 1 
1640680861.112681 1640049435 c0:98:e5:42:00:2c 5467 
1640680861.112723 5616 5675 5684 5691 5712 5717 5717 5759 5762 5767 5773 5790 5791 5794 5810 
1640680861.112764 5822 5835 5844 5845 5852 5853 5860 5878 5892 5911 5925 5930 5976 6059 6156 
1640680861.524072 ### RSSI: -62, 15, 1640049436 ,303 
1640680862.115360 ### DEBUG: Ticks: 313, 16, 1 
1640680862.115469 1640049436 c0:98:e5:42:00:2c 5739 
1640680862.115511 5999 6025 6027 6036 6037 6040 6046 6049 6065 6094 6095 6099 6099 6101 6109 
1640680862.115553 6115 6117 6117 6121 6133 6151 6181 6187 6282 6290 6298 6322 6377 6404 6474 
1640680863.115307 ### DEBUG: Ticks: 328, 15, 1 
1640680863.115407 1640049437 c0:98:e5:42:00:2c 5486 
1640680863.115449 5685 5710 5719 5719 5732 5740 5762 5772 5773 5774 5778 5779 5779 5781 5782 
1640680863.115491 5782 5784 5792 5797 5804 5807 5813 5820 5828 5844 5864 5885 5892 5903 5950 
1640680864.115933 ### DEBUG: Ticks: 344, 16, 1 
1640680864.116041 1640049438 c0:98:e5:42:00:2c 5531 
1640680864.116083 5682 5742 5753 5762 5771 5773 5774 5782 5794 5794 5794 5796 5802 5806 5808 
1640680864.116126 5809 5809 5817 5823 5825 5829 5837 5857 5881 5890 5892 5901 5958 5972 6004 
1640680865.111993 ### DEBUG: Ticks: 360, 16, 1 
1640680865.112854 1640049439 c0:98:e5:42:00:2c 5679 
1640680865.113954 5721 5817 5831 5842 5879 5883 5889 5904 5912 5915 5927 5932 5934 5943 5947 
1640680865.115128 5958 5961 5971 5973 5977 5982 5988 5992 6005 6014 6051 6120 6127 6226 6227 
1640680865.630942 ### BLE EVENT: 17, INFO: BLE DISCONNECTED!
1640680866.112022 ### DEBUG: Ticks: 375, 15, 0 
1640680866.112190 1640049440 c0:98:e5:42:00:2c 5629 
1640680866.112235 5812 5815 5843 5890 5904 5909 5909 5911 5926 5941 5944 5954 5960 5961 5962 
1640680866.122215 5966 5971 5978 5978 6002 6027 6036 6055 6064 6074 6076 6085 6113 6192 6234 
1640680867.116137 ### DEBUG: Ticks: 391, 16, 0 
1640680867.116678 1640049441 c0:98:e5:42:00:2c 5576 
1640680867.117631 5778 5801 5828 5845 5849 5852 5860 5860 5861 5862 5864 5867 5868 5873 5874 
1640680867.118532 5891 5892 5893 5896 5899 5918 5929 5940 5943 5950 5963 5974 6078 6143 6248 
1640680867.920244 ### BLE EVENT: 16, INFO: BLE CONNECTED!
1640680867.931270 ### RSSI: -71, 29, 1640049441 ,403 
1640680870.112634 ### DEBUG: Ticks: 438, 47, 0 
1640680870.112751 1640049444 c0:98:e5:42:00:2c -2147483647 
1640680870.112807 -2147483647 -2147483647 -2147483647 -2147483647 -2147483647 -2147483647 -2147483647 -2147483647 -2147483647 -2147483647 -2147483647 -2147483647 -2147483647 -2147483647 -2147483647 
1640680870.123542 -2147483647 -2147483647 -2147483647 -2147483647 -2147483647 -2147483647 -2147483647 -2147483647 -2147483647 -2147483647 -2147483647 -2147483647 -2147483647 -2147483647 -2147483647 
1640680871.113556 ### DEBUG: Ticks: 453, 15, 0 
1640680871.114311 1640049445 c0:98:e5:42:00:2c -2147483647 
1640680871.116525 -2147483647 -2147483647 -2147483647 -2147483647 -2147483647 -2147483647 -2147483647 -2147483647 -2147483647 -2147483647 -2147483647 -2147483647 -2147483647 -2147483647 -2147483647 
1640680871.118331 -2147483647 -2147483647 -2147483647 -2147483647 -2147483647 -2147483647 -2147483647 -2147483647 -2147483647 -2147483647 -2147483647 -2147483647 -2147483647 -2147483647 -2147483647 
1640680872.027350 ### BLE EVENT: 17, INFO: BLE DISCONNECTED!
1640680872.115755 ### DEBUG: Ticks: 469, 16, 0 
1640680872.115852 1640049446 c0:98:e5:42:00:2c -2147483647 
1640680872.115910 -2147483647 -2147483647 -2147483647 -2147483647 -2147483647 -2147483647 -2147483647 -2147483647 -2147483647 -2147483647 -2147483647 -2147483647 -2147483647 -2147483647 -2147483647 
1640680872.116101 -2147483647 -2147483647 -2147483647 -2147483647 -2147483647 -2147483647 -2147483647 -2147483647 -2147483647 -2147483647 -2147483647 -2147483647 -2147483647 -2147483647 -2147483647 
1640680873.053204 ### DEBUG: Ticks: 483, 14, 0 
1640680874.138272 1640049421 ### DEBUG: Ticks: 500, 17, 0 
1640680874.138368 1640049422 c0:98:e5:42:00:2c 3988 
1640680874.138409 4206 4207 4260 4269 4273 4273 4278 4281 4288 4289 4293 4299 4299 4301 4301 
1640680874.138451 4309 4310 4313 4321 4323 4328 4329 4335 4344 4355 4359 4406 4408 4410 4462 
1640680875.136364 ### DEBUG: Ticks: 516, 16, 0 
1640680875.148907 1640049423 c0:98:e5:42:00:2c 3173 
1640680875.149009 3353 3375 3421 3424 3441 3442 3449 3449 3451 3451 3451 3452 3462 3462 3463 
1640680875.149050 3465 3466 3469 3470 3473 3476 3476 3492 3503 3505 3517 3529 3537 3544 3572 
1640680876.143564 ### DEBUG: Ticks: 532, 16, 0 
1640680876.143694 1640049424 c0:98:e5:42:00:2c 2229 
1640680876.143745 2454 2455 2474 2489 2492 2496 2498 2502 2510 2519 2520 2520 2526 2531 2531 
1640680876.143801 2532 2533 2535 2541 2544 2544 2545 2546 2560 2563 2585 2592 2625 2635 0 
1640680877.140234 ### DEBUG: Ticks: 547, 15, 0 
1640680877.140358 1640049425 c0:98:e5:42:00:2c 1666 
1640680877.140417 1800 1875 1891 1895 1900 1901 1902 1917 1920 1930 1939 1940 1943 1948 1950 
1640680877.140475 1951 1953 1953 1963 1963 1968 1968 1974 1975 1989 1994 2006 2019 2069 2125 
1640680878.140113 ### DEBUG: Ticks: 563, 16, 0 
1640680878.140251 1640049426 c0:98:e5:42:00:2c 1177 
1640680878.140318 1340 1359 1366 1381 1390 1394 1397 1405 1405 1406 1412 1416 1421 1421 1423 
1640680878.140367 1425 1426 1427 1431 1438 1439 1439 1442 1452 1463 1466 1469 1471 1477 1481 
1640680879.141767 ### DEBUG: Ticks: 579, 16, 0 
1640680879.141873 1640049427 c0:98:e5:42:00:2c 1358 
1640680879.141926 1642 1643 1651 1668 1675 1679 1683 1685 1688 1690 1697 1700 1701 1703 1709 
1640680879.141966 1722 1725 1731 1732 1734 1736 1737 1751 1763 1775 1778 1860 1876 1887 1923 
1640680880.139829 ### DEBUG: Ticks: 594, 15, 0 
1640680880.139935 1640049428 c0:98:e5:42:00:2c 1442 
1640680880.139977 1607 1622 1627 1632 1641 1662 1665 1672 1678 1680 1692 1694 1697 1704 1711 
1640680880.151680 1718 1721 1729 1731 1735 1743 1750 1771 1812 1822 1823 1825 1832 1836 1866 
1640680881.143745 ### DEBUG: Ticks: 610, 16, 0 
1640680881.143847 1640049429 c0:98:e5:42:00:2c 1465 
1640680881.143903 1625 1629 1630 1630 1651 1662 1669 1673 1690 1690 1696 1696 1697 1708 1711 
1640680881.143943 1712 1713 1718 1728 1729 1729 1733 1741 1744 1747 1780 1780 1795 1839 1882 
1640680882.141968 ### DEBUG: Ticks: 626, 16, 0 
1640680882.142074 1640049430 c0:98:e5:42:00:2c 1485 
1640680882.142163 1697 1704 1704 1709 1730 1740 1751 1754 1756 1763 1770 1780 1782 1791 1794 
1640680882.142203 1798 1798 1805 1817 1817 1819 1819 1822 1824 1826 1831 1859 1887 1906 2000 
1640680883.140434 ### DEBUG: Ticks: 641, 15, 0 
1640680883.140540 1640049431 c0:98:e5:42:00:2c 1582 
1640680883.140581 1811 1817 1836 1838 1840 1840 1844 1851 1860 1864 1872 1882 1885 1897 1898 
1640680883.140632 1920 1921 1922 1928 1940 1952 1953 1982 1983 2030 2036 2037 2050 2086 0 
1640680884.143325 ### DEBUG: Ticks: 657, 16, 0 
1640680884.143426 1640049432 c0:98:e5:42:00:2c 1839 
1640680884.143471 1968 1971 2001 2015 2028 2042 2050 2057 2067 2068 2073 2074 2077 2078 2105 
1640680884.143511 2112 2116 2117 2131 2134 2136 2141 2168 2177 2182 2202 2214 2218 2240 2382 
1640680887.144750 ### DEBUG: Ticks: 704, 47, 0 
1640680887.144871 1640049435 c0:98:e5:42:00:2c -2147483647 
1640680887.144928 -2147483647 -2147483647 -2147483647 -2147483647 -2147483647 -2147483647 -2147483647 -2147483647 -2147483647 -2147483647 -2147483647 -2147483647 -2147483647 -2147483647 -2147483647 
1640680887.144986 -2147483647 -2147483647 -2147483647 -2147483647 -2147483647 -2147483647 -2147483647 -2147483647 -2147483647 -2147483647 -2147483647 -2147483647 -2147483647 -2147483647 -2147483647 
1640680888.146584 ### DEBUG: Ticks: 719, 15, 0 
1640680888.146702 1640049436 c0:98:e5:42:00:2c -2147483647 
1640680888.146746 -2147483647 -2147483647 -2147483647 -2147483647 -2147483647 -2147483647 -2147483647 -2147483647 -2147483647 -2147483647 -2147483647 -2147483647 -2147483647 -2147483647 -2147483647 
1640680888.146843 -2147483647 -2147483647 -2147483647 -2147483647 -2147483647 -2147483647 -2147483647 -2147483647 -2147483647 -2147483647 -2147483647 -2147483647 -2147483647 -2147483647 -2147483647 
1640680889.148486 ### DEBUG: Ticks: 735, 16, 0 
1640680889.148583 1640049437 c0:98:e5:42:00:2c -2147483647 
1640680889.148629 -2147483647 -2147483647 -2147483647 -2147483647 -2147483647 -2147483647 -2147483647 -2147483647 -2147483647 -2147483647 -2147483647 -2147483647 -2147483647 -2147483647 -2147483647 
1640680889.148673 -2147483647 -2147483647 -2147483647 -2147483647 -2147483647 -2147483647 -2147483647 -2147483647 -2147483647 -2147483647 -2147483647 -2147483647 -2147483647 -2147483647 -2147483647 
1640680889.527940 ### INFO: SD card flushed!
1640680890.237507 ### DEBUG: Ticks: 752, 17, 0 
1640680890.237616 1640049438 c0:98:e5:42:00:2c -2147483647 
1640680890.237764 -2147483647 -2147483647 -2147483647 -2147483647 -2147483647 -2147483647 -2147483647 -2147483647 -2147483647 -2147483647 -2147483647 -2147483647 -2147483647 -2147483647 -2147483647 
1640680890.238032 -2147483647 -2147483647 -2147483647 -2147483647 -2147483647 -2147483647 -2147483647 -2147483647 -2147483647 -2147483647 -2147483647 -2147483647 -2147483647 -2147483647 -2147483647 
1640680890.302087 ### STOPPED, setting module to STOPPED
1640680890.302305 ### INFO: Switched Scheduler EUI from c0:98:e5:42:00:2c to 00:00:00:00:00:00
1640680890.410027 ### INFO: SD card flushed!
1640680890.420454 ### DEBUG: BLE START SCANNING called
1640680891.533905 ### DEBUG: BLE START SCANNING called
1640680891.544928 ### addr: c0:98:e5:42:00:2c 
1640680891.545033 ### on_adv_report outer RSSI: -57, time:1640049439 
1640680891.545074 ### INFO: Discovered new device: c0:98:e5:42:00:2c
1640680891.545114 ### INFO: Switched Scheduler EUI from 00:00:00:00:00:00 to c0:98:e5:42:00:2c
1640680891.545162 ### INFO: Starting the SquarePoint module...
1640680891.545210 ### INFO: Starting SquarePoint module as PARTICIPANT with timestamp 1640049439
1640680891.545252 ### DEBUG: BLE STOP SCANNING called
1640680891.545292 ### INFO: SquarePoint module successfully started!
1640680893.320250 ### DEBUG: Ticks: 800, 48, 0 
1640680893.320358 1640049424 c0:98:e5:42:00:2c -2147483647 
1640680893.320403 -2147483647 -2147483647 -2147483647 -2147483647 -2147483647 -2147483647 -2147483647 -2147483647 -2147483647 -2147483647 -2147483647 -2147483647 -2147483647 -2147483647 -2147483647 
1640680893.331927 -2147483647 -2147483647 -2147483647 -2147483647 -2147483647 -2147483647 -2147483647 -2147483647 -2147483647 -2147483647 -2147483647 -2147483647 -2147483647 -2147483647 -2147483647 
1640680894.331219 ### DEBUG: Ticks: 816, 16, 0 
1640680894.331334 1640049425 c0:98:e5:42:00:2c -2147483647 
1640680894.331380 -2147483647 -2147483647 -2147483647 -2147483647 -2147483647 -2147483647 -2147483647 -2147483647 -2147483647 -2147483647 -2147483647 -2147483647 -2147483647 -2147483647 -2147483647 
1640680894.343527 -2147483647 -2147483647 -2147483647 -2147483647 -2147483647 -2147483647 -2147483647 -2147483647 -2147483647 -2147483647 -2147483647 -2147483647 -2147483647 -2147483647 -2147483647 
1640680895.332885 ### DEBUG: Ticks: 831, 15, 0 
1640680895.332987 1640049426 c0:98:e5:42:00:2c -2147483647 
1640680895.333033 -2147483647 -2147483647 -2147483647 -2147483647 -2147483647 -2147483647 -2147483647 -2147483647 -2147483647 -2147483647 -2147483647 -2147483647 -2147483647 -2147483647 -2147483647 
1640680895.333076 -2147483647 -2147483647 -2147483647 -2147483647 -2147483647 -2147483647 -2147483647 -2147483647 -2147483647 -2147483647 -2147483647 -2147483647 -2147483647 -2147483647 -2147483647 
1640680896.331995 ### DEBUG: Ticks: 847, 16, 0 
1640680896.332101 1640049427 c0:98:e5:42:00:2c -2147483647 
1640680896.332148 -2147483647 -2147483647 -2147483647 -2147483647 -2147483647 -2147483647 -2147483647 -2147483647 -2147483647 -2147483647 -2147483647 -2147483647 -2147483647 -2147483647 -2147483647 
1640680896.332193 -2147483647 -2147483647 -2147483647 -2147483647 -2147483647 -2147483647 -2147483647 -2147483647 -2147483647 -2147483647 -2147483647 -2147483647 -2147483647 -2147483647 -2147483647 
1640680897.330283 ### DEBUG: Ticks: 863, 16, 0 
1640680897.330392 1640049428 c0:98:e5:42:00:2c -2147483647 
1640680897.330439 -2147483647 -2147483647 -2147483647 -2147483647 -2147483647 -2147483647 -2147483647 -2147483647 -2147483647 -2147483647 -2147483647 -2147483647 -2147483647 -2147483647 -2147483647 
1640680897.341442 -2147483647 -2147483647 -2147483647 -2147483647 -2147483647 -2147483647 -2147483647 -2147483647 -2147483647 -2147483647 -2147483647 -2147483647 -2147483647 -2147483647 -2147483647 
1640680898.335474 ### DEBUG: Ticks: 878, 15, 0 
1640680898.335580 1640049429 c0:98:e5:42:00:2c -2147483647 
1640680898.335624 -2147483647 -2147483647 -2147483647 -2147483647 -2147483647 -2147483647 -2147483647 -2147483647 -2147483647 -2147483647 -2147483647 -2147483647 -2147483647 -2147483647 -2147483647 
1640680898.335760 -2147483647 -2147483647 -2147483647 -2147483647 -2147483647 -2147483647 -2147483647 -2147483647 -2147483647 -2147483647 -2147483647 -2147483647 -2147483647 -2147483647 -2147483647 
1640680899.112911 ### DEBUG: Ticks: 891, 13, 0 
1640680899.626650 1640049430 ### INFO: Device is now STATIONARY
1640680899.691709 ### DEBUG: Ticks: 900, 9, 0 
