1640933752.478396 ###RTT Client: ************************************************************ 
1640933752.478551 ###RTT Client: *               SEGGER Microcontroller GmbH                * 
1640933752.478593 ###RTT Client: *   Solutions for real time microcontroller applications   * 
1640933752.478633 ###RTT Client: ************************************************************ 
1640933752.478672 ###RTT Client: *                                                          * 
1640933752.478719 ###RTT Client: *       (c) 2012 - 2016  SEGGER Microcontroller GmbH       * 
1640933752.478764 ###RTT Client: *                                                          * 
1640933752.478831 ###RTT Client: *     www.segger.com     Support: support@segger.com       * 
1640933752.478879 ###RTT Client: *                                                          * 
1640933752.478962 ###RTT Client: ************************************************************ 
1640933752.479002 ###RTT Client: *                                                          * 
1640933752.479047 ###RTT Client: * SEGGER J-Link RTT Client   Compiled Jan 30 2018 18:46:58 * 
1640933752.479090 ###RTT Client: *                                                          * 
1640933752.479130 ###RTT Client: ************************************************************ 
1640933752.479170 
1640933752.479213 ###RTT Client: -----------------------------------------------
1640933752.479252 ###RTT Client: Connecting to J-Link RTT Server via localhost:9201  Connected.
1640933752.479298 SEGGER J-Link V6.30 - Real time terminal output
1640933752.479342 J-Link EDU Mini V1 compiled Oct 22 2019 16:28:45 V1.0, SN=801021855
1640933752.479387 Process: JLinkExe
1640933752.479432 ### RSSI: -51, 1, 1640055914 ,1681 
1640933752.479476 ### RSSI: -48, 24, 1640055915 ,1696 
1640933752.479522 ### RSSI: -54, 3, 1640055916 ,1712 
1640933752.479562 ### RSSI: -49, 10, 1640055917 ,1728 
1640933752.479611 ### RSSI: -49, 9, 1640055918 ,1743 
1640933752.479654 ### DEBUG: Ticks: 1745, 79, 1 
1640933752.479700 1640055918 c0:98:e5:42:00:2c 315 
1640933752.479740 500 528 536 553 567 588 590 591 602 603 613 614 618 620 631 
1640933752.479784 631 636 642 645 646 646 665 669 672 673 675 712 720 752 754 
1640933752.479824 ### RSSI: -53, 6, 1640055919 ,1759 
1640933752.479868 ### DEBUG: Ticks: 1760, 15, 1 
1640933752.479912 1640055919 c0:98:e5:42:00:2c 312 
1640933752.479958 510 525 539 565 566 573 577 577 578 584 601 606 607 617 625 
1640933752.479998 625 626 641 645 646 648 656 668 673 675 677 677 688 703 731 
1640933752.480043 ### RSSI: -47, 34, 1640055920 ,1775 
1640933752.480088 ### DEBUG: Ticks: 1776, 16, 1 
1640933752.480133 1640055920 c0:98:e5:42:00:2c 322 
1640933752.480178 516 517 575 582 588 590 594 617 617 620 627 628 635 644 645 
1640933752.480222 645 649 656 662 670 674 680 691 692 695 722 731 735 767 0 
1640933752.480268 ### RSSI: -50, 1, 1640055921 ,1790 
1640933752.480310 ### DEBUG: Ticks: 1791, 15, 1 
1640933752.480354 1640055921 c0:98:e5:42:00:2c 263 
1640933752.480399 420 469 476 478 484 487 490 495 501 502 512 514 521 522 526 
1640933752.480445 529 532 534 559 563 567 567 568 573 575 585 609 621 659 679 
1640933752.480490 ### RSSI: -47, 29, 1640055922 ,1806 
1640933752.480535 ### RSSI: -49, 19, 1640055923 ,1821 
1640933752.480576 ### RSSI: -49, 26, 1640055924 ,1837 
1640933752.480620 ### DEBUG: Ticks: 1838, 47, 1 
1640933752.480664 1640055924 c0:98:e5:42:00:2c 325 
1640933752.480709 461 469 493 508 523 524 531 533 541 552 554 558 562 573 582 
1640933752.480749 583 584 585 589 594 609 616 622 626 633 639 640 660 680 696 
1640933752.480792 ### RSSI: -46, 33, 1640055925 ,1853 
1640933752.480837 ### RSSI: -53, 2, 1640055926 ,1868 
1640933752.480881 ### RSSI: -57, 8, 1640055927 ,1884 
1640933752.480925 ### DEBUG: Ticks: 1885, 47, 1 
1640933752.480965 1640055927 c0:98:e5:42:00:2c 294 
1640933752.481011 433 486 498 509 522 540 558 570 577 583 587 588 588 588 589 
1640933752.481051 589 591 593 597 607 619 630 632 637 637 646 647 648 681 721 
1640933752.481096 ### RSSI: -54, 3, 1640055928 ,1899 
1640933752.481136 ### DEBUG: Ticks: 1901, 16, 1 
1640933752.481180 1640055928 c0:98:e5:42:00:2c 292 
1640933752.481222 395 426 462 493 496 505 513 513 517 517 518 521 530 538 541 
1640933752.481267 552 562 566 568 572 578 581 594 595 605 615 615 648 654 672 
1640933752.481333 ### RSSI: -51, 15, 1640055929 ,1915 
1640933752.481374 ### DEBUG: Ticks: 1916, 15, 1 
1640933752.481471 1640055929 c0:98:e5:42:00:2c 284 
1640933752.481519 427 476 478 490 491 493 501 501 503 507 540 546 548 551 563 
1640933752.481564 566 573 575 576 580 588 591 594 608 609 616 635 643 676 676 
1640933752.481604 ### RSSI: -54, 5, 1640055930 ,1931 
1640933752.481649 ### DEBUG: Ticks: 1932, 16, 1 
1640933752.481689 1640055930 c0:98:e5:42:00:2c 324 
1640933752.481734 490 516 517 583 605 610 613 615 633 638 640 641 642 642 643 
1640933752.481774 653 658 663 663 666 670 683 688 690 702 722 723 750 754 779 
1640933752.481819 ### RSSI: -47, 36, 1640055931 ,1946 
1640933752.481860 ### DEBUG: Ticks: 1948, 16, 1 
1640933752.481900 1640055931 c0:98:e5:42:00:2c 311 
1640933752.481939 441 479 485 516 527 547 559 561 562 572 573 589 593 598 599 
1640933752.481984 600 604 606 610 611 623 624 631 632 633 639 663 685 690 0 
1640933752.482024 ### RSSI: -47, 33, 1640055932 ,1962 
1640933752.482069 ### DEBUG: Ticks: 1963, 15, 1 
1640933752.482109 1640055932 c0:98:e5:42:00:2c 311 
1640933752.482156 452 480 499 511 527 527 546 577 581 584 591 602 605 612 614 
1640933752.482201 617 617 621 621 626 628 628 635 635 635 640 647 649 656 696 
1640933752.482241 ### RSSI: -52, 0, 1640055933 ,1978 
1640933752.482286 ### DEBUG: Ticks: 1979, 16, 1 
1640933752.482326 1640055933 c0:98:e5:42:00:2c 268 
1640933752.482376 425 459 475 482 486 490 501 505 506 514 519 520 524 532 535 
1640933752.482421 538 539 564 576 580 588 588 592 595 600 607 617 644 669 671 
1640933752.482460 ### RSSI: -48, 28, 1640055934 ,1993 
1640933752.482505 ### DEBUG: Ticks: 1994, 15, 1 
1640933752.482544 1640055934 c0:98:e5:42:00:2c 301 
1640933752.482589 435 460 486 494 500 506 515 515 526 538 541 546 553 554 558 
1640933752.482629 562 564 567 572 581 581 582 585 591 611 615 639 645 657 675 
1640933752.482668 ### INFO: SD card flushed!
1640933752.482708 ### RSSI: -51, 7, 1640055935 ,2009 
1640933752.482748 ### DEBUG: Ticks: 2010, 16, 1 
1640933752.482792 1640055935 c0:98:e5:42:00:2c 325 
1640933752.482832 485 507 523 546 571 591 591 594 595 596 610 615 618 621 621 
1640933752.482877 623 634 643 643 646 650 651 655 657 662 683 684 698 707 725 
1640933752.482917 ### RSSI: -50, 14, 1640055935 ,2024 
1640933752.482961 ### DEBUG: Ticks: 2026, 16, 1 
1640933752.483001 1640055936 c0:98:e5:42:00:2c 256 
1640933752.483046 379 381 383 393 423 424 431 439 439 456 466 467 467 470 472 
1640933752.483086 473 475 484 488 495 498 505 505 507 521 528 535 541 557 613 
1640933752.483131 ### RSSI: -48, 22, 1640055937 ,2040 
1640933752.483171 ### DEBUG: Ticks: 2041, 15, 1 
1640933752.483218 1640055937 c0:98:e5:42:00:2c 315 
1640933752.483257 481 491 513 553 575 576 580 581 590 590 608 608 609 616 629 
1640933752.483297 634 635 636 640 650 658 664 666 677 685 697 704 711 714 745 
1640933752.483341 ### RSSI: -47, 27, 1640055938 ,2056 
1640933752.483381 ### DEBUG: Ticks: 2057, 16, 1 
1640933752.483426 1640055938 c0:98:e5:42:00:2c 315 
1640933752.483466 505 530 534 563 571 583 586 604 606 608 608 620 620 621 622 
1640933752.483513 638 644 656 657 659 661 663 665 674 675 680 689 689 714 717 
1640933752.483553 ### RSSI: -52, 2, 1640055939 ,2071 
1640933752.483593 ### DEBUG: Ticks: 2073, 16, 1 
1640933752.483637 1640055939 c0:98:e5:42:00:2c 297 
1640933752.483677 460 487 503 532 532 537 541 544 559 561 562 566 577 582 584 
1640933752.483723 587 588 599 600 617 619 621 632 632 648 652 663 664 694 714 
1640933752.483764 ### RSSI: -51, 12, 1640055940 ,2087 
1640933752.483808 ### DEBUG: Ticks: 2088, 15, 1 
1640933752.483848 1640055940 c0:98:e5:42:00:2c 295 
1640933752.483893 477 481 503 503 530 540 542 554 559 559 563 569 578 584 586 
1640933752.483933 587 597 604 606 610 622 624 633 642 653 664 666 675 689 726 
1640933752.483979 ### RSSI: -50, 18, 1640055941 ,2103 
1640933752.484019 ### DEBUG: Ticks: 2104, 16, 1 
1640933752.484058 1640055941 c0:98:e5:42:00:2c 261 
1640933752.484103 415 425 436 438 459 474 478 480 482 484 487 490 508 512 520 
1640933752.484143 526 527 528 529 537 546 552 554 556 559 582 585 616 645 657 
1640933752.484189 ### RSSI: -53, 6, 1640055942 ,2118 
1640933752.484228 ### DEBUG: Ticks: 2119, 15, 1 
1640933752.484274 1640055942 c0:98:e5:42:00:2c 279 
1640933752.484314 439 456 461 507 514 521 522 527 535 537 537 539 549 557 559 
1640933752.484359 562 565 571 573 574 582 591 594 600 617 617 621 635 689 0 
1640933752.484399 ### RSSI: -50, 16, 1640055943 ,2134 
1640933752.484439 ### DEBUG: Ticks: 2135, 16, 1 
1640933752.484480 1640055943 c0:98:e5:42:00:2c 239 
1640933752.484520 370 390 401 413 418 423 433 451 455 457 459 463 469 470 473 
1640933752.484565 475 482 500 507 513 519 519 525 525 531 532 543 546 564 607 
1640933752.484604 ### RSSI: -47, 25, 1640055944 ,2149 
1640933752.484650 ### DEBUG: Ticks: 2151, 16, 1 
1640933752.484690 1640055944 c0:98:e5:42:00:2c 262 
1640933752.484736 361 448 459 470 470 477 480 486 488 493 497 498 509 513 525 
1640933752.484776 526 529 545 551 554 556 557 563 563 568 569 586 594 597 632 
1640933752.484822 ### RSSI: -49, 24, 1640055945 ,2165 
1640933752.484862 ### DEBUG: Ticks: 2166, 15, 1 
1640933752.484908 1640055945 c0:98:e5:42:00:2c 314 
1640933752.484948 467 470 474 477 522 549 549 559 563 567 567 568 569 570 573 
1640933752.484995 576 584 593 603 603 619 630 637 640 640 644 652 682 687 692 
1640933752.485034 ### RSSI: -47, 32, 1640055946 ,2181 
1640933752.485080 ### DEBUG: Ticks: 2182, 16, 1 
1640933752.485119 1640055946 c0:98:e5:42:00:2c 326 
1640933752.485166 520 529 541 571 589 594 596 602 604 606 611 618 619 631 644 
1640933752.485206 645 654 661 662 663 664 672 683 695 719 724 734 747 764 0 
1640933752.485253 ### RSSI: -49, 9, 1640055947 ,2196 
1640933752.485308 ### RSSI: -50, 20, 1640055948 ,2212 
1640933752.485349 ### RSSI: -48, 21, 1640055949 ,2227 
1640933752.485389 ### DEBUG: Ticks: 2229, 47, 1 
1640933752.485428 1640055949 c0:98:e5:42:00:2c 235 
1640933752.485524 304 373 418 430 434 442 445 448 448 449 454 461 464 468 468 
1640933752.485571 473 479 488 492 493 495 498 512 521 530 539 540 550 581 587 
1640933752.485616 ### RSSI: -50, 18, 1640055950 ,2243 
1640933752.485655 ### RSSI: -52, 1, 1640055951 ,2259 
1640933752.485695 ### RSSI: -51, 7, 1640055952 ,2274 
1640933752.485734 ### DEBUG: Ticks: 2276, 47, 1 
1640933752.485779 1640055952 c0:98:e5:42:00:2c 293 
1640933752.485819 467 475 496 517 526 536 539 545 545 545 546 560 573 578 586 
1640933752.485864 587 588 588 591 597 609 610 612 621 629 637 648 657 661 673 
1640933752.485904 ### RSSI: -48, 22, 1640055953 ,2290 
1640933752.485948 ### DEBUG: Ticks: 2291, 15, 1 
1640933752.485988 1640055953 c0:98:e5:42:00:2c 228 
1640933752.486032 347 372 379 404 408 409 417 417 418 421 426 433 438 448 456 
1640933752.486072 462 464 467 470 470 477 490 493 495 508 509 514 548 626 0 
1640933752.486117 ### RSSI: -49, 21, 1640055954 ,2306 
1640933752.486157 ### RSSI: -51, 1, 1640055955 ,2321 
1640933752.486203 ### RSSI: -47, 32, 1640055956 ,2337 
1640933752.486256 ### RSSI: -55, 6, 1640055957 ,2352 
1640933752.486300 ### RSSI: -49, 21, 1640055958 ,2368 
1640933752.486341 ### DEBUG: Ticks: 2369, 78, 1 
1640933752.486381 1640055958 c0:98:e5:42:00:2c 268 
1640933752.486420 417 431 436 480 485 490 490 492 494 506 511 511 515 527 534 
1640933752.486460 541 544 544 546 546 551 555 572 602 602 605 609 621 621 637 
1640933752.486506 ### RSSI: -56, 18, 1640055959 ,2384 
1640933752.486547 ### RSSI: -54, 5, 1640055960 ,2399 
1640933752.486587 ### RSSI: -51, 1, 1640055962 ,2415 
1640933752.486627 ### DEBUG: Ticks: 2416, 47, 1 
1640933752.486671 1640055961 c0:98:e5:42:00:2c 265 
1640933752.486710 320 379 423 430 431 442 447 455 460 462 462 464 465 466 469 
1640933752.486755 471 479 487 503 503 512 518 519 532 557 560 572 584 601 660 
1640933752.486795 ### RSSI: -52, 2, 1640055962 ,2431 
1640933752.486834 ### DEBUG: Ticks: 2432, 16, 1 
1640933752.486880 1640055962 c0:98:e5:42:00:2c 343 
1640933752.486920 507 530 570 579 592 603 606 607 608 619 622 625 636 643 644 
1640933752.486959 647 651 656 659 672 675 680 693 695 705 714 730 740 743 747 
1640933752.487004 ### RSSI: -51, 13, 1640055963 ,2446 
1640933752.487044 ### DEBUG: Ticks: 2447, 15, 1 
1640933752.487089 1640055963 c0:98:e5:42:00:2c 304 
1640933752.487128 461 467 498 521 530 548 553 555 555 566 573 580 585 586 591 
1640933752.487174 591 595 600 602 606 613 621 632 670 671 673 675 684 685 700 
1640933752.487214 ### RSSI: -50, 16, 1640055964 ,2462 
1640933752.487259 ### DEBUG: Ticks: 2463, 16, 1 
1640933752.487299 1640055964 c0:98:e5:42:00:2c 259 
1640933752.487344 347 393 405 407 437 442 452 452 459 462 466 467 470 472 478 
1640933752.487385 491 493 497 509 510 526 530 534 534 546 548 589 601 620 0 
1640933752.487425 ### RSSI: -49, 8, 1640055965 ,2477 
1640933752.487464 ### BLE EVENT: 16, INFO: BLE CONNECTED!
1640933752.487504 ### RSSI: -46, 32, 1640055965 ,2485 
1640933752.487543 ### RSSI: -46, 30, 1640055965 ,2486 
1640933752.487583 ### RSSI: -52, 3, 1640055965 ,2488 
1640933752.487627 ### RSSI: -47, 22, 1640055965 ,2489 
1640933752.487667 ### RSSI: -49, 34, 1640055966 ,2491 
1640933752.487712 ### RSSI: -50, 11, 1640055966 ,2492 
1640933752.487752 ### RSSI: -47, 33, 1640055966 ,2493 
1640933752.487796 ### RSSI: -52, 3, 1640055966 ,2494 
1640933752.487835 ### RSSI: -45, 33, 1640055966 ,2495 
1640933752.487875 ### RSSI: -47, 34, 1640055966 ,2496 
1640933752.487915 ### RSSI: -47, 22, 1640055966 ,2496 
1640933752.487955 ### RSSI: -51, 6, 1640055966 ,2497 
1640933752.487994 ### RSSI: -49, 10, 1640055966 ,2498 
1640933752.488034 ### RSSI: -48, 18, 1640055966 ,2499 
1640933752.488073 ### RSSI: -49, 17, 1640055966 ,2499 
1640933752.488113 ### RSSI: -50, 15, 1640055966 ,2500 
1640933752.488152 ### RSSI: -47, 26, 1640055966 ,2501 
1640933752.488192 ### RSSI: -48, 18, 1640055966 ,2502 
1640933752.488231 ### RSSI: -49, 16, 1640055966 ,2502 
1640933752.488271 ### RSSI: -46, 32, 1640055966 ,2503 
1640933752.488311 ### RSSI: -46, 36, 1640055966 ,2504 
1640933752.488350 ### RSSI: -47, 10, 1640055967 ,2505 
1640933752.488390 ### RSSI: -49, 15, 1640055967 ,2505 
1640933752.488429 ### RSSI: -51, 7, 1640055967 ,2506 
1640933752.488468 ### RSSI: -51, 0, 1640055967 ,2507 
1640933752.488508 ### RSSI: -51, 7, 1640055967 ,2508 
1640933752.488547 ### RSSI: -48, 24, 1640055967 ,2509 
1640933752.488587 ### RSSI: -52, 4, 1640055967 ,2510 
1640933752.488626 ### DEBUG: Ticks: 2510, 47, 1 
1640933752.488666 1640055967 c0:98:e5:42:00:2c 319 
1640933752.488705 447 477 487 533 542 549 554 555 556 569 572 580 581 581 584 
1640933752.488744 591 593 598 598 612 622 643 644 653 662 663 664 667 685 706 
1640933752.488784 ### RSSI: -51, 0, 1640055968 ,2524 
1640933752.488823 ### RSSI: -51, 0, 1640055968 ,2525 
1640933752.488863 ### DEBUG: Ticks: 2526, 16, 1 
1640933752.488902 1640055968 c0:98:e5:42:00:2c 335 
1640933752.488941 489 533 533 542 587 595 596 598 598 603 611 614 624 626 626 
1640933752.488980 637 654 663 668 671 690 697 698 700 700 707 732 744 754 0 
1640933752.489020 ### RSSI: -50, 12, 1640055969 ,2540 
1640933752.489059 ### RSSI: -46, 31, 1640055969 ,2541 
1640933752.489099 ### RSSI: -48, 9, 1640055970 ,2555 
1640933752.489138 ### RSSI: -52, 4, 1640055970 ,2556 
1640933752.489177 ### RSSI: -48, 27, 1640055971 ,2571 
1640933752.489217 ### RSSI: -47, 30, 1640055971 ,2572 
1640933752.489256 ### DEBUG: Ticks: 2572, 46, 1 
1640933752.489314 1640055971 c0:98:e5:42:00:2c 312 
1640933752.489354 502 527 528 559 561 572 581 586 587 595 605 610 612 614 623 
1640933752.489394 628 634 642 648 649 659 661 672 675 680 691 698 709 723 749 
1640933752.489434 ### RSSI: -53, 3, 1640055972 ,2587 
1640933752.489473 ### RSSI: -52, 3, 1640055972 ,2588 
1640933752.489512 ### RSSI: -50, 18, 1640055973 ,2602 
1640933752.489551 ### RSSI: -46, 33, 1640055973 ,2603 
1640933752.489591 ### RSSI: -47, 36, 1640055974 ,2618 
1640933752.489631 ### RSSI: -49, 8, 1640055974 ,2619 
1640933752.489670 ### RSSI: -52, 7, 1640055975 ,2634 
1640933752.489711 ### RSSI: -46, 33, 1640055975 ,2635 
1640933752.489751 ### RSSI: -47, 36, 1640055976 ,2649 
1640933752.489790 ### RSSI: -50, 12, 1640055976 ,2650 
1640933752.489830 ### RSSI: -52, 1, 1640055977 ,2665 
1640933752.489870 ### RSSI: -53, 5, 1640055977 ,2666 
1640933752.489909 ### INFO: SquarePoint communications appear to be down...restarting
1640933752.489949 ### INFO: Switched Scheduler EUI from c0:98:e5:42:00:2c to 00:00:00:00:00:00
1640933752.489988 ### INFO: SD card flushed!
1640933752.490028 ### DEBUG: Ticks: 2672, 100, 1 
1640933752.490067 1640055977 c0:98:e5:42:00:2c 324 
1640933752.490107 510 536 537 557 572 591 605 608 609 632 632 632 641 643 646 
1640933752.490146 650 650 656 657 658 659 661 672 676 693 700 707 734 745 749 
1640933752.490186 ### INFO: Switched Scheduler EUI from 00:00:00:00:00:00 to c0:98:e5:42:00:2c
1640933752.490226 ### RSSI: -49, 20, 1640055977 ,2680 
1640933752.490265 ### RSSI: -47, 24, 1640055977 ,2681 
1640933752.490305 ### RSSI: -48, 16, 1640055978 ,2696 
1640933752.490345 ### RSSI: -49, 16, 1640055978 ,2697 
1640933752.490384 ### RSSI: -53, 5, 1640055979 ,2712 
1640933752.490424 ### RSSI: -49, 18, 1640055979 ,2713 
1640933752.490463 ### DEBUG: Ticks: 2713, 41, 1 
1640933752.490502 1640055980 c0:98:e5:42:00:2c 291 
1640933752.490542 420 445 472 477 516 520 523 544 547 548 565 568 570 574 581 
1640933752.490581 584 584 590 593 596 598 604 614 616 625 630 632 663 674 700 
1640933752.490621 ### RSSI: -51, 14, 1640055981 ,2727 
1640933752.490660 ### RSSI: -50, 1, 1640055981 ,2728 
1640933752.490700 ### RSSI: -51, 32, 1640055982 ,2743 
1640933752.490739 ### RSSI: -52, 2, 1640055982 ,2744 
1640933752.490778 ### RSSI: -48, 35, 1640055983 ,2759 
1640933752.490818 ### RSSI: -48, 22, 1640055983 ,2759 
1640933752.490857 ### DEBUG: Ticks: 2760, 47, 1 
1640933752.490897 1640055983 c0:98:e5:42:00:2c 291 
1640933752.490937 391 413 424 453 482 485 493 504 514 515 515 519 519 521 521 
1640933752.490976 524 525 527 532 536 543 554 554 573 578 581 582 629 636 636 
1640933752.491016 ### RSSI: -51, 7, 1640055983 ,2774 
1640933752.491055 ### RSSI: -50, 11, 1640055984 ,2775 
1640933752.491094 ### DEBUG: Ticks: 2775, 15, 1 
1640933752.491134 1640055984 c0:98:e5:42:00:2c 279 
1640933752.491174 457 469 473 529 531 532 540 544 544 547 550 550 554 556 558 
1640933752.491213 560 564 570 575 576 579 584 594 599 603 623 626 636 651 696 
1640933752.491253 ### RSSI: -49, 20, 1640055985 ,2790 
1640933752.491293 ### RSSI: -51, 1, 1640055985 ,2791 
1640933752.491332 ### DEBUG: Ticks: 2791, 16, 1 
1640933752.491372 1640055985 c0:98:e5:42:00:2c 281 
1640933752.491411 438 455 478 508 510 516 523 526 530 530 532 550 553 557 559 
1640933752.491450 566 574 592 594 595 598 598 598 598 605 612 620 647 670 686 
1640933752.491490 ### RSSI: -49, 10, 1640055986 ,2805 
1640933752.491529 ### RSSI: -47, 21, 1640055986 ,2806 
1640933752.491569 ### RSSI: -48, 23, 1640055987 ,2821 
1640933752.491608 ### RSSI: -48, 20, 1640055987 ,2822 
1640933752.491648 ### RSSI: -57, 12, 1640055988 ,2837 
1640933752.491687 ### RSSI: -47, 18, 1640055988 ,2838 
1640933752.491727 ### DEBUG: Ticks: 2838, 47, 1 
1640933752.491767 1640055988 c0:98:e5:42:00:2c 296 
1640933752.491806 473 477 500 545 546 554 557 558 569 570 575 577 580 581 592 
1640933752.491845 594 600 604 611 612 620 626 642 649 655 657 657 678 738 748 
1640933752.491884 ### RSSI: -50, 16, 1640055989 ,2852 
1640933752.491924 ### RSSI: -51, 6, 1640055989 ,2853 
1640933752.491964 ### DEBUG: Ticks: 2854, 16, 1 
1640933752.492003 1640055989 c0:98:e5:42:00:2c 297 
1640933752.492042 477 501 509 514 526 536 549 552 563 581 585 588 589 591 593 
1640933752.492081 596 600 604 607 624 634 635 636 639 642 647 655 664 666 733 
1640933752.492121 ### RSSI: -47, 27, 1640055990 ,2868 
1640933752.492160 ### RSSI: -50, 15, 1640055990 ,2869 
1640933752.492199 ### DEBUG: Ticks: 2869, 15, 1 
1640933752.492239 1640055990 c0:98:e5:42:00:2c 291 
1640933752.492278 506 506 531 534 537 539 550 551 556 564 564 565 573 575 583 
1640933752.492318 584 585 588 590 591 611 619 633 634 639 643 659 668 672 675 
1640933752.492357 ### RSSI: -48, 28, 1640055991 ,2883 
1640933752.492396 ### RSSI: -49, 10, 1640055991 ,2884 
1640933752.492436 ### DEBUG: Ticks: 2885, 16, 1 
1640933752.492475 1640055991 c0:98:e5:42:00:2c 290 
1640933752.492515 455 478 510 518 523 533 543 548 548 556 560 561 564 573 579 
1640933752.492555 583 590 591 594 598 604 614 616 620 624 658 659 662 667 713 
1640933752.492594 ### RSSI: -50, 20, 1640055992 ,2899 
1640933752.492634 ### RSSI: -47, 26, 1640055992 ,2900 
1640933752.492673 ### DEBUG: Ticks: 2900, 15, 1 
1640933752.492713 1640055992 c0:98:e5:42:00:2c 293 
1640933752.492752 477 478 513 515 520 542 556 558 558 561 569 571 571 579 582 
1640933752.492791 582 585 590 593 603 611 614 622 624 626 631 637 676 689 691 
1640933752.492831 ### RSSI: -48, 27, 1640055993 ,2915 
1640933752.492871 ### RSSI: -46, 31, 1640055993 ,2916 
1640933752.492910 ### DEBUG: BLE START SCANNING called
1640933752.492949 ### DEBUG: Ticks: 2916, 16, 1 
1640933752.492988 1640055993 c0:98:e5:42:00:2c 291 
1640933752.493028 314 367 385 429 431 438 444 452 461 466 470 471 475 479 483 
1640933752.493067 487 500 502 505 516 519 523 525 526 532 533 546 570 602 618 
1640933752.493107 ### DEBUG: BLE START SCANNING called
1640933752.493146 ### RSSI: -49, 19, 1640055994 ,2930 
1640933752.493186 ### DEBUG: BLE START SCANNING called
1640933752.493226 ### RSSI: -47, 24, 1640055994 ,2931 
1640933752.493265 ### DEBUG: BLE START SCANNING called
1640933752.493326 ### DEBUG: BLE START SCANNING called
1640933752.493366 ### DEBUG: Ticks: 2932, 16, 1 
1640933752.493406 1640055994 c0:98:e5:42:00:2c 327 
1640933752.493446 423 456 480 480 503 518 527 528 531 531 543 544 550 560 561 
1640933752.493485 566 570 574 574 576 583 592 593 594 603 608 617 623 644 730 
1640933752.493525 ### DEBUG: BLE START SCANNING called
1640933752.493564 ### RSSI: -52, 0, 1640055995 ,2946 
1640933752.493603 ### DEBUG: BLE START SCANNING called
1640933752.493643 ### RSSI: -47, 27, 1640055995 ,2947 
1640933752.493683 ### DEBUG: BLE START SCANNING called
1640933752.493722 ### DEBUG: BLE START SCANNING called
1640933752.493762 ### DEBUG: Ticks: 2947, 15, 1 
1640933752.493801 1640055995 c0:98:e5:42:00:2c 306 
1640933752.493841 500 519 547 562 562 564 567 572 578 581 590 592 598 598 608 
1640933752.493880 617 617 618 628 638 646 646 659 661 665 680 681 698 717 731 
1640933752.493919 ### DEBUG: BLE START SCANNING called
1640933752.493959 ### RSSI: -52, 2, 1640055996 ,2962 
1640933752.493998 ### DEBUG: BLE START SCANNING called
1640933752.494037 ### RSSI: -47, 26, 1640055996 ,2963 
1640933752.494077 ### DEBUG: BLE START SCANNING called
1640933752.494116 ### DEBUG: BLE START SCANNING called
1640933752.494164 ### DEBUG: Ticks: 2963, 16, 1 
1640933752.494204 1640055996 c0:98:e5:42:00:2c 286 
1640933752.494244 446 467 497 501 531 536 544 547 550 553 555 559 564 567 573 
1640933752.494284 574 575 593 594 598 604 612 627 634 635 639 643 656 656 670 
1640933752.494323 ### DEBUG: BLE START SCANNING called
1640933752.494362 ### RSSI: -47, 33, 1640055997 ,2977 
1640933752.494402 ### DEBUG: BLE START SCANNING called
1640933752.494441 ### RSSI: -47, 24, 1640055997 ,2978 
1640933752.494481 ### DEBUG: BLE START SCANNING called
1640933752.494520 ### DEBUG: BLE START SCANNING called
1640933752.494560 ### DEBUG: Ticks: 2979, 16, 1 
1640933752.494600 1640055997 c0:98:e5:42:00:2c 306 
1640933752.494639 514 520 543 554 569 572 577 589 593 597 605 606 607 613 613 
1640933752.494679 613 614 618 631 635 638 638 642 643 653 683 695 703 705 725 
1640933752.494718 ### DEBUG: BLE START SCANNING called
1640933752.494758 ### RSSI: -49, 8, 1640055998 ,2993 
1640933752.494797 ### DEBUG: BLE START SCANNING called
1640933752.494837 ### RSSI: -52, 4, 1640055998 ,2994 
1640933752.494876 ### DEBUG: BLE START SCANNING called
1640933752.494915 ### DEBUG: Ticks: 2994, 15, 1 
1640933752.494955 1640055998 c0:98:e5:42:00:2c 289 
1640933752.494995 387 418 464 479 489 500 500 501 504 510 516 516 547 548 550 
1640933752.495034 553 564 567 570 571 573 574 580 583 585 609 626 646 672 0 
1640933752.495073 ### RSSI: -53, 3, 1640055999 ,3008 
1640933752.495113 ### RSSI: -48, 28, 1640055999 ,3009 
1640933752.495152 ### DEBUG: Ticks: 3010, 16, 1 
1640933752.495192 1640055999 c0:98:e5:42:00:2c 276 
1640933752.495232 474 475 480 493 522 523 524 532 538 539 547 548 549 552 553 
1640933752.495271 559 570 571 572 579 581 598 599 600 604 610 619 634 693 0 
1640933752.495311 ### RSSI: -48, 21, 1640056000 ,3024 
1640933752.495350 ### RSSI: -47, 23, 1640056000 ,3025 
1640933752.495390 ### DEBUG: Ticks: 3025, 15, 1 
1640933752.495429 1640056000 c0:98:e5:42:00:2c 279 
1640933752.495468 379 415 420 454 456 458 458 460 461 462 469 474 480 483 492 
1640933752.495508 493 501 503 515 515 515 520 523 545 557 558 561 588 605 617 
1640933752.495547 ### RSSI: -46, 33, 1640056001 ,3040 
1640933752.495587 ### RSSI: -49, 18, 1640056001 ,3041 
1640933752.495626 ### DEBUG: Ticks: 3041, 16, 1 
1640933752.495666 1640056001 c0:98:e5:42:00:2c 315 
1640933752.495705 483 521 561 568 572 572 579 585 605 610 611 613 613 629 630 
1640933752.495745 633 642 644 647 653 656 662 664 665 680 686 688 695 707 731 
1640933752.495784 ### RSSI: -49, 22, 1640056002 ,3055 
1640933752.495824 ### RSSI: -49, 12, 1640056002 ,3056 
1640933752.495863 ### DEBUG: Ticks: 3057, 16, 1 
1640933752.495903 1640056002 c0:98:e5:42:00:2c 269 
1640933752.495942 436 444 447 465 470 476 476 477 482 492 507 509 510 514 521 
1640933752.495981 523 525 531 536 538 551 557 579 581 584 595 604 622 630 631 
1640933752.496020 ### RSSI: -48, 35, 1640056003 ,3071 
1640933752.496060 ### RSSI: -49, 13, 1640056003 ,3072 
1640933752.496099 ### DEBUG: Ticks: 3072, 15, 1 
1640933752.496139 1640056003 c0:98:e5:42:00:2c 305 
1640933752.496178 444 463 477 482 499 508 508 510 513 513 516 518 531 533 539 
1640933752.496218 547 553 554 561 562 565 567 578 580 584 613 616 617 638 711 
1640933752.496258 ### RSSI: -50, 16, 1640056004 ,3087 
1640933752.496297 ### RSSI: -47, 26, 1640056004 ,3087 
1640933752.496336 ### DEBUG: Ticks: 3088, 16, 1 
1640933752.496376 1640056004 c0:98:e5:42:00:2c 292 
1640933752.496415 380 381 419 443 447 449 454 470 474 487 490 500 501 502 505 
1640933752.496461 515 518 537 540 544 547 548 552 570 573 578 588 590 608 652 
1640933752.496501 ### RSSI: -52, 2, 1640056005 ,3102 
1640933752.496540 ### RSSI: -47, 2, 1640056005 ,3103 
1640933752.496580 ### DEBUG: Ticks: 3103, 15, 1 
1640933752.496620 1640056005 c0:98:e5:42:00:2c 258 
1640933752.496660 366 388 431 434 454 454 474 483 483 485 492 498 499 511 515 
1640933752.496699 520 521 523 525 535 536 538 540 543 568 574 585 606 612 632 
1640933752.496739 ### RSSI: -47, 36, 1640056006 ,3118 
1640933752.496779 ### RSSI: -51, 6, 1640056006 ,3119 
1640933752.496818 ### DEBUG: Ticks: 3119, 16, 1 
1640933752.496858 1640056006 c0:98:e5:42:00:2c 296 
1640933752.496897 453 478 507 513 513 528 545 551 552 564 569 573 577 579 591 
1640933752.496937 594 601 603 604 612 613 615 623 631 639 650 661 662 681 696 
1640933752.496977 ### RSSI: -51, 7, 1640056007 ,3133 
1640933752.497016 ### RSSI: -46, 32, 1640056007 ,3134 
1640933752.497055 ### DEBUG: Ticks: 3135, 16, 1 
1640933752.497095 1640056007 c0:98:e5:42:00:2c 239 
1640933752.497134 306 324 333 378 384 404 409 414 417 421 436 444 474 474 477 
1640933752.497173 480 486 487 491 494 500 501 502 505 510 518 536 563 574 612 
1640933752.497213 ### RSSI: -48, 26, 1640056007 ,3149 
1640933752.497252 ### RSSI: -46, 30, 1640056008 ,3150 
1640933752.497311 ### RSSI: -52, 1, 1640056009 ,3165 
1640933752.497353 ### RSSI: -48, 19, 1640056009 ,3166 
1640933752.497393 ### RSSI: -49, 8, 1640056010 ,3180 
1640933752.497432 ### RSSI: -53, 4, 1640056010 ,3181 
1640933752.497472 ### DEBUG: Ticks: 3182, 47, 1 
1640933752.497511 1640056010 c0:98:e5:42:00:2c 315 
1640933752.497551 400 416 442 476 477 485 490 494 501 505 507 515 515 520 523 
1640933752.497591 528 535 538 544 559 568 572 574 588 597 602 603 634 643 653 
1640933752.497631 ### RSSI: -48, 19, 1640056011 ,3196 
1640933752.497670 ### RSSI: -53, 4, 1640056011 ,3197 
1640933752.497710 ### DEBUG: Ticks: 3197, 15, 1 
1640933752.497749 1640056011 c0:98:e5:42:00:2c 288 
1640933752.497788 345 390 405 462 467 480 482 488 501 501 506 517 517 519 540 
1640933752.497828 543 544 551 562 566 567 569 572 575 578 600 602 609 630 636 
1640933752.497868 ### RSSI: -46, 12, 1640056012 ,3211 
1640933752.497908 ### RSSI: -47, 29, 1640056012 ,3212 
1640933752.497947 ### DEBUG: Ticks: 3213, 16, 1 
1640933752.497987 1640056012 c0:98:e5:42:00:2c 261 
1640933752.498026 401 413 422 449 487 493 506 506 509 509 510 511 514 514 522 
1640933752.498066 522 531 532 535 539 540 546 550 555 559 570 574 590 617 698 
1640933752.498106 ### RSSI: -49, 15, 1640056013 ,3227 
1640933752.498145 ### RSSI: -49, 13, 1640056013 ,3228 
1640933752.498185 ### DEBUG: Ticks: 3228, 15, 1 
1640933752.498224 1640056013 c0:98:e5:42:00:2c 320 
1640933752.498264 402 445 450 496 497 511 515 515 516 523 529 534 537 546 559 
1640933752.498303 559 561 564 566 577 579 584 587 592 593 597 612 617 634 656 
1640933752.498342 ### RSSI: -45, 33, 1640056014 ,3243 
1640933752.498382 ### RSSI: -49, 8, 1640056014 ,3244 
1640933752.498422 ### DEBUG: Ticks: 3244, 16, 1 
1640933752.498461 1640056014 c0:98:e5:42:00:2c 298 
1640933752.498500 355 373 395 442 444 454 455 456 462 465 475 483 492 493 508 
1640933752.498540 516 519 527 529 530 550 550 551 555 561 582 583 587 616 649 
1640933752.498579 ### RSSI: -48, 8, 1640056015 ,3258 
1640933752.498619 
1640933752.498658 ----------------------------------------------
1640933752.498698 ### WARNING: Chip experienced a reset with reason 2
1640933752.498737 ### INFO: Bluetooth address: c0:98:e5:42:00:29
1640933752.498776 ### DEBUG: Time is 00:00:00, 2000/00/00
1640933752.498817 ### INFO: Time is 00:00:00, 2000/00/00
1640933752.498857 ### INFO: Initializing SD Card...
1640933752.498896 ### INFO: Connecting to the SquarePoint module...
1640933752.498936 ### INFO: SquarePoint module connection successful
1640933752.498975 ### INFO: Battery voltage currently 3976 mV
1640933752.499015 ### INFO: SD card flushed!
1640933752.499054 ### INFO: SD card flushed!
1640933752.499094 ### DEBUG: BLE START SCANNING called
1640933752.499133 ### DEBUG: Ticks: 15, 15, 0 
1640933752.499173 1640056017 c0:98:e5:42:00:2c 306 
1640933752.499213 474 500 501 517 545 562 563 568 569 581 583 591 597 603 604 
1640933752.499252 621 621 622 623 634 636 648 650 650 661 672 686 695 699 701 
1640933752.499292 ### INFO: Switched Scheduler EUI from 00:00:00:00:00:00 to c0:98:e5:42:00:2c
1640933752.499331 ### DEBUG: BLE STOP SCANNING called
1640933752.499371 ### DEBUG: BLE START SCANNING called
1640933752.499410 ### DEBUG: BLE START SCANNING called
1640933752.499449 ### DEBUG: BLE START SCANNING called
1640933752.499489 ### INFO: Device is now STATIONARY
1640933753.242763 ### DEBUG: BLE START SCANNING called
1640933753.254617 ### DEBUG: BLE START SCANNING called
1640933754.341510 ### DEBUG: BLE START SCANNING called
1640933754.352936 ### addr: c0:98:e5:42:00:2c 
1640933754.353236 ### on_adv_report outer RSSI: -52, time:1640056021 
1640933754.353534 ### INFO: Discovered new device: c0:98:e5:42:00:2c
1640933754.353727 ### DEBUG: connected? already connected
1640933754.353905 ### DEBUG: BLE START SCANNING called
1640933754.410054 ### BLE EVENT: 16, INFO: BLE CONNECTED!
1640933754.410344 ### DEBUG: BLE START SCANNING called
1640933754.410549 ### RSSI: -52, 3, 1640056021 ,79 
1640933754.410639 ### DEBUG: BLE START SCANNING called
1640933754.511479 ### RSSI: -51, 2, 1640056021 ,80 
1640933754.511768 ### DEBUG: BLE START SCANNING called
1640933754.605530 ### RSSI: -47, 26, 1640056021 ,82 
1640933754.618462 ### DEBUG: BLE START SCANNING called
1640933754.708027 ### RSSI: -47, 27, 1640056021 ,83 
1640933754.708273 ### DEBUG: BLE START SCANNING called
1640933754.814898 ### RSSI: -47, 29, 1640056021 ,85 
1640933754.815021 ### DEBUG: BLE START SCANNING called
1640933754.908383 ### RSSI: -47, 23, 1640056021 ,86 
1640933754.908743 ### DEBUG: BLE START SCANNING called
1640933755.009216 ### RSSI: -51, 3, 1640056021 ,88 
1640933755.009525 ### DEBUG: BLE START SCANNING called
1640933755.063424 ### DEBUG: BLE START SCANNING called
1640933755.108623 ### RSSI: -51, 3, 1640056021 ,89 
1640933755.108796 ### DEBUG: BLE START SCANNING called
1640933755.209783 ### RSSI: -47, 30, 1640056022 ,91 
1640933755.210102 ### DEBUG: BLE START SCANNING called
1640933755.309134 ### RSSI: -47, 28, 1640056022 ,93 
1640933755.309557 ### DEBUG: BLE START SCANNING called
1640933755.376313 ### DEBUG: Ticks: 94, 79, 1 
1640933755.376546 1640056022 c0:98:e5:42:00:2c 313 
1640933755.376934 498 520 533 570 572 581 582 583 586 591 593 606 622 624 625 
1640933755.377148 629 631 638 650 655 663 665 668 675 684 684 686 693 752 763 
1640933755.377397 ### DEBUG: BLE START SCANNING called
1640933755.411447 ### RSSI: -51, 6, 1640056022 ,94 
1640933755.411704 ### DEBUG: BLE START SCANNING called
1640933755.513524 ### RSSI: -46, 35, 1640056022 ,96 
1640933755.513695 ### DEBUG: BLE START SCANNING called
1640933755.607305 ### RSSI: -47, 27, 1640056022 ,97 
1640933755.607597 ### DEBUG: BLE START SCANNING called
1640933755.711697 ### RSSI: -48, 18, 1640056022 ,99 
1640933755.711897 ### DEBUG: BLE START SCANNING called
1640933755.807008 ### RSSI: -50, 7, 1640056022 ,100 
1640933755.807163 ### DEBUG: BLE START SCANNING called
1640933755.912559 ### RSSI: -52, 4, 1640056022 ,102 
1640933755.912793 ### DEBUG: BLE START SCANNING called
1640933756.015727 ### RSSI: -52, 14, 1640056022 ,104 
1640933756.015864 ### DEBUG: BLE START SCANNING called
1640933756.375902 ### DEBUG: Ticks: 109, 15, 1 
1640933756.376098 1640056023 c0:98:e5:42:00:2c 244 
1640933756.376199 341 379 388 400 428 432 433 438 441 455 466 471 473 476 488 
1640933756.376301 491 493 495 508 510 516 527 528 532 542 551 552 567 569 593 
1640933757.004945 ### RSSI: -45, 33, 1640056023 ,119 
1640933757.382192 ### DEBUG: Ticks: 125, 16, 1 
1640933757.382364 1640056024 c0:98:e5:42:00:2c 292 
1640933757.382457 458 485 519 532 539 543 549 549 556 562 564 572 580 580 583 
1640933757.382552 585 602 609 611 615 620 621 621 626 639 640 640 665 688 700 
1640933758.015519 ### RSSI: -45, 30, 1640056025 ,135 
1640933758.378298 ### DEBUG: Ticks: 140, 15, 1 
1640933758.378583 1640056025 c0:98:e5:42:00:2c 306 
1640933758.378780 486 498 528 536 560 575 584 587 590 597 602 606 607 608 611 
1640933758.378958 613 620 620 621 632 634 656 660 666 671 684 694 697 702 727 
1640933759.010127 ### RSSI: -49, 20, 1640056026 ,150 
1640933760.014546 ### RSSI: -54, 4, 1640056027 ,166 
1640933761.011233 ### RSSI: -47, 29, 1640056028 ,182 
1640933761.370494 ### DEBUG: Ticks: 187, 47, 1 
1640933761.370654 1640056028 c0:98:e5:42:00:2c 225 
1640933761.370854 323 343 356 390 413 418 421 428 428 428 435 437 441 445 446 
1640933761.383955 456 456 470 472 474 479 487 512 514 522 527 528 535 543 569 
1640933762.005356 ### RSSI: -46, 33, 1640056029 ,197 
1640933762.374834 ### DEBUG: Ticks: 203, 16, 1 
1640933762.375037 1640056029 c0:98:e5:42:00:2c 276 
1640933762.375110 370 420 431 480 496 506 507 511 519 522 534 535 538 545 550 
1640933762.375181 554 556 557 558 561 567 580 591 594 602 605 627 627 628 657 
1640933763.005595 ### RSSI: -44, 33, 1640056030 ,213 
1640933763.380265 ### DEBUG: Ticks: 219, 16, 1 
1640933763.380501 1640056030 c0:98:e5:42:00:2c 281 
1640933763.380639 463 483 491 498 524 530 533 536 547 548 550 557 560 561 562 
1640933763.380792 562 565 574 596 600 602 605 614 618 627 627 628 655 660 700 
1640933764.011250 ### RSSI: -49, 26, 1640056031 ,228 
1640933764.371053 ### DEBUG: Ticks: 234, 15, 1 
1640933764.371476 1640056031 c0:98:e5:42:00:2c 267 
1640933764.372219 430 432 433 448 489 494 498 499 500 502 520 523 532 532 535 
1640933764.372915 535 536 545 546 549 568 574 575 576 580 599 630 635 664 693 
1640933765.006958 ### RSSI: -48, 9, 1640056032 ,244 
1640933765.372441 ### DEBUG: Ticks: 250, 16, 1 
1640933765.372588 1640056032 c0:98:e5:42:00:2c 300 
1640933765.372699 506 510 513 554 558 559 574 582 584 587 589 592 597 600 600 
1640933765.372802 602 609 610 612 615 626 640 641 649 650 653 673 690 715 735 
1640933766.006879 ### RSSI: -52, 2, 1640056033 ,260 
1640933766.380869 ### DEBUG: Ticks: 265, 15, 1 
1640933766.381011 1640056033 c0:98:e5:42:00:2c 285 
1640933766.381121 352 357 380 418 434 455 465 474 476 478 478 478 484 485 498 
1640933766.381208 501 506 506 507 517 519 522 525 550 554 556 559 578 583 590 
1640933767.007982 ### RSSI: -50, 1, 1640056034 ,275 
1640933767.372112 ### DEBUG: Ticks: 281, 16, 1 
1640933767.372397 1640056034 c0:98:e5:42:00:2c 307 
1640933767.372581 476 484 516 519 537 544 546 547 548 551 551 553 556 560 570 
1640933767.384152 570 575 578 580 582 589 604 604 606 620 633 645 662 677 686 
1640933768.003385 ### RSSI: -52, 3, 1640056035 ,291 
1640933768.374409 ### DEBUG: Ticks: 297, 16, 1 
1640933768.374637 1640056035 c0:98:e5:42:00:2c 282 
1640933768.374728 438 452 459 492 507 521 531 537 538 541 541 544 551 552 553 
1640933768.374826 554 560 563 566 572 573 586 588 590 608 624 633 635 648 648 
1640933769.008915 ### RSSI: -50, 1, 1640056036 ,307 
1640933769.372915 ### DEBUG: Ticks: 312, 15, 1 
1640933769.373202 1640056036 c0:98:e5:42:00:2c 277 
1640933769.373456 448 455 457 494 501 517 521 522 524 529 530 534 540 543 554 
1640933769.373627 556 564 565 570 579 584 589 592 593 597 610 611 623 662 682 
1640933770.008241 ### RSSI: -47, 34, 1640056037 ,322 
1640933771.005691 ### RSSI: -46, 31, 1640056038 ,338 
1640933772.011436 ### RSSI: -49, 11, 1640056039 ,353 
1640933773.013586 ### RSSI: -48, 19, 1640056040 ,369 
1640933774.007826 ### RSSI: -49, 12, 1640056041 ,385 
1640933774.381263 ### DEBUG: Ticks: 390, 78, 1 
1640933774.381641 1640056041 c0:98:e5:42:00:2c 242 
1640933774.381828 347 357 382 405 419 425 428 431 441 447 447 456 460 464 464 
1640933774.382028 465 468 477 487 493 494 497 503 512 516 527 537 543 559 588 
1640933775.008045 ### RSSI: -49, 16, 1640056041 ,400 
1640933775.376420 ### DEBUG: Ticks: 406, 16, 1 
1640933775.376719 1640056042 c0:98:e5:42:00:2c 286 
1640933775.376904 420 441 490 490 495 523 523 525 528 532 539 546 554 563 570 
1640933775.377246 577 579 586 588 589 591 593 598 610 622 622 629 633 657 673 
1640933776.003805 ### RSSI: -49, 11, 1640056042 ,416 
1640933777.005213 ### RSSI: -51, 15, 1640056043 ,432 
1640933778.011026 ### RSSI: -51, 9, 1640056044 ,447 
1640933778.379303 ### DEBUG: Ticks: 453, 47, 1 
1640933778.379590 1640056045 c0:98:e5:42:00:2c 361 
1640933778.379774 578 590 612 625 629 629 633 640 640 651 652 653 655 656 659 
1640933778.380240 659 666 666 679 680 685 690 717 751 757 783 804 816 982 0 
1640933779.009960 ### RSSI: -46, 3, 1640056045 ,463 
1640933779.371548 ### DEBUG: Ticks: 468, 15, 1 
1640933779.371715 1640056046 c0:98:e5:42:00:2c 252 
1640933779.371801 410 418 474 476 479 482 483 486 489 491 494 496 496 497 498 
1640933779.372002 512 526 527 529 530 539 541 548 552 564 579 586 597 607 617 
1640933780.009660 ### RSSI: -45, 12, 1640056046 ,478 
1640933780.381216 ### DEBUG: Ticks: 484, 16, 1 
1640933780.381627 1640056047 c0:98:e5:42:00:2c 278 
1640933780.381810 497 498 503 505 522 524 532 532 539 548 548 548 552 552 553 
1640933780.381988 554 558 559 561 562 568 575 579 583 585 591 595 597 610 613 
1640933781.003786 ### RSSI: -47, 23, 1640056047 ,494 
1640933781.382418 ### DEBUG: Ticks: 500, 16, 1 
1640933781.382705 1640056048 c0:98:e5:42:00:2c 414 
1640933781.382904 664 677 696 704 726 727 730 730 732 732 735 737 739 741 749 
1640933781.383336 755 757 766 766 776 777 778 789 789 789 795 813 815 835 881 
1640933782.012002 ### RSSI: -50, 27, 1640056049 ,510 
1640933782.373142 ### DEBUG: Ticks: 515, 15, 1 
1640933782.373376 1640056049 c0:98:e5:42:00:2c 528 
1640933782.373472 755 793 814 818 826 826 839 854 858 858 858 861 862 866 869 
1640933782.373644 871 873 879 879 880 880 882 893 905 905 925 926 927 929 977 
1640933783.004614 ### RSSI: -49, 0, 1640056050 ,525 
1640933783.372438 ### DEBUG: Ticks: 531, 16, 1 
1640933783.372725 1640056050 c0:98:e5:42:00:2c 596 
1640933783.372910 752 780 802 805 823 830 834 835 840 840 844 845 847 852 854 
1640933783.373125 858 867 882 889 889 890 891 892 894 899 906 908 953 1009 1023 
1640933784.013620 ### RSSI: -55, 19, 1640056051 ,541 
1640933784.371102 ### DEBUG: Ticks: 547, 16, 1 
1640933784.371261 1640056051 c0:98:e5:42:00:2c 699 
1640933784.371334 885 932 958 963 963 965 968 974 975 976 982 996 1000 1001 1006 
1640933784.371406 1008 1011 1011 1014 1024 1028 1029 1033 1036 1039 1042 1046 1053 1144 1162 
1640933785.003275 ### RSSI: -51, 13, 1640056052 ,556 
1640933785.374268 ### DEBUG: Ticks: 562, 15, 1 
1640933785.374553 1640056052 c0:98:e5:42:00:2c 736 
1640933785.374738 924 947 949 952 958 967 980 982 983 986 990 997 1005 1011 1012 
1640933785.374941 1015 1018 1021 1023 1023 1031 1032 1038 1040 1047 1062 1077 1088 1110 1111 
1640933786.007951 ### RSSI: -54, 11, 1640056053 ,572 
1640933786.371717 ### DEBUG: Ticks: 578, 16, 1 
1640933786.372003 1640056053 c0:98:e5:42:00:2c 723 
1640933786.372187 890 913 925 927 954 954 959 962 962 963 973 975 976 983 988 
1640933786.372399 991 992 998 1010 1012 1013 1016 1019 1019 1022 1027 1044 1045 1062 1093 
1640933787.105952 ### RSSI: -57, 18, 1640056054 ,589 
1640933787.371384 ### DEBUG: Ticks: 593, 15, 1 
1640933787.371576 1640056054 c0:98:e5:42:00:2c 780 
1640933787.371676 924 938 977 982 985 988 988 992 999 1006 1009 1012 1012 1026 1030 
1640933787.384799 1038 1038 1039 1045 1069 1074 1075 1079 1087 1089 1095 1107 1121 1136 1154 
1640933788.113089 ### RSSI: -60, 8, 1640056055 ,605 
1640933789.104951 ### RSSI: -65, 0, 1640056056 ,620 
1640933790.104581 ### RSSI: -61, 30, 1640056057 ,636 
1640933790.375422 ### DEBUG: Ticks: 640, 47, 1 
1640933790.375705 1640056057 c0:98:e5:42:00:2c 784 
1640933790.375891 942 962 966 972 981 986 991 1003 1007 1014 1026 1029 1030 1031 1038 
1640933790.376070 1056 1062 1066 1072 1072 1084 1088 1110 1137 1144 1149 1151 1152 1219 1334 
1640933791.113425 ### RSSI: -80, 4, 1640056058 ,652 
1640933791.380370 ### DEBUG: Ticks: 656, 16, 1 
1640933791.380660 1640056058 c0:98:e5:42:00:2c 786 
1640933791.380845 923 933 1005 1007 1015 1025 1029 1031 1033 1034 1037 1038 1055 1058 1060 
1640933791.381060 1068 1069 1073 1083 1089 1097 1098 1106 1135 1143 1153 1179 1189 1195 1257 
1640933792.102577 ### RSSI: -65, 4, 1640056059 ,667 
1640933792.377787 ### DEBUG: Ticks: 672, 16, 1 
1640933792.378084 1640056059 c0:98:e5:42:00:2c 901 
1640933792.378272 1134 1140 1163 1187 1189 1200 1208 1208 1213 1214 1214 1215 1216 1219 1226 
1640933792.378484 1230 1230 1231 1234 1235 1242 1248 1253 1260 1272 1272 1308 1329 1360 1382 
1640933793.104934 ### RSSI: -61, 16, 1640056060 ,683 
1640933793.372723 ### DEBUG: Ticks: 687, 15, 1 
1640933793.372986 1640056060 c0:98:e5:42:00:2c 1420 
1640933793.383951 1599 1599 1600 1614 1616 1620 1631 1641 1643 1647 1660 1686 1689 1698 1698 
1640933793.384251 1698 1699 1708 1708 1711 1711 1717 1729 1735 1748 1749 1753 1777 1837 1874 
1640933794.103471 ### RSSI: -70, 5, 1640056061 ,699 
1640933795.106749 ### RSSI: -61, 0, 1640056062 ,714 
1640933796.108064 ### RSSI: -65, 32, 1640056063 ,730 
1640933796.379645 ### DEBUG: Ticks: 734, 47, 1 
1640933796.379928 1640056063 c0:98:e5:42:00:2c 2035 
1640933796.380127 2262 2279 2280 2297 2304 2306 2313 2314 2324 2327 2334 2336 2336 2339 2342 
1640933796.380327 2349 2354 2356 2359 2361 2363 2373 2382 2397 2399 2408 2455 2468 2470 2488 
1640933797.112071 ### RSSI: -59, 3, 1640056064 ,745 
1640933797.374024 ### DEBUG: Ticks: 750, 16, 1 
1640933797.374305 1640056064 c0:98:e5:42:00:2c 2027 
1640933797.374460 2244 2266 2271 2275 2279 2286 2293 2302 2303 2304 2304 2307 2311 2313 2316 
1640933797.374660 2326 2328 2333 2335 2341 2343 2347 2350 2353 2363 2369 2425 2432 2446 2449 
1640933798.105417 ### RSSI: -62, 22, 1640056064 ,761 
1640933798.378475 ### DEBUG: Ticks: 765, 15, 1 
1640933798.378762 1640056065 c0:98:e5:42:00:2c 1898 
1640933798.378949 2191 2192 2202 2212 2222 2233 2255 2257 2258 2267 2279 2280 2281 2292 2296 
1640933798.379361 2297 2300 2309 2312 2321 2322 2324 2330 2331 2349 2353 2379 2385 2452 2455 
1640933798.809545 ### INFO: SD card flushed!
1640933799.110136 ### RSSI: -61, 36, 1640056065 ,777 
1640933799.382369 ### DEBUG: Ticks: 781, 16, 1 
1640933799.382654 1640056066 c0:98:e5:42:00:2c 1579 
1640933799.382837 1792 1793 1816 1818 1822 1824 1830 1835 1838 1838 1844 1850 1851 1859 1859 
1640933799.383049 1870 1871 1873 1879 1883 1885 1889 1900 1915 1920 1926 1930 1977 2075 2080 
1640933800.106749 ### RSSI: -68, 34, 1640056066 ,792 
1640933800.376075 ### DEBUG: Ticks: 796, 15, 1 
1640933800.376369 1640056067 c0:98:e5:42:00:2c 1143 
1640933800.376553 1301 1308 1343 1354 1355 1355 1357 1360 1366 1373 1378 1385 1385 1385 1392 
1640933800.376778 1392 1395 1397 1397 1406 1411 1420 1422 1422 1432 1448 1453 1491 1551 1592 
1640933801.113843 ### RSSI: -69, 32, 1640056067 ,808 
1640933801.371648 ### DEBUG: Ticks: 812, 16, 1 
1640933801.371935 1640056068 c0:98:e5:42:00:2c 860 
1640933801.383703 972 986 1014 1026 1026 1030 1042 1044 1058 1061 1065 1066 1068 1079 1080 
1640933801.383991 1087 1090 1090 1104 1111 1114 1129 1135 1137 1162 1176 1194 1215 1226 1238 
1640933802.107741 ### RSSI: -57, 8, 1640056068 ,824 
1640933802.372653 ### DEBUG: Ticks: 828, 16, 1 
1640933802.372824 1640056069 c0:98:e5:42:00:2c 719 
1640933802.372917 864 894 897 917 919 921 933 938 938 939 956 967 968 970 972 
1640933802.373030 979 984 996 996 1002 1005 1009 1028 1041 1061 1068 1079 1086 1119 1189 
1640933803.104889 ### RSSI: -60, 0, 1640056069 ,839 
1640933803.376885 ### DEBUG: Ticks: 843, 15, 1 
1640933803.377062 1640056070 c0:98:e5:42:00:2c 684 
1640933803.377156 834 867 900 927 929 931 934 939 944 945 949 950 958 970 976 
1640933803.377477 977 996 1000 1016 1019 1034 1035 1036 1038 1040 1077 1090 1092 1111 1306 
1640933804.109509 ### RSSI: -61, 30, 1640056071 ,855 
1640933804.373145 ### DEBUG: Ticks: 859, 16, 1 
1640933804.373427 1640056071 c0:98:e5:42:00:2c 722 
1640933804.373632 899 910 916 932 934 945 953 954 954 967 969 972 982 984 986 
1640933804.373816 995 995 1002 1003 1003 1005 1013 1026 1028 1029 1067 1098 1102 1152 1164 
1640933805.109267 ### RSSI: -70, 33, 1640056072 ,870 
1640933805.376284 ### DEBUG: Ticks: 875, 16, 1 
1640933805.376470 1640056072 c0:98:e5:42:00:2c 824 
1640933805.376556 946 974 992 1011 1011 1032 1039 1050 1051 1056 1056 1056 1076 1080 1082 
1640933805.376644 1082 1088 1089 1089 1092 1093 1106 1120 1122 1136 1167 1193 1202 1217 1247 
1640933806.107105 ### RSSI: -64, 18, 1640056073 ,886 
1640933806.379539 ### DEBUG: Ticks: 890, 15, 1 
1640933806.379824 1640056073 c0:98:e5:42:00:2c 1129 
1640933806.380023 1350 1364 1375 1397 1403 1406 1413 1417 1422 1426 1427 1432 1436 1442 1449 
1640933806.380203 1454 1461 1473 1474 1475 1483 1484 1484 1489 1500 1502 1534 1537 1594 1617 
1640933807.102355 ### RSSI: -68, 7, 1640056074 ,902 
1640933807.375042 ### DEBUG: Ticks: 906, 16, 1 
1640933807.375343 1640056074 c0:98:e5:42:00:2c 1585 
1640933807.375530 1811 1814 1852 1857 1860 1862 1863 1877 1880 1893 1893 1896 1896 1900 1900 
1640933807.375724 1906 1913 1917 1918 1920 1930 1937 1939 1947 1980 1989 2008 2015 2108 2133 
1640933808.105729 ### RSSI: -67, 31, 1640056075 ,917 
1640933808.380417 ### DEBUG: Ticks: 921, 15, 1 
1640933808.380592 1640056075 c0:98:e5:42:00:2c 2061 
1640933808.380685 2375 2392 2403 2405 2411 2416 2423 2429 2431 2438 2439 2445 2454 2455 2468 
1640933808.380804 2477 2487 2496 2506 2509 2509 2510 2514 2533 2544 2544 2545 2617 2636 2683 
1640933809.106982 ### RSSI: -73, 31, 1640056076 ,933 
1640933809.369624 ### DEBUG: Ticks: 937, 16, 1 
1640933809.381729 1640056076 c0:98:e5:42:00:2c 2086 
1640933809.381972 2354 2357 2363 2372 2373 2386 2388 2390 2398 2400 2407 2408 2409 2420 2420 
1640933809.382084 2421 2425 2428 2429 2432 2450 2467 2470 2478 2479 2507 2520 2597 2634 2689 
1640933810.104798 ### RSSI: -63, 19, 1640056077 ,948 
1640933810.377010 ### DEBUG: Ticks: 953, 16, 1 
1640933810.377403 1640056077 c0:98:e5:42:00:2c 2074 
1640933810.377567 2353 2383 2384 2391 2393 2395 2399 2404 2404 2408 2408 2409 2422 2422 2423 
1640933810.377664 2425 2426 2432 2433 2437 2438 2438 2445 2450 2454 2455 2476 2532 2548 2603 
1640933811.102297 ### RSSI: -74, 26, 1640056078 ,964 
1640933811.381194 ### DEBUG: Ticks: 968, 15, 1 
1640933811.381580 1640056078 c0:98:e5:42:00:2c 2020 
1640933811.381777 2263 2295 2301 2307 2315 2322 2322 2339 2341 2344 2349 2352 2357 2368 2370 
1640933811.381968 2380 2385 2386 2388 2398 2408 2416 2425 2426 2448 2472 2472 2491 2541 2625 
1640933812.107867 ### RSSI: -64, 36, 1640056079 ,980 
1640933813.108494 ### RSSI: -61, 31, 1640056080 ,995 
1640933814.107913 ### RSSI: -61, 23, 1640056081 ,1011 
1640933814.376824 ### DEBUG: Ticks: 1015, 47, 1 
1640933814.376992 1640056081 c0:98:e5:42:00:2c 1032 
1640933814.377083 1251 1272 1302 1304 1312 1318 1327 1328 1329 1329 1330 1334 1337 1355 1357 
1640933814.377178 1364 1364 1371 1373 1373 1376 1379 1383 1394 1420 1437 1447 1450 1497 1522 
1640933815.111949 ### RSSI: -67, 23, 1640056082 ,1027 
1640933816.109425 ### RSSI: -65, 9, 1640056083 ,1042 
1640933817.106391 ### RSSI: -56, 18, 1640056084 ,1058 
1640933817.374065 ### DEBUG: Ticks: 1062, 47, 1 
1640933817.374258 1640056084 c0:98:e5:42:00:2c 810 
1640933817.374351 924 948 1002 1006 1009 1010 1014 1019 1024 1026 1027 1039 1044 1046 1047 
1640933817.374445 1055 1058 1061 1062 1080 1089 1104 1112 1127 1147 1155 1164 1174 1193 1273 
1640933818.112781 ### RSSI: -59, 16, 1640056085 ,1073 
1640933818.379355 ### DEBUG: Ticks: 1078, 16, 1 
1640933818.380202 1640056085 c0:98:e5:42:00:2c 879 
1640933818.380399 1045 1096 1100 1102 1107 1118 1119 1119 1120 1122 1123 1124 1125 1125 1127 
1640933818.380581 1135 1135 1142 1148 1149 1159 1176 1183 1189 1209 1227 1244 1248 1256 1298 
1640933819.105209 ### RSSI: -60, 31, 1640056086 ,1089 
1640933819.377952 ### DEBUG: Ticks: 1093, 15, 1 
1640933819.378252 1640056086 c0:98:e5:42:00:2c 1016 
1640933819.378438 1207 1209 1224 1245 1250 1253 1254 1256 1261 1264 1274 1279 1281 1288 1301 
1640933819.378630 1301 1304 1307 1314 1318 1319 1324 1326 1368 1371 1377 1401 1412 1474 1478 
1640933820.100610 ### RSSI: -65, 32, 1640056087 ,1105 
1640933820.375194 ### DEBUG: Ticks: 1109, 16, 1 
1640933820.375384 1640056087 c0:98:e5:42:00:2c 1396 
1640933820.375494 1574 1594 1602 1604 1615 1626 1627 1628 1630 1636 1637 1638 1644 1655 1657 
1640933820.375609 1659 1662 1669 1670 1678 1690 1693 1698 1707 1708 1719 1759 1789 1804 1822 
1640933821.109884 ### RSSI: -71, 30, 1640056088 ,1120 
1640933821.377682 ### DEBUG: Ticks: 1124, 15, 1 
1640933821.377944 1640056088 c0:98:e5:42:00:2c 1856 
1640933821.378036 2064 2085 2113 2127 2127 2128 2130 2131 2132 2133 2142 2143 2147 2147 2156 
1640933821.378132 2157 2164 2167 2171 2174 2180 2198 2206 2211 2224 2230 2248 2254 2397 2427 
1640933822.106024 ### RSSI: -66, 10, 1640056089 ,1136 
1640933822.374864 ### DEBUG: Ticks: 1140, 16, 1 
1640933822.375040 1640056089 c0:98:e5:42:00:2c 2133 
1640933822.375115 2387 2401 2417 2419 2425 2439 2445 2448 2454 2455 2463 2469 2473 2484 2488 
1640933822.375191 2492 2494 2499 2500 2505 2513 2514 2520 2531 2537 2542 2578 2583 2630 2677 
1640933823.108570 ### RSSI: -65, 28, 1640056089 ,1152 
1640933824.104563 ### RSSI: -71, 18, 1640056090 ,1167 
1640933825.101148 ### RSSI: -69, 22, 1640056091 ,1183 
1640933825.378561 ### DEBUG: Ticks: 1187, 47, 1 
1640933825.378729 1640056092 c0:98:e5:42:00:2c 1994 
1640933825.378821 2288 2292 2292 2296 2300 2315 2319 2326 2328 2332 2337 2339 2340 2341 2349 
1640933825.378915 2353 2358 2359 2376 2376 2383 2383 2384 2389 2424 2427 2440 2450 2591 2615 
1640933826.101713 ### RSSI: -62, 29, 1640056092 ,1198 
1640933827.110539 ### RSSI: -61, 19, 1640056093 ,1214 
1640933828.106763 ### RSSI: -71, 6, 1640056095 ,1230 
1640933828.376214 ### DEBUG: Ticks: 1234, 47, 1 
1640933828.376381 1640056095 c0:98:e5:42:00:2c 901 
1640933828.376482 1027 1057 1062 1077 1087 1094 1103 1106 1107 1113 1114 1120 1130 1136 1137 
1640933828.376590 1137 1143 1148 1151 1152 1155 1159 1166 1171 1186 1215 1241 1261 1263 1280 
1640933829.110436 ### RSSI: -62, 28, 1640056096 ,1245 
1640933829.381803 ### DEBUG: Ticks: 1249, 15, 1 
1640933829.381979 1640056096 c0:98:e5:42:00:2c 686 
1640933829.382080 808 825 884 892 902 922 931 934 937 942 948 951 955 956 966 
1640933829.382181 971 985 986 990 998 999 1000 1012 1018 1031 1072 1087 1094 1105 1153 
1640933830.101877 ### RSSI: -62, 2, 1640056097 ,1261 
1640933830.378683 ### DEBUG: Ticks: 1265, 16, 1 
1640933830.378960 1640056097 c0:98:e5:42:00:2c 785 
1640933830.379146 891 926 940 990 998 1017 1032 1034 1036 1043 1048 1071 1084 1087 1102 
1640933830.379279 1113 1115 1135 1136 1137 1139 1141 1147 1147 1156 1169 1255 1257 1312 1354 
1640933831.100744 ### RSSI: -60, 27, 1640056098 ,1276 
1640933831.376156 ### DEBUG: Ticks: 1281, 16, 1 
1640933831.376279 1640056098 c0:98:e5:42:00:2c 574 
1640933831.376344 875 894 900 958 960 964 965 970 972 978 981 991 994 998 1002 
1640933831.376401 1004 1005 1032 1034 1043 1046 1058 1066 1080 1091 1096 1118 1142 1343 0 
1640933832.101773 ### RSSI: -70, 2, 1640056099 ,1292 
1640933832.380025 ### DEBUG: Ticks: 1296, 15, 1 
1640933832.380324 1640056099 c0:98:e5:42:00:2c 726 
1640933832.380507 895 966 967 994 1000 1001 1003 1006 1022 1033 1033 1034 1035 1040 1040 
1640933832.380700 1040 1042 1051 1057 1070 1087 1093 1093 1105 1105 1111 1184 1196 1214 1247 
1640933833.101051 ### RSSI: -61, 20, 1640056100 ,1308 
1640933833.377175 ### DEBUG: Ticks: 1312, 16, 1 
1640933833.377592 1640056100 c0:98:e5:42:00:2c 1094 
1640933833.377776 1241 1246 1274 1287 1289 1294 1299 1302 1302 1304 1305 1305 1310 1316 1319 
1640933833.378021 1325 1326 1329 1337 1338 1348 1351 1355 1372 1374 1384 1409 1413 1454 1536 
1640933834.100680 ### RSSI: -61, 20, 1640056101 ,1323 
1640933835.103983 ### RSSI: -65, 21, 1640056102 ,1339 
1640933836.100967 ### RSSI: -70, 18, 1640056103 ,1355 
1640933836.378117 ### DEBUG: Ticks: 1359, 47, 1 
1640933836.378405 1640056103 c0:98:e5:42:00:2c 1957 
1640933836.378607 2194 2200 2208 2216 2216 2227 2228 2230 2243 2243 2244 2244 2246 2249 2254 
1640933836.378835 2263 2266 2266 2268 2271 2281 2282 2292 2308 2316 2327 2354 2360 2363 2381 
1640933837.104304 ### RSSI: -62, 25, 1640056104 ,1370 
1640933837.383651 ### DEBUG: Ticks: 1374, 15, 1 
1640933837.383953 1640056104 c0:98:e5:42:00:2c 1991 
1640933837.384137 2255 2256 2257 2267 2276 2278 2279 2279 2281 2286 2288 2291 2293 2296 2306 
1640933837.384331 2310 2313 2317 2320 2322 2326 2327 2336 2339 2349 2351 2362 2422 2428 2450 
1640933838.109143 ### RSSI: -78, 30, 1640056105 ,1386 
1640933838.375317 ### DEBUG: Ticks: 1390, 16, 1 
1640933838.375615 1640056105 c0:98:e5:42:00:2c 1980 
1640933838.375800 2215 2230 2245 2247 2259 2261 2271 2273 2275 2277 2278 2291 2299 2302 2305 
1640933838.375989 2308 2312 2315 2316 2321 2323 2328 2334 2338 2357 2374 2418 2419 2464 2494 
1640933839.108735 ### RSSI: -62, 0, 1640056106 ,1401 
1640933839.373725 ### DEBUG: Ticks: 1406, 16, 1 
1640933839.374023 1640056106 c0:98:e5:42:00:2c 1751 
1640933839.374209 1934 1956 1976 1983 1987 1990 1995 1997 1999 2001 2002 2003 2004 2006 2010 
1640933839.385977 2018 2025 2033 2036 2036 2037 2042 2052 2053 2060 2067 2108 2111 2137 2194 
1640933840.106040 ### RSSI: -67, 27, 1640056107 ,1417 
1640933840.375849 ### DEBUG: Ticks: 1421, 15, 1 
1640933840.376048 1640056107 c0:98:e5:42:00:2c 1613 
1640933840.376159 1771 1797 1810 1814 1818 1833 1834 1836 1840 1840 1852 1852 1856 1860 1869 
1640933840.376248 1869 1872 1883 1885 1893 1898 1917 1920 1933 1936 1936 1943 1967 2038 2053 
1640933841.101707 ### RSSI: -63, 18, 1640056108 ,1433 
1640933841.378689 ### DEBUG: Ticks: 1437, 16, 1 
1640933841.378990 1640056108 c0:98:e5:42:00:2c 1048 
1640933841.379176 1221 1230 1272 1273 1273 1287 1287 1292 1293 1299 1305 1310 1314 1316 1321 
1640933841.379370 1337 1340 1356 1357 1358 1372 1376 1380 1387 1397 1417 1424 1479 1495 0 
1640933842.102280 ### RSSI: -68, 19, 1640056109 ,1448 
1640933842.377926 ### DEBUG: Ticks: 1453, 16, 1 
1640933842.378107 1640056109 c0:98:e5:42:00:2c 772 
1640933842.378206 977 994 1015 1015 1025 1028 1028 1028 1042 1046 1049 1051 1057 1059 1063 
1640933842.378296 1065 1071 1074 1079 1085 1095 1103 1109 1111 1115 1117 1164 1199 1221 1231 
1640933843.101746 ### RSSI: -64, 25, 1640056110 ,1464 
1640933844.107616 ### RSSI: -62, 29, 1640056111 ,1480 
1640933844.279517 ### INFO: SD card flushed!
1640933844.279816 ### DEBUG: Ticks: 1482, 29, 1 
1640933844.279997 1640056110 c0:98:e5:42:00:2c 807 
1640933844.280189 970 973 1000 1000 1012 1022 1030 1031 1034 1045 1050 1051 1055 1059 1063 
1640933844.280405 1065 1088 1091 1095 1105 1108 1115 1119 1130 1137 1140 1141 1147 1160 1168 
1640933844.372894 ### DEBUG: Ticks: 1484, 2, 1 
1640933844.373052 1640056111 c0:98:e5:42:00:2c 842 
1640933844.373125 976 977 1016 1035 1040 1041 1044 1049 1057 1062 1072 1082 1084 1093 1096 
1640933844.384795 1103 1108 1113 1116 1120 1122 1135 1140 1151 1152 1157 1186 1187 1251 1255 
1640933845.110243 ### RSSI: -59, 19, 1640056112 ,1495 
1640933845.374917 ### DEBUG: Ticks: 1499, 15, 1 
1640933845.375313 1640056112 c0:98:e5:42:00:2c 776 
1640933845.375497 996 1022 1049 1053 1058 1060 1075 1077 1081 1090 1094 1104 1110 1111 1112 
1640933845.375687 1114 1117 1117 1122 1122 1123 1126 1138 1146 1177 1224 1231 1242 1251 1283 
1640933846.110828 ### RSSI: -65, 1, 1640056113 ,1511 
1640933846.375042 ### DEBUG: Ticks: 1515, 16, 1 
1640933846.375220 1640056113 c0:98:e5:42:00:2c 890 
1640933846.375289 1021 1063 1081 1101 1106 1110 1120 1125 1127 1134 1135 1136 1138 1144 1145 
1640933846.375360 1145 1151 1163 1167 1178 1182 1182 1185 1196 1207 1213 1213 1269 1270 1274 
1640933847.110575 ### RSSI: -63, 25, 1640056113 ,1526 
1640933847.381852 ### DEBUG: Ticks: 1531, 16, 1 
1640933847.382151 1640056114 c0:98:e5:42:00:2c 1261 
1640933847.382335 1491 1492 1525 1526 1532 1544 1548 1550 1551 1554 1559 1562 1564 1566 1583 
1640933847.382526 1587 1588 1589 1593 1596 1598 1598 1602 1607 1611 1622 1662 1664 1749 1786 
1640933848.110377 ### RSSI: -63, 1, 1640056114 ,1542 
1640933848.384145 ### DEBUG: Ticks: 1546, 15, 1 
1640933848.384314 1640056115 c0:98:e5:42:00:2c 1620 
1640933848.384405 1938 1949 1950 1950 1953 1955 1956 1957 1957 1958 1959 1976 1977 1978 1981 
1640933848.384501 1983 1990 1998 2000 2002 2004 2036 2038 2041 2042 2081 2096 2100 2179 2181 
1640933849.111206 ### RSSI: -68, 20, 1640056115 ,1558 
1640933849.380758 ### DEBUG: Ticks: 1562, 16, 1 
1640933849.380928 1640056116 c0:98:e5:42:00:2c 2225 
1640933849.381019 2481 2483 2497 2510 2520 2526 2531 2550 2560 2564 2565 2572 2577 2585 2605 
1640933849.381114 2605 2606 2607 2613 2616 2618 2619 2624 2628 2650 2660 2670 2711 2753 2773 
1640933850.099363 ### RSSI: -65, 19, 1640056116 ,1573 
1640933850.373623 ### DEBUG: Ticks: 1577, 15, 1 
1640933850.373758 1640056117 c0:98:e5:42:00:2c 2125 
1640933850.373833 2356 2371 2391 2394 2397 2413 2414 2418 2421 2423 2426 2431 2432 2436 2439 
1640933850.386188 2441 2449 2451 2453 2457 2463 2465 2467 2478 2478 2487 2490 2531 2573 2610 
1640933851.104040 ### RSSI: -67, 21, 1640056117 ,1589 
1640933852.100226 ### RSSI: -58, 6, 1640056118 ,1604 
1640933853.099750 ### RSSI: -68, 22, 1640056120 ,1620 
1640933853.374990 ### DEBUG: Ticks: 1624, 47, 1 
1640933853.375159 1640056120 c0:98:e5:42:00:2c 1889 
1640933853.375251 2172 2195 2200 2228 2233 2238 2238 2246 2249 2249 2251 2255 2260 2261 2262 
1640933853.375346 2264 2266 2266 2272 2276 2280 2288 2297 2301 2304 2328 2349 2412 2500 2510 
1640933854.105763 ### RSSI: -62, 35, 1640056121 ,1636 
1640933854.377617 ### DEBUG: Ticks: 1640, 16, 1 
1640933854.377915 1640056121 c0:98:e5:42:00:2c 1565 
1640933854.378098 1788 1805 1806 1811 1814 1830 1832 1837 1841 1846 1866 1868 1871 1872 1873 
1640933854.378290 1875 1879 1881 1886 1889 1889 1892 1895 1914 1930 1946 1958 1985 2037 2063 
1640933855.101880 ### RSSI: -66, 13, 1640056122 ,1651 
1640933855.378343 ### DEBUG: Ticks: 1656, 16, 1 
1640933855.378509 1640056122 c0:98:e5:42:00:2c 1150 
1640933855.378608 1358 1377 1400 1415 1431 1433 1433 1435 1441 1441 1447 1448 1449 1450 1450 
1640933855.378752 1460 1462 1464 1472 1484 1484 1488 1492 1510 1512 1531 1536 1553 1595 1615 
1640933856.110454 ### RSSI: -59, 31, 1640056123 ,1667 
1640933856.375099 ### DEBUG: Ticks: 1671, 15, 1 
1640933856.375243 1640056123 c0:98:e5:42:00:2c 681 
1640933856.375313 856 881 904 911 947 955 957 958 961 964 976 980 981 982 983 
1640933856.375376 990 995 1000 1004 1017 1055 1056 1058 1058 1071 1083 1091 1123 1127 1190 
1640933857.104404 ### RSSI: -63, 28, 1640056124 ,1683 
1640933857.382054 ### DEBUG: Ticks: 1687, 16, 1 
1640933857.382352 1640056124 c0:98:e5:42:00:2c 633 
1640933857.382535 758 760 799 800 819 848 851 852 855 855 858 859 861 861 864 
1640933857.382724 866 876 881 881 906 909 919 941 942 948 959 969 981 1003 1023 
1640933858.099057 ### RSSI: -57, 13, 1640056125 ,1698 
1640933858.372761 ### DEBUG: Ticks: 1702, 15, 1 
1640933858.372998 1640056125 c0:98:e5:42:00:2c 756 
1640933858.385456 844 862 869 875 883 886 887 888 899 901 911 919 922 928 942 
1640933858.385666 944 948 955 962 964 969 986 991 994 1044 1050 1062 1093 1099 1107 
1640933859.102417 ### RSSI: -59, 17, 1640056126 ,1714 
1640933859.378694 ### DEBUG: Ticks: 1718, 16, 1 
1640933859.378994 1640056126 c0:98:e5:42:00:2c 644 
1640933859.379180 846 852 865 869 880 880 882 890 896 901 902 902 903 905 907 
1640933859.379374 911 918 924 927 939 951 956 959 962 1014 1014 1025 1036 1055 1063 
1640933860.109029 ### RSSI: -70, 11, 1640056127 ,1729 
1640933860.374679 ### DEBUG: Ticks: 1734, 16, 1 
1640933860.374845 1640056127 c0:98:e5:42:00:2c 831 
1640933860.386395 1039 1039 1047 1050 1060 1068 1073 1074 1081 1081 1082 1082 1084 1086 1087 
1640933860.386534 1091 1096 1098 1108 1109 1110 1127 1131 1131 1149 1157 1203 1225 1227 1262 
1640933861.108893 ### RSSI: -64, 3, 1640056128 ,1745 
1640933861.376745 ### DEBUG: Ticks: 1749, 15, 1 
1640933861.376884 1640056128 c0:98:e5:42:00:2c 1285 
1640933861.376958 1497 1501 1519 1527 1529 1539 1544 1556 1561 1562 1563 1564 1566 1587 1589 
1640933861.377025 1595 1607 1617 1617 1625 1625 1626 1634 1639 1647 1660 1677 1689 1743 1788 
1640933862.109231 ### RSSI: -60, 34, 1640056129 ,1761 
1640933862.376911 ### DEBUG: Ticks: 1765, 16, 1 
1640933862.377205 1640056129 c0:98:e5:42:00:2c 1834 
1640933862.377499 2119 2128 2137 2138 2146 2155 2158 2161 2167 2168 2168 2187 2190 2194 2195 
1640933862.378152 2199 2204 2204 2209 2214 2217 2225 2231 2239 2247 2273 2316 2330 2431 2435 
1640933863.104327 ### RSSI: -63, 22, 1640056130 ,1776 
1640933863.374182 ### DEBUG: Ticks: 1781, 16, 1 
1640933863.374477 1640056130 c0:98:e5:42:00:2c 2103 
1640933863.374661 2320 2325 2326 2340 2348 2350 2356 2364 2372 2380 2381 2388 2389 2394 2403 
1640933863.374851 2409 2416 2417 2424 2425 2427 2437 2451 2456 2462 2464 2470 2488 2532 2546 
1640933864.101191 ### RSSI: -63, 17, 1640056131 ,1792 
1640933864.380161 ### DEBUG: Ticks: 1796, 15, 1 
1640933864.380449 1640056131 c0:98:e5:42:00:2c 2086 
1640933864.380635 2285 2330 2348 2353 2354 2354 2357 2358 2358 2362 2367 2378 2389 2390 2392 
1640933864.380835 2393 2399 2401 2407 2415 2416 2422 2432 2432 2437 2437 2464 2510 2523 2560 
1640933865.107999 ### RSSI: -65, 0, 1640056132 ,1808 
1640933865.381454 ### DEBUG: Ticks: 1812, 16, 1 
1640933865.381739 1640056132 c0:98:e5:42:00:2c 2019 
1640933865.381937 2232 2264 2276 2311 2315 2317 2319 2323 2336 2337 2344 2349 2350 2351 2354 
1640933865.382138 2355 2357 2358 2360 2363 2379 2382 2388 2394 2401 2411 2423 2436 2479 2481 
1640933866.107268 ### RSSI: -63, 11, 1640056133 ,1823 
1640933866.381794 ### DEBUG: Ticks: 1827, 15, 1 
1640933866.382079 1640056133 c0:98:e5:42:00:2c 1908 
1640933866.382278 2112 2135 2142 2145 2149 2153 2158 2164 2164 2167 2172 2186 2186 2190 2204 
1640933866.382479 2208 2212 2219 2219 2224 2230 2239 2240 2249 2252 2283 2285 2292 2347 2407 
1640933867.105904 ### RSSI: -74, 10, 1640056134 ,1839 
1640933867.379853 ### DEBUG: Ticks: 1843, 16, 1 
1640933867.380138 1640056134 c0:98:e5:42:00:2c 1764 
1640933867.380357 1952 1977 1991 1991 1994 1995 1995 1996 2001 2007 2015 2023 2026 2030 2032 
1640933867.380537 2036 2036 2040 2042 2043 2056 2062 2065 2067 2071 2092 2112 2126 2260 2285 
1640933868.099376 ### RSSI: -60, 30, 1640056135 ,1854 
1640933868.381709 ### DEBUG: Ticks: 1859, 16, 1 
1640933868.382012 1640056135 c0:98:e5:42:00:2c 1270 
1640933868.382229 1489 1491 1501 1501 1510 1524 1529 1529 1531 1538 1545 1547 1550 1555 1564 
1640933868.382452 1569 1576 1580 1583 1585 1587 1587 1590 1608 1613 1623 1630 1693 1730 1768 
1640933869.109635 ### RSSI: -62, 29, 1640056136 ,1870 
1640933869.382952 ### DEBUG: Ticks: 1874, 15, 1 
1640933869.383228 1640056136 c0:98:e5:42:00:2c 852 
1640933869.383314 976 989 1033 1046 1053 1054 1059 1060 1069 1082 1084 1094 1096 1099 1101 
1640933869.383487 1102 1111 1119 1120 1132 1139 1142 1144 1152 1163 1189 1256 1260 1269 1277 
1640933870.100149 ### RSSI: -60, 14, 1640056137 ,1886 
1640933870.377727 ### DEBUG: Ticks: 1890, 16, 1 
1640933870.378009 1640056137 c0:98:e5:42:00:2c 597 
1640933870.378244 780 789 791 794 797 828 833 838 841 847 848 859 865 868 875 
1640933870.378442 877 880 880 883 891 895 915 916 923 925 940 958 982 991 1089 
1640933871.108110 ### RSSI: -54, 11, 1640056137 ,1901 
1640933871.380224 ### DEBUG: Ticks: 1905, 15, 1 
1640933871.380408 1640056138 c0:98:e5:42:00:2c 641 
1640933871.380508 779 795 806 816 822 826 852 859 863 869 871 876 879 882 887 
1640933871.380598 889 898 916 921 928 931 943 945 963 967 975 979 989 1040 1082 
1640933872.100343 ### RSSI: -60, 29, 1640056138 ,1917 
1640933872.376435 ### DEBUG: Ticks: 1921, 16, 1 
1640933872.376720 1640056139 c0:98:e5:42:00:2c 616 
1640933872.376919 755 789 807 823 842 853 854 860 863 867 868 873 878 883 884 
1640933872.377242 886 894 895 897 914 917 917 933 937 953 979 982 1004 1008 1065 
1640933873.102703 ### RSSI: -56, 29, 1640056139 ,1932 
1640933873.382526 ### DEBUG: Ticks: 1937, 16, 1 
1640933873.382844 1640056140 c0:98:e5:42:00:2c 727 
1640933873.383033 857 874 897 914 926 931 936 940 947 952 952 953 957 957 958 
1640933873.383458 965 965 967 970 973 979 989 993 994 1005 1065 1069 1102 1112 1233 
1640933874.101540 ### RSSI: -62, 3, 1640056140 ,1948 
1640933875.106767 ### RSSI: -65, 26, 1640056141 ,1964 
1640933876.104483 ### RSSI: -69, 8, 1640056142 ,1979 
1640933876.375880 ### DEBUG: Ticks: 1984, 47, 1 
1640933876.376036 1640056143 c0:98:e5:42:00:2c 2042 
1640933876.376117 2169 2198 2209 2228 2232 2245 2245 2250 2253 2256 2260 2261 2262 2265 2266 
1640933876.376188 2267 2289 2291 2293 2300 2310 2320 2332 2334 2335 2339 2368 2384 2453 2486 
1640933877.099198 ### RSSI: -65, 25, 1640056144 ,1995 
1640933877.378663 ### DEBUG: Ticks: 1999, 15, 1 
1640933877.378949 1640056144 c0:98:e5:42:00:2c 2080 
1640933877.379146 2322 2377 2421 2424 2425 2431 2432 2442 2448 2449 2450 2451 2451 2454 2462 
1640933877.379326 2476 2476 2478 2480 2486 2486 2487 2495 2499 2500 2507 2508 2588 2601 2617 
1640933878.104541 ### RSSI: -63, 33, 1640056145 ,2011 
1640933878.379877 ### DEBUG: Ticks: 2015, 16, 1 
1640933878.380074 1640056145 c0:98:e5:42:00:2c 2060 
1640933878.380154 2332 2341 2351 2355 2359 2365 2372 2374 2380 2388 2389 2391 2393 2393 2394 
1640933878.380254 2397 2403 2404 2406 2435 2437 2439 2440 2445 2451 2521 2532 2629 2640 0 
1640933879.108586 ### RSSI: -66, 20, 1640056146 ,2026 
1640933879.376448 ### DEBUG: Ticks: 2030, 15, 1 
1640933879.376604 1640056146 c0:98:e5:42:00:2c 2098 
1640933879.376677 2291 2296 2299 2301 2317 2320 2322 2334 2334 2337 2337 2359 2359 2362 2363 
1640933879.376748 2364 2366 2367 2368 2372 2373 2392 2394 2401 2409 2412 2441 2452 2508 2586 
1640933880.107917 ### RSSI: -73, 3, 1640056147 ,2042 
1640933880.378334 ### DEBUG: Ticks: 2046, 16, 1 
1640933880.378629 1640056147 c0:98:e5:42:00:2c 1959 
1640933880.378805 2183 2186 2187 2192 2200 2209 2212 2215 2216 2217 2217 2219 2219 2225 2229 
1640933880.378949 2236 2237 2245 2256 2257 2262 2264 2271 2277 2292 2316 2363 2373 2455 2490 
1640933881.104815 ### RSSI: -67, 19, 1640056148 ,2057 
1640933881.379240 ### DEBUG: Ticks: 2062, 16, 1 
1640933881.379411 1640056148 c0:98:e5:42:00:2c 1630 
1640933881.379504 1892 1902 1904 1910 1911 1930 1931 1939 1944 1950 1952 1953 1962 1965 1968 
1640933881.379599 1978 1979 1980 1985 1993 2000 2013 2018 2022 2023 2024 2028 2053 2159 2164 
1640933881.833042 ### INFO: SD card flushed!
1640933882.103214 ### RSSI: -79, 2, 1640056149 ,2073 
1640933882.379227 ### DEBUG: Ticks: 2077, 15, 1 
1640933882.379358 1640056149 c0:98:e5:42:00:2c 1193 
1640933882.379420 1545 1550 1555 1592 1592 1594 1597 1599 1609 1611 1611 1613 1614 1616 1618 
1640933882.379484 1630 1642 1644 1644 1648 1651 1653 1674 1677 1677 1686 1688 1707 1792 1796 
1640933883.099733 ### RSSI: -83, 19, 1640056150 ,2089 
1640933883.378363 ### DEBUG: Ticks: 2093, 16, 1 
1640933883.378507 1640056150 c0:98:e5:42:00:2c 821 
1640933883.378557 978 1052 1055 1056 1059 1065 1071 1083 1084 1087 1093 1093 1094 1098 1104 
1640933883.378606 1113 1126 1126 1132 1134 1145 1155 1159 1182 1185 1206 1208 1209 1265 1278 
1640933883.760810 ### BLE EVENT: 16, INFO: BLE CONNECTED!
1640933883.761047 ### RSSI: -61, 6, 1640056150 ,2099 
1640933883.862583 ### RSSI: -58, 19, 1640056151 ,2100 
1640933883.966453 ### RSSI: -56, 16, 1640056151 ,2102 
1640933884.057238 ### RSSI: -62, 23, 1640056151 ,2104 
1640933884.101904 ### RSSI: -65, 3, 1640056151 ,2104 
1640933884.158215 ### RSSI: -62, 2, 1640056151 ,2105 
1640933884.260489 ### RSSI: -57, 23, 1640056151 ,2107 
1640933884.305830 ### RSSI: -70, 0, 1640056151 ,2107 
1640933884.362582 ### RSSI: -58, 30, 1640056151 ,2108 
1640933884.374364 ### DEBUG: Ticks: 2109, 16, 1 
1640933884.374574 1640056151 c0:98:e5:42:00:2c 728 
1640933884.374654 819 855 860 877 886 893 904 906 909 915 917 924 927 940 945 
1640933884.374726 946 969 972 972 992 1001 1002 1006 1008 1020 1023 1032 1036 1050 1088 
1640933884.409029 ### RSSI: -70, 0, 1640056151 ,2109 
1640933884.466188 ### RSSI: -60, 31, 1640056151 ,2110 
1640933884.498643 ### RSSI: -62, 20, 1640056151 ,2111 
1640933884.566086 ### RSSI: -59, 11, 1640056151 ,2111 
1640933884.601621 ### RSSI: -61, 33, 1640056151 ,2112 
1640933884.657418 ### RSSI: -60, 28, 1640056151 ,2113 
1640933884.702223 ### RSSI: -65, 4, 1640056151 ,2114 
1640933884.756851 ### RSSI: -57, 36, 1640056152 ,2115 
1640933884.802597 ### RSSI: -61, 35, 1640056152 ,2115 
1640933884.858189 ### RSSI: -66, 6, 1640056152 ,2116 
1640933884.901534 ### RSSI: -58, 21, 1640056152 ,2117 
1640933884.956864 ### RSSI: -56, 36, 1640056152 ,2118 
1640933885.000185 ### RSSI: -58, 21, 1640056152 ,2118 
1640933885.056516 ### RSSI: -58, 27, 1640056152 ,2119 
1640933885.100780 ### RSSI: -58, 26, 1640056152 ,2120 
1640933885.157563 ### RSSI: -61, 29, 1640056152 ,2121 
1640933885.199534 ### RSSI: -58, 20, 1640056152 ,2121 
1640933885.256176 ### RSSI: -66, 6, 1640056152 ,2122 
1640933885.355006 ### RSSI: -60, 33, 1640056152 ,2124 
1640933885.378896 ### DEBUG: Ticks: 2124, 15, 1 
1640933885.379009 1640056152 c0:98:e5:42:00:2c 733 
1640933885.379063 892 896 901 915 924 928 931 932 948 954 955 959 970 985 995 
1640933885.379111 999 1003 1004 1017 1030 1035 1036 1041 1058 1078 1080 1127 1139 1184 1237 
1640933886.200935 ### RSSI: -60, 15, 1640056153 ,2137 
1640933886.363794 ### RSSI: -72, 1, 1640056153 ,2140 
1640933886.374630 ### DEBUG: Ticks: 2140, 16, 1 
1640933886.374743 1640056153 c0:98:e5:42:00:2c 717 
1640933886.374797 959 971 994 1001 1009 1011 1014 1015 1026 1026 1027 1030 1030 1039 1043 
1640933886.374846 1043 1045 1047 1052 1059 1068 1070 1100 1106 1110 1141 1156 1175 1209 0 
1640933887.199628 ### RSSI: -70, 9, 1640056154 ,2153 
1640933887.357786 ### RSSI: -60, 19, 1640056154 ,2155 
1640933887.381161 ### DEBUG: Ticks: 2155, 15, 1 
1640933887.381382 1640056154 c0:98:e5:42:00:2c 935 
1640933887.381483 1124 1193 1204 1205 1210 1216 1220 1234 1236 1240 1245 1246 1248 1256 1256 
1640933887.381661 1260 1263 1269 1275 1276 1291 1297 1299 1312 1333 1356 1368 1380 1411 1414 
1640933888.199824 ### RSSI: -58, 16, 1640056155 ,2168 
1640933888.360054 ### RSSI: -61, 13, 1640056155 ,2171 
1640933888.382351 ### DEBUG: Ticks: 2171, 16, 1 
1640933888.382500 1640056155 c0:98:e5:42:00:2c 1408 
1640933888.382574 1533 1542 1563 1567 1572 1576 1578 1580 1586 1597 1610 1612 1625 1627 1630 
1640933888.382650 1634 1646 1656 1658 1668 1682 1689 1697 1702 1703 1705 1706 1737 1749 1812 
1640933889.200397 ### RSSI: -61, 27, 1640056156 ,2184 
1640933889.359957 ### RSSI: -66, 28, 1640056156 ,2186 
1640933889.383654 ### DEBUG: Ticks: 2187, 16, 1 
1640933889.383818 1640056156 c0:98:e5:42:00:2c 1780 
1640933889.383879 2033 2051 2060 2063 2067 2067 2072 2074 2080 2080 2083 2089 2100 2103 2104 
1640933889.384134 2112 2115 2116 2116 2123 2127 2134 2138 2139 2144 2159 2191 2209 2340 2341 
1640933890.204592 ### RSSI: -66, 13, 1640056157 ,2200 
1640933890.361661 ### RSSI: -57, 8, 1640056157 ,2202 
1640933890.373480 ### DEBUG: Ticks: 2202, 15, 1 
1640933890.384775 1640056157 c0:98:e5:42:00:2c 2087 
1640933890.384921 2361 2364 2407 2418 2435 2443 2448 2448 2450 2452 2457 2469 2470 2471 2471 
1640933890.384990 2474 2474 2475 2476 2487 2491 2494 2501 2512 2512 2516 2535 2592 2605 2623 
1640933891.198952 ### RSSI: -61, 4, 1640056158 ,2215 
1640933891.359752 ### RSSI: -70, 14, 1640056158 ,2218 
1640933891.384676 ### DEBUG: Ticks: 2218, 16, 1 
1640933891.384841 1640056158 c0:98:e5:42:00:2c 2015 
1640933891.384933 2243 2292 2293 2300 2303 2317 2318 2322 2324 2331 2346 2346 2347 2351 2354 
1640933891.385027 2354 2364 2366 2375 2377 2380 2381 2382 2391 2402 2416 2429 2433 2443 2472 
1640933892.202722 ### RSSI: -62, 27, 1640056159 ,2231 
1640933892.356968 ### RSSI: -62, 36, 1640056159 ,2233 
1640933892.380394 ### DEBUG: Ticks: 2234, 16, 1 
1640933892.380722 1640056159 c0:98:e5:42:00:2c 2172 
1640933892.380909 2318 2366 2433 2435 2453 2457 2469 2473 2486 2491 2492 2493 2495 2499 2503 
1640933892.381100 2507 2512 2513 2513 2515 2518 2527 2530 2533 2533 2537 2538 2599 2602 2608 
1640933893.202144 ### RSSI: -59, 16, 1640056160 ,2246 
1640933893.363408 ### RSSI: -62, 16, 1640056160 ,2249 
1640933893.376019 ### DEBUG: Ticks: 2249, 15, 1 
1640933893.376317 1640056160 c0:98:e5:42:00:2c 2120 
1640933893.376501 2329 2349 2366 2389 2397 2398 2402 2410 2440 2440 2444 2454 2461 2472 2479 
1640933893.376691 2479 2482 2488 2494 2494 2502 2514 2539 2543 2548 2563 2563 2606 2631 2650 
1640933894.201648 ### RSSI: -71, 34, 1640056161 ,2262 
1640933894.359907 ### RSSI: -70, 4, 1640056161 ,2264 
1640933894.384354 ### DEBUG: Ticks: 2265, 16, 1 
1640933894.384525 1640056161 c0:98:e5:42:00:2c 1779 
1640933894.384618 1998 2003 2008 2009 2012 2023 2037 2038 2039 2041 2043 2045 2062 2069 2078 
1640933894.384713 2080 2082 2085 2085 2090 2092 2096 2100 2105 2106 2142 2177 2213 2282 2297 
1640933895.200446 ### RSSI: -63, 11, 1640056161 ,2278 
1640933895.363731 ### RSSI: -61, 11, 1640056162 ,2280 
1640933895.375836 ### DEBUG: Ticks: 2280, 15, 1 
1640933895.376136 1640056162 c0:98:e5:42:00:2c 1391 
1640933895.376320 1588 1593 1633 1636 1637 1652 1662 1663 1668 1669 1670 1670 1671 1672 1681 
1640933895.376510 1688 1695 1698 1700 1702 1711 1717 1725 1726 1759 1770 1773 1816 1835 1889 
1640933896.203190 ### RSSI: -73, 36, 1640056162 ,2293 
1640933896.365730 ### RSSI: -63, 24, 1640056163 ,2296 
1640933896.377536 ### DEBUG: Ticks: 2296, 16, 1 
1640933896.377792 1640056163 c0:98:e5:42:00:2c 903 
1640933896.377988 1082 1084 1088 1090 1099 1100 1102 1104 1119 1128 1128 1135 1135 1136 1138 
1640933896.378180 1139 1144 1148 1148 1149 1153 1155 1171 1183 1211 1216 1227 1248 1266 1275 
1640933897.198976 ### RSSI: -65, 25, 1640056163 ,2309 
1640933897.360828 ### RSSI: -60, 3, 1640056164 ,2311 
1640933897.372442 ### DEBUG: Ticks: 2312, 16, 1 
1640933897.384550 1640056164 c0:98:e5:42:00:2c 553 
1640933897.384722 727 729 732 761 766 776 778 780 784 784 787 792 796 798 801 
1640933897.385139 801 801 808 819 821 821 823 826 829 830 847 870 893 948 959 
1640933898.202236 ### RSSI: -70, 7, 1640056164 ,2324 
1640933898.364419 ### RSSI: -57, 31, 1640056165 ,2327 
1640933898.377856 ### DEBUG: Ticks: 2327, 15, 1 
1640933898.378028 1640056165 c0:98:e5:42:00:2c 559 
1640933898.378126 803 810 839 853 855 864 870 872 874 876 877 882 883 885 893 
1640933898.378220 895 905 908 911 912 955 959 963 969 985 985 986 1005 1035 1051 
1640933899.209607 ### RSSI: -64, 31, 1640056166 ,2340 
1640933899.360306 ### RSSI: -69, 6, 1640056166 ,2343 
1640933899.386154 ### DEBUG: Ticks: 2343, 16, 1 
1640933899.386319 1640056166 c0:98:e5:42:00:2c 536 
1640933899.386412 752 768 772 783 783 786 810 812 813 814 819 820 822 826 836 
1640933899.386507 837 840 849 857 857 859 863 864 867 886 891 920 945 985 988 
1640933900.383253 ### DEBUG: Ticks: 2358, 15, 1 
1640933900.383553 1640056167 c0:98:e5:42:00:2c 637 
1640933900.383741 843 859 864 866 870 894 919 919 920 928 931 933 937 941 945 
1640933900.383930 945 947 948 953 955 955 959 964 974 1040 1045 1057 1118 1128 0 
1640933901.377087 ### DEBUG: Ticks: 2374, 16, 1 
1640933901.377449 1640056168 c0:98:e5:42:00:2c 1076 
1640933901.377690 1332 1345 1346 1355 1358 1359 1364 1373 1382 1386 1391 1392 1394 1408 1409 
1640933901.377787 1411 1413 1413 1414 1424 1429 1430 1439 1440 1460 1493 1499 1533 1551 0 
1640933902.382057 ### DEBUG: Ticks: 2390, 16, 1 
1640933902.382232 1640056169 c0:98:e5:42:00:2c 1507 
1640933902.382325 1799 1807 1808 1810 1826 1833 1833 1836 1844 1850 1853 1860 1862 1863 1865 
1640933902.382420 1871 1876 1876 1887 1890 1899 1912 1914 1924 1943 1956 1959 1982 2062 2074 
1640933903.298173 ### BLE EVENT: 17, INFO: BLE DISCONNECTED!
1640933903.382902 ### DEBUG: Ticks: 2405, 15, 0 
1640933903.383199 1640056170 c0:98:e5:42:00:2c 2059 
1640933903.383384 2361 2370 2381 2389 2392 2393 2395 2396 2397 2402 2404 2408 2411 2413 2420 
1640933903.383646 2424 2431 2436 2445 2445 2451 2463 2468 2476 2486 2503 2540 2626 2631 0 
1640933903.456090 ### BLE EVENT: 17, INFO: BLE DISCONNECTED!
1640933904.383208 ### DEBUG: Ticks: 2421, 16, 0 
1640933904.383375 1640056171 c0:98:e5:42:00:2c 2140 
1640933904.383475 2466 2471 2476 2476 2488 2497 2498 2499 2503 2505 2510 2517 2518 2519 2520 
1640933904.383574 2520 2522 2529 2544 2546 2546 2562 2566 2581 2586 2604 2626 2645 2728 2741 
1640933905.375922 ### DEBUG: Ticks: 2437, 16, 0 
1640933905.376096 1640056172 c0:98:e5:42:00:2c 2117 
1640933905.376189 2385 2387 2388 2392 2396 2402 2409 2412 2413 2416 2416 2417 2421 2421 2429 
1640933905.376284 2431 2434 2445 2446 2447 2448 2448 2456 2463 2465 2534 2536 2536 2632 2663 
1640933905.519906 ### BLE EVENT: 16, INFO: BLE CONNECTED!
1640933905.520194 ### RSSI: -64, 32, 1640056172 ,2439 
1640933905.617941 ### RSSI: -63, 24, 1640056172 ,2440 
1640933905.725237 ### RSSI: -63, 25, 1640056172 ,2442 
1640933905.823443 ### RSSI: -63, 1, 1640056172 ,2443 
1640933906.023955 ### RSSI: -70, 28, 1640056173 ,2447 
1640933906.115990 ### RSSI: -60, 15, 1640056173 ,2448 
1640933906.221152 ### RSSI: -67, 20, 1640056173 ,2450 
1640933906.321903 ### RSSI: -62, 14, 1640056173 ,2451 
1640933906.380075 ### DEBUG: Ticks: 2452, 15, 0 
1640933906.380247 1640056173 c0:98:e5:42:00:2c 2223 
1640933906.380339 2481 2481 2488 2492 2500 2515 2525 2536 2543 2544 2548 2551 2554 2561 2571 
1640933906.380434 2574 2589 2591 2592 2597 2602 2603 2611 2639 2641 2642 2658 2694 2710 2770 
1640933906.424450 ### RSSI: -66, 28, 1640056173 ,2453 
1640933906.515532 ### RSSI: -60, 17, 1640056173 ,2454 
1640933906.614625 ### RSSI: -60, 33, 1640056173 ,2456 
1640933906.718020 ### RSSI: -65, 25, 1640056173 ,2458 
1640933906.817895 ### RSSI: -60, 8, 1640056173 ,2459 
1640933906.918146 ### RSSI: -57, 35, 1640056174 ,2461 
1640933907.016899 ### RSSI: -61, 3, 1640056174 ,2462 
1640933907.115925 ### RSSI: -63, 12, 1640056174 ,2464 
1640933907.216902 ### RSSI: -58, 33, 1640056174 ,2465 
1640933907.382389 ### DEBUG: Ticks: 2468, 16, 0 
1640933907.382557 1640056174 c0:98:e5:42:00:2c 2202 
1640933907.382657 2330 2346 2390 2390 2398 2400 2429 2431 2437 2437 2437 2444 2448 2452 2455 
1640933907.382817 2457 2458 2462 2466 2474 2481 2490 2503 2507 2516 2521 2521 2535 2552 2598 
1640933908.214074 ### RSSI: -60, 3, 1640056175 ,2481 
1640933908.384038 ### DEBUG: Ticks: 2483, 15, 0 
1640933908.384208 1640056175 c0:98:e5:42:00:2c 2079 
1640933908.384260 2254 2254 2319 2333 2337 2360 2362 2368 2372 2377 2382 2398 2400 2401 2403 
1640933908.384315 2404 2406 2415 2419 2423 2427 2434 2436 2458 2463 2465 2467 2468 2497 2503 
1640933909.221457 ### RSSI: -63, 17, 1640056176 ,2497 
1640933909.378171 ### DEBUG: Ticks: 2499, 16, 0 
1640933909.378920 1640056176 c0:98:e5:42:00:2c 1810 
1640933909.379050 1994 2043 2052 2060 2066 2067 2075 2079 2080 2086 2091 2095 2097 2101 2102 
1640933909.379268 2112 2113 2124 2128 2139 2140 2147 2153 2178 2183 2189 2190 2244 2301 2328 
1640933910.220774 ### RSSI: -61, 29, 1640056177 ,2512 
1640933910.378336 ### DEBUG: Ticks: 2515, 16, 0 
1640933910.378460 1640056177 c0:98:e5:42:00:2c 1323 
1640933910.378524 1557 1590 1614 1614 1619 1632 1642 1649 1649 1650 1657 1658 1662 1667 1670 
1640933910.378580 1688 1690 1691 1697 1697 1701 1715 1716 1724 1750 1753 1756 1850 1887 1898 
1640933910.829845 ### INFO: SD card flushed!
1640933911.221855 ### RSSI: -56, 5, 1640056178 ,2528 
1640933911.378185 ### DEBUG: Ticks: 2530, 15, 0 
1640933911.378365 1640056178 c0:98:e5:42:00:2c 809 
1640933911.378445 961 1000 1029 1034 1037 1039 1063 1067 1069 1070 1072 1076 1087 1092 1094 
1640933911.378528 1095 1099 1111 1115 1121 1133 1136 1147 1166 1179 1179 1191 1244 1270 1290 
1640933912.214160 ### RSSI: -51, 28, 1640056179 ,2543 
1640933912.280460 ### INFO: Device is now IN MOTION
1640933912.380769 ### DEBUG: Ticks: 2546, 16, 0 
1640933912.380930 1640056179 c0:98:e5:42:00:2c 214 
1640933912.381015 339 342 353 359 374 387 393 401 403 407 414 414 418 420 424 
1640933912.381115 433 441 458 459 462 462 468 487 487 488 503 508 530 562 591 
1640933913.219495 ### RSSI: -55, 28, 1640056180 ,2559 
1640933913.376613 ### DEBUG: Ticks: 2562, 16, 0 
1640933913.376835 1640056180 c0:98:e5:42:00:2c 249 
1640933913.376931 382 398 405 427 434 442 444 457 463 471 475 477 493 494 498 
1640933913.377032 498 499 500 501 508 515 516 527 528 528 551 551 556 565 599 
1640933914.221631 ### RSSI: -56, 31, 1640056181 ,2575 
1640933914.375757 ### DEBUG: Ticks: 2577, 15, 0 
1640933914.375888 1640056181 c0:98:e5:42:00:2c 207 
1640933914.375951 306 313 324 331 359 369 370 374 377 381 388 400 402 408 413 
1640933914.387985 416 417 424 429 438 449 454 458 471 472 478 485 509 518 519 
1640933915.224318 ### RSSI: -57, 30, 1640056182 ,2590 
1640933915.377423 ### DEBUG: Ticks: 2593, 16, 0 
1640933915.377706 1640056182 c0:98:e5:42:00:2c 254 
1640933915.377891 437 449 457 458 461 464 475 478 484 488 500 505 505 507 508 
1640933915.378091 509 514 523 524 531 531 546 553 556 557 557 571 574 584 647 
1640933916.146055 ### INFO: Device is now STATIONARY
1640933916.214761 ### RSSI: -56, 30, 1640056183 ,2606 
1640933916.377036 ### DEBUG: Ticks: 2608, 15, 0 
1640933916.377434 1640056183 c0:98:e5:42:00:2c 290 
1640933916.377642 407 422 422 445 450 459 463 470 470 471 479 496 507 510 514 
1640933916.377821 516 524 529 544 551 553 557 557 562 562 567 568 572 577 599 
1640933917.221643 ### RSSI: -58, 28, 1640056184 ,2622 
