1641680959.347272 ###RTT Client: ************************************************************ 
1641680959.347560 ###RTT Client: *               SEGGER Microcontroller GmbH                * 
1641680959.347661 ###RTT Client: *   Solutions for real time microcontroller applications   * 
1641680959.347750 ###RTT Client: ************************************************************ 
1641680959.347860 ###RTT Client: *                                                          * 
1641680959.347957 ###RTT Client: *       (c) 2012 - 2016  SEGGER Microcontroller GmbH       * 
1641680959.348041 ###RTT Client: *                                                          * 
1641680959.348126 ###RTT Client: *     www.segger.com     Support: support@segger.com       * 
1641680959.348210 ###RTT Client: *                                                          * 
1641680959.348296 ###RTT Client: ************************************************************ 
1641680959.348382 ###RTT Client: *                                                          * 
1641680959.348490 ###RTT Client: * SEGGER J-Link RTT Client   Compiled Jan 30 2018 18:46:58 * 
1641680959.348576 ###RTT Client: *                                                          * 
1641680959.348661 ###RTT Client: ************************************************************ 
1641680959.348746 
1641680959.348829 ###RTT Client: -----------------------------------------------
1641680959.348912 ###RTT Client: Connecting to J-Link RTT Server via localhost:9201  Connected.
1641680959.348996 SEGGER J-Link V6.30 - Real time terminal output
1641680959.349081 J-Link EDU Mini V1 compiled Oct  2 2020 17:00:40 V1.0, SN=801021851
1641680959.349166 Process: JLinkExe
1641680959.349249 -35 -33 -30 -26 -18 -2 7 20 20 27 31 33 64 104 189 
1641680959.349396 ### RSSI: -41, 35, 1640049627 ,3307 
1641680959.349487 ### DEBUG: Ticks: 3321, 16, 0 
1641680959.349910 1640049628 c0:98:e5:42:00:29 299 
1641680959.350378 -270 -257 -255 -240 -239 -239 -230 -226 -225 -200 -198 -198 -187 -186 -171 
1641680959.351023 -157 -157 -156 -155 -153 -133 -130 -129 -99 -92 -91 -86 -82 -58 -15 
1641680959.351439 ### RSSI: -42, 16, 1640049628 ,3323 
1641680959.351808 ### DEBUG: Ticks: 3337, 16, 0 
1641680959.352134 1640049629 c0:98:e5:42:00:29 294 
1641680959.352411 -215 -183 -175 -141 -134 -131 -127 -123 -110 -110 -108 -104 -93 -92 -77 
1641680959.352637 -74 -70 -65 -62 -61 -54 -52 -51 -42 -37 -34 -29 -29 -13 69 
1641680959.352850 ### RSSI: -44, 10, 1640049629 ,3339 
1641680959.353077 ### DEBUG: Ticks: 3352, 15, 0 
1641680959.353365 1640049630 c0:98:e5:42:00:29 276 
1641680959.353728 -256 -242 -222 -220 -216 -206 -199 -191 -181 -177 -173 -160 -152 -136 -130 
1641680959.353981 -125 -109 -107 -107 -88 -88 -81 -81 -63 -35 -34 -24 -11 -6 65 
1641680959.354212 ### RSSI: -42, 20, 1640049630 ,3354 
1641680959.354491 ### DEBUG: Ticks: 3368, 16, 0 
1641680959.354733 1640049631 c0:98:e5:42:00:29 305 
1641680959.354941 -285 -262 -261 -260 -260 -259 -256 -229 -222 -213 -200 -196 -192 -179 -163 
1641680959.355149 -160 -155 -144 -143 -135 -133 -126 -112 -106 -100 -94 -85 -66 -13 8 
1641680959.355544 ### RSSI: -42, 21, 1640049631 ,3370 
1641680959.355812 ### DEBUG: Ticks: 3383, 15, 0 
1641680959.356012 1640049632 c0:98:e5:42:00:29 255 
1641680959.356065 -187 -168 -138 -134 -116 -116 -104 -92 -89 -88 -75 -72 -62 -40 -31 
1641680959.356111 -14 -9 -8 -5 4 6 16 31 45 60 66 67 70 78 169 
1641680959.356150 ### RSSI: -44, 14, 1640049632 ,3385 
1641680959.356193 ### DEBUG: Ticks: 3399, 16, 0 
1641680959.356237 1640049633 c0:98:e5:42:00:29 264 
1641680959.356282 -243 -233 -231 -227 -216 -198 -188 -177 -172 -167 -153 -149 -146 -139 -134 
1641680959.356321 -126 -119 -113 -91 -85 -79 -78 -77 -70 -53 -44 -22 -21 -6 18 
1641680959.356365 ### RSSI: -43, 13, 1640049633 ,3401 
1641680959.356409 ### ERROR: Failed reading SquarePoint packet length
1641680959.356455 ### RSSI: -47, 23, 1640049634 ,3417 
1641680959.356494 ### RSSI: -46, 27, 1640049635 ,3432 
1641680959.356538 ### DEBUG: Ticks: 3446, 47, 0 
1641680959.356578 1640049636 c0:98:e5:42:00:29 272 
1641680959.356621 -400 -395 -393 -381 -376 -367 -355 -339 -329 -325 -306 -306 -302 -287 -287 
1641680959.356664 -283 -278 -273 -252 -249 -240 -228 -224 -214 -205 -196 -181 -137 -130 -106 
1641680959.356703 ### RSSI: -42, 16, 1640049636 ,3448 
1641680959.356746 ### DEBUG: Ticks: 3462, 16, 0 
1641680959.356790 1640049637 c0:98:e5:42:00:29 298 
1641680959.356835 -176 -148 -124 -115 -96 -83 -82 -78 -76 -63 -54 -45 -39 -37 -27 
1641680959.356874 -23 -20 -8 -2 10 17 28 32 34 35 36 38 55 59 155 
1641680959.356917 ### RSSI: -42, 23, 1640049637 ,3464 
1641680959.356960 ### DEBUG: Ticks: 3477, 15, 0 
1641680959.357005 1640049638 c0:98:e5:42:00:29 250 
1641680959.357050 -240 -232 -210 -193 -186 -177 -162 -156 -148 -141 -135 -132 -125 -124 -112 
1641680959.357089 -108 -96 -91 -89 -86 -82 -79 -74 -72 -58 -53 -46 -33 -29 -28 
1641680959.357133 ### RSSI: -47, 35, 1640049638 ,3479 
1641680959.357176 ### DEBUG: Ticks: 3493, 16, 0 
1641680959.357220 1640049639 c0:98:e5:42:00:29 286 
1641680959.357265 -251 -250 -247 -242 -231 -224 -215 -211 -211 -208 -203 -202 -195 -166 -162 
1641680959.357338 -137 -135 -134 -117 -115 -107 -96 -95 -88 -87 -74 -73 -60 -22 13 
1641680959.357383 ### RSSI: -43, 12, 1640049640 ,3495 
1641680959.357428 ### DEBUG: Ticks: 3508, 15, 0 
1641680959.357467 1640049640 c0:98:e5:42:00:29 298 
1641680959.357509 -196 -194 -191 -179 -177 -166 -160 -154 -150 -133 -131 -115 -102 -94 -91 
1641680959.357553 -87 -86 -83 -83 -78 -76 -57 -57 -57 -47 -37 -26 12 60 67 
1641680959.357592 ### RSSI: -43, 9, 1640049641 ,3510 
1641680959.357636 ### DEBUG: Ticks: 3524, 16, 0 
1641680959.357682 1640049641 c0:98:e5:42:00:29 231 
1641680959.357722 -209 -187 -182 -161 -158 -153 -140 -139 -125 -124 -123 -118 -103 -101 -101 
1641680959.357765 -77 -72 -65 -62 -61 -54 -51 -50 -48 -39 -25 -17 -7 14 101 
1641680959.357809 ### RSSI: -45, 5, 1640049642 ,3526 
1641680959.772539 ### DEBUG: Ticks: 3540, 16, 0 
1641680959.772713 1640049642 c0:98:e5:42:00:29 243 
1641680959.772802 -321 -315 -294 -288 -284 -282 -268 -264 -258 -237 -234 -229 -212 -209 -209 
1641680959.772888 -200 -190 -185 -183 -178 -175 -162 -159 -152 -149 -131 -130 -76 -51 -27 
1641680960.766238 ### DEBUG: Ticks: 3555, 15, 0 
1641680960.766712 1640049643 c0:98:e5:42:00:29 230 
1641680960.767484 -236 -221 -212 -211 -191 -187 -181 -174 -170 -160 -159 -138 -129 -121 -115 
1641680960.768158 -109 -104 -99 -98 -96 -95 -82 -78 -72 -53 -47 -33 -29 20 87 
1641680961.764187 ### DEBUG: Ticks: 3571, 16, 0 
1641680961.764655 1640049644 c0:98:e5:42:00:29 276 
1641680961.765497 -211 -211 -201 -160 -153 -151 -145 -144 -144 -139 -124 -122 -118 -106 -106 
1641680961.765718 -93 -70 -70 -65 -65 -63 -60 -60 -46 -39 -36 -6 2 32 94 
1641680962.768978 ### DEBUG: Ticks: 3587, 16, 0 
1641680962.769531 1640049645 c0:98:e5:42:00:29 281 
1641680962.770377 -286 -268 -240 -227 -225 -222 -221 -214 -209 -186 -186 -180 -179 -176 -163 
1641680962.771122 -159 -153 -148 -141 -124 -110 -110 -99 -90 -89 -84 -80 -65 -47 -15 
1641680962.998168 ### BLE EVENT: 17, INFO: BLE DISCONNECTED!
1641680963.769936 ### ERROR: Failed reading SquarePoint packet length
1641680965.161952 ### BLE EVENT: 16, INFO: BLE CONNECTED!
1641680965.173060 ### RSSI: -41, 27, 1640049647 ,3624 
1641680965.269229 ### RSSI: -42, 28, 1640049647 ,3626 
1641680965.365672 ### RSSI: -40, 33, 1640049647 ,3627 
1641680965.472459 ### RSSI: -41, 23, 1640049647 ,3629 
1641680965.568786 ### RSSI: -42, 26, 1640049648 ,3630 
1641680965.666246 ### RSSI: -42, 32, 1640049648 ,3632 
1641680965.763298 ### DEBUG: Ticks: 3633, 46, 0 
1641680965.763407 1640049648 c0:98:e5:42:00:29 246 
1641680965.775136 -214 -192 -184 -181 -179 -161 -156 -151 -144 -121 -115 -107 -103 -101 -99 
1641680965.775220 ### RSSI: -45, 7, 1640049648 ,3633 
1641680965.775259 -98 -87 -83 -56 -50 -35 -29 -28 -20 -19 -16 10 17 87 101 
1641680965.871231 ### RSSI: -42, 29, 1640049648 ,3635 
1641680965.971701 ### RSSI: -44, 13, 1640049648 ,3637 
1641680966.070902 ### RSSI: -43, 13, 1640049648 ,3638 
1641680966.166133 ### RSSI: -42, 22, 1640049648 ,3640 
1641680966.273372 ### RSSI: -42, 17, 1640049648 ,3641 
1641680966.369759 ### RSSI: -46, 5, 1640049648 ,3643 
1641680966.465460 ### RSSI: -44, 9, 1640049648 ,3644 
1641680966.572387 ### RSSI: -42, 25, 1640049649 ,3646 
1641680966.668754 ### RSSI: -41, 31, 1640049649 ,3647 
1641680966.766858 ### DEBUG: Ticks: 3649, 16, 0 
1641680966.766962 1640049649 c0:98:e5:42:00:29 277 
1641680966.767002 -371 -363 -362 -347 -338 -338 -318 -298 -294 -290 ### RSSI: -47, 35, 1640049649 ,3649 
1641680966.767053 -275 -265 -264 -260 -253 
1641680966.767140 -247 -241 -232 -229 -224 -223 -214 -214 -205 -200 -198 -168 -167 -165 -10 
1641680967.768975 ### DEBUG: Ticks: 3665, 16, 0 
1641680967.769469 1640049650 c0:98:e5:42:00:29 291 
1641680967.770216 -386 -385 -353 -348 -330 -323 -323 -316 ### RSSI: -45, 35, 1640049650 ,3665 
1641680967.770615 -314 -311 -305 -301 -282 -275 -275 
1641680967.771337 -237 -232 -226 -218 -215 -209 -209 -206 -203 -193 -181 -168 -135 -126 -64 
1641680968.770977 ### DEBUG: Ticks: 3680, 15, 0 
1641680968.771454 1640049651 c0:98:e5:42:00:29 306 
1641680968.772095 -144 -142 -130 -122 -118 ### RSSI: -41, 32, 1640049651 ,3680 
1641680968.772366 -117 -110 -97 -93 -84 -83 -79 -70 -68 -47 
1641680968.772428 -41 -40 -23 -7 2 7 14 16 21 38 44 64 66 85 86 
1641680969.773552 ### DEBUG: Ticks: 3696, 16, 0 
1641680969.774215 1640049652 c0:98:e5:42:00:29 299 
1641680969.774895 -181 -176 -173 ### RSSI: -41, 34, 1640049652 ,3696 
1641680969.775571 -170 -167 -153 -147 -141 -130 -118 -104 -102 -94 -89 -70 
1641680969.776199 -68 -65 -51 -46 -39 -39 -36 -30 -29 -11 -2 5 6 17 0 
1641680970.766563 ### DEBUG: Ticks: 3711, 15, 0 
1641680970.766690 1640049653 c0:98:e5:42:00:29 304 
1641680970.766987 -238 ### RSSI: -45, 3, 1640049653 ,3711 
1641680970.767033 -228 -217 -216 -206 -203 -196 -186 -161 -157 -152 -152 -145 -127 -121 
1641680970.767077 -121 -117 -115 -111 -103 -102 -75 -75 -71 -61 -58 -51 -37 -10 8 
1641680971.771744 ### DEBUG: Ticks: 3727, 16, 0 
1641680971.772472 1640049654 c0:98:e5:42:00:29 ### RSSI: -42, 17, 1640049654 ,3727 
1641680971.772590 299 
1641680971.773353 -206 -202 -196 -174 -167 -164 -163 -150 -145 -133 -121 -113 -111 -107 -102 
1641680971.773914 -100 -99 -68 -61 -57 -51 -46 -45 -37 -26 -2 0 24 52 0 
1641680972.768907 ### DEBUG: Ticks: 3743, 16, 0 
1641680972.769088 1640049655### RSSI: -46, 0, 1640049655 ,3743 
1641680972.769136  c0:98:e5:42:00:29 283 
1641680972.769633 -133 -121 -104 -100 -88 -74 -65 -47 -45 -36 -26 -26 -25 -19 -13 
1641680972.769929 1 24 25 31 31 43 44 45 53 75 78 85 91 118 187 
1641680973.769514 ### DEBUG: Ticks: 3758, ### RSSI: -44, 11, 1640049656 ,3758 
1641680973.769769 15, 0 
1641680973.769927 1640049656 c0:98:e5:42:00:29 285 
1641680973.770087 -272 -266 -264 -258 -253 -249 -226 -221 -219 -217 -206 -195 -166 -163 -152 
1641680973.770237 -149 -148 -144 -138 -129 -121 -119 -118 -107 -106 -104 -96 -71 -23 0 
1641680974.762141 ### ERROR: Failed reading SquarePoint packet length
1641680974.772144 ### RSSI: -42, 27, 1640049657 ,3774 
1641680975.763910 ### RSSI: -43, 12, 1640049658 ,3790 
1641680976.767974 ### RSSI: -44, 10, 1640049659 ,3805 
1641680976.768395 ### DEBUG: Ticks: 3805, 47, 0 
1641680976.768760 1640049659 c0:98:e5:42:00:29 297 
1641680976.769520 -321 -319 -311 -304 -289 -286 -274 -274 -269 -261 -252 -247 -241 -234 -210 
1641680976.770218 -208 -207 -201 -193 -185 -169 -167 -167 -154 -149 -148 -144 -125 -59 14 
1641680977.769506 ### RSSI: -44, 11, 1640049660 ,3821 
1641680977.769798 ### DEBUG: Ticks: 3821, 16, 0 
1641680977.769982 1640049660 c0:98:e5:42:00:29 267 
1641680977.770168 -369 -366 -339 -331 -330 -326 -310 -305 -296 -293 -288 -283 -268 -265 -264 
1641680977.770354 -255 -250 -248 -235 -226 -217 -215 -213 -208 -199 -184 -160 -144 -142 -84 
1641680978.771504 ### RSSI: -46, 6, 1640049661 ,3836 
1641680978.771824 ### DEBUG: Ticks: 3836, 15, 0 
1641680978.772007 1640049661 c0:98:e5:42:00:29 283 
1641680978.772226 -184 -173 -155 -148 -120 -108 -102 -102 -95 -88 -83 -62 -60 -59 -58 
1641680978.772401 -34 -26 -23 -11 -5 0 1 8 34 34 39 49 72 80 210 
1641680979.773046 ### RSSI: -42, 19, 1640049662 ,3852 
1641680979.773504 ### DEBUG: Ticks: 3852, 16, 0 
1641680979.773900 1640049662 c0:98:e5:42:00:29 271 
1641680979.774643 -250 -249 -229 -228 -221 -219 -198 -196 -195 -180 -177 -173 -169 -159 -147 
1641680979.775305 -144 -143 -138 -135 -128 -100 -94 -94 -83 -80 -76 -57 -40 -31 -14 
1641680980.766143 ### RSSI: -42, 36, 1640049663 ,3868 
1641680980.766245 ### DEBUG: Ticks: 3868, 16, 0 
1641680980.766349 1640049663 c0:98:e5:42:00:29 281 
1641680980.766651 -272 -260 -252 -250 -246 -243 -237 -231 -207 -182 -179 -175 -173 -156 -139 
1641680980.766891 -130 -112 -108 -106 -106 -104 -100 -91 -84 -82 -44 -38 -20 -5 19 
1641680981.773606 ### RSSI: -41, 35, 1640049664 ,3883 
1641680981.773899 ### DEBUG: Ticks: 3883, 15, 0 
1641680981.774082 1640049664 c0:98:e5:42:00:29 238 
1641680981.774267 -307 -302 -294 -283 -272 -265 -262 -254 -247 -246 -224 -209 -205 -200 -199 
1641680981.774455 -171 -164 -163 -158 -149 -147 -141 -133 -131 -127 -126 -125 -109 -108 -1 
1641680982.766417 ### RSSI: -44, 15, 1640049665 ,3899 
1641680982.766834 ### DEBUG: Ticks: 3899, 16, 0 
1641680982.767199 1640049665 c0:98:e5:42:00:29 260 
1641680982.767923 -208 -201 -194 -194 -178 -171 -164 -162 -143 -140 -138 -133 -133 -124 -103 
1641680982.768504 -101 -80 -75 -72 -70 -65 -58 -44 -40 -37 -35 -33 -28 -4 91 
1641680983.237418 ### INFO: SD card flushed!
1641680983.769575 ### RSSI: -45, 1, 1640049667 ,3915 
1641680983.769903 ### DEBUG: Ticks: 3915, 16, 0 
1641680983.770113 1640049666 c0:98:e5:42:00:29 264 
1641680983.770300 -275 -269 -245 -236 -225 -214 -200 -200 -200 -199 -192 -190 -189 -189 -184 
1641680983.770476 -180 -166 -148 -137 -136 -134 -127 -124 -120 -94 -69 -68 -65 -55 49 
1641680984.767952 ### RSSI: -41, 35, 1640049667 ,3930 
1641680984.768175 ### DEBUG: Ticks: 3930, 15, 0 
1641680984.768298 1640049667 c0:98:e5:42:00:29 302 
1641680984.768447 -331 -303 -279 -275 -274 -257 -256 -251 -250 -236 -214 -211 -210 -208 -206 
1641680984.768565 -206 -203 -203 -167 -163 -158 -157 -154 -152 -141 -132 -130 -125 -120 -41 
1641680985.759836 ### ERROR: Failed reading SquarePoint packet length
1641680985.770650 ### RSSI: -42, 28, 1640049668 ,3946 
1641680986.284441 ### INFO: Device is now IN MOTION
1641680986.770787 ### RSSI: -52, 5, 1640049669 ,3961 
1641680987.765131 ### RSSI: -46, 27, 1640049670 ,3977 
1641680987.765507 ### DEBUG: Ticks: 3977, 47, 0 
1641680987.765714 1640049670 c0:98:e5:42:00:29 311 
1641680987.776798 -207 -194 -187 -183 -181 -176 -172 -166 -160 -127 -125 -124 -118 -114 -111 
1641680987.777058 -106 -98 -91 -90 -59 -59 -59 -56 -34 -32 -32 -20 2 25 84 
1641680988.767944 ### RSSI: -51, 21, 1640049671 ,3993 
1641680988.768235 ### DEBUG: Ticks: 3993, 16, 0 
1641680988.768421 1640049671 c0:98:e5:42:00:29 264 
1641680988.768622 -262 -243 -243 -242 -240 -238 -235 -233 -231 -223 -220 -219 -212 -210 -188 
1641680988.768829 -186 -185 -175 -174 -174 -162 -153 -147 -146 -142 -129 -107 -105 -60 -40 
1641680989.769342 ### RSSI: -46, 8, 1640049672 ,4008 
1641680989.769509 ### DEBUG: Ticks: 4008, 15, 0 
1641680989.769589 1640049672 c0:98:e5:42:00:29 283 
1641680989.769676 -232 -215 -211 -210 -206 -194 -192 -179 -167 -159 -158 -150 -149 -142 -135 
1641680989.769758 -125 -123 -120 -118 -117 -115 -110 -105 -103 -94 -93 -84 -80 -80 77 
1641680990.765718 ### RSSI: -51, 34, 1640049673 ,4024 
1641680990.765942 ### DEBUG: Ticks: 4024, 16, 0 
1641680990.766053 1640049673 c0:98:e5:42:00:29 407 
1641680990.766165 -88 -76 -70 -69 -59 -54 -46 -46 -41 -40 -32 -21 -16 -6 0 
1641680990.766277 2 4 6 11 14 22 25 29 43 46 63 80 104 107 114 
1641680991.767253 ### RSSI: -50, 27, 1640049674 ,4040 
1641680991.767377 ### DEBUG: Ticks: 4040, 16, 0 
1641680991.767424 1640049674 c0:98:e5:42:00:29 495 
1641680991.767473 -4 4 11 44 47 50 55 55 67 68 74 80 89 96 102 
1641680991.767518 111 113 118 123 125 128 132 140 142 153 164 168 169 276 349 
1641680992.771647 ### RSSI: -53, 30, 1640049675 ,4055 
1641680992.771984 ### DEBUG: Ticks: 4055, 15, 0 
1641680992.772201 1640049675 c0:98:e5:42:00:29 601 
1641680992.772389 141 143 147 182 191 202 203 204 220 226 228 229 233 233 240 
1641680992.772563 240 255 255 258 258 269 270 286 290 296 307 310 321 323 326 
1641680993.765209 ### RSSI: -51, 8, 1640049676 ,4071 
1641680993.765431 ### DEBUG: Ticks: 4071, 16, 0 
1641680993.765522 1640049676 c0:98:e5:42:00:29 678 
1641680993.776751 218 239 247 249 260 264 268 276 287 307 308 308 313 321 323 
1641680993.777047 329 333 337 341 341 345 347 347 358 369 382 405 407 423 431 
1641680994.771566 ### RSSI: -56, 3, 1640049677 ,4086 
1641680994.771782 ### DEBUG: Ticks: 4086, 15, 0 
1641680994.771921 1640049677 c0:98:e5:42:00:29 685 
1641680994.772049 276 293 294 302 304 313 326 329 338 344 346 358 363 364 368 
1641680994.772165 369 374 376 385 385 389 400 407 407 410 413 420 432 441 537 
1641680995.767461 ### RSSI: -57, 28, 1640049678 ,4102 
1641680995.767754 ### DEBUG: Ticks: 4102, 16, 0 
1641680995.767971 1640049678 c0:98:e5:42:00:29 740 
1641680995.768146 284 298 311 315 342 345 346 362 363 366 368 378 386 389 392 
1641680995.768319 400 413 415 432 436 445 446 452 461 462 467 472 479 501 527 
1641680996.760978 ### ERROR: Failed reading SquarePoint packet length
1641680996.771526 ### RSSI: -59, 9, 1640049679 ,4118 
1641680997.769768 ### RSSI: -54, 1, 1640049680 ,4133 
1641680998.765690 ### RSSI: -57, 7, 1640049681 ,4149 
1641680998.765970 ### DEBUG: Ticks: 4149, 47, 0 
1641680998.766321 1640049681 c0:98:e5:42:00:29 698 
1641680998.766503 209 226 228 235 238 241 246 253 266 267 272 279 280 282 282 
1641680998.766678 284 288 293 297 304 310 313 316 379 402 424 473 530 573 717 
1641680999.772880 ### RSSI: -58, 24, 1640049682 ,4164 
1641680999.773176 ### DEBUG: Ticks: 4164, 15, 0 
1641680999.773441 1640049682 c0:98:e5:42:00:29 704 
1641680999.773637 264 290 300 302 304 306 318 318 352 354 356 358 360 361 362 
1641680999.773813 381 390 396 413 416 430 441 442 462 465 473 501 521 545 603 
1641681000.763876 ### RSSI: -56, 6, 1640049683 ,4180 
1641681000.774539 ### DEBUG: Ticks: 4180, 16, 0 
1641681000.774647 1640049683 c0:98:e5:42:00:29 725 
1641681000.774712 301 304 307 310 315 318 326 342 345 353 362 365 368 373 373 
1641681000.774757 382 388 392 398 399 407 414 419 444 461 507 541 642 858 861 
1641681001.767340 ### RSSI: -52, 23, 1640049684 ,4196 
1641681001.767474 ### DEBUG: Ticks: 4196, 16, 0 
1641681001.767529 1640049684 c0:98:e5:42:00:29 671 
1641681001.767587 204 219 220 229 237 242 255 258 260 265 273 280 289 292 293 
1641681001.767646 294 295 304 308 311 314 321 340 352 454 458 461 481 516 602 
1641681002.774717 ### RSSI: -49, 7, 1640049685 ,4211 
1641681002.775037 ### DEBUG: Ticks: 4211, 15, 0 
1641681002.775218 1640049685 c0:98:e5:42:00:29 619 
1641681002.775420 173 173 185 192 214 214 217 225 227 227 239 242 244 247 252 
1641681002.775617 271 276 278 279 286 290 293 298 321 323 339 377 380 421 422 
1641681003.770199 ### RSSI: -49, 0, 1640049686 ,4227 
1641681003.770499 ### DEBUG: Ticks: 4227, 16, 0 
1641681003.770735 1640049686 c0:98:e5:42:00:29 715 
1641681003.770911 297 307 328 334 341 343 359 359 363 363 370 374 389 391 394 
1641681003.771188 395 395 397 399 406 408 417 427 431 435 443 512 515 557 581 
1641681004.763838 ### RSSI: -49, 32, 1640049687 ,4243 
1641681004.776190 ### DEBUG: Ticks: 4243, 16, 0 
1641681004.776308 1640049687 c0:98:e5:42:00:29 1010 
1641681004.776351 416 416 426 430 458 471 478 478 480 487 488 492 501 512 513 
1641681004.776393 514 517 535 555 556 556 589 594 601 615 642 647 651 657 755 
1641681005.773129 ### RSSI: -56, 13, 1640049688 ,4258 
1641681005.773373 ### DEBUG: Ticks: 4258, 15, 0 
1641681005.773475 1640049688 c0:98:e5:42:00:29 1463 
1641681005.773577 1042 1047 1049 1054 1063 1068 1069 1076 1088 1092 1100 1106 1107 1110 1116 
1641681005.773672 1138 1142 1145 1154 1161 1177 1181 1197 1202 1203 1221 1229 1281 1356 1412 
1641681006.774172 ### RSSI: -72, 4, 1640049689 ,4274 
1641681006.774301 ### DEBUG: Ticks: 4274, 16, 0 
1641681006.774355 1640049689 c0:98:e5:42:00:29 1906 
1641681006.774411 1431 1437 1453 1456 1457 1464 1471 1474 1481 1502 1502 1504 1513 1514 1520 
1641681006.774472 1529 1541 1543 1553 1559 1566 1575 1575 1585 1588 1589 1592 1600 1711 1718 
1641681007.767924 ### ERROR: Failed reading SquarePoint packet length
1641681007.768046 ### RSSI: -64, 10, 1640049690 ,4289 
1641681008.769922 ### RSSI: -71, 16, 1640049692 ,4305 
1641681009.773610 ### RSSI: -63, 18, 1640049693 ,4321 
1641681009.773865 ### DEBUG: Ticks: 4321, 47, 0 
1641681009.774022 1640049692 c0:98:e5:42:00:29 1883 
1641681009.774183 1470 1489 1492 1511 1518 1522 1537 1541 1550 1551 1552 1554 1554 1557 1562 
1641681009.774335 1567 1571 1578 1586 1597 1600 1608 1612 1623 1633 1634 1675 1743 1829 1885 
1641681010.770010 ### RSSI: -61, 20, 1640049693 ,4336 
1641681010.770153 ### DEBUG: Ticks: 4336, 15, 0 
1641681010.770210 1640049693 c0:98:e5:42:00:29 1765 
1641681010.770265 1293 1311 1338 1355 1358 1362 1363 1363 1364 1375 1385 1397 1398 1403 1404 
1641681010.770323 1406 1413 1415 1417 1419 1434 1440 1440 1453 1465 1470 1491 1508 1588 1596 
1641681011.773723 ### RSSI: -56, 6, 1640049694 ,4352 
1641681011.773860 ### DEBUG: Ticks: 4352, 16, 0 
1641681011.773915 1640049694 c0:98:e5:42:00:29 1501 
1641681011.773968 1013 1054 1070 1073 1076 1097 1097 1101 1107 1110 1112 1115 1118 1130 1142 
1641681011.774024 1144 1145 1145 1148 1153 1173 1176 1183 1190 1205 1222 1235 1299 1312 1396 
1641681012.766204 ### RSSI: -52, 11, 1640049695 ,4368 
1641681012.766341 ### DEBUG: Ticks: 4368, 16, 0 
1641681012.766410 1640049695 c0:98:e5:42:00:29 1031 
1641681012.766494 530 565 568 576 577 579 583 593 599 610 612 615 621 630 632 
1641681012.777498 633 648 654 665 687 688 695 710 711 753 759 763 799 852 888 
1641681013.772997 ### RSSI: -52, 11, 1640049696 ,4383 
1641681013.773188 ### DEBUG: Ticks: 4383, 15, 0 
1641681013.773296 1640049696 c0:98:e5:42:00:29 722 
1641681013.773456 267 283 295 297 311 328 337 337 342 354 358 361 363 377 384 
1641681013.773551 384 398 403 405 412 426 431 445 452 454 466 483 520 527 534 
1641681014.766794 ### RSSI: -54, 30, 1640049697 ,4399 
1641681014.766905 ### DEBUG: Ticks: 4399, 16, 0 
1641681014.766949 1640049697 c0:98:e5:42:00:29 815 
1641681014.766991 376 384 389 404 408 410 412 430 445 447 449 454 470 471 476 
1641681014.767035 477 489 492 493 505 514 523 523 533 537 607 637 640 651 694 
1641681015.769721 ### RSSI: -58, 4, 1640049698 ,4414 
1641681015.769864 ### DEBUG: Ticks: 4414, 15, 0 
1641681015.769924 1640049698 c0:98:e5:42:00:29 853 
1641681015.769986 372 373 400 435 438 449 459 459 472 474 477 483 503 506 515 
1641681015.770045 523 524 524 531 562 564 568 574 575 576 625 632 652 654 837 
1641681016.772549 ### RSSI: -52, 13, 1640049699 ,4430 
1641681016.772658 ### DEBUG: Ticks: 4430, 16, 0 
1641681016.772701 1640049699 c0:98:e5:42:00:29 779 
1641681016.772743 383 413 419 428 440 440 445 451 477 480 497 506 509 517 523 
1641681016.772787 527 529 535 543 549 554 560 581 595 599 601 605 637 645 698 
1641681017.764310 ### RSSI: -53, 27, 1640049700 ,4446 
1641681017.776069 ### DEBUG: Ticks: 4446, 16, 0 
1641681017.776174 1640049700 c0:98:e5:42:00:29 854 
1641681017.776214 380 404 407 423 426 426 443 448 456 457 468 469 470 481 483 
1641681017.776256 487 489 506 507 515 519 522 541 544 559 574 577 588 625 628 
1641681018.770329 ### RSSI: -55, 7, 1640049701 ,4461 
1641681018.770442 ### DEBUG: Ticks: 4461, 15, 0 
1641681018.770482 1640049701 c0:98:e5:42:00:29 1017 
1641681018.770521 548 551 573 582 591 601 604 606 610 615 625 629 644 651 651 
1641681018.770562 651 677 678 678 683 694 712 715 721 747 748 778 822 842 843 
1641681019.774202 ### RSSI: -57, 14, 1640049702 ,4477 
1641681019.774498 ### DEBUG: Ticks: 4477, 16, 0 
1641681019.774680 1640049702 c0:98:e5:42:00:29 1551 
1641681019.774894 1044 1045 1049 1071 1086 1087 1089 1092 1096 1098 1100 1106 1107 1116 1129 
1641681019.775103 1133 1133 1140 1142 1161 1191 1196 1196 1200 1212 1213 1235 1237 1325 1428 
1641681020.763676 ### RSSI: -67, 24, 1640049703 ,4492 
1641681020.774427 ### DEBUG: Ticks: 4492, 15, 0 
1641681020.774553 1640049703 c0:98:e5:42:00:29 1917 
1641681020.774600 1496 1496 1507 1511 1519 1529 1529 1533 1566 1577 1580 1585 1593 1597 1608 
1641681020.774649 1609 1613 1619 1623 1632 1641 1650 1666 1673 1684 1693 1694 1697 1797 1903 
1641681021.769968 ### RSSI: -73, 5, 1640049704 ,4508 
1641681021.770280 ### DEBUG: Ticks: 4508, 16, 0 
1641681021.770611 1640049704 c0:98:e5:42:00:29 1915 
1641681021.770834 1405 1405 1429 1451 1469 1469 1473 1475 1477 1481 1488 1490 1494 1505 1511 
1641681021.771011 1512 1513 1521 1527 1529 1530 1530 1530 1538 1557 1569 1603 1605 1705 1768 
1641681022.761419 ### RSSI: -72, 31, 1640049705 ,4524 
1641681022.772091 ### DEBUG: Ticks: 4524, 16, 0 
1641681022.772193 1640049705 c0:98:e5:42:00:29 1880 
1641681022.772234 1431 1441 1452 1472 1482 1501 1516 1516 1517 1543 1547 1550 1550 1555 1555 
1641681022.772275 1558 1558 1559 1565 1566 1566 1566 1576 1583 1594 1596 1621 1705 1754 1928 
1641681023.233050 ### INFO: SD card flushed!
1641681023.772557 ### RSSI: -64, 27, 1640049706 ,4539 
1641681023.774581 ### DEBUG: Ticks: 4539, 15, 0 
1641681023.776431 1640049706 c0:98:e5:42:00:29 1913 
1641681023.780135 1381 1394 1430 1439 1439 1447 1451 1458 1458 1476 1478 1483 1483 1486 1490 
1641681023.781971 1492 1514 1515 1523 1524 1530 1540 1543 1544 1548 1582 1617 1651 1705 1865 
1641681024.761018 ### RSSI: -61, 36, 1640049707 ,4555 
1641681024.771793 ### DEBUG: Ticks: 4555, 16, 0 
1641681024.771938 1640049707 c0:98:e5:42:00:29 1666 
1641681024.772011 1192 1201 1228 1237 1239 1241 1243 1254 1256 1261 1263 1274 1292 1296 1308 
1641681024.772085 1312 1322 1334 1337 1346 1358 1362 1363 1370 1371 1384 1406 1440 1464 1479 
1641681025.761627 ### RSSI: -55, 17, 1640049708 ,4571 
1641681025.773445 ### DEBUG: Ticks: 4571, 16, 0 
1641681025.773578 1640049708 c0:98:e5:42:00:29 1290 
1641681025.773636 796 816 826 837 843 843 847 850 867 875 884 886 892 897 901 
1641681025.773695 903 905 907 907 911 927 931 973 975 987 1008 1012 1031 1047 1077 
1641681026.766051 ### RSSI: -52, 6, 1640049709 ,4586 
1641681026.766166 ### DEBUG: Ticks: 4586, 15, 0 
1641681026.766210 1640049709 c0:98:e5:42:00:29 914 
1641681026.766252 402 420 423 424 429 436 437 438 439 441 444 448 461 468 476 
1641681026.766297 479 486 487 490 493 493 494 495 499 526 538 575 609 609 652 
1641681027.769108 ### RSSI: -50, 11, 1640049710 ,4602 
1641681027.769226 ### DEBUG: Ticks: 4602, 16, 0 
1641681027.769275 1640049710 c0:98:e5:42:00:29 651 
1641681027.769351 208 220 224 239 241 245 245 249 250 265 270 276 280 287 292 
1641681027.769417 292 298 303 313 325 328 329 335 336 347 422 438 452 477 516 
1641681028.762818 ### RSSI: -54, 33, 1640049711 ,4617 
1641681028.773737 ### DEBUG: Ticks: 4617, 15, 0 
1641681028.773852 1640049711 c0:98:e5:42:00:29 752 
1641681028.773908 218 242 247 255 260 281 285 289 300 301 306 320 321 336 338 
1641681028.773961 340 348 351 353 357 358 365 382 401 404 405 409 453 520 582 
1641681029.769143 ### RSSI: -52, 21, 1640049712 ,4633 
1641681029.769270 ### DEBUG: Ticks: 4633, 16, 0 
1641681029.769370 1640049712 c0:98:e5:42:00:29 731 
1641681029.769429 248 258 260 288 301 320 323 323 334 340 345 348 350 361 378 
1641681029.769468 382 385 391 392 393 398 398 413 419 420 422 520 524 550 552 
1641681030.770193 ### RSSI: -49, 35, 1640049713 ,4649 
1641681030.770483 ### DEBUG: Ticks: 4649, 16, 0 
1641681030.770666 1640049713 c0:98:e5:42:00:29 634 
1641681030.770853 145 174 180 197 210 213 215 219 236 242 243 252 253 266 266 
1641681030.771026 271 273 275 277 283 304 315 332 334 346 356 369 391 415 0 
1641681031.763317 ### RSSI: -53, 35, 1640049714 ,4664 
1641681031.774495 ### DEBUG: Ticks: 4664, 15, 0 
1641681031.774674 1640049714 c0:98:e5:42:00:29 870 
1641681031.774791 419 433 439 450 455 467 480 497 500 511 515 523 531 544 544 
1641681031.774911 547 552 555 566 571 572 578 588 597 669 736 738 768 784 831 
1641681032.768362 ### RSSI: -52, 27, 1640049716 ,4680 
1641681032.768496 ### DEBUG: Ticks: 4680, 16, 0 
1641681032.768553 1640049715 c0:98:e5:42:00:29 1242 
1641681032.768608 761 779 784 787 787 798 798 808 819 824 824 826 834 836 841 
1641681032.768666 845 850 876 878 888 890 892 897 929 934 947 956 975 1050 1064 
1641681033.766028 ### RSSI: -60, 17, 1640049716 ,4695 
1641681033.766235 ### DEBUG: Ticks: 4696, 16, 0 
1641681033.766379 1640049716 c0:98:e5:42:00:29 1792 
1641681033.777609 1359 1384 1395 1415 1417 1417 1418 1418 1421 1421 1423 1425 1435 1442 1443 
1641681033.777779 1443 1452 1458 1471 1478 1486 1496 1498 1507 1514 1545 1560 1568 1602 1692 
1641681034.769934 ### RSSI: -67, 1, 1640049717 ,4711 
1641681034.770146 ### DEBUG: Ticks: 4711, 15, 0 
1641681034.770269 1640049717 c0:98:e5:42:00:29 1878 
1641681034.770393 1400 1400 1402 1416 1422 1436 1442 1447 1450 1456 1458 1465 1473 1475 1488 
1641681034.770518 1495 1502 1505 1525 1531 1532 1532 1537 1544 1552 1557 1564 1573 1668 1759 
1641681035.768730 ### RSSI: -65, 30, 1640049718 ,4727 
1641681035.768835 ### DEBUG: Ticks: 4727, 16, 0 
1641681035.768875 1640049718 c0:98:e5:42:00:29 1898 
1641681035.768914 1399 1402 1404 1416 1433 1446 1448 1455 1459 1468 1468 1474 1476 1481 1482 
1641681035.768955 1484 1485 1485 1491 1496 1505 1506 1536 1543 1549 1571 1590 1652 1718 1745 
1641681036.770722 ### RSSI: -63, 24, 1640049719 ,4742 
1641681036.771020 ### DEBUG: Ticks: 4742, 15, 0 
1641681036.771204 1640049719 c0:98:e5:42:00:29 1922 
1641681036.771420 1416 1455 1462 1467 1469 1488 1491 1493 1493 1493 1507 1516 1528 1535 1535 
1641681036.771600 1537 1556 1558 1559 1563 1568 1580 1582 1582 1587 1596 1603 1613 1711 1831 
1641681037.201518 ### INFO: Battery voltage currently 4186 mV
1641681037.767269 ### RSSI: -62, 34, 1640049720 ,4758 
1641681037.767433 ### DEBUG: Ticks: 4758, 16, 0 
1641681037.767503 1640049720 c0:98:e5:42:00:29 1876 
1641681037.767569 1458 1481 1490 1495 1502 1504 1506 1507 1508 1522 1523 1545 1548 1554 1556 
1641681037.767635 1565 1566 1567 1592 1602 1604 1607 1608 1609 1611 1612 1633 1634 1761 1766 
1641681038.770735 ### RSSI: -57, 13, 1640049721 ,4774 
1641681038.770861 ### DEBUG: Ticks: 4774, 16, 0 
1641681038.770915 1640049721 c0:98:e5:42:00:29 1681 
1641681038.770968 1211 1226 1240 1260 1265 1274 1276 1278 1282 1289 1294 1297 1305 1307 1320 
1641681038.771031 1327 1340 1340 1341 1343 1346 1348 1352 1355 1359 1425 1468 1484 1493 1600 
1641681039.766638 ### RSSI: -53, 7, 1640049722 ,4789 
1641681039.766760 ### DEBUG: Ticks: 4789, 15, 0 
1641681039.766818 1640049722 c0:98:e5:42:00:29 1258 
1641681039.766873 760 780 786 787 822 825 831 831 833 837 840 846 853 863 880 
1641681039.766931 884 888 888 898 898 899 906 917 924 935 944 957 961 1031 1111 
1641681040.760843 ### RSSI: -52, 30, 1640049723 ,4805 
1641681040.771740 ### DEBUG: Ticks: 4805, 16, 0 
1641681040.771893 1640049723 c0:98:e5:42:00:29 806 
1641681040.771972 366 403 423 425 430 431 438 453 459 475 476 496 498 503 512 
1641681040.772052 512 516 520 525 526 533 537 557 568 574 604 650 675 733 795 
1641681041.766055 ### RSSI: -54, 16, 1640049724 ,4820 
1641681041.766278 ### DEBUG: Ticks: 4821, 16, 0 
1641681041.766399 1640049724 c0:98:e5:42:00:29 687 
1641681041.777631 216 249 272 272 273 278 283 290 297 299 302 306 318 318 320 
1641681041.777893 328 331 331 332 355 359 368 371 373 379 422 464 480 482 499 
1641681042.761479 ### RSSI: -60, 0, 1640049725 ,4836 
1641681042.772347 ### DEBUG: Ticks: 4836, 15, 0 
1641681042.772507 1640049725 c0:98:e5:42:00:29 784 
1641681042.772573 234 266 272 278 299 302 311 322 324 328 338 340 358 363 366 
1641681042.772647 379 383 385 389 395 399 405 432 434 446 457 486 630 834 873 
1641681043.763042 ### RSSI: -50, 23, 1640049726 ,4852 
1641681044.764820 ### RSSI: -49, 28, 1640049727 ,4867 
1641681045.769100 ### RSSI: -53, 7, 1640049728 ,4883 
1641681046.767453 ### RSSI: -55, 25, 1640049729 ,4899 
1641681046.767598 ### DEBUG: Ticks: 4899, 63, 0 
1641681046.767855 1640049729 c0:98:e5:42:00:29 1272 
1641681046.767906 778 779 791 805 816 834 836 837 841 843 845 847 853 854 857 
1641681046.779014 865 884 888 916 920 933 935 946 953 967 973 986 1000 1066 1090 
1641681047.770174 ### RSSI: -61, 27, 1640049730 ,4914 
1641681047.770301 ### DEBUG: Ticks: 4914, 15, 0 
1641681047.770358 1640049730 c0:98:e5:42:00:29 1748 
1641681047.770417 1121 1166 1167 1192 1198 1202 1209 1210 1218 1223 1224 1238 1243 1246 1249 
1641681047.770472 1253 1257 1264 1266 1279 1295 1307 1312 1317 1346 1362 1383 1431 1468 0 
1641681048.764685 ### RSSI: -65, 29, 1640049731 ,4930 
1641681048.775487 ### DEBUG: Ticks: 4930, 16, 0 
1641681048.775617 1640049731 c0:98:e5:42:00:29 1923 
1641681048.775675 1516 1568 1569 1595 1606 1607 1610 1611 1615 1617 1621 1630 1630 1636 1637 
1641681048.775734 1648 1654 1661 1666 1667 1689 1693 1694 1697 1714 1721 1753 1789 1823 2069 
1641681049.768496 ### RSSI: -61, 33, 1640049732 ,4945 
1641681049.768655 ### DEBUG: Ticks: 4945, 15, 0 
1641681049.768715 1640049732 c0:98:e5:42:00:29 1889 
1641681049.768773 1361 1373 1387 1391 1417 1420 1422 1425 1425 1431 1436 1441 1443 1443 1457 
1641681049.768834 1457 1460 1460 1466 1490 1504 1508 1509 1511 1520 1525 1534 1605 1652 1795 
1641681050.763241 ### RSSI: -63, 36, 1640049733 ,4961 
1641681050.774958 ### DEBUG: Ticks: 4961, 16, 0 
1641681050.775205 1640049733 c0:98:e5:42:00:29 1863 
1641681050.775305 1336 1393 1402 1403 1420 1421 1427 1428 1447 1450 1461 1469 1473 1479 1488 
1641681050.775650 1493 1497 1509 1511 1511 1519 1520 1525 1530 1540 1546 1549 1550 1661 1733 
1641681051.767581 ### RSSI: -56, 31, 1640049734 ,4977 
1641681051.767728 ### DEBUG: Ticks: 4977, 16, 0 
1641681051.767778 1640049734 c0:98:e5:42:00:29 1654 
1641681051.767829 1237 1238 1240 1243 1248 1251 1254 1256 1264 1282 1284 1286 1299 1300 1300 
1641681051.767876 1314 1318 1329 1336 1336 1381 1384 1388 1408 1410 1422 1428 1431 1451 1541 
1641681052.761908 ### RSSI: -59, 1, 1640049735 ,4992 
1641681052.773683 ### DEBUG: Ticks: 4992, 15, 0 
1641681052.773803 1640049735 c0:98:e5:42:00:29 1357 
1641681052.773853 929 930 937 952 953 954 957 958 962 970 974 976 980 985 985 
1641681052.773904 1015 1017 1020 1020 1030 1031 1042 1048 1051 1078 1094 1106 1137 1223 1257 
1641681053.767048 ### RSSI: -54, 2, 1640049736 ,5008 
1641681053.767209 ### DEBUG: Ticks: 5008, 16, 0 
1641681053.767275 1640049736 c0:98:e5:42:00:29 919 
1641681053.767338 407 448 449 470 471 472 477 481 483 485 496 503 514 520 523 
1641681053.778074 529 534 537 539 540 543 548 558 579 581 607 685 718 746 800 
1641681054.767151 ### RSSI: -50, 35, 1640049737 ,5023 
1641681054.767267 ### DEBUG: Ticks: 5024, 16, 0 
1641681054.767315 1640049737 c0:98:e5:42:00:29 686 
1641681054.767371 154 188 193 200 210 211 212 217 222 224 224 252 261 262 278 
1641681054.767426 279 279 286 286 291 293 293 296 327 362 380 381 385 388 471 
1641681055.768112 ### RSSI: -60, 5, 1640049738 ,5039 
1641681055.768222 ### DEBUG: Ticks: 5039, 15, 0 
1641681055.768265 1640049738 c0:98:e5:42:00:29 809 
1641681055.768305 286 289 315 321 366 366 369 377 377 380 382 401 417 424 432 
1641681055.768349 439 444 468 470 475 478 481 485 489 503 505 506 520 538 635 
1641681056.769564 ### RSSI: -54, 19, 1640049740 ,5055 
1641681056.769784 ### DEBUG: Ticks: 5055, 16, 0 
1641681056.769845 1640049739 c0:98:e5:42:00:29 736 
1641681056.769890 245 246 264 270 278 279 287 294 308 323 324 325 328 328 333 
1641681056.769932 342 343 346 350 352 372 383 387 398 400 434 436 444 445 493 
1641681057.760199 ### RSSI: -50, 26, 1640049740 ,5070 
1641681057.771274 ### DEBUG: Ticks: 5070, 15, 0 
1641681057.771817 1640049740 c0:98:e5:42:00:29 740 
1641681057.771907 279 287 298 307 311 311 316 337 343 345 348 351 364 365 367 
1641681057.771955 367 371 378 385 392 417 421 427 441 452 462 466 470 507 539 
1641681058.759954 ### RSSI: -53, 30, 1640049741 ,5086 
1641681058.773568 ### DEBUG: Ticks: 5086, 16, 0 
1641681058.777671 1640049741 c0:98:e5:42:00:29 917 
1641681058.778259 416 442 449 454 459 475 479 479 480 484 496 501 505 510 524 
1641681058.778359 527 534 543 548 550 550 550 559 593 600 711 728 731 755 790 
1641681059.767473 ### RSSI: -54, 21, 1640049742 ,5102 
1641681059.767659 ### DEBUG: Ticks: 5102, 16, 0 
1641681059.767785 1640049742 c0:98:e5:42:00:29 1323 
1641681059.767916 826 859 870 872 873 885 888 892 898 909 911 914 919 919 921 
1641681059.768066 929 940 941 965 967 970 979 986 998 999 1005 1015 1035 1075 1158 
1641681060.768807 ### RSSI: -68, 0, 1640049743 ,5117 
1641681062.198559 
1641681062.198699 ----------------------------------------------
1641681062.198764 ### WARNING: Chip experienced a reset with reason 2
1641681062.456098 ### INFO: Bluetooth address: c0:98:e5:42:00:2c
1641681062.456420 ### DEBUG: Time is 00:00:00, 2000/00/00
1641681062.456601 ### INFO: Time is 00:00:00, 2000/00/00
1641681062.562828 ### INFO: Initializing SD Card...
1641681065.999611 ### INFO: Connecting to the SquarePoint module...
1641681065.999842 ### INFO: SquarePoint module connection successful
1641681065.999978 ### INFO: Battery voltage currently 4109 mV
1641681066.148510 ### INFO: SD card flushed!
1641681066.180752 ### INFO: SD card flushed!
1641681066.180879 ### DEBUG: BLE START SCANNING called
1641681066.771864 ### DEBUG: Ticks: 71, 71, 0 
1641681066.771998 1640049749 c0:98:e5:42:00:29 1120 
1641681066.772142 599 652 657 657 664 665 672 673 679 683 686 691 691 693 703 
1641681066.772421 725 729 731 740 750 751 753 760 773 787 805 807 814 819 886 
1641681066.772571 ### INFO: Switched Scheduler EUI from 00:00:00:00:00:00 to c0:98:e5:42:00:2c
1641681066.772805 ### DEBUG: BLE STOP SCANNING called
1641681066.995074 ### DEBUG: BLE START SCANNING called
1641681067.774962 ### DEBUG: Ticks: 86, 15, 0 
1641681067.775065 1640049750 c0:98:e5:42:00:29 759 
1641681067.775106 368 381 399 403 412 415 417 419 424 431 432 433 434 437 441 
1641681067.775147 446 451 462 468 468 470 476 486 492 502 509 560 583 586 691 
1641681068.130331 ### addr: c0:98:e5:42:00:29 
1641681068.130483 ### on_adv_report outer RSSI: -50, time:1640049751 
1641681068.130566 ### INFO: Discovered new device: c0:98:e5:42:00:29
1641681068.130641 ### DEBUG: connected? already connected
1641681068.130710 ### DEBUG: BLE START SCANNING called
1641681068.768385 ### DEBUG: BLE START SCANNING called
1641681068.993516 ### DEBUG: BLE START SCANNING called
1641681069.249833 ### BLE EVENT: 16, INFO: BLE CONNECTED!
1641681069.249946 ### DEBUG: BLE START SCANNING called
1641681069.249993 ### RSSI: -56, 16, 1640049752 ,109 
1641681069.250037 ### DEBUG: BLE START SCANNING called
1641681069.346568 ### RSSI: -57, 8, 1640049752 ,111 
1641681069.346864 ### DEBUG: BLE START SCANNING called
1641681069.444091 ### RSSI: -55, 32, 1640049752 ,113 
1641681069.444201 ### DEBUG: BLE START SCANNING called
1641681069.552607 ### RSSI: -54, 26, 1640049752 ,114 
1641681069.552795 ### DEBUG: BLE START SCANNING called
1641681069.648951 ### RSSI: -56, 30, 1640049752 ,116 
1641681069.649236 ### DEBUG: BLE START SCANNING called
1641681069.748901 ### RSSI: -56, 35, 1640049752 ,117 
1641681069.749106 ### DEBUG: BLE START SCANNING called
1641681069.846741 ### RSSI: -56, 22, 1640049752 ,119 
1641681069.846965 ### DEBUG: BLE START SCANNING called
1641681069.953673 ### RSSI: -61, 6, 1640049753 ,120 
1641681069.954010 ### DEBUG: BLE START SCANNING called
1641681069.996449 ### DEBUG: BLE START SCANNING called
1641681070.050001 ### RSSI: -55, 31, 1640049753 ,122 
1641681070.050346 ### DEBUG: BLE START SCANNING called
1641681070.147380 ### RSSI: -56, 13, 1640049753 ,124 
1641681070.147510 ### DEBUG: BLE START SCANNING called
1641681070.243259 ### RSSI: -51, 36, 1640049753 ,125 
1641681070.243370 ### DEBUG: BLE START SCANNING called
1641681070.350909 ### RSSI: -53, 28, 1640049753 ,127 
1641681070.351151 ### DEBUG: BLE START SCANNING called
1641681070.446149 ### RSSI: -55, 0, 1640049753 ,128 
1641681070.446269 ### DEBUG: BLE START SCANNING called
1641681070.544091 ### RSSI: -52, 8, 1640049753 ,130 
1641681070.544323 ### DEBUG: BLE START SCANNING called
1641681070.650771 ### RSSI: -53, 20, 1640049753 ,131 
1641681070.650904 ### DEBUG: BLE START SCANNING called
1641681070.746996 ### RSSI: -51, 10, 1640049753 ,133 
1641681070.747123 ### DEBUG: BLE START SCANNING called
1641681070.768616 ### DEBUG: Ticks: 133, 47, 1 
1641681070.768847 1640049753 c0:98:e5:42:00:29 827 
1641681070.770310 361 377 425 428 440 444 462 469 470 473 481 497 512 513 517 
1641681070.770379 535 538 538 540 541 541 541 546 548 561 566 574 589 627 672 
1641681070.770419 ### DEBUG: BLE START SCANNING called
1641681070.843036 ### RSSI: -52, 1, 1640049753 ,134 
1641681070.843208 ### DEBUG: BLE START SCANNING called
1641681070.992811 ### DEBUG: BLE START SCANNING called
1641681071.771268 ### DEBUG: Ticks: 149, 16, 1 
1641681071.771396 1640049754 c0:98:e5:42:00:29 713 
1641681071.771450 251 274 283 298 304 307 310 320 321 323 324 325 325 337 346 
1641681071.771506 346 349 362 369 379 383 392 406 409 413 441 447 476 498 529 
1641681071.771558 ### DEBUG: BLE START SCANNING called
1641681071.847218 ### RSSI: -49, 12, 1640049755 ,150 
1641681071.847332 ### DEBUG: BLE START SCANNING called
1641681072.767386 ### DEBUG: Ticks: 165, 16, 1 
1641681072.767679 1640049755 c0:98:e5:42:00:29 1062 
1641681072.780421 612 630 637 638 656 664 665 675 678 679 701 703 710 712 712 
1641681072.780705 713 714 717 728 739 752 761 762 777 782 786 906 914 915 927 
1641681072.842970 ### RSSI: -52, 12, 1640049755 ,166 
1641681073.771077 ### DEBUG: Ticks: 180, 15, 1 
1641681073.771427 1640049756 c0:98:e5:42:00:29 1531 
1641681073.771614 1056 1100 1107 1116 1123 1123 1126 1129 1131 1132 1134 1136 1147 1149 1154 
1641681073.771789 1162 1188 1194 1203 1210 1212 1233 1237 1240 1244 1249 1272 1316 1336 1421 
1641681073.847934 ### RSSI: -56, 26, 1640049756 ,181 
1641681074.768306 ### DEBUG: Ticks: 196, 16, 1 
1641681074.768412 1640049757 c0:98:e5:42:00:29 1888 
1641681074.768461 1287 1317 1325 1327 1356 1358 1364 1367 1387 1397 1397 1404 1408 1415 1420 
1641681074.768509 1423 1424 1427 1431 1437 1438 1448 1448 1458 1477 1492 1497 1520 1586 1707 
1641681074.841962 ### RSSI: -66, 3, 1640049757 ,197 
1641681075.771443 ### DEBUG: Ticks: 211, 15, 1 
1641681075.771550 1640049758 c0:98:e5:42:00:29 1880 
1641681075.771591 1412 1412 1432 1434 1468 1471 1478 1488 1494 1499 1501 1509 1511 1519 1519 
1641681075.771632 1533 1545 1549 1557 1566 1568 1573 1592 1599 1600 1642 1650 1744 1814 1872 
1641681075.846201 ### RSSI: -67, 7, 1640049758 ,213 
1641681076.774245 ### DEBUG: Ticks: 227, 16, 1 
1641681076.774455 1640049759 c0:98:e5:42:00:29 1848 
1641681076.774527 1280 1282 1283 1314 1319 1330 1333 1370 1374 1375 1380 1380 1382 1387 1392 
1641681076.774597 1396 1404 1405 1408 1425 1434 1438 1449 1456 1458 1458 1458 1480 1556 1715 
1641681076.847828 ### RSSI: -65, 1, 1640049759 ,228 
1641681077.767765 ### DEBUG: Ticks: 243, 16, 1 
1641681077.767954 1640049760 c0:98:e5:42:00:29 1891 
1641681077.779022 1436 1440 1444 1459 1460 1476 1477 1498 1509 1517 1519 1522 1532 1535 1539 
1641681077.779283 1548 1548 1548 1550 1555 1566 1573 1583 1586 1601 1621 1639 1659 1716 1814 
1641681077.841924 ### RSSI: -62, 6, 1640049760 ,244 
1641681078.770433 ### DEBUG: Ticks: 258, 15, 1 
1641681078.770729 1640049761 c0:98:e5:42:00:29 1658 
1641681078.770924 1195 1196 1208 1217 1230 1231 1242 1245 1246 1260 1267 1272 1275 1276 1277 
1641681078.771116 1283 1285 1302 1305 1310 1316 1329 1330 1339 1348 1357 1427 1451 1462 1490 
1641681078.844745 ### RSSI: -61, 8, 1640049761 ,259 
1641681079.764855 ### ERROR: Failed reading SquarePoint packet length
1641681079.848786 ### RSSI: -51, 33, 1640049762 ,275 
1641681080.848004 ### RSSI: -58, 24, 1640049763 ,291 
1641681081.774511 ### DEBUG: Ticks: 305, 47, 1 
1641681081.774616 1640049764 c0:98:e5:42:00:29 703 
1641681081.774664 209 235 259 273 274 276 278 286 287 303 317 325 331 334 336 
1641681081.774704 339 340 345 346 355 369 389 397 398 416 426 433 451 483 523 
1641681081.849718 ### RSSI: -53, 13, 1640049764 ,306 
1641681082.765556 ### DEBUG: Ticks: 321, 16, 1 
1641681082.776299 1640049765 c0:98:e5:42:00:29 848 
1641681082.776426 347 371 374 393 414 422 424 426 451 452 457 459 460 461 471 
1641681082.776481 475 499 499 502 503 510 511 528 563 577 592 619 624 954 1013 
1641681082.851633 ### RSSI: -61, 6, 1640049765 ,322 
1641681083.771220 ### DEBUG: Ticks: 336, 15, 1 
1641681083.771607 1640049766 c0:98:e5:42:00:29 845 
1641681083.771692 247 265 286 296 297 304 307 315 322 327 341 347 358 358 360 
1641681083.771741 366 373 374 381 393 394 395 416 429 443 469 490 497 522 562 
1641681083.844415 ### RSSI: -57, 1, 1640049766 ,338 
1641681084.772910 ### DEBUG: Ticks: 352, 16, 1 
1641681084.773148 1640049767 c0:98:e5:42:00:29 778 
1641681084.773388 357 357 359 364 364 372 382 384 388 391 405 411 411 415 415 
1641681084.773496 422 433 442 447 450 483 484 495 497 501 539 569 573 585 596 
1641681084.847317 ### RSSI: -48, 27, 1640049767 ,353 
1641681085.768266 ### DEBUG: Ticks: 368, 16, 1 
1641681085.768388 1640049768 c0:98:e5:42:00:29 855 
1641681085.768436 412 431 436 440 442 447 462 466 480 480 480 483 487 508 508 
1641681085.768482 520 522 522 526 529 532 533 540 542 543 562 686 714 736 761 
1641681085.842276 ### RSSI: -52, 19, 1640049768 ,369 
1641681086.769907 ### DEBUG: Ticks: 383, 15, 1 
1641681086.770166 1640049769 c0:98:e5:42:00:29 1199 
1641681086.770322 732 743 752 755 757 759 763 771 776 783 786 791 791 795 799 
1641681086.770484 806 822 826 829 842 856 858 863 870 878 881 890 906 938 1000 
1641681086.843829 ### RSSI: -56, 35, 1640049769 ,384 
1641681087.773220 ### DEBUG: Ticks: 399, 16, 1 
1641681087.773977 1640049770 c0:98:e5:42:00:29 1873 
1641681087.774082 1349 1379 1399 1411 1411 1420 1421 1426 1445 1447 1451 1454 1456 1464 1476 
1641681087.774124 1477 1482 1483 1485 1491 1513 1518 1533 1537 1557 1562 1567 1602 1606 1688 
1641681087.846403 ### RSSI: -61, 35, 1640049770 ,400 
1641681088.773393 ### DEBUG: Ticks: 414, 15, 1 
1641681088.773888 1640049771 c0:98:e5:42:00:29 1867 
1641681088.774020 1357 1392 1424 1428 1441 1445 1451 1457 1462 1463 1464 1468 1473 1477 1496 
1641681088.774146 1502 1505 1505 1509 1514 1519 1522 1531 1535 1538 1542 1543 1591 1630 1663 
1641681088.848442 ### RSSI: -63, 27, 1640049771 ,416 
1641681089.775625 ### DEBUG: Ticks: 430, 16, 1 
1641681089.775751 1640049772 c0:98:e5:42:00:29 1859 
1641681089.775798 1322 1329 1350 1393 1397 1402 1409 1423 1425 1428 1432 1435 1442 1447 1449 
1641681089.775881 1451 1458 1461 1468 1472 1486 1486 1491 1500 1512 1519 1552 1622 1660 1819 
1641681089.850378 ### RSSI: -79, 3, 1640049772 ,431 
1641681090.769758 ### ERROR: Failed reading SquarePoint packet length
1641681090.846433 ### RSSI: -66, 8, 1640049773 ,447 
1641681091.850309 ### RSSI: -59, 25, 1640049774 ,462 
1641681092.771325 ### DEBUG: Ticks: 477, 47, 1 
1641681092.773298 1640049775 c0:98:e5:42:00:29 1424 
1641681092.776132 848 876 913 917 930 930 934 949 952 957 968 971 979 980 980 
1641681092.776457 999 999 1002 1003 1021 1022 1028 1035 1054 1079 1080 1084 1106 1120 1203 
1641681092.844430 ### RSSI: -57, 5, 1640049775 ,478 
1641681093.772567 ### DEBUG: Ticks: 493, 16, 1 
1641681093.772827 1640049776 c0:98:e5:42:00:29 993 
1641681093.772986 471 500 501 508 522 526 534 534 535 543 551 552 559 560 570 
1641681093.773151 574 579 600 601 610 613 617 621 662 676 677 702 717 743 792 
1641681093.849750 ### RSSI: -53, 3, 1640049776 ,494 
1641681094.773934 ### DEBUG: Ticks: 508, 15, 1 
1641681094.774056 1640049777 c0:98:e5:42:00:29 751 
1641681094.774106 286 287 291 291 304 318 330 333 345 353 354 366 372 374 376 
1641681094.774154 382 382 388 395 400 411 412 418 424 452 459 501 509 513 526 
1641681094.851273 ### RSSI: -51, 3, 1640049777 ,509 
1641681095.776474 ### DEBUG: Ticks: 524, 16, 1 
1641681095.776671 1640049778 c0:98:e5:42:00:29 813 
1641681095.776781 287 289 290 300 316 321 331 334 344 347 349 360 365 404 405 
1641681095.776893 411 421 433 441 456 457 461 462 466 473 534 542 681 904 911 
1641681095.841299 ### RSSI: -60, 3, 1640049779 ,525 
1641681096.768696 ### DEBUG: Ticks: 539, 15, 1 
1641681096.768861 1640049779 c0:98:e5:42:00:29 806 
1641681096.768945 312 320 332 338 338 353 371 375 390 395 410 414 419 419 429 
1641681096.769030 441 442 442 463 467 479 483 485 516 531 549 566 662 938 963 
1641681096.846571 ### RSSI: -57, 26, 1640049780 ,541 
1641681097.767481 ### DEBUG: Ticks: 555, 16, 1 
1641681097.767711 1640049780 c0:98:e5:42:00:29 793 
1641681097.779401 357 368 395 395 418 418 431 433 436 436 451 451 455 456 467 
1641681097.779631 470 478 484 484 490 496 512 521 526 531 558 571 576 579 643 
1641681097.846700 ### RSSI: -50, 17, 1640049780 ,556 
1641681098.772697 ### DEBUG: Ticks: 571, 16, 1 
1641681098.772831 1640049781 c0:98:e5:42:00:29 794 
1641681098.772899 350 355 370 378 380 384 398 402 408 411 413 426 433 436 438 
1641681098.772969 439 449 456 458 460 461 465 476 489 492 498 531 557 562 572 
1641681098.847229 ### RSSI: -51, 4, 1640049781 ,572 
1641681099.775724 ### DEBUG: Ticks: 586, 15, 1 
1641681099.776112 1640049782 c0:98:e5:42:00:29 1057 
1641681099.776212 564 573 584 591 591 596 609 611 624 630 633 633 637 637 646 
1641681099.776288 652 658 677 678 692 704 717 728 752 773 777 781 832 850 850 
1641681099.849246 ### RSSI: -53, 0, 1640049782 ,587 
1641681100.768156 ### DEBUG: Ticks: 602, 16, 1 
1641681100.768444 1640049783 c0:98:e5:42:00:29 1507 
1641681100.768690 950 968 1000 1001 1007 1012 1027 1035 1045 1045 1046 1048 1051 1053 1057 
1641681100.768867 1061 1061 1062 1064 1090 1100 1109 1112 1128 1134 1135 1137 1183 1191 1264 
1641681100.846221 ### RSSI: -62, 11, 1640049783 ,603 
1641681101.775990 ### DEBUG: Ticks: 617, 15, 1 
1641681101.776206 1640049784 c0:98:e5:42:00:29 1843 
1641681101.776271 1248 1260 1308 1313 1322 1333 1341 1348 1349 1369 1372 1377 1379 1382 1390 
1641681101.776316 1392 1392 1393 1393 1399 1405 1408 1412 1428 1435 1437 1445 1464 1533 1533 
1641681101.850503 ### RSSI: -64, 26, 1640049784 ,619 
1641681102.763634 ### ERROR: Failed reading SquarePoint packet length
1641681102.851617 ### RSSI: -62, 15, 1640049785 ,634 
1641681103.845879 ### RSSI: -62, 34, 1640049786 ,650 
1641681104.775829 ### DEBUG: Ticks: 664, 47, 1 
1641681104.775940 1640049787 c0:98:e5:42:00:29 1762 
1641681104.775982 1261 1269 1278 1307 1320 1337 1342 1342 1348 1350 1354 1355 1355 1366 1377 
1641681104.776032 1382 1383 1398 1402 1412 1414 1415 1428 1435 1441 1447 1448 1456 1458 1602 
1641681104.840618 ### RSSI: -60, 34, 1640049787 ,666 
1641681105.769778 ### DEBUG: Ticks: 680, 16, 1 
1641681105.769899 1640049788 c0:98:e5:42:00:29 1592 
1641681105.769945 1095 1141 1148 1150 1159 1164 1175 1181 1187 1196 1197 1198 1219 1219 1220 
1641681105.770010 1220 1221 1224 1233 1236 1258 1271 1279 1281 1283 1293 1310 1311 1374 1477 
1641681105.844083 ### RSSI: -57, 18, 1640049788 ,681 
1641681106.773924 ### DEBUG: Ticks: 696, 16, 1 
1641681106.774228 1640049789 c0:98:e5:42:00:29 1279 
1641681106.774944 834 837 837 841 842 842 844 845 848 853 855 875 879 886 886 
1641681106.775303 899 901 904 913 923 956 960 967 976 996 1000 1001 1012 1032 1110 
1641681106.849685 ### RSSI: -56, 35, 1640049789 ,697 
1641681107.769214 ### DEBUG: Ticks: 711, 15, 1 
1641681107.769344 1640049790 c0:98:e5:42:00:29 965 
1641681107.769390 510 536 553 558 561 571 577 580 586 589 595 597 600 603 613 
1641681107.769437 618 619 622 634 638 659 675 691 695 707 802 806 847 867 878 
1641681107.843872 ### RSSI: -50, 8, 1640049790 ,712 
1641681108.248096 ### INFO: SD card flushed!
1641681108.776560 ### DEBUG: Ticks: 727, 16, 1 
1641681108.776857 1640049791 c0:98:e5:42:00:29 882 
1641681108.777041 415 442 451 455 479 481 482 486 488 497 507 509 512 517 530 
1641681108.777215 534 538 543 556 565 567 569 590 603 605 618 637 661 695 708 
1641681108.841486 ### RSSI: -58, 32, 1640049791 ,728 
1641681109.771683 ### DEBUG: Ticks: 742, 15, 1 
1641681109.771788 1640049792 c0:98:e5:42:00:29 882 
1641681109.771830 386 394 408 419 420 424 433 440 445 449 451 464 470 491 494 
1641681109.771877 495 500 510 535 553 577 585 591 596 629 634 650 763 882 955 
1641681109.846836 ### RSSI: -60, 4, 1640049792 ,744 
1641681110.776216 ### DEBUG: Ticks: 758, 16, 1 
1641681110.776502 1640049793 c0:98:e5:42:00:29 943 
1641681110.776690 511 528 532 567 570 587 590 591 591 593 594 597 599 601 607 
1641681110.776892 607 632 633 654 679 687 691 698 722 776 801 811 948 1075 1134 
1641681110.842047 ### RSSI: -56, 4, 1640049793 ,759 
1641681111.772252 ### DEBUG: Ticks: 774, 16, 1 
1641681111.772543 1640049794 c0:98:e5:42:00:29 904 
1641681111.772752 521 538 541 542 544 546 552 557 559 568 570 570 588 589 594 
1641681111.772931 596 596 600 623 636 645 649 675 681 693 700 706 708 709 728 
1641681112.768772 ### DEBUG: Ticks: 789, 15, 1 
1641681112.769040 1640049795 c0:98:e5:42:00:29 966 
1641681112.769243 533 577 581 588 593 595 611 614 614 620 635 637 652 657 660 
1641681112.769488 662 664 671 675 677 683 690 691 716 801 806 823 826 901 0 
1641681113.768721 ### ERROR: Failed reading SquarePoint packet length
1641681114.946170 ### BLE EVENT: 17, INFO: BLE DISCONNECTED!
1641681115.642358 ### BLE EVENT: 16, INFO: BLE CONNECTED!
1641681115.642613 ### RSSI: -60, 22, 1640049798 ,834 
1641681115.738126 ### RSSI: -62, 21, 1640049798 ,836 
1641681115.769928 ### DEBUG: Ticks: 836, 47, 0 
1641681115.770109 1640049798 c0:98:e5:42:00:29 1951 
1641681115.770214 1456 1484 1487 1496 1500 1504 1504 1507 1515 1524 1531 1551 1554 1557 1558 
1641681115.770316 1565 1579 1579 1583 1592 1605 1614 1618 1622 1631 1635 1638 1643 1766 1906 
1641681115.845682 ### RSSI: -65, 12, 1640049798 ,837 
1641681115.941851 ### RSSI: -61, 34, 1640049798 ,839 
1641681116.040623 ### RSSI: -62, 29, 1640049799 ,840 
1641681116.148102 ### RSSI: -62, 13, 1640049799 ,842 
1641681116.242952 ### RSSI: -60, 26, 1640049799 ,844 
1641681116.339714 ### RSSI: -64, 19, 1640049799 ,845 
1641681116.445053 ### RSSI: -63, 13, 1640049799 ,847 
1641681116.543901 ### RSSI: -64, 12, 1640049799 ,848 
1641681116.641784 ### RSSI: -65, 12, 1640049799 ,850 
1641681116.738284 ### RSSI: -71, 1, 1640049799 ,851 
1641681116.771439 ### DEBUG: Ticks: 852, 16, 0 
1641681116.771585 1640049799 c0:98:e5:42:00:29 1913 
1641681116.771663 1412 1437 1438 1484 1500 1503 1517 1518 1528 1532 1534 1536 1537 1540 1542 
1641681116.771743 1545 1546 1552 1556 1570 1574 1592 1593 1621 1624 1627 1654 1677 1792 1849 
1641681116.846558 ### RSSI: -64, 13, 1640049799 ,853 
1641681116.943131 ### RSSI: -58, 24, 1640049799 ,854 
1641681117.041083 ### RSSI: -66, 21, 1640049800 ,856 
1641681117.147436 ### RSSI: -62, 27, 1640049800 ,858 
1641681117.243746 ### RSSI: -59, 25, 1640049800 ,859 
1641681117.768645 ### DEBUG: Ticks: 867, 15, 0 
1641681117.768880 1640049800 c0:98:e5:42:00:29 1814 
1641681117.769036 1281 1295 1318 1326 1335 1352 1353 1355 1362 1378 1382 1385 1389 1390 1396 
1641681117.780542 1397 1411 1415 1419 1420 1424 1426 1428 1440 1460 1462 1480 1500 1603 1606 
1641681118.239229 ### RSSI: -69, 14, 1640049801 ,875 
1641681118.774861 ### DEBUG: Ticks: 883, 16, 0 
1641681118.774987 1640049801 c0:98:e5:42:00:29 1935 
1641681118.775048 1363 1504 1507 1524 1529 1531 1540 1552 1557 1558 1563 1566 1567 1570 1572 
1641681118.775110 1584 1590 1601 1609 1614 1617 1626 1629 1631 1641 1646 1661 1737 1758 1765 
1641681119.244916 ### RSSI: -73, 16, 1640049802 ,890 
1641681119.768421 ### DEBUG: Ticks: 899, 16, 0 
1641681119.768715 1640049802 c0:98:e5:42:00:29 1954 
1641681119.780005 1532 1540 1547 1547 1557 1564 1567 1571 1571 1577 1582 1584 1607 1615 1620 
1641681119.780290 1622 1625 1639 1650 1657 1657 1664 1664 1665 1675 1677 1707 1741 1781 1851 
1641681120.241994 ### RSSI: -73, 20, 1640049803 ,906 
1641681120.774432 ### DEBUG: Ticks: 914, 15, 0 
1641681120.774727 1640049803 c0:98:e5:42:00:29 1777 
1641681120.774919 1280 1282 1304 1306 1316 1325 1347 1356 1357 1357 1361 1365 1365 1394 1397 
1641681120.775105 1401 1415 1418 1423 1430 1432 1436 1439 1440 1444 1463 1492 1516 1552 1557 
1641681121.238635 ### RSSI: -61, 20, 1640049804 ,922 
1641681121.773870 ### DEBUG: Ticks: 930, 16, 0 
1641681121.774115 1640049804 c0:98:e5:42:00:29 1491 
1641681121.774283 1072 1090 1095 1101 1112 1114 1134 1137 1138 1156 1157 1162 1165 1172 1174 
1641681121.774487 1181 1192 1208 1228 1233 1241 1242 1243 1243 1246 1254 1267 1357 1375 1392 
1641681122.245846 ### RSSI: -57, 1, 1640049804 ,937 
1641681122.768763 ### DEBUG: Ticks: 946, 16, 0 
1641681122.768883 1640049805 c0:98:e5:42:00:29 934 
1641681122.768933 526 532 539 547 555 559 566 567 568 574 575 587 594 598 607 
1641681122.780566 609 617 620 632 632 655 685 707 707 719 725 737 755 794 874 
1641681123.239507 ### RSSI: -44, 1, 1640049805 ,953 
1641681123.774162 ### DEBUG: Ticks: 961, 15, 0 
1641681123.774429 1640049806 c0:98:e5:42:00:29 446 
1641681123.774586 -23 9 10 15 18 29 31 44 47 55 60 62 68 70 76 
1641681123.774745 82 96 104 113 116 121 144 157 161 174 178 207 252 384 394 
1641681124.244891 ### RSSI: -48, 32, 1640049806 ,968 
1641681124.766435 ### ERROR: Failed reading SquarePoint packet length
1641681125.247024 ### RSSI: -52, 27, 1640049807 ,984 
1641681126.243026 ### RSSI: -61, 6, 1640049808 ,1000 
1641681126.777866 ### DEBUG: Ticks: 1008, 47, 0 
1641681126.778081 1640049809 c0:98:e5:42:00:29 394 
1641681126.778203 -122 -91 -85 -74 -64 -62 -62 -56 -52 -40 -40 -28 -23 -23 -21 
1641681126.778327 -16 -14 2 14 16 17 27 33 34 39 62 66 90 134 201 
1641681127.246250 ### RSSI: -54, 18, 1640049809 ,1015 
1641681127.769670 ### DEBUG: Ticks: 1024, 16, 0 
1641681127.769810 1640049810 c0:98:e5:42:00:29 376 
1641681127.769879 -119 -91 -84 -80 -70 -55 -54 -51 -43 -41 -40 -10 -8 16 24 
1641681127.769959 35 36 38 51 58 62 64 66 67 71 91 105 126 159 243 
1641681128.238578 ### RSSI: -57, 0, 1640049810 ,1031 
1641681128.775358 ### DEBUG: Ticks: 1039, 15, 0 
1641681128.775557 1640049811 c0:98:e5:42:00:29 340 
1641681128.775674 -222 -188 -170 -164 -159 -158 -155 -153 -152 -150 -147 -138 -136 -120 -111 
1641681128.775791 -95 -82 -76 -66 -63 -58 -55 -48 -37 -31 -21 -11 -6 23 130 
1641681129.245443 ### RSSI: -60, 9, 1640049811 ,1047 
1641681129.395331 ### INFO: Device is now STATIONARY
1641681129.769563 ### DEBUG: Ticks: 1055, 16, 0 
1641681129.769688 1640049812 c0:98:e5:42:00:29 361 
1641681129.769744 -102 -96 -93 -88 -80 -78 -58 -57 -53 -47 -47 -32 -31 -31 -12 
1641681129.769808 -11 4 9 31 31 33 35 40 46 48 59 63 91 107 257 
1641681130.239705 ### RSSI: -57, 15, 1640049812 ,1062 
1641681130.769396 ### DEBUG: Ticks: 1070, 15, 0 
1641681130.769511 1640049813 c0:98:e5:42:00:29 387 
1641681130.769559 -172 -148 -144 -138 -133 -117 -116 -112 -107 -101 -97 -95 -94 -87 -72 
1641681130.769608 -59 -52 -48 -41 -41 -36 -32 -15 7 13 41 46 54 84 167 
