1641078413.836158 ###RTT Client: ************************************************************ 
1641078413.836316 ###RTT Client: *               SEGGER Microcontroller GmbH                * 
1641078413.836357 ###RTT Client: *   Solutions for real time microcontroller applications   * 
1641078413.836397 ###RTT Client: ************************************************************ 
1641078413.836436 ###RTT Client: *                                                          * 
1641078413.836476 ###RTT Client: *       (c) 2012 - 2016  SEGGER Microcontroller GmbH       * 
1641078413.836514 ###RTT Client: *                                                          * 
1641078413.836554 ###RTT Client: *     www.segger.com     Support: support@segger.com       * 
1641078413.836593 ###RTT Client: *                                                          * 
1641078413.836633 ###RTT Client: ************************************************************ 
1641078413.836672 ###RTT Client: *                                                          * 
1641078413.836715 ###RTT Client: * SEGGER J-Link RTT Client   Compiled Jan 30 2018 18:46:58 * 
1641078413.836757 ###RTT Client: *                                                          * 
1641078413.836796 ###RTT Client: ************************************************************ 
1641078413.836836 
1641078413.836875 ###RTT Client: -----------------------------------------------
1641078413.836918 ###RTT Client: Connecting to J-Link RTT Server via localhost:9201  Connected.
1641078413.836957 SEGGER J-Link V6.30 - Real time terminal output
1641078413.836996 J-Link EDU Mini V1 compiled Oct 22 2019 16:28:45 V1.0, SN=801021855
1641078413.837136 Process: JLinkExe
1641078413.837177 ### DEBUG: Ticks: 4222, 16, 0 
1641078413.837218 1640049700 c0:98:e5:42:00:2c 258 
1641078413.837301 386 390 393 433 434 456 462 469 479 494 495 497 500 514 515 
1641078413.837341 520 525 528 540 546 546 546 553 554 564 566 580 596 656 744 
1641078413.837382 ### DEBUG: Ticks: 4237, 15, 0 
1641078413.837422 1640049701 c0:98:e5:42:00:2c 259 
1641078413.837461 384 427 432 441 445 460 465 473 480 481 483 484 505 512 515 
1641078413.837503 521 526 527 534 548 561 565 566 567 569 572 590 598 658 713 
1641078413.837546 ### DEBUG: Ticks: 4253, 16, 0 
1641078413.837585 1640049702 c0:98:e5:42:00:2c 268 
1641078413.837624 409 434 445 446 462 497 501 506 512 518 522 523 526 532 534 
1641078413.837666 540 542 544 547 556 559 564 582 599 601 618 635 641 683 771 
1641078413.837705 ### DEBUG: Ticks: 4268, 15, 0 
1641078413.837767 1640049703 c0:98:e5:42:00:2c 287 
1641078413.837809 469 486 495 512 514 522 524 525 530 533 538 543 558 564 571 
1641078413.837896 579 582 583 586 588 589 604 605 614 614 618 620 677 710 806 
1641078413.837938 ### DEBUG: Ticks: 4284, 16, 0 
1641078413.837977 1640049704 c0:98:e5:42:00:2c 280 
1641078413.838016 456 467 481 490 496 505 505 515 518 531 533 546 554 556 559 
1641078413.838078 564 588 591 592 596 601 604 613 614 623 626 636 656 670 715 
1641078413.838120 ### DEBUG: Ticks: 4300, 16, 0 
1641078413.838159 1640049705 c0:98:e5:42:00:2c 278 
1641078413.838199 418 456 461 465 469 481 510 519 530 538 538 539 540 552 553 
1641078413.838241 562 564 573 579 581 593 593 605 611 624 636 640 657 700 738 
1641078413.838283 ### DEBUG: Ticks: 4315, 15, 0 
1641078413.838325 1640049706 c0:98:e5:42:00:2c 302 
1641078413.838366 459 496 505 519 530 536 544 555 570 570 579 585 590 592 604 
1641078413.838408 607 609 609 619 632 639 661 662 664 676 685 690 699 741 749 
1641078413.838451 ### DEBUG: Ticks: 4331, 16, 0 
1641078413.838492 1640049707 c0:98:e5:42:00:2c 288 
1641078413.838534 480 494 500 500 501 501 505 526 527 543 544 547 560 571 573 
1641078413.838576 581 583 584 589 604 606 610 614 639 649 666 668 671 692 759 
1641078413.838661 ### DEBUG: Ticks: 4347, 16, 0 
1641078413.838704 1640049708 c0:98:e5:42:00:2c -2147483647 
1641078413.838748 -2147483647 -2147483647 -2147483647 -2147483647 -2147483647 -2147483647 -2147483647 -2147483647 -2147483647 -2147483647 -2147483647 -2147483647 -2147483647 -2147483647 -2147483647 
1641078413.838794 -2147483647 -2147483647 -2147483647 -2147483647 -2147483647 -2147483647 -2147483647 -2147483647 -2147483647 -2147483647 -2147483647 -2147483647 -2147483647 -2147483647 -2147483647 
1641078413.838872 ### INFO: SD card flushed!
1641078413.838915 ### DEBUG: Ticks: 4362, 15, 0 
1641078413.838957 1640049709 c0:98:e5:42:00:2c -2147483647 
1641078413.838998 -2147483647 -2147483647 -2147483647 -2147483647 -2147483647 -2147483647 -2147483647 -2147483647 -2147483647 -2147483647 -2147483647 -2147483647 -2147483647 -2147483647 -2147483647 
1641078413.839040 -2147483647 -2147483647 -2147483647 -2147483647 -2147483647 -2147483647 -2147483647 -2147483647 -2147483647 -2147483647 -2147483647 -2147483647 -2147483647 -2147483647 -2147483647 
1641078413.839082 ### DEBUG: Ticks: 4378, 16, 0 
1641078413.839124 1640049710 c0:98:e5:42:00:2c -2147483647 
1641078413.839166 -2147483647 -2147483647 -2147483647 -2147483647 -2147483647 -2147483647 -2147483647 -2147483647 -2147483647 -2147483647 -2147483647 -2147483647 -2147483647 -2147483647 -2147483647 
1641078413.839208 -2147483647 -2147483647 -2147483647 -2147483647 -2147483647 -2147483647 -2147483647 -2147483647 -2147483647 -2147483647 -2147483647 -2147483647 -2147483647 -2147483647 -2147483647 
1641078413.839250 ### DEBUG: Ticks: 4393, 15, 0 
1641078413.839292 1640049711 c0:98:e5:42:00:2c -2147483647 
1641078413.839334 -2147483647 -2147483647 -2147483647 -2147483647 -2147483647 -2147483647 -2147483647 -2147483647 -2147483647 -2147483647 -2147483647 -2147483647 -2147483647 -2147483647 -2147483647 
1641078413.839417 -2147483647 -2147483647 -2147483647 -2147483647 -2147483647 -2147483647 -2147483647 -2147483647 -2147483647 -2147483647 -2147483647 -2147483647 -2147483647 -2147483647 -2147483647 
1641078413.839475 ### DEBUG: Ticks: 4409, 16, 0 
1641078413.839517 1640049712 c0:98:e5:42:00:2c -2147483647 
1641078413.839562 -2147483647 -2147483647 -2147483647 -2147483647 -2147483647 -2147483647 -2147483647 -2147483647 -2147483647 -2147483647 -2147483647 -2147483647 -2147483647 -2147483647 -2147483647 
1641078413.839602 -2147483647 -2147483647 -2147483647 -2147483647 -2147483647 -2147483647 -2147483647 -2147483647 -2147483647 -2147483647 -2147483647 -2147483647 -2147483647 -2147483647 -2147483647 
1641078413.839657 ### DEBUG: Ticks: 4421, 12, 0 
1641078413.839707 1640049713 ### DEBUG: Ticks: 4437, 16, 0 
1641078413.839746 1640049714 ### DEBUG: Ticks: 4453, 16, 0 
1641078413.839837 1640049715 ### STOPPED, setting module to STOPPED
1641078413.839882 ### INFO: Switched Scheduler EUI from c0:98:e5:42:00:2c to 00:00:00:00:00:00
1641078413.839950 ### INFO: SD card flushed!
1641078413.839996 ### DEBUG: BLE START SCANNING called
1641078413.840040 ### DEBUG: BLE START SCANNING called
1641078413.840084 ### DEBUG: BLE START SCANNING called
1641078413.840129 ### DEBUG: BLE START SCANNING called
1641078413.840173 ### addr: c0:98:e5:42:00:2c 
1641078413.840217 ### on_adv_report outer RSSI: -51, time:1640049717 
1641078413.840261 ### INFO: Discovered new device: c0:98:e5:42:00:2c
1641078413.840305 ### INFO: Switched Scheduler EUI from 00:00:00:00:00:00 to c0:98:e5:42:00:2c
1641078413.840349 ### INFO: Starting the SquarePoint module...
1641078413.840393 ### INFO: Starting SquarePoint module as PARTICIPANT with timestamp 1640049717
1641078413.840440 ### DEBUG: BLE STOP SCANNING called
1641078413.840480 ### INFO: SquarePoint module successfully started!
1641078413.840544 ### DEBUG: Ticks: 4477, 24, 0 
1641078413.840584 1640049718 ### ERROR: Failed reading SquarePoint packet length
1641078413.840623 ### DEBUG: Ticks: 4522, 45, 0 
1641078413.840662 1640049425 c0:98:e5:42:00:2c 289 
1641078413.840701 474 478 507 508 545 547 552 556 558 564 566 568 568 572 574 
1641078413.840740 582 590 590 591 593 605 607 620 622 624 638 639 701 724 870 
1641078413.840780 ### DEBUG: Ticks: 4538, 16, 0 
1641078413.840818 1640049426 c0:98:e5:42:00:2c 265 
1641078413.840858 395 444 449 456 467 472 472 486 497 500 506 515 518 521 531 
1641078413.840897 532 532 536 538 544 548 551 555 556 557 560 564 585 602 642 
1641078413.840936 ### DEBUG: Ticks: 4554, 16, 0 
1641078413.840975 1640049427 c0:98:e5:42:00:2c 267 
1641078413.841014 411 428 451 462 480 488 502 506 511 514 518 529 529 531 532 
1641078413.841053 538 539 553 568 575 580 582 583 590 600 602 618 643 724 749 
1641078413.841092 ### DEBUG: Ticks: 4569, 15, 0 
1641078413.841131 1640049428 c0:98:e5:42:00:2c 263 
1641078413.841170 360 385 407 432 453 483 497 497 501 503 507 508 516 521 523 
1641078413.841210 530 533 535 545 559 569 577 581 584 584 595 603 604 612 686 
1641078413.841249 ### DEBUG: Ticks: 4585, 16, 0 
1641078413.841387 1640049429 c0:98:e5:42:00:2c 307 
1641078413.841427 481 500 516 517 533 547 548 575 578 590 592 596 597 607 614 
1641078413.841466 614 616 622 623 623 629 649 654 670 673 689 689 695 758 855 
1641078413.841530 ### DEBUG: Ticks: 4601, 16, 0 
1641078413.841569 1640049430 c0:98:e5:42:00:2c 261 
1641078413.841608 374 434 452 471 476 479 480 487 491 495 502 504 521 521 522 
1641078413.841647 524 525 531 547 547 556 564 567 569 573 573 627 652 696 700 
1641078413.841709 ### DEBUG: Ticks: 4616, 15, 0 
1641078413.841894 1640049431 c0:98:e5:42:00:2c 306 
1641078413.841941 464 504 513 553 559 561 574 576 584 589 591 602 607 608 609 
1641078413.841986 616 629 629 636 636 650 650 659 662 670 676 691 695 702 765 
1641078413.842030 ### DEBUG: Ticks: 4632, 16, 0 
1641078413.842074 1640049432 c0:98:e5:42:00:2c 266 
1641078413.842119 420 422 432 448 458 460 465 488 489 500 501 516 521 526 528 
1641078413.842163 538 540 550 552 552 571 576 578 584 594 596 602 608 631 734 
1641078413.842208 ### DEBUG: Ticks: 4647, 15, 0 
1641078413.842252 1640049433 c0:98:e5:42:00:2c 293 
1641078413.842297 475 500 503 503 530 546 553 568 573 575 580 581 583 584 586 
1641078413.842342 587 588 594 601 617 620 620 626 630 634 650 657 672 760 888 
1641078413.842386 ### DEBUG: Ticks: 4663, 16, 0 
1641078413.842430 1640049434 c0:98:e5:42:00:2c 263 
1641078413.842475 358 438 455 459 469 470 481 501 510 511 511 518 518 520 523 
1641078413.842519 529 530 532 535 543 543 550 552 562 562 564 573 573 588 681 
1641078413.842601 ### DEBUG: Ticks: 4679, 16, 0 
1641078413.842646 1640049435 c0:98:e5:42:00:2c 257 
1641078413.842691 396 414 415 429 435 447 465 480 487 494 497 500 504 507 511 
1641078413.842736 517 533 533 539 540 541 544 550 552 558 566 571 584 584 684 
1641078413.842780 ### DEBUG: Ticks: 4694, 15, 0 
1641078413.842825 1640049436 c0:98:e5:42:00:2c 291 
1641078413.842870 441 488 489 495 501 520 547 552 563 564 569 569 577 577 578 
1641078413.842928 587 591 592 606 612 616 617 618 621 622 636 641 656 702 763 
1641078413.842973 ### INFO: Battery voltage currently 4014 mV
1641078413.843047 ### DEBUG: Ticks: 4710, 16, 0 
1641078413.843092 1640049437 c0:98:e5:42:00:2c 273 
1641078413.843137 401 439 446 451 473 480 492 524 527 532 538 540 542 542 545 
1641078413.843181 549 551 551 559 563 574 576 588 611 611 640 640 674 711 815 
1641078413.843226 ### DEBUG: Ticks: 4725, 15, 0 
1641078413.843270 1640049438 c0:98:e5:42:00:2c 272 
1641078413.843315 450 455 458 460 469 479 499 506 507 512 513 515 535 540 544 
1641078413.843360 546 552 559 562 567 578 592 595 596 601 642 642 725 740 742 
1641078413.843404 ### DEBUG: Ticks: 4741, 16, 0 
1641078413.843448 1640049439 c0:98:e5:42:00:2c 297 
1641078413.843493 427 507 519 519 524 550 554 557 557 566 567 568 589 590 594 
1641078413.843538 595 599 601 623 625 626 635 656 660 668 671 686 703 726 824 
1641078413.843740 ### DEBUG: Ticks: 4757, 16, 0 
1641078413.843788 1640049440 c0:98:e5:42:00:2c 280 
1641078413.843872 410 420 432 479 503 504 507 520 521 523 524 528 538 548 555 
1641078413.843917 567 569 583 583 599 602 614 617 622 624 626 626 660 703 710 
1641078413.843961 ### DEBUG: Ticks: 4772, 15, 0 
1641078413.844049 1640049441 c0:98:e5:42:00:2c 294 
1641078413.844093 467 481 494 505 508 514 520 543 546 552 557 569 573 579 588 
1641078413.844137 589 596 598 608 609 611 613 614 624 627 629 664 731 749 773 
1641078413.844181 ### DEBUG: Ticks: 4788, 16, 0 
1641078413.844225 1640049442 c0:98:e5:42:00:2c 299 
1641078413.844269 447 457 489 495 506 520 521 535 537 562 562 580 580 589 599 
1641078413.844314 600 612 616 617 621 621 622 633 640 655 662 672 797 843 867 
1641078413.844354 ### DEBUG: Ticks: 4804, 16, 0 
1641078413.844398 1640049443 c0:98:e5:42:00:2c 316 
1641078413.844443 490 493 512 520 525 530 549 593 596 606 610 610 616 624 628 
1641078413.844487 638 642 643 644 646 653 659 664 678 688 693 703 717 726 849 
1641078413.844532 ### DEBUG: Ticks: 4819, 15, 0 
1641078413.844615 1640049444 c0:98:e5:42:00:2c 268 
1641078413.844659 428 448 463 468 470 475 489 494 513 524 526 527 528 535 536 
1641078413.844705 537 549 550 554 561 572 573 574 584 587 593 610 619 656 721 
1641078413.844788 ### DEBUG: Ticks: 4835, 16, 0 
1641078413.844827 1640049445 c0:98:e5:42:00:2c 276 
1641078413.844867 383 436 448 487 490 502 505 505 523 534 536 538 547 550 551 
1641078413.844906 553 557 563 565 572 572 575 585 609 613 615 615 619 629 643 
1641078413.844945 ### DEBUG: Ticks: 4850, 15, 0 
1641078413.844985 1640049446 c0:98:e5:42:00:2c 280 
1641078413.845024 440 480 492 497 511 514 526 532 533 537 555 560 561 561 561 
1641078413.845063 562 573 594 600 601 610 611 619 623 640 643 653 680 700 826 
1641078413.845102 ### DEBUG: Ticks: 4866, 16, 0 
1641078413.845141 1640049447 c0:98:e5:42:00:2c 288 
1641078413.845180 425 444 464 483 488 509 527 530 532 535 541 542 567 574 576 
1641078413.845220 578 583 584 588 597 598 600 602 606 617 636 640 667 720 750 
1641078413.845259 ### DEBUG: Ticks: 4882, 16, 0 
1641078413.845297 1640049448 c0:98:e5:42:00:2c 293 
1641078413.845336 478 487 502 515 533 536 540 542 545 552 553 563 568 571 587 
1641078413.845375 588 591 591 593 596 610 615 617 620 628 645 649 667 736 807 
1641078413.845414 ### DEBUG: Ticks: 4897, 15, 0 
1641078413.845453 1640049449 c0:98:e5:42:00:2c 285 
1641078413.845528 404 450 473 477 481 507 512 516 525 529 539 542 549 559 563 
1641078413.845568 580 580 583 597 604 613 616 617 619 628 628 629 653 661 885 
1641078413.845607 ### DEBUG: Ticks: 4913, 16, 0 
1641078413.845653 1640049450 c0:98:e5:42:00:2c 286 
1641078413.845693 450 480 502 509 512 522 524 526 531 537 553 562 565 568 570 
1641078413.845745 574 575 586 596 602 606 612 622 628 643 646 649 683 690 816 
1641078413.845786 ### DEBUG: Ticks: 4929, 16, 0 
1641078413.845825 1640049451 c0:98:e5:42:00:2c 276 
1641078413.845873 421 462 481 483 500 501 505 509 509 517 518 518 522 537 549 
1641078413.845978 557 558 562 564 565 577 595 600 610 610 613 622 627 640 655 
1641078413.846020 ### DEBUG: Ticks: 4944, 15, 0 
1641078413.846059 1640049452 c0:98:e5:42:00:2c 256 
1641078413.846099 421 426 438 440 442 465 477 477 478 487 493 496 496 511 512 
1641078413.846139 514 516 524 535 542 545 546 547 550 564 566 589 598 674 719 
1641078413.846235 ### DEBUG: Ticks: 4960, 16, 0 
1641078413.846279 1640049453 c0:98:e5:42:00:2c 305 
1641078413.846318 464 469 521 533 534 554 561 574 575 576 586 592 601 609 609 
1641078413.846357 611 613 614 616 632 634 636 640 647 661 665 672 674 686 711 
1641078413.846397 ### DEBUG: Ticks: 4975, 15, 0 
1641078413.846436 1640049454 c0:98:e5:42:00:2c 310 
1641078413.846475 493 505 513 543 551 553 564 565 567 584 585 612 614 619 620 
1641078413.846515 621 624 628 630 632 635 651 671 672 672 676 690 706 728 766 
1641078413.846603 ### DEBUG: Ticks: 4991, 16, 0 
1641078413.846643 1640049455 c0:98:e5:42:00:2c 233 
1641078413.846682 368 372 384 386 392 393 437 437 437 444 444 448 449 458 464 
1641078413.846722 471 483 484 486 492 497 499 501 507 511 516 522 522 523 615 
1641078413.846762 ### DEBUG: Ticks: 5007, 16, 0 
1641078413.846801 1640049456 c0:98:e5:42:00:2c 242 
1641078413.846840 382 417 422 431 435 437 439 440 448 457 459 465 477 480 484 
1641078413.846879 486 491 499 504 522 525 530 536 538 547 567 581 592 604 626 
1641078413.846918 ### DEBUG: Ticks: 5022, 15, 0 
1641078413.846957 1640049457 c0:98:e5:42:00:2c 249 
1641078413.846996 383 388 402 422 424 427 438 456 461 463 464 467 468 490 499 
1641078413.847036 499 507 512 516 525 542 544 545 546 555 557 563 566 579 637 
1641078413.847075 ### DEBUG: Ticks: 5038, 16, 0 
1641078413.847114 1640049458 c0:98:e5:42:00:2c 252 
1641078413.847153 406 407 426 427 427 438 474 486 488 489 492 494 494 499 504 
1641078413.847192 513 514 519 531 531 531 537 540 541 550 568 569 569 654 0 
1641078413.847232 ### DEBUG: Ticks: 5054, 16, 0 
1641078413.847271 1640049459 c0:98:e5:42:00:2c 248 
1641078413.847310 367 376 404 418 423 439 439 446 456 460 477 486 487 491 493 
1641078413.847379 500 502 509 522 522 526 530 537 542 547 554 563 584 585 630 
1641078413.847418 ### DEBUG: Ticks: 5069, 15, 0 
1641078413.847457 1640049460 c0:98:e5:42:00:2c 246 
1641078413.847497 357 359 377 395 403 407 413 423 430 444 468 472 478 480 490 
1641078413.847536 495 495 500 501 502 502 505 506 508 531 537 540 554 562 572 
1641078413.847575 ### DEBUG: Ticks: 5085, 16, 0 
1641078413.847614 1640049461 c0:98:e5:42:00:2c 321 
1641078413.847653 512 519 523 541 544 544 562 579 599 603 611 623 626 637 637 
1641078413.847693 647 650 653 669 671 672 675 680 680 686 691 698 719 731 761 
1641078413.847732 ### DEBUG: Ticks: 5100, 15, 0 
1641078413.847771 1640049462 c0:98:e5:42:00:2c 309 
1641078413.847834 497 513 514 514 523 536 579 587 592 594 595 600 607 616 617 
1641078413.847874 619 623 624 650 660 662 669 671 674 681 686 691 701 703 790 
1641078413.847913 ### DEBUG: Ticks: 5116, 16, 0 
1641078413.847952 1640049463 c0:98:e5:42:00:2c 274 
1641078413.847991 432 437 441 443 456 473 474 492 494 522 527 530 537 542 544 
1641078413.848029 553 554 557 559 566 582 586 587 588 592 600 613 617 623 716 
1641078413.848068 ### DEBUG: Ticks: 5132, 16, 0 
1641078413.848107 1640049464 c0:98:e5:42:00:2c 261 
1641078413.848147 394 398 414 433 439 469 470 489 504 505 505 506 513 515 522 
1641078413.848186 523 525 530 532 540 553 565 565 566 568 568 570 592 629 700 
1641078413.848225 ### DEBUG: Ticks: 5147, 15, 0 
1641078413.848330 1640049465 c0:98:e5:42:00:2c 254 
1641078413.848370 385 392 401 424 430 435 436 447 452 468 475 475 501 507 508 
1641078413.848409 513 520 524 528 530 534 540 540 542 556 569 575 587 592 0 
1641078413.848448 ### INFO: SD card flushed!
1641078413.848487 ### DEBUG: Ticks: 5163, 16, 0 
1641078413.848526 1640049466 c0:98:e5:42:00:2c 301 
1641078413.848565 499 520 525 525 526 531 534 560 567 578 581 585 588 598 601 
1641078413.848604 603 604 606 615 617 617 619 628 637 654 667 667 680 688 773 
1641078413.848647 ### DEBUG: Ticks: 5178, 15, 0 
1641078413.848691 1640049467 c0:98:e5:42:00:2c 304 
1641078413.848731 464 489 503 522 555 557 560 564 569 578 581 588 595 599 609 
1641078413.848770 609 609 621 626 644 654 656 660 665 675 687 696 698 717 747 
1641078413.848848 ### DEBUG: Ticks: 5194, 16, 0 
1641078413.848887 1640049468 c0:98:e5:42:00:2c 238 
1641078413.848926 390 397 400 403 410 422 432 449 453 457 458 461 470 473 476 
1641078413.848965 476 480 490 491 492 492 501 507 516 526 531 540 554 574 635 
1641078413.849004 ### DEBUG: Ticks: 5210, 16, 0 
1641078413.849043 1640049469 c0:98:e5:42:00:2c 271 
1641078413.849082 438 464 471 475 476 477 501 518 518 524 526 529 531 533 537 
1641078413.849121 547 549 551 555 557 557 558 582 590 593 601 601 614 667 668 
1641078413.849160 ### DEBUG: Ticks: 5225, 15, 0 
1641078413.849199 1640049470 c0:98:e5:42:00:2c 300 
1641078413.849238 451 466 498 510 532 536 546 555 566 572 572 579 580 595 596 
1641078413.849278 605 609 610 620 621 625 630 640 640 648 649 650 654 688 758 
1641078413.849316 ### DEBUG: Ticks: 5241, 16, 0 
1641078413.849356 1640049471 c0:98:e5:42:00:2c 270 
1641078413.849394 399 429 457 463 465 469 482 496 497 502 525 527 536 539 540 
1641078413.849433 551 552 553 557 558 567 578 584 584 594 606 615 621 630 0 
1641078413.849473 ### DEBUG: Ticks: 5257, 16, 0 
1641078413.849512 1640049472 c0:98:e5:42:00:2c 274 
1641078413.849551 413 440 452 463 464 496 496 500 504 514 532 532 532 547 549 
1641078413.849590 554 565 570 572 582 585 585 587 592 593 615 623 624 707 0 
1641078413.849629 ### DEBUG: Ticks: 5272, 15, 0 
1641078413.849667 1640049473 c0:98:e5:42:00:2c 283 
1641078413.849707 407 458 469 471 487 493 505 510 510 522 524 526 527 561 566 
1641078413.849775 567 576 583 586 590 591 592 600 609 610 614 618 635 671 683 
1641078413.849814 ### DEBUG: Ticks: 5288, 16, 0 
1641078413.849853 1640049474 c0:98:e5:42:00:2c 232 
1641078413.849892 361 368 374 375 394 395 400 407 415 419 425 440 450 463 465 
1641078413.849931 465 465 466 474 475 483 485 488 489 494 521 522 527 528 629 
1641078413.849971 ### DEBUG: Ticks: 5303, 15, 0 
1641078413.850010 1640049475 c0:98:e5:42:00:2c 262 
1641078413.850050 387 415 427 440 458 462 466 472 476 479 500 506 512 515 521 
1641078413.850106 529 531 538 539 540 540 548 549 550 551 565 567 571 586 635 
1641078413.850146 ### DEBUG: Ticks: 5319, 16, 0 
1641078413.850185 1640049476 c0:98:e5:42:00:2c 307 
1641078413.850225 464 498 500 501 532 535 570 572 577 584 598 605 607 611 613 
1641078413.850275 615 619 629 632 637 651 653 658 660 662 674 678 695 698 699 
1641078413.850315 ### DEBUG: Ticks: 5335, 16, 0 
1641078413.850354 1640049477 c0:98:e5:42:00:2c 281 
1641078413.850456 462 465 491 492 498 498 500 509 528 536 548 556 557 558 562 
1641078413.850495 563 593 595 595 597 605 613 631 635 636 644 656 665 677 713 
1641078413.850535 ### DEBUG: Ticks: 5350, 15, 0 
1641078413.850575 1640049478 c0:98:e5:42:00:2c 267 
1641078413.850614 392 447 451 453 463 469 477 483 498 507 509 519 520 526 534 
1641078413.850657 536 539 552 556 561 562 565 593 593 593 600 608 616 626 634 
1641078413.850696 ### DEBUG: Ticks: 5366, 16, 0 
1641078413.850736 1640049479 c0:98:e5:42:00:2c 327 
1641078413.850776 522 525 561 571 579 594 600 608 613 629 631 639 644 644 654 
1641078413.850816 664 681 682 691 695 696 696 710 714 716 731 749 755 808 0 
1641078413.850855 ### DEBUG: Ticks: 5382, 16, 0 
1641078413.850944 1640049480 c0:98:e5:42:00:2c 285 
1641078413.850987 419 437 465 486 489 492 493 523 526 532 535 557 560 563 567 
1641078413.851027 574 581 590 594 596 598 605 611 611 612 616 636 652 668 697 
1641078413.851066 ### DEBUG: Ticks: 5397, 15, 0 
1641078413.851105 1640049481 c0:98:e5:42:00:2c 262 
1641078413.851144 413 420 438 439 453 459 463 470 484 488 496 503 514 517 517 
1641078413.851184 531 538 539 540 541 549 551 556 557 567 575 578 588 611 666 
1641078413.851223 ### DEBUG: Ticks: 5413, 16, 0 
1641078413.851262 1640049482 c0:98:e5:42:00:2c 281 
1641078413.851302 433 451 486 488 506 511 514 520 523 523 534 539 540 548 558 
1641078413.851341 567 568 570 572 574 587 591 591 592 623 628 629 647 653 674 
1641078413.851380 ### DEBUG: Ticks: 5428, 15, 0 
1641078413.851419 1640049483 c0:98:e5:42:00:2c 260 
1641078413.851497 412 433 441 442 447 448 455 459 459 468 471 491 499 515 519 
1641078413.851537 523 524 539 540 548 549 549 550 551 557 562 565 583 583 680 
1641078413.851576 ### DEBUG: Ticks: 5444, 16, 0 
1641078413.851615 1640049484 c0:98:e5:42:00:2c 302 
1641078413.851655 461 486 497 526 543 547 554 559 565 565 572 579 579 600 603 
1641078413.851694 606 609 612 613 629 633 637 644 645 653 654 667 668 684 695 
1641078413.851734 ### DEBUG: Ticks: 5460, 16, 0 
1641078413.851773 1640049485 c0:98:e5:42:00:2c 260 
1641078413.851812 405 411 416 434 448 463 463 490 493 495 497 502 503 514 517 
1641078413.851851 523 527 541 541 543 569 571 574 578 578 582 586 588 597 656 
1641078413.851891 ### DEBUG: Ticks: 5475, 15, 0 
1641078413.851968 1640049486 c0:98:e5:42:00:2c 235 
1641078413.852008 360 366 377 385 390 397 397 409 411 419 435 438 445 458 470 
1641078413.852047 472 476 478 480 484 485 487 501 501 513 529 529 535 621 0 
1641078413.852086 ### DEBUG: Ticks: 5491, 16, 0 
1641078413.852125 1640049487 c0:98:e5:42:00:2c 244 
1641078413.852210 382 393 403 405 411 420 424 434 435 451 460 473 481 484 484 
1641078413.852249 494 497 503 506 509 515 524 536 548 554 560 561 573 589 662 
1641078413.852289 ### DEBUG: Ticks: 5506, 15, 0 
1641078413.852368 1640049488 c0:98:e5:42:00:2c 285 
1641078413.852409 424 436 448 458 481 483 486 525 537 539 548 550 558 569 571 
1641078413.852448 572 575 581 584 589 593 597 598 604 627 628 638 641 675 707 
1641078413.852487 ### DEBUG: Ticks: 5522, 16, 0 
1641078413.852526 1640049489 c0:98:e5:42:00:2c 280 
1641078413.852565 438 462 472 477 489 500 514 516 518 518 524 536 545 550 561 
1641078413.852604 562 574 575 580 581 585 586 586 589 611 614 618 620 632 680 
1641078413.852644 ### DEBUG: Ticks: 5538, 16, 0 
1641078413.852684 1640049490 c0:98:e5:42:00:2c 273 
1641078413.852724 442 450 465 468 470 470 485 487 495 509 534 537 539 542 544 
1641078413.852764 549 549 551 566 568 575 578 581 585 588 590 607 612 621 629 
1641078413.852803 ### DEBUG: Ticks: 5553, 15, 0 
1641078413.852843 1640049491 c0:98:e5:42:00:2c 281 
1641078413.852882 449 449 463 471 490 495 497 513 515 516 519 519 552 560 562 
1641078413.852922 570 573 574 592 601 603 608 613 613 613 629 629 651 661 0 
1641078413.853002 ### DEBUG: Ticks: 5569, 16, 0 
1641078413.853042 1640049492 c0:98:e5:42:00:2c 223 
1641078413.853082 326 354 363 364 372 381 392 395 396 401 402 406 411 426 446 
1641078413.853121 446 463 466 470 477 483 483 487 489 494 497 510 539 589 656 
1641078413.853160 ### DEBUG: Ticks: 5585, 16, 0 
1641078413.853199 1640049493 c0:98:e5:42:00:2c 315 
1641078413.853239 490 525 530 552 566 593 600 602 608 618 619 622 623 626 629 
1641078413.853278 632 639 639 646 648 663 665 666 687 701 707 711 717 735 737 
1641078413.853317 ### DEBUG: Ticks: 5600, 15, 0 
1641078413.853356 1640049494 c0:98:e5:42:00:2c 287 
1641078413.853395 442 458 466 472 485 512 515 529 552 557 558 563 572 573 574 
1641078413.853435 574 575 576 578 579 587 591 593 595 596 625 673 682 702 710 
1641078413.853474 ### DEBUG: Ticks: 5616, 16, 0 
1641078413.853513 1640049495 c0:98:e5:42:00:2c 277 
1641078413.853552 427 443 453 474 484 490 500 505 526 539 545 545 546 549 551 
1641078413.853591 559 567 585 592 595 599 604 604 614 614 628 631 637 637 707 
1641078413.853667 ### DEBUG: Ticks: 5631, 15, 0 
1641078413.853711 1640049496 c0:98:e5:42:00:2c 259 
1641078413.853767 403 417 435 444 463 471 474 479 483 490 498 514 514 514 517 
1641078413.853807 522 523 524 526 535 539 541 543 556 569 571 597 614 626 630 
1641078413.853846 ### DEBUG: Ticks: 5647, 16, 0 
1641078413.853886 1640049497 c0:98:e5:42:00:2c 271 
1641078413.853925 417 428 449 450 454 469 477 487 501 505 528 529 529 536 542 
1641078413.853964 544 549 576 577 582 585 588 589 597 600 613 614 618 619 647 
1641078413.854003 ### DEBUG: Ticks: 5663, 16, 0 
1641078413.854043 1640049498 c0:98:e5:42:00:2c 213 
1641078413.854082 363 364 366 367 391 393 395 396 396 403 413 418 421 423 426 
1641078413.854121 427 438 443 443 450 452 452 453 458 489 497 503 514 528 603 
1641078413.854160 ### DEBUG: Ticks: 5678, 15, 0 
1641078413.854200 1640049499 c0:98:e5:42:00:2c 252 
1641078413.854239 404 414 440 448 449 455 461 468 472 478 480 481 500 500 503 
1641078413.854279 506 509 527 536 536 537 545 551 552 554 561 582 594 604 614 
1641078413.854318 ### DEBUG: Ticks: 5694, 16, 0 
1641078413.854357 1640049500 c0:98:e5:42:00:2c 228 
1641078413.854397 363 381 382 383 389 394 409 410 417 423 436 438 441 454 456 
1641078413.854436 456 459 463 465 472 478 481 484 488 497 501 511 526 571 634 
1641078413.854475 ### DEBUG: Ticks: 5710, 16, 0 
1641078413.854514 1640049501 c0:98:e5:42:00:2c 293 
1641078413.854554 485 495 537 538 541 541 553 556 559 561 565 568 579 581 584 
1641078413.854593 591 592 600 615 618 621 637 643 657 668 676 679 680 691 770 
1641078413.854632 ### DEBUG: Ticks: 5725, 15, 0 
1641078413.854672 1640049502 c0:98:e5:42:00:2c 283 
1641078413.854711 417 459 476 480 494 497 506 508 513 520 525 539 553 562 565 
1641078413.854751 569 572 579 579 583 598 600 607 607 616 628 628 633 654 722 
1641078413.854789 ### DEBUG: Ticks: 5741, 16, 0 
1641078413.854829 1640049503 c0:98:e5:42:00:2c 307 
1641078413.854869 510 513 520 530 534 540 562 563 588 592 592 596 597 602 613 
1641078413.854908 616 618 621 625 632 639 656 665 666 667 669 687 693 693 750 
1641078413.854947 ### DEBUG: Ticks: 5756, 15, 0 
1641078413.854986 1640049504 c0:98:e5:42:00:2c 314 
1641078413.855026 522 525 526 568 572 577 583 586 591 601 602 604 622 624 627 
1641078413.855065 629 632 633 635 636 651 662 668 670 671 674 701 708 711 792 
1641078413.855104 ### DEBUG: Ticks: 5772, 16, 0 
1641078413.855150 1640049505 c0:98:e5:42:00:2c 262 
1641078413.855189 380 392 420 426 439 446 451 474 475 493 497 497 514 519 522 
1641078413.855228 527 537 541 542 550 555 558 563 564 567 587 589 602 610 686 
1641078413.855267 ### INFO: SD card flushed!
1641078413.855307 ### DEBUG: Ticks: 5788, 16, 0 
1641078413.855347 1640049506 c0:98:e5:42:00:2c 262 
1641078413.855392 424 424 430 433 461 464 477 478 483 488 490 498 520 521 522 
1641078413.855437 527 537 545 549 549 550 552 558 561 564 568 582 587 604 666 
1641078413.855482 ### DEBUG: Ticks: 5803, 15, 0 
1641078413.855526 1640049507 c0:98:e5:42:00:2c 257 
1641078413.855570 380 414 422 430 435 450 475 476 480 480 489 502 504 509 512 
1641078413.855614 519 521 526 527 530 532 537 539 546 552 553 578 591 602 668 
1641078413.855659 ### DEBUG: Ticks: 5819, 16, 0 
1641078413.855703 1640049508 c0:98:e5:42:00:2c 272 
1641078413.855748 449 454 463 478 479 482 487 490 504 514 516 519 523 532 542 
1641078413.855793 548 551 554 565 568 576 580 585 591 604 611 613 621 635 668 
1641078413.855837 ### DEBUG: Ticks: 5834, 15, 0 
1641078413.855881 1640049509 c0:98:e5:42:00:2c 297 
1641078413.855928 452 483 511 518 534 538 548 558 559 568 568 586 587 587 590 
1641078413.855967 598 600 603 605 608 608 614 622 625 628 634 653 681 692 706 
1641078413.856006 ### DEBUG: Ticks: 5850, 16, 0 
1641078413.856045 1640049510 c0:98:e5:42:00:2c 270 
1641078413.856084 434 440 442 468 476 479 482 484 494 504 508 521 522 526 528 
1641078413.856123 554 561 583 585 590 590 592 599 604 610 612 613 616 637 684 
1641078413.856162 ### DEBUG: Ticks: 5866, 16, 0 
1641078413.856201 1640049511 c0:98:e5:42:00:2c 233 
1641078413.856240 346 370 376 379 381 381 393 419 426 428 431 449 458 459 463 
1641078413.856279 470 472 472 475 482 484 486 493 496 508 521 539 564 585 639 
1641078413.856318 ### DEBUG: Ticks: 5881, 15, 0 
1641078413.856357 1640049512 c0:98:e5:42:00:2c 295 
1641078413.856396 491 497 499 512 523 555 557 564 565 568 572 579 585 589 589 
1641078413.856436 594 612 619 622 636 637 638 647 659 660 661 680 682 698 728 
1641078413.856474 ### DEBUG: Ticks: 5897, 16, 0 
1641078413.856513 1640049513 c0:98:e5:42:00:2c 236 
1641078413.856552 383 393 404 410 419 427 429 435 436 438 444 452 455 468 472 
1641078413.856591 475 477 478 491 495 504 515 517 517 526 530 536 543 578 612 
1641078413.856688 ### DEBUG: Ticks: 5913, 16, 0 
1641078413.856727 1640049514 c0:98:e5:42:00:2c 265 
1641078413.856767 397 462 464 466 467 468 480 483 485 491 509 516 521 525 530 
1641078413.856806 532 541 543 545 546 548 557 559 562 568 577 595 615 640 711 
1641078413.856845 ### DEBUG: Ticks: 5928, 15, 0 
1641078413.856885 1640049515 c0:98:e5:42:00:2c 298 
1641078413.856924 478 491 497 503 512 541 547 555 568 577 580 583 590 591 592 
1641078413.857012 601 606 613 614 623 623 633 643 644 649 654 659 682 703 716 
1641078413.857052 ### DEBUG: Ticks: 5944, 16, 0 
1641078413.857091 1640049516 c0:98:e5:42:00:2c 262 
1641078413.857131 397 406 444 452 454 463 464 468 491 495 499 504 508 511 525 
1641078413.857170 525 540 542 545 549 550 552 553 561 563 563 564 568 589 630 
1641078413.857210 ### DEBUG: Ticks: 5959, 15, 0 
1641078413.857249 1640049517 c0:98:e5:42:00:2c 283 
1641078413.857288 470 491 495 498 511 527 528 528 531 535 536 548 556 560 565 
1641078413.857326 569 572 581 585 600 604 615 615 619 620 626 633 641 686 710 
1641078413.857365 ### DEBUG: Ticks: 5975, 16, 0 
1641078413.857404 1640049518 c0:98:e5:42:00:2c 293 
1641078413.857444 480 487 532 534 537 537 538 551 556 560 562 566 576 582 585 
1641078413.857483 590 591 594 595 598 600 607 608 608 625 633 652 664 667 753 
1641078413.857522 ### DEBUG: Ticks: 5991, 16, 0 
1641078413.857562 1640049519 c0:98:e5:42:00:2c 301 
1641078413.857601 450 472 483 498 530 539 543 562 569 575 585 594 594 598 602 
1641078413.857640 602 607 616 620 624 628 635 643 645 646 660 666 686 706 708 
1641078414.795448 ### DEBUG: Ticks: 6006, 15, 0 
1641078414.795619 1640049520 c0:98:e5:42:00:2c 262 
1641078414.795682 398 428 437 442 450 457 468 472 482 496 509 512 523 525 525 
1641078414.795747 526 527 535 544 547 547 549 551 557 559 575 596 599 647 684 
1641078415.792877 ### DEBUG: Ticks: 6022, 16, 0 
1641078415.793172 1640049521 c0:98:e5:42:00:2c 260 
1641078415.793387 396 421 443 454 456 461 462 474 477 480 492 493 502 511 512 
1641078415.793602 530 535 537 543 548 551 551 551 556 558 575 576 577 600 644 
1641078416.797887 ### DEBUG: Ticks: 6038, 16, 0 
1641078416.798159 1640049522 c0:98:e5:42:00:2c 259 
1641078416.798358 370 445 452 455 456 459 461 462 462 470 485 510 514 514 518 
1641078416.798562 519 530 544 551 554 564 573 579 586 591 594 597 605 630 645 
1641078417.801489 ### DEBUG: Ticks: 6053, 15, 0 
1641078417.801895 1640049523 c0:98:e5:42:00:2c 272 
1641078417.802170 432 448 461 479 487 489 491 495 511 516 522 524 530 540 544 
1641078417.802367 546 548 554 560 561 593 598 601 607 618 621 634 639 652 697 
1641078418.791544 ### DEBUG: Ticks: 6069, 16, 0 
1641078418.791675 1640049524 c0:98:e5:42:00:2c 253 
1641078418.803005 368 390 396 408 412 419 422 431 447 453 472 478 484 490 503 
1641078418.803175 510 518 524 529 543 543 544 549 549 555 557 567 580 580 595 
1641078419.801017 ### DEBUG: Ticks: 6084, 15, 0 
1641078419.801161 1640049525 c0:98:e5:42:00:2c 238 
1641078419.801219 364 386 398 410 419 433 437 438 439 444 451 468 469 473 476 
1641078419.801420 477 483 487 497 500 503 513 519 526 528 533 546 547 561 604 
1641078420.797589 ### DEBUG: Ticks: 6100, 16, 0 
1641078420.797990 1640049526 c0:98:e5:42:00:2c 259 
1641078420.798177 403 431 439 441 452 453 456 458 468 478 480 496 499 506 516 
1641078420.798862 521 531 533 545 547 552 561 564 567 570 571 586 589 600 650 
1641078421.795473 ### DEBUG: Ticks: 6116, 16, 0 
1641078421.795738 1640049527 c0:98:e5:42:00:2c 248 
1641078421.795830 414 424 425 433 449 454 456 460 466 472 475 476 485 489 495 
1641078421.795924 499 501 502 511 512 524 525 527 532 554 554 558 570 587 643 
1641078422.798151 ### DEBUG: Ticks: 6131, 15, 0 
1641078422.798325 1640049528 c0:98:e5:42:00:2c 300 
1641078422.798416 461 502 505 513 520 526 533 539 550 560 574 576 577 599 600 
1641078422.798764 600 603 611 612 614 626 629 650 650 651 655 659 669 678 704 
1641078423.796510 ### DEBUG: Ticks: 6147, 16, 0 
1641078423.796675 1640049529 c0:98:e5:42:00:2c 295 
1641078423.796775 451 495 513 515 526 531 551 551 556 556 566 571 571 580 583 
1641078423.796863 597 607 613 613 617 625 625 626 645 651 657 673 681 701 745 
1641078424.798389 ### DEBUG: Ticks: 6163, 16, 0 
1641078424.798554 1640049530 c0:98:e5:42:00:2c 306 
1641078424.798645 493 508 525 526 527 535 557 561 591 599 602 607 607 608 609 
1641078424.798727 615 619 620 623 625 628 629 631 635 649 654 655 656 696 735 
1641078425.798852 ### DEBUG: Ticks: 6178, 15, 0 
1641078425.799141 1640049531 c0:98:e5:42:00:2c 289 
1641078425.799325 457 468 498 502 505 511 513 526 533 547 548 570 575 576 578 
1641078425.799513 580 602 603 610 631 634 636 639 640 640 648 666 682 691 697 
1641078426.800168 ### DEBUG: Ticks: 6194, 16, 0 
1641078426.800300 1640049532 c0:98:e5:42:00:2c 292 
1641078426.800357 457 474 496 508 509 512 522 541 550 563 565 566 567 582 583 
1641078426.800571 585 587 591 593 597 597 598 602 614 636 636 636 649 666 717 
1641078427.795149 ### DEBUG: Ticks: 6209, 15, 0 
1641078427.795298 1640049533 c0:98:e5:42:00:2c 281 
1641078427.795371 456 464 474 482 487 495 530 533 537 545 547 550 552 558 563 
1641078427.795443 569 574 579 580 580 580 594 596 602 612 629 660 668 706 0 
1641078428.795279 ### DEBUG: Ticks: 6225, 16, 0 
1641078428.795558 1640049534 c0:98:e5:42:00:2c 295 
1641078428.796219 469 501 507 510 519 541 544 548 549 555 561 561 575 576 586 
1641078428.796673 596 597 597 603 605 605 611 612 613 624 657 659 660 671 688 
1641078429.792880 ### DEBUG: Ticks: 6241, 16, 0 
1641078429.793166 1640049535 c0:98:e5:42:00:2c 256 
1641078429.793349 347 372 393 429 432 441 458 460 461 467 470 511 511 511 511 
1641078429.805343 514 520 520 523 525 528 535 542 551 558 565 566 568 587 656 
1641078432.451891 
1641078432.452212 ----------------------------------------------
1641078432.452419 ### WARNING: Chip experienced a reset with reason 6
1641078432.452599 ### INFO: Bluetooth address: c0:98:e5:42:00:29
1641078432.452789 ### DEBUG: Time is 00:00:00, 2000/00/00
1641078432.452965 ### INFO: Time is 00:00:00, 2000/00/00
1641078432.453140 ### INFO: Initializing SD Card...
1641078432.453316 ### INFO: Connecting to the SquarePoint module...
1641078432.453506 ### INFO: SquarePoint module connection successful
1641078432.453681 ### INFO: Battery voltage currently 3992 mV
1641078432.453946 ### INFO: SD card flushed!
1641078432.454036 ### INFO: SD card flushed!
1641078432.454140 ### DEBUG: BLE START SCANNING called
1641078432.454237 ### DEBUG: Ticks: 15, 15, 0 
1641078432.454342 1640049537 c0:98:e5:42:00:2c 242 
1641078432.454441 381 417 420 428 437 452 460 461 465 474 475 475 479 482 483 
1641078432.464004 487 499 508 514 527 528 531 532 555 557 559 561 579 581 662 
1641078432.464188 ### INFO: Switched Scheduler EUI from 00:00:00:00:00:00 to c0:98:e5:42:00:2c
1641078432.464273 ### DEBUG: BLE STOP SCANNING called
1641078432.673658 ### DEBUG: BLE START SCANNING called
1641078432.792785 ### DEBUG: Ticks: 28, 13, 0 
1641078432.793047 1640049538 c0:98:e5:42:00:2c 289 
1641078432.804426 420 472 483 487 488 491 491 526 529 530 535 564 568 572 572 
1641078432.804686 586 589 593 596 598 603 607 611 612 622 631 647 676 688 708 
1641078433.776993 ### DEBUG: BLE START SCANNING called
1641078433.788814 ### DEBUG: BLE START SCANNING called
1641078433.789104 ### addr: c0:98:e5:42:00:2c 
1641078433.789287 ### on_adv_report outer RSSI: -61, time:1640049539 
1641078433.789476 ### INFO: Discovered new device: c0:98:e5:42:00:2c
1641078433.789655 ### DEBUG: connected? already connected
1641078433.789945 ### DEBUG: BLE START SCANNING called
1641078433.800698 ### DEBUG: Ticks: 44, 16, 1 
1641078433.800863 1640049539 c0:98:e5:42:00:2c 267 
1641078433.800955 433 452 459 461 462 465 473 499 502 514 515 520 522 524 533 
1641078433.801050 537 538 539 539 544 547 555 570 571 571 595 598 631 638 669 
1641078433.801153 ### DEBUG: BLE START SCANNING called
1641078433.834988 ### BLE EVENT: 16, INFO: BLE CONNECTED!
1641078433.835141 ### DEBUG: BLE START SCANNING called
1641078433.835230 ### RSSI: -62, 2, 1640049539 ,44 
1641078433.835460 ### DEBUG: BLE START SCANNING called
1641078433.913594 ### INFO: Device is now STATIONARY
1641078433.913936 ### DEBUG: BLE START SCANNING called
1641078433.937727 ### RSSI: -60, 12, 1640049540 ,46 
1641078433.937918 ### DEBUG: BLE START SCANNING called
1641078434.038505 ### RSSI: -61, 9, 1640049540 ,47 
1641078434.038655 ### DEBUG: BLE START SCANNING called
1641078434.138814 ### RSSI: -58, 28, 1640049540 ,49 
1641078434.139100 ### DEBUG: BLE START SCANNING called
1641078434.240143 ### RSSI: -58, 16, 1640049540 ,51 
1641078434.240368 ### DEBUG: BLE START SCANNING called
1641078434.344321 ### RSSI: -55, 26, 1640049540 ,52 
1641078434.344484 ### DEBUG: BLE START SCANNING called
1641078434.433942 ### RSSI: -58, 34, 1640049540 ,54 
1641078434.434226 ### DEBUG: BLE START SCANNING called
1641078434.536346 ### RSSI: -55, 22, 1640049540 ,55 
1641078434.536630 ### DEBUG: BLE START SCANNING called
1641078434.638475 ### RSSI: -56, 27, 1640049540 ,57 
1641078434.638654 ### DEBUG: BLE START SCANNING called
1641078434.671795 ### DEBUG: BLE START SCANNING called
1641078434.738724 ### RSSI: -55, 24, 1640049540 ,58 
1641078434.738877 ### DEBUG: BLE START SCANNING called
1641078434.794670 ### DEBUG: Ticks: 59, 15, 1 
1641078434.794815 1640049540 c0:98:e5:42:00:2c 304 
1641078434.794877 481 505 510 533 540 559 568 570 578 587 587 589 590 601 605 
1641078434.794935 611 613 617 621 622 625 626 637 646 667 669 680 681 694 756 
1641078434.794998 ### DEBUG: BLE START SCANNING called
1641078434.841116 ### RSSI: -59, 14, 1640049541 ,60 
1641078434.841245 ### DEBUG: BLE START SCANNING called
1641078434.938962 ### RSSI: -63, 1, 1640049541 ,61 
1641078434.939178 ### DEBUG: BLE START SCANNING called
1641078435.040891 ### RSSI: -61, 8, 1640049541 ,63 
1641078435.041180 ### DEBUG: BLE START SCANNING called
1641078435.143655 ### RSSI: -57, 20, 1640049541 ,65 
1641078435.143932 ### DEBUG: BLE START SCANNING called
1641078435.242298 ### RSSI: -63, 0, 1640049541 ,66 
1641078435.242473 ### DEBUG: BLE START SCANNING called
1641078435.344473 ### RSSI: -55, 18, 1640049541 ,68 
1641078435.344642 ### DEBUG: BLE START SCANNING called
1641078435.444394 ### RSSI: -60, 35, 1640049541 ,69 
1641078435.444678 ### DEBUG: BLE START SCANNING called
1641078435.670589 ### DEBUG: BLE START SCANNING called
1641078435.794831 ### DEBUG: Ticks: 75, 16, 1 
1641078435.794994 1640049541 c0:98:e5:42:00:2c 294 
1641078435.795092 453 456 490 522 534 536 562 563 570 572 576 576 578 582 589 
1641078435.795181 592 601 605 614 618 621 621 625 640 648 658 659 683 685 0 
1641078435.795268 ### DEBUG: BLE START SCANNING called
1641078436.438923 ### RSSI: -55, 24, 1640049541 ,85 
1641078436.439094 ### DEBUG: BLE START SCANNING called
1641078436.678609 ### DEBUG: BLE START SCANNING called
1641078436.792673 ### DEBUG: Ticks: 90, 15, 1 
1641078436.792965 1640049542 c0:98:e5:42:00:2c 276 
1641078436.793148 415 446 452 467 468 487 499 511 511 512 524 543 543 550 553 
1641078436.793337 554 562 562 569 574 579 580 582 584 607 612 618 622 628 664 
1641078436.805144 ### DEBUG: BLE START SCANNING called
1641078437.443458 ### RSSI: -57, 17, 1640049542 ,101 
1641078437.443746 ### DEBUG: BLE START SCANNING called
1641078437.799284 ### DEBUG: Ticks: 106, 16, 1 
1641078437.799576 1640049543 c0:98:e5:42:00:2c 289 
1641078437.799760 470 478 479 498 506 523 526 530 538 543 549 560 571 574 578 
1641078437.799947 579 589 602 605 607 609 614 619 639 639 653 661 675 679 688 
1641078438.435488 ### RSSI: -59, 12, 1640049543 ,116 
1641078438.797805 ### DEBUG: Ticks: 122, 16, 1 
1641078438.797953 1640049544 c0:98:e5:42:00:2c 229 
1641078438.798042 336 369 386 399 402 403 403 415 426 427 433 438 439 441 454 
1641078438.798120 465 470 480 481 492 493 495 505 521 530 547 557 562 588 622 
1641078439.435100 ### RSSI: -53, 9, 1640049544 ,132 
1641078439.800328 ### DEBUG: Ticks: 137, 15, 1 
1641078439.800500 1640049545 c0:98:e5:42:00:2c 319 
1641078439.800593 492 521 526 531 538 546 548 569 586 587 597 604 617 637 638 
1641078439.800706 641 651 659 672 679 690 694 710 712 718 723 732 733 750 799 
1641078440.436958 ### RSSI: -47, 35, 1640049545 ,147 
1641078440.792576 ### DEBUG: Ticks: 153, 16, 1 
1641078440.792865 1640049546 c0:98:e5:42:00:2c 280 
1641078440.804454 438 463 477 496 505 511 537 538 540 544 549 553 553 555 560 
1641078440.804739 568 571 579 584 590 594 599 602 605 611 613 616 633 669 0 
1641078441.443356 ### RSSI: -62, 4, 1640049546 ,163 
1641078441.795800 ### DEBUG: Ticks: 169, 16, 1 
1641078441.796057 1640049547 c0:98:e5:42:00:2c 275 
1641078441.796213 440 444 497 500 500 527 531 532 533 534 534 540 545 548 550 
1641078441.796402 550 554 556 560 569 574 574 576 578 591 619 634 656 686 718 
1641078442.437903 ### RSSI: -49, 26, 1640049547 ,179 
1641078442.802006 ### DEBUG: Ticks: 184, 15, 1 
1641078442.802208 1640049548 c0:98:e5:42:00:2c 278 
1641078442.802293 424 466 468 502 505 516 516 519 524 524 528 538 541 542 556 
1641078442.802380 557 558 564 570 571 572 575 586 595 596 611 618 631 647 726 
1641078443.438121 ### RSSI: -68, 26, 1640049548 ,194 
1641078443.803275 ### DEBUG: Ticks: 200, 16, 1 
1641078443.803559 1640049549 c0:98:e5:42:00:2c 440 
1641078443.803743 680 682 704 721 735 739 741 741 748 751 760 760 763 768 774 
1641078443.803880 775 781 786 793 796 798 800 807 812 812 824 843 844 858 915 
1641078444.441883 ### RSSI: -57, 8, 1640049550 ,210 
1641078444.795977 ### DEBUG: Ticks: 215, 15, 1 
1641078444.796268 1640049550 c0:98:e5:42:00:2c 462 
1641078444.796485 729 766 770 771 794 803 804 813 813 819 822 824 824 827 829 
1641078444.796696 829 831 831 832 834 836 836 862 862 864 876 878 883 913 930 
1641078445.440108 ### RSSI: -60, 30, 1640049551 ,225 
1641078445.802179 ### DEBUG: Ticks: 231, 16, 1 
1641078445.802441 1640049551 c0:98:e5:42:00:2c 531 
1641078445.802533 847 870 875 884 887 887 895 897 900 922 923 925 946 948 950 
1641078445.802627 952 962 968 969 972 973 981 981 996 996 997 1001 1008 1027 1065 
1641078446.441175 ### RSSI: -62, 30, 1640049552 ,241 
1641078446.789894 ### DEBUG: Ticks: 247, 16, 1 
1641078446.801183 1640049552 c0:98:e5:42:00:2c 624 
1641078446.801315 911 921 933 938 939 944 950 953 953 956 963 966 968 971 972 
1641078446.801386 976 988 990 990 994 1000 1006 1021 1031 1064 1065 1105 1130 1145 0 
1641078447.433853 ### RSSI: -58, 24, 1640049553 ,257 
1641078447.802832 ### DEBUG: Ticks: 262, 15, 1 
1641078447.802998 1640049553 c0:98:e5:42:00:2c 618 
1641078447.803145 893 903 905 915 916 922 925 928 929 930 952 957 965 968 970 
1641078447.803324 971 971 978 981 998 1007 1010 1015 1015 1015 1017 1021 1023 1028 1039 
1641078448.434750 ### RSSI: -61, 17, 1640049554 ,272 
1641078448.799732 ### DEBUG: Ticks: 278, 16, 1 
1641078448.799895 1640049554 c0:98:e5:42:00:2c 661 
1641078448.799979 874 914 938 947 971 980 985 992 999 1010 1025 1025 1032 1034 1039 
1641078448.800066 1044 1046 1050 1053 1053 1067 1067 1074 1081 1083 1083 1088 1090 1102 1184 
1641078449.444526 ### RSSI: -67, 7, 1640049555 ,288 
1641078449.794318 ### DEBUG: Ticks: 294, 16, 1 
1641078449.794466 1640049555 c0:98:e5:42:00:2c 678 
1641078449.794528 803 817 838 842 855 857 889 891 892 901 907 908 909 917 923 
1641078449.805622 923 924 933 935 943 943 945 948 950 951 951 1003 1019 1024 1060 
1641078450.790625 ### DEBUG: Ticks: 309, 15, 1 
1641078450.802143 1640049556 c0:98:e5:42:00:2c 648 
1641078450.802369 866 870 906 927 932 942 956 961 962 975 975 980 985 991 992 
1641078450.802517 1000 1001 1014 1020 1022 1038 1041 1043 1044 1050 1050 1052 1056 1089 1131 
1641078451.441468 ### RSSI: -59, 36, 1640049557 ,319 
1641078451.793659 ### DEBUG: Ticks: 325, 16, 1 
1641078451.794040 1640049557 c0:98:e5:42:00:2c 653 
1641078451.794225 832 848 852 872 879 922 925 930 930 933 934 937 941 943 947 
1641078451.794413 948 949 951 968 986 994 1001 1005 1010 1010 1016 1017 1025 1032 1049 
1641078452.436680 ### RSSI: -62, 19, 1640049558 ,335 
1641078452.797906 ### DEBUG: Ticks: 340, 15, 1 
1641078452.798200 1640049558 c0:98:e5:42:00:2c 722 
1641078452.798384 862 917 925 932 957 971 972 976 981 985 1005 1015 1018 1028 1028 
1641078452.798631 1052 1055 1057 1059 1070 1072 1086 1090 1091 1093 1116 1127 1139 1150 1206 
1641078453.435052 ### RSSI: -61, 9, 1640049559 ,350 
1641078453.802917 ### DEBUG: Ticks: 356, 16, 1 
1641078453.803080 1640049559 c0:98:e5:42:00:2c 703 
1641078453.803179 916 968 969 981 984 1002 1027 1031 1033 1034 1044 1045 1053 1054 1069 
1641078453.803291 1089 1090 1090 1091 1092 1108 1115 1123 1128 1137 1138 1140 1174 1208 1316 
1641078454.442564 ### RSSI: -63, 6, 1640049560 ,366 
1641078454.799123 ### DEBUG: Ticks: 372, 16, 1 
1641078454.799383 1640049560 c0:98:e5:42:00:2c 881 
1641078454.799539 1176 1189 1207 1217 1228 1230 1231 1231 1232 1235 1236 1245 1248 1261 1262 
1641078454.799701 1265 1284 1286 1287 1290 1291 1297 1300 1306 1335 1354 1380 1385 1432 1517 
1641078455.435379 ### RSSI: -63, 28, 1640049561 ,382 
1641078455.802910 ### DEBUG: Ticks: 387, 15, 1 
1641078455.803084 1640049561 c0:98:e5:42:00:2c 1359 
1641078455.803175 1693 1704 1713 1723 1725 1731 1732 1747 1747 1757 1761 1762 1770 1773 1774 
1641078455.803262 1779 1779 1784 1788 1802 1804 1804 1809 1829 1839 1839 1852 1877 1886 2086 
1641078456.439197 ### RSSI: -57, 16, 1640049562 ,397 
1641078456.802698 ### DEBUG: Ticks: 403, 16, 1 
1641078456.802986 1640049562 c0:98:e5:42:00:2c 1834 
1641078456.803187 2103 2107 2120 2124 2128 2145 2145 2148 2151 2153 2155 2162 2163 2172 2172 
1641078456.803365 2176 2177 2182 2188 2190 2200 2211 2220 2225 2225 2229 2231 2234 2292 2315 
1641078457.433349 ### RSSI: -59, 19, 1640049563 ,413 
1641078457.801710 ### DEBUG: Ticks: 418, 15, 1 
1641078457.801968 1640049563 c0:98:e5:42:00:2c 1930 
1641078457.802149 2252 2257 2269 2277 2279 2299 2305 2308 2316 2321 2321 2327 2327 2332 2340 
1641078457.802231 2341 2345 2358 2359 2362 2378 2390 2400 2401 2403 2403 2410 2427 2430 2561 
1641078458.436617 ### RSSI: -60, 36, 1640049564 ,429 
1641078458.801507 ### DEBUG: Ticks: 434, 16, 1 
1641078458.801711 1640049564 c0:98:e5:42:00:2c 1936 
1641078458.801879 2189 2208 2227 2231 2242 2246 2251 2257 2259 2262 2264 2273 2274 2276 2278 
1641078458.801982 2287 2289 2291 2291 2294 2300 2313 2314 2314 2322 2325 2335 2359 2372 2516 
1641078459.439284 ### RSSI: -60, 17, 1640049565 ,444 
1641078459.795208 ### DEBUG: Ticks: 450, 16, 1 
1641078459.795372 1640049565 c0:98:e5:42:00:2c 1909 
1641078459.795473 2193 2222 2225 2230 2238 2239 2247 2248 2253 2254 2254 2259 2261 2271 2276 
1641078459.795563 2283 2284 2288 2288 2295 2297 2298 2299 2300 2314 2315 2319 2338 2385 2445 
1641078460.440195 ### RSSI: -58, 15, 1640049565 ,460 
1641078460.800507 ### DEBUG: Ticks: 465, 15, 1 
1641078460.800678 1640049566 c0:98:e5:42:00:2c 1805 
1641078460.800770 1973 1999 2005 2007 2027 2031 2035 2037 2042 2043 2047 2052 2056 2059 2060 
1641078460.800876 2066 2067 2071 2095 2099 2103 2104 2112 2116 2121 2129 2145 2154 2156 2231 
1641078461.434003 ### RSSI: -60, 1, 1640049566 ,475 
1641078461.798143 ### DEBUG: Ticks: 481, 16, 1 
1641078461.798296 1640049567 c0:98:e5:42:00:2c 1497 
1641078461.798388 1774 1784 1789 1794 1800 1801 1809 1821 1824 1829 1829 1834 1839 1841 1841 
1641078461.798471 1857 1887 1887 1888 1888 1908 1909 1918 1931 1938 1939 1954 1982 2009 2043 
1641078462.434206 ### RSSI: -59, 4, 1640049567 ,491 
1641078462.801943 ### DEBUG: Ticks: 497, 16, 1 
1641078462.802118 1640049568 c0:98:e5:42:00:2c 983 
1641078462.802211 1294 1313 1321 1322 1337 1345 1347 1353 1368 1368 1373 1378 1385 1401 1402 
1641078462.802305 1413 1430 1435 1438 1445 1449 1452 1469 1470 1475 1482 1487 1488 1493 1531 
1641078463.435388 ### RSSI: -62, 18, 1640049568 ,507 
1641078463.797561 ### DEBUG: Ticks: 512, 15, 1 
1641078463.797774 1640049569 c0:98:e5:42:00:2c 742 
1641078463.797882 975 975 1019 1030 1032 1037 1053 1054 1073 1083 1100 1104 1108 1109 1112 
1641078463.798016 1112 1113 1123 1136 1136 1142 1151 1162 1167 1184 1202 1206 1274 1306 0 
1641078464.434116 ### RSSI: -70, 8, 1640049569 ,522 
1641078464.797596 ### DEBUG: Ticks: 528, 16, 1 
1641078464.797794 1640049570 c0:98:e5:42:00:2c 718 
1641078464.797894 1018 1043 1061 1082 1083 1083 1102 1105 1106 1106 1107 1110 1114 1132 1132 
1641078464.797983 1140 1151 1158 1159 1160 1170 1179 1181 1182 1190 1192 1194 1201 1210 0 
1641078465.441576 ### RSSI: -72, 7, 1640049570 ,538 
1641078465.800381 ### DEBUG: Ticks: 543, 15, 1 
1641078465.800554 1640049571 c0:98:e5:42:00:2c 770 
1641078465.800646 1047 1060 1084 1092 1106 1112 1115 1122 1124 1128 1137 1140 1142 1144 1150 
1641078465.800739 1155 1178 1180 1183 1192 1192 1206 1213 1214 1221 1224 1242 1250 1264 1297 
1641078466.233248 ### INFO: SD card flushed!
1641078466.439188 ### RSSI: -60, 29, 1640049571 ,553 
1641078466.795535 ### DEBUG: Ticks: 559, 16, 1 
1641078466.795829 1640049572 c0:98:e5:42:00:2c 813 
1641078466.796014 968 978 1035 1054 1069 1070 1078 1078 1090 1094 1101 1110 1112 1114 1119 
1641078466.796203 1123 1124 1134 1134 1144 1147 1177 1179 1194 1208 1211 1212 1220 1248 1371 
1641078467.441535 ### RSSI: -63, 25, 1640049572 ,569 
1641078467.799633 ### DEBUG: Ticks: 575, 16, 1 
1641078467.799930 1640049573 c0:98:e5:42:00:2c 807 
1641078467.800114 1085 1093 1095 1119 1128 1141 1153 1160 1164 1171 1173 1179 1187 1188 1189 
1641078467.800331 1195 1197 1198 1199 1203 1207 1207 1216 1217 1259 1263 1267 1288 1314 1383 
1641078468.444766 ### RSSI: -57, 0, 1640049574 ,585 
1641078468.799970 ### DEBUG: Ticks: 590, 15, 1 
1641078468.800170 1640049574 c0:98:e5:42:00:2c 1235 
1641078468.800730 1512 1524 1553 1557 1559 1564 1578 1578 1578 1585 1592 1604 1620 1625 1632 
1641078468.800845 1637 1639 1639 1651 1672 1689 1689 1695 1709 1714 1728 1747 1756 1862 1965 
1641078469.542066 ### RSSI: -60, 25, 1640049575 ,602 
1641078469.793058 ### DEBUG: Ticks: 606, 16, 1 
1641078469.793344 1640049575 c0:98:e5:42:00:2c 1756 
1641078469.806371 2045 2086 2106 2107 2112 2119 2124 2125 2125 2134 2135 2135 2144 2153 2160 
1641078469.806653 2175 2176 2176 2177 2191 2193 2218 2219 2227 2236 2248 2258 2267 2284 2285 
1641078470.539993 ### RSSI: -56, 2, 1640049576 ,617 
1641078470.798665 ### DEBUG: Ticks: 622, 16, 1 
1641078470.798949 1640049576 c0:98:e5:42:00:2c 1976 
1641078470.799148 2256 2257 2277 2293 2293 2300 2308 2309 2309 2317 2318 2320 2320 2320 2323 
1641078470.799349 2335 2344 2355 2357 2376 2380 2394 2399 2404 2409 2415 2434 2450 2550 0 
1641078471.536670 ### RSSI: -61, 26, 1640049577 ,633 
1641078471.794555 ### DEBUG: Ticks: 637, 15, 1 
1641078471.794766 1640049577 c0:98:e5:42:00:2c 2001 
1641078471.794875 2240 2250 2263 2268 2281 2285 2286 2287 2289 2297 2311 2311 2313 2322 2326 
1641078471.794982 2328 2342 2343 2355 2365 2366 2373 2386 2388 2391 2404 2411 2426 2456 2524 
1641078472.540093 ### RSSI: -61, 28, 1640049578 ,649 
1641078472.797465 ### DEBUG: Ticks: 653, 16, 1 
1641078472.797863 1640049578 c0:98:e5:42:00:2c 1992 
1641078472.798023 2289 2312 2317 2323 2324 2324 2332 2335 2343 2345 2346 2350 2351 2351 2353 
1641078472.798120 2356 2366 2374 2375 2404 2412 2416 2426 2430 2445 2464 2469 2470 2474 2492 
1641078473.539305 ### RSSI: -56, 5, 1640049579 ,664 
1641078473.803639 ### DEBUG: Ticks: 668, 15, 1 
1641078473.803830 1640049579 c0:98:e5:42:00:2c 1911 
1641078473.803915 2200 2246 2248 2250 2259 2263 2269 2270 2271 2272 2272 2274 2277 2293 2295 
1641078473.804020 2295 2296 2297 2301 2302 2320 2339 2341 2343 2344 2348 2370 2378 2396 2447 
1641078474.539579 ### RSSI: -61, 27, 1640049580 ,680 
1641078474.795762 ### DEBUG: Ticks: 684, 16, 1 
1641078474.797154 1640049580 c0:98:e5:42:00:2c 1709 
1641078474.797381 1951 1957 1971 1988 1991 1993 1995 2000 2004 2027 2031 2035 2041 2044 2048 
1641078474.806719 2048 2061 2072 2074 2076 2076 2077 2080 2080 2085 2087 2110 2124 2145 2190 
1641078475.532347 ### RSSI: -78, 12, 1640049581 ,696 
1641078475.797567 ### DEBUG: Ticks: 700, 16, 1 
1641078475.797807 1640049581 c0:98:e5:42:00:2c 1312 
1641078475.797900 1497 1500 1511 1517 1518 1539 1543 1546 1560 1564 1566 1583 1586 1591 1593 
1641078475.797994 1595 1600 1603 1622 1625 1635 1653 1660 1661 1661 1665 1673 1698 1749 1890 
1641078476.539358 ### RSSI: -61, 3, 1640049582 ,711 
1641078476.802572 ### DEBUG: Ticks: 715, 15, 1 
1641078476.802831 1640049582 c0:98:e5:42:00:2c 850 
1641078476.802911 1045 1086 1105 1106 1114 1119 1121 1131 1132 1138 1139 1151 1154 1157 1160 
1641078476.802983 1160 1169 1171 1176 1183 1191 1211 1220 1229 1240 1287 1296 1305 1388 1452 
1641078477.534720 ### RSSI: -61, 11, 1640049583 ,727 
1641078477.797031 ### DEBUG: Ticks: 731, 16, 1 
1641078477.797204 1640049583 c0:98:e5:42:00:2c 722 
1641078477.797297 872 876 924 944 944 945 945 950 951 951 957 964 968 970 986 
1641078477.797392 993 999 1000 1008 1015 1016 1016 1025 1083 1092 1097 1130 1165 1170 1176 
1641078478.537513 ### RSSI: -61, 33, 1640049584 ,742 
1641078478.798864 ### DEBUG: Ticks: 747, 16, 1 
1641078478.799120 1640049584 c0:98:e5:42:00:2c 639 
1641078478.799213 830 878 881 885 894 910 911 925 929 931 944 948 950 953 956 
1641078478.799296 962 966 970 978 979 981 991 994 1000 1003 1003 1010 1025 1039 1096 
1641078479.536822 ### RSSI: -66, 9, 1640049585 ,758 
1641078479.800522 ### DEBUG: Ticks: 762, 15, 1 
1641078479.800644 1640049585 c0:98:e5:42:00:2c 521 
1641078479.800707 795 817 835 841 845 854 867 874 876 883 886 890 901 906 907 
1641078479.800786 907 917 918 923 924 924 930 938 950 953 973 980 1012 1024 1140 
1641078480.534848 ### RSSI: -57, 34, 1640049586 ,774 
1641078480.796018 ### DEBUG: Ticks: 778, 16, 1 
1641078480.796157 1640049586 c0:98:e5:42:00:2c 660 
1641078480.796226 775 846 870 883 884 885 893 895 906 910 915 924 925 928 930 
1641078480.796316 932 944 952 957 962 964 966 971 995 998 1005 1017 1038 1119 1168 
1641078481.542461 ### RSSI: -68, 24, 1640049587 ,789 
1641078481.795534 ### DEBUG: Ticks: 793, 15, 1 
1641078481.795830 1640049587 c0:98:e5:42:00:2c 870 
1641078481.796012 1144 1159 1160 1175 1180 1182 1183 1192 1198 1217 1232 1242 1244 1246 1249 
1641078481.796201 1254 1263 1264 1277 1277 1287 1292 1292 1303 1343 1382 1392 1408 1412 1536 
1641078482.540849 ### RSSI: -58, 5, 1640049588 ,805 
1641078482.795002 ### DEBUG: Ticks: 809, 16, 1 
1641078482.795299 1640049588 c0:98:e5:42:00:2c 1190 
1641078482.795482 1529 1549 1555 1560 1577 1586 1586 1596 1602 1615 1624 1626 1627 1634 1639 
1641078482.795702 1641 1647 1659 1663 1667 1668 1668 1674 1684 1714 1719 1756 1800 1808 1817 
1641078483.535510 ### RSSI: -59, 33, 1640049589 ,821 
1641078483.800725 ### DEBUG: Ticks: 825, 16, 1 
1641078483.801020 1640049589 c0:98:e5:42:00:2c 1755 
1641078483.801203 2030 2048 2068 2089 2090 2094 2108 2118 2122 2124 2126 2127 2128 2137 2137 
1641078483.801415 2144 2147 2149 2152 2152 2153 2160 2168 2175 2187 2197 2210 2232 2263 2314 
1641078484.537950 ### RSSI: -57, 9, 1640049589 ,836 
1641078484.802730 ### DEBUG: Ticks: 840, 15, 1 
1641078484.802969 1640049590 c0:98:e5:42:00:2c 1971 
1641078484.803166 2176 2186 2203 2223 2224 2235 2242 2243 2248 2248 2252 2263 2265 2280 2281 
1641078484.803369 2291 2298 2299 2300 2302 2305 2310 2316 2319 2332 2343 2346 2362 2385 2498 
1641078485.541579 ### RSSI: -58, 23, 1640049590 ,852 
1641078485.802733 ### DEBUG: Ticks: 856, 16, 1 
1641078485.803017 1640049591 c0:98:e5:42:00:2c 1894 
1641078485.803201 2185 2192 2192 2215 2216 2226 2240 2243 2247 2250 2251 2253 2253 2263 2268 
1641078485.803390 2268 2273 2278 2281 2284 2293 2293 2294 2295 2298 2299 2309 2359 2385 2482 
1641078486.538235 ### RSSI: -62, 34, 1640049591 ,867 
1641078486.795699 ### DEBUG: Ticks: 871, 15, 1 
1641078486.795870 1640049592 c0:98:e5:42:00:2c 1950 
1641078486.795939 2211 2213 2243 2255 2259 2260 2266 2269 2276 2276 2279 2279 2282 2284 2291 
1641078486.796006 2302 2311 2311 2313 2317 2321 2332 2346 2349 2351 2356 2371 2395 2413 2526 
1641078487.533581 ### RSSI: -60, 14, 1640049592 ,883 
1641078487.794070 ### DEBUG: Ticks: 887, 16, 1 
1641078487.794314 1640049593 c0:98:e5:42:00:2c 1888 
1641078487.794405 2150 2154 2171 2174 2187 2193 2193 2196 2198 2199 2210 2214 2218 2219 2230 
1641078487.794487 2233 2237 2240 2247 2248 2250 2253 2259 2260 2263 2267 2284 2328 2332 2378 
1641078488.534852 ### RSSI: -58, 4, 1640049593 ,899 
1641078488.794701 ### DEBUG: Ticks: 903, 16, 1 
1641078488.794990 1640049594 c0:98:e5:42:00:2c 1650 
1641078488.795174 1882 1906 1920 1924 1926 1938 1951 1952 1953 1955 1956 1973 1976 1977 1979 
1641078488.807162 1983 1987 1991 1996 2001 2004 2006 2019 2044 2057 2075 2075 2095 2098 2108 
1641078489.538984 ### RSSI: -72, 22, 1640049594 ,914 
1641078489.799581 ### DEBUG: Ticks: 918, 15, 1 
1641078489.799732 1640049595 c0:98:e5:42:00:2c 1234 
1641078489.799810 1521 1532 1535 1535 1539 1554 1559 1560 1561 1577 1579 1588 1591 1598 1600 
1641078489.799891 1602 1606 1612 1618 1627 1627 1629 1641 1642 1662 1669 1682 1684 1783 1904 
1641078490.540885 ### RSSI: -57, 2, 1640049596 ,930 
1641078490.794885 ### DEBUG: Ticks: 934, 16, 1 
1641078490.795186 1640049596 c0:98:e5:42:00:2c 849 
1641078490.795400 1159 1164 1167 1168 1181 1182 1182 1192 1206 1208 1212 1221 1228 1229 1231 
1641078490.795602 1237 1240 1254 1265 1266 1266 1267 1273 1283 1293 1349 1370 1371 1375 1502 
1641078491.537062 ### RSSI: -64, 11, 1640049597 ,945 
1641078491.800492 ### DEBUG: Ticks: 950, 16, 1 
1641078491.800774 1640049597 c0:98:e5:42:00:2c 757 
1641078491.800958 899 952 986 998 1007 1020 1030 1043 1046 1050 1051 1052 1058 1066 1067 
1641078491.801148 1067 1068 1072 1074 1080 1082 1083 1090 1100 1109 1114 1139 1141 1169 1250 
1641078492.538535 ### RSSI: -66, 24, 1640049598 ,961 
1641078492.802187 ### DEBUG: Ticks: 965, 15, 1 
1641078492.802456 1640049598 c0:98:e5:42:00:2c 720 
1641078492.802671 1026 1029 1076 1079 1104 1121 1128 1132 1132 1132 1133 1136 1139 1144 1151 
1641078492.802871 1151 1155 1159 1171 1174 1187 1189 1199 1208 1212 1219 1232 1249 1266 1268 
1641078493.534361 ### RSSI: -59, 19, 1640049599 ,977 
1641078493.794965 ### DEBUG: Ticks: 981, 16, 1 
1641078493.795244 1640049599 c0:98:e5:42:00:2c 827 
1641078493.795441 928 976 983 1003 1021 1043 1047 1060 1074 1077 1078 1080 1086 1088 1089 
1641078493.795618 1090 1092 1095 1101 1111 1112 1149 1154 1159 1163 1174 1175 1192 1212 1241 
1641078494.534862 ### RSSI: -54, 31, 1640049600 ,992 
1641078494.796486 ### DEBUG: Ticks: 996, 15, 1 
1641078494.796757 1640049600 c0:98:e5:42:00:2c 747 
1641078494.796915 989 992 993 1010 1017 1019 1023 1025 1033 1052 1082 1085 1096 1100 1109 
1641078494.797078 1110 1121 1121 1124 1136 1156 1159 1169 1178 1178 1181 1182 1210 1233 0 
1641078495.539760 ### RSSI: -56, 10, 1640049601 ,1008 
1641078495.803102 ### DEBUG: Ticks: 1012, 16, 1 
1641078495.803325 1640049601 c0:98:e5:42:00:2c 1080 
1641078495.803417 1301 1305 1316 1317 1318 1318 1332 1337 1341 1351 1353 1357 1358 1375 1377 
1641078495.803510 1381 1383 1396 1407 1408 1411 1415 1417 1448 1464 1467 1477 1484 1494 1498 
1641078496.539933 ### RSSI: -63, 4, 1640049602 ,1024 
1641078496.803741 ### DEBUG: Ticks: 1028, 16, 1 
1641078496.803897 1640049602 c0:98:e5:42:00:2c 1478 
1641078496.803976 1876 1879 1882 1882 1888 1888 1890 1892 1895 1898 1915 1917 1921 1926 1937 
1641078496.804056 1943 1948 1950 1981 1981 1988 1990 1991 2003 2004 2009 2012 2021 2082 2087 
1641078497.532301 ### RSSI: -60, 14, 1640049603 ,1039 
1641078497.800444 ### DEBUG: Ticks: 1043, 15, 1 
1641078497.800615 1640049603 c0:98:e5:42:00:2c 2032 
1641078497.800707 2231 2247 2257 2260 2276 2284 2286 2305 2306 2308 2315 2327 2328 2330 2330 
1641078497.800801 2344 2345 2348 2351 2374 2379 2381 2388 2389 2396 2408 2423 2427 2429 2469 
1641078498.533321 ### RSSI: -62, 26, 1640049604 ,1055 
1641078498.795044 ### DEBUG: Ticks: 1059, 16, 1 
1641078498.795322 1640049604 c0:98:e5:42:00:2c 2081 
1641078498.795415 2313 2321 2373 2382 2382 2383 2384 2388 2392 2395 2400 2405 2406 2409 2409 
1641078498.807046 2412 2414 2425 2435 2437 2453 2455 2473 2478 2484 2490 2500 2502 2502 2622 
1641078499.538742 ### RSSI: -59, 12, 1640049605 ,1070 
1641078499.798019 ### DEBUG: Ticks: 1075, 16, 1 
1641078499.798180 1640049605 c0:98:e5:42:00:2c 1984 
1641078499.798245 2296 2317 2319 2343 2360 2365 2374 2375 2378 2385 2388 2398 2400 2406 2409 
1641078499.798312 2409 2410 2410 2415 2415 2428 2448 2453 2456 2469 2469 2516 2521 2535 2537 
1641078500.538144 ### RSSI: -60, 27, 1640049606 ,1086 
1641078500.799459 ### DEBUG: Ticks: 1090, 15, 1 
1641078500.799796 1640049606 c0:98:e5:42:00:2c 2074 
1641078500.799979 2267 2272 2282 2289 2295 2301 2305 2308 2311 2320 2321 2324 2328 2347 2358 
1641078500.800179 2361 2366 2369 2372 2375 2375 2399 2421 2433 2434 2440 2450 2458 2463 2547 
1641078501.201199 ### INFO: SD card flushed!
1641078501.531975 ### RSSI: -59, 15, 1640049607 ,1102 
1641078501.794876 ### DEBUG: Ticks: 1106, 16, 1 
1641078501.795176 1640049607 c0:98:e5:42:00:2c 1885 
1641078501.795360 2089 2095 2112 2121 2125 2127 2139 2139 2142 2151 2154 2162 2164 2167 2170 
1641078501.795550 2180 2180 2182 2188 2197 2211 2211 2212 2225 2232 2233 2238 2261 2274 2339 
1641078502.540069 ### RSSI: -61, 19, 1640049608 ,1117 
1641078502.804093 ### DEBUG: Ticks: 1121, 15, 1 
1641078502.804328 1640049608 c0:98:e5:42:00:2c 1499 
1641078502.804421 1781 1782 1800 1800 1831 1840 1842 1843 1852 1862 1869 1872 1872 1880 1880 
1641078502.804503 1880 1886 1886 1889 1895 1907 1911 1917 1919 1926 1949 1959 1988 2014 2022 
1641078503.540501 ### RSSI: -57, 24, 1640049609 ,1133 
1641078503.802717 ### DEBUG: Ticks: 1137, 16, 1 
1641078503.803017 1640049609 c0:98:e5:42:00:2c 1031 
1641078503.803201 1248 1272 1278 1289 1296 1302 1317 1337 1341 1349 1355 1359 1366 1368 1372 
1641078503.803394 1373 1374 1377 1386 1393 1402 1405 1405 1407 1416 1416 1427 1442 1446 1560 
1641078504.798798 ### DEBUG: Ticks: 1153, 16, 1 
1641078504.798926 1640049610 c0:98:e5:42:00:2c 639 
1641078504.798993 904 908 929 934 940 940 940 950 951 951 965 970 1000 1004 1005 
1641078504.799061 1008 1020 1030 1041 1045 1054 1054 1062 1064 1067 1071 1072 1076 1085 1119 
1641078505.533577 ### RSSI: -62, 22, 1640049611 ,1164 
1641078505.795544 ### DEBUG: Ticks: 1168, 15, 1 
1641078505.795728 1640049611 c0:98:e5:42:00:2c 496 
1641078505.795813 676 682 709 718 729 730 744 772 774 776 783 784 786 799 799 
1641078505.795901 809 812 813 840 841 842 843 844 846 854 864 886 901 902 905 
1641078506.531716 ### RSSI: -68, 5, 1640049612 ,1180 
1641078506.800895 ### DEBUG: Ticks: 1184, 16, 1 
1641078506.801121 1640049612 c0:98:e5:42:00:2c 605 
1641078506.801260 737 774 814 827 852 856 866 867 877 882 884 885 900 902 903 
1641078506.801422 909 911 913 916 918 921 926 950 960 965 969 988 1015 1091 0 
1641078507.535273 ### RSSI: -71, 5, 1640049613 ,1195 
1641078507.802428 ### DEBUG: Ticks: 1199, 15, 1 
1641078507.802567 1640049613 c0:98:e5:42:00:2c 628 
1641078507.802636 779 785 788 857 880 881 885 885 886 888 896 903 906 908 908 
1641078507.802935 914 920 920 954 955 961 962 963 965 987 1013 1062 1101 1123 1132 
1641078508.532533 ### RSSI: -57, 23, 1640049614 ,1211 
1641078508.802418 ### DEBUG: Ticks: 1215, 16, 1 
1641078508.802552 1640049614 c0:98:e5:42:00:2c 687 
1641078508.802626 926 948 954 966 984 987 1011 1015 1021 1027 1039 1042 1048 1049 1052 
1641078508.802692 1057 1057 1061 1061 1061 1075 1079 1087 1093 1107 1110 1152 1153 1155 1170 
1641078509.538634 ### RSSI: -55, 31, 1640049614 ,1227 
1641078509.805060 ### DEBUG: Ticks: 1231, 16, 1 
1641078509.805343 1640049615 c0:98:e5:42:00:2c 1124 
1641078509.805526 1411 1414 1425 1427 1427 1430 1435 1448 1448 1451 1453 1458 1466 1469 1471 
1641078509.805701 1476 1477 1477 1480 1480 1489 1498 1499 1501 1524 1531 1532 1559 1564 1567 
1641078510.541476 ### RSSI: -63, 23, 1640049615 ,1242 
1641078510.796775 ### DEBUG: Ticks: 1246, 15, 1 
1641078510.797008 1640049616 c0:98:e5:42:00:2c 1644 
1641078510.797100 1856 1868 1879 1888 1898 1900 1903 1907 1912 1913 1913 1922 1923 1930 1931 
1641078510.797189 1933 1940 1940 1956 1965 1970 1975 1980 1988 2023 2029 2057 2066 2080 2081 
1641078511.539923 ### RSSI: -59, 1, 1640049616 ,1258 
1641078511.803034 ### DEBUG: Ticks: 1262, 16, 1 
1641078511.803271 1640049617 c0:98:e5:42:00:2c 2050 
1641078511.803408 2253 2256 2260 2264 2266 2273 2295 2300 2315 2315 2321 2322 2327 2334 2336 
1641078511.803555 2349 2352 2354 2355 2359 2366 2367 2372 2374 2385 2389 2407 2413 2590 0 
1641078512.534957 ### RSSI: -58, 1, 1640049617 ,1273 
1641078512.794704 ### DEBUG: Ticks: 1278, 16, 1 
1641078512.794883 1640049618 c0:98:e5:42:00:2c 1993 
1641078512.794974 2272 2286 2292 2292 2294 2300 2327 2329 2330 2333 2334 2337 2339 2349 2349 
1641078512.795068 2353 2361 2370 2381 2385 2387 2388 2391 2394 2395 2410 2427 2437 2462 2587 
1641078513.540542 ### RSSI: -59, 0, 1640049618 ,1289 
1641078513.804052 ### DEBUG: Ticks: 1293, 15, 1 
1641078513.804187 1640049619 c0:98:e5:42:00:2c 1990 
1641078513.804256 2229 2257 2264 2272 2276 2279 2282 2287 2291 2300 2301 2303 2308 2314 2314 
1641078513.804328 2321 2322 2327 2335 2348 2364 2368 2372 2381 2398 2407 2411 2412 2421 2508 
1641078514.532721 ### RSSI: -60, 32, 1640049620 ,1305 
1641078514.796214 ### DEBUG: Ticks: 1309, 16, 1 
1641078514.796387 1640049620 c0:98:e5:42:00:2c 1927 
1641078514.796479 2204 2210 2222 2230 2236 2241 2267 2268 2277 2278 2290 2290 2292 2300 2307 
1641078514.796573 2314 2314 2315 2316 2319 2327 2327 2331 2337 2341 2342 2351 2369 2402 2463 
1641078515.532903 ### RSSI: -62, 35, 1640049621 ,1320 
1641078515.795174 ### DEBUG: Ticks: 1324, 15, 1 
1641078515.795325 1640049621 c0:98:e5:42:00:2c 1669 
1641078515.795410 1873 1877 1901 1912 1913 1919 1920 1926 1935 1940 1940 1940 1955 1957 1959 
1641078515.795494 1961 1962 1972 1974 1976 1983 1994 2005 2006 2010 2024 2029 2054 2071 2105 
1641078516.533498 ### RSSI: -64, 12, 1640049622 ,1336 
1641078516.795798 ### DEBUG: Ticks: 1340, 16, 1 
1641078516.796092 1640049622 c0:98:e5:42:00:2c 1316 
1641078516.796278 1570 1576 1584 1593 1598 1599 1602 1611 1613 1625 1633 1639 1643 1648 1656 
1641078516.796468 1662 1662 1670 1671 1672 1678 1683 1708 1713 1720 1722 1751 1752 1775 1976 
1641078517.536213 ### RSSI: -55, 36, 1640049623 ,1352 
1641078517.797596 ### DEBUG: Ticks: 1356, 16, 1 
1641078517.797974 1640049623 c0:98:e5:42:00:2c 926 
1641078517.798212 1205 1233 1257 1261 1273 1276 1282 1283 1291 1301 1309 1316 1317 1318 1318 
1641078517.798302 1319 1323 1323 1327 1331 1332 1340 1349 1364 1366 1380 1421 1447 1587 1615 
1641078518.541714 ### RSSI: -56, 22, 1640049624 ,1367 
1641078518.804182 ### DEBUG: Ticks: 1371, 15, 1 
1641078518.804461 1640049624 c0:98:e5:42:00:2c 733 
1641078518.804647 983 1011 1038 1039 1048 1054 1062 1063 1064 1080 1083 1083 1094 1097 1099 
1641078518.804852 1114 1119 1127 1133 1146 1164 1185 1189 1259 1263 1265 1284 1323 1389 0 
1641078519.535510 ### RSSI: -63, 13, 1640049625 ,1383 
1641078519.798458 ### DEBUG: Ticks: 1387, 16, 1 
1641078519.798757 1640049625 c0:98:e5:42:00:2c 716 
1641078519.798943 856 879 931 948 955 958 959 972 991 1006 1007 1028 1034 1038 1044 
1641078519.799131 1049 1063 1071 1074 1079 1083 1087 1089 1093 1103 1106 1133 1169 1178 1211 
1641078520.540510 ### RSSI: -66, 29, 1640049626 ,1398 
1641078520.803451 ### DEBUG: Ticks: 1403, 16, 1 
1641078520.803701 1640049626 c0:98:e5:42:00:2c 789 
1641078520.803840 995 1011 1039 1043 1055 1061 1064 1064 1083 1087 1090 1097 1120 1127 1136 
1641078520.804276 1140 1146 1148 1159 1166 1168 1173 1175 1190 1209 1224 1259 1266 1272 1336 
1641078521.538075 ### RSSI: -60, 4, 1640049627 ,1414 
1641078521.801291 ### DEBUG: Ticks: 1418, 15, 1 
1641078521.801452 1640049627 c0:98:e5:42:00:2c 629 
1641078521.801530 916 922 943 949 956 962 966 974 983 987 991 1011 1017 1018 1019 
1641078521.801619 1021 1032 1033 1043 1045 1051 1061 1072 1074 1075 1081 1114 1118 1187 1243 
1641078522.530417 ### RSSI: -58, 23, 1640049628 ,1430 
1641078522.801613 ### DEBUG: Ticks: 1434, 16, 1 
1641078522.801838 1640049628 c0:98:e5:42:00:2c 1045 
1641078522.802031 1241 1244 1266 1270 1270 1281 1286 1288 1290 1294 1301 1302 1302 1319 1335 
1641078522.802210 1337 1342 1347 1348 1349 1359 1361 1363 1367 1378 1409 1420 1488 1600 1609 
1641078523.537081 ### RSSI: -73, 32, 1640049629 ,1445 
1641078523.796861 ### DEBUG: Ticks: 1449, 15, 1 
1641078523.797032 1640049629 c0:98:e5:42:00:2c 1413 
1641078523.797125 1671 1690 1691 1692 1693 1693 1694 1696 1697 1722 1728 1734 1736 1743 1751 
1641078523.797220 1752 1755 1760 1770 1783 1799 1805 1806 1807 1817 1817 1823 1825 1826 1948 
1641078524.531263 ### RSSI: -58, 11, 1640049630 ,1461 
1641078524.803164 ### DEBUG: Ticks: 1465, 16, 1 
1641078524.803309 1640049630 c0:98:e5:42:00:2c 1873 
1641078524.803383 2231 2236 2236 2244 2256 2258 2259 2266 2274 2278 2291 2292 2292 2294 2298 
1641078524.803458 2299 2300 2314 2314 2319 2342 2344 2368 2370 2376 2378 2384 2388 2428 2472 
1641078525.537831 ### RSSI: -60, 23, 1640049631 ,1477 
1641078525.801499 ### DEBUG: Ticks: 1481, 16, 1 
1641078525.801679 1640049631 c0:98:e5:42:00:2c 2090 
1641078525.801829 2302 2314 2320 2334 2351 2354 2354 2355 2357 2357 2360 2362 2362 2367 2370 
1641078525.801896 2374 2379 2382 2385 2386 2390 2390 2398 2399 2420 2455 2462 2472 2524 2550 
1641078526.529630 ### RSSI: -60, 26, 1640049632 ,1492 
1641078526.802988 ### DEBUG: Ticks: 1496, 15, 1 
1641078526.803159 1640049632 c0:98:e5:42:00:2c 1976 
1641078526.803234 2237 2250 2265 2285 2288 2291 2296 2304 2307 2307 2308 2309 2310 2312 2312 
1641078526.803300 2315 2320 2325 2329 2329 2333 2345 2356 2361 2371 2372 2392 2403 2461 2515 
1641078527.534315 ### RSSI: -57, 5, 1640049633 ,1508 
1641078527.797729 ### DEBUG: Ticks: 1512, 16, 1 
1641078527.797982 1640049633 c0:98:e5:42:00:2c 2036 
1641078527.798051 2237 2249 2261 2271 2279 2284 2294 2295 2310 2311 2314 2318 2318 2326 2329 
1641078527.798131 2334 2336 2340 2344 2345 2349 2353 2354 2354 2361 2377 2402 2404 2425 2482 
1641078528.532269 ### RSSI: -57, 10, 1640049634 ,1523 
1641078528.800692 ### DEBUG: Ticks: 1527, 15, 1 
1641078528.800845 1640049634 c0:98:e5:42:00:2c 1892 
1641078528.800919 2160 2176 2178 2191 2195 2203 2204 2204 2208 2209 2213 2218 2219 2238 2242 
1641078528.800989 2243 2249 2257 2260 2265 2267 2275 2285 2294 2306 2326 2329 2345 2402 2406 
1641078529.531467 ### RSSI: -62, 21, 1640049635 ,1539 
1641078529.804771 ### DEBUG: Ticks: 1543, 16, 1 
1641078529.805057 1640049635 c0:98:e5:42:00:2c 1674 
1641078529.805241 1988 1997 2005 2016 2028 2041 2060 2071 2073 2074 2088 2094 2095 2106 2110 
1641078529.805442 2117 2128 2134 2134 2138 2142 2150 2156 2163 2176 2186 2202 2205 2244 2245 
1641078530.538127 ### RSSI: -66, 10, 1640049636 ,1555 
1641078530.805237 ### DEBUG: Ticks: 1559, 16, 1 
1641078530.805417 1640049636 c0:98:e5:42:00:2c 1229 
1641078530.805491 1482 1540 1540 1546 1561 1564 1569 1570 1573 1581 1584 1591 1596 1605 1606 
1641078530.805569 1613 1614 1616 1621 1626 1637 1640 1670 1691 1697 1700 1712 1728 1758 1891 
1641078531.529231 ### RSSI: -60, 8, 1640049637 ,1570 
1641078531.796148 ### DEBUG: Ticks: 1574, 15, 1 
1641078531.796359 1640049637 c0:98:e5:42:00:2c 767 
1641078531.796444 1017 1065 1072 1080 1087 1104 1119 1124 1145 1164 1166 1167 1174 1179 1185 
1641078531.796620 1189 1199 1207 1211 1214 1215 1217 1223 1231 1231 1255 1263 1287 1297 1449 
1641078532.530243 ### RSSI: -68, 0, 1640049638 ,1586 
1641078532.795859 ### DEBUG: Ticks: 1590, 16, 1 
1641078532.796140 1640049638 c0:98:e5:42:00:2c 636 
1641078532.796227 848 856 860 895 907 921 922 930 937 937 941 947 952 954 956 
1641078532.807070 959 967 968 981 989 993 999 1017 1022 1041 1055 1056 1091 1100 1114 
1641078533.534875 ### RSSI: -74, 14, 1640049638 ,1601 
1641078533.801927 ### DEBUG: Ticks: 1606, 16, 1 
1641078533.802102 1640049639 c0:98:e5:42:00:2c 586 
1641078533.802154 776 797 822 825 828 833 836 850 857 859 860 882 883 885 885 
1641078533.802220 888 895 897 901 920 922 931 932 933 945 947 955 980 1021 1082 
1641078534.539927 ### RSSI: -62, 18, 1640049639 ,1617 
1641078534.795667 ### DEBUG: Ticks: 1621, 15, 1 
1641078534.795859 1640049640 c0:98:e5:42:00:2c 607 
1641078534.795951 804 810 847 849 863 870 874 884 887 895 899 901 918 928 930 
1641078534.796046 935 950 958 963 978 982 982 983 985 995 1013 1046 1047 1108 1120 
1641078535.538758 ### RSSI: -54, 22, 1640049640 ,1633 
1641078535.794252 ### DEBUG: Ticks: 1637, 16, 1 
1641078535.794445 1640049641 c0:98:e5:42:00:2c 630 
1641078535.807273 862 924 933 935 938 945 955 957 966 975 978 987 998 998 999 
1641078535.807566 1009 1022 1028 1036 1040 1049 1056 1064 1082 1090 1100 1104 1124 1179 0 
1641078536.203853 ### INFO: SD card flushed!
1641078536.532193 ### RSSI: -54, 18, 1640049641 ,1648 
1641078536.798057 ### DEBUG: Ticks: 1652, 15, 1 
1641078536.798239 1640049642 c0:98:e5:42:00:2c 930 
1641078536.798324 1189 1194 1211 1231 1236 1244 1253 1272 1273 1274 1277 1283 1288 1303 1303 
1641078536.798411 1305 1307 1313 1315 1326 1328 1331 1341 1348 1380 1386 1421 1423 1498 1650 
1641078537.539364 ### RSSI: -66, 6, 1640049642 ,1664 
1641078537.801841 ### DEBUG: Ticks: 1668, 16, 1 
1641078537.802170 1640049643 c0:98:e5:42:00:2c 1467 
1641078537.802262 1718 1757 1802 1803 1818 1838 1840 1848 1853 1859 1861 1862 1866 1868 1868 
1641078537.802357 1877 1883 1885 1886 1890 1895 1897 1914 1921 1928 1953 1959 1994 2028 2159 
1641078538.537900 ### RSSI: -59, 19, 1640049644 ,1680 
1641078538.801331 ### DEBUG: Ticks: 1684, 16, 1 
1641078538.801487 1640049644 c0:98:e5:42:00:2c 1973 
1641078538.801572 2212 2222 2233 2247 2253 2253 2257 2269 2273 2275 2277 2278 2289 2290 2291 
1641078538.801648 2300 2306 2309 2311 2313 2313 2320 2330 2331 2334 2336 2347 2357 2411 2469 
1641078539.537233 ### RSSI: -60, 20, 1640049645 ,1695 
1641078539.799014 ### DEBUG: Ticks: 1699, 15, 1 
1641078539.799184 1640049645 c0:98:e5:42:00:2c 1967 
1641078539.799276 2287 2288 2293 2298 2303 2303 2311 2313 2320 2324 2333 2334 2342 2344 2350 
1641078539.799816 2351 2361 2367 2373 2379 2387 2387 2390 2390 2399 2404 2442 2446 2448 2644 
1641078540.532101 ### RSSI: -60, 35, 1640049646 ,1711 
1641078540.797633 ### DEBUG: Ticks: 1715, 16, 1 
1641078540.798003 1640049646 c0:98:e5:42:00:2c 2030 
1641078540.798187 2252 2257 2277 2278 2281 2286 2294 2299 2304 2307 2319 2321 2325 2327 2332 
1641078540.798341 2335 2335 2337 2338 2339 2342 2343 2345 2350 2362 2375 2385 2403 2413 2638 
1641078541.534115 ### RSSI: -58, 8, 1640049647 ,1726 
1641078541.798451 ### DEBUG: Ticks: 1731, 16, 1 
1641078541.798737 1640049647 c0:98:e5:42:00:2c 2015 
1641078541.798920 2378 2379 2401 2410 2417 2417 2420 2423 2446 2449 2464 2473 2473 2476 2477 
1641078541.799114 2481 2483 2488 2488 2499 2507 2507 2509 2526 2528 2531 2536 2536 2562 2659 
1641078542.538127 ### RSSI: -61, 22, 1640049648 ,1742 
1641078542.796670 ### DEBUG: Ticks: 1746, 15, 1 
1641078542.796861 1640049648 c0:98:e5:42:00:2c 1730 
1641078542.796961 2052 2068 2085 2103 2121 2123 2124 2125 2134 2136 2137 2138 2144 2152 2153 
1641078542.809512 2159 2160 2164 2189 2190 2193 2198 2205 2214 2214 2218 2248 2259 2264 2341 
1641078543.531152 ### RSSI: -63, 24, 1640049649 ,1758 
1641078543.796422 ### DEBUG: Ticks: 1762, 16, 1 
1641078543.796575 1640049649 c0:98:e5:42:00:2c 1584 
1641078543.796657 1767 1781 1798 1808 1816 1820 1825 1832 1833 1837 1840 1841 1841 1841 1843 
1641078543.796737 1859 1875 1876 1878 1882 1887 1892 1893 1910 1929 1951 1961 1962 1979 2008 
1641078544.529785 ### RSSI: -64, 6, 1640049650 ,1773 
1641078544.804486 ### DEBUG: Ticks: 1777, 15, 1 
1641078544.804778 1640049650 c0:98:e5:42:00:2c 1078 
1641078544.804962 1334 1349 1351 1357 1374 1386 1390 1390 1398 1400 1408 1410 1410 1419 1420 
1641078544.805154 1421 1426 1431 1435 1444 1446 1472 1478 1483 1497 1510 1524 1526 1537 1573 
1641078545.532085 ### RSSI: -73, 6, 1640049651 ,1789 
1641078545.804331 ### DEBUG: Ticks: 1793, 16, 1 
1641078545.804474 1640049651 c0:98:e5:42:00:2c 698 
1641078545.804554 923 975 993 993 1015 1025 1029 1034 1044 1046 1052 1052 1053 1071 1076 
1641078545.804626 1077 1092 1096 1096 1099 1100 1124 1150 1167 1167 1170 1183 1200 1205 1209 
1641078546.540452 ### RSSI: -59, 19, 1640049652 ,1805 
1641078546.800983 ### DEBUG: Ticks: 1809, 16, 1 
1641078546.801277 1640049652 c0:98:e5:42:00:2c 689 
1641078546.801472 980 989 997 1032 1036 1057 1058 1059 1060 1067 1069 1075 1075 1080 1084 
1641078546.801662 1090 1094 1109 1112 1117 1119 1127 1141 1167 1173 1179 1206 1230 1311 0 
1641078547.537984 ### RSSI: -66, 6, 1640049653 ,1820 
1641078547.762508 ### BLE EVENT: 16, INFO: BLE CONNECTED!
1641078547.762634 ### RSSI: -62, 15, 1640049653 ,1824 
1641078547.795519 ### DEBUG: Ticks: 1824, 15, 1 
1641078547.795639 1640049653 c0:98:e5:42:00:2c 805 
1641078547.795695 994 1004 1062 1068 1079 1089 1101 1115 1125 1128 1135 1136 1138 1144 1148 
1641078547.795752 1149 1152 1158 1165 1171 1173 1175 1180 1193 1223 1234 1246 1246 1332 1341 
1641078547.864260 ### RSSI: -65, 9, 1640049653 ,1825 
1641078547.961604 ### RSSI: -66, 4, 1640049653 ,1827 
1641078548.063455 ### RSSI: -64, 11, 1640049653 ,1828 
1641078548.164744 ### RSSI: -57, 35, 1640049654 ,1830 
1641078548.267117 ### RSSI: -62, 12, 1640049654 ,1832 
1641078548.369176 ### RSSI: -57, 28, 1640049654 ,1833 
1641078548.470109 ### RSSI: -60, 13, 1640049654 ,1835 
1641078548.538123 ### RSSI: -60, 1, 1640049654 ,1836 
1641078548.572375 ### RSSI: -55, 27, 1640049654 ,1836 
1641078548.638191 ### RSSI: -57, 16, 1640049654 ,1837 
1641078548.661288 ### RSSI: -59, 1, 1640049654 ,1838 
1641078548.739582 ### RSSI: -60, 8, 1640049654 ,1839 
1641078548.763421 ### RSSI: -60, 6, 1640049654 ,1839 
1641078548.797484 ### DEBUG: Ticks: 1840, 16, 1 
1641078548.797616 1640049654 c0:98:e5:42:00:2c 694 
1641078548.797689 918 940 990 995 995 1002 1005 1007 1011 1015 1017 1021 1031 1031 1045 
1641078548.797796 1049 1068 1072 1096 1097 1101 1109 1109 1119 1135 1146 1146 1147 1172 1268 
1641078548.831225 ### RSSI: -60, 3, 1640049654 ,1840 
1641078548.864653 ### RSSI: -61, 0, 1640049654 ,1841 
1641078548.931966 ### RSSI: -56, 8, 1640049654 ,1842 
1641078548.966116 ### RSSI: -58, 6, 1640049654 ,1843 
1641078549.033591 ### RSSI: -59, 4, 1640049654 ,1844 
1641078549.069355 ### RSSI: -58, 2, 1640049654 ,1844 
1641078549.135907 ### RSSI: -61, 5, 1640049655 ,1845 
1641078549.169459 ### RSSI: -62, 17, 1640049655 ,1846 
1641078549.236550 ### RSSI: -61, 27, 1640049655 ,1847 
1641078549.269968 ### RSSI: -67, 8, 1640049655 ,1847 
1641078549.336462 ### RSSI: -65, 32, 1640049655 ,1848 
1641078549.371781 ### RSSI: -78, 21, 1640049655 ,1849 
1641078549.796358 ### DEBUG: Ticks: 1856, 16, 1 
1641078549.796531 1640049655 c0:98:e5:42:00:2c 832 
1641078549.796634 1125 1136 1158 1170 1173 1180 1185 1215 1217 1218 1220 1222 1229 1235 1237 
1641078549.796827 1248 1253 1255 1265 1266 1280 1288 1293 1296 1310 1339 1355 1442 1508 1565 
1641078550.336774 ### RSSI: -62, 22, 1640049656 ,1864 
1641078550.368614 ### RSSI: -61, 9, 1640049656 ,1864 
1641078550.795000 ### DEBUG: Ticks: 1871, 15, 1 
1641078550.795143 1640049656 c0:98:e5:42:00:2c 1310 
1641078550.795249 1642 1672 1672 1679 1680 1680 1686 1688 1689 1698 1698 1699 1699 1706 1709 
1641078550.807119 1712 1713 1715 1720 1747 1750 1758 1772 1775 1777 1778 1809 1889 1890 2028 
1641078551.330541 ### RSSI: -64, 35, 1640049657 ,1879 
1641078551.363838 ### RSSI: -58, 10, 1640049657 ,1880 
1641078551.798584 ### DEBUG: Ticks: 1887, 16, 1 
1641078551.798721 1640049657 c0:98:e5:42:00:2c 1783 
1641078551.798787 2107 2110 2113 2132 2135 2135 2140 2143 2146 2146 2149 2152 2152 2155 2158 
1641078551.798855 2158 2159 2173 2177 2201 2206 2209 2212 2212 2219 2228 2232 2241 2257 2284 
1641078552.333334 ### RSSI: -58, 8, 1640049658 ,1895 
1641078552.366714 ### RSSI: -61, 29, 1640049658 ,1896 
1641078552.802097 ### DEBUG: Ticks: 1902, 15, 1 
1641078552.802537 1640049658 c0:98:e5:42:00:2c 2023 
1641078552.802735 2334 2335 2339 2358 2375 2383 2384 2384 2387 2390 2395 2398 2399 2401 2403 
1641078552.802915 2406 2419 2420 2423 2434 2450 2456 2468 2472 2476 2477 2483 2509 2527 2648 
1641078553.333317 ### RSSI: -60, 14, 1640049659 ,1911 
1641078553.368016 ### RSSI: -59, 5, 1640049659 ,1911 
1641078553.803936 ### DEBUG: Ticks: 1918, 16, 1 
1641078553.804230 1640049659 c0:98:e5:42:00:2c 1947 
1641078553.804413 2320 2334 2345 2346 2346 2351 2352 2353 2368 2368 2375 2377 2379 2382 2383 
1641078553.804600 2383 2389 2394 2399 2400 2401 2411 2411 2419 2420 2441 2483 2489 2501 2645 
1641078554.339566 ### RSSI: -59, 1, 1640049660 ,1926 
1641078554.361452 ### RSSI: -59, 24, 1640049660 ,1927 
1641078554.796749 ### DEBUG: Ticks: 1934, 16, 1 
1641078554.797041 1640049660 c0:98:e5:42:00:2c 2074 
1641078554.797224 2327 2374 2377 2385 2399 2407 2408 2409 2409 2412 2412 2420 2422 2422 2431 
1641078554.797415 2440 2448 2452 2453 2462 2466 2469 2474 2478 2482 2492 2518 2531 2554 2555 
1641078555.334879 ### RSSI: -60, 29, 1640049661 ,1942 
1641078555.368470 ### RSSI: -56, 8, 1640049661 ,1942 
1641078555.802833 ### DEBUG: Ticks: 1949, 15, 1 
1641078555.803120 1640049661 c0:98:e5:42:00:2c 1924 
1641078555.803304 2157 2181 2185 2185 2197 2199 2199 2206 2209 2211 2211 2213 2218 2220 2223 
1641078555.803496 2225 2227 2237 2239 2239 2239 2251 2253 2256 2281 2284 2302 2312 2314 2476 
1641078556.341053 ### RSSI: -57, 7, 1640049662 ,1958 
1641078556.363694 ### RSSI: -56, 0, 1640049662 ,1958 
1641078556.800251 ### DEBUG: Ticks: 1965, 16, 1 
1641078556.800540 1640049662 c0:98:e5:42:00:2c 1740 
1641078556.800722 1948 1958 1969 1983 1986 1986 1986 1997 2007 2007 2009 2012 2016 2016 2037 
1641078556.800914 2042 2051 2061 2061 2063 2072 2075 2075 2082 2086 2103 2105 2126 2155 2173 
1641078557.336163 ### RSSI: -70, 30, 1640049662 ,1973 
1641078557.370164 ### RSSI: -63, 12, 1640049662 ,1974 
1641078557.801844 ### DEBUG: Ticks: 1980, 15, 1 
1641078557.802130 1640049663 c0:98:e5:42:00:2c 1216 
1641078557.802352 1540 1540 1552 1583 1600 1604 1607 1619 1621 1628 1630 1650 1657 1657 1661 
1641078557.802545 1663 1666 1672 1686 1688 1701 1706 1707 1709 1718 1725 1770 1791 1802 1967 
1641078558.330546 ### RSSI: -54, 0, 1640049663 ,1989 
1641078558.363047 ### RSSI: -54, 9, 1640049663 ,1989 
1641078558.794057 ### DEBUG: Ticks: 1996, 16, 1 
1641078558.806148 1640049664 c0:98:e5:42:00:2c 740 
1641078558.806445 1098 1105 1109 1111 1122 1123 1127 1127 1131 1139 1142 1144 1160 1162 1167 
1641078558.806642 1180 1182 1184 1185 1188 1190 1190 1200 1203 1213 1217 1301 1323 1342 1438 
1641078559.329711 ### RSSI: -54, 16, 1640049664 ,2004 
1641078559.365492 ### RSSI: -57, 7, 1640049664 ,2005 
1641078559.801935 ### DEBUG: Ticks: 2012, 16, 1 
1641078559.802108 1640049665 c0:98:e5:42:00:2c 604 
1641078559.802181 815 829 863 877 878 887 895 898 900 903 910 914 922 923 927 
1641078559.802261 941 945 949 960 961 970 972 972 990 1000 1004 1102 1159 1163 1258 
1641078560.331097 ### RSSI: -63, 17, 1640049665 ,2020 
1641078560.363775 ### RSSI: -82, 5, 1640049665 ,2021 
1641078560.799495 ### DEBUG: Ticks: 2027, 15, 1 
1641078560.799786 1640049666 c0:98:e5:42:00:2c 614 
1641078560.799970 809 844 865 872 904 905 911 913 914 916 931 933 945 951 960 
1641078560.800180 966 972 977 985 988 991 995 1007 1008 1017 1023 1030 1035 1109 1114 
1641078561.333841 ### RSSI: -70, 0, 1640049666 ,2036 
1641078561.368774 ### RSSI: -61, 16, 1640049666 ,2036 
1641078561.800117 ### DEBUG: Ticks: 2043, 16, 1 
1641078561.800401 1640049667 c0:98:e5:42:00:2c 620 
1641078561.800588 839 851 864 873 907 920 921 928 929 930 934 935 937 938 938 
1641078561.800723 946 955 964 966 974 977 978 979 991 1008 1016 1023 1094 1169 1263 
1641078562.334228 ### RSSI: -55, 32, 1640049667 ,2051 
1641078562.370811 ### RSSI: -55, 4, 1640049667 ,2052 
1641078562.797997 ### DEBUG: Ticks: 2059, 16, 1 
1641078562.798214 1640049668 c0:98:e5:42:00:2c 762 
1641078562.798296 1016 1019 1028 1029 1047 1060 1069 1073 1087 1093 1093 1104 1107 1110 1115 
1641078562.798404 1116 1119 1120 1125 1130 1138 1141 1143 1152 1167 1172 1189 1193 1213 1297 
1641078563.334316 ### RSSI: -56, 35, 1640049668 ,2067 
1641078563.370175 ### RSSI: -56, 31, 1640049668 ,2067 
1641078563.807440 ### DEBUG: Ticks: 2074, 15, 1 
1641078563.807720 1640049669 c0:98:e5:42:00:2c 1026 
1641078563.807918 1299 1312 1320 1327 1333 1342 1343 1343 1355 1371 1372 1373 1380 1383 1386 
1641078563.808354 1387 1396 1407 1409 1413 1416 1419 1419 1425 1429 1435 1438 1447 1457 1462 
1641078564.338402 ### RSSI: -64, 1, 1640049669 ,2083 
1641078564.363387 ### RSSI: -83, 25, 1640049669 ,2083 
1641078564.804766 ### DEBUG: Ticks: 2090, 16, 1 
1641078564.804934 1640049670 c0:98:e5:42:00:2c 1611 
1641078564.805026 1901 1906 1906 1908 1911 1927 1927 1934 1948 1958 1969 1977 1981 1981 1983 
1641078564.805212 1993 2005 2007 2009 2014 2016 2021 2023 2040 2044 2066 2077 2105 2110 2110 
1641078565.340282 ### RSSI: -58, 3, 1640049670 ,2098 
1641078565.363782 ### RSSI: -59, 14, 1640049670 ,2099 
1641078565.804199 ### DEBUG: Ticks: 2105, 15, 1 
1641078565.804387 1640049671 c0:98:e5:42:00:2c 2057 
1641078565.804471 2323 2332 2333 2362 2371 2372 2386 2386 2387 2395 2399 2410 2410 2418 2420 
1641078565.804560 2423 2425 2425 2427 2445 2452 2453 2460 2466 2468 2474 2521 2533 2545 2700 
1641078566.220612 ### INFO: SD card flushed!
1641078566.330971 ### RSSI: -57, 5, 1640049671 ,2114 
1641078566.367320 ### RSSI: -58, 21, 1640049671 ,2114 
1641078566.799910 ### DEBUG: Ticks: 2121, 16, 1 
1641078566.800193 1640049672 c0:98:e5:42:00:2c 2029 
1641078566.800376 2269 2297 2302 2303 2304 2309 2310 2312 2323 2325 2327 2327 2331 2334 2335 
1641078566.800593 2336 2344 2345 2345 2345 2352 2352 2368 2374 2376 2380 2391 2391 2404 2425 
1641078567.329920 ### RSSI: -59, 17, 1640049672 ,2129 
1641078567.364660 ### RSSI: -57, 1, 1640049673 ,2130 
1641078567.797863 ### DEBUG: Ticks: 2137, 16, 1 
1641078567.798152 1640049673 c0:98:e5:42:00:2c 1977 
1641078567.798329 2252 2256 2289 2292 2292 2292 2296 2307 2308 2313 2316 2322 2332 2334 2339 
1641078567.798435 2341 2341 2345 2348 2356 2358 2372 2375 2379 2382 2398 2412 2421 2423 2454 
1641078568.334869 ### RSSI: -60, 29, 1640049674 ,2145 
1641078568.368524 ### RSSI: -57, 5, 1640049674 ,2145 
1641078568.799479 ### DEBUG: Ticks: 2152, 15, 1 
1641078568.799628 1640049674 c0:98:e5:42:00:2c 2051 
1641078568.799696 2242 2298 2302 2305 2318 2326 2326 2330 2331 2340 2341 2347 2347 2348 2350 
1641078568.799763 2353 2355 2362 2362 2364 2364 2364 2380 2388 2396 2424 2429 2432 2442 2443 
1641078569.339973 ### RSSI: -58, 16, 1640049675 ,2161 
1641078569.360806 ### RSSI: -58, 19, 1640049675 ,2161 
1641078569.800432 ### DEBUG: Ticks: 2168, 16, 1 
1641078569.800585 1640049675 c0:98:e5:42:00:2c 1973 
1641078569.800650 2267 2267 2283 2287 2292 2313 2313 2319 2319 2320 2324 2334 2335 2345 2345 
1641078569.800712 2352 2356 2368 2368 2370 2384 2384 2387 2388 2389 2401 2427 2429 2434 2612 
1641078570.331144 ### RSSI: -58, 7, 1640049676 ,2176 
1641078570.368311 ### RSSI: -58, 21, 1640049676 ,2177 
1641078570.801863 ### DEBUG: Ticks: 2184, 16, 1 
1641078570.802066 1640049676 c0:98:e5:42:00:2c 1944 
1641078570.802157 2262 2280 2307 2311 2313 2313 2324 2327 2328 2336 2352 2362 2365 2366 2367 
1641078570.802249 2368 2369 2381 2386 2391 2392 2396 2412 2417 2426 2427 2429 2430 2440 2447 
1641078571.331403 ### RSSI: -57, 2, 1640049677 ,2192 
1641078571.370738 ### RSSI: -56, 6, 1640049677 ,2192 
1641078571.796135 ### DEBUG: Ticks: 2199, 15, 1 
1641078571.796303 1640049677 c0:98:e5:42:00:2c 1661 
1641078571.808296 1963 1976 1979 1985 1988 1994 2001 2021 2023 2024 2025 2026 2028 2031 2038 
1641078571.808470 2050 2056 2064 2064 2065 2066 2071 2076 2076 2079 2080 2102 2104 2109 2121 
1641078572.328269 ### RSSI: -54, 5, 1640049678 ,2207 
1641078572.363396 ### RSSI: -60, 30, 1640049678 ,2208 
1641078572.797625 ### DEBUG: Ticks: 2215, 16, 1 
1641078572.798124 1640049678 c0:98:e5:42:00:2c 1179 
1641078572.798309 1476 1483 1496 1526 1540 1541 1546 1550 1562 1562 1582 1587 1587 1589 1597 
1641078572.798532 1597 1597 1606 1607 1613 1616 1621 1623 1636 1640 1648 1649 1650 1657 1684 
1641078573.327726 ### RSSI: -56, 15, 1640049679 ,2223 
1641078573.362393 ### RSSI: -61, 30, 1640049679 ,2224 
1641078573.799515 ### DEBUG: Ticks: 2230, 15, 1 
1641078573.799682 1640049679 c0:98:e5:42:00:2c 657 
1641078573.799775 843 848 857 870 892 904 911 914 915 918 919 922 939 940 942 
1641078573.799869 947 948 950 954 954 961 963 991 1003 1023 1032 1035 1043 1087 1090 
1641078574.330684 ### RSSI: -55, 19, 1640049680 ,2239 
1641078574.364009 ### RSSI: -56, 17, 1640049680 ,2239 
1641078574.801920 ### DEBUG: Ticks: 2246, 16, 1 
1641078574.802115 1640049680 c0:98:e5:42:00:2c 161 
1641078574.802215 210 231 238 239 262 263 263 278 279 291 293 311 317 318 323 
1641078574.802347 325 330 337 347 349 350 359 374 397 402 410 413 422 422 0 
1641078574.971013 ### INFO: Device is now IN MOTION
1641078575.333638 ### RSSI: -55, 26, 1640049681 ,2254 
1641078575.368778 ### RSSI: -53, 2, 1640049681 ,2255 
1641078575.800112 ### DEBUG: Ticks: 2262, 16, 1 
1641078575.800269 1640049681 c0:98:e5:42:00:2c 232 
1641078575.800354 376 379 380 384 385 393 411 420 422 428 435 440 443 456 465 
1641078575.800441 466 474 478 478 479 480 484 490 493 505 507 516 563 603 789 
1641078576.329094 ### RSSI: -52, 13, 1640049682 ,2270 
1641078576.364282 ### RSSI: -54, 6, 1640049682 ,2270 
1641078576.798226 ### DEBUG: Ticks: 2277, 15, 1 
1641078576.798390 1640049682 c0:98:e5:42:00:2c 196 
1641078576.798483 290 293 313 315 318 320 322 329 353 355 357 377 382 386 390 
1641078576.798577 396 396 397 398 422 423 427 428 437 439 457 475 576 612 614 
