1641078411.883804 ###RTT Client: ************************************************************ 
1641078411.884016 ###RTT Client: *               SEGGER Microcontroller GmbH                * 
1641078411.884065 ###RTT Client: *   Solutions for real time microcontroller applications   * 
1641078411.884261 ###RTT Client: ************************************************************ 
1641078411.884331 ###RTT Client: *                                                          * 
1641078411.884481 ###RTT Client: *       (c) 2012 - 2016  SEGGER Microcontroller GmbH       * 
1641078411.884568 ###RTT Client: *                                                          * 
1641078411.884651 ###RTT Client: *     www.segger.com     Support: support@segger.com       * 
1641078411.884767 ###RTT Client: *                                                          * 
1641078411.884871 ###RTT Client: ************************************************************ 
1641078411.884957 ###RTT Client: *                                                          * 
1641078411.885041 ###RTT Client: * SEGGER J-Link RTT Client   Compiled Jan 30 2018 18:46:58 * 
1641078411.885123 ###RTT Client: *                                                          * 
1641078411.885205 ###RTT Client: ************************************************************ 
1641078411.885290 
1641078411.885374 ###RTT Client: -----------------------------------------------
1641078411.885456 ###RTT Client: Connecting to J-Link RTT Server via localhost:9201  Connected.
1641078411.885538 SEGGER J-Link V6.30 - Real time terminal output
1641078411.885618 J-Link EDU Mini V1 compiled Oct  2 2020 17:00:40 V1.0, SN=801021851
1641078411.885745 Process: JLinkExe
1641078411.885914 ### DEBUG: Ticks: 154, 15, 0 
1641078411.886002 1640049478 c0:98:e5:42:00:29 267 
1641078411.886082 -319 -307 -306 -283 -283 -273 -262 -235 -233 -230 -212 -201 -200 -197 -192 
1641078411.886163 -190 -188 -188 -183 -170 -165 -163 -163 -155 -150 -148 -121 -107 -92 -46 
1641078411.886262 ### DEBUG: Ticks: 170, 16, 0 
1641078411.886311 1640049479 c0:98:e5:42:00:29 327 
1641078411.886388 -285 -283 -283 -279 -260 -260 -257 -252 -233 -233 -231 -231 -224 -220 -207 
1641078411.886470 -206 -200 -185 -164 -137 -133 -129 -126 -118 -112 -99 -91 -74 -67 -60 
1641078411.886553 ### DEBUG: Ticks: 186, 16, 0 
1641078411.886633 1640049480 c0:98:e5:42:00:29 285 
1641078411.886712 -290 -282 -273 -271 -269 -267 -263 -261 -261 -257 -256 -251 -243 -231 -218 
1641078411.886794 -213 -191 -167 -164 -155 -152 -141 -140 -139 -133 -117 -116 -101 -99 -79 
1641078411.886874 ### DEBUG: Ticks: 201, 15, 0 
1641078411.886974 1640049481 c0:98:e5:42:00:29 262 
1641078411.887062 -186 -173 -159 -153 -140 -121 -119 -118 -118 -116 -112 -102 -89 -87 -83 
1641078411.887141 -79 -71 -69 -67 -59 -55 -54 -52 -43 -14 1 4 12 56 61 
1641078411.887221 ### DEBUG: Ticks: 217, 16, 0 
1641078411.887303 1640049482 c0:98:e5:42:00:29 281 
1641078411.887384 -370 -363 -353 -336 -303 -300 -297 -289 -279 -278 -255 -253 -235 -232 -226 
1641078411.887466 -223 -221 -218 -216 -207 -205 -199 -193 -183 -180 -160 -159 -147 -135 -120 
1641078411.887569 ### ERROR: Failed reading SquarePoint packet length
1641078411.887649 ### DEBUG: Ticks: 264, 47, 0 
1641078411.891640 1640049485 c0:98:e5:42:00:29 260 
1641078411.891864 -191 -182 -176 -135 -123 -122 -110 -107 -104 -103 -102 -101 -101 -90 -89 
1641078411.891961 -73 -72 -67 -63 -60 -53 -44 -38 -16 -14 -3 -1 3 36 85 
1641078411.892049 ### DEBUG: Ticks: 279, 15, 0 
1641078411.892130 1640049486 c0:98:e5:42:00:29 235 
1641078411.892209 -215 -213 -188 -186 -147 -142 -139 -135 -125 -125 -124 -114 -112 -111 -108 
1641078411.892314 -104 -90 -83 -82 -70 -53 -50 -45 -42 -37 -32 -29 10 13 79 
1641078411.892396 ### DEBUG: Ticks: 295, 16, 0 
1641078411.892477 1640049487 c0:98:e5:42:00:29 244 
1641078411.892574 -354 -338 -331 -285 -279 -275 -267 -266 -263 -260 -241 -233 -232 -230 -224 
1641078411.892680 -211 -205 -204 -200 -186 -185 -182 -178 -177 -163 -155 -155 -149 -113 -40 
1641078411.892779 ### DEBUG: Ticks: 311, 16, 0 
1641078411.892826 1640049488 c0:98:e5:42:00:29 285 
1641078411.892903 -353 -337 -331 -328 -322 -317 -311 -309 -301 -288 -282 -282 -272 -271 -268 
1641078411.892944 -266 -262 -262 -247 -246 -233 -228 -192 -188 -177 -176 -175 -171 -159 -82 
1641078411.893032 ### DEBUG: Ticks: 326, 15, 0 
1641078411.893112 1640049489 c0:98:e5:42:00:29 280 
1641078411.893193 -385 -368 -364 -357 -354 -347 -346 -341 -326 -321 -320 -303 -297 -295 -276 
1641078411.893273 -275 -271 -266 -264 -255 -252 -247 -241 -235 -223 -222 -220 -209 -201 -121 
1641078411.893352 ### DEBUG: Ticks: 342, 16, 0 
1641078411.893432 1640049490 c0:98:e5:42:00:29 273 
1641078411.893511 -451 -449 -443 -437 -437 -431 -429 -396 -395 -391 -389 -387 -381 -371 -368 
1641078411.893589 -353 -347 -344 -342 -338 -328 -325 -315 -309 -308 -307 -305 -288 -213 0 
1641078411.893668 ### DEBUG: Ticks: 357, 15, 0 
1641078411.893768 1640049491 c0:98:e5:42:00:29 281 
1641078411.893819 -380 -355 -355 -352 -351 -341 -339 -335 -334 -321 -317 -313 -309 -308 -292 
1641078411.893858 -271 -264 -264 -251 -249 -238 -232 -232 -226 -225 -200 -185 -183 -182 -134 
1641078411.893898 ### DEBUG: Ticks: 373, 16, 0 
1641078411.894023 1640049492 c0:98:e5:42:00:29 223 
1641078411.894116 -265 -260 -253 -243 -219 -216 -213 -213 -210 -209 -209 -196 -196 -191 -190 
1641078411.894202 -185 -178 -168 -159 -157 -153 -148 -131 -122 -117 -110 -104 -95 -86 -78 
1641078411.894286 ### DEBUG: Ticks: 389, 16, 0 
1641078411.894389 1640049493 c0:98:e5:42:00:29 315 
1641078411.894473 -247 -246 -226 -206 -204 -196 -186 -185 -184 -184 -183 -174 -168 -167 -159 
1641078411.894553 -135 -129 -118 -116 -107 -107 -102 -85 -79 -77 -77 -76 -49 -48 -38 
1641078411.894669 ### DEBUG: Ticks: 404, 15, 0 
1641078411.894778 1640049494 c0:98:e5:42:00:29 287 
1641078411.894846 -405 -383 -379 -377 -358 -349 -347 -346 -345 -340 -336 -336 -330 -320 -318 
1641078411.894932 -312 -292 -282 -276 -261 -259 -259 -256 -253 -216 -212 -208 -200 -181 -127 
1641078411.895014 ### DEBUG: Ticks: 420, 16, 0 
1641078411.895094 1640049495 c0:98:e5:42:00:29 277 
1641078411.895172 -317 -310 -267 -258 -252 -234 -234 -232 -231 -228 -223 -220 -212 -212 -205 
1641078411.895251 -197 -186 -183 -175 -172 -170 -156 -140 -129 -116 -109 -95 -77 -72 -28 
1641078411.895335 ### ERROR: Failed reading SquarePoint packet length
1641078411.895415 ### DEBUG: Ticks: 467, 47, 0 
1641078411.895496 1640049498 c0:98:e5:42:00:29 213 
1641078411.895552 -294 -293 -283 -269 -249 -247 -243 -233 -231 -231 -229 -228 -222 -214 -213 
1641078411.895591 -206 -202 -199 -190 -183 -171 -133 -132 -129 -118 -113 -103 -102 -94 -25 
1641078411.895630 ### DEBUG: Ticks: 482, 15, 0 
1641078411.895670 1640049499 c0:98:e5:42:00:29 252 
1641078411.895776 -260 -245 -233 -232 -219 -216 -215 -215 -213 -210 -209 -204 -197 -191 -182 
1641078411.895821 -180 -164 -148 -146 -142 -141 -140 -138 -133 -132 -97 -80 -71 -64 -14 
1641078411.895860 ### DEBUG: Ticks: 498, 16, 0 
1641078411.895925 1640049500 c0:98:e5:42:00:29 228 
1641078411.895964 -373 -359 -354 -351 -340 -330 -313 -304 -297 -296 -278 -272 -269 -263 -253 
1641078411.896004 -247 -237 -221 -216 -212 -210 -201 -197 -193 -187 -184 -183 -166 -116 -100 
1641078411.896043 ### DEBUG: Ticks: 514, 16, 0 
1641078411.896082 1640049501 c0:98:e5:42:00:29 293 
1641078411.896121 -323 -291 -288 -276 -275 -275 -273 -269 -267 -265 -257 -248 -245 -239 -238 
1641078411.896160 -237 -223 -222 -216 -183 -180 -172 -172 -158 -155 -149 -134 -117 -103 -100 
1641078411.896199 ### DEBUG: Ticks: 529, 15, 0 
1641078411.896239 1640049502 c0:98:e5:42:00:29 283 
1641078411.896277 -437 -432 -413 -412 -400 -394 -388 -384 -383 -380 -370 -370 -364 -352 -349 
1641078411.896316 -335 -321 -312 -312 -289 -288 -276 -271 -264 -264 -263 -258 -248 -234 -191 
1641078411.896355 ### DEBUG: Ticks: 545, 16, 0 
1641078411.896394 1640049503 c0:98:e5:42:00:29 307 
1641078411.896433 -419 -382 -380 -358 -357 -357 -356 -346 -346 -345 -344 -333 -326 -324 -322 
1641078411.896472 -317 -306 -306 -298 -296 -273 -271 -263 -252 -249 -239 -227 -220 -208 -172 
1641078411.896511 ### DEBUG: Ticks: 561, 16, 0 
1641078411.896550 1640049504 c0:98:e5:42:00:29 314 
1641078411.896589 -334 -298 -276 -272 -271 -266 -262 -255 -254 -250 -248 -244 -240 -234 -221 
1641078411.896628 -218 -208 -207 -189 -174 -174 -174 -165 -157 -149 -143 -112 -103 -101 -67 
1641078411.896667 ### DEBUG: Ticks: 576, 15, 0 
1641078411.896706 1640049505 c0:98:e5:42:00:29 262 
1641078411.896745 -268 -247 -232 -221 -216 -216 -212 -211 -202 -200 -196 -194 -186 -181 -170 
1641078411.896784 -161 -161 -159 -148 -146 -142 -118 -115 -114 -81 -67 -62 -52 -46 -33 
1641078411.896824 ### DEBUG: Ticks: 592, 16, 0 
1641078411.897080 1640049506 c0:98:e5:42:00:29 262 
1641078411.897134 -411 -377 -376 -374 -368 -363 -357 -351 -335 -334 -324 -321 -311 -311 -304 
1641078411.897218 -301 -288 -283 -273 -256 -254 -248 -237 -235 -235 -230 -218 -214 -196 -173 
1641078411.897303 ### ERROR: Failed reading SquarePoint packet length
1641078411.897383 ### DEBUG: Ticks: 639, 47, 0 
1641078411.897465 1640049509 c0:98:e5:42:00:29 297 
1641078411.897544 -372 -355 -345 -344 -344 -342 -339 -323 -315 -314 -310 -305 -304 -300 -297 
1641078411.897625 -296 -291 -278 -261 -239 -219 -199 -191 -186 -186 -176 -171 -168 -148 -94 
1641078411.897707 ### DEBUG: Ticks: 654, 15, 0 
1641078411.897786 1640049510 c0:98:e5:42:00:29 270 
1641078411.897919 -327 -282 -265 -239 -235 -235 -234 -223 -222 -205 -195 -190 -188 -185 -184 
1641078411.897967 -184 -172 -155 -148 -141 -138 -130 -117 -101 -95 -91 -81 -79 -75 -20 
1641078411.898060 ### DEBUG: Ticks: 670, 16, 0 
1641078411.898140 1640049511 c0:98:e5:42:00:29 233 
1641078411.898224 -463 -444 -433 -429 -426 -404 -403 -398 -383 -341 -340 -332 -329 -328 -327 
1641078411.898305 -318 -317 -313 -313 -297 -288 -284 -282 -278 -276 -267 -260 -247 -245 -176 
1641078411.898394 ### DEBUG: Ticks: 685, 15, 0 
1641078411.898475 1640049512 c0:98:e5:42:00:29 295 
1641078411.898553 -203 -188 -170 -157 -150 -146 -140 -131 -129 -125 -121 -116 -110 -109 -107 
1641078411.898634 -100 -93 -91 -84 -82 -72 -66 -44 -43 -24 -11 -5 7 12 43 
1641078411.898714 ### DEBUG: Ticks: 701, 16, 0 
1641078411.898792 1640049513 c0:98:e5:42:00:29 236 
1641078411.898832 -341 -324 -300 -295 -283 -278 -276 -273 -265 -253 -250 -249 -243 -220 -216 
1641078411.898872 -204 -202 -199 -194 -193 -179 -178 -170 -166 -151 -151 -147 -146 -138 -92 
1641078411.898911 ### DEBUG: Ticks: 717, 16, 0 
1641078411.899012 1640049514 c0:98:e5:42:00:29 265 
1641078411.899113 -444 -440 -407 -406 -396 -393 -390 -378 -376 -374 -364 -347 -347 -327 -323 
1641078411.899194 -319 -311 -310 -306 -300 -296 -288 -286 -279 -278 -274 -262 -262 -227 -182 
1641078411.899235 ### DEBUG: Ticks: 732, 15, 0 
1641078411.899274 1640049515 c0:98:e5:42:00:29 298 
1641078411.899324 -366 -362 -344 -329 -319 -307 -291 -291 -287 -267 -266 -265 -254 -232 -223 
1641078411.899364 -220 -219 -218 -214 -199 -195 -194 -189 -182 -177 -168 -166 -137 -128 -77 
1641078411.899404 ### DEBUG: Ticks: 748, 16, 0 
1641078411.899444 1640049516 c0:98:e5:42:00:29 262 
1641078411.899484 -508 -482 -468 -458 -450 -445 -442 -436 -428 -424 -419 -410 -403 -397 -385 
1641078411.899547 -377 -373 -373 -369 -359 -358 -356 -354 -353 -335 -327 -321 -298 -267 -256 
1641078411.899587 ### DEBUG: Ticks: 764, 16, 0 
1641078411.899627 1640049517 c0:98:e5:42:00:29 283 
1641078411.899759 -188 -181 -177 -162 -154 -140 -134 -116 -112 -110 -95 -88 -87 -86 -86 
1641078411.899851 -77 -66 -63 -52 -28 -23 -18 -13 -10 -8 1 2 20 20 46 
1641078412.798889 ### DEBUG: Ticks: 779, 15, 0 
1641078412.799361 1640049518 c0:98:e5:42:00:29 293 
1641078412.800147 -323 -306 -297 -292 -290 -285 -278 -269 -264 -260 -257 -257 -241 -238 -227 
1641078412.800896 -222 -222 -217 -203 -199 -196 -189 -184 -182 -168 -159 -140 -123 -98 -98 
1641078413.796006 ### ERROR: Failed reading SquarePoint packet length
1641078415.791933 ### DEBUG: Ticks: 826, 47, 0 
1641078415.792059 1640049521 c0:98:e5:42:00:29 260 
1641078415.803441 -395 -372 -357 -339 -333 -328 -316 -313 -309 -303 -303 -284 -282 -274 -271 
1641078415.804573 -267 -260 -259 -248 -246 -230 -228 -213 -210 -200 -199 -167 -162 -138 -96 
1641078416.791779 ### DEBUG: Ticks: 842, 16, 0 
1641078416.792195 1640049522 c0:98:e5:42:00:29 259 
1641078416.803471 -468 -424 -413 -410 -396 -394 -394 -393 -390 -389 -387 -381 -381 -376 -361 
1641078416.804502 -351 -342 -333 -315 -312 -305 -304 -295 -289 -282 -275 -257 -248 -238 -218 
1641078417.216756 ### INFO: SD card flushed!
1641078417.789747 ### DEBUG: Ticks: 857, 15, 0 
1641078417.800661 1640049523 c0:98:e5:42:00:29 272 
1641078417.801621 -439 -430 -425 -418 -402 -392 -383 -383 -381 -378 -376 -362 -359 -353 -350 
1641078417.802472 -350 -343 -332 -329 -329 -326 -325 -303 -303 -296 -294 -270 -268 -266 -151 
1641078418.797149 ### DEBUG: Ticks: 873, 16, 0 
1641078418.797246 1640049524 c0:98:e5:42:00:29 253 
1641078418.797748 -392 -372 -346 -346 -345 -333 -330 -317 -314 -303 -301 -287 -284 -275 -266 
1641078418.797963 -266 -259 -249 -248 -244 -242 -242 -240 -237 -229 -220 -217 -192 -170 -115 
1641078419.794074 ### DEBUG: Ticks: 889, 16, 0 
1641078419.794172 1640049525 c0:98:e5:42:00:29 238 
1641078419.794473 -302 -295 -267 -257 -254 -252 -249 -239 -233 -230 -226 -224 -222 -221 -220 
1641078419.794817 -216 -206 -194 -188 -173 -161 -155 -155 -141 -137 -127 -108 -104 -63 -39 
1641078420.794627 ### DEBUG: Ticks: 904, 15, 0 
1641078420.794725 1640049526 c0:98:e5:42:00:29 259 
1641078420.794969 -244 -216 -204 -160 -148 -138 -136 -136 -134 -129 -125 -122 -122 -112 -112 
1641078420.795100 -99 -92 -89 -73 -61 -54 -43 -35 -23 -22 -14 -2 16 41 60 
1641078421.792622 ### DEBUG: Ticks: 920, 16, 0 
1641078421.792728 1640049527 c0:98:e5:42:00:29 248 
1641078421.792958 -357 -346 -340 -335 -330 -324 -324 -322 -320 -316 -313 -309 -305 -303 -285 
1641078421.793276 -279 -276 -257 -255 -251 -246 -240 -225 -225 -223 -222 -209 -203 -171 -121 
1641078422.796228 ### DEBUG: Ticks: 935, 15, 0 
1641078422.796332 1640049528 c0:98:e5:42:00:29 300 
1641078422.796621 -211 -202 -172 -154 -151 -142 -133 -126 -124 -118 -113 -112 -111 -95 -89 
1641078422.796875 -88 -87 -69 -60 -58 -32 -26 -25 -15 1 17 19 35 42 53 
1641078423.793018 ### DEBUG: Ticks: 951, 16, 0 
1641078423.793297 1640049529 c0:98:e5:42:00:29 295 
1641078423.793490 -404 -396 -389 -388 -367 -366 -357 -356 -343 -342 -330 -325 -324 -315 -315 
1641078423.793710 -313 -309 -304 -303 -302 -288 -282 -277 -273 -263 -245 -243 -223 -220 -139 
1641078424.795162 ### DEBUG: Ticks: 967, 16, 0 
1641078424.795446 1640049530 c0:98:e5:42:00:29 306 
1641078424.796449 -236 -225 -220 -207 -172 -167 -155 -151 -143 -141 -140 -137 -120 -104 -103 
1641078424.796644 -99 -95 -88 -84 -83 -81 -64 -62 -56 -39 -33 -18 0 18 19 
1641078425.789779 ### ERROR: Failed reading SquarePoint packet length
1641078427.798215 ### DEBUG: Ticks: 1014, 47, 0 
1641078427.798496 1640049533 c0:98:e5:42:00:29 281 
1641078427.798690 -285 -247 -233 -216 -191 -187 -176 -169 -168 -168 -161 -159 -149 -141 -138 
1641078427.799794 -123 -120 -110 -106 -98 -90 -82 -75 -67 -44 -28 -24 -22 -2 7 
1641078428.792952 ### DEBUG: Ticks: 1029, 15, 0 
1641078428.793103 1640049534 c0:98:e5:42:00:29 295 
1641078428.793342 -295 -286 -270 -247 -247 -246 -222 -220 -219 -217 -212 -202 -190 -187 -171 
1641078428.793539 -167 -166 -166 -163 -152 -140 -132 -118 -116 -109 -109 -91 -90 -65 -21 
1641078429.800762 ### DEBUG: Ticks: 1045, 16, 0 
1641078429.801249 1640049535 c0:98:e5:42:00:29 256 
1641078429.802015 -230 -229 -186 -184 -174 -172 -170 -156 -150 -149 -144 -140 -139 -117 -117 
1641078429.802611 -112 -110 -102 -95 -93 -89 -84 -71 -70 -66 -54 -18 -5 17 21 
1641078430.800750 ### DEBUG: Ticks: 1060, 15, 0 
1641078430.800858 1640049536 c0:98:e5:42:00:29 304 
1641078430.801099 -214 -209 -163 -153 -137 -132 -128 -123 -122 -120 -117 -101 -96 -87 -80 
1641078430.801233 -74 -62 -58 -52 -42 -41 -39 -26 -18 -14 -13 -5 29 33 51 
1641078431.798389 ### DEBUG: Ticks: 1076, 16, 0 
1641078431.798989 1640049537 c0:98:e5:42:00:29 242 
1641078431.800582 -403 -389 -360 -360 -357 -341 -332 -314 -299 -299 -291 -286 -279 -273 -265 
1641078431.801368 -264 -263 -258 -251 -246 -236 -234 -225 -215 -210 -198 -191 -179 -143 0 
1641078432.797727 ### DEBUG: Ticks: 1092, 16, 0 
1641078432.797829 1640049538 c0:98:e5:42:00:29 289 
1641078432.797874 -530 -470 -458 -457 -450 -445 -437 -435 -434 -428 -420 -419 -419 -414 -399 
1641078432.798420 -399 -384 -373 -373 -358 -349 -347 -337 -329 -327 -323 -312 -310 -310 -280 
1641078433.792148 ### DEBUG: Ticks: 1107, 15, 0 
1641078433.792251 1640049539 c0:98:e5:42:00:29 267 
1641078433.792508 -375 -332 -329 -313 -289 -273 -273 -268 -262 -249 -248 -247 -241 -238 -238 
1641078433.792801 -236 -232 -220 -218 -214 -207 -196 -187 -185 -164 -157 -145 -120 -105 -63 
1641078433.837864 ### BLE EVENT: 16, INFO: BLE CONNECTED!
1641078433.838027 ### RSSI: -60, 2, 1640049539 ,1108 
1641078433.937798 ### RSSI: -57, 12, 1640049539 ,1109 
1641078434.037472 ### RSSI: -60, 9, 1640049540 ,1111 
1641078434.136339 ### RSSI: -56, 28, 1640049540 ,1113 
1641078434.233549 ### RSSI: -56, 16, 1640049540 ,1114 
1641078434.342546 ### RSSI: -53, 26, 1640049540 ,1116 
1641078434.439967 ### RSSI: -56, 34, 1640049540 ,1117 
1641078434.538668 ### RSSI: -53, 22, 1640049540 ,1119 
1641078434.636740 ### RSSI: -54, 27, 1640049540 ,1120 
1641078434.735050 ### RSSI: -53, 24, 1640049540 ,1122 
1641078434.800410 ### DEBUG: Ticks: 1123, 16, 0 
1641078434.800513 1640049540 c0:98:e5:42:00:29 304 
1641078434.800870 -251 -229 -227 -218 -210 -202 -197 -192 -186 -181 -176 -167 -152 -151 -145 
1641078434.801035 -144 -142 -122 -120 -102 -94 -86 -82 -56 -48 -30 -27 -18 -12 -2 
1641078434.833888 ### RSSI: -57, 14, 1640049540 ,1124 
1641078434.942176 ### RSSI: -61, 1, 1640049541 ,1125 
1641078435.040126 ### RSSI: -59, 8, 1640049541 ,1127 
1641078435.140911 ### RSSI: -55, 20, 1640049541 ,1128 
1641078435.239155 ### RSSI: -61, 0, 1640049541 ,1130 
1641078435.340437 ### RSSI: -54, 18, 1640049541 ,1131 
1641078435.441015 ### RSSI: -57, 35, 1640049541 ,1133 
1641078435.794753 ### DEBUG: Ticks: 1138, 15, 0 
1641078435.794852 1640049541 c0:98:e5:42:00:29 294 
1641078435.795148 -305 -292 -254 -251 -241 -229 -219 -215 -214 -208 -186 -184 -184 -181 -174 
1641078435.795400 -171 -166 -161 -160 -152 -149 -149 -130 -119 -117 -104 -98 -98 -94 -9 
1641078436.433754 ### RSSI: -53, 24, 1640049542 ,1149 
1641078436.795989 ### ERROR: Failed reading SquarePoint packet length
1641078437.437392 ### RSSI: -54, 17, 1640049543 ,1164 
1641078438.437466 ### RSSI: -56, 12, 1640049544 ,1180 
1641078438.605052 ### INFO: Device is now IN MOTION
1641078438.798885 ### DEBUG: Ticks: 1185, 47, 0 
1641078438.799086 1640049544 c0:98:e5:42:00:29 229 
1641078438.799768 -311 -289 -275 -271 -271 -267 -266 -265 -265 -237 -234 -228 -223 -220 -217 
1641078438.799950 -214 -211 -207 -191 -186 -185 -176 -174 -160 -154 -151 -150 -122 -112 -94 
1641078439.435701 ### RSSI: -51, 9, 1640049544 ,1195 
1641078439.797949 ### DEBUG: Ticks: 1201, 16, 0 
1641078439.798218 1640049545 c0:98:e5:42:00:29 319 
1641078439.798400 -190 -175 -173 -153 -139 -137 -134 -131 -131 -119 -103 -100 -95 -95 -85 
1641078439.798575 -83 -66 -65 -59 -57 -35 -25 -17 0 17 37 49 51 53 79 
1641078440.438020 ### RSSI: -45, 35, 1640049545 ,1211 
1641078440.792963 ### DEBUG: Ticks: 1217, 16, 0 
1641078440.793211 1640049546 c0:98:e5:42:00:29 280 
1641078440.793359 -397 -382 -376 -370 -350 -349 -348 -343 -343 -341 -332 -332 -331 -328 -324 
1641078440.793538 -320 -319 -313 -313 -310 -309 -304 -304 -303 -277 -270 -248 -218 -208 -177 
1641078441.439278 ### RSSI: -60, 4, 1640049546 ,1227 
1641078441.802170 ### DEBUG: Ticks: 1232, 15, 0 
1641078441.802498 1640049547 c0:98:e5:42:00:29 275 
1641078441.802697 -413 -405 -389 -380 -368 -365 -365 -350 -350 -350 -347 -344 -335 -327 -323 
1641078441.802889 -322 -317 -308 -299 -296 -296 -291 -288 -287 -283 -274 -274 -269 -227 -157 
1641078442.436169 ### RSSI: -47, 26, 1640049547 ,1242 
1641078442.801983 ### DEBUG: Ticks: 1248, 16, 0 
1641078442.802232 1640049548 c0:98:e5:42:00:29 278 
1641078442.802415 -278 -253 -250 -249 -247 -244 -243 -242 -242 -228 -202 -189 -186 -181 -177 
1641078442.802568 -176 -176 -173 -169 -143 -143 -135 -134 -133 -123 -122 -118 -114 -111 -29 
1641078443.433387 ### RSSI: -66, 26, 1640049548 ,1258 
1641078443.797713 ### DEBUG: Ticks: 1263, 15, 0 
1641078443.798007 1640049549 c0:98:e5:42:00:29 440 
1641078443.798190 -4 30 31 32 42 45 46 47 71 76 87 93 96 97 107 
1641078443.798892 108 118 119 125 126 129 131 131 134 140 140 144 165 166 186 
1641078444.436699 ### RSSI: -55, 8, 1640049549 ,1273 
1641078444.798875 ### DEBUG: Ticks: 1279, 16, 0 
1641078444.799156 1640049550 c0:98:e5:42:00:29 462 
1641078444.799340 16 16 30 30 39 40 53 58 65 67 72 72 73 91 95 
1641078444.799612 98 100 103 104 110 110 114 118 122 124 133 137 150 164 166 
1641078445.441778 ### RSSI: -58, 30, 1640049550 ,1289 
1641078445.799917 ### DEBUG: Ticks: 1295, 16, 0 
1641078445.800170 1640049551 c0:98:e5:42:00:29 531 
1641078445.800364 -32 8 37 60 61 63 67 73 73 84 98 106 110 110 111 
1641078445.800520 114 120 127 128 134 140 144 144 157 167 172 174 175 241 271 
1641078446.434004 ### RSSI: -58, 30, 1640049552 ,1305 
1641078446.789739 ### DEBUG: Ticks: 1310, 15, 0 
1641078446.803740 1640049552 c0:98:e5:42:00:29 624 
1641078446.803997 199 216 217 221 222 223 229 230 233 248 252 258 269 270 277 
1641078446.804162 277 278 281 290 301 301 306 308 313 314 344 346 389 404 410 
1641078447.433044 ### RSSI: -56, 24, 1640049553 ,1320 
1641078447.795807 ### ERROR: Failed reading SquarePoint packet length
1641078448.433846 ### RSSI: -60, 17, 1640049554 ,1336 
1641078449.437193 ### RSSI: -65, 7, 1640049555 ,1352 
1641078449.793284 ### DEBUG: Ticks: 1357, 47, 0 
1641078449.793505 1640049555 c0:98:e5:42:00:29 678 
1641078449.805629 323 344 351 353 359 367 371 405 405 411 415 419 422 424 429 
1641078449.805832 438 444 444 445 446 449 455 458 465 489 512 518 518 526 536 
1641078450.437051 ### RSSI: -69, 6, 1640049556 ,1367 
1641078450.792006 ### DEBUG: Ticks: 1373, 16, 0 
1641078450.792255 1640049556 c0:98:e5:42:00:29 648 
1641078450.804898 176 189 219 238 255 258 262 263 266 272 281 282 291 296 300 
1641078450.805186 300 304 306 312 316 317 319 330 335 364 380 386 391 404 411 
1641078451.434951 ### RSSI: -57, 36, 1640049557 ,1383 
1641078451.800256 ### DEBUG: Ticks: 1388, 15, 0 
1641078451.801085 1640049557 c0:98:e5:42:00:29 653 
1641078451.803050 241 256 274 285 304 318 334 338 341 341 342 344 352 355 357 
1641078451.803359 364 370 376 379 379 380 383 398 404 406 407 408 415 471 481 
1641078452.441508 ### RSSI: -60, 19, 1640049558 ,1398 
1641078452.793906 ### DEBUG: Ticks: 1404, 16, 0 
1641078452.794188 1640049558 c0:98:e5:42:00:29 722 
1641078452.805483 276 314 327 343 353 355 362 373 374 379 380 384 392 395 404 
1641078452.805735 407 413 422 426 441 456 459 484 492 495 499 515 523 548 575 
1641078453.433855 ### RSSI: -60, 9, 1640049559 ,1414 
1641078453.792837 ### DEBUG: Ticks: 1420, 16, 0 
1641078453.793148 1640049559 c0:98:e5:42:00:29 703 
1641078453.803336 225 250 252 257 263 267 269 279 280 306 310 313 314 320 328 
1641078453.803655 328 353 355 358 359 367 368 382 404 404 406 407 409 433 642 
1641078454.441374 ### RSSI: -62, 6, 1640049560 ,1430 
1641078454.801537 ### DEBUG: Ticks: 1435, 15, 0 
1641078454.801765 1640049560 c0:98:e5:42:00:29 881 
1641078454.801901 423 431 432 443 449 464 467 470 478 491 494 498 500 500 500 
1641078454.802043 501 519 541 552 552 556 556 567 574 584 600 617 620 660 767 
1641078455.436200 ### RSSI: -62, 28, 1640049561 ,1445 
1641078455.794723 ### DEBUG: Ticks: 1451, 16, 0 
1641078455.794986 1640049561 c0:98:e5:42:00:29 1359 
1641078455.795150 873 884 897 899 900 907 908 913 914 914 922 927 927 928 941 
1641078455.795292 944 947 953 955 956 956 976 983 996 998 1025 1026 1050 1056 1066 
1641078456.439130 ### RSSI: -55, 16, 1640049562 ,1461 
1641078456.793206 ### DEBUG: Ticks: 1466, 15, 0 
1641078456.793522 1640049562 c0:98:e5:42:00:29 1834 
1641078456.793742 1412 1423 1429 1432 1439 1445 1450 1462 1474 1474 1480 1480 1488 1489 1492 
1641078456.805627 1497 1504 1507 1515 1521 1536 1542 1544 1553 1564 1568 1573 1590 1604 1648 
1641078457.279865 ### INFO: SD card flushed!
1641078457.443817 ### RSSI: -57, 19, 1640049563 ,1477 
1641078457.793847 ### DEBUG: Ticks: 1482, 16, 0 
1641078457.794093 1640049563 c0:98:e5:42:00:29 1930 
1641078457.794280 1436 1441 1444 1449 1455 1461 1462 1471 1486 1488 1491 1503 1505 1508 1518 
1641078457.794483 1523 1527 1527 1529 1538 1539 1542 1545 1548 1550 1567 1569 1572 1587 1634 
1641078458.442340 ### RSSI: -57, 36, 1640049564 ,1492 
1641078458.797620 ### ERROR: Failed reading SquarePoint packet length
1641078459.443314 ### RSSI: -57, 17, 1640049565 ,1508 
1641078460.434325 ### RSSI: -56, 15, 1640049566 ,1523 
1641078460.799750 ### DEBUG: Ticks: 1529, 47, 0 
1641078460.800079 1640049566 c0:98:e5:42:00:29 1805 
1641078460.800246 1485 1490 1493 1493 1494 1498 1501 1515 1519 1525 1534 1539 1540 1545 1546 
1641078460.800406 1549 1560 1561 1573 1574 1576 1588 1599 1621 1629 1638 1638 1641 1645 1679 
1641078461.440533 ### RSSI: -57, 1, 1640049567 ,1539 
1641078461.800364 ### DEBUG: Ticks: 1545, 16, 0 
1641078461.800616 1640049567 c0:98:e5:42:00:29 1497 
1641078461.800924 1076 1085 1088 1098 1101 1110 1110 1119 1119 1121 1125 1136 1140 1143 1144 
1641078461.801468 1146 1162 1168 1170 1195 1201 1215 1216 1227 1229 1231 1238 1258 1265 1274 
1641078462.441396 ### RSSI: -57, 4, 1640049567 ,1555 
1641078462.795420 ### DEBUG: Ticks: 1560, 15, 0 
1641078462.795795 1640049568 c0:98:e5:42:00:29 983 
1641078462.795953 470 493 494 494 510 519 524 525 527 540 549 550 555 556 558 
1641078462.796132 562 566 570 574 578 580 584 586 592 594 596 597 604 638 678 
1641078463.439874 ### RSSI: -61, 18, 1640049568 ,1570 
1641078463.796261 ### DEBUG: Ticks: 1576, 16, 0 
1641078463.796670 1640049569 c0:98:e5:42:00:29 742 
1641078463.796856 268 278 285 322 326 327 334 337 340 346 357 361 362 364 371 
1641078463.797065 374 385 387 391 397 405 429 438 440 446 456 476 479 520 552 
1641078464.439882 ### RSSI: -67, 8, 1640049569 ,1586 
1641078464.800191 ### DEBUG: Ticks: 1591, 15, 0 
1641078464.800443 1640049570 c0:98:e5:42:00:29 718 
1641078464.800644 203 224 229 243 258 258 269 273 274 275 284 285 293 297 298 
1641078464.800797 312 320 321 323 324 324 325 348 352 354 368 369 377 379 419 
1641078465.437941 ### RSSI: -70, 7, 1640049570 ,1601 
1641078465.800745 ### DEBUG: Ticks: 1607, 16, 0 
1641078465.801078 1640049571 c0:98:e5:42:00:29 770 
1641078465.801293 292 301 316 323 333 350 352 356 360 369 371 373 382 386 388 
1641078465.801487 391 393 395 396 409 411 420 420 423 443 460 481 507 515 524 
1641078466.440007 ### RSSI: -58, 29, 1640049571 ,1617 
1641078466.795771 ### DEBUG: Ticks: 1623, 16, 0 
1641078466.796017 1640049572 c0:98:e5:42:00:29 813 
1641078466.796200 379 405 439 454 455 459 469 471 478 481 485 489 489 500 501 
1641078466.796377 509 509 535 536 546 547 553 585 604 605 620 640 692 705 764 
1641078467.438390 ### RSSI: -62, 25, 1640049572 ,1633 
1641078467.802673 ### DEBUG: Ticks: 1638, 15, 0 
1641078467.802966 1640049573 c0:98:e5:42:00:29 807 
1641078467.803212 352 356 357 363 365 376 393 395 395 403 404 404 404 415 420 
1641078467.803392 425 426 427 438 438 443 443 447 454 454 460 544 563 569 588 
1641078468.440191 ### RSSI: -55, 0, 1640049573 ,1648 
1641078468.796094 ### DEBUG: Ticks: 1654, 16, 0 
1641078468.796378 1640049574 c0:98:e5:42:00:29 1235 
1641078468.796559 720 767 772 786 804 806 809 809 811 811 817 819 822 833 834 
1641078468.796755 838 850 855 860 863 865 878 882 896 920 961 1012 1049 1065 1137 
1641078469.539065 ### RSSI: -58, 25, 1640049575 ,1665 
1641078469.788287 ### ERROR: Failed reading SquarePoint packet length
1641078470.533407 ### RSSI: -54, 2, 1640049576 ,1681 
1641078471.537762 ### RSSI: -60, 26, 1640049577 ,1697 
1641078471.797873 ### DEBUG: Ticks: 1701, 47, 0 
1641078471.798129 1640049577 c0:98:e5:42:00:29 2001 
1641078471.798286 1572 1588 1604 1606 1611 1629 1634 1641 1651 1655 1656 1662 1671 1671 1673 
1641078471.798444 1677 1694 1718 1730 1731 1732 1733 1736 1744 1752 1756 1757 1762 1765 1841 
1641078472.537760 ### RSSI: -59, 28, 1640049578 ,1712 
1641078472.798177 ### DEBUG: Ticks: 1716, 15, 0 
1641078472.798459 1640049578 c0:98:e5:42:00:29 1992 
1641078472.798654 1531 1540 1561 1562 1563 1565 1574 1577 1579 1583 1594 1602 1611 1612 1629 
1641078472.798887 1632 1643 1651 1652 1655 1664 1665 1668 1677 1681 1687 1700 1706 1722 1842 
1641078473.532856 ### RSSI: -54, 5, 1640049579 ,1728 
1641078473.793224 ### DEBUG: Ticks: 1732, 16, 0 
1641078473.793548 1640049579 c0:98:e5:42:00:29 1911 
1641078473.805563 1449 1451 1452 1458 1462 1469 1478 1480 1487 1494 1504 1509 1511 1523 1524 
1641078473.805821 1530 1532 1533 1542 1544 1547 1560 1567 1571 1572 1575 1624 1625 1625 1625 
1641078474.535600 ### RSSI: -59, 27, 1640049580 ,1744 
1641078474.794515 ### DEBUG: Ticks: 1748, 16, 0 
1641078474.794764 1640049580 c0:98:e5:42:00:29 1709 
1641078474.794932 1292 1294 1313 1324 1327 1327 1329 1341 1346 1348 1353 1357 1360 1362 1367 
1641078474.795084 1374 1374 1390 1390 1395 1399 1400 1407 1416 1418 1428 1439 1444 1451 1461 
1641078475.537759 ### RSSI: -76, 12, 1640049581 ,1759 
1641078475.793797 ### DEBUG: Ticks: 1763, 15, 0 
1641078475.794045 1640049581 c0:98:e5:42:00:29 1312 
1641078475.794210 926 958 961 963 975 978 988 997 1000 1001 1003 1008 1012 1012 1031 
1641078475.794370 1031 1031 1034 1044 1053 1056 1060 1065 1081 1088 1118 1145 1151 1157 1322 
1641078476.531766 ### RSSI: -58, 3, 1640049582 ,1775 
1641078476.800535 ### DEBUG: Ticks: 1779, 16, 0 
1641078476.800706 1640049582 c0:98:e5:42:00:29 850 
1641078476.800934 457 467 478 479 484 488 489 496 500 507 508 536 537 538 540 
1641078476.801295 542 543 546 556 560 561 564 574 586 593 599 641 690 720 853 
1641078477.535425 ### RSSI: -60, 11, 1640049583 ,1790 
1641078477.794268 ### DEBUG: Ticks: 1794, 15, 0 
1641078477.794538 1640049583 c0:98:e5:42:00:29 722 
1641078477.794743 329 329 346 376 388 413 416 422 426 435 436 436 440 443 451 
1641078477.794905 462 481 485 490 492 499 514 529 539 544 571 580 587 630 714 
1641078478.535806 ### RSSI: -58, 33, 1640049584 ,1806 
1641078478.796118 ### DEBUG: Ticks: 1810, 16, 0 
1641078478.796369 1640049584 c0:98:e5:42:00:29 639 
1641078478.796533 207 224 243 252 253 255 269 270 277 278 285 294 302 302 319 
1641078478.796694 320 326 327 327 334 335 340 342 355 364 364 415 451 452 459 
1641078479.533755 ### RSSI: -64, 9, 1640049585 ,1822 
1641078479.793418 ### DEBUG: Ticks: 1826, 16, 0 
1641078479.793637 1640049585 c0:98:e5:42:00:29 521 
1641078479.806001 31 59 64 76 81 84 87 99 103 105 105 124 126 131 132 
1641078479.806222 141 145 149 165 167 172 173 178 184 190 195 196 244 254 255 
1641078480.539962 ### RSSI: -55, 34, 1640049586 ,1837 
1641078480.790089 ### ERROR: Failed reading SquarePoint packet length
1641078481.537816 ### RSSI: -67, 24, 1640049587 ,1853 
1641078482.533956 ### RSSI: -56, 5, 1640049588 ,1869 
1641078482.794069 ### DEBUG: Ticks: 1873, 47, 0 
1641078482.794311 1640049588 c0:98:e5:42:00:29 1190 
1641078482.794447 669 679 679 681 682 689 710 711 711 714 725 726 731 734 740 
1641078482.794587 741 745 749 760 773 776 781 786 795 804 818 846 848 859 940 
1641078483.535356 ### RSSI: -57, 33, 1640049589 ,1884 
1641078483.794713 ### DEBUG: Ticks: 1888, 15, 0 
1641078483.794946 1640049589 c0:98:e5:42:00:29 1755 
1641078483.795106 1317 1323 1324 1324 1333 1335 1335 1341 1347 1348 1362 1367 1369 1369 1371 
1641078483.795253 1372 1386 1391 1395 1409 1411 1418 1426 1433 1434 1445 1446 1457 1470 1494 
1641078484.535041 ### RSSI: -55, 9, 1640049590 ,1900 
1641078484.800849 ### DEBUG: Ticks: 1904, 16, 0 
1641078484.801153 1640049590 c0:98:e5:42:00:29 1971 
1641078484.801351 1536 1587 1590 1594 1595 1603 1610 1627 1627 1627 1635 1641 1644 1651 1653 
1641078484.801529 1661 1662 1663 1679 1685 1691 1696 1697 1718 1728 1733 1739 1745 1747 1860 
1641078485.535314 ### RSSI: -56, 23, 1640049591 ,1915 
1641078485.794130 ### DEBUG: Ticks: 1919, 15, 0 
1641078485.794379 1640049591 c0:98:e5:42:00:29 1894 
1641078485.794566 1448 1460 1462 1464 1470 1472 1483 1492 1492 1493 1493 1496 1508 1515 1517 
1641078485.809110 1524 1526 1530 1538 1538 1549 1554 1567 1568 1574 1574 1579 1595 1601 1710 
1641078486.540051 ### RSSI: -59, 34, 1640049592 ,1931 
1641078486.801946 ### DEBUG: Ticks: 1935, 16, 0 
1641078486.802191 1640049592 c0:98:e5:42:00:29 1950 
1641078486.802357 1538 1553 1556 1556 1556 1558 1560 1560 1573 1582 1595 1597 1599 1599 1603 
1641078486.802518 1605 1606 1616 1626 1626 1630 1644 1645 1646 1653 1667 1671 1677 1690 1767 
1641078487.532076 ### RSSI: -57, 14, 1640049592 ,1947 
1641078487.801508 ### DEBUG: Ticks: 1951, 16, 0 
1641078487.801732 1640049593 c0:98:e5:42:00:29 1888 
1641078487.801877 1428 1481 1485 1485 1491 1497 1507 1512 1517 1523 1531 1535 1536 1542 1542 
1641078487.802048 1551 1551 1557 1558 1571 1573 1581 1581 1588 1589 1595 1602 1603 1603 1666 
1641078488.539862 ### RSSI: -56, 4, 1640049593 ,1962 
1641078488.800394 ### DEBUG: Ticks: 1966, 15, 0 
1641078488.800642 1640049594 c0:98:e5:42:00:29 1650 
1641078488.800780 1208 1257 1261 1262 1266 1267 1267 1268 1271 1271 1272 1275 1281 1313 1316 
1641078488.800962 1323 1330 1334 1343 1347 1353 1353 1355 1361 1361 1373 1374 1378 1411 1418 
1641078489.533333 ### RSSI: -70, 22, 1640049594 ,1978 
1641078489.798627 ### DEBUG: Ticks: 1982, 16, 0 
1641078489.798803 1640049595 c0:98:e5:42:00:29 1234 
1641078489.798910 784 792 821 826 834 836 836 837 844 846 848 852 857 857 859 
1641078489.799006 875 876 879 880 883 888 888 896 913 916 940 957 993 1011 1023 
1641078490.532829 ### RSSI: -54, 2, 1640049595 ,1993 
1641078490.801930 ### DEBUG: Ticks: 1998, 16, 0 
1641078490.802152 1640049596 c0:98:e5:42:00:29 849 
1641078490.802290 359 394 409 415 417 429 431 432 433 437 442 446 448 449 459 
1641078490.802448 470 482 482 486 491 499 508 516 519 554 554 565 667 670 751 
1641078491.537573 ### RSSI: -63, 11, 1640049596 ,2009 
1641078491.797979 ### ERROR: Failed reading SquarePoint packet length
1641078492.539269 ### RSSI: -64, 24, 1640049598 ,2025 
1641078493.540309 ### RSSI: -57, 19, 1640049599 ,2040 
1641078493.798191 ### DEBUG: Ticks: 2044, 46, 0 
1641078493.798416 1640049599 c0:98:e5:42:00:29 827 
1641078493.798552 424 461 479 485 492 506 510 511 512 514 528 540 552 557 563 
1641078493.798693 568 574 577 578 586 587 590 602 607 651 690 693 734 760 817 
1641078494.539626 ### RSSI: -53, 31, 1640049600 ,2056 
1641078494.800553 ### DEBUG: Ticks: 2060, 16, 0 
1641078494.800773 1640049600 c0:98:e5:42:00:29 747 
1641078494.800913 269 286 325 329 330 340 344 354 361 363 369 371 373 378 385 
1641078494.801057 387 401 408 414 416 426 427 440 456 459 467 481 484 514 525 
1641078495.541001 ### RSSI: -54, 10, 1640049601 ,2072 
1641078495.797222 ### DEBUG: Ticks: 2076, 16, 0 
1641078495.797412 1640049601 c0:98:e5:42:00:29 1080 
1641078495.797511 666 675 675 693 711 712 726 728 734 754 758 770 773 777 778 
1641078495.797613 784 785 788 797 805 811 814 820 833 839 866 887 899 904 937 
1641078496.538302 ### RSSI: -62, 4, 1640049602 ,2087 
1641078496.794465 ### DEBUG: Ticks: 2091, 15, 0 
1641078496.794747 1640049602 c0:98:e5:42:00:29 1478 
1641078496.794905 929 934 939 940 949 954 967 977 990 993 994 1004 1008 1010 1015 
1641078496.795066 1017 1025 1028 1038 1039 1043 1056 1061 1068 1072 1100 1105 1140 1157 1263 
1641078497.535791 ### RSSI: -58, 14, 1640049603 ,2103 
1641078497.794239 ### DEBUG: Ticks: 2107, 16, 0 
1641078497.794531 1640049603 c0:98:e5:42:00:29 2032 
1641078497.794704 1629 1632 1643 1659 1663 1677 1687 1697 1698 1704 1707 1708 1710 1716 1726 
1641078497.808069 1728 1741 1743 1743 1747 1751 1758 1759 1760 1785 1791 1793 1796 1804 1830 
1641078498.535931 ### RSSI: -59, 26, 1640049604 ,2118 
1641078498.800775 ### DEBUG: Ticks: 2123, 16, 0 
1641078498.801042 1640049604 c0:98:e5:42:00:29 2081 
1641078498.801209 1647 1651 1651 1677 1685 1695 1697 1704 1706 1715 1716 1717 1721 1730 1751 
1641078498.801367 1754 1754 1755 1759 1770 1772 1772 1783 1784 1790 1791 1797 1799 1830 1835 
1641078499.254646 ### INFO: SD card flushed!
1641078499.533572 ### RSSI: -57, 12, 1640049605 ,2134 
1641078499.794195 ### DEBUG: Ticks: 2138, 15, 0 
1641078499.794483 1640049605 c0:98:e5:42:00:29 1984 
1641078499.794702 1475 1480 1484 1517 1519 1528 1547 1548 1548 1548 1550 1551 1555 1558 1560 
1641078499.794891 1561 1562 1570 1584 1585 1596 1603 1604 1619 1626 1636 1639 1661 1668 1690 
1641078500.539682 ### RSSI: -57, 27, 1640049606 ,2150 
1641078500.797498 ### DEBUG: Ticks: 2154, 16, 0 
1641078500.799975 1640049606 c0:98:e5:42:00:29 2074 
1641078500.802399 1679 1694 1696 1715 1725 1727 1741 1741 1743 1748 1757 1764 1765 1780 1787 
1641078500.802658 1794 1797 1799 1810 1813 1813 1817 1822 1831 1831 1859 1861 1870 1889 1958 
1641078501.534006 ### RSSI: -56, 15, 1640049607 ,2165 
1641078501.794703 ### DEBUG: Ticks: 2169, 15, 0 
1641078501.794928 1640049607 c0:98:e5:42:00:29 1885 
1641078501.795114 1524 1526 1526 1542 1557 1557 1562 1562 1564 1574 1579 1580 1588 1590 1596 
1641078501.806822 1597 1600 1612 1628 1629 1633 1642 1652 1668 1675 1678 1680 1683 1716 1723 
1641078502.538910 ### RSSI: -59, 19, 1640049608 ,2181 
1641078502.799671 ### ERROR: Failed reading SquarePoint packet length
1641078503.537269 ### RSSI: -55, 24, 1640049609 ,2197 
1641078504.531449 ### RSSI: -58, 7, 1640049610 ,2212 
1641078504.793048 ### DEBUG: Ticks: 2216, 47, 0 
1641078504.793271 1640049610 c0:98:e5:42:00:29 639 
1641078504.805135 177 196 213 219 221 227 232 235 241 248 248 251 259 266 270 
1641078504.805383 276 284 299 303 304 318 327 338 347 354 363 411 432 438 475 
1641078505.530083 ### RSSI: -60, 22, 1640049611 ,2228 
1641078505.796306 ### DEBUG: Ticks: 2232, 16, 0 
1641078505.796555 1640049611 c0:98:e5:42:00:29 496 
1641078505.796749 111 115 145 147 150 155 156 169 170 171 175 180 182 184 184 
1641078505.796924 192 210 214 215 218 219 225 236 252 260 271 273 322 356 367 
1641078506.537546 ### RSSI: -66, 5, 1640049612 ,2243 
1641078506.794551 ### DEBUG: Ticks: 2247, 15, 0 
1641078506.796094 1640049612 c0:98:e5:42:00:29 605 
1641078506.806397 188 207 221 241 243 252 258 272 276 287 292 294 296 297 297 
1641078506.806599 319 329 332 336 342 362 369 373 375 375 402 409 413 431 518 
1641078507.538432 ### RSSI: -69, 5, 1640049613 ,2259 
1641078507.794781 ### DEBUG: Ticks: 2263, 16, 0 
1641078507.795006 1640049613 c0:98:e5:42:00:29 628 
1641078507.795141 240 252 274 274 275 277 284 296 308 318 322 326 339 344 345 
1641078507.795282 348 351 355 365 368 376 390 394 449 457 465 490 503 530 582 
1641078508.534334 ### RSSI: -54, 23, 1640049614 ,2275 
1641078508.802109 ### DEBUG: Ticks: 2279, 16, 0 
1641078508.802344 1640049614 c0:98:e5:42:00:29 687 
1641078508.802506 233 255 255 256 260 265 273 280 294 297 303 304 307 313 316 
1641078508.802695 324 331 333 334 334 337 354 359 366 366 408 409 415 417 458 
1641078509.534186 ### RSSI: -54, 31, 1640049615 ,2290 
1641078509.795184 ### DEBUG: Ticks: 2294, 15, 0 
1641078509.795390 1640049615 c0:98:e5:42:00:29 1124 
1641078509.795574 690 692 694 708 717 724 730 739 740 745 747 748 749 771 775 
1641078509.795725 777 781 782 806 813 820 821 828 828 835 885 894 927 1049 0 
1641078510.533556 ### RSSI: -58, 23, 1640049616 ,2306 
1641078510.797570 ### DEBUG: Ticks: 2310, 16, 0 
1641078510.797853 1640049616 c0:98:e5:42:00:29 1644 
1641078510.798037 1227 1277 1295 1299 1312 1312 1317 1323 1325 1327 1329 1335 1343 1350 1353 
1641078510.798239 1362 1363 1366 1367 1372 1372 1386 1406 1413 1417 1425 1438 1440 1448 1450 
1641078511.539264 ### RSSI: -56, 1, 1640049616 ,2321 
1641078511.797079 ### DEBUG: Ticks: 2326, 16, 0 
1641078511.797377 1640049617 c0:98:e5:42:00:29 2050 
1641078511.797573 1671 1694 1700 1703 1719 1723 1724 1725 1731 1734 1738 1742 1745 1756 1761 
1641078511.797795 1767 1767 1772 1779 1782 1795 1801 1801 1802 1813 1823 1858 1863 1888 2053 
1641078512.531021 ### RSSI: -56, 1, 1640049617 ,2337 
1641078512.799795 ### DEBUG: Ticks: 2341, 15, 0 
1641078512.800042 1640049618 c0:98:e5:42:00:29 1993 
1641078512.800205 1552 1557 1562 1577 1603 1605 1607 1609 1611 1612 1613 1615 1631 1633 1634 
1641078512.800452 1637 1647 1649 1649 1673 1685 1689 1697 1702 1703 1719 1732 1736 1754 1772 
1641078513.532196 ### RSSI: -57, 0, 1640049618 ,2353 
1641078513.788502 ### ERROR: Failed reading SquarePoint packet length
1641078514.531676 ### RSSI: -58, 32, 1640049619 ,2368 
1641078515.531160 ### RSSI: -60, 35, 1640049620 ,2384 
1641078515.802855 ### DEBUG: Ticks: 2388, 47, 0 
1641078515.804984 1640049621 c0:98:e5:42:00:29 1669 
1641078515.805272 1291 1305 1314 1322 1333 1334 1339 1351 1356 1357 1358 1364 1365 1367 1377 
1641078515.805596 1380 1388 1389 1392 1392 1394 1394 1403 1410 1411 1424 1434 1445 1451 1478 
1641078516.530732 ### RSSI: -62, 12, 1640049622 ,2400 
1641078516.798464 ### DEBUG: Ticks: 2404, 16, 0 
1641078516.798737 1640049622 c0:98:e5:42:00:29 1316 
1641078516.798873 864 878 887 905 923 925 931 942 942 943 953 956 957 959 970 
1641078516.799012 976 977 978 980 993 1005 1008 1012 1020 1022 1044 1082 1090 1104 1233 
1641078517.529935 ### RSSI: -54, 36, 1640049623 ,2415 
1641078517.802566 ### DEBUG: Ticks: 2419, 15, 0 
1641078517.802814 1640049623 c0:98:e5:42:00:29 926 
1641078517.803044 446 453 473 474 476 496 497 499 500 501 507 519 520 527 531 
1641078517.803198 539 543 548 587 589 592 593 597 620 635 675 687 690 690 763 
1641078518.532657 ### RSSI: -53, 22, 1640049624 ,2431 
1641078518.798054 ### DEBUG: Ticks: 2435, 16, 0 
1641078518.798311 1640049624 c0:98:e5:42:00:29 733 
1641078518.798473 216 238 302 312 318 321 328 343 347 348 351 360 364 364 366 
1641078518.798663 371 376 394 398 402 417 447 449 460 467 479 484 508 510 512 
1641078519.537233 ### RSSI: -61, 13, 1640049625 ,2446 
1641078519.795293 ### DEBUG: Ticks: 2451, 16, 0 
1641078519.795550 1640049625 c0:98:e5:42:00:29 716 
1641078519.806300 288 307 311 314 318 332 334 343 351 368 371 373 373 375 386 
1641078519.806514 387 392 402 409 414 420 427 429 442 454 475 482 484 487 533 
1641078520.531360 ### RSSI: -64, 29, 1640049626 ,2462 
1641078520.798374 ### DEBUG: Ticks: 2466, 15, 0 
1641078520.798551 1640049626 c0:98:e5:42:00:29 789 
1641078520.798651 331 344 346 351 356 365 382 385 386 392 406 413 418 433 436 
1641078520.798755 444 449 453 455 466 476 493 495 509 513 532 554 570 577 578 
1641078521.532392 ### RSSI: -57, 4, 1640049627 ,2478 
1641078521.795963 ### DEBUG: Ticks: 2482, 16, 0 
1641078521.797850 1640049627 c0:98:e5:42:00:29 629 
1641078521.807107 130 159 166 172 173 187 191 192 195 207 209 217 224 234 234 
1641078521.807391 244 249 249 257 266 270 289 313 318 327 328 329 333 363 456 
1641078522.539216 ### RSSI: -56, 23, 1640049628 ,2493 
1641078522.795749 ### DEBUG: Ticks: 2497, 15, 0 
1641078522.796037 1640049628 c0:98:e5:42:00:29 1045 
1641078522.796239 643 672 672 697 698 701 705 708 716 728 734 736 746 748 755 
1641078522.796445 756 759 760 761 773 784 789 789 802 835 850 855 924 955 1017 
1641078523.539050 ### RSSI: -72, 32, 1640049629 ,2509 
1641078523.795031 ### DEBUG: Ticks: 2513, 16, 0 
1641078523.795315 1640049629 c0:98:e5:42:00:29 1413 
1641078523.795607 972 1016 1034 1039 1040 1045 1046 1046 1051 1051 1056 1056 1059 1062 1074 
1641078523.795802 1077 1085 1087 1113 1122 1127 1130 1135 1156 1164 1169 1179 1210 1229 1435 
1641078524.538531 ### RSSI: -56, 11, 1640049630 ,2525 
1641078524.797041 ### ERROR: Failed reading SquarePoint packet length
1641078525.533755 ### RSSI: -58, 23, 1640049631 ,2540 
1641078526.534614 ### RSSI: -58, 26, 1640049632 ,2556 
1641078526.803101 ### DEBUG: Ticks: 2560, 47, 0 
1641078526.803330 1640049632 c0:98:e5:42:00:29 1976 
1641078526.803481 1546 1557 1585 1589 1591 1597 1606 1609 1611 1611 1618 1619 1629 1635 1639 
1641078526.803963 1642 1650 1651 1654 1662 1668 1681 1684 1685 1696 1698 1702 1706 1732 1749 
1641078527.530397 ### RSSI: -55, 5, 1640049633 ,2571 
1641078527.800940 ### DEBUG: Ticks: 2575, 15, 0 
1641078527.801177 1640049633 c0:98:e5:42:00:29 2036 
1641078527.801347 1662 1666 1674 1675 1676 1679 1696 1700 1704 1710 1716 1718 1719 1721 1735 
1641078527.801494 1750 1752 1753 1764 1770 1772 1775 1783 1793 1801 1802 1804 1814 1823 1852 
1641078528.529324 ### RSSI: -55, 10, 1640049634 ,2587 
1641078528.796159 ### DEBUG: Ticks: 2591, 16, 0 
1641078528.796422 1640049634 c0:98:e5:42:00:29 1892 
1641078528.796641 1451 1455 1488 1493 1494 1498 1501 1502 1505 1506 1509 1522 1529 1530 1535 
1641078528.796803 1550 1554 1555 1556 1557 1590 1608 1608 1609 1613 1624 1624 1626 1643 1654 
1641078529.529120 ### RSSI: -60, 21, 1640049635 ,2603 
1641078529.798896 ### DEBUG: Ticks: 2607, 16, 0 
1641078529.799203 1640049635 c0:98:e5:42:00:29 1674 
1641078529.799396 1175 1178 1181 1198 1200 1203 1208 1210 1211 1216 1220 1223 1229 1233 1236 
1641078529.799695 1237 1242 1283 1283 1287 1290 1297 1301 1308 1332 1336 1336 1347 1351 1363 
1641078530.534166 ### RSSI: -65, 10, 1640049636 ,2618 
1641078530.795618 ### DEBUG: Ticks: 2622, 15, 0 
1641078530.795847 1640049636 c0:98:e5:42:00:29 1229 
1641078530.806916 715 739 766 782 784 787 788 797 810 812 812 813 820 835 848 
1641078530.807144 850 852 853 859 864 879 898 904 935 947 949 971 999 1001 1152 
1641078531.528976 ### RSSI: -57, 8, 1640049637 ,2634 
1641078531.798620 ### DEBUG: Ticks: 2638, 16, 0 
1641078531.798818 1640049637 c0:98:e5:42:00:29 767 
1641078531.798945 265 277 277 278 302 309 312 312 321 321 321 331 337 347 347 
1641078531.799653 347 354 372 373 377 381 390 394 432 433 439 441 508 535 559 
1641078532.533866 ### RSSI: -66, 0, 1640049638 ,2649 
1641078532.801512 ### DEBUG: Ticks: 2654, 16, 0 
1641078532.801763 1640049638 c0:98:e5:42:00:29 636 
1641078532.801919 212 217 230 232 233 241 242 267 268 278 283 291 297 309 310 
1641078532.802078 321 331 333 346 363 368 374 386 393 402 408 435 442 462 480 
1641078533.536848 ### RSSI: -72, 14, 1640049639 ,2665 
1641078533.795861 ### DEBUG: Ticks: 2669, 15, 0 
1641078533.796113 1640049639 c0:98:e5:42:00:29 586 
1641078533.796301 184 185 209 210 219 227 249 254 260 267 269 271 272 273 283 
1641078533.796474 292 297 304 314 317 318 318 343 350 352 369 394 405 427 443 
1641078534.540412 ### RSSI: -61, 18, 1640049640 ,2681 
1641078534.797033 ### DEBUG: Ticks: 2685, 16, 0 
1641078534.798936 1640049640 c0:98:e5:42:00:29 607 
1641078534.802575 216 216 217 217 219 224 233 235 251 252 265 265 281 282 282 
1641078534.806379 292 296 309 327 344 373 387 391 392 393 417 437 500 510 0 
1641078535.531920 ### RSSI: -52, 22, 1640049640 ,2696 
1641078535.793115 ### DEBUG: Ticks: 2700, 15, 0 
1641078535.803460 1640049641 c0:98:e5:42:00:29 630 
1641078535.803827 187 188 201 214 220 228 230 239 241 245 251 259 260 261 261 
1641078535.804108 262 263 266 277 280 289 294 307 309 311 355 377 392 401 486 
1641078536.530056 ### RSSI: -53, 18, 1640049641 ,2712 
1641078536.792021 ### ERROR: Failed reading SquarePoint packet length
1641078537.540022 ### RSSI: -65, 6, 1640049642 ,2728 
1641078538.535943 ### RSSI: -56, 19, 1640049643 ,2743 
1641078538.796611 ### DEBUG: Ticks: 2747, 47, 0 
1641078538.797089 1640049644 c0:98:e5:42:00:29 1973 
1641078538.797290 1549 1592 1595 1598 1604 1616 1621 1629 1631 1633 1640 1643 1646 1647 1649 
1641078538.797490 1655 1659 1673 1675 1680 1689 1690 1697 1703 1707 1709 1711 1712 1725 1820 
1641078539.536476 ### RSSI: -57, 20, 1640049644 ,2759 
1641078539.800252 ### DEBUG: Ticks: 2763, 16, 0 
1641078539.800524 1640049645 c0:98:e5:42:00:29 1967 
1641078539.800698 1506 1535 1543 1543 1544 1545 1549 1552 1554 1561 1571 1571 1574 1580 1583 
1641078539.800918 1588 1589 1595 1598 1623 1631 1633 1634 1637 1649 1655 1658 1668 1674 1791 
1641078540.537463 ### RSSI: -58, 35, 1640049645 ,2774 
1641078540.798954 ### DEBUG: Ticks: 2779, 16, 0 
1641078540.799217 1640049646 c0:98:e5:42:00:29 2030 
1641078540.799372 1659 1663 1675 1681 1686 1689 1696 1701 1708 1712 1714 1714 1718 1725 1727 
1641078540.799581 1729 1730 1751 1752 1759 1762 1770 1774 1777 1787 1795 1803 1803 1806 1958 
1641078541.225317 ### INFO: SD card flushed!
1641078541.536251 ### RSSI: -55, 8, 1640049647 ,2790 
1641078541.801964 ### DEBUG: Ticks: 2794, 15, 0 
1641078541.802240 1640049647 c0:98:e5:42:00:29 2015 
1641078541.802377 1472 1494 1497 1508 1509 1511 1519 1521 1526 1527 1531 1535 1537 1541 1546 
1641078541.802536 1557 1561 1563 1566 1578 1580 1588 1591 1592 1598 1600 1603 1633 1641 1710 
1641078542.537367 ### RSSI: -58, 22, 1640049648 ,2806 
1641078542.796224 ### DEBUG: Ticks: 2810, 16, 0 
1641078542.796402 1640049648 c0:98:e5:42:00:29 1730 
1641078542.796499 1210 1228 1230 1237 1240 1248 1255 1258 1264 1266 1274 1278 1283 1287 1300 
1641078542.796761 1309 1311 1311 1313 1316 1321 1323 1341 1345 1348 1350 1369 1370 1374 1378 
1641078543.531896 ### RSSI: -61, 24, 1640049649 ,2821 
1641078543.800028 ### DEBUG: Ticks: 2825, 15, 0 
1641078543.801608 1640049649 c0:98:e5:42:00:29 1584 
1641078543.803804 1187 1225 1252 1253 1263 1269 1271 1277 1291 1297 1298 1302 1307 1311 1314 
1641078543.804041 1320 1323 1326 1329 1329 1335 1355 1371 1377 1387 1387 1392 1400 1402 1419 
1641078544.536296 ### RSSI: -62, 6, 1640049650 ,2837 
1641078544.796246 ### DEBUG: Ticks: 2841, 16, 0 
1641078544.796562 1640049650 c0:98:e5:42:00:29 1078 
1641078544.796745 628 658 675 677 682 683 683 689 689 694 704 713 715 723 735 
1641078544.796920 737 741 745 745 761 772 776 779 788 793 798 808 852 854 999 
1641078545.535948 ### RSSI: -73, 6, 1640049651 ,2853 
1641078545.792252 ### DEBUG: Ticks: 2857, 16, 0 
1641078545.803972 1640049651 c0:98:e5:42:00:29 698 
1641078545.804227 240 256 276 280 281 282 295 296 298 301 304 310 312 312 318 
1641078545.804389 325 326 328 331 333 340 342 369 372 408 421 444 458 466 485 
1641078546.531982 ### RSSI: -56, 19, 1640049652 ,2868 
1641078546.800138 ### DEBUG: Ticks: 2872, 15, 0 
1641078546.800423 1640049652 c0:98:e5:42:00:29 689 
1641078546.800623 188 214 216 237 241 255 256 261 264 265 269 271 279 280 289 
1641078546.800812 299 306 309 320 327 328 345 364 365 370 402 415 422 439 473 
1641078547.531269 ### RSSI: -64, 6, 1640049653 ,2884 
1641078547.675571 ### DEBUG: BLE START SCANNING called
1641078547.709015 ### addr: c0:98:e5:42:00:29 
1641078547.709317 ### on_adv_report outer RSSI: -65, time:1640049653 
1641078547.709487 ### INFO: Discovered new device: c0:98:e5:42:00:29
1641078547.709622 ### DEBUG: connected? already connected
1641078547.709753 ### DEBUG: BLE START SCANNING called
1641078547.766046 ### BLE EVENT: 16, INFO: BLE CONNECTED!
1641078547.766246 ### DEBUG: BLE START SCANNING called
1641078547.766357 ### RSSI: -60, 15, 1640049653 ,2887 
1641078547.766517 ### DEBUG: BLE START SCANNING called
1641078547.800734 ### DEBUG: Ticks: 2888, 16, 1 
1641078547.800902 1640049653 c0:98:e5:42:00:29 805 
1641078547.801013 378 391 394 408 422 425 426 438 442 449 449 451 452 459 462 
1641078547.801099 464 469 470 477 482 488 530 553 560 561 567 617 618 634 648 
1641078547.801175 ### DEBUG: BLE START SCANNING called
1641078547.870982 ### RSSI: -62, 9, 1640049653 ,2889 
1641078547.871192 ### DEBUG: BLE START SCANNING called
1641078547.970381 ### RSSI: -64, 4, 1640049653 ,2891 
1641078547.970610 ### DEBUG: BLE START SCANNING called
1641078548.071111 ### RSSI: -62, 11, 1640049653 ,2892 
1641078548.071362 ### DEBUG: BLE START SCANNING called
1641078548.169817 ### RSSI: -55, 35, 1640049653 ,2894 
1641078548.170070 ### DEBUG: BLE START SCANNING called
1641078548.262055 ### RSSI: -60, 12, 1640049654 ,2895 
1641078548.262298 ### DEBUG: BLE START SCANNING called
1641078548.366659 ### RSSI: -55, 28, 1640049654 ,2897 
1641078548.368516 ### DEBUG: BLE START SCANNING called
1641078548.463949 ### RSSI: -57, 13, 1640049654 ,2898 
1641078548.464239 ### DEBUG: BLE START SCANNING called
1641078548.532240 ### RSSI: -57, 1, 1640049654 ,2899 
1641078548.532521 ### DEBUG: BLE START SCANNING called
1641078548.566115 ### RSSI: -52, 27, 1640049654 ,2900 
1641078548.566375 ### DEBUG: BLE START SCANNING called
1641078548.634808 ### RSSI: -54, 16, 1640049654 ,2901 
1641078548.634970 ### DEBUG: BLE START SCANNING called
1641078548.667666 ### RSSI: -56, 1, 1640049654 ,2901 
1641078548.667897 ### DEBUG: BLE START SCANNING called
1641078548.678119 ### DEBUG: BLE START SCANNING called
1641078548.735218 ### RSSI: -57, 8, 1640049654 ,2903 
1641078548.735492 ### DEBUG: BLE START SCANNING called
1641078548.768108 ### RSSI: -58, 6, 1640049654 ,2903 
1641078548.768385 ### DEBUG: BLE START SCANNING called
1641078548.791910 ### ERROR: Failed reading SquarePoint packet length
1641078548.792141 ### DEBUG: BLE START SCANNING called
1641078548.834509 ### RSSI: -57, 3, 1640049654 ,2904 
1641078548.834764 ### DEBUG: BLE START SCANNING called
1641078548.867910 ### RSSI: -58, 0, 1640049654 ,2905 
1641078548.868169 ### DEBUG: BLE START SCANNING called
1641078548.933506 ### RSSI: -55, 8, 1640049654 ,2906 
1641078548.933783 ### DEBUG: BLE START SCANNING called
1641078548.967872 ### RSSI: -56, 6, 1640049654 ,2906 
1641078548.968103 ### DEBUG: BLE START SCANNING called
1641078549.034977 ### RSSI: -57, 4, 1640049654 ,2907 
1641078549.035217 ### DEBUG: BLE START SCANNING called
1641078549.069316 ### RSSI: -57, 2, 1640049654 ,2908 
1641078549.069542 ### DEBUG: BLE START SCANNING called
1641078549.135058 ### RSSI: -59, 5, 1640049654 ,2909 
1641078549.135359 ### DEBUG: BLE START SCANNING called
1641078549.169398 ### RSSI: -62, 17, 1640049654 ,2909 
1641078549.169599 ### DEBUG: BLE START SCANNING called
1641078549.229921 ### RSSI: -60, 27, 1640049655 ,2910 
1641078549.230094 ### DEBUG: BLE START SCANNING called
1641078549.264419 ### RSSI: -63, 8, 1640049655 ,2911 
1641078549.264622 ### DEBUG: BLE START SCANNING called
1641078549.333365 ### RSSI: -63, 32, 1640049655 ,2912 
1641078549.333655 ### DEBUG: BLE START SCANNING called
1641078549.367875 ### RSSI: -75, 21, 1640049655 ,2912 
1641078549.368158 ### DEBUG: BLE START SCANNING called
1641078549.681065 ### DEBUG: BLE START SCANNING called
1641078550.330694 ### RSSI: -61, 22, 1640049656 ,2927 
1641078550.330988 ### DEBUG: BLE START SCANNING called
1641078550.365987 ### RSSI: -58, 9, 1640049656 ,2928 
1641078550.366266 ### DEBUG: BLE START SCANNING called
1641078550.679188 ### DEBUG: BLE START SCANNING called
1641078550.796799 ### DEBUG: Ticks: 2935, 47, 1 
1641078550.797179 1640049656 c0:98:e5:42:00:29 1310 
1641078550.797320 811 817 835 837 847 857 862 868 871 873 879 888 895 905 909 
1641078550.797459 913 915 919 928 931 933 951 957 959 978 990 995 995 1060 1200 
1641078550.797592 ### DEBUG: BLE START SCANNING called
1641078551.339177 ### RSSI: -63, 35, 1640049657 ,2943 
1641078551.339466 ### DEBUG: BLE START SCANNING called
1641078551.361707 ### RSSI: -56, 10, 1640049657 ,2944 
1641078551.362014 ### DEBUG: BLE START SCANNING called
1641078551.679414 ### DEBUG: BLE START SCANNING called
1641078551.801867 ### DEBUG: Ticks: 2950, 15, 1 
1641078551.802092 1640049657 c0:98:e5:42:00:29 1783 
1641078551.802239 1307 1337 1343 1343 1347 1358 1362 1365 1368 1369 1370 1375 1387 1397 1408 
1641078551.802380 1410 1422 1423 1426 1436 1439 1445 1451 1457 1494 1499 1503 1505 1505 1506 
1641078551.802568 ### DEBUG: BLE START SCANNING called
1641078552.332977 ### RSSI: -56, 8, 1640049658 ,2959 
1641078552.333506 ### DEBUG: BLE START SCANNING called
1641078552.367489 ### RSSI: -60, 29, 1640049658 ,2959 
1641078552.369386 ### DEBUG: BLE START SCANNING called
1641078552.802070 ### DEBUG: Ticks: 2966, 16, 1 
1641078552.802365 1640049658 c0:98:e5:42:00:29 2023 
1641078552.802560 1560 1567 1577 1583 1596 1598 1607 1617 1618 1619 1620 1630 1635 1639 1642 
1641078552.802784 1645 1664 1671 1680 1688 1699 1707 1711 1712 1713 1717 1738 1744 1772 1882 
1641078553.336481 ### RSSI: -57, 14, 1640049659 ,2974 
1641078553.371804 ### RSSI: -56, 5, 1640049659 ,2975 
1641078553.796307 ### DEBUG: Ticks: 2982, 16, 1 
1641078553.796599 1640049659 c0:98:e5:42:00:29 1947 
1641078553.808829 1451 1452 1458 1470 1471 1473 1475 1476 1482 1482 1486 1489 1504 1505 1509 
1641078553.809127 1515 1518 1523 1529 1530 1533 1541 1542 1554 1565 1585 1597 1600 1604 1687 
1641078554.337312 ### RSSI: -57, 1, 1640049660 ,2990 
1641078554.361288 ### RSSI: -57, 24, 1640049660 ,2990 
1641078554.805504 ### DEBUG: Ticks: 2997, 15, 1 
1641078554.805692 1640049660 c0:98:e5:42:00:29 2074 
1641078554.805877 1607 1631 1668 1669 1671 1671 1676 1681 1682 1686 1689 1701 1709 1711 1714 
1641078554.806159 1731 1735 1747 1761 1762 1766 1771 1774 1782 1786 1789 1797 1801 1818 0 
1641078555.334692 ### RSSI: -57, 29, 1640049661 ,3006 
1641078555.367777 ### RSSI: -54, 8, 1640049661 ,3006 
1641078555.797142 ### DEBUG: Ticks: 3013, 16, 1 
1641078555.797433 1640049661 c0:98:e5:42:00:29 1924 
1641078555.797631 1560 1567 1568 1573 1574 1580 1581 1589 1591 1593 1604 1608 1610 1615 1620 
1641078555.797820 1630 1633 1633 1644 1656 1660 1667 1676 1681 1694 1698 1698 1704 1706 1849 
1641078556.333906 ### RSSI: -56, 7, 1640049662 ,3021 
1641078556.368416 ### RSSI: -54, 0, 1640049662 ,3022 
1641078556.799210 ### DEBUG: Ticks: 3028, 15, 1 
1641078556.799448 1640049662 c0:98:e5:42:00:29 1740 
1641078556.799710 1332 1363 1367 1380 1387 1398 1399 1408 1409 1409 1417 1422 1431 1436 1439 
1641078556.799946 1446 1448 1449 1461 1470 1489 1495 1496 1506 1508 1535 1540 1554 1561 1571 
1641078557.334260 ### RSSI: -66, 30, 1640049663 ,3037 
1641078557.366703 ### RSSI: -60, 12, 1640049663 ,3037 
1641078557.804639 ### DEBUG: Ticks: 3044, 16, 1 
1641078557.804926 1640049663 c0:98:e5:42:00:29 1216 
1641078557.805117 694 704 706 711 720 725 728 733 734 738 741 759 761 763 769 
1641078557.805303 771 775 785 811 812 813 814 817 817 821 825 844 844 855 1056 
1641078558.328113 ### RSSI: -52, 0, 1640049664 ,3052 
1641078558.362463 ### RSSI: -51, 9, 1640049664 ,3053 
1641078558.796066 ### DEBUG: Ticks: 3060, 16, 1 
1641078558.796300 1640049664 c0:98:e5:42:00:29 740 
1641078558.807947 252 257 263 268 270 279 283 283 285 285 286 288 292 298 300 
1641078558.808192 314 316 321 324 336 339 362 374 387 401 411 438 452 479 663 
1641078559.338699 ### RSSI: -52, 16, 1640049664 ,3068 
1641078559.361825 ### RSSI: -54, 7, 1640049664 ,3069 
1641078559.797408 ### DEBUG: Ticks: 3075, 15, 1 
1641078559.797672 1640049665 c0:98:e5:42:00:29 604 
1641078559.797829 126 136 200 204 214 214 217 218 225 229 238 252 256 272 275 
1641078559.797995 276 286 301 301 309 314 316 321 330 355 384 396 413 466 511 
1641078560.336201 ### RSSI: -62, 17, 1640049665 ,3084 
1641078560.359690 ### RSSI: -80, 5, 1640049665 ,3084 
1641078560.799064 ### ERROR: Failed reading SquarePoint packet length
1641078561.335071 ### RSSI: -67, 0, 1640049666 ,3099 
1641078561.367873 ### RSSI: -59, 16, 1640049666 ,3100 
1641078562.329312 ### RSSI: -53, 32, 1640049667 ,3115 
1641078562.364308 ### RSSI: -53, 4, 1640049667 ,3115 
1641078562.804933 ### DEBUG: Ticks: 3122, 47, 1 
1641078562.805127 1640049668 c0:98:e5:42:00:29 762 
1641078562.805236 288 349 362 363 366 366 379 387 390 395 398 402 407 410 410 
1641078562.805339 411 413 415 428 444 446 446 447 447 451 469 477 482 527 541 
1641078563.330846 ### RSSI: -55, 35, 1640049668 ,3131 
1641078563.362348 ### RSSI: -54, 31, 1640049668 ,3131 
1641078563.804726 ### DEBUG: Ticks: 3138, 16, 1 
1641078563.805049 1640049669 c0:98:e5:42:00:29 1026 
1641078563.805205 581 606 618 619 632 642 642 643 644 645 648 650 654 661 665 
1641078563.805365 667 671 677 681 685 701 708 712 716 732 736 761 783 801 893 
1641078564.334080 ### RSSI: -62, 1, 1640049669 ,3146 
1641078564.369835 ### RSSI: -81, 25, 1640049669 ,3147 
1641078564.797265 ### DEBUG: Ticks: 3153, 15, 1 
1641078564.797432 1640049670 c0:98:e5:42:00:29 1611 
1641078564.797550 1147 1155 1163 1180 1181 1186 1189 1191 1192 1194 1202 1207 1209 1211 1235 
1641078564.797638 1235 1235 1240 1243 1245 1249 1252 1252 1273 1279 1280 1290 1319 1322 1325 
1641078565.327701 ### RSSI: -56, 3, 1640049670 ,3162 
1641078565.360231 ### RSSI: -57, 14, 1640049670 ,3162 
1641078565.801921 ### DEBUG: Ticks: 3169, 16, 1 
1641078565.803696 1640049671 c0:98:e5:42:00:29 2057 
1641078565.803944 1604 1609 1612 1625 1637 1641 1643 1657 1659 1661 1667 1669 1677 1682 1689 
1641078565.804129 1698 1711 1712 1713 1713 1720 1722 1724 1728 1735 1736 1738 1747 1760 1925 
1641078566.334514 ### RSSI: -56, 5, 1640049671 ,3177 
1641078566.367492 ### RSSI: -56, 21, 1640049671 ,3178 
1641078566.797264 ### DEBUG: Ticks: 3185, 16, 1 
1641078566.798144 1640049672 c0:98:e5:42:00:29 2029 
1641078566.798294 1632 1633 1648 1657 1663 1666 1679 1682 1685 1688 1694 1694 1718 1721 1723 
1641078566.799086 1725 1727 1727 1727 1729 1735 1740 1741 1743 1772 1775 1784 1792 1796 1800 
1641078567.328259 ### RSSI: -57, 17, 1640049672 ,3193 
1641078567.362342 ### RSSI: -56, 1, 1640049672 ,3194 
1641078567.798797 ### DEBUG: Ticks: 3200, 15, 1 
1641078567.799066 1640049673 c0:98:e5:42:00:29 1977 
1641078567.799204 1534 1536 1566 1566 1572 1579 1580 1581 1583 1590 1591 1594 1598 1608 1609 
1641078567.799365 1619 1640 1644 1654 1661 1661 1667 1671 1688 1696 1700 1705 1711 1713 1728 
1641078568.332672 ### RSSI: -58, 29, 1640049673 ,3209 
1641078568.366982 ### RSSI: -54, 5, 1640049673 ,3209 
1641078568.801001 ### DEBUG: Ticks: 3216, 16, 1 
1641078568.801192 1640049674 c0:98:e5:42:00:29 2051 
1641078568.801308 1646 1661 1688 1694 1695 1711 1712 1714 1724 1727 1730 1732 1736 1751 1752 
1641078568.801420 1752 1766 1767 1768 1770 1775 1778 1781 1790 1797 1798 1805 1809 1821 1828 
1641078569.337035 ### RSSI: -56, 16, 1640049674 ,3224 
1641078569.359148 ### RSSI: -57, 19, 1640049675 ,3225 
1641078569.804870 ### DEBUG: Ticks: 3232, 16, 1 
1641078569.805111 1640049675 c0:98:e5:42:00:29 1973 
1641078569.805258 1501 1509 1515 1540 1546 1562 1564 1566 1579 1580 1583 1585 1587 1588 1595 
1641078569.805399 1601 1603 1619 1621 1622 1625 1626 1633 1634 1636 1644 1656 1658 1661 1809 
1641078570.334977 ### RSSI: -56, 7, 1640049676 ,3240 
1641078570.368628 ### RSSI: -56, 21, 1640049676 ,3240 
1641078570.804151 ### DEBUG: Ticks: 3247, 15, 1 
1641078570.804321 1640049676 c0:98:e5:42:00:29 1944 
1641078570.804421 1420 1452 1453 1458 1465 1471 1474 1478 1491 1493 1497 1504 1513 1517 1518 
1641078570.804533 1527 1529 1533 1535 1536 1540 1552 1556 1557 1557 1563 1564 1579 1580 1584 
1641078571.329835 ### RSSI: -55, 2, 1640049677 ,3255 
1641078571.363486 ### RSSI: -54, 6, 1640049677 ,3256 
1641078571.795223 ### ERROR: Failed reading SquarePoint packet length
1641078572.335838 ### RSSI: -53, 5, 1640049678 ,3271 
1641078572.369942 ### RSSI: -58, 30, 1640049678 ,3272 
1641078573.335095 ### RSSI: -53, 15, 1640049679 ,3287 
1641078573.368728 ### RSSI: -56, 30, 1640049679 ,3287 
1641078573.800261 ### DEBUG: Ticks: 3294, 47, 1 
1641078573.800529 1640049679 c0:98:e5:42:00:29 657 
1641078573.800684 282 287 293 302 309 310 317 329 339 343 344 346 351 363 369 
1641078573.800843 373 382 383 393 393 394 407 415 423 435 437 441 458 470 472 
1641078574.332838 ### RSSI: -53, 19, 1640049680 ,3302 
1641078574.365084 ### RSSI: -54, 17, 1640049680 ,3303 
1641078574.797123 ### DEBUG: Ticks: 3310, 16, 1 
1641078574.797434 1640049680 c0:98:e5:42:00:29 161 
1641078574.797634 -369 -340 -339 -338 -311 -311 -305 -301 -299 -291 -288 -275 -275 -272 -265 
1641078574.797815 -264 -260 -260 -257 -255 -252 -250 -237 -235 -222 -212 -204 -199 -165 -102 
1641078575.225205 ### INFO: SD card flushed!
1641078575.326849 ### RSSI: -53, 26, 1640049681 ,3318 
1641078575.361276 ### RSSI: -51, 2, 1640049681 ,3318 
1641078575.797380 ### DEBUG: Ticks: 3325, 15, 1 
1641078575.797583 1640049681 c0:98:e5:42:00:29 232 
1641078575.797712 -556 -534 -521 -521 -515 -510 -510 -507 -497 -495 -473 -472 -465 -465 -461 
1641078575.797855 -459 -457 -453 -453 -452 -448 -426 -419 -419 -397 -383 -381 -370 -361 -344 
1641078576.336717 ### RSSI: -49, 13, 1640049682 ,3334 
1641078576.803064 ### DEBUG: Ticks: 3341, 16, 1 
1641078576.803352 1640049682 c0:98:e5:42:00:29 196 
1641078576.803621 -432 -427 -423 -412 -406 -401 -393 -392 -381 -372 -358 -358 -355 -344 -342 
1641078576.803840 -340 -336 -335 -322 -312 -291 -288 -282 -279 -242 -234 -229 -228 -225 -206 
1641078577.327664 ### RSSI: -49, 11, 1640049683 ,3349 
1641078577.363139 ### RSSI: -53, 31, 1640049683 ,3350 
1641078577.804961 ### DEBUG: Ticks: 3356, 15, 1 
1641078577.805219 1640049683 c0:98:e5:42:00:29 227 
1641078577.805384 -540 -538 -537 -529 -523 -512 -509 -500 -492 -475 -474 -462 -456 -454 -452 
1641078577.805547 -442 -435 -432 -429 -420 -416 -407 -406 -404 -403 -399 -367 -353 -330 -319 
1641078578.102766 ### INFO: Device is now STATIONARY
1641078578.335064 ### RSSI: -51, 19, 1640049684 ,3365 
1641078578.358440 ### RSSI: -51, 20, 1640049684 ,3365 
1641078578.795952 ### DEBUG: Ticks: 3372, 16, 1 
1641078578.796222 1640049684 c0:98:e5:42:00:29 212 
1641078578.809001 -558 -511 -510 -506 -502 -500 -487 -481 -481 -475 -473 -466 -460 -458 -457 
1641078578.809259 -441 -438 -433 -428 -421 -418 -418 -408 -398 -362 -361 -353 -350 -337 -330 
