1641685960.645056 ###RTT Client: ************************************************************ 
1641685960.645208 ###RTT Client: *               SEGGER Microcontroller GmbH                * 
1641685960.645249 ###RTT Client: *   Solutions for real time microcontroller applications   * 
1641685960.645289 ###RTT Client: ************************************************************ 
1641685960.645329 ###RTT Client: *                                                          * 
1641685960.645369 ###RTT Client: *       (c) 2012 - 2016  SEGGER Microcontroller GmbH       * 
1641685960.645419 ###RTT Client: *                                                          * 
1641685960.645459 ###RTT Client: *     www.segger.com     Support: support@segger.com       * 
1641685960.645499 ###RTT Client: *                                                          * 
1641685960.645543 ###RTT Client: ************************************************************ 
1641685960.645582 ###RTT Client: *                                                          * 
1641685960.645622 ###RTT Client: * SEGGER J-Link RTT Client   Compiled Jan 30 2018 18:46:58 * 
1641685960.645661 ###RTT Client: *                                                          * 
1641685960.645706 ###RTT Client: ************************************************************ 
1641685960.645750 
1641685960.645795 ###RTT Client: -----------------------------------------------
1641685960.645840 ###RTT Client: Connecting to J-Link RTT Server via localhost:9201  Connected.
1641685960.645880 SEGGER J-Link V6.30 - Real time terminal output
1641685960.645919 J-Link EDU Mini V1 compiled Oct 22 2019 16:28:45 V1.0, SN=801021855
1641685960.645965 Process: JLinkExe
1641685960.646005 ### DEBUG: Ticks: 3056, 16, 1 
1641685960.646044 1640051152 c0:98:e5:42:00:2c 299 
1641685960.646084 467 472 513 522 530 535 546 574 575 575 580 583 592 592 598 
1641685960.646124 600 613 618 629 630 665 666 668 669 688 691 699 700 738 765 
1641685960.646169 ### RSSI: -45, 0, 1640051153 ,3069 
1641685960.646214 ### RSSI: -42, 22, 1640051153 ,3069 
1641685960.646259 ### DEBUG: Ticks: 3071, 15, 1 
1641685960.646303 1640051153 c0:98:e5:42:00:2c 273 
1641685960.646348 388 423 432 440 442 447 460 484 503 507 510 513 520 535 540 
1641685960.646392 554 555 563 563 581 586 588 589 603 611 617 620 643 687 689 
1641685960.646436 ### RSSI: -44, 20, 1640051154 ,3084 
1641685960.646481 ### RSSI: -44, 10, 1640051154 ,3085 
1641685960.646527 ### DEBUG: Ticks: 3087, 16, 1 
1641685960.646568 1640051154 c0:98:e5:42:00:2c 279 
1641685960.646609 418 428 477 492 493 499 510 527 530 532 533 544 553 556 557 
1641685960.646653 559 559 560 566 566 583 586 588 591 595 596 601 603 663 786 
1641685960.646698 ### RSSI: -45, 14, 1640051155 ,3100 
1641685960.646743 ### RSSI: -46, 2, 1640051155 ,3100 
1641685960.646787 ### DEBUG: Ticks: 3103, 16, 1 
1641685960.646831 1640051155 c0:98:e5:42:00:2c 244 
1641685960.646875 370 380 388 412 423 424 434 441 453 456 462 476 485 488 488 
1641685960.646919 490 496 516 528 528 531 532 536 539 542 552 557 557 612 667 
1641685960.646964 ### RSSI: -48, 29, 1640051156 ,3116 
1641685960.647003 ### RSSI: -44, 8, 1640051156 ,3116 
1641685960.647043 ### DEBUG: Ticks: 3118, 15, 1 
1641685960.647087 1640051156 c0:98:e5:42:00:2c 245 
1641685960.647132 358 400 406 424 426 427 427 430 458 470 471 477 479 483 489 
1641685960.647176 494 512 517 524 533 552 560 560 563 565 567 575 576 639 696 
1641685960.647221 ### RSSI: -44, 23, 1640051157 ,3131 
1641685960.647265 ### RSSI: -44, 19, 1640051157 ,3131 
1641685960.647309 ### DEBUG: Ticks: 3134, 16, 1 
1641685960.647354 1640051157 c0:98:e5:42:00:2c 219 
1641685960.647398 333 352 364 377 386 387 390 394 394 399 405 423 432 433 435 
1641685960.647438 441 445 454 465 475 475 483 486 490 495 553 563 566 595 619 
1641685960.647483 ### RSSI: -43, 28, 1640051158 ,3147 
1641685960.647528 ### RSSI: -44, 30, 1640051158 ,3147 
1641685960.647574 ### DEBUG: Ticks: 3149, 15, 1 
1641685960.647613 1640051158 c0:98:e5:42:00:2c 241 
1641685960.647652 319 362 388 399 400 401 413 427 430 435 438 455 466 469 482 
1641685960.647691 485 489 490 498 504 505 520 530 532 537 546 547 595 604 640 
1641685960.647731 ### RSSI: -44, 28, 1640051159 ,3162 
1641685960.647770 ### RSSI: -44, 23, 1640051159 ,3163 
1641685960.647809 ### DEBUG: Ticks: 3165, 16, 1 
1641685960.647850 1640051159 c0:98:e5:42:00:2c 323 
1641685960.647889 508 525 536 555 586 590 604 611 616 621 625 630 630 642 646 
1641685960.647928 646 651 653 656 656 670 695 698 701 721 722 752 787 794 0 
1641685960.647967 ### RSSI: -42, 33, 1640051159 ,3178 
1641685960.648006 ### RSSI: -45, 4, 1640051159 ,3178 
1641685960.648045 ### DEBUG: Ticks: 3181, 16, 1 
1641685960.648084 1640051160 c0:98:e5:42:00:2c 236 
1641685960.648123 366 383 396 399 416 426 436 454 456 457 457 463 467 467 469 
1641685960.648163 475 478 479 481 499 509 514 518 522 528 536 559 565 576 598 
1641685960.648202 ### RSSI: -45, 4, 1640051160 ,3194 
1641685960.648241 ### RSSI: -42, 27, 1640051160 ,3194 
1641685960.648280 ### DEBUG: Ticks: 3196, 15, 1 
1641685960.648319 1640051161 c0:98:e5:42:00:2c 336 
1641685960.648358 508 509 579 589 590 606 623 625 642 643 645 647 648 650 668 
1641685960.648397 676 679 684 692 695 700 708 713 717 739 749 752 768 775 834 
1641685960.648436 ### RSSI: -44, 10, 1640051161 ,3209 
1641685960.648475 ### RSSI: -43, 17, 1640051161 ,3209 
1641685960.648514 ### DEBUG: Ticks: 3212, 16, 1 
1641685960.648557 1640051162 c0:98:e5:42:00:2c 270 
1641685960.648596 392 433 443 457 470 472 479 485 488 499 500 512 512 528 538 
1641685960.648635 543 553 558 565 574 581 584 589 595 613 616 622 628 689 698 
1641685960.648674 ### RSSI: -46, 7, 1640051163 ,3225 
1641685960.648713 ### RSSI: -45, 14, 1640051163 ,3225 
1641685960.648753 ### DEBUG: Ticks: 3228, 16, 1 
1641685960.648792 1640051163 c0:98:e5:42:00:2c 266 
1641685960.648831 371 386 411 418 468 489 499 504 512 515 516 524 530 533 533 
1641685960.648871 533 536 543 553 556 562 563 575 581 585 587 613 617 678 699 
1641685960.648910 ### RSSI: -44, 15, 1640051164 ,3241 
1641685960.648950 ### RSSI: -43, 26, 1640051164 ,3241 
1641685960.649102 ### DEBUG: Ticks: 3243, 15, 1 
1641685960.649151 1640051164 c0:98:e5:42:00:2c 244 
1641685960.649197 346 348 400 408 421 429 432 448 453 456 459 464 465 470 489 
1641685960.649242 489 491 505 524 525 526 529 534 534 537 541 568 574 609 663 
1641685960.649286 ### RSSI: -43, 31, 1640051165 ,3256 
1641685960.649331 ### RSSI: -43, 25, 1640051165 ,3256 
1641685960.649376 ### DEBUG: Ticks: 3259, 16, 1 
1641685960.649421 1640051165 c0:98:e5:42:00:2c 320 
1641685960.649466 502 508 530 538 543 544 546 557 560 592 609 619 620 624 639 
1641685960.649506 644 647 648 650 665 671 686 687 690 693 694 707 708 748 776 
1641685960.649551 ### RSSI: -46, 2, 1640051166 ,3272 
1641685960.649595 ### RSSI: -42, 19, 1640051166 ,3272 
1641685960.649640 ### DEBUG: Ticks: 3274, 15, 1 
1641685960.649685 1640051166 c0:98:e5:42:00:2c 221 
1641685960.649725 255 341 350 356 373 382 386 391 394 395 399 403 424 429 439 
1641685960.649772 448 451 456 458 459 468 468 472 485 493 499 512 519 562 669 
1641685960.649817 ### RSSI: -42, 33, 1640051167 ,3287 
1641685960.649862 ### RSSI: -46, 6, 1640051167 ,3288 
1641685960.649906 ### DEBUG: Ticks: 3290, 16, 1 
1641685960.649951 1640051167 c0:98:e5:42:00:2c 251 
1641685960.649996 366 383 388 425 430 442 444 457 463 478 480 486 489 494 499 
1641685960.650041 506 509 512 513 515 515 530 532 532 536 549 560 644 651 690 
1641685960.650085 ### RSSI: -43, 24, 1640051168 ,3303 
1641685960.650129 ### RSSI: -43, 35, 1640051168 ,3303 
1641685960.650172 ### DEBUG: Ticks: 3306, 16, 1 
1641685960.650216 1640051168 c0:98:e5:42:00:2c 243 
1641685960.650260 308 376 386 393 414 434 456 463 464 466 467 478 480 481 483 
1641685960.650304 491 494 514 515 521 523 526 526 526 530 538 542 543 604 694 
1641685960.650348 ### RSSI: -42, 32, 1640051169 ,3319 
1641685960.650392 ### RSSI: -44, 28, 1640051169 ,3319 
1641685960.650432 ### DEBUG: Ticks: 3321, 15, 1 
1641685960.650473 1640051169 c0:98:e5:42:00:2c 229 
1641685960.650517 334 358 372 380 399 400 416 432 433 439 441 446 448 453 456 
1641685960.650561 460 466 469 473 479 493 501 511 512 518 518 521 557 616 667 
1641685960.650600 ### RSSI: -46, 3, 1640051170 ,3334 
1641685960.650640 ### RSSI: -43, 24, 1640051170 ,3334 
1641685960.650684 ### DEBUG: Ticks: 3337, 16, 1 
1641685960.650728 1640051170 c0:98:e5:42:00:2c 272 
1641685960.650772 411 437 438 445 453 454 457 471 484 491 497 519 530 536 542 
1641685960.650816 547 549 550 554 554 560 563 564 572 585 589 601 644 673 743 
1641685960.650860 ### RSSI: -44, 17, 1640051171 ,3350 
1641685960.650904 ### RSSI: -43, 30, 1640051171 ,3350 
1641685960.650948 ### DEBUG: Ticks: 3353, 16, 1 
1641685960.650992 1640051171 c0:98:e5:42:00:2c 258 
1641685960.651036 414 417 419 449 451 459 465 470 472 487 499 509 509 512 516 
1641685960.651079 518 518 525 525 535 538 540 541 543 550 566 585 623 659 694 
1641685960.651123 ### RSSI: -47, 35, 1640051172 ,3365 
1641685960.651163 ### RSSI: -45, 5, 1640051172 ,3366 
1641685960.651203 ### DEBUG: Ticks: 3368, 15, 1 
1641685960.651247 1640051172 c0:98:e5:42:00:2c 275 
1641685960.651291 385 440 462 481 485 487 513 516 523 530 530 539 540 545 547 
1641685960.651335 553 566 567 568 569 571 576 580 582 582 612 625 625 714 775 
1641685960.651379 ### RSSI: -46, 6, 1640051173 ,3381 
1641685960.651424 ### RSSI: -44, 15, 1640051173 ,3381 
1641685960.651467 ### DEBUG: Ticks: 3384, 16, 1 
1641685960.651511 1640051173 c0:98:e5:42:00:2c 295 
1641685960.651555 479 487 501 522 526 529 544 556 563 570 578 578 585 588 590 
1641685960.651599 594 596 598 599 608 612 625 633 650 668 675 686 714 769 0 
1641685960.651643 ### RSSI: -44, 34, 1640051174 ,3397 
1641685960.651686 ### RSSI: -45, 8, 1640051174 ,3397 
1641685960.651730 ### DEBUG: Ticks: 3399, 15, 1 
1641685960.651774 1640051174 c0:98:e5:42:00:2c 260 
1641685960.651818 386 392 427 437 439 457 464 494 495 499 510 513 513 515 520 
1641685960.651862 520 537 540 547 552 552 556 562 563 571 573 574 578 613 664 
1641685960.651907 ### RSSI: -46, 23, 1640051175 ,3412 
1641685960.651951 ### RSSI: -43, 32, 1640051175 ,3413 
1641685960.651995 ### DEBUG: Ticks: 3415, 16, 1 
1641685960.652039 1640051175 c0:98:e5:42:00:2c 218 
1641685960.652083 350 351 362 366 370 371 384 388 390 400 400 416 418 422 427 
1641685960.652128 446 449 456 457 470 481 482 483 483 485 490 493 495 499 581 
1641685960.652171 ### RSSI: -42, 35, 1640051176 ,3428 
1641685960.652215 ### RSSI: -43, 26, 1640051176 ,3428 
1641685960.652259 ### DEBUG: Ticks: 3431, 16, 1 
1641685960.652303 1640051176 c0:98:e5:42:00:2c 275 
1641685960.652347 410 452 457 475 484 488 495 498 503 522 531 531 534 538 547 
1641685960.652391 553 565 572 574 584 592 593 593 600 603 605 606 636 680 711 
1641685960.652435 ### RSSI: -43, 19, 1640051177 ,3444 
1641685960.652475 ### RSSI: -43, 25, 1640051177 ,3444 
1641685960.652519 ### DEBUG: Ticks: 3446, 15, 1 
1641685960.652563 1640051177 c0:98:e5:42:00:2c 247 
1641685960.652607 378 394 423 433 445 449 457 466 467 475 478 479 485 486 491 
1641685960.652651 498 500 518 523 530 534 536 540 561 562 571 579 585 591 672 
1641685960.652695 ### RSSI: -45, 3, 1640051178 ,3459 
1641685960.652739 ### RSSI: -40, 35, 1640051178 ,3459 
1641685960.652783 ### DEBUG: Ticks: 3462, 16, 1 
1641685960.652827 1640051178 c0:98:e5:42:00:2c 286 
1641685960.652883 424 439 459 493 504 507 510 517 537 539 562 562 563 566 571 
1641685960.652929 574 577 580 582 585 596 598 600 619 632 665 673 688 697 805 
1641685960.652969 ### RSSI: -43, 12, 1640051179 ,3475 
1641685960.653034 ### RSSI: -43, 32, 1640051179 ,3475 
1641685960.653085 ### DEBUG: Ticks: 3477, 15, 1 
1641685960.653129 1640051179 c0:98:e5:42:00:2c 249 
1641685960.653168 377 393 403 408 424 432 439 460 462 468 472 479 480 489 493 
1641685960.653212 505 506 508 515 519 526 539 545 546 554 565 600 613 641 642 
1641685960.653257 ### RSSI: -44, 15, 1640051180 ,3490 
1641685960.653301 ### RSSI: -43, 12, 1640051180 ,3491 
1641685960.653345 ### DEBUG: Ticks: 3493, 16, 1 
1641685960.653389 1640051180 c0:98:e5:42:00:2c 305 
1641685960.653434 403 464 495 496 534 550 556 572 580 585 587 593 601 603 605 
1641685960.653478 618 635 640 641 651 658 666 673 683 688 704 706 707 714 781 
1641685960.653522 ### RSSI: -44, 13, 1640051181 ,3506 
1641685960.653565 ### RSSI: -46, 2, 1640051181 ,3506 
1641685960.653610 ### DEBUG: Ticks: 3509, 16, 1 
1641685960.653654 1640051181 c0:98:e5:42:00:2c 281 
1641685960.653699 444 463 473 475 482 484 490 495 500 513 515 528 547 551 560 
1641685960.653742 564 565 567 569 569 571 574 586 593 610 612 630 640 664 709 
1641685960.653787 ### INFO: SD card flushed!
1641685960.653831 ### RSSI: -45, 1, 1640051182 ,3522 
1641685960.653870 ### RSSI: -44, 18, 1640051182 ,3522 
1641685960.653915 ### DEBUG: Ticks: 3524, 15, 1 
1641685960.653958 1640051182 c0:98:e5:42:00:2c 235 
1641685960.654003 312 353 387 394 403 412 419 428 438 447 447 449 457 459 465 
1641685960.654049 476 479 480 482 483 484 502 505 508 536 539 549 558 612 630 
1641685960.654093 ### RSSI: -45, 14, 1640051183 ,3537 
1641685960.654138 ### RSSI: -44, 11, 1640051183 ,3537 
1641685960.654181 ### DEBUG: Ticks: 3540, 16, 1 
1641685960.654226 1640051183 c0:98:e5:42:00:2c 280 
1641685960.654270 430 456 472 476 477 480 485 488 508 514 521 541 542 555 556 
1641685960.654314 565 574 583 584 586 597 597 600 605 608 622 634 654 690 719 
1641685960.654358 ### RSSI: -43, 28, 1640051183 ,3553 
1641685960.654402 ### RSSI: -44, 23, 1640051183 ,3553 
1641685960.739863 ### DEBUG: Ticks: 3556, 16, 1 
1641685960.739976 1640051184 c0:98:e5:42:00:2c 294 
1641685960.740030 389 467 483 488 488 495 532 540 543 550 557 561 564 573 586 
1641685960.740078 591 596 607 612 616 616 618 621 622 638 644 652 660 703 723 
1641685961.571133 ### RSSI: -43, 11, 1640051184 ,3569 
1641685961.583091 ### RSSI: -46, 1, 1640051184 ,3569 
1641685961.743178 ### DEBUG: Ticks: 3571, 15, 1 
1641685961.743475 1640051185 c0:98:e5:42:00:2c 290 
1641685961.743680 433 491 491 506 509 519 522 529 535 544 552 564 571 576 578 
1641685961.743940 582 593 594 600 601 609 613 620 626 628 645 673 686 712 755 
1641685962.575994 ### RSSI: -49, 34, 1640051185 ,3584 
1641685962.576275 ### RSSI: -45, 13, 1640051185 ,3584 
1641685962.740546 ### DEBUG: Ticks: 3587, 16, 1 
1641685962.740767 1640051186 c0:98:e5:42:00:2c 242 
1641685962.740859 329 376 382 395 398 400 422 430 433 450 453 465 468 469 483 
1641685962.740948 485 488 492 500 504 508 517 520 521 534 537 559 570 601 622 
1641685963.568851 ### RSSI: -44, 13, 1640051187 ,3600 
1641685963.580452 ### RSSI: -44, 23, 1640051187 ,3600 
1641685963.741111 ### DEBUG: Ticks: 3602, 15, 1 
1641685963.741262 1640051187 c0:98:e5:42:00:2c 237 
1641685963.741332 314 354 399 399 400 401 401 405 414 420 433 441 450 458 474 
1641685963.741416 474 487 491 493 498 513 516 518 525 526 534 544 545 550 644 
1641685964.573607 ### RSSI: -45, 11, 1640051188 ,3615 
1641685964.585699 ### RSSI: -47, 6, 1640051188 ,3616 
1641685964.748591 ### DEBUG: Ticks: 3618, 16, 1 
1641685964.748732 1640051188 c0:98:e5:42:00:2c 260 
1641685964.748812 348 402 421 423 440 450 459 462 467 473 494 496 497 521 521 
1641685964.748891 522 523 535 537 537 539 540 546 552 555 555 575 600 658 698 
1641685965.568110 ### RSSI: -43, 33, 1640051189 ,3631 
1641685965.578991 ### RSSI: -46, 2, 1640051189 ,3631 
1641685965.742405 ### DEBUG: Ticks: 3634, 16, 1 
1641685965.742613 1640051189 c0:98:e5:42:00:2c 236 
1641685965.742724 341 361 371 392 395 399 400 409 411 425 425 432 459 468 471 
1641685965.742838 476 483 483 511 517 517 518 519 520 520 522 548 551 619 637 
1641685966.567756 ### RSSI: -44, 9, 1640051190 ,3647 
1641685966.579562 ### RSSI: -45, 15, 1640051190 ,3647 
1641685966.745611 ### DEBUG: Ticks: 3649, 15, 1 
1641685966.745722 1640051190 c0:98:e5:42:00:2c 239 
1641685966.745795 346 370 397 411 428 431 435 440 444 444 451 453 455 460 477 
1641685966.745867 479 503 514 514 524 528 531 539 548 551 555 560 592 628 672 
1641685967.573197 ### RSSI: -45, 4, 1640051191 ,3662 
1641685967.584402 ### RSSI: -43, 23, 1640051191 ,3662 
1641685967.743195 ### DEBUG: Ticks: 3665, 16, 1 
1641685967.743315 1640051191 c0:98:e5:42:00:2c 249 
1641685967.743370 360 400 402 426 432 450 471 480 480 484 485 489 489 497 498 
1641685967.743581 499 502 509 512 514 516 525 528 533 534 540 548 575 674 724 
1641685968.570816 ### RSSI: -40, 36, 1640051192 ,3678 
1641685968.581434 ### RSSI: -44, 12, 1640051192 ,3678 
1641685968.742369 ### DEBUG: Ticks: 3681, 16, 1 
1641685968.742531 1640051192 c0:98:e5:42:00:2c 305 
1641685968.742634 451 483 487 504 525 549 552 567 573 577 587 591 602 603 608 
1641685968.742718 613 624 642 644 645 647 654 667 667 671 675 693 732 762 860 
1641685969.570079 ### RSSI: -43, 29, 1640051193 ,3693 
1641685969.581737 ### RSSI: -45, 11, 1640051193 ,3694 
1641685969.739632 ### DEBUG: Ticks: 3696, 15, 1 
1641685969.739818 1640051193 c0:98:e5:42:00:2c 234 
1641685969.739905 331 360 384 403 407 410 421 425 430 436 437 446 446 450 467 
1641685969.751615 469 472 481 493 502 515 515 529 532 535 541 553 559 597 635 
1641685970.573080 ### RSSI: -44, 9, 1640051194 ,3709 
1641685970.583120 ### RSSI: -44, 25, 1640051194 ,3709 
1641685970.739211 ### DEBUG: Ticks: 3712, 16, 1 
1641685970.739358 1640051194 c0:98:e5:42:00:2c 247 
1641685970.739448 357 370 376 392 403 406 409 424 447 461 480 486 486 489 493 
1641685970.739543 498 500 502 506 508 517 520 527 536 545 549 553 562 600 676 
1641685971.572054 ### RSSI: -43, 24, 1640051195 ,3725 
1641685971.584041 ### RSSI: -44, 23, 1640051195 ,3725 
1641685971.741349 ### DEBUG: Ticks: 3727, 15, 1 
1641685971.741637 1640051195 c0:98:e5:42:00:2c 252 
1641685971.741821 378 389 394 402 409 418 425 455 469 472 481 485 485 487 498 
1641685971.742009 510 512 515 518 521 522 527 528 533 538 543 553 556 606 646 
1641685972.575056 ### RSSI: -42, 35, 1640051196 ,3740 
1641685972.575340 ### RSSI: -46, 2, 1640051196 ,3741 
1641685972.742286 ### DEBUG: Ticks: 3743, 16, 1 
1641685972.742406 1640051196 c0:98:e5:42:00:2c 284 
1641685972.742457 405 439 480 485 494 500 501 518 528 538 539 549 550 553 569 
1641685972.742525 569 573 580 581 591 592 610 614 620 627 629 635 663 673 709 
1641685973.572625 ### RSSI: -46, 1, 1640051197 ,3756 
1641685973.583981 ### RSSI: -46, 2, 1640051197 ,3756 
1641685973.742822 ### DEBUG: Ticks: 3759, 16, 1 
1641685973.743111 1640051197 c0:98:e5:42:00:2c 240 
1641685973.743328 321 370 396 403 410 416 427 429 448 448 450 459 462 474 481 
1641685973.743517 487 493 494 504 507 512 529 530 534 540 548 552 602 604 0 
1641685974.565855 ### RSSI: -45, 7, 1640051198 ,3772 
1641685974.576782 ### RSSI: -43, 28, 1640051198 ,3772 
1641685974.745628 ### DEBUG: Ticks: 3774, 15, 1 
1641685974.745799 1640051198 c0:98:e5:42:00:2c 309 
1641685974.745887 433 501 504 538 538 544 546 553 554 592 597 598 600 605 615 
1641685974.745975 621 621 630 639 642 645 645 667 668 684 685 690 690 737 771 
1641685975.565198 ### RSSI: -46, 6, 1640051199 ,3787 
1641685975.575241 ### RSSI: -44, 21, 1640051199 ,3787 
1641685975.742613 ### DEBUG: Ticks: 3790, 16, 1 
1641685975.742729 1640051199 c0:98:e5:42:00:2c 207 
1641685975.742788 286 316 329 329 331 355 358 362 362 373 388 394 396 398 411 
1641685975.742845 419 426 429 433 439 439 439 444 450 468 471 479 483 525 621 
1641685976.570879 ### RSSI: -46, 4, 1640051200 ,3803 
1641685976.581412 ### RSSI: -46, 1, 1640051200 ,3803 
1641685976.747372 ### DEBUG: Ticks: 3806, 16, 1 
1641685976.747612 1640051200 c0:98:e5:42:00:2c 245 
1641685976.747663 352 383 384 415 421 429 439 440 456 470 472 487 487 490 490 
1641685976.747734 492 495 499 505 509 521 531 531 542 548 551 553 577 606 714 
1641685977.576611 ### RSSI: -43, 26, 1640051201 ,3818 
1641685977.576926 ### RSSI: -44, 14, 1640051201 ,3819 
1641685977.741479 ### DEBUG: Ticks: 3821, 15, 1 
1641685977.741601 1640051201 c0:98:e5:42:00:2c 284 
1641685977.741658 400 458 464 491 510 515 527 528 531 537 540 549 552 560 567 
1641685977.741709 570 570 574 584 585 587 590 591 601 609 609 626 662 718 794 
1641685978.568943 ### RSSI: -46, 4, 1640051202 ,3834 
1641685978.580813 ### RSSI: -45, 5, 1640051202 ,3834 
1641685978.743597 ### DEBUG: Ticks: 3837, 16, 1 
1641685978.743920 1640051202 c0:98:e5:42:00:2c 306 
1641685978.744013 466 475 495 501 519 522 542 542 587 590 592 593 602 605 609 
1641685978.744104 618 626 644 647 649 650 652 658 659 660 661 671 673 698 734 
1641685979.568463 ### RSSI: -43, 35, 1640051203 ,3850 
1641685979.579386 ### RSSI: -43, 21, 1640051203 ,3850 
1641685979.746300 ### DEBUG: Ticks: 3852, 15, 1 
1641685979.746582 1640051203 c0:98:e5:42:00:2c 232 
1641685979.746766 336 365 383 385 391 412 434 436 439 441 447 451 454 464 464 
1641685979.747005 468 471 472 475 482 485 497 501 503 504 516 517 613 671 0 
1641685980.571081 ### RSSI: -43, 19, 1640051204 ,3865 
1641685980.584189 ### RSSI: -44, 34, 1640051204 ,3865 
1641685980.748088 ### DEBUG: Ticks: 3868, 16, 1 
1641685980.748365 1640051204 c0:98:e5:42:00:2c 275 
1641685980.748565 396 443 457 460 464 481 506 511 523 528 532 535 537 541 546 
1641685980.748741 556 558 560 563 563 565 572 574 600 603 607 610 633 654 717 
1641685981.567655 ### RSSI: -46, 2, 1640051205 ,3881 
1641685981.578322 ### RSSI: -44, 34, 1640051205 ,3881 
1641685981.744653 ### DEBUG: Ticks: 3884, 16, 1 
1641685981.744814 1640051205 c0:98:e5:42:00:2c 240 
1641685981.744915 346 395 398 411 413 425 436 437 448 463 468 469 470 475 481 
1641685981.745053 488 495 495 501 503 508 509 524 529 538 559 560 628 650 0 
1641685982.572277 ### RSSI: -44, 16, 1640051206 ,3897 
1641685982.583741 ### RSSI: -45, 22, 1640051206 ,3897 
1641685982.742549 ### DEBUG: Ticks: 3899, 15, 1 
1641685982.742696 1640051206 c0:98:e5:42:00:2c 242 
1641685982.742774 371 380 387 390 403 407 434 443 444 451 453 474 475 481 483 
1641685982.742850 488 494 496 498 501 505 507 513 519 519 528 534 546 579 642 
1641685983.566945 ### RSSI: -46, 7, 1640051207 ,3912 
1641685983.579077 ### RSSI: -45, 6, 1640051207 ,3912 
1641685983.740740 ### DEBUG: Ticks: 3915, 16, 1 
1641685983.740941 1640051207 c0:98:e5:42:00:2c 252 
1641685983.741113 348 399 418 425 436 440 442 452 459 467 479 480 486 494 499 
1641685983.741215 509 516 524 532 532 534 547 554 565 575 579 589 605 641 687 
1641685984.575737 ### RSSI: -46, 0, 1640051207 ,3928 
1641685984.575984 ### RSSI: -44, 9, 1640051207 ,3928 
1641685984.748479 ### DEBUG: Ticks: 3930, 15, 1 
1641685984.748629 1640051208 c0:98:e5:42:00:2c 292 
1641685984.748707 436 446 481 491 495 512 519 534 539 552 552 557 578 579 580 
1641685984.748783 589 598 600 601 608 611 633 633 635 637 644 653 657 670 743 
1641685985.564238 ### RSSI: -45, 0, 1640051208 ,3943 
1641685985.574536 ### RSSI: -43, 34, 1640051208 ,3944 
1641685985.743331 ### DEBUG: Ticks: 3946, 16, 1 
1641685985.743457 1640051209 c0:98:e5:42:00:2c 245 
1641685985.743527 338 359 394 410 415 415 427 435 464 471 471 471 477 487 488 
1641685985.743588 493 496 502 506 512 519 526 531 537 545 551 555 566 568 602 
1641685986.571694 ### RSSI: -46, 3, 1640051209 ,3959 
1641685986.582908 ### RSSI: -43, 16, 1640051209 ,3959 
1641685986.738650 ### DEBUG: Ticks: 3962, 16, 1 
1641685986.738814 1640051210 c0:98:e5:42:00:2c 248 
1641685986.738905 357 373 401 412 442 446 452 453 454 454 455 468 468 484 494 
1641685986.750653 500 501 505 519 523 533 548 559 561 564 564 575 607 652 677 
1641685987.567910 ### RSSI: -43, 31, 1640051211 ,3975 
1641685987.578987 ### RSSI: -44, 19, 1640051211 ,3975 
1641685987.747637 ### DEBUG: Ticks: 3977, 15, 1 
1641685987.747769 1640051211 c0:98:e5:42:00:2c 275 
1641685987.747843 420 424 466 482 489 502 502 506 512 513 516 518 545 548 549 
1641685987.747909 554 556 572 575 576 584 598 605 611 618 636 642 660 662 739 
1641685988.563570 ### RSSI: -46, 2, 1640051212 ,3990 
1641685988.574935 ### RSSI: -44, 16, 1640051212 ,3990 
1641685988.739847 ### DEBUG: Ticks: 3993, 16, 1 
1641685988.739961 1640051212 c0:98:e5:42:00:2c 238 
1641685988.740019 308 379 389 389 403 404 406 429 437 438 446 451 460 468 471 
1641685988.740070 481 486 492 494 510 513 514 518 524 532 540 550 566 610 666 
1641685989.188880 ### INFO: SD card flushed!
1641685989.568440 ### RSSI: -43, 34, 1640051213 ,4006 
1641685989.578903 ### RSSI: -44, 24, 1640051213 ,4006 
1641685989.746525 ### DEBUG: Ticks: 4009, 16, 1 
1641685989.746753 1640051213 c0:98:e5:42:00:2c 251 
1641685989.746891 393 400 429 432 435 436 469 475 476 481 482 491 491 499 499 
1641685989.747053 506 524 525 527 531 532 533 543 556 557 561 564 581 605 654 
1641685990.567997 ### RSSI: -43, 32, 1640051214 ,4021 
1641685990.579102 ### RSSI: -43, 12, 1640051214 ,4022 
1641685990.747299 ### DEBUG: Ticks: 4024, 15, 1 
1641685990.747488 1640051214 c0:98:e5:42:00:2c 226 
1641685990.747582 307 335 361 374 400 401 415 428 433 437 440 443 447 450 452 
1641685990.747671 453 465 466 470 482 486 496 511 512 518 535 536 548 600 669 
1641685991.563990 ### RSSI: -44, 17, 1640051215 ,4037 
1641685991.573620 ### RSSI: -42, 27, 1640051215 ,4037 
1641685991.743175 ### DEBUG: Ticks: 4040, 16, 1 
1641685991.743641 1640051215 c0:98:e5:42:00:2c 291 
1641685991.744034 445 480 490 505 514 517 521 524 529 536 539 560 568 572 577 
1641685991.744212 590 593 596 597 599 599 602 609 622 634 636 647 664 689 708 
1641685992.574713 ### RSSI: -43, 13, 1640051216 ,4053 
1641685992.574841 ### RSSI: -44, 23, 1640051216 ,4053 
1641685992.743203 ### DEBUG: Ticks: 4055, 15, 1 
1641685992.743399 1640051216 c0:98:e5:42:00:2c 294 
1641685992.743558 478 495 503 528 537 553 554 555 560 564 569 573 575 576 582 
1641685992.743676 596 603 612 613 614 618 618 630 638 640 650 662 676 697 720 
1641685993.570110 ### RSSI: -55, 4, 1640051217 ,4068 
1641685993.583193 ### RSSI: -53, 34, 1640051217 ,4068 
1641685993.740318 ### DEBUG: Ticks: 4071, 16, 1 
1641685993.740471 1640051217 c0:98:e5:42:00:2c 261 
1641685993.740551 357 383 397 402 423 434 456 464 466 470 471 493 516 518 521 
1641685993.740752 523 532 536 542 553 566 577 584 601 602 627 640 666 675 712 
1641685994.568356 ### RSSI: -49, 9, 1640051218 ,4084 
1641685994.579130 ### RSSI: -50, 2, 1640051218 ,4084 
1641685994.746491 ### DEBUG: Ticks: 4087, 16, 1 
1641685994.746679 1640051218 c0:98:e5:42:00:2c 296 
1641685994.746790 500 502 506 517 543 544 546 554 561 577 580 581 582 586 588 
1641685994.746904 599 599 599 601 605 608 612 619 623 634 639 661 684 743 748 
1641685995.570708 ### RSSI: -54, 23, 1640051219 ,4100 
1641685995.582133 ### RSSI: -48, 7, 1640051219 ,4100 
1641685995.747870 ### DEBUG: Ticks: 4102, 15, 1 
1641685995.748001 1640051219 c0:98:e5:42:00:2c 222 
1641685995.748062 347 372 380 382 385 387 419 419 421 425 430 432 439 440 445 
1641685995.748122 446 450 457 468 472 472 480 488 496 499 499 503 520 521 625 
1641685996.564931 ### RSSI: -51, 23, 1640051220 ,4115 
1641685996.574350 ### RSSI: -48, 13, 1640051220 ,4115 
1641685996.740186 ### DEBUG: Ticks: 4118, 16, 1 
1641685996.740320 1640051220 c0:98:e5:42:00:2c 286 
1641685996.740387 446 498 503 505 532 543 550 551 552 554 560 560 566 566 572 
1641685996.740447 575 584 593 595 596 597 601 609 613 619 623 660 678 686 697 
1641685997.570308 ### RSSI: -48, 8, 1640051221 ,4131 
1641685997.582174 ### RSSI: -48, 8, 1640051221 ,4131 
1641685997.740377 ### DEBUG: Ticks: 4134, 16, 1 
1641685997.740492 1640051221 c0:98:e5:42:00:2c 403 
1641685997.740550 716 733 742 748 758 768 776 787 789 795 796 799 800 800 805 
1641685997.752327 807 807 809 815 817 819 820 821 823 824 824 845 868 871 894 
1641685998.565999 ### RSSI: -51, 26, 1640051222 ,4146 
1641685998.576447 ### RSSI: -51, 2, 1640051222 ,4147 
1641685998.746100 ### DEBUG: Ticks: 4149, 15, 1 
1641685998.746228 1640051222 c0:98:e5:42:00:2c 597 
1641685998.746328 883 887 902 909 931 933 938 946 953 960 960 966 970 971 976 
1641685998.746507 983 986 991 991 998 1001 1004 1004 1010 1020 1023 1029 1037 1041 1099 
1641685999.568799 ### RSSI: -51, 23, 1640051223 ,4162 
1641685999.580288 ### RSSI: -51, 22, 1640051223 ,4162 
1641685999.745722 ### DEBUG: Ticks: 4165, 16, 1 
1641685999.745852 1640051223 c0:98:e5:42:00:2c 698 
1641685999.745924 920 930 975 985 986 987 1011 1017 1023 1029 1031 1033 1035 1037 1043 
1641685999.745996 1046 1056 1056 1060 1063 1064 1066 1067 1070 1074 1076 1089 1090 1101 1163 
1641686000.566538 ### RSSI: -59, 34, 1640051224 ,4178 
1641686000.577928 ### RSSI: -53, 2, 1640051224 ,4178 
1641686000.745385 ### DEBUG: Ticks: 4180, 15, 1 
1641686000.745615 1640051224 c0:98:e5:42:00:2c 723 
1641686000.745752 1065 1082 1092 1108 1110 1118 1119 1120 1123 1123 1124 1127 1128 1141 1143 
1641686000.745892 1149 1155 1159 1164 1167 1170 1175 1180 1181 1187 1199 1205 1212 1252 1263 
1641686001.568499 ### RSSI: -51, 29, 1640051225 ,4193 
1641686001.579266 ### RSSI: -53, 24, 1640051225 ,4193 
1641686001.748818 ### DEBUG: Ticks: 4196, 16, 1 
1641686001.748977 1640051225 c0:98:e5:42:00:2c 870 
1641686001.749113 1145 1157 1168 1181 1182 1191 1202 1203 1212 1224 1229 1232 1232 1237 1241 
1641686001.749196 1244 1251 1252 1259 1265 1267 1271 1274 1274 1283 1293 1299 1304 1308 1441 
1641686002.564621 ### RSSI: -60, 13, 1640051226 ,4209 
1641686002.576292 ### RSSI: -62, 7, 1640051226 ,4209 
1641686002.740120 ### DEBUG: Ticks: 4212, 16, 1 
1641686002.740243 1640051226 c0:98:e5:42:00:2c 952 
1641686002.740298 1188 1201 1220 1249 1256 1265 1279 1291 1298 1334 1335 1339 1348 1349 1351 
1641686002.740355 1357 1364 1368 1370 1383 1387 1391 1407 1416 1445 1456 1457 1460 1483 1664 
1641686003.567070 ### RSSI: -64, 31, 1640051227 ,4225 
1641686003.579121 ### RSSI: -52, 9, 1640051227 ,4225 
1641686003.744691 ### DEBUG: Ticks: 4227, 15, 1 
1641686003.744847 1640051227 c0:98:e5:42:00:2c 781 
1641686003.744895 1013 1022 1038 1064 1082 1095 1098 1107 1115 1126 1131 1134 1139 1140 1148 
1641686003.744937 1154 1176 1179 1180 1185 1196 1197 1220 1222 1271 1283 1291 1307 1317 1397 
1641686004.572582 ### RSSI: -50, 13, 1640051228 ,4240 
1641686004.582589 ### RSSI: -49, 24, 1640051228 ,4240 
1641686004.741261 ### DEBUG: Ticks: 4243, 16, 1 
1641686004.741534 1640051228 c0:98:e5:42:00:2c 825 
1641686004.741727 1148 1153 1154 1166 1178 1180 1181 1181 1186 1187 1193 1203 1206 1207 1213 
1641686004.741919 1233 1236 1240 1243 1247 1248 1262 1270 1273 1284 1339 1340 1352 1394 1420 
1641686005.566994 ### RSSI: -49, 8, 1640051229 ,4256 
1641686005.577831 ### RSSI: -48, 35, 1640051229 ,4256 
1641686005.749747 ### DEBUG: Ticks: 4258, 15, 1 
1641686005.750038 1640051229 c0:98:e5:42:00:2c 692 
1641686005.750224 1052 1065 1069 1080 1105 1137 1140 1140 1149 1163 1174 1178 1178 1181 1181 
1641686005.750415 1184 1190 1192 1198 1198 1231 1281 1302 1307 1308 1310 1310 1351 1391 1451 
1641686006.567447 ### RSSI: -65, 25, 1640051230 ,4271 
1641686006.577735 ### RSSI: -64, 16, 1640051230 ,4272 
1641686006.740107 ### DEBUG: Ticks: 4274, 16, 1 
1641686006.740378 1640051230 c0:98:e5:42:00:2c 407 
1641686006.751557 635 660 669 672 682 705 705 712 715 718 723 725 738 745 746 
1641686006.751711 747 751 760 762 776 793 796 814 826 853 863 864 865 906 967 
1641686007.568166 ### RSSI: -56, 5, 1640051231 ,4287 
1641686007.579770 ### RSSI: -57, 21, 1640051231 ,4287 
1641686007.748021 ### DEBUG: Ticks: 4290, 16, 1 
1641686007.748134 1640051231 c0:98:e5:42:00:2c 341 
1641686007.748188 555 597 601 606 608 613 616 620 631 636 640 644 659 673 681 
1641686007.748238 683 683 690 698 701 717 718 720 721 732 738 749 749 830 840 
1641686008.569345 ### RSSI: -54, 11, 1640051231 ,4303 
1641686008.581106 ### RSSI: -56, 0, 1640051231 ,4303 
1641686008.748573 ### DEBUG: Ticks: 4305, 15, 1 
1641686008.748873 1640051232 c0:98:e5:42:00:2c 504 
1641686008.749178 760 770 802 809 817 837 841 862 876 883 884 885 893 897 898 
1641686008.749396 910 928 936 946 948 954 957 964 964 972 989 1038 1056 1060 1086 
1641686009.565811 ### RSSI: -52, 32, 1640051232 ,4318 
1641686009.578751 ### RSSI: -52, 30, 1640051232 ,4318 
1641686009.742070 ### DEBUG: Ticks: 4321, 16, 1 
1641686009.742361 1640051233 c0:98:e5:42:00:2c 659 
1641686009.742543 921 931 937 977 1004 1006 1021 1023 1025 1027 1029 1030 1044 1047 1055 
1641686009.742732 1068 1077 1079 1080 1129 1139 1144 1150 1173 1184 1207 1212 1217 1222 1235 
1641686010.573468 ### RSSI: -53, 17, 1640051233 ,4334 
1641686010.585355 ### RSSI: -55, 3, 1640051233 ,4334 
1641686010.744588 ### DEBUG: Ticks: 4337, 16, 1 
1641686010.744747 1640051234 c0:98:e5:42:00:2c 615 
1641686010.744815 985 1013 1017 1018 1023 1025 1032 1036 1044 1045 1056 1058 1059 1066 1068 
1641686010.744886 1071 1073 1075 1078 1089 1107 1108 1116 1129 1140 1176 1179 1197 1224 1333 
1641686011.569134 ### RSSI: -49, 21, 1640051234 ,4349 
1641686011.580468 ### RSSI: -52, 29, 1640051235 ,4350 
1641686011.748216 ### DEBUG: Ticks: 4352, 15, 1 
1641686011.748401 1640051235 c0:98:e5:42:00:2c 547 
1641686011.748485 704 707 714 722 732 734 738 778 781 787 787 796 802 805 820 
1641686011.748572 820 837 838 848 850 853 868 869 879 879 884 893 904 943 945 
1641686012.569524 ### RSSI: -47, 20, 1640051236 ,4365 
1641686012.581559 ### RSSI: -47, 28, 1640051236 ,4365 
1641686012.744076 ### DEBUG: Ticks: 4368, 16, 1 
1641686012.744249 1640051236 c0:98:e5:42:00:2c 755 
1641686012.744342 713 731 755 757 785 785 786 788 795 805 817 827 836 849 850 
1641686012.744490 857 875 889 890 891 894 897 899 902 905 931 945 963 1043 1105 
1641686013.565795 ### RSSI: -52, 4, 1640051237 ,4381 
1641686013.577202 ### RSSI: -52, 4, 1640051237 ,4381 
1641686013.744674 ### DEBUG: Ticks: 4383, 15, 1 
1641686013.744970 1640051237 c0:98:e5:42:00:2c 349 
1641686013.745518 612 632 633 639 651 654 656 667 668 668 679 688 697 697 701 
1641686013.745713 716 742 744 745 756 763 773 782 790 794 804 833 856 0 0 
1641686014.563346 ### RSSI: -58, 21, 1640051238 ,4396 
1641686014.576280 ### RSSI: -52, 0, 1640051238 ,4396 
1641686014.745439 ### DEBUG: Ticks: 4399, 16, 1 
1641686014.745677 1640051238 c0:98:e5:42:00:2c 574 
1641686014.745814 848 884 895 904 924 928 930 933 936 939 952 957 962 966 977 
1641686014.745958 979 985 986 996 1013 1025 1069 1074 1085 1087 1100 1108 1109 1164 1178 
1641686015.570008 ### RSSI: -57, 2, 1640051239 ,4412 
1641686015.581849 ### RSSI: -56, 18, 1640051239 ,4412 
1641686015.741264 ### DEBUG: Ticks: 4415, 16, 1 
1641686015.741439 1640051239 c0:98:e5:42:00:2c 774 
1641686015.741531 1040 1054 1108 1111 1127 1131 1134 1143 1143 1157 1158 1167 1171 1197 1197 
1641686015.741651 1201 1204 1211 1211 1213 1214 1216 1225 1256 1274 1274 1290 1291 1349 1460 
1641686016.567893 ### RSSI: -62, 11, 1640051240 ,4428 
1641686016.578139 ### RSSI: -58, 20, 1640051240 ,4428 
1641686016.740637 ### DEBUG: Ticks: 4430, 15, 1 
1641686016.740927 1640051240 c0:98:e5:42:00:2c 830 
1641686016.752752 1061 1098 1103 1121 1126 1147 1153 1154 1156 1158 1170 1176 1177 1185 1186 
1641686016.753131 1190 1193 1195 1198 1204 1219 1219 1223 1232 1280 1280 1285 1290 1300 1352 
1641686017.565179 ### RSSI: -53, 20, 1640051241 ,4443 
1641686017.576320 ### RSSI: -53, 34, 1640051241 ,4443 
1641686017.748408 ### DEBUG: Ticks: 4446, 16, 1 
1641686017.748583 1640051241 c0:98:e5:42:00:2c 690 
1641686017.748633 938 964 989 997 1000 1005 1011 1027 1030 1050 1052 1052 1052 1054 1058 
1641686017.748682 1061 1073 1074 1078 1085 1087 1091 1094 1099 1110 1112 1127 1133 1152 1184 
1641686018.574846 ### RSSI: -49, 36, 1640051242 ,4459 
1641686018.575126 ### RSSI: -50, 25, 1640051242 ,4459 
1641686018.744656 ### DEBUG: Ticks: 4462, 16, 1 
1641686018.744885 1640051242 c0:98:e5:42:00:2c 783 
1641686018.745100 1074 1105 1136 1142 1148 1153 1174 1181 1194 1199 1211 1211 1215 1216 1226 
1641686018.745249 1236 1236 1240 1247 1260 1268 1271 1288 1291 1301 1356 1357 1372 1418 1434 
1641686019.571835 ### RSSI: -51, 13, 1640051243 ,4474 
1641686019.583509 ### RSSI: -50, 22, 1640051243 ,4475 
1641686019.748630 ### DEBUG: Ticks: 4477, 15, 1 
1641686019.748787 1640051243 c0:98:e5:42:00:2c 682 
1641686019.748872 980 983 985 1048 1049 1055 1064 1064 1068 1079 1081 1093 1098 1100 1104 
1641686019.749325 1108 1108 1111 1121 1130 1135 1141 1164 1190 1192 1206 1215 1225 1240 1289 
1641686020.196583 ### INFO: SD card flushed!
1641686020.564113 ### RSSI: -48, 19, 1640051244 ,4490 
1641686020.574259 ### RSSI: -49, 29, 1640051244 ,4490 
1641686020.747419 ### DEBUG: Ticks: 4493, 16, 1 
1641686020.747712 1640051244 c0:98:e5:42:00:2c 646 
1641686020.747895 691 702 745 747 755 756 786 813 816 819 826 830 833 845 858 
1641686020.748150 863 866 871 878 904 909 911 915 924 953 970 978 1008 1015 1092 
1641686021.574125 ### RSSI: -54, 26, 1640051245 ,4506 
1641686021.574415 ### RSSI: -52, 12, 1640051245 ,4506 
1641686021.750073 ### DEBUG: Ticks: 4508, 15, 1 
1641686021.750369 1640051245 c0:98:e5:42:00:2c 451 
1641686021.750553 687 715 722 724 744 749 749 752 764 780 786 787 799 805 807 
1641686021.750743 820 828 840 847 847 850 855 866 877 890 900 924 932 938 950 
1641686022.566578 ### RSSI: -55, 8, 1640051246 ,4521 
1641686022.577210 ### RSSI: -61, 19, 1640051246 ,4521 
1641686022.740799 ### DEBUG: Ticks: 4524, 16, 1 
1641686022.741094 1640051246 c0:98:e5:42:00:2c 728 
1641686022.752784 902 974 993 1014 1034 1045 1046 1058 1058 1071 1075 1078 1081 1088 1096 
1641686022.752948 1101 1102 1104 1111 1116 1120 1126 1133 1139 1155 1183 1227 1269 1317 1333 
1641686023.567404 ### RSSI: -61, 12, 1640051247 ,4537 
1641686023.683378 ### RSSI: -57, 8, 1640051247 ,4539 
1641686023.749086 ### DEBUG: Ticks: 4540, 16, 1 
1641686023.749259 1640051247 c0:98:e5:42:00:2c 754 
1641686023.749342 920 978 1005 1019 1039 1041 1044 1051 1060 1063 1064 1073 1074 1080 1089 
1641686023.749429 1096 1104 1111 1113 1118 1123 1128 1128 1129 1129 1130 1130 1138 1160 1167 
1641686024.562507 ### RSSI: -61, 29, 1640051248 ,4553 
1641686024.677197 ### RSSI: -60, 20, 1640051248 ,4554 
1641686024.748324 ### DEBUG: Ticks: 4555, 15, 1 
1641686024.748606 1640051248 c0:98:e5:42:00:2c 709 
1641686024.748805 954 960 991 1005 1008 1011 1015 1017 1017 1020 1022 1025 1044 1044 1049 
1641686024.749110 1051 1056 1064 1065 1065 1070 1079 1091 1114 1117 1120 1125 1126 1143 1238 
1641686025.563421 ### RSSI: -56, 12, 1640051249 ,4568 
1641686025.680965 ### RSSI: -58, 30, 1640051249 ,4570 
1641686025.748908 ### DEBUG: Ticks: 4571, 16, 1 
1641686025.749580 1640051249 c0:98:e5:42:00:2c 908 
1641686025.749764 1212 1225 1228 1234 1234 1243 1247 1248 1274 1291 1294 1299 1300 1306 1316 
1641686025.749953 1323 1335 1341 1350 1357 1363 1379 1384 1418 1439 1448 1449 1521 1558 1572 
1641686026.572738 ### RSSI: -75, 36, 1640051250 ,4584 
1641686026.681877 ### RSSI: -59, 20, 1640051250 ,4585 
1641686026.741680 ### DEBUG: Ticks: 4587, 16, 1 
1641686026.741961 1640051250 c0:98:e5:42:00:2c 702 
1641686026.742061 1013 1029 1033 1045 1051 1058 1058 1067 1071 1081 1084 1084 1091 1096 1101 
1641686026.742150 1118 1118 1121 1126 1127 1128 1132 1136 1136 1137 1140 1168 1174 1177 1203 
1641686027.565522 ### RSSI: -46, 19, 1640051251 ,4599 
1641686027.677987 ### RSSI: -49, 28, 1640051251 ,4601 
1641686027.746799 ### DEBUG: Ticks: 4602, 15, 1 
1641686027.747093 1640051251 c0:98:e5:42:00:2c 729 
1641686027.747280 1048 1073 1079 1081 1096 1104 1132 1138 1139 1149 1157 1157 1161 1168 1169 
1641686027.747484 1171 1173 1173 1174 1174 1181 1192 1201 1225 1231 1236 1238 1245 1336 1340 
1641686028.569340 ### RSSI: -47, 24, 1640051252 ,4615 
1641686028.675881 ### RSSI: -48, 35, 1640051252 ,4617 
1641686028.746837 ### DEBUG: Ticks: 4618, 16, 1 
1641686028.747032 1640051252 c0:98:e5:42:00:2c 729 
1641686028.747125 1012 1035 1054 1069 1071 1075 1076 1093 1097 1098 1101 1102 1102 1106 1113 
1641686028.747232 1119 1121 1123 1129 1134 1154 1174 1182 1200 1216 1238 1291 1302 1303 1346 
1641686029.571892 ### RSSI: -47, 9, 1640051253 ,4631 
1641686029.676842 ### RSSI: -51, 11, 1640051253 ,4632 
1641686029.749251 ### DEBUG: Ticks: 4633, 15, 1 
1641686029.749410 1640051253 c0:98:e5:42:00:2c 440 
1641686029.749502 692 704 728 728 748 770 781 781 789 791 793 794 800 811 814 
1641686029.749596 833 839 844 845 862 865 883 884 888 892 903 909 942 975 1024 
1641686030.570718 ### RSSI: -55, 27, 1640051254 ,4646 
1641686030.677377 ### RSSI: -61, 2, 1640051254 ,4648 
1641686030.751425 ### DEBUG: Ticks: 4649, 16, 1 
1641686030.751589 1640051254 c0:98:e5:42:00:2c 447 
1641686030.751681 680 684 707 740 742 756 760 774 776 783 786 789 789 795 796 
1641686030.751771 797 798 803 804 811 812 819 829 844 878 901 904 936 938 976 
1641686031.564878 ### RSSI: -64, 21, 1640051255 ,4662 
1641686031.679845 ### RSSI: -56, 25, 1640051255 ,4664 
1641686031.752912 ### DEBUG: Ticks: 4665, 16, 1 
1641686031.753283 1640051255 c0:98:e5:42:00:2c 811 
1641686031.753484 1119 1146 1149 1179 1183 1195 1196 1234 1260 1261 1262 1274 1278 1289 1293 
1641686031.753702 1312 1316 1322 1323 1324 1326 1347 1352 1355 1378 1395 1403 1429 1448 1483 
1641686032.566219 ### RSSI: -58, 14, 1640051255 ,4677 
1641686032.682710 ### RSSI: -57, 22, 1640051255 ,4679 
1641686032.741182 ### DEBUG: Ticks: 4680, 15, 1 
1641686032.741451 1640051256 c0:98:e5:42:00:2c 729 
1641686032.753725 912 988 996 1028 1032 1053 1055 1059 1059 1076 1077 1084 1086 1088 1089 
1641686032.753871 1094 1102 1104 1110 1111 1118 1120 1124 1144 1157 1164 1175 1194 1234 1263 
1641686033.569754 ### RSSI: -56, 1, 1640051256 ,4693 
1641686033.674038 ### RSSI: -63, 4, 1640051257 ,4695 
1641686033.743714 ### DEBUG: Ticks: 4696, 16, 1 
1641686033.743980 1640051257 c0:98:e5:42:00:2c 723 
1641686033.744190 852 897 936 965 983 994 1001 1006 1011 1017 1017 1025 1029 1038 1043 
1641686033.744380 1045 1045 1055 1059 1070 1083 1086 1090 1097 1125 1144 1150 1170 1174 1215 
1641686033.790247 ### INFO: Battery voltage currently 4031 mV
1641686034.563286 ### RSSI: -56, 20, 1640051257 ,4709 
1641686034.677635 ### RSSI: -54, 4, 1640051258 ,4710 
1641686034.744758 ### DEBUG: Ticks: 4711, 15, 1 
1641686034.744897 1640051258 c0:98:e5:42:00:2c 712 
1641686034.744970 926 927 928 931 944 948 954 975 983 984 1000 1007 1018 1023 1037 
1641686034.745111 1038 1038 1039 1049 1056 1083 1102 1114 1116 1117 1120 1124 1132 1266 1312 
1641686035.570961 ### RSSI: -57, 11, 1640051258 ,4724 
1641686035.678745 ### RSSI: -61, 29, 1640051259 ,4726 
1641686035.748065 ### DEBUG: Ticks: 4727, 16, 1 
1641686035.748222 1640051259 c0:98:e5:42:00:2c 619 
1641686035.748321 874 878 888 896 919 935 936 938 939 941 949 956 968 976 979 
1641686035.748409 987 991 1002 1003 1023 1034 1036 1039 1049 1068 1104 1115 1163 1215 1216 
1641686036.564578 ### RSSI: -49, 26, 1640051260 ,4740 
1641686036.672664 ### RSSI: -46, 14, 1640051260 ,4742 
1641686036.743549 ### DEBUG: Ticks: 4743, 16, 1 
1641686036.743829 1640051260 c0:98:e5:42:00:2c 469 
1641686036.744014 722 730 731 754 773 775 799 802 809 812 826 827 836 837 842 
1641686036.744207 852 853 863 864 864 865 866 868 909 917 917 936 984 1020 1052 
1641686037.567028 ### RSSI: -60, 34, 1640051261 ,4756 
1641686037.677514 ### RSSI: -56, 2, 1640051261 ,4757 
1641686037.751292 ### DEBUG: Ticks: 4758, 15, 1 
1641686037.751426 1640051261 c0:98:e5:42:00:2c 509 
1641686037.751480 785 797 820 834 841 853 858 867 876 876 888 895 895 898 914 
1641686037.751533 914 921 937 940 942 944 949 952 958 972 989 991 1064 1064 1073 
1641686038.560712 ### RSSI: -60, 5, 1640051262 ,4771 
1641686038.684414 ### RSSI: -57, 22, 1640051262 ,4773 
1641686038.747180 ### DEBUG: Ticks: 4774, 16, 1 
1641686038.747459 1640051262 c0:98:e5:42:00:2c 683 
1641686038.747645 964 985 987 994 1015 1017 1049 1049 1052 1054 1056 1062 1063 1064 1064 
1641686038.747849 1067 1070 1088 1096 1105 1112 1121 1125 1162 1171 1173 1181 1200 1227 1262 
1641686039.569392 ### RSSI: -60, 1, 1640051263 ,4787 
1641686039.674658 ### RSSI: -69, 11, 1640051263 ,4789 
1641686039.740305 ### DEBUG: Ticks: 4790, 16, 1 
1641686039.740423 1640051263 c0:98:e5:42:00:2c 750 
1641686039.752534 1054 1061 1085 1086 1096 1103 1121 1123 1125 1128 1131 1131 1155 1157 1166 
1641686039.752677 1170 1184 1188 1189 1197 1212 1213 1215 1228 1230 1241 1257 1261 1265 0 
1641686040.567565 ### RSSI: -59, 7, 1640051264 ,4802 
1641686040.676382 ### RSSI: -60, 2, 1640051264 ,4804 
1641686040.749790 ### DEBUG: Ticks: 4805, 15, 1 
1641686040.749949 1640051264 c0:98:e5:42:00:2c 843 
1641686040.750034 1077 1087 1091 1096 1104 1104 1107 1107 1112 1118 1135 1142 1151 1151 1152 
1641686040.750123 1180 1180 1183 1191 1195 1204 1214 1216 1233 1245 1257 1267 1299 1320 1373 
1641686041.561935 ### RSSI: -58, 7, 1640051265 ,4818 
1641686041.677373 ### RSSI: -82, 7, 1640051265 ,4820 
1641686041.750376 ### DEBUG: Ticks: 4821, 16, 1 
1641686041.750573 1640051265 c0:98:e5:42:00:2c 542 
1641686041.750675 886 898 902 911 919 940 954 955 956 981 985 985 996 1000 1006 
1641686041.750801 1008 1011 1014 1016 1019 1023 1058 1061 1094 1097 1103 1125 1153 1153 1164 
1641686042.562805 ### RSSI: -65, 11, 1640051266 ,4834 
1641686042.678249 ### RSSI: -69, 5, 1640051266 ,4835 
1641686042.748044 ### DEBUG: Ticks: 4836, 15, 1 
1641686042.748215 1640051266 c0:98:e5:42:00:2c 563 
1641686042.748398 830 836 840 846 852 872 872 873 878 888 909 913 915 918 924 
1641686042.748605 928 930 932 934 938 943 947 948 953 959 966 974 997 1001 1070 
1641686043.565784 ### RSSI: -47, 8, 1640051267 ,4849 
1641686043.679695 ### RSSI: -50, 33, 1640051267 ,4851 
1641686043.750644 ### DEBUG: Ticks: 4852, 16, 1 
1641686043.750934 1640051267 c0:98:e5:42:00:2c 381 
1641686043.751118 658 674 706 706 707 721 722 724 729 730 735 738 740 746 754 
1641686043.751717 763 773 773 788 788 807 811 825 830 841 845 866 869 876 972 
1641686044.569713 ### RSSI: -46, 33, 1640051268 ,4865 
1641686044.679345 ### RSSI: -49, 24, 1640051268 ,4867 
1641686044.746564 ### DEBUG: Ticks: 4868, 16, 1 
1641686044.746688 1640051268 c0:98:e5:42:00:2c 366 
1641686044.746749 595 649 655 668 669 675 676 680 690 692 697 725 727 732 732 
1641686044.746802 735 738 739 745 757 769 769 775 780 788 814 820 826 888 1125 
1641686045.563039 ### RSSI: -53, 11, 1640051269 ,4880 
1641686045.676974 ### RSSI: -60, 17, 1640051269 ,4882 
1641686045.744878 ### DEBUG: Ticks: 4883, 15, 1 
1641686045.745601 1640051269 c0:98:e5:42:00:2c 709 
1641686045.745843 1013 1034 1041 1046 1051 1074 1088 1089 1091 1093 1096 1101 1119 1126 1133 
1641686045.746052 1142 1147 1150 1150 1152 1152 1163 1202 1204 1217 1218 1220 1221 1223 1232 
1641686046.565978 ### RSSI: -56, 11, 1640051270 ,4896 
1641686046.677591 ### RSSI: -61, 34, 1640051270 ,4898 
1641686046.744181 ### DEBUG: Ticks: 4899, 16, 1 
1641686046.744319 1640051270 c0:98:e5:42:00:2c 830 
1641686046.744388 1137 1155 1164 1192 1202 1221 1225 1227 1230 1240 1250 1253 1255 1261 1272 
1641686046.744458 1279 1283 1283 1285 1297 1299 1320 1374 1375 1376 1392 1407 1427 1445 1447 
1641686047.571627 ### RSSI: -59, 4, 1640051271 ,4912 
1641686047.680211 ### RSSI: -54, 16, 1640051271 ,4913 
1641686047.749821 ### DEBUG: Ticks: 4915, 16, 1 
1641686047.749999 1640051271 c0:98:e5:42:00:2c 735 
1641686047.750075 960 971 991 1043 1060 1074 1083 1087 1091 1092 1102 1104 1105 1126 1134 
1641686047.750149 1136 1138 1140 1146 1152 1156 1167 1180 1200 1201 1217 1226 1243 1305 1311 
1641686048.564552 ### RSSI: -48, 36, 1640051272 ,4927 
1641686048.675394 ### RSSI: -48, 31, 1640051272 ,4929 
1641686048.742085 ### DEBUG: Ticks: 4930, 15, 1 
1641686048.742212 1640051272 c0:98:e5:42:00:2c 797 
1641686048.742268 1048 1066 1077 1099 1115 1118 1123 1143 1146 1150 1156 1164 1173 1178 1178 
1641686048.753937 1189 1198 1200 1202 1215 1225 1247 1259 1270 1277 1283 1297 1305 1396 1399 
1641686049.563127 ### RSSI: -56, 1, 1640051273 ,4943 
1641686049.674903 ### RSSI: -52, 23, 1640051273 ,4945 
1641686049.742899 ### DEBUG: Ticks: 4946, 16, 1 
1641686049.743183 1640051273 c0:98:e5:42:00:2c 742 
1641686049.743363 1039 1043 1082 1100 1105 1106 1107 1108 1108 1109 1109 1135 1135 1147 1147 
1641686049.743554 1147 1169 1171 1175 1189 1202 1202 1203 1203 1208 1279 1321 1322 1327 1340 
1641686050.567901 ### RSSI: -53, 18, 1640051274 ,4959 
1641686050.678726 ### RSSI: -47, 10, 1640051274 ,4960 
1641686050.745869 ### DEBUG: Ticks: 4961, 15, 1 
1641686050.746027 1640051274 c0:98:e5:42:00:2c 693 
1641686050.746113 931 945 995 999 1028 1030 1054 1054 1057 1060 1068 1068 1073 1080 1080 
1641686050.746201 1091 1094 1097 1098 1103 1103 1117 1160 1170 1191 1196 1202 1206 1252 1283 
1641686051.229289 ### INFO: SD card flushed!
1641686051.567273 ### RSSI: -56, 36, 1640051275 ,4974 
1641686051.677710 ### RSSI: -53, 35, 1640051275 ,4976 
1641686051.744261 ### DEBUG: Ticks: 4977, 16, 1 
1641686051.744422 1640051275 c0:98:e5:42:00:2c 410 
1641686051.744496 699 716 717 729 736 741 749 754 768 777 782 790 798 802 810 
1641686051.744571 814 833 836 840 846 847 848 858 861 862 862 874 879 907 919 
1641686052.569286 ### RSSI: -53, 22, 1640051276 ,4990 
1641686052.678962 ### RSSI: -53, 10, 1640051276 ,4992 
1641686052.745315 ### DEBUG: Ticks: 4993, 16, 1 
1641686052.745478 1640051276 c0:98:e5:42:00:2c 704 
1641686052.745546 931 937 944 965 973 985 989 997 1001 1005 1005 1006 1010 1016 1020 
1641686052.745616 1046 1055 1057 1073 1075 1084 1084 1089 1115 1116 1151 1181 1187 1224 1261 
1641686053.563859 ### RSSI: -61, 18, 1640051277 ,5005 
1641686053.675866 ### RSSI: -55, 5, 1640051277 ,5007 
1641686053.742536 ### DEBUG: Ticks: 5008, 15, 1 
1641686053.742797 1640051277 c0:98:e5:42:00:2c 723 
1641686053.742955 937 973 1003 1010 1017 1020 1032 1046 1049 1051 1064 1064 1069 1086 1091 
1641686053.743120 1094 1095 1096 1098 1100 1113 1113 1124 1130 1133 1138 1148 1155 1156 1221 
1641686054.562547 ### RSSI: -58, 12, 1640051278 ,5021 
1641686054.674594 ### RSSI: -61, 35, 1640051278 ,5023 
1641686054.744493 ### DEBUG: Ticks: 5024, 16, 1 
1641686054.744642 1640051278 c0:98:e5:42:00:2c 692 
1641686054.744733 919 962 962 981 982 983 990 997 998 998 1002 1010 1013 1015 1018 
1641686054.744814 1043 1046 1063 1064 1068 1070 1071 1078 1085 1097 1112 1114 1126 1137 1182 
1641686055.562583 ### RSSI: -58, 14, 1640051279 ,5037 
1641686055.675633 ### RSSI: -53, 3, 1640051279 ,5038 
1641686055.745965 ### DEBUG: Ticks: 5039, 15, 1 
1641686055.746264 1640051279 c0:98:e5:42:00:2c 835 
1641686055.746449 1065 1065 1120 1132 1135 1139 1145 1160 1167 1167 1179 1182 1189 1189 1192 
1641686055.746642 1209 1210 1212 1243 1247 1251 1253 1280 1311 1316 1319 1320 1332 1357 1450 
1641686056.560795 ### RSSI: -59, 17, 1640051280 ,5052 
1641686056.673860 ### RSSI: -60, 17, 1640051280 ,5054 
1641686056.744772 ### DEBUG: Ticks: 5055, 16, 1 
1641686056.745166 1640051280 c0:98:e5:42:00:2c 648 
1641686056.745369 938 945 946 949 956 974 978 987 988 998 1004 1008 1010 1013 1014 
1641686056.745572 1016 1027 1036 1037 1044 1046 1047 1047 1050 1057 1060 1084 1087 1099 1111 
1641686057.562771 ### RSSI: -50, 5, 1640051280 ,5068 
1641686057.676532 ### RSSI: -49, 20, 1640051281 ,5070 
1641686057.744118 ### DEBUG: Ticks: 5071, 16, 1 
1641686057.744405 1640051281 c0:98:e5:42:00:2c 820 
1641686057.744968 1081 1083 1089 1091 1097 1102 1103 1122 1125 1143 1153 1154 1159 1167 1177 
1641686057.745331 1184 1184 1185 1188 1190 1192 1204 1214 1223 1231 1256 1275 1318 1320 1360 
1641686058.560231 ### RSSI: -49, 11, 1640051281 ,5084 
1641686058.673366 ### RSSI: -48, 29, 1640051282 ,5085 
1641686058.741982 ### DEBUG: Ticks: 5086, 15, 1 
1641686058.742267 1640051282 c0:98:e5:42:00:2c 714 
1641686058.754191 1016 1019 1021 1035 1045 1050 1056 1057 1058 1060 1069 1070 1074 1085 1092 
1641686058.754354 1092 1099 1105 1110 1114 1126 1139 1147 1147 1158 1245 1251 1282 1303 0 
1641686059.564711 ### RSSI: -52, 34, 1640051282 ,5099 
1641686059.680221 ### RSSI: -53, 2, 1640051283 ,5101 
1641686059.748205 ### DEBUG: Ticks: 5102, 16, 1 
1641686059.748486 1640051283 c0:98:e5:42:00:2c 622 
1641686059.748669 877 888 897 922 924 956 980 992 1009 1014 1015 1015 1030 1032 1045 
1641686059.748880 1049 1066 1068 1069 1077 1077 1086 1111 1119 1122 1130 1141 1146 1219 1256 
1641686060.559540 ### RSSI: -65, 10, 1640051284 ,5115 
1641686060.674496 ### RSSI: -58, 26, 1640051284 ,5117 
1641686060.742264 ### DEBUG: Ticks: 5118, 16, 1 
1641686060.742394 1640051284 c0:98:e5:42:00:2c 413 
1641686060.742486 713 719 727 748 752 775 792 800 803 804 807 807 808 822 823 
1641686060.742580 829 833 843 847 857 862 863 880 904 907 908 915 944 945 978 
1641686061.570935 ### RSSI: -56, 27, 1640051285 ,5130 
1641686061.675330 ### RSSI: -56, 13, 1640051285 ,5132 
1641686061.746444 ### DEBUG: Ticks: 5133, 15, 1 
1641686061.746743 1640051285 c0:98:e5:42:00:2c 862 
1641686061.746928 1072 1138 1148 1156 1176 1199 1201 1205 1207 1228 1228 1230 1232 1234 1275 
1641686061.747119 1277 1284 1290 1294 1318 1318 1319 1320 1323 1326 1334 1379 1391 1403 1404 
1641686062.566928 ### RSSI: -58, 34, 1640051286 ,5146 
1641686062.670671 ### RSSI: -58, 10, 1640051286 ,5148 
1641686062.742004 ### DEBUG: Ticks: 5149, 16, 1 
1641686062.742161 1640051286 c0:98:e5:42:00:2c 855 
1641686062.753784 1098 1099 1127 1132 1139 1140 1179 1185 1185 1192 1193 1196 1200 1205 1205 
1641686062.753925 1211 1216 1218 1225 1228 1247 1251 1256 1260 1265 1267 1268 1274 1278 1429 
1641686063.566054 ### RSSI: -57, 7, 1640051287 ,5162 
1641686063.678383 ### RSSI: -53, 4, 1640051287 ,5163 
1641686063.747680 ### DEBUG: Ticks: 5164, 15, 1 
1641686063.747977 1640051287 c0:98:e5:42:00:2c 804 
1641686063.748187 1082 1118 1123 1145 1147 1165 1165 1168 1184 1189 1191 1203 1205 1211 1220 
1641686063.748376 1224 1227 1231 1241 1244 1252 1257 1268 1280 1289 1291 1318 1321 1324 1378 
1641686064.560937 ### RSSI: -48, 18, 1640051288 ,5177 
1641686064.675500 ### RSSI: -52, 23, 1640051288 ,5179 
1641686064.744443 ### DEBUG: Ticks: 5180, 16, 1 
1641686064.744735 1640051288 c0:98:e5:42:00:2c 641 
1641686064.744921 982 1026 1030 1062 1071 1079 1086 1094 1097 1103 1109 1112 1117 1129 1136 
1641686064.745253 1138 1145 1154 1157 1170 1175 1194 1195 1198 1203 1250 1327 1338 1370 1380 
1641686065.560162 ### RSSI: -53, 29, 1640051289 ,5193 
1641686065.675084 ### RSSI: -50, 12, 1640051289 ,5195 
1641686065.744715 ### DEBUG: Ticks: 5196, 16, 1 
1641686065.745098 1640051289 c0:98:e5:42:00:2c 749 
1641686065.745287 1059 1082 1084 1104 1110 1110 1110 1129 1136 1137 1142 1150 1160 1175 1180 
1641686065.745480 1180 1194 1195 1225 1242 1246 1256 1266 1270 1271 1274 1274 1310 1368 1470 
1641686066.569354 ### RSSI: -65, 18, 1640051290 ,5208 
1641686066.674347 ### RSSI: -59, 14, 1640051290 ,5210 
1641686066.744483 ### DEBUG: Ticks: 5211, 15, 1 
1641686066.744780 1640051290 c0:98:e5:42:00:2c 617 
1641686066.744963 840 848 858 861 869 889 899 899 904 921 932 942 943 945 956 
1641686066.745264 959 968 972 982 990 996 1009 1013 1017 1064 1068 1074 1084 1096 1132 
1641686067.569244 ### RSSI: -48, 33, 1640051291 ,5224 
1641686067.673269 ### RSSI: -50, 32, 1640051291 ,5226 
1641686067.744378 ### DEBUG: Ticks: 5227, 16, 1 
1641686067.744540 1640051291 c0:98:e5:42:00:2c 376 
1641686067.744620 620 650 653 660 672 677 693 698 699 701 706 709 712 715 715 
1641686067.744701 718 734 740 740 755 756 773 799 801 809 812 828 848 876 907 
1641686068.570971 ### RSSI: -55, 13, 1640051292 ,5240 
1641686068.674475 ### RSSI: -68, 33, 1640051292 ,5241 
1641686068.743663 ### DEBUG: Ticks: 5243, 16, 1 
1641686068.743836 1640051292 c0:98:e5:42:00:2c 677 
1641686068.743928 962 970 975 977 986 990 992 1002 1003 1006 1006 1008 1013 1023 1025 
1641686068.744049 1043 1061 1065 1079 1079 1092 1094 1097 1110 1124 1129 1177 1181 1190 1200 
1641686069.563397 ### RSSI: -61, 15, 1640051293 ,5255 
1641686069.679354 ### RSSI: -68, 6, 1640051293 ,5257 
1641686069.746760 ### DEBUG: Ticks: 5258, 15, 1 
1641686069.746891 1640051293 c0:98:e5:42:00:2c 770 
1641686069.746956 1012 1040 1055 1078 1099 1101 1109 1111 1122 1123 1123 1125 1126 1131 1131 
1641686069.747023 1161 1166 1187 1192 1200 1201 1203 1206 1207 1258 1268 1277 1325 1325 1520 
1641686070.563442 ### RSSI: -60, 8, 1640051294 ,5271 
1641686070.674564 ### RSSI: -59, 8, 1640051294 ,5273 
1641686070.739564 ### DEBUG: Ticks: 5274, 16, 1 
1641686070.751260 1640051294 c0:98:e5:42:00:2c 718 
1641686070.751545 1001 1027 1051 1052 1054 1064 1066 1067 1070 1072 1074 1075 1077 1082 1084 
1641686070.751728 1088 1094 1104 1104 1135 1138 1141 1144 1145 1149 1161 1177 1187 1198 1357 
1641686071.570968 ### RSSI: -52, 33, 1640051295 ,5287 
1641686071.671840 ### RSSI: -50, 5, 1640051295 ,5288 
1641686071.739686 ### DEBUG: Ticks: 5289, 15, 1 
1641686071.752652 1640051295 c0:98:e5:42:00:2c 714 
1641686071.752944 986 1018 1057 1062 1067 1077 1086 1099 1114 1116 1122 1122 1128 1137 1138 
1641686071.753803 1141 1145 1150 1152 1164 1171 1174 1191 1199 1203 1208 1215 1236 1244 1318 
1641686072.748383 ### DEBUG: Ticks: 5305, 16, 1 
1641686072.748667 1640051296 c0:98:e5:42:00:2c 557 
1641686072.748852 867 879 889 910 911 913 938 939 939 940 940 941 948 956 968 
1641686072.749401 976 988 989 995 1004 1014 1015 1031 1035 1037 1040 1048 1065 1066 1094 
1641686073.746974 ### DEBUG: Ticks: 5321, 16, 1 
1641686073.747264 1640051297 c0:98:e5:42:00:2c 486 
1641686073.747448 813 821 839 840 850 850 874 882 886 887 891 894 899 899 906 
1641686073.747653 911 919 921 936 947 976 979 985 986 992 1001 1001 1022 1022 1028 
1641686074.741678 ### DEBUG: Ticks: 5336, 15, 1 
1641686074.741961 1640051298 c0:98:e5:42:00:2c 455 
1641686074.754904 783 802 828 831 859 859 863 865 871 874 883 887 888 893 910 
1641686074.755187 912 918 921 923 928 929 930 932 934 945 959 974 983 1014 1040 
1641686075.667327 ### BLE EVENT: 17, INFO: BLE DISCONNECTED!
1641686075.750380 ### DEBUG: Ticks: 5352, 16, 0 
1641686075.750525 1640051299 c0:98:e5:42:00:2c 603 
1641686075.750599 830 840 883 889 892 896 901 903 916 931 932 934 940 947 954 
1641686075.750681 954 973 978 987 993 1014 1016 1025 1030 1031 1047 1090 1111 1114 1120 
1641686075.774296 ### BLE EVENT: 17, INFO: BLE DISCONNECTED!
1641686076.743026 ### DEBUG: Ticks: 5367, 15, 0 
1641686076.743193 1640051300 c0:98:e5:42:00:2c 754 
1641686076.756213 1006 1014 1050 1059 1068 1078 1078 1121 1122 1126 1126 1130 1133 1138 1142 
1641686076.756498 1167 1171 1189 1189 1191 1202 1221 1223 1224 1229 1232 1239 1239 1274 1278 
1641686076.964007 ### BLE EVENT: 16, INFO: BLE CONNECTED!
1641686076.964148 ### RSSI: -59, 20, 1640051301 ,5371 
1641686077.061892 ### RSSI: -58, 2, 1640051301 ,5372 
1641686077.161258 ### RSSI: -62, 29, 1640051301 ,5374 
1641686077.258598 ### RSSI: -58, 26, 1640051301 ,5376 
1641686077.369825 ### RSSI: -60, 30, 1640051301 ,5377 
1641686077.462891 ### RSSI: -57, 19, 1640051301 ,5379 
1641686077.561984 ### RSSI: -55, 1, 1640051301 ,5380 
1641686077.660069 ### RSSI: -57, 14, 1640051301 ,5382 
1641686077.747774 ### DEBUG: Ticks: 5383, 16, 0 
1641686077.747925 1640051301 c0:98:e5:42:00:2c 754 
1641686077.747996 998 1003 1019 1032 1036 1039 1040 1051 1055 1066 1081 1084 1084 1091 1101 
1641686077.748058 1118 1126 1141 1147 1150 1155 1157 1164 1173 1174 1177 1186 1202 1213 1233 
1641686077.759001 ### RSSI: -57, 7, 1640051301 ,5383 
1641686077.857375 ### RSSI: -56, 5, 1640051302 ,5385 
1641686077.966373 ### RSSI: -57, 8, 1640051302 ,5387 
1641686078.063254 ### RSSI: -57, 15, 1640051302 ,5388 
1641686078.159984 ### RSSI: -54, 34, 1640051302 ,5390 
1641686078.256775 ### RSSI: -54, 19, 1640051302 ,5391 
1641686078.364494 ### RSSI: -53, 27, 1640051302 ,5393 
1641686078.462897 ### RSSI: -58, 2, 1640051302 ,5394 
1641686078.561128 ### RSSI: -54, 23, 1640051302 ,5396 
1641686078.746550 ### DEBUG: Ticks: 5399, 16, 0 
1641686078.746840 1640051302 c0:98:e5:42:00:2c 653 
1641686078.747025 863 892 913 914 942 944 958 970 990 993 995 999 1000 1003 1004 
1641686078.747227 1006 1015 1021 1024 1032 1039 1040 1043 1043 1053 1062 1063 1076 1090 1199 
1641686079.566568 ### RSSI: -51, 20, 1640051303 ,5411 
1641686079.750108 ### DEBUG: Ticks: 5414, 15, 0 
1641686079.750274 1640051303 c0:98:e5:42:00:2c 701 
1641686079.750370 963 964 983 1002 1013 1020 1020 1027 1035 1049 1059 1060 1065 1067 1074 
1641686079.750452 1074 1079 1080 1082 1083 1089 1100 1121 1162 1196 1205 1206 1206 1229 1369 
1641686080.557736 ### RSSI: -47, 36, 1640051304 ,5427 
1641686080.744662 ### DEBUG: Ticks: 5430, 16, 0 
1641686080.744829 1640051304 c0:98:e5:42:00:2c 678 
1641686080.744928 899 921 968 994 1004 1011 1013 1013 1017 1021 1023 1033 1035 1048 1049 
1641686080.745087 1058 1072 1073 1076 1082 1096 1153 1160 1169 1184 1188 1196 1213 1216 1250 
1641686081.564620 ### RSSI: -52, 35, 1640051304 ,5443 
1641686081.749175 ### DEBUG: Ticks: 5446, 16, 0 
1641686081.749458 1640051305 c0:98:e5:42:00:2c 417 
1641686081.749641 683 686 693 705 724 731 734 742 755 768 771 780 789 790 795 
1641686081.749937 814 820 823 825 826 835 840 840 845 848 855 876 900 908 936 
1641686082.184779 ### INFO: SD card flushed!
1641686082.562937 ### RSSI: -61, 21, 1640051305 ,5458 
1641686082.747968 ### DEBUG: Ticks: 5461, 15, 0 
1641686082.748253 1640051306 c0:98:e5:42:00:2c 530 
1641686082.748437 734 743 769 777 780 782 785 802 826 826 829 834 837 844 847 
1641686082.748568 856 874 879 886 894 903 907 908 910 914 954 978 989 1018 1067 
1641686083.558538 ### RSSI: -66, 27, 1640051306 ,5474 
1641686083.750777 ### DEBUG: Ticks: 5477, 16, 0 
1641686083.751060 1640051307 c0:98:e5:42:00:2c 694 
1641686083.751243 973 1005 1010 1032 1035 1037 1044 1049 1050 1053 1053 1058 1070 1077 1079 
1641686083.751446 1083 1085 1086 1095 1097 1103 1106 1115 1116 1134 1146 1162 1168 1191 1199 
1641686084.565719 ### RSSI: -56, 4, 1640051308 ,5490 
1641686084.752324 ### DEBUG: Ticks: 5492, 15, 0 
1641686084.752608 1640051308 c0:98:e5:42:00:2c 696 
1641686084.752940 1005 1020 1027 1030 1035 1041 1050 1050 1052 1057 1064 1069 1086 1089 1093 
1641686084.753236 1093 1097 1104 1106 1110 1110 1113 1118 1121 1126 1140 1146 1152 1185 1228 
1641686085.560241 ### RSSI: -60, 28, 1640051309 ,5505 
1641686085.743715 ### DEBUG: Ticks: 5508, 16, 0 
1641686085.743883 1640051309 c0:98:e5:42:00:2c 768 
1641686085.743983 1078 1108 1111 1114 1114 1116 1135 1138 1146 1146 1147 1152 1153 1155 1159 
1641686085.744200 1159 1176 1179 1181 1184 1210 1215 1218 1219 1221 1223 1237 1246 1265 1344 
1641686086.557873 ### RSSI: -53, 0, 1640051310 ,5521 
1641686086.749532 ### DEBUG: Ticks: 5524, 16, 0 
1641686086.749721 1640051310 c0:98:e5:42:00:2c 903 
1641686086.749800 1182 1196 1205 1211 1213 1224 1224 1229 1235 1236 1247 1281 1284 1285 1287 
1641686086.749877 1288 1294 1302 1321 1350 1366 1366 1371 1381 1396 1453 1481 1514 1527 1552 
1641686087.562597 ### RSSI: -60, 15, 1640051311 ,5536 
1641686087.747810 ### DEBUG: Ticks: 5539, 15, 0 
1641686087.748093 1640051311 c0:98:e5:42:00:2c 791 
1641686087.748290 1063 1121 1127 1136 1149 1160 1166 1167 1180 1186 1189 1197 1199 1200 1203 
1641686087.748486 1206 1207 1209 1214 1216 1219 1220 1226 1229 1232 1235 1235 1240 1250 1251 
1641686088.557473 ### RSSI: -47, 16, 1640051312 ,5552 
1641686088.749369 ### DEBUG: Ticks: 5555, 16, 0 
1641686088.749650 1640051312 c0:98:e5:42:00:2c 682 
1641686088.750081 959 967 1013 1020 1025 1039 1052 1061 1067 1071 1074 1077 1082 1084 1093 
1641686088.750282 1098 1101 1103 1105 1108 1133 1140 1146 1162 1164 1207 1215 1220 1269 1284 
1641686089.568811 ### RSSI: -49, 34, 1640051313 ,5568 
1641686089.753654 ### DEBUG: Ticks: 5571, 16, 0 
1641686089.753935 1640051313 c0:98:e5:42:00:2c 662 
1641686089.754120 985 992 1002 1003 1005 1015 1020 1030 1031 1032 1037 1038 1040 1042 1045 
1641686089.754314 1048 1052 1060 1062 1062 1082 1089 1100 1111 1123 1131 1192 1207 1234 1261 
1641686090.557412 ### RSSI: -49, 29, 1640051314 ,5583 
1641686090.745555 ### DEBUG: Ticks: 5586, 15, 0 
1641686090.745711 1640051314 c0:98:e5:42:00:2c 446 
1641686090.745790 697 739 741 749 761 767 775 785 789 791 804 809 822 836 841 
1641686090.745907 845 846 846 854 865 872 873 878 895 898 921 927 929 936 963 
1641686091.563997 ### RSSI: -56, 34, 1640051315 ,5599 
1641686091.753168 ### DEBUG: Ticks: 5602, 16, 0 
1641686091.753453 1640051315 c0:98:e5:42:00:2c 424 
1641686091.753636 719 756 756 758 777 785 787 795 799 818 825 830 833 834 841 
1641686091.753823 856 857 864 873 879 894 908 918 922 942 947 958 978 987 1002 
1641686092.560218 ### RSSI: -58, 25, 1640051316 ,5615 
1641686092.747047 ### DEBUG: Ticks: 5617, 15, 0 
1641686092.747300 1640051316 c0:98:e5:42:00:2c 809 
1641686092.747453 1080 1111 1111 1122 1142 1156 1159 1173 1185 1186 1195 1205 1209 1217 1225 
1641686092.747550 1236 1237 1243 1245 1263 1276 1277 1283 1295 1299 1302 1326 1350 1408 1413 
1641686093.557565 ### RSSI: -60, 9, 1640051317 ,5630 
1641686093.743341 ### DEBUG: Ticks: 5633, 16, 0 
1641686093.743623 1640051317 c0:98:e5:42:00:2c 790 
1641686093.744059 988 990 1034 1036 1049 1068 1080 1083 1088 1092 1094 1095 1114 1120 1120 
1641686093.744240 1127 1135 1135 1136 1139 1153 1156 1157 1170 1178 1180 1196 1229 1232 0 
1641686094.561249 ### RSSI: -53, 34, 1640051318 ,5646 
1641686094.754654 ### DEBUG: Ticks: 5649, 16, 0 
1641686094.754942 1640051318 c0:98:e5:42:00:2c 623 
1641686094.755128 863 906 908 910 929 950 971 987 994 998 999 1009 1011 1015 1017 
1641686094.755318 1020 1023 1023 1028 1040 1057 1064 1066 1068 1071 1087 1102 1184 1200 1408 
1641686095.566573 ### RSSI: -56, 1, 1640051319 ,5661 
1641686095.753351 ### DEBUG: Ticks: 5664, 15, 0 
1641686095.753636 1640051319 c0:98:e5:42:00:2c 738 
1641686095.753819 1007 1012 1017 1021 1039 1041 1057 1063 1069 1086 1088 1105 1112 1115 1115 
1641686095.754007 1121 1122 1129 1130 1133 1143 1165 1172 1175 1207 1221 1243 1279 1364 1385 
1641686096.563142 ### RSSI: -61, 14, 1640051320 ,5677 
1641686096.742199 ### DEBUG: Ticks: 5680, 16, 0 
1641686096.742438 1640051320 c0:98:e5:42:00:2c 553 
1641686096.754518 810 845 865 874 884 885 885 895 902 910 914 915 918 920 921 
1641686096.754690 922 942 945 953 967 971 982 989 998 1045 1048 1060 1085 1119 1140 
1641686097.563227 ### RSSI: -47, 22, 1640051321 ,5693 
1641686097.748663 ### DEBUG: Ticks: 5696, 16, 0 
1641686097.748956 1640051321 c0:98:e5:42:00:2c 403 
1641686097.749346 638 654 660 663 695 696 714 717 722 724 730 732 734 743 744 
1641686097.749544 750 753 754 763 768 772 783 801 807 852 856 910 964 979 988 
1641686098.565826 ### RSSI: -58, 33, 1640051322 ,5708 
1641686098.751606 ### DEBUG: Ticks: 5711, 15, 0 
1641686098.751907 1640051322 c0:98:e5:42:00:2c 502 
1641686098.752095 800 813 818 838 854 857 858 869 875 897 903 909 926 930 930 
1641686098.752314 931 938 942 942 946 950 955 966 967 999 1007 1063 1068 1073 1133 
1641686099.561277 ### RSSI: -61, 27, 1640051323 ,5724 
1641686099.747052 ### DEBUG: Ticks: 5727, 16, 0 
1641686099.747339 1640051323 c0:98:e5:42:00:2c 760 
1641686099.747555 973 1024 1058 1085 1090 1098 1101 1105 1105 1132 1140 1157 1162 1165 1165 
1641686099.747756 1167 1177 1184 1190 1194 1197 1215 1217 1221 1224 1245 1258 1278 1326 1344 
1641686099.780587 ### DEBUG: BLE START SCANNING called
1641686099.815510 ### DEBUG: BLE START SCANNING called
1641686099.839852 ### DEBUG: BLE START SCANNING called
1641686100.561499 ### RSSI: -63, 11, 1640051324 ,5739 
1641686100.561667 ### DEBUG: BLE START SCANNING called
1641686100.744043 ### DEBUG: Ticks: 5742, 15, 0 
1641686100.744301 1640051324 c0:98:e5:42:00:2c 720 
1641686100.744393 1117 1153 1173 1180 1183 1185 1195 1205 1205 1207 1210 1213 1220 1222 1234 
1641686100.744490 1236 1257 1264 1272 1281 1288 1297 1298 1301 1301 1307 1327 1350 1361 1362 
1641686100.891937 ### DEBUG: BLE START SCANNING called
1641686100.916693 ### DEBUG: BLE START SCANNING called
1641686100.928374 ### addr: c0:98:e5:42:00:2c 
1641686100.928525 ### on_adv_report outer RSSI: -63, time:1640051325 
1641686100.928598 ### INFO: Discovered new device: c0:98:e5:42:00:2c
1641686100.928670 ### DEBUG: connected? already connected
1641686100.928740 ### DEBUG: BLE START SCANNING called
1641686100.986768 ### BLE EVENT: 16, INFO: BLE CONNECTED!
1641686100.986948 ### DEBUG: BLE START SCANNING called
1641686100.987048 ### RSSI: -60, 35, 1640051325 ,5746 
1641686100.987200 ### DEBUG: BLE START SCANNING called
1641686101.079899 ### RSSI: -59, 1, 1640051325 ,5748 
1641686101.080186 ### DEBUG: BLE START SCANNING called
1641686101.185877 ### RSSI: -61, 19, 1640051325 ,5749 
1641686101.186044 ### DEBUG: BLE START SCANNING called
1641686101.281196 ### RSSI: -56, 26, 1640051325 ,5751 
1641686101.281373 ### DEBUG: BLE START SCANNING called
1641686101.386131 ### RSSI: -54, 26, 1640051325 ,5752 
1641686101.386375 ### DEBUG: BLE START SCANNING called
1641686101.489263 ### RSSI: -56, 20, 1640051325 ,5754 
1641686101.489457 ### DEBUG: BLE START SCANNING called
1641686101.555167 ### RSSI: -59, 1, 1640051325 ,5755 
1641686101.566529 ### DEBUG: BLE START SCANNING called
1641686101.660415 ### RSSI: -57, 19, 1640051325 ,5757 
1641686101.660700 ### DEBUG: BLE START SCANNING called
1641686101.683337 ### RSSI: -60, 34, 1640051325 ,5757 
1641686101.683497 ### DEBUG: BLE START SCANNING called
1641686101.751671 ### DEBUG: Ticks: 5758, 16, 1 
1641686101.751844 1640051325 c0:98:e5:42:00:2c 666 
1641686101.751931 913 916 918 934 952 954 958 960 969 971 977 981 983 987 992 
1641686101.752014 995 1006 1008 1016 1019 1021 1033 1054 1059 1065 1074 1082 1088 1094 1149 
1641686101.752109 ### DEBUG: BLE START SCANNING called
1641686101.786248 ### RSSI: -58, 22, 1640051325 ,5759 
1641686101.786638 ### DEBUG: BLE START SCANNING called
1641686101.889199 ### RSSI: -55, 21, 1640051326 ,5760 
1641686101.889393 ### DEBUG: BLE START SCANNING called
1641686101.983869 ### RSSI: -57, 29, 1640051326 ,5762 
1641686101.984027 ### DEBUG: BLE START SCANNING called
1641686102.080105 ### RSSI: -52, 23, 1640051326 ,5763 
1641686102.080268 ### DEBUG: BLE START SCANNING called
1641686102.184399 ### RSSI: -51, 0, 1640051326 ,5765 
1641686102.184607 ### DEBUG: BLE START SCANNING called
1641686102.290727 ### RSSI: -54, 13, 1640051326 ,5766 
1641686102.290871 ### DEBUG: BLE START SCANNING called
1641686102.384719 ### RSSI: -57, 7, 1640051326 ,5768 
1641686102.384875 ### DEBUG: BLE START SCANNING called
1641686102.482352 ### RSSI: -57, 24, 1640051326 ,5770 
1641686102.482554 ### DEBUG: BLE START SCANNING called
1641686102.589342 ### RSSI: -72, 8, 1640051326 ,5771 
1641686102.589629 ### DEBUG: BLE START SCANNING called
1641686102.659252 ### RSSI: -65, 13, 1640051326 ,5772 
1641686102.659482 ### DEBUG: BLE START SCANNING called
1641686102.682436 ### RSSI: -62, 3, 1640051326 ,5773 
1641686102.682738 ### DEBUG: BLE START SCANNING called
1641686102.749656 ### DEBUG: Ticks: 5774, 16, 1 
1641686102.749952 1640051326 c0:98:e5:42:00:2c 613 
1641686102.750157 857 889 898 907 912 913 915 948 953 957 966 983 986 992 994 
1641686102.750573 1008 1016 1026 1027 1029 1033 1035 1038 1050 1054 1071 1078 1080 1090 0 
1641686102.750779 ### DEBUG: BLE START SCANNING called
1641686102.761635 ### RSSI: -66, 2, 1640051326 ,5774 
1641686102.761928 ### DEBUG: BLE START SCANNING called
1641686102.784541 ### DEBUG: BLE START SCANNING called
1641686103.686973 ### RSSI: -58, 30, 1640051327 ,5788 
1641686103.687262 ### DEBUG: BLE START SCANNING called
1641686103.747621 ### DEBUG: Ticks: 5789, 15, 1 
1641686103.748016 1640051327 c0:98:e5:42:00:2c 580 
1641686103.748223 872 901 907 934 939 959 961 962 965 972 978 983 985 993 998 
1641686103.748434 1017 1019 1020 1021 1026 1033 1041 1051 1054 1074 1084 1091 1092 1097 0 
1641686103.748536 ### DEBUG: BLE START SCANNING called
1641686103.758708 ### RSSI: -59, 21, 1640051327 ,5789 
1641686103.758869 ### DEBUG: BLE START SCANNING called
1641686103.782142 ### DEBUG: BLE START SCANNING called
1641686104.689946 ### RSSI: -53, 28, 1640051328 ,5804 
1641686104.690099 ### DEBUG: BLE START SCANNING called
1641686104.749530 ### DEBUG: Ticks: 5805, 16, 1 
1641686104.749684 1640051328 c0:98:e5:42:00:2c 430 
1641686104.749776 676 685 687 695 706 710 710 712 725 727 728 736 744 747 749 
1641686104.749947 756 783 784 792 792 797 799 806 809 819 824 840 848 849 860 
1641686104.750123 ### DEBUG: BLE START SCANNING called
1641686104.762268 ### RSSI: -47, 0, 1640051328 ,5805 
1641686104.762520 ### DEBUG: BLE START SCANNING called
1641686105.685172 ### RSSI: -49, 20, 1640051328 ,5819 
1641686105.751777 ### DEBUG: Ticks: 5820, 15, 1 
1641686105.751960 1640051329 c0:98:e5:42:00:2c 393 
1641686105.752009 635 673 674 689 692 712 718 748 749 754 755 780 783 784 787 
1641686105.752058 787 787 796 797 801 808 808 835 855 874 876 900 913 915 0 
1641686105.763247 ### RSSI: -52, 30, 1640051329 ,5821 
1641686106.685344 ### RSSI: -57, 17, 1640051330 ,5835 
1641686106.751672 ### DEBUG: Ticks: 5836, 16, 1 
1641686106.751850 1640051330 c0:98:e5:42:00:2c 680 
1641686106.751935 970 1022 1022 1031 1049 1054 1057 1059 1068 1070 1073 1098 1108 1116 1124 
1641686106.752016 1124 1127 1131 1139 1159 1174 1192 1197 1227 1244 1247 1267 1272 1275 1300 
1641686106.763398 ### RSSI: -60, 36, 1640051330 ,5836 
1641686107.686694 ### RSSI: -57, 19, 1640051331 ,5851 
1641686107.746248 ### DEBUG: Ticks: 5852, 16, 1 
1641686107.746458 1640051331 c0:98:e5:42:00:2c 751 
1641686107.746550 988 1016 1028 1047 1096 1100 1105 1137 1138 1139 1145 1147 1157 1164 1169 
1641686107.746632 1174 1175 1182 1184 1186 1188 1194 1214 1216 1219 1240 1247 1250 1253 1274 
1641686107.758185 ### RSSI: -58, 31, 1640051331 ,5852 
1641686108.679474 ### RSSI: -54, 28, 1640051332 ,5866 
1641686108.747746 ### DEBUG: Ticks: 5867, 15, 1 
1641686108.748003 1640051332 c0:98:e5:42:00:2c 642 
1641686108.748160 872 878 889 915 916 925 945 967 967 971 971 1000 1002 1003 1004 
1641686108.748335 1004 1007 1008 1008 1015 1015 1036 1038 1040 1042 1045 1058 1104 1124 1203 
1641686108.758990 ### RSSI: -54, 28, 1640051332 ,5868 
1641686109.679063 ### RSSI: -48, 34, 1640051333 ,5882 
1641686109.749441 ### DEBUG: Ticks: 5883, 16, 1 
1641686109.749734 1640051333 c0:98:e5:42:00:2c 654 
1641686109.749918 975 986 1011 1021 1035 1040 1067 1068 1075 1082 1085 1089 1090 1099 1100 
1641686109.750124 1100 1113 1126 1128 1134 1135 1153 1165 1183 1191 1194 1219 1245 1258 1313 
1641686109.762053 ### RSSI: -49, 21, 1640051333 ,5883 
1641686110.683523 ### RSSI: -48, 0, 1640051334 ,5898 
1641686110.752559 ### DEBUG: Ticks: 5899, 16, 1 
1641686110.752795 1640051334 c0:98:e5:42:00:2c 641 
1641686110.752962 856 911 915 922 925 926 929 930 937 941 941 948 954 966 967 
1641686110.753220 973 989 992 1003 1005 1008 1009 1030 1085 1097 1099 1112 1117 1121 1139 
1641686110.763433 ### RSSI: -48, 0, 1640051334 ,5899 
1641686111.686795 ### RSSI: -49, 12, 1640051335 ,5913 
1641686111.744667 ### DEBUG: Ticks: 5914, 15, 1 
1641686111.744858 1640051335 c0:98:e5:42:00:2c 524 
1641686111.744949 713 736 751 751 752 754 763 785 795 812 814 820 837 857 858 
1641686111.745117 860 863 863 877 879 890 899 899 904 905 914 954 955 963 967 
1641686111.755408 ### RSSI: -53, 14, 1640051335 ,5914 
1641686112.680809 ### RSSI: -57, 21, 1640051336 ,5929 
1641686112.750765 ### DEBUG: Ticks: 5930, 16, 1 
1641686112.750918 1640051336 c0:98:e5:42:00:2c 459 
1641686112.751009 621 669 683 692 705 721 735 737 738 746 751 753 755 763 779 
1641686112.751098 783 784 800 802 805 820 820 821 828 834 836 839 866 874 877 
1641686112.760294 ### RSSI: -58, 18, 1640051336 ,5930 
1641686113.785055 
1641686113.785222 ----------------------------------------------
1641686113.785315 ### WARNING: Chip experienced a reset with reason 2
1641686114.033170 ### INFO: Bluetooth address: c0:98:e5:42:00:29
1641686114.045590 ### DEBUG: Time is 00:00:00, 2000/00/00
1641686114.045879 ### INFO: Time is 00:00:00, 2000/00/00
1641686114.146985 ### INFO: Initializing SD Card...
1641686114.530888 ### INFO: Connecting to the SquarePoint module...
1641686114.531172 ### INFO: SquarePoint module connection successful
1641686114.531356 ### INFO: Battery voltage currently 4031 mV
1641686114.779719 ### INFO: SD card flushed!
1641686114.836881 ### INFO: SD card flushed!
1641686114.837095 ### DEBUG: BLE START SCANNING called
1641686114.837170 ### DEBUG: Ticks: 16, 16, 0 
1641686114.837237 1640051338 c0:98:e5:42:00:2c -2147483647 
1641686114.837307 -2147483647 -2147483647 -2147483647 -2147483647 -2147483647 -2147483647 -2147483647 -2147483647 -2147483647 -2147483647 -2147483647 -2147483647 -2147483647 -2147483647 -2147483647 
1641686114.837382 -2147483647 -2147483647 -2147483647 -2147483647 -2147483647 -2147483647 -2147483647 -2147483647 -2147483647 -2147483647 -2147483647 -2147483647 -2147483647 -2147483647 -2147483647 
1641686114.837465 ### INFO: Switched Scheduler EUI from 00:00:00:00:00:00 to c0:98:e5:42:00:2c
1641686114.849396 ### DEBUG: BLE STOP SCANNING called
1641686115.522752 ### DEBUG: BLE START SCANNING called
1641686116.113777 ### STOPPED, setting module to STOPPED
1641686116.114077 ### INFO: Switched Scheduler EUI from c0:98:e5:42:00:2c to 00:00:00:00:00:00
1641686116.283199 ### INFO: SD card flushed!
1641686116.627016 ### DEBUG: BLE START SCANNING called
1641686116.639683 ### addr: c0:98:e5:42:00:2c 
1641686116.639853 ### on_adv_report outer RSSI: -56, time:1640051339 
1641686116.639945 ### INFO: Discovered new device: c0:98:e5:42:00:2c
1641686116.640034 ### INFO: Starting the SquarePoint module...
1641686116.640128 ### INFO: Starting SquarePoint module as PARTICIPANT with timestamp 1640051339
1641686116.640216 ### DEBUG: BLE STOP SCANNING called
1641686116.640378 ### INFO: SquarePoint module successfully started!
1641686116.662690 ### DEBUG: Ticks: 44, 28, 0 
1641686116.685207 1640051340 ### INFO: Device is now STATIONARY
1641686116.730683 ### BLE EVENT: 16, INFO: BLE CONNECTED!
1641686116.730926 ### RSSI: -54, 7, 1640051341 ,45 
1641686116.833227 ### RSSI: -60, 26, 1640051341 ,47 
1641686116.935687 ### RSSI: -58, 22, 1640051341 ,49 
1641686117.026263 ### RSSI: -59, 25, 1640051341 ,50 
1641686117.126794 ### RSSI: -57, 17, 1640051341 ,52 
1641686117.229594 ### RSSI: -56, 29, 1640051341 ,53 
1641686117.332848 ### RSSI: -55, 32, 1640051341 ,55 
1641686117.436294 ### RSSI: -55, 33, 1640051341 ,56 
1641686117.526413 ### RSSI: -55, 35, 1640051341 ,58 
1641686117.627936 ### RSSI: -64, 4, 1640051342 ,60 
1641686117.663175 ### DEBUG: Ticks: 60, 16, 0 
1641686117.730812 1640051341 ### RSSI: -60, 30, 1640051341 ,61 
1641686117.832365 ### RSSI: -61, 3, 1640051341 ,63 
1641686117.933195 ### RSSI: -69, 35, 1640051341 ,64 
1641686118.036240 ### RSSI: -60, 25, 1640051341 ,66 
1641686118.126940 ### RSSI: -57, 25, 1640051341 ,67 
1641686118.229767 ### RSSI: -52, 10, 1640051341 ,69 
1641686118.331583 ### RSSI: -50, 1, 1640051341 ,70 
1641686118.663530 ### DEBUG: Ticks: 76, 16, 0 
1641686119.326069 1640051342 ### RSSI: -57, 35, 1640051342 ,86 
1641686119.761227 ### STOPPED, setting module to STOPPED
1641686119.930787 ### INFO: SD card flushed!
1641686119.930945 ### DEBUG: BLE START SCANNING called
1641686119.944935 ### DEBUG: BLE START SCANNING called
1641686119.945148 ### addr: c0:98:e5:42:00:2c 
1641686119.945338 ### on_adv_report outer RSSI: -57, time:1640051343 
1641686119.945402 ### INFO: Discovered new device: c0:98:e5:42:00:2c
1641686119.945466 ### INFO: Starting the SquarePoint module...
1641686119.956082 ### INFO: Starting SquarePoint module as PARTICIPANT with timestamp 1640051343
1641686119.956218 ### DEBUG: BLE STOP SCANNING called
1641686119.956435 ### INFO: SquarePoint module successfully started!
1641686119.966832 ### DEBUG: Ticks: 96, 20, 0 
1641686120.333914 1640051344 ### RSSI: -57, 29, 1640051344 ,102 
1641686120.969568 ### DEBUG: Ticks: 112, 16, 0 
1641686121.330103 1640051345 ### RSSI: -46, 9, 1640051345 ,117 
1641686121.970054 ### DEBUG: Ticks: 127, 15, 0 
1641686122.153438 1640051346 ### INFO: Device is now IN MOTION
1641686125.777730 
1641686125.778025 ----------------------------------------------
1641686125.778208 ### WARNING: Chip experienced a reset with reason 2
1641686125.778385 ### INFO: Bluetooth address: c0:98:e5:42:00:29
1641686125.778571 ### DEBUG: Time is 00:00:00, 2000/00/00
1641686125.778747 ### INFO: Time is 00:00:00, 2000/00/00
1641686125.778923 ### INFO: Initializing SD Card...
1641686125.994158 ### INFO: Connecting to the SquarePoint module...
1641686125.994318 ### INFO: SquarePoint module connection successful
1641686125.994402 ### INFO: Battery voltage currently 4031 mV
1641686126.152617 ### INFO: SD card flushed!
1641686126.176072 ### INFO: SD card flushed!
1641686126.176232 ### DEBUG: BLE START SCANNING called
1641686126.834509 ### STOPPED, setting module to STOPPED
1641686127.271787 ### DEBUG: BLE START SCANNING called
1641686127.284695 ### addr: c0:98:e5:42:00:2c 
1641686127.284859 ### on_adv_report outer RSSI: -46, time:1640503230 
1641686127.284950 ### INFO: Discovered new device: c0:98:e5:42:00:2c
1641686127.285100 ### INFO: Switched Scheduler EUI from 00:00:00:00:00:00 to c0:98:e5:42:00:2c
1641686127.285189 ### INFO: Starting the SquarePoint module...
1641686127.285285 ### INFO: Starting SquarePoint module as PARTICIPANT with timestamp 1640503230
1641686127.296544 ### DEBUG: BLE STOP SCANNING called
1641686127.296679 ### INFO: SquarePoint module successfully started!
1641686128.162261 ### INFO: Device is now STATIONARY
1641686128.879808 ### DEBUG: Ticks: 56, 56, 0 
1641686128.879945 1640051353 c0:98:e5:42:00:2c 257 
1641686128.880009 365 437 442 449 464 466 466 468 470 481 490 493 501 502 507 
1641686128.880088 521 525 532 544 546 569 570 577 581 595 597 605 647 661 672 
1641686129.890158 ### DEBUG: Ticks: 72, 16, 0 
1641686129.890319 1640051354 c0:98:e5:42:00:2c 224 
1641686129.890404 324 366 370 379 400 400 402 404 407 418 423 430 431 433 449 
1641686129.890491 450 451 456 467 479 492 499 499 501 523 540 574 579 581 592 
1641686130.885078 ### DEBUG: Ticks: 87, 15, 0 
1641686130.885373 1640051355 c0:98:e5:42:00:2c 249 
1641686130.885558 341 396 403 436 449 453 454 457 457 471 474 477 477 493 499 
1641686130.885744 500 504 506 506 508 543 563 566 580 596 603 611 612 630 638 
1641686131.891424 ### DEBUG: Ticks: 103, 16, 0 
1641686131.891618 1640051356 c0:98:e5:42:00:2c 219 
1641686131.891718 286 357 369 373 379 387 391 401 408 410 421 428 432 436 438 
1641686131.891815 460 463 469 472 481 496 509 517 533 534 538 547 572 610 0 
1641686132.883764 ### DEBUG: Ticks: 119, 16, 0 
1641686132.883954 1640051357 c0:98:e5:42:00:2c 295 
1641686132.884047 451 475 502 508 514 517 532 540 542 544 546 561 567 569 591 
1641686132.884203 592 593 594 601 620 624 628 630 641 654 662 673 712 717 737 
1641686133.891039 ### DEBUG: Ticks: 134, 15, 0 
1641686133.891328 1640051358 c0:98:e5:42:00:2c 215 
1641686133.891510 293 309 312 326 357 358 372 378 381 385 392 393 393 404 429 
1641686133.891698 433 440 451 452 453 455 458 464 494 509 521 536 546 547 599 
1641686137.042913 
1641686137.043764 ----------------------------------------------
1641686137.043865 ### WARNING: Chip experienced a reset with reason 6
1641686137.043946 ### INFO: Bluetooth address: c0:98:e5:42:00:29
1641686137.044123 ### DEBUG: Time is 00:00:00, 2000/00/00
1641686137.044186 ### INFO: Time is 00:00:00, 2000/00/00
1641686137.044250 ### INFO: Initializing SD Card...
1641686137.044316 ### INFO: Connecting to the SquarePoint module...
1641686137.044379 ### INFO: SquarePoint module connection successful
1641686137.044442 ### INFO: Battery voltage currently 4053 mV
1641686137.044504 ### INFO: SD card flushed!
1641686137.044567 ### INFO: SD card flushed!
1641686137.044630 ### DEBUG: BLE START SCANNING called
1641686137.044693 ### DEBUG: Ticks: 15, 15, 0 
1641686137.044755 1640051361 c0:98:e5:42:00:2c -2147483647 
1641686137.055621 -2147483647 -2147483647 -2147483647 -2147483647 -2147483647 -2147483647 -2147483647 -2147483647 -2147483647 -2147483647 -2147483647 -2147483647 -2147483647 -2147483647 -2147483647 
1641686137.055748 -2147483647 -2147483647 -2147483647 -2147483647 -2147483647 -2147483647 -2147483647 -2147483647 -2147483647 -2147483647 -2147483647 -2147483647 -2147483647 -2147483647 -2147483647 
1641686137.055807 ### INFO: Switched Scheduler EUI from 00:00:00:00:00:00 to c0:98:e5:42:00:2c
1641686137.055859 ### DEBUG: BLE STOP SCANNING called
1641686137.791559 ### DEBUG: BLE START SCANNING called
1641686137.885717 ### DEBUG: Ticks: 29, 14, 0 
1641686137.885843 1640051362 c0:98:e5:42:00:2c 198 
1641686137.885901 273 280 284 314 314 320 327 332 336 341 355 361 370 371 397 
1641686137.885958 398 398 402 405 422 423 433 452 456 458 475 508 514 527 528 
1641686138.887255 ### DEBUG: Ticks: 45, 16, 0 
1641686138.887544 1640051363 c0:98:e5:42:00:2c 244 
1641686138.887727 341 389 396 397 402 410 412 419 458 459 461 462 469 469 488 
1641686138.887914 491 520 521 538 540 546 552 556 556 567 571 617 619 623 658 
1641686138.899837 ### addr: c0:98:e5:42:00:2c 
1641686138.900003 ### on_adv_report outer RSSI: -47, time:1640051363 
1641686138.900095 ### INFO: Discovered new device: c0:98:e5:42:00:2c
1641686138.900189 ### DEBUG: connected? already connected
1641686138.900279 ### DEBUG: BLE START SCANNING called
1641686138.953381 ### INFO: Device is now STATIONARY
1641686138.953521 ### DEBUG: BLE START SCANNING called
1641686138.953591 ### BLE EVENT: 16, INFO: BLE CONNECTED!
1641686138.953647 ### DEBUG: BLE START SCANNING called
1641686138.953702 ### RSSI: -46, 1, 1640051363 ,46 
1641686138.953759 ### DEBUG: BLE START SCANNING called
1641686139.055724 ### RSSI: -47, 20, 1640051363 ,47 
1641686139.055891 ### DEBUG: BLE START SCANNING called
1641686139.147656 ### RSSI: -46, 6, 1640051363 ,49 
1641686139.147777 ### DEBUG: BLE START SCANNING called
1641686139.252074 ### RSSI: -46, 16, 1640051363 ,50 
1641686139.252289 ### DEBUG: BLE START SCANNING called
1641686139.352437 ### RSSI: -46, 16, 1640051363 ,52 
1641686139.352565 ### DEBUG: BLE START SCANNING called
1641686139.455229 ### RSSI: -46, 10, 1640051363 ,54 
1641686139.455445 ### DEBUG: BLE START SCANNING called
1641686139.557690 ### RSSI: -45, 36, 1640051363 ,55 
1641686139.557933 ### DEBUG: BLE START SCANNING called
1641686139.650856 ### RSSI: -46, 31, 1640051363 ,57 
1641686139.651008 ### DEBUG: BLE START SCANNING called
1641686139.754154 ### RSSI: -46, 7, 1640051363 ,58 
1641686139.754288 ### DEBUG: BLE START SCANNING called
1641686139.788501 ### DEBUG: BLE START SCANNING called
1641686139.857801 ### RSSI: -47, 20, 1640051364 ,60 
1641686139.858056 ### DEBUG: BLE START SCANNING called
1641686139.892953 ### DEBUG: Ticks: 60, 15, 1 
1641686139.893325 1640051364 c0:98:e5:42:00:2c 266 
1641686139.893411 344 415 431 432 432 440 456 462 470 487 490 501 516 524 532 
1641686139.893499 533 545 548 556 560 577 582 586 586 598 613 630 640 688 705 
1641686139.893589 ### DEBUG: BLE START SCANNING called
1641686139.947558 ### RSSI: -46, 21, 1640051364 ,61 
1641686139.947805 ### DEBUG: BLE START SCANNING called
1641686140.049834 ### RSSI: -45, 18, 1640051364 ,63 
1641686140.050084 ### DEBUG: BLE START SCANNING called
1641686140.151833 ### RSSI: -46, 14, 1640051364 ,64 
1641686140.151963 ### DEBUG: BLE START SCANNING called
1641686140.254317 ### RSSI: -46, 7, 1640051364 ,66 
1641686140.254602 ### DEBUG: BLE START SCANNING called
1641686140.358129 ### RSSI: -46, 30, 1640051364 ,68 
1641686140.358362 ### DEBUG: BLE START SCANNING called
1641686140.451450 ### RSSI: -45, 3, 1640051364 ,69 
1641686140.451732 ### DEBUG: BLE START SCANNING called
1641686140.556025 ### RSSI: -46, 17, 1640051364 ,71 
1641686140.556309 ### DEBUG: BLE START SCANNING called
1641686140.790660 ### DEBUG: BLE START SCANNING called
1641686140.887385 ### DEBUG: Ticks: 76, 16, 1 
1641686140.887551 1640051365 c0:98:e5:42:00:2c 230 
1641686140.887643 339 358 379 385 409 414 417 417 420 425 432 438 446 448 457 
1641686140.887753 466 470 478 490 493 509 510 529 533 536 542 560 590 608 611 
1641686140.887842 ### DEBUG: BLE START SCANNING called
1641686141.556145 ### RSSI: -46, 36, 1640051365 ,86 
1641686141.556429 ### DEBUG: BLE START SCANNING called
1641686141.782379 ### DEBUG: BLE START SCANNING called
1641686141.883960 ### DEBUG: Ticks: 92, 16, 1 
1641686141.884118 1640051366 c0:98:e5:42:00:2c 210 
1641686141.894919 267 326 349 353 358 377 377 379 386 391 400 418 418 418 420 
1641686141.895236 421 429 431 445 460 461 474 481 495 504 522 537 539 559 0 
1641686141.895418 ### DEBUG: BLE START SCANNING called
1641686142.549596 ### RSSI: -46, 10, 1640051366 ,102 
1641686142.549839 ### DEBUG: BLE START SCANNING called
1641686142.886137 ### DEBUG: Ticks: 107, 15, 1 
1641686142.886358 1640051367 c0:98:e5:42:00:2c 284 
1641686142.886532 411 445 449 460 500 519 521 521 527 536 538 543 556 561 566 
1641686142.886667 570 580 589 593 593 595 616 617 620 635 640 640 663 669 741 
1641686143.557161 ### RSSI: -47, 6, 1640051367 ,118 
1641686143.886795 ### DEBUG: Ticks: 123, 16, 1 
1641686143.886942 1640051368 c0:98:e5:42:00:2c 230 
1641686143.887027 328 357 375 402 405 412 417 421 423 437 446 452 457 459 460 
1641686143.887104 463 468 475 491 493 495 544 550 558 567 575 576 584 631 634 
1641686144.549275 ### RSSI: -46, 7, 1640051368 ,133 
1641686144.893791 ### DEBUG: Ticks: 138, 15, 1 
1641686144.894086 1640051369 c0:98:e5:42:00:2c 216 
1641686144.894269 321 327 361 364 372 394 394 401 408 412 416 416 422 430 433 
1641686144.894459 438 443 460 464 480 487 489 503 527 542 544 545 556 601 0 
1641686145.555629 ### RSSI: -46, 2, 1640051369 ,149 
1641686145.888595 ### DEBUG: Ticks: 154, 16, 1 
1641686145.888888 1640051370 c0:98:e5:42:00:2c 292 
1641686145.889200 442 487 497 501 502 528 528 529 532 535 544 553 562 569 582 
1641686145.889396 586 588 603 609 614 619 636 637 647 660 660 705 735 738 753 
