1641517556.441361 ###RTT Client: ************************************************************ 
1641517556.441525 ###RTT Client: *               SEGGER Microcontroller GmbH                * 
1641517556.441568 ###RTT Client: *   Solutions for real time microcontroller applications   * 
1641517556.441608 ###RTT Client: ************************************************************ 
1641517556.441648 ###RTT Client: *                                                          * 
1641517556.441689 ###RTT Client: *       (c) 2012 - 2016  SEGGER Microcontroller GmbH       * 
1641517556.441729 ###RTT Client: *                                                          * 
1641517556.441806 ###RTT Client: *     www.segger.com     Support: support@segger.com       * 
1641517556.441847 ###RTT Client: *                                                          * 
1641517556.441887 ###RTT Client: ************************************************************ 
1641517556.441926 ###RTT Client: *                                                          * 
1641517556.441966 ###RTT Client: * SEGGER J-Link RTT Client   Compiled Jan 30 2018 18:46:58 * 
1641517556.442006 ###RTT Client: *                                                          * 
1641517556.442046 ###RTT Client: ************************************************************ 
1641517556.442098 
1641517556.442139 ###RTT Client: -----------------------------------------------
1641517556.442178 ###RTT Client: Connecting to J-Link RTT Server via localhost:9201  Connected.
1641517556.442219 SEGGER J-Link V6.30 - Real time terminal output
1641517556.442269 J-Link EDU Mini V1 compiled Oct 22 2019 16:28:45 V1.0, SN=801021855
1641517556.442315 Process: JLinkExe
1641517556.442355 1640051843 c0:98:e5:42:00:2c 311 
1641517556.442395 494 502 525 526 562 564 573 581 583 586 591 592 595 602 622 
1641517556.442440 623 638 638 644 653 656 657 660 665 673 675 679 722 748 753 
1641517556.442484 ### RSSI: -66, 1, 1640051843 ,162 
1641517556.442529 ### DEBUG: Ticks: 170, 16, 1 
1641517556.442573 1640051844 c0:98:e5:42:00:2c 303 
1641517556.442618 515 516 532 536 567 572 573 578 578 592 597 599 602 603 605 
1641517556.442662 610 617 617 632 637 638 657 659 667 667 685 701 744 751 756 
1641517556.442703 ### RSSI: -66, 32, 1640051844 ,178 
1641517556.442748 ### DEBUG: Ticks: 185, 15, 1 
1641517556.442788 1640051845 c0:98:e5:42:00:2c 301 
1641517556.442833 494 516 534 539 543 552 556 559 562 564 577 589 590 594 598 
1641517556.442879 606 607 614 615 617 618 623 649 661 673 677 692 693 703 765 
1641517556.442923 ### RSSI: -61, 19, 1640051845 ,193 
1641517556.442966 ### DEBUG: Ticks: 201, 16, 1 
1641517556.443010 1640051846 c0:98:e5:42:00:2c 282 
1641517556.443054 463 465 476 482 483 492 492 499 503 510 530 542 543 558 564 
1641517556.443099 564 565 572 574 579 580 582 590 592 592 629 632 640 668 0 
1641517556.443144 ### RSSI: -63, 23, 1640051846 ,209 
1641517556.443189 ### DEBUG: Ticks: 217, 16, 1 
1641517556.443244 1640051847 c0:98:e5:42:00:2c 364 
1641517556.443290 590 629 645 653 659 667 672 672 683 684 685 708 714 722 728 
1641517556.443336 731 733 736 739 741 751 756 760 762 766 772 793 803 828 0 
1641517556.443376 ### RSSI: -65, 1, 1640051848 ,225 
1641517556.443421 ### DEBUG: Ticks: 232, 15, 1 
1641517556.443466 1640051848 c0:98:e5:42:00:2c 303 
1641517556.443510 484 489 499 515 517 524 529 533 536 557 562 580 597 597 606 
1641517556.443568 606 611 618 628 632 643 653 655 656 681 686 697 698 726 730 
1641517556.443630 ### RSSI: -68, 35, 1640051849 ,240 
1641517556.443676 ### DEBUG: Ticks: 248, 16, 1 
1641517556.443721 1640051849 c0:98:e5:42:00:2c 297 
1641517556.443774 498 523 541 541 544 548 548 557 565 575 577 580 588 590 591 
1641517556.443835 598 600 614 615 631 638 639 645 661 669 679 693 694 695 728 
1641517556.443897 ### RSSI: -64, 26, 1640051850 ,256 
1641517556.839743 ### DEBUG: Ticks: 264, 16, 1 
1641517556.839971 1640051850 c0:98:e5:42:00:2c 291 
1641517556.840105 455 484 501 502 509 511 520 529 531 544 546 548 564 577 582 
1641517556.840266 584 587 596 597 607 609 614 615 616 621 623 646 648 700 707 
1641517557.343770 ### RSSI: -66, 32, 1640051851 ,271 
1641517557.834259 ### DEBUG: Ticks: 279, 15, 1 
1641517557.834540 1640051851 c0:98:e5:42:00:2c 299 
1641517557.834803 486 499 513 517 530 533 538 551 554 564 570 584 587 588 596 
1641517557.834985 602 604 608 612 615 620 621 626 626 635 642 642 650 670 725 
1641517558.344506 ### RSSI: -68, 0, 1640051852 ,287 
1641517558.839838 ### DEBUG: Ticks: 295, 16, 1 
1641517558.840120 1640051852 c0:98:e5:42:00:2c 315 
1641517558.840762 502 502 518 538 552 559 571 576 576 578 584 585 592 617 631 
1641517558.841161 631 637 638 642 658 661 661 670 681 690 704 706 715 731 737 
1641517559.338130 ### RSSI: -69, 2, 1640051853 ,303 
1641517559.836637 ### DEBUG: Ticks: 310, 15, 1 
1641517559.836929 1640051853 c0:98:e5:42:00:2c 296 
1641517559.837099 435 506 508 511 515 516 523 531 539 554 570 570 572 581 593 
1641517559.837188 594 601 601 602 605 609 612 615 623 627 638 645 668 686 698 
1641517560.341873 ### RSSI: -67, 4, 1640051854 ,318 
1641517560.838972 ### DEBUG: Ticks: 326, 16, 1 
1641517560.839142 1640051854 c0:98:e5:42:00:2c 283 
1641517560.839233 457 462 499 505 513 523 526 529 542 549 552 553 555 561 561 
1641517560.839363 574 574 575 582 582 584 585 599 600 624 625 634 669 676 705 
1641517561.336086 ### RSSI: -62, 14, 1640051855 ,334 
1641517561.836249 ### DEBUG: Ticks: 342, 16, 1 
1641517561.836438 1640051855 c0:98:e5:42:00:2c 306 
1641517561.836543 497 503 517 531 535 548 559 560 568 574 599 606 608 613 613 
1641517561.836659 614 616 617 624 625 632 634 637 638 642 647 664 686 694 712 
1641517562.343829 ### RSSI: -61, 14, 1640051856 ,350 
1641517562.837892 ### DEBUG: Ticks: 357, 15, 1 
1641517562.838166 1640051856 c0:98:e5:42:00:2c 330 
1641517562.838272 551 555 563 567 569 599 604 607 622 624 625 641 646 649 661 
1641517562.838369 662 668 669 670 673 673 675 681 687 691 712 715 723 750 763 
1641517563.339542 ### RSSI: -63, 25, 1640051857 ,365 
1641517563.838316 ### DEBUG: Ticks: 373, 16, 1 
1641517563.838452 1640051857 c0:98:e5:42:00:2c 336 
1641517563.838539 545 549 558 566 576 586 588 591 618 652 657 658 663 663 672 
1641517563.838606 672 674 680 686 695 711 714 716 722 725 736 743 749 758 785 
1641517564.333070 ### RSSI: -60, 18, 1640051858 ,381 
1641517564.839885 ### DEBUG: Ticks: 389, 16, 1 
1641517564.840058 1640051858 c0:98:e5:42:00:2c 331 
1641517564.840152 546 569 571 585 585 612 617 627 649 650 651 655 655 657 659 
1641517564.840250 667 673 676 678 682 682 686 691 697 711 720 727 734 739 794 
1641517565.340598 ### RSSI: -61, 8, 1640051859 ,396 
1641517565.833306 ### DEBUG: Ticks: 404, 15, 1 
1641517565.833450 1640051859 c0:98:e5:42:00:2c 284 
1641517565.833524 462 479 479 485 488 498 518 544 547 549 556 557 557 563 563 
1641517565.833599 574 575 582 583 585 596 612 621 633 637 640 641 651 659 674 
1641517566.340900 ### RSSI: -58, 16, 1640051860 ,412 
1641517566.842523 ### DEBUG: Ticks: 420, 16, 1 
1641517566.842683 1640051860 c0:98:e5:42:00:2c 285 
1641517566.842767 438 451 494 498 509 527 531 551 553 556 557 567 569 569 570 
1641517566.842855 572 581 582 587 589 589 592 596 618 622 623 625 640 646 670 
1641517567.341996 ### RSSI: -68, 29, 1640051860 ,428 
1641517567.836905 ### DEBUG: Ticks: 435, 15, 1 
1641517567.837162 1640051861 c0:98:e5:42:00:2c 390 
1641517567.837320 657 673 675 681 682 691 694 723 746 749 766 769 774 775 781 
1641517567.837492 781 784 786 788 790 794 810 812 816 822 826 834 848 854 870 
1641517568.340963 ### RSSI: -68, 28, 1640051861 ,443 
1641517568.829753 ### DEBUG: Ticks: 451, 16, 1 
1641517568.840094 1640051862 c0:98:e5:42:00:2c 305 
1641517568.840471 501 501 512 516 523 528 542 562 566 572 594 595 608 609 611 
1641517568.840654 612 620 623 634 639 643 645 658 660 672 686 696 719 748 0 
1641517569.342622 ### RSSI: -60, 18, 1640051862 ,459 
1641517569.840527 ### DEBUG: Ticks: 467, 16, 1 
1641517569.840666 1640051863 c0:98:e5:42:00:2c 297 
1641517569.840735 470 479 508 519 525 525 535 537 542 555 557 564 586 589 593 
1641517569.840813 595 597 597 606 607 608 609 613 624 631 650 659 664 671 684 
1641517570.341982 ### RSSI: -62, 20, 1640051863 ,475 
1641517570.836080 ### DEBUG: Ticks: 482, 15, 1 
1641517570.836258 1640051864 c0:98:e5:42:00:2c 272 
1641517570.836359 438 446 460 460 468 469 512 515 517 518 531 534 536 544 545 
1641517570.836496 545 547 548 550 551 552 553 563 575 583 592 593 602 647 683 
1641517571.338950 ### RSSI: -61, 17, 1640051864 ,490 
1641517571.841239 ### DEBUG: Ticks: 498, 16, 1 
1641517571.841405 1640051865 c0:98:e5:42:00:2c 382 
1641517571.841505 664 665 683 695 706 708 710 712 730 736 740 741 745 745 760 
1641517571.841602 769 774 774 784 786 787 795 796 797 799 808 809 841 850 851 
1641517572.342399 ### RSSI: -66, 6, 1640051865 ,506 
1641517572.832951 ### DEBUG: Ticks: 514, 16, 1 
1641517572.833145 1640051866 c0:98:e5:42:00:2c 255 
1641517572.833245 414 435 455 470 483 484 491 496 504 504 506 508 509 510 510 
1641517572.833336 513 520 524 527 530 539 542 544 553 564 565 582 591 618 634 
1641517573.335194 ### RSSI: -64, 15, 1640051866 ,521 
1641517573.831881 ### DEBUG: Ticks: 529, 15, 1 
1641517573.832166 1640051867 c0:98:e5:42:00:2c 360 
1641517573.844558 581 611 613 623 640 642 653 666 672 675 683 694 699 717 721 
1641517573.844802 722 724 731 741 743 744 752 753 756 759 782 790 805 806 854 
1641517574.341613 ### RSSI: -67, 22, 1640051867 ,537 
1641517575.559730 
1641517575.560011 ----------------------------------------------
1641517575.560196 ### WARNING: Chip experienced a reset with reason 2
1641517575.812402 ### INFO: Bluetooth address: c0:98:e5:42:00:29
1641517575.812683 ### DEBUG: Time is 00:00:00, 2000/00/00
1641517575.812860 ### INFO: Time is 00:00:00, 2000/00/00
1641517575.916442 ### INFO: Initializing SD Card...
1641517576.210390 ### INFO: Connecting to the SquarePoint module...
1641517576.210674 ### INFO: SquarePoint module connection successful
1641517576.210872 ### INFO: Battery voltage currently 3976 mV
1641517576.313907 ### INFO: SD card flushed!
1641517576.350253 ### INFO: SD card flushed!
1641517576.350465 ### DEBUG: BLE START SCANNING called
1641517576.834595 ### DEBUG: Ticks: 19, 19, 0 
1641517576.834762 1640051870 c0:98:e5:42:00:2c 278 
1641517576.834854 447 450 463 463 477 484 496 501 516 517 526 533 538 547 554 
1641517576.834956 558 559 560 563 572 580 581 586 607 613 654 654 669 676 689 
1641517576.835060 ### INFO: Switched Scheduler EUI from 00:00:00:00:00:00 to c0:98:e5:42:00:2c
1641517576.835171 ### DEBUG: BLE STOP SCANNING called
1641517577.206361 ### DEBUG: BLE START SCANNING called
1641517577.839302 ### DEBUG: Ticks: 35, 16, 0 
1641517577.839470 1640051871 c0:98:e5:42:00:2c 324 
1641517577.839562 517 537 549 567 576 592 613 623 625 628 631 638 643 645 647 
1641517577.839804 649 653 657 658 665 679 680 692 704 716 718 720 751 789 810 
1641517578.299710 ### DEBUG: BLE START SCANNING called
1641517578.321862 ### DEBUG: BLE START SCANNING called
1641517578.333123 ### DEBUG: BLE START SCANNING called
1641517578.344882 ### DEBUG: BLE START SCANNING called
1641517578.355342 ### DEBUG: BLE START SCANNING called
1641517578.366670 ### DEBUG: BLE START SCANNING called
1641517578.456995 ### INFO: Device is now STATIONARY
1641517578.832380 ### DEBUG: Ticks: 51, 16, 0 
1641517578.832671 1640051872 c0:98:e5:42:00:2c 373 
1641517578.832856 644 650 655 659 672 675 676 676 679 695 713 736 741 744 745 
1641517578.833070 748 753 760 764 770 773 778 780 784 785 789 795 803 825 859 
1641517579.383266 ### DEBUG: BLE START SCANNING called
1641517579.395713 ### DEBUG: BLE START SCANNING called
1641517579.407510 ### DEBUG: BLE START SCANNING called
1641517579.417590 ### DEBUG: BLE START SCANNING called
1641517579.429030 ### DEBUG: BLE START SCANNING called
1641517579.441953 ### DEBUG: BLE START SCANNING called
1641517579.442077 ### DEBUG: BLE START SCANNING called
1641517579.442140 ### addr: c0:98:e5:42:00:2c 
1641517579.442197 ### on_adv_report outer RSSI: -69, time:1640051873 
1641517579.442260 ### INFO: Discovered new device: c0:98:e5:42:00:2c
1641517579.442315 ### DEBUG: connected? already connected
1641517579.442371 ### DEBUG: BLE START SCANNING called
1641517579.498921 ### BLE EVENT: 16, INFO: BLE CONNECTED!
1641517579.499042 ### DEBUG: BLE START SCANNING called
1641517579.499105 ### RSSI: -67, 23, 1640051873 ,61 
1641517579.499215 ### DEBUG: BLE START SCANNING called
1641517579.603118 ### RSSI: -65, 6, 1640051873 ,63 
1641517579.603285 ### DEBUG: BLE START SCANNING called
1641517579.696330 ### RSSI: -63, 31, 1640051873 ,64 
1641517579.696496 ### DEBUG: BLE START SCANNING called
1641517579.794024 ### RSSI: -68, 36, 1640051873 ,66 
1641517579.794311 ### DEBUG: BLE START SCANNING called
1641517579.839956 ### DEBUG: Ticks: 66, 15, 1 
1641517579.840241 1640051873 c0:98:e5:42:00:2c 278 
1641517579.840421 423 474 481 487 497 509 531 534 537 538 542 543 544 551 556 
1641517579.840611 557 558 560 563 567 571 575 578 581 590 602 636 651 657 724 
1641517579.840818 ### DEBUG: BLE START SCANNING called
1641517579.897776 ### RSSI: -66, 21, 1640051873 ,67 
1641517579.898061 ### DEBUG: BLE START SCANNING called
1641517580.001711 ### RSSI: -66, 6, 1640051873 ,69 
1641517580.001860 ### DEBUG: BLE START SCANNING called
1641517580.103778 ### RSSI: -66, 26, 1640051873 ,70 
1641517580.103904 ### DEBUG: BLE START SCANNING called
1641517580.194986 ### RSSI: -69, 27, 1640051873 ,72 
1641517580.195177 ### DEBUG: BLE START SCANNING called
1641517580.207754 ### DEBUG: BLE START SCANNING called
1641517580.296119 ### RSSI: -69, 28, 1640051873 ,74 
1641517580.296231 ### DEBUG: BLE START SCANNING called
1641517580.397849 ### RSSI: -60, 17, 1640051874 ,75 
1641517580.398000 ### DEBUG: BLE START SCANNING called
1641517580.500807 ### RSSI: -61, 10, 1640051874 ,77 
1641517580.500945 ### DEBUG: BLE START SCANNING called
1641517580.602938 ### RSSI: -62, 13, 1640051874 ,78 
1641517580.603224 ### DEBUG: BLE START SCANNING called
1641517580.702620 ### RSSI: -64, 21, 1640051874 ,80 
1641517580.702847 ### DEBUG: BLE START SCANNING called
1641517580.804059 ### RSSI: -61, 9, 1640051874 ,81 
1641517580.804184 ### DEBUG: BLE START SCANNING called
1641517580.837225 ### DEBUG: Ticks: 82, 16, 1 
1641517580.837356 1640051874 c0:98:e5:42:00:2c 277 
1641517580.837426 441 464 464 467 477 482 501 513 515 521 538 541 545 551 551 
1641517580.837489 558 561 561 573 578 581 582 584 609 619 627 627 660 680 715 
1641517580.837551 ### DEBUG: BLE START SCANNING called
1641517580.894366 ### RSSI: -66, 5, 1640051874 ,83 
1641517580.894529 ### DEBUG: BLE START SCANNING called
1641517580.994480 ### RSSI: -68, 2, 1640051874 ,84 
1641517580.994633 ### DEBUG: BLE START SCANNING called
1641517581.096828 ### RSSI: -61, 15, 1640051874 ,86 
1641517581.097004 ### DEBUG: BLE START SCANNING called
1641517581.208383 ### DEBUG: BLE START SCANNING called
1641517581.830933 ### DEBUG: Ticks: 98, 16, 1 
1641517581.831071 1640051875 c0:98:e5:42:00:2c 340 
1641517581.842691 565 571 586 591 605 606 624 626 628 635 646 657 659 672 679 
1641517581.842804 682 690 696 702 702 703 710 717 727 737 763 765 771 780 850 
1641517581.842855 ### DEBUG: BLE START SCANNING called
1641517582.102133 ### RSSI: -63, 20, 1640051875 ,102 
1641517582.102334 ### DEBUG: BLE START SCANNING called
1641517582.833431 ### DEBUG: Ticks: 113, 15, 1 
1641517582.833604 1640051876 c0:98:e5:42:00:2c 294 
1641517582.833698 514 517 530 546 555 560 562 563 567 568 568 570 574 582 584 
1641517582.833795 592 602 608 617 618 618 623 623 625 639 647 651 655 655 708 
1641517583.099661 ### RSSI: -68, 35, 1640051876 ,117 
1641517583.836282 ### DEBUG: Ticks: 129, 16, 1 
1641517583.836790 1640051877 c0:98:e5:42:00:2c 374 
1641517583.837001 655 672 673 677 703 708 709 713 716 722 722 723 737 739 740 
1641517583.837425 757 763 763 765 777 780 788 791 793 808 832 833 854 876 902 
1641517584.102603 ### RSSI: -64, 21, 1640051877 ,133 
1641517584.836243 ### DEBUG: Ticks: 144, 15, 1 
1641517584.836571 1640051878 c0:98:e5:42:00:2c 341 
1641517584.836771 543 577 588 589 595 621 633 634 641 650 650 658 659 675 680 
1641517584.836950 685 686 701 708 720 721 724 731 737 739 744 755 775 801 809 
1641517585.102390 ### RSSI: -60, 16, 1640051878 ,148 
1641517586.099570 ### RSSI: -63, 25, 1640051879 ,164 
1641517587.097575 ### RSSI: -61, 9, 1640051881 ,180 
1641517587.832567 ### DEBUG: Ticks: 191, 47, 1 
1641517587.832744 1640051881 c0:98:e5:42:00:2c 302 
1641517587.832846 482 510 534 538 540 541 543 550 565 566 570 575 581 588 596 
1641517587.832950 615 629 629 632 636 639 645 650 652 652 655 659 683 732 753 
1641517588.104543 ### RSSI: -68, 2, 1640051882 ,195 
1641517588.839181 ### DEBUG: Ticks: 207, 16, 1 
1641517588.839354 1640051882 c0:98:e5:42:00:2c 271 
1641517588.839428 437 452 470 474 480 485 497 499 513 521 531 535 538 538 540 
1641517588.839508 547 549 559 560 564 567 588 591 607 612 625 631 652 658 692 
1641517589.094365 ### RSSI: -61, 8, 1640051883 ,211 
1641517589.838998 ### DEBUG: Ticks: 222, 15, 1 
1641517589.839176 1640051883 c0:98:e5:42:00:2c 245 
1641517589.839265 405 413 422 436 464 468 469 475 477 477 479 480 484 485 485 
1641517589.839341 495 498 511 512 522 522 527 529 531 573 577 579 587 603 614 
1641517590.102575 ### RSSI: -66, 27, 1640051884 ,227 
1641517590.835318 ### DEBUG: Ticks: 238, 16, 1 
1641517590.835489 1640051884 c0:98:e5:42:00:2c 359 
1641517590.835648 628 637 641 643 656 666 673 677 681 681 684 685 705 716 717 
1641517590.835740 722 725 730 730 738 758 763 767 770 776 779 785 794 831 857 
1641517591.093623 ### RSSI: -67, 22, 1640051885 ,242 
1641517591.832796 ### DEBUG: Ticks: 254, 16, 1 
1641517591.833088 1640051885 c0:98:e5:42:00:2c 289 
1641517591.833273 431 459 487 494 513 516 531 535 542 547 553 555 561 573 579 
1641517591.833462 580 580 580 580 593 596 597 605 613 641 642 646 652 692 0 
1641517592.095203 ### RSSI: -65, 30, 1640051886 ,258 
1641517592.841944 ### DEBUG: Ticks: 269, 15, 1 
1641517592.842246 1640051886 c0:98:e5:42:00:2c 329 
1641517592.842432 531 541 546 587 592 598 600 604 605 608 609 649 650 653 656 
1641517592.842645 662 662 663 666 671 675 686 690 690 690 705 713 734 740 800 
1641517593.101253 ### RSSI: -62, 18, 1640051887 ,273 
1641517593.835074 ### DEBUG: Ticks: 285, 16, 1 
1641517593.835370 1640051887 c0:98:e5:42:00:2c 357 
1641517593.835555 571 578 588 604 613 631 643 644 648 661 665 685 688 712 713 
1641517593.835868 715 716 717 728 729 731 744 746 748 761 770 774 783 824 829 
1641517594.092578 ### RSSI: -67, 23, 1640051887 ,289 
1641517594.835124 ### DEBUG: Ticks: 301, 16, 1 
1641517594.835287 1640051888 c0:98:e5:42:00:2c 305 
1641517594.835399 484 491 498 503 510 514 524 533 540 569 579 583 584 596 611 
1641517594.835496 617 620 625 629 637 637 639 644 654 663 680 680 684 721 0 
1641517595.097668 ### RSSI: -66, 35, 1640051888 ,305 
1641517595.837837 ### DEBUG: Ticks: 316, 15, 1 
1641517595.837999 1640051889 c0:98:e5:42:00:2c 347 
1641517595.838078 593 596 610 612 624 647 651 654 663 667 675 681 681 682 690 
1641517595.838154 699 706 709 723 750 750 754 759 760 768 779 781 784 784 876 
1641517596.097476 ### RSSI: -67, 2, 1640051889 ,320 
1641517596.838684 ### DEBUG: Ticks: 332, 16, 1 
1641517596.838968 1640051890 c0:98:e5:42:00:2c 280 
1641517596.839152 437 445 470 490 492 495 498 508 510 510 511 521 526 538 556 
1641517596.839363 566 566 570 571 577 580 589 596 599 601 612 622 635 712 726 
1641517597.100359 ### RSSI: -63, 21, 1640051890 ,336 
1641517597.834418 ### DEBUG: Ticks: 347, 15, 1 
1641517597.834587 1640051891 c0:98:e5:42:00:2c 343 
1641517597.834678 575 580 605 635 640 640 641 646 649 651 651 664 670 677 685 
1641517597.834776 687 689 690 691 691 695 695 697 697 730 742 752 777 807 837 
1641517598.094905 ### RSSI: -65, 35, 1640051891 ,352 
1641517598.839498 ### DEBUG: Ticks: 363, 16, 1 
1641517598.839879 1640051892 c0:98:e5:42:00:2c 313 
1641517598.840069 528 539 544 551 553 555 570 576 603 604 617 618 621 624 624 
1641517598.840156 628 636 646 646 647 651 653 662 686 693 702 703 715 724 750 
1641517599.094500 ### RSSI: -63, 33, 1640051892 ,367 
1641517599.833228 ### DEBUG: Ticks: 379, 16, 1 
1641517599.833514 1640051893 c0:98:e5:42:00:2c 296 
1641517599.833683 482 484 486 524 524 525 529 549 554 562 570 575 580 587 593 
1641517599.833840 594 600 606 612 619 631 636 640 642 646 672 690 691 713 786 
1641517600.097745 ### RSSI: -66, 31, 1640051893 ,383 
1641517600.838528 ### DEBUG: Ticks: 394, 15, 1 
1641517600.838810 1640051894 c0:98:e5:42:00:2c 312 
1641517600.839204 517 519 533 536 538 541 552 584 594 597 600 612 613 621 623 
1641517600.839403 626 626 631 633 635 641 646 648 654 682 711 715 721 729 757 
1641517601.102079 ### RSSI: -65, 22, 1640051894 ,398 
1641517601.832008 ### DEBUG: Ticks: 410, 16, 1 
1641517601.832191 1640051895 c0:98:e5:42:00:2c 315 
1641517601.832283 491 533 534 539 551 557 569 573 583 586 587 599 626 627 629 
1641517601.832509 632 633 636 642 649 650 653 669 687 698 700 706 734 739 781 
1641517602.101068 ### RSSI: -67, 34, 1640051895 ,414 
1641517602.835216 ### DEBUG: Ticks: 426, 16, 1 
1641517602.835399 1640051896 c0:98:e5:42:00:2c 336 
1641517602.835478 547 557 575 577 603 609 610 619 621 623 624 647 667 670 672 
1641517602.835561 675 691 692 714 715 716 719 721 733 742 746 749 764 764 830 
1641517603.097935 ### RSSI: -69, 5, 1640051896 ,430 
1641517603.834838 ### DEBUG: Ticks: 441, 15, 1 
1641517603.835120 1640051897 c0:98:e5:42:00:2c 300 
1641517603.835305 503 503 518 530 541 542 546 552 552 556 561 563 583 592 601 
1641517603.835846 602 603 612 616 616 621 627 627 632 633 644 649 687 725 753 
1641517604.101307 ### RSSI: -62, 11, 1640051897 ,445 
1641517604.838910 ### DEBUG: Ticks: 457, 16, 1 
1641517604.839194 1640051898 c0:98:e5:42:00:2c 302 
1641517604.839377 495 503 505 507 511 521 529 531 551 558 565 587 590 595 604 
1641517604.839569 607 610 615 617 629 634 639 640 642 653 656 664 680 684 749 
1641517605.095563 ### RSSI: -66, 26, 1640051898 ,461 
1641517605.834881 ### DEBUG: Ticks: 472, 15, 1 
1641517605.835048 1640051899 c0:98:e5:42:00:2c 354 
1641517605.835139 590 596 606 616 618 633 642 650 656 657 665 674 675 675 708 
1641517605.835227 709 711 722 728 729 733 735 740 745 749 759 779 781 783 866 
1641517606.096666 ### RSSI: -65, 30, 1640051899 ,476 
1641517606.834177 ### DEBUG: Ticks: 488, 16, 1 
1641517606.834445 1640051900 c0:98:e5:42:00:2c 311 
1641517606.834642 520 524 539 546 556 559 564 580 584 595 602 605 608 620 623 
1641517606.834819 628 634 634 636 642 645 646 658 661 674 688 712 727 739 0 
1641517607.099547 ### RSSI: -64, 31, 1640051900 ,492 
1641517607.832683 ### DEBUG: Ticks: 504, 16, 1 
1641517607.832967 1640051901 c0:98:e5:42:00:2c 314 
1641517607.833151 509 520 524 533 552 567 570 571 577 587 595 605 618 619 627 
1641517607.833340 632 635 639 646 651 655 664 675 675 676 689 695 716 724 730 
1641517608.101734 ### RSSI: -69, 3, 1640051901 ,508 
1641517608.837718 ### DEBUG: Ticks: 519, 15, 1 
1641517608.838012 1640051902 c0:98:e5:42:00:2c 280 
1641517608.838197 461 467 478 479 491 495 495 516 520 525 534 536 537 549 556 
1641517608.838420 566 568 576 586 593 593 594 597 618 631 633 638 654 670 744 
1641517609.096829 ### RSSI: -64, 32, 1640051902 ,523 
1641517609.838754 ### DEBUG: Ticks: 535, 16, 1 
1641517609.839042 1640051903 c0:98:e5:42:00:2c 290 
1641517609.839226 482 498 500 508 524 528 537 541 541 555 564 565 569 571 578 
1641517609.839417 582 583 587 591 594 595 605 606 619 621 636 646 671 705 722 
1641517610.094044 ### RSSI: -64, 32, 1640051903 ,539 
1641517610.831157 ### DEBUG: Ticks: 550, 15, 1 
1641517610.843334 1640051904 c0:98:e5:42:00:2c 336 
1641517610.843921 548 556 564 576 620 633 634 652 656 661 661 661 664 665 673 
1641517610.844114 674 678 693 695 696 697 699 701 714 728 734 737 739 759 782 
1641517611.100235 ### RSSI: -65, 1, 1640051905 ,555 
1641517611.831993 ### DEBUG: Ticks: 566, 16, 1 
1641517611.832277 1640051905 c0:98:e5:42:00:2c 310 
1641517611.844416 504 515 518 539 540 549 550 554 571 575 577 609 612 612 617 
1641517611.844705 623 635 638 639 645 646 654 658 663 677 691 692 705 723 724 
1641517612.100619 ### RSSI: -65, 24, 1640051906 ,570 
1641517612.228152 ### INFO: SD card flushed!
1641517612.834551 ### DEBUG: Ticks: 582, 16, 1 
1641517612.834696 1640051906 c0:98:e5:42:00:2c 342 
1641517612.834762 578 595 613 616 618 631 635 646 653 660 674 676 679 683 683 
1641517612.834828 686 686 693 695 700 704 707 709 714 739 756 768 777 777 824 
1641517613.094670 ### RSSI: -64, 2, 1640051907 ,586 
1641517613.841770 ### DEBUG: Ticks: 597, 15, 1 
1641517613.842061 1640051907 c0:98:e5:42:00:2c 366 
1641517613.842250 613 646 650 653 661 663 669 687 694 705 706 724 729 730 730 
1641517613.842470 734 738 740 741 751 755 763 770 784 789 790 806 819 837 851 
1641517614.100470 ### RSSI: -60, 16, 1640051908 ,601 
1641517614.834187 ### DEBUG: Ticks: 613, 16, 1 
1641517614.834435 1640051908 c0:98:e5:42:00:2c 299 
1641517614.834558 492 513 516 535 538 549 550 561 563 564 570 574 576 595 599 
1641517614.834684 600 601 606 611 615 620 625 634 635 645 693 699 705 725 0 
1641517615.099742 ### RSSI: -60, 15, 1640051909 ,617 
1641517615.829874 ### DEBUG: Ticks: 629, 16, 1 
1641517615.841571 1640051909 c0:98:e5:42:00:2c 324 
1641517615.841717 487 508 522 529 533 544 549 561 571 585 587 597 605 627 648 
1641517615.841964 649 651 651 664 664 669 670 672 682 684 692 709 715 750 779 
1641517616.093412 ### RSSI: -64, 4, 1640051910 ,633 
1641517616.835705 ### DEBUG: Ticks: 644, 15, 1 
1641517616.836008 1640051910 c0:98:e5:42:00:2c 276 
1641517616.836192 418 442 446 450 461 484 493 507 507 511 517 526 528 537 549 
1641517616.836381 556 561 564 565 566 567 570 572 573 574 579 583 600 613 717 
1641517617.098541 ### RSSI: -65, 34, 1640051911 ,648 
1641517617.837648 ### DEBUG: Ticks: 660, 16, 1 
1641517617.837933 1640051911 c0:98:e5:42:00:2c 343 
1641517617.838117 562 594 599 600 621 624 636 641 656 656 662 662 666 670 681 
1641517617.838308 693 694 694 699 705 706 712 723 723 729 764 767 778 778 836 
1641517618.833927 ### DEBUG: Ticks: 675, 15, 1 
1641517618.834219 1640051912 c0:98:e5:42:00:2c 363 
1641517618.834444 619 622 626 636 638 658 662 680 692 694 695 697 709 710 727 
1641517618.834869 733 736 736 738 741 749 753 761 761 782 786 799 847 899 0 
1641517619.836617 ### DEBUG: Ticks: 691, 16, 1 
1641517619.836911 1640051913 c0:98:e5:42:00:2c 272 
1641517619.837095 429 459 469 486 501 512 514 514 515 517 522 524 525 535 545 
1641517619.837286 545 547 555 569 571 585 596 597 598 603 626 626 630 640 672 
1641517620.837493 ### DEBUG: Ticks: 707, 16, 1 
1641517620.837773 1640051914 c0:98:e5:42:00:2c 344 
1641517620.837957 598 600 605 613 627 627 631 651 653 661 672 675 675 685 687 
1641517620.838172 689 690 696 698 699 700 702 705 706 707 734 735 740 741 797 
1641517621.200653 ### BLE EVENT: 17, INFO: BLE DISCONNECTED!
1641517621.834740 ### DEBUG: Ticks: 722, 15, 0 
1641517621.834948 1640051915 c0:98:e5:42:00:2c 332 
1641517621.835032 542 572 588 591 600 604 610 610 633 639 642 642 653 654 663 
1641517621.835130 667 671 682 688 693 701 703 709 716 717 729 735 747 763 765 
1641517622.833875 ### DEBUG: Ticks: 738, 16, 0 
1641517622.834143 1640051916 c0:98:e5:42:00:2c 275 
1641517622.834331 485 510 515 517 517 524 524 524 527 531 532 539 543 543 548 
1641517622.846517 555 557 562 564 564 581 583 587 595 609 618 648 686 703 708 
1641517623.834103 ### DEBUG: Ticks: 754, 16, 0 
1641517623.834390 1640051917 c0:98:e5:42:00:2c 286 
1641517623.834547 460 470 496 516 519 523 529 530 534 538 546 554 560 566 571 
1641517623.834696 576 579 582 603 606 608 611 625 635 648 663 673 689 704 728 
1641517623.924705 ### BLE EVENT: 16, INFO: BLE CONNECTED!
1641517623.936820 ### RSSI: -67, 4, 1640051917 ,755 
1641517624.025463 ### RSSI: -61, 9, 1640051917 ,757 
1641517624.129388 ### RSSI: -63, 24, 1640051917 ,758 
1641517624.232306 ### RSSI: -65, 5, 1640051917 ,760 
1641517624.336354 ### RSSI: -68, 2, 1640051917 ,761 
1641517624.426207 ### RSSI: -63, 11, 1640051917 ,763 
1641517624.531898 ### RSSI: -61, 9, 1640051917 ,764 
1641517624.633705 ### RSSI: -62, 22, 1640051918 ,766 
1641517624.737658 ### RSSI: -63, 22, 1640051918 ,768 
1641517624.827060 ### RSSI: -62, 13, 1640051918 ,769 
1641517624.838480 ### DEBUG: Ticks: 769, 15, 0 
1641517624.839035 1640051918 c0:98:e5:42:00:2c 337 
1641517624.839455 506 558 561 582 583 598 600 607 608 609 631 661 664 670 671 
1641517624.839761 677 678 689 693 693 694 696 696 697 697 732 733 739 740 836 
1641517624.929260 ### RSSI: -65, 29, 1640051918 ,771 
1641517625.030839 ### RSSI: -62, 12, 1640051918 ,772 
1641517625.134553 ### RSSI: -63, 7, 1640051918 ,774 
1641517625.235992 ### RSSI: -63, 26, 1640051918 ,775 
1641517625.328862 ### RSSI: -63, 30, 1640051918 ,777 
1641517625.431082 ### RSSI: -63, 21, 1640051918 ,778 
1641517625.536325 ### RSSI: -60, 9, 1640051919 ,780 
1641517625.834051 ### DEBUG: Ticks: 785, 16, 0 
1641517625.834238 1640051919 c0:98:e5:42:00:2c 337 
1641517625.834329 510 549 567 577 580 583 597 602 631 643 651 658 661 669 671 
1641517625.834429 680 693 694 698 707 711 711 719 721 728 743 749 756 760 821 
1641517626.527765 ### RSSI: -61, 18, 1640051920 ,796 
1641517626.832459 ### DEBUG: Ticks: 800, 15, 0 
1641517626.832756 1640051920 c0:98:e5:42:00:2c 300 
1641517626.845682 498 504 513 533 535 549 554 566 570 576 576 582 589 595 596 
1641517626.845969 607 608 610 617 621 627 641 645 668 671 675 698 707 724 747 
1641517627.527046 ### RSSI: -63, 13, 1640051921 ,811 
1641517627.833372 ### DEBUG: Ticks: 816, 16, 0 
1641517627.833524 1640051921 c0:98:e5:42:00:2c 349 
1641517627.844359 589 605 608 609 616 622 627 639 649 659 663 669 676 688 693 
1641517627.844602 703 711 718 725 731 741 742 747 750 757 757 762 773 790 823 
1641517628.529648 ### RSSI: -65, 30, 1640051922 ,827 
1641517628.836540 ### DEBUG: Ticks: 832, 16, 0 
1641517628.836826 1640051922 c0:98:e5:42:00:2c 301 
1641517628.837011 494 514 536 553 557 564 570 571 573 575 583 585 586 588 602 
1641517628.837225 603 610 614 614 617 619 624 626 638 641 648 659 668 713 734 
1641517629.532483 ### RSSI: -67, 2, 1640051923 ,842 
1641517629.834435 ### DEBUG: Ticks: 847, 15, 0 
1641517629.834720 1640051923 c0:98:e5:42:00:2c 286 
1641517629.834905 464 471 480 500 504 526 526 538 540 550 552 555 563 565 568 
1641517629.835108 570 573 576 578 579 583 590 602 609 629 643 649 652 655 734 
1641517630.533069 ### RSSI: -67, 30, 1640051924 ,858 
1641517630.836258 ### DEBUG: Ticks: 863, 16, 0 
1641517630.836544 1640051924 c0:98:e5:42:00:2c 310 
1641517630.836728 426 471 474 479 486 497 504 518 520 528 530 535 543 548 552 
1641517630.837165 554 555 558 559 559 562 566 572 574 575 576 587 593 593 686 
1641517631.532261 ### RSSI: -61, 8, 1640051925 ,874 
1641517631.834871 ### DEBUG: Ticks: 879, 16, 0 
1641517631.835155 1640051925 c0:98:e5:42:00:2c 325 
1641517631.835340 531 536 553 567 579 597 602 610 611 617 619 624 624 634 651 
1641517631.835556 651 651 652 657 663 666 667 672 694 697 705 739 749 753 806 
1641517632.529551 ### RSSI: -69, 28, 1640051926 ,889 
1641517632.835054 ### DEBUG: Ticks: 894, 15, 0 
1641517632.835340 1640051926 c0:98:e5:42:00:2c 280 
1641517632.835524 433 462 480 492 505 508 509 509 520 521 524 540 550 558 560 
1641517632.835864 561 562 566 575 577 580 603 606 609 616 618 626 638 663 744 
1641517633.531388 ### RSSI: -67, 1, 1640051927 ,905 
1641517633.833089 ### DEBUG: Ticks: 910, 16, 0 
1641517633.833300 1640051927 c0:98:e5:42:00:2c 303 
1641517633.833391 488 505 515 525 530 532 538 553 554 566 567 581 590 604 604 
1641517633.844204 609 612 613 629 630 633 647 648 653 655 662 663 677 701 742 
1641517634.532718 ### RSSI: -63, 24, 1640051928 ,921 
1641517634.835370 ### DEBUG: Ticks: 925, 15, 0 
1641517634.835781 1640051928 c0:98:e5:42:00:2c 321 
1641517634.835963 526 527 549 562 567 571 576 580 596 604 605 606 629 638 640 
1641517634.836406 645 646 647 650 677 682 685 689 699 718 724 734 742 749 767 
1641517635.533401 ### RSSI: -65, 32, 1640051929 ,936 
1641517635.836876 ### DEBUG: Ticks: 941, 16, 0 
1641517635.836997 1640051929 c0:98:e5:42:00:2c 308 
1641517635.837049 465 470 493 496 498 507 533 540 542 543 579 597 610 615 616 
1641517635.837100 616 619 623 625 635 638 643 653 654 660 664 668 701 703 747 
1641517636.529615 ### RSSI: -67, 2, 1640051930 ,952 
1641517636.840491 ### DEBUG: Ticks: 957, 16, 0 
1641517636.840839 1640051930 c0:98:e5:42:00:2c 312 
1641517636.841077 490 522 526 549 555 566 576 584 586 587 588 592 602 609 618 
1641517636.841275 633 634 636 637 637 637 649 650 650 651 666 674 692 710 747 
1641517637.529136 ### RSSI: -64, 26, 1640051931 ,967 
1641517637.839758 ### DEBUG: Ticks: 972, 15, 0 
1641517637.839951 1640051931 c0:98:e5:42:00:2c 284 
1641517637.840109 495 502 508 510 514 526 530 533 549 551 553 554 556 557 567 
1641517637.840499 571 589 590 598 608 623 633 635 636 655 657 684 700 703 775 
1641517638.528803 ### RSSI: -64, 20, 1640051932 ,983 
1641517638.836779 ### DEBUG: Ticks: 988, 16, 0 
1641517638.837064 1640051932 c0:98:e5:42:00:2c 272 
1641517638.837248 448 450 462 473 477 477 499 516 528 530 530 535 541 541 545 
1641517638.837658 546 552 554 557 567 582 582 586 588 589 600 600 615 644 691 
1641517639.525635 ### RSSI: -63, 14, 1640051933 ,999 
1641517639.838622 ### DEBUG: Ticks: 1003, 15, 0 
1641517639.838924 1640051933 c0:98:e5:42:00:2c 310 
1641517639.839122 486 495 495 514 528 537 549 561 563 574 576 591 610 614 618 
1641517639.839323 625 627 631 635 651 651 651 651 655 668 701 702 703 729 751 
1641517640.533638 ### RSSI: -61, 8, 1640051934 ,1014 
1641517640.833916 ### DEBUG: Ticks: 1019, 16, 0 
1641517640.834200 1640051934 c0:98:e5:42:00:2c 272 
1641517640.834385 446 450 454 467 469 470 488 511 513 517 527 540 541 541 544 
1641517640.844625 545 547 549 556 562 578 587 590 595 610 615 631 644 644 649 
1641517641.526645 ### RSSI: -70, 28, 1640051935 ,1030 
1641517641.840101 ### DEBUG: Ticks: 1035, 16, 0 
1641517641.840250 1640051935 c0:98:e5:42:00:2c 360 
1641517641.840330 605 611 629 635 636 639 644 647 655 668 668 674 689 703 718 
1641517641.840406 722 723 725 726 737 737 752 757 765 769 769 778 789 804 834 
1641517642.529123 ### RSSI: -65, 5, 1640051935 ,1046 
1641517642.832567 ### DEBUG: Ticks: 1050, 15, 0 
1641517642.832739 1640051936 c0:98:e5:42:00:2c 286 
1641517642.832831 474 481 484 489 497 502 502 526 529 536 536 547 562 569 571 
1641517642.832937 573 583 585 589 594 603 604 613 614 626 627 647 655 682 694 
1641517643.530485 ### RSSI: -65, 3, 1640051936 ,1061 
1641517643.833434 ### DEBUG: Ticks: 1066, 16, 0 
1641517643.833648 1640051937 c0:98:e5:42:00:2c 320 
1641517643.833787 521 530 558 562 576 577 582 586 589 594 595 603 623 626 636 
1641517643.833927 644 649 650 655 660 664 670 674 680 682 684 724 750 754 775 
1641517644.529458 ### RSSI: -68, 35, 1640051937 ,1077 
1641517644.836615 ### DEBUG: Ticks: 1082, 16, 0 
1641517644.836743 1640051938 c0:98:e5:42:00:2c 280 
1641517644.836813 458 470 481 487 489 502 508 525 532 534 541 547 549 552 561 
1641517644.836875 562 564 567 572 578 578 578 582 593 595 602 603 621 666 704 
1641517645.527953 ### RSSI: -66, 2, 1640051938 ,1092 
1641517645.841939 ### DEBUG: Ticks: 1097, 15, 0 
1641517645.842101 1640051939 c0:98:e5:42:00:2c 278 
1641517645.842199 446 478 481 498 501 506 512 519 523 524 533 535 548 553 554 
1641517645.842288 560 574 579 579 581 583 592 600 605 608 610 614 637 671 692 
1641517646.256020 ### INFO: SD card flushed!
1641517646.524191 ### RSSI: -66, 34, 1640051939 ,1108 
1641517646.843821 ### DEBUG: Ticks: 1113, 16, 0 
1641517646.843966 1640051940 c0:98:e5:42:00:2c 341 
1641517646.844040 580 593 597 606 607 613 641 647 651 654 654 654 656 675 676 
1641517646.844111 688 693 698 698 701 703 718 723 731 754 758 767 771 781 812 
1641517647.525728 ### RSSI: -67, 35, 1640051940 ,1124 
1641517647.839845 ### DEBUG: Ticks: 1128, 15, 0 
1641517647.840019 1640051941 c0:98:e5:42:00:2c 354 
1641517647.840111 585 614 615 633 635 640 640 653 660 681 681 693 704 707 708 
1641517647.840272 710 716 722 725 725 727 732 732 735 740 743 748 773 790 862 
1641517648.532065 ### RSSI: -61, 16, 1640051941 ,1139 
1641517648.838131 ### DEBUG: Ticks: 1144, 16, 0 
1641517648.838285 1640051942 c0:98:e5:42:00:2c 289 
1641517648.838364 475 507 516 520 534 537 542 545 546 551 552 559 569 570 572 
1641517648.838446 584 586 588 601 606 607 608 617 622 632 636 645 658 670 755 
1641517649.535343 ### RSSI: -65, 6, 1640051943 ,1155 
1641517649.839766 ### DEBUG: Ticks: 1160, 16, 0 
1641517649.839965 1640051943 c0:98:e5:42:00:2c 268 
1641517649.840065 427 437 443 452 481 486 491 491 501 506 509 515 521 525 533 
1641517649.840171 539 542 545 548 563 580 597 599 605 611 638 642 653 663 709 
1641517650.532464 ### RSSI: -64, 25, 1640051944 ,1170 
1641517650.833128 ### DEBUG: Ticks: 1175, 15, 0 
1641517650.833417 1640051944 c0:98:e5:42:00:2c 329 
1641517650.845573 535 566 573 586 605 608 611 626 631 635 643 647 653 654 659 
1641517650.845869 660 660 665 677 681 681 686 686 696 719 722 724 786 791 801 
1641517651.532898 ### RSSI: -67, 27, 1640051945 ,1186 
1641517651.840929 ### DEBUG: Ticks: 1191, 16, 0 
1641517651.841229 1640051945 c0:98:e5:42:00:2c 254 
1641517651.841415 404 429 436 437 443 446 450 467 476 482 483 496 505 507 508 
1641517651.841604 509 511 515 517 539 540 549 557 559 562 570 573 590 608 653 
1641517652.527570 ### RSSI: -65, 21, 1640051946 ,1202 
1641517652.834285 ### DEBUG: Ticks: 1207, 16, 0 
1641517652.834505 1640051946 c0:98:e5:42:00:2c 294 
1641517652.846140 463 504 504 509 519 525 535 541 550 550 551 569 576 582 583 
1641517652.846427 593 594 604 611 613 615 623 636 636 640 647 650 671 685 722 
1641517653.529178 ### RSSI: -66, 27, 1640051947 ,1217 
1641517653.834219 ### DEBUG: Ticks: 1222, 15, 0 
1641517653.834504 1640051947 c0:98:e5:42:00:2c 278 
1641517653.834688 446 472 498 499 504 511 517 524 536 538 540 542 549 549 555 
1641517653.834878 560 565 570 570 580 594 602 603 610 619 631 645 648 649 712 
1641517654.527393 ### RSSI: -60, 17, 1640051948 ,1233 
1641517654.833726 ### DEBUG: Ticks: 1238, 16, 0 
1641517654.833987 1640051948 c0:98:e5:42:00:2c 368 
1641517654.846559 585 622 627 630 634 635 662 680 682 694 707 726 733 736 736 
1641517654.846826 739 748 749 752 762 763 770 774 777 779 781 791 809 812 877 
1641517655.534208 ### RSSI: -60, 18, 1640051949 ,1249 
1641517655.837817 ### DEBUG: Ticks: 1253, 15, 0 
1641517655.838101 1640051949 c0:98:e5:42:00:2c 348 
1641517655.838395 551 563 569 587 592 597 628 635 637 642 644 646 673 677 696 
1641517655.838575 696 704 705 711 712 715 716 723 746 758 765 766 779 799 847 
1641517656.528235 ### RSSI: -60, 18, 1640051950 ,1264 
1641517656.843142 ### DEBUG: Ticks: 1269, 16, 0 
1641517656.843431 1640051950 c0:98:e5:42:00:2c 299 
1641517656.844016 496 531 541 543 549 556 569 573 580 581 587 589 589 595 599 
1641517656.844212 600 602 604 609 618 619 623 624 637 641 649 653 663 723 775 
1641517657.524662 ### RSSI: -66, 0, 1640051951 ,1280 
1641517657.843095 ### DEBUG: Ticks: 1285, 16, 0 
1641517657.843225 1640051951 c0:98:e5:42:00:2c 278 
1641517657.843296 484 501 506 509 514 515 524 528 531 538 541 544 548 549 554 
1641517657.843377 561 564 570 571 573 574 579 598 605 615 623 627 630 632 658 
1641517658.529712 ### RSSI: -61, 19, 1640051952 ,1295 
1641517658.838538 ### DEBUG: Ticks: 1300, 15, 0 
1641517658.838665 1640051952 c0:98:e5:42:00:2c 270 
1641517658.838766 418 424 442 474 476 481 483 485 494 499 514 524 534 535 540 
1641517658.838957 541 541 550 554 555 572 580 581 587 589 598 606 606 614 682 
1641517659.529732 ### RSSI: -65, 1, 1640051953 ,1311 
1641517659.842915 ### DEBUG: Ticks: 1316, 16, 0 
1641517659.843113 1640051953 c0:98:e5:42:00:2c 323 
1641517659.843198 527 532 554 569 573 577 578 604 609 613 614 615 626 631 647 
1641517659.843280 648 657 658 670 677 699 701 701 704 706 723 726 735 767 0 
1641517660.527733 ### RSSI: -67, 30, 1640051954 ,1327 
1641517660.839986 ### DEBUG: Ticks: 1331, 15, 0 
1641517660.840287 1640051954 c0:98:e5:42:00:2c 340 
1641517660.840784 557 564 572 585 608 608 616 617 627 638 649 654 673 674 681 
1641517660.840978 682 692 695 699 702 702 705 711 717 724 726 776 789 793 828 
1641517661.524194 ### RSSI: -61, 10, 1640051955 ,1342 
1641517661.835724 ### DEBUG: Ticks: 1347, 16, 0 
1641517661.836007 1640051955 c0:98:e5:42:00:2c 307 
1641517661.836241 509 517 526 540 555 572 574 576 580 582 584 593 596 612 614 
1641517661.836420 615 629 629 630 641 647 657 667 668 673 674 689 703 712 714 
1641517662.532186 ### RSSI: -64, 23, 1640051956 ,1358 
1641517662.840202 ### DEBUG: Ticks: 1363, 16, 0 
1641517662.840391 1640051956 c0:98:e5:42:00:2c 358 
1641517662.840484 607 621 638 641 643 649 660 662 667 678 707 709 709 710 716 
1641517662.840573 717 721 732 735 736 743 748 750 751 752 767 781 788 820 820 
1641517663.531143 ### RSSI: -66, 35, 1640051957 ,1374 
1641517663.834373 ### DEBUG: Ticks: 1378, 15, 0 
1641517663.834559 1640051957 c0:98:e5:42:00:2c 256 
1641517663.834651 424 441 450 451 468 469 474 490 495 497 498 502 504 507 510 
1641517663.834741 516 519 525 525 525 566 575 576 590 597 604 611 615 618 646 
1641517664.531540 ### RSSI: -64, 23, 1640051958 ,1389 
1641517664.835142 ### DEBUG: Ticks: 1394, 16, 0 
1641517664.835427 1640051958 c0:98:e5:42:00:2c 345 
1641517664.835738 585 598 602 603 619 636 640 655 660 662 662 669 671 684 688 
1641517664.835934 692 714 724 732 734 735 742 746 750 767 771 772 785 792 883 
1641517665.532594 ### RSSI: -64, 34, 1640051959 ,1405 
1641517665.840910 ### DEBUG: Ticks: 1410, 16, 0 
1641517665.841083 1640051959 c0:98:e5:42:00:2c 299 
1641517665.841175 478 526 534 557 565 575 576 577 578 579 581 582 584 597 597 
1641517665.841263 600 603 612 613 623 651 652 652 662 663 671 673 680 718 740 
1641517666.530284 ### RSSI: -61, 13, 1640051959 ,1420 
1641517666.834140 ### DEBUG: Ticks: 1425, 15, 0 
1641517666.834309 1640051960 c0:98:e5:42:00:2c 308 
1641517666.834367 505 525 527 542 547 559 571 579 581 588 590 597 603 607 608 
1641517666.834427 618 634 642 649 651 657 659 664 665 669 670 682 704 726 743 
1641517667.533838 ### RSSI: -61, 8, 1640051960 ,1436 
1641517667.834213 ### DEBUG: Ticks: 1441, 16, 0 
1641517667.834377 1640051961 c0:98:e5:42:00:2c 341 
1641517667.834463 563 564 576 582 594 610 617 630 631 637 639 641 655 657 682 
1641517667.834545 684 685 689 691 696 703 712 714 718 720 727 737 747 758 822 
1641517668.532316 ### RSSI: -61, 18, 1640051961 ,1452 
1641517668.839372 ### DEBUG: Ticks: 1456, 15, 0 
1641517668.839782 1640051962 c0:98:e5:42:00:2c 290 
1641517668.840213 478 495 502 504 515 524 527 528 537 543 562 565 567 572 578 
1641517668.840405 583 591 592 599 604 609 611 615 637 641 642 667 668 700 713 
1641517669.534458 ### RSSI: -67, 1, 1640051962 ,1467 
1641517669.834218 ### DEBUG: Ticks: 1472, 16, 0 
1641517669.834388 1640051963 c0:98:e5:42:00:2c 260 
1641517669.834473 446 448 463 469 469 482 493 493 495 501 501 505 517 519 519 
1641517669.834554 523 525 534 534 537 543 549 574 577 579 580 617 635 649 666 
1641517670.532300 ### RSSI: -65, 32, 1640051963 ,1483 
1641517670.836198 ### DEBUG: Ticks: 1488, 16, 0 
1641517670.836489 1640051964 c0:98:e5:42:00:2c 303 
1641517670.836684 475 478 494 512 518 549 551 556 578 578 597 597 597 600 603 
1641517670.836861 609 616 623 624 624 628 638 638 644 646 650 676 685 719 772 
1641517671.525034 ### RSSI: -65, 23, 1640051964 ,1498 
1641517671.839554 ### DEBUG: Ticks: 1503, 15, 0 
1641517671.839991 1640051965 c0:98:e5:42:00:2c 353 
1641517671.840291 611 618 632 632 635 651 653 656 670 672 695 698 705 705 705 
1641517671.840414 707 712 716 721 728 728 733 735 745 747 754 761 764 811 829 
1641517672.528189 ### RSSI: -67, 35, 1640051965 ,1514 
1641517672.840018 ### DEBUG: Ticks: 1519, 16, 0 
1641517672.840319 1640051966 c0:98:e5:42:00:2c 291 
1641517672.840504 460 462 492 509 520 531 531 536 539 543 551 576 577 580 581 
1641517672.840692 583 585 601 607 607 608 610 613 614 616 622 636 659 672 682 
1641517673.530365 ### RSSI: -63, 14, 1640051967 ,1530 
1641517673.840572 ### DEBUG: Ticks: 1535, 16, 0 
1641517673.840861 1640051967 c0:98:e5:42:00:2c 309 
1641517673.841046 493 519 529 539 546 548 556 558 565 580 599 601 604 605 618 
1641517673.841235 621 626 628 628 629 639 649 659 665 673 679 727 728 764 0 
1641517674.522720 ### RSSI: -67, 31, 1640051968 ,1545 
1641517674.834773 ### DEBUG: Ticks: 1550, 15, 0 
1641517674.834924 1640051968 c0:98:e5:42:00:2c 347 
1641517674.846189 540 554 569 573 578 609 616 622 625 639 650 666 676 678 692 
1641517674.846489 697 704 704 706 706 709 718 718 720 728 729 730 739 780 821 
1641517675.531734 ### RSSI: -65, 23, 1640051969 ,1561 
1641517675.842802 ### DEBUG: Ticks: 1566, 16, 0 
1641517675.843057 1640051969 c0:98:e5:42:00:2c 323 
1641517675.843140 518 522 563 563 564 566 578 586 605 610 624 626 626 630 646 
1641517675.843223 648 652 663 668 668 679 687 689 699 729 735 741 745 777 790 
1641517676.530367 ### RSSI: -70, 34, 1640051970 ,1577 
1641517676.834337 ### DEBUG: Ticks: 1581, 15, 0 
1641517676.834541 1640051970 c0:98:e5:42:00:2c 281 
1641517676.834655 417 473 499 501 504 510 514 529 531 535 536 548 552 555 561 
1641517676.834857 563 564 568 570 577 585 586 589 604 605 614 615 633 668 708 
1641517677.529834 ### RSSI: -63, 25, 1640051971 ,1592 
1641517677.836920 ### DEBUG: Ticks: 1597, 16, 0 
1641517677.837204 1640051971 c0:98:e5:42:00:2c 331 
1641517677.837390 568 577 602 603 604 611 619 621 623 642 654 656 657 658 659 
1641517677.837602 665 669 672 674 681 688 696 698 703 706 739 744 753 754 814 
1641517678.525550 ### RSSI: -63, 20, 1640051972 ,1608 
1641517678.834459 ### DEBUG: Ticks: 1613, 16, 0 
1641517678.834624 1640051972 c0:98:e5:42:00:2c 271 
1641517678.834714 474 482 489 492 503 507 512 512 512 517 534 534 536 542 543 
1641517678.834885 544 546 550 552 560 565 576 577 579 593 602 617 665 699 0 
1641517679.528626 ### RSSI: -64, 20, 1640051973 ,1623 
1641517679.838945 ### DEBUG: Ticks: 1628, 15, 0 
1641517679.839228 1640051973 c0:98:e5:42:00:2c 288 
1641517679.839412 462 476 495 496 505 517 531 532 533 551 569 570 573 574 577 
1641517679.839697 580 581 588 596 604 612 624 634 640 642 645 686 688 699 0 
1641517680.526423 ### RSSI: -65, 30, 1640051974 ,1639 
1641517680.840241 ### DEBUG: Ticks: 1644, 16, 0 
1641517680.840524 1640051974 c0:98:e5:42:00:2c 328 
1641517680.840709 524 556 564 583 584 601 607 615 618 640 640 643 648 650 653 
1641517680.841161 661 663 664 664 666 666 670 683 692 707 709 715 729 733 827 
1641517681.231016 ### INFO: SD card flushed!
1641517681.526204 ### RSSI: -66, 32, 1640051975 ,1655 
1641517681.833790 ### DEBUG: Ticks: 1659, 15, 0 
1641517681.834076 1640051975 c0:98:e5:42:00:2c 316 
1641517681.834225 519 525 540 545 554 555 556 558 559 563 572 601 605 609 633 
1641517681.834325 634 639 649 657 672 672 674 682 687 696 699 704 713 736 0 
1641517682.531105 ### RSSI: -64, 24, 1640051976 ,1670 
1641517682.834911 ### DEBUG: Ticks: 1675, 16, 0 
1641517682.835196 1640051976 c0:98:e5:42:00:2c 362 
1641517682.835354 613 643 652 654 658 676 676 684 710 712 714 714 714 720 723 
1641517682.835564 727 729 739 752 761 765 771 782 783 796 809 812 813 829 847 
1641517683.522129 ### RSSI: -64, 24, 1640051977 ,1686 
1641517683.835700 ### DEBUG: Ticks: 1691, 16, 0 
1641517683.835858 1640051977 c0:98:e5:42:00:2c 323 
1641517683.835924 506 514 524 524 543 561 563 571 573 608 609 622 626 632 642 
1641517683.835988 652 656 658 658 662 664 672 678 688 691 696 700 715 732 745 
1641517684.523761 ### RSSI: -66, 27, 1640051978 ,1702 
1641517684.836933 ### DEBUG: Ticks: 1706, 15, 0 
1641517684.837220 1640051978 c0:98:e5:42:00:2c 291 
1641517684.837421 470 495 499 518 529 533 533 535 536 538 544 559 564 573 582 
1641517684.837626 583 587 587 593 593 596 605 606 612 635 640 656 658 661 708 
1641517685.533201 ### RSSI: -64, 23, 1640051979 ,1717 
1641517685.837834 ### DEBUG: Ticks: 1722, 16, 0 
1641517685.838120 1640051979 c0:98:e5:42:00:2c 302 
1641517685.838305 461 472 474 496 517 519 519 540 542 550 563 588 601 601 602 
1641517685.838517 607 610 612 612 622 634 639 654 654 671 674 689 699 707 722 
1641517686.523904 ### RSSI: -62, 15, 1640051980 ,1733 
1641517686.841924 ### DEBUG: Ticks: 1738, 16, 0 
1641517686.842074 1640051980 c0:98:e5:42:00:2c 271 
1641517686.842150 457 462 466 480 482 495 507 508 518 520 520 527 528 537 542 
1641517686.842222 545 552 558 559 560 561 562 569 573 589 603 606 616 626 664 
1641517687.531490 ### RSSI: -61, 19, 1640051981 ,1748 
1641517687.838041 ### DEBUG: Ticks: 1753, 15, 0 
1641517687.838222 1640051981 c0:98:e5:42:00:2c 361 
1641517687.838309 531 593 623 636 645 648 649 671 674 685 685 691 712 718 722 
1641517687.838410 725 726 734 737 741 744 762 764 769 775 780 786 807 816 854 
1641517688.533142 ### RSSI: -68, 0, 1640051982 ,1764 
1641517688.842666 ### DEBUG: Ticks: 1769, 16, 0 
1641517688.842951 1640051982 c0:98:e5:42:00:2c 315 
1641517688.843137 528 541 552 570 571 575 586 586 590 598 610 613 620 627 631 
1641517688.843552 632 633 637 656 663 663 665 666 673 675 685 690 731 734 751 
1641517689.532179 ### RSSI: -66, 5, 1640051983 ,1780 
1641517689.834943 ### DEBUG: Ticks: 1784, 15, 0 
1641517689.835108 1640051983 c0:98:e5:42:00:2c 291 
1641517689.835207 493 507 513 517 520 522 535 538 542 560 568 570 573 576 582 
1641517689.835444 584 588 595 598 604 605 606 608 614 647 662 678 680 723 732 
1641517690.530135 ### RSSI: -66, 27, 1640051984 ,1795 
1641517690.840081 ### DEBUG: Ticks: 1800, 16, 0 
1641517690.840235 1640051984 c0:98:e5:42:00:2c 264 
1641517690.840300 447 449 461 468 481 488 492 492 505 514 517 518 518 519 529 
1641517690.840380 530 531 534 535 541 549 551 556 562 566 579 608 608 640 654 
1641517691.524771 ### RSSI: -60, 18, 1640051984 ,1811 
1641517691.840926 ### DEBUG: Ticks: 1816, 16, 0 
1641517691.841210 1640051985 c0:98:e5:42:00:2c 339 
1641517691.841395 570 582 606 611 612 624 626 634 655 658 658 666 674 675 679 
1641517691.841596 687 687 688 690 694 694 698 700 701 706 721 728 728 757 0 
1641517692.522229 ### RSSI: -61, 10, 1640051985 ,1826 
1641517692.838182 ### DEBUG: Ticks: 1831, 15, 0 
1641517692.838468 1640051986 c0:98:e5:42:00:2c 311 
1641517692.838652 508 514 526 527 527 532 532 554 577 584 589 591 597 598 600 
1641517692.838855 601 602 611 612 620 623 626 638 644 653 656 691 693 697 719 
1641517693.524775 ### RSSI: -67, 4, 1640051986 ,1842 
1641517693.842080 ### DEBUG: Ticks: 1847, 16, 0 
1641517693.842234 1640051987 c0:98:e5:42:00:2c 331 
1641517693.842305 517 544 553 559 562 584 585 587 593 596 602 614 633 649 662 
1641517693.842379 663 663 669 672 673 681 682 687 695 699 706 714 727 747 749 
1641517694.527918 ### RSSI: -67, 3, 1640051987 ,1858 
1641517694.839384 ### DEBUG: Ticks: 1863, 16, 0 
1641517694.839553 1640051988 c0:98:e5:42:00:2c 353 
1641517694.840046 596 624 633 635 637 648 650 662 670 684 689 694 704 704 706 
1641517694.840248 709 711 714 718 731 732 737 738 740 754 755 770 774 779 843 
1641517695.529366 ### RSSI: -61, 11, 1640051988 ,1873 
1641517695.834830 ### DEBUG: Ticks: 1878, 15, 0 
1641517695.835113 1640051989 c0:98:e5:42:00:2c 339 
1641517695.835298 549 553 569 573 578 586 590 608 641 646 650 669 670 670 674 
1641517695.835741 683 684 686 688 688 690 690 696 697 702 713 715 717 755 792 
1641517696.528867 ### RSSI: -66, 30, 1640051989 ,1889 
1641517696.842799 ### DEBUG: Ticks: 1894, 16, 0 
1641517696.843086 1640051990 c0:98:e5:42:00:2c 343 
1641517696.843272 589 604 608 616 618 619 628 635 648 654 654 662 667 674 683 
1641517696.843835 689 705 707 709 714 721 722 753 755 765 776 788 790 792 794 
1641517697.531964 ### RSSI: -61, 10, 1640051991 ,1905 
1641517697.836155 ### DEBUG: Ticks: 1909, 15, 0 
1641517697.836440 1640051991 c0:98:e5:42:00:2c 278 
1641517697.836638 460 465 486 494 499 500 501 504 510 516 525 526 526 535 550 
1641517697.837071 562 567 570 575 576 580 580 582 586 604 614 622 639 649 707 
1641517698.526995 ### RSSI: -69, 28, 1640051992 ,1920 
1641517698.835013 ### DEBUG: Ticks: 1925, 16, 0 
1641517698.835300 1640051992 c0:98:e5:42:00:2c 337 
1641517698.835485 566 567 575 598 601 603 604 624 632 639 641 655 656 662 666 
1641517698.835726 683 695 695 699 708 710 715 720 730 735 746 750 752 808 818 
1641517699.526247 ### RSSI: -61, 10, 1640051993 ,1936 
1641517699.842173 ### DEBUG: Ticks: 1941, 16, 0 
1641517699.842363 1640051993 c0:98:e5:42:00:2c 297 
1641517699.842456 463 480 482 505 508 513 525 532 551 562 572 575 582 582 594 
1641517699.842561 597 598 600 614 614 618 619 632 637 642 645 678 684 714 721 
1641517700.529673 ### RSSI: -66, 30, 1640051994 ,1951 
1641517700.832073 ### DEBUG: Ticks: 1956, 15, 0 
1641517700.844302 1640051994 c0:98:e5:42:00:2c 307 
1641517700.844477 493 497 505 537 563 567 569 576 576 583 588 592 596 609 615 
1641517700.844562 617 618 623 629 629 644 667 669 681 687 699 704 779 822 0 
1641517701.530216 ### RSSI: -66, 1, 1640051995 ,1967 
1641517701.833861 ### DEBUG: Ticks: 1972, 16, 0 
1641517701.834104 1640051995 c0:98:e5:42:00:2c 304 
1641517701.847474 467 499 499 501 505 514 549 554 559 572 580 585 590 604 609 
1641517701.847717 609 614 619 630 630 635 636 638 640 641 655 661 700 713 729 
1641517702.629766 ### RSSI: -69, 34, 1640051996 ,1984 
1641517702.836463 ### DEBUG: Ticks: 1988, 16, 0 
1641517702.836755 1640051996 c0:98:e5:42:00:2c 303 
1641517702.836940 511 526 526 527 528 546 549 555 565 569 585 591 593 597 599 
1641517702.837164 614 619 620 622 623 628 643 653 656 669 670 670 692 698 723 
1641517703.630445 ### RSSI: -65, 27, 1640051997 ,2000 
1641517703.838119 ### DEBUG: Ticks: 2003, 15, 0 
1641517703.838333 1640051997 c0:98:e5:42:00:2c 323 
1641517703.838432 541 550 573 591 603 608 624 625 627 631 633 638 642 643 644 
1641517703.838522 649 650 652 654 661 662 665 665 671 678 683 705 738 747 785 
1641517704.626360 ### RSSI: -67, 3, 1640051998 ,2015 
1641517704.842737 ### DEBUG: Ticks: 2019, 16, 0 
1641517704.843012 1640051998 c0:98:e5:42:00:2c 319 
1641517704.843104 517 517 521 545 551 562 571 579 587 590 617 628 631 631 636 
1641517704.843193 641 643 643 644 647 658 658 660 667 671 675 679 689 707 742 
1641517705.626843 ### RSSI: -60, 16, 1640051999 ,2031 
1641517705.836666 ### DEBUG: Ticks: 2034, 15, 0 
1641517705.836847 1640051999 c0:98:e5:42:00:2c 281 
1641517705.836939 435 477 487 488 502 505 514 517 519 524 533 538 547 556 556 
1641517705.837028 571 574 576 577 580 581 581 583 595 611 613 654 666 675 690 
1641517706.622389 ### RSSI: -61, 15, 1640052000 ,2047 
1641517706.840647 ### DEBUG: Ticks: 2050, 16, 0 
1641517706.840806 1640052000 c0:98:e5:42:00:2c 316 
1641517706.840876 493 526 527 540 580 582 586 602 609 616 623 624 631 633 633 
1641517706.840946 634 641 646 646 666 669 670 671 679 681 695 707 731 741 755 
1641517707.628704 ### RSSI: -64, 23, 1640052001 ,2062 
1641517707.835410 ### DEBUG: Ticks: 2066, 16, 0 
1641517707.835647 1640052001 c0:98:e5:42:00:2c 333 
1641517707.847046 570 574 578 594 601 616 617 620 626 630 639 646 648 650 666 
1641517707.847331 668 669 686 686 692 701 704 705 732 736 743 770 771 775 776 
1641517708.621296 ### RSSI: -67, 1, 1640052002 ,2078 
1641517708.836119 ### DEBUG: Ticks: 2081, 15, 0 
1641517708.836404 1640052002 c0:98:e5:42:00:2c 261 
1641517708.836604 411 416 420 450 457 463 471 478 480 485 491 493 498 509 520 
1641517708.836812 524 530 532 534 535 536 543 545 557 559 565 577 608 613 668 
1641517709.630062 ### RSSI: -61, 15, 1640052003 ,2094 
1641517709.836723 ### DEBUG: Ticks: 2097, 16, 0 
1641517709.836908 1640052003 c0:98:e5:42:00:2c 361 
1641517709.836999 576 599 635 639 640 645 647 655 697 698 704 704 707 721 723 
1641517709.837081 723 725 734 735 742 746 754 768 780 788 789 802 808 870 892 
1641517710.622692 ### RSSI: -61, 12, 1640052004 ,2109 
1641517710.843227 ### DEBUG: Ticks: 2112, 15, 0 
1641517710.843462 1640052004 c0:98:e5:42:00:2c 331 
1641517710.843532 536 538 564 565 567 580 591 598 605 607 613 625 637 658 659 
1641517710.843645 666 669 683 688 688 695 695 701 709 729 737 741 745 762 808 
1641517711.620919 ### RSSI: -68, 36, 1640052005 ,2125 
1641517711.839776 ### DEBUG: Ticks: 2128, 16, 0 
1641517711.839906 1640052005 c0:98:e5:42:00:2c 243 
1641517711.839977 393 424 434 434 438 439 441 448 453 458 463 476 479 480 484 
1641517711.840040 490 494 494 496 503 506 507 519 526 553 555 568 572 575 602 
1641517712.624796 ### RSSI: -69, 28, 1640052006 ,2140 
1641517712.838040 ### DEBUG: Ticks: 2144, 16, 0 
1641517712.838203 1640052006 c0:98:e5:42:00:2c 312 
1641517712.838288 528 543 544 575 578 591 594 597 600 602 603 604 609 611 618 
1641517712.838370 630 636 640 641 642 648 649 655 657 667 685 687 700 705 746 
1641517713.624137 ### RSSI: -61, 10, 1640052007 ,2156 
1641517713.834454 ### DEBUG: Ticks: 2159, 15, 0 
1641517713.834746 1640052007 c0:98:e5:42:00:2c 273 
1641517713.835372 431 458 461 466 470 471 478 485 503 510 515 519 539 543 545 
1641517713.846467 547 558 558 564 567 568 570 572 584 594 607 608 614 616 646 
1641517714.621673 ### RSSI: -64, 21, 1640052008 ,2172 
1641517714.834349 ### DEBUG: Ticks: 2175, 16, 0 
1641517714.834596 1640052008 c0:98:e5:42:00:2c 291 
1641517714.846513 507 517 519 528 537 538 552 555 563 563 566 571 573 581 581 
1641517714.846648 583 587 597 600 605 621 625 628 646 652 655 667 675 678 719 
1641517715.619988 ### RSSI: -68, 31, 1640052008 ,2187 
1641517715.841749 ### DEBUG: Ticks: 2191, 16, 0 
1641517715.842075 1640052009 c0:98:e5:42:00:2c 289 
1641517715.842258 439 449 450 474 480 484 487 513 515 523 535 537 554 570 576 
1641517715.842446 580 580 581 584 591 595 601 601 609 614 621 643 646 647 705 
1641517716.233305 ### INFO: SD card flushed!
1641517716.623510 ### RSSI: -67, 32, 1640052009 ,2203 
1641517716.835759 ### DEBUG: Ticks: 2206, 15, 0 
1641517716.835923 1640052010 c0:98:e5:42:00:2c 331 
1641517716.836015 546 559 587 589 601 621 624 625 633 638 645 646 646 654 659 
1641517716.836160 668 672 674 675 683 691 696 707 713 715 762 763 774 785 842 
1641517717.622803 ### RSSI: -61, 13, 1640052010 ,2218 
1641517717.842631 ### DEBUG: Ticks: 2222, 16, 0 
1641517717.842776 1640052011 c0:98:e5:42:00:2c 295 
1641517717.842850 448 479 495 502 509 514 516 521 537 540 557 564 568 585 587 
1641517717.842926 593 597 601 617 618 620 620 622 629 643 662 662 679 687 716 
1641517718.631501 ### RSSI: -61, 18, 1640052011 ,2234 
1641517718.839070 ### DEBUG: Ticks: 2237, 15, 0 
1641517718.839222 1640052012 c0:98:e5:42:00:2c 310 
1641517718.839302 517 544 549 551 562 565 569 570 592 596 598 602 609 619 621 
1641517718.839378 623 623 630 636 637 644 658 669 678 680 698 711 718 723 0 
1641517719.624518 ### RSSI: -67, 0, 1640052013 ,2250 
1641517719.832722 ### DEBUG: Ticks: 2253, 16, 0 
1641517719.843910 1640052013 c0:98:e5:42:00:2c 366 
1641517719.844163 610 633 666 668 669 670 674 675 684 700 721 725 726 726 733 
1641517719.844667 734 739 746 758 763 772 774 781 784 785 790 824 827 833 858 
1641517720.630515 ### RSSI: -68, 31, 1640052014 ,2265 
1641517720.835178 ### DEBUG: Ticks: 2269, 16, 0 
1641517720.835456 1640052014 c0:98:e5:42:00:2c 312 
1641517720.847490 509 526 534 537 554 555 562 563 564 578 588 590 596 611 619 
1641517720.847907 629 636 645 650 650 660 667 669 679 688 703 717 718 722 743 
1641517721.625770 ### RSSI: -63, 25, 1640052015 ,2281 
1641517721.843380 ### DEBUG: Ticks: 2284, 15, 0 
1641517721.843765 1640052015 c0:98:e5:42:00:2c 345 
1641517721.843944 549 576 578 589 598 601 626 627 630 639 668 680 680 686 689 
1641517721.844040 692 700 707 710 711 712 712 720 721 742 743 751 758 819 839 
1641517722.726021 ### RSSI: -60, 19, 1640052016 ,2298 
1641517722.844251 ### DEBUG: Ticks: 2300, 16, 0 
1641517722.844429 1640052016 c0:98:e5:42:00:2c 280 
1641517722.844539 488 512 513 517 525 533 535 536 538 540 540 541 551 555 559 
1641517722.844725 563 570 573 579 582 583 587 588 588 590 598 644 650 684 701 
1641517723.725595 ### RSSI: -65, 30, 1640052017 ,2314 
1641517723.837575 ### DEBUG: Ticks: 2316, 16, 0 
1641517723.837741 1640052017 c0:98:e5:42:00:2c 347 
1641517723.837826 572 574 610 613 619 629 630 631 632 635 676 681 682 688 694 
1641517723.837914 696 699 700 716 721 729 730 736 741 749 750 757 763 785 857 
1641517724.729905 ### RSSI: -60, 12, 1640052018 ,2329 
1641517724.832248 ### DEBUG: Ticks: 2331, 15, 0 
1641517724.844362 1640052018 c0:98:e5:42:00:2c 317 
1641517724.844500 499 512 515 520 540 571 573 575 585 594 619 624 630 632 632 
1641517724.844592 635 635 636 638 641 642 653 659 666 685 695 722 723 756 827 
1641517725.728424 ### RSSI: -65, 27, 1640052019 ,2345 
1641517725.834651 ### DEBUG: Ticks: 2347, 16, 0 
1641517725.834894 1640052019 c0:98:e5:42:00:2c 336 
1641517725.846895 515 549 552 569 571 572 587 594 598 635 642 645 657 661 669 
1641517725.847187 675 680 690 690 691 692 704 716 719 720 730 758 760 767 769 
1641517726.721230 ### RSSI: -62, 3, 1640052020 ,2361 
1641517726.842671 ### DEBUG: Ticks: 2362, 15, 0 
1641517726.842863 1640052020 c0:98:e5:42:00:2c 335 
1641517726.842942 550 576 586 594 601 602 626 632 635 638 644 648 648 652 660 
1641517726.843019 681 686 693 698 699 706 707 708 723 746 764 768 784 802 820 
1641517727.724071 ### RSSI: -60, 12, 1640052021 ,2376 
1641517727.835333 ### DEBUG: Ticks: 2378, 16, 0 
1641517727.835487 1640052021 c0:98:e5:42:00:2c 252 
1641517727.849493 440 450 457 459 480 480 482 483 484 484 487 489 496 499 504 
1641517727.849614 506 514 524 526 527 531 536 549 552 559 560 574 605 611 638 
1641517728.731892 ### RSSI: -64, 0, 1640052022 ,2392 
1641517728.836742 ### DEBUG: Ticks: 2394, 16, 0 
1641517728.836882 1640052022 c0:98:e5:42:00:2c 314 
1641517728.836962 522 530 545 553 557 568 591 595 596 600 606 608 611 618 622 
1641517728.837034 637 644 648 654 659 662 675 677 678 684 693 697 708 719 760 
1641517729.723043 ### RSSI: -60, 14, 1640052023 ,2407 
1641517729.841905 ### DEBUG: Ticks: 2409, 15, 0 
1641517729.842088 1640052023 c0:98:e5:42:00:2c 310 
1641517729.842188 499 516 518 552 554 559 564 565 573 573 575 587 609 610 617 
1641517729.842375 625 626 632 638 642 642 643 658 660 674 682 696 699 711 729 
1641517730.728507 ### RSSI: -61, 23, 1640052024 ,2423 
1641517730.836419 ### DEBUG: Ticks: 2425, 16, 0 
1641517730.836557 1640052024 c0:98:e5:42:00:2c 305 
1641517730.836612 494 522 524 529 529 538 546 554 559 564 573 573 585 610 610 
1641517730.836666 626 633 636 640 645 648 651 653 654 667 674 688 696 706 0 
1641517731.727016 ### RSSI: -65, 29, 1640052025 ,2439 
1641517731.843486 ### DEBUG: Ticks: 2440, 15, 0 
1641517731.843982 1640052025 c0:98:e5:42:00:2c 282 
1641517731.844166 478 493 500 502 506 513 525 529 537 543 544 545 555 564 565 
1641517731.844380 567 585 587 591 595 604 616 624 635 648 668 701 718 741 0 
1641517732.727855 ### RSSI: -61, 24, 1640052026 ,2454 
1641517732.836156 ### DEBUG: Ticks: 2456, 16, 0 
1641517732.836344 1640052026 c0:98:e5:42:00:2c 337 
1641517732.836437 519 524 545 556 558 561 578 579 589 628 642 648 660 663 668 
1641517732.836544 682 688 691 698 700 703 704 712 719 732 740 747 770 814 855 
1641517733.726059 ### RSSI: -65, 35, 1640052027 ,2470 
1641517733.844800 ### DEBUG: Ticks: 2472, 16, 0 
1641517733.845111 1640052027 c0:98:e5:42:00:2c 320 
1641517733.845295 533 551 553 558 584 597 601 607 612 613 623 633 634 638 640 
1641517733.845485 642 651 658 668 673 676 681 684 684 687 690 707 711 720 810 
1641517734.826898 ### RSSI: -66, 3, 1640052028 ,2487 
1641517734.839377 ### DEBUG: Ticks: 2487, 15, 0 
1641517734.839535 1640052028 c0:98:e5:42:00:2c 272 
1641517734.840508 458 463 467 481 498 498 513 518 519 525 530 531 534 537 544 
1641517734.840590 544 545 553 555 568 570 572 576 576 596 612 625 627 633 699 
1641517735.826757 ### RSSI: -60, 16, 1640052029 ,2503 
1641517735.839547 ### DEBUG: Ticks: 2503, 16, 0 
1641517735.839659 1640052029 c0:98:e5:42:00:2c 324 
1641517735.839714 540 548 562 581 595 597 603 610 613 620 632 634 637 641 646 
1641517735.839763 652 663 664 673 677 682 687 689 696 702 706 713 724 733 788 
1641517736.819275 ### RSSI: -63, 24, 1640052030 ,2518 
1641517736.842677 ### DEBUG: Ticks: 2519, 16, 0 
1641517736.842830 1640052030 c0:98:e5:42:00:2c 302 
1641517736.842922 441 473 478 491 500 508 513 522 527 554 560 567 572 599 604 
1641517736.843004 607 607 612 613 614 616 617 626 626 632 633 640 671 718 748 
1641517737.821115 ### RSSI: -63, 25, 1640052031 ,2534 
1641517737.835154 ### DEBUG: Ticks: 2534, 15, 0 
1641517737.835306 1640052031 c0:98:e5:42:00:2c 327 
1641517737.847135 504 531 534 554 577 582 583 585 589 600 629 642 646 650 652 
1641517737.847280 659 660 661 665 669 690 693 697 704 708 723 739 741 744 802 
1641517738.827172 ### RSSI: -68, 2, 1640052033 ,2550 
1641517738.838931 ### DEBUG: Ticks: 2550, 16, 0 
1641517738.839100 1640052032 c0:98:e5:42:00:2c 358 
1641517738.839179 591 602 610 640 642 658 675 678 685 702 702 708 709 711 714 
1641517738.839260 720 721 721 724 727 733 741 741 743 747 758 790 795 829 865 
1641517739.819155 ### RSSI: -63, 20, 1640052033 ,2565 
1641517739.842659 ### DEBUG: Ticks: 2565, 15, 0 
1641517739.842853 1640052033 c0:98:e5:42:00:2c 353 
1641517739.842944 576 584 593 595 597 611 612 634 645 647 662 675 692 694 705 
1641517739.843026 708 715 716 718 719 724 725 731 737 738 750 774 779 789 834 
1641517740.828692 ### RSSI: -62, 19, 1640052034 ,2581 
1641517740.840822 ### DEBUG: Ticks: 2581, 16, 0 
1641517740.840982 1640052034 c0:98:e5:42:00:2c 347 
1641517740.841056 586 590 610 613 616 629 634 647 661 670 676 680 687 692 692 
1641517740.841127 697 721 722 726 728 728 740 754 765 765 768 784 793 800 836 
1641517741.817672 ### RSSI: -67, 2, 1640052035 ,2596 
1641517741.843416 ### DEBUG: Ticks: 2597, 16, 0 
1641517741.843635 1640052035 c0:98:e5:42:00:2c 306 
1641517741.843724 506 511 514 529 532 548 554 566 574 580 580 589 589 597 612 
1641517741.843806 613 613 614 622 622 623 628 635 647 656 666 694 699 703 754 
1641517742.828402 ### RSSI: -62, 11, 1640052036 ,2612 
1641517742.841915 ### DEBUG: Ticks: 2612, 15, 0 
1641517742.842166 1640052036 c0:98:e5:42:00:2c 309 
1641517742.842323 419 456 480 482 489 494 505 508 520 543 550 552 557 564 566 
1641517742.842502 568 578 578 592 594 594 594 595 613 636 639 644 663 686 0 
1641517743.826760 ### RSSI: -61, 8, 1640052037 ,2628 
1641517743.838820 ### DEBUG: Ticks: 2628, 16, 0 
1641517743.838986 1640052037 c0:98:e5:42:00:2c 313 
1641517743.839077 501 538 555 559 564 569 571 576 585 594 604 604 611 622 625 
1641517743.839172 627 637 641 643 662 664 670 686 686 695 704 711 723 733 754 
1641517744.824495 ### RSSI: -65, 36, 1640052038 ,2643 
1641517744.837967 ### DEBUG: Ticks: 2644, 16, 0 
1641517744.838267 1640052038 c0:98:e5:42:00:2c 390 
1641517744.838451 573 580 586 609 618 633 643 654 654 658 658 662 669 671 679 
1641517744.838640 682 690 696 700 702 703 712 718 737 744 747 758 805 828 837 
1641517745.822041 ### RSSI: -67, 29, 1640052039 ,2659 
1641517745.836322 ### DEBUG: Ticks: 2659, 15, 0 
1641517745.836582 1640052039 c0:98:e5:42:00:2c 364 
1641517745.836675 587 600 609 617 627 644 645 651 665 690 701 710 714 715 728 
1641517745.836766 729 734 747 756 757 765 770 775 777 783 797 797 797 816 848 
1641517746.825549 ### RSSI: -62, 12, 1640052040 ,2675 
1641517746.837074 ### DEBUG: Ticks: 2675, 16, 0 
1641517746.837317 1640052040 c0:98:e5:42:00:2c 319 
1641517746.837456 520 528 529 535 547 548 553 565 565 593 595 623 629 636 638 
1641517746.837598 641 645 646 650 651 651 654 661 683 683 689 689 704 711 739 
1641517747.821723 ### RSSI: -65, 6, 1640052041 ,2690 
1641517747.835248 ### DEBUG: Ticks: 2690, 15, 0 
1641517747.835540 1640052041 c0:98:e5:42:00:2c 299 
1641517747.847701 478 496 497 523 533 546 549 553 570 575 576 577 581 595 597 
1641517747.847866 601 610 612 613 622 623 624 634 640 650 664 665 667 672 691 
1641517748.818235 ### RSSI: -62, 12, 1640052042 ,2706 
1641517748.843443 ### DEBUG: Ticks: 2706, 16, 0 
1641517748.843922 1640052042 c0:98:e5:42:00:2c 293 
1641517748.844130 458 476 478 494 506 520 538 545 562 567 568 571 572 576 585 
1641517748.844364 589 592 595 599 605 608 620 625 629 634 635 639 640 640 694 
1641517749.821235 ### RSSI: -62, 11, 1640052043 ,2721 
1641517749.835786 ### DEBUG: Ticks: 2722, 16, 0 
1641517749.836075 1640052043 c0:98:e5:42:00:2c 287 
1641517749.847965 458 466 478 479 500 520 527 530 540 549 558 563 571 572 572 
1641517749.848127 579 579 594 594 599 616 621 628 635 637 650 664 679 695 723 
1641517750.824173 ### RSSI: -62, 18, 1640052044 ,2737 
1641517750.837515 ### DEBUG: Ticks: 2737, 15, 0 
1641517750.837666 1640052044 c0:98:e5:42:00:2c 274 
1641517750.837739 450 467 470 481 484 493 496 497 524 525 526 527 541 544 546 
1641517750.837811 553 557 560 566 573 574 585 610 612 618 620 624 625 634 705 
1641517751.254064 ### INFO: SD card flushed!
1641517751.822933 ### RSSI: -63, 14, 1640052045 ,2753 
1641517751.835863 ### DEBUG: Ticks: 2753, 16, 0 
1641517751.836026 1640052045 c0:98:e5:42:00:2c 313 
1641517751.847845 535 543 545 561 570 577 583 593 598 602 603 606 614 616 624 
1641517751.847995 629 630 638 643 649 651 653 670 682 682 686 693 738 752 764 
1641517752.828696 ### RSSI: -65, 6, 1640052046 ,2768 
1641517752.840662 ### DEBUG: Ticks: 2768, 15, 0 
1641517752.840823 1640052046 c0:98:e5:42:00:2c 320 
1641517752.841187 518 532 550 552 561 585 590 591 591 604 610 620 630 631 633 
1641517752.841454 650 659 663 664 669 679 680 680 682 686 690 691 697 719 805 
1641517753.818065 ### RSSI: -62, 10, 1640052047 ,2784 
1641517753.840936 ### DEBUG: Ticks: 2784, 16, 0 
1641517753.841057 1640052047 c0:98:e5:42:00:2c 336 
1641517753.841115 585 592 596 602 620 626 629 629 639 642 651 651 656 659 670 
1641517753.841178 674 676 678 683 694 699 703 708 709 714 722 745 746 768 806 
1641517754.819193 ### RSSI: -66, 3, 1640052048 ,2799 
1641517754.841702 ### DEBUG: Ticks: 2800, 16, 0 
1641517754.841853 1640052048 c0:98:e5:42:00:2c 321 
1641517754.841939 528 541 549 554 572 574 580 598 601 601 616 625 630 637 641 
1641517754.842017 644 654 658 663 664 668 676 676 686 690 695 697 700 750 775 
1641517755.828382 ### RSSI: -64, 24, 1640052049 ,2815 
1641517755.840390 ### DEBUG: Ticks: 2815, 15, 0 
1641517755.840681 1640052049 c0:98:e5:42:00:2c 312 
1641517755.840864 508 508 519 527 529 530 540 583 586 596 610 614 614 614 622 
1641517755.841054 626 631 633 637 647 662 666 668 670 671 675 686 695 721 757 
1641517756.820007 ### RSSI: -60, 17, 1640052050 ,2831 
1641517756.844716 ### DEBUG: Ticks: 2831, 16, 0 
1641517756.844908 1640052050 c0:98:e5:42:00:2c 281 
1641517756.844981 457 458 465 474 492 496 511 528 530 533 539 542 544 548 560 
1641517756.845052 564 564 571 582 582 582 593 606 617 622 631 646 646 656 683 
1641517757.820292 ### RSSI: -61, 8, 1640052051 ,2846 
1641517757.846363 ### DEBUG: Ticks: 2847, 16, 0 
1641517757.846488 1640052051 c0:98:e5:42:00:2c 294 
1641517757.846546 444 476 501 503 512 514 518 522 544 558 561 579 584 585 587 
1641517757.846597 591 592 597 604 617 622 622 627 630 639 645 648 668 684 722 
1641517758.819659 ### RSSI: -65, 33, 1640052052 ,2862 
1641517758.845788 ### DEBUG: Ticks: 2862, 15, 0 
1641517758.845948 1640052052 c0:98:e5:42:00:2c 344 
1641517758.846027 600 600 621 623 623 637 640 642 642 649 651 677 679 682 684 
1641517758.846124 694 698 703 705 705 712 715 722 724 729 733 743 745 757 785 
1641517759.819707 ### RSSI: -64, 6, 1640052053 ,2878 
1641517759.842628 ### DEBUG: Ticks: 2878, 16, 0 
1641517759.842787 1640052053 c0:98:e5:42:00:2c 294 
1641517759.842852 472 514 517 522 532 539 547 557 563 568 570 571 571 586 588 
1641517759.842919 590 593 594 607 630 634 638 646 646 648 649 652 655 662 729 
1641517760.823469 ### RSSI: -66, 36, 1640052054 ,2893 
1641517760.837576 ### DEBUG: Ticks: 2893, 15, 0 
1641517760.837858 1640052054 c0:98:e5:42:00:2c 312 
1641517760.838042 495 496 506 514 527 540 553 574 605 606 612 615 618 621 625 
1641517760.838251 626 629 641 642 642 647 652 662 685 687 698 705 706 730 779 
1641517761.823824 ### RSSI: -65, 25, 1640052055 ,2909 
1641517761.835717 ### DEBUG: Ticks: 2909, 16, 0 
1641517761.836006 1640052055 c0:98:e5:42:00:2c 321 
1641517761.836202 557 579 583 586 590 599 605 606 607 610 611 625 640 641 642 
1641517761.836270 645 649 651 652 654 655 658 682 697 697 702 712 714 723 761 
1641517762.198363 ### DEBUG: BLE START SCANNING called
1641517762.223353 ### DEBUG: BLE START SCANNING called
1641517762.223486 ### DEBUG: BLE START SCANNING called
1641517762.233471 ### DEBUG: BLE START SCANNING called
1641517762.248655 ### DEBUG: BLE START SCANNING called
1641517762.248790 ### addr: c0:98:e5:42:00:2c 
1641517762.248876 ### on_adv_report outer RSSI: -61, time:1640052056 
1641517762.248970 ### INFO: Discovered new device: c0:98:e5:42:00:2c
1641517762.249035 ### DEBUG: connected? already connected
1641517762.249119 ### DEBUG: BLE START SCANNING called
1641517762.825850 ### RSSI: -61, 12, 1640052056 ,2924 
1641517762.825980 ### addr: c0:98:e5:42:00:2c 
1641517762.826150 ### on_adv_report outer RSSI: -61, time:1640052056 
1641517762.826221 ### DEBUG: BLE START SCANNING called
1641517762.839024 ### DEBUG: Ticks: 2925, 16, 1 
1641517762.839159 1640052056 c0:98:e5:42:00:2c 313 
1641517762.839226 492 528 546 554 559 573 582 588 596 609 609 613 615 617 626 
1641517762.839469 626 628 636 636 640 646 656 674 678 681 681 681 699 728 737 
1641517762.839569 ### DEBUG: BLE START SCANNING called
1641517763.198819 ### DEBUG: BLE START SCANNING called
1641517763.343469 ### BLE EVENT: 16, INFO: BLE CONNECTED!
1641517763.344036 ### DEBUG: BLE START SCANNING called
1641517763.344130 ### RSSI: -66, 33, 1640052056 ,2933 
1641517763.344228 ### DEBUG: BLE START SCANNING called
1641517763.440377 ### RSSI: -66, 32, 1640052056 ,2934 
1641517763.440657 ### DEBUG: BLE START SCANNING called
1641517763.538933 ### RSSI: -67, 31, 1640052056 ,2936 
1641517763.539178 ### DEBUG: BLE START SCANNING called
1641517763.648210 ### RSSI: -61, 19, 1640052056 ,2937 
1641517763.648414 ### DEBUG: BLE START SCANNING called
1641517763.744701 ### RSSI: -62, 6, 1640052056 ,2939 
1641517763.744880 ### DEBUG: BLE START SCANNING called
1641517763.819536 ### RSSI: -66, 4, 1640052057 ,2940 
1641517763.819949 ### DEBUG: BLE START SCANNING called
1641517763.844646 ### DEBUG: Ticks: 2940, 15, 1 
1641517763.845453 1640052057 c0:98:e5:42:00:2c 359 
1641517763.845953 590 602 622 624 624 625 643 651 654 676 682 693 707 713 719 
1641517763.846482 720 724 724 730 733 740 745 749 753 756 758 763 795 811 825 
1641517763.846687 ### RSSI: -66, 5, 1640052057 ,2940 
1641517763.846868 ### DEBUG: BLE START SCANNING called
1641517763.847394 ### DEBUG: BLE START SCANNING called
1641517763.919102 ### RSSI: -67, 30, 1640052057 ,2942 
1641517763.919386 ### DEBUG: BLE START SCANNING called
1641517763.943742 ### RSSI: -67, 22, 1640052057 ,2942 
1641517763.943908 ### DEBUG: BLE START SCANNING called
1641517764.032163 ### RSSI: -69, 35, 1640052057 ,2943 
1641517764.032350 ### DEBUG: BLE START SCANNING called
1641517764.045746 ### RSSI: -67, 4, 1640052057 ,2943 
1641517764.045881 ### DEBUG: BLE START SCANNING called
1641517764.127986 ### RSSI: -71, 28, 1640052057 ,2945 
1641517764.128166 ### DEBUG: BLE START SCANNING called
1641517764.139841 ### RSSI: -61, 8, 1640052057 ,2945 
1641517764.139975 ### DEBUG: BLE START SCANNING called
1641517764.196449 ### DEBUG: BLE START SCANNING called
1641517764.219260 ### RSSI: -64, 20, 1640052057 ,2946 
1641517764.219407 ### DEBUG: BLE START SCANNING called
1641517764.242423 ### RSSI: -70, 29, 1640052057 ,2947 
1641517764.242649 ### DEBUG: BLE START SCANNING called
1641517764.322317 ### RSSI: -64, 20, 1640052057 ,2948 
1641517764.322475 ### DEBUG: BLE START SCANNING called
1641517764.345737 ### RSSI: -67, 22, 1640052057 ,2948 
1641517764.346022 ### DEBUG: BLE START SCANNING called
1641517764.424189 ### RSSI: -62, 14, 1640052057 ,2949 
1641517764.424393 ### DEBUG: BLE START SCANNING called
1641517764.436901 ### RSSI: -66, 24, 1640052057 ,2950 
1641517764.447434 ### DEBUG: BLE START SCANNING called
1641517764.526496 ### RSSI: -66, 4, 1640052057 ,2951 
1641517764.526652 ### DEBUG: BLE START SCANNING called
1641517764.538260 ### RSSI: -69, 29, 1640052057 ,2951 
1641517764.538415 ### DEBUG: BLE START SCANNING called
1641517764.617657 ### RSSI: -66, 1, 1640052057 ,2953 
1641517764.627807 ### DEBUG: BLE START SCANNING called
1641517764.640645 ### RSSI: -65, 27, 1640052057 ,2953 
1641517764.640798 ### DEBUG: BLE START SCANNING called
1641517764.720877 ### RSSI: -67, 29, 1640052057 ,2954 
1641517764.721078 ### DEBUG: BLE START SCANNING called
1641517764.744393 ### RSSI: -60, 11, 1640052057 ,2954 
1641517764.744625 ### DEBUG: BLE START SCANNING called
1641517764.825725 ### RSSI: -63, 20, 1640052058 ,2956 
1641517764.825888 ### DEBUG: BLE START SCANNING called
1641517764.837555 ### DEBUG: Ticks: 2956, 16, 1 
1641517764.837967 1640052058 c0:98:e5:42:00:2c 328 
1641517764.838076 562 566 589 592 596 600 621 621 633 634 634 637 639 652 653 
1641517764.838173 655 656 663 668 669 670 672 675 676 677 682 691 720 744 779 
1641517764.838261 ### RSSI: -66, 32, 1640052058 ,2956 
1641517764.838544 ### DEBUG: BLE START SCANNING called
1641517764.838639 ### DEBUG: BLE START SCANNING called
1641517764.919160 ### RSSI: -66, 24, 1640052058 ,2957 
1641517764.919439 ### DEBUG: BLE START SCANNING called
1641517764.943770 ### RSSI: -67, 24, 1640052058 ,2958 
1641517764.944053 ### DEBUG: BLE START SCANNING called
1641517765.206361 ### DEBUG: BLE START SCANNING called
1641517765.835731 ### DEBUG: Ticks: 2972, 16, 1 
1641517765.836012 1640052059 c0:98:e5:42:00:2c 333 
1641517765.848905 562 577 593 598 602 607 609 624 629 641 647 649 652 665 666 
1641517765.849191 667 669 672 675 677 678 680 687 697 702 722 726 753 766 793 
1641517765.849375 ### DEBUG: BLE START SCANNING called
1641517765.917370 ### RSSI: -64, 6, 1640052059 ,2973 
1641517765.929359 ### DEBUG: BLE START SCANNING called
1641517765.940736 ### RSSI: -65, 5, 1640052059 ,2973 
1641517765.941022 ### DEBUG: BLE START SCANNING called
1641517766.199003 ### DEBUG: BLE START SCANNING called
1641517766.838677 ### DEBUG: Ticks: 2987, 15, 1 
1641517766.838923 1640052060 c0:98:e5:42:00:2c 286 
1641517766.839090 474 480 493 498 499 504 528 530 534 546 559 559 559 569 572 
1641517766.839264 575 578 579 584 587 590 597 607 617 633 634 659 666 687 699 
1641517766.839443 ### DEBUG: BLE START SCANNING called
1641517766.921360 ### RSSI: -60, 17, 1640052060 ,2988 
1641517766.921532 ### DEBUG: BLE START SCANNING called
1641517766.943671 ### RSSI: -61, 17, 1640052060 ,2989 
1641517766.943836 ### DEBUG: BLE START SCANNING called
1641517767.841231 ### DEBUG: Ticks: 3003, 16, 1 
1641517767.841509 1640052061 c0:98:e5:42:00:2c 368 
1641517767.841666 615 624 625 643 655 670 674 685 693 709 715 716 725 728 735 
1641517767.841769 739 741 744 747 758 759 762 762 772 778 787 816 835 838 841 
