1641517554.775425 ###RTT Client: ************************************************************ 
1641517554.775666 ###RTT Client: *               SEGGER Microcontroller GmbH                * 
1641517554.775746 ###RTT Client: *   Solutions for real time microcontroller applications   * 
1641517554.775876 ###RTT Client: ************************************************************ 
1641517554.775957 ###RTT Client: *                                                          * 
1641517554.776027 ###RTT Client: *       (c) 2012 - 2016  SEGGER Microcontroller GmbH       * 
1641517554.776097 ###RTT Client: *                                                          * 
1641517554.776167 ###RTT Client: *     www.segger.com     Support: support@segger.com       * 
1641517554.776237 ###RTT Client: *                                                          * 
1641517554.776305 ###RTT Client: ************************************************************ 
1641517554.776375 ###RTT Client: *                                                          * 
1641517554.776444 ###RTT Client: * SEGGER J-Link RTT Client   Compiled Jan 30 2018 18:46:58 * 
1641517554.776513 ###RTT Client: *                                                          * 
1641517554.776583 ###RTT Client: ************************************************************ 
1641517554.776652 
1641517554.776722 ###RTT Client: -----------------------------------------------
1641517554.776791 ###RTT Client: Connecting to J-Link RTT Server via localhost:9201  Connected.
1641517554.776860 SEGGER J-Link V6.30 - Real time terminal output
1641517554.776931 J-Link EDU Mini V1 compiled Oct  2 2020 17:00:40 V1.0, SN=801021851
1641517554.777000 Process: JLinkExe
1641517554.777070 ### DEBUG: Ticks: 11481, 16, 0 
1641517554.777139 1640051762 c0:98:e5:42:00:29 325 
1641517554.777208 -367 -353 -342 -335 -329 -327 -305 -304 -303 -303 -303 -302 -290 -290 -284 
1641517554.777277 -279 -275 -271 -267 -261 -254 -249 -246 -239 -220 -219 -193 -188 -172 -111 
1641517554.777346 ### DEBUG: Ticks: 11497, 16, 0 
1641517554.777416 1640051763 c0:98:e5:42:00:29 297 
1641517554.777485 -190 -169 -165 -119 -117 -109 -102 -98 -97 -89 -88 -86 -75 -67 -64 
1641517554.777555 -63 -59 -55 -52 -52 -49 -45 -44 -34 -31 -10 9 23 41 73 
1641517554.777624 ### DEBUG: Ticks: 11512, 15, 0 
1641517554.777693 1640051764 c0:98:e5:42:00:29 286 
1641517554.777763 -193 -176 -170 -150 -149 -146 -146 -131 -131 -122 -119 -102 -97 -97 -88 
1641517554.777832 -87 -83 -80 -78 -76 -72 -65 -64 -63 -59 -37 -33 -25 -8 17 
1641517554.777901 ### INFO: SD card flushed!
1641517554.777970 ### ERROR: Failed reading SquarePoint packet length
1641517554.778039 ### DEBUG: Ticks: 11559, 47, 0 
1641517554.778109 1640051767 c0:98:e5:42:00:29 308 
1641517554.778178 -236 -214 -203 -188 -169 -156 -148 -143 -138 -138 -135 -131 -128 -127 -126 
1641517554.778247 -121 -120 -108 -102 -101 -97 -94 -89 -85 -70 -55 -54 -53 -31 -10 
1641517554.778317 ### DEBUG: Ticks: 11575, 16, 0 
1641517554.778386 1640051768 c0:98:e5:42:00:29 347 
1641517554.778455 -267 -266 -235 -217 -209 -196 -185 -183 -178 -174 -165 -165 -153 -153 -144 
1641517554.778525 -137 -134 -133 -131 -130 -128 -125 -124 -114 -104 -103 -96 -86 -85 -84 
1641517554.778594 ### DEBUG: Ticks: 11590, 15, 0 
1641517554.778663 1640051769 c0:98:e5:42:00:29 302 
1641517554.778733 -255 -231 -215 -200 -193 -184 -174 -173 -166 -163 -162 -160 -159 -159 -156 
1641517554.778803 -155 -148 -130 -113 -112 -111 -107 -104 -104 -103 -96 -94 -91 -67 -53 
1641517554.778873 ### DEBUG: Ticks: 11606, 16, 0 
1641517554.778942 1640051770 c0:98:e5:42:00:29 340 
1641517554.779012 -319 -305 -299 -261 -241 -238 -237 -232 -221 -218 -210 -209 -207 -202 -201 
1641517554.779081 -198 -195 -194 -191 -187 -187 -186 -183 -176 -176 -166 -155 -151 -137 -119 
1641517554.779150 ### DEBUG: Ticks: 11622, 16, 0 
1641517554.779220 1640051771 c0:98:e5:42:00:29 344 
1641517554.779288 -189 -172 -164 -134 -122 -105 -102 -92 -91 -83 -82 -79 -72 -70 -68 
1641517554.779357 -67 -67 -66 -59 -55 -54 -43 -42 -41 -38 -35 -13 -2 36 65 
1641517554.779427 ### DEBUG: Ticks: 11637, 15, 0 
1641517554.779497 1640051772 c0:98:e5:42:00:29 319 
1641517554.779566 -238 -209 -192 -187 -172 -171 -144 -142 -138 -138 -137 -131 -124 -123 -121 
1641517554.779636 -120 -117 -117 -112 -111 -97 -95 -89 -85 -82 -74 -66 -43 -41 -35 
1641517554.779706 ### DEBUG: Ticks: 11653, 16, 0 
1641517554.779826 1640051773 c0:98:e5:42:00:29 247 
1641517554.779897 -367 -366 -344 -340 -315 -311 -310 -305 -295 -285 -282 -281 -281 -257 -255 
1641517554.779967 -250 -249 -243 -242 -240 -225 -209 -207 -206 -206 -203 -202 -196 -173 -169 
1641517554.780036 ### DEBUG: Ticks: 11668, 15, 0 
1641517554.780105 1640051774 c0:98:e5:42:00:29 355 
1641517554.780174 -212 -204 -196 -175 -163 -137 -127 -121 -114 -113 -93 -93 -91 -88 -82 
1641517554.780244 -69 -69 -66 -63 -59 -59 -59 -58 -56 -45 -40 -40 -26 -19 45 
1641517554.780312 ### DEBUG: Ticks: 11684, 16, 0 
1641517554.780382 1640051775 c0:98:e5:42:00:29 332 
1641517554.780451 -313 -281 -266 -262 -256 -256 -256 -251 -243 -239 -236 -233 -231 -228 -228 
1641517554.780520 -225 -219 -218 -216 -198 -183 -169 -162 -158 -150 -143 -142 -137 -133 -80 
1641517554.780590 ### DEBUG: Ticks: 11700, 16, 0 
1641517554.780659 1640051776 c0:98:e5:42:00:29 294 
1641517554.780728 -318 -311 -303 -278 -276 -275 -270 -267 -265 -261 -252 -248 -246 -237 -232 
1641517554.780799 -228 -228 -223 -220 -201 -184 -179 -177 -177 -173 -172 -168 -141 -99 -58 
1641517554.780869 ### ERROR: Failed reading SquarePoint packet length
1641517554.780938 ### DEBUG: Ticks: 11747, 47, 0 
1641517554.781007 1640051779 c0:98:e5:42:00:29 278 
1641517554.781076 -192 -192 -192 -180 -173 -169 -163 -159 -147 -139 -133 -130 -121 -119 -117 
1641517554.781145 -111 -109 -108 -104 -103 -100 -95 -95 -92 -72 -66 -45 -24 -22 0 
1641517554.781214 ### DEBUG: Ticks: 11762, 15, 0 
1641517554.781283 1640051780 c0:98:e5:42:00:29 285 
1641517554.781351 -216 -189 -184 -175 -164 -145 -136 -127 -112 -110 -107 -106 -105 -103 -102 
1641517554.781421 -101 -98 -93 -88 -87 -82 -75 -74 -68 -63 -58 -38 -30 -5 44 
1641517554.781489 ### DEBUG: Ticks: 11778, 16, 0 
1641517554.781559 1640051781 c0:98:e5:42:00:29 284 
1641517554.781628 -137 -129 -113 -108 -83 -68 -62 -61 -53 -53 -45 -44 -35 -21 -18 
1641517554.781697 -14 -11 -5 -4 -3 -2 13 17 20 24 26 34 37 45 109 
1641517554.781766 ### DEBUG: Ticks: 11793, 15, 0 
1641517554.781834 1640051782 c0:98:e5:42:00:29 377 
1641517554.781902 -271 -255 -255 -207 -195 -175 -175 -162 -162 -151 -149 -148 -143 -136 -132 
1641517554.781972 -129 -129 -119 -119 -108 -107 -106 -101 -94 -89 -88 -83 -80 -70 -55 
1641517554.782042 ### DEBUG: Ticks: 11809, 16, 0 
1641517554.782112 1640051783 c0:98:e5:42:00:29 322 
1641517554.782182 -189 -159 -158 -138 -118 -114 -111 -110 -108 -106 -105 -93 -87 -85 -81 
1641517554.782252 -78 -68 -65 -62 -60 -58 -51 -49 -30 -17 5 10 25 29 102 
1641517554.782322 ### DEBUG: Ticks: 11825, 16, 0 
1641517554.782392 1640051784 c0:98:e5:42:00:29 315 
1641517554.782460 -313 -270 -258 -235 -235 -223 -223 -208 -208 -207 -205 -189 -187 -186 -183 
1641517554.782529 -169 -165 -158 -157 -154 -154 -153 -149 -142 -139 -135 -131 -110 -76 -62 
1641517554.782598 ### DEBUG: Ticks: 11840, 15, 0 
1641517554.782667 1640051785 c0:98:e5:42:00:29 324 
1641517554.782736 -395 -377 -372 -348 -325 -323 -321 -314 -308 -306 -304 -300 -297 -293 -292 
1641517554.782806 -291 -286 -284 -273 -268 -263 -255 -237 -228 -218 -203 -174 -170 -113 -105 
1641517554.782875 ### DEBUG: Ticks: 11856, 16, 0 
1641517554.782944 1640051786 c0:98:e5:42:00:29 272 
1641517554.783013 -324 -323 -292 -288 -284 -263 -260 -258 -257 -256 -252 -248 -243 -238 -232 
1641517554.783082 -229 -227 -223 -221 -213 -202 -189 -182 -179 -171 -158 -131 -120 -50 -34 
1641517554.783151 ### DEBUG: Ticks: 11872, 16, 0 
1641517554.783221 1640051787 c0:98:e5:42:00:29 289 
1641517554.783291 -284 -265 -262 -247 -244 -234 -226 -226 -223 -223 -220 -214 -206 -194 -193 
1641517554.783360 -188 -186 -182 -179 -177 -173 -160 -156 -135 -132 -131 -124 -119 -72 -68 
1641517554.783429 ### ERROR: Failed reading SquarePoint packet length
1641517554.783498 ### DEBUG: Ticks: 11918, 46, 0 
1641517554.783568 1640051790 c0:98:e5:42:00:29 313 
1641517554.783637 -300 -272 -232 -224 -220 -205 -204 -182 -181 -180 -175 -173 -165 -164 -163 
1641517554.783707 -163 -159 -141 -140 -128 -123 -121 -116 -113 -111 -109 -100 -99 -99 -72 
1641517554.783813 ### DEBUG: Ticks: 11934, 16, 0 
1641517554.783883 1640051791 c0:98:e5:42:00:29 378 
1641517554.783952 -310 -301 -265 -258 -250 -237 -235 -234 -231 -227 -224 -221 -216 -206 -206 
1641517554.784021 -204 -202 -199 -197 -196 -196 -186 -170 -153 -149 -139 -137 -114 -60 -49 
1641517554.784090 ### DEBUG: Ticks: 11950, 16, 0 
1641517554.784159 1640051792 c0:98:e5:42:00:29 310 
1641517554.784228 -156 -149 -111 -105 -102 -90 -87 -85 -65 -56 -56 -52 -47 -43 -41 
1641517554.784298 -37 -32 -27 -19 -16 -15 -14 -14 28 30 39 52 55 70 99 
1641517554.784367 ### DEBUG: Ticks: 11965, 15, 0 
1641517554.784436 1640051793 c0:98:e5:42:00:29 307 
1641517554.784506 -229 -206 -206 -184 -181 -165 -162 -154 -134 -130 -116 -112 -106 -106 -96 
1641517554.784574 -94 -92 -91 -89 -84 -83 -71 -61 -57 -53 -52 -46 -35 11 37 
1641517554.784643 ### DEBUG: Ticks: 11981, 16, 0 
1641517554.784712 1640051794 c0:98:e5:42:00:29 337 
1641517554.784782 -144 -116 -100 -100 -94 -93 -91 -80 -79 -77 -56 -50 -48 -44 -43 
1641517554.784851 -39 -38 -34 -33 -33 -32 -30 -25 -11 -3 0 21 24 36 57 
1641517554.784921 ### DEBUG: Ticks: 11996, 15, 0 
1641517554.784991 1640051795 c0:98:e5:42:00:29 281 
1641517554.785061 -158 -157 -115 -94 -86 -79 -78 -74 -72 -68 -66 -59 -58 -53 -35 
1641517554.785130 -28 -27 -24 -24 -24 -21 -20 -19 -5 -1 0 15 26 38 132 
1641517554.785199 ### DEBUG: Ticks: 12012, 16, 0 
1641517554.785269 1640051796 c0:98:e5:42:00:29 306 
1641517554.785338 -375 -362 -350 -344 -342 -340 -330 -327 -320 -316 -311 -302 -295 -292 -286 
1641517554.785407 -285 -280 -275 -275 -274 -261 -257 -237 -232 -218 -201 -191 -168 -142 -129 
1641517554.785476 ### DEBUG: Ticks: 12028, 16, 0 
1641517554.785546 1640051797 c0:98:e5:42:00:29 332 
1641517554.785614 -253 -228 -219 -207 -203 -199 -195 -194 -184 -179 -177 -159 -157 -155 -150 
1641517554.785684 -150 -149 -146 -137 -134 -122 -110 -100 -95 -93 -81 -72 -63 -59 -41 
1641517554.785753 ### DEBUG: Ticks: 12043, 15, 0 
1641517554.785823 1640051798 c0:98:e5:42:00:29 334 
1641517554.785892 -271 -268 -255 -232 -231 -197 -197 -193 -187 -187 -183 -181 -173 -172 -160 
1641517554.785961 -159 -157 -152 -148 -144 -142 -142 -142 -127 -117 -113 -107 -96 -83 -49 
1641517554.786030 ### ERROR: Failed reading SquarePoint packet length
1641517554.786100 ### DEBUG: Ticks: 12090, 47, 0 
1641517554.786169 1640051801 c0:98:e5:42:00:29 288 
1641517554.786239 -158 -155 -130 -128 -115 -110 -105 -85 -68 -67 -64 -59 -50 -34 -32 
1641517554.786308 -27 -25 -21 -20 -16 -16 -13 -3 -2 0 8 13 20 24 72 
1641517554.786397 ### DEBUG: Ticks: 12106, 16, 0 
1641517554.786467 1640051802 c0:98:e5:42:00:29 309 
1641517554.786537 -274 -264 -261 -227 -221 -216 -202 -198 -189 -176 -174 -163 -160 -159 -159 
1641517554.786606 -152 -151 -150 -148 -148 -143 -141 -140 -131 -120 -114 -102 -81 -79 -68 
1641517554.786676 ### DEBUG: Ticks: 12121, 15, 0 
1641517554.786746 1640051803 c0:98:e5:42:00:29 320 
1641517554.786815 -163 -148 -132 -114 -105 -90 -87 -84 -84 -83 -79 -70 -64 -54 -53 
1641517554.786884 -42 -41 -40 -36 -32 -31 -29 -23 -21 -20 -13 19 22 45 96 
1641517554.786953 ### DEBUG: Ticks: 12137, 16, 0 
1641517554.787022 1640051804 c0:98:e5:42:00:29 349 
1641517554.787092 -302 -287 -272 -267 -259 -217 -214 -208 -207 -201 -201 -198 -195 -194 -190 
1641517554.787162 -180 -178 -172 -168 -161 -158 -157 -148 -138 -120 -115 -115 -112 -81 -32 
1641517554.787231 ### DEBUG: Ticks: 12153, 16, 0 
1641517554.787301 1640051805 c0:98:e5:42:00:29 285 
1641517554.787371 -396 -355 -352 -321 -316 -310 -301 -295 -294 -293 -288 -286 -284 -260 -258 
1641517554.787441 -252 -252 -252 -247 -245 -237 -232 -229 -227 -221 -221 -194 -170 -155 -129 
1641517554.787511 ### DEBUG: Ticks: 12168, 15, 0 
1641517554.787581 1640051806 c0:98:e5:42:00:29 352 
1641517554.787650 -341 -338 -337 -327 -323 -320 -319 -312 -305 -297 -291 -287 -282 -265 -261 
1641517554.787720 -260 -258 -252 -242 -240 -234 -232 -223 -218 -210 -193 -192 -155 -142 -119 
1641517554.787835 ### DEBUG: Ticks: 12184, 16, 0 
1641517554.787904 1640051807 c0:98:e5:42:00:29 290 
1641517554.787973 -268 -250 -246 -236 -223 -215 -202 -192 -180 -179 -178 -166 -159 -157 -153 
1641517554.788042 -149 -147 -147 -140 -139 -134 -120 -119 -117 -111 -111 -110 -104 -95 -79 
1641517554.788081 ### DEBUG: Ticks: 12200, 16, 0 
1641517554.788120 1640051808 c0:98:e5:42:00:29 262 
1641517554.788158 -234 -224 -190 -183 -176 -165 -157 -156 -143 -142 -139 -138 -138 -137 -120 
1641517554.788197 -120 -116 -116 -110 -106 -106 -93 -89 -88 -86 -86 -61 -50 -25 50 
1641517554.788235 ### DEBUG: Ticks: 12215, 15, 0 
1641517554.788274 1640051809 c0:98:e5:42:00:29 326 
1641517554.788313 -306 -298 -285 -279 -277 -260 -259 -256 -255 -238 -234 -231 -225 -225 -218 
1641517554.788351 -217 -215 -207 -201 -194 -176 -174 -172 -169 -164 -150 -141 -140 -111 -109 
1641517554.788390 ### ERROR: Failed reading SquarePoint packet length
1641517554.788428 ### DEBUG: Ticks: 12262, 47, 0 
1641517554.788466 1640051812 c0:98:e5:42:00:29 344 
1641517554.788505 -255 -242 -226 -214 -193 -189 -187 -185 -173 -167 -163 -161 -159 -156 -153 
1641517554.788543 -146 -143 -143 -137 -136 -123 -112 -111 -110 -109 -92 -89 -84 -72 -70 
1641517554.788582 ### DEBUG: Ticks: 12278, 16, 0 
1641517554.788620 1640051813 c0:98:e5:42:00:29 365 
1641517554.788659 -167 -146 -133 -129 -127 -92 -91 -84 -77 -74 -72 -68 -57 -56 -51 
1641517554.788697 -44 -37 -34 -31 -29 -18 -17 -8 -6 -5 1 16 43 69 131 
1641517554.788735 ### DEBUG: Ticks: 12293, 15, 0 
1641517554.788774 1640051814 c0:98:e5:42:00:29 310 
1641517554.788813 -192 -187 -184 -182 -176 -165 -164 -163 -156 -154 -148 -146 -143 -139 -136 
1641517554.788852 -128 -124 -123 -117 -115 -112 -98 -93 -86 -64 -63 -61 -30 -24 22 
1641517554.788891 ### INFO: SD card flushed!
1641517554.788929 ### DEBUG: Ticks: 12309, 16, 0 
1641517554.788967 1640051815 c0:98:e5:42:00:29 315 
1641517554.789005 -211 -200 -180 -169 -166 -160 -160 -159 -159 -158 -135 -134 -133 -125 -120 
1641517554.789044 -118 -110 -109 -101 -98 -73 -62 -48 -46 -39 -25 -8 -4 0 81 
1641517554.789097 ### DEBUG: Ticks: 12324, 15, 0 
1641517554.789158 1640051816 c0:98:e5:42:00:29 323 
1641517554.789219 -213 -183 -170 -166 -166 -165 -152 -148 -144 -139 -134 -131 -131 -127 -115 
1641517554.789280 -113 -113 -109 -92 -80 -74 -72 -70 -66 -63 -39 -18 -2 21 43 
1641517554.789340 ### DEBUG: Ticks: 12340, 16, 0 
1641517554.789402 1640051817 c0:98:e5:42:00:29 326 
1641517554.789462 -101 -93 -87 -57 -56 -40 -32 -29 -14 -13 -4 -4 3 4 9 
1641517554.789524 14 24 26 26 28 29 41 65 80 104 107 116 181 197 231 
1641517554.789586 ### DEBUG: Ticks: 12418, 78, 0 
1641517554.789645 1640051822 ### STOPPED, setting module to STOPPED
1641517554.789684 ### INFO: Switched Scheduler EUI from c0:98:e5:42:00:2c to 00:00:00:00:00:00
1641517554.789722 ### INFO: SD card flushed!
1641517554.789761 ### DEBUG: BLE START SCANNING called
1641517554.789799 ### DEBUG: BLE START SCANNING called
1641517554.789838 ### DEBUG: BLE START SCANNING called
1641517554.789876 ### DEBUG: BLE START SCANNING called
1641517554.789914 ### DEBUG: BLE START SCANNING called
1641517554.789953 ### DEBUG: BLE START SCANNING called
1641517554.789991 ### addr: c0:98:e5:42:00:29 
1641517554.790030 ### on_adv_report outer RSSI: -69, time:1640051824 
1641517554.790068 ### INFO: Discovered new device: c0:98:e5:42:00:29
1641517554.790107 ### INFO: Switched Scheduler EUI from 00:00:00:00:00:00 to c0:98:e5:42:00:2c
1641517554.790145 ### INFO: Starting the SquarePoint module...
1641517554.790184 ### INFO: Starting SquarePoint module as SCHEDULER with timestamp 1640051824
1641517554.790222 ### DEBUG: BLE STOP SCANNING called
1641517554.790261 ### INFO: SquarePoint module successfully started!
1641517554.790299 ### DEBUG: Ticks: 12441, 23, 0 
1641517554.790337 1640051825 ### ERROR: Failed reading SquarePoint packet length
1641517554.790376 ### ERROR: Failed reading SquarePoint packet length
1641517554.790415 ### DEBUG: Ticks: 12521, 80, 0 
1641517554.790453 1640051830 c0:98:e5:42:00:29 304 
1641517554.790492 -286 -280 -219 -215 -211 -210 -209 -199 -198 -197 -192 -188 -187 -183 -183 
1641517554.790531 -182 -181 -179 -177 -162 -162 -158 -154 -143 -140 -133 -116 -88 -87 -72 
1641517554.790569 ### DEBUG: Ticks: 12536, 15, 0 
1641517554.790607 1640051831 c0:98:e5:42:00:29 310 
1641517554.790646 -270 -260 -258 -247 -229 -201 -200 -196 -196 -194 -188 -180 -174 -168 -166 
1641517554.790684 -164 -162 -158 -158 -154 -152 -131 -130 -125 -123 -121 -117 -113 -75 1 
1641517554.790723 ### DEBUG: Ticks: 12552, 16, 0 
1641517554.790762 1640051832 c0:98:e5:42:00:29 241 
1641517554.790800 -231 -210 -180 -179 -175 -173 -171 -170 -160 -155 -149 -144 -135 -127 -126 
1641517554.790838 -111 -111 -109 -101 -99 -98 -97 -96 -73 -62 -53 -48 -46 -42 34 
1641517554.790877 ### DEBUG: Ticks: 12568, 16, 0 
1641517554.790916 1640051833 c0:98:e5:42:00:29 266 
1641517554.790955 -150 -146 -144 -143 -133 -131 -124 -116 -110 -110 -105 -101 -99 -96 -95 
1641517554.790994 -72 -71 -67 -65 -63 -59 -51 -39 -33 -28 -13 -11 -8 24 65 
1641517554.791033 ### DEBUG: Ticks: 12583, 15, 0 
1641517554.791071 1640051834 c0:98:e5:42:00:29 262 
1641517554.791109 -348 -272 -267 -247 -245 -233 -230 -228 -227 -218 -217 -215 -211 -211 -210 
1641517554.791148 -206 -202 -198 -193 -189 -189 -178 -157 -155 -151 -149 -142 -137 -127 -122 
1641517554.791186 ### DEBUG: Ticks: 12599, 16, 0 
1641517554.791225 1640051835 c0:98:e5:42:00:29 323 
1641517554.791264 -321 -314 -302 -264 -263 -255 -251 -246 -242 -239 -233 -224 -220 -209 -207 
1641517554.791302 -201 -201 -201 -197 -195 -193 -186 -160 -159 -158 -158 -157 -133 -112 -98 
1641517554.791341 ### BLE EVENT: 16, INFO: BLE CONNECTED!
1641517554.791381 ### RSSI: -62, 3, 1640051836 ,12613 
1641517554.791420 ### DEBUG: Ticks: 12614, 15, 0 
1641517554.791459 1640051836 c0:98:e5:42:00:29 267 
1641517554.791498 -288 -274 -270 -265 -262 -248 -238 -233 -221 -219 -204 -203 -191 -189 -187 
1641517554.791536 -185 -183 -182 -181 -174 -174 -163 -162 -158 -148 -141 -141 -103 -69 -53 
1641517554.791575 ### RSSI: -66, 27, 1640051837 ,12615 
1641517554.791613 ### RSSI: -58, 9, 1640051837 ,12616 
1641517554.791652 ### RSSI: -60, 19, 1640051837 ,12618 
1641517554.791690 ### RSSI: -63, 25, 1640051837 ,12619 
1641517554.791729 ### RSSI: -66, 35, 1640051837 ,12621 
1641517554.791796 ### RSSI: -63, 26, 1640051837 ,12622 
1641517554.791835 ### RSSI: -67, 29, 1640051837 ,12624 
1641517554.791873 ### RSSI: -63, 24, 1640051837 ,12625 
1641517554.791926 ### RSSI: -59, 6, 1640051837 ,12627 
1641517554.791988 ### RSSI: -63, 31, 1640051837 ,12629 
1641517554.792050 ### DEBUG: Ticks: 12630, 16, 0 
1641517554.792110 1640051837 c0:98:e5:42:00:29 307 
1641517554.792171 -215 -191 -180 -176 -158 -151 -146 -140 -129 -125 -120 -118 -113 -106 -105 
1641517554.792230 -92 -89 -88 -87 -86 -80 -78 -70 -54 -53 -42 -39 -37 -28 -3 
1641517554.792268 ### RSSI: -63, 25, 1640051837 ,12630 
1641517554.792307 ### RSSI: -63, 23, 1640051837 ,12632 
1641517554.792345 ### RSSI: -58, 16, 1640051837 ,12633 
1641517554.792384 ### RSSI: -64, 30, 1640051837 ,12635 
1641517554.792422 ### RSSI: -64, 5, 1640051837 ,12636 
1641517554.792461 ### RSSI: -62, 24, 1640051837 ,12638 
1641517554.792499 ### DEBUG: Ticks: 12646, 16, 0 
1641517554.792538 1640051838 c0:98:e5:42:00:29 389 
1641517554.792576 -260 -230 -217 -198 -192 -179 -170 -169 -162 -161 -156 -153 -143 -142 -142 
1641517554.792615 -135 -127 -122 -121 -117 -114 -87 -87 -85 -81 -81 -80 -60 -59 -56 
1641517554.792654 ### RSSI: -64, 29, 1640051838 ,12654 
1641517554.792692 ### ERROR: Failed reading SquarePoint packet length
1641517554.792730 ### RSSI: -65, 35, 1640051839 ,12669 
1641517554.792769 ### RSSI: -60, 13, 1640051840 ,12685 
1641517554.792807 ### DEBUG: Ticks: 12693, 47, 0 
1641517554.792845 1640051841 c0:98:e5:42:00:29 312 
1641517554.792884 -299 -297 -262 -255 -249 -247 -243 -236 -232 -231 -227 -211 -195 -194 -193 
1641517554.792922 -186 -186 -183 -178 -175 -175 -174 -162 -158 -151 -137 -111 -100 -85 -28 
1641517554.792961 ### RSSI: -64, 34, 1640051841 ,12700 
1641517554.792999 ### DEBUG: Ticks: 12708, 15, 0 
1641517554.793037 1640051842 c0:98:e5:42:00:29 304 
1641517554.793076 -334 -304 -302 -297 -291 -283 -259 -252 -243 -240 -239 -237 -234 -232 -232 
1641517554.793115 -226 -223 -223 -211 -205 -194 -190 -190 -188 -184 -171 -152 -151 -145 -103 
1641517554.793153 ### RSSI: -63, 22, 1640051842 ,12716 
1641517554.793191 ### DEBUG: Ticks: 12724, 16, 0 
1641517554.793229 1640051843 c0:98:e5:42:00:29 311 
1641517554.793268 -204 -201 -189 -151 -151 -150 -113 -112 -111 -109 -107 -101 -100 -97 -95 
1641517554.793306 -85 -83 -81 -72 -70 -65 -65 -59 -59 -51 -49 -36 -30 -29 4 
1641517554.793345 ### RSSI: -64, 1, 1640051843 ,12732 
1641517554.793383 ### DEBUG: Ticks: 12739, 15, 0 
1641517554.793422 1640051844 c0:98:e5:42:00:29 303 
1641517554.793461 -211 -174 -157 -155 -151 -146 -112 -109 -98 -96 -95 -94 -86 -85 -82 
1641517554.793499 -69 -60 -56 -46 -40 -37 -34 -31 -25 -22 -20 -19 0 18 30 
1641517554.793538 ### RSSI: -65, 32, 1640051844 ,12747 
1641517554.793577 ### DEBUG: Ticks: 12755, 16, 0 
1641517554.793615 1640051845 c0:98:e5:42:00:29 301 
1641517554.793653 -306 -281 -267 -259 -258 -254 -241 -237 -225 -223 -217 -215 -213 -207 -203 
1641517554.793691 -202 -198 -193 -189 -180 -177 -169 -164 -161 -158 -153 -151 -144 -133 -132 
1641517554.793729 ### RSSI: -59, 19, 1640051845 ,12763 
1641517554.793768 ### DEBUG: Ticks: 12771, 16, 0 
1641517554.793806 1640051846 c0:98:e5:42:00:29 282 
1641517554.793845 -120 -116 -91 -78 -74 -68 -54 -39 -26 -21 -20 -20 -20 -19 -13 
1641517554.793883 -10 0 0 5 5 5 21 21 28 32 37 43 67 69 93 
1641517554.793921 ### RSSI: -62, 23, 1640051846 ,12779 
1641517554.793960 ### DEBUG: Ticks: 12786, 15, 0 
1641517554.794000 1640051847 c0:98:e5:42:00:29 364 
1641517554.794045 -165 -160 -155 -145 -141 -114 -110 -103 -100 -96 -91 -90 -89 -83 -81 
1641517554.794083 -71 -66 -66 -64 -61 -57 -55 -45 -45 -43 -40 -22 -16 -12 -11 
1641517554.794122 ### RSSI: -63, 1, 1640051847 ,12794 
1641517554.830983 ### DEBUG: Ticks: 12802, 16, 0 
1641517554.831372 1640051848 c0:98:e5:42:00:29 303 
1641517554.843060 -139 -131 -117 -68 -64 -57 -47 -47 -45 -43 -36 -35 -35 -30 -30 
1641517554.843342 -28 -16 -15 -15 -10 -6 -2 9 11 47 47 47 66 85 162 
1641517555.334605 ### RSSI: -66, 35, 1640051849 ,12810 
1641517555.837047 ### DEBUG: Ticks: 12818, 16, 0 
1641517555.837333 1640051849 c0:98:e5:42:00:29 297 
1641517555.837523 -229 -220 -217 -215 -190 -187 -170 -165 -159 -137 -134 -134 -132 -120 -117 
1641517555.837710 -116 -115 -107 -106 -101 -98 -94 -92 -81 -78 -75 -67 -64 -53 -37 
1641517556.334396 ### RSSI: -62, 26, 1640051850 ,12825 
1641517556.833401 ### ERROR: Failed reading SquarePoint packet length
1641517557.340184 ### RSSI: -65, 32, 1640051851 ,12841 
1641517558.332808 ### RSSI: -67, 0, 1640051852 ,12857 
1641517558.832005 ### DEBUG: Ticks: 12864, 46, 0 
1641517558.832290 1640051852 c0:98:e5:42:00:29 315 
1641517558.832481 -382 -381 -369 -323 -316 -313 -302 -293 -292 -292 -291 -288 -284 -281 -277 
1641517558.844021 -277 -276 -261 -256 -251 -248 -245 -242 -233 -233 -224 -215 -211 -211 -175 
1641517559.342475 ### RSSI: -68, 2, 1640051853 ,12872 
1641517559.837517 ### DEBUG: Ticks: 12880, 16, 0 
1641517559.837813 1640051853 c0:98:e5:42:00:29 296 
1641517559.838006 -254 -241 -226 -224 -195 -194 -185 -177 -173 -171 -167 -166 -164 -164 -163 
1641517559.838189 -157 -150 -148 -140 -138 -136 -119 -118 -111 -106 -101 -81 -78 -19 -15 
1641517560.333898 ### RSSI: -65, 4, 1640051854 ,12888 
1641517560.835362 ### DEBUG: Ticks: 12896, 16, 0 
1641517560.835648 1640051854 c0:98:e5:42:00:29 283 
1641517560.835921 -266 -250 -245 -243 -243 -211 -197 -192 -190 -187 -186 -185 -174 -168 -167 
1641517560.836107 -160 -158 -154 -152 -148 -143 -133 -125 -122 -118 -117 -100 -93 -92 -77 
1641517561.338084 ### RSSI: -59, 14, 1640051855 ,12903 
1641517561.831311 ### DEBUG: Ticks: 12911, 15, 0 
1641517561.831596 1640051855 c0:98:e5:42:00:29 306 
1641517561.831863 -235 -201 -192 -180 -156 -144 -139 -128 -127 -122 -121 -116 -114 -111 -110 
1641517561.832050 -94 -93 -88 -84 -79 -75 -70 -68 -66 -65 -58 -57 -34 -26 -21 
1641517562.338184 ### RSSI: -60, 14, 1640051856 ,12919 
1641517562.831490 ### DEBUG: Ticks: 12927, 16, 0 
1641517562.831838 1640051856 c0:98:e5:42:00:29 330 
1641517562.832019 -234 -184 -177 -173 -153 -145 -137 -118 -117 -110 -107 -106 -104 -99 -97 
1641517562.843558 -90 -77 -75 -74 -72 -65 -62 -35 -33 -24 -20 -18 -15 1 25 
1641517563.335510 ### RSSI: -62, 25, 1640051857 ,12935 
1641517563.831951 ### DEBUG: Ticks: 12942, 15, 0 
1641517563.832237 1640051857 c0:98:e5:42:00:29 336 
1641517563.832429 -219 -204 -196 -138 -135 -132 -119 -106 -104 -102 -94 -94 -93 -91 -84 
1641517563.842880 -77 -77 -76 -72 -66 -65 -63 -60 -41 -38 -31 -16 -11 3 19 
1641517564.343826 ### RSSI: -58, 18, 1640051858 ,12950 
1641517564.832985 ### DEBUG: Ticks: 12958, 16, 0 
1641517564.833274 1640051858 c0:98:e5:42:00:29 331 
1641517564.833468 -239 -227 -224 -196 -186 -179 -171 -168 -155 -154 -144 -143 -141 -140 -139 
1641517564.833654 -137 -131 -125 -120 -105 -100 -98 -95 -94 -91 -89 -81 -54 -45 -39 
1641517565.332302 ### RSSI: -59, 8, 1640051859 ,12966 
1641517565.832389 ### DEBUG: Ticks: 12974, 16, 0 
1641517565.832679 1640051859 c0:98:e5:42:00:29 284 
1641517565.832860 -291 -280 -278 -262 -260 -237 -217 -216 -216 -208 -208 -207 -205 -203 -201 
1641517565.833046 -190 -188 -188 -185 -181 -181 -178 -167 -156 -156 -156 -146 -132 -126 -124 
1641517566.341588 ### RSSI: -57, 16, 1640051860 ,12982 
1641517566.838429 ### DEBUG: Ticks: 12989, 15, 0 
1641517566.838710 1640051860 c0:98:e5:42:00:29 285 
1641517566.838901 -194 -181 -179 -175 -172 -160 -143 -142 -134 -107 -105 -91 -90 -89 -86 
1641517566.839087 -77 -75 -72 -71 -58 -58 -55 -48 -43 -42 -22 -19 -17 -17 7 
1641517567.338157 ### RSSI: -68, 29, 1640051861 ,12997 
1641517567.834825 ### ERROR: Failed reading SquarePoint packet length
1641517568.335130 ### RSSI: -67, 28, 1640051862 ,13013 
1641517569.335456 ### RSSI: -59, 18, 1640051863 ,13028 
1641517569.836147 ### DEBUG: Ticks: 13036, 47, 0 
1641517569.836430 1640051863 c0:98:e5:42:00:29 297 
1641517569.836622 -256 -237 -210 -204 -182 -179 -177 -154 -154 -153 -149 -149 -145 -143 -134 
1641517569.836807 -132 -128 -128 -128 -126 -124 -121 -121 -120 -110 -102 -87 -83 -72 -70 
1641517570.334815 ### RSSI: -61, 20, 1640051863 ,13044 
1641517570.830968 ### DEBUG: Ticks: 13052, 16, 0 
1641517570.831259 1640051864 c0:98:e5:42:00:29 272 
1641517570.831437 -159 -144 -124 -123 -106 -98 -93 -90 -80 -73 -65 -57 -56 -45 -41 
1641517570.831620 -32 -30 -28 -27 -21 -20 -12 -5 0 0 9 18 25 43 85 
1641517571.342075 ### RSSI: -59, 17, 1640051864 ,13060 
1641517571.833162 ### DEBUG: Ticks: 13067, 15, 0 
1641517571.833448 1640051865 c0:98:e5:42:00:29 382 
1641517571.833638 -185 -160 -152 -142 -124 -116 -113 -110 -105 -88 -84 -82 -71 -68 -68 
1641517571.833821 -68 -65 -63 -52 -50 -48 -39 -36 -27 -15 -4 0 3 10 96 
1641517572.338639 ### RSSI: -66, 6, 1640051865 ,13075 
1641517572.831857 ### DEBUG: Ticks: 13083, 16, 0 
1641517572.832320 1640051866 c0:98:e5:42:00:29 255 
1641517572.842705 -344 -317 -307 -264 -257 -255 -253 -247 -242 -241 -235 -233 -232 -222 -222 
1641517572.843066 -220 -219 -219 -217 -216 -209 -204 -180 -176 -173 -158 -158 -151 -92 -55 
1641517573.342742 ### RSSI: -60, 15, 1640051866 ,13091 
1641517573.840304 ### DEBUG: Ticks: 13099, 16, 0 
1641517573.840586 1640051867 c0:98:e5:42:00:29 360 
1641517573.840804 -253 -206 -194 -172 -169 -168 -166 -149 -144 -130 -123 -117 -114 -108 -108 
1641517573.840989 -107 -103 -102 -98 -97 -96 -83 -70 -53 -52 -42 -37 -20 -17 19 
1641517574.341651 ### RSSI: -65, 22, 1640051867 ,13107 
1641517574.832556 ### DEBUG: Ticks: 13114, 15, 0 
1641517574.832842 1640051868 c0:98:e5:42:00:29 338 
1641517574.833033 -269 -264 -221 -219 -213 -204 -190 -187 -186 -161 -158 -152 -151 -150 -144 
1641517574.833217 -143 -139 -139 -133 -124 -119 -112 -106 -106 -97 -97 -96 -95 -93 -64 
1641517575.338063 ### RSSI: -64, 21, 1640051868 ,13122 
1641517575.834354 ### DEBUG: Ticks: 13130, 16, 0 
1641517575.834639 1640051869 c0:98:e5:42:00:29 318 
1641517575.834829 -283 -271 -257 -254 -226 -217 -215 -209 -206 -201 -198 -195 -192 -190 -185 
1641517575.835013 -182 -170 -165 -164 -162 -162 -157 -155 -151 -145 -128 -127 -110 -30 -9 
1641517576.195421 ### INFO: SD card flushed!
1641517576.833450 ### DEBUG: Ticks: 13146, 16, 0 
1641517576.833748 1640051870 c0:98:e5:42:00:29 278 
1641517576.833928 -280 -241 -225 -222 -215 -208 -205 -185 -181 -180 -180 -167 -161 -158 -158 
1641517576.834114 -153 -152 -149 -145 -141 -141 -140 -140 -140 -139 -138 -128 -124 -111 -104 
1641517577.838886 ### DEBUG: Ticks: 13161, 15, 0 
1641517577.839179 1640051871 c0:98:e5:42:00:29 324 
1641517577.839358 -279 -269 -242 -236 -233 -228 -224 -195 -193 -192 -189 -187 -184 -180 -180 
1641517577.839543 -178 -173 -171 -167 -160 -159 -149 -142 -139 -135 -130 -129 -126 -112 -89 
1641517578.826434 ### ERROR: Failed reading SquarePoint packet length
1641517579.440941 ### BLE EVENT: 17, INFO: BLE DISCONNECTED!
1641517579.499216 ### BLE EVENT: 16, INFO: BLE CONNECTED!
1641517579.499501 ### RSSI: -66, 23, 1640051873 ,13187 
1641517579.600934 ### RSSI: -63, 6, 1640051873 ,13189 
1641517579.703268 ### RSSI: -63, 31, 1640051873 ,13190 
1641517579.792529 ### RSSI: -66, 36, 1640051873 ,13192 
1641517579.896082 ### RSSI: -65, 21, 1640051873 ,13193 
1641517579.999599 ### RSSI: -65, 6, 1640051873 ,13195 
1641517580.101498 ### RSSI: -63, 26, 1640051873 ,13197 
1641517580.191361 ### RSSI: -67, 27, 1640051873 ,13198 
1641517580.292999 ### RSSI: -67, 28, 1640051874 ,13200 
1641517580.395142 ### RSSI: -57, 17, 1640051874 ,13201 
1641517580.496823 ### RSSI: -58, 10, 1640051874 ,13203 
1641517580.599594 ### RSSI: -60, 13, 1640051874 ,13204 
1641517580.699486 ### RSSI: -65, 21, 1640051874 ,13206 
1641517580.801002 ### RSSI: -59, 9, 1640051874 ,13207 
1641517580.838160 ### DEBUG: Ticks: 13208, 47, 0 
1641517580.838447 1640051874 c0:98:e5:42:00:29 277 
1641517580.838640 -311 -309 -299 -271 -250 -250 -245 -238 -234 -231 -224 -224 -224 -224 -220 
1641517580.838852 -217 -217 -217 -215 -208 -203 -196 -187 -184 -182 -163 -163 -156 -156 -109 
1641517580.896546 ### RSSI: -65, 5, 1640051874 ,13209 
1641517580.998047 ### RSSI: -70, 2, 1640051874 ,13211 
1641517581.100562 ### RSSI: -60, 15, 1640051874 ,13212 
1641517581.837747 ### DEBUG: Ticks: 13224, 16, 0 
1641517581.838031 1640051875 c0:98:e5:42:00:29 340 
1641517581.838224 -269 -252 -239 -237 -221 -217 -209 -207 -199 -183 -176 -175 -172 -167 -166 
1641517581.838409 -166 -161 -160 -150 -146 -137 -136 -118 -115 -112 -110 -110 -110 -71 -56 
1641517582.098394 ### RSSI: -61, 20, 1640051875 ,13228 
1641517582.831814 ### DEBUG: Ticks: 13239, 15, 0 
1641517582.832221 1640051876 c0:98:e5:42:00:29 294 
1641517582.832413 -168 -158 -157 -141 -135 -129 -122 -119 -119 -109 -103 -99 -92 -85 -84 
1641517582.832597 -82 -81 -73 -70 -59 -58 -53 -39 -26 -25 -23 -12 -10 -6 58 
1641517583.096921 ### RSSI: -66, 35, 1640051876 ,13243 
1641517583.839619 ### DEBUG: Ticks: 13255, 16, 0 
1641517583.839959 1640051877 c0:98:e5:42:00:29 374 
1641517583.840141 -280 -276 -275 -252 -232 -228 -221 -220 -202 -195 -194 -191 -185 -185 -184 
1641517583.840371 -182 -181 -179 -170 -168 -160 -156 -155 -152 -147 -146 -121 -117 -25 -21 
1641517584.099550 ### RSSI: -63, 21, 1640051877 ,13259 
1641517584.836248 ### DEBUG: Ticks: 13270, 15, 0 
1641517584.836621 1640051878 c0:98:e5:42:00:29 341 
1641517584.836803 -320 -264 -261 -253 -250 -244 -236 -226 -225 -213 -212 -206 -202 -202 -200 
1641517584.836987 -188 -184 -183 -181 -171 -170 -154 -153 -148 -144 -138 -131 -101 -95 -81 
1641517585.098509 ### RSSI: -58, 16, 1640051879 ,13275 
1641517585.834173 ### DEBUG: Ticks: 13286, 16, 0 
1641517585.834459 1640051879 c0:98:e5:42:00:29 257 
1641517585.834650 -333 -329 -319 -303 -278 -278 -277 -275 -275 -262 -258 -258 -241 -240 -238 
1641517585.834835 -232 -232 -231 -218 -213 -210 -209 -205 -199 -184 -180 -170 -167 -167 -133 
1641517586.099099 ### RSSI: -62, 25, 1640051880 ,13290 
1641517586.839705 ### DEBUG: Ticks: 13302, 16, 0 
1641517586.840044 1640051880 c0:98:e5:42:00:29 292 
1641517586.840235 -410 -376 -360 -355 -346 -338 -324 -306 -299 -296 -295 -293 -283 -283 -278 
1641517586.840421 -277 -272 -270 -264 -263 -238 -237 -233 -230 -227 -218 -211 -183 -175 -156 
1641517587.098134 ### RSSI: -59, 9, 1640051881 ,13306 
1641517587.839061 ### DEBUG: Ticks: 13317, 15, 0 
1641517587.839343 1640051881 c0:98:e5:42:00:29 302 
1641517587.839535 -160 -147 -126 -102 -91 -89 -88 -76 -68 -68 -65 -63 -52 -52 -51 
1641517587.839721 -47 -46 -45 -43 -40 -33 -18 -15 -15 0 20 35 42 50 97 
1641517588.099680 ### RSSI: -72, 2, 1640051882 ,13321 
1641517588.833686 ### DEBUG: Ticks: 13333, 16, 0 
1641517588.833973 1640051882 c0:98:e5:42:00:29 271 
1641517588.834155 -170 -148 -137 -135 -125 -120 -102 -97 -95 -92 -83 -78 -78 -76 -67 
1641517588.834340 -64 -64 -57 -53 -50 -36 -36 -34 -33 -29 -22 -13 -10 -1 8 
1641517589.099546 ### RSSI: -59, 8, 1640051883 ,13337 
1641517589.834522 ### ERROR: Failed reading SquarePoint packet length
1641517590.100282 ### RSSI: -65, 27, 1640051884 ,13353 
1641517591.093343 ### RSSI: -65, 22, 1640051885 ,13368 
1641517591.838942 ### DEBUG: Ticks: 13380, 47, 0 
1641517591.839225 1640051885 c0:98:e5:42:00:29 289 
1641517591.839415 -182 -179 -150 -148 -144 -142 -139 -125 -125 -120 -114 -112 -106 -105 -94 
1641517591.839598 -90 -75 -69 -67 -66 -61 -48 -35 -34 -30 -23 -23 -20 -11 3 
1641517592.097429 ### RSSI: -63, 30, 1640051885 ,13384 
1641517592.835157 ### DEBUG: Ticks: 13395, 15, 0 
1641517592.835442 1640051886 c0:98:e5:42:00:29 329 
1641517592.835634 -200 -172 -160 -144 -135 -135 -135 -133 -121 -116 -114 -112 -106 -104 -102 
1641517592.835878 -102 -100 -100 -83 -72 -72 -69 -59 -51 -44 -38 -13 -11 -3 19 
1641517593.102213 ### RSSI: -60, 18, 1640051886 ,13400 
1641517593.836015 ### DEBUG: Ticks: 13411, 16, 0 
1641517593.836303 1640051887 c0:98:e5:42:00:29 357 
1641517593.836496 -333 -332 -326 -292 -287 -267 -266 -264 -261 -256 -253 -250 -245 -234 -230 
1641517593.836682 -227 -225 -222 -218 -204 -204 -196 -185 -177 -166 -161 -155 -154 -117 -111 
1641517594.094326 ### RSSI: -64, 23, 1640051887 ,13415 
1641517594.836969 ### DEBUG: Ticks: 13427, 16, 0 
1641517594.837251 1640051888 c0:98:e5:42:00:29 305 
1641517594.837441 -230 -228 -222 -194 -185 -169 -155 -154 -148 -148 -146 -136 -136 -130 -128 
1641517594.837625 -125 -124 -122 -120 -119 -117 -113 -107 -93 -85 -70 -69 -59 -58 -42 
1641517595.093606 ### RSSI: -64, 35, 1640051888 ,13431 
1641517595.833294 ### DEBUG: Ticks: 13442, 15, 0 
1641517595.833606 1640051889 c0:98:e5:42:00:29 347 
1641517595.833799 -332 -306 -304 -301 -292 -269 -268 -268 -265 -250 -244 -244 -244 -238 -238 
1641517595.833985 -235 -231 -225 -222 -211 -209 -196 -194 -192 -187 -184 -174 -153 -152 -150 
1641517596.102488 ### RSSI: -65, 2, 1640051889 ,13446 
1641517596.837505 ### DEBUG: Ticks: 13458, 16, 0 
1641517596.837800 1640051890 c0:98:e5:42:00:29 280 
1641517596.838013 -381 -347 -330 -329 -327 -325 -310 -292 -290 -286 -286 -277 -276 -265 -263 
1641517596.838201 -262 -249 -248 -244 -243 -239 -239 -233 -218 -212 -205 -187 -180 -102 -55 
1641517597.096820 ### RSSI: -64, 21, 1640051890 ,13462 
1641517597.835306 ### DEBUG: Ticks: 13474, 16, 0 
1641517597.835596 1640051891 c0:98:e5:42:00:29 343 
1641517597.835865 -169 -166 -149 -144 -139 -130 -117 -107 -102 -96 -96 -95 -94 -92 -91 
1641517597.836055 -80 -65 -61 -57 -55 -51 -41 -32 -30 -30 -24 -19 -19 -2 -1 
1641517598.096103 ### RSSI: -64, 35, 1640051891 ,13478 
1641517598.832456 ### DEBUG: Ticks: 13489, 15, 0 
1641517598.832779 1640051892 c0:98:e5:42:00:29 313 
1641517598.832974 -384 -369 -349 -330 -323 -322 -320 -310 -298 -298 -295 -295 -284 -282 -278 
1641517598.833151 -278 -278 -271 -259 -259 -255 -250 -247 -245 -244 -230 -228 -206 -203 -155 
1641517599.096459 ### RSSI: -61, 33, 1640051892 ,13493 
1641517599.832119 ### DEBUG: Ticks: 13505, 16, 0 
1641517599.832407 1640051893 c0:98:e5:42:00:29 296 
1641517599.832598 -233 -226 -214 -195 -184 -181 -178 -170 -168 -161 -161 -159 -154 -140 -140 
1641517599.832780 -137 -136 -134 -126 -121 -121 -113 -112 -112 -109 -80 -76 -73 -54 0 
1641517600.094579 ### RSSI: -63, 31, 1640051893 ,13509 
1641517600.831652 ### ERROR: Failed reading SquarePoint packet length
1641517601.094511 ### RSSI: -64, 22, 1640051894 ,13524 
1641517602.099535 ### RSSI: -65, 34, 1640051895 ,13540 
1641517602.834468 ### DEBUG: Ticks: 13552, 47, 0 
1641517602.834752 1640051896 c0:98:e5:42:00:29 336 
1641517602.835523 -470 -392 -375 -369 -367 -360 -359 -358 -349 -341 -330 -323 -321 -320 -319 
1641517602.835701 -316 -314 -314 -305 -289 -281 -281 -267 -265 -263 -257 -242 -235 -233 -176 
1641517603.096857 ### RSSI: -68, 5, 1640051896 ,13556 
1641517603.832711 ### DEBUG: Ticks: 13567, 15, 0 
1641517603.832994 1640051897 c0:98:e5:42:00:29 300 
1641517603.843452 -181 -149 -111 -93 -87 -73 -67 -66 -63 -60 -58 -56 -55 -51 -46 
1641517603.843733 -46 -44 -43 -38 -17 -16 -15 -12 -10 1 17 25 28 32 87 
1641517604.099897 ### RSSI: -61, 11, 1640051897 ,13571 
1641517604.834909 ### DEBUG: Ticks: 13583, 16, 0 
1641517604.835194 1640051898 c0:98:e5:42:00:29 302 
1641517604.835385 -249 -238 -214 -207 -203 -182 -163 -161 -159 -159 -152 -151 -149 -143 -143 
1641517604.835570 -130 -127 -125 -124 -123 -122 -120 -117 -116 -105 -102 -96 -94 -59 -50 
1641517605.101480 ### RSSI: -64, 26, 1640051898 ,13587 
1641517605.834688 ### DEBUG: Ticks: 13599, 16, 0 
1641517605.834977 1640051899 c0:98:e5:42:00:29 354 
1641517605.835167 -287 -248 -226 -224 -220 -202 -200 -197 -193 -193 -188 -187 -173 -171 -170 
1641517605.835350 -170 -160 -159 -156 -155 -152 -148 -143 -119 -109 -96 -93 -77 16 32 
1641517606.102422 ### RSSI: -63, 30, 1640051899 ,13603 
1641517606.840751 ### DEBUG: Ticks: 13614, 15, 0 
1641517606.841041 1640051900 c0:98:e5:42:00:29 311 
1641517606.841233 -203 -183 -167 -158 -144 -137 -136 -133 -124 -123 -119 -118 -113 -112 -109 
1641517606.841417 -109 -108 -107 -93 -92 -88 -87 -81 -68 -62 -52 -36 -32 -30 -14 
1641517607.098540 ### RSSI: -63, 31, 1640051900 ,13618 
1641517607.832222 ### DEBUG: Ticks: 13630, 16, 0 
1641517607.832512 1640051901 c0:98:e5:42:00:29 314 
1641517607.832707 -185 -174 -162 -122 -120 -114 -111 -110 -109 -104 -103 -98 -97 -89 -88 
1641517607.832894 -87 -76 -74 -74 -72 -70 -69 -53 -52 -51 -47 -38 -26 -24 -15 
1641517608.095065 ### RSSI: -67, 3, 1640051901 ,13634 
1641517608.833085 ### DEBUG: Ticks: 13645, 15, 0 
1641517608.833375 1640051902 c0:98:e5:42:00:29 280 
1641517608.833567 -166 -159 -145 -144 -106 -103 -100 -81 -78 -75 -68 -63 -62 -60 -55 
1641517608.833752 -55 -46 -45 -39 -38 -35 -35 -35 -24 -12 -4 13 41 54 73 
1641517609.091529 ### RSSI: -62, 32, 1640051902 ,13649 
1641517609.832512 ### DEBUG: Ticks: 13661, 16, 0 
1641517609.832831 1640051903 c0:98:e5:42:00:29 290 
1641517609.833008 -244 -240 -220 -196 -195 -187 -187 -179 -170 -167 -160 -157 -151 -150 -150 
1641517609.844851 -148 -147 -130 -119 -115 -104 -97 -96 -95 -95 -89 -86 -58 -50 -43 
1641517610.100133 ### RSSI: -63, 32, 1640051904 ,13665 
1641517610.834347 ### DEBUG: Ticks: 13677, 16, 0 
1641517610.834639 1640051904 c0:98:e5:42:00:29 336 
1641517610.834819 -142 -122 -114 -110 -101 -93 -89 -82 -76 -72 -60 -60 -41 -40 -29 
1641517610.835040 -28 -21 -18 -16 -15 -13 -10 -8 1 14 14 29 34 52 73 
1641517611.097290 ### RSSI: -63, 1, 1640051905 ,13681 
1641517611.829400 ### ERROR: Failed reading SquarePoint packet length
1641517612.097056 ### RSSI: -64, 24, 1640051906 ,13696 
1641517613.091422 ### RSSI: -62, 2, 1640051907 ,13712 
1641517613.833815 ### DEBUG: Ticks: 13723, 46, 0 
1641517613.834100 1640051907 c0:98:e5:42:00:29 366 
1641517613.834290 -444 -431 -426 -396 -389 -375 -365 -364 -364 -362 -355 -355 -353 -352 -347 
1641517613.834502 -346 -339 -335 -330 -326 -324 -321 -314 -308 -298 -294 -274 -270 -264 -213 
1641517614.097468 ### RSSI: -58, 16, 1640051908 ,13728 
1641517614.837501 ### DEBUG: Ticks: 13739, 16, 0 
1641517614.837791 1640051908 c0:98:e5:42:00:29 299 
1641517614.837984 -284 -261 -250 -216 -215 -210 -199 -190 -184 -178 -165 -160 -160 -160 -159 
1641517614.838170 -154 -152 -149 -148 -141 -131 -131 -115 -100 -80 -79 -66 -50 -27 0 
1641517615.093784 ### RSSI: -58, 15, 1640051909 ,13743 
1641517615.834297 ### DEBUG: Ticks: 13755, 16, 0 
1641517615.834578 1640051909 c0:98:e5:42:00:29 324 
1641517615.834770 -205 -181 -175 -164 -156 -142 -138 -130 -116 -114 -106 -101 -101 -100 -94 
1641517615.834957 -89 -89 -85 -85 -76 -75 -69 -67 -63 -51 -46 -28 -25 -7 71 
1641517616.099188 ### RSSI: -62, 4, 1640051909 ,13759 
1641517617.934514 
1641517617.935742 ----------------------------------------------
1641517617.936025 ### WARNING: Chip experienced a reset with reason 2
1641517618.185509 ### INFO: Bluetooth address: c0:98:e5:42:00:2c
1641517618.185791 ### DEBUG: Time is 00:00:00, 2000/00/00
1641517618.185973 ### INFO: Time is 00:00:00, 2000/00/00
1641517618.287270 ### INFO: Initializing SD Card...
1641517621.777215 ### INFO: Connecting to the SquarePoint module...
1641517621.777502 ### INFO: SquarePoint module connection successful
1641517621.777683 ### INFO: Device is now STATIONARY
1641517621.777870 ### INFO: Battery voltage currently 4148 mV
1641517621.859002 ### INFO: SD card flushed!
1641517621.894667 ### INFO: SD card flushed!
1641517621.894950 ### DEBUG: BLE START SCANNING called
1641517621.895128 ### DEBUG: Ticks: 61, 61, 0 
1641517621.895300 1640051915 c0:98:e5:42:00:29 332 
1641517621.895483 -226 -225 -210 -208 -193 -171 -167 -166 -166 -165 -164 -162 -156 -132 -130 
1641517621.895655 -130 -128 -127 -123 -113 -96 -87 -73 -69 -68 -56 -55 -16 2 30 
1641517621.896388 ### INFO: Switched Scheduler EUI from 00:00:00:00:00:00 to c0:98:e5:42:00:2c
1641517621.896564 ### DEBUG: BLE STOP SCANNING called
1641517622.781049 ### DEBUG: BLE START SCANNING called
1641517622.827516 ### ERROR: Failed reading SquarePoint packet length
1641517623.865031 ### DEBUG: BLE START SCANNING called
1641517623.877488 ### addr: c0:98:e5:42:00:29 
1641517623.877783 ### on_adv_report outer RSSI: -60, time:1640051917 
1641517623.877964 ### INFO: Discovered new device: c0:98:e5:42:00:29
1641517623.878152 ### DEBUG: connected? already connected
1641517623.878364 ### DEBUG: BLE START SCANNING called
1641517623.927574 ### BLE EVENT: 16, INFO: BLE CONNECTED!
1641517623.927925 ### DEBUG: BLE START SCANNING called
1641517623.928108 ### RSSI: -65, 4, 1640051917 ,93 
1641517623.939146 ### DEBUG: BLE START SCANNING called
1641517624.035584 ### RSSI: -60, 9, 1640051917 ,95 
1641517624.035960 ### DEBUG: BLE START SCANNING called
1641517624.130179 ### RSSI: -62, 24, 1640051917 ,96 
1641517624.130466 ### DEBUG: BLE START SCANNING called
1641517624.233924 ### RSSI: -64, 5, 1640051917 ,98 
1641517624.234205 ### DEBUG: BLE START SCANNING called
1641517624.327526 ### RSSI: -66, 2, 1640051917 ,99 
1641517624.327903 ### DEBUG: BLE START SCANNING called
1641517624.433138 ### RSSI: -61, 11, 1640051917 ,101 
1641517624.433418 ### DEBUG: BLE START SCANNING called
1641517624.538440 ### RSSI: -59, 9, 1640051917 ,103 
1641517624.538725 ### DEBUG: BLE START SCANNING called
1641517624.631108 ### RSSI: -61, 22, 1640051917 ,104 
1641517624.631388 ### DEBUG: BLE START SCANNING called
1641517624.736114 ### RSSI: -62, 22, 1640051918 ,106 
1641517624.736510 ### DEBUG: BLE START SCANNING called
1641517624.781828 ### DEBUG: BLE START SCANNING called
1641517624.829853 ### RSSI: -61, 13, 1640051918 ,107 
1641517624.830139 ### DEBUG: BLE START SCANNING called
1641517624.841911 ### DEBUG: Ticks: 107, 46, 1 
1641517624.842545 1640051918 c0:98:e5:42:00:29 337 
1641517624.842752 -338 -312 -294 -291 -288 -283 -269 -255 -250 -242 -238 -236 -236 -234 -231 
1641517624.842931 -223 -222 -218 -218 -210 -209 -205 -204 -194 -188 -187 -169 -161 -108 -88 
1641517624.843118 ### DEBUG: BLE START SCANNING called
1641517624.936683 ### RSSI: -62, 29, 1640051918 ,109 
1641517624.936964 ### DEBUG: BLE START SCANNING called
1641517625.030106 ### RSSI: -61, 12, 1640051918 ,110 
1641517625.030380 ### DEBUG: BLE START SCANNING called
1641517625.135617 ### RSSI: -61, 7, 1640051918 ,112 
1641517625.135973 ### DEBUG: BLE START SCANNING called
1641517625.228934 ### RSSI: -61, 26, 1640051918 ,113 
1641517625.229218 ### DEBUG: BLE START SCANNING called
1641517625.334770 ### RSSI: -61, 30, 1640051918 ,115 
1641517625.335057 ### DEBUG: BLE START SCANNING called
1641517625.427557 ### RSSI: -62, 21, 1640051918 ,117 
1641517625.427890 ### DEBUG: BLE START SCANNING called
1641517625.528675 ### RSSI: -59, 9, 1640051918 ,118 
1641517625.528958 ### DEBUG: BLE START SCANNING called
1641517625.770874 ### DEBUG: BLE START SCANNING called
1641517625.839200 ### DEBUG: Ticks: 123, 16, 1 
1641517625.839484 1640051919 c0:98:e5:42:00:29 337 
1641517625.839676 -207 -195 -194 -182 -177 -171 -145 -129 -118 -116 -114 -110 -105 -98 -97 
1641517625.839926 -93 -91 -84 -82 -79 -62 -59 -57 -54 -48 -45 -45 -43 -36 -19 
1641517625.840145 ### DEBUG: BLE START SCANNING called
1641517626.534310 ### RSSI: -58, 18, 1640051919 ,134 
1641517626.534592 ### DEBUG: BLE START SCANNING called
1641517626.781058 ### DEBUG: BLE START SCANNING called
1641517626.838076 ### DEBUG: Ticks: 139, 16, 1 
1641517626.838365 1640051920 c0:98:e5:42:00:29 300 
1641517626.838556 -272 -259 -224 -220 -213 -211 -203 -195 -186 -186 -183 -183 -182 -174 -172 
1641517626.838739 -171 -168 -167 -161 -146 -140 -136 -122 -121 -119 -116 -113 -109 -102 -92 
1641517626.838926 ### DEBUG: BLE START SCANNING called
1641517627.531605 ### RSSI: -61, 13, 1640051920 ,149 
1641517627.531944 ### DEBUG: BLE START SCANNING called
1641517627.838013 ### DEBUG: Ticks: 154, 15, 1 
1641517627.838285 1640051921 c0:98:e5:42:00:29 349 
1641517627.838480 -149 -146 -137 -135 -133 -105 -104 -103 -85 -83 -82 -81 -79 -77 -63 
1641517627.838653 -63 -63 -61 -58 -57 -45 -43 -38 -36 -22 -14 -12 8 30 53 
1641517628.536003 ### RSSI: -64, 30, 1640051922 ,165 
1641517628.833578 ### DEBUG: Ticks: 170, 16, 1 
1641517628.833862 1640051922 c0:98:e5:42:00:29 301 
1641517628.834051 -252 -239 -215 -187 -176 -176 -168 -163 -162 -154 -148 -141 -135 -134 -133 
1641517628.834238 -132 -130 -119 -110 -102 -100 -83 -81 -77 -65 -64 -59 -24 -15 -1 
1641517629.527512 ### RSSI: -65, 2, 1640051923 ,181 
1641517629.833499 ### DEBUG: Ticks: 185, 15, 1 
1641517629.833782 1640051923 c0:98:e5:42:00:29 286 
1641517629.833961 -114 -94 -74 -59 -50 -36 -29 -28 -23 -20 -19 -18 -5 0 1 
1641517629.834146 8 18 33 37 47 51 57 67 78 80 80 100 114 115 159 
1641517630.528121 ### RSSI: -65, 30, 1640051924 ,196 
1641517630.836267 ### DEBUG: Ticks: 201, 16, 1 
1641517630.836553 1640051924 c0:98:e5:42:00:29 310 
1641517630.836848 -44 -44 -37 -14 -4 5 12 19 20 27 47 52 53 63 68 
1641517630.837035 69 70 72 75 75 78 78 81 88 89 93 94 140 151 0 
1641517631.525628 ### RSSI: -59, 8, 1640051925 ,212 
1641517631.833425 ### DEBUG: Ticks: 217, 16, 1 
1641517631.833707 1640051925 c0:98:e5:42:00:29 325 
1641517631.833897 -320 -283 -256 -243 -242 -238 -238 -237 -224 -202 -202 -202 -194 -189 -180 
1641517631.845485 -180 -179 -179 -172 -170 -168 -168 -167 -146 -136 -128 -117 -117 -104 -32 
1641517632.532417 ### RSSI: -67, 28, 1640051926 ,227 
1641517632.839453 ### DEBUG: Ticks: 232, 15, 1 
1641517632.839737 1640051926 c0:98:e5:42:00:29 280 
1641517632.839986 -291 -285 -278 -220 -219 -216 -209 -205 -202 -196 -195 -192 -184 -179 -178 
1641517632.840174 -176 -170 -170 -169 -164 -163 -156 -154 -152 -147 -144 -141 -113 -112 -109 
1641517633.532066 ### RSSI: -65, 1, 1640051927 ,243 
1641517633.829519 ### ERROR: Failed reading SquarePoint packet length
1641517634.528104 ### RSSI: -62, 24, 1640051928 ,259 
1641517635.529914 ### RSSI: -63, 32, 1640051929 ,274 
1641517635.836949 ### DEBUG: Ticks: 279, 47, 1 
1641517635.837240 1640051929 c0:98:e5:42:00:29 308 
1641517635.837450 -173 -165 -154 -113 -100 -98 -95 -80 -78 -77 -76 -73 -69 -68 -60 
1641517635.837638 -59 -59 -57 -50 -49 -40 -34 -25 -17 -4 -1 1 11 38 131 
1641517636.535263 ### RSSI: -65, 2, 1640051930 ,290 
1641517636.834334 ### DEBUG: Ticks: 295, 16, 1 
1641517636.834617 1640051930 c0:98:e5:42:00:29 312 
1641517636.834808 -150 -101 -85 -80 -71 -63 -59 -47 -43 -31 -21 -18 -15 -10 -3 
1641517636.834982 0 1 12 12 17 17 28 29 31 39 73 74 78 92 100 
1641517637.528331 ### RSSI: -64, 26, 1640051931 ,306 
1641517637.839172 ### DEBUG: Ticks: 310, 15, 1 
1641517637.839463 1640051931 c0:98:e5:42:00:29 284 
1641517637.839655 -408 -391 -376 -370 -362 -358 -333 -327 -315 -307 -306 -289 -287 -287 -285 
1641517637.839911 -285 -282 -282 -275 -270 -253 -244 -243 -235 -233 -227 -225 -225 -181 -179 
1641517638.528566 ### RSSI: -62, 20, 1640051932 ,321 
1641517638.840932 ### DEBUG: Ticks: 326, 16, 1 
1641517638.841863 1640051932 c0:98:e5:42:00:29 272 
1641517638.842096 -165 -151 -148 -136 -133 -114 -111 -106 -95 -89 -89 -84 -83 -81 -81 
1641517638.842288 -77 -71 -54 -47 -46 -37 -37 -36 -27 -13 4 4 4 15 19 
1641517639.533016 ### RSSI: -61, 14, 1640051933 ,337 
1641517639.841784 ### DEBUG: Ticks: 342, 16, 1 
1641517639.842075 1640051933 c0:98:e5:42:00:29 310 
1641517639.842266 -353 -318 -303 -301 -301 -293 -279 -276 -264 -259 -256 -253 -243 -241 -238 
1641517639.842451 -237 -231 -227 -222 -220 -212 -210 -207 -186 -177 -173 -149 -125 -66 -59 
1641517640.532153 ### RSSI: -59, 8, 1640051934 ,352 
1641517640.841054 ### DEBUG: Ticks: 357, 15, 1 
1641517640.841346 1640051934 c0:98:e5:42:00:29 272 
1641517640.841535 -360 -320 -306 -306 -305 -303 -300 -296 -294 -292 -278 -274 -269 -267 -262 
1641517640.841749 -256 -251 -247 -247 -243 -243 -223 -223 -220 -215 -208 -199 -192 -179 -113 
1641517641.524347 ### RSSI: -68, 28, 1640051935 ,368 
1641517641.833976 ### DEBUG: Ticks: 373, 16, 1 
1641517641.834285 1640051935 c0:98:e5:42:00:29 360 
1641517641.834478 -471 -409 -409 -403 -401 -397 -393 -390 -387 -384 -378 -375 -371 -361 -360 
1641517641.845653 -356 -351 -348 -346 -335 -317 -317 -316 -312 -302 -285 -276 -256 -228 -204 
1641517642.532085 ### RSSI: -63, 5, 1640051936 ,384 
1641517642.842257 ### DEBUG: Ticks: 388, 15, 1 
1641517642.842536 1640051936 c0:98:e5:42:00:29 286 
1641517642.842716 -259 -236 -219 -202 -200 -193 -189 -186 -175 -174 -173 -166 -159 -154 -153 
1641517642.842931 -151 -148 -141 -137 -133 -133 -133 -133 -110 -104 -87 -83 -77 -38 -6 
1641517643.530872 ### RSSI: -64, 3, 1640051937 ,399 
1641517643.838397 ### DEBUG: Ticks: 404, 16, 1 
1641517643.838674 1640051937 c0:98:e5:42:00:29 320 
1641517643.838879 -155 -136 -133 -114 -113 -107 -86 -71 -68 -65 -63 -56 -52 -41 -32 
1641517643.839068 -25 -17 -9 -1 -1 2 5 9 15 18 19 23 29 29 53 
1641517644.529431 ### RSSI: -66, 35, 1640051938 ,415 
1641517644.834056 ### ERROR: Failed reading SquarePoint packet length
1641517645.524959 ### RSSI: -65, 2, 1640051939 ,431 
1641517646.529290 ### RSSI: -64, 34, 1640051940 ,446 
1641517646.835902 ### DEBUG: Ticks: 451, 47, 1 
1641517646.836188 1640051940 c0:98:e5:42:00:29 341 
1641517646.836381 -330 -306 -302 -281 -267 -247 -241 -238 -238 -236 -225 -223 -219 -218 -211 
1641517646.836566 -205 -204 -203 -192 -191 -186 -175 -174 -173 -146 -146 -144 -136 -47 -37 
1641517647.534456 ### RSSI: -66, 35, 1640051940 ,462 
1641517647.836009 ### DEBUG: Ticks: 467, 16, 1 
1641517647.836291 1640051941 c0:98:e5:42:00:29 354 
1641517647.836481 -263 -244 -236 -225 -199 -198 -181 -181 -175 -173 -170 -165 -164 -157 -157 
1641517647.836666 -152 -150 -148 -147 -141 -123 -118 -117 -115 -113 -109 -102 -96 -81 -59 
1641517648.533009 ### RSSI: -58, 16, 1640051941 ,477 
1641517648.839295 ### DEBUG: Ticks: 482, 15, 1 
1641517648.839579 1640051942 c0:98:e5:42:00:29 289 
1641517648.839824 -328 -321 -307 -288 -262 -260 -249 -246 -244 -239 -237 -234 -234 -232 -230 
1641517648.840012 -227 -223 -208 -206 -204 -204 -203 -196 -191 -190 -180 -178 -173 -156 -56 
1641517649.533544 ### RSSI: -63, 6, 1640051942 ,493 
1641517649.834627 ### DEBUG: Ticks: 498, 16, 1 
1641517649.834908 1640051943 c0:98:e5:42:00:29 268 
1641517649.835098 -242 -233 -183 -173 -171 -157 -153 -151 -145 -140 -137 -131 -129 -127 -126 
1641517649.835282 -124 -110 -105 -99 -97 -95 -90 -87 -65 -64 -63 -53 -50 16 57 
1641517650.525168 ### RSSI: -62, 25, 1640051943 ,509 
1641517650.833259 ### DEBUG: Ticks: 513, 15, 1 
1641517650.833543 1640051944 c0:98:e5:42:00:29 329 
1641517650.833734 -165 -158 -137 -128 -104 -104 -93 -93 -93 -85 -84 -82 -77 -71 -67 
1641517650.833905 -63 -58 -55 -53 -46 -45 -37 -28 -23 -22 -10 0 12 27 44 
1641517651.534405 ### RSSI: -66, 27, 1640051944 ,524 
1641517651.842882 ### DEBUG: Ticks: 529, 16, 1 
1641517651.843171 1640051945 c0:98:e5:42:00:29 254 
1641517651.843364 -220 -208 -202 -180 -164 -158 -150 -145 -132 -132 -130 -130 -115 -105 -102 
1641517651.843549 -102 -101 -96 -93 -92 -92 -79 -78 -71 -68 -53 -53 -51 -29 45 
1641517652.526140 ### RSSI: -63, 21, 1640051946 ,540 
1641517652.834111 ### DEBUG: Ticks: 545, 16, 1 
1641517652.834400 1640051946 c0:98:e5:42:00:29 294 
1641517652.834592 -268 -266 -251 -251 -244 -226 -223 -221 -209 -202 -193 -193 -191 -190 -190 
1641517652.834777 -179 -170 -169 -167 -164 -157 -155 -139 -136 -132 -132 -129 -113 -106 -3 
1641517653.534843 ### RSSI: -65, 27, 1640051947 ,555 
1641517653.839039 ### DEBUG: Ticks: 560, 15, 1 
1641517653.839310 1640051947 c0:98:e5:42:00:29 278 
1641517653.839504 -190 -179 -150 -146 -132 -113 -111 -105 -105 -103 -96 -96 -92 -87 -80 
1641517653.839678 -78 -77 -73 -72 -71 -69 -69 -68 -65 -56 -56 -41 -20 -8 35 
1641517654.533743 ### RSSI: -58, 17, 1640051948 ,571 
1641517654.836114 ### DEBUG: Ticks: 576, 16, 1 
1641517654.836404 1640051948 c0:98:e5:42:00:29 368 
1641517654.836586 -269 -228 -214 -195 -183 -182 -181 -174 -170 -169 -169 -166 -164 -162 -145 
1641517654.836776 -145 -145 -144 -140 -135 -123 -121 -115 -106 -88 -81 -74 -73 -4 -1 
1641517655.529246 ### RSSI: -58, 18, 1640051949 ,587 
1641517655.830922 ### DEBUG: Ticks: 592, 16, 1 
1641517655.842775 1640051949 c0:98:e5:42:00:29 348 
1641517655.843067 -376 -352 -344 -323 -317 -313 -310 -305 -300 -290 -285 -272 -261 -258 -251 
1641517655.843261 -251 -250 -235 -229 -224 -222 -222 -216 -213 -212 -209 -186 -164 -154 -107 
1641517656.531563 ### RSSI: -58, 18, 1640051950 ,602 
1641517656.832759 ### ERROR: Failed reading SquarePoint packet length
1641517657.532045 ### RSSI: -64, 0, 1640051951 ,618 
1641517658.529644 ### RSSI: -59, 19, 1640051952 ,634 
1641517658.833690 ### DEBUG: Ticks: 638, 46, 1 
1641517658.833972 1640051952 c0:98:e5:42:00:29 270 
1641517658.834162 -167 -143 -142 -131 -125 -119 -119 -112 -108 -102 -100 -95 -95 -95 -90 
1641517658.843898 -87 -86 -84 -81 -68 -59 -53 -38 -23 -20 3 3 16 22 24 
1641517659.525494 ### RSSI: -64, 1, 1640051953 ,649 
1641517659.837211 ### DEBUG: Ticks: 654, 16, 1 
1641517659.837498 1640051953 c0:98:e5:42:00:29 323 
1641517659.837691 -282 -271 -252 -237 -221 -213 -209 -203 -203 -195 -192 -185 -182 -180 -177 
1641517659.837875 -176 -176 -167 -161 -161 -158 -157 -150 -144 -133 -126 -114 -108 -96 -85 
1641517660.529299 ### RSSI: -66, 30, 1640051954 ,665 
1641517660.833544 ### DEBUG: Ticks: 670, 16, 1 
1641517660.833831 1640051954 c0:98:e5:42:00:29 340 
1641517660.834021 -321 -271 -266 -258 -239 -238 -237 -229 -217 -217 -215 -214 -212 -209 -209 
1641517660.845404 -204 -199 -194 -186 -182 -178 -163 -159 -155 -152 -147 -130 -129 -110 -106 
1641517661.528782 ### RSSI: -60, 10, 1640051955 ,680 
1641517661.841083 ### DEBUG: Ticks: 685, 15, 1 
1641517661.841368 1640051955 c0:98:e5:42:00:29 307 
1641517661.841561 -231 -217 -196 -192 -181 -177 -165 -161 -157 -153 -148 -143 -136 -124 -124 
1641517661.841746 -123 -113 -111 -101 -97 -95 -88 -87 -86 -78 -69 -63 -53 -44 -35 
1641517662.533054 ### RSSI: -63, 23, 1640051956 ,696 
1641517662.838854 ### DEBUG: Ticks: 701, 16, 1 
1641517662.839149 1640051956 c0:98:e5:42:00:29 358 
1641517662.839331 -292 -263 -262 -235 -225 -225 -215 -214 -214 -207 -201 -196 -193 -191 -191 
1641517662.839515 -191 -183 -179 -175 -173 -167 -159 -159 -152 -146 -135 -128 -122 -105 -73 
1641517663.193752 ### INFO: SD card flushed!
1641517663.527484 ### RSSI: -66, 35, 1640051957 ,712 
1641517663.841080 ### DEBUG: Ticks: 716, 15, 1 
1641517663.841364 1640051957 c0:98:e5:42:00:29 256 
1641517663.841554 -280 -243 -225 -216 -213 -205 -201 -176 -171 -169 -168 -166 -152 -151 -151 
1641517663.841737 -149 -147 -146 -144 -140 -136 -135 -132 -132 -131 -92 -87 -81 -50 0 
1641517664.534597 ### RSSI: -63, 23, 1640051958 ,727 
1641517664.836457 ### DEBUG: Ticks: 732, 16, 1 
1641517664.836754 1640051958 c0:98:e5:42:00:29 345 
1641517664.836935 -203 -166 -165 -155 -146 -133 -129 -126 -119 -117 -117 -99 -98 -97 -95 
1641517664.837120 -93 -80 -80 -73 -72 -69 -65 -53 -47 -39 -35 -33 -10 0 14 
1641517665.532126 ### RSSI: -63, 34, 1640051959 ,743 
1641517665.840595 ### DEBUG: Ticks: 748, 16, 1 
1641517665.840881 1640051959 c0:98:e5:42:00:29 299 
1641517665.841059 -205 -196 -175 -158 -157 -142 -131 -131 -126 -121 -119 -104 -103 -96 -88 
1641517665.841245 -84 -76 -72 -65 -64 -63 -62 -59 -54 -35 -12 -11 11 27 73 
1641517666.529793 ### RSSI: -60, 13, 1640051960 ,759 
1641517666.843614 ### DEBUG: Ticks: 763, 15, 1 
1641517666.844178 1640051960 c0:98:e5:42:00:29 308 
1641517666.844358 -147 -89 -81 -73 -72 -66 -66 -52 -51 -28 -28 -26 -22 -13 1 
1641517666.844543 5 12 15 22 25 26 28 31 33 35 36 47 49 72 88 
1641517667.534436 ### RSSI: -60, 8, 1640051961 ,774 
1641517667.839011 ### ERROR: Failed reading SquarePoint packet length
1641517668.525450 ### RSSI: -59, 18, 1640051962 ,790 
1641517669.529943 ### RSSI: -66, 1, 1640051963 ,805 
1641517669.842861 ### DEBUG: Ticks: 810, 47, 1 
1641517669.843140 1640051963 c0:98:e5:42:00:29 260 
1641517669.843336 -358 -347 -310 -308 -293 -284 -283 -279 -274 -273 -266 -262 -251 -251 -250 
1641517669.843511 -246 -244 -243 -235 -235 -225 -224 -219 -213 -212 -210 -208 -194 -176 -121 
1641517670.523654 ### RSSI: -63, 32, 1640051963 ,821 
1641517670.833695 ### DEBUG: Ticks: 826, 16, 1 
1641517670.833981 1640051964 c0:98:e5:42:00:29 303 
1641517670.834172 -320 -317 -307 -281 -273 -253 -251 -250 -246 -244 -236 -227 -219 -219 -218 
1641517670.845859 -213 -213 -210 -209 -207 -198 -172 -167 -164 -162 -160 -154 -134 -129 -118 
1641517671.532214 ### RSSI: -64, 23, 1640051964 ,837 
1641517671.835613 ### DEBUG: Ticks: 841, 15, 1 
1641517671.835954 1640051965 c0:98:e5:42:00:29 353 
1641517671.836137 -128 -104 -100 -78 -65 -42 -40 -32 -25 -22 -21 -21 -16 -8 -3 
1641517671.836321 1 4 12 15 17 20 21 26 32 39 45 48 59 64 78 
1641517672.530929 ### RSSI: -65, 35, 1640051965 ,852 
1641517672.835823 ### DEBUG: Ticks: 857, 16, 1 
1641517672.836108 1640051966 c0:98:e5:42:00:29 291 
1641517672.836293 -182 -178 -163 -131 -112 -110 -109 -105 -101 -97 -96 -88 -81 -77 -77 
1641517672.836531 -65 -55 -49 -47 -42 -34 -26 -22 -15 -9 -9 -8 -6 12 72 
1641517673.528594 ### RSSI: -61, 14, 1640051966 ,868 
1641517673.834400 ### DEBUG: Ticks: 873, 16, 1 
1641517673.834690 1640051967 c0:98:e5:42:00:29 309 
1641517673.834884 -416 -392 -387 -386 -381 -378 -362 -361 -360 -352 -342 -341 -338 -332 -324 
1641517673.835071 -322 -311 -309 -308 -298 -296 -288 -285 -276 -270 -269 -264 -257 -256 -206 
1641517674.528178 ### RSSI: -66, 31, 1640051967 ,883 
1641517674.833102 ### DEBUG: Ticks: 888, 15, 1 
1641517674.833389 1640051968 c0:98:e5:42:00:29 347 
1641517674.844757 -393 -373 -347 -341 -333 -331 -325 -321 -316 -309 -292 -281 -280 -276 -269 
1641517674.845042 -266 -263 -260 -259 -258 -258 -254 -246 -240 -237 -231 -208 -187 -176 -165 
1641517675.525704 ### RSSI: -62, 23, 1640051968 ,899 
1641517675.841868 ### DEBUG: Ticks: 904, 16, 1 
1641517675.842150 1640051969 c0:98:e5:42:00:29 323 
1641517675.842341 -394 -379 -370 -358 -347 -325 -322 -319 -319 -316 -313 -307 -306 -305 -300 
1641517675.842526 -294 -294 -283 -280 -273 -264 -262 -260 -258 -253 -249 -247 -246 -225 -216 
1641517676.523939 ### RSSI: -65, 34, 1640051970 ,915 
1641517676.840194 ### DEBUG: Ticks: 920, 16, 1 
1641517676.840481 1640051970 c0:98:e5:42:00:29 281 
1641517676.840675 -376 -307 -301 -269 -267 -260 -260 -259 -256 -252 -250 -248 -241 -241 -234 
1641517676.840887 -232 -227 -220 -219 -209 -203 -200 -200 -196 -188 -179 -170 -166 -145 -143 
1641517677.530156 ### RSSI: -61, 25, 1640051971 ,930 
1641517677.835984 ### DEBUG: Ticks: 935, 15, 1 
1641517677.836267 1640051971 c0:98:e5:42:00:29 331 
1641517677.836458 -212 -198 -180 -159 -134 -123 -122 -120 -115 -114 -110 -98 -97 -95 -91 
1641517677.836644 -89 -87 -84 -77 -77 -76 -75 -71 -69 -52 -44 -18 -10 21 52 
1641517678.524292 ### RSSI: -62, 20, 1640051972 ,946 
1641517678.833120 ### ERROR: Failed reading SquarePoint packet length
1641517679.534078 ### RSSI: -62, 20, 1640051973 ,962 
1641517680.534272 ### RSSI: -64, 30, 1640051974 ,977 
1641517680.838357 ### DEBUG: Ticks: 982, 47, 1 
1641517680.838650 1640051974 c0:98:e5:42:00:29 328 
1641517680.838845 -418 -394 -386 -373 -361 -356 -349 -342 -331 -326 -324 -318 -317 -316 -313 
1641517680.839030 -306 -298 -294 -286 -282 -278 -278 -277 -275 -271 -266 -250 -249 -247 -243 
1641517681.523179 ### RSSI: -64, 32, 1640051975 ,993 
1641517681.841925 ### DEBUG: Ticks: 998, 16, 1 
1641517681.842207 1640051975 c0:98:e5:42:00:29 316 
1641517681.842398 -240 -220 -205 -192 -189 -168 -159 -145 -143 -142 -141 -139 -137 -132 -131 
1641517681.842584 -128 -126 -124 -123 -114 -111 -105 -101 -98 -94 -94 -91 -85 -45 -30 
1641517682.524395 ### RSSI: -62, 24, 1640051976 ,1008 
1641517682.842793 ### DEBUG: Ticks: 1013, 15, 1 
1641517682.843079 1640051976 c0:98:e5:42:00:29 362 
1641517682.843270 -224 -204 -202 -175 -171 -155 -144 -136 -130 -124 -122 -122 -116 -115 -114 
1641517682.843454 -113 -112 -106 -101 -100 -91 -86 -86 -84 -79 -72 -64 -37 -12 31 
1641517683.524994 ### RSSI: -62, 24, 1640051977 ,1024 
1641517683.842664 ### DEBUG: Ticks: 1029, 16, 1 
1641517683.842948 1640051977 c0:98:e5:42:00:29 323 
1641517683.843139 -228 -223 -201 -198 -196 -193 -192 -189 -176 -170 -151 -149 -143 -140 -130 
1641517683.843323 -127 -121 -120 -118 -117 -116 -115 -106 -104 -100 -98 -96 -75 -65 -35 
1641517684.529379 ### RSSI: -64, 27, 1640051978 ,1040 
1641517684.844305 ### DEBUG: Ticks: 1044, 15, 1 
1641517684.844602 1640051978 c0:98:e5:42:00:29 291 
1641517684.844782 -336 -293 -291 -253 -245 -239 -238 -229 -227 -224 -223 -223 -222 -222 -219 
1641517684.844968 -217 -211 -207 -206 -202 -190 -184 -182 -178 -170 -152 -146 -141 -100 -57 
1641517685.528339 ### RSSI: -62, 23, 1640051979 ,1055 
1641517685.838608 ### DEBUG: Ticks: 1060, 16, 1 
1641517685.838903 1640051979 c0:98:e5:42:00:29 302 
1641517685.839096 -299 -266 -248 -217 -203 -200 -200 -199 -197 -193 -188 -186 -180 -179 -177 
1641517685.839282 -177 -176 -173 -171 -163 -162 -149 -133 -129 -118 -84 -83 -19 20 0 
1641517686.526479 ### RSSI: -67, 15, 1640051980 ,1071 
1641517686.838662 ### DEBUG: Ticks: 1076, 16, 1 
1641517686.838959 1640051980 c0:98:e5:42:00:29 271 
1641517686.839140 -246 -238 -227 -221 -184 -178 -177 -176 -164 -163 -159 -155 -147 -146 -145 
1641517686.839324 -142 -141 -126 -115 -114 -109 -109 -106 -102 -98 -97 -90 -71 -49 -37 
1641517687.525626 ### RSSI: -60, 19, 1640051981 ,1087 
1641517687.838473 ### DEBUG: Ticks: 1091, 15, 1 
1641517687.838756 1640051981 c0:98:e5:42:00:29 361 
1641517687.838949 -333 -319 -316 -307 -299 -278 -269 -254 -251 -250 -248 -245 -234 -234 -223 
1641517687.839136 -220 -212 -206 -206 -203 -200 -198 -197 -197 -184 -170 -162 -161 -155 -119 
1641517688.525429 ### RSSI: -66, 0, 1640051982 ,1102 
1641517688.835831 ### DEBUG: Ticks: 1107, 16, 1 
1641517688.836121 1640051982 c0:98:e5:42:00:29 315 
1641517688.836314 -169 -160 -146 -140 -135 -132 -129 -127 -127 -123 -121 -109 -103 -98 -91 
1641517688.836501 -80 -73 -73 -71 -69 -62 -54 -48 -44 -42 -25 -23 -9 11 18 
1641517689.530818 ### RSSI: -64, 5, 1640051983 ,1118 
1641517689.834381 ### ERROR: Failed reading SquarePoint packet length
1641517690.534135 ### RSSI: -64, 27, 1640051984 ,1133 
1641517691.525557 ### RSSI: -59, 18, 1640051985 ,1149 
1641517691.837901 ### DEBUG: Ticks: 1154, 47, 1 
1641517691.838180 1640051985 c0:98:e5:42:00:29 339 
1641517691.838375 -167 -151 -146 -133 -130 -121 -118 -92 -91 -88 -71 -70 -68 -68 -61 
1641517691.838571 -60 -58 -57 -44 -41 -38 -32 -32 -27 -26 -22 -10 -9 3 27 
1641517692.524033 ### RSSI: -58, 10, 1640051986 ,1165 
1641517692.835836 ### DEBUG: Ticks: 1169, 15, 1 
1641517692.836130 1640051986 c0:98:e5:42:00:29 311 
1641517692.836311 -96 -71 -58 -46 -27 -27 -16 -15 -10 -9 -5 7 14 14 22 
1641517692.836496 22 23 24 33 39 39 42 50 55 59 64 88 94 100 0 
1641517693.531831 ### RSSI: -64, 4, 1640051987 ,1180 
1641517693.834670 ### DEBUG: Ticks: 1185, 16, 1 
1641517693.834954 1640051987 c0:98:e5:42:00:29 331 
1641517693.846950 -378 -374 -359 -341 -329 -329 -317 -310 -310 -309 -307 -307 -304 -303 -291 
1641517693.847238 -285 -283 -281 -281 -275 -272 -268 -257 -255 -252 -246 -239 -236 -222 -218 
1641517694.532214 ### RSSI: -65, 3, 1640051987 ,1196 
1641517694.843489 ### DEBUG: Ticks: 1201, 16, 1 
1641517694.843848 1640051988 c0:98:e5:42:00:29 353 
1641517694.844029 -366 -359 -354 -339 -333 -323 -322 -318 -302 -301 -298 -297 -292 -292 -288 
1641517694.844215 -286 -286 -285 -280 -269 -265 -262 -256 -244 -235 -235 -234 -228 -222 0 
1641517695.532061 ### RSSI: -59, 11, 1640051988 ,1211 
1641517695.844428 ### DEBUG: Ticks: 1216, 15, 1 
1641517695.844723 1640051989 c0:98:e5:42:00:29 339 
1641517695.844916 -282 -273 -237 -205 -190 -187 -186 -179 -178 -176 -175 -173 -170 -168 -161 
1641517695.845103 -158 -157 -155 -152 -128 -124 -124 -120 -112 -111 -82 -61 -57 -29 -22 
1641517696.529660 ### RSSI: -65, 30, 1640051989 ,1227 
1641517696.839652 ### DEBUG: Ticks: 1232, 16, 1 
1641517696.839994 1640051990 c0:98:e5:42:00:29 343 
1641517696.840187 -252 -235 -208 -207 -193 -192 -192 -185 -182 -182 -176 -162 -156 -152 -149 
1641517696.840372 -146 -136 -136 -135 -135 -134 -113 -98 -91 -85 -78 -77 -61 -57 -30 
1641517697.527258 ### RSSI: -60, 10, 1640051990 ,1243 
1641517697.836229 ### DEBUG: Ticks: 1248, 16, 1 
1641517697.836518 1640051991 c0:98:e5:42:00:29 278 
1641517697.836710 -376 -342 -338 -324 -307 -305 -294 -289 -281 -280 -276 -269 -266 -258 -256 
1641517697.836895 -254 -254 -236 -230 -227 -224 -222 -217 -209 -208 -206 -205 -200 -189 -133 
1641517698.526931 ### RSSI: -67, 28, 1640051991 ,1258 
1641517698.834308 ### DEBUG: Ticks: 1263, 15, 1 
1641517698.834587 1640051992 c0:98:e5:42:00:29 337 
1641517698.846224 -172 -168 -154 -131 -127 -107 -102 -90 -89 -79 -73 -71 -64 -54 -47 
1641517698.846506 -42 -41 -37 -34 -32 -29 -19 -16 -12 -7 7 7 10 21 59 
1641517699.522107 ### RSSI: -62, 10, 1640051992 ,1274 
1641517699.842858 ### DEBUG: Ticks: 1279, 16, 1 
1641517699.843140 1640051993 c0:98:e5:42:00:29 297 
1641517699.843331 -122 -119 -97 -96 -88 -78 -70 -69 -66 -52 -46 -41 -35 -28 -28 
1641517699.843505 -25 -16 -15 -15 -12 -7 7 8 10 11 12 20 21 36 41 
1641517700.523183 ### RSSI: -65, 30, 1640051994 ,1290 
1641517700.829906 ### ERROR: Failed reading SquarePoint packet length
1641517701.522343 ### RSSI: -65, 1, 1640051995 ,1305 
1641517702.624562 ### RSSI: -65, 34, 1640051996 ,1322 
1641517702.837280 ### DEBUG: Ticks: 1326, 47, 1 
1641517702.837567 1640051996 c0:98:e5:42:00:29 303 
1641517702.837759 -274 -271 -246 -228 -213 -212 -211 -205 -201 -200 -193 -192 -184 -181 -178 
1641517702.837941 -175 -174 -174 -172 -162 -159 -150 -149 -148 -148 -137 -132 -126 -115 -113 
1641517703.622429 ### RSSI: -63, 27, 1640051997 ,1338 
1641517703.839677 ### DEBUG: Ticks: 1341, 15, 1 
1641517703.840085 1640051997 c0:98:e5:42:00:29 323 
1641517703.840279 -250 -216 -196 -195 -174 -173 -172 -171 -168 -146 -146 -146 -140 -138 -137 
1641517703.840487 -125 -123 -120 -111 -105 -104 -104 -96 -93 -49 -47 -38 -24 26 56 
1641517704.628806 ### RSSI: -65, 3, 1640051998 ,1354 
1641517704.834468 ### DEBUG: Ticks: 1357, 16, 1 
1641517704.834752 1640051998 c0:98:e5:42:00:29 319 
1641517704.834943 -334 -312 -305 -303 -295 -273 -268 -266 -260 -246 -241 -238 -237 -231 -228 
1641517704.835155 -227 -226 -223 -221 -212 -210 -208 -205 -188 -187 -182 -179 -178 -164 -159 
1641517705.234806 ### INFO: SD card flushed!
1641517705.629926 ### RSSI: -57, 16, 1640051999 ,1369 
1641517705.834765 ### DEBUG: Ticks: 1373, 16, 1 
1641517705.835046 1640051999 c0:98:e5:42:00:29 281 
1641517705.846740 -335 -334 -294 -290 -288 -284 -278 -271 -270 -265 -265 -258 -253 -239 -230 
1641517705.847023 -228 -224 -223 -207 -205 -204 -201 -193 -191 -187 -158 -146 -135 -126 -53 
1641517706.630745 ### RSSI: -59, 15, 1640052000 ,1385 
1641517706.834681 ### DEBUG: Ticks: 1388, 15, 1 
1641517706.834965 1640052000 c0:98:e5:42:00:29 316 
1641517706.835156 -192 -179 -149 -134 -128 -118 -115 -112 -104 -103 -98 -93 -92 -89 -87 
1641517706.835331 -86 -75 -64 -52 -47 -42 -41 -37 -30 -22 -10 9 13 34 52 
1641517707.631071 ### RSSI: -61, 23, 1640052001 ,1400 
1641517707.834722 ### DEBUG: Ticks: 1404, 16, 1 
1641517707.835006 1640052001 c0:98:e5:42:00:29 333 
1641517707.835231 -271 -252 -239 -229 -224 -220 -217 -207 -206 -202 -193 -192 -186 -185 -185 
1641517707.835416 -182 -176 -170 -166 -156 -144 -143 -138 -135 -133 -122 -120 -116 -92 -87 
1641517708.626079 ### RSSI: -65, 1, 1640052002 ,1416 
1641517708.842447 ### DEBUG: Ticks: 1419, 15, 1 
1641517708.842733 1640052002 c0:98:e5:42:00:29 261 
1641517708.842913 -156 -145 -124 -106 -102 -97 -74 -61 -58 -57 -57 -53 -51 -47 -45 
1641517708.843120 -38 -37 -35 -34 -34 -33 -30 -25 -20 -16 -10 9 17 36 71 
1641517709.622711 ### RSSI: -60, 15, 1640052003 ,1432 
1641517709.834133 ### DEBUG: Ticks: 1435, 16, 1 
1641517709.834415 1640052003 c0:98:e5:42:00:29 361 
1641517709.835324 -238 -234 -201 -165 -164 -153 -153 -153 -149 -135 -131 -131 -128 -128 -126 
1641517709.835568 -126 -125 -122 -116 -114 -97 -86 -85 -78 -78 -74 -71 -57 -55 -53 
1641517710.623034 ### RSSI: -60, 12, 1640052004 ,1447 
1641517710.842074 ### DEBUG: Ticks: 1451, 16, 1 
1641517710.842364 1640052004 c0:98:e5:42:00:29 331 
1641517710.842555 -167 -159 -159 -157 -143 -142 -141 -128 -123 -123 -122 -119 -116 -105 -104 
1641517710.842741 -99 -98 -97 -95 -92 -92 -86 -84 -75 -68 -58 -38 -12 9 27 
1641517711.628300 ### RSSI: -67, 36, 1640052005 ,1463 
1641517711.840247 ### ERROR: Failed reading SquarePoint packet length
1641517712.629946 ### RSSI: -68, 28, 1640052006 ,1479 
1641517713.622080 ### RSSI: -59, 10, 1640052007 ,1494 
1641517713.837414 ### DEBUG: Ticks: 1497, 46, 1 
1641517713.837700 1640052007 c0:98:e5:42:00:29 273 
1641517713.837892 -245 -214 -208 -197 -188 -170 -154 -152 -147 -146 -143 -138 -131 -130 -129 
1641517713.838080 -125 -124 -123 -119 -119 -109 -106 -101 -94 -87 -76 -62 -58 -49 -2 
1641517714.629743 ### RSSI: -62, 21, 1640052008 ,1510 
1641517714.834587 ### DEBUG: Ticks: 1513, 16, 1 
1641517714.834870 1640052008 c0:98:e5:42:00:29 291 
1641517714.835062 -274 -218 -205 -205 -199 -186 -179 -173 -162 -159 -159 -156 -145 -144 -140 
1641517714.835247 -139 -138 -135 -129 -122 -116 -104 -103 -102 -99 -76 -74 -66 -59 51 
1641517715.625208 ### RSSI: -67, 31, 1640052009 ,1525 
1641517715.839484 ### DEBUG: Ticks: 1529, 16, 1 
1641517715.839816 1640052009 c0:98:e5:42:00:29 289 
1641517715.840014 -353 -351 -331 -298 -287 -260 -244 -243 -242 -237 -234 -231 -230 -229 -228 
1641517715.840201 -228 -227 -217 -214 -211 -204 -199 -189 -181 -175 -173 -170 -145 -138 -132 
1641517716.626093 ### RSSI: -65, 32, 1640052010 ,1541 
1641517716.841492 ### DEBUG: Ticks: 1544, 15, 1 
1641517716.841782 1640052010 c0:98:e5:42:00:29 331 
1641517716.841962 -358 -309 -303 -301 -289 -274 -272 -268 -267 -264 -262 -262 -261 -244 -244 
1641517716.842146 -230 -223 -220 -215 -214 -210 -206 -197 -195 -194 -193 -187 -186 -170 -167 
1641517717.622783 ### RSSI: -59, 13, 1640052011 ,1557 
1641517717.838399 ### DEBUG: Ticks: 1560, 16, 1 
1641517717.838696 1640052011 c0:98:e5:42:00:29 295 
1641517717.838875 -159 -156 -125 -116 -80 -76 -74 -72 -71 -63 -57 -56 -53 -44 -41 
1641517717.839059 -40 -39 -38 -37 -37 -23 -23 -23 -10 1 5 8 11 26 30 
1641517718.622345 ### RSSI: -58, 18, 1640052011 ,1572 
1641517718.834318 ### DEBUG: Ticks: 1576, 16, 1 
1641517718.834602 1640052012 c0:98:e5:42:00:29 310 
1641517718.834792 -398 -376 -366 -366 -360 -360 -359 -348 -336 -334 -332 -328 -327 -320 -319 
1641517718.834977 -312 -311 -307 -307 -305 -289 -285 -274 -266 -258 -256 -243 -242 -231 -215 
1641517719.625025 ### RSSI: -64, 0, 1640052012 ,1588 
1641517719.834707 ### DEBUG: Ticks: 1591, 15, 1 
1641517719.834988 1640052013 c0:98:e5:42:00:29 366 
1641517719.847257 -135 -92 -70 -67 -57 -57 -55 -38 -35 -30 -27 -27 -24 -19 -18 
1641517719.847539 -4 4 13 14 23 29 34 46 49 57 65 73 74 94 110 
1641517720.625596 ### RSSI: -67, 31, 1640052013 ,1603 
1641517720.835889 ### DEBUG: Ticks: 1607, 16, 1 
1641517720.836171 1640052014 c0:98:e5:42:00:29 312 
1641517720.836364 -245 -236 -224 -221 -214 -213 -193 -192 -184 -181 -176 -176 -168 -166 -164 
1641517720.836548 -160 -159 -151 -149 -148 -146 -140 -133 -128 -123 -121 -117 -111 -83 -12 
1641517721.628637 ### RSSI: -61, 25, 1640052014 ,1619 
1641517721.838485 ### DEBUG: Ticks: 1622, 15, 1 
1641517721.838775 1640052015 c0:98:e5:42:00:29 345 
1641517721.838968 -320 -318 -316 -308 -301 -297 -289 -289 -272 -264 -258 -253 -249 -243 -242 
1641517721.839154 -239 -235 -230 -227 -219 -219 -209 -208 -206 -206 -189 -180 -160 -150 -82 
1641517722.727022 ### RSSI: -57, 19, 1640052016 ,1636 
1641517722.841299 ### ERROR: Failed reading SquarePoint packet length
1641517723.723324 ### RSSI: -62, 30, 1640052017 ,1652 
1641517724.721727 ### RSSI: -57, 12, 1640052018 ,1668 
1641517724.840501 ### DEBUG: Ticks: 1669, 47, 1 
1641517724.840783 1640052018 c0:98:e5:42:00:29 317 
1641517724.840964 -103 -89 -81 -50 -39 -38 -35 -29 -18 -11 -9 -4 -2 -1 1 
1641517724.841179 1 3 7 10 37 45 48 50 62 67 68 101 136 166 0 
1641517725.720925 ### RSSI: -62, 27, 1640052019 ,1683 
1641517725.835352 ### DEBUG: Ticks: 1685, 16, 1 
1641517725.835647 1640052019 c0:98:e5:42:00:29 336 
1641517725.835941 -245 -243 -234 -229 -217 -197 -187 -184 -180 -175 -175 -163 -159 -158 -157 
1641517725.836118 -149 -147 -147 -143 -132 -131 -131 -129 -128 -118 -83 -83 -77 -69 37 
1641517726.731298 ### RSSI: -61, 3, 1640052020 ,1699 
1641517726.834598 ### DEBUG: Ticks: 1701, 16, 1 
1641517726.834881 1640052020 c0:98:e5:42:00:29 335 
1641517726.847157 -286 -267 -258 -257 -234 -231 -213 -202 -199 -195 -195 -193 -192 -191 -186 
1641517726.847530 -182 -177 -172 -170 -170 -168 -168 -167 -165 -153 -148 -128 -120 -100 -74 
1641517727.720251 ### RSSI: -58, 12, 1640052021 ,1714 
1641517727.836610 ### DEBUG: Ticks: 1716, 15, 1 
1641517727.836898 1640052021 c0:98:e5:42:00:29 252 
1641517727.837089 -262 -244 -234 -233 -216 -214 -206 -201 -191 -190 -184 -174 -166 -161 -156 
1641517727.837276 -156 -153 -141 -136 -134 -132 -127 -125 -124 -121 -117 -112 -106 -98 -78 
1641517728.727079 ### RSSI: -61, 0, 1640052022 ,1730 
1641517728.841735 ### DEBUG: Ticks: 1732, 16, 1 
1641517728.842026 1640052022 c0:98:e5:42:00:29 314 
1641517728.842221 -307 -298 -293 -289 -279 -242 -242 -237 -237 -235 -232 -232 -230 -225 -223 
1641517728.842404 -223 -223 -218 -211 -209 -204 -199 -195 -183 -183 -169 -160 -139 -136 -49 
1641517729.729896 ### RSSI: -57, 14, 1640052023 ,1746 
1641517729.837575 ### DEBUG: Ticks: 1747, 15, 1 
1641517729.837862 1640052023 c0:98:e5:42:00:29 310 
1641517729.838054 -283 -278 -277 -273 -263 -259 -258 -241 -234 -229 -221 -217 -209 -208 -207 
1641517729.838242 -201 -198 -198 -195 -195 -188 -176 -163 -159 -156 -153 -134 -127 -88 -30 
1641517730.727112 ### RSSI: -60, 23, 1640052024 ,1761 
1641517730.837745 ### DEBUG: Ticks: 1763, 16, 1 
1641517730.838031 1640052024 c0:98:e5:42:00:29 305 
1641517730.838224 -323 -312 -305 -291 -290 -281 -278 -276 -267 -264 -249 -245 -244 -243 -242 
1641517730.838439 -238 -235 -232 -226 -221 -205 -201 -195 -194 -192 -191 -184 -179 -178 -159 
1641517731.723667 ### RSSI: -63, 29, 1640052025 ,1777 
1641517731.841218 ### DEBUG: Ticks: 1779, 16, 1 
1641517731.841498 1640052025 c0:98:e5:42:00:29 282 
1641517731.841693 -310 -301 -285 -279 -273 -260 -258 -250 -247 -239 -237 -234 -227 -226 -219 
1641517731.841865 -215 -210 -206 -202 -198 -193 -188 -187 -185 -171 -167 -166 -142 -135 -38 
1641517732.726473 ### RSSI: -60, 24, 1640052026 ,1792 
1641517732.845215 ### DEBUG: Ticks: 1794, 15, 1 
1641517732.845507 1640052026 c0:98:e5:42:00:29 337 
1641517732.845699 -454 -437 -429 -418 -408 -405 -392 -380 -380 -372 -367 -362 -361 -351 -340 
1641517732.845884 -339 -337 -335 -332 -326 -313 -308 -301 -290 -284 -279 -270 -254 -242 -230 
1641517733.725229 ### RSSI: -64, 35, 1640052027 ,1808 
1641517733.837979 ### ERROR: Failed reading SquarePoint packet length
1641517734.829549 ### RSSI: -65, 3, 1640052028 ,1825 
1641517735.829996 ### RSSI: -57, 16, 1640052029 ,1841 
1641517735.843399 ### DEBUG: Ticks: 1841, 47, 1 
1641517735.843685 1640052029 c0:98:e5:42:00:29 324 
1641517735.843945 -322 -289 -284 -276 -246 -242 -241 -235 -234 -223 -210 -207 -193 -192 -186 
1641517735.844134 -185 -181 -180 -180 -175 -175 -168 -167 -163 -156 -154 -150 -144 -144 -139 
1641517736.819560 ### RSSI: -61, 24, 1640052030 ,1857 
1641517736.844106 ### DEBUG: Ticks: 1857, 16, 1 
1641517736.844424 1640052030 c0:98:e5:42:00:29 302 
1641517736.844605 -227 -223 -218 -191 -176 -171 -163 -158 -146 -141 -137 -135 -132 -128 -126 
1641517736.844792 -126 -123 -121 -112 -109 -107 -106 -95 -94 -88 -84 -81 -47 -32 60 
1641517737.823723 ### RSSI: -61, 25, 1640052031 ,1872 
1641517737.836216 ### DEBUG: Ticks: 1872, 15, 1 
1641517737.836505 1640052031 c0:98:e5:42:00:29 327 
1641517737.836730 -272 -253 -250 -235 -219 -207 -193 -180 -174 -169 -167 -163 -158 -158 -157 
1641517737.836919 -155 -155 -147 -143 -143 -142 -142 -138 -127 -124 -122 -120 -103 -48 -31 
1641517738.827739 ### RSSI: -65, 2, 1640052032 ,1888 
1641517738.839467 ### DEBUG: Ticks: 1888, 16, 1 
1641517738.839749 1640052032 c0:98:e5:42:00:29 358 
1641517738.840017 -291 -254 -243 -232 -218 -209 -209 -192 -190 -187 -181 -180 -177 -176 -176 
1641517738.840206 -175 -171 -166 -165 -150 -145 -134 -130 -118 -112 -109 -93 -85 -78 0 
1641517739.820134 ### RSSI: -62, 20, 1640052033 ,1903 
1641517739.844302 ### DEBUG: Ticks: 1904, 16, 1 
1641517739.844591 1640052033 c0:98:e5:42:00:29 353 
1641517739.844782 -264 -255 -239 -238 -230 -221 -207 -204 -202 -195 -190 -175 -172 -168 -158 
1641517739.844968 -157 -156 -154 -153 -147 -140 -131 -131 -130 -119 -115 -107 -100 -45 -25 
1641517740.819731 ### RSSI: -60, 19, 1640052034 ,1919 
1641517740.844201 ### DEBUG: Ticks: 1919, 15, 1 
1641517740.844480 1640052034 c0:98:e5:42:00:29 347 
1641517740.844671 -220 -189 -158 -153 -152 -139 -132 -126 -124 -122 -115 -114 -108 -103 -102 
1641517740.844856 -102 -99 -99 -88 -82 -81 -79 -70 -63 -55 -50 -43 -41 4 7 
1641517741.827130 ### RSSI: -66, 2, 1640052036 ,1935 
1641517741.838791 ### DEBUG: Ticks: 1935, 16, 1 
1641517741.839075 1640052035 c0:98:e5:42:00:29 306 
1641517741.839269 -200 -185 -162 -154 -149 -146 -125 -121 -115 -114 -105 -98 -90 -89 -86 
1641517741.839455 -79 -79 -77 -71 -71 -69 -61 -59 -57 -53 -41 -40 -34 -17 3 
1641517742.826435 ### RSSI: -60, 11, 1640052036 ,1950 
1641517742.838637 ### DEBUG: Ticks: 1950, 15, 1 
1641517742.838924 1640052036 c0:98:e5:42:00:29 309 
1641517742.839104 -84 -65 -20 -6 -5 2 9 15 18 23 27 43 45 47 52 
1641517742.839290 55 57 81 83 84 89 97 99 105 108 110 115 118 154 157 
1641517743.827722 ### RSSI: -60, 8, 1640052037 ,1966 
1641517743.839299 ### DEBUG: Ticks: 1966, 16, 1 
1641517743.839589 1640052037 c0:98:e5:42:00:29 313 
1641517743.839843 -230 -188 -181 -173 -167 -159 -158 -154 -151 -130 -123 -121 -119 -109 -109 
1641517743.840058 -109 -104 -100 -98 -96 -89 -82 -77 -63 -57 -54 -38 -35 -5 55 
1641517744.818442 ### RSSI: -64, 36, 1640052038 ,1981 
1641517744.831049 ### ERROR: Failed reading SquarePoint packet length
1641517745.820129 ### RSSI: -65, 29, 1640052039 ,1997 
1641517746.827426 ### RSSI: -61, 12, 1640052040 ,2013 
1641517746.840489 ### DEBUG: Ticks: 2013, 47, 1 
1641517746.840770 1640052040 c0:98:e5:42:00:29 319 
1641517746.840961 -277 -272 -266 -259 -259 -257 -244 -229 -220 -208 -207 -193 -190 -187 -186 
1641517746.841145 -181 -180 -180 -180 -168 -168 -152 -149 -148 -146 -146 -137 -135 -134 -132 
1641517747.215054 ### INFO: SD card flushed!
1641517747.822939 ### RSSI: -63, 6, 1640052041 ,2028 
1641517747.835357 ### DEBUG: Ticks: 2029, 16, 1 
1641517747.835641 1640052041 c0:98:e5:42:00:29 299 
1641517747.835899 -270 -262 -239 -232 -226 -225 -207 -201 -184 -179 -178 -162 -160 -155 -148 
1641517747.836084 -144 -143 -139 -136 -135 -131 -121 -120 -118 -114 -109 -105 -95 -79 -33 
1641517748.828564 ### RSSI: -60, 12, 1640052042 ,2044 
1641517748.842343 ### DEBUG: Ticks: 2044, 15, 1 
1641517748.842626 1640052042 c0:98:e5:42:00:29 293 
1641517748.842818 -224 -219 -202 -187 -177 -170 -160 -148 -145 -134 -132 -130 -129 -123 -113 
1641517748.843006 -108 -104 -96 -92 -86 -84 -83 -78 -74 -73 -71 -46 -37 -11 52 
1641517749.824954 ### RSSI: -60, 11, 1640052043 ,2060 
1641517749.837296 ### DEBUG: Ticks: 2060, 16, 1 
1641517749.837583 1640052043 c0:98:e5:42:00:29 287 
1641517749.837776 -323 -314 -290 -277 -277 -260 -255 -239 -238 -226 -224 -222 -217 -216 -214 
1641517749.838415 -209 -209 -207 -200 -195 -190 -186 -175 -171 -169 -153 -149 -142 -118 -92 
1641517750.818937 ### RSSI: -60, 18, 1640052044 ,2075 
1641517750.842219 ### DEBUG: Ticks: 2075, 15, 1 
1641517750.842506 1640052044 c0:98:e5:42:00:29 274 
1641517750.842703 -421 -409 -367 -346 -342 -341 -331 -329 -328 -327 -327 -320 -312 -311 -305 
1641517750.842919 -295 -294 -292 -288 -280 -280 -279 -269 -267 -261 -229 -225 -197 -151 -97 
1641517751.820547 ### RSSI: -60, 14, 1640052045 ,2091 
1641517751.844855 ### DEBUG: Ticks: 2091, 16, 1 
1641517751.845141 1640052045 c0:98:e5:42:00:29 313 
1641517751.845334 -303 -280 -275 -267 -245 -243 -232 -230 -224 -220 -217 -217 -209 -204 -202 
1641517751.845521 -202 -201 -198 -193 -192 -186 -162 -158 -154 -150 -149 -141 -140 -132 -116 
1641517752.826050 ### RSSI: -64, 6, 1640052046 ,2106 
1641517752.837070 ### DEBUG: Ticks: 2107, 16, 1 
1641517752.837350 1640052046 c0:98:e5:42:00:29 320 
1641517752.837542 -251 -239 -227 -224 -207 -199 -186 -177 -175 -174 -172 -169 -156 -150 -147 
1641517752.837726 -139 -137 -136 -135 -133 -122 -114 -110 -102 -101 -92 -80 -78 -59 -26 
1641517753.821871 ### RSSI: -60, 10, 1640052047 ,2122 
1641517753.837470 ### DEBUG: Ticks: 2122, 15, 1 
1641517753.837753 1640052047 c0:98:e5:42:00:29 336 
1641517753.837945 -267 -247 -246 -244 -204 -198 -195 -185 -178 -166 -164 -158 -157 -153 -152 
1641517753.838133 -151 -151 -151 -146 -145 -136 -135 -132 -117 -115 -93 -86 -74 -63 -41 
1641517754.828773 ### RSSI: -64, 3, 1640052048 ,2138 
1641517754.842307 ### DEBUG: Ticks: 2138, 16, 1 
1641517754.842600 1640052048 c0:98:e5:42:00:29 321 
1641517754.842779 -219 -194 -172 -153 -139 -133 -128 -126 -122 -119 -118 -100 -96 -87 -84 
1641517754.842963 -74 -74 -72 -68 -60 -59 -58 -48 -47 -46 -40 -37 -33 -31 -27 
1641517755.828006 ### RSSI: -63, 24, 1640052049 ,2153 
1641517755.840865 ### ERROR: Failed reading SquarePoint packet length
1641517756.818982 ### RSSI: -59, 17, 1640052050 ,2169 
1641517757.825076 ### RSSI: -59, 8, 1640052051 ,2185 
1641517757.837843 ### DEBUG: Ticks: 2185, 47, 1 
1641517757.838129 1640052051 c0:98:e5:42:00:29 294 
1641517757.838324 -295 -282 -262 -260 -256 -253 -249 -245 -245 -242 -233 -231 -214 -211 -206 
1641517757.838531 -205 -201 -197 -194 -189 -174 -173 -171 -168 -158 -150 -144 -142 -135 -83 
1641517758.817286 ### RSSI: -63, 33, 1640052052 ,2200 
1641517758.841507 ### DEBUG: Ticks: 2200, 15, 1 
1641517758.841790 1640052052 c0:98:e5:42:00:29 344 
1641517758.841979 -266 -262 -234 -227 -211 -209 -205 -202 -193 -183 -175 -173 -172 -168 -164 
1641517758.842163 -162 -160 -160 -157 -154 -153 -127 -116 -111 -99 -95 -86 -79 -75 10 
1641517759.824316 ### RSSI: -62, 6, 1640052053 ,2216 
1641517759.834900 ### DEBUG: Ticks: 2216, 16, 1 
1641517759.835181 1640052053 c0:98:e5:42:00:29 294 
1641517759.835371 -296 -279 -234 -233 -222 -217 -215 -212 -206 -204 -204 -195 -193 -182 -171 
1641517759.835556 -169 -167 -159 -158 -145 -140 -139 -127 -122 -105 -102 -92 -80 -62 -60 
1641517760.820491 ### RSSI: -65, 36, 1640052054 ,2231 
1641517760.842645 ### DEBUG: Ticks: 2232, 16, 1 
1641517760.842927 1640052054 c0:98:e5:42:00:29 312 
1641517760.843117 -249 -204 -204 -189 -187 -186 -174 -171 -158 -152 -151 -150 -139 -135 -133 
1641517760.843303 -132 -129 -128 -123 -115 -109 -101 -101 -96 -94 -74 -72 -72 -52 -32 
1641517761.825692 ### RSSI: -64, 25, 1640052055 ,2247 
1641517761.837267 ### DEBUG: Ticks: 2247, 15, 1 
1641517761.837555 1640052055 c0:98:e5:42:00:29 321 
1641517761.837745 -366 -350 -304 -288 -283 -282 -282 -275 -263 -259 -250 -248 -232 -229 -221 
1641517761.837930 -216 -214 -210 -208 -204 -204 -190 -187 -181 -179 -171 -170 -161 -108 -100 
1641517762.826421 ### RSSI: -60, 12, 1640052056 ,2263 
1641517762.838329 ### DEBUG: Ticks: 2263, 16, 1 
1641517762.838620 1640052056 c0:98:e5:42:00:29 313 
1641517762.838812 -261 -249 -231 -192 -184 -183 -180 -177 -170 -168 -166 -160 -160 -159 -154 
1641517762.838998 -147 -146 -146 -140 -137 -134 -132 -122 -115 -105 -96 -80 -61 -57 -50 
1641517763.335440 ### BLE EVENT: 16, INFO: BLE CONNECTED!
1641517763.335730 ### RSSI: -63, 33, 1640052057 ,2271 
1641517763.441006 ### RSSI: -64, 32, 1640052057 ,2272 
1641517763.543711 ### RSSI: -65, 31, 1640052057 ,2274 
1641517763.644191 ### RSSI: -59, 19, 1640052057 ,2275 
1641517763.745033 ### RSSI: -61, 6, 1640052057 ,2277 
1641517763.824197 ### RSSI: -64, 4, 1640052057 ,2278 
1641517763.838478 ### DEBUG: Ticks: 2278, 15, 1 
1641517763.838773 1640052057 c0:98:e5:42:00:29 359 
1641517763.838952 -242 -242 -199 -194 -190 -174 -169 -164 -162 -156 -152 -147 -147 -138 -137 
1641517763.839139 -128 -122 -116 -114 -111 -104 -104 -97 -82 -81 -77 -64 -54 -53 -3 
1641517763.839824 ### RSSI: -64, 5, 1640052057 ,2279 
1641517763.917513 ### RSSI: -66, 30, 1640052058 ,2280 
1641517763.941515 ### RSSI: -64, 22, 1640052058 ,2280 
1641517764.021497 ### RSSI: -66, 35, 1640052058 ,2281 
1641517764.045225 ### RSSI: -64, 4, 1640052058 ,2282 
1641517764.126095 ### RSSI: -69, 28, 1640052058 ,2283 
1641517764.137067 ### RSSI: -59, 8, 1640052058 ,2283 
1641517764.217780 ### RSSI: -62, 20, 1640052058 ,2284 
1641517764.241047 ### RSSI: -68, 29, 1640052058 ,2285 
1641517764.321954 ### RSSI: -63, 20, 1640052058 ,2286 
1641517764.348470 ### RSSI: -65, 22, 1640052058 ,2286 
1641517764.428757 ### RSSI: -61, 14, 1640052058 ,2288 
1641517764.440124 ### RSSI: -65, 24, 1640052058 ,2288 
1641517764.521247 ### RSSI: -65, 4, 1640052058 ,2289 
1641517764.544452 ### RSSI: -68, 29, 1640052058 ,2289 
1641517764.625818 ### RSSI: -65, 1, 1640052058 ,2291 
1641517764.637925 ### RSSI: -64, 27, 1640052058 ,2291 
1641517764.720836 ### RSSI: -65, 29, 1640052058 ,2292 
1641517764.744046 ### RSSI: -58, 11, 1640052058 ,2293 
1641517764.825231 ### RSSI: -62, 20, 1640052058 ,2294 
1641517764.837353 ### DEBUG: Ticks: 2294, 16, 1 
1641517764.837641 1640052058 c0:98:e5:42:00:29 328 
1641517764.837824 -116 -82 -68 -56 -53 -47 -40 -38 -38 -24 -16 -13 -12 -4 -1 
1641517764.838475 7 12 16 18 25 29 32 36 41 47 61 65 71 83 91 
1641517764.838679 ### RSSI: -64, 32, 1640052058 ,2294 
1641517764.919998 ### RSSI: -64, 24, 1640052059 ,2295 
1641517764.943678 ### RSSI: -64, 24, 1640052059 ,2296 
1641517765.843562 ### DEBUG: Ticks: 2310, 16, 1 
1641517765.843896 1640052059 c0:98:e5:42:00:29 333 
1641517765.844088 -207 -205 -174 -173 -155 -149 -145 -143 -142 -131 -115 -111 -103 -102 -97 
1641517765.844274 -95 -91 -82 -78 -69 -60 -52 -44 -37 -36 -31 -27 -19 -19 69 
1641517765.924556 ### RSSI: -62, 6, 1640052059 ,2311 
1641517765.936623 ### RSSI: -64, 5, 1640052059 ,2311 
1641517766.838313 ### ERROR: Failed reading SquarePoint packet length
1641517766.919247 ### RSSI: -58, 17, 1640052060 ,2327 
1641517766.940998 ### RSSI: -59, 17, 1640052060 ,2327 
1641517767.925182 ### RSSI: -68, 27, 1640052061 ,2342 
1641517767.936334 ### RSSI: -60, 13, 1640052061 ,2343 
1641517768.835922 ### DEBUG: Ticks: 2357, 47, 1 
1641517768.836207 1640052062 c0:98:e5:42:00:29 374 
1641517768.836436 -278 -248 -235 -232 -227 -225 -221 -220 -217 -217 -198 -198 -190 -184 -183 
1641517768.849244 -181 -177 -170 -159 -153 -143 -142 -135 -131 -105 -100 -99 -96 -95 -33 
1641517768.917731 ### RSSI: -65, 2, 1640052062 ,2358 
1641517768.942780 ### RSSI: -59, 17, 1640052062 ,2358 
